<?xml version="1.0" encoding="UTF-8"?>
<testsuites name="TS_Employee_Onboarding" time="43.888" tests="4" failures="0" errors="0">
   <testsuite name="TS_Employee_Onboarding" tests="4" failures="0" errors="0" time="43.888" skipped="0" timestamp="26-12-2024T17:49:42" hostname="mahtabsiddique - localhost" id="Test Suites/Employee_Onboarding/TS_Employee_Onboarding">
      <properties>
         <property name="deviceName" value=""/>
         <property name="devicePlatform"/>
         <property name="logFolder" value="/Users/mahtabsiddique/git/orange/orangeHRM_Automation/Reports/20241226_174936/Employee_Onboarding/TS_Employee_Onboarding/20241226_174937"/>
         <property name="logFiles" value="/Users/mahtabsiddique/git/orange/orangeHRM_Automation/Reports/20241226_174936/Employee_Onboarding/TS_Employee_Onboarding/20241226_174937/execution0.log"/>
         <property name="attachments" value=""/>
         <property name="hostName" value="mahtabsiddique - localhost"/>
         <property name="os" value="Mac OS X 64bit"/>
         <property name="katalonVersion" value="10.0.1.223"/>
         <property name="browser" value="Chrome 131.0.0.0"/>
         <property name="hostAddress" value="127.0.0.1"/>
         <property name="sessionId" value="a13251795156c9a43204d0d285e78d8c"/>
         <property name="seleniumVersion" value="4.22.0"/>
         <property name="proxyInformation" value="ProxyInformation { proxyOption=NO_PROXY, proxyServerType=HTTP, username=, password=********, proxyServerAddress=, proxyServerPort=0, executionList=&quot;&quot;, isApplyToDesiredCapabilities=true }"/>
         <property name="platform" value="Mac OS X"/>
      </properties>
      <testcase name="Test Cases/Employee_Onboarding/TC_Employee_Login" time="8.172" classname="Test Cases/Employee_Onboarding/TC_Employee_Login" status="PASSED">
         <system-out><![CDATA[26-12-2024T17:49:42 - [TEST_CASE][PASSED] - Test Cases/Employee_Onboarding/TC_Employee_Login: Test Cases/Employee_Onboarding/TC_Employee_Login

26-12-2024T17:49:42 - [TEST_STEP][PASSED] - comment("Step 1: Open a new browser instance"): Step 1: Open a new browser instance

26-12-2024T17:49:42 - [MESSAGE][INFO] - Step 1: Open a new browser instance

26-12-2024T17:49:42 - [TEST_STEP][PASSED] - openBrowser(""): Browser is opened with url: ''

26-12-2024T17:49:42 - [MESSAGE][INFO] - Starting 'Chrome' driver

26-12-2024T17:49:42 - [MESSAGE][INFO] - Action delay is set to 0 milliseconds

26-12-2024T17:49:44 - [MESSAGE][PASSED] - Browser is opened with url: ''

26-12-2024T17:49:44 - [TEST_STEP][PASSED] - comment("Step 2: Navigate to the OrangeHRM login page"): Step 2: Navigate to the OrangeHRM login page

26-12-2024T17:49:44 - [MESSAGE][INFO] - Step 2: Navigate to the OrangeHRM login page

26-12-2024T17:49:44 - [TEST_STEP][PASSED] - navigateToUrl(URL): Navigate to 'http://orange.katalon.com/web/index.php/auth/login' successfully

26-12-2024T17:49:47 - [MESSAGE][PASSED] - Navigate to 'http://orange.katalon.com/web/index.php/auth/login' successfully

26-12-2024T17:49:47 - [TEST_STEP][PASSED] - comment("Step 3: Enter the username into the username input field"): Step 3: Enter the username into the username input field

26-12-2024T17:49:47 - [MESSAGE][INFO] - Step 3: Enter the username into the username input field

26-12-2024T17:49:47 - [TEST_STEP][PASSED] - setText(findTestObject("Object Repository/Employee-Onboarding/Page_OrangeHRM/input_Username_username"), Username): Text 'mahtab' is set on object 'Object Repository/Employee-Onboarding/Page_OrangeHRM/input_Username_username'

26-12-2024T17:49:48 - [MESSAGE][PASSED] - Text 'mahtab' is set on object 'Object Repository/Employee-Onboarding/Page_OrangeHRM/input_Username_username'

26-12-2024T17:49:48 - [TEST_STEP][PASSED] - comment("Step 4: Enter the encrypted password into the password input field"): Step 4: Enter the encrypted password into the password input field

26-12-2024T17:49:48 - [MESSAGE][INFO] - Step 4: Enter the encrypted password into the password input field

26-12-2024T17:49:48 - [TEST_STEP][PASSED] - setEncryptedText(findTestObject("Object Repository/Employee-Onboarding/Page_OrangeHRM/input_Password_password"), Password): Text ****** has been set on object 'Object Repository/Employee-Onboarding/Page_OrangeHRM/input_Password_password'

26-12-2024T17:49:49 - [MESSAGE][PASSED] - Text ****** has been set on object 'Object Repository/Employee-Onboarding/Page_OrangeHRM/input_Password_password'

26-12-2024T17:49:49 - [TEST_STEP][PASSED] - comment("Step 5: Click the login button to submit the login form"): Step 5: Click the login button to submit the login form

26-12-2024T17:49:49 - [MESSAGE][INFO] - Step 5: Click the login button to submit the login form

26-12-2024T17:49:49 - [TEST_STEP][PASSED] - click(findTestObject("Object Repository/Employee-Onboarding/Page_OrangeHRM/button_Login")): Object: 'Object Repository/Employee-Onboarding/Page_OrangeHRM/button_Login' is clicked on

26-12-2024T17:49:50 - [MESSAGE][PASSED] - Object: 'Object Repository/Employee-Onboarding/Page_OrangeHRM/button_Login' is clicked on]]></system-out>
         <system-err><![CDATA[]]></system-err>
      </testcase>
      <testcase name="Test Cases/Employee_Onboarding/TC_Employee_Onboarding" time="13.182" classname="Test Cases/Employee_Onboarding/TC_Employee_Onboarding" status="PASSED">
         <system-out><![CDATA[26-12-2024T17:49:50 - [TEST_CASE][PASSED] - Test Cases/Employee_Onboarding/TC_Employee_Onboarding: Test Cases/Employee_Onboarding/TC_Employee_Onboarding

26-12-2024T17:49:51 - [TEST_STEP][PASSED] - comment("Step 1: Click on the PIM module link"): Step 1: Click on the PIM module link

26-12-2024T17:49:51 - [MESSAGE][INFO] - Step 1: Click on the PIM module link

26-12-2024T17:49:51 - [TEST_STEP][PASSED] - click(findTestObject("Object Repository/Employee-Onboarding/Page_OrangeHRM/a_PIM")): Object: 'Object Repository/Employee-Onboarding/Page_OrangeHRM/a_PIM' is clicked on

26-12-2024T17:49:54 - [MESSAGE][PASSED] - Object: 'Object Repository/Employee-Onboarding/Page_OrangeHRM/a_PIM' is clicked on

26-12-2024T17:49:54 - [TEST_STEP][PASSED] - comment("Step 2: Click the "Add" button to add a new employee"): Step 2: Click the "Add" button to add a new employee

26-12-2024T17:49:54 - [MESSAGE][INFO] - Step 2: Click the "Add" button to add a new employee

26-12-2024T17:49:54 - [TEST_STEP][PASSED] - click(findTestObject("Object Repository/Employee-Onboarding/Page_OrangeHRM/button_Add")): Object: 'Object Repository/Employee-Onboarding/Page_OrangeHRM/button_Add' is clicked on

26-12-2024T17:49:56 - [MESSAGE][PASSED] - Object: 'Object Repository/Employee-Onboarding/Page_OrangeHRM/button_Add' is clicked on

26-12-2024T17:49:56 - [TEST_STEP][PASSED] - comment("Step 3: Focus on the "First Name" input field"): Step 3: Focus on the "First Name" input field

26-12-2024T17:49:56 - [MESSAGE][INFO] - Step 3: Focus on the "First Name" input field

26-12-2024T17:49:56 - [TEST_STEP][PASSED] - click(findTestObject("Object Repository/Employee-Onboarding/Page_OrangeHRM/input_Employee Full Name_firstName")): Object: 'Object Repository/Employee-Onboarding/Page_OrangeHRM/input_Employee Full Name_firstName' is clicked on

26-12-2024T17:49:58 - [MESSAGE][PASSED] - Object: 'Object Repository/Employee-Onboarding/Page_OrangeHRM/input_Employee Full Name_firstName' is clicked on

26-12-2024T17:49:58 - [TEST_STEP][PASSED] - comment("Step 4: Enter the employee's first name"): Step 4: Enter the employee's first name

26-12-2024T17:49:58 - [MESSAGE][INFO] - Step 4: Enter the employee's first name

26-12-2024T17:49:58 - [TEST_STEP][PASSED] - setText(findTestObject("Object Repository/Employee-Onboarding/Page_OrangeHRM/input_Employee Full Name_firstName"), Firstname): Text 'Sandra' is set on object 'Object Repository/Employee-Onboarding/Page_OrangeHRM/input_Employee Full Name_firstName'

26-12-2024T17:49:58 - [MESSAGE][PASSED] - Text 'Sandra' is set on object 'Object Repository/Employee-Onboarding/Page_OrangeHRM/input_Employee Full Name_firstName'

26-12-2024T17:49:58 - [TEST_STEP][PASSED] - comment("Step 5: Enter the employee's last name"): Step 5: Enter the employee's last name

26-12-2024T17:49:58 - [MESSAGE][INFO] - Step 5: Enter the employee's last name

26-12-2024T17:49:58 - [TEST_STEP][PASSED] - setText(findTestObject("Object Repository/Employee-Onboarding/Page_OrangeHRM/input_Employee Full Name_lastName"), Lastname): Text 'Barber' is set on object 'Object Repository/Employee-Onboarding/Page_OrangeHRM/input_Employee Full Name_lastName'

26-12-2024T17:49:59 - [MESSAGE][PASSED] - Text 'Barber' is set on object 'Object Repository/Employee-Onboarding/Page_OrangeHRM/input_Employee Full Name_lastName'

26-12-2024T17:49:59 - [TEST_STEP][PASSED] - comment("Step 6: Clear the default value in the "Employee ID" field"): Step 6: Clear the default value in the "Employee ID" field

26-12-2024T17:49:59 - [MESSAGE][INFO] - Step 6: Clear the default value in the "Employee ID" field

26-12-2024T17:49:59 - [TEST_STEP][PASSED] - clearText(findTestObject("Object Repository/Employee-Onboarding/Page_OrangeHRM/input_Employee Id_oxd-input oxd-input--focus")): Text of object 'Object Repository/Employee-Onboarding/Page_OrangeHRM/input_Employee Id_oxd-input oxd-input--focus' is cleared

26-12-2024T17:49:59 - [MESSAGE][PASSED] - Text of object 'Object Repository/Employee-Onboarding/Page_OrangeHRM/input_Employee Id_oxd-input oxd-input--focus' is cleared

26-12-2024T17:49:59 - [TEST_STEP][PASSED] - comment("Step 7: Set the employee ID field with a new value"): Step 7: Set the employee ID field with a new value

26-12-2024T17:49:59 - [MESSAGE][INFO] - Step 7: Set the employee ID field with a new value

26-12-2024T17:49:59 - [TEST_STEP][PASSED] - setText(findTestObject("Object Repository/Employee-Onboarding/Page_OrangeHRM/input_Employee Id_oxd-input oxd-input--focus"), ""): Text '' is set on object 'Object Repository/Employee-Onboarding/Page_OrangeHRM/input_Employee Id_oxd-input oxd-input--focus'

26-12-2024T17:49:59 - [MESSAGE][PASSED] - Text '' is set on object 'Object Repository/Employee-Onboarding/Page_OrangeHRM/input_Employee Id_oxd-input oxd-input--focus'

26-12-2024T17:49:59 - [TEST_STEP][PASSED] - comment("Step 8: Toggle the switch related to the Employee ID"): Step 8: Toggle the switch related to the Employee ID

26-12-2024T17:49:59 - [MESSAGE][INFO] - Step 8: Toggle the switch related to the Employee ID

26-12-2024T17:49:59 - [TEST_STEP][PASSED] - click(findTestObject("Object Repository/Employee-Onboarding/Page_OrangeHRM/span_Employee Id_oxd-switch-input oxd-switc_efe210")): Object: 'Object Repository/Employee-Onboarding/Page_OrangeHRM/span_Employee Id_oxd-switch-input oxd-switc_efe210' is clicked on

26-12-2024T17:50:00 - [MESSAGE][PASSED] - Object: 'Object Repository/Employee-Onboarding/Page_OrangeHRM/span_Employee Id_oxd-switch-input oxd-switc_efe210' is clicked on

26-12-2024T17:50:00 - [TEST_STEP][PASSED] - comment("Step 9: Retrieve the entered first name and convert it to lowercase"): Step 9: Retrieve the entered first name and convert it to lowercase

26-12-2024T17:50:00 - [MESSAGE][INFO] - Step 9: Retrieve the entered first name and convert it to lowercase

26-12-2024T17:50:00 - [TEST_STEP][PASSED] - firstname = getAttribute(findTestObject("Object Repository/Employee-Onboarding/Page_OrangeHRM/input_Employee Full Name_firstName"), "value").toLowerCase(): Attribute 'value' of object 'Object Repository/Employee-Onboarding/Page_OrangeHRM/input_Employee Full Name_firstName' is: 'Sandra'

26-12-2024T17:50:00 - [MESSAGE][PASSED] - Attribute 'value' of object 'Object Repository/Employee-Onboarding/Page_OrangeHRM/input_Employee Full Name_firstName' is: 'Sandra'

26-12-2024T17:50:00 - [TEST_STEP][PASSED] - comment("Step 10: Retrieve the entered last name and convert it to lowercase"): Step 10: Retrieve the entered last name and convert it to lowercase

26-12-2024T17:50:00 - [MESSAGE][INFO] - Step 10: Retrieve the entered last name and convert it to lowercase

26-12-2024T17:50:00 - [TEST_STEP][PASSED] - lastname = getAttribute(findTestObject("Object Repository/Employee-Onboarding/Page_OrangeHRM/input_Employee Full Name_lastName"), "value").toLowerCase(): Attribute 'value' of object 'Object Repository/Employee-Onboarding/Page_OrangeHRM/input_Employee Full Name_lastName' is: 'Barber'

26-12-2024T17:50:00 - [MESSAGE][PASSED] - Attribute 'value' of object 'Object Repository/Employee-Onboarding/Page_OrangeHRM/input_Employee Full Name_lastName' is: 'Barber'

26-12-2024T17:50:00 - [TEST_STEP][PASSED] - comment("Step 11: Concatenate the first and last names to generate a username"): Step 11: Concatenate the first and last names to generate a username

26-12-2024T17:50:00 - [MESSAGE][INFO] - Step 11: Concatenate the first and last names to generate a username

26-12-2024T17:50:00 - [TEST_STEP][PASSED] - username = firstname + "." + lastname: null

26-12-2024T17:50:00 - [TEST_STEP][PASSED] - comment("Step 12: Set the username field with the generated username"): Step 12: Set the username field with the generated username

26-12-2024T17:50:00 - [MESSAGE][INFO] - Step 12: Set the username field with the generated username

26-12-2024T17:50:00 - [TEST_STEP][PASSED] - setText(findTestObject("Object Repository/Employee-Onboarding/Page_OrangeHRM/input_Username_oxd-input oxd-input--focus"), username): Text 'sandra.barber' is set on object 'Object Repository/Employee-Onboarding/Page_OrangeHRM/input_Username_oxd-input oxd-input--focus'

26-12-2024T17:50:01 - [MESSAGE][PASSED] - Text 'sandra.barber' is set on object 'Object Repository/Employee-Onboarding/Page_OrangeHRM/input_Username_oxd-input oxd-input--focus'

26-12-2024T17:50:01 - [TEST_STEP][PASSED] - comment("Step 13: Enter an encrypted password into the password field"): Step 13: Enter an encrypted password into the password field

26-12-2024T17:50:01 - [MESSAGE][INFO] - Step 13: Enter an encrypted password into the password field

26-12-2024T17:50:01 - [TEST_STEP][PASSED] - setEncryptedText(findTestObject("Object Repository/Employee-Onboarding/Page_OrangeHRM/input_Password_oxd-input oxd-input--active"), EmployeePassword): Text ****** has been set on object 'Object Repository/Employee-Onboarding/Page_OrangeHRM/input_Password_oxd-input oxd-input--active'

26-12-2024T17:50:01 - [MESSAGE][PASSED] - Text ****** has been set on object 'Object Repository/Employee-Onboarding/Page_OrangeHRM/input_Password_oxd-input oxd-input--active'

26-12-2024T17:50:01 - [TEST_STEP][PASSED] - comment("Step 14: Enter an encrypted password into the confirm password field"): Step 14: Enter an encrypted password into the confirm password field

26-12-2024T17:50:01 - [MESSAGE][INFO] - Step 14: Enter an encrypted password into the confirm password field

26-12-2024T17:50:01 - [TEST_STEP][PASSED] - setEncryptedText(findTestObject("Object Repository/Employee-Onboarding/Page_OrangeHRM/input_Confirm Password_oxd-input oxd-input-_a3aecb"), EmployeePassword): Text ****** has been set on object 'Object Repository/Employee-Onboarding/Page_OrangeHRM/input_Confirm Password_oxd-input oxd-input-_a3aecb'

26-12-2024T17:50:02 - [MESSAGE][PASSED] - Text ****** has been set on object 'Object Repository/Employee-Onboarding/Page_OrangeHRM/input_Confirm Password_oxd-input oxd-input-_a3aecb'

26-12-2024T17:50:02 - [TEST_STEP][PASSED] - comment("Step 15: Click the "Save" button to finalize adding the new employee"): Step 15: Click the "Save" button to finalize adding the new employee

26-12-2024T17:50:02 - [MESSAGE][INFO] - Step 15: Click the "Save" button to finalize adding the new employee

26-12-2024T17:50:02 - [TEST_STEP][PASSED] - click(findTestObject("Object Repository/Employee-Onboarding/Page_OrangeHRM/button_Save")): Object: 'Object Repository/Employee-Onboarding/Page_OrangeHRM/button_Save' is clicked on

26-12-2024T17:50:02 - [MESSAGE][PASSED] - Object: 'Object Repository/Employee-Onboarding/Page_OrangeHRM/button_Save' is clicked on

26-12-2024T17:50:02 - [TEST_STEP][PASSED] - delay(2): Delayed 2 second(s)

26-12-2024T17:50:04 - [MESSAGE][PASSED] - Delayed 2 second(s)]]></system-out>
         <system-err><![CDATA[]]></system-err>
      </testcase>
      <testcase name="Test Cases/Employee_Onboarding/TC_Employee_Onboarding" time="11.117" classname="Test Cases/Employee_Onboarding/TC_Employee_Onboarding" status="PASSED">
         <system-out><![CDATA[26-12-2024T17:50:04 - [TEST_CASE][PASSED] - Test Cases/Employee_Onboarding/TC_Employee_Onboarding: Test Cases/Employee_Onboarding/TC_Employee_Onboarding

26-12-2024T17:50:04 - [TEST_STEP][PASSED] - comment("Step 1: Click on the PIM module link"): Step 1: Click on the PIM module link

26-12-2024T17:50:04 - [MESSAGE][INFO] - Step 1: Click on the PIM module link

26-12-2024T17:50:04 - [TEST_STEP][PASSED] - click(findTestObject("Object Repository/Employee-Onboarding/Page_OrangeHRM/a_PIM")): Object: 'Object Repository/Employee-Onboarding/Page_OrangeHRM/a_PIM' is clicked on

26-12-2024T17:50:05 - [MESSAGE][PASSED] - Object: 'Object Repository/Employee-Onboarding/Page_OrangeHRM/a_PIM' is clicked on

26-12-2024T17:50:05 - [TEST_STEP][PASSED] - comment("Step 2: Click the "Add" button to add a new employee"): Step 2: Click the "Add" button to add a new employee

26-12-2024T17:50:05 - [MESSAGE][INFO] - Step 2: Click the "Add" button to add a new employee

26-12-2024T17:50:05 - [TEST_STEP][PASSED] - click(findTestObject("Object Repository/Employee-Onboarding/Page_OrangeHRM/button_Add")): Object: 'Object Repository/Employee-Onboarding/Page_OrangeHRM/button_Add' is clicked on

26-12-2024T17:50:07 - [MESSAGE][PASSED] - Object: 'Object Repository/Employee-Onboarding/Page_OrangeHRM/button_Add' is clicked on

26-12-2024T17:50:07 - [TEST_STEP][PASSED] - comment("Step 3: Focus on the "First Name" input field"): Step 3: Focus on the "First Name" input field

26-12-2024T17:50:07 - [MESSAGE][INFO] - Step 3: Focus on the "First Name" input field

26-12-2024T17:50:07 - [TEST_STEP][PASSED] - click(findTestObject("Object Repository/Employee-Onboarding/Page_OrangeHRM/input_Employee Full Name_firstName")): Object: 'Object Repository/Employee-Onboarding/Page_OrangeHRM/input_Employee Full Name_firstName' is clicked on

26-12-2024T17:50:09 - [MESSAGE][PASSED] - Object: 'Object Repository/Employee-Onboarding/Page_OrangeHRM/input_Employee Full Name_firstName' is clicked on

26-12-2024T17:50:09 - [TEST_STEP][PASSED] - comment("Step 4: Enter the employee's first name"): Step 4: Enter the employee's first name

26-12-2024T17:50:09 - [MESSAGE][INFO] - Step 4: Enter the employee's first name

26-12-2024T17:50:09 - [TEST_STEP][PASSED] - setText(findTestObject("Object Repository/Employee-Onboarding/Page_OrangeHRM/input_Employee Full Name_firstName"), Firstname): Text 'Amy' is set on object 'Object Repository/Employee-Onboarding/Page_OrangeHRM/input_Employee Full Name_firstName'

26-12-2024T17:50:09 - [MESSAGE][PASSED] - Text 'Amy' is set on object 'Object Repository/Employee-Onboarding/Page_OrangeHRM/input_Employee Full Name_firstName'

26-12-2024T17:50:09 - [TEST_STEP][PASSED] - comment("Step 5: Enter the employee's last name"): Step 5: Enter the employee's last name

26-12-2024T17:50:09 - [MESSAGE][INFO] - Step 5: Enter the employee's last name

26-12-2024T17:50:09 - [TEST_STEP][PASSED] - setText(findTestObject("Object Repository/Employee-Onboarding/Page_OrangeHRM/input_Employee Full Name_lastName"), Lastname): Text 'Gonzalez' is set on object 'Object Repository/Employee-Onboarding/Page_OrangeHRM/input_Employee Full Name_lastName'

26-12-2024T17:50:10 - [MESSAGE][PASSED] - Text 'Gonzalez' is set on object 'Object Repository/Employee-Onboarding/Page_OrangeHRM/input_Employee Full Name_lastName'

26-12-2024T17:50:10 - [TEST_STEP][PASSED] - comment("Step 6: Clear the default value in the "Employee ID" field"): Step 6: Clear the default value in the "Employee ID" field

26-12-2024T17:50:10 - [MESSAGE][INFO] - Step 6: Clear the default value in the "Employee ID" field

26-12-2024T17:50:10 - [TEST_STEP][PASSED] - clearText(findTestObject("Object Repository/Employee-Onboarding/Page_OrangeHRM/input_Employee Id_oxd-input oxd-input--focus")): Text of object 'Object Repository/Employee-Onboarding/Page_OrangeHRM/input_Employee Id_oxd-input oxd-input--focus' is cleared

26-12-2024T17:50:10 - [MESSAGE][PASSED] - Text of object 'Object Repository/Employee-Onboarding/Page_OrangeHRM/input_Employee Id_oxd-input oxd-input--focus' is cleared

26-12-2024T17:50:10 - [TEST_STEP][PASSED] - comment("Step 7: Set the employee ID field with a new value"): Step 7: Set the employee ID field with a new value

26-12-2024T17:50:10 - [MESSAGE][INFO] - Step 7: Set the employee ID field with a new value

26-12-2024T17:50:10 - [TEST_STEP][PASSED] - setText(findTestObject("Object Repository/Employee-Onboarding/Page_OrangeHRM/input_Employee Id_oxd-input oxd-input--focus"), ""): Text '' is set on object 'Object Repository/Employee-Onboarding/Page_OrangeHRM/input_Employee Id_oxd-input oxd-input--focus'

26-12-2024T17:50:11 - [MESSAGE][PASSED] - Text '' is set on object 'Object Repository/Employee-Onboarding/Page_OrangeHRM/input_Employee Id_oxd-input oxd-input--focus'

26-12-2024T17:50:11 - [TEST_STEP][PASSED] - comment("Step 8: Toggle the switch related to the Employee ID"): Step 8: Toggle the switch related to the Employee ID

26-12-2024T17:50:11 - [MESSAGE][INFO] - Step 8: Toggle the switch related to the Employee ID

26-12-2024T17:50:11 - [TEST_STEP][PASSED] - click(findTestObject("Object Repository/Employee-Onboarding/Page_OrangeHRM/span_Employee Id_oxd-switch-input oxd-switc_efe210")): Object: 'Object Repository/Employee-Onboarding/Page_OrangeHRM/span_Employee Id_oxd-switch-input oxd-switc_efe210' is clicked on

26-12-2024T17:50:11 - [MESSAGE][PASSED] - Object: 'Object Repository/Employee-Onboarding/Page_OrangeHRM/span_Employee Id_oxd-switch-input oxd-switc_efe210' is clicked on

26-12-2024T17:50:11 - [TEST_STEP][PASSED] - comment("Step 9: Retrieve the entered first name and convert it to lowercase"): Step 9: Retrieve the entered first name and convert it to lowercase

26-12-2024T17:50:11 - [MESSAGE][INFO] - Step 9: Retrieve the entered first name and convert it to lowercase

26-12-2024T17:50:11 - [TEST_STEP][PASSED] - firstname = getAttribute(findTestObject("Object Repository/Employee-Onboarding/Page_OrangeHRM/input_Employee Full Name_firstName"), "value").toLowerCase(): Attribute 'value' of object 'Object Repository/Employee-Onboarding/Page_OrangeHRM/input_Employee Full Name_firstName' is: 'Amy'

26-12-2024T17:50:11 - [MESSAGE][PASSED] - Attribute 'value' of object 'Object Repository/Employee-Onboarding/Page_OrangeHRM/input_Employee Full Name_firstName' is: 'Amy'

26-12-2024T17:50:11 - [TEST_STEP][PASSED] - comment("Step 10: Retrieve the entered last name and convert it to lowercase"): Step 10: Retrieve the entered last name and convert it to lowercase

26-12-2024T17:50:11 - [MESSAGE][INFO] - Step 10: Retrieve the entered last name and convert it to lowercase

26-12-2024T17:50:11 - [TEST_STEP][PASSED] - lastname = getAttribute(findTestObject("Object Repository/Employee-Onboarding/Page_OrangeHRM/input_Employee Full Name_lastName"), "value").toLowerCase(): Attribute 'value' of object 'Object Repository/Employee-Onboarding/Page_OrangeHRM/input_Employee Full Name_lastName' is: 'Gonzalez'

26-12-2024T17:50:12 - [MESSAGE][PASSED] - Attribute 'value' of object 'Object Repository/Employee-Onboarding/Page_OrangeHRM/input_Employee Full Name_lastName' is: 'Gonzalez'

26-12-2024T17:50:12 - [TEST_STEP][PASSED] - comment("Step 11: Concatenate the first and last names to generate a username"): Step 11: Concatenate the first and last names to generate a username

26-12-2024T17:50:12 - [MESSAGE][INFO] - Step 11: Concatenate the first and last names to generate a username

26-12-2024T17:50:12 - [TEST_STEP][PASSED] - username = firstname + "." + lastname: null

26-12-2024T17:50:12 - [TEST_STEP][PASSED] - comment("Step 12: Set the username field with the generated username"): Step 12: Set the username field with the generated username

26-12-2024T17:50:12 - [MESSAGE][INFO] - Step 12: Set the username field with the generated username

26-12-2024T17:50:12 - [TEST_STEP][PASSED] - setText(findTestObject("Object Repository/Employee-Onboarding/Page_OrangeHRM/input_Username_oxd-input oxd-input--focus"), username): Text 'amy.gonzalez' is set on object 'Object Repository/Employee-Onboarding/Page_OrangeHRM/input_Username_oxd-input oxd-input--focus'

26-12-2024T17:50:12 - [MESSAGE][PASSED] - Text 'amy.gonzalez' is set on object 'Object Repository/Employee-Onboarding/Page_OrangeHRM/input_Username_oxd-input oxd-input--focus'

26-12-2024T17:50:12 - [TEST_STEP][PASSED] - comment("Step 13: Enter an encrypted password into the password field"): Step 13: Enter an encrypted password into the password field

26-12-2024T17:50:12 - [MESSAGE][INFO] - Step 13: Enter an encrypted password into the password field

26-12-2024T17:50:12 - [TEST_STEP][PASSED] - setEncryptedText(findTestObject("Object Repository/Employee-Onboarding/Page_OrangeHRM/input_Password_oxd-input oxd-input--active"), EmployeePassword): Text ****** has been set on object 'Object Repository/Employee-Onboarding/Page_OrangeHRM/input_Password_oxd-input oxd-input--active'

26-12-2024T17:50:12 - [MESSAGE][PASSED] - Text ****** has been set on object 'Object Repository/Employee-Onboarding/Page_OrangeHRM/input_Password_oxd-input oxd-input--active'

26-12-2024T17:50:12 - [TEST_STEP][PASSED] - comment("Step 14: Enter an encrypted password into the confirm password field"): Step 14: Enter an encrypted password into the confirm password field

26-12-2024T17:50:12 - [MESSAGE][INFO] - Step 14: Enter an encrypted password into the confirm password field

26-12-2024T17:50:12 - [TEST_STEP][PASSED] - setEncryptedText(findTestObject("Object Repository/Employee-Onboarding/Page_OrangeHRM/input_Confirm Password_oxd-input oxd-input-_a3aecb"), EmployeePassword): Text ****** has been set on object 'Object Repository/Employee-Onboarding/Page_OrangeHRM/input_Confirm Password_oxd-input oxd-input-_a3aecb'

26-12-2024T17:50:13 - [MESSAGE][PASSED] - Text ****** has been set on object 'Object Repository/Employee-Onboarding/Page_OrangeHRM/input_Confirm Password_oxd-input oxd-input-_a3aecb'

26-12-2024T17:50:13 - [TEST_STEP][PASSED] - comment("Step 15: Click the "Save" button to finalize adding the new employee"): Step 15: Click the "Save" button to finalize adding the new employee

26-12-2024T17:50:13 - [MESSAGE][INFO] - Step 15: Click the "Save" button to finalize adding the new employee

26-12-2024T17:50:13 - [TEST_STEP][PASSED] - click(findTestObject("Object Repository/Employee-Onboarding/Page_OrangeHRM/button_Save")): Object: 'Object Repository/Employee-Onboarding/Page_OrangeHRM/button_Save' is clicked on

26-12-2024T17:50:13 - [MESSAGE][PASSED] - Object: 'Object Repository/Employee-Onboarding/Page_OrangeHRM/button_Save' is clicked on

26-12-2024T17:50:13 - [TEST_STEP][PASSED] - delay(2): Delayed 2 second(s)

26-12-2024T17:50:15 - [MESSAGE][PASSED] - Delayed 2 second(s)]]></system-out>
         <system-err><![CDATA[]]></system-err>
      </testcase>
      <testcase name="Test Cases/Employee_Onboarding/TC_Employee_Onboarding" time="11.292" classname="Test Cases/Employee_Onboarding/TC_Employee_Onboarding" status="PASSED">
         <system-out><![CDATA[26-12-2024T17:50:15 - [TEST_CASE][PASSED] - Test Cases/Employee_Onboarding/TC_Employee_Onboarding: Test Cases/Employee_Onboarding/TC_Employee_Onboarding

26-12-2024T17:50:15 - [TEST_STEP][PASSED] - comment("Step 1: Click on the PIM module link"): Step 1: Click on the PIM module link

26-12-2024T17:50:15 - [MESSAGE][INFO] - Step 1: Click on the PIM module link

26-12-2024T17:50:15 - [TEST_STEP][PASSED] - click(findTestObject("Object Repository/Employee-Onboarding/Page_OrangeHRM/a_PIM")): Object: 'Object Repository/Employee-Onboarding/Page_OrangeHRM/a_PIM' is clicked on

26-12-2024T17:50:17 - [MESSAGE][PASSED] - Object: 'Object Repository/Employee-Onboarding/Page_OrangeHRM/a_PIM' is clicked on

26-12-2024T17:50:17 - [TEST_STEP][PASSED] - comment("Step 2: Click the "Add" button to add a new employee"): Step 2: Click the "Add" button to add a new employee

26-12-2024T17:50:17 - [MESSAGE][INFO] - Step 2: Click the "Add" button to add a new employee

26-12-2024T17:50:17 - [TEST_STEP][PASSED] - click(findTestObject("Object Repository/Employee-Onboarding/Page_OrangeHRM/button_Add")): Object: 'Object Repository/Employee-Onboarding/Page_OrangeHRM/button_Add' is clicked on

26-12-2024T17:50:19 - [MESSAGE][PASSED] - Object: 'Object Repository/Employee-Onboarding/Page_OrangeHRM/button_Add' is clicked on

26-12-2024T17:50:19 - [TEST_STEP][PASSED] - comment("Step 3: Focus on the "First Name" input field"): Step 3: Focus on the "First Name" input field

26-12-2024T17:50:19 - [MESSAGE][INFO] - Step 3: Focus on the "First Name" input field

26-12-2024T17:50:19 - [TEST_STEP][PASSED] - click(findTestObject("Object Repository/Employee-Onboarding/Page_OrangeHRM/input_Employee Full Name_firstName")): Object: 'Object Repository/Employee-Onboarding/Page_OrangeHRM/input_Employee Full Name_firstName' is clicked on

26-12-2024T17:50:20 - [MESSAGE][PASSED] - Object: 'Object Repository/Employee-Onboarding/Page_OrangeHRM/input_Employee Full Name_firstName' is clicked on

26-12-2024T17:50:20 - [TEST_STEP][PASSED] - comment("Step 4: Enter the employee's first name"): Step 4: Enter the employee's first name

26-12-2024T17:50:20 - [MESSAGE][INFO] - Step 4: Enter the employee's first name

26-12-2024T17:50:20 - [TEST_STEP][PASSED] - setText(findTestObject("Object Repository/Employee-Onboarding/Page_OrangeHRM/input_Employee Full Name_firstName"), Firstname): Text 'Richard' is set on object 'Object Repository/Employee-Onboarding/Page_OrangeHRM/input_Employee Full Name_firstName'

26-12-2024T17:50:21 - [MESSAGE][PASSED] - Text 'Richard' is set on object 'Object Repository/Employee-Onboarding/Page_OrangeHRM/input_Employee Full Name_firstName'

26-12-2024T17:50:21 - [TEST_STEP][PASSED] - comment("Step 5: Enter the employee's last name"): Step 5: Enter the employee's last name

26-12-2024T17:50:21 - [MESSAGE][INFO] - Step 5: Enter the employee's last name

26-12-2024T17:50:21 - [TEST_STEP][PASSED] - setText(findTestObject("Object Repository/Employee-Onboarding/Page_OrangeHRM/input_Employee Full Name_lastName"), Lastname): Text 'Johnson' is set on object 'Object Repository/Employee-Onboarding/Page_OrangeHRM/input_Employee Full Name_lastName'

26-12-2024T17:50:21 - [MESSAGE][PASSED] - Text 'Johnson' is set on object 'Object Repository/Employee-Onboarding/Page_OrangeHRM/input_Employee Full Name_lastName'

26-12-2024T17:50:21 - [TEST_STEP][PASSED] - comment("Step 6: Clear the default value in the "Employee ID" field"): Step 6: Clear the default value in the "Employee ID" field

26-12-2024T17:50:21 - [MESSAGE][INFO] - Step 6: Clear the default value in the "Employee ID" field

26-12-2024T17:50:21 - [TEST_STEP][PASSED] - clearText(findTestObject("Object Repository/Employee-Onboarding/Page_OrangeHRM/input_Employee Id_oxd-input oxd-input--focus")): Text of object 'Object Repository/Employee-Onboarding/Page_OrangeHRM/input_Employee Id_oxd-input oxd-input--focus' is cleared

26-12-2024T17:50:21 - [MESSAGE][PASSED] - Text of object 'Object Repository/Employee-Onboarding/Page_OrangeHRM/input_Employee Id_oxd-input oxd-input--focus' is cleared

26-12-2024T17:50:21 - [TEST_STEP][PASSED] - comment("Step 7: Set the employee ID field with a new value"): Step 7: Set the employee ID field with a new value

26-12-2024T17:50:21 - [MESSAGE][INFO] - Step 7: Set the employee ID field with a new value

26-12-2024T17:50:21 - [TEST_STEP][PASSED] - setText(findTestObject("Object Repository/Employee-Onboarding/Page_OrangeHRM/input_Employee Id_oxd-input oxd-input--focus"), ""): Text '' is set on object 'Object Repository/Employee-Onboarding/Page_OrangeHRM/input_Employee Id_oxd-input oxd-input--focus'

26-12-2024T17:50:22 - [MESSAGE][PASSED] - Text '' is set on object 'Object Repository/Employee-Onboarding/Page_OrangeHRM/input_Employee Id_oxd-input oxd-input--focus'

26-12-2024T17:50:22 - [TEST_STEP][PASSED] - comment("Step 8: Toggle the switch related to the Employee ID"): Step 8: Toggle the switch related to the Employee ID

26-12-2024T17:50:22 - [MESSAGE][INFO] - Step 8: Toggle the switch related to the Employee ID

26-12-2024T17:50:22 - [TEST_STEP][PASSED] - click(findTestObject("Object Repository/Employee-Onboarding/Page_OrangeHRM/span_Employee Id_oxd-switch-input oxd-switc_efe210")): Object: 'Object Repository/Employee-Onboarding/Page_OrangeHRM/span_Employee Id_oxd-switch-input oxd-switc_efe210' is clicked on

26-12-2024T17:50:22 - [MESSAGE][PASSED] - Object: 'Object Repository/Employee-Onboarding/Page_OrangeHRM/span_Employee Id_oxd-switch-input oxd-switc_efe210' is clicked on

26-12-2024T17:50:22 - [TEST_STEP][PASSED] - comment("Step 9: Retrieve the entered first name and convert it to lowercase"): Step 9: Retrieve the entered first name and convert it to lowercase

26-12-2024T17:50:22 - [MESSAGE][INFO] - Step 9: Retrieve the entered first name and convert it to lowercase

26-12-2024T17:50:22 - [TEST_STEP][PASSED] - firstname = getAttribute(findTestObject("Object Repository/Employee-Onboarding/Page_OrangeHRM/input_Employee Full Name_firstName"), "value").toLowerCase(): Attribute 'value' of object 'Object Repository/Employee-Onboarding/Page_OrangeHRM/input_Employee Full Name_firstName' is: 'Richard'

26-12-2024T17:50:23 - [MESSAGE][PASSED] - Attribute 'value' of object 'Object Repository/Employee-Onboarding/Page_OrangeHRM/input_Employee Full Name_firstName' is: 'Richard'

26-12-2024T17:50:23 - [TEST_STEP][PASSED] - comment("Step 10: Retrieve the entered last name and convert it to lowercase"): Step 10: Retrieve the entered last name and convert it to lowercase

26-12-2024T17:50:23 - [MESSAGE][INFO] - Step 10: Retrieve the entered last name and convert it to lowercase

26-12-2024T17:50:23 - [TEST_STEP][PASSED] - lastname = getAttribute(findTestObject("Object Repository/Employee-Onboarding/Page_OrangeHRM/input_Employee Full Name_lastName"), "value").toLowerCase(): Attribute 'value' of object 'Object Repository/Employee-Onboarding/Page_OrangeHRM/input_Employee Full Name_lastName' is: 'Johnson'

26-12-2024T17:50:23 - [MESSAGE][PASSED] - Attribute 'value' of object 'Object Repository/Employee-Onboarding/Page_OrangeHRM/input_Employee Full Name_lastName' is: 'Johnson'

26-12-2024T17:50:23 - [TEST_STEP][PASSED] - comment("Step 11: Concatenate the first and last names to generate a username"): Step 11: Concatenate the first and last names to generate a username

26-12-2024T17:50:23 - [MESSAGE][INFO] - Step 11: Concatenate the first and last names to generate a username

26-12-2024T17:50:23 - [TEST_STEP][PASSED] - username = firstname + "." + lastname: null

26-12-2024T17:50:23 - [TEST_STEP][PASSED] - comment("Step 12: Set the username field with the generated username"): Step 12: Set the username field with the generated username

26-12-2024T17:50:23 - [MESSAGE][INFO] - Step 12: Set the username field with the generated username

26-12-2024T17:50:23 - [TEST_STEP][PASSED] - setText(findTestObject("Object Repository/Employee-Onboarding/Page_OrangeHRM/input_Username_oxd-input oxd-input--focus"), username): Text 'richard.johnson' is set on object 'Object Repository/Employee-Onboarding/Page_OrangeHRM/input_Username_oxd-input oxd-input--focus'

26-12-2024T17:50:23 - [MESSAGE][PASSED] - Text 'richard.johnson' is set on object 'Object Repository/Employee-Onboarding/Page_OrangeHRM/input_Username_oxd-input oxd-input--focus'

26-12-2024T17:50:23 - [TEST_STEP][PASSED] - comment("Step 13: Enter an encrypted password into the password field"): Step 13: Enter an encrypted password into the password field

26-12-2024T17:50:23 - [MESSAGE][INFO] - Step 13: Enter an encrypted password into the password field

26-12-2024T17:50:23 - [TEST_STEP][PASSED] - setEncryptedText(findTestObject("Object Repository/Employee-Onboarding/Page_OrangeHRM/input_Password_oxd-input oxd-input--active"), EmployeePassword): Text ****** has been set on object 'Object Repository/Employee-Onboarding/Page_OrangeHRM/input_Password_oxd-input oxd-input--active'

26-12-2024T17:50:24 - [MESSAGE][PASSED] - Text ****** has been set on object 'Object Repository/Employee-Onboarding/Page_OrangeHRM/input_Password_oxd-input oxd-input--active'

26-12-2024T17:50:24 - [TEST_STEP][PASSED] - comment("Step 14: Enter an encrypted password into the confirm password field"): Step 14: Enter an encrypted password into the confirm password field

26-12-2024T17:50:24 - [MESSAGE][INFO] - Step 14: Enter an encrypted password into the confirm password field

26-12-2024T17:50:24 - [TEST_STEP][PASSED] - setEncryptedText(findTestObject("Object Repository/Employee-Onboarding/Page_OrangeHRM/input_Confirm Password_oxd-input oxd-input-_a3aecb"), EmployeePassword): Text ****** has been set on object 'Object Repository/Employee-Onboarding/Page_OrangeHRM/input_Confirm Password_oxd-input oxd-input-_a3aecb'

26-12-2024T17:50:24 - [MESSAGE][PASSED] - Text ****** has been set on object 'Object Repository/Employee-Onboarding/Page_OrangeHRM/input_Confirm Password_oxd-input oxd-input-_a3aecb'

26-12-2024T17:50:24 - [TEST_STEP][PASSED] - comment("Step 15: Click the "Save" button to finalize adding the new employee"): Step 15: Click the "Save" button to finalize adding the new employee

26-12-2024T17:50:24 - [MESSAGE][INFO] - Step 15: Click the "Save" button to finalize adding the new employee

26-12-2024T17:50:24 - [TEST_STEP][PASSED] - click(findTestObject("Object Repository/Employee-Onboarding/Page_OrangeHRM/button_Save")): Object: 'Object Repository/Employee-Onboarding/Page_OrangeHRM/button_Save' is clicked on

26-12-2024T17:50:24 - [MESSAGE][PASSED] - Object: 'Object Repository/Employee-Onboarding/Page_OrangeHRM/button_Save' is clicked on

26-12-2024T17:50:24 - [TEST_STEP][PASSED] - delay(2): Delayed 2 second(s)

26-12-2024T17:50:26 - [MESSAGE][PASSED] - Delayed 2 second(s)]]></system-out>
         <system-err><![CDATA[]]></system-err>
      </testcase>
      <system-out><![CDATA[26-12-2024T17:49:42 - [TEST_SUITE][PASSED] - TS_Employee_Onboarding: Test Cases/Employee_Onboarding/TC_Employee_Onboarding]]></system-out>
      <system-err><![CDATA[]]></system-err>
   </testsuite>
</testsuites>
