<?xml version="1.0" encoding="UTF-8"?>
<testsuites name="TS_Salary" time="45.156" tests="3" failures="0" errors="0">
   <testsuite name="TS_Salary" tests="3" failures="0" errors="0" time="45.156" skipped="0" timestamp="24-12-2024T15:07:39" hostname="mahtabsiddique - localhost" id="Test Suites/Employee_Onboarding/TS_Salary">
      <properties>
         <property name="deviceName" value=""/>
         <property name="devicePlatform"/>
         <property name="logFolder" value="/Users/mahtabsiddique/git/orange/orangeHRM_Automation/Reports/20241224_150731/Employee_Onboarding/TS_Salary/20241224_150732"/>
         <property name="logFiles" value="/Users/mahtabsiddique/git/orange/orangeHRM_Automation/Reports/20241224_150731/Employee_Onboarding/TS_Salary/20241224_150732/execution0.log"/>
         <property name="attachments" value=""/>
         <property name="hostName" value="mahtabsiddique - localhost"/>
         <property name="os" value="Mac OS X 64bit"/>
         <property name="katalonVersion" value="10.0.0.223"/>
         <property name="browser" value="Chrome 131.0.0.0"/>
         <property name="hostAddress" value="127.0.0.1"/>
         <property name="sessionId" value="8a6ff42d2601c1d0e0e5b32deb7850da"/>
         <property name="seleniumVersion" value="4.22.0"/>
         <property name="proxyInformation" value="ProxyInformation { proxyOption=NO_PROXY, proxyServerType=HTTP, username=, password=********, proxyServerAddress=, proxyServerPort=0, executionList=&quot;&quot;, isApplyToDesiredCapabilities=true }"/>
         <property name="platform" value="Mac OS X"/>
      </properties>
      <testcase name="Test Cases/Employee_Onboarding/TC_Employee_Login" time="23.839" classname="Test Cases/Employee_Onboarding/TC_Employee_Login" status="PASSED">
         <system-out><![CDATA[24-12-2024T15:07:39 - [TEST_CASE][PASSED] - Test Cases/Employee_Onboarding/TC_Employee_Login: Test Cases/Employee_Onboarding/TC_Employee_Login

24-12-2024T15:07:39 - [TEST_STEP][PASSED] - openBrowser(""): Browser is opened with url: ''

24-12-2024T15:07:39 - [MESSAGE][INFO] - Starting 'Chrome' driver

24-12-2024T15:07:39 - [MESSAGE][INFO] - Action delay is set to 0 milliseconds

24-12-2024T15:07:41 - [MESSAGE][PASSED] - Browser is opened with url: ''

24-12-2024T15:07:41 - [TEST_STEP][PASSED] - navigateToUrl("http://orange.katalon.com/web/index.php/auth/login"): Navigate to 'http://orange.katalon.com/web/index.php/auth/login' successfully

24-12-2024T15:07:52 - [MESSAGE][PASSED] - Navigate to 'http://orange.katalon.com/web/index.php/auth/login' successfully

24-12-2024T15:07:52 - [TEST_STEP][PASSED] - comment("Test"): Test

24-12-2024T15:07:52 - [MESSAGE][INFO] - Test

24-12-2024T15:07:52 - [TEST_STEP][PASSED] - setText(findTestObject("Object Repository/Employee-Onboarding/Page_OrangeHRM/input_Username_username"), "mahtab"): Text 'mahtab' is set on object 'Object Repository/Employee-Onboarding/Page_OrangeHRM/input_Username_username'

24-12-2024T15:08:01 - [MESSAGE][PASSED] - Text 'mahtab' is set on object 'Object Repository/Employee-Onboarding/Page_OrangeHRM/input_Username_username'

24-12-2024T15:08:01 - [TEST_STEP][PASSED] - setEncryptedText(findTestObject("Object Repository/Employee-Onboarding/Page_OrangeHRM/input_Password_password"), "p7egalF197zCPQnMaznrNq5yBULcTkKN"): Text ****** has been set on object 'Object Repository/Employee-Onboarding/Page_OrangeHRM/input_Password_password'

24-12-2024T15:08:01 - [MESSAGE][PASSED] - Text ****** has been set on object 'Object Repository/Employee-Onboarding/Page_OrangeHRM/input_Password_password'

24-12-2024T15:08:01 - [TEST_STEP][PASSED] - click(findTestObject("Object Repository/Employee-Onboarding/Page_OrangeHRM/button_Login")): Object: 'Object Repository/Employee-Onboarding/Page_OrangeHRM/button_Login' is clicked on

24-12-2024T15:08:03 - [MESSAGE][PASSED] - Object: 'Object Repository/Employee-Onboarding/Page_OrangeHRM/button_Login' is clicked on]]></system-out>
         <system-err><![CDATA[]]></system-err>
      </testcase>
      <testcase name="Test Cases/Employee_Onboarding/TC_PIM_Employee_Search" time="6.697" classname="Test Cases/Employee_Onboarding/TC_PIM_Employee_Search" status="PASSED">
         <system-out><![CDATA[24-12-2024T15:08:03 - [TEST_CASE][PASSED] - Test Cases/Employee_Onboarding/TC_PIM_Employee_Search: Test Cases/Employee_Onboarding/TC_PIM_Employee_Search

24-12-2024T15:08:03 - [TEST_STEP][PASSED] - click(findTestObject("Object Repository/Employee-Onboarding/Employee_Jobs/Page_OrangeHRM/a_PIM")): Object: 'Object Repository/Employee-Onboarding/Employee_Jobs/Page_OrangeHRM/a_PIM' is clicked on

24-12-2024T15:08:07 - [MESSAGE][PASSED] - Object: 'Object Repository/Employee-Onboarding/Employee_Jobs/Page_OrangeHRM/a_PIM' is clicked on

24-12-2024T15:08:07 - [TEST_STEP][PASSED] - setText(findTestObject("Object Repository/Employee-Onboarding/Employee_Jobs/Page_OrangeHRM/input"), "Alice Johnson"): Text 'Alice Johnson' is set on object 'Object Repository/Employee-Onboarding/Employee_Jobs/Page_OrangeHRM/input'

24-12-2024T15:08:09 - [MESSAGE][PASSED] - Text 'Alice Johnson' is set on object 'Object Repository/Employee-Onboarding/Employee_Jobs/Page_OrangeHRM/input'

24-12-2024T15:08:09 - [TEST_STEP][PASSED] - click(findTestObject("Object Repository/Employee-Onboarding/Employee_Jobs/Page_OrangeHRM/button_Search")): Object: 'Object Repository/Employee-Onboarding/Employee_Jobs/Page_OrangeHRM/button_Search' is clicked on

24-12-2024T15:08:10 - [MESSAGE][PASSED] - Object: 'Object Repository/Employee-Onboarding/Employee_Jobs/Page_OrangeHRM/button_Search' is clicked on]]></system-out>
         <system-err><![CDATA[]]></system-err>
      </testcase>
      <testcase name="Test Cases/Employee_Onboarding/TC_Employee_Salary_Details_1" time="14.546" classname="Test Cases/Employee_Onboarding/TC_Employee_Salary_Details_1" status="PASSED">
         <system-out><![CDATA[24-12-2024T15:08:10 - [TEST_CASE][PASSED] - Test Cases/Employee_Onboarding/TC_Employee_Salary_Details_1: Test Cases/Employee_Onboarding/TC_Employee_Salary_Details_1

24-12-2024T15:08:10 - [TEST_STEP][PASSED] - delay(5): Delayed 5 second(s)

24-12-2024T15:08:15 - [MESSAGE][PASSED] - Delayed 5 second(s)

24-12-2024T15:08:15 - [TEST_STEP][PASSED] - click(findTestObject("Object Repository/Employee-Onboarding/Employee_Salary_Details_1/Page_OrangeHRM/div_0034008")): Object: 'Object Repository/Employee-Onboarding/Employee_Salary_Details_1/Page_OrangeHRM/div_0034008' is clicked on

24-12-2024T15:08:16 - [MESSAGE][PASSED] - Object: 'Object Repository/Employee-Onboarding/Employee_Salary_Details_1/Page_OrangeHRM/div_0034008' is clicked on

24-12-2024T15:08:16 - [TEST_STEP][PASSED] - click(findTestObject("Object Repository/Employee-Onboarding/Employee_Salary_Details_1/Page_OrangeHRM/a_Salary")): Object: 'Object Repository/Employee-Onboarding/Employee_Salary_Details_1/Page_OrangeHRM/a_Salary' is clicked on

24-12-2024T15:08:19 - [MESSAGE][PASSED] - Object: 'Object Repository/Employee-Onboarding/Employee_Salary_Details_1/Page_OrangeHRM/a_Salary' is clicked on

24-12-2024T15:08:19 - [TEST_STEP][PASSED] - click(findTestObject("Object Repository/Employee-Onboarding/Employee_Salary_Details_1/Page_OrangeHRM/button_Add")): Object: 'Object Repository/Employee-Onboarding/Employee_Salary_Details_1/Page_OrangeHRM/button_Add' is clicked on

24-12-2024T15:08:20 - [MESSAGE][PASSED] - Object: 'Object Repository/Employee-Onboarding/Employee_Salary_Details_1/Page_OrangeHRM/button_Add' is clicked on

24-12-2024T15:08:20 - [TEST_STEP][PASSED] - setText(findTestObject("Object Repository/Employee-Onboarding/Employee_Salary_Details_1/Page_OrangeHRM/input_Salary Component_oxd-input oxd-input--focus"), "CTC"): Text 'CTC' is set on object 'Object Repository/Employee-Onboarding/Employee_Salary_Details_1/Page_OrangeHRM/input_Salary Component_oxd-input oxd-input--focus'

24-12-2024T15:08:21 - [MESSAGE][PASSED] - Text 'CTC' is set on object 'Object Repository/Employee-Onboarding/Employee_Salary_Details_1/Page_OrangeHRM/input_Salary Component_oxd-input oxd-input--focus'

24-12-2024T15:08:21 - [TEST_STEP][PASSED] - click(findTestObject("Object Repository/Employee-Onboarding/Employee_Salary_Details_1/Page_OrangeHRM/i_-- Select --_oxd-icon bi-caret-up-fill ox_627fec")): Object: 'Object Repository/Employee-Onboarding/Employee_Salary_Details_1/Page_OrangeHRM/i_-- Select --_oxd-icon bi-caret-up-fill ox_627fec' is clicked on

24-12-2024T15:08:21 - [MESSAGE][PASSED] - Object: 'Object Repository/Employee-Onboarding/Employee_Salary_Details_1/Page_OrangeHRM/i_-- Select --_oxd-icon bi-caret-up-fill ox_627fec' is clicked on

24-12-2024T15:08:21 - [TEST_STEP][PASSED] - click(findTestObject("Object Repository/Employee-Onboarding/Employee_Salary_Details_1/Page_OrangeHRM/div_-- Select --")): Object: 'Object Repository/Employee-Onboarding/Employee_Salary_Details_1/Page_OrangeHRM/div_-- Select --' is clicked on

24-12-2024T15:08:22 - [MESSAGE][PASSED] - Object: 'Object Repository/Employee-Onboarding/Employee_Salary_Details_1/Page_OrangeHRM/div_-- Select --' is clicked on

24-12-2024T15:08:22 - [TEST_STEP][PASSED] - click(findTestObject("Object Repository/Employee-Onboarding/Employee_Salary_Details_1/Page_OrangeHRM/i_-- Select --_oxd-icon bi-caret-up-fill ox_627fec_1")): Object: 'Object Repository/Employee-Onboarding/Employee_Salary_Details_1/Page_OrangeHRM/i_-- Select --_oxd-icon bi-caret-up-fill ox_627fec_1' is clicked on

24-12-2024T15:08:22 - [MESSAGE][PASSED] - Object: 'Object Repository/Employee-Onboarding/Employee_Salary_Details_1/Page_OrangeHRM/i_-- Select --_oxd-icon bi-caret-up-fill ox_627fec_1' is clicked on

24-12-2024T15:08:22 - [TEST_STEP][PASSED] - setText(findTestObject("Object Repository/Employee-Onboarding/Employee_Salary_Details_1/Page_OrangeHRM/input_Amount_oxd-input oxd-input--focus"), "20000"): Text '20000' is set on object 'Object Repository/Employee-Onboarding/Employee_Salary_Details_1/Page_OrangeHRM/input_Amount_oxd-input oxd-input--focus'

24-12-2024T15:08:23 - [MESSAGE][PASSED] - Text '20000' is set on object 'Object Repository/Employee-Onboarding/Employee_Salary_Details_1/Page_OrangeHRM/input_Amount_oxd-input oxd-input--focus'

24-12-2024T15:08:23 - [TEST_STEP][PASSED] - setText(findTestObject("Object Repository/Employee-Onboarding/Employee_Salary_Details_1/Page_OrangeHRM/textarea_Comments_oxd-textarea oxd-textarea_6464fb"), "CTC"): Text 'CTC' is set on object 'Object Repository/Employee-Onboarding/Employee_Salary_Details_1/Page_OrangeHRM/textarea_Comments_oxd-textarea oxd-textarea_6464fb'

24-12-2024T15:08:24 - [MESSAGE][PASSED] - Text 'CTC' is set on object 'Object Repository/Employee-Onboarding/Employee_Salary_Details_1/Page_OrangeHRM/textarea_Comments_oxd-textarea oxd-textarea_6464fb'

24-12-2024T15:08:24 - [TEST_STEP][PASSED] - click(findTestObject("Object Repository/Employee-Onboarding/Employee_Salary_Details_1/Page_OrangeHRM/button_Save")): Object: 'Object Repository/Employee-Onboarding/Employee_Salary_Details_1/Page_OrangeHRM/button_Save' is clicked on

24-12-2024T15:08:24 - [MESSAGE][PASSED] - Object: 'Object Repository/Employee-Onboarding/Employee_Salary_Details_1/Page_OrangeHRM/button_Save' is clicked on

24-12-2024T15:08:24 - [TEST_STEP][PASSED] - closeBrowser(): Browser is closed

24-12-2024T15:08:24 - [MESSAGE][PASSED] - Browser is closed]]></system-out>
         <system-err><![CDATA[]]></system-err>
      </testcase>
      <system-out><![CDATA[24-12-2024T15:07:39 - [TEST_SUITE][PASSED] - TS_Salary: Test Cases/Employee_Onboarding/TC_Employee_Salary_Details_1]]></system-out>
      <system-err><![CDATA[]]></system-err>
   </testsuite>
</testsuites>
