<?xml version="1.0" encoding="UTF-8"?>
<testsuites name="TS_Employee_Registration" time="45.309" tests="3" failures="0" errors="0">
   <testsuite name="TS_Employee_Registration" tests="3" failures="0" errors="0" time="45.309" skipped="0" timestamp="23-12-2024T15:43:57" hostname="mahtabsiddique - localhost" id="Test Suites/Employee_Onboarding/TS_Employee_Registration">
      <properties>
         <property name="deviceName" value=""/>
         <property name="devicePlatform"/>
         <property name="logFolder" value="/Users/mahtabsiddique/git/OrangeHRM_Automation/Reports/20241223_154350/Employee_Onboarding/TS_Employee_Registration/20241223_154350"/>
         <property name="logFiles" value="/Users/mahtabsiddique/git/OrangeHRM_Automation/Reports/20241223_154350/Employee_Onboarding/TS_Employee_Registration/20241223_154350/execution0.log"/>
         <property name="attachments" value=""/>
         <property name="hostName" value="mahtabsiddique - localhost"/>
         <property name="os" value="Mac OS X 64bit"/>
         <property name="katalonVersion" value="10.0.0.223"/>
         <property name="browser" value="Chrome 131.0.0.0"/>
         <property name="hostAddress" value="127.0.0.1"/>
         <property name="sessionId" value="4359f1c912d64ba59b7c5bb2fce30af8"/>
         <property name="seleniumVersion" value="4.22.0"/>
         <property name="proxyInformation" value="ProxyInformation { proxyOption=NO_PROXY, proxyServerType=HTTP, username=, password=********, proxyServerAddress=, proxyServerPort=0, executionList=&quot;&quot;, isApplyToDesiredCapabilities=true }"/>
         <property name="platform" value="Mac OS X"/>
      </properties>
      <testcase name="Test Cases/Employee_Onboarding/TC_Login" time="12.414" classname="Test Cases/Employee_Onboarding/TC_Login" status="PASSED">
         <system-out><![CDATA[23-12-2024T15:43:57 - [TEST_CASE][PASSED] - Test Cases/Employee_Onboarding/TC_Login: Test Cases/Employee_Onboarding/TC_Login

23-12-2024T15:43:57 - [TEST_STEP][PASSED] - openBrowser(""): Browser is opened with url: ''

23-12-2024T15:43:57 - [MESSAGE][INFO] - Starting 'Chrome' driver

23-12-2024T15:43:57 - [MESSAGE][INFO] - Action delay is set to 0 milliseconds

23-12-2024T15:43:58 - [MESSAGE][PASSED] - Browser is opened with url: ''

23-12-2024T15:43:58 - [TEST_STEP][PASSED] - navigateToUrl("http://orange.katalon.com/web/index.php/auth/login"): Navigate to 'http://orange.katalon.com/web/index.php/auth/login' successfully

23-12-2024T15:44:06 - [MESSAGE][PASSED] - Navigate to 'http://orange.katalon.com/web/index.php/auth/login' successfully

23-12-2024T15:44:06 - [TEST_STEP][PASSED] - comment("Test"): Test

23-12-2024T15:44:06 - [MESSAGE][INFO] - Test

23-12-2024T15:44:06 - [TEST_STEP][PASSED] - setText(findTestObject("Object Repository/Employee-Onboarding/Page_OrangeHRM/input_Username_username"), "mahtab"): Text 'mahtab' is set on object 'Object Repository/Employee-Onboarding/Page_OrangeHRM/input_Username_username'

23-12-2024T15:44:07 - [MESSAGE][PASSED] - Text 'mahtab' is set on object 'Object Repository/Employee-Onboarding/Page_OrangeHRM/input_Username_username'

23-12-2024T15:44:07 - [TEST_STEP][PASSED] - setEncryptedText(findTestObject("Object Repository/Employee-Onboarding/Page_OrangeHRM/input_Password_password"), "p7egalF197zCPQnMaznrNq5yBULcTkKN"): Text ****** has been set on object 'Object Repository/Employee-Onboarding/Page_OrangeHRM/input_Password_password'

23-12-2024T15:44:07 - [MESSAGE][PASSED] - Text ****** has been set on object 'Object Repository/Employee-Onboarding/Page_OrangeHRM/input_Password_password'

23-12-2024T15:44:07 - [TEST_STEP][PASSED] - click(findTestObject("Object Repository/Employee-Onboarding/Page_OrangeHRM/button_Login")): Object: 'Object Repository/Employee-Onboarding/Page_OrangeHRM/button_Login' is clicked on

23-12-2024T15:44:09 - [MESSAGE][PASSED] - Object: 'Object Repository/Employee-Onboarding/Page_OrangeHRM/button_Login' is clicked on]]></system-out>
         <system-err><![CDATA[]]></system-err>
      </testcase>
      <testcase name="Test Cases/Employee_Onboarding/TC_Employee_Onboarding" time="12.545" classname="Test Cases/Employee_Onboarding/TC_Employee_Onboarding" status="PASSED">
         <system-out><![CDATA[23-12-2024T15:44:09 - [TEST_CASE][PASSED] - Test Cases/Employee_Onboarding/TC_Employee_Onboarding: Test Cases/Employee_Onboarding/TC_Employee_Onboarding

23-12-2024T15:44:09 - [TEST_STEP][PASSED] - click(findTestObject("Object Repository/Employee-Onboarding/Page_OrangeHRM/a_PIM")): Object: 'Object Repository/Employee-Onboarding/Page_OrangeHRM/a_PIM' is clicked on

23-12-2024T15:44:13 - [MESSAGE][PASSED] - Object: 'Object Repository/Employee-Onboarding/Page_OrangeHRM/a_PIM' is clicked on

23-12-2024T15:44:13 - [TEST_STEP][PASSED] - click(findTestObject("Object Repository/Employee-Onboarding/Page_OrangeHRM/button_Add")): Object: 'Object Repository/Employee-Onboarding/Page_OrangeHRM/button_Add' is clicked on

23-12-2024T15:44:16 - [MESSAGE][PASSED] - Object: 'Object Repository/Employee-Onboarding/Page_OrangeHRM/button_Add' is clicked on

23-12-2024T15:44:16 - [TEST_STEP][PASSED] - click(findTestObject("Object Repository/Employee-Onboarding/Page_OrangeHRM/input_Employee Full Name_firstName")): Object: 'Object Repository/Employee-Onboarding/Page_OrangeHRM/input_Employee Full Name_firstName' is clicked on

23-12-2024T15:44:17 - [MESSAGE][PASSED] - Object: 'Object Repository/Employee-Onboarding/Page_OrangeHRM/input_Employee Full Name_firstName' is clicked on

23-12-2024T15:44:17 - [TEST_STEP][PASSED] - setText(findTestObject("Object Repository/Employee-Onboarding/Page_OrangeHRM/input_Employee Full Name_firstName"), Firstname): Text 'Alice' is set on object 'Object Repository/Employee-Onboarding/Page_OrangeHRM/input_Employee Full Name_firstName'

23-12-2024T15:44:18 - [MESSAGE][PASSED] - Text 'Alice' is set on object 'Object Repository/Employee-Onboarding/Page_OrangeHRM/input_Employee Full Name_firstName'

23-12-2024T15:44:18 - [TEST_STEP][PASSED] - setText(findTestObject("Object Repository/Employee-Onboarding/Page_OrangeHRM/input_Employee Full Name_lastName"), Lastname): Text 'Johnson' is set on object 'Object Repository/Employee-Onboarding/Page_OrangeHRM/input_Employee Full Name_lastName'

23-12-2024T15:44:18 - [MESSAGE][PASSED] - Text 'Johnson' is set on object 'Object Repository/Employee-Onboarding/Page_OrangeHRM/input_Employee Full Name_lastName'

23-12-2024T15:44:18 - [TEST_STEP][PASSED] - clearText(findTestObject("Object Repository/Employee-Onboarding/Page_OrangeHRM/input_Employee Id_oxd-input oxd-input--focus")): Text of object 'Object Repository/Employee-Onboarding/Page_OrangeHRM/input_Employee Id_oxd-input oxd-input--focus' is cleared

23-12-2024T15:44:19 - [MESSAGE][PASSED] - Text of object 'Object Repository/Employee-Onboarding/Page_OrangeHRM/input_Employee Id_oxd-input oxd-input--focus' is cleared

23-12-2024T15:44:19 - [TEST_STEP][PASSED] - setText(findTestObject("Object Repository/Employee-Onboarding/Page_OrangeHRM/input_Employee Id_oxd-input oxd-input--focus"), EmployeeID): Text '008' is set on object 'Object Repository/Employee-Onboarding/Page_OrangeHRM/input_Employee Id_oxd-input oxd-input--focus'

23-12-2024T15:44:19 - [MESSAGE][PASSED] - Text '008' is set on object 'Object Repository/Employee-Onboarding/Page_OrangeHRM/input_Employee Id_oxd-input oxd-input--focus'

23-12-2024T15:44:19 - [TEST_STEP][PASSED] - click(findTestObject("Object Repository/Employee-Onboarding/Page_OrangeHRM/span_Employee Id_oxd-switch-input oxd-switc_efe210")): Object: 'Object Repository/Employee-Onboarding/Page_OrangeHRM/span_Employee Id_oxd-switch-input oxd-switc_efe210' is clicked on

23-12-2024T15:44:19 - [MESSAGE][PASSED] - Object: 'Object Repository/Employee-Onboarding/Page_OrangeHRM/span_Employee Id_oxd-switch-input oxd-switc_efe210' is clicked on

23-12-2024T15:44:20 - [TEST_STEP][PASSED] - firstname = getAttribute(findTestObject("Object Repository/Employee-Onboarding/Page_OrangeHRM/input_Employee Full Name_firstName"), "value").toLowerCase(): Attribute 'value' of object 'Object Repository/Employee-Onboarding/Page_OrangeHRM/input_Employee Full Name_firstName' is: 'Alice'

23-12-2024T15:44:20 - [MESSAGE][PASSED] - Attribute 'value' of object 'Object Repository/Employee-Onboarding/Page_OrangeHRM/input_Employee Full Name_firstName' is: 'Alice'

23-12-2024T15:44:20 - [TEST_STEP][PASSED] - lastname = getAttribute(findTestObject("Object Repository/Employee-Onboarding/Page_OrangeHRM/input_Employee Full Name_lastName"), "value").toLowerCase(): Attribute 'value' of object 'Object Repository/Employee-Onboarding/Page_OrangeHRM/input_Employee Full Name_lastName' is: 'Johnson'

23-12-2024T15:44:20 - [MESSAGE][PASSED] - Attribute 'value' of object 'Object Repository/Employee-Onboarding/Page_OrangeHRM/input_Employee Full Name_lastName' is: 'Johnson'

23-12-2024T15:44:20 - [TEST_STEP][PASSED] - username = firstname + "." + lastname: null

23-12-2024T15:44:20 - [TEST_STEP][PASSED] - setText(findTestObject("Object Repository/Employee-Onboarding/Page_OrangeHRM/input_Username_oxd-input oxd-input--focus"), username): Text 'alice.johnson' is set on object 'Object Repository/Employee-Onboarding/Page_OrangeHRM/input_Username_oxd-input oxd-input--focus'

23-12-2024T15:44:21 - [MESSAGE][PASSED] - Text 'alice.johnson' is set on object 'Object Repository/Employee-Onboarding/Page_OrangeHRM/input_Username_oxd-input oxd-input--focus'

23-12-2024T15:44:21 - [TEST_STEP][PASSED] - setEncryptedText(findTestObject("Object Repository/Employee-Onboarding/Page_OrangeHRM/input_Password_oxd-input oxd-input--active"), "p7egalF197zCPQnMaznrNq5yBULcTkKN"): Text ****** has been set on object 'Object Repository/Employee-Onboarding/Page_OrangeHRM/input_Password_oxd-input oxd-input--active'

23-12-2024T15:44:21 - [MESSAGE][PASSED] - Text ****** has been set on object 'Object Repository/Employee-Onboarding/Page_OrangeHRM/input_Password_oxd-input oxd-input--active'

23-12-2024T15:44:21 - [TEST_STEP][PASSED] - setEncryptedText(findTestObject("Object Repository/Employee-Onboarding/Page_OrangeHRM/input_Confirm Password_oxd-input oxd-input-_a3aecb"), "p7egalF197zCPQnMaznrNq5yBULcTkKN"): Text ****** has been set on object 'Object Repository/Employee-Onboarding/Page_OrangeHRM/input_Confirm Password_oxd-input oxd-input-_a3aecb'

23-12-2024T15:44:22 - [MESSAGE][PASSED] - Text ****** has been set on object 'Object Repository/Employee-Onboarding/Page_OrangeHRM/input_Confirm Password_oxd-input oxd-input-_a3aecb'

23-12-2024T15:44:22 - [TEST_STEP][PASSED] - click(findTestObject("Object Repository/Employee-Onboarding/Page_OrangeHRM/button_Save")): Object: 'Object Repository/Employee-Onboarding/Page_OrangeHRM/button_Save' is clicked on

23-12-2024T15:44:22 - [MESSAGE][PASSED] - Object: 'Object Repository/Employee-Onboarding/Page_OrangeHRM/button_Save' is clicked on]]></system-out>
         <system-err><![CDATA[]]></system-err>
      </testcase>
      <testcase name="Test Cases/Employee_Onboarding/TC_Employee_Job_Details" time="20.281" classname="Test Cases/Employee_Onboarding/TC_Employee_Job_Details" status="PASSED">
         <system-out><![CDATA[23-12-2024T15:44:22 - [TEST_CASE][PASSED] - Test Cases/Employee_Onboarding/TC_Employee_Job_Details: Test Cases/Employee_Onboarding/TC_Employee_Job_Details

23-12-2024T15:44:22 - [TEST_STEP][PASSED] - click(findTestObject("Object Repository/Employee-Onboarding/Employee_Job_Details/Page_OrangeHRM/a_PIM")): Object: 'Object Repository/Employee-Onboarding/Employee_Job_Details/Page_OrangeHRM/a_PIM' is clicked on

23-12-2024T15:44:27 - [MESSAGE][PASSED] - Object: 'Object Repository/Employee-Onboarding/Employee_Job_Details/Page_OrangeHRM/a_PIM' is clicked on

23-12-2024T15:44:27 - [TEST_STEP][PASSED] - setText(findTestObject("Object Repository/Employee-Onboarding/Employee_Job_Details/Page_OrangeHRM/input"), "Alice Johnson"): Text 'Alice Johnson' is set on object 'Object Repository/Employee-Onboarding/Employee_Job_Details/Page_OrangeHRM/input'

23-12-2024T15:44:29 - [MESSAGE][PASSED] - Text 'Alice Johnson' is set on object 'Object Repository/Employee-Onboarding/Employee_Job_Details/Page_OrangeHRM/input'

23-12-2024T15:44:29 - [TEST_STEP][PASSED] - click(findTestObject("Object Repository/Employee-Onboarding/Employee_Job_Details/Page_OrangeHRM/button_Search")): Object: 'Object Repository/Employee-Onboarding/Employee_Job_Details/Page_OrangeHRM/button_Search' is clicked on

23-12-2024T15:44:29 - [MESSAGE][PASSED] - Object: 'Object Repository/Employee-Onboarding/Employee_Job_Details/Page_OrangeHRM/button_Search' is clicked on

23-12-2024T15:44:29 - [TEST_STEP][PASSED] - click(findTestObject("Object Repository/Employee-Onboarding/Employee_Job_Details/Page_OrangeHRM/div_0030008")): Object: 'Object Repository/Employee-Onboarding/Employee_Job_Details/Page_OrangeHRM/div_0030008' is clicked on

23-12-2024T15:44:31 - [MESSAGE][PASSED] - Object: 'Object Repository/Employee-Onboarding/Employee_Job_Details/Page_OrangeHRM/div_0030008' is clicked on

23-12-2024T15:44:31 - [TEST_STEP][PASSED] - click(findTestObject("Object Repository/Employee-Onboarding/Employee_Job_Details/Page_OrangeHRM/a_Job")): Object: 'Object Repository/Employee-Onboarding/Employee_Job_Details/Page_OrangeHRM/a_Job' is clicked on

23-12-2024T15:44:36 - [MESSAGE][PASSED] - Object: 'Object Repository/Employee-Onboarding/Employee_Job_Details/Page_OrangeHRM/a_Job' is clicked on

23-12-2024T15:44:36 - [TEST_STEP][PASSED] - click(findTestObject("Object Repository/Employee-Onboarding/Employee_Job_Details/Page_OrangeHRM/i_Joined Date_oxd-icon bi-calendar oxd-date_38329e")): Object: 'Object Repository/Employee-Onboarding/Employee_Job_Details/Page_OrangeHRM/i_Joined Date_oxd-icon bi-calendar oxd-date_38329e' is clicked on

23-12-2024T15:44:39 - [MESSAGE][PASSED] - Object: 'Object Repository/Employee-Onboarding/Employee_Job_Details/Page_OrangeHRM/i_Joined Date_oxd-icon bi-calendar oxd-date_38329e' is clicked on

23-12-2024T15:44:39 - [TEST_STEP][PASSED] - click(findTestObject("Object Repository/Employee-Onboarding/Employee_Job_Details/Page_OrangeHRM/div_27")): Object: 'Object Repository/Employee-Onboarding/Employee_Job_Details/Page_OrangeHRM/div_27' is clicked on

23-12-2024T15:44:39 - [MESSAGE][PASSED] - Object: 'Object Repository/Employee-Onboarding/Employee_Job_Details/Page_OrangeHRM/div_27' is clicked on

23-12-2024T15:44:39 - [TEST_STEP][PASSED] - click(findTestObject("Object Repository/Employee-Onboarding/Employee_Job_Details/Page_OrangeHRM/i_-- Select --_oxd-icon bi-caret-up-fill ox_627fec")): Object: 'Object Repository/Employee-Onboarding/Employee_Job_Details/Page_OrangeHRM/i_-- Select --_oxd-icon bi-caret-up-fill ox_627fec' is clicked on

23-12-2024T15:44:40 - [MESSAGE][PASSED] - Object: 'Object Repository/Employee-Onboarding/Employee_Job_Details/Page_OrangeHRM/i_-- Select --_oxd-icon bi-caret-up-fill ox_627fec' is clicked on

23-12-2024T15:44:40 - [TEST_STEP][PASSED] - click(findTestObject("Object Repository/Employee-Onboarding/Employee_Job_Details/Page_OrangeHRM/i_-- Select --_oxd-icon bi-caret-up-fill ox_627fec_1")): Object: 'Object Repository/Employee-Onboarding/Employee_Job_Details/Page_OrangeHRM/i_-- Select --_oxd-icon bi-caret-up-fill ox_627fec_1' is clicked on

23-12-2024T15:44:40 - [MESSAGE][PASSED] - Object: 'Object Repository/Employee-Onboarding/Employee_Job_Details/Page_OrangeHRM/i_-- Select --_oxd-icon bi-caret-up-fill ox_627fec_1' is clicked on

23-12-2024T15:44:40 - [TEST_STEP][PASSED] - click(findTestObject("Object Repository/Employee-Onboarding/Employee_Job_Details/Page_OrangeHRM/i_-- Select --_oxd-icon bi-caret-up-fill ox_627fec_1_2")): Object: 'Object Repository/Employee-Onboarding/Employee_Job_Details/Page_OrangeHRM/i_-- Select --_oxd-icon bi-caret-up-fill ox_627fec_1_2' is clicked on

23-12-2024T15:44:41 - [MESSAGE][PASSED] - Object: 'Object Repository/Employee-Onboarding/Employee_Job_Details/Page_OrangeHRM/i_-- Select --_oxd-icon bi-caret-up-fill ox_627fec_1_2' is clicked on

23-12-2024T15:44:41 - [TEST_STEP][PASSED] - click(findTestObject("Object Repository/Employee-Onboarding/Employee_Job_Details/Page_OrangeHRM/i_-- Select --_oxd-icon bi-caret-up-fill ox_627fec_1_2_3")): Object: 'Object Repository/Employee-Onboarding/Employee_Job_Details/Page_OrangeHRM/i_-- Select --_oxd-icon bi-caret-up-fill ox_627fec_1_2_3' is clicked on

23-12-2024T15:44:41 - [MESSAGE][PASSED] - Object: 'Object Repository/Employee-Onboarding/Employee_Job_Details/Page_OrangeHRM/i_-- Select --_oxd-icon bi-caret-up-fill ox_627fec_1_2_3' is clicked on

23-12-2024T15:44:41 - [TEST_STEP][PASSED] - click(findTestObject("Object Repository/Employee-Onboarding/Employee_Job_Details/Page_OrangeHRM/i_-- Select --_oxd-icon bi-caret-up-fill ox_627fec_1_2_3_4")): Object: 'Object Repository/Employee-Onboarding/Employee_Job_Details/Page_OrangeHRM/i_-- Select --_oxd-icon bi-caret-up-fill ox_627fec_1_2_3_4' is clicked on

23-12-2024T15:44:42 - [MESSAGE][PASSED] - Object: 'Object Repository/Employee-Onboarding/Employee_Job_Details/Page_OrangeHRM/i_-- Select --_oxd-icon bi-caret-up-fill ox_627fec_1_2_3_4' is clicked on

23-12-2024T15:44:42 - [TEST_STEP][PASSED] - click(findTestObject("Object Repository/Employee-Onboarding/Employee_Job_Details/Page_OrangeHRM/button_Save")): Object: 'Object Repository/Employee-Onboarding/Employee_Job_Details/Page_OrangeHRM/button_Save' is clicked on

23-12-2024T15:44:42 - [MESSAGE][PASSED] - Object: 'Object Repository/Employee-Onboarding/Employee_Job_Details/Page_OrangeHRM/button_Save' is clicked on]]></system-out>
         <system-err><![CDATA[]]></system-err>
      </testcase>
      <system-out><![CDATA[23-12-2024T15:43:57 - [TEST_SUITE][PASSED] - TS_Employee_Registration: Test Cases/Employee_Onboarding/TC_Employee_Job_Details]]></system-out>
      <system-err><![CDATA[]]></system-err>
   </testsuite>
</testsuites>
