<?xml version="1.0" encoding="UTF-8"?>
<testsuites name="TS_Employee_Contact_Details" time="1793.759" tests="96" failures="0" errors="0">
   <testsuite name="TS_Employee_Contact_Details" tests="96" failures="0" errors="0" time="1793.759" skipped="0" timestamp="27-12-2024T09:25:32" hostname="mahtabsiddique - localhost" id="Test Suites/Employee_Onboarding/TS_Employee_Contact_Details">
      <properties>
         <property name="deviceName" value=""/>
         <property name="devicePlatform"/>
         <property name="logFolder" value="/Users/mahtabsiddique/git/orange/orangeHRM_Automation/Reports/20241227_092526/Employee_Onboarding/TS_Employee_Contact_Details/20241227_092527"/>
         <property name="logFiles" value="/Users/mahtabsiddique/git/orange/orangeHRM_Automation/Reports/20241227_092526/Employee_Onboarding/TS_Employee_Contact_Details/20241227_092527/execution0.log"/>
         <property name="attachments" value=""/>
         <property name="hostName" value="mahtabsiddique - localhost"/>
         <property name="os" value="Mac OS X 64bit"/>
         <property name="katalonVersion" value="10.0.1.223"/>
         <property name="browser" value="Chrome 131.0.0.0"/>
         <property name="hostAddress" value="127.0.0.1"/>
         <property name="sessionId" value="35b2fde31c3ee4fa8a7f8948ee915c96"/>
         <property name="seleniumVersion" value="4.22.0"/>
         <property name="proxyInformation" value="ProxyInformation { proxyOption=NO_PROXY, proxyServerType=HTTP, username=, password=********, proxyServerAddress=, proxyServerPort=0, executionList=&quot;&quot;, isApplyToDesiredCapabilities=true }"/>
         <property name="platform" value="Mac OS X"/>
      </properties>
      <testcase name="Test Cases/Employee_Onboarding/TC_Employee_Login" time="19.563" classname="Test Cases/Employee_Onboarding/TC_Employee_Login" status="PASSED">
         <system-out><![CDATA[27-12-2024T09:25:32 - [TEST_CASE][PASSED] - Test Cases/Employee_Onboarding/TC_Employee_Login: Test Cases/Employee_Onboarding/TC_Employee_Login

27-12-2024T09:25:32 - [TEST_STEP][PASSED] - comment("Step 1: Open a new browser instance"): Step 1: Open a new browser instance

27-12-2024T09:25:32 - [MESSAGE][INFO] - Step 1: Open a new browser instance

27-12-2024T09:25:32 - [TEST_STEP][PASSED] - openBrowser(""): Browser is opened with url: ''

27-12-2024T09:25:33 - [MESSAGE][INFO] - Starting 'Chrome' driver

27-12-2024T09:25:33 - [MESSAGE][INFO] - Action delay is set to 0 milliseconds

27-12-2024T09:25:34 - [MESSAGE][PASSED] - Browser is opened with url: ''

27-12-2024T09:25:34 - [TEST_STEP][PASSED] - comment("Step 2: Navigate to the OrangeHRM login page"): Step 2: Navigate to the OrangeHRM login page

27-12-2024T09:25:34 - [MESSAGE][INFO] - Step 2: Navigate to the OrangeHRM login page

27-12-2024T09:25:34 - [TEST_STEP][PASSED] - navigateToUrl(URL): Navigate to 'http://orange.katalon.com/web/index.php/auth/login' successfully

27-12-2024T09:25:49 - [MESSAGE][PASSED] - Navigate to 'http://orange.katalon.com/web/index.php/auth/login' successfully

27-12-2024T09:25:49 - [TEST_STEP][PASSED] - comment("Step 3: Enter the username into the username input field"): Step 3: Enter the username into the username input field

27-12-2024T09:25:49 - [MESSAGE][INFO] - Step 3: Enter the username into the username input field

27-12-2024T09:25:49 - [TEST_STEP][PASSED] - setText(findTestObject("Object Repository/Employee-Onboarding/Page_OrangeHRM/input_Username_username"), Username): Text 'mahtab' is set on object 'Object Repository/Employee-Onboarding/Page_OrangeHRM/input_Username_username'

27-12-2024T09:25:50 - [MESSAGE][PASSED] - Text 'mahtab' is set on object 'Object Repository/Employee-Onboarding/Page_OrangeHRM/input_Username_username'

27-12-2024T09:25:50 - [TEST_STEP][PASSED] - comment("Step 4: Enter the encrypted password into the password input field"): Step 4: Enter the encrypted password into the password input field

27-12-2024T09:25:50 - [MESSAGE][INFO] - Step 4: Enter the encrypted password into the password input field

27-12-2024T09:25:50 - [TEST_STEP][PASSED] - setEncryptedText(findTestObject("Object Repository/Employee-Onboarding/Page_OrangeHRM/input_Password_password"), Password): Text ****** has been set on object 'Object Repository/Employee-Onboarding/Page_OrangeHRM/input_Password_password'

27-12-2024T09:25:50 - [MESSAGE][PASSED] - Text ****** has been set on object 'Object Repository/Employee-Onboarding/Page_OrangeHRM/input_Password_password'

27-12-2024T09:25:50 - [TEST_STEP][PASSED] - comment("Step 5: Click the login button to submit the login form"): Step 5: Click the login button to submit the login form

27-12-2024T09:25:50 - [MESSAGE][INFO] - Step 5: Click the login button to submit the login form

27-12-2024T09:25:50 - [TEST_STEP][PASSED] - click(findTestObject("Object Repository/Employee-Onboarding/Page_OrangeHRM/button_Login")): Object: 'Object Repository/Employee-Onboarding/Page_OrangeHRM/button_Login' is clicked on

27-12-2024T09:25:52 - [MESSAGE][PASSED] - Object: 'Object Repository/Employee-Onboarding/Page_OrangeHRM/button_Login' is clicked on]]></system-out>
         <system-err><![CDATA[]]></system-err>
      </testcase>
      <testcase name="Test Cases/Employee_Onboarding/TC_Employee_Contact_Details" time="19.934" classname="Test Cases/Employee_Onboarding/TC_Employee_Contact_Details" status="PASSED">
         <system-out><![CDATA[27-12-2024T09:25:52 - [TEST_CASE][PASSED] - Test Cases/Employee_Onboarding/TC_Employee_Contact_Details: Test Cases/Employee_Onboarding/TC_Employee_Contact_Details

27-12-2024T09:25:52 - [TEST_STEP][PASSED] - click(findTestObject("Object Repository/Employee-Onboarding/Employee_Contact_Details/Page_OrangeHRM/a_PIM")): Object: 'Object Repository/Employee-Onboarding/Employee_Contact_Details/Page_OrangeHRM/a_PIM' is clicked on

27-12-2024T09:25:55 - [MESSAGE][PASSED] - Object: 'Object Repository/Employee-Onboarding/Employee_Contact_Details/Page_OrangeHRM/a_PIM' is clicked on

27-12-2024T09:25:55 - [TEST_STEP][PASSED] - setText(findTestObject("Object Repository/Employee-Onboarding/Employee_Contact_Details/Page_OrangeHRM/input"), Fullname): Text 'Amy Lucero' is set on object 'Object Repository/Employee-Onboarding/Employee_Contact_Details/Page_OrangeHRM/input'

27-12-2024T09:25:57 - [MESSAGE][PASSED] - Text 'Amy Lucero' is set on object 'Object Repository/Employee-Onboarding/Employee_Contact_Details/Page_OrangeHRM/input'

27-12-2024T09:25:57 - [TEST_STEP][PASSED] - click(findTestObject("Object Repository/Employee-Onboarding/Employee_Contact_Details/Page_OrangeHRM/button_Search")): Object: 'Object Repository/Employee-Onboarding/Employee_Contact_Details/Page_OrangeHRM/button_Search' is clicked on

27-12-2024T09:25:58 - [MESSAGE][PASSED] - Object: 'Object Repository/Employee-Onboarding/Employee_Contact_Details/Page_OrangeHRM/button_Search' is clicked on

27-12-2024T09:25:58 - [TEST_STEP][PASSED] - click(findTestObject("Object Repository/Employee-Onboarding/Employee_Contact_Details/Page_OrangeHRM/div_Actions_oxd-table-cell oxd-padding-cell")): Object: 'Object Repository/Employee-Onboarding/Employee_Contact_Details/Page_OrangeHRM/div_Actions_oxd-table-cell oxd-padding-cell' is clicked on

27-12-2024T09:26:00 - [MESSAGE][PASSED] - Object: 'Object Repository/Employee-Onboarding/Employee_Contact_Details/Page_OrangeHRM/div_Actions_oxd-table-cell oxd-padding-cell' is clicked on

27-12-2024T09:26:00 - [TEST_STEP][PASSED] - click(findTestObject("Object Repository/Employee-Onboarding/Employee_Contact_Details/Page_OrangeHRM/a_Contact Details")): Object: 'Object Repository/Employee-Onboarding/Employee_Contact_Details/Page_OrangeHRM/a_Contact Details' is clicked on

27-12-2024T09:26:03 - [MESSAGE][PASSED] - Object: 'Object Repository/Employee-Onboarding/Employee_Contact_Details/Page_OrangeHRM/a_Contact Details' is clicked on

27-12-2024T09:26:03 - [TEST_STEP][PASSED] - setText(findTestObject("Object Repository/Employee-Onboarding/Employee_Contact_Details/Page_OrangeHRM/input_Street 1_oxd-input oxd-input--focus"), Street1): Text '8755 Morris Harbor' is set on object 'Object Repository/Employee-Onboarding/Employee_Contact_Details/Page_OrangeHRM/input_Street 1_oxd-input oxd-input--focus'

27-12-2024T09:26:05 - [MESSAGE][PASSED] - Text '8755 Morris Harbor' is set on object 'Object Repository/Employee-Onboarding/Employee_Contact_Details/Page_OrangeHRM/input_Street 1_oxd-input oxd-input--focus'

27-12-2024T09:26:05 - [TEST_STEP][PASSED] - setText(findTestObject("Object Repository/Employee-Onboarding/Employee_Contact_Details/Page_OrangeHRM/input_Street 2_oxd-input oxd-input--active"), Street2): Text 'Apt. 204' is set on object 'Object Repository/Employee-Onboarding/Employee_Contact_Details/Page_OrangeHRM/input_Street 2_oxd-input oxd-input--active'

27-12-2024T09:26:05 - [MESSAGE][PASSED] - Text 'Apt. 204' is set on object 'Object Repository/Employee-Onboarding/Employee_Contact_Details/Page_OrangeHRM/input_Street 2_oxd-input oxd-input--active'

27-12-2024T09:26:06 - [TEST_STEP][PASSED] - setText(findTestObject("Object Repository/Employee-Onboarding/Employee_Contact_Details/Page_OrangeHRM/input_City_oxd-input oxd-input--active"), City): Text 'Colemanport' is set on object 'Object Repository/Employee-Onboarding/Employee_Contact_Details/Page_OrangeHRM/input_City_oxd-input oxd-input--active'

27-12-2024T09:26:06 - [MESSAGE][PASSED] - Text 'Colemanport' is set on object 'Object Repository/Employee-Onboarding/Employee_Contact_Details/Page_OrangeHRM/input_City_oxd-input oxd-input--active'

27-12-2024T09:26:06 - [TEST_STEP][PASSED] - setText(findTestObject("Object Repository/Employee-Onboarding/Employee_Contact_Details/Page_OrangeHRM/input_StateProvince_oxd-input oxd-input--active"), State): Text 'North Carolina' is set on object 'Object Repository/Employee-Onboarding/Employee_Contact_Details/Page_OrangeHRM/input_StateProvince_oxd-input oxd-input--active'

27-12-2024T09:26:07 - [MESSAGE][PASSED] - Text 'North Carolina' is set on object 'Object Repository/Employee-Onboarding/Employee_Contact_Details/Page_OrangeHRM/input_StateProvince_oxd-input oxd-input--active'

27-12-2024T09:26:07 - [TEST_STEP][PASSED] - setText(findTestObject("Object Repository/Employee-Onboarding/Employee_Contact_Details/Page_OrangeHRM/input_ZipPostal Code_oxd-input oxd-input--active"), ZipCode): Text '54051' is set on object 'Object Repository/Employee-Onboarding/Employee_Contact_Details/Page_OrangeHRM/input_ZipPostal Code_oxd-input oxd-input--active'

27-12-2024T09:26:07 - [MESSAGE][PASSED] - Text '54051' is set on object 'Object Repository/Employee-Onboarding/Employee_Contact_Details/Page_OrangeHRM/input_ZipPostal Code_oxd-input oxd-input--active'

27-12-2024T09:26:07 - [TEST_STEP][PASSED] - click(findTestObject("Object Repository/Employee-Onboarding/Employee_Contact_Details/Page_OrangeHRM/i_-- Select --_oxd-icon bi-caret-up-fill ox_627fec")): Object: 'Object Repository/Employee-Onboarding/Employee_Contact_Details/Page_OrangeHRM/i_-- Select --_oxd-icon bi-caret-up-fill ox_627fec' is clicked on

27-12-2024T09:26:07 - [MESSAGE][PASSED] - Object: 'Object Repository/Employee-Onboarding/Employee_Contact_Details/Page_OrangeHRM/i_-- Select --_oxd-icon bi-caret-up-fill ox_627fec' is clicked on

27-12-2024T09:26:07 - [TEST_STEP][PASSED] - click(findTestObject("Employee-Onboarding/Employee_Salary_Detail_Objects/Page_OrangeHRM/custom_object_for_dropdown", ["value":Country])): Object: 'Object Repository/Employee-Onboarding/Employee_Salary_Detail_Objects/Page_OrangeHRM/custom_object_for_dropdown' is clicked on

27-12-2024T09:26:08 - [MESSAGE][PASSED] - Object: 'Object Repository/Employee-Onboarding/Employee_Salary_Detail_Objects/Page_OrangeHRM/custom_object_for_dropdown' is clicked on

27-12-2024T09:26:08 - [TEST_STEP][PASSED] - setText(findTestObject("Object Repository/Employee-Onboarding/Employee_Contact_Details/Page_OrangeHRM/input_Home_oxd-input oxd-input--focus"), Tel_Home): Text '(931)851-2215' is set on object 'Object Repository/Employee-Onboarding/Employee_Contact_Details/Page_OrangeHRM/input_Home_oxd-input oxd-input--focus'

27-12-2024T09:26:08 - [MESSAGE][PASSED] - Text '(931)851-2215' is set on object 'Object Repository/Employee-Onboarding/Employee_Contact_Details/Page_OrangeHRM/input_Home_oxd-input oxd-input--focus'

27-12-2024T09:26:08 - [TEST_STEP][PASSED] - setText(findTestObject("Object Repository/Employee-Onboarding/Employee_Contact_Details/Page_OrangeHRM/input_Mobile_oxd-input oxd-input--focus"), Tell_Mobile): Text '246-680-7358' is set on object 'Object Repository/Employee-Onboarding/Employee_Contact_Details/Page_OrangeHRM/input_Mobile_oxd-input oxd-input--focus'

27-12-2024T09:26:09 - [MESSAGE][PASSED] - Text '246-680-7358' is set on object 'Object Repository/Employee-Onboarding/Employee_Contact_Details/Page_OrangeHRM/input_Mobile_oxd-input oxd-input--focus'

27-12-2024T09:26:09 - [TEST_STEP][PASSED] - setText(findTestObject("Object Repository/Employee-Onboarding/Employee_Contact_Details/Page_OrangeHRM/input_Work_oxd-input oxd-input--focus"), Tel_Work): Text '001-949-521-6079' is set on object 'Object Repository/Employee-Onboarding/Employee_Contact_Details/Page_OrangeHRM/input_Work_oxd-input oxd-input--focus'

27-12-2024T09:26:09 - [MESSAGE][PASSED] - Text '001-949-521-6079' is set on object 'Object Repository/Employee-Onboarding/Employee_Contact_Details/Page_OrangeHRM/input_Work_oxd-input oxd-input--focus'

27-12-2024T09:26:09 - [TEST_STEP][PASSED] - setText(findTestObject("Object Repository/Employee-Onboarding/Employee_Contact_Details/Page_OrangeHRM/input_Work Email_oxd-input oxd-input--active"), Email_Work): Text 'amy.lucero@huang.org' is set on object 'Object Repository/Employee-Onboarding/Employee_Contact_Details/Page_OrangeHRM/input_Work Email_oxd-input oxd-input--active'

27-12-2024T09:26:10 - [MESSAGE][PASSED] - Text 'amy.lucero@huang.org' is set on object 'Object Repository/Employee-Onboarding/Employee_Contact_Details/Page_OrangeHRM/input_Work Email_oxd-input oxd-input--active'

27-12-2024T09:26:10 - [TEST_STEP][PASSED] - setText(findTestObject("Object Repository/Employee-Onboarding/Employee_Contact_Details/Page_OrangeHRM/input_Other Email_oxd-input oxd-input--focu_8ec2d9"), Email_Other): Text 'amy.lucero@myfakeemail.com' is set on object 'Object Repository/Employee-Onboarding/Employee_Contact_Details/Page_OrangeHRM/input_Other Email_oxd-input oxd-input--focu_8ec2d9'

27-12-2024T09:26:11 - [MESSAGE][PASSED] - Text 'amy.lucero@myfakeemail.com' is set on object 'Object Repository/Employee-Onboarding/Employee_Contact_Details/Page_OrangeHRM/input_Other Email_oxd-input oxd-input--focu_8ec2d9'

27-12-2024T09:26:11 - [TEST_STEP][PASSED] - click(findTestObject("Object Repository/Employee-Onboarding/Employee_Contact_Details/Page_OrangeHRM/button_Save")): Object: 'Object Repository/Employee-Onboarding/Employee_Contact_Details/Page_OrangeHRM/button_Save' is clicked on

27-12-2024T09:26:12 - [MESSAGE][PASSED] - Object: 'Object Repository/Employee-Onboarding/Employee_Contact_Details/Page_OrangeHRM/button_Save' is clicked on]]></system-out>
         <system-err><![CDATA[]]></system-err>
      </testcase>
      <testcase name="Test Cases/Employee_Onboarding/TC_Employee_Contact_Details" time="17.027" classname="Test Cases/Employee_Onboarding/TC_Employee_Contact_Details" status="PASSED">
         <system-out><![CDATA[27-12-2024T09:26:12 - [TEST_CASE][PASSED] - Test Cases/Employee_Onboarding/TC_Employee_Contact_Details: Test Cases/Employee_Onboarding/TC_Employee_Contact_Details

27-12-2024T09:26:12 - [TEST_STEP][PASSED] - click(findTestObject("Object Repository/Employee-Onboarding/Employee_Contact_Details/Page_OrangeHRM/a_PIM")): Object: 'Object Repository/Employee-Onboarding/Employee_Contact_Details/Page_OrangeHRM/a_PIM' is clicked on

27-12-2024T09:26:13 - [MESSAGE][PASSED] - Object: 'Object Repository/Employee-Onboarding/Employee_Contact_Details/Page_OrangeHRM/a_PIM' is clicked on

27-12-2024T09:26:13 - [TEST_STEP][PASSED] - setText(findTestObject("Object Repository/Employee-Onboarding/Employee_Contact_Details/Page_OrangeHRM/input"), Fullname): Text 'Amanda Guzman' is set on object 'Object Repository/Employee-Onboarding/Employee_Contact_Details/Page_OrangeHRM/input'

27-12-2024T09:26:15 - [MESSAGE][PASSED] - Text 'Amanda Guzman' is set on object 'Object Repository/Employee-Onboarding/Employee_Contact_Details/Page_OrangeHRM/input'

27-12-2024T09:26:15 - [TEST_STEP][PASSED] - click(findTestObject("Object Repository/Employee-Onboarding/Employee_Contact_Details/Page_OrangeHRM/button_Search")): Object: 'Object Repository/Employee-Onboarding/Employee_Contact_Details/Page_OrangeHRM/button_Search' is clicked on

27-12-2024T09:26:16 - [MESSAGE][PASSED] - Object: 'Object Repository/Employee-Onboarding/Employee_Contact_Details/Page_OrangeHRM/button_Search' is clicked on

27-12-2024T09:26:16 - [TEST_STEP][PASSED] - click(findTestObject("Object Repository/Employee-Onboarding/Employee_Contact_Details/Page_OrangeHRM/div_Actions_oxd-table-cell oxd-padding-cell")): Object: 'Object Repository/Employee-Onboarding/Employee_Contact_Details/Page_OrangeHRM/div_Actions_oxd-table-cell oxd-padding-cell' is clicked on

27-12-2024T09:26:17 - [MESSAGE][PASSED] - Object: 'Object Repository/Employee-Onboarding/Employee_Contact_Details/Page_OrangeHRM/div_Actions_oxd-table-cell oxd-padding-cell' is clicked on

27-12-2024T09:26:17 - [TEST_STEP][PASSED] - click(findTestObject("Object Repository/Employee-Onboarding/Employee_Contact_Details/Page_OrangeHRM/a_Contact Details")): Object: 'Object Repository/Employee-Onboarding/Employee_Contact_Details/Page_OrangeHRM/a_Contact Details' is clicked on

27-12-2024T09:26:20 - [MESSAGE][PASSED] - Object: 'Object Repository/Employee-Onboarding/Employee_Contact_Details/Page_OrangeHRM/a_Contact Details' is clicked on

27-12-2024T09:26:20 - [TEST_STEP][PASSED] - setText(findTestObject("Object Repository/Employee-Onboarding/Employee_Contact_Details/Page_OrangeHRM/input_Street 1_oxd-input oxd-input--focus"), Street1): Text '8753 Nathaniel Port' is set on object 'Object Repository/Employee-Onboarding/Employee_Contact_Details/Page_OrangeHRM/input_Street 1_oxd-input oxd-input--focus'

27-12-2024T09:26:22 - [MESSAGE][PASSED] - Text '8753 Nathaniel Port' is set on object 'Object Repository/Employee-Onboarding/Employee_Contact_Details/Page_OrangeHRM/input_Street 1_oxd-input oxd-input--focus'

27-12-2024T09:26:22 - [TEST_STEP][PASSED] - setText(findTestObject("Object Repository/Employee-Onboarding/Employee_Contact_Details/Page_OrangeHRM/input_Street 2_oxd-input oxd-input--active"), Street2): Text 'Apt. 159' is set on object 'Object Repository/Employee-Onboarding/Employee_Contact_Details/Page_OrangeHRM/input_Street 2_oxd-input oxd-input--active'

27-12-2024T09:26:23 - [MESSAGE][PASSED] - Text 'Apt. 159' is set on object 'Object Repository/Employee-Onboarding/Employee_Contact_Details/Page_OrangeHRM/input_Street 2_oxd-input oxd-input--active'

27-12-2024T09:26:23 - [TEST_STEP][PASSED] - setText(findTestObject("Object Repository/Employee-Onboarding/Employee_Contact_Details/Page_OrangeHRM/input_City_oxd-input oxd-input--active"), City): Text 'Tomside' is set on object 'Object Repository/Employee-Onboarding/Employee_Contact_Details/Page_OrangeHRM/input_City_oxd-input oxd-input--active'

27-12-2024T09:26:23 - [MESSAGE][PASSED] - Text 'Tomside' is set on object 'Object Repository/Employee-Onboarding/Employee_Contact_Details/Page_OrangeHRM/input_City_oxd-input oxd-input--active'

27-12-2024T09:26:23 - [TEST_STEP][PASSED] - setText(findTestObject("Object Repository/Employee-Onboarding/Employee_Contact_Details/Page_OrangeHRM/input_StateProvince_oxd-input oxd-input--active"), State): Text 'Oklahoma' is set on object 'Object Repository/Employee-Onboarding/Employee_Contact_Details/Page_OrangeHRM/input_StateProvince_oxd-input oxd-input--active'

27-12-2024T09:26:24 - [MESSAGE][PASSED] - Text 'Oklahoma' is set on object 'Object Repository/Employee-Onboarding/Employee_Contact_Details/Page_OrangeHRM/input_StateProvince_oxd-input oxd-input--active'

27-12-2024T09:26:24 - [TEST_STEP][PASSED] - setText(findTestObject("Object Repository/Employee-Onboarding/Employee_Contact_Details/Page_OrangeHRM/input_ZipPostal Code_oxd-input oxd-input--active"), ZipCode): Text '72564' is set on object 'Object Repository/Employee-Onboarding/Employee_Contact_Details/Page_OrangeHRM/input_ZipPostal Code_oxd-input oxd-input--active'

27-12-2024T09:26:24 - [MESSAGE][PASSED] - Text '72564' is set on object 'Object Repository/Employee-Onboarding/Employee_Contact_Details/Page_OrangeHRM/input_ZipPostal Code_oxd-input oxd-input--active'

27-12-2024T09:26:24 - [TEST_STEP][PASSED] - click(findTestObject("Object Repository/Employee-Onboarding/Employee_Contact_Details/Page_OrangeHRM/i_-- Select --_oxd-icon bi-caret-up-fill ox_627fec")): Object: 'Object Repository/Employee-Onboarding/Employee_Contact_Details/Page_OrangeHRM/i_-- Select --_oxd-icon bi-caret-up-fill ox_627fec' is clicked on

27-12-2024T09:26:24 - [MESSAGE][PASSED] - Object: 'Object Repository/Employee-Onboarding/Employee_Contact_Details/Page_OrangeHRM/i_-- Select --_oxd-icon bi-caret-up-fill ox_627fec' is clicked on

27-12-2024T09:26:24 - [TEST_STEP][PASSED] - click(findTestObject("Employee-Onboarding/Employee_Salary_Detail_Objects/Page_OrangeHRM/custom_object_for_dropdown", ["value":Country])): Object: 'Object Repository/Employee-Onboarding/Employee_Salary_Detail_Objects/Page_OrangeHRM/custom_object_for_dropdown' is clicked on

27-12-2024T09:26:25 - [MESSAGE][PASSED] - Object: 'Object Repository/Employee-Onboarding/Employee_Salary_Detail_Objects/Page_OrangeHRM/custom_object_for_dropdown' is clicked on

27-12-2024T09:26:25 - [TEST_STEP][PASSED] - setText(findTestObject("Object Repository/Employee-Onboarding/Employee_Contact_Details/Page_OrangeHRM/input_Home_oxd-input oxd-input--focus"), Tel_Home): Text '(220)498-3826' is set on object 'Object Repository/Employee-Onboarding/Employee_Contact_Details/Page_OrangeHRM/input_Home_oxd-input oxd-input--focus'

27-12-2024T09:26:26 - [MESSAGE][PASSED] - Text '(220)498-3826' is set on object 'Object Repository/Employee-Onboarding/Employee_Contact_Details/Page_OrangeHRM/input_Home_oxd-input oxd-input--focus'

27-12-2024T09:26:26 - [TEST_STEP][PASSED] - setText(findTestObject("Object Repository/Employee-Onboarding/Employee_Contact_Details/Page_OrangeHRM/input_Mobile_oxd-input oxd-input--focus"), Tell_Mobile): Text '989-463-5739' is set on object 'Object Repository/Employee-Onboarding/Employee_Contact_Details/Page_OrangeHRM/input_Mobile_oxd-input oxd-input--focus'

27-12-2024T09:26:26 - [MESSAGE][PASSED] - Text '989-463-5739' is set on object 'Object Repository/Employee-Onboarding/Employee_Contact_Details/Page_OrangeHRM/input_Mobile_oxd-input oxd-input--focus'

27-12-2024T09:26:26 - [TEST_STEP][PASSED] - setText(findTestObject("Object Repository/Employee-Onboarding/Employee_Contact_Details/Page_OrangeHRM/input_Work_oxd-input oxd-input--focus"), Tel_Work): Text '912-465-8508' is set on object 'Object Repository/Employee-Onboarding/Employee_Contact_Details/Page_OrangeHRM/input_Work_oxd-input oxd-input--focus'

27-12-2024T09:26:27 - [MESSAGE][PASSED] - Text '912-465-8508' is set on object 'Object Repository/Employee-Onboarding/Employee_Contact_Details/Page_OrangeHRM/input_Work_oxd-input oxd-input--focus'

27-12-2024T09:26:27 - [TEST_STEP][PASSED] - setText(findTestObject("Object Repository/Employee-Onboarding/Employee_Contact_Details/Page_OrangeHRM/input_Work Email_oxd-input oxd-input--active"), Email_Work): Text 'amanda.guzman@klein.biz' is set on object 'Object Repository/Employee-Onboarding/Employee_Contact_Details/Page_OrangeHRM/input_Work Email_oxd-input oxd-input--active'

27-12-2024T09:26:27 - [MESSAGE][PASSED] - Text 'amanda.guzman@klein.biz' is set on object 'Object Repository/Employee-Onboarding/Employee_Contact_Details/Page_OrangeHRM/input_Work Email_oxd-input oxd-input--active'

27-12-2024T09:26:27 - [TEST_STEP][PASSED] - setText(findTestObject("Object Repository/Employee-Onboarding/Employee_Contact_Details/Page_OrangeHRM/input_Other Email_oxd-input oxd-input--focu_8ec2d9"), Email_Other): Text 'amanda.guzman@testmailgen.com' is set on object 'Object Repository/Employee-Onboarding/Employee_Contact_Details/Page_OrangeHRM/input_Other Email_oxd-input oxd-input--focu_8ec2d9'

27-12-2024T09:26:29 - [MESSAGE][PASSED] - Text 'amanda.guzman@testmailgen.com' is set on object 'Object Repository/Employee-Onboarding/Employee_Contact_Details/Page_OrangeHRM/input_Other Email_oxd-input oxd-input--focu_8ec2d9'

27-12-2024T09:26:29 - [TEST_STEP][PASSED] - click(findTestObject("Object Repository/Employee-Onboarding/Employee_Contact_Details/Page_OrangeHRM/button_Save")): Object: 'Object Repository/Employee-Onboarding/Employee_Contact_Details/Page_OrangeHRM/button_Save' is clicked on

27-12-2024T09:26:29 - [MESSAGE][PASSED] - Object: 'Object Repository/Employee-Onboarding/Employee_Contact_Details/Page_OrangeHRM/button_Save' is clicked on]]></system-out>
         <system-err><![CDATA[]]></system-err>
      </testcase>
      <testcase name="Test Cases/Employee_Onboarding/TC_Employee_Contact_Details" time="17.56" classname="Test Cases/Employee_Onboarding/TC_Employee_Contact_Details" status="PASSED">
         <system-out><![CDATA[27-12-2024T09:26:29 - [TEST_CASE][PASSED] - Test Cases/Employee_Onboarding/TC_Employee_Contact_Details: Test Cases/Employee_Onboarding/TC_Employee_Contact_Details

27-12-2024T09:26:29 - [TEST_STEP][PASSED] - click(findTestObject("Object Repository/Employee-Onboarding/Employee_Contact_Details/Page_OrangeHRM/a_PIM")): Object: 'Object Repository/Employee-Onboarding/Employee_Contact_Details/Page_OrangeHRM/a_PIM' is clicked on

27-12-2024T09:26:30 - [MESSAGE][PASSED] - Object: 'Object Repository/Employee-Onboarding/Employee_Contact_Details/Page_OrangeHRM/a_PIM' is clicked on

27-12-2024T09:26:30 - [TEST_STEP][PASSED] - setText(findTestObject("Object Repository/Employee-Onboarding/Employee_Contact_Details/Page_OrangeHRM/input"), Fullname): Text 'Stephanie Russell' is set on object 'Object Repository/Employee-Onboarding/Employee_Contact_Details/Page_OrangeHRM/input'

27-12-2024T09:26:32 - [MESSAGE][PASSED] - Text 'Stephanie Russell' is set on object 'Object Repository/Employee-Onboarding/Employee_Contact_Details/Page_OrangeHRM/input'

27-12-2024T09:26:32 - [TEST_STEP][PASSED] - click(findTestObject("Object Repository/Employee-Onboarding/Employee_Contact_Details/Page_OrangeHRM/button_Search")): Object: 'Object Repository/Employee-Onboarding/Employee_Contact_Details/Page_OrangeHRM/button_Search' is clicked on

27-12-2024T09:26:33 - [MESSAGE][PASSED] - Object: 'Object Repository/Employee-Onboarding/Employee_Contact_Details/Page_OrangeHRM/button_Search' is clicked on

27-12-2024T09:26:33 - [TEST_STEP][PASSED] - click(findTestObject("Object Repository/Employee-Onboarding/Employee_Contact_Details/Page_OrangeHRM/div_Actions_oxd-table-cell oxd-padding-cell")): Object: 'Object Repository/Employee-Onboarding/Employee_Contact_Details/Page_OrangeHRM/div_Actions_oxd-table-cell oxd-padding-cell' is clicked on

27-12-2024T09:26:34 - [MESSAGE][PASSED] - Object: 'Object Repository/Employee-Onboarding/Employee_Contact_Details/Page_OrangeHRM/div_Actions_oxd-table-cell oxd-padding-cell' is clicked on

27-12-2024T09:26:34 - [TEST_STEP][PASSED] - click(findTestObject("Object Repository/Employee-Onboarding/Employee_Contact_Details/Page_OrangeHRM/a_Contact Details")): Object: 'Object Repository/Employee-Onboarding/Employee_Contact_Details/Page_OrangeHRM/a_Contact Details' is clicked on

27-12-2024T09:26:37 - [MESSAGE][PASSED] - Object: 'Object Repository/Employee-Onboarding/Employee_Contact_Details/Page_OrangeHRM/a_Contact Details' is clicked on

27-12-2024T09:26:37 - [TEST_STEP][PASSED] - setText(findTestObject("Object Repository/Employee-Onboarding/Employee_Contact_Details/Page_OrangeHRM/input_Street 1_oxd-input oxd-input--focus"), Street1): Text '86418 White Trail Apt. 230' is set on object 'Object Repository/Employee-Onboarding/Employee_Contact_Details/Page_OrangeHRM/input_Street 1_oxd-input oxd-input--focus'

27-12-2024T09:26:39 - [MESSAGE][PASSED] - Text '86418 White Trail Apt. 230' is set on object 'Object Repository/Employee-Onboarding/Employee_Contact_Details/Page_OrangeHRM/input_Street 1_oxd-input oxd-input--focus'

27-12-2024T09:26:39 - [TEST_STEP][PASSED] - setText(findTestObject("Object Repository/Employee-Onboarding/Employee_Contact_Details/Page_OrangeHRM/input_Street 2_oxd-input oxd-input--active"), Street2): Text 'Apt. 500' is set on object 'Object Repository/Employee-Onboarding/Employee_Contact_Details/Page_OrangeHRM/input_Street 2_oxd-input oxd-input--active'

27-12-2024T09:26:39 - [MESSAGE][PASSED] - Text 'Apt. 500' is set on object 'Object Repository/Employee-Onboarding/Employee_Contact_Details/Page_OrangeHRM/input_Street 2_oxd-input oxd-input--active'

27-12-2024T09:26:39 - [TEST_STEP][PASSED] - setText(findTestObject("Object Repository/Employee-Onboarding/Employee_Contact_Details/Page_OrangeHRM/input_City_oxd-input oxd-input--active"), City): Text 'New Nicholas' is set on object 'Object Repository/Employee-Onboarding/Employee_Contact_Details/Page_OrangeHRM/input_City_oxd-input oxd-input--active'

27-12-2024T09:26:40 - [MESSAGE][PASSED] - Text 'New Nicholas' is set on object 'Object Repository/Employee-Onboarding/Employee_Contact_Details/Page_OrangeHRM/input_City_oxd-input oxd-input--active'

27-12-2024T09:26:40 - [TEST_STEP][PASSED] - setText(findTestObject("Object Repository/Employee-Onboarding/Employee_Contact_Details/Page_OrangeHRM/input_StateProvince_oxd-input oxd-input--active"), State): Text 'Oregon' is set on object 'Object Repository/Employee-Onboarding/Employee_Contact_Details/Page_OrangeHRM/input_StateProvince_oxd-input oxd-input--active'

27-12-2024T09:26:40 - [MESSAGE][PASSED] - Text 'Oregon' is set on object 'Object Repository/Employee-Onboarding/Employee_Contact_Details/Page_OrangeHRM/input_StateProvince_oxd-input oxd-input--active'

27-12-2024T09:26:40 - [TEST_STEP][PASSED] - setText(findTestObject("Object Repository/Employee-Onboarding/Employee_Contact_Details/Page_OrangeHRM/input_ZipPostal Code_oxd-input oxd-input--active"), ZipCode): Text '28792' is set on object 'Object Repository/Employee-Onboarding/Employee_Contact_Details/Page_OrangeHRM/input_ZipPostal Code_oxd-input oxd-input--active'

27-12-2024T09:26:41 - [MESSAGE][PASSED] - Text '28792' is set on object 'Object Repository/Employee-Onboarding/Employee_Contact_Details/Page_OrangeHRM/input_ZipPostal Code_oxd-input oxd-input--active'

27-12-2024T09:26:41 - [TEST_STEP][PASSED] - click(findTestObject("Object Repository/Employee-Onboarding/Employee_Contact_Details/Page_OrangeHRM/i_-- Select --_oxd-icon bi-caret-up-fill ox_627fec")): Object: 'Object Repository/Employee-Onboarding/Employee_Contact_Details/Page_OrangeHRM/i_-- Select --_oxd-icon bi-caret-up-fill ox_627fec' is clicked on

27-12-2024T09:26:41 - [MESSAGE][PASSED] - Object: 'Object Repository/Employee-Onboarding/Employee_Contact_Details/Page_OrangeHRM/i_-- Select --_oxd-icon bi-caret-up-fill ox_627fec' is clicked on

27-12-2024T09:26:41 - [TEST_STEP][PASSED] - click(findTestObject("Employee-Onboarding/Employee_Salary_Detail_Objects/Page_OrangeHRM/custom_object_for_dropdown", ["value":Country])): Object: 'Object Repository/Employee-Onboarding/Employee_Salary_Detail_Objects/Page_OrangeHRM/custom_object_for_dropdown' is clicked on

27-12-2024T09:26:42 - [MESSAGE][PASSED] - Object: 'Object Repository/Employee-Onboarding/Employee_Salary_Detail_Objects/Page_OrangeHRM/custom_object_for_dropdown' is clicked on

27-12-2024T09:26:42 - [TEST_STEP][PASSED] - setText(findTestObject("Object Repository/Employee-Onboarding/Employee_Contact_Details/Page_OrangeHRM/input_Home_oxd-input oxd-input--focus"), Tel_Home): Text '940-836-8056' is set on object 'Object Repository/Employee-Onboarding/Employee_Contact_Details/Page_OrangeHRM/input_Home_oxd-input oxd-input--focus'

27-12-2024T09:26:42 - [MESSAGE][PASSED] - Text '940-836-8056' is set on object 'Object Repository/Employee-Onboarding/Employee_Contact_Details/Page_OrangeHRM/input_Home_oxd-input oxd-input--focus'

27-12-2024T09:26:42 - [TEST_STEP][PASSED] - setText(findTestObject("Object Repository/Employee-Onboarding/Employee_Contact_Details/Page_OrangeHRM/input_Mobile_oxd-input oxd-input--focus"), Tell_Mobile): Text '625-539-8531' is set on object 'Object Repository/Employee-Onboarding/Employee_Contact_Details/Page_OrangeHRM/input_Mobile_oxd-input oxd-input--focus'

27-12-2024T09:26:43 - [MESSAGE][PASSED] - Text '625-539-8531' is set on object 'Object Repository/Employee-Onboarding/Employee_Contact_Details/Page_OrangeHRM/input_Mobile_oxd-input oxd-input--focus'

27-12-2024T09:26:43 - [TEST_STEP][PASSED] - setText(findTestObject("Object Repository/Employee-Onboarding/Employee_Contact_Details/Page_OrangeHRM/input_Work_oxd-input oxd-input--focus"), Tel_Work): Text '504-651-5976' is set on object 'Object Repository/Employee-Onboarding/Employee_Contact_Details/Page_OrangeHRM/input_Work_oxd-input oxd-input--focus'

27-12-2024T09:26:44 - [MESSAGE][PASSED] - Text '504-651-5976' is set on object 'Object Repository/Employee-Onboarding/Employee_Contact_Details/Page_OrangeHRM/input_Work_oxd-input oxd-input--focus'

27-12-2024T09:26:44 - [TEST_STEP][PASSED] - setText(findTestObject("Object Repository/Employee-Onboarding/Employee_Contact_Details/Page_OrangeHRM/input_Work Email_oxd-input oxd-input--active"), Email_Work): Text 'stephanie.russell@trevino.com' is set on object 'Object Repository/Employee-Onboarding/Employee_Contact_Details/Page_OrangeHRM/input_Work Email_oxd-input oxd-input--active'

27-12-2024T09:26:44 - [MESSAGE][PASSED] - Text 'stephanie.russell@trevino.com' is set on object 'Object Repository/Employee-Onboarding/Employee_Contact_Details/Page_OrangeHRM/input_Work Email_oxd-input oxd-input--active'

27-12-2024T09:26:44 - [TEST_STEP][PASSED] - setText(findTestObject("Object Repository/Employee-Onboarding/Employee_Contact_Details/Page_OrangeHRM/input_Other Email_oxd-input oxd-input--focu_8ec2d9"), Email_Other): Text 'stephanie.russell@virtualmail.net' is set on object 'Object Repository/Employee-Onboarding/Employee_Contact_Details/Page_OrangeHRM/input_Other Email_oxd-input oxd-input--focu_8ec2d9'

27-12-2024T09:26:46 - [MESSAGE][PASSED] - Text 'stephanie.russell@virtualmail.net' is set on object 'Object Repository/Employee-Onboarding/Employee_Contact_Details/Page_OrangeHRM/input_Other Email_oxd-input oxd-input--focu_8ec2d9'

27-12-2024T09:26:46 - [TEST_STEP][PASSED] - click(findTestObject("Object Repository/Employee-Onboarding/Employee_Contact_Details/Page_OrangeHRM/button_Save")): Object: 'Object Repository/Employee-Onboarding/Employee_Contact_Details/Page_OrangeHRM/button_Save' is clicked on

27-12-2024T09:26:47 - [MESSAGE][PASSED] - Object: 'Object Repository/Employee-Onboarding/Employee_Contact_Details/Page_OrangeHRM/button_Save' is clicked on]]></system-out>
         <system-err><![CDATA[]]></system-err>
      </testcase>
      <testcase name="Test Cases/Employee_Onboarding/TC_Employee_Contact_Details" time="18.002" classname="Test Cases/Employee_Onboarding/TC_Employee_Contact_Details" status="PASSED">
         <system-out><![CDATA[27-12-2024T09:26:47 - [TEST_CASE][PASSED] - Test Cases/Employee_Onboarding/TC_Employee_Contact_Details: Test Cases/Employee_Onboarding/TC_Employee_Contact_Details

27-12-2024T09:26:47 - [TEST_STEP][PASSED] - click(findTestObject("Object Repository/Employee-Onboarding/Employee_Contact_Details/Page_OrangeHRM/a_PIM")): Object: 'Object Repository/Employee-Onboarding/Employee_Contact_Details/Page_OrangeHRM/a_PIM' is clicked on

27-12-2024T09:26:48 - [MESSAGE][PASSED] - Object: 'Object Repository/Employee-Onboarding/Employee_Contact_Details/Page_OrangeHRM/a_PIM' is clicked on

27-12-2024T09:26:48 - [TEST_STEP][PASSED] - setText(findTestObject("Object Repository/Employee-Onboarding/Employee_Contact_Details/Page_OrangeHRM/input"), Fullname): Text 'Amanda Jordan' is set on object 'Object Repository/Employee-Onboarding/Employee_Contact_Details/Page_OrangeHRM/input'

27-12-2024T09:26:50 - [MESSAGE][PASSED] - Text 'Amanda Jordan' is set on object 'Object Repository/Employee-Onboarding/Employee_Contact_Details/Page_OrangeHRM/input'

27-12-2024T09:26:50 - [TEST_STEP][PASSED] - click(findTestObject("Object Repository/Employee-Onboarding/Employee_Contact_Details/Page_OrangeHRM/button_Search")): Object: 'Object Repository/Employee-Onboarding/Employee_Contact_Details/Page_OrangeHRM/button_Search' is clicked on

27-12-2024T09:26:51 - [MESSAGE][PASSED] - Object: 'Object Repository/Employee-Onboarding/Employee_Contact_Details/Page_OrangeHRM/button_Search' is clicked on

27-12-2024T09:26:51 - [TEST_STEP][PASSED] - click(findTestObject("Object Repository/Employee-Onboarding/Employee_Contact_Details/Page_OrangeHRM/div_Actions_oxd-table-cell oxd-padding-cell")): Object: 'Object Repository/Employee-Onboarding/Employee_Contact_Details/Page_OrangeHRM/div_Actions_oxd-table-cell oxd-padding-cell' is clicked on

27-12-2024T09:26:52 - [MESSAGE][PASSED] - Object: 'Object Repository/Employee-Onboarding/Employee_Contact_Details/Page_OrangeHRM/div_Actions_oxd-table-cell oxd-padding-cell' is clicked on

27-12-2024T09:26:52 - [TEST_STEP][PASSED] - click(findTestObject("Object Repository/Employee-Onboarding/Employee_Contact_Details/Page_OrangeHRM/a_Contact Details")): Object: 'Object Repository/Employee-Onboarding/Employee_Contact_Details/Page_OrangeHRM/a_Contact Details' is clicked on

27-12-2024T09:26:56 - [MESSAGE][PASSED] - Object: 'Object Repository/Employee-Onboarding/Employee_Contact_Details/Page_OrangeHRM/a_Contact Details' is clicked on

27-12-2024T09:26:56 - [TEST_STEP][PASSED] - setText(findTestObject("Object Repository/Employee-Onboarding/Employee_Contact_Details/Page_OrangeHRM/input_Street 1_oxd-input oxd-input--focus"), Street1): Text '9101 Baker Dale' is set on object 'Object Repository/Employee-Onboarding/Employee_Contact_Details/Page_OrangeHRM/input_Street 1_oxd-input oxd-input--focus'

27-12-2024T09:26:58 - [MESSAGE][PASSED] - Text '9101 Baker Dale' is set on object 'Object Repository/Employee-Onboarding/Employee_Contact_Details/Page_OrangeHRM/input_Street 1_oxd-input oxd-input--focus'

27-12-2024T09:26:58 - [TEST_STEP][PASSED] - setText(findTestObject("Object Repository/Employee-Onboarding/Employee_Contact_Details/Page_OrangeHRM/input_Street 2_oxd-input oxd-input--active"), Street2): Text 'Suite 465' is set on object 'Object Repository/Employee-Onboarding/Employee_Contact_Details/Page_OrangeHRM/input_Street 2_oxd-input oxd-input--active'

27-12-2024T09:26:58 - [MESSAGE][PASSED] - Text 'Suite 465' is set on object 'Object Repository/Employee-Onboarding/Employee_Contact_Details/Page_OrangeHRM/input_Street 2_oxd-input oxd-input--active'

27-12-2024T09:26:58 - [TEST_STEP][PASSED] - setText(findTestObject("Object Repository/Employee-Onboarding/Employee_Contact_Details/Page_OrangeHRM/input_City_oxd-input oxd-input--active"), City): Text 'Martinezstad' is set on object 'Object Repository/Employee-Onboarding/Employee_Contact_Details/Page_OrangeHRM/input_City_oxd-input oxd-input--active'

27-12-2024T09:26:59 - [MESSAGE][PASSED] - Text 'Martinezstad' is set on object 'Object Repository/Employee-Onboarding/Employee_Contact_Details/Page_OrangeHRM/input_City_oxd-input oxd-input--active'

27-12-2024T09:26:59 - [TEST_STEP][PASSED] - setText(findTestObject("Object Repository/Employee-Onboarding/Employee_Contact_Details/Page_OrangeHRM/input_StateProvince_oxd-input oxd-input--active"), State): Text 'Massachusetts' is set on object 'Object Repository/Employee-Onboarding/Employee_Contact_Details/Page_OrangeHRM/input_StateProvince_oxd-input oxd-input--active'

27-12-2024T09:26:59 - [MESSAGE][PASSED] - Text 'Massachusetts' is set on object 'Object Repository/Employee-Onboarding/Employee_Contact_Details/Page_OrangeHRM/input_StateProvince_oxd-input oxd-input--active'

27-12-2024T09:26:59 - [TEST_STEP][PASSED] - setText(findTestObject("Object Repository/Employee-Onboarding/Employee_Contact_Details/Page_OrangeHRM/input_ZipPostal Code_oxd-input oxd-input--active"), ZipCode): Text '1591' is set on object 'Object Repository/Employee-Onboarding/Employee_Contact_Details/Page_OrangeHRM/input_ZipPostal Code_oxd-input oxd-input--active'

27-12-2024T09:27:00 - [MESSAGE][PASSED] - Text '1591' is set on object 'Object Repository/Employee-Onboarding/Employee_Contact_Details/Page_OrangeHRM/input_ZipPostal Code_oxd-input oxd-input--active'

27-12-2024T09:27:00 - [TEST_STEP][PASSED] - click(findTestObject("Object Repository/Employee-Onboarding/Employee_Contact_Details/Page_OrangeHRM/i_-- Select --_oxd-icon bi-caret-up-fill ox_627fec")): Object: 'Object Repository/Employee-Onboarding/Employee_Contact_Details/Page_OrangeHRM/i_-- Select --_oxd-icon bi-caret-up-fill ox_627fec' is clicked on

27-12-2024T09:27:00 - [MESSAGE][PASSED] - Object: 'Object Repository/Employee-Onboarding/Employee_Contact_Details/Page_OrangeHRM/i_-- Select --_oxd-icon bi-caret-up-fill ox_627fec' is clicked on

27-12-2024T09:27:00 - [TEST_STEP][PASSED] - click(findTestObject("Employee-Onboarding/Employee_Salary_Detail_Objects/Page_OrangeHRM/custom_object_for_dropdown", ["value":Country])): Object: 'Object Repository/Employee-Onboarding/Employee_Salary_Detail_Objects/Page_OrangeHRM/custom_object_for_dropdown' is clicked on

27-12-2024T09:27:00 - [MESSAGE][PASSED] - Object: 'Object Repository/Employee-Onboarding/Employee_Salary_Detail_Objects/Page_OrangeHRM/custom_object_for_dropdown' is clicked on

27-12-2024T09:27:00 - [TEST_STEP][PASSED] - setText(findTestObject("Object Repository/Employee-Onboarding/Employee_Contact_Details/Page_OrangeHRM/input_Home_oxd-input oxd-input--focus"), Tel_Home): Text '(596)301-8378' is set on object 'Object Repository/Employee-Onboarding/Employee_Contact_Details/Page_OrangeHRM/input_Home_oxd-input oxd-input--focus'

27-12-2024T09:27:01 - [MESSAGE][PASSED] - Text '(596)301-8378' is set on object 'Object Repository/Employee-Onboarding/Employee_Contact_Details/Page_OrangeHRM/input_Home_oxd-input oxd-input--focus'

27-12-2024T09:27:01 - [TEST_STEP][PASSED] - setText(findTestObject("Object Repository/Employee-Onboarding/Employee_Contact_Details/Page_OrangeHRM/input_Mobile_oxd-input oxd-input--focus"), Tell_Mobile): Text '739-795-6749' is set on object 'Object Repository/Employee-Onboarding/Employee_Contact_Details/Page_OrangeHRM/input_Mobile_oxd-input oxd-input--focus'

27-12-2024T09:27:02 - [MESSAGE][PASSED] - Text '739-795-6749' is set on object 'Object Repository/Employee-Onboarding/Employee_Contact_Details/Page_OrangeHRM/input_Mobile_oxd-input oxd-input--focus'

27-12-2024T09:27:02 - [TEST_STEP][PASSED] - setText(findTestObject("Object Repository/Employee-Onboarding/Employee_Contact_Details/Page_OrangeHRM/input_Work_oxd-input oxd-input--focus"), Tel_Work): Text '001-724-945-3857' is set on object 'Object Repository/Employee-Onboarding/Employee_Contact_Details/Page_OrangeHRM/input_Work_oxd-input oxd-input--focus'

27-12-2024T09:27:02 - [MESSAGE][PASSED] - Text '001-724-945-3857' is set on object 'Object Repository/Employee-Onboarding/Employee_Contact_Details/Page_OrangeHRM/input_Work_oxd-input oxd-input--focus'

27-12-2024T09:27:02 - [TEST_STEP][PASSED] - setText(findTestObject("Object Repository/Employee-Onboarding/Employee_Contact_Details/Page_OrangeHRM/input_Work Email_oxd-input oxd-input--active"), Email_Work): Text 'amanda.jordan@lewis.biz' is set on object 'Object Repository/Employee-Onboarding/Employee_Contact_Details/Page_OrangeHRM/input_Work Email_oxd-input oxd-input--active'

27-12-2024T09:27:03 - [MESSAGE][PASSED] - Text 'amanda.jordan@lewis.biz' is set on object 'Object Repository/Employee-Onboarding/Employee_Contact_Details/Page_OrangeHRM/input_Work Email_oxd-input oxd-input--active'

27-12-2024T09:27:03 - [TEST_STEP][PASSED] - setText(findTestObject("Object Repository/Employee-Onboarding/Employee_Contact_Details/Page_OrangeHRM/input_Other Email_oxd-input oxd-input--focu_8ec2d9"), Email_Other): Text 'amanda.jordan@nomailbox.co' is set on object 'Object Repository/Employee-Onboarding/Employee_Contact_Details/Page_OrangeHRM/input_Other Email_oxd-input oxd-input--focu_8ec2d9'

27-12-2024T09:27:04 - [MESSAGE][PASSED] - Text 'amanda.jordan@nomailbox.co' is set on object 'Object Repository/Employee-Onboarding/Employee_Contact_Details/Page_OrangeHRM/input_Other Email_oxd-input oxd-input--focu_8ec2d9'

27-12-2024T09:27:04 - [TEST_STEP][PASSED] - click(findTestObject("Object Repository/Employee-Onboarding/Employee_Contact_Details/Page_OrangeHRM/button_Save")): Object: 'Object Repository/Employee-Onboarding/Employee_Contact_Details/Page_OrangeHRM/button_Save' is clicked on

27-12-2024T09:27:05 - [MESSAGE][PASSED] - Object: 'Object Repository/Employee-Onboarding/Employee_Contact_Details/Page_OrangeHRM/button_Save' is clicked on]]></system-out>
         <system-err><![CDATA[]]></system-err>
      </testcase>
      <testcase name="Test Cases/Employee_Onboarding/TC_Employee_Contact_Details" time="17.912" classname="Test Cases/Employee_Onboarding/TC_Employee_Contact_Details" status="PASSED">
         <system-out><![CDATA[27-12-2024T09:27:05 - [TEST_CASE][PASSED] - Test Cases/Employee_Onboarding/TC_Employee_Contact_Details: Test Cases/Employee_Onboarding/TC_Employee_Contact_Details

27-12-2024T09:27:05 - [TEST_STEP][PASSED] - click(findTestObject("Object Repository/Employee-Onboarding/Employee_Contact_Details/Page_OrangeHRM/a_PIM")): Object: 'Object Repository/Employee-Onboarding/Employee_Contact_Details/Page_OrangeHRM/a_PIM' is clicked on

27-12-2024T09:27:06 - [MESSAGE][PASSED] - Object: 'Object Repository/Employee-Onboarding/Employee_Contact_Details/Page_OrangeHRM/a_PIM' is clicked on

27-12-2024T09:27:06 - [TEST_STEP][PASSED] - setText(findTestObject("Object Repository/Employee-Onboarding/Employee_Contact_Details/Page_OrangeHRM/input"), Fullname): Text 'Ronald Robertson' is set on object 'Object Repository/Employee-Onboarding/Employee_Contact_Details/Page_OrangeHRM/input'

27-12-2024T09:27:08 - [MESSAGE][PASSED] - Text 'Ronald Robertson' is set on object 'Object Repository/Employee-Onboarding/Employee_Contact_Details/Page_OrangeHRM/input'

27-12-2024T09:27:08 - [TEST_STEP][PASSED] - click(findTestObject("Object Repository/Employee-Onboarding/Employee_Contact_Details/Page_OrangeHRM/button_Search")): Object: 'Object Repository/Employee-Onboarding/Employee_Contact_Details/Page_OrangeHRM/button_Search' is clicked on

27-12-2024T09:27:08 - [MESSAGE][PASSED] - Object: 'Object Repository/Employee-Onboarding/Employee_Contact_Details/Page_OrangeHRM/button_Search' is clicked on

27-12-2024T09:27:08 - [TEST_STEP][PASSED] - click(findTestObject("Object Repository/Employee-Onboarding/Employee_Contact_Details/Page_OrangeHRM/div_Actions_oxd-table-cell oxd-padding-cell")): Object: 'Object Repository/Employee-Onboarding/Employee_Contact_Details/Page_OrangeHRM/div_Actions_oxd-table-cell oxd-padding-cell' is clicked on

27-12-2024T09:27:10 - [MESSAGE][PASSED] - Object: 'Object Repository/Employee-Onboarding/Employee_Contact_Details/Page_OrangeHRM/div_Actions_oxd-table-cell oxd-padding-cell' is clicked on

27-12-2024T09:27:10 - [TEST_STEP][PASSED] - click(findTestObject("Object Repository/Employee-Onboarding/Employee_Contact_Details/Page_OrangeHRM/a_Contact Details")): Object: 'Object Repository/Employee-Onboarding/Employee_Contact_Details/Page_OrangeHRM/a_Contact Details' is clicked on

27-12-2024T09:27:14 - [MESSAGE][PASSED] - Object: 'Object Repository/Employee-Onboarding/Employee_Contact_Details/Page_OrangeHRM/a_Contact Details' is clicked on

27-12-2024T09:27:14 - [TEST_STEP][PASSED] - setText(findTestObject("Object Repository/Employee-Onboarding/Employee_Contact_Details/Page_OrangeHRM/input_Street 1_oxd-input oxd-input--focus"), Street1): Text '886 Richard Hill' is set on object 'Object Repository/Employee-Onboarding/Employee_Contact_Details/Page_OrangeHRM/input_Street 1_oxd-input oxd-input--focus'

27-12-2024T09:27:16 - [MESSAGE][PASSED] - Text '886 Richard Hill' is set on object 'Object Repository/Employee-Onboarding/Employee_Contact_Details/Page_OrangeHRM/input_Street 1_oxd-input oxd-input--focus'

27-12-2024T09:27:16 - [TEST_STEP][PASSED] - setText(findTestObject("Object Repository/Employee-Onboarding/Employee_Contact_Details/Page_OrangeHRM/input_Street 2_oxd-input oxd-input--active"), Street2): Text 'Suite 139' is set on object 'Object Repository/Employee-Onboarding/Employee_Contact_Details/Page_OrangeHRM/input_Street 2_oxd-input oxd-input--active'

27-12-2024T09:27:16 - [MESSAGE][PASSED] - Text 'Suite 139' is set on object 'Object Repository/Employee-Onboarding/Employee_Contact_Details/Page_OrangeHRM/input_Street 2_oxd-input oxd-input--active'

27-12-2024T09:27:16 - [TEST_STEP][PASSED] - setText(findTestObject("Object Repository/Employee-Onboarding/Employee_Contact_Details/Page_OrangeHRM/input_City_oxd-input oxd-input--active"), City): Text 'Hernandezborough' is set on object 'Object Repository/Employee-Onboarding/Employee_Contact_Details/Page_OrangeHRM/input_City_oxd-input oxd-input--active'

27-12-2024T09:27:17 - [MESSAGE][PASSED] - Text 'Hernandezborough' is set on object 'Object Repository/Employee-Onboarding/Employee_Contact_Details/Page_OrangeHRM/input_City_oxd-input oxd-input--active'

27-12-2024T09:27:17 - [TEST_STEP][PASSED] - setText(findTestObject("Object Repository/Employee-Onboarding/Employee_Contact_Details/Page_OrangeHRM/input_StateProvince_oxd-input oxd-input--active"), State): Text 'Kentucky' is set on object 'Object Repository/Employee-Onboarding/Employee_Contact_Details/Page_OrangeHRM/input_StateProvince_oxd-input oxd-input--active'

27-12-2024T09:27:17 - [MESSAGE][PASSED] - Text 'Kentucky' is set on object 'Object Repository/Employee-Onboarding/Employee_Contact_Details/Page_OrangeHRM/input_StateProvince_oxd-input oxd-input--active'

27-12-2024T09:27:17 - [TEST_STEP][PASSED] - setText(findTestObject("Object Repository/Employee-Onboarding/Employee_Contact_Details/Page_OrangeHRM/input_ZipPostal Code_oxd-input oxd-input--active"), ZipCode): Text '48763' is set on object 'Object Repository/Employee-Onboarding/Employee_Contact_Details/Page_OrangeHRM/input_ZipPostal Code_oxd-input oxd-input--active'

27-12-2024T09:27:18 - [MESSAGE][PASSED] - Text '48763' is set on object 'Object Repository/Employee-Onboarding/Employee_Contact_Details/Page_OrangeHRM/input_ZipPostal Code_oxd-input oxd-input--active'

27-12-2024T09:27:18 - [TEST_STEP][PASSED] - click(findTestObject("Object Repository/Employee-Onboarding/Employee_Contact_Details/Page_OrangeHRM/i_-- Select --_oxd-icon bi-caret-up-fill ox_627fec")): Object: 'Object Repository/Employee-Onboarding/Employee_Contact_Details/Page_OrangeHRM/i_-- Select --_oxd-icon bi-caret-up-fill ox_627fec' is clicked on

27-12-2024T09:27:18 - [MESSAGE][PASSED] - Object: 'Object Repository/Employee-Onboarding/Employee_Contact_Details/Page_OrangeHRM/i_-- Select --_oxd-icon bi-caret-up-fill ox_627fec' is clicked on

27-12-2024T09:27:18 - [TEST_STEP][PASSED] - click(findTestObject("Employee-Onboarding/Employee_Salary_Detail_Objects/Page_OrangeHRM/custom_object_for_dropdown", ["value":Country])): Object: 'Object Repository/Employee-Onboarding/Employee_Salary_Detail_Objects/Page_OrangeHRM/custom_object_for_dropdown' is clicked on

27-12-2024T09:27:18 - [MESSAGE][PASSED] - Object: 'Object Repository/Employee-Onboarding/Employee_Salary_Detail_Objects/Page_OrangeHRM/custom_object_for_dropdown' is clicked on

27-12-2024T09:27:18 - [TEST_STEP][PASSED] - setText(findTestObject("Object Repository/Employee-Onboarding/Employee_Contact_Details/Page_OrangeHRM/input_Home_oxd-input oxd-input--focus"), Tel_Home): Text '940-836-8056' is set on object 'Object Repository/Employee-Onboarding/Employee_Contact_Details/Page_OrangeHRM/input_Home_oxd-input oxd-input--focus'

27-12-2024T09:27:19 - [MESSAGE][PASSED] - Text '940-836-8056' is set on object 'Object Repository/Employee-Onboarding/Employee_Contact_Details/Page_OrangeHRM/input_Home_oxd-input oxd-input--focus'

27-12-2024T09:27:19 - [TEST_STEP][PASSED] - setText(findTestObject("Object Repository/Employee-Onboarding/Employee_Contact_Details/Page_OrangeHRM/input_Mobile_oxd-input oxd-input--focus"), Tell_Mobile): Text '363-669-5916' is set on object 'Object Repository/Employee-Onboarding/Employee_Contact_Details/Page_OrangeHRM/input_Mobile_oxd-input oxd-input--focus'

27-12-2024T09:27:20 - [MESSAGE][PASSED] - Text '363-669-5916' is set on object 'Object Repository/Employee-Onboarding/Employee_Contact_Details/Page_OrangeHRM/input_Mobile_oxd-input oxd-input--focus'

27-12-2024T09:27:20 - [TEST_STEP][PASSED] - setText(findTestObject("Object Repository/Employee-Onboarding/Employee_Contact_Details/Page_OrangeHRM/input_Work_oxd-input oxd-input--focus"), Tel_Work): Text '001-949-521-6079' is set on object 'Object Repository/Employee-Onboarding/Employee_Contact_Details/Page_OrangeHRM/input_Work_oxd-input oxd-input--focus'

27-12-2024T09:27:20 - [MESSAGE][PASSED] - Text '001-949-521-6079' is set on object 'Object Repository/Employee-Onboarding/Employee_Contact_Details/Page_OrangeHRM/input_Work_oxd-input oxd-input--focus'

27-12-2024T09:27:20 - [TEST_STEP][PASSED] - setText(findTestObject("Object Repository/Employee-Onboarding/Employee_Contact_Details/Page_OrangeHRM/input_Work Email_oxd-input oxd-input--active"), Email_Work): Text 'ronald.robertson@cooper.com' is set on object 'Object Repository/Employee-Onboarding/Employee_Contact_Details/Page_OrangeHRM/input_Work Email_oxd-input oxd-input--active'

27-12-2024T09:27:21 - [MESSAGE][PASSED] - Text 'ronald.robertson@cooper.com' is set on object 'Object Repository/Employee-Onboarding/Employee_Contact_Details/Page_OrangeHRM/input_Work Email_oxd-input oxd-input--active'

27-12-2024T09:27:21 - [TEST_STEP][PASSED] - setText(findTestObject("Object Repository/Employee-Onboarding/Employee_Contact_Details/Page_OrangeHRM/input_Other Email_oxd-input oxd-input--focu_8ec2d9"), Email_Other): Text 'ronald.robertson@inboxplace.io' is set on object 'Object Repository/Employee-Onboarding/Employee_Contact_Details/Page_OrangeHRM/input_Other Email_oxd-input oxd-input--focu_8ec2d9'

27-12-2024T09:27:22 - [MESSAGE][PASSED] - Text 'ronald.robertson@inboxplace.io' is set on object 'Object Repository/Employee-Onboarding/Employee_Contact_Details/Page_OrangeHRM/input_Other Email_oxd-input oxd-input--focu_8ec2d9'

27-12-2024T09:27:22 - [TEST_STEP][PASSED] - click(findTestObject("Object Repository/Employee-Onboarding/Employee_Contact_Details/Page_OrangeHRM/button_Save")): Object: 'Object Repository/Employee-Onboarding/Employee_Contact_Details/Page_OrangeHRM/button_Save' is clicked on

27-12-2024T09:27:23 - [MESSAGE][PASSED] - Object: 'Object Repository/Employee-Onboarding/Employee_Contact_Details/Page_OrangeHRM/button_Save' is clicked on]]></system-out>
         <system-err><![CDATA[]]></system-err>
      </testcase>
      <testcase name="Test Cases/Employee_Onboarding/TC_Employee_Contact_Details" time="17.107" classname="Test Cases/Employee_Onboarding/TC_Employee_Contact_Details" status="PASSED">
         <system-out><![CDATA[27-12-2024T09:27:23 - [TEST_CASE][PASSED] - Test Cases/Employee_Onboarding/TC_Employee_Contact_Details: Test Cases/Employee_Onboarding/TC_Employee_Contact_Details

27-12-2024T09:27:23 - [TEST_STEP][PASSED] - click(findTestObject("Object Repository/Employee-Onboarding/Employee_Contact_Details/Page_OrangeHRM/a_PIM")): Object: 'Object Repository/Employee-Onboarding/Employee_Contact_Details/Page_OrangeHRM/a_PIM' is clicked on

27-12-2024T09:27:24 - [MESSAGE][PASSED] - Object: 'Object Repository/Employee-Onboarding/Employee_Contact_Details/Page_OrangeHRM/a_PIM' is clicked on

27-12-2024T09:27:24 - [TEST_STEP][PASSED] - setText(findTestObject("Object Repository/Employee-Onboarding/Employee_Contact_Details/Page_OrangeHRM/input"), Fullname): Text 'Jeremy Jones' is set on object 'Object Repository/Employee-Onboarding/Employee_Contact_Details/Page_OrangeHRM/input'

27-12-2024T09:27:26 - [MESSAGE][PASSED] - Text 'Jeremy Jones' is set on object 'Object Repository/Employee-Onboarding/Employee_Contact_Details/Page_OrangeHRM/input'

27-12-2024T09:27:26 - [TEST_STEP][PASSED] - click(findTestObject("Object Repository/Employee-Onboarding/Employee_Contact_Details/Page_OrangeHRM/button_Search")): Object: 'Object Repository/Employee-Onboarding/Employee_Contact_Details/Page_OrangeHRM/button_Search' is clicked on

27-12-2024T09:27:27 - [MESSAGE][PASSED] - Object: 'Object Repository/Employee-Onboarding/Employee_Contact_Details/Page_OrangeHRM/button_Search' is clicked on

27-12-2024T09:27:27 - [TEST_STEP][PASSED] - click(findTestObject("Object Repository/Employee-Onboarding/Employee_Contact_Details/Page_OrangeHRM/div_Actions_oxd-table-cell oxd-padding-cell")): Object: 'Object Repository/Employee-Onboarding/Employee_Contact_Details/Page_OrangeHRM/div_Actions_oxd-table-cell oxd-padding-cell' is clicked on

27-12-2024T09:27:28 - [MESSAGE][PASSED] - Object: 'Object Repository/Employee-Onboarding/Employee_Contact_Details/Page_OrangeHRM/div_Actions_oxd-table-cell oxd-padding-cell' is clicked on

27-12-2024T09:27:28 - [TEST_STEP][PASSED] - click(findTestObject("Object Repository/Employee-Onboarding/Employee_Contact_Details/Page_OrangeHRM/a_Contact Details")): Object: 'Object Repository/Employee-Onboarding/Employee_Contact_Details/Page_OrangeHRM/a_Contact Details' is clicked on

27-12-2024T09:27:31 - [MESSAGE][PASSED] - Object: 'Object Repository/Employee-Onboarding/Employee_Contact_Details/Page_OrangeHRM/a_Contact Details' is clicked on

27-12-2024T09:27:31 - [TEST_STEP][PASSED] - setText(findTestObject("Object Repository/Employee-Onboarding/Employee_Contact_Details/Page_OrangeHRM/input_Street 1_oxd-input oxd-input--focus"), Street1): Text '04488 Robert Parkways Suite 729' is set on object 'Object Repository/Employee-Onboarding/Employee_Contact_Details/Page_OrangeHRM/input_Street 1_oxd-input oxd-input--focus'

27-12-2024T09:27:33 - [MESSAGE][PASSED] - Text '04488 Robert Parkways Suite 729' is set on object 'Object Repository/Employee-Onboarding/Employee_Contact_Details/Page_OrangeHRM/input_Street 1_oxd-input oxd-input--focus'

27-12-2024T09:27:33 - [TEST_STEP][PASSED] - setText(findTestObject("Object Repository/Employee-Onboarding/Employee_Contact_Details/Page_OrangeHRM/input_Street 2_oxd-input oxd-input--active"), Street2): Text 'Suite 938' is set on object 'Object Repository/Employee-Onboarding/Employee_Contact_Details/Page_OrangeHRM/input_Street 2_oxd-input oxd-input--active'

27-12-2024T09:27:33 - [MESSAGE][PASSED] - Text 'Suite 938' is set on object 'Object Repository/Employee-Onboarding/Employee_Contact_Details/Page_OrangeHRM/input_Street 2_oxd-input oxd-input--active'

27-12-2024T09:27:33 - [TEST_STEP][PASSED] - setText(findTestObject("Object Repository/Employee-Onboarding/Employee_Contact_Details/Page_OrangeHRM/input_City_oxd-input oxd-input--active"), City): Text 'Jenniferton' is set on object 'Object Repository/Employee-Onboarding/Employee_Contact_Details/Page_OrangeHRM/input_City_oxd-input oxd-input--active'

27-12-2024T09:27:34 - [MESSAGE][PASSED] - Text 'Jenniferton' is set on object 'Object Repository/Employee-Onboarding/Employee_Contact_Details/Page_OrangeHRM/input_City_oxd-input oxd-input--active'

27-12-2024T09:27:34 - [TEST_STEP][PASSED] - setText(findTestObject("Object Repository/Employee-Onboarding/Employee_Contact_Details/Page_OrangeHRM/input_StateProvince_oxd-input oxd-input--active"), State): Text 'Nevada' is set on object 'Object Repository/Employee-Onboarding/Employee_Contact_Details/Page_OrangeHRM/input_StateProvince_oxd-input oxd-input--active'

27-12-2024T09:27:34 - [MESSAGE][PASSED] - Text 'Nevada' is set on object 'Object Repository/Employee-Onboarding/Employee_Contact_Details/Page_OrangeHRM/input_StateProvince_oxd-input oxd-input--active'

27-12-2024T09:27:34 - [TEST_STEP][PASSED] - setText(findTestObject("Object Repository/Employee-Onboarding/Employee_Contact_Details/Page_OrangeHRM/input_ZipPostal Code_oxd-input oxd-input--active"), ZipCode): Text '46851' is set on object 'Object Repository/Employee-Onboarding/Employee_Contact_Details/Page_OrangeHRM/input_ZipPostal Code_oxd-input oxd-input--active'

27-12-2024T09:27:35 - [MESSAGE][PASSED] - Text '46851' is set on object 'Object Repository/Employee-Onboarding/Employee_Contact_Details/Page_OrangeHRM/input_ZipPostal Code_oxd-input oxd-input--active'

27-12-2024T09:27:35 - [TEST_STEP][PASSED] - click(findTestObject("Object Repository/Employee-Onboarding/Employee_Contact_Details/Page_OrangeHRM/i_-- Select --_oxd-icon bi-caret-up-fill ox_627fec")): Object: 'Object Repository/Employee-Onboarding/Employee_Contact_Details/Page_OrangeHRM/i_-- Select --_oxd-icon bi-caret-up-fill ox_627fec' is clicked on

27-12-2024T09:27:35 - [MESSAGE][PASSED] - Object: 'Object Repository/Employee-Onboarding/Employee_Contact_Details/Page_OrangeHRM/i_-- Select --_oxd-icon bi-caret-up-fill ox_627fec' is clicked on

27-12-2024T09:27:35 - [TEST_STEP][PASSED] - click(findTestObject("Employee-Onboarding/Employee_Salary_Detail_Objects/Page_OrangeHRM/custom_object_for_dropdown", ["value":Country])): Object: 'Object Repository/Employee-Onboarding/Employee_Salary_Detail_Objects/Page_OrangeHRM/custom_object_for_dropdown' is clicked on

27-12-2024T09:27:36 - [MESSAGE][PASSED] - Object: 'Object Repository/Employee-Onboarding/Employee_Salary_Detail_Objects/Page_OrangeHRM/custom_object_for_dropdown' is clicked on

27-12-2024T09:27:36 - [TEST_STEP][PASSED] - setText(findTestObject("Object Repository/Employee-Onboarding/Employee_Contact_Details/Page_OrangeHRM/input_Home_oxd-input oxd-input--focus"), Tel_Home): Text '940-836-8056' is set on object 'Object Repository/Employee-Onboarding/Employee_Contact_Details/Page_OrangeHRM/input_Home_oxd-input oxd-input--focus'

27-12-2024T09:27:36 - [MESSAGE][PASSED] - Text '940-836-8056' is set on object 'Object Repository/Employee-Onboarding/Employee_Contact_Details/Page_OrangeHRM/input_Home_oxd-input oxd-input--focus'

27-12-2024T09:27:36 - [TEST_STEP][PASSED] - setText(findTestObject("Object Repository/Employee-Onboarding/Employee_Contact_Details/Page_OrangeHRM/input_Mobile_oxd-input oxd-input--focus"), Tell_Mobile): Text '(700)409-1144' is set on object 'Object Repository/Employee-Onboarding/Employee_Contact_Details/Page_OrangeHRM/input_Mobile_oxd-input oxd-input--focus'

27-12-2024T09:27:37 - [MESSAGE][PASSED] - Text '(700)409-1144' is set on object 'Object Repository/Employee-Onboarding/Employee_Contact_Details/Page_OrangeHRM/input_Mobile_oxd-input oxd-input--focus'

27-12-2024T09:27:37 - [TEST_STEP][PASSED] - setText(findTestObject("Object Repository/Employee-Onboarding/Employee_Contact_Details/Page_OrangeHRM/input_Work_oxd-input oxd-input--focus"), Tel_Work): Text '001-949-521-6079' is set on object 'Object Repository/Employee-Onboarding/Employee_Contact_Details/Page_OrangeHRM/input_Work_oxd-input oxd-input--focus'

27-12-2024T09:27:37 - [MESSAGE][PASSED] - Text '001-949-521-6079' is set on object 'Object Repository/Employee-Onboarding/Employee_Contact_Details/Page_OrangeHRM/input_Work_oxd-input oxd-input--focus'

27-12-2024T09:27:37 - [TEST_STEP][PASSED] - setText(findTestObject("Object Repository/Employee-Onboarding/Employee_Contact_Details/Page_OrangeHRM/input_Work Email_oxd-input oxd-input--active"), Email_Work): Text 'jeremy.jones@jones-downs.biz' is set on object 'Object Repository/Employee-Onboarding/Employee_Contact_Details/Page_OrangeHRM/input_Work Email_oxd-input oxd-input--active'

27-12-2024T09:27:38 - [MESSAGE][PASSED] - Text 'jeremy.jones@jones-downs.biz' is set on object 'Object Repository/Employee-Onboarding/Employee_Contact_Details/Page_OrangeHRM/input_Work Email_oxd-input oxd-input--active'

27-12-2024T09:27:38 - [TEST_STEP][PASSED] - setText(findTestObject("Object Repository/Employee-Onboarding/Employee_Contact_Details/Page_OrangeHRM/input_Other Email_oxd-input oxd-input--focu_8ec2d9"), Email_Other): Text 'jeremy.jones@trialemails.org' is set on object 'Object Repository/Employee-Onboarding/Employee_Contact_Details/Page_OrangeHRM/input_Other Email_oxd-input oxd-input--focu_8ec2d9'

27-12-2024T09:27:39 - [MESSAGE][PASSED] - Text 'jeremy.jones@trialemails.org' is set on object 'Object Repository/Employee-Onboarding/Employee_Contact_Details/Page_OrangeHRM/input_Other Email_oxd-input oxd-input--focu_8ec2d9'

27-12-2024T09:27:39 - [TEST_STEP][PASSED] - click(findTestObject("Object Repository/Employee-Onboarding/Employee_Contact_Details/Page_OrangeHRM/button_Save")): Object: 'Object Repository/Employee-Onboarding/Employee_Contact_Details/Page_OrangeHRM/button_Save' is clicked on

27-12-2024T09:27:40 - [MESSAGE][PASSED] - Object: 'Object Repository/Employee-Onboarding/Employee_Contact_Details/Page_OrangeHRM/button_Save' is clicked on]]></system-out>
         <system-err><![CDATA[]]></system-err>
      </testcase>
      <testcase name="Test Cases/Employee_Onboarding/TC_Employee_Contact_Details" time="17.568" classname="Test Cases/Employee_Onboarding/TC_Employee_Contact_Details" status="PASSED">
         <system-out><![CDATA[27-12-2024T09:27:40 - [TEST_CASE][PASSED] - Test Cases/Employee_Onboarding/TC_Employee_Contact_Details: Test Cases/Employee_Onboarding/TC_Employee_Contact_Details

27-12-2024T09:27:40 - [TEST_STEP][PASSED] - click(findTestObject("Object Repository/Employee-Onboarding/Employee_Contact_Details/Page_OrangeHRM/a_PIM")): Object: 'Object Repository/Employee-Onboarding/Employee_Contact_Details/Page_OrangeHRM/a_PIM' is clicked on

27-12-2024T09:27:41 - [MESSAGE][PASSED] - Object: 'Object Repository/Employee-Onboarding/Employee_Contact_Details/Page_OrangeHRM/a_PIM' is clicked on

27-12-2024T09:27:41 - [TEST_STEP][PASSED] - setText(findTestObject("Object Repository/Employee-Onboarding/Employee_Contact_Details/Page_OrangeHRM/input"), Fullname): Text 'Ruben Collins' is set on object 'Object Repository/Employee-Onboarding/Employee_Contact_Details/Page_OrangeHRM/input'

27-12-2024T09:27:43 - [MESSAGE][PASSED] - Text 'Ruben Collins' is set on object 'Object Repository/Employee-Onboarding/Employee_Contact_Details/Page_OrangeHRM/input'

27-12-2024T09:27:43 - [TEST_STEP][PASSED] - click(findTestObject("Object Repository/Employee-Onboarding/Employee_Contact_Details/Page_OrangeHRM/button_Search")): Object: 'Object Repository/Employee-Onboarding/Employee_Contact_Details/Page_OrangeHRM/button_Search' is clicked on

27-12-2024T09:27:44 - [MESSAGE][PASSED] - Object: 'Object Repository/Employee-Onboarding/Employee_Contact_Details/Page_OrangeHRM/button_Search' is clicked on

27-12-2024T09:27:44 - [TEST_STEP][PASSED] - click(findTestObject("Object Repository/Employee-Onboarding/Employee_Contact_Details/Page_OrangeHRM/div_Actions_oxd-table-cell oxd-padding-cell")): Object: 'Object Repository/Employee-Onboarding/Employee_Contact_Details/Page_OrangeHRM/div_Actions_oxd-table-cell oxd-padding-cell' is clicked on

27-12-2024T09:27:45 - [MESSAGE][PASSED] - Object: 'Object Repository/Employee-Onboarding/Employee_Contact_Details/Page_OrangeHRM/div_Actions_oxd-table-cell oxd-padding-cell' is clicked on

27-12-2024T09:27:45 - [TEST_STEP][PASSED] - click(findTestObject("Object Repository/Employee-Onboarding/Employee_Contact_Details/Page_OrangeHRM/a_Contact Details")): Object: 'Object Repository/Employee-Onboarding/Employee_Contact_Details/Page_OrangeHRM/a_Contact Details' is clicked on

27-12-2024T09:27:48 - [MESSAGE][PASSED] - Object: 'Object Repository/Employee-Onboarding/Employee_Contact_Details/Page_OrangeHRM/a_Contact Details' is clicked on

27-12-2024T09:27:48 - [TEST_STEP][PASSED] - setText(findTestObject("Object Repository/Employee-Onboarding/Employee_Contact_Details/Page_OrangeHRM/input_Street 1_oxd-input oxd-input--focus"), Street1): Text '542 Roberts Garden' is set on object 'Object Repository/Employee-Onboarding/Employee_Contact_Details/Page_OrangeHRM/input_Street 1_oxd-input oxd-input--focus'

27-12-2024T09:27:50 - [MESSAGE][PASSED] - Text '542 Roberts Garden' is set on object 'Object Repository/Employee-Onboarding/Employee_Contact_Details/Page_OrangeHRM/input_Street 1_oxd-input oxd-input--focus'

27-12-2024T09:27:50 - [TEST_STEP][PASSED] - setText(findTestObject("Object Repository/Employee-Onboarding/Employee_Contact_Details/Page_OrangeHRM/input_Street 2_oxd-input oxd-input--active"), Street2): Text 'Apt. 347' is set on object 'Object Repository/Employee-Onboarding/Employee_Contact_Details/Page_OrangeHRM/input_Street 2_oxd-input oxd-input--active'

27-12-2024T09:27:51 - [MESSAGE][PASSED] - Text 'Apt. 347' is set on object 'Object Repository/Employee-Onboarding/Employee_Contact_Details/Page_OrangeHRM/input_Street 2_oxd-input oxd-input--active'

27-12-2024T09:27:51 - [TEST_STEP][PASSED] - setText(findTestObject("Object Repository/Employee-Onboarding/Employee_Contact_Details/Page_OrangeHRM/input_City_oxd-input oxd-input--active"), City): Text 'Lake Edwardtown' is set on object 'Object Repository/Employee-Onboarding/Employee_Contact_Details/Page_OrangeHRM/input_City_oxd-input oxd-input--active'

27-12-2024T09:27:51 - [MESSAGE][PASSED] - Text 'Lake Edwardtown' is set on object 'Object Repository/Employee-Onboarding/Employee_Contact_Details/Page_OrangeHRM/input_City_oxd-input oxd-input--active'

27-12-2024T09:27:51 - [TEST_STEP][PASSED] - setText(findTestObject("Object Repository/Employee-Onboarding/Employee_Contact_Details/Page_OrangeHRM/input_StateProvince_oxd-input oxd-input--active"), State): Text 'Texas' is set on object 'Object Repository/Employee-Onboarding/Employee_Contact_Details/Page_OrangeHRM/input_StateProvince_oxd-input oxd-input--active'

27-12-2024T09:27:52 - [MESSAGE][PASSED] - Text 'Texas' is set on object 'Object Repository/Employee-Onboarding/Employee_Contact_Details/Page_OrangeHRM/input_StateProvince_oxd-input oxd-input--active'

27-12-2024T09:27:52 - [TEST_STEP][PASSED] - setText(findTestObject("Object Repository/Employee-Onboarding/Employee_Contact_Details/Page_OrangeHRM/input_ZipPostal Code_oxd-input oxd-input--active"), ZipCode): Text '66534' is set on object 'Object Repository/Employee-Onboarding/Employee_Contact_Details/Page_OrangeHRM/input_ZipPostal Code_oxd-input oxd-input--active'

27-12-2024T09:27:52 - [MESSAGE][PASSED] - Text '66534' is set on object 'Object Repository/Employee-Onboarding/Employee_Contact_Details/Page_OrangeHRM/input_ZipPostal Code_oxd-input oxd-input--active'

27-12-2024T09:27:52 - [TEST_STEP][PASSED] - click(findTestObject("Object Repository/Employee-Onboarding/Employee_Contact_Details/Page_OrangeHRM/i_-- Select --_oxd-icon bi-caret-up-fill ox_627fec")): Object: 'Object Repository/Employee-Onboarding/Employee_Contact_Details/Page_OrangeHRM/i_-- Select --_oxd-icon bi-caret-up-fill ox_627fec' is clicked on

27-12-2024T09:27:53 - [MESSAGE][PASSED] - Object: 'Object Repository/Employee-Onboarding/Employee_Contact_Details/Page_OrangeHRM/i_-- Select --_oxd-icon bi-caret-up-fill ox_627fec' is clicked on

27-12-2024T09:27:53 - [TEST_STEP][PASSED] - click(findTestObject("Employee-Onboarding/Employee_Salary_Detail_Objects/Page_OrangeHRM/custom_object_for_dropdown", ["value":Country])): Object: 'Object Repository/Employee-Onboarding/Employee_Salary_Detail_Objects/Page_OrangeHRM/custom_object_for_dropdown' is clicked on

27-12-2024T09:27:53 - [MESSAGE][PASSED] - Object: 'Object Repository/Employee-Onboarding/Employee_Salary_Detail_Objects/Page_OrangeHRM/custom_object_for_dropdown' is clicked on

27-12-2024T09:27:53 - [TEST_STEP][PASSED] - setText(findTestObject("Object Repository/Employee-Onboarding/Employee_Contact_Details/Page_OrangeHRM/input_Home_oxd-input oxd-input--focus"), Tel_Home): Text '406-247-3803' is set on object 'Object Repository/Employee-Onboarding/Employee_Contact_Details/Page_OrangeHRM/input_Home_oxd-input oxd-input--focus'

27-12-2024T09:27:54 - [MESSAGE][PASSED] - Text '406-247-3803' is set on object 'Object Repository/Employee-Onboarding/Employee_Contact_Details/Page_OrangeHRM/input_Home_oxd-input oxd-input--focus'

27-12-2024T09:27:54 - [TEST_STEP][PASSED] - setText(findTestObject("Object Repository/Employee-Onboarding/Employee_Contact_Details/Page_OrangeHRM/input_Mobile_oxd-input oxd-input--focus"), Tell_Mobile): Text '001-522-738-7044' is set on object 'Object Repository/Employee-Onboarding/Employee_Contact_Details/Page_OrangeHRM/input_Mobile_oxd-input oxd-input--focus'

27-12-2024T09:27:54 - [MESSAGE][PASSED] - Text '001-522-738-7044' is set on object 'Object Repository/Employee-Onboarding/Employee_Contact_Details/Page_OrangeHRM/input_Mobile_oxd-input oxd-input--focus'

27-12-2024T09:27:54 - [TEST_STEP][PASSED] - setText(findTestObject("Object Repository/Employee-Onboarding/Employee_Contact_Details/Page_OrangeHRM/input_Work_oxd-input oxd-input--focus"), Tel_Work): Text '001-949-521-6079' is set on object 'Object Repository/Employee-Onboarding/Employee_Contact_Details/Page_OrangeHRM/input_Work_oxd-input oxd-input--focus'

27-12-2024T09:27:55 - [MESSAGE][PASSED] - Text '001-949-521-6079' is set on object 'Object Repository/Employee-Onboarding/Employee_Contact_Details/Page_OrangeHRM/input_Work_oxd-input oxd-input--focus'

27-12-2024T09:27:55 - [TEST_STEP][PASSED] - setText(findTestObject("Object Repository/Employee-Onboarding/Employee_Contact_Details/Page_OrangeHRM/input_Work Email_oxd-input oxd-input--active"), Email_Work): Text 'ruben.collins@horton.com' is set on object 'Object Repository/Employee-Onboarding/Employee_Contact_Details/Page_OrangeHRM/input_Work Email_oxd-input oxd-input--active'

27-12-2024T09:27:55 - [MESSAGE][PASSED] - Text 'ruben.collins@horton.com' is set on object 'Object Repository/Employee-Onboarding/Employee_Contact_Details/Page_OrangeHRM/input_Work Email_oxd-input oxd-input--active'

27-12-2024T09:27:55 - [TEST_STEP][PASSED] - setText(findTestObject("Object Repository/Employee-Onboarding/Employee_Contact_Details/Page_OrangeHRM/input_Other Email_oxd-input oxd-input--focu_8ec2d9"), Email_Other): Text 'ruben.collins@mockdomains.com' is set on object 'Object Repository/Employee-Onboarding/Employee_Contact_Details/Page_OrangeHRM/input_Other Email_oxd-input oxd-input--focu_8ec2d9'

27-12-2024T09:27:57 - [MESSAGE][PASSED] - Text 'ruben.collins@mockdomains.com' is set on object 'Object Repository/Employee-Onboarding/Employee_Contact_Details/Page_OrangeHRM/input_Other Email_oxd-input oxd-input--focu_8ec2d9'

27-12-2024T09:27:57 - [TEST_STEP][PASSED] - click(findTestObject("Object Repository/Employee-Onboarding/Employee_Contact_Details/Page_OrangeHRM/button_Save")): Object: 'Object Repository/Employee-Onboarding/Employee_Contact_Details/Page_OrangeHRM/button_Save' is clicked on

27-12-2024T09:27:57 - [MESSAGE][PASSED] - Object: 'Object Repository/Employee-Onboarding/Employee_Contact_Details/Page_OrangeHRM/button_Save' is clicked on]]></system-out>
         <system-err><![CDATA[]]></system-err>
      </testcase>
      <testcase name="Test Cases/Employee_Onboarding/TC_Employee_Contact_Details" time="16.803" classname="Test Cases/Employee_Onboarding/TC_Employee_Contact_Details" status="PASSED">
         <system-out><![CDATA[27-12-2024T09:27:57 - [TEST_CASE][PASSED] - Test Cases/Employee_Onboarding/TC_Employee_Contact_Details: Test Cases/Employee_Onboarding/TC_Employee_Contact_Details

27-12-2024T09:27:57 - [TEST_STEP][PASSED] - click(findTestObject("Object Repository/Employee-Onboarding/Employee_Contact_Details/Page_OrangeHRM/a_PIM")): Object: 'Object Repository/Employee-Onboarding/Employee_Contact_Details/Page_OrangeHRM/a_PIM' is clicked on

27-12-2024T09:27:58 - [MESSAGE][PASSED] - Object: 'Object Repository/Employee-Onboarding/Employee_Contact_Details/Page_OrangeHRM/a_PIM' is clicked on

27-12-2024T09:27:58 - [TEST_STEP][PASSED] - setText(findTestObject("Object Repository/Employee-Onboarding/Employee_Contact_Details/Page_OrangeHRM/input"), Fullname): Text 'Erin Ferguson' is set on object 'Object Repository/Employee-Onboarding/Employee_Contact_Details/Page_OrangeHRM/input'

27-12-2024T09:28:00 - [MESSAGE][PASSED] - Text 'Erin Ferguson' is set on object 'Object Repository/Employee-Onboarding/Employee_Contact_Details/Page_OrangeHRM/input'

27-12-2024T09:28:00 - [TEST_STEP][PASSED] - click(findTestObject("Object Repository/Employee-Onboarding/Employee_Contact_Details/Page_OrangeHRM/button_Search")): Object: 'Object Repository/Employee-Onboarding/Employee_Contact_Details/Page_OrangeHRM/button_Search' is clicked on

27-12-2024T09:28:01 - [MESSAGE][PASSED] - Object: 'Object Repository/Employee-Onboarding/Employee_Contact_Details/Page_OrangeHRM/button_Search' is clicked on

27-12-2024T09:28:01 - [TEST_STEP][PASSED] - click(findTestObject("Object Repository/Employee-Onboarding/Employee_Contact_Details/Page_OrangeHRM/div_Actions_oxd-table-cell oxd-padding-cell")): Object: 'Object Repository/Employee-Onboarding/Employee_Contact_Details/Page_OrangeHRM/div_Actions_oxd-table-cell oxd-padding-cell' is clicked on

27-12-2024T09:28:02 - [MESSAGE][PASSED] - Object: 'Object Repository/Employee-Onboarding/Employee_Contact_Details/Page_OrangeHRM/div_Actions_oxd-table-cell oxd-padding-cell' is clicked on

27-12-2024T09:28:02 - [TEST_STEP][PASSED] - click(findTestObject("Object Repository/Employee-Onboarding/Employee_Contact_Details/Page_OrangeHRM/a_Contact Details")): Object: 'Object Repository/Employee-Onboarding/Employee_Contact_Details/Page_OrangeHRM/a_Contact Details' is clicked on

27-12-2024T09:28:05 - [MESSAGE][PASSED] - Object: 'Object Repository/Employee-Onboarding/Employee_Contact_Details/Page_OrangeHRM/a_Contact Details' is clicked on

27-12-2024T09:28:05 - [TEST_STEP][PASSED] - setText(findTestObject("Object Repository/Employee-Onboarding/Employee_Contact_Details/Page_OrangeHRM/input_Street 1_oxd-input oxd-input--focus"), Street1): Text '8596 Merritt Trace Suite 338' is set on object 'Object Repository/Employee-Onboarding/Employee_Contact_Details/Page_OrangeHRM/input_Street 1_oxd-input oxd-input--focus'

27-12-2024T09:28:07 - [MESSAGE][PASSED] - Text '8596 Merritt Trace Suite 338' is set on object 'Object Repository/Employee-Onboarding/Employee_Contact_Details/Page_OrangeHRM/input_Street 1_oxd-input oxd-input--focus'

27-12-2024T09:28:07 - [TEST_STEP][PASSED] - setText(findTestObject("Object Repository/Employee-Onboarding/Employee_Contact_Details/Page_OrangeHRM/input_Street 2_oxd-input oxd-input--active"), Street2): Text 'Suite 723' is set on object 'Object Repository/Employee-Onboarding/Employee_Contact_Details/Page_OrangeHRM/input_Street 2_oxd-input oxd-input--active'

27-12-2024T09:28:08 - [MESSAGE][PASSED] - Text 'Suite 723' is set on object 'Object Repository/Employee-Onboarding/Employee_Contact_Details/Page_OrangeHRM/input_Street 2_oxd-input oxd-input--active'

27-12-2024T09:28:08 - [TEST_STEP][PASSED] - setText(findTestObject("Object Repository/Employee-Onboarding/Employee_Contact_Details/Page_OrangeHRM/input_City_oxd-input oxd-input--active"), City): Text 'East Tylerview' is set on object 'Object Repository/Employee-Onboarding/Employee_Contact_Details/Page_OrangeHRM/input_City_oxd-input oxd-input--active'

27-12-2024T09:28:08 - [MESSAGE][PASSED] - Text 'East Tylerview' is set on object 'Object Repository/Employee-Onboarding/Employee_Contact_Details/Page_OrangeHRM/input_City_oxd-input oxd-input--active'

27-12-2024T09:28:08 - [TEST_STEP][PASSED] - setText(findTestObject("Object Repository/Employee-Onboarding/Employee_Contact_Details/Page_OrangeHRM/input_StateProvince_oxd-input oxd-input--active"), State): Text 'Illinois' is set on object 'Object Repository/Employee-Onboarding/Employee_Contact_Details/Page_OrangeHRM/input_StateProvince_oxd-input oxd-input--active'

27-12-2024T09:28:09 - [MESSAGE][PASSED] - Text 'Illinois' is set on object 'Object Repository/Employee-Onboarding/Employee_Contact_Details/Page_OrangeHRM/input_StateProvince_oxd-input oxd-input--active'

27-12-2024T09:28:09 - [TEST_STEP][PASSED] - setText(findTestObject("Object Repository/Employee-Onboarding/Employee_Contact_Details/Page_OrangeHRM/input_ZipPostal Code_oxd-input oxd-input--active"), ZipCode): Text '32674' is set on object 'Object Repository/Employee-Onboarding/Employee_Contact_Details/Page_OrangeHRM/input_ZipPostal Code_oxd-input oxd-input--active'

27-12-2024T09:28:09 - [MESSAGE][PASSED] - Text '32674' is set on object 'Object Repository/Employee-Onboarding/Employee_Contact_Details/Page_OrangeHRM/input_ZipPostal Code_oxd-input oxd-input--active'

27-12-2024T09:28:09 - [TEST_STEP][PASSED] - click(findTestObject("Object Repository/Employee-Onboarding/Employee_Contact_Details/Page_OrangeHRM/i_-- Select --_oxd-icon bi-caret-up-fill ox_627fec")): Object: 'Object Repository/Employee-Onboarding/Employee_Contact_Details/Page_OrangeHRM/i_-- Select --_oxd-icon bi-caret-up-fill ox_627fec' is clicked on

27-12-2024T09:28:09 - [MESSAGE][PASSED] - Object: 'Object Repository/Employee-Onboarding/Employee_Contact_Details/Page_OrangeHRM/i_-- Select --_oxd-icon bi-caret-up-fill ox_627fec' is clicked on

27-12-2024T09:28:09 - [TEST_STEP][PASSED] - click(findTestObject("Employee-Onboarding/Employee_Salary_Detail_Objects/Page_OrangeHRM/custom_object_for_dropdown", ["value":Country])): Object: 'Object Repository/Employee-Onboarding/Employee_Salary_Detail_Objects/Page_OrangeHRM/custom_object_for_dropdown' is clicked on

27-12-2024T09:28:10 - [MESSAGE][PASSED] - Object: 'Object Repository/Employee-Onboarding/Employee_Salary_Detail_Objects/Page_OrangeHRM/custom_object_for_dropdown' is clicked on

27-12-2024T09:28:10 - [TEST_STEP][PASSED] - setText(findTestObject("Object Repository/Employee-Onboarding/Employee_Contact_Details/Page_OrangeHRM/input_Home_oxd-input oxd-input--focus"), Tel_Home): Text '200-607-3816' is set on object 'Object Repository/Employee-Onboarding/Employee_Contact_Details/Page_OrangeHRM/input_Home_oxd-input oxd-input--focus'

27-12-2024T09:28:11 - [MESSAGE][PASSED] - Text '200-607-3816' is set on object 'Object Repository/Employee-Onboarding/Employee_Contact_Details/Page_OrangeHRM/input_Home_oxd-input oxd-input--focus'

27-12-2024T09:28:11 - [TEST_STEP][PASSED] - setText(findTestObject("Object Repository/Employee-Onboarding/Employee_Contact_Details/Page_OrangeHRM/input_Mobile_oxd-input oxd-input--focus"), Tell_Mobile): Text '001-440-822-1643' is set on object 'Object Repository/Employee-Onboarding/Employee_Contact_Details/Page_OrangeHRM/input_Mobile_oxd-input oxd-input--focus'

27-12-2024T09:28:11 - [MESSAGE][PASSED] - Text '001-440-822-1643' is set on object 'Object Repository/Employee-Onboarding/Employee_Contact_Details/Page_OrangeHRM/input_Mobile_oxd-input oxd-input--focus'

27-12-2024T09:28:11 - [TEST_STEP][PASSED] - setText(findTestObject("Object Repository/Employee-Onboarding/Employee_Contact_Details/Page_OrangeHRM/input_Work_oxd-input oxd-input--focus"), Tel_Work): Text '(586)307-5563' is set on object 'Object Repository/Employee-Onboarding/Employee_Contact_Details/Page_OrangeHRM/input_Work_oxd-input oxd-input--focus'

27-12-2024T09:28:12 - [MESSAGE][PASSED] - Text '(586)307-5563' is set on object 'Object Repository/Employee-Onboarding/Employee_Contact_Details/Page_OrangeHRM/input_Work_oxd-input oxd-input--focus'

27-12-2024T09:28:12 - [TEST_STEP][PASSED] - setText(findTestObject("Object Repository/Employee-Onboarding/Employee_Contact_Details/Page_OrangeHRM/input_Work Email_oxd-input oxd-input--active"), Email_Work): Text 'erin.ferguson@kaufman-serrano.org' is set on object 'Object Repository/Employee-Onboarding/Employee_Contact_Details/Page_OrangeHRM/input_Work Email_oxd-input oxd-input--active'

27-12-2024T09:28:12 - [MESSAGE][PASSED] - Text 'erin.ferguson@kaufman-serrano.org' is set on object 'Object Repository/Employee-Onboarding/Employee_Contact_Details/Page_OrangeHRM/input_Work Email_oxd-input oxd-input--active'

27-12-2024T09:28:12 - [TEST_STEP][PASSED] - setText(findTestObject("Object Repository/Employee-Onboarding/Employee_Contact_Details/Page_OrangeHRM/input_Other Email_oxd-input oxd-input--focu_8ec2d9"), Email_Other): Text 'erin.ferguson@fakewebmail.net' is set on object 'Object Repository/Employee-Onboarding/Employee_Contact_Details/Page_OrangeHRM/input_Other Email_oxd-input oxd-input--focu_8ec2d9'

27-12-2024T09:28:14 - [MESSAGE][PASSED] - Text 'erin.ferguson@fakewebmail.net' is set on object 'Object Repository/Employee-Onboarding/Employee_Contact_Details/Page_OrangeHRM/input_Other Email_oxd-input oxd-input--focu_8ec2d9'

27-12-2024T09:28:14 - [TEST_STEP][PASSED] - click(findTestObject("Object Repository/Employee-Onboarding/Employee_Contact_Details/Page_OrangeHRM/button_Save")): Object: 'Object Repository/Employee-Onboarding/Employee_Contact_Details/Page_OrangeHRM/button_Save' is clicked on

27-12-2024T09:28:14 - [MESSAGE][PASSED] - Object: 'Object Repository/Employee-Onboarding/Employee_Contact_Details/Page_OrangeHRM/button_Save' is clicked on]]></system-out>
         <system-err><![CDATA[]]></system-err>
      </testcase>
      <testcase name="Test Cases/Employee_Onboarding/TC_Employee_Contact_Details" time="17.896" classname="Test Cases/Employee_Onboarding/TC_Employee_Contact_Details" status="PASSED">
         <system-out><![CDATA[27-12-2024T09:28:14 - [TEST_CASE][PASSED] - Test Cases/Employee_Onboarding/TC_Employee_Contact_Details: Test Cases/Employee_Onboarding/TC_Employee_Contact_Details

27-12-2024T09:28:14 - [TEST_STEP][PASSED] - click(findTestObject("Object Repository/Employee-Onboarding/Employee_Contact_Details/Page_OrangeHRM/a_PIM")): Object: 'Object Repository/Employee-Onboarding/Employee_Contact_Details/Page_OrangeHRM/a_PIM' is clicked on

27-12-2024T09:28:15 - [MESSAGE][PASSED] - Object: 'Object Repository/Employee-Onboarding/Employee_Contact_Details/Page_OrangeHRM/a_PIM' is clicked on

27-12-2024T09:28:15 - [TEST_STEP][PASSED] - setText(findTestObject("Object Repository/Employee-Onboarding/Employee_Contact_Details/Page_OrangeHRM/input"), Fullname): Text 'Jennifer Miles' is set on object 'Object Repository/Employee-Onboarding/Employee_Contact_Details/Page_OrangeHRM/input'

27-12-2024T09:28:18 - [MESSAGE][PASSED] - Text 'Jennifer Miles' is set on object 'Object Repository/Employee-Onboarding/Employee_Contact_Details/Page_OrangeHRM/input'

27-12-2024T09:28:18 - [TEST_STEP][PASSED] - click(findTestObject("Object Repository/Employee-Onboarding/Employee_Contact_Details/Page_OrangeHRM/button_Search")): Object: 'Object Repository/Employee-Onboarding/Employee_Contact_Details/Page_OrangeHRM/button_Search' is clicked on

27-12-2024T09:28:18 - [MESSAGE][PASSED] - Object: 'Object Repository/Employee-Onboarding/Employee_Contact_Details/Page_OrangeHRM/button_Search' is clicked on

27-12-2024T09:28:18 - [TEST_STEP][PASSED] - click(findTestObject("Object Repository/Employee-Onboarding/Employee_Contact_Details/Page_OrangeHRM/div_Actions_oxd-table-cell oxd-padding-cell")): Object: 'Object Repository/Employee-Onboarding/Employee_Contact_Details/Page_OrangeHRM/div_Actions_oxd-table-cell oxd-padding-cell' is clicked on

27-12-2024T09:28:20 - [MESSAGE][PASSED] - Object: 'Object Repository/Employee-Onboarding/Employee_Contact_Details/Page_OrangeHRM/div_Actions_oxd-table-cell oxd-padding-cell' is clicked on

27-12-2024T09:28:20 - [TEST_STEP][PASSED] - click(findTestObject("Object Repository/Employee-Onboarding/Employee_Contact_Details/Page_OrangeHRM/a_Contact Details")): Object: 'Object Repository/Employee-Onboarding/Employee_Contact_Details/Page_OrangeHRM/a_Contact Details' is clicked on

27-12-2024T09:28:23 - [MESSAGE][PASSED] - Object: 'Object Repository/Employee-Onboarding/Employee_Contact_Details/Page_OrangeHRM/a_Contact Details' is clicked on

27-12-2024T09:28:23 - [TEST_STEP][PASSED] - setText(findTestObject("Object Repository/Employee-Onboarding/Employee_Contact_Details/Page_OrangeHRM/input_Street 1_oxd-input oxd-input--focus"), Street1): Text '9327 Maria Springs' is set on object 'Object Repository/Employee-Onboarding/Employee_Contact_Details/Page_OrangeHRM/input_Street 1_oxd-input oxd-input--focus'

27-12-2024T09:28:25 - [MESSAGE][PASSED] - Text '9327 Maria Springs' is set on object 'Object Repository/Employee-Onboarding/Employee_Contact_Details/Page_OrangeHRM/input_Street 1_oxd-input oxd-input--focus'

27-12-2024T09:28:25 - [TEST_STEP][PASSED] - setText(findTestObject("Object Repository/Employee-Onboarding/Employee_Contact_Details/Page_OrangeHRM/input_Street 2_oxd-input oxd-input--active"), Street2): Text 'Apt. 718' is set on object 'Object Repository/Employee-Onboarding/Employee_Contact_Details/Page_OrangeHRM/input_Street 2_oxd-input oxd-input--active'

27-12-2024T09:28:26 - [MESSAGE][PASSED] - Text 'Apt. 718' is set on object 'Object Repository/Employee-Onboarding/Employee_Contact_Details/Page_OrangeHRM/input_Street 2_oxd-input oxd-input--active'

27-12-2024T09:28:26 - [TEST_STEP][PASSED] - setText(findTestObject("Object Repository/Employee-Onboarding/Employee_Contact_Details/Page_OrangeHRM/input_City_oxd-input oxd-input--active"), City): Text 'Figueroaview' is set on object 'Object Repository/Employee-Onboarding/Employee_Contact_Details/Page_OrangeHRM/input_City_oxd-input oxd-input--active'

27-12-2024T09:28:26 - [MESSAGE][PASSED] - Text 'Figueroaview' is set on object 'Object Repository/Employee-Onboarding/Employee_Contact_Details/Page_OrangeHRM/input_City_oxd-input oxd-input--active'

27-12-2024T09:28:26 - [TEST_STEP][PASSED] - setText(findTestObject("Object Repository/Employee-Onboarding/Employee_Contact_Details/Page_OrangeHRM/input_StateProvince_oxd-input oxd-input--active"), State): Text 'California' is set on object 'Object Repository/Employee-Onboarding/Employee_Contact_Details/Page_OrangeHRM/input_StateProvince_oxd-input oxd-input--active'

27-12-2024T09:28:27 - [MESSAGE][PASSED] - Text 'California' is set on object 'Object Repository/Employee-Onboarding/Employee_Contact_Details/Page_OrangeHRM/input_StateProvince_oxd-input oxd-input--active'

27-12-2024T09:28:27 - [TEST_STEP][PASSED] - setText(findTestObject("Object Repository/Employee-Onboarding/Employee_Contact_Details/Page_OrangeHRM/input_ZipPostal Code_oxd-input oxd-input--active"), ZipCode): Text '12963' is set on object 'Object Repository/Employee-Onboarding/Employee_Contact_Details/Page_OrangeHRM/input_ZipPostal Code_oxd-input oxd-input--active'

27-12-2024T09:28:27 - [MESSAGE][PASSED] - Text '12963' is set on object 'Object Repository/Employee-Onboarding/Employee_Contact_Details/Page_OrangeHRM/input_ZipPostal Code_oxd-input oxd-input--active'

27-12-2024T09:28:27 - [TEST_STEP][PASSED] - click(findTestObject("Object Repository/Employee-Onboarding/Employee_Contact_Details/Page_OrangeHRM/i_-- Select --_oxd-icon bi-caret-up-fill ox_627fec")): Object: 'Object Repository/Employee-Onboarding/Employee_Contact_Details/Page_OrangeHRM/i_-- Select --_oxd-icon bi-caret-up-fill ox_627fec' is clicked on

27-12-2024T09:28:27 - [MESSAGE][PASSED] - Object: 'Object Repository/Employee-Onboarding/Employee_Contact_Details/Page_OrangeHRM/i_-- Select --_oxd-icon bi-caret-up-fill ox_627fec' is clicked on

27-12-2024T09:28:27 - [TEST_STEP][PASSED] - click(findTestObject("Employee-Onboarding/Employee_Salary_Detail_Objects/Page_OrangeHRM/custom_object_for_dropdown", ["value":Country])): Object: 'Object Repository/Employee-Onboarding/Employee_Salary_Detail_Objects/Page_OrangeHRM/custom_object_for_dropdown' is clicked on

27-12-2024T09:28:28 - [MESSAGE][PASSED] - Object: 'Object Repository/Employee-Onboarding/Employee_Salary_Detail_Objects/Page_OrangeHRM/custom_object_for_dropdown' is clicked on

27-12-2024T09:28:28 - [TEST_STEP][PASSED] - setText(findTestObject("Object Repository/Employee-Onboarding/Employee_Contact_Details/Page_OrangeHRM/input_Home_oxd-input oxd-input--focus"), Tel_Home): Text '001-682-747-1737' is set on object 'Object Repository/Employee-Onboarding/Employee_Contact_Details/Page_OrangeHRM/input_Home_oxd-input oxd-input--focus'

27-12-2024T09:28:29 - [MESSAGE][PASSED] - Text '001-682-747-1737' is set on object 'Object Repository/Employee-Onboarding/Employee_Contact_Details/Page_OrangeHRM/input_Home_oxd-input oxd-input--focus'

27-12-2024T09:28:29 - [TEST_STEP][PASSED] - setText(findTestObject("Object Repository/Employee-Onboarding/Employee_Contact_Details/Page_OrangeHRM/input_Mobile_oxd-input oxd-input--focus"), Tell_Mobile): Text '625-539-8531' is set on object 'Object Repository/Employee-Onboarding/Employee_Contact_Details/Page_OrangeHRM/input_Mobile_oxd-input oxd-input--focus'

27-12-2024T09:28:29 - [MESSAGE][PASSED] - Text '625-539-8531' is set on object 'Object Repository/Employee-Onboarding/Employee_Contact_Details/Page_OrangeHRM/input_Mobile_oxd-input oxd-input--focus'

27-12-2024T09:28:29 - [TEST_STEP][PASSED] - setText(findTestObject("Object Repository/Employee-Onboarding/Employee_Contact_Details/Page_OrangeHRM/input_Work_oxd-input oxd-input--focus"), Tel_Work): Text '786-474-6322' is set on object 'Object Repository/Employee-Onboarding/Employee_Contact_Details/Page_OrangeHRM/input_Work_oxd-input oxd-input--focus'

27-12-2024T09:28:30 - [MESSAGE][PASSED] - Text '786-474-6322' is set on object 'Object Repository/Employee-Onboarding/Employee_Contact_Details/Page_OrangeHRM/input_Work_oxd-input oxd-input--focus'

27-12-2024T09:28:30 - [TEST_STEP][PASSED] - setText(findTestObject("Object Repository/Employee-Onboarding/Employee_Contact_Details/Page_OrangeHRM/input_Work Email_oxd-input oxd-input--active"), Email_Work): Text 'jennifer.miles@rose.com' is set on object 'Object Repository/Employee-Onboarding/Employee_Contact_Details/Page_OrangeHRM/input_Work Email_oxd-input oxd-input--active'

27-12-2024T09:28:30 - [MESSAGE][PASSED] - Text 'jennifer.miles@rose.com' is set on object 'Object Repository/Employee-Onboarding/Employee_Contact_Details/Page_OrangeHRM/input_Work Email_oxd-input oxd-input--active'

27-12-2024T09:28:30 - [TEST_STEP][PASSED] - setText(findTestObject("Object Repository/Employee-Onboarding/Employee_Contact_Details/Page_OrangeHRM/input_Other Email_oxd-input oxd-input--focu_8ec2d9"), Email_Other): Text 'jennifer.miles@emulatenow.co' is set on object 'Object Repository/Employee-Onboarding/Employee_Contact_Details/Page_OrangeHRM/input_Other Email_oxd-input oxd-input--focu_8ec2d9'

27-12-2024T09:28:32 - [MESSAGE][PASSED] - Text 'jennifer.miles@emulatenow.co' is set on object 'Object Repository/Employee-Onboarding/Employee_Contact_Details/Page_OrangeHRM/input_Other Email_oxd-input oxd-input--focu_8ec2d9'

27-12-2024T09:28:32 - [TEST_STEP][PASSED] - click(findTestObject("Object Repository/Employee-Onboarding/Employee_Contact_Details/Page_OrangeHRM/button_Save")): Object: 'Object Repository/Employee-Onboarding/Employee_Contact_Details/Page_OrangeHRM/button_Save' is clicked on

27-12-2024T09:28:32 - [MESSAGE][PASSED] - Object: 'Object Repository/Employee-Onboarding/Employee_Contact_Details/Page_OrangeHRM/button_Save' is clicked on]]></system-out>
         <system-err><![CDATA[]]></system-err>
      </testcase>
      <testcase name="Test Cases/Employee_Onboarding/TC_Employee_Contact_Details" time="16.858" classname="Test Cases/Employee_Onboarding/TC_Employee_Contact_Details" status="PASSED">
         <system-out><![CDATA[27-12-2024T09:28:32 - [TEST_CASE][PASSED] - Test Cases/Employee_Onboarding/TC_Employee_Contact_Details: Test Cases/Employee_Onboarding/TC_Employee_Contact_Details

27-12-2024T09:28:32 - [TEST_STEP][PASSED] - click(findTestObject("Object Repository/Employee-Onboarding/Employee_Contact_Details/Page_OrangeHRM/a_PIM")): Object: 'Object Repository/Employee-Onboarding/Employee_Contact_Details/Page_OrangeHRM/a_PIM' is clicked on

27-12-2024T09:28:33 - [MESSAGE][PASSED] - Object: 'Object Repository/Employee-Onboarding/Employee_Contact_Details/Page_OrangeHRM/a_PIM' is clicked on

27-12-2024T09:28:33 - [TEST_STEP][PASSED] - setText(findTestObject("Object Repository/Employee-Onboarding/Employee_Contact_Details/Page_OrangeHRM/input"), Fullname): Text 'Rebecca Gutierrez' is set on object 'Object Repository/Employee-Onboarding/Employee_Contact_Details/Page_OrangeHRM/input'

27-12-2024T09:28:35 - [MESSAGE][PASSED] - Text 'Rebecca Gutierrez' is set on object 'Object Repository/Employee-Onboarding/Employee_Contact_Details/Page_OrangeHRM/input'

27-12-2024T09:28:35 - [TEST_STEP][PASSED] - click(findTestObject("Object Repository/Employee-Onboarding/Employee_Contact_Details/Page_OrangeHRM/button_Search")): Object: 'Object Repository/Employee-Onboarding/Employee_Contact_Details/Page_OrangeHRM/button_Search' is clicked on

27-12-2024T09:28:36 - [MESSAGE][PASSED] - Object: 'Object Repository/Employee-Onboarding/Employee_Contact_Details/Page_OrangeHRM/button_Search' is clicked on

27-12-2024T09:28:36 - [TEST_STEP][PASSED] - click(findTestObject("Object Repository/Employee-Onboarding/Employee_Contact_Details/Page_OrangeHRM/div_Actions_oxd-table-cell oxd-padding-cell")): Object: 'Object Repository/Employee-Onboarding/Employee_Contact_Details/Page_OrangeHRM/div_Actions_oxd-table-cell oxd-padding-cell' is clicked on

27-12-2024T09:28:37 - [MESSAGE][PASSED] - Object: 'Object Repository/Employee-Onboarding/Employee_Contact_Details/Page_OrangeHRM/div_Actions_oxd-table-cell oxd-padding-cell' is clicked on

27-12-2024T09:28:37 - [TEST_STEP][PASSED] - click(findTestObject("Object Repository/Employee-Onboarding/Employee_Contact_Details/Page_OrangeHRM/a_Contact Details")): Object: 'Object Repository/Employee-Onboarding/Employee_Contact_Details/Page_OrangeHRM/a_Contact Details' is clicked on

27-12-2024T09:28:40 - [MESSAGE][PASSED] - Object: 'Object Repository/Employee-Onboarding/Employee_Contact_Details/Page_OrangeHRM/a_Contact Details' is clicked on

27-12-2024T09:28:40 - [TEST_STEP][PASSED] - setText(findTestObject("Object Repository/Employee-Onboarding/Employee_Contact_Details/Page_OrangeHRM/input_Street 1_oxd-input oxd-input--focus"), Street1): Text '9137 Cherry Village' is set on object 'Object Repository/Employee-Onboarding/Employee_Contact_Details/Page_OrangeHRM/input_Street 1_oxd-input oxd-input--focus'

27-12-2024T09:28:42 - [MESSAGE][PASSED] - Text '9137 Cherry Village' is set on object 'Object Repository/Employee-Onboarding/Employee_Contact_Details/Page_OrangeHRM/input_Street 1_oxd-input oxd-input--focus'

27-12-2024T09:28:42 - [TEST_STEP][PASSED] - setText(findTestObject("Object Repository/Employee-Onboarding/Employee_Contact_Details/Page_OrangeHRM/input_Street 2_oxd-input oxd-input--active"), Street2): Text 'Apt. 447' is set on object 'Object Repository/Employee-Onboarding/Employee_Contact_Details/Page_OrangeHRM/input_Street 2_oxd-input oxd-input--active'

27-12-2024T09:28:43 - [MESSAGE][PASSED] - Text 'Apt. 447' is set on object 'Object Repository/Employee-Onboarding/Employee_Contact_Details/Page_OrangeHRM/input_Street 2_oxd-input oxd-input--active'

27-12-2024T09:28:43 - [TEST_STEP][PASSED] - setText(findTestObject("Object Repository/Employee-Onboarding/Employee_Contact_Details/Page_OrangeHRM/input_City_oxd-input oxd-input--active"), City): Text 'New Brandonmouth' is set on object 'Object Repository/Employee-Onboarding/Employee_Contact_Details/Page_OrangeHRM/input_City_oxd-input oxd-input--active'

27-12-2024T09:28:43 - [MESSAGE][PASSED] - Text 'New Brandonmouth' is set on object 'Object Repository/Employee-Onboarding/Employee_Contact_Details/Page_OrangeHRM/input_City_oxd-input oxd-input--active'

27-12-2024T09:28:43 - [TEST_STEP][PASSED] - setText(findTestObject("Object Repository/Employee-Onboarding/Employee_Contact_Details/Page_OrangeHRM/input_StateProvince_oxd-input oxd-input--active"), State): Text 'Michigan' is set on object 'Object Repository/Employee-Onboarding/Employee_Contact_Details/Page_OrangeHRM/input_StateProvince_oxd-input oxd-input--active'

27-12-2024T09:28:44 - [MESSAGE][PASSED] - Text 'Michigan' is set on object 'Object Repository/Employee-Onboarding/Employee_Contact_Details/Page_OrangeHRM/input_StateProvince_oxd-input oxd-input--active'

27-12-2024T09:28:44 - [TEST_STEP][PASSED] - setText(findTestObject("Object Repository/Employee-Onboarding/Employee_Contact_Details/Page_OrangeHRM/input_ZipPostal Code_oxd-input oxd-input--active"), ZipCode): Text '66460' is set on object 'Object Repository/Employee-Onboarding/Employee_Contact_Details/Page_OrangeHRM/input_ZipPostal Code_oxd-input oxd-input--active'

27-12-2024T09:28:44 - [MESSAGE][PASSED] - Text '66460' is set on object 'Object Repository/Employee-Onboarding/Employee_Contact_Details/Page_OrangeHRM/input_ZipPostal Code_oxd-input oxd-input--active'

27-12-2024T09:28:44 - [TEST_STEP][PASSED] - click(findTestObject("Object Repository/Employee-Onboarding/Employee_Contact_Details/Page_OrangeHRM/i_-- Select --_oxd-icon bi-caret-up-fill ox_627fec")): Object: 'Object Repository/Employee-Onboarding/Employee_Contact_Details/Page_OrangeHRM/i_-- Select --_oxd-icon bi-caret-up-fill ox_627fec' is clicked on

27-12-2024T09:28:44 - [MESSAGE][PASSED] - Object: 'Object Repository/Employee-Onboarding/Employee_Contact_Details/Page_OrangeHRM/i_-- Select --_oxd-icon bi-caret-up-fill ox_627fec' is clicked on

27-12-2024T09:28:44 - [TEST_STEP][PASSED] - click(findTestObject("Employee-Onboarding/Employee_Salary_Detail_Objects/Page_OrangeHRM/custom_object_for_dropdown", ["value":Country])): Object: 'Object Repository/Employee-Onboarding/Employee_Salary_Detail_Objects/Page_OrangeHRM/custom_object_for_dropdown' is clicked on

27-12-2024T09:28:45 - [MESSAGE][PASSED] - Object: 'Object Repository/Employee-Onboarding/Employee_Salary_Detail_Objects/Page_OrangeHRM/custom_object_for_dropdown' is clicked on

27-12-2024T09:28:45 - [TEST_STEP][PASSED] - setText(findTestObject("Object Repository/Employee-Onboarding/Employee_Contact_Details/Page_OrangeHRM/input_Home_oxd-input oxd-input--focus"), Tel_Home): Text '855-996-5548' is set on object 'Object Repository/Employee-Onboarding/Employee_Contact_Details/Page_OrangeHRM/input_Home_oxd-input oxd-input--focus'

27-12-2024T09:28:46 - [MESSAGE][PASSED] - Text '855-996-5548' is set on object 'Object Repository/Employee-Onboarding/Employee_Contact_Details/Page_OrangeHRM/input_Home_oxd-input oxd-input--focus'

27-12-2024T09:28:46 - [TEST_STEP][PASSED] - setText(findTestObject("Object Repository/Employee-Onboarding/Employee_Contact_Details/Page_OrangeHRM/input_Mobile_oxd-input oxd-input--focus"), Tell_Mobile): Text '536-888-7344' is set on object 'Object Repository/Employee-Onboarding/Employee_Contact_Details/Page_OrangeHRM/input_Mobile_oxd-input oxd-input--focus'

27-12-2024T09:28:46 - [MESSAGE][PASSED] - Text '536-888-7344' is set on object 'Object Repository/Employee-Onboarding/Employee_Contact_Details/Page_OrangeHRM/input_Mobile_oxd-input oxd-input--focus'

27-12-2024T09:28:46 - [TEST_STEP][PASSED] - setText(findTestObject("Object Repository/Employee-Onboarding/Employee_Contact_Details/Page_OrangeHRM/input_Work_oxd-input oxd-input--focus"), Tel_Work): Text '001-464-952-4039' is set on object 'Object Repository/Employee-Onboarding/Employee_Contact_Details/Page_OrangeHRM/input_Work_oxd-input oxd-input--focus'

27-12-2024T09:28:47 - [MESSAGE][PASSED] - Text '001-464-952-4039' is set on object 'Object Repository/Employee-Onboarding/Employee_Contact_Details/Page_OrangeHRM/input_Work_oxd-input oxd-input--focus'

27-12-2024T09:28:47 - [TEST_STEP][PASSED] - setText(findTestObject("Object Repository/Employee-Onboarding/Employee_Contact_Details/Page_OrangeHRM/input_Work Email_oxd-input oxd-input--active"), Email_Work): Text 'rebecca.gutierrez@scott-patton.info' is set on object 'Object Repository/Employee-Onboarding/Employee_Contact_Details/Page_OrangeHRM/input_Work Email_oxd-input oxd-input--active'

27-12-2024T09:28:47 - [MESSAGE][PASSED] - Text 'rebecca.gutierrez@scott-patton.info' is set on object 'Object Repository/Employee-Onboarding/Employee_Contact_Details/Page_OrangeHRM/input_Work Email_oxd-input oxd-input--active'

27-12-2024T09:28:47 - [TEST_STEP][PASSED] - setText(findTestObject("Object Repository/Employee-Onboarding/Employee_Contact_Details/Page_OrangeHRM/input_Other Email_oxd-input oxd-input--focu_8ec2d9"), Email_Other): Text 'rebecca.gutierrez@webdummy.net' is set on object 'Object Repository/Employee-Onboarding/Employee_Contact_Details/Page_OrangeHRM/input_Other Email_oxd-input oxd-input--focu_8ec2d9'

27-12-2024T09:28:48 - [MESSAGE][PASSED] - Text 'rebecca.gutierrez@webdummy.net' is set on object 'Object Repository/Employee-Onboarding/Employee_Contact_Details/Page_OrangeHRM/input_Other Email_oxd-input oxd-input--focu_8ec2d9'

27-12-2024T09:28:48 - [TEST_STEP][PASSED] - click(findTestObject("Object Repository/Employee-Onboarding/Employee_Contact_Details/Page_OrangeHRM/button_Save")): Object: 'Object Repository/Employee-Onboarding/Employee_Contact_Details/Page_OrangeHRM/button_Save' is clicked on

27-12-2024T09:28:49 - [MESSAGE][PASSED] - Object: 'Object Repository/Employee-Onboarding/Employee_Contact_Details/Page_OrangeHRM/button_Save' is clicked on]]></system-out>
         <system-err><![CDATA[]]></system-err>
      </testcase>
      <testcase name="Test Cases/Employee_Onboarding/TC_Employee_Contact_Details" time="17.204" classname="Test Cases/Employee_Onboarding/TC_Employee_Contact_Details" status="PASSED">
         <system-out><![CDATA[27-12-2024T09:28:49 - [TEST_CASE][PASSED] - Test Cases/Employee_Onboarding/TC_Employee_Contact_Details: Test Cases/Employee_Onboarding/TC_Employee_Contact_Details

27-12-2024T09:28:49 - [TEST_STEP][PASSED] - click(findTestObject("Object Repository/Employee-Onboarding/Employee_Contact_Details/Page_OrangeHRM/a_PIM")): Object: 'Object Repository/Employee-Onboarding/Employee_Contact_Details/Page_OrangeHRM/a_PIM' is clicked on

27-12-2024T09:28:50 - [MESSAGE][PASSED] - Object: 'Object Repository/Employee-Onboarding/Employee_Contact_Details/Page_OrangeHRM/a_PIM' is clicked on

27-12-2024T09:28:50 - [TEST_STEP][PASSED] - setText(findTestObject("Object Repository/Employee-Onboarding/Employee_Contact_Details/Page_OrangeHRM/input"), Fullname): Text 'Elizabeth Ruiz' is set on object 'Object Repository/Employee-Onboarding/Employee_Contact_Details/Page_OrangeHRM/input'

27-12-2024T09:28:52 - [MESSAGE][PASSED] - Text 'Elizabeth Ruiz' is set on object 'Object Repository/Employee-Onboarding/Employee_Contact_Details/Page_OrangeHRM/input'

27-12-2024T09:28:52 - [TEST_STEP][PASSED] - click(findTestObject("Object Repository/Employee-Onboarding/Employee_Contact_Details/Page_OrangeHRM/button_Search")): Object: 'Object Repository/Employee-Onboarding/Employee_Contact_Details/Page_OrangeHRM/button_Search' is clicked on

27-12-2024T09:28:53 - [MESSAGE][PASSED] - Object: 'Object Repository/Employee-Onboarding/Employee_Contact_Details/Page_OrangeHRM/button_Search' is clicked on

27-12-2024T09:28:53 - [TEST_STEP][PASSED] - click(findTestObject("Object Repository/Employee-Onboarding/Employee_Contact_Details/Page_OrangeHRM/div_Actions_oxd-table-cell oxd-padding-cell")): Object: 'Object Repository/Employee-Onboarding/Employee_Contact_Details/Page_OrangeHRM/div_Actions_oxd-table-cell oxd-padding-cell' is clicked on

27-12-2024T09:28:54 - [MESSAGE][PASSED] - Object: 'Object Repository/Employee-Onboarding/Employee_Contact_Details/Page_OrangeHRM/div_Actions_oxd-table-cell oxd-padding-cell' is clicked on

27-12-2024T09:28:54 - [TEST_STEP][PASSED] - click(findTestObject("Object Repository/Employee-Onboarding/Employee_Contact_Details/Page_OrangeHRM/a_Contact Details")): Object: 'Object Repository/Employee-Onboarding/Employee_Contact_Details/Page_OrangeHRM/a_Contact Details' is clicked on

27-12-2024T09:28:57 - [MESSAGE][PASSED] - Object: 'Object Repository/Employee-Onboarding/Employee_Contact_Details/Page_OrangeHRM/a_Contact Details' is clicked on

27-12-2024T09:28:57 - [TEST_STEP][PASSED] - setText(findTestObject("Object Repository/Employee-Onboarding/Employee_Contact_Details/Page_OrangeHRM/input_Street 1_oxd-input oxd-input--focus"), Street1): Text '5947 Moore Harbor Apt. 515' is set on object 'Object Repository/Employee-Onboarding/Employee_Contact_Details/Page_OrangeHRM/input_Street 1_oxd-input oxd-input--focus'

27-12-2024T09:28:59 - [MESSAGE][PASSED] - Text '5947 Moore Harbor Apt. 515' is set on object 'Object Repository/Employee-Onboarding/Employee_Contact_Details/Page_OrangeHRM/input_Street 1_oxd-input oxd-input--focus'

27-12-2024T09:28:59 - [TEST_STEP][PASSED] - setText(findTestObject("Object Repository/Employee-Onboarding/Employee_Contact_Details/Page_OrangeHRM/input_Street 2_oxd-input oxd-input--active"), Street2): Text 'Apt. 548' is set on object 'Object Repository/Employee-Onboarding/Employee_Contact_Details/Page_OrangeHRM/input_Street 2_oxd-input oxd-input--active'

27-12-2024T09:29:00 - [MESSAGE][PASSED] - Text 'Apt. 548' is set on object 'Object Repository/Employee-Onboarding/Employee_Contact_Details/Page_OrangeHRM/input_Street 2_oxd-input oxd-input--active'

27-12-2024T09:29:00 - [TEST_STEP][PASSED] - setText(findTestObject("Object Repository/Employee-Onboarding/Employee_Contact_Details/Page_OrangeHRM/input_City_oxd-input oxd-input--active"), City): Text 'Lake Stephen' is set on object 'Object Repository/Employee-Onboarding/Employee_Contact_Details/Page_OrangeHRM/input_City_oxd-input oxd-input--active'

27-12-2024T09:29:00 - [MESSAGE][PASSED] - Text 'Lake Stephen' is set on object 'Object Repository/Employee-Onboarding/Employee_Contact_Details/Page_OrangeHRM/input_City_oxd-input oxd-input--active'

27-12-2024T09:29:00 - [TEST_STEP][PASSED] - setText(findTestObject("Object Repository/Employee-Onboarding/Employee_Contact_Details/Page_OrangeHRM/input_StateProvince_oxd-input oxd-input--active"), State): Text 'Ohio' is set on object 'Object Repository/Employee-Onboarding/Employee_Contact_Details/Page_OrangeHRM/input_StateProvince_oxd-input oxd-input--active'

27-12-2024T09:29:01 - [MESSAGE][PASSED] - Text 'Ohio' is set on object 'Object Repository/Employee-Onboarding/Employee_Contact_Details/Page_OrangeHRM/input_StateProvince_oxd-input oxd-input--active'

27-12-2024T09:29:01 - [TEST_STEP][PASSED] - setText(findTestObject("Object Repository/Employee-Onboarding/Employee_Contact_Details/Page_OrangeHRM/input_ZipPostal Code_oxd-input oxd-input--active"), ZipCode): Text '80075' is set on object 'Object Repository/Employee-Onboarding/Employee_Contact_Details/Page_OrangeHRM/input_ZipPostal Code_oxd-input oxd-input--active'

27-12-2024T09:29:01 - [MESSAGE][PASSED] - Text '80075' is set on object 'Object Repository/Employee-Onboarding/Employee_Contact_Details/Page_OrangeHRM/input_ZipPostal Code_oxd-input oxd-input--active'

27-12-2024T09:29:01 - [TEST_STEP][PASSED] - click(findTestObject("Object Repository/Employee-Onboarding/Employee_Contact_Details/Page_OrangeHRM/i_-- Select --_oxd-icon bi-caret-up-fill ox_627fec")): Object: 'Object Repository/Employee-Onboarding/Employee_Contact_Details/Page_OrangeHRM/i_-- Select --_oxd-icon bi-caret-up-fill ox_627fec' is clicked on

27-12-2024T09:29:01 - [MESSAGE][PASSED] - Object: 'Object Repository/Employee-Onboarding/Employee_Contact_Details/Page_OrangeHRM/i_-- Select --_oxd-icon bi-caret-up-fill ox_627fec' is clicked on

27-12-2024T09:29:01 - [TEST_STEP][PASSED] - click(findTestObject("Employee-Onboarding/Employee_Salary_Detail_Objects/Page_OrangeHRM/custom_object_for_dropdown", ["value":Country])): Object: 'Object Repository/Employee-Onboarding/Employee_Salary_Detail_Objects/Page_OrangeHRM/custom_object_for_dropdown' is clicked on

27-12-2024T09:29:02 - [MESSAGE][PASSED] - Object: 'Object Repository/Employee-Onboarding/Employee_Salary_Detail_Objects/Page_OrangeHRM/custom_object_for_dropdown' is clicked on

27-12-2024T09:29:02 - [TEST_STEP][PASSED] - setText(findTestObject("Object Repository/Employee-Onboarding/Employee_Contact_Details/Page_OrangeHRM/input_Home_oxd-input oxd-input--focus"), Tel_Home): Text '958-580-4426' is set on object 'Object Repository/Employee-Onboarding/Employee_Contact_Details/Page_OrangeHRM/input_Home_oxd-input oxd-input--focus'

27-12-2024T09:29:03 - [MESSAGE][PASSED] - Text '958-580-4426' is set on object 'Object Repository/Employee-Onboarding/Employee_Contact_Details/Page_OrangeHRM/input_Home_oxd-input oxd-input--focus'

27-12-2024T09:29:03 - [TEST_STEP][PASSED] - setText(findTestObject("Object Repository/Employee-Onboarding/Employee_Contact_Details/Page_OrangeHRM/input_Mobile_oxd-input oxd-input--focus"), Tell_Mobile): Text '001-729-819-3201' is set on object 'Object Repository/Employee-Onboarding/Employee_Contact_Details/Page_OrangeHRM/input_Mobile_oxd-input oxd-input--focus'

27-12-2024T09:29:03 - [MESSAGE][PASSED] - Text '001-729-819-3201' is set on object 'Object Repository/Employee-Onboarding/Employee_Contact_Details/Page_OrangeHRM/input_Mobile_oxd-input oxd-input--focus'

27-12-2024T09:29:03 - [TEST_STEP][PASSED] - setText(findTestObject("Object Repository/Employee-Onboarding/Employee_Contact_Details/Page_OrangeHRM/input_Work_oxd-input oxd-input--focus"), Tel_Work): Text '692-710-5027' is set on object 'Object Repository/Employee-Onboarding/Employee_Contact_Details/Page_OrangeHRM/input_Work_oxd-input oxd-input--focus'

27-12-2024T09:29:04 - [MESSAGE][PASSED] - Text '692-710-5027' is set on object 'Object Repository/Employee-Onboarding/Employee_Contact_Details/Page_OrangeHRM/input_Work_oxd-input oxd-input--focus'

27-12-2024T09:29:04 - [TEST_STEP][PASSED] - setText(findTestObject("Object Repository/Employee-Onboarding/Employee_Contact_Details/Page_OrangeHRM/input_Work Email_oxd-input oxd-input--active"), Email_Work): Text 'elizabeth.ruiz@hodges.com' is set on object 'Object Repository/Employee-Onboarding/Employee_Contact_Details/Page_OrangeHRM/input_Work Email_oxd-input oxd-input--active'

27-12-2024T09:29:04 - [MESSAGE][PASSED] - Text 'elizabeth.ruiz@hodges.com' is set on object 'Object Repository/Employee-Onboarding/Employee_Contact_Details/Page_OrangeHRM/input_Work Email_oxd-input oxd-input--active'

27-12-2024T09:29:04 - [TEST_STEP][PASSED] - setText(findTestObject("Object Repository/Employee-Onboarding/Employee_Contact_Details/Page_OrangeHRM/input_Other Email_oxd-input oxd-input--focu_8ec2d9"), Email_Other): Text 'elizabeth.ruiz@notrealmail.com' is set on object 'Object Repository/Employee-Onboarding/Employee_Contact_Details/Page_OrangeHRM/input_Other Email_oxd-input oxd-input--focu_8ec2d9'

27-12-2024T09:29:06 - [MESSAGE][PASSED] - Text 'elizabeth.ruiz@notrealmail.com' is set on object 'Object Repository/Employee-Onboarding/Employee_Contact_Details/Page_OrangeHRM/input_Other Email_oxd-input oxd-input--focu_8ec2d9'

27-12-2024T09:29:06 - [TEST_STEP][PASSED] - click(findTestObject("Object Repository/Employee-Onboarding/Employee_Contact_Details/Page_OrangeHRM/button_Save")): Object: 'Object Repository/Employee-Onboarding/Employee_Contact_Details/Page_OrangeHRM/button_Save' is clicked on

27-12-2024T09:29:06 - [MESSAGE][PASSED] - Object: 'Object Repository/Employee-Onboarding/Employee_Contact_Details/Page_OrangeHRM/button_Save' is clicked on]]></system-out>
         <system-err><![CDATA[]]></system-err>
      </testcase>
      <testcase name="Test Cases/Employee_Onboarding/TC_Employee_Contact_Details" time="20.198" classname="Test Cases/Employee_Onboarding/TC_Employee_Contact_Details" status="PASSED">
         <system-out><![CDATA[27-12-2024T09:29:06 - [TEST_CASE][PASSED] - Test Cases/Employee_Onboarding/TC_Employee_Contact_Details: Test Cases/Employee_Onboarding/TC_Employee_Contact_Details

27-12-2024T09:29:06 - [TEST_STEP][PASSED] - click(findTestObject("Object Repository/Employee-Onboarding/Employee_Contact_Details/Page_OrangeHRM/a_PIM")): Object: 'Object Repository/Employee-Onboarding/Employee_Contact_Details/Page_OrangeHRM/a_PIM' is clicked on

27-12-2024T09:29:08 - [MESSAGE][PASSED] - Object: 'Object Repository/Employee-Onboarding/Employee_Contact_Details/Page_OrangeHRM/a_PIM' is clicked on

27-12-2024T09:29:08 - [TEST_STEP][PASSED] - setText(findTestObject("Object Repository/Employee-Onboarding/Employee_Contact_Details/Page_OrangeHRM/input"), Fullname): Text 'Emily Khan' is set on object 'Object Repository/Employee-Onboarding/Employee_Contact_Details/Page_OrangeHRM/input'

27-12-2024T09:29:10 - [MESSAGE][PASSED] - Text 'Emily Khan' is set on object 'Object Repository/Employee-Onboarding/Employee_Contact_Details/Page_OrangeHRM/input'

27-12-2024T09:29:10 - [TEST_STEP][PASSED] - click(findTestObject("Object Repository/Employee-Onboarding/Employee_Contact_Details/Page_OrangeHRM/button_Search")): Object: 'Object Repository/Employee-Onboarding/Employee_Contact_Details/Page_OrangeHRM/button_Search' is clicked on

27-12-2024T09:29:11 - [MESSAGE][PASSED] - Object: 'Object Repository/Employee-Onboarding/Employee_Contact_Details/Page_OrangeHRM/button_Search' is clicked on

27-12-2024T09:29:11 - [TEST_STEP][PASSED] - click(findTestObject("Object Repository/Employee-Onboarding/Employee_Contact_Details/Page_OrangeHRM/div_Actions_oxd-table-cell oxd-padding-cell")): Object: 'Object Repository/Employee-Onboarding/Employee_Contact_Details/Page_OrangeHRM/div_Actions_oxd-table-cell oxd-padding-cell' is clicked on

27-12-2024T09:29:13 - [MESSAGE][PASSED] - Object: 'Object Repository/Employee-Onboarding/Employee_Contact_Details/Page_OrangeHRM/div_Actions_oxd-table-cell oxd-padding-cell' is clicked on

27-12-2024T09:29:13 - [TEST_STEP][PASSED] - click(findTestObject("Object Repository/Employee-Onboarding/Employee_Contact_Details/Page_OrangeHRM/a_Contact Details")): Object: 'Object Repository/Employee-Onboarding/Employee_Contact_Details/Page_OrangeHRM/a_Contact Details' is clicked on

27-12-2024T09:29:17 - [MESSAGE][PASSED] - Object: 'Object Repository/Employee-Onboarding/Employee_Contact_Details/Page_OrangeHRM/a_Contact Details' is clicked on

27-12-2024T09:29:17 - [TEST_STEP][PASSED] - setText(findTestObject("Object Repository/Employee-Onboarding/Employee_Contact_Details/Page_OrangeHRM/input_Street 1_oxd-input oxd-input--focus"), Street1): Text '0546 Heather Loaf Apt. 862' is set on object 'Object Repository/Employee-Onboarding/Employee_Contact_Details/Page_OrangeHRM/input_Street 1_oxd-input oxd-input--focus'

27-12-2024T09:29:19 - [MESSAGE][PASSED] - Text '0546 Heather Loaf Apt. 862' is set on object 'Object Repository/Employee-Onboarding/Employee_Contact_Details/Page_OrangeHRM/input_Street 1_oxd-input oxd-input--focus'

27-12-2024T09:29:19 - [TEST_STEP][PASSED] - setText(findTestObject("Object Repository/Employee-Onboarding/Employee_Contact_Details/Page_OrangeHRM/input_Street 2_oxd-input oxd-input--active"), Street2): Text 'Suite 831' is set on object 'Object Repository/Employee-Onboarding/Employee_Contact_Details/Page_OrangeHRM/input_Street 2_oxd-input oxd-input--active'

27-12-2024T09:29:20 - [MESSAGE][PASSED] - Text 'Suite 831' is set on object 'Object Repository/Employee-Onboarding/Employee_Contact_Details/Page_OrangeHRM/input_Street 2_oxd-input oxd-input--active'

27-12-2024T09:29:20 - [TEST_STEP][PASSED] - setText(findTestObject("Object Repository/Employee-Onboarding/Employee_Contact_Details/Page_OrangeHRM/input_City_oxd-input oxd-input--active"), City): Text 'Port Jade' is set on object 'Object Repository/Employee-Onboarding/Employee_Contact_Details/Page_OrangeHRM/input_City_oxd-input oxd-input--active'

27-12-2024T09:29:20 - [MESSAGE][PASSED] - Text 'Port Jade' is set on object 'Object Repository/Employee-Onboarding/Employee_Contact_Details/Page_OrangeHRM/input_City_oxd-input oxd-input--active'

27-12-2024T09:29:20 - [TEST_STEP][PASSED] - setText(findTestObject("Object Repository/Employee-Onboarding/Employee_Contact_Details/Page_OrangeHRM/input_StateProvince_oxd-input oxd-input--active"), State): Text 'Arizona' is set on object 'Object Repository/Employee-Onboarding/Employee_Contact_Details/Page_OrangeHRM/input_StateProvince_oxd-input oxd-input--active'

27-12-2024T09:29:21 - [MESSAGE][PASSED] - Text 'Arizona' is set on object 'Object Repository/Employee-Onboarding/Employee_Contact_Details/Page_OrangeHRM/input_StateProvince_oxd-input oxd-input--active'

27-12-2024T09:29:21 - [TEST_STEP][PASSED] - setText(findTestObject("Object Repository/Employee-Onboarding/Employee_Contact_Details/Page_OrangeHRM/input_ZipPostal Code_oxd-input oxd-input--active"), ZipCode): Text '76677' is set on object 'Object Repository/Employee-Onboarding/Employee_Contact_Details/Page_OrangeHRM/input_ZipPostal Code_oxd-input oxd-input--active'

27-12-2024T09:29:21 - [MESSAGE][PASSED] - Text '76677' is set on object 'Object Repository/Employee-Onboarding/Employee_Contact_Details/Page_OrangeHRM/input_ZipPostal Code_oxd-input oxd-input--active'

27-12-2024T09:29:21 - [TEST_STEP][PASSED] - click(findTestObject("Object Repository/Employee-Onboarding/Employee_Contact_Details/Page_OrangeHRM/i_-- Select --_oxd-icon bi-caret-up-fill ox_627fec")): Object: 'Object Repository/Employee-Onboarding/Employee_Contact_Details/Page_OrangeHRM/i_-- Select --_oxd-icon bi-caret-up-fill ox_627fec' is clicked on

27-12-2024T09:29:22 - [MESSAGE][PASSED] - Object: 'Object Repository/Employee-Onboarding/Employee_Contact_Details/Page_OrangeHRM/i_-- Select --_oxd-icon bi-caret-up-fill ox_627fec' is clicked on

27-12-2024T09:29:22 - [TEST_STEP][PASSED] - click(findTestObject("Employee-Onboarding/Employee_Salary_Detail_Objects/Page_OrangeHRM/custom_object_for_dropdown", ["value":Country])): Object: 'Object Repository/Employee-Onboarding/Employee_Salary_Detail_Objects/Page_OrangeHRM/custom_object_for_dropdown' is clicked on

27-12-2024T09:29:22 - [MESSAGE][PASSED] - Object: 'Object Repository/Employee-Onboarding/Employee_Salary_Detail_Objects/Page_OrangeHRM/custom_object_for_dropdown' is clicked on

27-12-2024T09:29:22 - [TEST_STEP][PASSED] - setText(findTestObject("Object Repository/Employee-Onboarding/Employee_Contact_Details/Page_OrangeHRM/input_Home_oxd-input oxd-input--focus"), Tel_Home): Text '604-779-3681' is set on object 'Object Repository/Employee-Onboarding/Employee_Contact_Details/Page_OrangeHRM/input_Home_oxd-input oxd-input--focus'

27-12-2024T09:29:23 - [MESSAGE][PASSED] - Text '604-779-3681' is set on object 'Object Repository/Employee-Onboarding/Employee_Contact_Details/Page_OrangeHRM/input_Home_oxd-input oxd-input--focus'

27-12-2024T09:29:23 - [TEST_STEP][PASSED] - setText(findTestObject("Object Repository/Employee-Onboarding/Employee_Contact_Details/Page_OrangeHRM/input_Mobile_oxd-input oxd-input--focus"), Tell_Mobile): Text '310-672-5861' is set on object 'Object Repository/Employee-Onboarding/Employee_Contact_Details/Page_OrangeHRM/input_Mobile_oxd-input oxd-input--focus'

27-12-2024T09:29:23 - [MESSAGE][PASSED] - Text '310-672-5861' is set on object 'Object Repository/Employee-Onboarding/Employee_Contact_Details/Page_OrangeHRM/input_Mobile_oxd-input oxd-input--focus'

27-12-2024T09:29:23 - [TEST_STEP][PASSED] - setText(findTestObject("Object Repository/Employee-Onboarding/Employee_Contact_Details/Page_OrangeHRM/input_Work_oxd-input oxd-input--focus"), Tel_Work): Text '(520)996-1707' is set on object 'Object Repository/Employee-Onboarding/Employee_Contact_Details/Page_OrangeHRM/input_Work_oxd-input oxd-input--focus'

27-12-2024T09:29:24 - [MESSAGE][PASSED] - Text '(520)996-1707' is set on object 'Object Repository/Employee-Onboarding/Employee_Contact_Details/Page_OrangeHRM/input_Work_oxd-input oxd-input--focus'

27-12-2024T09:29:24 - [TEST_STEP][PASSED] - setText(findTestObject("Object Repository/Employee-Onboarding/Employee_Contact_Details/Page_OrangeHRM/input_Work Email_oxd-input oxd-input--active"), Email_Work): Text 'emily.khan@perkins.com' is set on object 'Object Repository/Employee-Onboarding/Employee_Contact_Details/Page_OrangeHRM/input_Work Email_oxd-input oxd-input--active'

27-12-2024T09:29:24 - [MESSAGE][PASSED] - Text 'emily.khan@perkins.com' is set on object 'Object Repository/Employee-Onboarding/Employee_Contact_Details/Page_OrangeHRM/input_Work Email_oxd-input oxd-input--active'

27-12-2024T09:29:24 - [TEST_STEP][PASSED] - setText(findTestObject("Object Repository/Employee-Onboarding/Employee_Contact_Details/Page_OrangeHRM/input_Other Email_oxd-input oxd-input--focu_8ec2d9"), Email_Other): Text 'emily.khan@simulatedinbox.net' is set on object 'Object Repository/Employee-Onboarding/Employee_Contact_Details/Page_OrangeHRM/input_Other Email_oxd-input oxd-input--focu_8ec2d9'

27-12-2024T09:29:26 - [MESSAGE][PASSED] - Text 'emily.khan@simulatedinbox.net' is set on object 'Object Repository/Employee-Onboarding/Employee_Contact_Details/Page_OrangeHRM/input_Other Email_oxd-input oxd-input--focu_8ec2d9'

27-12-2024T09:29:26 - [TEST_STEP][PASSED] - click(findTestObject("Object Repository/Employee-Onboarding/Employee_Contact_Details/Page_OrangeHRM/button_Save")): Object: 'Object Repository/Employee-Onboarding/Employee_Contact_Details/Page_OrangeHRM/button_Save' is clicked on

27-12-2024T09:29:26 - [MESSAGE][PASSED] - Object: 'Object Repository/Employee-Onboarding/Employee_Contact_Details/Page_OrangeHRM/button_Save' is clicked on]]></system-out>
         <system-err><![CDATA[]]></system-err>
      </testcase>
      <testcase name="Test Cases/Employee_Onboarding/TC_Employee_Contact_Details" time="18.811" classname="Test Cases/Employee_Onboarding/TC_Employee_Contact_Details" status="PASSED">
         <system-out><![CDATA[27-12-2024T09:29:26 - [TEST_CASE][PASSED] - Test Cases/Employee_Onboarding/TC_Employee_Contact_Details: Test Cases/Employee_Onboarding/TC_Employee_Contact_Details

27-12-2024T09:29:26 - [TEST_STEP][PASSED] - click(findTestObject("Object Repository/Employee-Onboarding/Employee_Contact_Details/Page_OrangeHRM/a_PIM")): Object: 'Object Repository/Employee-Onboarding/Employee_Contact_Details/Page_OrangeHRM/a_PIM' is clicked on

27-12-2024T09:29:28 - [MESSAGE][PASSED] - Object: 'Object Repository/Employee-Onboarding/Employee_Contact_Details/Page_OrangeHRM/a_PIM' is clicked on

27-12-2024T09:29:28 - [TEST_STEP][PASSED] - setText(findTestObject("Object Repository/Employee-Onboarding/Employee_Contact_Details/Page_OrangeHRM/input"), Fullname): Text 'Sierra Bridges' is set on object 'Object Repository/Employee-Onboarding/Employee_Contact_Details/Page_OrangeHRM/input'

27-12-2024T09:29:30 - [MESSAGE][PASSED] - Text 'Sierra Bridges' is set on object 'Object Repository/Employee-Onboarding/Employee_Contact_Details/Page_OrangeHRM/input'

27-12-2024T09:29:30 - [TEST_STEP][PASSED] - click(findTestObject("Object Repository/Employee-Onboarding/Employee_Contact_Details/Page_OrangeHRM/button_Search")): Object: 'Object Repository/Employee-Onboarding/Employee_Contact_Details/Page_OrangeHRM/button_Search' is clicked on

27-12-2024T09:29:30 - [MESSAGE][PASSED] - Object: 'Object Repository/Employee-Onboarding/Employee_Contact_Details/Page_OrangeHRM/button_Search' is clicked on

27-12-2024T09:29:30 - [TEST_STEP][PASSED] - click(findTestObject("Object Repository/Employee-Onboarding/Employee_Contact_Details/Page_OrangeHRM/div_Actions_oxd-table-cell oxd-padding-cell")): Object: 'Object Repository/Employee-Onboarding/Employee_Contact_Details/Page_OrangeHRM/div_Actions_oxd-table-cell oxd-padding-cell' is clicked on

27-12-2024T09:29:32 - [MESSAGE][PASSED] - Object: 'Object Repository/Employee-Onboarding/Employee_Contact_Details/Page_OrangeHRM/div_Actions_oxd-table-cell oxd-padding-cell' is clicked on

27-12-2024T09:29:32 - [TEST_STEP][PASSED] - click(findTestObject("Object Repository/Employee-Onboarding/Employee_Contact_Details/Page_OrangeHRM/a_Contact Details")): Object: 'Object Repository/Employee-Onboarding/Employee_Contact_Details/Page_OrangeHRM/a_Contact Details' is clicked on

27-12-2024T09:29:35 - [MESSAGE][PASSED] - Object: 'Object Repository/Employee-Onboarding/Employee_Contact_Details/Page_OrangeHRM/a_Contact Details' is clicked on

27-12-2024T09:29:35 - [TEST_STEP][PASSED] - setText(findTestObject("Object Repository/Employee-Onboarding/Employee_Contact_Details/Page_OrangeHRM/input_Street 1_oxd-input oxd-input--focus"), Street1): Text '3725 Jones Summit Suite 924' is set on object 'Object Repository/Employee-Onboarding/Employee_Contact_Details/Page_OrangeHRM/input_Street 1_oxd-input oxd-input--focus'

27-12-2024T09:29:38 - [MESSAGE][PASSED] - Text '3725 Jones Summit Suite 924' is set on object 'Object Repository/Employee-Onboarding/Employee_Contact_Details/Page_OrangeHRM/input_Street 1_oxd-input oxd-input--focus'

27-12-2024T09:29:38 - [TEST_STEP][PASSED] - setText(findTestObject("Object Repository/Employee-Onboarding/Employee_Contact_Details/Page_OrangeHRM/input_Street 2_oxd-input oxd-input--active"), Street2): Text 'Apt. 911' is set on object 'Object Repository/Employee-Onboarding/Employee_Contact_Details/Page_OrangeHRM/input_Street 2_oxd-input oxd-input--active'

27-12-2024T09:29:39 - [MESSAGE][PASSED] - Text 'Apt. 911' is set on object 'Object Repository/Employee-Onboarding/Employee_Contact_Details/Page_OrangeHRM/input_Street 2_oxd-input oxd-input--active'

27-12-2024T09:29:39 - [TEST_STEP][PASSED] - setText(findTestObject("Object Repository/Employee-Onboarding/Employee_Contact_Details/Page_OrangeHRM/input_City_oxd-input oxd-input--active"), City): Text 'West Gabrielchester' is set on object 'Object Repository/Employee-Onboarding/Employee_Contact_Details/Page_OrangeHRM/input_City_oxd-input oxd-input--active'

27-12-2024T09:29:39 - [MESSAGE][PASSED] - Text 'West Gabrielchester' is set on object 'Object Repository/Employee-Onboarding/Employee_Contact_Details/Page_OrangeHRM/input_City_oxd-input oxd-input--active'

27-12-2024T09:29:39 - [TEST_STEP][PASSED] - setText(findTestObject("Object Repository/Employee-Onboarding/Employee_Contact_Details/Page_OrangeHRM/input_StateProvince_oxd-input oxd-input--active"), State): Text 'Pennsylvania' is set on object 'Object Repository/Employee-Onboarding/Employee_Contact_Details/Page_OrangeHRM/input_StateProvince_oxd-input oxd-input--active'

27-12-2024T09:29:40 - [MESSAGE][PASSED] - Text 'Pennsylvania' is set on object 'Object Repository/Employee-Onboarding/Employee_Contact_Details/Page_OrangeHRM/input_StateProvince_oxd-input oxd-input--active'

27-12-2024T09:29:40 - [TEST_STEP][PASSED] - setText(findTestObject("Object Repository/Employee-Onboarding/Employee_Contact_Details/Page_OrangeHRM/input_ZipPostal Code_oxd-input oxd-input--active"), ZipCode): Text '90956' is set on object 'Object Repository/Employee-Onboarding/Employee_Contact_Details/Page_OrangeHRM/input_ZipPostal Code_oxd-input oxd-input--active'

27-12-2024T09:29:40 - [MESSAGE][PASSED] - Text '90956' is set on object 'Object Repository/Employee-Onboarding/Employee_Contact_Details/Page_OrangeHRM/input_ZipPostal Code_oxd-input oxd-input--active'

27-12-2024T09:29:40 - [TEST_STEP][PASSED] - click(findTestObject("Object Repository/Employee-Onboarding/Employee_Contact_Details/Page_OrangeHRM/i_-- Select --_oxd-icon bi-caret-up-fill ox_627fec")): Object: 'Object Repository/Employee-Onboarding/Employee_Contact_Details/Page_OrangeHRM/i_-- Select --_oxd-icon bi-caret-up-fill ox_627fec' is clicked on

27-12-2024T09:29:40 - [MESSAGE][PASSED] - Object: 'Object Repository/Employee-Onboarding/Employee_Contact_Details/Page_OrangeHRM/i_-- Select --_oxd-icon bi-caret-up-fill ox_627fec' is clicked on

27-12-2024T09:29:40 - [TEST_STEP][PASSED] - click(findTestObject("Employee-Onboarding/Employee_Salary_Detail_Objects/Page_OrangeHRM/custom_object_for_dropdown", ["value":Country])): Object: 'Object Repository/Employee-Onboarding/Employee_Salary_Detail_Objects/Page_OrangeHRM/custom_object_for_dropdown' is clicked on

27-12-2024T09:29:41 - [MESSAGE][PASSED] - Object: 'Object Repository/Employee-Onboarding/Employee_Salary_Detail_Objects/Page_OrangeHRM/custom_object_for_dropdown' is clicked on

27-12-2024T09:29:41 - [TEST_STEP][PASSED] - setText(findTestObject("Object Repository/Employee-Onboarding/Employee_Contact_Details/Page_OrangeHRM/input_Home_oxd-input oxd-input--focus"), Tel_Home): Text '(472)773-9157' is set on object 'Object Repository/Employee-Onboarding/Employee_Contact_Details/Page_OrangeHRM/input_Home_oxd-input oxd-input--focus'

27-12-2024T09:29:42 - [MESSAGE][PASSED] - Text '(472)773-9157' is set on object 'Object Repository/Employee-Onboarding/Employee_Contact_Details/Page_OrangeHRM/input_Home_oxd-input oxd-input--focus'

27-12-2024T09:29:42 - [TEST_STEP][PASSED] - setText(findTestObject("Object Repository/Employee-Onboarding/Employee_Contact_Details/Page_OrangeHRM/input_Mobile_oxd-input oxd-input--focus"), Tell_Mobile): Text '290-213-9342' is set on object 'Object Repository/Employee-Onboarding/Employee_Contact_Details/Page_OrangeHRM/input_Mobile_oxd-input oxd-input--focus'

27-12-2024T09:29:42 - [MESSAGE][PASSED] - Text '290-213-9342' is set on object 'Object Repository/Employee-Onboarding/Employee_Contact_Details/Page_OrangeHRM/input_Mobile_oxd-input oxd-input--focus'

27-12-2024T09:29:42 - [TEST_STEP][PASSED] - setText(findTestObject("Object Repository/Employee-Onboarding/Employee_Contact_Details/Page_OrangeHRM/input_Work_oxd-input oxd-input--focus"), Tel_Work): Text '806-834-0571' is set on object 'Object Repository/Employee-Onboarding/Employee_Contact_Details/Page_OrangeHRM/input_Work_oxd-input oxd-input--focus'

27-12-2024T09:29:43 - [MESSAGE][PASSED] - Text '806-834-0571' is set on object 'Object Repository/Employee-Onboarding/Employee_Contact_Details/Page_OrangeHRM/input_Work_oxd-input oxd-input--focus'

27-12-2024T09:29:43 - [TEST_STEP][PASSED] - setText(findTestObject("Object Repository/Employee-Onboarding/Employee_Contact_Details/Page_OrangeHRM/input_Work Email_oxd-input oxd-input--active"), Email_Work): Text 'sierra.bridges@hawkins.com' is set on object 'Object Repository/Employee-Onboarding/Employee_Contact_Details/Page_OrangeHRM/input_Work Email_oxd-input oxd-input--active'

27-12-2024T09:29:43 - [MESSAGE][PASSED] - Text 'sierra.bridges@hawkins.com' is set on object 'Object Repository/Employee-Onboarding/Employee_Contact_Details/Page_OrangeHRM/input_Work Email_oxd-input oxd-input--active'

27-12-2024T09:29:43 - [TEST_STEP][PASSED] - setText(findTestObject("Object Repository/Employee-Onboarding/Employee_Contact_Details/Page_OrangeHRM/input_Other Email_oxd-input oxd-input--focu_8ec2d9"), Email_Other): Text 'sierra.bridges@fakemailtest.com' is set on object 'Object Repository/Employee-Onboarding/Employee_Contact_Details/Page_OrangeHRM/input_Other Email_oxd-input oxd-input--focu_8ec2d9'

27-12-2024T09:29:45 - [MESSAGE][PASSED] - Text 'sierra.bridges@fakemailtest.com' is set on object 'Object Repository/Employee-Onboarding/Employee_Contact_Details/Page_OrangeHRM/input_Other Email_oxd-input oxd-input--focu_8ec2d9'

27-12-2024T09:29:45 - [TEST_STEP][PASSED] - click(findTestObject("Object Repository/Employee-Onboarding/Employee_Contact_Details/Page_OrangeHRM/button_Save")): Object: 'Object Repository/Employee-Onboarding/Employee_Contact_Details/Page_OrangeHRM/button_Save' is clicked on

27-12-2024T09:29:45 - [MESSAGE][PASSED] - Object: 'Object Repository/Employee-Onboarding/Employee_Contact_Details/Page_OrangeHRM/button_Save' is clicked on]]></system-out>
         <system-err><![CDATA[]]></system-err>
      </testcase>
      <testcase name="Test Cases/Employee_Onboarding/TC_Employee_Contact_Details" time="19.332" classname="Test Cases/Employee_Onboarding/TC_Employee_Contact_Details" status="PASSED">
         <system-out><![CDATA[27-12-2024T09:29:45 - [TEST_CASE][PASSED] - Test Cases/Employee_Onboarding/TC_Employee_Contact_Details: Test Cases/Employee_Onboarding/TC_Employee_Contact_Details

27-12-2024T09:29:45 - [TEST_STEP][PASSED] - click(findTestObject("Object Repository/Employee-Onboarding/Employee_Contact_Details/Page_OrangeHRM/a_PIM")): Object: 'Object Repository/Employee-Onboarding/Employee_Contact_Details/Page_OrangeHRM/a_PIM' is clicked on

27-12-2024T09:29:47 - [MESSAGE][PASSED] - Object: 'Object Repository/Employee-Onboarding/Employee_Contact_Details/Page_OrangeHRM/a_PIM' is clicked on

27-12-2024T09:29:47 - [TEST_STEP][PASSED] - setText(findTestObject("Object Repository/Employee-Onboarding/Employee_Contact_Details/Page_OrangeHRM/input"), Fullname): Text 'Danielle Dyer' is set on object 'Object Repository/Employee-Onboarding/Employee_Contact_Details/Page_OrangeHRM/input'

27-12-2024T09:29:49 - [MESSAGE][PASSED] - Text 'Danielle Dyer' is set on object 'Object Repository/Employee-Onboarding/Employee_Contact_Details/Page_OrangeHRM/input'

27-12-2024T09:29:49 - [TEST_STEP][PASSED] - click(findTestObject("Object Repository/Employee-Onboarding/Employee_Contact_Details/Page_OrangeHRM/button_Search")): Object: 'Object Repository/Employee-Onboarding/Employee_Contact_Details/Page_OrangeHRM/button_Search' is clicked on

27-12-2024T09:29:50 - [MESSAGE][PASSED] - Object: 'Object Repository/Employee-Onboarding/Employee_Contact_Details/Page_OrangeHRM/button_Search' is clicked on

27-12-2024T09:29:50 - [TEST_STEP][PASSED] - click(findTestObject("Object Repository/Employee-Onboarding/Employee_Contact_Details/Page_OrangeHRM/div_Actions_oxd-table-cell oxd-padding-cell")): Object: 'Object Repository/Employee-Onboarding/Employee_Contact_Details/Page_OrangeHRM/div_Actions_oxd-table-cell oxd-padding-cell' is clicked on

27-12-2024T09:29:52 - [MESSAGE][PASSED] - Object: 'Object Repository/Employee-Onboarding/Employee_Contact_Details/Page_OrangeHRM/div_Actions_oxd-table-cell oxd-padding-cell' is clicked on

27-12-2024T09:29:52 - [TEST_STEP][PASSED] - click(findTestObject("Object Repository/Employee-Onboarding/Employee_Contact_Details/Page_OrangeHRM/a_Contact Details")): Object: 'Object Repository/Employee-Onboarding/Employee_Contact_Details/Page_OrangeHRM/a_Contact Details' is clicked on

27-12-2024T09:29:55 - [MESSAGE][PASSED] - Object: 'Object Repository/Employee-Onboarding/Employee_Contact_Details/Page_OrangeHRM/a_Contact Details' is clicked on

27-12-2024T09:29:55 - [TEST_STEP][PASSED] - setText(findTestObject("Object Repository/Employee-Onboarding/Employee_Contact_Details/Page_OrangeHRM/input_Street 1_oxd-input oxd-input--focus"), Street1): Text '86846 Melissa Mountains' is set on object 'Object Repository/Employee-Onboarding/Employee_Contact_Details/Page_OrangeHRM/input_Street 1_oxd-input oxd-input--focus'

27-12-2024T09:29:58 - [MESSAGE][PASSED] - Text '86846 Melissa Mountains' is set on object 'Object Repository/Employee-Onboarding/Employee_Contact_Details/Page_OrangeHRM/input_Street 1_oxd-input oxd-input--focus'

27-12-2024T09:29:58 - [TEST_STEP][PASSED] - setText(findTestObject("Object Repository/Employee-Onboarding/Employee_Contact_Details/Page_OrangeHRM/input_Street 2_oxd-input oxd-input--active"), Street2): Text 'Apt. 084' is set on object 'Object Repository/Employee-Onboarding/Employee_Contact_Details/Page_OrangeHRM/input_Street 2_oxd-input oxd-input--active'

27-12-2024T09:29:58 - [MESSAGE][PASSED] - Text 'Apt. 084' is set on object 'Object Repository/Employee-Onboarding/Employee_Contact_Details/Page_OrangeHRM/input_Street 2_oxd-input oxd-input--active'

27-12-2024T09:29:58 - [TEST_STEP][PASSED] - setText(findTestObject("Object Repository/Employee-Onboarding/Employee_Contact_Details/Page_OrangeHRM/input_City_oxd-input oxd-input--active"), City): Text 'West Jasmine' is set on object 'Object Repository/Employee-Onboarding/Employee_Contact_Details/Page_OrangeHRM/input_City_oxd-input oxd-input--active'

27-12-2024T09:29:59 - [MESSAGE][PASSED] - Text 'West Jasmine' is set on object 'Object Repository/Employee-Onboarding/Employee_Contact_Details/Page_OrangeHRM/input_City_oxd-input oxd-input--active'

27-12-2024T09:29:59 - [TEST_STEP][PASSED] - setText(findTestObject("Object Repository/Employee-Onboarding/Employee_Contact_Details/Page_OrangeHRM/input_StateProvince_oxd-input oxd-input--active"), State): Text 'Pennsylvania' is set on object 'Object Repository/Employee-Onboarding/Employee_Contact_Details/Page_OrangeHRM/input_StateProvince_oxd-input oxd-input--active'

27-12-2024T09:29:59 - [MESSAGE][PASSED] - Text 'Pennsylvania' is set on object 'Object Repository/Employee-Onboarding/Employee_Contact_Details/Page_OrangeHRM/input_StateProvince_oxd-input oxd-input--active'

27-12-2024T09:29:59 - [TEST_STEP][PASSED] - setText(findTestObject("Object Repository/Employee-Onboarding/Employee_Contact_Details/Page_OrangeHRM/input_ZipPostal Code_oxd-input oxd-input--active"), ZipCode): Text '23587' is set on object 'Object Repository/Employee-Onboarding/Employee_Contact_Details/Page_OrangeHRM/input_ZipPostal Code_oxd-input oxd-input--active'

27-12-2024T09:30:00 - [MESSAGE][PASSED] - Text '23587' is set on object 'Object Repository/Employee-Onboarding/Employee_Contact_Details/Page_OrangeHRM/input_ZipPostal Code_oxd-input oxd-input--active'

27-12-2024T09:30:00 - [TEST_STEP][PASSED] - click(findTestObject("Object Repository/Employee-Onboarding/Employee_Contact_Details/Page_OrangeHRM/i_-- Select --_oxd-icon bi-caret-up-fill ox_627fec")): Object: 'Object Repository/Employee-Onboarding/Employee_Contact_Details/Page_OrangeHRM/i_-- Select --_oxd-icon bi-caret-up-fill ox_627fec' is clicked on

27-12-2024T09:30:00 - [MESSAGE][PASSED] - Object: 'Object Repository/Employee-Onboarding/Employee_Contact_Details/Page_OrangeHRM/i_-- Select --_oxd-icon bi-caret-up-fill ox_627fec' is clicked on

27-12-2024T09:30:00 - [TEST_STEP][PASSED] - click(findTestObject("Employee-Onboarding/Employee_Salary_Detail_Objects/Page_OrangeHRM/custom_object_for_dropdown", ["value":Country])): Object: 'Object Repository/Employee-Onboarding/Employee_Salary_Detail_Objects/Page_OrangeHRM/custom_object_for_dropdown' is clicked on

27-12-2024T09:30:00 - [MESSAGE][PASSED] - Object: 'Object Repository/Employee-Onboarding/Employee_Salary_Detail_Objects/Page_OrangeHRM/custom_object_for_dropdown' is clicked on

27-12-2024T09:30:00 - [TEST_STEP][PASSED] - setText(findTestObject("Object Repository/Employee-Onboarding/Employee_Contact_Details/Page_OrangeHRM/input_Home_oxd-input oxd-input--focus"), Tel_Home): Text '654-756-9819' is set on object 'Object Repository/Employee-Onboarding/Employee_Contact_Details/Page_OrangeHRM/input_Home_oxd-input oxd-input--focus'

27-12-2024T09:30:01 - [MESSAGE][PASSED] - Text '654-756-9819' is set on object 'Object Repository/Employee-Onboarding/Employee_Contact_Details/Page_OrangeHRM/input_Home_oxd-input oxd-input--focus'

27-12-2024T09:30:01 - [TEST_STEP][PASSED] - setText(findTestObject("Object Repository/Employee-Onboarding/Employee_Contact_Details/Page_OrangeHRM/input_Mobile_oxd-input oxd-input--focus"), Tell_Mobile): Text '(685)652-6215' is set on object 'Object Repository/Employee-Onboarding/Employee_Contact_Details/Page_OrangeHRM/input_Mobile_oxd-input oxd-input--focus'

27-12-2024T09:30:02 - [MESSAGE][PASSED] - Text '(685)652-6215' is set on object 'Object Repository/Employee-Onboarding/Employee_Contact_Details/Page_OrangeHRM/input_Mobile_oxd-input oxd-input--focus'

27-12-2024T09:30:02 - [TEST_STEP][PASSED] - setText(findTestObject("Object Repository/Employee-Onboarding/Employee_Contact_Details/Page_OrangeHRM/input_Work_oxd-input oxd-input--focus"), Tel_Work): Text '202-746-9874' is set on object 'Object Repository/Employee-Onboarding/Employee_Contact_Details/Page_OrangeHRM/input_Work_oxd-input oxd-input--focus'

27-12-2024T09:30:02 - [MESSAGE][PASSED] - Text '202-746-9874' is set on object 'Object Repository/Employee-Onboarding/Employee_Contact_Details/Page_OrangeHRM/input_Work_oxd-input oxd-input--focus'

27-12-2024T09:30:02 - [TEST_STEP][PASSED] - setText(findTestObject("Object Repository/Employee-Onboarding/Employee_Contact_Details/Page_OrangeHRM/input_Work Email_oxd-input oxd-input--active"), Email_Work): Text 'danielle.dyer@henry-norman.com' is set on object 'Object Repository/Employee-Onboarding/Employee_Contact_Details/Page_OrangeHRM/input_Work Email_oxd-input oxd-input--active'

27-12-2024T09:30:03 - [MESSAGE][PASSED] - Text 'danielle.dyer@henry-norman.com' is set on object 'Object Repository/Employee-Onboarding/Employee_Contact_Details/Page_OrangeHRM/input_Work Email_oxd-input oxd-input--active'

27-12-2024T09:30:03 - [TEST_STEP][PASSED] - setText(findTestObject("Object Repository/Employee-Onboarding/Employee_Contact_Details/Page_OrangeHRM/input_Other Email_oxd-input oxd-input--focu_8ec2d9"), Email_Other): Text 'danielle.dyer@trymailgen.co' is set on object 'Object Repository/Employee-Onboarding/Employee_Contact_Details/Page_OrangeHRM/input_Other Email_oxd-input oxd-input--focu_8ec2d9'

27-12-2024T09:30:04 - [MESSAGE][PASSED] - Text 'danielle.dyer@trymailgen.co' is set on object 'Object Repository/Employee-Onboarding/Employee_Contact_Details/Page_OrangeHRM/input_Other Email_oxd-input oxd-input--focu_8ec2d9'

27-12-2024T09:30:04 - [TEST_STEP][PASSED] - click(findTestObject("Object Repository/Employee-Onboarding/Employee_Contact_Details/Page_OrangeHRM/button_Save")): Object: 'Object Repository/Employee-Onboarding/Employee_Contact_Details/Page_OrangeHRM/button_Save' is clicked on

27-12-2024T09:30:05 - [MESSAGE][PASSED] - Object: 'Object Repository/Employee-Onboarding/Employee_Contact_Details/Page_OrangeHRM/button_Save' is clicked on]]></system-out>
         <system-err><![CDATA[]]></system-err>
      </testcase>
      <testcase name="Test Cases/Employee_Onboarding/TC_Employee_Contact_Details" time="19.297" classname="Test Cases/Employee_Onboarding/TC_Employee_Contact_Details" status="PASSED">
         <system-out><![CDATA[27-12-2024T09:30:05 - [TEST_CASE][PASSED] - Test Cases/Employee_Onboarding/TC_Employee_Contact_Details: Test Cases/Employee_Onboarding/TC_Employee_Contact_Details

27-12-2024T09:30:05 - [TEST_STEP][PASSED] - click(findTestObject("Object Repository/Employee-Onboarding/Employee_Contact_Details/Page_OrangeHRM/a_PIM")): Object: 'Object Repository/Employee-Onboarding/Employee_Contact_Details/Page_OrangeHRM/a_PIM' is clicked on

27-12-2024T09:30:06 - [MESSAGE][PASSED] - Object: 'Object Repository/Employee-Onboarding/Employee_Contact_Details/Page_OrangeHRM/a_PIM' is clicked on

27-12-2024T09:30:06 - [TEST_STEP][PASSED] - setText(findTestObject("Object Repository/Employee-Onboarding/Employee_Contact_Details/Page_OrangeHRM/input"), Fullname): Text 'Meghan Graham' is set on object 'Object Repository/Employee-Onboarding/Employee_Contact_Details/Page_OrangeHRM/input'

27-12-2024T09:30:08 - [MESSAGE][PASSED] - Text 'Meghan Graham' is set on object 'Object Repository/Employee-Onboarding/Employee_Contact_Details/Page_OrangeHRM/input'

27-12-2024T09:30:08 - [TEST_STEP][PASSED] - click(findTestObject("Object Repository/Employee-Onboarding/Employee_Contact_Details/Page_OrangeHRM/button_Search")): Object: 'Object Repository/Employee-Onboarding/Employee_Contact_Details/Page_OrangeHRM/button_Search' is clicked on

27-12-2024T09:30:09 - [MESSAGE][PASSED] - Object: 'Object Repository/Employee-Onboarding/Employee_Contact_Details/Page_OrangeHRM/button_Search' is clicked on

27-12-2024T09:30:09 - [TEST_STEP][PASSED] - click(findTestObject("Object Repository/Employee-Onboarding/Employee_Contact_Details/Page_OrangeHRM/div_Actions_oxd-table-cell oxd-padding-cell")): Object: 'Object Repository/Employee-Onboarding/Employee_Contact_Details/Page_OrangeHRM/div_Actions_oxd-table-cell oxd-padding-cell' is clicked on

27-12-2024T09:30:10 - [MESSAGE][PASSED] - Object: 'Object Repository/Employee-Onboarding/Employee_Contact_Details/Page_OrangeHRM/div_Actions_oxd-table-cell oxd-padding-cell' is clicked on

27-12-2024T09:30:10 - [TEST_STEP][PASSED] - click(findTestObject("Object Repository/Employee-Onboarding/Employee_Contact_Details/Page_OrangeHRM/a_Contact Details")): Object: 'Object Repository/Employee-Onboarding/Employee_Contact_Details/Page_OrangeHRM/a_Contact Details' is clicked on

27-12-2024T09:30:14 - [MESSAGE][PASSED] - Object: 'Object Repository/Employee-Onboarding/Employee_Contact_Details/Page_OrangeHRM/a_Contact Details' is clicked on

27-12-2024T09:30:14 - [TEST_STEP][PASSED] - setText(findTestObject("Object Repository/Employee-Onboarding/Employee_Contact_Details/Page_OrangeHRM/input_Street 1_oxd-input oxd-input--focus"), Street1): Text '040 Jimmy Extensions Suite 177' is set on object 'Object Repository/Employee-Onboarding/Employee_Contact_Details/Page_OrangeHRM/input_Street 1_oxd-input oxd-input--focus'

27-12-2024T09:30:17 - [MESSAGE][PASSED] - Text '040 Jimmy Extensions Suite 177' is set on object 'Object Repository/Employee-Onboarding/Employee_Contact_Details/Page_OrangeHRM/input_Street 1_oxd-input oxd-input--focus'

27-12-2024T09:30:17 - [TEST_STEP][PASSED] - setText(findTestObject("Object Repository/Employee-Onboarding/Employee_Contact_Details/Page_OrangeHRM/input_Street 2_oxd-input oxd-input--active"), Street2): Text 'Apt. 255' is set on object 'Object Repository/Employee-Onboarding/Employee_Contact_Details/Page_OrangeHRM/input_Street 2_oxd-input oxd-input--active'

27-12-2024T09:30:17 - [MESSAGE][PASSED] - Text 'Apt. 255' is set on object 'Object Repository/Employee-Onboarding/Employee_Contact_Details/Page_OrangeHRM/input_Street 2_oxd-input oxd-input--active'

27-12-2024T09:30:17 - [TEST_STEP][PASSED] - setText(findTestObject("Object Repository/Employee-Onboarding/Employee_Contact_Details/Page_OrangeHRM/input_City_oxd-input oxd-input--active"), City): Text 'Barnettmouth' is set on object 'Object Repository/Employee-Onboarding/Employee_Contact_Details/Page_OrangeHRM/input_City_oxd-input oxd-input--active'

27-12-2024T09:30:18 - [MESSAGE][PASSED] - Text 'Barnettmouth' is set on object 'Object Repository/Employee-Onboarding/Employee_Contact_Details/Page_OrangeHRM/input_City_oxd-input oxd-input--active'

27-12-2024T09:30:18 - [TEST_STEP][PASSED] - setText(findTestObject("Object Repository/Employee-Onboarding/Employee_Contact_Details/Page_OrangeHRM/input_StateProvince_oxd-input oxd-input--active"), State): Text 'Georgia' is set on object 'Object Repository/Employee-Onboarding/Employee_Contact_Details/Page_OrangeHRM/input_StateProvince_oxd-input oxd-input--active'

27-12-2024T09:30:18 - [MESSAGE][PASSED] - Text 'Georgia' is set on object 'Object Repository/Employee-Onboarding/Employee_Contact_Details/Page_OrangeHRM/input_StateProvince_oxd-input oxd-input--active'

27-12-2024T09:30:18 - [TEST_STEP][PASSED] - setText(findTestObject("Object Repository/Employee-Onboarding/Employee_Contact_Details/Page_OrangeHRM/input_ZipPostal Code_oxd-input oxd-input--active"), ZipCode): Text '9285' is set on object 'Object Repository/Employee-Onboarding/Employee_Contact_Details/Page_OrangeHRM/input_ZipPostal Code_oxd-input oxd-input--active'

27-12-2024T09:30:19 - [MESSAGE][PASSED] - Text '9285' is set on object 'Object Repository/Employee-Onboarding/Employee_Contact_Details/Page_OrangeHRM/input_ZipPostal Code_oxd-input oxd-input--active'

27-12-2024T09:30:19 - [TEST_STEP][PASSED] - click(findTestObject("Object Repository/Employee-Onboarding/Employee_Contact_Details/Page_OrangeHRM/i_-- Select --_oxd-icon bi-caret-up-fill ox_627fec")): Object: 'Object Repository/Employee-Onboarding/Employee_Contact_Details/Page_OrangeHRM/i_-- Select --_oxd-icon bi-caret-up-fill ox_627fec' is clicked on

27-12-2024T09:30:19 - [MESSAGE][PASSED] - Object: 'Object Repository/Employee-Onboarding/Employee_Contact_Details/Page_OrangeHRM/i_-- Select --_oxd-icon bi-caret-up-fill ox_627fec' is clicked on

27-12-2024T09:30:19 - [TEST_STEP][PASSED] - click(findTestObject("Employee-Onboarding/Employee_Salary_Detail_Objects/Page_OrangeHRM/custom_object_for_dropdown", ["value":Country])): Object: 'Object Repository/Employee-Onboarding/Employee_Salary_Detail_Objects/Page_OrangeHRM/custom_object_for_dropdown' is clicked on

27-12-2024T09:30:19 - [MESSAGE][PASSED] - Object: 'Object Repository/Employee-Onboarding/Employee_Salary_Detail_Objects/Page_OrangeHRM/custom_object_for_dropdown' is clicked on

27-12-2024T09:30:19 - [TEST_STEP][PASSED] - setText(findTestObject("Object Repository/Employee-Onboarding/Employee_Contact_Details/Page_OrangeHRM/input_Home_oxd-input oxd-input--focus"), Tel_Home): Text '678-992-1450' is set on object 'Object Repository/Employee-Onboarding/Employee_Contact_Details/Page_OrangeHRM/input_Home_oxd-input oxd-input--focus'

27-12-2024T09:30:20 - [MESSAGE][PASSED] - Text '678-992-1450' is set on object 'Object Repository/Employee-Onboarding/Employee_Contact_Details/Page_OrangeHRM/input_Home_oxd-input oxd-input--focus'

27-12-2024T09:30:20 - [TEST_STEP][PASSED] - setText(findTestObject("Object Repository/Employee-Onboarding/Employee_Contact_Details/Page_OrangeHRM/input_Mobile_oxd-input oxd-input--focus"), Tell_Mobile): Text '800-549-7614' is set on object 'Object Repository/Employee-Onboarding/Employee_Contact_Details/Page_OrangeHRM/input_Mobile_oxd-input oxd-input--focus'

27-12-2024T09:30:21 - [MESSAGE][PASSED] - Text '800-549-7614' is set on object 'Object Repository/Employee-Onboarding/Employee_Contact_Details/Page_OrangeHRM/input_Mobile_oxd-input oxd-input--focus'

27-12-2024T09:30:21 - [TEST_STEP][PASSED] - setText(findTestObject("Object Repository/Employee-Onboarding/Employee_Contact_Details/Page_OrangeHRM/input_Work_oxd-input oxd-input--focus"), Tel_Work): Text '401-875-1098' is set on object 'Object Repository/Employee-Onboarding/Employee_Contact_Details/Page_OrangeHRM/input_Work_oxd-input oxd-input--focus'

27-12-2024T09:30:21 - [MESSAGE][PASSED] - Text '401-875-1098' is set on object 'Object Repository/Employee-Onboarding/Employee_Contact_Details/Page_OrangeHRM/input_Work_oxd-input oxd-input--focus'

27-12-2024T09:30:21 - [TEST_STEP][PASSED] - setText(findTestObject("Object Repository/Employee-Onboarding/Employee_Contact_Details/Page_OrangeHRM/input_Work Email_oxd-input oxd-input--active"), Email_Work): Text 'meghan.graham@hurst-tran.net' is set on object 'Object Repository/Employee-Onboarding/Employee_Contact_Details/Page_OrangeHRM/input_Work Email_oxd-input oxd-input--active'

27-12-2024T09:30:22 - [MESSAGE][PASSED] - Text 'meghan.graham@hurst-tran.net' is set on object 'Object Repository/Employee-Onboarding/Employee_Contact_Details/Page_OrangeHRM/input_Work Email_oxd-input oxd-input--active'

27-12-2024T09:30:22 - [TEST_STEP][PASSED] - setText(findTestObject("Object Repository/Employee-Onboarding/Employee_Contact_Details/Page_OrangeHRM/input_Other Email_oxd-input oxd-input--focu_8ec2d9"), Email_Other): Text 'meghan.graham@mockemail.net' is set on object 'Object Repository/Employee-Onboarding/Employee_Contact_Details/Page_OrangeHRM/input_Other Email_oxd-input oxd-input--focu_8ec2d9'

27-12-2024T09:30:23 - [MESSAGE][PASSED] - Text 'meghan.graham@mockemail.net' is set on object 'Object Repository/Employee-Onboarding/Employee_Contact_Details/Page_OrangeHRM/input_Other Email_oxd-input oxd-input--focu_8ec2d9'

27-12-2024T09:30:23 - [TEST_STEP][PASSED] - click(findTestObject("Object Repository/Employee-Onboarding/Employee_Contact_Details/Page_OrangeHRM/button_Save")): Object: 'Object Repository/Employee-Onboarding/Employee_Contact_Details/Page_OrangeHRM/button_Save' is clicked on

27-12-2024T09:30:24 - [MESSAGE][PASSED] - Object: 'Object Repository/Employee-Onboarding/Employee_Contact_Details/Page_OrangeHRM/button_Save' is clicked on]]></system-out>
         <system-err><![CDATA[]]></system-err>
      </testcase>
      <testcase name="Test Cases/Employee_Onboarding/TC_Employee_Contact_Details" time="19.703" classname="Test Cases/Employee_Onboarding/TC_Employee_Contact_Details" status="PASSED">
         <system-out><![CDATA[27-12-2024T09:30:24 - [TEST_CASE][PASSED] - Test Cases/Employee_Onboarding/TC_Employee_Contact_Details: Test Cases/Employee_Onboarding/TC_Employee_Contact_Details

27-12-2024T09:30:24 - [TEST_STEP][PASSED] - click(findTestObject("Object Repository/Employee-Onboarding/Employee_Contact_Details/Page_OrangeHRM/a_PIM")): Object: 'Object Repository/Employee-Onboarding/Employee_Contact_Details/Page_OrangeHRM/a_PIM' is clicked on

27-12-2024T09:30:25 - [MESSAGE][PASSED] - Object: 'Object Repository/Employee-Onboarding/Employee_Contact_Details/Page_OrangeHRM/a_PIM' is clicked on

27-12-2024T09:30:25 - [TEST_STEP][PASSED] - setText(findTestObject("Object Repository/Employee-Onboarding/Employee_Contact_Details/Page_OrangeHRM/input"), Fullname): Text 'Jeffrey Mejia' is set on object 'Object Repository/Employee-Onboarding/Employee_Contact_Details/Page_OrangeHRM/input'

27-12-2024T09:30:28 - [MESSAGE][PASSED] - Text 'Jeffrey Mejia' is set on object 'Object Repository/Employee-Onboarding/Employee_Contact_Details/Page_OrangeHRM/input'

27-12-2024T09:30:28 - [TEST_STEP][PASSED] - click(findTestObject("Object Repository/Employee-Onboarding/Employee_Contact_Details/Page_OrangeHRM/button_Search")): Object: 'Object Repository/Employee-Onboarding/Employee_Contact_Details/Page_OrangeHRM/button_Search' is clicked on

27-12-2024T09:30:29 - [MESSAGE][PASSED] - Object: 'Object Repository/Employee-Onboarding/Employee_Contact_Details/Page_OrangeHRM/button_Search' is clicked on

27-12-2024T09:30:29 - [TEST_STEP][PASSED] - click(findTestObject("Object Repository/Employee-Onboarding/Employee_Contact_Details/Page_OrangeHRM/div_Actions_oxd-table-cell oxd-padding-cell")): Object: 'Object Repository/Employee-Onboarding/Employee_Contact_Details/Page_OrangeHRM/div_Actions_oxd-table-cell oxd-padding-cell' is clicked on

27-12-2024T09:30:31 - [MESSAGE][PASSED] - Object: 'Object Repository/Employee-Onboarding/Employee_Contact_Details/Page_OrangeHRM/div_Actions_oxd-table-cell oxd-padding-cell' is clicked on

27-12-2024T09:30:31 - [TEST_STEP][PASSED] - click(findTestObject("Object Repository/Employee-Onboarding/Employee_Contact_Details/Page_OrangeHRM/a_Contact Details")): Object: 'Object Repository/Employee-Onboarding/Employee_Contact_Details/Page_OrangeHRM/a_Contact Details' is clicked on

27-12-2024T09:30:34 - [MESSAGE][PASSED] - Object: 'Object Repository/Employee-Onboarding/Employee_Contact_Details/Page_OrangeHRM/a_Contact Details' is clicked on

27-12-2024T09:30:34 - [TEST_STEP][PASSED] - setText(findTestObject("Object Repository/Employee-Onboarding/Employee_Contact_Details/Page_OrangeHRM/input_Street 1_oxd-input oxd-input--focus"), Street1): Text '93965 Michelle Run Apt. 225' is set on object 'Object Repository/Employee-Onboarding/Employee_Contact_Details/Page_OrangeHRM/input_Street 1_oxd-input oxd-input--focus'

27-12-2024T09:30:37 - [MESSAGE][PASSED] - Text '93965 Michelle Run Apt. 225' is set on object 'Object Repository/Employee-Onboarding/Employee_Contact_Details/Page_OrangeHRM/input_Street 1_oxd-input oxd-input--focus'

27-12-2024T09:30:37 - [TEST_STEP][PASSED] - setText(findTestObject("Object Repository/Employee-Onboarding/Employee_Contact_Details/Page_OrangeHRM/input_Street 2_oxd-input oxd-input--active"), Street2): Text 'Suite 464' is set on object 'Object Repository/Employee-Onboarding/Employee_Contact_Details/Page_OrangeHRM/input_Street 2_oxd-input oxd-input--active'

27-12-2024T09:30:37 - [MESSAGE][PASSED] - Text 'Suite 464' is set on object 'Object Repository/Employee-Onboarding/Employee_Contact_Details/Page_OrangeHRM/input_Street 2_oxd-input oxd-input--active'

27-12-2024T09:30:37 - [TEST_STEP][PASSED] - setText(findTestObject("Object Repository/Employee-Onboarding/Employee_Contact_Details/Page_OrangeHRM/input_City_oxd-input oxd-input--active"), City): Text 'Robertsonfort' is set on object 'Object Repository/Employee-Onboarding/Employee_Contact_Details/Page_OrangeHRM/input_City_oxd-input oxd-input--active'

27-12-2024T09:30:38 - [MESSAGE][PASSED] - Text 'Robertsonfort' is set on object 'Object Repository/Employee-Onboarding/Employee_Contact_Details/Page_OrangeHRM/input_City_oxd-input oxd-input--active'

27-12-2024T09:30:38 - [TEST_STEP][PASSED] - setText(findTestObject("Object Repository/Employee-Onboarding/Employee_Contact_Details/Page_OrangeHRM/input_StateProvince_oxd-input oxd-input--active"), State): Text 'Illinois' is set on object 'Object Repository/Employee-Onboarding/Employee_Contact_Details/Page_OrangeHRM/input_StateProvince_oxd-input oxd-input--active'

27-12-2024T09:30:38 - [MESSAGE][PASSED] - Text 'Illinois' is set on object 'Object Repository/Employee-Onboarding/Employee_Contact_Details/Page_OrangeHRM/input_StateProvince_oxd-input oxd-input--active'

27-12-2024T09:30:38 - [TEST_STEP][PASSED] - setText(findTestObject("Object Repository/Employee-Onboarding/Employee_Contact_Details/Page_OrangeHRM/input_ZipPostal Code_oxd-input oxd-input--active"), ZipCode): Text '59795' is set on object 'Object Repository/Employee-Onboarding/Employee_Contact_Details/Page_OrangeHRM/input_ZipPostal Code_oxd-input oxd-input--active'

27-12-2024T09:30:39 - [MESSAGE][PASSED] - Text '59795' is set on object 'Object Repository/Employee-Onboarding/Employee_Contact_Details/Page_OrangeHRM/input_ZipPostal Code_oxd-input oxd-input--active'

27-12-2024T09:30:39 - [TEST_STEP][PASSED] - click(findTestObject("Object Repository/Employee-Onboarding/Employee_Contact_Details/Page_OrangeHRM/i_-- Select --_oxd-icon bi-caret-up-fill ox_627fec")): Object: 'Object Repository/Employee-Onboarding/Employee_Contact_Details/Page_OrangeHRM/i_-- Select --_oxd-icon bi-caret-up-fill ox_627fec' is clicked on

27-12-2024T09:30:39 - [MESSAGE][PASSED] - Object: 'Object Repository/Employee-Onboarding/Employee_Contact_Details/Page_OrangeHRM/i_-- Select --_oxd-icon bi-caret-up-fill ox_627fec' is clicked on

27-12-2024T09:30:39 - [TEST_STEP][PASSED] - click(findTestObject("Employee-Onboarding/Employee_Salary_Detail_Objects/Page_OrangeHRM/custom_object_for_dropdown", ["value":Country])): Object: 'Object Repository/Employee-Onboarding/Employee_Salary_Detail_Objects/Page_OrangeHRM/custom_object_for_dropdown' is clicked on

27-12-2024T09:30:39 - [MESSAGE][PASSED] - Object: 'Object Repository/Employee-Onboarding/Employee_Salary_Detail_Objects/Page_OrangeHRM/custom_object_for_dropdown' is clicked on

27-12-2024T09:30:39 - [TEST_STEP][PASSED] - setText(findTestObject("Object Repository/Employee-Onboarding/Employee_Contact_Details/Page_OrangeHRM/input_Home_oxd-input oxd-input--focus"), Tel_Home): Text '978-320-5467' is set on object 'Object Repository/Employee-Onboarding/Employee_Contact_Details/Page_OrangeHRM/input_Home_oxd-input oxd-input--focus'

27-12-2024T09:30:40 - [MESSAGE][PASSED] - Text '978-320-5467' is set on object 'Object Repository/Employee-Onboarding/Employee_Contact_Details/Page_OrangeHRM/input_Home_oxd-input oxd-input--focus'

27-12-2024T09:30:40 - [TEST_STEP][PASSED] - setText(findTestObject("Object Repository/Employee-Onboarding/Employee_Contact_Details/Page_OrangeHRM/input_Mobile_oxd-input oxd-input--focus"), Tell_Mobile): Text '313-952-4719' is set on object 'Object Repository/Employee-Onboarding/Employee_Contact_Details/Page_OrangeHRM/input_Mobile_oxd-input oxd-input--focus'

27-12-2024T09:30:40 - [MESSAGE][PASSED] - Text '313-952-4719' is set on object 'Object Repository/Employee-Onboarding/Employee_Contact_Details/Page_OrangeHRM/input_Mobile_oxd-input oxd-input--focus'

27-12-2024T09:30:40 - [TEST_STEP][PASSED] - setText(findTestObject("Object Repository/Employee-Onboarding/Employee_Contact_Details/Page_OrangeHRM/input_Work_oxd-input oxd-input--focus"), Tel_Work): Text '204-893-6741' is set on object 'Object Repository/Employee-Onboarding/Employee_Contact_Details/Page_OrangeHRM/input_Work_oxd-input oxd-input--focus'

27-12-2024T09:30:41 - [MESSAGE][PASSED] - Text '204-893-6741' is set on object 'Object Repository/Employee-Onboarding/Employee_Contact_Details/Page_OrangeHRM/input_Work_oxd-input oxd-input--focus'

27-12-2024T09:30:41 - [TEST_STEP][PASSED] - setText(findTestObject("Object Repository/Employee-Onboarding/Employee_Contact_Details/Page_OrangeHRM/input_Work Email_oxd-input oxd-input--active"), Email_Work): Text 'jeffrey.mejia@burns.info' is set on object 'Object Repository/Employee-Onboarding/Employee_Contact_Details/Page_OrangeHRM/input_Work Email_oxd-input oxd-input--active'

27-12-2024T09:30:41 - [MESSAGE][PASSED] - Text 'jeffrey.mejia@burns.info' is set on object 'Object Repository/Employee-Onboarding/Employee_Contact_Details/Page_OrangeHRM/input_Work Email_oxd-input oxd-input--active'

27-12-2024T09:30:41 - [TEST_STEP][PASSED] - setText(findTestObject("Object Repository/Employee-Onboarding/Employee_Contact_Details/Page_OrangeHRM/input_Other Email_oxd-input oxd-input--focu_8ec2d9"), Email_Other): Text 'jeffrey.mejia@virtualinbox.com' is set on object 'Object Repository/Employee-Onboarding/Employee_Contact_Details/Page_OrangeHRM/input_Other Email_oxd-input oxd-input--focu_8ec2d9'

27-12-2024T09:30:43 - [MESSAGE][PASSED] - Text 'jeffrey.mejia@virtualinbox.com' is set on object 'Object Repository/Employee-Onboarding/Employee_Contact_Details/Page_OrangeHRM/input_Other Email_oxd-input oxd-input--focu_8ec2d9'

27-12-2024T09:30:43 - [TEST_STEP][PASSED] - click(findTestObject("Object Repository/Employee-Onboarding/Employee_Contact_Details/Page_OrangeHRM/button_Save")): Object: 'Object Repository/Employee-Onboarding/Employee_Contact_Details/Page_OrangeHRM/button_Save' is clicked on

27-12-2024T09:30:44 - [MESSAGE][PASSED] - Object: 'Object Repository/Employee-Onboarding/Employee_Contact_Details/Page_OrangeHRM/button_Save' is clicked on]]></system-out>
         <system-err><![CDATA[]]></system-err>
      </testcase>
      <testcase name="Test Cases/Employee_Onboarding/TC_Employee_Contact_Details" time="18.095" classname="Test Cases/Employee_Onboarding/TC_Employee_Contact_Details" status="PASSED">
         <system-out><![CDATA[27-12-2024T09:30:44 - [TEST_CASE][PASSED] - Test Cases/Employee_Onboarding/TC_Employee_Contact_Details: Test Cases/Employee_Onboarding/TC_Employee_Contact_Details

27-12-2024T09:30:44 - [TEST_STEP][PASSED] - click(findTestObject("Object Repository/Employee-Onboarding/Employee_Contact_Details/Page_OrangeHRM/a_PIM")): Object: 'Object Repository/Employee-Onboarding/Employee_Contact_Details/Page_OrangeHRM/a_PIM' is clicked on

27-12-2024T09:30:45 - [MESSAGE][PASSED] - Object: 'Object Repository/Employee-Onboarding/Employee_Contact_Details/Page_OrangeHRM/a_PIM' is clicked on

27-12-2024T09:30:45 - [TEST_STEP][PASSED] - setText(findTestObject("Object Repository/Employee-Onboarding/Employee_Contact_Details/Page_OrangeHRM/input"), Fullname): Text 'John Neal' is set on object 'Object Repository/Employee-Onboarding/Employee_Contact_Details/Page_OrangeHRM/input'

27-12-2024T09:30:47 - [MESSAGE][PASSED] - Text 'John Neal' is set on object 'Object Repository/Employee-Onboarding/Employee_Contact_Details/Page_OrangeHRM/input'

27-12-2024T09:30:47 - [TEST_STEP][PASSED] - click(findTestObject("Object Repository/Employee-Onboarding/Employee_Contact_Details/Page_OrangeHRM/button_Search")): Object: 'Object Repository/Employee-Onboarding/Employee_Contact_Details/Page_OrangeHRM/button_Search' is clicked on

27-12-2024T09:30:48 - [MESSAGE][PASSED] - Object: 'Object Repository/Employee-Onboarding/Employee_Contact_Details/Page_OrangeHRM/button_Search' is clicked on

27-12-2024T09:30:48 - [TEST_STEP][PASSED] - click(findTestObject("Object Repository/Employee-Onboarding/Employee_Contact_Details/Page_OrangeHRM/div_Actions_oxd-table-cell oxd-padding-cell")): Object: 'Object Repository/Employee-Onboarding/Employee_Contact_Details/Page_OrangeHRM/div_Actions_oxd-table-cell oxd-padding-cell' is clicked on

27-12-2024T09:30:49 - [MESSAGE][PASSED] - Object: 'Object Repository/Employee-Onboarding/Employee_Contact_Details/Page_OrangeHRM/div_Actions_oxd-table-cell oxd-padding-cell' is clicked on

27-12-2024T09:30:49 - [TEST_STEP][PASSED] - click(findTestObject("Object Repository/Employee-Onboarding/Employee_Contact_Details/Page_OrangeHRM/a_Contact Details")): Object: 'Object Repository/Employee-Onboarding/Employee_Contact_Details/Page_OrangeHRM/a_Contact Details' is clicked on

27-12-2024T09:30:52 - [MESSAGE][PASSED] - Object: 'Object Repository/Employee-Onboarding/Employee_Contact_Details/Page_OrangeHRM/a_Contact Details' is clicked on

27-12-2024T09:30:52 - [TEST_STEP][PASSED] - setText(findTestObject("Object Repository/Employee-Onboarding/Employee_Contact_Details/Page_OrangeHRM/input_Street 1_oxd-input oxd-input--focus"), Street1): Text '5348 Teresa Prairie Suite 282' is set on object 'Object Repository/Employee-Onboarding/Employee_Contact_Details/Page_OrangeHRM/input_Street 1_oxd-input oxd-input--focus'

27-12-2024T09:30:55 - [MESSAGE][PASSED] - Text '5348 Teresa Prairie Suite 282' is set on object 'Object Repository/Employee-Onboarding/Employee_Contact_Details/Page_OrangeHRM/input_Street 1_oxd-input oxd-input--focus'

27-12-2024T09:30:55 - [TEST_STEP][PASSED] - setText(findTestObject("Object Repository/Employee-Onboarding/Employee_Contact_Details/Page_OrangeHRM/input_Street 2_oxd-input oxd-input--active"), Street2): Text 'Suite 624' is set on object 'Object Repository/Employee-Onboarding/Employee_Contact_Details/Page_OrangeHRM/input_Street 2_oxd-input oxd-input--active'

27-12-2024T09:30:55 - [MESSAGE][PASSED] - Text 'Suite 624' is set on object 'Object Repository/Employee-Onboarding/Employee_Contact_Details/Page_OrangeHRM/input_Street 2_oxd-input oxd-input--active'

27-12-2024T09:30:55 - [TEST_STEP][PASSED] - setText(findTestObject("Object Repository/Employee-Onboarding/Employee_Contact_Details/Page_OrangeHRM/input_City_oxd-input oxd-input--active"), City): Text 'Lake Carolinefort' is set on object 'Object Repository/Employee-Onboarding/Employee_Contact_Details/Page_OrangeHRM/input_City_oxd-input oxd-input--active'

27-12-2024T09:30:56 - [MESSAGE][PASSED] - Text 'Lake Carolinefort' is set on object 'Object Repository/Employee-Onboarding/Employee_Contact_Details/Page_OrangeHRM/input_City_oxd-input oxd-input--active'

27-12-2024T09:30:56 - [TEST_STEP][PASSED] - setText(findTestObject("Object Repository/Employee-Onboarding/Employee_Contact_Details/Page_OrangeHRM/input_StateProvince_oxd-input oxd-input--active"), State): Text 'Idaho' is set on object 'Object Repository/Employee-Onboarding/Employee_Contact_Details/Page_OrangeHRM/input_StateProvince_oxd-input oxd-input--active'

27-12-2024T09:30:56 - [MESSAGE][PASSED] - Text 'Idaho' is set on object 'Object Repository/Employee-Onboarding/Employee_Contact_Details/Page_OrangeHRM/input_StateProvince_oxd-input oxd-input--active'

27-12-2024T09:30:56 - [TEST_STEP][PASSED] - setText(findTestObject("Object Repository/Employee-Onboarding/Employee_Contact_Details/Page_OrangeHRM/input_ZipPostal Code_oxd-input oxd-input--active"), ZipCode): Text '44928' is set on object 'Object Repository/Employee-Onboarding/Employee_Contact_Details/Page_OrangeHRM/input_ZipPostal Code_oxd-input oxd-input--active'

27-12-2024T09:30:57 - [MESSAGE][PASSED] - Text '44928' is set on object 'Object Repository/Employee-Onboarding/Employee_Contact_Details/Page_OrangeHRM/input_ZipPostal Code_oxd-input oxd-input--active'

27-12-2024T09:30:57 - [TEST_STEP][PASSED] - click(findTestObject("Object Repository/Employee-Onboarding/Employee_Contact_Details/Page_OrangeHRM/i_-- Select --_oxd-icon bi-caret-up-fill ox_627fec")): Object: 'Object Repository/Employee-Onboarding/Employee_Contact_Details/Page_OrangeHRM/i_-- Select --_oxd-icon bi-caret-up-fill ox_627fec' is clicked on

27-12-2024T09:30:57 - [MESSAGE][PASSED] - Object: 'Object Repository/Employee-Onboarding/Employee_Contact_Details/Page_OrangeHRM/i_-- Select --_oxd-icon bi-caret-up-fill ox_627fec' is clicked on

27-12-2024T09:30:57 - [TEST_STEP][PASSED] - click(findTestObject("Employee-Onboarding/Employee_Salary_Detail_Objects/Page_OrangeHRM/custom_object_for_dropdown", ["value":Country])): Object: 'Object Repository/Employee-Onboarding/Employee_Salary_Detail_Objects/Page_OrangeHRM/custom_object_for_dropdown' is clicked on

27-12-2024T09:30:57 - [MESSAGE][PASSED] - Object: 'Object Repository/Employee-Onboarding/Employee_Salary_Detail_Objects/Page_OrangeHRM/custom_object_for_dropdown' is clicked on

27-12-2024T09:30:57 - [TEST_STEP][PASSED] - setText(findTestObject("Object Repository/Employee-Onboarding/Employee_Contact_Details/Page_OrangeHRM/input_Home_oxd-input oxd-input--focus"), Tel_Home): Text '515-634-9028' is set on object 'Object Repository/Employee-Onboarding/Employee_Contact_Details/Page_OrangeHRM/input_Home_oxd-input oxd-input--focus'

27-12-2024T09:30:58 - [MESSAGE][PASSED] - Text '515-634-9028' is set on object 'Object Repository/Employee-Onboarding/Employee_Contact_Details/Page_OrangeHRM/input_Home_oxd-input oxd-input--focus'

27-12-2024T09:30:58 - [TEST_STEP][PASSED] - setText(findTestObject("Object Repository/Employee-Onboarding/Employee_Contact_Details/Page_OrangeHRM/input_Mobile_oxd-input oxd-input--focus"), Tell_Mobile): Text '300-555-7315' is set on object 'Object Repository/Employee-Onboarding/Employee_Contact_Details/Page_OrangeHRM/input_Mobile_oxd-input oxd-input--focus'

27-12-2024T09:30:58 - [MESSAGE][PASSED] - Text '300-555-7315' is set on object 'Object Repository/Employee-Onboarding/Employee_Contact_Details/Page_OrangeHRM/input_Mobile_oxd-input oxd-input--focus'

27-12-2024T09:30:58 - [TEST_STEP][PASSED] - setText(findTestObject("Object Repository/Employee-Onboarding/Employee_Contact_Details/Page_OrangeHRM/input_Work_oxd-input oxd-input--focus"), Tel_Work): Text '876-983-1212' is set on object 'Object Repository/Employee-Onboarding/Employee_Contact_Details/Page_OrangeHRM/input_Work_oxd-input oxd-input--focus'

27-12-2024T09:30:59 - [MESSAGE][PASSED] - Text '876-983-1212' is set on object 'Object Repository/Employee-Onboarding/Employee_Contact_Details/Page_OrangeHRM/input_Work_oxd-input oxd-input--focus'

27-12-2024T09:30:59 - [TEST_STEP][PASSED] - setText(findTestObject("Object Repository/Employee-Onboarding/Employee_Contact_Details/Page_OrangeHRM/input_Work Email_oxd-input oxd-input--active"), Email_Work): Text 'john.neal@cook.com' is set on object 'Object Repository/Employee-Onboarding/Employee_Contact_Details/Page_OrangeHRM/input_Work Email_oxd-input oxd-input--active'

27-12-2024T09:30:59 - [MESSAGE][PASSED] - Text 'john.neal@cook.com' is set on object 'Object Repository/Employee-Onboarding/Employee_Contact_Details/Page_OrangeHRM/input_Work Email_oxd-input oxd-input--active'

27-12-2024T09:30:59 - [TEST_STEP][PASSED] - setText(findTestObject("Object Repository/Employee-Onboarding/Employee_Contact_Details/Page_OrangeHRM/input_Other Email_oxd-input oxd-input--focu_8ec2d9"), Email_Other): Text 'john.neal@placeholdermail.net' is set on object 'Object Repository/Employee-Onboarding/Employee_Contact_Details/Page_OrangeHRM/input_Other Email_oxd-input oxd-input--focu_8ec2d9'

27-12-2024T09:31:01 - [MESSAGE][PASSED] - Text 'john.neal@placeholdermail.net' is set on object 'Object Repository/Employee-Onboarding/Employee_Contact_Details/Page_OrangeHRM/input_Other Email_oxd-input oxd-input--focu_8ec2d9'

27-12-2024T09:31:01 - [TEST_STEP][PASSED] - click(findTestObject("Object Repository/Employee-Onboarding/Employee_Contact_Details/Page_OrangeHRM/button_Save")): Object: 'Object Repository/Employee-Onboarding/Employee_Contact_Details/Page_OrangeHRM/button_Save' is clicked on

27-12-2024T09:31:02 - [MESSAGE][PASSED] - Object: 'Object Repository/Employee-Onboarding/Employee_Contact_Details/Page_OrangeHRM/button_Save' is clicked on]]></system-out>
         <system-err><![CDATA[]]></system-err>
      </testcase>
      <testcase name="Test Cases/Employee_Onboarding/TC_Employee_Contact_Details" time="18.922" classname="Test Cases/Employee_Onboarding/TC_Employee_Contact_Details" status="PASSED">
         <system-out><![CDATA[27-12-2024T09:31:02 - [TEST_CASE][PASSED] - Test Cases/Employee_Onboarding/TC_Employee_Contact_Details: Test Cases/Employee_Onboarding/TC_Employee_Contact_Details

27-12-2024T09:31:02 - [TEST_STEP][PASSED] - click(findTestObject("Object Repository/Employee-Onboarding/Employee_Contact_Details/Page_OrangeHRM/a_PIM")): Object: 'Object Repository/Employee-Onboarding/Employee_Contact_Details/Page_OrangeHRM/a_PIM' is clicked on

27-12-2024T09:31:03 - [MESSAGE][PASSED] - Object: 'Object Repository/Employee-Onboarding/Employee_Contact_Details/Page_OrangeHRM/a_PIM' is clicked on

27-12-2024T09:31:03 - [TEST_STEP][PASSED] - setText(findTestObject("Object Repository/Employee-Onboarding/Employee_Contact_Details/Page_OrangeHRM/input"), Fullname): Text 'Michael Williams' is set on object 'Object Repository/Employee-Onboarding/Employee_Contact_Details/Page_OrangeHRM/input'

27-12-2024T09:31:06 - [MESSAGE][PASSED] - Text 'Michael Williams' is set on object 'Object Repository/Employee-Onboarding/Employee_Contact_Details/Page_OrangeHRM/input'

27-12-2024T09:31:06 - [TEST_STEP][PASSED] - click(findTestObject("Object Repository/Employee-Onboarding/Employee_Contact_Details/Page_OrangeHRM/button_Search")): Object: 'Object Repository/Employee-Onboarding/Employee_Contact_Details/Page_OrangeHRM/button_Search' is clicked on

27-12-2024T09:31:06 - [MESSAGE][PASSED] - Object: 'Object Repository/Employee-Onboarding/Employee_Contact_Details/Page_OrangeHRM/button_Search' is clicked on

27-12-2024T09:31:06 - [TEST_STEP][PASSED] - click(findTestObject("Object Repository/Employee-Onboarding/Employee_Contact_Details/Page_OrangeHRM/div_Actions_oxd-table-cell oxd-padding-cell")): Object: 'Object Repository/Employee-Onboarding/Employee_Contact_Details/Page_OrangeHRM/div_Actions_oxd-table-cell oxd-padding-cell' is clicked on

27-12-2024T09:31:08 - [MESSAGE][PASSED] - Object: 'Object Repository/Employee-Onboarding/Employee_Contact_Details/Page_OrangeHRM/div_Actions_oxd-table-cell oxd-padding-cell' is clicked on

27-12-2024T09:31:08 - [TEST_STEP][PASSED] - click(findTestObject("Object Repository/Employee-Onboarding/Employee_Contact_Details/Page_OrangeHRM/a_Contact Details")): Object: 'Object Repository/Employee-Onboarding/Employee_Contact_Details/Page_OrangeHRM/a_Contact Details' is clicked on

27-12-2024T09:31:11 - [MESSAGE][PASSED] - Object: 'Object Repository/Employee-Onboarding/Employee_Contact_Details/Page_OrangeHRM/a_Contact Details' is clicked on

27-12-2024T09:31:11 - [TEST_STEP][PASSED] - setText(findTestObject("Object Repository/Employee-Onboarding/Employee_Contact_Details/Page_OrangeHRM/input_Street 1_oxd-input oxd-input--focus"), Street1): Text '033 Jacob Flats' is set on object 'Object Repository/Employee-Onboarding/Employee_Contact_Details/Page_OrangeHRM/input_Street 1_oxd-input oxd-input--focus'

27-12-2024T09:31:14 - [MESSAGE][PASSED] - Text '033 Jacob Flats' is set on object 'Object Repository/Employee-Onboarding/Employee_Contact_Details/Page_OrangeHRM/input_Street 1_oxd-input oxd-input--focus'

27-12-2024T09:31:14 - [TEST_STEP][PASSED] - setText(findTestObject("Object Repository/Employee-Onboarding/Employee_Contact_Details/Page_OrangeHRM/input_Street 2_oxd-input oxd-input--active"), Street2): Text 'Suite 565' is set on object 'Object Repository/Employee-Onboarding/Employee_Contact_Details/Page_OrangeHRM/input_Street 2_oxd-input oxd-input--active'

27-12-2024T09:31:14 - [MESSAGE][PASSED] - Text 'Suite 565' is set on object 'Object Repository/Employee-Onboarding/Employee_Contact_Details/Page_OrangeHRM/input_Street 2_oxd-input oxd-input--active'

27-12-2024T09:31:14 - [TEST_STEP][PASSED] - setText(findTestObject("Object Repository/Employee-Onboarding/Employee_Contact_Details/Page_OrangeHRM/input_City_oxd-input oxd-input--active"), City): Text 'Lake Ryantown' is set on object 'Object Repository/Employee-Onboarding/Employee_Contact_Details/Page_OrangeHRM/input_City_oxd-input oxd-input--active'

27-12-2024T09:31:15 - [MESSAGE][PASSED] - Text 'Lake Ryantown' is set on object 'Object Repository/Employee-Onboarding/Employee_Contact_Details/Page_OrangeHRM/input_City_oxd-input oxd-input--active'

27-12-2024T09:31:15 - [TEST_STEP][PASSED] - setText(findTestObject("Object Repository/Employee-Onboarding/Employee_Contact_Details/Page_OrangeHRM/input_StateProvince_oxd-input oxd-input--active"), State): Text 'New Hampshire' is set on object 'Object Repository/Employee-Onboarding/Employee_Contact_Details/Page_OrangeHRM/input_StateProvince_oxd-input oxd-input--active'

27-12-2024T09:31:15 - [MESSAGE][PASSED] - Text 'New Hampshire' is set on object 'Object Repository/Employee-Onboarding/Employee_Contact_Details/Page_OrangeHRM/input_StateProvince_oxd-input oxd-input--active'

27-12-2024T09:31:15 - [TEST_STEP][PASSED] - setText(findTestObject("Object Repository/Employee-Onboarding/Employee_Contact_Details/Page_OrangeHRM/input_ZipPostal Code_oxd-input oxd-input--active"), ZipCode): Text '24281' is set on object 'Object Repository/Employee-Onboarding/Employee_Contact_Details/Page_OrangeHRM/input_ZipPostal Code_oxd-input oxd-input--active'

27-12-2024T09:31:16 - [MESSAGE][PASSED] - Text '24281' is set on object 'Object Repository/Employee-Onboarding/Employee_Contact_Details/Page_OrangeHRM/input_ZipPostal Code_oxd-input oxd-input--active'

27-12-2024T09:31:16 - [TEST_STEP][PASSED] - click(findTestObject("Object Repository/Employee-Onboarding/Employee_Contact_Details/Page_OrangeHRM/i_-- Select --_oxd-icon bi-caret-up-fill ox_627fec")): Object: 'Object Repository/Employee-Onboarding/Employee_Contact_Details/Page_OrangeHRM/i_-- Select --_oxd-icon bi-caret-up-fill ox_627fec' is clicked on

27-12-2024T09:31:16 - [MESSAGE][PASSED] - Object: 'Object Repository/Employee-Onboarding/Employee_Contact_Details/Page_OrangeHRM/i_-- Select --_oxd-icon bi-caret-up-fill ox_627fec' is clicked on

27-12-2024T09:31:16 - [TEST_STEP][PASSED] - click(findTestObject("Employee-Onboarding/Employee_Salary_Detail_Objects/Page_OrangeHRM/custom_object_for_dropdown", ["value":Country])): Object: 'Object Repository/Employee-Onboarding/Employee_Salary_Detail_Objects/Page_OrangeHRM/custom_object_for_dropdown' is clicked on

27-12-2024T09:31:16 - [MESSAGE][PASSED] - Object: 'Object Repository/Employee-Onboarding/Employee_Salary_Detail_Objects/Page_OrangeHRM/custom_object_for_dropdown' is clicked on

27-12-2024T09:31:16 - [TEST_STEP][PASSED] - setText(findTestObject("Object Repository/Employee-Onboarding/Employee_Contact_Details/Page_OrangeHRM/input_Home_oxd-input oxd-input--focus"), Tel_Home): Text '210-934-6519' is set on object 'Object Repository/Employee-Onboarding/Employee_Contact_Details/Page_OrangeHRM/input_Home_oxd-input oxd-input--focus'

27-12-2024T09:31:17 - [MESSAGE][PASSED] - Text '210-934-6519' is set on object 'Object Repository/Employee-Onboarding/Employee_Contact_Details/Page_OrangeHRM/input_Home_oxd-input oxd-input--focus'

27-12-2024T09:31:17 - [TEST_STEP][PASSED] - setText(findTestObject("Object Repository/Employee-Onboarding/Employee_Contact_Details/Page_OrangeHRM/input_Mobile_oxd-input oxd-input--focus"), Tell_Mobile): Text '902-463-3285' is set on object 'Object Repository/Employee-Onboarding/Employee_Contact_Details/Page_OrangeHRM/input_Mobile_oxd-input oxd-input--focus'

27-12-2024T09:31:18 - [MESSAGE][PASSED] - Text '902-463-3285' is set on object 'Object Repository/Employee-Onboarding/Employee_Contact_Details/Page_OrangeHRM/input_Mobile_oxd-input oxd-input--focus'

27-12-2024T09:31:18 - [TEST_STEP][PASSED] - setText(findTestObject("Object Repository/Employee-Onboarding/Employee_Contact_Details/Page_OrangeHRM/input_Work_oxd-input oxd-input--focus"), Tel_Work): Text '765-789-9843' is set on object 'Object Repository/Employee-Onboarding/Employee_Contact_Details/Page_OrangeHRM/input_Work_oxd-input oxd-input--focus'

27-12-2024T09:31:18 - [MESSAGE][PASSED] - Text '765-789-9843' is set on object 'Object Repository/Employee-Onboarding/Employee_Contact_Details/Page_OrangeHRM/input_Work_oxd-input oxd-input--focus'

27-12-2024T09:31:18 - [TEST_STEP][PASSED] - setText(findTestObject("Object Repository/Employee-Onboarding/Employee_Contact_Details/Page_OrangeHRM/input_Work Email_oxd-input oxd-input--active"), Email_Work): Text 'michael.williams@cole-wilson.com' is set on object 'Object Repository/Employee-Onboarding/Employee_Contact_Details/Page_OrangeHRM/input_Work Email_oxd-input oxd-input--active'

27-12-2024T09:31:19 - [MESSAGE][PASSED] - Text 'michael.williams@cole-wilson.com' is set on object 'Object Repository/Employee-Onboarding/Employee_Contact_Details/Page_OrangeHRM/input_Work Email_oxd-input oxd-input--active'

27-12-2024T09:31:19 - [TEST_STEP][PASSED] - setText(findTestObject("Object Repository/Employee-Onboarding/Employee_Contact_Details/Page_OrangeHRM/input_Other Email_oxd-input oxd-input--focu_8ec2d9"), Email_Other): Text 'michael.williams@fakedomains.co' is set on object 'Object Repository/Employee-Onboarding/Employee_Contact_Details/Page_OrangeHRM/input_Other Email_oxd-input oxd-input--focu_8ec2d9'

27-12-2024T09:31:20 - [MESSAGE][PASSED] - Text 'michael.williams@fakedomains.co' is set on object 'Object Repository/Employee-Onboarding/Employee_Contact_Details/Page_OrangeHRM/input_Other Email_oxd-input oxd-input--focu_8ec2d9'

27-12-2024T09:31:20 - [TEST_STEP][PASSED] - click(findTestObject("Object Repository/Employee-Onboarding/Employee_Contact_Details/Page_OrangeHRM/button_Save")): Object: 'Object Repository/Employee-Onboarding/Employee_Contact_Details/Page_OrangeHRM/button_Save' is clicked on

27-12-2024T09:31:21 - [MESSAGE][PASSED] - Object: 'Object Repository/Employee-Onboarding/Employee_Contact_Details/Page_OrangeHRM/button_Save' is clicked on]]></system-out>
         <system-err><![CDATA[]]></system-err>
      </testcase>
      <testcase name="Test Cases/Employee_Onboarding/TC_Employee_Contact_Details" time="19.19" classname="Test Cases/Employee_Onboarding/TC_Employee_Contact_Details" status="PASSED">
         <system-out><![CDATA[27-12-2024T09:31:21 - [TEST_CASE][PASSED] - Test Cases/Employee_Onboarding/TC_Employee_Contact_Details: Test Cases/Employee_Onboarding/TC_Employee_Contact_Details

27-12-2024T09:31:21 - [TEST_STEP][PASSED] - click(findTestObject("Object Repository/Employee-Onboarding/Employee_Contact_Details/Page_OrangeHRM/a_PIM")): Object: 'Object Repository/Employee-Onboarding/Employee_Contact_Details/Page_OrangeHRM/a_PIM' is clicked on

27-12-2024T09:31:22 - [MESSAGE][PASSED] - Object: 'Object Repository/Employee-Onboarding/Employee_Contact_Details/Page_OrangeHRM/a_PIM' is clicked on

27-12-2024T09:31:22 - [TEST_STEP][PASSED] - setText(findTestObject("Object Repository/Employee-Onboarding/Employee_Contact_Details/Page_OrangeHRM/input"), Fullname): Text 'Yvonne Dunn' is set on object 'Object Repository/Employee-Onboarding/Employee_Contact_Details/Page_OrangeHRM/input'

27-12-2024T09:31:24 - [MESSAGE][PASSED] - Text 'Yvonne Dunn' is set on object 'Object Repository/Employee-Onboarding/Employee_Contact_Details/Page_OrangeHRM/input'

27-12-2024T09:31:24 - [TEST_STEP][PASSED] - click(findTestObject("Object Repository/Employee-Onboarding/Employee_Contact_Details/Page_OrangeHRM/button_Search")): Object: 'Object Repository/Employee-Onboarding/Employee_Contact_Details/Page_OrangeHRM/button_Search' is clicked on

27-12-2024T09:31:25 - [MESSAGE][PASSED] - Object: 'Object Repository/Employee-Onboarding/Employee_Contact_Details/Page_OrangeHRM/button_Search' is clicked on

27-12-2024T09:31:25 - [TEST_STEP][PASSED] - click(findTestObject("Object Repository/Employee-Onboarding/Employee_Contact_Details/Page_OrangeHRM/div_Actions_oxd-table-cell oxd-padding-cell")): Object: 'Object Repository/Employee-Onboarding/Employee_Contact_Details/Page_OrangeHRM/div_Actions_oxd-table-cell oxd-padding-cell' is clicked on

27-12-2024T09:31:27 - [MESSAGE][PASSED] - Object: 'Object Repository/Employee-Onboarding/Employee_Contact_Details/Page_OrangeHRM/div_Actions_oxd-table-cell oxd-padding-cell' is clicked on

27-12-2024T09:31:27 - [TEST_STEP][PASSED] - click(findTestObject("Object Repository/Employee-Onboarding/Employee_Contact_Details/Page_OrangeHRM/a_Contact Details")): Object: 'Object Repository/Employee-Onboarding/Employee_Contact_Details/Page_OrangeHRM/a_Contact Details' is clicked on

27-12-2024T09:31:30 - [MESSAGE][PASSED] - Object: 'Object Repository/Employee-Onboarding/Employee_Contact_Details/Page_OrangeHRM/a_Contact Details' is clicked on

27-12-2024T09:31:30 - [TEST_STEP][PASSED] - setText(findTestObject("Object Repository/Employee-Onboarding/Employee_Contact_Details/Page_OrangeHRM/input_Street 1_oxd-input oxd-input--focus"), Street1): Text '995 Norton Island Apt. 474' is set on object 'Object Repository/Employee-Onboarding/Employee_Contact_Details/Page_OrangeHRM/input_Street 1_oxd-input oxd-input--focus'

27-12-2024T09:31:33 - [MESSAGE][PASSED] - Text '995 Norton Island Apt. 474' is set on object 'Object Repository/Employee-Onboarding/Employee_Contact_Details/Page_OrangeHRM/input_Street 1_oxd-input oxd-input--focus'

27-12-2024T09:31:33 - [TEST_STEP][PASSED] - setText(findTestObject("Object Repository/Employee-Onboarding/Employee_Contact_Details/Page_OrangeHRM/input_Street 2_oxd-input oxd-input--active"), Street2): Text 'Suite 418' is set on object 'Object Repository/Employee-Onboarding/Employee_Contact_Details/Page_OrangeHRM/input_Street 2_oxd-input oxd-input--active'

27-12-2024T09:31:33 - [MESSAGE][PASSED] - Text 'Suite 418' is set on object 'Object Repository/Employee-Onboarding/Employee_Contact_Details/Page_OrangeHRM/input_Street 2_oxd-input oxd-input--active'

27-12-2024T09:31:33 - [TEST_STEP][PASSED] - setText(findTestObject("Object Repository/Employee-Onboarding/Employee_Contact_Details/Page_OrangeHRM/input_City_oxd-input oxd-input--active"), City): Text 'Watsonchester' is set on object 'Object Repository/Employee-Onboarding/Employee_Contact_Details/Page_OrangeHRM/input_City_oxd-input oxd-input--active'

27-12-2024T09:31:34 - [MESSAGE][PASSED] - Text 'Watsonchester' is set on object 'Object Repository/Employee-Onboarding/Employee_Contact_Details/Page_OrangeHRM/input_City_oxd-input oxd-input--active'

27-12-2024T09:31:34 - [TEST_STEP][PASSED] - setText(findTestObject("Object Repository/Employee-Onboarding/Employee_Contact_Details/Page_OrangeHRM/input_StateProvince_oxd-input oxd-input--active"), State): Text 'Pennsylvania' is set on object 'Object Repository/Employee-Onboarding/Employee_Contact_Details/Page_OrangeHRM/input_StateProvince_oxd-input oxd-input--active'

27-12-2024T09:31:34 - [MESSAGE][PASSED] - Text 'Pennsylvania' is set on object 'Object Repository/Employee-Onboarding/Employee_Contact_Details/Page_OrangeHRM/input_StateProvince_oxd-input oxd-input--active'

27-12-2024T09:31:34 - [TEST_STEP][PASSED] - setText(findTestObject("Object Repository/Employee-Onboarding/Employee_Contact_Details/Page_OrangeHRM/input_ZipPostal Code_oxd-input oxd-input--active"), ZipCode): Text '63895' is set on object 'Object Repository/Employee-Onboarding/Employee_Contact_Details/Page_OrangeHRM/input_ZipPostal Code_oxd-input oxd-input--active'

27-12-2024T09:31:35 - [MESSAGE][PASSED] - Text '63895' is set on object 'Object Repository/Employee-Onboarding/Employee_Contact_Details/Page_OrangeHRM/input_ZipPostal Code_oxd-input oxd-input--active'

27-12-2024T09:31:35 - [TEST_STEP][PASSED] - click(findTestObject("Object Repository/Employee-Onboarding/Employee_Contact_Details/Page_OrangeHRM/i_-- Select --_oxd-icon bi-caret-up-fill ox_627fec")): Object: 'Object Repository/Employee-Onboarding/Employee_Contact_Details/Page_OrangeHRM/i_-- Select --_oxd-icon bi-caret-up-fill ox_627fec' is clicked on

27-12-2024T09:31:35 - [MESSAGE][PASSED] - Object: 'Object Repository/Employee-Onboarding/Employee_Contact_Details/Page_OrangeHRM/i_-- Select --_oxd-icon bi-caret-up-fill ox_627fec' is clicked on

27-12-2024T09:31:35 - [TEST_STEP][PASSED] - click(findTestObject("Employee-Onboarding/Employee_Salary_Detail_Objects/Page_OrangeHRM/custom_object_for_dropdown", ["value":Country])): Object: 'Object Repository/Employee-Onboarding/Employee_Salary_Detail_Objects/Page_OrangeHRM/custom_object_for_dropdown' is clicked on

27-12-2024T09:31:36 - [MESSAGE][PASSED] - Object: 'Object Repository/Employee-Onboarding/Employee_Salary_Detail_Objects/Page_OrangeHRM/custom_object_for_dropdown' is clicked on

27-12-2024T09:31:36 - [TEST_STEP][PASSED] - setText(findTestObject("Object Repository/Employee-Onboarding/Employee_Contact_Details/Page_OrangeHRM/input_Home_oxd-input oxd-input--focus"), Tel_Home): Text '803-274-5586' is set on object 'Object Repository/Employee-Onboarding/Employee_Contact_Details/Page_OrangeHRM/input_Home_oxd-input oxd-input--focus'

27-12-2024T09:31:36 - [MESSAGE][PASSED] - Text '803-274-5586' is set on object 'Object Repository/Employee-Onboarding/Employee_Contact_Details/Page_OrangeHRM/input_Home_oxd-input oxd-input--focus'

27-12-2024T09:31:36 - [TEST_STEP][PASSED] - setText(findTestObject("Object Repository/Employee-Onboarding/Employee_Contact_Details/Page_OrangeHRM/input_Mobile_oxd-input oxd-input--focus"), Tell_Mobile): Text '430-784-9032' is set on object 'Object Repository/Employee-Onboarding/Employee_Contact_Details/Page_OrangeHRM/input_Mobile_oxd-input oxd-input--focus'

27-12-2024T09:31:37 - [MESSAGE][PASSED] - Text '430-784-9032' is set on object 'Object Repository/Employee-Onboarding/Employee_Contact_Details/Page_OrangeHRM/input_Mobile_oxd-input oxd-input--focus'

27-12-2024T09:31:37 - [TEST_STEP][PASSED] - setText(findTestObject("Object Repository/Employee-Onboarding/Employee_Contact_Details/Page_OrangeHRM/input_Work_oxd-input oxd-input--focus"), Tel_Work): Text '542-178-3914' is set on object 'Object Repository/Employee-Onboarding/Employee_Contact_Details/Page_OrangeHRM/input_Work_oxd-input oxd-input--focus'

27-12-2024T09:31:37 - [MESSAGE][PASSED] - Text '542-178-3914' is set on object 'Object Repository/Employee-Onboarding/Employee_Contact_Details/Page_OrangeHRM/input_Work_oxd-input oxd-input--focus'

27-12-2024T09:31:37 - [TEST_STEP][PASSED] - setText(findTestObject("Object Repository/Employee-Onboarding/Employee_Contact_Details/Page_OrangeHRM/input_Work Email_oxd-input oxd-input--active"), Email_Work): Text 'yvonne.dunn@martinez-vincent.com' is set on object 'Object Repository/Employee-Onboarding/Employee_Contact_Details/Page_OrangeHRM/input_Work Email_oxd-input oxd-input--active'

27-12-2024T09:31:38 - [MESSAGE][PASSED] - Text 'yvonne.dunn@martinez-vincent.com' is set on object 'Object Repository/Employee-Onboarding/Employee_Contact_Details/Page_OrangeHRM/input_Work Email_oxd-input oxd-input--active'

27-12-2024T09:31:38 - [TEST_STEP][PASSED] - setText(findTestObject("Object Repository/Employee-Onboarding/Employee_Contact_Details/Page_OrangeHRM/input_Other Email_oxd-input oxd-input--focu_8ec2d9"), Email_Other): Text 'yvonne.dunn@imaginarymail.com' is set on object 'Object Repository/Employee-Onboarding/Employee_Contact_Details/Page_OrangeHRM/input_Other Email_oxd-input oxd-input--focu_8ec2d9'

27-12-2024T09:31:39 - [MESSAGE][PASSED] - Text 'yvonne.dunn@imaginarymail.com' is set on object 'Object Repository/Employee-Onboarding/Employee_Contact_Details/Page_OrangeHRM/input_Other Email_oxd-input oxd-input--focu_8ec2d9'

27-12-2024T09:31:39 - [TEST_STEP][PASSED] - click(findTestObject("Object Repository/Employee-Onboarding/Employee_Contact_Details/Page_OrangeHRM/button_Save")): Object: 'Object Repository/Employee-Onboarding/Employee_Contact_Details/Page_OrangeHRM/button_Save' is clicked on

27-12-2024T09:31:40 - [MESSAGE][PASSED] - Object: 'Object Repository/Employee-Onboarding/Employee_Contact_Details/Page_OrangeHRM/button_Save' is clicked on]]></system-out>
         <system-err><![CDATA[]]></system-err>
      </testcase>
      <testcase name="Test Cases/Employee_Onboarding/TC_Employee_Contact_Details" time="17.91" classname="Test Cases/Employee_Onboarding/TC_Employee_Contact_Details" status="PASSED">
         <system-out><![CDATA[27-12-2024T09:31:40 - [TEST_CASE][PASSED] - Test Cases/Employee_Onboarding/TC_Employee_Contact_Details: Test Cases/Employee_Onboarding/TC_Employee_Contact_Details

27-12-2024T09:31:40 - [TEST_STEP][PASSED] - click(findTestObject("Object Repository/Employee-Onboarding/Employee_Contact_Details/Page_OrangeHRM/a_PIM")): Object: 'Object Repository/Employee-Onboarding/Employee_Contact_Details/Page_OrangeHRM/a_PIM' is clicked on

27-12-2024T09:31:41 - [MESSAGE][PASSED] - Object: 'Object Repository/Employee-Onboarding/Employee_Contact_Details/Page_OrangeHRM/a_PIM' is clicked on

27-12-2024T09:31:41 - [TEST_STEP][PASSED] - setText(findTestObject("Object Repository/Employee-Onboarding/Employee_Contact_Details/Page_OrangeHRM/input"), Fullname): Text 'Mathew Schneider' is set on object 'Object Repository/Employee-Onboarding/Employee_Contact_Details/Page_OrangeHRM/input'

27-12-2024T09:31:44 - [MESSAGE][PASSED] - Text 'Mathew Schneider' is set on object 'Object Repository/Employee-Onboarding/Employee_Contact_Details/Page_OrangeHRM/input'

27-12-2024T09:31:44 - [TEST_STEP][PASSED] - click(findTestObject("Object Repository/Employee-Onboarding/Employee_Contact_Details/Page_OrangeHRM/button_Search")): Object: 'Object Repository/Employee-Onboarding/Employee_Contact_Details/Page_OrangeHRM/button_Search' is clicked on

27-12-2024T09:31:44 - [MESSAGE][PASSED] - Object: 'Object Repository/Employee-Onboarding/Employee_Contact_Details/Page_OrangeHRM/button_Search' is clicked on

27-12-2024T09:31:44 - [TEST_STEP][PASSED] - click(findTestObject("Object Repository/Employee-Onboarding/Employee_Contact_Details/Page_OrangeHRM/div_Actions_oxd-table-cell oxd-padding-cell")): Object: 'Object Repository/Employee-Onboarding/Employee_Contact_Details/Page_OrangeHRM/div_Actions_oxd-table-cell oxd-padding-cell' is clicked on

27-12-2024T09:31:46 - [MESSAGE][PASSED] - Object: 'Object Repository/Employee-Onboarding/Employee_Contact_Details/Page_OrangeHRM/div_Actions_oxd-table-cell oxd-padding-cell' is clicked on

27-12-2024T09:31:46 - [TEST_STEP][PASSED] - click(findTestObject("Object Repository/Employee-Onboarding/Employee_Contact_Details/Page_OrangeHRM/a_Contact Details")): Object: 'Object Repository/Employee-Onboarding/Employee_Contact_Details/Page_OrangeHRM/a_Contact Details' is clicked on

27-12-2024T09:31:49 - [MESSAGE][PASSED] - Object: 'Object Repository/Employee-Onboarding/Employee_Contact_Details/Page_OrangeHRM/a_Contact Details' is clicked on

27-12-2024T09:31:49 - [TEST_STEP][PASSED] - setText(findTestObject("Object Repository/Employee-Onboarding/Employee_Contact_Details/Page_OrangeHRM/input_Street 1_oxd-input oxd-input--focus"), Street1): Text '83835 Lindsay Canyon' is set on object 'Object Repository/Employee-Onboarding/Employee_Contact_Details/Page_OrangeHRM/input_Street 1_oxd-input oxd-input--focus'

27-12-2024T09:31:51 - [MESSAGE][PASSED] - Text '83835 Lindsay Canyon' is set on object 'Object Repository/Employee-Onboarding/Employee_Contact_Details/Page_OrangeHRM/input_Street 1_oxd-input oxd-input--focus'

27-12-2024T09:31:51 - [TEST_STEP][PASSED] - setText(findTestObject("Object Repository/Employee-Onboarding/Employee_Contact_Details/Page_OrangeHRM/input_Street 2_oxd-input oxd-input--active"), Street2): Text 'Apt. 184' is set on object 'Object Repository/Employee-Onboarding/Employee_Contact_Details/Page_OrangeHRM/input_Street 2_oxd-input oxd-input--active'

27-12-2024T09:31:51 - [MESSAGE][PASSED] - Text 'Apt. 184' is set on object 'Object Repository/Employee-Onboarding/Employee_Contact_Details/Page_OrangeHRM/input_Street 2_oxd-input oxd-input--active'

27-12-2024T09:31:51 - [TEST_STEP][PASSED] - setText(findTestObject("Object Repository/Employee-Onboarding/Employee_Contact_Details/Page_OrangeHRM/input_City_oxd-input oxd-input--active"), City): Text 'Lake Francis' is set on object 'Object Repository/Employee-Onboarding/Employee_Contact_Details/Page_OrangeHRM/input_City_oxd-input oxd-input--active'

27-12-2024T09:31:52 - [MESSAGE][PASSED] - Text 'Lake Francis' is set on object 'Object Repository/Employee-Onboarding/Employee_Contact_Details/Page_OrangeHRM/input_City_oxd-input oxd-input--active'

27-12-2024T09:31:52 - [TEST_STEP][PASSED] - setText(findTestObject("Object Repository/Employee-Onboarding/Employee_Contact_Details/Page_OrangeHRM/input_StateProvince_oxd-input oxd-input--active"), State): Text 'Iowa' is set on object 'Object Repository/Employee-Onboarding/Employee_Contact_Details/Page_OrangeHRM/input_StateProvince_oxd-input oxd-input--active'

27-12-2024T09:31:52 - [MESSAGE][PASSED] - Text 'Iowa' is set on object 'Object Repository/Employee-Onboarding/Employee_Contact_Details/Page_OrangeHRM/input_StateProvince_oxd-input oxd-input--active'

27-12-2024T09:31:52 - [TEST_STEP][PASSED] - setText(findTestObject("Object Repository/Employee-Onboarding/Employee_Contact_Details/Page_OrangeHRM/input_ZipPostal Code_oxd-input oxd-input--active"), ZipCode): Text '57535' is set on object 'Object Repository/Employee-Onboarding/Employee_Contact_Details/Page_OrangeHRM/input_ZipPostal Code_oxd-input oxd-input--active'

27-12-2024T09:31:53 - [MESSAGE][PASSED] - Text '57535' is set on object 'Object Repository/Employee-Onboarding/Employee_Contact_Details/Page_OrangeHRM/input_ZipPostal Code_oxd-input oxd-input--active'

27-12-2024T09:31:53 - [TEST_STEP][PASSED] - click(findTestObject("Object Repository/Employee-Onboarding/Employee_Contact_Details/Page_OrangeHRM/i_-- Select --_oxd-icon bi-caret-up-fill ox_627fec")): Object: 'Object Repository/Employee-Onboarding/Employee_Contact_Details/Page_OrangeHRM/i_-- Select --_oxd-icon bi-caret-up-fill ox_627fec' is clicked on

27-12-2024T09:31:53 - [MESSAGE][PASSED] - Object: 'Object Repository/Employee-Onboarding/Employee_Contact_Details/Page_OrangeHRM/i_-- Select --_oxd-icon bi-caret-up-fill ox_627fec' is clicked on

27-12-2024T09:31:53 - [TEST_STEP][PASSED] - click(findTestObject("Employee-Onboarding/Employee_Salary_Detail_Objects/Page_OrangeHRM/custom_object_for_dropdown", ["value":Country])): Object: 'Object Repository/Employee-Onboarding/Employee_Salary_Detail_Objects/Page_OrangeHRM/custom_object_for_dropdown' is clicked on

27-12-2024T09:31:53 - [MESSAGE][PASSED] - Object: 'Object Repository/Employee-Onboarding/Employee_Salary_Detail_Objects/Page_OrangeHRM/custom_object_for_dropdown' is clicked on

27-12-2024T09:31:53 - [TEST_STEP][PASSED] - setText(findTestObject("Object Repository/Employee-Onboarding/Employee_Contact_Details/Page_OrangeHRM/input_Home_oxd-input oxd-input--focus"), Tel_Home): Text '601-348-7521' is set on object 'Object Repository/Employee-Onboarding/Employee_Contact_Details/Page_OrangeHRM/input_Home_oxd-input oxd-input--focus'

27-12-2024T09:31:54 - [MESSAGE][PASSED] - Text '601-348-7521' is set on object 'Object Repository/Employee-Onboarding/Employee_Contact_Details/Page_OrangeHRM/input_Home_oxd-input oxd-input--focus'

27-12-2024T09:31:54 - [TEST_STEP][PASSED] - setText(findTestObject("Object Repository/Employee-Onboarding/Employee_Contact_Details/Page_OrangeHRM/input_Mobile_oxd-input oxd-input--focus"), Tell_Mobile): Text '129-876-0983' is set on object 'Object Repository/Employee-Onboarding/Employee_Contact_Details/Page_OrangeHRM/input_Mobile_oxd-input oxd-input--focus'

27-12-2024T09:31:55 - [MESSAGE][PASSED] - Text '129-876-0983' is set on object 'Object Repository/Employee-Onboarding/Employee_Contact_Details/Page_OrangeHRM/input_Mobile_oxd-input oxd-input--focus'

27-12-2024T09:31:55 - [TEST_STEP][PASSED] - setText(findTestObject("Object Repository/Employee-Onboarding/Employee_Contact_Details/Page_OrangeHRM/input_Work_oxd-input oxd-input--focus"), Tel_Work): Text '401-753-2985' is set on object 'Object Repository/Employee-Onboarding/Employee_Contact_Details/Page_OrangeHRM/input_Work_oxd-input oxd-input--focus'

27-12-2024T09:31:55 - [MESSAGE][PASSED] - Text '401-753-2985' is set on object 'Object Repository/Employee-Onboarding/Employee_Contact_Details/Page_OrangeHRM/input_Work_oxd-input oxd-input--focus'

27-12-2024T09:31:55 - [TEST_STEP][PASSED] - setText(findTestObject("Object Repository/Employee-Onboarding/Employee_Contact_Details/Page_OrangeHRM/input_Work Email_oxd-input oxd-input--active"), Email_Work): Text 'mathew.schneider@roth-bowman.info' is set on object 'Object Repository/Employee-Onboarding/Employee_Contact_Details/Page_OrangeHRM/input_Work Email_oxd-input oxd-input--active'

27-12-2024T09:31:56 - [MESSAGE][PASSED] - Text 'mathew.schneider@roth-bowman.info' is set on object 'Object Repository/Employee-Onboarding/Employee_Contact_Details/Page_OrangeHRM/input_Work Email_oxd-input oxd-input--active'

27-12-2024T09:31:56 - [TEST_STEP][PASSED] - setText(findTestObject("Object Repository/Employee-Onboarding/Employee_Contact_Details/Page_OrangeHRM/input_Other Email_oxd-input oxd-input--focu_8ec2d9"), Email_Other): Text 'mathew.schneider@testplace.net' is set on object 'Object Repository/Employee-Onboarding/Employee_Contact_Details/Page_OrangeHRM/input_Other Email_oxd-input oxd-input--focu_8ec2d9'

27-12-2024T09:31:57 - [MESSAGE][PASSED] - Text 'mathew.schneider@testplace.net' is set on object 'Object Repository/Employee-Onboarding/Employee_Contact_Details/Page_OrangeHRM/input_Other Email_oxd-input oxd-input--focu_8ec2d9'

27-12-2024T09:31:57 - [TEST_STEP][PASSED] - click(findTestObject("Object Repository/Employee-Onboarding/Employee_Contact_Details/Page_OrangeHRM/button_Save")): Object: 'Object Repository/Employee-Onboarding/Employee_Contact_Details/Page_OrangeHRM/button_Save' is clicked on

27-12-2024T09:31:58 - [MESSAGE][PASSED] - Object: 'Object Repository/Employee-Onboarding/Employee_Contact_Details/Page_OrangeHRM/button_Save' is clicked on]]></system-out>
         <system-err><![CDATA[]]></system-err>
      </testcase>
      <testcase name="Test Cases/Employee_Onboarding/TC_Employee_Contact_Details" time="20.108" classname="Test Cases/Employee_Onboarding/TC_Employee_Contact_Details" status="PASSED">
         <system-out><![CDATA[27-12-2024T09:31:58 - [TEST_CASE][PASSED] - Test Cases/Employee_Onboarding/TC_Employee_Contact_Details: Test Cases/Employee_Onboarding/TC_Employee_Contact_Details

27-12-2024T09:31:58 - [TEST_STEP][PASSED] - click(findTestObject("Object Repository/Employee-Onboarding/Employee_Contact_Details/Page_OrangeHRM/a_PIM")): Object: 'Object Repository/Employee-Onboarding/Employee_Contact_Details/Page_OrangeHRM/a_PIM' is clicked on

27-12-2024T09:31:59 - [MESSAGE][PASSED] - Object: 'Object Repository/Employee-Onboarding/Employee_Contact_Details/Page_OrangeHRM/a_PIM' is clicked on

27-12-2024T09:31:59 - [TEST_STEP][PASSED] - setText(findTestObject("Object Repository/Employee-Onboarding/Employee_Contact_Details/Page_OrangeHRM/input"), Fullname): Text 'Deborah Church' is set on object 'Object Repository/Employee-Onboarding/Employee_Contact_Details/Page_OrangeHRM/input'

27-12-2024T09:32:02 - [MESSAGE][PASSED] - Text 'Deborah Church' is set on object 'Object Repository/Employee-Onboarding/Employee_Contact_Details/Page_OrangeHRM/input'

27-12-2024T09:32:02 - [TEST_STEP][PASSED] - click(findTestObject("Object Repository/Employee-Onboarding/Employee_Contact_Details/Page_OrangeHRM/button_Search")): Object: 'Object Repository/Employee-Onboarding/Employee_Contact_Details/Page_OrangeHRM/button_Search' is clicked on

27-12-2024T09:32:03 - [MESSAGE][PASSED] - Object: 'Object Repository/Employee-Onboarding/Employee_Contact_Details/Page_OrangeHRM/button_Search' is clicked on

27-12-2024T09:32:03 - [TEST_STEP][PASSED] - click(findTestObject("Object Repository/Employee-Onboarding/Employee_Contact_Details/Page_OrangeHRM/div_Actions_oxd-table-cell oxd-padding-cell")): Object: 'Object Repository/Employee-Onboarding/Employee_Contact_Details/Page_OrangeHRM/div_Actions_oxd-table-cell oxd-padding-cell' is clicked on

27-12-2024T09:32:04 - [MESSAGE][PASSED] - Object: 'Object Repository/Employee-Onboarding/Employee_Contact_Details/Page_OrangeHRM/div_Actions_oxd-table-cell oxd-padding-cell' is clicked on

27-12-2024T09:32:04 - [TEST_STEP][PASSED] - click(findTestObject("Object Repository/Employee-Onboarding/Employee_Contact_Details/Page_OrangeHRM/a_Contact Details")): Object: 'Object Repository/Employee-Onboarding/Employee_Contact_Details/Page_OrangeHRM/a_Contact Details' is clicked on

27-12-2024T09:32:09 - [MESSAGE][PASSED] - Object: 'Object Repository/Employee-Onboarding/Employee_Contact_Details/Page_OrangeHRM/a_Contact Details' is clicked on

27-12-2024T09:32:09 - [TEST_STEP][PASSED] - setText(findTestObject("Object Repository/Employee-Onboarding/Employee_Contact_Details/Page_OrangeHRM/input_Street 1_oxd-input oxd-input--focus"), Street1): Text '2046 Bryan Locks' is set on object 'Object Repository/Employee-Onboarding/Employee_Contact_Details/Page_OrangeHRM/input_Street 1_oxd-input oxd-input--focus'

27-12-2024T09:32:11 - [MESSAGE][PASSED] - Text '2046 Bryan Locks' is set on object 'Object Repository/Employee-Onboarding/Employee_Contact_Details/Page_OrangeHRM/input_Street 1_oxd-input oxd-input--focus'

27-12-2024T09:32:11 - [TEST_STEP][PASSED] - setText(findTestObject("Object Repository/Employee-Onboarding/Employee_Contact_Details/Page_OrangeHRM/input_Street 2_oxd-input oxd-input--active"), Street2): Text 'Suite 787' is set on object 'Object Repository/Employee-Onboarding/Employee_Contact_Details/Page_OrangeHRM/input_Street 2_oxd-input oxd-input--active'

27-12-2024T09:32:11 - [MESSAGE][PASSED] - Text 'Suite 787' is set on object 'Object Repository/Employee-Onboarding/Employee_Contact_Details/Page_OrangeHRM/input_Street 2_oxd-input oxd-input--active'

27-12-2024T09:32:11 - [TEST_STEP][PASSED] - setText(findTestObject("Object Repository/Employee-Onboarding/Employee_Contact_Details/Page_OrangeHRM/input_City_oxd-input oxd-input--active"), City): Text 'Port Scotttown' is set on object 'Object Repository/Employee-Onboarding/Employee_Contact_Details/Page_OrangeHRM/input_City_oxd-input oxd-input--active'

27-12-2024T09:32:12 - [MESSAGE][PASSED] - Text 'Port Scotttown' is set on object 'Object Repository/Employee-Onboarding/Employee_Contact_Details/Page_OrangeHRM/input_City_oxd-input oxd-input--active'

27-12-2024T09:32:12 - [TEST_STEP][PASSED] - setText(findTestObject("Object Repository/Employee-Onboarding/Employee_Contact_Details/Page_OrangeHRM/input_StateProvince_oxd-input oxd-input--active"), State): Text 'Indiana' is set on object 'Object Repository/Employee-Onboarding/Employee_Contact_Details/Page_OrangeHRM/input_StateProvince_oxd-input oxd-input--active'

27-12-2024T09:32:12 - [MESSAGE][PASSED] - Text 'Indiana' is set on object 'Object Repository/Employee-Onboarding/Employee_Contact_Details/Page_OrangeHRM/input_StateProvince_oxd-input oxd-input--active'

27-12-2024T09:32:12 - [TEST_STEP][PASSED] - setText(findTestObject("Object Repository/Employee-Onboarding/Employee_Contact_Details/Page_OrangeHRM/input_ZipPostal Code_oxd-input oxd-input--active"), ZipCode): Text '43280' is set on object 'Object Repository/Employee-Onboarding/Employee_Contact_Details/Page_OrangeHRM/input_ZipPostal Code_oxd-input oxd-input--active'

27-12-2024T09:32:13 - [MESSAGE][PASSED] - Text '43280' is set on object 'Object Repository/Employee-Onboarding/Employee_Contact_Details/Page_OrangeHRM/input_ZipPostal Code_oxd-input oxd-input--active'

27-12-2024T09:32:13 - [TEST_STEP][PASSED] - click(findTestObject("Object Repository/Employee-Onboarding/Employee_Contact_Details/Page_OrangeHRM/i_-- Select --_oxd-icon bi-caret-up-fill ox_627fec")): Object: 'Object Repository/Employee-Onboarding/Employee_Contact_Details/Page_OrangeHRM/i_-- Select --_oxd-icon bi-caret-up-fill ox_627fec' is clicked on

27-12-2024T09:32:13 - [MESSAGE][PASSED] - Object: 'Object Repository/Employee-Onboarding/Employee_Contact_Details/Page_OrangeHRM/i_-- Select --_oxd-icon bi-caret-up-fill ox_627fec' is clicked on

27-12-2024T09:32:13 - [TEST_STEP][PASSED] - click(findTestObject("Employee-Onboarding/Employee_Salary_Detail_Objects/Page_OrangeHRM/custom_object_for_dropdown", ["value":Country])): Object: 'Object Repository/Employee-Onboarding/Employee_Salary_Detail_Objects/Page_OrangeHRM/custom_object_for_dropdown' is clicked on

27-12-2024T09:32:14 - [MESSAGE][PASSED] - Object: 'Object Repository/Employee-Onboarding/Employee_Salary_Detail_Objects/Page_OrangeHRM/custom_object_for_dropdown' is clicked on

27-12-2024T09:32:14 - [TEST_STEP][PASSED] - setText(findTestObject("Object Repository/Employee-Onboarding/Employee_Contact_Details/Page_OrangeHRM/input_Home_oxd-input oxd-input--focus"), Tel_Home): Text '762-781-3546' is set on object 'Object Repository/Employee-Onboarding/Employee_Contact_Details/Page_OrangeHRM/input_Home_oxd-input oxd-input--focus'

27-12-2024T09:32:14 - [MESSAGE][PASSED] - Text '762-781-3546' is set on object 'Object Repository/Employee-Onboarding/Employee_Contact_Details/Page_OrangeHRM/input_Home_oxd-input oxd-input--focus'

27-12-2024T09:32:14 - [TEST_STEP][PASSED] - setText(findTestObject("Object Repository/Employee-Onboarding/Employee_Contact_Details/Page_OrangeHRM/input_Mobile_oxd-input oxd-input--focus"), Tell_Mobile): Text '310-579-8347' is set on object 'Object Repository/Employee-Onboarding/Employee_Contact_Details/Page_OrangeHRM/input_Mobile_oxd-input oxd-input--focus'

27-12-2024T09:32:15 - [MESSAGE][PASSED] - Text '310-579-8347' is set on object 'Object Repository/Employee-Onboarding/Employee_Contact_Details/Page_OrangeHRM/input_Mobile_oxd-input oxd-input--focus'

27-12-2024T09:32:15 - [TEST_STEP][PASSED] - setText(findTestObject("Object Repository/Employee-Onboarding/Employee_Contact_Details/Page_OrangeHRM/input_Work_oxd-input oxd-input--focus"), Tel_Work): Text '850-276-1092' is set on object 'Object Repository/Employee-Onboarding/Employee_Contact_Details/Page_OrangeHRM/input_Work_oxd-input oxd-input--focus'

27-12-2024T09:32:15 - [MESSAGE][PASSED] - Text '850-276-1092' is set on object 'Object Repository/Employee-Onboarding/Employee_Contact_Details/Page_OrangeHRM/input_Work_oxd-input oxd-input--focus'

27-12-2024T09:32:15 - [TEST_STEP][PASSED] - setText(findTestObject("Object Repository/Employee-Onboarding/Employee_Contact_Details/Page_OrangeHRM/input_Work Email_oxd-input oxd-input--active"), Email_Work): Text 'deborah.church@norris.biz' is set on object 'Object Repository/Employee-Onboarding/Employee_Contact_Details/Page_OrangeHRM/input_Work Email_oxd-input oxd-input--active'

27-12-2024T09:32:16 - [MESSAGE][PASSED] - Text 'deborah.church@norris.biz' is set on object 'Object Repository/Employee-Onboarding/Employee_Contact_Details/Page_OrangeHRM/input_Work Email_oxd-input oxd-input--active'

27-12-2024T09:32:16 - [TEST_STEP][PASSED] - setText(findTestObject("Object Repository/Employee-Onboarding/Employee_Contact_Details/Page_OrangeHRM/input_Other Email_oxd-input oxd-input--focu_8ec2d9"), Email_Other): Text 'deborah.church@emulatedmail.com' is set on object 'Object Repository/Employee-Onboarding/Employee_Contact_Details/Page_OrangeHRM/input_Other Email_oxd-input oxd-input--focu_8ec2d9'

27-12-2024T09:32:18 - [MESSAGE][PASSED] - Text 'deborah.church@emulatedmail.com' is set on object 'Object Repository/Employee-Onboarding/Employee_Contact_Details/Page_OrangeHRM/input_Other Email_oxd-input oxd-input--focu_8ec2d9'

27-12-2024T09:32:18 - [TEST_STEP][PASSED] - click(findTestObject("Object Repository/Employee-Onboarding/Employee_Contact_Details/Page_OrangeHRM/button_Save")): Object: 'Object Repository/Employee-Onboarding/Employee_Contact_Details/Page_OrangeHRM/button_Save' is clicked on

27-12-2024T09:32:18 - [MESSAGE][PASSED] - Object: 'Object Repository/Employee-Onboarding/Employee_Contact_Details/Page_OrangeHRM/button_Save' is clicked on]]></system-out>
         <system-err><![CDATA[]]></system-err>
      </testcase>
      <testcase name="Test Cases/Employee_Onboarding/TC_Employee_Contact_Details" time="18.394" classname="Test Cases/Employee_Onboarding/TC_Employee_Contact_Details" status="PASSED">
         <system-out><![CDATA[27-12-2024T09:32:18 - [TEST_CASE][PASSED] - Test Cases/Employee_Onboarding/TC_Employee_Contact_Details: Test Cases/Employee_Onboarding/TC_Employee_Contact_Details

27-12-2024T09:32:18 - [TEST_STEP][PASSED] - click(findTestObject("Object Repository/Employee-Onboarding/Employee_Contact_Details/Page_OrangeHRM/a_PIM")): Object: 'Object Repository/Employee-Onboarding/Employee_Contact_Details/Page_OrangeHRM/a_PIM' is clicked on

27-12-2024T09:32:19 - [MESSAGE][PASSED] - Object: 'Object Repository/Employee-Onboarding/Employee_Contact_Details/Page_OrangeHRM/a_PIM' is clicked on

27-12-2024T09:32:19 - [TEST_STEP][PASSED] - setText(findTestObject("Object Repository/Employee-Onboarding/Employee_Contact_Details/Page_OrangeHRM/input"), Fullname): Text 'Kelly Walsh' is set on object 'Object Repository/Employee-Onboarding/Employee_Contact_Details/Page_OrangeHRM/input'

27-12-2024T09:32:22 - [MESSAGE][PASSED] - Text 'Kelly Walsh' is set on object 'Object Repository/Employee-Onboarding/Employee_Contact_Details/Page_OrangeHRM/input'

27-12-2024T09:32:22 - [TEST_STEP][PASSED] - click(findTestObject("Object Repository/Employee-Onboarding/Employee_Contact_Details/Page_OrangeHRM/button_Search")): Object: 'Object Repository/Employee-Onboarding/Employee_Contact_Details/Page_OrangeHRM/button_Search' is clicked on

27-12-2024T09:32:22 - [MESSAGE][PASSED] - Object: 'Object Repository/Employee-Onboarding/Employee_Contact_Details/Page_OrangeHRM/button_Search' is clicked on

27-12-2024T09:32:22 - [TEST_STEP][PASSED] - click(findTestObject("Object Repository/Employee-Onboarding/Employee_Contact_Details/Page_OrangeHRM/div_Actions_oxd-table-cell oxd-padding-cell")): Object: 'Object Repository/Employee-Onboarding/Employee_Contact_Details/Page_OrangeHRM/div_Actions_oxd-table-cell oxd-padding-cell' is clicked on

27-12-2024T09:32:24 - [MESSAGE][PASSED] - Object: 'Object Repository/Employee-Onboarding/Employee_Contact_Details/Page_OrangeHRM/div_Actions_oxd-table-cell oxd-padding-cell' is clicked on

27-12-2024T09:32:24 - [TEST_STEP][PASSED] - click(findTestObject("Object Repository/Employee-Onboarding/Employee_Contact_Details/Page_OrangeHRM/a_Contact Details")): Object: 'Object Repository/Employee-Onboarding/Employee_Contact_Details/Page_OrangeHRM/a_Contact Details' is clicked on

27-12-2024T09:32:27 - [MESSAGE][PASSED] - Object: 'Object Repository/Employee-Onboarding/Employee_Contact_Details/Page_OrangeHRM/a_Contact Details' is clicked on

27-12-2024T09:32:27 - [TEST_STEP][PASSED] - setText(findTestObject("Object Repository/Employee-Onboarding/Employee_Contact_Details/Page_OrangeHRM/input_Street 1_oxd-input oxd-input--focus"), Street1): Text '419 Morton Squares Suite 665' is set on object 'Object Repository/Employee-Onboarding/Employee_Contact_Details/Page_OrangeHRM/input_Street 1_oxd-input oxd-input--focus'

27-12-2024T09:32:29 - [MESSAGE][PASSED] - Text '419 Morton Squares Suite 665' is set on object 'Object Repository/Employee-Onboarding/Employee_Contact_Details/Page_OrangeHRM/input_Street 1_oxd-input oxd-input--focus'

27-12-2024T09:32:29 - [TEST_STEP][PASSED] - setText(findTestObject("Object Repository/Employee-Onboarding/Employee_Contact_Details/Page_OrangeHRM/input_Street 2_oxd-input oxd-input--active"), Street2): Text 'Apt. 399' is set on object 'Object Repository/Employee-Onboarding/Employee_Contact_Details/Page_OrangeHRM/input_Street 2_oxd-input oxd-input--active'

27-12-2024T09:32:30 - [MESSAGE][PASSED] - Text 'Apt. 399' is set on object 'Object Repository/Employee-Onboarding/Employee_Contact_Details/Page_OrangeHRM/input_Street 2_oxd-input oxd-input--active'

27-12-2024T09:32:30 - [TEST_STEP][PASSED] - setText(findTestObject("Object Repository/Employee-Onboarding/Employee_Contact_Details/Page_OrangeHRM/input_City_oxd-input oxd-input--active"), City): Text 'Port Kyleland' is set on object 'Object Repository/Employee-Onboarding/Employee_Contact_Details/Page_OrangeHRM/input_City_oxd-input oxd-input--active'

27-12-2024T09:32:30 - [MESSAGE][PASSED] - Text 'Port Kyleland' is set on object 'Object Repository/Employee-Onboarding/Employee_Contact_Details/Page_OrangeHRM/input_City_oxd-input oxd-input--active'

27-12-2024T09:32:30 - [TEST_STEP][PASSED] - setText(findTestObject("Object Repository/Employee-Onboarding/Employee_Contact_Details/Page_OrangeHRM/input_StateProvince_oxd-input oxd-input--active"), State): Text 'Connecticut' is set on object 'Object Repository/Employee-Onboarding/Employee_Contact_Details/Page_OrangeHRM/input_StateProvince_oxd-input oxd-input--active'

27-12-2024T09:32:31 - [MESSAGE][PASSED] - Text 'Connecticut' is set on object 'Object Repository/Employee-Onboarding/Employee_Contact_Details/Page_OrangeHRM/input_StateProvince_oxd-input oxd-input--active'

27-12-2024T09:32:31 - [TEST_STEP][PASSED] - setText(findTestObject("Object Repository/Employee-Onboarding/Employee_Contact_Details/Page_OrangeHRM/input_ZipPostal Code_oxd-input oxd-input--active"), ZipCode): Text '37853' is set on object 'Object Repository/Employee-Onboarding/Employee_Contact_Details/Page_OrangeHRM/input_ZipPostal Code_oxd-input oxd-input--active'

27-12-2024T09:32:31 - [MESSAGE][PASSED] - Text '37853' is set on object 'Object Repository/Employee-Onboarding/Employee_Contact_Details/Page_OrangeHRM/input_ZipPostal Code_oxd-input oxd-input--active'

27-12-2024T09:32:31 - [TEST_STEP][PASSED] - click(findTestObject("Object Repository/Employee-Onboarding/Employee_Contact_Details/Page_OrangeHRM/i_-- Select --_oxd-icon bi-caret-up-fill ox_627fec")): Object: 'Object Repository/Employee-Onboarding/Employee_Contact_Details/Page_OrangeHRM/i_-- Select --_oxd-icon bi-caret-up-fill ox_627fec' is clicked on

27-12-2024T09:32:32 - [MESSAGE][PASSED] - Object: 'Object Repository/Employee-Onboarding/Employee_Contact_Details/Page_OrangeHRM/i_-- Select --_oxd-icon bi-caret-up-fill ox_627fec' is clicked on

27-12-2024T09:32:32 - [TEST_STEP][PASSED] - click(findTestObject("Employee-Onboarding/Employee_Salary_Detail_Objects/Page_OrangeHRM/custom_object_for_dropdown", ["value":Country])): Object: 'Object Repository/Employee-Onboarding/Employee_Salary_Detail_Objects/Page_OrangeHRM/custom_object_for_dropdown' is clicked on

27-12-2024T09:32:32 - [MESSAGE][PASSED] - Object: 'Object Repository/Employee-Onboarding/Employee_Salary_Detail_Objects/Page_OrangeHRM/custom_object_for_dropdown' is clicked on

27-12-2024T09:32:32 - [TEST_STEP][PASSED] - setText(findTestObject("Object Repository/Employee-Onboarding/Employee_Contact_Details/Page_OrangeHRM/input_Home_oxd-input oxd-input--focus"), Tel_Home): Text '453-629-1805' is set on object 'Object Repository/Employee-Onboarding/Employee_Contact_Details/Page_OrangeHRM/input_Home_oxd-input oxd-input--focus'

27-12-2024T09:32:33 - [MESSAGE][PASSED] - Text '453-629-1805' is set on object 'Object Repository/Employee-Onboarding/Employee_Contact_Details/Page_OrangeHRM/input_Home_oxd-input oxd-input--focus'

27-12-2024T09:32:33 - [TEST_STEP][PASSED] - setText(findTestObject("Object Repository/Employee-Onboarding/Employee_Contact_Details/Page_OrangeHRM/input_Mobile_oxd-input oxd-input--focus"), Tell_Mobile): Text '210-903-4567' is set on object 'Object Repository/Employee-Onboarding/Employee_Contact_Details/Page_OrangeHRM/input_Mobile_oxd-input oxd-input--focus'

27-12-2024T09:32:33 - [MESSAGE][PASSED] - Text '210-903-4567' is set on object 'Object Repository/Employee-Onboarding/Employee_Contact_Details/Page_OrangeHRM/input_Mobile_oxd-input oxd-input--focus'

27-12-2024T09:32:33 - [TEST_STEP][PASSED] - setText(findTestObject("Object Repository/Employee-Onboarding/Employee_Contact_Details/Page_OrangeHRM/input_Work_oxd-input oxd-input--focus"), Tel_Work): Text '987-654-3456' is set on object 'Object Repository/Employee-Onboarding/Employee_Contact_Details/Page_OrangeHRM/input_Work_oxd-input oxd-input--focus'

27-12-2024T09:32:34 - [MESSAGE][PASSED] - Text '987-654-3456' is set on object 'Object Repository/Employee-Onboarding/Employee_Contact_Details/Page_OrangeHRM/input_Work_oxd-input oxd-input--focus'

27-12-2024T09:32:34 - [TEST_STEP][PASSED] - setText(findTestObject("Object Repository/Employee-Onboarding/Employee_Contact_Details/Page_OrangeHRM/input_Work Email_oxd-input oxd-input--active"), Email_Work): Text 'kelly.walsh@cox.com' is set on object 'Object Repository/Employee-Onboarding/Employee_Contact_Details/Page_OrangeHRM/input_Work Email_oxd-input oxd-input--active'

27-12-2024T09:32:34 - [MESSAGE][PASSED] - Text 'kelly.walsh@cox.com' is set on object 'Object Repository/Employee-Onboarding/Employee_Contact_Details/Page_OrangeHRM/input_Work Email_oxd-input oxd-input--active'

27-12-2024T09:32:34 - [TEST_STEP][PASSED] - setText(findTestObject("Object Repository/Employee-Onboarding/Employee_Contact_Details/Page_OrangeHRM/input_Other Email_oxd-input oxd-input--focu_8ec2d9"), Email_Other): Text 'kelly.walsh@dummymail.org' is set on object 'Object Repository/Employee-Onboarding/Employee_Contact_Details/Page_OrangeHRM/input_Other Email_oxd-input oxd-input--focu_8ec2d9'

27-12-2024T09:32:36 - [MESSAGE][PASSED] - Text 'kelly.walsh@dummymail.org' is set on object 'Object Repository/Employee-Onboarding/Employee_Contact_Details/Page_OrangeHRM/input_Other Email_oxd-input oxd-input--focu_8ec2d9'

27-12-2024T09:32:36 - [TEST_STEP][PASSED] - click(findTestObject("Object Repository/Employee-Onboarding/Employee_Contact_Details/Page_OrangeHRM/button_Save")): Object: 'Object Repository/Employee-Onboarding/Employee_Contact_Details/Page_OrangeHRM/button_Save' is clicked on

27-12-2024T09:32:36 - [MESSAGE][PASSED] - Object: 'Object Repository/Employee-Onboarding/Employee_Contact_Details/Page_OrangeHRM/button_Save' is clicked on]]></system-out>
         <system-err><![CDATA[]]></system-err>
      </testcase>
      <testcase name="Test Cases/Employee_Onboarding/TC_Employee_Contact_Details" time="17.817" classname="Test Cases/Employee_Onboarding/TC_Employee_Contact_Details" status="PASSED">
         <system-out><![CDATA[27-12-2024T09:32:36 - [TEST_CASE][PASSED] - Test Cases/Employee_Onboarding/TC_Employee_Contact_Details: Test Cases/Employee_Onboarding/TC_Employee_Contact_Details

27-12-2024T09:32:36 - [TEST_STEP][PASSED] - click(findTestObject("Object Repository/Employee-Onboarding/Employee_Contact_Details/Page_OrangeHRM/a_PIM")): Object: 'Object Repository/Employee-Onboarding/Employee_Contact_Details/Page_OrangeHRM/a_PIM' is clicked on

27-12-2024T09:32:38 - [MESSAGE][PASSED] - Object: 'Object Repository/Employee-Onboarding/Employee_Contact_Details/Page_OrangeHRM/a_PIM' is clicked on

27-12-2024T09:32:38 - [TEST_STEP][PASSED] - setText(findTestObject("Object Repository/Employee-Onboarding/Employee_Contact_Details/Page_OrangeHRM/input"), Fullname): Text 'Sandra Howard' is set on object 'Object Repository/Employee-Onboarding/Employee_Contact_Details/Page_OrangeHRM/input'

27-12-2024T09:32:40 - [MESSAGE][PASSED] - Text 'Sandra Howard' is set on object 'Object Repository/Employee-Onboarding/Employee_Contact_Details/Page_OrangeHRM/input'

27-12-2024T09:32:40 - [TEST_STEP][PASSED] - click(findTestObject("Object Repository/Employee-Onboarding/Employee_Contact_Details/Page_OrangeHRM/button_Search")): Object: 'Object Repository/Employee-Onboarding/Employee_Contact_Details/Page_OrangeHRM/button_Search' is clicked on

27-12-2024T09:32:40 - [MESSAGE][PASSED] - Object: 'Object Repository/Employee-Onboarding/Employee_Contact_Details/Page_OrangeHRM/button_Search' is clicked on

27-12-2024T09:32:40 - [TEST_STEP][PASSED] - click(findTestObject("Object Repository/Employee-Onboarding/Employee_Contact_Details/Page_OrangeHRM/div_Actions_oxd-table-cell oxd-padding-cell")): Object: 'Object Repository/Employee-Onboarding/Employee_Contact_Details/Page_OrangeHRM/div_Actions_oxd-table-cell oxd-padding-cell' is clicked on

27-12-2024T09:32:42 - [MESSAGE][PASSED] - Object: 'Object Repository/Employee-Onboarding/Employee_Contact_Details/Page_OrangeHRM/div_Actions_oxd-table-cell oxd-padding-cell' is clicked on

27-12-2024T09:32:42 - [TEST_STEP][PASSED] - click(findTestObject("Object Repository/Employee-Onboarding/Employee_Contact_Details/Page_OrangeHRM/a_Contact Details")): Object: 'Object Repository/Employee-Onboarding/Employee_Contact_Details/Page_OrangeHRM/a_Contact Details' is clicked on

27-12-2024T09:32:45 - [MESSAGE][PASSED] - Object: 'Object Repository/Employee-Onboarding/Employee_Contact_Details/Page_OrangeHRM/a_Contact Details' is clicked on

27-12-2024T09:32:45 - [TEST_STEP][PASSED] - setText(findTestObject("Object Repository/Employee-Onboarding/Employee_Contact_Details/Page_OrangeHRM/input_Street 1_oxd-input oxd-input--focus"), Street1): Text '566 Hopkins Forest Apt. 192' is set on object 'Object Repository/Employee-Onboarding/Employee_Contact_Details/Page_OrangeHRM/input_Street 1_oxd-input oxd-input--focus'

27-12-2024T09:32:47 - [MESSAGE][PASSED] - Text '566 Hopkins Forest Apt. 192' is set on object 'Object Repository/Employee-Onboarding/Employee_Contact_Details/Page_OrangeHRM/input_Street 1_oxd-input oxd-input--focus'

27-12-2024T09:32:47 - [TEST_STEP][PASSED] - setText(findTestObject("Object Repository/Employee-Onboarding/Employee_Contact_Details/Page_OrangeHRM/input_Street 2_oxd-input oxd-input--active"), Street2): Text 'Apt. 605' is set on object 'Object Repository/Employee-Onboarding/Employee_Contact_Details/Page_OrangeHRM/input_Street 2_oxd-input oxd-input--active'

27-12-2024T09:32:48 - [MESSAGE][PASSED] - Text 'Apt. 605' is set on object 'Object Repository/Employee-Onboarding/Employee_Contact_Details/Page_OrangeHRM/input_Street 2_oxd-input oxd-input--active'

27-12-2024T09:32:48 - [TEST_STEP][PASSED] - setText(findTestObject("Object Repository/Employee-Onboarding/Employee_Contact_Details/Page_OrangeHRM/input_City_oxd-input oxd-input--active"), City): Text 'Desireeport' is set on object 'Object Repository/Employee-Onboarding/Employee_Contact_Details/Page_OrangeHRM/input_City_oxd-input oxd-input--active'

27-12-2024T09:32:48 - [MESSAGE][PASSED] - Text 'Desireeport' is set on object 'Object Repository/Employee-Onboarding/Employee_Contact_Details/Page_OrangeHRM/input_City_oxd-input oxd-input--active'

27-12-2024T09:32:48 - [TEST_STEP][PASSED] - setText(findTestObject("Object Repository/Employee-Onboarding/Employee_Contact_Details/Page_OrangeHRM/input_StateProvince_oxd-input oxd-input--active"), State): Text 'Maine' is set on object 'Object Repository/Employee-Onboarding/Employee_Contact_Details/Page_OrangeHRM/input_StateProvince_oxd-input oxd-input--active'

27-12-2024T09:32:49 - [MESSAGE][PASSED] - Text 'Maine' is set on object 'Object Repository/Employee-Onboarding/Employee_Contact_Details/Page_OrangeHRM/input_StateProvince_oxd-input oxd-input--active'

27-12-2024T09:32:49 - [TEST_STEP][PASSED] - setText(findTestObject("Object Repository/Employee-Onboarding/Employee_Contact_Details/Page_OrangeHRM/input_ZipPostal Code_oxd-input oxd-input--active"), ZipCode): Text '30736' is set on object 'Object Repository/Employee-Onboarding/Employee_Contact_Details/Page_OrangeHRM/input_ZipPostal Code_oxd-input oxd-input--active'

27-12-2024T09:32:49 - [MESSAGE][PASSED] - Text '30736' is set on object 'Object Repository/Employee-Onboarding/Employee_Contact_Details/Page_OrangeHRM/input_ZipPostal Code_oxd-input oxd-input--active'

27-12-2024T09:32:49 - [TEST_STEP][PASSED] - click(findTestObject("Object Repository/Employee-Onboarding/Employee_Contact_Details/Page_OrangeHRM/i_-- Select --_oxd-icon bi-caret-up-fill ox_627fec")): Object: 'Object Repository/Employee-Onboarding/Employee_Contact_Details/Page_OrangeHRM/i_-- Select --_oxd-icon bi-caret-up-fill ox_627fec' is clicked on

27-12-2024T09:32:50 - [MESSAGE][PASSED] - Object: 'Object Repository/Employee-Onboarding/Employee_Contact_Details/Page_OrangeHRM/i_-- Select --_oxd-icon bi-caret-up-fill ox_627fec' is clicked on

27-12-2024T09:32:50 - [TEST_STEP][PASSED] - click(findTestObject("Employee-Onboarding/Employee_Salary_Detail_Objects/Page_OrangeHRM/custom_object_for_dropdown", ["value":Country])): Object: 'Object Repository/Employee-Onboarding/Employee_Salary_Detail_Objects/Page_OrangeHRM/custom_object_for_dropdown' is clicked on

27-12-2024T09:32:50 - [MESSAGE][PASSED] - Object: 'Object Repository/Employee-Onboarding/Employee_Salary_Detail_Objects/Page_OrangeHRM/custom_object_for_dropdown' is clicked on

27-12-2024T09:32:50 - [TEST_STEP][PASSED] - setText(findTestObject("Object Repository/Employee-Onboarding/Employee_Contact_Details/Page_OrangeHRM/input_Home_oxd-input oxd-input--focus"), Tel_Home): Text '531-243-6574' is set on object 'Object Repository/Employee-Onboarding/Employee_Contact_Details/Page_OrangeHRM/input_Home_oxd-input oxd-input--focus'

27-12-2024T09:32:51 - [MESSAGE][PASSED] - Text '531-243-6574' is set on object 'Object Repository/Employee-Onboarding/Employee_Contact_Details/Page_OrangeHRM/input_Home_oxd-input oxd-input--focus'

27-12-2024T09:32:51 - [TEST_STEP][PASSED] - setText(findTestObject("Object Repository/Employee-Onboarding/Employee_Contact_Details/Page_OrangeHRM/input_Mobile_oxd-input oxd-input--focus"), Tell_Mobile): Text '934-572-4536' is set on object 'Object Repository/Employee-Onboarding/Employee_Contact_Details/Page_OrangeHRM/input_Mobile_oxd-input oxd-input--focus'

27-12-2024T09:32:51 - [MESSAGE][PASSED] - Text '934-572-4536' is set on object 'Object Repository/Employee-Onboarding/Employee_Contact_Details/Page_OrangeHRM/input_Mobile_oxd-input oxd-input--focus'

27-12-2024T09:32:51 - [TEST_STEP][PASSED] - setText(findTestObject("Object Repository/Employee-Onboarding/Employee_Contact_Details/Page_OrangeHRM/input_Work_oxd-input oxd-input--focus"), Tel_Work): Text '452-678-1290' is set on object 'Object Repository/Employee-Onboarding/Employee_Contact_Details/Page_OrangeHRM/input_Work_oxd-input oxd-input--focus'

27-12-2024T09:32:52 - [MESSAGE][PASSED] - Text '452-678-1290' is set on object 'Object Repository/Employee-Onboarding/Employee_Contact_Details/Page_OrangeHRM/input_Work_oxd-input oxd-input--focus'

27-12-2024T09:32:52 - [TEST_STEP][PASSED] - setText(findTestObject("Object Repository/Employee-Onboarding/Employee_Contact_Details/Page_OrangeHRM/input_Work Email_oxd-input oxd-input--active"), Email_Work): Text 'sandra.howard@lopez.com' is set on object 'Object Repository/Employee-Onboarding/Employee_Contact_Details/Page_OrangeHRM/input_Work Email_oxd-input oxd-input--active'

27-12-2024T09:32:52 - [MESSAGE][PASSED] - Text 'sandra.howard@lopez.com' is set on object 'Object Repository/Employee-Onboarding/Employee_Contact_Details/Page_OrangeHRM/input_Work Email_oxd-input oxd-input--active'

27-12-2024T09:32:52 - [TEST_STEP][PASSED] - setText(findTestObject("Object Repository/Employee-Onboarding/Employee_Contact_Details/Page_OrangeHRM/input_Other Email_oxd-input oxd-input--focu_8ec2d9"), Email_Other): Text 'sandra.howard@mockzone.com' is set on object 'Object Repository/Employee-Onboarding/Employee_Contact_Details/Page_OrangeHRM/input_Other Email_oxd-input oxd-input--focu_8ec2d9'

27-12-2024T09:32:54 - [MESSAGE][PASSED] - Text 'sandra.howard@mockzone.com' is set on object 'Object Repository/Employee-Onboarding/Employee_Contact_Details/Page_OrangeHRM/input_Other Email_oxd-input oxd-input--focu_8ec2d9'

27-12-2024T09:32:54 - [TEST_STEP][PASSED] - click(findTestObject("Object Repository/Employee-Onboarding/Employee_Contact_Details/Page_OrangeHRM/button_Save")): Object: 'Object Repository/Employee-Onboarding/Employee_Contact_Details/Page_OrangeHRM/button_Save' is clicked on

27-12-2024T09:32:54 - [MESSAGE][PASSED] - Object: 'Object Repository/Employee-Onboarding/Employee_Contact_Details/Page_OrangeHRM/button_Save' is clicked on]]></system-out>
         <system-err><![CDATA[]]></system-err>
      </testcase>
      <testcase name="Test Cases/Employee_Onboarding/TC_Employee_Contact_Details" time="19.0" classname="Test Cases/Employee_Onboarding/TC_Employee_Contact_Details" status="PASSED">
         <system-out><![CDATA[27-12-2024T09:32:54 - [TEST_CASE][PASSED] - Test Cases/Employee_Onboarding/TC_Employee_Contact_Details: Test Cases/Employee_Onboarding/TC_Employee_Contact_Details

27-12-2024T09:32:54 - [TEST_STEP][PASSED] - click(findTestObject("Object Repository/Employee-Onboarding/Employee_Contact_Details/Page_OrangeHRM/a_PIM")): Object: 'Object Repository/Employee-Onboarding/Employee_Contact_Details/Page_OrangeHRM/a_PIM' is clicked on

27-12-2024T09:32:56 - [MESSAGE][PASSED] - Object: 'Object Repository/Employee-Onboarding/Employee_Contact_Details/Page_OrangeHRM/a_PIM' is clicked on

27-12-2024T09:32:56 - [TEST_STEP][PASSED] - setText(findTestObject("Object Repository/Employee-Onboarding/Employee_Contact_Details/Page_OrangeHRM/input"), Fullname): Text 'Nancy Brennan' is set on object 'Object Repository/Employee-Onboarding/Employee_Contact_Details/Page_OrangeHRM/input'

27-12-2024T09:32:58 - [MESSAGE][PASSED] - Text 'Nancy Brennan' is set on object 'Object Repository/Employee-Onboarding/Employee_Contact_Details/Page_OrangeHRM/input'

27-12-2024T09:32:58 - [TEST_STEP][PASSED] - click(findTestObject("Object Repository/Employee-Onboarding/Employee_Contact_Details/Page_OrangeHRM/button_Search")): Object: 'Object Repository/Employee-Onboarding/Employee_Contact_Details/Page_OrangeHRM/button_Search' is clicked on

27-12-2024T09:32:59 - [MESSAGE][PASSED] - Object: 'Object Repository/Employee-Onboarding/Employee_Contact_Details/Page_OrangeHRM/button_Search' is clicked on

27-12-2024T09:32:59 - [TEST_STEP][PASSED] - click(findTestObject("Object Repository/Employee-Onboarding/Employee_Contact_Details/Page_OrangeHRM/div_Actions_oxd-table-cell oxd-padding-cell")): Object: 'Object Repository/Employee-Onboarding/Employee_Contact_Details/Page_OrangeHRM/div_Actions_oxd-table-cell oxd-padding-cell' is clicked on

27-12-2024T09:33:01 - [MESSAGE][PASSED] - Object: 'Object Repository/Employee-Onboarding/Employee_Contact_Details/Page_OrangeHRM/div_Actions_oxd-table-cell oxd-padding-cell' is clicked on

27-12-2024T09:33:01 - [TEST_STEP][PASSED] - click(findTestObject("Object Repository/Employee-Onboarding/Employee_Contact_Details/Page_OrangeHRM/a_Contact Details")): Object: 'Object Repository/Employee-Onboarding/Employee_Contact_Details/Page_OrangeHRM/a_Contact Details' is clicked on

27-12-2024T09:33:04 - [MESSAGE][PASSED] - Object: 'Object Repository/Employee-Onboarding/Employee_Contact_Details/Page_OrangeHRM/a_Contact Details' is clicked on

27-12-2024T09:33:04 - [TEST_STEP][PASSED] - setText(findTestObject("Object Repository/Employee-Onboarding/Employee_Contact_Details/Page_OrangeHRM/input_Street 1_oxd-input oxd-input--focus"), Street1): Text '1304 Palmer Motorway Apt. 176' is set on object 'Object Repository/Employee-Onboarding/Employee_Contact_Details/Page_OrangeHRM/input_Street 1_oxd-input oxd-input--focus'

27-12-2024T09:33:06 - [MESSAGE][PASSED] - Text '1304 Palmer Motorway Apt. 176' is set on object 'Object Repository/Employee-Onboarding/Employee_Contact_Details/Page_OrangeHRM/input_Street 1_oxd-input oxd-input--focus'

27-12-2024T09:33:06 - [TEST_STEP][PASSED] - setText(findTestObject("Object Repository/Employee-Onboarding/Employee_Contact_Details/Page_OrangeHRM/input_Street 2_oxd-input oxd-input--active"), Street2): Text 'Apt. 036' is set on object 'Object Repository/Employee-Onboarding/Employee_Contact_Details/Page_OrangeHRM/input_Street 2_oxd-input oxd-input--active'

27-12-2024T09:33:07 - [MESSAGE][PASSED] - Text 'Apt. 036' is set on object 'Object Repository/Employee-Onboarding/Employee_Contact_Details/Page_OrangeHRM/input_Street 2_oxd-input oxd-input--active'

27-12-2024T09:33:07 - [TEST_STEP][PASSED] - setText(findTestObject("Object Repository/Employee-Onboarding/Employee_Contact_Details/Page_OrangeHRM/input_City_oxd-input oxd-input--active"), City): Text 'Larafort' is set on object 'Object Repository/Employee-Onboarding/Employee_Contact_Details/Page_OrangeHRM/input_City_oxd-input oxd-input--active'

27-12-2024T09:33:07 - [MESSAGE][PASSED] - Text 'Larafort' is set on object 'Object Repository/Employee-Onboarding/Employee_Contact_Details/Page_OrangeHRM/input_City_oxd-input oxd-input--active'

27-12-2024T09:33:07 - [TEST_STEP][PASSED] - setText(findTestObject("Object Repository/Employee-Onboarding/Employee_Contact_Details/Page_OrangeHRM/input_StateProvince_oxd-input oxd-input--active"), State): Text 'Washington' is set on object 'Object Repository/Employee-Onboarding/Employee_Contact_Details/Page_OrangeHRM/input_StateProvince_oxd-input oxd-input--active'

27-12-2024T09:33:08 - [MESSAGE][PASSED] - Text 'Washington' is set on object 'Object Repository/Employee-Onboarding/Employee_Contact_Details/Page_OrangeHRM/input_StateProvince_oxd-input oxd-input--active'

27-12-2024T09:33:08 - [TEST_STEP][PASSED] - setText(findTestObject("Object Repository/Employee-Onboarding/Employee_Contact_Details/Page_OrangeHRM/input_ZipPostal Code_oxd-input oxd-input--active"), ZipCode): Text '69787' is set on object 'Object Repository/Employee-Onboarding/Employee_Contact_Details/Page_OrangeHRM/input_ZipPostal Code_oxd-input oxd-input--active'

27-12-2024T09:33:08 - [MESSAGE][PASSED] - Text '69787' is set on object 'Object Repository/Employee-Onboarding/Employee_Contact_Details/Page_OrangeHRM/input_ZipPostal Code_oxd-input oxd-input--active'

27-12-2024T09:33:08 - [TEST_STEP][PASSED] - click(findTestObject("Object Repository/Employee-Onboarding/Employee_Contact_Details/Page_OrangeHRM/i_-- Select --_oxd-icon bi-caret-up-fill ox_627fec")): Object: 'Object Repository/Employee-Onboarding/Employee_Contact_Details/Page_OrangeHRM/i_-- Select --_oxd-icon bi-caret-up-fill ox_627fec' is clicked on

27-12-2024T09:33:08 - [MESSAGE][PASSED] - Object: 'Object Repository/Employee-Onboarding/Employee_Contact_Details/Page_OrangeHRM/i_-- Select --_oxd-icon bi-caret-up-fill ox_627fec' is clicked on

27-12-2024T09:33:08 - [TEST_STEP][PASSED] - click(findTestObject("Employee-Onboarding/Employee_Salary_Detail_Objects/Page_OrangeHRM/custom_object_for_dropdown", ["value":Country])): Object: 'Object Repository/Employee-Onboarding/Employee_Salary_Detail_Objects/Page_OrangeHRM/custom_object_for_dropdown' is clicked on

27-12-2024T09:33:09 - [MESSAGE][PASSED] - Object: 'Object Repository/Employee-Onboarding/Employee_Salary_Detail_Objects/Page_OrangeHRM/custom_object_for_dropdown' is clicked on

27-12-2024T09:33:09 - [TEST_STEP][PASSED] - setText(findTestObject("Object Repository/Employee-Onboarding/Employee_Contact_Details/Page_OrangeHRM/input_Home_oxd-input oxd-input--focus"), Tel_Home): Text '432-975-2836' is set on object 'Object Repository/Employee-Onboarding/Employee_Contact_Details/Page_OrangeHRM/input_Home_oxd-input oxd-input--focus'

27-12-2024T09:33:10 - [MESSAGE][PASSED] - Text '432-975-2836' is set on object 'Object Repository/Employee-Onboarding/Employee_Contact_Details/Page_OrangeHRM/input_Home_oxd-input oxd-input--focus'

27-12-2024T09:33:10 - [TEST_STEP][PASSED] - setText(findTestObject("Object Repository/Employee-Onboarding/Employee_Contact_Details/Page_OrangeHRM/input_Mobile_oxd-input oxd-input--focus"), Tell_Mobile): Text '820-198-4562' is set on object 'Object Repository/Employee-Onboarding/Employee_Contact_Details/Page_OrangeHRM/input_Mobile_oxd-input oxd-input--focus'

27-12-2024T09:33:10 - [MESSAGE][PASSED] - Text '820-198-4562' is set on object 'Object Repository/Employee-Onboarding/Employee_Contact_Details/Page_OrangeHRM/input_Mobile_oxd-input oxd-input--focus'

27-12-2024T09:33:10 - [TEST_STEP][PASSED] - setText(findTestObject("Object Repository/Employee-Onboarding/Employee_Contact_Details/Page_OrangeHRM/input_Work_oxd-input oxd-input--focus"), Tel_Work): Text '298-678-5123' is set on object 'Object Repository/Employee-Onboarding/Employee_Contact_Details/Page_OrangeHRM/input_Work_oxd-input oxd-input--focus'

27-12-2024T09:33:11 - [MESSAGE][PASSED] - Text '298-678-5123' is set on object 'Object Repository/Employee-Onboarding/Employee_Contact_Details/Page_OrangeHRM/input_Work_oxd-input oxd-input--focus'

27-12-2024T09:33:11 - [TEST_STEP][PASSED] - setText(findTestObject("Object Repository/Employee-Onboarding/Employee_Contact_Details/Page_OrangeHRM/input_Work Email_oxd-input oxd-input--active"), Email_Work): Text 'nancy.brennan@howard.com' is set on object 'Object Repository/Employee-Onboarding/Employee_Contact_Details/Page_OrangeHRM/input_Work Email_oxd-input oxd-input--active'

27-12-2024T09:33:11 - [MESSAGE][PASSED] - Text 'nancy.brennan@howard.com' is set on object 'Object Repository/Employee-Onboarding/Employee_Contact_Details/Page_OrangeHRM/input_Work Email_oxd-input oxd-input--active'

27-12-2024T09:33:11 - [TEST_STEP][PASSED] - setText(findTestObject("Object Repository/Employee-Onboarding/Employee_Contact_Details/Page_OrangeHRM/input_Other Email_oxd-input oxd-input--focu_8ec2d9"), Email_Other): Text 'nancy.brennan@samplemailhub.net' is set on object 'Object Repository/Employee-Onboarding/Employee_Contact_Details/Page_OrangeHRM/input_Other Email_oxd-input oxd-input--focu_8ec2d9'

27-12-2024T09:33:13 - [MESSAGE][PASSED] - Text 'nancy.brennan@samplemailhub.net' is set on object 'Object Repository/Employee-Onboarding/Employee_Contact_Details/Page_OrangeHRM/input_Other Email_oxd-input oxd-input--focu_8ec2d9'

27-12-2024T09:33:13 - [TEST_STEP][PASSED] - click(findTestObject("Object Repository/Employee-Onboarding/Employee_Contact_Details/Page_OrangeHRM/button_Save")): Object: 'Object Repository/Employee-Onboarding/Employee_Contact_Details/Page_OrangeHRM/button_Save' is clicked on

27-12-2024T09:33:13 - [MESSAGE][PASSED] - Object: 'Object Repository/Employee-Onboarding/Employee_Contact_Details/Page_OrangeHRM/button_Save' is clicked on]]></system-out>
         <system-err><![CDATA[]]></system-err>
      </testcase>
      <testcase name="Test Cases/Employee_Onboarding/TC_Employee_Contact_Details" time="18.671" classname="Test Cases/Employee_Onboarding/TC_Employee_Contact_Details" status="PASSED">
         <system-out><![CDATA[27-12-2024T09:33:13 - [TEST_CASE][PASSED] - Test Cases/Employee_Onboarding/TC_Employee_Contact_Details: Test Cases/Employee_Onboarding/TC_Employee_Contact_Details

27-12-2024T09:33:13 - [TEST_STEP][PASSED] - click(findTestObject("Object Repository/Employee-Onboarding/Employee_Contact_Details/Page_OrangeHRM/a_PIM")): Object: 'Object Repository/Employee-Onboarding/Employee_Contact_Details/Page_OrangeHRM/a_PIM' is clicked on

27-12-2024T09:33:15 - [MESSAGE][PASSED] - Object: 'Object Repository/Employee-Onboarding/Employee_Contact_Details/Page_OrangeHRM/a_PIM' is clicked on

27-12-2024T09:33:15 - [TEST_STEP][PASSED] - setText(findTestObject("Object Repository/Employee-Onboarding/Employee_Contact_Details/Page_OrangeHRM/input"), Fullname): Text 'Nathan Warren' is set on object 'Object Repository/Employee-Onboarding/Employee_Contact_Details/Page_OrangeHRM/input'

27-12-2024T09:33:17 - [MESSAGE][PASSED] - Text 'Nathan Warren' is set on object 'Object Repository/Employee-Onboarding/Employee_Contact_Details/Page_OrangeHRM/input'

27-12-2024T09:33:17 - [TEST_STEP][PASSED] - click(findTestObject("Object Repository/Employee-Onboarding/Employee_Contact_Details/Page_OrangeHRM/button_Search")): Object: 'Object Repository/Employee-Onboarding/Employee_Contact_Details/Page_OrangeHRM/button_Search' is clicked on

27-12-2024T09:33:17 - [MESSAGE][PASSED] - Object: 'Object Repository/Employee-Onboarding/Employee_Contact_Details/Page_OrangeHRM/button_Search' is clicked on

27-12-2024T09:33:17 - [TEST_STEP][PASSED] - click(findTestObject("Object Repository/Employee-Onboarding/Employee_Contact_Details/Page_OrangeHRM/div_Actions_oxd-table-cell oxd-padding-cell")): Object: 'Object Repository/Employee-Onboarding/Employee_Contact_Details/Page_OrangeHRM/div_Actions_oxd-table-cell oxd-padding-cell' is clicked on

27-12-2024T09:33:19 - [MESSAGE][PASSED] - Object: 'Object Repository/Employee-Onboarding/Employee_Contact_Details/Page_OrangeHRM/div_Actions_oxd-table-cell oxd-padding-cell' is clicked on

27-12-2024T09:33:19 - [TEST_STEP][PASSED] - click(findTestObject("Object Repository/Employee-Onboarding/Employee_Contact_Details/Page_OrangeHRM/a_Contact Details")): Object: 'Object Repository/Employee-Onboarding/Employee_Contact_Details/Page_OrangeHRM/a_Contact Details' is clicked on

27-12-2024T09:33:23 - [MESSAGE][PASSED] - Object: 'Object Repository/Employee-Onboarding/Employee_Contact_Details/Page_OrangeHRM/a_Contact Details' is clicked on

27-12-2024T09:33:23 - [TEST_STEP][PASSED] - setText(findTestObject("Object Repository/Employee-Onboarding/Employee_Contact_Details/Page_OrangeHRM/input_Street 1_oxd-input oxd-input--focus"), Street1): Text '718 Catherine Loop Apt. 072' is set on object 'Object Repository/Employee-Onboarding/Employee_Contact_Details/Page_OrangeHRM/input_Street 1_oxd-input oxd-input--focus'

27-12-2024T09:33:25 - [MESSAGE][PASSED] - Text '718 Catherine Loop Apt. 072' is set on object 'Object Repository/Employee-Onboarding/Employee_Contact_Details/Page_OrangeHRM/input_Street 1_oxd-input oxd-input--focus'

27-12-2024T09:33:25 - [TEST_STEP][PASSED] - setText(findTestObject("Object Repository/Employee-Onboarding/Employee_Contact_Details/Page_OrangeHRM/input_Street 2_oxd-input oxd-input--active"), Street2): Text 'Apt. 316' is set on object 'Object Repository/Employee-Onboarding/Employee_Contact_Details/Page_OrangeHRM/input_Street 2_oxd-input oxd-input--active'

27-12-2024T09:33:25 - [MESSAGE][PASSED] - Text 'Apt. 316' is set on object 'Object Repository/Employee-Onboarding/Employee_Contact_Details/Page_OrangeHRM/input_Street 2_oxd-input oxd-input--active'

27-12-2024T09:33:25 - [TEST_STEP][PASSED] - setText(findTestObject("Object Repository/Employee-Onboarding/Employee_Contact_Details/Page_OrangeHRM/input_City_oxd-input oxd-input--active"), City): Text 'South Nataliefort' is set on object 'Object Repository/Employee-Onboarding/Employee_Contact_Details/Page_OrangeHRM/input_City_oxd-input oxd-input--active'

27-12-2024T09:33:26 - [MESSAGE][PASSED] - Text 'South Nataliefort' is set on object 'Object Repository/Employee-Onboarding/Employee_Contact_Details/Page_OrangeHRM/input_City_oxd-input oxd-input--active'

27-12-2024T09:33:26 - [TEST_STEP][PASSED] - setText(findTestObject("Object Repository/Employee-Onboarding/Employee_Contact_Details/Page_OrangeHRM/input_StateProvince_oxd-input oxd-input--active"), State): Text 'Alaska' is set on object 'Object Repository/Employee-Onboarding/Employee_Contact_Details/Page_OrangeHRM/input_StateProvince_oxd-input oxd-input--active'

27-12-2024T09:33:26 - [MESSAGE][PASSED] - Text 'Alaska' is set on object 'Object Repository/Employee-Onboarding/Employee_Contact_Details/Page_OrangeHRM/input_StateProvince_oxd-input oxd-input--active'

27-12-2024T09:33:26 - [TEST_STEP][PASSED] - setText(findTestObject("Object Repository/Employee-Onboarding/Employee_Contact_Details/Page_OrangeHRM/input_ZipPostal Code_oxd-input oxd-input--active"), ZipCode): Text '85087' is set on object 'Object Repository/Employee-Onboarding/Employee_Contact_Details/Page_OrangeHRM/input_ZipPostal Code_oxd-input oxd-input--active'

27-12-2024T09:33:27 - [MESSAGE][PASSED] - Text '85087' is set on object 'Object Repository/Employee-Onboarding/Employee_Contact_Details/Page_OrangeHRM/input_ZipPostal Code_oxd-input oxd-input--active'

27-12-2024T09:33:27 - [TEST_STEP][PASSED] - click(findTestObject("Object Repository/Employee-Onboarding/Employee_Contact_Details/Page_OrangeHRM/i_-- Select --_oxd-icon bi-caret-up-fill ox_627fec")): Object: 'Object Repository/Employee-Onboarding/Employee_Contact_Details/Page_OrangeHRM/i_-- Select --_oxd-icon bi-caret-up-fill ox_627fec' is clicked on

27-12-2024T09:33:27 - [MESSAGE][PASSED] - Object: 'Object Repository/Employee-Onboarding/Employee_Contact_Details/Page_OrangeHRM/i_-- Select --_oxd-icon bi-caret-up-fill ox_627fec' is clicked on

27-12-2024T09:33:27 - [TEST_STEP][PASSED] - click(findTestObject("Employee-Onboarding/Employee_Salary_Detail_Objects/Page_OrangeHRM/custom_object_for_dropdown", ["value":Country])): Object: 'Object Repository/Employee-Onboarding/Employee_Salary_Detail_Objects/Page_OrangeHRM/custom_object_for_dropdown' is clicked on

27-12-2024T09:33:28 - [MESSAGE][PASSED] - Object: 'Object Repository/Employee-Onboarding/Employee_Salary_Detail_Objects/Page_OrangeHRM/custom_object_for_dropdown' is clicked on

27-12-2024T09:33:28 - [TEST_STEP][PASSED] - setText(findTestObject("Object Repository/Employee-Onboarding/Employee_Contact_Details/Page_OrangeHRM/input_Home_oxd-input oxd-input--focus"), Tel_Home): Text '601-485-1092' is set on object 'Object Repository/Employee-Onboarding/Employee_Contact_Details/Page_OrangeHRM/input_Home_oxd-input oxd-input--focus'

27-12-2024T09:33:28 - [MESSAGE][PASSED] - Text '601-485-1092' is set on object 'Object Repository/Employee-Onboarding/Employee_Contact_Details/Page_OrangeHRM/input_Home_oxd-input oxd-input--focus'

27-12-2024T09:33:28 - [TEST_STEP][PASSED] - setText(findTestObject("Object Repository/Employee-Onboarding/Employee_Contact_Details/Page_OrangeHRM/input_Mobile_oxd-input oxd-input--focus"), Tell_Mobile): Text '981-745-3820' is set on object 'Object Repository/Employee-Onboarding/Employee_Contact_Details/Page_OrangeHRM/input_Mobile_oxd-input oxd-input--focus'

27-12-2024T09:33:29 - [MESSAGE][PASSED] - Text '981-745-3820' is set on object 'Object Repository/Employee-Onboarding/Employee_Contact_Details/Page_OrangeHRM/input_Mobile_oxd-input oxd-input--focus'

27-12-2024T09:33:29 - [TEST_STEP][PASSED] - setText(findTestObject("Object Repository/Employee-Onboarding/Employee_Contact_Details/Page_OrangeHRM/input_Work_oxd-input oxd-input--focus"), Tel_Work): Text '310-653-2839' is set on object 'Object Repository/Employee-Onboarding/Employee_Contact_Details/Page_OrangeHRM/input_Work_oxd-input oxd-input--focus'

27-12-2024T09:33:29 - [MESSAGE][PASSED] - Text '310-653-2839' is set on object 'Object Repository/Employee-Onboarding/Employee_Contact_Details/Page_OrangeHRM/input_Work_oxd-input oxd-input--focus'

27-12-2024T09:33:29 - [TEST_STEP][PASSED] - setText(findTestObject("Object Repository/Employee-Onboarding/Employee_Contact_Details/Page_OrangeHRM/input_Work Email_oxd-input oxd-input--active"), Email_Work): Text 'nathan.warren@davis-griffin.com' is set on object 'Object Repository/Employee-Onboarding/Employee_Contact_Details/Page_OrangeHRM/input_Work Email_oxd-input oxd-input--active'

27-12-2024T09:33:30 - [MESSAGE][PASSED] - Text 'nathan.warren@davis-griffin.com' is set on object 'Object Repository/Employee-Onboarding/Employee_Contact_Details/Page_OrangeHRM/input_Work Email_oxd-input oxd-input--active'

27-12-2024T09:33:30 - [TEST_STEP][PASSED] - setText(findTestObject("Object Repository/Employee-Onboarding/Employee_Contact_Details/Page_OrangeHRM/input_Other Email_oxd-input oxd-input--focu_8ec2d9"), Email_Other): Text 'nathan.warren@fakemessages.net' is set on object 'Object Repository/Employee-Onboarding/Employee_Contact_Details/Page_OrangeHRM/input_Other Email_oxd-input oxd-input--focu_8ec2d9'

27-12-2024T09:33:32 - [MESSAGE][PASSED] - Text 'nathan.warren@fakemessages.net' is set on object 'Object Repository/Employee-Onboarding/Employee_Contact_Details/Page_OrangeHRM/input_Other Email_oxd-input oxd-input--focu_8ec2d9'

27-12-2024T09:33:32 - [TEST_STEP][PASSED] - click(findTestObject("Object Repository/Employee-Onboarding/Employee_Contact_Details/Page_OrangeHRM/button_Save")): Object: 'Object Repository/Employee-Onboarding/Employee_Contact_Details/Page_OrangeHRM/button_Save' is clicked on

27-12-2024T09:33:32 - [MESSAGE][PASSED] - Object: 'Object Repository/Employee-Onboarding/Employee_Contact_Details/Page_OrangeHRM/button_Save' is clicked on]]></system-out>
         <system-err><![CDATA[]]></system-err>
      </testcase>
      <testcase name="Test Cases/Employee_Onboarding/TC_Employee_Contact_Details" time="17.806" classname="Test Cases/Employee_Onboarding/TC_Employee_Contact_Details" status="PASSED">
         <system-out><![CDATA[27-12-2024T09:33:32 - [TEST_CASE][PASSED] - Test Cases/Employee_Onboarding/TC_Employee_Contact_Details: Test Cases/Employee_Onboarding/TC_Employee_Contact_Details

27-12-2024T09:33:32 - [TEST_STEP][PASSED] - click(findTestObject("Object Repository/Employee-Onboarding/Employee_Contact_Details/Page_OrangeHRM/a_PIM")): Object: 'Object Repository/Employee-Onboarding/Employee_Contact_Details/Page_OrangeHRM/a_PIM' is clicked on

27-12-2024T09:33:33 - [MESSAGE][PASSED] - Object: 'Object Repository/Employee-Onboarding/Employee_Contact_Details/Page_OrangeHRM/a_PIM' is clicked on

27-12-2024T09:33:33 - [TEST_STEP][PASSED] - setText(findTestObject("Object Repository/Employee-Onboarding/Employee_Contact_Details/Page_OrangeHRM/input"), Fullname): Text 'Keith Delgado' is set on object 'Object Repository/Employee-Onboarding/Employee_Contact_Details/Page_OrangeHRM/input'

27-12-2024T09:33:35 - [MESSAGE][PASSED] - Text 'Keith Delgado' is set on object 'Object Repository/Employee-Onboarding/Employee_Contact_Details/Page_OrangeHRM/input'

27-12-2024T09:33:35 - [TEST_STEP][PASSED] - click(findTestObject("Object Repository/Employee-Onboarding/Employee_Contact_Details/Page_OrangeHRM/button_Search")): Object: 'Object Repository/Employee-Onboarding/Employee_Contact_Details/Page_OrangeHRM/button_Search' is clicked on

27-12-2024T09:33:36 - [MESSAGE][PASSED] - Object: 'Object Repository/Employee-Onboarding/Employee_Contact_Details/Page_OrangeHRM/button_Search' is clicked on

27-12-2024T09:33:36 - [TEST_STEP][PASSED] - click(findTestObject("Object Repository/Employee-Onboarding/Employee_Contact_Details/Page_OrangeHRM/div_Actions_oxd-table-cell oxd-padding-cell")): Object: 'Object Repository/Employee-Onboarding/Employee_Contact_Details/Page_OrangeHRM/div_Actions_oxd-table-cell oxd-padding-cell' is clicked on

27-12-2024T09:33:37 - [MESSAGE][PASSED] - Object: 'Object Repository/Employee-Onboarding/Employee_Contact_Details/Page_OrangeHRM/div_Actions_oxd-table-cell oxd-padding-cell' is clicked on

27-12-2024T09:33:37 - [TEST_STEP][PASSED] - click(findTestObject("Object Repository/Employee-Onboarding/Employee_Contact_Details/Page_OrangeHRM/a_Contact Details")): Object: 'Object Repository/Employee-Onboarding/Employee_Contact_Details/Page_OrangeHRM/a_Contact Details' is clicked on

27-12-2024T09:33:41 - [MESSAGE][PASSED] - Object: 'Object Repository/Employee-Onboarding/Employee_Contact_Details/Page_OrangeHRM/a_Contact Details' is clicked on

27-12-2024T09:33:41 - [TEST_STEP][PASSED] - setText(findTestObject("Object Repository/Employee-Onboarding/Employee_Contact_Details/Page_OrangeHRM/input_Street 1_oxd-input oxd-input--focus"), Street1): Text '3310 Daniel Turnpike' is set on object 'Object Repository/Employee-Onboarding/Employee_Contact_Details/Page_OrangeHRM/input_Street 1_oxd-input oxd-input--focus'

27-12-2024T09:33:43 - [MESSAGE][PASSED] - Text '3310 Daniel Turnpike' is set on object 'Object Repository/Employee-Onboarding/Employee_Contact_Details/Page_OrangeHRM/input_Street 1_oxd-input oxd-input--focus'

27-12-2024T09:33:43 - [TEST_STEP][PASSED] - setText(findTestObject("Object Repository/Employee-Onboarding/Employee_Contact_Details/Page_OrangeHRM/input_Street 2_oxd-input oxd-input--active"), Street2): Text 'Suite 207' is set on object 'Object Repository/Employee-Onboarding/Employee_Contact_Details/Page_OrangeHRM/input_Street 2_oxd-input oxd-input--active'

27-12-2024T09:33:43 - [MESSAGE][PASSED] - Text 'Suite 207' is set on object 'Object Repository/Employee-Onboarding/Employee_Contact_Details/Page_OrangeHRM/input_Street 2_oxd-input oxd-input--active'

27-12-2024T09:33:43 - [TEST_STEP][PASSED] - setText(findTestObject("Object Repository/Employee-Onboarding/Employee_Contact_Details/Page_OrangeHRM/input_City_oxd-input oxd-input--active"), City): Text 'Hunterchester' is set on object 'Object Repository/Employee-Onboarding/Employee_Contact_Details/Page_OrangeHRM/input_City_oxd-input oxd-input--active'

27-12-2024T09:33:44 - [MESSAGE][PASSED] - Text 'Hunterchester' is set on object 'Object Repository/Employee-Onboarding/Employee_Contact_Details/Page_OrangeHRM/input_City_oxd-input oxd-input--active'

27-12-2024T09:33:44 - [TEST_STEP][PASSED] - setText(findTestObject("Object Repository/Employee-Onboarding/Employee_Contact_Details/Page_OrangeHRM/input_StateProvince_oxd-input oxd-input--active"), State): Text 'Mississippi' is set on object 'Object Repository/Employee-Onboarding/Employee_Contact_Details/Page_OrangeHRM/input_StateProvince_oxd-input oxd-input--active'

27-12-2024T09:33:44 - [MESSAGE][PASSED] - Text 'Mississippi' is set on object 'Object Repository/Employee-Onboarding/Employee_Contact_Details/Page_OrangeHRM/input_StateProvince_oxd-input oxd-input--active'

27-12-2024T09:33:44 - [TEST_STEP][PASSED] - setText(findTestObject("Object Repository/Employee-Onboarding/Employee_Contact_Details/Page_OrangeHRM/input_ZipPostal Code_oxd-input oxd-input--active"), ZipCode): Text '10099' is set on object 'Object Repository/Employee-Onboarding/Employee_Contact_Details/Page_OrangeHRM/input_ZipPostal Code_oxd-input oxd-input--active'

27-12-2024T09:33:45 - [MESSAGE][PASSED] - Text '10099' is set on object 'Object Repository/Employee-Onboarding/Employee_Contact_Details/Page_OrangeHRM/input_ZipPostal Code_oxd-input oxd-input--active'

27-12-2024T09:33:45 - [TEST_STEP][PASSED] - click(findTestObject("Object Repository/Employee-Onboarding/Employee_Contact_Details/Page_OrangeHRM/i_-- Select --_oxd-icon bi-caret-up-fill ox_627fec")): Object: 'Object Repository/Employee-Onboarding/Employee_Contact_Details/Page_OrangeHRM/i_-- Select --_oxd-icon bi-caret-up-fill ox_627fec' is clicked on

27-12-2024T09:33:45 - [MESSAGE][PASSED] - Object: 'Object Repository/Employee-Onboarding/Employee_Contact_Details/Page_OrangeHRM/i_-- Select --_oxd-icon bi-caret-up-fill ox_627fec' is clicked on

27-12-2024T09:33:45 - [TEST_STEP][PASSED] - click(findTestObject("Employee-Onboarding/Employee_Salary_Detail_Objects/Page_OrangeHRM/custom_object_for_dropdown", ["value":Country])): Object: 'Object Repository/Employee-Onboarding/Employee_Salary_Detail_Objects/Page_OrangeHRM/custom_object_for_dropdown' is clicked on

27-12-2024T09:33:45 - [MESSAGE][PASSED] - Object: 'Object Repository/Employee-Onboarding/Employee_Salary_Detail_Objects/Page_OrangeHRM/custom_object_for_dropdown' is clicked on

27-12-2024T09:33:45 - [TEST_STEP][PASSED] - setText(findTestObject("Object Repository/Employee-Onboarding/Employee_Contact_Details/Page_OrangeHRM/input_Home_oxd-input oxd-input--focus"), Tel_Home): Text '503-789-1263' is set on object 'Object Repository/Employee-Onboarding/Employee_Contact_Details/Page_OrangeHRM/input_Home_oxd-input oxd-input--focus'

27-12-2024T09:33:46 - [MESSAGE][PASSED] - Text '503-789-1263' is set on object 'Object Repository/Employee-Onboarding/Employee_Contact_Details/Page_OrangeHRM/input_Home_oxd-input oxd-input--focus'

27-12-2024T09:33:46 - [TEST_STEP][PASSED] - setText(findTestObject("Object Repository/Employee-Onboarding/Employee_Contact_Details/Page_OrangeHRM/input_Mobile_oxd-input oxd-input--focus"), Tell_Mobile): Text '276-198-5694' is set on object 'Object Repository/Employee-Onboarding/Employee_Contact_Details/Page_OrangeHRM/input_Mobile_oxd-input oxd-input--focus'

27-12-2024T09:33:47 - [MESSAGE][PASSED] - Text '276-198-5694' is set on object 'Object Repository/Employee-Onboarding/Employee_Contact_Details/Page_OrangeHRM/input_Mobile_oxd-input oxd-input--focus'

27-12-2024T09:33:47 - [TEST_STEP][PASSED] - setText(findTestObject("Object Repository/Employee-Onboarding/Employee_Contact_Details/Page_OrangeHRM/input_Work_oxd-input oxd-input--focus"), Tel_Work): Text '304-829-6541' is set on object 'Object Repository/Employee-Onboarding/Employee_Contact_Details/Page_OrangeHRM/input_Work_oxd-input oxd-input--focus'

27-12-2024T09:33:47 - [MESSAGE][PASSED] - Text '304-829-6541' is set on object 'Object Repository/Employee-Onboarding/Employee_Contact_Details/Page_OrangeHRM/input_Work_oxd-input oxd-input--focus'

27-12-2024T09:33:47 - [TEST_STEP][PASSED] - setText(findTestObject("Object Repository/Employee-Onboarding/Employee_Contact_Details/Page_OrangeHRM/input_Work Email_oxd-input oxd-input--active"), Email_Work): Text 'keith.delgado@bowen-pope.com' is set on object 'Object Repository/Employee-Onboarding/Employee_Contact_Details/Page_OrangeHRM/input_Work Email_oxd-input oxd-input--active'

27-12-2024T09:33:48 - [MESSAGE][PASSED] - Text 'keith.delgado@bowen-pope.com' is set on object 'Object Repository/Employee-Onboarding/Employee_Contact_Details/Page_OrangeHRM/input_Work Email_oxd-input oxd-input--active'

27-12-2024T09:33:48 - [TEST_STEP][PASSED] - setText(findTestObject("Object Repository/Employee-Onboarding/Employee_Contact_Details/Page_OrangeHRM/input_Other Email_oxd-input oxd-input--focu_8ec2d9"), Email_Other): Text 'keith.delgado@tryinbox.com' is set on object 'Object Repository/Employee-Onboarding/Employee_Contact_Details/Page_OrangeHRM/input_Other Email_oxd-input oxd-input--focu_8ec2d9'

27-12-2024T09:33:49 - [MESSAGE][PASSED] - Text 'keith.delgado@tryinbox.com' is set on object 'Object Repository/Employee-Onboarding/Employee_Contact_Details/Page_OrangeHRM/input_Other Email_oxd-input oxd-input--focu_8ec2d9'

27-12-2024T09:33:49 - [TEST_STEP][PASSED] - click(findTestObject("Object Repository/Employee-Onboarding/Employee_Contact_Details/Page_OrangeHRM/button_Save")): Object: 'Object Repository/Employee-Onboarding/Employee_Contact_Details/Page_OrangeHRM/button_Save' is clicked on

27-12-2024T09:33:50 - [MESSAGE][PASSED] - Object: 'Object Repository/Employee-Onboarding/Employee_Contact_Details/Page_OrangeHRM/button_Save' is clicked on]]></system-out>
         <system-err><![CDATA[]]></system-err>
      </testcase>
      <testcase name="Test Cases/Employee_Onboarding/TC_Employee_Contact_Details" time="17.774" classname="Test Cases/Employee_Onboarding/TC_Employee_Contact_Details" status="PASSED">
         <system-out><![CDATA[27-12-2024T09:33:50 - [TEST_CASE][PASSED] - Test Cases/Employee_Onboarding/TC_Employee_Contact_Details: Test Cases/Employee_Onboarding/TC_Employee_Contact_Details

27-12-2024T09:33:50 - [TEST_STEP][PASSED] - click(findTestObject("Object Repository/Employee-Onboarding/Employee_Contact_Details/Page_OrangeHRM/a_PIM")): Object: 'Object Repository/Employee-Onboarding/Employee_Contact_Details/Page_OrangeHRM/a_PIM' is clicked on

27-12-2024T09:33:51 - [MESSAGE][PASSED] - Object: 'Object Repository/Employee-Onboarding/Employee_Contact_Details/Page_OrangeHRM/a_PIM' is clicked on

27-12-2024T09:33:51 - [TEST_STEP][PASSED] - setText(findTestObject("Object Repository/Employee-Onboarding/Employee_Contact_Details/Page_OrangeHRM/input"), Fullname): Text 'Victor Mclaughlin' is set on object 'Object Repository/Employee-Onboarding/Employee_Contact_Details/Page_OrangeHRM/input'

27-12-2024T09:33:53 - [MESSAGE][PASSED] - Text 'Victor Mclaughlin' is set on object 'Object Repository/Employee-Onboarding/Employee_Contact_Details/Page_OrangeHRM/input'

27-12-2024T09:33:53 - [TEST_STEP][PASSED] - click(findTestObject("Object Repository/Employee-Onboarding/Employee_Contact_Details/Page_OrangeHRM/button_Search")): Object: 'Object Repository/Employee-Onboarding/Employee_Contact_Details/Page_OrangeHRM/button_Search' is clicked on

27-12-2024T09:33:54 - [MESSAGE][PASSED] - Object: 'Object Repository/Employee-Onboarding/Employee_Contact_Details/Page_OrangeHRM/button_Search' is clicked on

27-12-2024T09:33:54 - [TEST_STEP][PASSED] - click(findTestObject("Object Repository/Employee-Onboarding/Employee_Contact_Details/Page_OrangeHRM/div_Actions_oxd-table-cell oxd-padding-cell")): Object: 'Object Repository/Employee-Onboarding/Employee_Contact_Details/Page_OrangeHRM/div_Actions_oxd-table-cell oxd-padding-cell' is clicked on

27-12-2024T09:33:55 - [MESSAGE][PASSED] - Object: 'Object Repository/Employee-Onboarding/Employee_Contact_Details/Page_OrangeHRM/div_Actions_oxd-table-cell oxd-padding-cell' is clicked on

27-12-2024T09:33:55 - [TEST_STEP][PASSED] - click(findTestObject("Object Repository/Employee-Onboarding/Employee_Contact_Details/Page_OrangeHRM/a_Contact Details")): Object: 'Object Repository/Employee-Onboarding/Employee_Contact_Details/Page_OrangeHRM/a_Contact Details' is clicked on

27-12-2024T09:33:58 - [MESSAGE][PASSED] - Object: 'Object Repository/Employee-Onboarding/Employee_Contact_Details/Page_OrangeHRM/a_Contact Details' is clicked on

27-12-2024T09:33:58 - [TEST_STEP][PASSED] - setText(findTestObject("Object Repository/Employee-Onboarding/Employee_Contact_Details/Page_OrangeHRM/input_Street 1_oxd-input oxd-input--focus"), Street1): Text '2112 Anna Junction' is set on object 'Object Repository/Employee-Onboarding/Employee_Contact_Details/Page_OrangeHRM/input_Street 1_oxd-input oxd-input--focus'

27-12-2024T09:34:00 - [MESSAGE][PASSED] - Text '2112 Anna Junction' is set on object 'Object Repository/Employee-Onboarding/Employee_Contact_Details/Page_OrangeHRM/input_Street 1_oxd-input oxd-input--focus'

27-12-2024T09:34:00 - [TEST_STEP][PASSED] - setText(findTestObject("Object Repository/Employee-Onboarding/Employee_Contact_Details/Page_OrangeHRM/input_Street 2_oxd-input oxd-input--active"), Street2): Text 'Apt. 321' is set on object 'Object Repository/Employee-Onboarding/Employee_Contact_Details/Page_OrangeHRM/input_Street 2_oxd-input oxd-input--active'

27-12-2024T09:34:01 - [MESSAGE][PASSED] - Text 'Apt. 321' is set on object 'Object Repository/Employee-Onboarding/Employee_Contact_Details/Page_OrangeHRM/input_Street 2_oxd-input oxd-input--active'

27-12-2024T09:34:01 - [TEST_STEP][PASSED] - setText(findTestObject("Object Repository/Employee-Onboarding/Employee_Contact_Details/Page_OrangeHRM/input_City_oxd-input oxd-input--active"), City): Text 'Haneyland' is set on object 'Object Repository/Employee-Onboarding/Employee_Contact_Details/Page_OrangeHRM/input_City_oxd-input oxd-input--active'

27-12-2024T09:34:01 - [MESSAGE][PASSED] - Text 'Haneyland' is set on object 'Object Repository/Employee-Onboarding/Employee_Contact_Details/Page_OrangeHRM/input_City_oxd-input oxd-input--active'

27-12-2024T09:34:01 - [TEST_STEP][PASSED] - setText(findTestObject("Object Repository/Employee-Onboarding/Employee_Contact_Details/Page_OrangeHRM/input_StateProvince_oxd-input oxd-input--active"), State): Text 'Idaho' is set on object 'Object Repository/Employee-Onboarding/Employee_Contact_Details/Page_OrangeHRM/input_StateProvince_oxd-input oxd-input--active'

27-12-2024T09:34:02 - [MESSAGE][PASSED] - Text 'Idaho' is set on object 'Object Repository/Employee-Onboarding/Employee_Contact_Details/Page_OrangeHRM/input_StateProvince_oxd-input oxd-input--active'

27-12-2024T09:34:02 - [TEST_STEP][PASSED] - setText(findTestObject("Object Repository/Employee-Onboarding/Employee_Contact_Details/Page_OrangeHRM/input_ZipPostal Code_oxd-input oxd-input--active"), ZipCode): Text '39864' is set on object 'Object Repository/Employee-Onboarding/Employee_Contact_Details/Page_OrangeHRM/input_ZipPostal Code_oxd-input oxd-input--active'

27-12-2024T09:34:02 - [MESSAGE][PASSED] - Text '39864' is set on object 'Object Repository/Employee-Onboarding/Employee_Contact_Details/Page_OrangeHRM/input_ZipPostal Code_oxd-input oxd-input--active'

27-12-2024T09:34:02 - [TEST_STEP][PASSED] - click(findTestObject("Object Repository/Employee-Onboarding/Employee_Contact_Details/Page_OrangeHRM/i_-- Select --_oxd-icon bi-caret-up-fill ox_627fec")): Object: 'Object Repository/Employee-Onboarding/Employee_Contact_Details/Page_OrangeHRM/i_-- Select --_oxd-icon bi-caret-up-fill ox_627fec' is clicked on

27-12-2024T09:34:03 - [MESSAGE][PASSED] - Object: 'Object Repository/Employee-Onboarding/Employee_Contact_Details/Page_OrangeHRM/i_-- Select --_oxd-icon bi-caret-up-fill ox_627fec' is clicked on

27-12-2024T09:34:03 - [TEST_STEP][PASSED] - click(findTestObject("Employee-Onboarding/Employee_Salary_Detail_Objects/Page_OrangeHRM/custom_object_for_dropdown", ["value":Country])): Object: 'Object Repository/Employee-Onboarding/Employee_Salary_Detail_Objects/Page_OrangeHRM/custom_object_for_dropdown' is clicked on

27-12-2024T09:34:03 - [MESSAGE][PASSED] - Object: 'Object Repository/Employee-Onboarding/Employee_Salary_Detail_Objects/Page_OrangeHRM/custom_object_for_dropdown' is clicked on

27-12-2024T09:34:03 - [TEST_STEP][PASSED] - setText(findTestObject("Object Repository/Employee-Onboarding/Employee_Contact_Details/Page_OrangeHRM/input_Home_oxd-input oxd-input--focus"), Tel_Home): Text '410-964-8725' is set on object 'Object Repository/Employee-Onboarding/Employee_Contact_Details/Page_OrangeHRM/input_Home_oxd-input oxd-input--focus'

27-12-2024T09:34:04 - [MESSAGE][PASSED] - Text '410-964-8725' is set on object 'Object Repository/Employee-Onboarding/Employee_Contact_Details/Page_OrangeHRM/input_Home_oxd-input oxd-input--focus'

27-12-2024T09:34:04 - [TEST_STEP][PASSED] - setText(findTestObject("Object Repository/Employee-Onboarding/Employee_Contact_Details/Page_OrangeHRM/input_Mobile_oxd-input oxd-input--focus"), Tell_Mobile): Text '908-437-9856' is set on object 'Object Repository/Employee-Onboarding/Employee_Contact_Details/Page_OrangeHRM/input_Mobile_oxd-input oxd-input--focus'

27-12-2024T09:34:04 - [MESSAGE][PASSED] - Text '908-437-9856' is set on object 'Object Repository/Employee-Onboarding/Employee_Contact_Details/Page_OrangeHRM/input_Mobile_oxd-input oxd-input--focus'

27-12-2024T09:34:04 - [TEST_STEP][PASSED] - setText(findTestObject("Object Repository/Employee-Onboarding/Employee_Contact_Details/Page_OrangeHRM/input_Work_oxd-input oxd-input--focus"), Tel_Work): Text '437-982-5629' is set on object 'Object Repository/Employee-Onboarding/Employee_Contact_Details/Page_OrangeHRM/input_Work_oxd-input oxd-input--focus'

27-12-2024T09:34:05 - [MESSAGE][PASSED] - Text '437-982-5629' is set on object 'Object Repository/Employee-Onboarding/Employee_Contact_Details/Page_OrangeHRM/input_Work_oxd-input oxd-input--focus'

27-12-2024T09:34:05 - [TEST_STEP][PASSED] - setText(findTestObject("Object Repository/Employee-Onboarding/Employee_Contact_Details/Page_OrangeHRM/input_Work Email_oxd-input oxd-input--active"), Email_Work): Text 'victor.mclaughlin@perry.com' is set on object 'Object Repository/Employee-Onboarding/Employee_Contact_Details/Page_OrangeHRM/input_Work Email_oxd-input oxd-input--active'

27-12-2024T09:34:05 - [MESSAGE][PASSED] - Text 'victor.mclaughlin@perry.com' is set on object 'Object Repository/Employee-Onboarding/Employee_Contact_Details/Page_OrangeHRM/input_Work Email_oxd-input oxd-input--active'

27-12-2024T09:34:05 - [TEST_STEP][PASSED] - setText(findTestObject("Object Repository/Employee-Onboarding/Employee_Contact_Details/Page_OrangeHRM/input_Other Email_oxd-input oxd-input--focu_8ec2d9"), Email_Other): Text 'victor.mclaughlin@simulmail.org' is set on object 'Object Repository/Employee-Onboarding/Employee_Contact_Details/Page_OrangeHRM/input_Other Email_oxd-input oxd-input--focu_8ec2d9'

27-12-2024T09:34:07 - [MESSAGE][PASSED] - Text 'victor.mclaughlin@simulmail.org' is set on object 'Object Repository/Employee-Onboarding/Employee_Contact_Details/Page_OrangeHRM/input_Other Email_oxd-input oxd-input--focu_8ec2d9'

27-12-2024T09:34:07 - [TEST_STEP][PASSED] - click(findTestObject("Object Repository/Employee-Onboarding/Employee_Contact_Details/Page_OrangeHRM/button_Save")): Object: 'Object Repository/Employee-Onboarding/Employee_Contact_Details/Page_OrangeHRM/button_Save' is clicked on

27-12-2024T09:34:08 - [MESSAGE][PASSED] - Object: 'Object Repository/Employee-Onboarding/Employee_Contact_Details/Page_OrangeHRM/button_Save' is clicked on]]></system-out>
         <system-err><![CDATA[]]></system-err>
      </testcase>
      <testcase name="Test Cases/Employee_Onboarding/TC_Employee_Contact_Details" time="18.878" classname="Test Cases/Employee_Onboarding/TC_Employee_Contact_Details" status="PASSED">
         <system-out><![CDATA[27-12-2024T09:34:08 - [TEST_CASE][PASSED] - Test Cases/Employee_Onboarding/TC_Employee_Contact_Details: Test Cases/Employee_Onboarding/TC_Employee_Contact_Details

27-12-2024T09:34:08 - [TEST_STEP][PASSED] - click(findTestObject("Object Repository/Employee-Onboarding/Employee_Contact_Details/Page_OrangeHRM/a_PIM")): Object: 'Object Repository/Employee-Onboarding/Employee_Contact_Details/Page_OrangeHRM/a_PIM' is clicked on

27-12-2024T09:34:09 - [MESSAGE][PASSED] - Object: 'Object Repository/Employee-Onboarding/Employee_Contact_Details/Page_OrangeHRM/a_PIM' is clicked on

27-12-2024T09:34:09 - [TEST_STEP][PASSED] - setText(findTestObject("Object Repository/Employee-Onboarding/Employee_Contact_Details/Page_OrangeHRM/input"), Fullname): Text 'Grace Sims' is set on object 'Object Repository/Employee-Onboarding/Employee_Contact_Details/Page_OrangeHRM/input'

27-12-2024T09:34:11 - [MESSAGE][PASSED] - Text 'Grace Sims' is set on object 'Object Repository/Employee-Onboarding/Employee_Contact_Details/Page_OrangeHRM/input'

27-12-2024T09:34:11 - [TEST_STEP][PASSED] - click(findTestObject("Object Repository/Employee-Onboarding/Employee_Contact_Details/Page_OrangeHRM/button_Search")): Object: 'Object Repository/Employee-Onboarding/Employee_Contact_Details/Page_OrangeHRM/button_Search' is clicked on

27-12-2024T09:34:12 - [MESSAGE][PASSED] - Object: 'Object Repository/Employee-Onboarding/Employee_Contact_Details/Page_OrangeHRM/button_Search' is clicked on

27-12-2024T09:34:12 - [TEST_STEP][PASSED] - click(findTestObject("Object Repository/Employee-Onboarding/Employee_Contact_Details/Page_OrangeHRM/div_Actions_oxd-table-cell oxd-padding-cell")): Object: 'Object Repository/Employee-Onboarding/Employee_Contact_Details/Page_OrangeHRM/div_Actions_oxd-table-cell oxd-padding-cell' is clicked on

27-12-2024T09:34:14 - [MESSAGE][PASSED] - Object: 'Object Repository/Employee-Onboarding/Employee_Contact_Details/Page_OrangeHRM/div_Actions_oxd-table-cell oxd-padding-cell' is clicked on

27-12-2024T09:34:14 - [TEST_STEP][PASSED] - click(findTestObject("Object Repository/Employee-Onboarding/Employee_Contact_Details/Page_OrangeHRM/a_Contact Details")): Object: 'Object Repository/Employee-Onboarding/Employee_Contact_Details/Page_OrangeHRM/a_Contact Details' is clicked on

27-12-2024T09:34:17 - [MESSAGE][PASSED] - Object: 'Object Repository/Employee-Onboarding/Employee_Contact_Details/Page_OrangeHRM/a_Contact Details' is clicked on

27-12-2024T09:34:17 - [TEST_STEP][PASSED] - setText(findTestObject("Object Repository/Employee-Onboarding/Employee_Contact_Details/Page_OrangeHRM/input_Street 1_oxd-input oxd-input--focus"), Street1): Text '71142 Gerald Trail' is set on object 'Object Repository/Employee-Onboarding/Employee_Contact_Details/Page_OrangeHRM/input_Street 1_oxd-input oxd-input--focus'

27-12-2024T09:34:20 - [MESSAGE][PASSED] - Text '71142 Gerald Trail' is set on object 'Object Repository/Employee-Onboarding/Employee_Contact_Details/Page_OrangeHRM/input_Street 1_oxd-input oxd-input--focus'

27-12-2024T09:34:20 - [TEST_STEP][PASSED] - setText(findTestObject("Object Repository/Employee-Onboarding/Employee_Contact_Details/Page_OrangeHRM/input_Street 2_oxd-input oxd-input--active"), Street2): Text 'Suite 053' is set on object 'Object Repository/Employee-Onboarding/Employee_Contact_Details/Page_OrangeHRM/input_Street 2_oxd-input oxd-input--active'

27-12-2024T09:34:20 - [MESSAGE][PASSED] - Text 'Suite 053' is set on object 'Object Repository/Employee-Onboarding/Employee_Contact_Details/Page_OrangeHRM/input_Street 2_oxd-input oxd-input--active'

27-12-2024T09:34:20 - [TEST_STEP][PASSED] - setText(findTestObject("Object Repository/Employee-Onboarding/Employee_Contact_Details/Page_OrangeHRM/input_City_oxd-input oxd-input--active"), City): Text 'Christinehaven' is set on object 'Object Repository/Employee-Onboarding/Employee_Contact_Details/Page_OrangeHRM/input_City_oxd-input oxd-input--active'

27-12-2024T09:34:21 - [MESSAGE][PASSED] - Text 'Christinehaven' is set on object 'Object Repository/Employee-Onboarding/Employee_Contact_Details/Page_OrangeHRM/input_City_oxd-input oxd-input--active'

27-12-2024T09:34:21 - [TEST_STEP][PASSED] - setText(findTestObject("Object Repository/Employee-Onboarding/Employee_Contact_Details/Page_OrangeHRM/input_StateProvince_oxd-input oxd-input--active"), State): Text 'Colorado' is set on object 'Object Repository/Employee-Onboarding/Employee_Contact_Details/Page_OrangeHRM/input_StateProvince_oxd-input oxd-input--active'

27-12-2024T09:34:21 - [MESSAGE][PASSED] - Text 'Colorado' is set on object 'Object Repository/Employee-Onboarding/Employee_Contact_Details/Page_OrangeHRM/input_StateProvince_oxd-input oxd-input--active'

27-12-2024T09:34:21 - [TEST_STEP][PASSED] - setText(findTestObject("Object Repository/Employee-Onboarding/Employee_Contact_Details/Page_OrangeHRM/input_ZipPostal Code_oxd-input oxd-input--active"), ZipCode): Text '38467' is set on object 'Object Repository/Employee-Onboarding/Employee_Contact_Details/Page_OrangeHRM/input_ZipPostal Code_oxd-input oxd-input--active'

27-12-2024T09:34:22 - [MESSAGE][PASSED] - Text '38467' is set on object 'Object Repository/Employee-Onboarding/Employee_Contact_Details/Page_OrangeHRM/input_ZipPostal Code_oxd-input oxd-input--active'

27-12-2024T09:34:22 - [TEST_STEP][PASSED] - click(findTestObject("Object Repository/Employee-Onboarding/Employee_Contact_Details/Page_OrangeHRM/i_-- Select --_oxd-icon bi-caret-up-fill ox_627fec")): Object: 'Object Repository/Employee-Onboarding/Employee_Contact_Details/Page_OrangeHRM/i_-- Select --_oxd-icon bi-caret-up-fill ox_627fec' is clicked on

27-12-2024T09:34:22 - [MESSAGE][PASSED] - Object: 'Object Repository/Employee-Onboarding/Employee_Contact_Details/Page_OrangeHRM/i_-- Select --_oxd-icon bi-caret-up-fill ox_627fec' is clicked on

27-12-2024T09:34:22 - [TEST_STEP][PASSED] - click(findTestObject("Employee-Onboarding/Employee_Salary_Detail_Objects/Page_OrangeHRM/custom_object_for_dropdown", ["value":Country])): Object: 'Object Repository/Employee-Onboarding/Employee_Salary_Detail_Objects/Page_OrangeHRM/custom_object_for_dropdown' is clicked on

27-12-2024T09:34:22 - [MESSAGE][PASSED] - Object: 'Object Repository/Employee-Onboarding/Employee_Salary_Detail_Objects/Page_OrangeHRM/custom_object_for_dropdown' is clicked on

27-12-2024T09:34:22 - [TEST_STEP][PASSED] - setText(findTestObject("Object Repository/Employee-Onboarding/Employee_Contact_Details/Page_OrangeHRM/input_Home_oxd-input oxd-input--focus"), Tel_Home): Text '981-245-7630' is set on object 'Object Repository/Employee-Onboarding/Employee_Contact_Details/Page_OrangeHRM/input_Home_oxd-input oxd-input--focus'

27-12-2024T09:34:23 - [MESSAGE][PASSED] - Text '981-245-7630' is set on object 'Object Repository/Employee-Onboarding/Employee_Contact_Details/Page_OrangeHRM/input_Home_oxd-input oxd-input--focus'

27-12-2024T09:34:23 - [TEST_STEP][PASSED] - setText(findTestObject("Object Repository/Employee-Onboarding/Employee_Contact_Details/Page_OrangeHRM/input_Mobile_oxd-input oxd-input--focus"), Tell_Mobile): Text '210-879-4561' is set on object 'Object Repository/Employee-Onboarding/Employee_Contact_Details/Page_OrangeHRM/input_Mobile_oxd-input oxd-input--focus'

27-12-2024T09:34:23 - [MESSAGE][PASSED] - Text '210-879-4561' is set on object 'Object Repository/Employee-Onboarding/Employee_Contact_Details/Page_OrangeHRM/input_Mobile_oxd-input oxd-input--focus'

27-12-2024T09:34:23 - [TEST_STEP][PASSED] - setText(findTestObject("Object Repository/Employee-Onboarding/Employee_Contact_Details/Page_OrangeHRM/input_Work_oxd-input oxd-input--focus"), Tel_Work): Text '847-392-6542' is set on object 'Object Repository/Employee-Onboarding/Employee_Contact_Details/Page_OrangeHRM/input_Work_oxd-input oxd-input--focus'

27-12-2024T09:34:24 - [MESSAGE][PASSED] - Text '847-392-6542' is set on object 'Object Repository/Employee-Onboarding/Employee_Contact_Details/Page_OrangeHRM/input_Work_oxd-input oxd-input--focus'

27-12-2024T09:34:24 - [TEST_STEP][PASSED] - setText(findTestObject("Object Repository/Employee-Onboarding/Employee_Contact_Details/Page_OrangeHRM/input_Work Email_oxd-input oxd-input--active"), Email_Work): Text 'grace.sims@garcia-fleming.net' is set on object 'Object Repository/Employee-Onboarding/Employee_Contact_Details/Page_OrangeHRM/input_Work Email_oxd-input oxd-input--active'

27-12-2024T09:34:24 - [MESSAGE][PASSED] - Text 'grace.sims@garcia-fleming.net' is set on object 'Object Repository/Employee-Onboarding/Employee_Contact_Details/Page_OrangeHRM/input_Work Email_oxd-input oxd-input--active'

27-12-2024T09:34:24 - [TEST_STEP][PASSED] - setText(findTestObject("Object Repository/Employee-Onboarding/Employee_Contact_Details/Page_OrangeHRM/input_Other Email_oxd-input oxd-input--focu_8ec2d9"), Email_Other): Text 'grace.sims@virtualaccounts.co' is set on object 'Object Repository/Employee-Onboarding/Employee_Contact_Details/Page_OrangeHRM/input_Other Email_oxd-input oxd-input--focu_8ec2d9'

27-12-2024T09:34:26 - [MESSAGE][PASSED] - Text 'grace.sims@virtualaccounts.co' is set on object 'Object Repository/Employee-Onboarding/Employee_Contact_Details/Page_OrangeHRM/input_Other Email_oxd-input oxd-input--focu_8ec2d9'

27-12-2024T09:34:26 - [TEST_STEP][PASSED] - click(findTestObject("Object Repository/Employee-Onboarding/Employee_Contact_Details/Page_OrangeHRM/button_Save")): Object: 'Object Repository/Employee-Onboarding/Employee_Contact_Details/Page_OrangeHRM/button_Save' is clicked on

27-12-2024T09:34:27 - [MESSAGE][PASSED] - Object: 'Object Repository/Employee-Onboarding/Employee_Contact_Details/Page_OrangeHRM/button_Save' is clicked on]]></system-out>
         <system-err><![CDATA[]]></system-err>
      </testcase>
      <testcase name="Test Cases/Employee_Onboarding/TC_Employee_Contact_Details" time="18.587" classname="Test Cases/Employee_Onboarding/TC_Employee_Contact_Details" status="PASSED">
         <system-out><![CDATA[27-12-2024T09:34:27 - [TEST_CASE][PASSED] - Test Cases/Employee_Onboarding/TC_Employee_Contact_Details: Test Cases/Employee_Onboarding/TC_Employee_Contact_Details

27-12-2024T09:34:27 - [TEST_STEP][PASSED] - click(findTestObject("Object Repository/Employee-Onboarding/Employee_Contact_Details/Page_OrangeHRM/a_PIM")): Object: 'Object Repository/Employee-Onboarding/Employee_Contact_Details/Page_OrangeHRM/a_PIM' is clicked on

27-12-2024T09:34:28 - [MESSAGE][PASSED] - Object: 'Object Repository/Employee-Onboarding/Employee_Contact_Details/Page_OrangeHRM/a_PIM' is clicked on

27-12-2024T09:34:28 - [TEST_STEP][PASSED] - setText(findTestObject("Object Repository/Employee-Onboarding/Employee_Contact_Details/Page_OrangeHRM/input"), Fullname): Text 'Rodney Williams' is set on object 'Object Repository/Employee-Onboarding/Employee_Contact_Details/Page_OrangeHRM/input'

27-12-2024T09:34:30 - [MESSAGE][PASSED] - Text 'Rodney Williams' is set on object 'Object Repository/Employee-Onboarding/Employee_Contact_Details/Page_OrangeHRM/input'

27-12-2024T09:34:30 - [TEST_STEP][PASSED] - click(findTestObject("Object Repository/Employee-Onboarding/Employee_Contact_Details/Page_OrangeHRM/button_Search")): Object: 'Object Repository/Employee-Onboarding/Employee_Contact_Details/Page_OrangeHRM/button_Search' is clicked on

27-12-2024T09:34:31 - [MESSAGE][PASSED] - Object: 'Object Repository/Employee-Onboarding/Employee_Contact_Details/Page_OrangeHRM/button_Search' is clicked on

27-12-2024T09:34:31 - [TEST_STEP][PASSED] - click(findTestObject("Object Repository/Employee-Onboarding/Employee_Contact_Details/Page_OrangeHRM/div_Actions_oxd-table-cell oxd-padding-cell")): Object: 'Object Repository/Employee-Onboarding/Employee_Contact_Details/Page_OrangeHRM/div_Actions_oxd-table-cell oxd-padding-cell' is clicked on

27-12-2024T09:34:32 - [MESSAGE][PASSED] - Object: 'Object Repository/Employee-Onboarding/Employee_Contact_Details/Page_OrangeHRM/div_Actions_oxd-table-cell oxd-padding-cell' is clicked on

27-12-2024T09:34:32 - [TEST_STEP][PASSED] - click(findTestObject("Object Repository/Employee-Onboarding/Employee_Contact_Details/Page_OrangeHRM/a_Contact Details")): Object: 'Object Repository/Employee-Onboarding/Employee_Contact_Details/Page_OrangeHRM/a_Contact Details' is clicked on

27-12-2024T09:34:36 - [MESSAGE][PASSED] - Object: 'Object Repository/Employee-Onboarding/Employee_Contact_Details/Page_OrangeHRM/a_Contact Details' is clicked on

27-12-2024T09:34:36 - [TEST_STEP][PASSED] - setText(findTestObject("Object Repository/Employee-Onboarding/Employee_Contact_Details/Page_OrangeHRM/input_Street 1_oxd-input oxd-input--focus"), Street1): Text '03401 David Camp' is set on object 'Object Repository/Employee-Onboarding/Employee_Contact_Details/Page_OrangeHRM/input_Street 1_oxd-input oxd-input--focus'

27-12-2024T09:34:38 - [MESSAGE][PASSED] - Text '03401 David Camp' is set on object 'Object Repository/Employee-Onboarding/Employee_Contact_Details/Page_OrangeHRM/input_Street 1_oxd-input oxd-input--focus'

27-12-2024T09:34:38 - [TEST_STEP][PASSED] - setText(findTestObject("Object Repository/Employee-Onboarding/Employee_Contact_Details/Page_OrangeHRM/input_Street 2_oxd-input oxd-input--active"), Street2): Text 'Suite 950' is set on object 'Object Repository/Employee-Onboarding/Employee_Contact_Details/Page_OrangeHRM/input_Street 2_oxd-input oxd-input--active'

27-12-2024T09:34:39 - [MESSAGE][PASSED] - Text 'Suite 950' is set on object 'Object Repository/Employee-Onboarding/Employee_Contact_Details/Page_OrangeHRM/input_Street 2_oxd-input oxd-input--active'

27-12-2024T09:34:39 - [TEST_STEP][PASSED] - setText(findTestObject("Object Repository/Employee-Onboarding/Employee_Contact_Details/Page_OrangeHRM/input_City_oxd-input oxd-input--active"), City): Text 'East Jamesfort' is set on object 'Object Repository/Employee-Onboarding/Employee_Contact_Details/Page_OrangeHRM/input_City_oxd-input oxd-input--active'

27-12-2024T09:34:39 - [MESSAGE][PASSED] - Text 'East Jamesfort' is set on object 'Object Repository/Employee-Onboarding/Employee_Contact_Details/Page_OrangeHRM/input_City_oxd-input oxd-input--active'

27-12-2024T09:34:39 - [TEST_STEP][PASSED] - setText(findTestObject("Object Repository/Employee-Onboarding/Employee_Contact_Details/Page_OrangeHRM/input_StateProvince_oxd-input oxd-input--active"), State): Text 'Kentucky' is set on object 'Object Repository/Employee-Onboarding/Employee_Contact_Details/Page_OrangeHRM/input_StateProvince_oxd-input oxd-input--active'

27-12-2024T09:34:40 - [MESSAGE][PASSED] - Text 'Kentucky' is set on object 'Object Repository/Employee-Onboarding/Employee_Contact_Details/Page_OrangeHRM/input_StateProvince_oxd-input oxd-input--active'

27-12-2024T09:34:40 - [TEST_STEP][PASSED] - setText(findTestObject("Object Repository/Employee-Onboarding/Employee_Contact_Details/Page_OrangeHRM/input_ZipPostal Code_oxd-input oxd-input--active"), ZipCode): Text '33997' is set on object 'Object Repository/Employee-Onboarding/Employee_Contact_Details/Page_OrangeHRM/input_ZipPostal Code_oxd-input oxd-input--active'

27-12-2024T09:34:40 - [MESSAGE][PASSED] - Text '33997' is set on object 'Object Repository/Employee-Onboarding/Employee_Contact_Details/Page_OrangeHRM/input_ZipPostal Code_oxd-input oxd-input--active'

27-12-2024T09:34:40 - [TEST_STEP][PASSED] - click(findTestObject("Object Repository/Employee-Onboarding/Employee_Contact_Details/Page_OrangeHRM/i_-- Select --_oxd-icon bi-caret-up-fill ox_627fec")): Object: 'Object Repository/Employee-Onboarding/Employee_Contact_Details/Page_OrangeHRM/i_-- Select --_oxd-icon bi-caret-up-fill ox_627fec' is clicked on

27-12-2024T09:34:40 - [MESSAGE][PASSED] - Object: 'Object Repository/Employee-Onboarding/Employee_Contact_Details/Page_OrangeHRM/i_-- Select --_oxd-icon bi-caret-up-fill ox_627fec' is clicked on

27-12-2024T09:34:40 - [TEST_STEP][PASSED] - click(findTestObject("Employee-Onboarding/Employee_Salary_Detail_Objects/Page_OrangeHRM/custom_object_for_dropdown", ["value":Country])): Object: 'Object Repository/Employee-Onboarding/Employee_Salary_Detail_Objects/Page_OrangeHRM/custom_object_for_dropdown' is clicked on

27-12-2024T09:34:41 - [MESSAGE][PASSED] - Object: 'Object Repository/Employee-Onboarding/Employee_Salary_Detail_Objects/Page_OrangeHRM/custom_object_for_dropdown' is clicked on

27-12-2024T09:34:41 - [TEST_STEP][PASSED] - setText(findTestObject("Object Repository/Employee-Onboarding/Employee_Contact_Details/Page_OrangeHRM/input_Home_oxd-input oxd-input--focus"), Tel_Home): Text '403-672-1289' is set on object 'Object Repository/Employee-Onboarding/Employee_Contact_Details/Page_OrangeHRM/input_Home_oxd-input oxd-input--focus'

27-12-2024T09:34:41 - [MESSAGE][PASSED] - Text '403-672-1289' is set on object 'Object Repository/Employee-Onboarding/Employee_Contact_Details/Page_OrangeHRM/input_Home_oxd-input oxd-input--focus'

27-12-2024T09:34:41 - [TEST_STEP][PASSED] - setText(findTestObject("Object Repository/Employee-Onboarding/Employee_Contact_Details/Page_OrangeHRM/input_Mobile_oxd-input oxd-input--focus"), Tell_Mobile): Text '839-782-5694' is set on object 'Object Repository/Employee-Onboarding/Employee_Contact_Details/Page_OrangeHRM/input_Mobile_oxd-input oxd-input--focus'

27-12-2024T09:34:42 - [MESSAGE][PASSED] - Text '839-782-5694' is set on object 'Object Repository/Employee-Onboarding/Employee_Contact_Details/Page_OrangeHRM/input_Mobile_oxd-input oxd-input--focus'

27-12-2024T09:34:42 - [TEST_STEP][PASSED] - setText(findTestObject("Object Repository/Employee-Onboarding/Employee_Contact_Details/Page_OrangeHRM/input_Work_oxd-input oxd-input--focus"), Tel_Work): Text '548-932-1682' is set on object 'Object Repository/Employee-Onboarding/Employee_Contact_Details/Page_OrangeHRM/input_Work_oxd-input oxd-input--focus'

27-12-2024T09:34:42 - [MESSAGE][PASSED] - Text '548-932-1682' is set on object 'Object Repository/Employee-Onboarding/Employee_Contact_Details/Page_OrangeHRM/input_Work_oxd-input oxd-input--focus'

27-12-2024T09:34:42 - [TEST_STEP][PASSED] - setText(findTestObject("Object Repository/Employee-Onboarding/Employee_Contact_Details/Page_OrangeHRM/input_Work Email_oxd-input oxd-input--active"), Email_Work): Text 'rodney.williams@gomez-shah.com' is set on object 'Object Repository/Employee-Onboarding/Employee_Contact_Details/Page_OrangeHRM/input_Work Email_oxd-input oxd-input--active'

27-12-2024T09:34:43 - [MESSAGE][PASSED] - Text 'rodney.williams@gomez-shah.com' is set on object 'Object Repository/Employee-Onboarding/Employee_Contact_Details/Page_OrangeHRM/input_Work Email_oxd-input oxd-input--active'

27-12-2024T09:34:43 - [TEST_STEP][PASSED] - setText(findTestObject("Object Repository/Employee-Onboarding/Employee_Contact_Details/Page_OrangeHRM/input_Other Email_oxd-input oxd-input--focu_8ec2d9"), Email_Other): Text 'rodney.williams@nowebmail.org' is set on object 'Object Repository/Employee-Onboarding/Employee_Contact_Details/Page_OrangeHRM/input_Other Email_oxd-input oxd-input--focu_8ec2d9'

27-12-2024T09:34:45 - [MESSAGE][PASSED] - Text 'rodney.williams@nowebmail.org' is set on object 'Object Repository/Employee-Onboarding/Employee_Contact_Details/Page_OrangeHRM/input_Other Email_oxd-input oxd-input--focu_8ec2d9'

27-12-2024T09:34:45 - [TEST_STEP][PASSED] - click(findTestObject("Object Repository/Employee-Onboarding/Employee_Contact_Details/Page_OrangeHRM/button_Save")): Object: 'Object Repository/Employee-Onboarding/Employee_Contact_Details/Page_OrangeHRM/button_Save' is clicked on

27-12-2024T09:34:45 - [MESSAGE][PASSED] - Object: 'Object Repository/Employee-Onboarding/Employee_Contact_Details/Page_OrangeHRM/button_Save' is clicked on]]></system-out>
         <system-err><![CDATA[]]></system-err>
      </testcase>
      <testcase name="Test Cases/Employee_Onboarding/TC_Employee_Contact_Details" time="18.293" classname="Test Cases/Employee_Onboarding/TC_Employee_Contact_Details" status="PASSED">
         <system-out><![CDATA[27-12-2024T09:34:45 - [TEST_CASE][PASSED] - Test Cases/Employee_Onboarding/TC_Employee_Contact_Details: Test Cases/Employee_Onboarding/TC_Employee_Contact_Details

27-12-2024T09:34:45 - [TEST_STEP][PASSED] - click(findTestObject("Object Repository/Employee-Onboarding/Employee_Contact_Details/Page_OrangeHRM/a_PIM")): Object: 'Object Repository/Employee-Onboarding/Employee_Contact_Details/Page_OrangeHRM/a_PIM' is clicked on

27-12-2024T09:34:46 - [MESSAGE][PASSED] - Object: 'Object Repository/Employee-Onboarding/Employee_Contact_Details/Page_OrangeHRM/a_PIM' is clicked on

27-12-2024T09:34:46 - [TEST_STEP][PASSED] - setText(findTestObject("Object Repository/Employee-Onboarding/Employee_Contact_Details/Page_OrangeHRM/input"), Fullname): Text 'Marie Harrison' is set on object 'Object Repository/Employee-Onboarding/Employee_Contact_Details/Page_OrangeHRM/input'

27-12-2024T09:34:49 - [MESSAGE][PASSED] - Text 'Marie Harrison' is set on object 'Object Repository/Employee-Onboarding/Employee_Contact_Details/Page_OrangeHRM/input'

27-12-2024T09:34:49 - [TEST_STEP][PASSED] - click(findTestObject("Object Repository/Employee-Onboarding/Employee_Contact_Details/Page_OrangeHRM/button_Search")): Object: 'Object Repository/Employee-Onboarding/Employee_Contact_Details/Page_OrangeHRM/button_Search' is clicked on

27-12-2024T09:34:49 - [MESSAGE][PASSED] - Object: 'Object Repository/Employee-Onboarding/Employee_Contact_Details/Page_OrangeHRM/button_Search' is clicked on

27-12-2024T09:34:49 - [TEST_STEP][PASSED] - click(findTestObject("Object Repository/Employee-Onboarding/Employee_Contact_Details/Page_OrangeHRM/div_Actions_oxd-table-cell oxd-padding-cell")): Object: 'Object Repository/Employee-Onboarding/Employee_Contact_Details/Page_OrangeHRM/div_Actions_oxd-table-cell oxd-padding-cell' is clicked on

27-12-2024T09:34:51 - [MESSAGE][PASSED] - Object: 'Object Repository/Employee-Onboarding/Employee_Contact_Details/Page_OrangeHRM/div_Actions_oxd-table-cell oxd-padding-cell' is clicked on

27-12-2024T09:34:51 - [TEST_STEP][PASSED] - click(findTestObject("Object Repository/Employee-Onboarding/Employee_Contact_Details/Page_OrangeHRM/a_Contact Details")): Object: 'Object Repository/Employee-Onboarding/Employee_Contact_Details/Page_OrangeHRM/a_Contact Details' is clicked on

27-12-2024T09:34:54 - [MESSAGE][PASSED] - Object: 'Object Repository/Employee-Onboarding/Employee_Contact_Details/Page_OrangeHRM/a_Contact Details' is clicked on

27-12-2024T09:34:54 - [TEST_STEP][PASSED] - setText(findTestObject("Object Repository/Employee-Onboarding/Employee_Contact_Details/Page_OrangeHRM/input_Street 1_oxd-input oxd-input--focus"), Street1): Text '492 Perry View' is set on object 'Object Repository/Employee-Onboarding/Employee_Contact_Details/Page_OrangeHRM/input_Street 1_oxd-input oxd-input--focus'

27-12-2024T09:34:56 - [MESSAGE][PASSED] - Text '492 Perry View' is set on object 'Object Repository/Employee-Onboarding/Employee_Contact_Details/Page_OrangeHRM/input_Street 1_oxd-input oxd-input--focus'

27-12-2024T09:34:56 - [TEST_STEP][PASSED] - setText(findTestObject("Object Repository/Employee-Onboarding/Employee_Contact_Details/Page_OrangeHRM/input_Street 2_oxd-input oxd-input--active"), Street2): Text 'Suite 601' is set on object 'Object Repository/Employee-Onboarding/Employee_Contact_Details/Page_OrangeHRM/input_Street 2_oxd-input oxd-input--active'

27-12-2024T09:34:57 - [MESSAGE][PASSED] - Text 'Suite 601' is set on object 'Object Repository/Employee-Onboarding/Employee_Contact_Details/Page_OrangeHRM/input_Street 2_oxd-input oxd-input--active'

27-12-2024T09:34:57 - [TEST_STEP][PASSED] - setText(findTestObject("Object Repository/Employee-Onboarding/Employee_Contact_Details/Page_OrangeHRM/input_City_oxd-input oxd-input--active"), City): Text 'Brownborough' is set on object 'Object Repository/Employee-Onboarding/Employee_Contact_Details/Page_OrangeHRM/input_City_oxd-input oxd-input--active'

27-12-2024T09:34:57 - [MESSAGE][PASSED] - Text 'Brownborough' is set on object 'Object Repository/Employee-Onboarding/Employee_Contact_Details/Page_OrangeHRM/input_City_oxd-input oxd-input--active'

27-12-2024T09:34:57 - [TEST_STEP][PASSED] - setText(findTestObject("Object Repository/Employee-Onboarding/Employee_Contact_Details/Page_OrangeHRM/input_StateProvince_oxd-input oxd-input--active"), State): Text 'Rhode Island' is set on object 'Object Repository/Employee-Onboarding/Employee_Contact_Details/Page_OrangeHRM/input_StateProvince_oxd-input oxd-input--active'

27-12-2024T09:34:58 - [MESSAGE][PASSED] - Text 'Rhode Island' is set on object 'Object Repository/Employee-Onboarding/Employee_Contact_Details/Page_OrangeHRM/input_StateProvince_oxd-input oxd-input--active'

27-12-2024T09:34:58 - [TEST_STEP][PASSED] - setText(findTestObject("Object Repository/Employee-Onboarding/Employee_Contact_Details/Page_OrangeHRM/input_ZipPostal Code_oxd-input oxd-input--active"), ZipCode): Text '40142' is set on object 'Object Repository/Employee-Onboarding/Employee_Contact_Details/Page_OrangeHRM/input_ZipPostal Code_oxd-input oxd-input--active'

27-12-2024T09:34:58 - [MESSAGE][PASSED] - Text '40142' is set on object 'Object Repository/Employee-Onboarding/Employee_Contact_Details/Page_OrangeHRM/input_ZipPostal Code_oxd-input oxd-input--active'

27-12-2024T09:34:58 - [TEST_STEP][PASSED] - click(findTestObject("Object Repository/Employee-Onboarding/Employee_Contact_Details/Page_OrangeHRM/i_-- Select --_oxd-icon bi-caret-up-fill ox_627fec")): Object: 'Object Repository/Employee-Onboarding/Employee_Contact_Details/Page_OrangeHRM/i_-- Select --_oxd-icon bi-caret-up-fill ox_627fec' is clicked on

27-12-2024T09:34:59 - [MESSAGE][PASSED] - Object: 'Object Repository/Employee-Onboarding/Employee_Contact_Details/Page_OrangeHRM/i_-- Select --_oxd-icon bi-caret-up-fill ox_627fec' is clicked on

27-12-2024T09:34:59 - [TEST_STEP][PASSED] - click(findTestObject("Employee-Onboarding/Employee_Salary_Detail_Objects/Page_OrangeHRM/custom_object_for_dropdown", ["value":Country])): Object: 'Object Repository/Employee-Onboarding/Employee_Salary_Detail_Objects/Page_OrangeHRM/custom_object_for_dropdown' is clicked on

27-12-2024T09:34:59 - [MESSAGE][PASSED] - Object: 'Object Repository/Employee-Onboarding/Employee_Salary_Detail_Objects/Page_OrangeHRM/custom_object_for_dropdown' is clicked on

27-12-2024T09:34:59 - [TEST_STEP][PASSED] - setText(findTestObject("Object Repository/Employee-Onboarding/Employee_Contact_Details/Page_OrangeHRM/input_Home_oxd-input oxd-input--focus"), Tel_Home): Text '451-827-3945' is set on object 'Object Repository/Employee-Onboarding/Employee_Contact_Details/Page_OrangeHRM/input_Home_oxd-input oxd-input--focus'

27-12-2024T09:35:00 - [MESSAGE][PASSED] - Text '451-827-3945' is set on object 'Object Repository/Employee-Onboarding/Employee_Contact_Details/Page_OrangeHRM/input_Home_oxd-input oxd-input--focus'

27-12-2024T09:35:00 - [TEST_STEP][PASSED] - setText(findTestObject("Object Repository/Employee-Onboarding/Employee_Contact_Details/Page_OrangeHRM/input_Mobile_oxd-input oxd-input--focus"), Tell_Mobile): Text '270-546-8712' is set on object 'Object Repository/Employee-Onboarding/Employee_Contact_Details/Page_OrangeHRM/input_Mobile_oxd-input oxd-input--focus'

27-12-2024T09:35:00 - [MESSAGE][PASSED] - Text '270-546-8712' is set on object 'Object Repository/Employee-Onboarding/Employee_Contact_Details/Page_OrangeHRM/input_Mobile_oxd-input oxd-input--focus'

27-12-2024T09:35:00 - [TEST_STEP][PASSED] - setText(findTestObject("Object Repository/Employee-Onboarding/Employee_Contact_Details/Page_OrangeHRM/input_Work_oxd-input oxd-input--focus"), Tel_Work): Text '678-453-8916' is set on object 'Object Repository/Employee-Onboarding/Employee_Contact_Details/Page_OrangeHRM/input_Work_oxd-input oxd-input--focus'

27-12-2024T09:35:01 - [MESSAGE][PASSED] - Text '678-453-8916' is set on object 'Object Repository/Employee-Onboarding/Employee_Contact_Details/Page_OrangeHRM/input_Work_oxd-input oxd-input--focus'

27-12-2024T09:35:01 - [TEST_STEP][PASSED] - setText(findTestObject("Object Repository/Employee-Onboarding/Employee_Contact_Details/Page_OrangeHRM/input_Work Email_oxd-input oxd-input--active"), Email_Work): Text 'marie.harrison@lowe-martin.org' is set on object 'Object Repository/Employee-Onboarding/Employee_Contact_Details/Page_OrangeHRM/input_Work Email_oxd-input oxd-input--active'

27-12-2024T09:35:01 - [MESSAGE][PASSED] - Text 'marie.harrison@lowe-martin.org' is set on object 'Object Repository/Employee-Onboarding/Employee_Contact_Details/Page_OrangeHRM/input_Work Email_oxd-input oxd-input--active'

27-12-2024T09:35:01 - [TEST_STEP][PASSED] - setText(findTestObject("Object Repository/Employee-Onboarding/Employee_Contact_Details/Page_OrangeHRM/input_Other Email_oxd-input oxd-input--focu_8ec2d9"), Email_Other): Text 'marie.harrison@mockmailgen.net' is set on object 'Object Repository/Employee-Onboarding/Employee_Contact_Details/Page_OrangeHRM/input_Other Email_oxd-input oxd-input--focu_8ec2d9'

27-12-2024T09:35:03 - [MESSAGE][PASSED] - Text 'marie.harrison@mockmailgen.net' is set on object 'Object Repository/Employee-Onboarding/Employee_Contact_Details/Page_OrangeHRM/input_Other Email_oxd-input oxd-input--focu_8ec2d9'

27-12-2024T09:35:03 - [TEST_STEP][PASSED] - click(findTestObject("Object Repository/Employee-Onboarding/Employee_Contact_Details/Page_OrangeHRM/button_Save")): Object: 'Object Repository/Employee-Onboarding/Employee_Contact_Details/Page_OrangeHRM/button_Save' is clicked on

27-12-2024T09:35:03 - [MESSAGE][PASSED] - Object: 'Object Repository/Employee-Onboarding/Employee_Contact_Details/Page_OrangeHRM/button_Save' is clicked on]]></system-out>
         <system-err><![CDATA[]]></system-err>
      </testcase>
      <testcase name="Test Cases/Employee_Onboarding/TC_Employee_Contact_Details" time="18.333" classname="Test Cases/Employee_Onboarding/TC_Employee_Contact_Details" status="PASSED">
         <system-out><![CDATA[27-12-2024T09:35:03 - [TEST_CASE][PASSED] - Test Cases/Employee_Onboarding/TC_Employee_Contact_Details: Test Cases/Employee_Onboarding/TC_Employee_Contact_Details

27-12-2024T09:35:03 - [TEST_STEP][PASSED] - click(findTestObject("Object Repository/Employee-Onboarding/Employee_Contact_Details/Page_OrangeHRM/a_PIM")): Object: 'Object Repository/Employee-Onboarding/Employee_Contact_Details/Page_OrangeHRM/a_PIM' is clicked on

27-12-2024T09:35:05 - [MESSAGE][PASSED] - Object: 'Object Repository/Employee-Onboarding/Employee_Contact_Details/Page_OrangeHRM/a_PIM' is clicked on

27-12-2024T09:35:05 - [TEST_STEP][PASSED] - setText(findTestObject("Object Repository/Employee-Onboarding/Employee_Contact_Details/Page_OrangeHRM/input"), Fullname): Text 'Steven Tate' is set on object 'Object Repository/Employee-Onboarding/Employee_Contact_Details/Page_OrangeHRM/input'

27-12-2024T09:35:07 - [MESSAGE][PASSED] - Text 'Steven Tate' is set on object 'Object Repository/Employee-Onboarding/Employee_Contact_Details/Page_OrangeHRM/input'

27-12-2024T09:35:07 - [TEST_STEP][PASSED] - click(findTestObject("Object Repository/Employee-Onboarding/Employee_Contact_Details/Page_OrangeHRM/button_Search")): Object: 'Object Repository/Employee-Onboarding/Employee_Contact_Details/Page_OrangeHRM/button_Search' is clicked on

27-12-2024T09:35:08 - [MESSAGE][PASSED] - Object: 'Object Repository/Employee-Onboarding/Employee_Contact_Details/Page_OrangeHRM/button_Search' is clicked on

27-12-2024T09:35:08 - [TEST_STEP][PASSED] - click(findTestObject("Object Repository/Employee-Onboarding/Employee_Contact_Details/Page_OrangeHRM/div_Actions_oxd-table-cell oxd-padding-cell")): Object: 'Object Repository/Employee-Onboarding/Employee_Contact_Details/Page_OrangeHRM/div_Actions_oxd-table-cell oxd-padding-cell' is clicked on

27-12-2024T09:35:09 - [MESSAGE][PASSED] - Object: 'Object Repository/Employee-Onboarding/Employee_Contact_Details/Page_OrangeHRM/div_Actions_oxd-table-cell oxd-padding-cell' is clicked on

27-12-2024T09:35:09 - [TEST_STEP][PASSED] - click(findTestObject("Object Repository/Employee-Onboarding/Employee_Contact_Details/Page_OrangeHRM/a_Contact Details")): Object: 'Object Repository/Employee-Onboarding/Employee_Contact_Details/Page_OrangeHRM/a_Contact Details' is clicked on

27-12-2024T09:35:13 - [MESSAGE][PASSED] - Object: 'Object Repository/Employee-Onboarding/Employee_Contact_Details/Page_OrangeHRM/a_Contact Details' is clicked on

27-12-2024T09:35:13 - [TEST_STEP][PASSED] - setText(findTestObject("Object Repository/Employee-Onboarding/Employee_Contact_Details/Page_OrangeHRM/input_Street 1_oxd-input oxd-input--focus"), Street1): Text '0944 Paul Passage Suite 088' is set on object 'Object Repository/Employee-Onboarding/Employee_Contact_Details/Page_OrangeHRM/input_Street 1_oxd-input oxd-input--focus'

27-12-2024T09:35:15 - [MESSAGE][PASSED] - Text '0944 Paul Passage Suite 088' is set on object 'Object Repository/Employee-Onboarding/Employee_Contact_Details/Page_OrangeHRM/input_Street 1_oxd-input oxd-input--focus'

27-12-2024T09:35:15 - [TEST_STEP][PASSED] - setText(findTestObject("Object Repository/Employee-Onboarding/Employee_Contact_Details/Page_OrangeHRM/input_Street 2_oxd-input oxd-input--active"), Street2): Text 'Suite 337' is set on object 'Object Repository/Employee-Onboarding/Employee_Contact_Details/Page_OrangeHRM/input_Street 2_oxd-input oxd-input--active'

27-12-2024T09:35:15 - [MESSAGE][PASSED] - Text 'Suite 337' is set on object 'Object Repository/Employee-Onboarding/Employee_Contact_Details/Page_OrangeHRM/input_Street 2_oxd-input oxd-input--active'

27-12-2024T09:35:15 - [TEST_STEP][PASSED] - setText(findTestObject("Object Repository/Employee-Onboarding/Employee_Contact_Details/Page_OrangeHRM/input_City_oxd-input oxd-input--active"), City): Text 'South Marc' is set on object 'Object Repository/Employee-Onboarding/Employee_Contact_Details/Page_OrangeHRM/input_City_oxd-input oxd-input--active'

27-12-2024T09:35:16 - [MESSAGE][PASSED] - Text 'South Marc' is set on object 'Object Repository/Employee-Onboarding/Employee_Contact_Details/Page_OrangeHRM/input_City_oxd-input oxd-input--active'

27-12-2024T09:35:16 - [TEST_STEP][PASSED] - setText(findTestObject("Object Repository/Employee-Onboarding/Employee_Contact_Details/Page_OrangeHRM/input_StateProvince_oxd-input oxd-input--active"), State): Text 'Illinois' is set on object 'Object Repository/Employee-Onboarding/Employee_Contact_Details/Page_OrangeHRM/input_StateProvince_oxd-input oxd-input--active'

27-12-2024T09:35:16 - [MESSAGE][PASSED] - Text 'Illinois' is set on object 'Object Repository/Employee-Onboarding/Employee_Contact_Details/Page_OrangeHRM/input_StateProvince_oxd-input oxd-input--active'

27-12-2024T09:35:16 - [TEST_STEP][PASSED] - setText(findTestObject("Object Repository/Employee-Onboarding/Employee_Contact_Details/Page_OrangeHRM/input_ZipPostal Code_oxd-input oxd-input--active"), ZipCode): Text '55560' is set on object 'Object Repository/Employee-Onboarding/Employee_Contact_Details/Page_OrangeHRM/input_ZipPostal Code_oxd-input oxd-input--active'

27-12-2024T09:35:17 - [MESSAGE][PASSED] - Text '55560' is set on object 'Object Repository/Employee-Onboarding/Employee_Contact_Details/Page_OrangeHRM/input_ZipPostal Code_oxd-input oxd-input--active'

27-12-2024T09:35:17 - [TEST_STEP][PASSED] - click(findTestObject("Object Repository/Employee-Onboarding/Employee_Contact_Details/Page_OrangeHRM/i_-- Select --_oxd-icon bi-caret-up-fill ox_627fec")): Object: 'Object Repository/Employee-Onboarding/Employee_Contact_Details/Page_OrangeHRM/i_-- Select --_oxd-icon bi-caret-up-fill ox_627fec' is clicked on

27-12-2024T09:35:17 - [MESSAGE][PASSED] - Object: 'Object Repository/Employee-Onboarding/Employee_Contact_Details/Page_OrangeHRM/i_-- Select --_oxd-icon bi-caret-up-fill ox_627fec' is clicked on

27-12-2024T09:35:17 - [TEST_STEP][PASSED] - click(findTestObject("Employee-Onboarding/Employee_Salary_Detail_Objects/Page_OrangeHRM/custom_object_for_dropdown", ["value":Country])): Object: 'Object Repository/Employee-Onboarding/Employee_Salary_Detail_Objects/Page_OrangeHRM/custom_object_for_dropdown' is clicked on

27-12-2024T09:35:17 - [MESSAGE][PASSED] - Object: 'Object Repository/Employee-Onboarding/Employee_Salary_Detail_Objects/Page_OrangeHRM/custom_object_for_dropdown' is clicked on

27-12-2024T09:35:17 - [TEST_STEP][PASSED] - setText(findTestObject("Object Repository/Employee-Onboarding/Employee_Contact_Details/Page_OrangeHRM/input_Home_oxd-input oxd-input--focus"), Tel_Home): Text '601-482-7643' is set on object 'Object Repository/Employee-Onboarding/Employee_Contact_Details/Page_OrangeHRM/input_Home_oxd-input oxd-input--focus'

27-12-2024T09:35:18 - [MESSAGE][PASSED] - Text '601-482-7643' is set on object 'Object Repository/Employee-Onboarding/Employee_Contact_Details/Page_OrangeHRM/input_Home_oxd-input oxd-input--focus'

27-12-2024T09:35:18 - [TEST_STEP][PASSED] - setText(findTestObject("Object Repository/Employee-Onboarding/Employee_Contact_Details/Page_OrangeHRM/input_Mobile_oxd-input oxd-input--focus"), Tell_Mobile): Text '209-856-1932' is set on object 'Object Repository/Employee-Onboarding/Employee_Contact_Details/Page_OrangeHRM/input_Mobile_oxd-input oxd-input--focus'

27-12-2024T09:35:19 - [MESSAGE][PASSED] - Text '209-856-1932' is set on object 'Object Repository/Employee-Onboarding/Employee_Contact_Details/Page_OrangeHRM/input_Mobile_oxd-input oxd-input--focus'

27-12-2024T09:35:19 - [TEST_STEP][PASSED] - setText(findTestObject("Object Repository/Employee-Onboarding/Employee_Contact_Details/Page_OrangeHRM/input_Work_oxd-input oxd-input--focus"), Tel_Work): Text '987-341-5678' is set on object 'Object Repository/Employee-Onboarding/Employee_Contact_Details/Page_OrangeHRM/input_Work_oxd-input oxd-input--focus'

27-12-2024T09:35:19 - [MESSAGE][PASSED] - Text '987-341-5678' is set on object 'Object Repository/Employee-Onboarding/Employee_Contact_Details/Page_OrangeHRM/input_Work_oxd-input oxd-input--focus'

27-12-2024T09:35:19 - [TEST_STEP][PASSED] - setText(findTestObject("Object Repository/Employee-Onboarding/Employee_Contact_Details/Page_OrangeHRM/input_Work Email_oxd-input oxd-input--active"), Email_Work): Text 'steven.tate@gross.com' is set on object 'Object Repository/Employee-Onboarding/Employee_Contact_Details/Page_OrangeHRM/input_Work Email_oxd-input oxd-input--active'

27-12-2024T09:35:20 - [MESSAGE][PASSED] - Text 'steven.tate@gross.com' is set on object 'Object Repository/Employee-Onboarding/Employee_Contact_Details/Page_OrangeHRM/input_Work Email_oxd-input oxd-input--active'

27-12-2024T09:35:20 - [TEST_STEP][PASSED] - setText(findTestObject("Object Repository/Employee-Onboarding/Employee_Contact_Details/Page_OrangeHRM/input_Other Email_oxd-input oxd-input--focu_8ec2d9"), Email_Other): Text 'steven.tate@emulatedzone.com' is set on object 'Object Repository/Employee-Onboarding/Employee_Contact_Details/Page_OrangeHRM/input_Other Email_oxd-input oxd-input--focu_8ec2d9'

27-12-2024T09:35:21 - [MESSAGE][PASSED] - Text 'steven.tate@emulatedzone.com' is set on object 'Object Repository/Employee-Onboarding/Employee_Contact_Details/Page_OrangeHRM/input_Other Email_oxd-input oxd-input--focu_8ec2d9'

27-12-2024T09:35:21 - [TEST_STEP][PASSED] - click(findTestObject("Object Repository/Employee-Onboarding/Employee_Contact_Details/Page_OrangeHRM/button_Save")): Object: 'Object Repository/Employee-Onboarding/Employee_Contact_Details/Page_OrangeHRM/button_Save' is clicked on

27-12-2024T09:35:22 - [MESSAGE][PASSED] - Object: 'Object Repository/Employee-Onboarding/Employee_Contact_Details/Page_OrangeHRM/button_Save' is clicked on]]></system-out>
         <system-err><![CDATA[]]></system-err>
      </testcase>
      <testcase name="Test Cases/Employee_Onboarding/TC_Employee_Contact_Details" time="19.548" classname="Test Cases/Employee_Onboarding/TC_Employee_Contact_Details" status="PASSED">
         <system-out><![CDATA[27-12-2024T09:35:22 - [TEST_CASE][PASSED] - Test Cases/Employee_Onboarding/TC_Employee_Contact_Details: Test Cases/Employee_Onboarding/TC_Employee_Contact_Details

27-12-2024T09:35:22 - [TEST_STEP][PASSED] - click(findTestObject("Object Repository/Employee-Onboarding/Employee_Contact_Details/Page_OrangeHRM/a_PIM")): Object: 'Object Repository/Employee-Onboarding/Employee_Contact_Details/Page_OrangeHRM/a_PIM' is clicked on

27-12-2024T09:35:23 - [MESSAGE][PASSED] - Object: 'Object Repository/Employee-Onboarding/Employee_Contact_Details/Page_OrangeHRM/a_PIM' is clicked on

27-12-2024T09:35:23 - [TEST_STEP][PASSED] - setText(findTestObject("Object Repository/Employee-Onboarding/Employee_Contact_Details/Page_OrangeHRM/input"), Fullname): Text 'Jeffrey Mercado' is set on object 'Object Repository/Employee-Onboarding/Employee_Contact_Details/Page_OrangeHRM/input'

27-12-2024T09:35:26 - [MESSAGE][PASSED] - Text 'Jeffrey Mercado' is set on object 'Object Repository/Employee-Onboarding/Employee_Contact_Details/Page_OrangeHRM/input'

27-12-2024T09:35:26 - [TEST_STEP][PASSED] - click(findTestObject("Object Repository/Employee-Onboarding/Employee_Contact_Details/Page_OrangeHRM/button_Search")): Object: 'Object Repository/Employee-Onboarding/Employee_Contact_Details/Page_OrangeHRM/button_Search' is clicked on

27-12-2024T09:35:26 - [MESSAGE][PASSED] - Object: 'Object Repository/Employee-Onboarding/Employee_Contact_Details/Page_OrangeHRM/button_Search' is clicked on

27-12-2024T09:35:26 - [TEST_STEP][PASSED] - click(findTestObject("Object Repository/Employee-Onboarding/Employee_Contact_Details/Page_OrangeHRM/div_Actions_oxd-table-cell oxd-padding-cell")): Object: 'Object Repository/Employee-Onboarding/Employee_Contact_Details/Page_OrangeHRM/div_Actions_oxd-table-cell oxd-padding-cell' is clicked on

27-12-2024T09:35:28 - [MESSAGE][PASSED] - Object: 'Object Repository/Employee-Onboarding/Employee_Contact_Details/Page_OrangeHRM/div_Actions_oxd-table-cell oxd-padding-cell' is clicked on

27-12-2024T09:35:28 - [TEST_STEP][PASSED] - click(findTestObject("Object Repository/Employee-Onboarding/Employee_Contact_Details/Page_OrangeHRM/a_Contact Details")): Object: 'Object Repository/Employee-Onboarding/Employee_Contact_Details/Page_OrangeHRM/a_Contact Details' is clicked on

27-12-2024T09:35:32 - [MESSAGE][PASSED] - Object: 'Object Repository/Employee-Onboarding/Employee_Contact_Details/Page_OrangeHRM/a_Contact Details' is clicked on

27-12-2024T09:35:32 - [TEST_STEP][PASSED] - setText(findTestObject("Object Repository/Employee-Onboarding/Employee_Contact_Details/Page_OrangeHRM/input_Street 1_oxd-input oxd-input--focus"), Street1): Text '61125 Randall Islands' is set on object 'Object Repository/Employee-Onboarding/Employee_Contact_Details/Page_OrangeHRM/input_Street 1_oxd-input oxd-input--focus'

27-12-2024T09:35:34 - [MESSAGE][PASSED] - Text '61125 Randall Islands' is set on object 'Object Repository/Employee-Onboarding/Employee_Contact_Details/Page_OrangeHRM/input_Street 1_oxd-input oxd-input--focus'

27-12-2024T09:35:34 - [TEST_STEP][PASSED] - setText(findTestObject("Object Repository/Employee-Onboarding/Employee_Contact_Details/Page_OrangeHRM/input_Street 2_oxd-input oxd-input--active"), Street2): Text 'Apt. 540' is set on object 'Object Repository/Employee-Onboarding/Employee_Contact_Details/Page_OrangeHRM/input_Street 2_oxd-input oxd-input--active'

27-12-2024T09:35:35 - [MESSAGE][PASSED] - Text 'Apt. 540' is set on object 'Object Repository/Employee-Onboarding/Employee_Contact_Details/Page_OrangeHRM/input_Street 2_oxd-input oxd-input--active'

27-12-2024T09:35:35 - [TEST_STEP][PASSED] - setText(findTestObject("Object Repository/Employee-Onboarding/Employee_Contact_Details/Page_OrangeHRM/input_City_oxd-input oxd-input--active"), City): Text 'New Anne' is set on object 'Object Repository/Employee-Onboarding/Employee_Contact_Details/Page_OrangeHRM/input_City_oxd-input oxd-input--active'

27-12-2024T09:35:35 - [MESSAGE][PASSED] - Text 'New Anne' is set on object 'Object Repository/Employee-Onboarding/Employee_Contact_Details/Page_OrangeHRM/input_City_oxd-input oxd-input--active'

27-12-2024T09:35:35 - [TEST_STEP][PASSED] - setText(findTestObject("Object Repository/Employee-Onboarding/Employee_Contact_Details/Page_OrangeHRM/input_StateProvince_oxd-input oxd-input--active"), State): Text 'Idaho' is set on object 'Object Repository/Employee-Onboarding/Employee_Contact_Details/Page_OrangeHRM/input_StateProvince_oxd-input oxd-input--active'

27-12-2024T09:35:36 - [MESSAGE][PASSED] - Text 'Idaho' is set on object 'Object Repository/Employee-Onboarding/Employee_Contact_Details/Page_OrangeHRM/input_StateProvince_oxd-input oxd-input--active'

27-12-2024T09:35:36 - [TEST_STEP][PASSED] - setText(findTestObject("Object Repository/Employee-Onboarding/Employee_Contact_Details/Page_OrangeHRM/input_ZipPostal Code_oxd-input oxd-input--active"), ZipCode): Text '35944' is set on object 'Object Repository/Employee-Onboarding/Employee_Contact_Details/Page_OrangeHRM/input_ZipPostal Code_oxd-input oxd-input--active'

27-12-2024T09:35:36 - [MESSAGE][PASSED] - Text '35944' is set on object 'Object Repository/Employee-Onboarding/Employee_Contact_Details/Page_OrangeHRM/input_ZipPostal Code_oxd-input oxd-input--active'

27-12-2024T09:35:36 - [TEST_STEP][PASSED] - click(findTestObject("Object Repository/Employee-Onboarding/Employee_Contact_Details/Page_OrangeHRM/i_-- Select --_oxd-icon bi-caret-up-fill ox_627fec")): Object: 'Object Repository/Employee-Onboarding/Employee_Contact_Details/Page_OrangeHRM/i_-- Select --_oxd-icon bi-caret-up-fill ox_627fec' is clicked on

27-12-2024T09:35:37 - [MESSAGE][PASSED] - Object: 'Object Repository/Employee-Onboarding/Employee_Contact_Details/Page_OrangeHRM/i_-- Select --_oxd-icon bi-caret-up-fill ox_627fec' is clicked on

27-12-2024T09:35:37 - [TEST_STEP][PASSED] - click(findTestObject("Employee-Onboarding/Employee_Salary_Detail_Objects/Page_OrangeHRM/custom_object_for_dropdown", ["value":Country])): Object: 'Object Repository/Employee-Onboarding/Employee_Salary_Detail_Objects/Page_OrangeHRM/custom_object_for_dropdown' is clicked on

27-12-2024T09:35:37 - [MESSAGE][PASSED] - Object: 'Object Repository/Employee-Onboarding/Employee_Salary_Detail_Objects/Page_OrangeHRM/custom_object_for_dropdown' is clicked on

27-12-2024T09:35:37 - [TEST_STEP][PASSED] - setText(findTestObject("Object Repository/Employee-Onboarding/Employee_Contact_Details/Page_OrangeHRM/input_Home_oxd-input oxd-input--focus"), Tel_Home): Text '510-483-9285' is set on object 'Object Repository/Employee-Onboarding/Employee_Contact_Details/Page_OrangeHRM/input_Home_oxd-input oxd-input--focus'

27-12-2024T09:35:38 - [MESSAGE][PASSED] - Text '510-483-9285' is set on object 'Object Repository/Employee-Onboarding/Employee_Contact_Details/Page_OrangeHRM/input_Home_oxd-input oxd-input--focus'

27-12-2024T09:35:38 - [TEST_STEP][PASSED] - setText(findTestObject("Object Repository/Employee-Onboarding/Employee_Contact_Details/Page_OrangeHRM/input_Mobile_oxd-input oxd-input--focus"), Tell_Mobile): Text '503-276-9087' is set on object 'Object Repository/Employee-Onboarding/Employee_Contact_Details/Page_OrangeHRM/input_Mobile_oxd-input oxd-input--focus'

27-12-2024T09:35:38 - [MESSAGE][PASSED] - Text '503-276-9087' is set on object 'Object Repository/Employee-Onboarding/Employee_Contact_Details/Page_OrangeHRM/input_Mobile_oxd-input oxd-input--focus'

27-12-2024T09:35:38 - [TEST_STEP][PASSED] - setText(findTestObject("Object Repository/Employee-Onboarding/Employee_Contact_Details/Page_OrangeHRM/input_Work_oxd-input oxd-input--focus"), Tel_Work): Text '436-789-6520' is set on object 'Object Repository/Employee-Onboarding/Employee_Contact_Details/Page_OrangeHRM/input_Work_oxd-input oxd-input--focus'

27-12-2024T09:35:39 - [MESSAGE][PASSED] - Text '436-789-6520' is set on object 'Object Repository/Employee-Onboarding/Employee_Contact_Details/Page_OrangeHRM/input_Work_oxd-input oxd-input--focus'

27-12-2024T09:35:39 - [TEST_STEP][PASSED] - setText(findTestObject("Object Repository/Employee-Onboarding/Employee_Contact_Details/Page_OrangeHRM/input_Work Email_oxd-input oxd-input--active"), Email_Work): Text 'jeffrey.mercado@rodriguez.com' is set on object 'Object Repository/Employee-Onboarding/Employee_Contact_Details/Page_OrangeHRM/input_Work Email_oxd-input oxd-input--active'

27-12-2024T09:35:39 - [MESSAGE][PASSED] - Text 'jeffrey.mercado@rodriguez.com' is set on object 'Object Repository/Employee-Onboarding/Employee_Contact_Details/Page_OrangeHRM/input_Work Email_oxd-input oxd-input--active'

27-12-2024T09:35:39 - [TEST_STEP][PASSED] - setText(findTestObject("Object Repository/Employee-Onboarding/Employee_Contact_Details/Page_OrangeHRM/input_Other Email_oxd-input oxd-input--focu_8ec2d9"), Email_Other): Text 'jeffrey.mercado@sampleemails.org' is set on object 'Object Repository/Employee-Onboarding/Employee_Contact_Details/Page_OrangeHRM/input_Other Email_oxd-input oxd-input--focu_8ec2d9'

27-12-2024T09:35:41 - [MESSAGE][PASSED] - Text 'jeffrey.mercado@sampleemails.org' is set on object 'Object Repository/Employee-Onboarding/Employee_Contact_Details/Page_OrangeHRM/input_Other Email_oxd-input oxd-input--focu_8ec2d9'

27-12-2024T09:35:41 - [TEST_STEP][PASSED] - click(findTestObject("Object Repository/Employee-Onboarding/Employee_Contact_Details/Page_OrangeHRM/button_Save")): Object: 'Object Repository/Employee-Onboarding/Employee_Contact_Details/Page_OrangeHRM/button_Save' is clicked on

27-12-2024T09:35:41 - [MESSAGE][PASSED] - Object: 'Object Repository/Employee-Onboarding/Employee_Contact_Details/Page_OrangeHRM/button_Save' is clicked on]]></system-out>
         <system-err><![CDATA[]]></system-err>
      </testcase>
      <testcase name="Test Cases/Employee_Onboarding/TC_Employee_Contact_Details" time="18.359" classname="Test Cases/Employee_Onboarding/TC_Employee_Contact_Details" status="PASSED">
         <system-out><![CDATA[27-12-2024T09:35:41 - [TEST_CASE][PASSED] - Test Cases/Employee_Onboarding/TC_Employee_Contact_Details: Test Cases/Employee_Onboarding/TC_Employee_Contact_Details

27-12-2024T09:35:41 - [TEST_STEP][PASSED] - click(findTestObject("Object Repository/Employee-Onboarding/Employee_Contact_Details/Page_OrangeHRM/a_PIM")): Object: 'Object Repository/Employee-Onboarding/Employee_Contact_Details/Page_OrangeHRM/a_PIM' is clicked on

27-12-2024T09:35:43 - [MESSAGE][PASSED] - Object: 'Object Repository/Employee-Onboarding/Employee_Contact_Details/Page_OrangeHRM/a_PIM' is clicked on

27-12-2024T09:35:43 - [TEST_STEP][PASSED] - setText(findTestObject("Object Repository/Employee-Onboarding/Employee_Contact_Details/Page_OrangeHRM/input"), Fullname): Text 'Zachary Martin' is set on object 'Object Repository/Employee-Onboarding/Employee_Contact_Details/Page_OrangeHRM/input'

27-12-2024T09:35:45 - [MESSAGE][PASSED] - Text 'Zachary Martin' is set on object 'Object Repository/Employee-Onboarding/Employee_Contact_Details/Page_OrangeHRM/input'

27-12-2024T09:35:45 - [TEST_STEP][PASSED] - click(findTestObject("Object Repository/Employee-Onboarding/Employee_Contact_Details/Page_OrangeHRM/button_Search")): Object: 'Object Repository/Employee-Onboarding/Employee_Contact_Details/Page_OrangeHRM/button_Search' is clicked on

27-12-2024T09:35:46 - [MESSAGE][PASSED] - Object: 'Object Repository/Employee-Onboarding/Employee_Contact_Details/Page_OrangeHRM/button_Search' is clicked on

27-12-2024T09:35:46 - [TEST_STEP][PASSED] - click(findTestObject("Object Repository/Employee-Onboarding/Employee_Contact_Details/Page_OrangeHRM/div_Actions_oxd-table-cell oxd-padding-cell")): Object: 'Object Repository/Employee-Onboarding/Employee_Contact_Details/Page_OrangeHRM/div_Actions_oxd-table-cell oxd-padding-cell' is clicked on

27-12-2024T09:35:47 - [MESSAGE][PASSED] - Object: 'Object Repository/Employee-Onboarding/Employee_Contact_Details/Page_OrangeHRM/div_Actions_oxd-table-cell oxd-padding-cell' is clicked on

27-12-2024T09:35:47 - [TEST_STEP][PASSED] - click(findTestObject("Object Repository/Employee-Onboarding/Employee_Contact_Details/Page_OrangeHRM/a_Contact Details")): Object: 'Object Repository/Employee-Onboarding/Employee_Contact_Details/Page_OrangeHRM/a_Contact Details' is clicked on

27-12-2024T09:35:50 - [MESSAGE][PASSED] - Object: 'Object Repository/Employee-Onboarding/Employee_Contact_Details/Page_OrangeHRM/a_Contact Details' is clicked on

27-12-2024T09:35:50 - [TEST_STEP][PASSED] - setText(findTestObject("Object Repository/Employee-Onboarding/Employee_Contact_Details/Page_OrangeHRM/input_Street 1_oxd-input oxd-input--focus"), Street1): Text '11624 Jason Branch Apt. 768' is set on object 'Object Repository/Employee-Onboarding/Employee_Contact_Details/Page_OrangeHRM/input_Street 1_oxd-input oxd-input--focus'

27-12-2024T09:35:53 - [MESSAGE][PASSED] - Text '11624 Jason Branch Apt. 768' is set on object 'Object Repository/Employee-Onboarding/Employee_Contact_Details/Page_OrangeHRM/input_Street 1_oxd-input oxd-input--focus'

27-12-2024T09:35:53 - [TEST_STEP][PASSED] - setText(findTestObject("Object Repository/Employee-Onboarding/Employee_Contact_Details/Page_OrangeHRM/input_Street 2_oxd-input oxd-input--active"), Street2): Text 'Apt. 129' is set on object 'Object Repository/Employee-Onboarding/Employee_Contact_Details/Page_OrangeHRM/input_Street 2_oxd-input oxd-input--active'

27-12-2024T09:35:53 - [MESSAGE][PASSED] - Text 'Apt. 129' is set on object 'Object Repository/Employee-Onboarding/Employee_Contact_Details/Page_OrangeHRM/input_Street 2_oxd-input oxd-input--active'

27-12-2024T09:35:53 - [TEST_STEP][PASSED] - setText(findTestObject("Object Repository/Employee-Onboarding/Employee_Contact_Details/Page_OrangeHRM/input_City_oxd-input oxd-input--active"), City): Text 'New Edwardmouth' is set on object 'Object Repository/Employee-Onboarding/Employee_Contact_Details/Page_OrangeHRM/input_City_oxd-input oxd-input--active'

27-12-2024T09:35:54 - [MESSAGE][PASSED] - Text 'New Edwardmouth' is set on object 'Object Repository/Employee-Onboarding/Employee_Contact_Details/Page_OrangeHRM/input_City_oxd-input oxd-input--active'

27-12-2024T09:35:54 - [TEST_STEP][PASSED] - setText(findTestObject("Object Repository/Employee-Onboarding/Employee_Contact_Details/Page_OrangeHRM/input_StateProvince_oxd-input oxd-input--active"), State): Text 'Kentucky' is set on object 'Object Repository/Employee-Onboarding/Employee_Contact_Details/Page_OrangeHRM/input_StateProvince_oxd-input oxd-input--active'

27-12-2024T09:35:54 - [MESSAGE][PASSED] - Text 'Kentucky' is set on object 'Object Repository/Employee-Onboarding/Employee_Contact_Details/Page_OrangeHRM/input_StateProvince_oxd-input oxd-input--active'

27-12-2024T09:35:54 - [TEST_STEP][PASSED] - setText(findTestObject("Object Repository/Employee-Onboarding/Employee_Contact_Details/Page_OrangeHRM/input_ZipPostal Code_oxd-input oxd-input--active"), ZipCode): Text '86464' is set on object 'Object Repository/Employee-Onboarding/Employee_Contact_Details/Page_OrangeHRM/input_ZipPostal Code_oxd-input oxd-input--active'

27-12-2024T09:35:55 - [MESSAGE][PASSED] - Text '86464' is set on object 'Object Repository/Employee-Onboarding/Employee_Contact_Details/Page_OrangeHRM/input_ZipPostal Code_oxd-input oxd-input--active'

27-12-2024T09:35:55 - [TEST_STEP][PASSED] - click(findTestObject("Object Repository/Employee-Onboarding/Employee_Contact_Details/Page_OrangeHRM/i_-- Select --_oxd-icon bi-caret-up-fill ox_627fec")): Object: 'Object Repository/Employee-Onboarding/Employee_Contact_Details/Page_OrangeHRM/i_-- Select --_oxd-icon bi-caret-up-fill ox_627fec' is clicked on

27-12-2024T09:35:55 - [MESSAGE][PASSED] - Object: 'Object Repository/Employee-Onboarding/Employee_Contact_Details/Page_OrangeHRM/i_-- Select --_oxd-icon bi-caret-up-fill ox_627fec' is clicked on

27-12-2024T09:35:55 - [TEST_STEP][PASSED] - click(findTestObject("Employee-Onboarding/Employee_Salary_Detail_Objects/Page_OrangeHRM/custom_object_for_dropdown", ["value":Country])): Object: 'Object Repository/Employee-Onboarding/Employee_Salary_Detail_Objects/Page_OrangeHRM/custom_object_for_dropdown' is clicked on

27-12-2024T09:35:55 - [MESSAGE][PASSED] - Object: 'Object Repository/Employee-Onboarding/Employee_Salary_Detail_Objects/Page_OrangeHRM/custom_object_for_dropdown' is clicked on

27-12-2024T09:35:55 - [TEST_STEP][PASSED] - setText(findTestObject("Object Repository/Employee-Onboarding/Employee_Contact_Details/Page_OrangeHRM/input_Home_oxd-input oxd-input--focus"), Tel_Home): Text '437-928-6715' is set on object 'Object Repository/Employee-Onboarding/Employee_Contact_Details/Page_OrangeHRM/input_Home_oxd-input oxd-input--focus'

27-12-2024T09:35:56 - [MESSAGE][PASSED] - Text '437-928-6715' is set on object 'Object Repository/Employee-Onboarding/Employee_Contact_Details/Page_OrangeHRM/input_Home_oxd-input oxd-input--focus'

27-12-2024T09:35:56 - [TEST_STEP][PASSED] - setText(findTestObject("Object Repository/Employee-Onboarding/Employee_Contact_Details/Page_OrangeHRM/input_Mobile_oxd-input oxd-input--focus"), Tell_Mobile): Text '678-928-4612' is set on object 'Object Repository/Employee-Onboarding/Employee_Contact_Details/Page_OrangeHRM/input_Mobile_oxd-input oxd-input--focus'

27-12-2024T09:35:57 - [MESSAGE][PASSED] - Text '678-928-4612' is set on object 'Object Repository/Employee-Onboarding/Employee_Contact_Details/Page_OrangeHRM/input_Mobile_oxd-input oxd-input--focus'

27-12-2024T09:35:57 - [TEST_STEP][PASSED] - setText(findTestObject("Object Repository/Employee-Onboarding/Employee_Contact_Details/Page_OrangeHRM/input_Work_oxd-input oxd-input--focus"), Tel_Work): Text '530-928-5641' is set on object 'Object Repository/Employee-Onboarding/Employee_Contact_Details/Page_OrangeHRM/input_Work_oxd-input oxd-input--focus'

27-12-2024T09:35:57 - [MESSAGE][PASSED] - Text '530-928-5641' is set on object 'Object Repository/Employee-Onboarding/Employee_Contact_Details/Page_OrangeHRM/input_Work_oxd-input oxd-input--focus'

27-12-2024T09:35:57 - [TEST_STEP][PASSED] - setText(findTestObject("Object Repository/Employee-Onboarding/Employee_Contact_Details/Page_OrangeHRM/input_Work Email_oxd-input oxd-input--active"), Email_Work): Text 'zachary.martin@henderson.com' is set on object 'Object Repository/Employee-Onboarding/Employee_Contact_Details/Page_OrangeHRM/input_Work Email_oxd-input oxd-input--active'

27-12-2024T09:35:58 - [MESSAGE][PASSED] - Text 'zachary.martin@henderson.com' is set on object 'Object Repository/Employee-Onboarding/Employee_Contact_Details/Page_OrangeHRM/input_Work Email_oxd-input oxd-input--active'

27-12-2024T09:35:58 - [TEST_STEP][PASSED] - setText(findTestObject("Object Repository/Employee-Onboarding/Employee_Contact_Details/Page_OrangeHRM/input_Other Email_oxd-input oxd-input--focu_8ec2d9"), Email_Other): Text 'zachary.martin@trialwebmail.net' is set on object 'Object Repository/Employee-Onboarding/Employee_Contact_Details/Page_OrangeHRM/input_Other Email_oxd-input oxd-input--focu_8ec2d9'

27-12-2024T09:35:59 - [MESSAGE][PASSED] - Text 'zachary.martin@trialwebmail.net' is set on object 'Object Repository/Employee-Onboarding/Employee_Contact_Details/Page_OrangeHRM/input_Other Email_oxd-input oxd-input--focu_8ec2d9'

27-12-2024T09:35:59 - [TEST_STEP][PASSED] - click(findTestObject("Object Repository/Employee-Onboarding/Employee_Contact_Details/Page_OrangeHRM/button_Save")): Object: 'Object Repository/Employee-Onboarding/Employee_Contact_Details/Page_OrangeHRM/button_Save' is clicked on

27-12-2024T09:36:00 - [MESSAGE][PASSED] - Object: 'Object Repository/Employee-Onboarding/Employee_Contact_Details/Page_OrangeHRM/button_Save' is clicked on]]></system-out>
         <system-err><![CDATA[]]></system-err>
      </testcase>
      <testcase name="Test Cases/Employee_Onboarding/TC_Employee_Contact_Details" time="18.902" classname="Test Cases/Employee_Onboarding/TC_Employee_Contact_Details" status="PASSED">
         <system-out><![CDATA[27-12-2024T09:36:00 - [TEST_CASE][PASSED] - Test Cases/Employee_Onboarding/TC_Employee_Contact_Details: Test Cases/Employee_Onboarding/TC_Employee_Contact_Details

27-12-2024T09:36:00 - [TEST_STEP][PASSED] - click(findTestObject("Object Repository/Employee-Onboarding/Employee_Contact_Details/Page_OrangeHRM/a_PIM")): Object: 'Object Repository/Employee-Onboarding/Employee_Contact_Details/Page_OrangeHRM/a_PIM' is clicked on

27-12-2024T09:36:01 - [MESSAGE][PASSED] - Object: 'Object Repository/Employee-Onboarding/Employee_Contact_Details/Page_OrangeHRM/a_PIM' is clicked on

27-12-2024T09:36:01 - [TEST_STEP][PASSED] - setText(findTestObject("Object Repository/Employee-Onboarding/Employee_Contact_Details/Page_OrangeHRM/input"), Fullname): Text 'Terry Barnes' is set on object 'Object Repository/Employee-Onboarding/Employee_Contact_Details/Page_OrangeHRM/input'

27-12-2024T09:36:03 - [MESSAGE][PASSED] - Text 'Terry Barnes' is set on object 'Object Repository/Employee-Onboarding/Employee_Contact_Details/Page_OrangeHRM/input'

27-12-2024T09:36:03 - [TEST_STEP][PASSED] - click(findTestObject("Object Repository/Employee-Onboarding/Employee_Contact_Details/Page_OrangeHRM/button_Search")): Object: 'Object Repository/Employee-Onboarding/Employee_Contact_Details/Page_OrangeHRM/button_Search' is clicked on

27-12-2024T09:36:04 - [MESSAGE][PASSED] - Object: 'Object Repository/Employee-Onboarding/Employee_Contact_Details/Page_OrangeHRM/button_Search' is clicked on

27-12-2024T09:36:04 - [TEST_STEP][PASSED] - click(findTestObject("Object Repository/Employee-Onboarding/Employee_Contact_Details/Page_OrangeHRM/div_Actions_oxd-table-cell oxd-padding-cell")): Object: 'Object Repository/Employee-Onboarding/Employee_Contact_Details/Page_OrangeHRM/div_Actions_oxd-table-cell oxd-padding-cell' is clicked on

27-12-2024T09:36:06 - [MESSAGE][PASSED] - Object: 'Object Repository/Employee-Onboarding/Employee_Contact_Details/Page_OrangeHRM/div_Actions_oxd-table-cell oxd-padding-cell' is clicked on

27-12-2024T09:36:06 - [TEST_STEP][PASSED] - click(findTestObject("Object Repository/Employee-Onboarding/Employee_Contact_Details/Page_OrangeHRM/a_Contact Details")): Object: 'Object Repository/Employee-Onboarding/Employee_Contact_Details/Page_OrangeHRM/a_Contact Details' is clicked on

27-12-2024T09:36:09 - [MESSAGE][PASSED] - Object: 'Object Repository/Employee-Onboarding/Employee_Contact_Details/Page_OrangeHRM/a_Contact Details' is clicked on

27-12-2024T09:36:09 - [TEST_STEP][PASSED] - setText(findTestObject("Object Repository/Employee-Onboarding/Employee_Contact_Details/Page_OrangeHRM/input_Street 1_oxd-input oxd-input--focus"), Street1): Text '662 Dickerson Knolls Apt. 450' is set on object 'Object Repository/Employee-Onboarding/Employee_Contact_Details/Page_OrangeHRM/input_Street 1_oxd-input oxd-input--focus'

27-12-2024T09:36:11 - [MESSAGE][PASSED] - Text '662 Dickerson Knolls Apt. 450' is set on object 'Object Repository/Employee-Onboarding/Employee_Contact_Details/Page_OrangeHRM/input_Street 1_oxd-input oxd-input--focus'

27-12-2024T09:36:11 - [TEST_STEP][PASSED] - setText(findTestObject("Object Repository/Employee-Onboarding/Employee_Contact_Details/Page_OrangeHRM/input_Street 2_oxd-input oxd-input--active"), Street2): Text 'Apt. 013' is set on object 'Object Repository/Employee-Onboarding/Employee_Contact_Details/Page_OrangeHRM/input_Street 2_oxd-input oxd-input--active'

27-12-2024T09:36:12 - [MESSAGE][PASSED] - Text 'Apt. 013' is set on object 'Object Repository/Employee-Onboarding/Employee_Contact_Details/Page_OrangeHRM/input_Street 2_oxd-input oxd-input--active'

27-12-2024T09:36:12 - [TEST_STEP][PASSED] - setText(findTestObject("Object Repository/Employee-Onboarding/Employee_Contact_Details/Page_OrangeHRM/input_City_oxd-input oxd-input--active"), City): Text 'Arnoldside' is set on object 'Object Repository/Employee-Onboarding/Employee_Contact_Details/Page_OrangeHRM/input_City_oxd-input oxd-input--active'

27-12-2024T09:36:12 - [MESSAGE][PASSED] - Text 'Arnoldside' is set on object 'Object Repository/Employee-Onboarding/Employee_Contact_Details/Page_OrangeHRM/input_City_oxd-input oxd-input--active'

27-12-2024T09:36:12 - [TEST_STEP][PASSED] - setText(findTestObject("Object Repository/Employee-Onboarding/Employee_Contact_Details/Page_OrangeHRM/input_StateProvince_oxd-input oxd-input--active"), State): Text 'Indiana' is set on object 'Object Repository/Employee-Onboarding/Employee_Contact_Details/Page_OrangeHRM/input_StateProvince_oxd-input oxd-input--active'

27-12-2024T09:36:13 - [MESSAGE][PASSED] - Text 'Indiana' is set on object 'Object Repository/Employee-Onboarding/Employee_Contact_Details/Page_OrangeHRM/input_StateProvince_oxd-input oxd-input--active'

27-12-2024T09:36:13 - [TEST_STEP][PASSED] - setText(findTestObject("Object Repository/Employee-Onboarding/Employee_Contact_Details/Page_OrangeHRM/input_ZipPostal Code_oxd-input oxd-input--active"), ZipCode): Text '77564' is set on object 'Object Repository/Employee-Onboarding/Employee_Contact_Details/Page_OrangeHRM/input_ZipPostal Code_oxd-input oxd-input--active'

27-12-2024T09:36:13 - [MESSAGE][PASSED] - Text '77564' is set on object 'Object Repository/Employee-Onboarding/Employee_Contact_Details/Page_OrangeHRM/input_ZipPostal Code_oxd-input oxd-input--active'

27-12-2024T09:36:13 - [TEST_STEP][PASSED] - click(findTestObject("Object Repository/Employee-Onboarding/Employee_Contact_Details/Page_OrangeHRM/i_-- Select --_oxd-icon bi-caret-up-fill ox_627fec")): Object: 'Object Repository/Employee-Onboarding/Employee_Contact_Details/Page_OrangeHRM/i_-- Select --_oxd-icon bi-caret-up-fill ox_627fec' is clicked on

27-12-2024T09:36:14 - [MESSAGE][PASSED] - Object: 'Object Repository/Employee-Onboarding/Employee_Contact_Details/Page_OrangeHRM/i_-- Select --_oxd-icon bi-caret-up-fill ox_627fec' is clicked on

27-12-2024T09:36:14 - [TEST_STEP][PASSED] - click(findTestObject("Employee-Onboarding/Employee_Salary_Detail_Objects/Page_OrangeHRM/custom_object_for_dropdown", ["value":Country])): Object: 'Object Repository/Employee-Onboarding/Employee_Salary_Detail_Objects/Page_OrangeHRM/custom_object_for_dropdown' is clicked on

27-12-2024T09:36:14 - [MESSAGE][PASSED] - Object: 'Object Repository/Employee-Onboarding/Employee_Salary_Detail_Objects/Page_OrangeHRM/custom_object_for_dropdown' is clicked on

27-12-2024T09:36:14 - [TEST_STEP][PASSED] - setText(findTestObject("Object Repository/Employee-Onboarding/Employee_Contact_Details/Page_OrangeHRM/input_Home_oxd-input oxd-input--focus"), Tel_Home): Text '210-793-2468' is set on object 'Object Repository/Employee-Onboarding/Employee_Contact_Details/Page_OrangeHRM/input_Home_oxd-input oxd-input--focus'

27-12-2024T09:36:15 - [MESSAGE][PASSED] - Text '210-793-2468' is set on object 'Object Repository/Employee-Onboarding/Employee_Contact_Details/Page_OrangeHRM/input_Home_oxd-input oxd-input--focus'

27-12-2024T09:36:15 - [TEST_STEP][PASSED] - setText(findTestObject("Object Repository/Employee-Onboarding/Employee_Contact_Details/Page_OrangeHRM/input_Mobile_oxd-input oxd-input--focus"), Tell_Mobile): Text '730-487-5820' is set on object 'Object Repository/Employee-Onboarding/Employee_Contact_Details/Page_OrangeHRM/input_Mobile_oxd-input oxd-input--focus'

27-12-2024T09:36:15 - [MESSAGE][PASSED] - Text '730-487-5820' is set on object 'Object Repository/Employee-Onboarding/Employee_Contact_Details/Page_OrangeHRM/input_Mobile_oxd-input oxd-input--focus'

27-12-2024T09:36:15 - [TEST_STEP][PASSED] - setText(findTestObject("Object Repository/Employee-Onboarding/Employee_Contact_Details/Page_OrangeHRM/input_Work_oxd-input oxd-input--focus"), Tel_Work): Text '204-786-4958' is set on object 'Object Repository/Employee-Onboarding/Employee_Contact_Details/Page_OrangeHRM/input_Work_oxd-input oxd-input--focus'

27-12-2024T09:36:16 - [MESSAGE][PASSED] - Text '204-786-4958' is set on object 'Object Repository/Employee-Onboarding/Employee_Contact_Details/Page_OrangeHRM/input_Work_oxd-input oxd-input--focus'

27-12-2024T09:36:16 - [TEST_STEP][PASSED] - setText(findTestObject("Object Repository/Employee-Onboarding/Employee_Contact_Details/Page_OrangeHRM/input_Work Email_oxd-input oxd-input--active"), Email_Work): Text 'terry.barnes@heath.com' is set on object 'Object Repository/Employee-Onboarding/Employee_Contact_Details/Page_OrangeHRM/input_Work Email_oxd-input oxd-input--active'

27-12-2024T09:36:16 - [MESSAGE][PASSED] - Text 'terry.barnes@heath.com' is set on object 'Object Repository/Employee-Onboarding/Employee_Contact_Details/Page_OrangeHRM/input_Work Email_oxd-input oxd-input--active'

27-12-2024T09:36:16 - [TEST_STEP][PASSED] - setText(findTestObject("Object Repository/Employee-Onboarding/Employee_Contact_Details/Page_OrangeHRM/input_Other Email_oxd-input oxd-input--focu_8ec2d9"), Email_Other): Text 'terry.barnes@placeholdermail.org' is set on object 'Object Repository/Employee-Onboarding/Employee_Contact_Details/Page_OrangeHRM/input_Other Email_oxd-input oxd-input--focu_8ec2d9'

27-12-2024T09:36:18 - [MESSAGE][PASSED] - Text 'terry.barnes@placeholdermail.org' is set on object 'Object Repository/Employee-Onboarding/Employee_Contact_Details/Page_OrangeHRM/input_Other Email_oxd-input oxd-input--focu_8ec2d9'

27-12-2024T09:36:18 - [TEST_STEP][PASSED] - click(findTestObject("Object Repository/Employee-Onboarding/Employee_Contact_Details/Page_OrangeHRM/button_Save")): Object: 'Object Repository/Employee-Onboarding/Employee_Contact_Details/Page_OrangeHRM/button_Save' is clicked on

27-12-2024T09:36:19 - [MESSAGE][PASSED] - Object: 'Object Repository/Employee-Onboarding/Employee_Contact_Details/Page_OrangeHRM/button_Save' is clicked on]]></system-out>
         <system-err><![CDATA[]]></system-err>
      </testcase>
      <testcase name="Test Cases/Employee_Onboarding/TC_Employee_Contact_Details" time="18.473" classname="Test Cases/Employee_Onboarding/TC_Employee_Contact_Details" status="PASSED">
         <system-out><![CDATA[27-12-2024T09:36:19 - [TEST_CASE][PASSED] - Test Cases/Employee_Onboarding/TC_Employee_Contact_Details: Test Cases/Employee_Onboarding/TC_Employee_Contact_Details

27-12-2024T09:36:19 - [TEST_STEP][PASSED] - click(findTestObject("Object Repository/Employee-Onboarding/Employee_Contact_Details/Page_OrangeHRM/a_PIM")): Object: 'Object Repository/Employee-Onboarding/Employee_Contact_Details/Page_OrangeHRM/a_PIM' is clicked on

27-12-2024T09:36:20 - [MESSAGE][PASSED] - Object: 'Object Repository/Employee-Onboarding/Employee_Contact_Details/Page_OrangeHRM/a_PIM' is clicked on

27-12-2024T09:36:20 - [TEST_STEP][PASSED] - setText(findTestObject("Object Repository/Employee-Onboarding/Employee_Contact_Details/Page_OrangeHRM/input"), Fullname): Text 'Michelle Washington' is set on object 'Object Repository/Employee-Onboarding/Employee_Contact_Details/Page_OrangeHRM/input'

27-12-2024T09:36:22 - [MESSAGE][PASSED] - Text 'Michelle Washington' is set on object 'Object Repository/Employee-Onboarding/Employee_Contact_Details/Page_OrangeHRM/input'

27-12-2024T09:36:22 - [TEST_STEP][PASSED] - click(findTestObject("Object Repository/Employee-Onboarding/Employee_Contact_Details/Page_OrangeHRM/button_Search")): Object: 'Object Repository/Employee-Onboarding/Employee_Contact_Details/Page_OrangeHRM/button_Search' is clicked on

27-12-2024T09:36:23 - [MESSAGE][PASSED] - Object: 'Object Repository/Employee-Onboarding/Employee_Contact_Details/Page_OrangeHRM/button_Search' is clicked on

27-12-2024T09:36:23 - [TEST_STEP][PASSED] - click(findTestObject("Object Repository/Employee-Onboarding/Employee_Contact_Details/Page_OrangeHRM/div_Actions_oxd-table-cell oxd-padding-cell")): Object: 'Object Repository/Employee-Onboarding/Employee_Contact_Details/Page_OrangeHRM/div_Actions_oxd-table-cell oxd-padding-cell' is clicked on

27-12-2024T09:36:24 - [MESSAGE][PASSED] - Object: 'Object Repository/Employee-Onboarding/Employee_Contact_Details/Page_OrangeHRM/div_Actions_oxd-table-cell oxd-padding-cell' is clicked on

27-12-2024T09:36:24 - [TEST_STEP][PASSED] - click(findTestObject("Object Repository/Employee-Onboarding/Employee_Contact_Details/Page_OrangeHRM/a_Contact Details")): Object: 'Object Repository/Employee-Onboarding/Employee_Contact_Details/Page_OrangeHRM/a_Contact Details' is clicked on

27-12-2024T09:36:28 - [MESSAGE][PASSED] - Object: 'Object Repository/Employee-Onboarding/Employee_Contact_Details/Page_OrangeHRM/a_Contact Details' is clicked on

27-12-2024T09:36:28 - [TEST_STEP][PASSED] - setText(findTestObject("Object Repository/Employee-Onboarding/Employee_Contact_Details/Page_OrangeHRM/input_Street 1_oxd-input oxd-input--focus"), Street1): Text '063 Baker Estate Apt. 400' is set on object 'Object Repository/Employee-Onboarding/Employee_Contact_Details/Page_OrangeHRM/input_Street 1_oxd-input oxd-input--focus'

27-12-2024T09:36:30 - [MESSAGE][PASSED] - Text '063 Baker Estate Apt. 400' is set on object 'Object Repository/Employee-Onboarding/Employee_Contact_Details/Page_OrangeHRM/input_Street 1_oxd-input oxd-input--focus'

27-12-2024T09:36:30 - [TEST_STEP][PASSED] - setText(findTestObject("Object Repository/Employee-Onboarding/Employee_Contact_Details/Page_OrangeHRM/input_Street 2_oxd-input oxd-input--active"), Street2): Text 'Suite 628' is set on object 'Object Repository/Employee-Onboarding/Employee_Contact_Details/Page_OrangeHRM/input_Street 2_oxd-input oxd-input--active'

27-12-2024T09:36:31 - [MESSAGE][PASSED] - Text 'Suite 628' is set on object 'Object Repository/Employee-Onboarding/Employee_Contact_Details/Page_OrangeHRM/input_Street 2_oxd-input oxd-input--active'

27-12-2024T09:36:31 - [TEST_STEP][PASSED] - setText(findTestObject("Object Repository/Employee-Onboarding/Employee_Contact_Details/Page_OrangeHRM/input_City_oxd-input oxd-input--active"), City): Text 'West Theresa' is set on object 'Object Repository/Employee-Onboarding/Employee_Contact_Details/Page_OrangeHRM/input_City_oxd-input oxd-input--active'

27-12-2024T09:36:31 - [MESSAGE][PASSED] - Text 'West Theresa' is set on object 'Object Repository/Employee-Onboarding/Employee_Contact_Details/Page_OrangeHRM/input_City_oxd-input oxd-input--active'

27-12-2024T09:36:31 - [TEST_STEP][PASSED] - setText(findTestObject("Object Repository/Employee-Onboarding/Employee_Contact_Details/Page_OrangeHRM/input_StateProvince_oxd-input oxd-input--active"), State): Text 'Idaho' is set on object 'Object Repository/Employee-Onboarding/Employee_Contact_Details/Page_OrangeHRM/input_StateProvince_oxd-input oxd-input--active'

27-12-2024T09:36:32 - [MESSAGE][PASSED] - Text 'Idaho' is set on object 'Object Repository/Employee-Onboarding/Employee_Contact_Details/Page_OrangeHRM/input_StateProvince_oxd-input oxd-input--active'

27-12-2024T09:36:32 - [TEST_STEP][PASSED] - setText(findTestObject("Object Repository/Employee-Onboarding/Employee_Contact_Details/Page_OrangeHRM/input_ZipPostal Code_oxd-input oxd-input--active"), ZipCode): Text '16568' is set on object 'Object Repository/Employee-Onboarding/Employee_Contact_Details/Page_OrangeHRM/input_ZipPostal Code_oxd-input oxd-input--active'

27-12-2024T09:36:32 - [MESSAGE][PASSED] - Text '16568' is set on object 'Object Repository/Employee-Onboarding/Employee_Contact_Details/Page_OrangeHRM/input_ZipPostal Code_oxd-input oxd-input--active'

27-12-2024T09:36:32 - [TEST_STEP][PASSED] - click(findTestObject("Object Repository/Employee-Onboarding/Employee_Contact_Details/Page_OrangeHRM/i_-- Select --_oxd-icon bi-caret-up-fill ox_627fec")): Object: 'Object Repository/Employee-Onboarding/Employee_Contact_Details/Page_OrangeHRM/i_-- Select --_oxd-icon bi-caret-up-fill ox_627fec' is clicked on

27-12-2024T09:36:32 - [MESSAGE][PASSED] - Object: 'Object Repository/Employee-Onboarding/Employee_Contact_Details/Page_OrangeHRM/i_-- Select --_oxd-icon bi-caret-up-fill ox_627fec' is clicked on

27-12-2024T09:36:32 - [TEST_STEP][PASSED] - click(findTestObject("Employee-Onboarding/Employee_Salary_Detail_Objects/Page_OrangeHRM/custom_object_for_dropdown", ["value":Country])): Object: 'Object Repository/Employee-Onboarding/Employee_Salary_Detail_Objects/Page_OrangeHRM/custom_object_for_dropdown' is clicked on

27-12-2024T09:36:33 - [MESSAGE][PASSED] - Object: 'Object Repository/Employee-Onboarding/Employee_Salary_Detail_Objects/Page_OrangeHRM/custom_object_for_dropdown' is clicked on

27-12-2024T09:36:33 - [TEST_STEP][PASSED] - setText(findTestObject("Object Repository/Employee-Onboarding/Employee_Contact_Details/Page_OrangeHRM/input_Home_oxd-input oxd-input--focus"), Tel_Home): Text '321-485-7698' is set on object 'Object Repository/Employee-Onboarding/Employee_Contact_Details/Page_OrangeHRM/input_Home_oxd-input oxd-input--focus'

27-12-2024T09:36:34 - [MESSAGE][PASSED] - Text '321-485-7698' is set on object 'Object Repository/Employee-Onboarding/Employee_Contact_Details/Page_OrangeHRM/input_Home_oxd-input oxd-input--focus'

27-12-2024T09:36:34 - [TEST_STEP][PASSED] - setText(findTestObject("Object Repository/Employee-Onboarding/Employee_Contact_Details/Page_OrangeHRM/input_Mobile_oxd-input oxd-input--focus"), Tell_Mobile): Text '209-789-5620' is set on object 'Object Repository/Employee-Onboarding/Employee_Contact_Details/Page_OrangeHRM/input_Mobile_oxd-input oxd-input--focus'

27-12-2024T09:36:34 - [MESSAGE][PASSED] - Text '209-789-5620' is set on object 'Object Repository/Employee-Onboarding/Employee_Contact_Details/Page_OrangeHRM/input_Mobile_oxd-input oxd-input--focus'

27-12-2024T09:36:34 - [TEST_STEP][PASSED] - setText(findTestObject("Object Repository/Employee-Onboarding/Employee_Contact_Details/Page_OrangeHRM/input_Work_oxd-input oxd-input--focus"), Tel_Work): Text '598-623-7842' is set on object 'Object Repository/Employee-Onboarding/Employee_Contact_Details/Page_OrangeHRM/input_Work_oxd-input oxd-input--focus'

27-12-2024T09:36:35 - [MESSAGE][PASSED] - Text '598-623-7842' is set on object 'Object Repository/Employee-Onboarding/Employee_Contact_Details/Page_OrangeHRM/input_Work_oxd-input oxd-input--focus'

27-12-2024T09:36:35 - [TEST_STEP][PASSED] - setText(findTestObject("Object Repository/Employee-Onboarding/Employee_Contact_Details/Page_OrangeHRM/input_Work Email_oxd-input oxd-input--active"), Email_Work): Text 'michelle.washington@hobbs.org' is set on object 'Object Repository/Employee-Onboarding/Employee_Contact_Details/Page_OrangeHRM/input_Work Email_oxd-input oxd-input--active'

27-12-2024T09:36:35 - [MESSAGE][PASSED] - Text 'michelle.washington@hobbs.org' is set on object 'Object Repository/Employee-Onboarding/Employee_Contact_Details/Page_OrangeHRM/input_Work Email_oxd-input oxd-input--active'

27-12-2024T09:36:35 - [TEST_STEP][PASSED] - setText(findTestObject("Object Repository/Employee-Onboarding/Employee_Contact_Details/Page_OrangeHRM/input_Other Email_oxd-input oxd-input--focu_8ec2d9"), Email_Other): Text 'michelle.washington@mockedmail.com' is set on object 'Object Repository/Employee-Onboarding/Employee_Contact_Details/Page_OrangeHRM/input_Other Email_oxd-input oxd-input--focu_8ec2d9'

27-12-2024T09:36:37 - [MESSAGE][PASSED] - Text 'michelle.washington@mockedmail.com' is set on object 'Object Repository/Employee-Onboarding/Employee_Contact_Details/Page_OrangeHRM/input_Other Email_oxd-input oxd-input--focu_8ec2d9'

27-12-2024T09:36:37 - [TEST_STEP][PASSED] - click(findTestObject("Object Repository/Employee-Onboarding/Employee_Contact_Details/Page_OrangeHRM/button_Save")): Object: 'Object Repository/Employee-Onboarding/Employee_Contact_Details/Page_OrangeHRM/button_Save' is clicked on

27-12-2024T09:36:37 - [MESSAGE][PASSED] - Object: 'Object Repository/Employee-Onboarding/Employee_Contact_Details/Page_OrangeHRM/button_Save' is clicked on]]></system-out>
         <system-err><![CDATA[]]></system-err>
      </testcase>
      <testcase name="Test Cases/Employee_Onboarding/TC_Employee_Contact_Details" time="19.449" classname="Test Cases/Employee_Onboarding/TC_Employee_Contact_Details" status="PASSED">
         <system-out><![CDATA[27-12-2024T09:36:37 - [TEST_CASE][PASSED] - Test Cases/Employee_Onboarding/TC_Employee_Contact_Details: Test Cases/Employee_Onboarding/TC_Employee_Contact_Details

27-12-2024T09:36:37 - [TEST_STEP][PASSED] - click(findTestObject("Object Repository/Employee-Onboarding/Employee_Contact_Details/Page_OrangeHRM/a_PIM")): Object: 'Object Repository/Employee-Onboarding/Employee_Contact_Details/Page_OrangeHRM/a_PIM' is clicked on

27-12-2024T09:36:39 - [MESSAGE][PASSED] - Object: 'Object Repository/Employee-Onboarding/Employee_Contact_Details/Page_OrangeHRM/a_PIM' is clicked on

27-12-2024T09:36:39 - [TEST_STEP][PASSED] - setText(findTestObject("Object Repository/Employee-Onboarding/Employee_Contact_Details/Page_OrangeHRM/input"), Fullname): Text 'Paul Colon' is set on object 'Object Repository/Employee-Onboarding/Employee_Contact_Details/Page_OrangeHRM/input'

27-12-2024T09:36:41 - [MESSAGE][PASSED] - Text 'Paul Colon' is set on object 'Object Repository/Employee-Onboarding/Employee_Contact_Details/Page_OrangeHRM/input'

27-12-2024T09:36:41 - [TEST_STEP][PASSED] - click(findTestObject("Object Repository/Employee-Onboarding/Employee_Contact_Details/Page_OrangeHRM/button_Search")): Object: 'Object Repository/Employee-Onboarding/Employee_Contact_Details/Page_OrangeHRM/button_Search' is clicked on

27-12-2024T09:36:42 - [MESSAGE][PASSED] - Object: 'Object Repository/Employee-Onboarding/Employee_Contact_Details/Page_OrangeHRM/button_Search' is clicked on

27-12-2024T09:36:42 - [TEST_STEP][PASSED] - click(findTestObject("Object Repository/Employee-Onboarding/Employee_Contact_Details/Page_OrangeHRM/div_Actions_oxd-table-cell oxd-padding-cell")): Object: 'Object Repository/Employee-Onboarding/Employee_Contact_Details/Page_OrangeHRM/div_Actions_oxd-table-cell oxd-padding-cell' is clicked on

27-12-2024T09:36:44 - [MESSAGE][PASSED] - Object: 'Object Repository/Employee-Onboarding/Employee_Contact_Details/Page_OrangeHRM/div_Actions_oxd-table-cell oxd-padding-cell' is clicked on

27-12-2024T09:36:44 - [TEST_STEP][PASSED] - click(findTestObject("Object Repository/Employee-Onboarding/Employee_Contact_Details/Page_OrangeHRM/a_Contact Details")): Object: 'Object Repository/Employee-Onboarding/Employee_Contact_Details/Page_OrangeHRM/a_Contact Details' is clicked on

27-12-2024T09:36:47 - [MESSAGE][PASSED] - Object: 'Object Repository/Employee-Onboarding/Employee_Contact_Details/Page_OrangeHRM/a_Contact Details' is clicked on

27-12-2024T09:36:47 - [TEST_STEP][PASSED] - setText(findTestObject("Object Repository/Employee-Onboarding/Employee_Contact_Details/Page_OrangeHRM/input_Street 1_oxd-input oxd-input--focus"), Street1): Text '447 John Union Apt. 724' is set on object 'Object Repository/Employee-Onboarding/Employee_Contact_Details/Page_OrangeHRM/input_Street 1_oxd-input oxd-input--focus'

27-12-2024T09:36:50 - [MESSAGE][PASSED] - Text '447 John Union Apt. 724' is set on object 'Object Repository/Employee-Onboarding/Employee_Contact_Details/Page_OrangeHRM/input_Street 1_oxd-input oxd-input--focus'

27-12-2024T09:36:50 - [TEST_STEP][PASSED] - setText(findTestObject("Object Repository/Employee-Onboarding/Employee_Contact_Details/Page_OrangeHRM/input_Street 2_oxd-input oxd-input--active"), Street2): Text 'Suite 208' is set on object 'Object Repository/Employee-Onboarding/Employee_Contact_Details/Page_OrangeHRM/input_Street 2_oxd-input oxd-input--active'

27-12-2024T09:36:50 - [MESSAGE][PASSED] - Text 'Suite 208' is set on object 'Object Repository/Employee-Onboarding/Employee_Contact_Details/Page_OrangeHRM/input_Street 2_oxd-input oxd-input--active'

27-12-2024T09:36:50 - [TEST_STEP][PASSED] - setText(findTestObject("Object Repository/Employee-Onboarding/Employee_Contact_Details/Page_OrangeHRM/input_City_oxd-input oxd-input--active"), City): Text 'Johnsonport' is set on object 'Object Repository/Employee-Onboarding/Employee_Contact_Details/Page_OrangeHRM/input_City_oxd-input oxd-input--active'

27-12-2024T09:36:51 - [MESSAGE][PASSED] - Text 'Johnsonport' is set on object 'Object Repository/Employee-Onboarding/Employee_Contact_Details/Page_OrangeHRM/input_City_oxd-input oxd-input--active'

27-12-2024T09:36:51 - [TEST_STEP][PASSED] - setText(findTestObject("Object Repository/Employee-Onboarding/Employee_Contact_Details/Page_OrangeHRM/input_StateProvince_oxd-input oxd-input--active"), State): Text 'South Carolina' is set on object 'Object Repository/Employee-Onboarding/Employee_Contact_Details/Page_OrangeHRM/input_StateProvince_oxd-input oxd-input--active'

27-12-2024T09:36:51 - [MESSAGE][PASSED] - Text 'South Carolina' is set on object 'Object Repository/Employee-Onboarding/Employee_Contact_Details/Page_OrangeHRM/input_StateProvince_oxd-input oxd-input--active'

27-12-2024T09:36:51 - [TEST_STEP][PASSED] - setText(findTestObject("Object Repository/Employee-Onboarding/Employee_Contact_Details/Page_OrangeHRM/input_ZipPostal Code_oxd-input oxd-input--active"), ZipCode): Text '36565' is set on object 'Object Repository/Employee-Onboarding/Employee_Contact_Details/Page_OrangeHRM/input_ZipPostal Code_oxd-input oxd-input--active'

27-12-2024T09:36:52 - [MESSAGE][PASSED] - Text '36565' is set on object 'Object Repository/Employee-Onboarding/Employee_Contact_Details/Page_OrangeHRM/input_ZipPostal Code_oxd-input oxd-input--active'

27-12-2024T09:36:52 - [TEST_STEP][PASSED] - click(findTestObject("Object Repository/Employee-Onboarding/Employee_Contact_Details/Page_OrangeHRM/i_-- Select --_oxd-icon bi-caret-up-fill ox_627fec")): Object: 'Object Repository/Employee-Onboarding/Employee_Contact_Details/Page_OrangeHRM/i_-- Select --_oxd-icon bi-caret-up-fill ox_627fec' is clicked on

27-12-2024T09:36:52 - [MESSAGE][PASSED] - Object: 'Object Repository/Employee-Onboarding/Employee_Contact_Details/Page_OrangeHRM/i_-- Select --_oxd-icon bi-caret-up-fill ox_627fec' is clicked on

27-12-2024T09:36:52 - [TEST_STEP][PASSED] - click(findTestObject("Employee-Onboarding/Employee_Salary_Detail_Objects/Page_OrangeHRM/custom_object_for_dropdown", ["value":Country])): Object: 'Object Repository/Employee-Onboarding/Employee_Salary_Detail_Objects/Page_OrangeHRM/custom_object_for_dropdown' is clicked on

27-12-2024T09:36:52 - [MESSAGE][PASSED] - Object: 'Object Repository/Employee-Onboarding/Employee_Salary_Detail_Objects/Page_OrangeHRM/custom_object_for_dropdown' is clicked on

27-12-2024T09:36:52 - [TEST_STEP][PASSED] - setText(findTestObject("Object Repository/Employee-Onboarding/Employee_Contact_Details/Page_OrangeHRM/input_Home_oxd-input oxd-input--focus"), Tel_Home): Text '430-582-1098' is set on object 'Object Repository/Employee-Onboarding/Employee_Contact_Details/Page_OrangeHRM/input_Home_oxd-input oxd-input--focus'

27-12-2024T09:36:53 - [MESSAGE][PASSED] - Text '430-582-1098' is set on object 'Object Repository/Employee-Onboarding/Employee_Contact_Details/Page_OrangeHRM/input_Home_oxd-input oxd-input--focus'

27-12-2024T09:36:53 - [TEST_STEP][PASSED] - setText(findTestObject("Object Repository/Employee-Onboarding/Employee_Contact_Details/Page_OrangeHRM/input_Mobile_oxd-input oxd-input--focus"), Tell_Mobile): Text '501-276-3948' is set on object 'Object Repository/Employee-Onboarding/Employee_Contact_Details/Page_OrangeHRM/input_Mobile_oxd-input oxd-input--focus'

27-12-2024T09:36:53 - [MESSAGE][PASSED] - Text '501-276-3948' is set on object 'Object Repository/Employee-Onboarding/Employee_Contact_Details/Page_OrangeHRM/input_Mobile_oxd-input oxd-input--focus'

27-12-2024T09:36:53 - [TEST_STEP][PASSED] - setText(findTestObject("Object Repository/Employee-Onboarding/Employee_Contact_Details/Page_OrangeHRM/input_Work_oxd-input oxd-input--focus"), Tel_Work): Text '810-948-3621' is set on object 'Object Repository/Employee-Onboarding/Employee_Contact_Details/Page_OrangeHRM/input_Work_oxd-input oxd-input--focus'

27-12-2024T09:36:54 - [MESSAGE][PASSED] - Text '810-948-3621' is set on object 'Object Repository/Employee-Onboarding/Employee_Contact_Details/Page_OrangeHRM/input_Work_oxd-input oxd-input--focus'

27-12-2024T09:36:54 - [TEST_STEP][PASSED] - setText(findTestObject("Object Repository/Employee-Onboarding/Employee_Contact_Details/Page_OrangeHRM/input_Work Email_oxd-input oxd-input--active"), Email_Work): Text 'paul.colon@pittman.info' is set on object 'Object Repository/Employee-Onboarding/Employee_Contact_Details/Page_OrangeHRM/input_Work Email_oxd-input oxd-input--active'

27-12-2024T09:36:54 - [MESSAGE][PASSED] - Text 'paul.colon@pittman.info' is set on object 'Object Repository/Employee-Onboarding/Employee_Contact_Details/Page_OrangeHRM/input_Work Email_oxd-input oxd-input--active'

27-12-2024T09:36:54 - [TEST_STEP][PASSED] - setText(findTestObject("Object Repository/Employee-Onboarding/Employee_Contact_Details/Page_OrangeHRM/input_Other Email_oxd-input oxd-input--focu_8ec2d9"), Email_Other): Text 'paul.colon@notrealmailhub.org' is set on object 'Object Repository/Employee-Onboarding/Employee_Contact_Details/Page_OrangeHRM/input_Other Email_oxd-input oxd-input--focu_8ec2d9'

27-12-2024T09:36:56 - [MESSAGE][PASSED] - Text 'paul.colon@notrealmailhub.org' is set on object 'Object Repository/Employee-Onboarding/Employee_Contact_Details/Page_OrangeHRM/input_Other Email_oxd-input oxd-input--focu_8ec2d9'

27-12-2024T09:36:56 - [TEST_STEP][PASSED] - click(findTestObject("Object Repository/Employee-Onboarding/Employee_Contact_Details/Page_OrangeHRM/button_Save")): Object: 'Object Repository/Employee-Onboarding/Employee_Contact_Details/Page_OrangeHRM/button_Save' is clicked on

27-12-2024T09:36:57 - [MESSAGE][PASSED] - Object: 'Object Repository/Employee-Onboarding/Employee_Contact_Details/Page_OrangeHRM/button_Save' is clicked on]]></system-out>
         <system-err><![CDATA[]]></system-err>
      </testcase>
      <testcase name="Test Cases/Employee_Onboarding/TC_Employee_Contact_Details" time="18.752" classname="Test Cases/Employee_Onboarding/TC_Employee_Contact_Details" status="PASSED">
         <system-out><![CDATA[27-12-2024T09:36:57 - [TEST_CASE][PASSED] - Test Cases/Employee_Onboarding/TC_Employee_Contact_Details: Test Cases/Employee_Onboarding/TC_Employee_Contact_Details

27-12-2024T09:36:57 - [TEST_STEP][PASSED] - click(findTestObject("Object Repository/Employee-Onboarding/Employee_Contact_Details/Page_OrangeHRM/a_PIM")): Object: 'Object Repository/Employee-Onboarding/Employee_Contact_Details/Page_OrangeHRM/a_PIM' is clicked on

27-12-2024T09:36:58 - [MESSAGE][PASSED] - Object: 'Object Repository/Employee-Onboarding/Employee_Contact_Details/Page_OrangeHRM/a_PIM' is clicked on

27-12-2024T09:36:58 - [TEST_STEP][PASSED] - setText(findTestObject("Object Repository/Employee-Onboarding/Employee_Contact_Details/Page_OrangeHRM/input"), Fullname): Text 'Amanda Howe' is set on object 'Object Repository/Employee-Onboarding/Employee_Contact_Details/Page_OrangeHRM/input'

27-12-2024T09:37:01 - [MESSAGE][PASSED] - Text 'Amanda Howe' is set on object 'Object Repository/Employee-Onboarding/Employee_Contact_Details/Page_OrangeHRM/input'

27-12-2024T09:37:01 - [TEST_STEP][PASSED] - click(findTestObject("Object Repository/Employee-Onboarding/Employee_Contact_Details/Page_OrangeHRM/button_Search")): Object: 'Object Repository/Employee-Onboarding/Employee_Contact_Details/Page_OrangeHRM/button_Search' is clicked on

27-12-2024T09:37:01 - [MESSAGE][PASSED] - Object: 'Object Repository/Employee-Onboarding/Employee_Contact_Details/Page_OrangeHRM/button_Search' is clicked on

27-12-2024T09:37:01 - [TEST_STEP][PASSED] - click(findTestObject("Object Repository/Employee-Onboarding/Employee_Contact_Details/Page_OrangeHRM/div_Actions_oxd-table-cell oxd-padding-cell")): Object: 'Object Repository/Employee-Onboarding/Employee_Contact_Details/Page_OrangeHRM/div_Actions_oxd-table-cell oxd-padding-cell' is clicked on

27-12-2024T09:37:03 - [MESSAGE][PASSED] - Object: 'Object Repository/Employee-Onboarding/Employee_Contact_Details/Page_OrangeHRM/div_Actions_oxd-table-cell oxd-padding-cell' is clicked on

27-12-2024T09:37:03 - [TEST_STEP][PASSED] - click(findTestObject("Object Repository/Employee-Onboarding/Employee_Contact_Details/Page_OrangeHRM/a_Contact Details")): Object: 'Object Repository/Employee-Onboarding/Employee_Contact_Details/Page_OrangeHRM/a_Contact Details' is clicked on

27-12-2024T09:37:06 - [MESSAGE][PASSED] - Object: 'Object Repository/Employee-Onboarding/Employee_Contact_Details/Page_OrangeHRM/a_Contact Details' is clicked on

27-12-2024T09:37:06 - [TEST_STEP][PASSED] - setText(findTestObject("Object Repository/Employee-Onboarding/Employee_Contact_Details/Page_OrangeHRM/input_Street 1_oxd-input oxd-input--focus"), Street1): Text '333 Ronald Corner' is set on object 'Object Repository/Employee-Onboarding/Employee_Contact_Details/Page_OrangeHRM/input_Street 1_oxd-input oxd-input--focus'

27-12-2024T09:37:08 - [MESSAGE][PASSED] - Text '333 Ronald Corner' is set on object 'Object Repository/Employee-Onboarding/Employee_Contact_Details/Page_OrangeHRM/input_Street 1_oxd-input oxd-input--focus'

27-12-2024T09:37:08 - [TEST_STEP][PASSED] - setText(findTestObject("Object Repository/Employee-Onboarding/Employee_Contact_Details/Page_OrangeHRM/input_Street 2_oxd-input oxd-input--active"), Street2): Text 'Suite 433' is set on object 'Object Repository/Employee-Onboarding/Employee_Contact_Details/Page_OrangeHRM/input_Street 2_oxd-input oxd-input--active'

27-12-2024T09:37:09 - [MESSAGE][PASSED] - Text 'Suite 433' is set on object 'Object Repository/Employee-Onboarding/Employee_Contact_Details/Page_OrangeHRM/input_Street 2_oxd-input oxd-input--active'

27-12-2024T09:37:09 - [TEST_STEP][PASSED] - setText(findTestObject("Object Repository/Employee-Onboarding/Employee_Contact_Details/Page_OrangeHRM/input_City_oxd-input oxd-input--active"), City): Text 'Brownshire' is set on object 'Object Repository/Employee-Onboarding/Employee_Contact_Details/Page_OrangeHRM/input_City_oxd-input oxd-input--active'

27-12-2024T09:37:09 - [MESSAGE][PASSED] - Text 'Brownshire' is set on object 'Object Repository/Employee-Onboarding/Employee_Contact_Details/Page_OrangeHRM/input_City_oxd-input oxd-input--active'

27-12-2024T09:37:09 - [TEST_STEP][PASSED] - setText(findTestObject("Object Repository/Employee-Onboarding/Employee_Contact_Details/Page_OrangeHRM/input_StateProvince_oxd-input oxd-input--active"), State): Text 'Vermont' is set on object 'Object Repository/Employee-Onboarding/Employee_Contact_Details/Page_OrangeHRM/input_StateProvince_oxd-input oxd-input--active'

27-12-2024T09:37:10 - [MESSAGE][PASSED] - Text 'Vermont' is set on object 'Object Repository/Employee-Onboarding/Employee_Contact_Details/Page_OrangeHRM/input_StateProvince_oxd-input oxd-input--active'

27-12-2024T09:37:10 - [TEST_STEP][PASSED] - setText(findTestObject("Object Repository/Employee-Onboarding/Employee_Contact_Details/Page_OrangeHRM/input_ZipPostal Code_oxd-input oxd-input--active"), ZipCode): Text '77339' is set on object 'Object Repository/Employee-Onboarding/Employee_Contact_Details/Page_OrangeHRM/input_ZipPostal Code_oxd-input oxd-input--active'

27-12-2024T09:37:10 - [MESSAGE][PASSED] - Text '77339' is set on object 'Object Repository/Employee-Onboarding/Employee_Contact_Details/Page_OrangeHRM/input_ZipPostal Code_oxd-input oxd-input--active'

27-12-2024T09:37:10 - [TEST_STEP][PASSED] - click(findTestObject("Object Repository/Employee-Onboarding/Employee_Contact_Details/Page_OrangeHRM/i_-- Select --_oxd-icon bi-caret-up-fill ox_627fec")): Object: 'Object Repository/Employee-Onboarding/Employee_Contact_Details/Page_OrangeHRM/i_-- Select --_oxd-icon bi-caret-up-fill ox_627fec' is clicked on

27-12-2024T09:37:11 - [MESSAGE][PASSED] - Object: 'Object Repository/Employee-Onboarding/Employee_Contact_Details/Page_OrangeHRM/i_-- Select --_oxd-icon bi-caret-up-fill ox_627fec' is clicked on

27-12-2024T09:37:11 - [TEST_STEP][PASSED] - click(findTestObject("Employee-Onboarding/Employee_Salary_Detail_Objects/Page_OrangeHRM/custom_object_for_dropdown", ["value":Country])): Object: 'Object Repository/Employee-Onboarding/Employee_Salary_Detail_Objects/Page_OrangeHRM/custom_object_for_dropdown' is clicked on

27-12-2024T09:37:11 - [MESSAGE][PASSED] - Object: 'Object Repository/Employee-Onboarding/Employee_Salary_Detail_Objects/Page_OrangeHRM/custom_object_for_dropdown' is clicked on

27-12-2024T09:37:11 - [TEST_STEP][PASSED] - setText(findTestObject("Object Repository/Employee-Onboarding/Employee_Contact_Details/Page_OrangeHRM/input_Home_oxd-input oxd-input--focus"), Tel_Home): Text '765-834-5671' is set on object 'Object Repository/Employee-Onboarding/Employee_Contact_Details/Page_OrangeHRM/input_Home_oxd-input oxd-input--focus'

27-12-2024T09:37:12 - [MESSAGE][PASSED] - Text '765-834-5671' is set on object 'Object Repository/Employee-Onboarding/Employee_Contact_Details/Page_OrangeHRM/input_Home_oxd-input oxd-input--focus'

27-12-2024T09:37:12 - [TEST_STEP][PASSED] - setText(findTestObject("Object Repository/Employee-Onboarding/Employee_Contact_Details/Page_OrangeHRM/input_Mobile_oxd-input oxd-input--focus"), Tell_Mobile): Text '938-576-2048' is set on object 'Object Repository/Employee-Onboarding/Employee_Contact_Details/Page_OrangeHRM/input_Mobile_oxd-input oxd-input--focus'

27-12-2024T09:37:12 - [MESSAGE][PASSED] - Text '938-576-2048' is set on object 'Object Repository/Employee-Onboarding/Employee_Contact_Details/Page_OrangeHRM/input_Mobile_oxd-input oxd-input--focus'

27-12-2024T09:37:12 - [TEST_STEP][PASSED] - setText(findTestObject("Object Repository/Employee-Onboarding/Employee_Contact_Details/Page_OrangeHRM/input_Work_oxd-input oxd-input--focus"), Tel_Work): Text '940-276-5931' is set on object 'Object Repository/Employee-Onboarding/Employee_Contact_Details/Page_OrangeHRM/input_Work_oxd-input oxd-input--focus'

27-12-2024T09:37:13 - [MESSAGE][PASSED] - Text '940-276-5931' is set on object 'Object Repository/Employee-Onboarding/Employee_Contact_Details/Page_OrangeHRM/input_Work_oxd-input oxd-input--focus'

27-12-2024T09:37:13 - [TEST_STEP][PASSED] - setText(findTestObject("Object Repository/Employee-Onboarding/Employee_Contact_Details/Page_OrangeHRM/input_Work Email_oxd-input oxd-input--active"), Email_Work): Text 'amanda.howe@dunn-clark.com' is set on object 'Object Repository/Employee-Onboarding/Employee_Contact_Details/Page_OrangeHRM/input_Work Email_oxd-input oxd-input--active'

27-12-2024T09:37:13 - [MESSAGE][PASSED] - Text 'amanda.howe@dunn-clark.com' is set on object 'Object Repository/Employee-Onboarding/Employee_Contact_Details/Page_OrangeHRM/input_Work Email_oxd-input oxd-input--active'

27-12-2024T09:37:13 - [TEST_STEP][PASSED] - setText(findTestObject("Object Repository/Employee-Onboarding/Employee_Contact_Details/Page_OrangeHRM/input_Other Email_oxd-input oxd-input--focu_8ec2d9"), Email_Other): Text 'amanda.howe@fakeemails.org' is set on object 'Object Repository/Employee-Onboarding/Employee_Contact_Details/Page_OrangeHRM/input_Other Email_oxd-input oxd-input--focu_8ec2d9'

27-12-2024T09:37:15 - [MESSAGE][PASSED] - Text 'amanda.howe@fakeemails.org' is set on object 'Object Repository/Employee-Onboarding/Employee_Contact_Details/Page_OrangeHRM/input_Other Email_oxd-input oxd-input--focu_8ec2d9'

27-12-2024T09:37:15 - [TEST_STEP][PASSED] - click(findTestObject("Object Repository/Employee-Onboarding/Employee_Contact_Details/Page_OrangeHRM/button_Save")): Object: 'Object Repository/Employee-Onboarding/Employee_Contact_Details/Page_OrangeHRM/button_Save' is clicked on

27-12-2024T09:37:15 - [MESSAGE][PASSED] - Object: 'Object Repository/Employee-Onboarding/Employee_Contact_Details/Page_OrangeHRM/button_Save' is clicked on]]></system-out>
         <system-err><![CDATA[]]></system-err>
      </testcase>
      <testcase name="Test Cases/Employee_Onboarding/TC_Employee_Contact_Details" time="21.601" classname="Test Cases/Employee_Onboarding/TC_Employee_Contact_Details" status="PASSED">
         <system-out><![CDATA[27-12-2024T09:37:15 - [TEST_CASE][PASSED] - Test Cases/Employee_Onboarding/TC_Employee_Contact_Details: Test Cases/Employee_Onboarding/TC_Employee_Contact_Details

27-12-2024T09:37:15 - [TEST_STEP][PASSED] - click(findTestObject("Object Repository/Employee-Onboarding/Employee_Contact_Details/Page_OrangeHRM/a_PIM")): Object: 'Object Repository/Employee-Onboarding/Employee_Contact_Details/Page_OrangeHRM/a_PIM' is clicked on

27-12-2024T09:37:17 - [MESSAGE][PASSED] - Object: 'Object Repository/Employee-Onboarding/Employee_Contact_Details/Page_OrangeHRM/a_PIM' is clicked on

27-12-2024T09:37:17 - [TEST_STEP][PASSED] - setText(findTestObject("Object Repository/Employee-Onboarding/Employee_Contact_Details/Page_OrangeHRM/input"), Fullname): Text 'Caleb Garner' is set on object 'Object Repository/Employee-Onboarding/Employee_Contact_Details/Page_OrangeHRM/input'

27-12-2024T09:37:19 - [MESSAGE][PASSED] - Text 'Caleb Garner' is set on object 'Object Repository/Employee-Onboarding/Employee_Contact_Details/Page_OrangeHRM/input'

27-12-2024T09:37:19 - [TEST_STEP][PASSED] - click(findTestObject("Object Repository/Employee-Onboarding/Employee_Contact_Details/Page_OrangeHRM/button_Search")): Object: 'Object Repository/Employee-Onboarding/Employee_Contact_Details/Page_OrangeHRM/button_Search' is clicked on

27-12-2024T09:37:20 - [MESSAGE][PASSED] - Object: 'Object Repository/Employee-Onboarding/Employee_Contact_Details/Page_OrangeHRM/button_Search' is clicked on

27-12-2024T09:37:20 - [TEST_STEP][PASSED] - click(findTestObject("Object Repository/Employee-Onboarding/Employee_Contact_Details/Page_OrangeHRM/div_Actions_oxd-table-cell oxd-padding-cell")): Object: 'Object Repository/Employee-Onboarding/Employee_Contact_Details/Page_OrangeHRM/div_Actions_oxd-table-cell oxd-padding-cell' is clicked on

27-12-2024T09:37:21 - [MESSAGE][PASSED] - Object: 'Object Repository/Employee-Onboarding/Employee_Contact_Details/Page_OrangeHRM/div_Actions_oxd-table-cell oxd-padding-cell' is clicked on

27-12-2024T09:37:21 - [TEST_STEP][PASSED] - click(findTestObject("Object Repository/Employee-Onboarding/Employee_Contact_Details/Page_OrangeHRM/a_Contact Details")): Object: 'Object Repository/Employee-Onboarding/Employee_Contact_Details/Page_OrangeHRM/a_Contact Details' is clicked on

27-12-2024T09:37:27 - [MESSAGE][PASSED] - Object: 'Object Repository/Employee-Onboarding/Employee_Contact_Details/Page_OrangeHRM/a_Contact Details' is clicked on

27-12-2024T09:37:27 - [TEST_STEP][PASSED] - setText(findTestObject("Object Repository/Employee-Onboarding/Employee_Contact_Details/Page_OrangeHRM/input_Street 1_oxd-input oxd-input--focus"), Street1): Text '1087 Lori Wall Suite 022' is set on object 'Object Repository/Employee-Onboarding/Employee_Contact_Details/Page_OrangeHRM/input_Street 1_oxd-input oxd-input--focus'

27-12-2024T09:37:30 - [MESSAGE][PASSED] - Text '1087 Lori Wall Suite 022' is set on object 'Object Repository/Employee-Onboarding/Employee_Contact_Details/Page_OrangeHRM/input_Street 1_oxd-input oxd-input--focus'

27-12-2024T09:37:30 - [TEST_STEP][PASSED] - setText(findTestObject("Object Repository/Employee-Onboarding/Employee_Contact_Details/Page_OrangeHRM/input_Street 2_oxd-input oxd-input--active"), Street2): Text 'Suite 880' is set on object 'Object Repository/Employee-Onboarding/Employee_Contact_Details/Page_OrangeHRM/input_Street 2_oxd-input oxd-input--active'

27-12-2024T09:37:30 - [MESSAGE][PASSED] - Text 'Suite 880' is set on object 'Object Repository/Employee-Onboarding/Employee_Contact_Details/Page_OrangeHRM/input_Street 2_oxd-input oxd-input--active'

27-12-2024T09:37:30 - [TEST_STEP][PASSED] - setText(findTestObject("Object Repository/Employee-Onboarding/Employee_Contact_Details/Page_OrangeHRM/input_City_oxd-input oxd-input--active"), City): Text 'Port Sydney' is set on object 'Object Repository/Employee-Onboarding/Employee_Contact_Details/Page_OrangeHRM/input_City_oxd-input oxd-input--active'

27-12-2024T09:37:31 - [MESSAGE][PASSED] - Text 'Port Sydney' is set on object 'Object Repository/Employee-Onboarding/Employee_Contact_Details/Page_OrangeHRM/input_City_oxd-input oxd-input--active'

27-12-2024T09:37:31 - [TEST_STEP][PASSED] - setText(findTestObject("Object Repository/Employee-Onboarding/Employee_Contact_Details/Page_OrangeHRM/input_StateProvince_oxd-input oxd-input--active"), State): Text 'Missouri' is set on object 'Object Repository/Employee-Onboarding/Employee_Contact_Details/Page_OrangeHRM/input_StateProvince_oxd-input oxd-input--active'

27-12-2024T09:37:31 - [MESSAGE][PASSED] - Text 'Missouri' is set on object 'Object Repository/Employee-Onboarding/Employee_Contact_Details/Page_OrangeHRM/input_StateProvince_oxd-input oxd-input--active'

27-12-2024T09:37:31 - [TEST_STEP][PASSED] - setText(findTestObject("Object Repository/Employee-Onboarding/Employee_Contact_Details/Page_OrangeHRM/input_ZipPostal Code_oxd-input oxd-input--active"), ZipCode): Text '36898' is set on object 'Object Repository/Employee-Onboarding/Employee_Contact_Details/Page_OrangeHRM/input_ZipPostal Code_oxd-input oxd-input--active'

27-12-2024T09:37:32 - [MESSAGE][PASSED] - Text '36898' is set on object 'Object Repository/Employee-Onboarding/Employee_Contact_Details/Page_OrangeHRM/input_ZipPostal Code_oxd-input oxd-input--active'

27-12-2024T09:37:32 - [TEST_STEP][PASSED] - click(findTestObject("Object Repository/Employee-Onboarding/Employee_Contact_Details/Page_OrangeHRM/i_-- Select --_oxd-icon bi-caret-up-fill ox_627fec")): Object: 'Object Repository/Employee-Onboarding/Employee_Contact_Details/Page_OrangeHRM/i_-- Select --_oxd-icon bi-caret-up-fill ox_627fec' is clicked on

27-12-2024T09:37:32 - [MESSAGE][PASSED] - Object: 'Object Repository/Employee-Onboarding/Employee_Contact_Details/Page_OrangeHRM/i_-- Select --_oxd-icon bi-caret-up-fill ox_627fec' is clicked on

27-12-2024T09:37:32 - [TEST_STEP][PASSED] - click(findTestObject("Employee-Onboarding/Employee_Salary_Detail_Objects/Page_OrangeHRM/custom_object_for_dropdown", ["value":Country])): Object: 'Object Repository/Employee-Onboarding/Employee_Salary_Detail_Objects/Page_OrangeHRM/custom_object_for_dropdown' is clicked on

27-12-2024T09:37:33 - [MESSAGE][PASSED] - Object: 'Object Repository/Employee-Onboarding/Employee_Salary_Detail_Objects/Page_OrangeHRM/custom_object_for_dropdown' is clicked on

27-12-2024T09:37:33 - [TEST_STEP][PASSED] - setText(findTestObject("Object Repository/Employee-Onboarding/Employee_Contact_Details/Page_OrangeHRM/input_Home_oxd-input oxd-input--focus"), Tel_Home): Text '543-289-7654' is set on object 'Object Repository/Employee-Onboarding/Employee_Contact_Details/Page_OrangeHRM/input_Home_oxd-input oxd-input--focus'

27-12-2024T09:37:33 - [MESSAGE][PASSED] - Text '543-289-7654' is set on object 'Object Repository/Employee-Onboarding/Employee_Contact_Details/Page_OrangeHRM/input_Home_oxd-input oxd-input--focus'

27-12-2024T09:37:33 - [TEST_STEP][PASSED] - setText(findTestObject("Object Repository/Employee-Onboarding/Employee_Contact_Details/Page_OrangeHRM/input_Mobile_oxd-input oxd-input--focus"), Tell_Mobile): Text '378-659-9827' is set on object 'Object Repository/Employee-Onboarding/Employee_Contact_Details/Page_OrangeHRM/input_Mobile_oxd-input oxd-input--focus'

27-12-2024T09:37:34 - [MESSAGE][PASSED] - Text '378-659-9827' is set on object 'Object Repository/Employee-Onboarding/Employee_Contact_Details/Page_OrangeHRM/input_Mobile_oxd-input oxd-input--focus'

27-12-2024T09:37:34 - [TEST_STEP][PASSED] - setText(findTestObject("Object Repository/Employee-Onboarding/Employee_Contact_Details/Page_OrangeHRM/input_Work_oxd-input oxd-input--focus"), Tel_Work): Text '402-546-1928' is set on object 'Object Repository/Employee-Onboarding/Employee_Contact_Details/Page_OrangeHRM/input_Work_oxd-input oxd-input--focus'

27-12-2024T09:37:34 - [MESSAGE][PASSED] - Text '402-546-1928' is set on object 'Object Repository/Employee-Onboarding/Employee_Contact_Details/Page_OrangeHRM/input_Work_oxd-input oxd-input--focus'

27-12-2024T09:37:34 - [TEST_STEP][PASSED] - setText(findTestObject("Object Repository/Employee-Onboarding/Employee_Contact_Details/Page_OrangeHRM/input_Work Email_oxd-input oxd-input--active"), Email_Work): Text 'caleb.garner@cook.com' is set on object 'Object Repository/Employee-Onboarding/Employee_Contact_Details/Page_OrangeHRM/input_Work Email_oxd-input oxd-input--active'

27-12-2024T09:37:35 - [MESSAGE][PASSED] - Text 'caleb.garner@cook.com' is set on object 'Object Repository/Employee-Onboarding/Employee_Contact_Details/Page_OrangeHRM/input_Work Email_oxd-input oxd-input--active'

27-12-2024T09:37:35 - [TEST_STEP][PASSED] - setText(findTestObject("Object Repository/Employee-Onboarding/Employee_Contact_Details/Page_OrangeHRM/input_Other Email_oxd-input oxd-input--focu_8ec2d9"), Email_Other): Text 'caleb.garner@simulatedinbox.net' is set on object 'Object Repository/Employee-Onboarding/Employee_Contact_Details/Page_OrangeHRM/input_Other Email_oxd-input oxd-input--focu_8ec2d9'

27-12-2024T09:37:37 - [MESSAGE][PASSED] - Text 'caleb.garner@simulatedinbox.net' is set on object 'Object Repository/Employee-Onboarding/Employee_Contact_Details/Page_OrangeHRM/input_Other Email_oxd-input oxd-input--focu_8ec2d9'

27-12-2024T09:37:37 - [TEST_STEP][PASSED] - click(findTestObject("Object Repository/Employee-Onboarding/Employee_Contact_Details/Page_OrangeHRM/button_Save")): Object: 'Object Repository/Employee-Onboarding/Employee_Contact_Details/Page_OrangeHRM/button_Save' is clicked on

27-12-2024T09:37:37 - [MESSAGE][PASSED] - Object: 'Object Repository/Employee-Onboarding/Employee_Contact_Details/Page_OrangeHRM/button_Save' is clicked on]]></system-out>
         <system-err><![CDATA[]]></system-err>
      </testcase>
      <testcase name="Test Cases/Employee_Onboarding/TC_Employee_Contact_Details" time="18.703" classname="Test Cases/Employee_Onboarding/TC_Employee_Contact_Details" status="PASSED">
         <system-out><![CDATA[27-12-2024T09:37:37 - [TEST_CASE][PASSED] - Test Cases/Employee_Onboarding/TC_Employee_Contact_Details: Test Cases/Employee_Onboarding/TC_Employee_Contact_Details

27-12-2024T09:37:37 - [TEST_STEP][PASSED] - click(findTestObject("Object Repository/Employee-Onboarding/Employee_Contact_Details/Page_OrangeHRM/a_PIM")): Object: 'Object Repository/Employee-Onboarding/Employee_Contact_Details/Page_OrangeHRM/a_PIM' is clicked on

27-12-2024T09:37:38 - [MESSAGE][PASSED] - Object: 'Object Repository/Employee-Onboarding/Employee_Contact_Details/Page_OrangeHRM/a_PIM' is clicked on

27-12-2024T09:37:38 - [TEST_STEP][PASSED] - setText(findTestObject("Object Repository/Employee-Onboarding/Employee_Contact_Details/Page_OrangeHRM/input"), Fullname): Text 'Kevin Ryan' is set on object 'Object Repository/Employee-Onboarding/Employee_Contact_Details/Page_OrangeHRM/input'

27-12-2024T09:37:41 - [MESSAGE][PASSED] - Text 'Kevin Ryan' is set on object 'Object Repository/Employee-Onboarding/Employee_Contact_Details/Page_OrangeHRM/input'

27-12-2024T09:37:41 - [TEST_STEP][PASSED] - click(findTestObject("Object Repository/Employee-Onboarding/Employee_Contact_Details/Page_OrangeHRM/button_Search")): Object: 'Object Repository/Employee-Onboarding/Employee_Contact_Details/Page_OrangeHRM/button_Search' is clicked on

27-12-2024T09:37:41 - [MESSAGE][PASSED] - Object: 'Object Repository/Employee-Onboarding/Employee_Contact_Details/Page_OrangeHRM/button_Search' is clicked on

27-12-2024T09:37:41 - [TEST_STEP][PASSED] - click(findTestObject("Object Repository/Employee-Onboarding/Employee_Contact_Details/Page_OrangeHRM/div_Actions_oxd-table-cell oxd-padding-cell")): Object: 'Object Repository/Employee-Onboarding/Employee_Contact_Details/Page_OrangeHRM/div_Actions_oxd-table-cell oxd-padding-cell' is clicked on

27-12-2024T09:37:43 - [MESSAGE][PASSED] - Object: 'Object Repository/Employee-Onboarding/Employee_Contact_Details/Page_OrangeHRM/div_Actions_oxd-table-cell oxd-padding-cell' is clicked on

27-12-2024T09:37:43 - [TEST_STEP][PASSED] - click(findTestObject("Object Repository/Employee-Onboarding/Employee_Contact_Details/Page_OrangeHRM/a_Contact Details")): Object: 'Object Repository/Employee-Onboarding/Employee_Contact_Details/Page_OrangeHRM/a_Contact Details' is clicked on

27-12-2024T09:37:47 - [MESSAGE][PASSED] - Object: 'Object Repository/Employee-Onboarding/Employee_Contact_Details/Page_OrangeHRM/a_Contact Details' is clicked on

27-12-2024T09:37:47 - [TEST_STEP][PASSED] - setText(findTestObject("Object Repository/Employee-Onboarding/Employee_Contact_Details/Page_OrangeHRM/input_Street 1_oxd-input oxd-input--focus"), Street1): Text '5669 Carl Square Suite 155' is set on object 'Object Repository/Employee-Onboarding/Employee_Contact_Details/Page_OrangeHRM/input_Street 1_oxd-input oxd-input--focus'

27-12-2024T09:37:49 - [MESSAGE][PASSED] - Text '5669 Carl Square Suite 155' is set on object 'Object Repository/Employee-Onboarding/Employee_Contact_Details/Page_OrangeHRM/input_Street 1_oxd-input oxd-input--focus'

27-12-2024T09:37:49 - [TEST_STEP][PASSED] - setText(findTestObject("Object Repository/Employee-Onboarding/Employee_Contact_Details/Page_OrangeHRM/input_Street 2_oxd-input oxd-input--active"), Street2): Text 'Suite 692' is set on object 'Object Repository/Employee-Onboarding/Employee_Contact_Details/Page_OrangeHRM/input_Street 2_oxd-input oxd-input--active'

27-12-2024T09:37:49 - [MESSAGE][PASSED] - Text 'Suite 692' is set on object 'Object Repository/Employee-Onboarding/Employee_Contact_Details/Page_OrangeHRM/input_Street 2_oxd-input oxd-input--active'

27-12-2024T09:37:49 - [TEST_STEP][PASSED] - setText(findTestObject("Object Repository/Employee-Onboarding/Employee_Contact_Details/Page_OrangeHRM/input_City_oxd-input oxd-input--active"), City): Text 'Lake Jessica' is set on object 'Object Repository/Employee-Onboarding/Employee_Contact_Details/Page_OrangeHRM/input_City_oxd-input oxd-input--active'

27-12-2024T09:37:50 - [MESSAGE][PASSED] - Text 'Lake Jessica' is set on object 'Object Repository/Employee-Onboarding/Employee_Contact_Details/Page_OrangeHRM/input_City_oxd-input oxd-input--active'

27-12-2024T09:37:50 - [TEST_STEP][PASSED] - setText(findTestObject("Object Repository/Employee-Onboarding/Employee_Contact_Details/Page_OrangeHRM/input_StateProvince_oxd-input oxd-input--active"), State): Text 'West Virginia' is set on object 'Object Repository/Employee-Onboarding/Employee_Contact_Details/Page_OrangeHRM/input_StateProvince_oxd-input oxd-input--active'

27-12-2024T09:37:50 - [MESSAGE][PASSED] - Text 'West Virginia' is set on object 'Object Repository/Employee-Onboarding/Employee_Contact_Details/Page_OrangeHRM/input_StateProvince_oxd-input oxd-input--active'

27-12-2024T09:37:50 - [TEST_STEP][PASSED] - setText(findTestObject("Object Repository/Employee-Onboarding/Employee_Contact_Details/Page_OrangeHRM/input_ZipPostal Code_oxd-input oxd-input--active"), ZipCode): Text '72914' is set on object 'Object Repository/Employee-Onboarding/Employee_Contact_Details/Page_OrangeHRM/input_ZipPostal Code_oxd-input oxd-input--active'

27-12-2024T09:37:51 - [MESSAGE][PASSED] - Text '72914' is set on object 'Object Repository/Employee-Onboarding/Employee_Contact_Details/Page_OrangeHRM/input_ZipPostal Code_oxd-input oxd-input--active'

27-12-2024T09:37:51 - [TEST_STEP][PASSED] - click(findTestObject("Object Repository/Employee-Onboarding/Employee_Contact_Details/Page_OrangeHRM/i_-- Select --_oxd-icon bi-caret-up-fill ox_627fec")): Object: 'Object Repository/Employee-Onboarding/Employee_Contact_Details/Page_OrangeHRM/i_-- Select --_oxd-icon bi-caret-up-fill ox_627fec' is clicked on

27-12-2024T09:37:51 - [MESSAGE][PASSED] - Object: 'Object Repository/Employee-Onboarding/Employee_Contact_Details/Page_OrangeHRM/i_-- Select --_oxd-icon bi-caret-up-fill ox_627fec' is clicked on

27-12-2024T09:37:51 - [TEST_STEP][PASSED] - click(findTestObject("Employee-Onboarding/Employee_Salary_Detail_Objects/Page_OrangeHRM/custom_object_for_dropdown", ["value":Country])): Object: 'Object Repository/Employee-Onboarding/Employee_Salary_Detail_Objects/Page_OrangeHRM/custom_object_for_dropdown' is clicked on

27-12-2024T09:37:52 - [MESSAGE][PASSED] - Object: 'Object Repository/Employee-Onboarding/Employee_Salary_Detail_Objects/Page_OrangeHRM/custom_object_for_dropdown' is clicked on

27-12-2024T09:37:52 - [TEST_STEP][PASSED] - setText(findTestObject("Object Repository/Employee-Onboarding/Employee_Contact_Details/Page_OrangeHRM/input_Home_oxd-input oxd-input--focus"), Tel_Home): Text '432-975-2836' is set on object 'Object Repository/Employee-Onboarding/Employee_Contact_Details/Page_OrangeHRM/input_Home_oxd-input oxd-input--focus'

27-12-2024T09:37:52 - [MESSAGE][PASSED] - Text '432-975-2836' is set on object 'Object Repository/Employee-Onboarding/Employee_Contact_Details/Page_OrangeHRM/input_Home_oxd-input oxd-input--focus'

27-12-2024T09:37:52 - [TEST_STEP][PASSED] - setText(findTestObject("Object Repository/Employee-Onboarding/Employee_Contact_Details/Page_OrangeHRM/input_Mobile_oxd-input oxd-input--focus"), Tell_Mobile): Text '536-888-7344' is set on object 'Object Repository/Employee-Onboarding/Employee_Contact_Details/Page_OrangeHRM/input_Mobile_oxd-input oxd-input--focus'

27-12-2024T09:37:53 - [MESSAGE][PASSED] - Text '536-888-7344' is set on object 'Object Repository/Employee-Onboarding/Employee_Contact_Details/Page_OrangeHRM/input_Mobile_oxd-input oxd-input--focus'

27-12-2024T09:37:53 - [TEST_STEP][PASSED] - setText(findTestObject("Object Repository/Employee-Onboarding/Employee_Contact_Details/Page_OrangeHRM/input_Work_oxd-input oxd-input--focus"), Tel_Work): Text '001-251-870-9214' is set on object 'Object Repository/Employee-Onboarding/Employee_Contact_Details/Page_OrangeHRM/input_Work_oxd-input oxd-input--focus'

27-12-2024T09:37:53 - [MESSAGE][PASSED] - Text '001-251-870-9214' is set on object 'Object Repository/Employee-Onboarding/Employee_Contact_Details/Page_OrangeHRM/input_Work_oxd-input oxd-input--focus'

27-12-2024T09:37:53 - [TEST_STEP][PASSED] - setText(findTestObject("Object Repository/Employee-Onboarding/Employee_Contact_Details/Page_OrangeHRM/input_Work Email_oxd-input oxd-input--active"), Email_Work): Text 'kevin.ryan@jones.org' is set on object 'Object Repository/Employee-Onboarding/Employee_Contact_Details/Page_OrangeHRM/input_Work Email_oxd-input oxd-input--active'

27-12-2024T09:37:54 - [MESSAGE][PASSED] - Text 'kevin.ryan@jones.org' is set on object 'Object Repository/Employee-Onboarding/Employee_Contact_Details/Page_OrangeHRM/input_Work Email_oxd-input oxd-input--active'

27-12-2024T09:37:54 - [TEST_STEP][PASSED] - setText(findTestObject("Object Repository/Employee-Onboarding/Employee_Contact_Details/Page_OrangeHRM/input_Other Email_oxd-input oxd-input--focu_8ec2d9"), Email_Other): Text 'kevin.ryan@mockmailplace.com' is set on object 'Object Repository/Employee-Onboarding/Employee_Contact_Details/Page_OrangeHRM/input_Other Email_oxd-input oxd-input--focu_8ec2d9'

27-12-2024T09:37:55 - [MESSAGE][PASSED] - Text 'kevin.ryan@mockmailplace.com' is set on object 'Object Repository/Employee-Onboarding/Employee_Contact_Details/Page_OrangeHRM/input_Other Email_oxd-input oxd-input--focu_8ec2d9'

27-12-2024T09:37:55 - [TEST_STEP][PASSED] - click(findTestObject("Object Repository/Employee-Onboarding/Employee_Contact_Details/Page_OrangeHRM/button_Save")): Object: 'Object Repository/Employee-Onboarding/Employee_Contact_Details/Page_OrangeHRM/button_Save' is clicked on

27-12-2024T09:37:56 - [MESSAGE][PASSED] - Object: 'Object Repository/Employee-Onboarding/Employee_Contact_Details/Page_OrangeHRM/button_Save' is clicked on]]></system-out>
         <system-err><![CDATA[]]></system-err>
      </testcase>
      <testcase name="Test Cases/Employee_Onboarding/TC_Employee_Contact_Details" time="18.788" classname="Test Cases/Employee_Onboarding/TC_Employee_Contact_Details" status="PASSED">
         <system-out><![CDATA[27-12-2024T09:37:56 - [TEST_CASE][PASSED] - Test Cases/Employee_Onboarding/TC_Employee_Contact_Details: Test Cases/Employee_Onboarding/TC_Employee_Contact_Details

27-12-2024T09:37:56 - [TEST_STEP][PASSED] - click(findTestObject("Object Repository/Employee-Onboarding/Employee_Contact_Details/Page_OrangeHRM/a_PIM")): Object: 'Object Repository/Employee-Onboarding/Employee_Contact_Details/Page_OrangeHRM/a_PIM' is clicked on

27-12-2024T09:37:57 - [MESSAGE][PASSED] - Object: 'Object Repository/Employee-Onboarding/Employee_Contact_Details/Page_OrangeHRM/a_PIM' is clicked on

27-12-2024T09:37:57 - [TEST_STEP][PASSED] - setText(findTestObject("Object Repository/Employee-Onboarding/Employee_Contact_Details/Page_OrangeHRM/input"), Fullname): Text 'Billy Barker' is set on object 'Object Repository/Employee-Onboarding/Employee_Contact_Details/Page_OrangeHRM/input'

27-12-2024T09:37:59 - [MESSAGE][PASSED] - Text 'Billy Barker' is set on object 'Object Repository/Employee-Onboarding/Employee_Contact_Details/Page_OrangeHRM/input'

27-12-2024T09:37:59 - [TEST_STEP][PASSED] - click(findTestObject("Object Repository/Employee-Onboarding/Employee_Contact_Details/Page_OrangeHRM/button_Search")): Object: 'Object Repository/Employee-Onboarding/Employee_Contact_Details/Page_OrangeHRM/button_Search' is clicked on

27-12-2024T09:38:00 - [MESSAGE][PASSED] - Object: 'Object Repository/Employee-Onboarding/Employee_Contact_Details/Page_OrangeHRM/button_Search' is clicked on

27-12-2024T09:38:00 - [TEST_STEP][PASSED] - click(findTestObject("Object Repository/Employee-Onboarding/Employee_Contact_Details/Page_OrangeHRM/div_Actions_oxd-table-cell oxd-padding-cell")): Object: 'Object Repository/Employee-Onboarding/Employee_Contact_Details/Page_OrangeHRM/div_Actions_oxd-table-cell oxd-padding-cell' is clicked on

27-12-2024T09:38:02 - [MESSAGE][PASSED] - Object: 'Object Repository/Employee-Onboarding/Employee_Contact_Details/Page_OrangeHRM/div_Actions_oxd-table-cell oxd-padding-cell' is clicked on

27-12-2024T09:38:02 - [TEST_STEP][PASSED] - click(findTestObject("Object Repository/Employee-Onboarding/Employee_Contact_Details/Page_OrangeHRM/a_Contact Details")): Object: 'Object Repository/Employee-Onboarding/Employee_Contact_Details/Page_OrangeHRM/a_Contact Details' is clicked on

27-12-2024T09:38:05 - [MESSAGE][PASSED] - Object: 'Object Repository/Employee-Onboarding/Employee_Contact_Details/Page_OrangeHRM/a_Contact Details' is clicked on

27-12-2024T09:38:05 - [TEST_STEP][PASSED] - setText(findTestObject("Object Repository/Employee-Onboarding/Employee_Contact_Details/Page_OrangeHRM/input_Street 1_oxd-input oxd-input--focus"), Street1): Text '688 Jones Park Apt. 076' is set on object 'Object Repository/Employee-Onboarding/Employee_Contact_Details/Page_OrangeHRM/input_Street 1_oxd-input oxd-input--focus'

27-12-2024T09:38:07 - [MESSAGE][PASSED] - Text '688 Jones Park Apt. 076' is set on object 'Object Repository/Employee-Onboarding/Employee_Contact_Details/Page_OrangeHRM/input_Street 1_oxd-input oxd-input--focus'

27-12-2024T09:38:07 - [TEST_STEP][PASSED] - setText(findTestObject("Object Repository/Employee-Onboarding/Employee_Contact_Details/Page_OrangeHRM/input_Street 2_oxd-input oxd-input--active"), Street2): Text 'Suite 153' is set on object 'Object Repository/Employee-Onboarding/Employee_Contact_Details/Page_OrangeHRM/input_Street 2_oxd-input oxd-input--active'

27-12-2024T09:38:08 - [MESSAGE][PASSED] - Text 'Suite 153' is set on object 'Object Repository/Employee-Onboarding/Employee_Contact_Details/Page_OrangeHRM/input_Street 2_oxd-input oxd-input--active'

27-12-2024T09:38:08 - [TEST_STEP][PASSED] - setText(findTestObject("Object Repository/Employee-Onboarding/Employee_Contact_Details/Page_OrangeHRM/input_City_oxd-input oxd-input--active"), City): Text 'Lopezmouth' is set on object 'Object Repository/Employee-Onboarding/Employee_Contact_Details/Page_OrangeHRM/input_City_oxd-input oxd-input--active'

27-12-2024T09:38:08 - [MESSAGE][PASSED] - Text 'Lopezmouth' is set on object 'Object Repository/Employee-Onboarding/Employee_Contact_Details/Page_OrangeHRM/input_City_oxd-input oxd-input--active'

27-12-2024T09:38:08 - [TEST_STEP][PASSED] - setText(findTestObject("Object Repository/Employee-Onboarding/Employee_Contact_Details/Page_OrangeHRM/input_StateProvince_oxd-input oxd-input--active"), State): Text 'Illinois' is set on object 'Object Repository/Employee-Onboarding/Employee_Contact_Details/Page_OrangeHRM/input_StateProvince_oxd-input oxd-input--active'

27-12-2024T09:38:09 - [MESSAGE][PASSED] - Text 'Illinois' is set on object 'Object Repository/Employee-Onboarding/Employee_Contact_Details/Page_OrangeHRM/input_StateProvince_oxd-input oxd-input--active'

27-12-2024T09:38:09 - [TEST_STEP][PASSED] - setText(findTestObject("Object Repository/Employee-Onboarding/Employee_Contact_Details/Page_OrangeHRM/input_ZipPostal Code_oxd-input oxd-input--active"), ZipCode): Text '15536' is set on object 'Object Repository/Employee-Onboarding/Employee_Contact_Details/Page_OrangeHRM/input_ZipPostal Code_oxd-input oxd-input--active'

27-12-2024T09:38:09 - [MESSAGE][PASSED] - Text '15536' is set on object 'Object Repository/Employee-Onboarding/Employee_Contact_Details/Page_OrangeHRM/input_ZipPostal Code_oxd-input oxd-input--active'

27-12-2024T09:38:09 - [TEST_STEP][PASSED] - click(findTestObject("Object Repository/Employee-Onboarding/Employee_Contact_Details/Page_OrangeHRM/i_-- Select --_oxd-icon bi-caret-up-fill ox_627fec")): Object: 'Object Repository/Employee-Onboarding/Employee_Contact_Details/Page_OrangeHRM/i_-- Select --_oxd-icon bi-caret-up-fill ox_627fec' is clicked on

27-12-2024T09:38:10 - [MESSAGE][PASSED] - Object: 'Object Repository/Employee-Onboarding/Employee_Contact_Details/Page_OrangeHRM/i_-- Select --_oxd-icon bi-caret-up-fill ox_627fec' is clicked on

27-12-2024T09:38:10 - [TEST_STEP][PASSED] - click(findTestObject("Employee-Onboarding/Employee_Salary_Detail_Objects/Page_OrangeHRM/custom_object_for_dropdown", ["value":Country])): Object: 'Object Repository/Employee-Onboarding/Employee_Salary_Detail_Objects/Page_OrangeHRM/custom_object_for_dropdown' is clicked on

27-12-2024T09:38:10 - [MESSAGE][PASSED] - Object: 'Object Repository/Employee-Onboarding/Employee_Salary_Detail_Objects/Page_OrangeHRM/custom_object_for_dropdown' is clicked on

27-12-2024T09:38:10 - [TEST_STEP][PASSED] - setText(findTestObject("Object Repository/Employee-Onboarding/Employee_Contact_Details/Page_OrangeHRM/input_Home_oxd-input oxd-input--focus"), Tel_Home): Text '601-485-1092' is set on object 'Object Repository/Employee-Onboarding/Employee_Contact_Details/Page_OrangeHRM/input_Home_oxd-input oxd-input--focus'

27-12-2024T09:38:11 - [MESSAGE][PASSED] - Text '601-485-1092' is set on object 'Object Repository/Employee-Onboarding/Employee_Contact_Details/Page_OrangeHRM/input_Home_oxd-input oxd-input--focus'

27-12-2024T09:38:11 - [TEST_STEP][PASSED] - setText(findTestObject("Object Repository/Employee-Onboarding/Employee_Contact_Details/Page_OrangeHRM/input_Mobile_oxd-input oxd-input--focus"), Tell_Mobile): Text '001-464-952-4039' is set on object 'Object Repository/Employee-Onboarding/Employee_Contact_Details/Page_OrangeHRM/input_Mobile_oxd-input oxd-input--focus'

27-12-2024T09:38:11 - [MESSAGE][PASSED] - Text '001-464-952-4039' is set on object 'Object Repository/Employee-Onboarding/Employee_Contact_Details/Page_OrangeHRM/input_Mobile_oxd-input oxd-input--focus'

27-12-2024T09:38:11 - [TEST_STEP][PASSED] - setText(findTestObject("Object Repository/Employee-Onboarding/Employee_Contact_Details/Page_OrangeHRM/input_Work_oxd-input oxd-input--focus"), Tel_Work): Text '(812)220-0594' is set on object 'Object Repository/Employee-Onboarding/Employee_Contact_Details/Page_OrangeHRM/input_Work_oxd-input oxd-input--focus'

27-12-2024T09:38:12 - [MESSAGE][PASSED] - Text '(812)220-0594' is set on object 'Object Repository/Employee-Onboarding/Employee_Contact_Details/Page_OrangeHRM/input_Work_oxd-input oxd-input--focus'

27-12-2024T09:38:12 - [TEST_STEP][PASSED] - setText(findTestObject("Object Repository/Employee-Onboarding/Employee_Contact_Details/Page_OrangeHRM/input_Work Email_oxd-input oxd-input--active"), Email_Work): Text 'billy.barker@hart-williams.net' is set on object 'Object Repository/Employee-Onboarding/Employee_Contact_Details/Page_OrangeHRM/input_Work Email_oxd-input oxd-input--active'

27-12-2024T09:38:12 - [MESSAGE][PASSED] - Text 'billy.barker@hart-williams.net' is set on object 'Object Repository/Employee-Onboarding/Employee_Contact_Details/Page_OrangeHRM/input_Work Email_oxd-input oxd-input--active'

27-12-2024T09:38:12 - [TEST_STEP][PASSED] - setText(findTestObject("Object Repository/Employee-Onboarding/Employee_Contact_Details/Page_OrangeHRM/input_Other Email_oxd-input oxd-input--focu_8ec2d9"), Email_Other): Text 'billy.barker@virtualmailzone.net' is set on object 'Object Repository/Employee-Onboarding/Employee_Contact_Details/Page_OrangeHRM/input_Other Email_oxd-input oxd-input--focu_8ec2d9'

27-12-2024T09:38:14 - [MESSAGE][PASSED] - Text 'billy.barker@virtualmailzone.net' is set on object 'Object Repository/Employee-Onboarding/Employee_Contact_Details/Page_OrangeHRM/input_Other Email_oxd-input oxd-input--focu_8ec2d9'

27-12-2024T09:38:14 - [TEST_STEP][PASSED] - click(findTestObject("Object Repository/Employee-Onboarding/Employee_Contact_Details/Page_OrangeHRM/button_Save")): Object: 'Object Repository/Employee-Onboarding/Employee_Contact_Details/Page_OrangeHRM/button_Save' is clicked on

27-12-2024T09:38:15 - [MESSAGE][PASSED] - Object: 'Object Repository/Employee-Onboarding/Employee_Contact_Details/Page_OrangeHRM/button_Save' is clicked on]]></system-out>
         <system-err><![CDATA[]]></system-err>
      </testcase>
      <testcase name="Test Cases/Employee_Onboarding/TC_Employee_Contact_Details" time="18.226" classname="Test Cases/Employee_Onboarding/TC_Employee_Contact_Details" status="PASSED">
         <system-out><![CDATA[27-12-2024T09:38:15 - [TEST_CASE][PASSED] - Test Cases/Employee_Onboarding/TC_Employee_Contact_Details: Test Cases/Employee_Onboarding/TC_Employee_Contact_Details

27-12-2024T09:38:15 - [TEST_STEP][PASSED] - click(findTestObject("Object Repository/Employee-Onboarding/Employee_Contact_Details/Page_OrangeHRM/a_PIM")): Object: 'Object Repository/Employee-Onboarding/Employee_Contact_Details/Page_OrangeHRM/a_PIM' is clicked on

27-12-2024T09:38:16 - [MESSAGE][PASSED] - Object: 'Object Repository/Employee-Onboarding/Employee_Contact_Details/Page_OrangeHRM/a_PIM' is clicked on

27-12-2024T09:38:16 - [TEST_STEP][PASSED] - setText(findTestObject("Object Repository/Employee-Onboarding/Employee_Contact_Details/Page_OrangeHRM/input"), Fullname): Text 'Michael Adams' is set on object 'Object Repository/Employee-Onboarding/Employee_Contact_Details/Page_OrangeHRM/input'

27-12-2024T09:38:18 - [MESSAGE][PASSED] - Text 'Michael Adams' is set on object 'Object Repository/Employee-Onboarding/Employee_Contact_Details/Page_OrangeHRM/input'

27-12-2024T09:38:18 - [TEST_STEP][PASSED] - click(findTestObject("Object Repository/Employee-Onboarding/Employee_Contact_Details/Page_OrangeHRM/button_Search")): Object: 'Object Repository/Employee-Onboarding/Employee_Contact_Details/Page_OrangeHRM/button_Search' is clicked on

27-12-2024T09:38:19 - [MESSAGE][PASSED] - Object: 'Object Repository/Employee-Onboarding/Employee_Contact_Details/Page_OrangeHRM/button_Search' is clicked on

27-12-2024T09:38:19 - [TEST_STEP][PASSED] - click(findTestObject("Object Repository/Employee-Onboarding/Employee_Contact_Details/Page_OrangeHRM/div_Actions_oxd-table-cell oxd-padding-cell")): Object: 'Object Repository/Employee-Onboarding/Employee_Contact_Details/Page_OrangeHRM/div_Actions_oxd-table-cell oxd-padding-cell' is clicked on

27-12-2024T09:38:20 - [MESSAGE][PASSED] - Object: 'Object Repository/Employee-Onboarding/Employee_Contact_Details/Page_OrangeHRM/div_Actions_oxd-table-cell oxd-padding-cell' is clicked on

27-12-2024T09:38:20 - [TEST_STEP][PASSED] - click(findTestObject("Object Repository/Employee-Onboarding/Employee_Contact_Details/Page_OrangeHRM/a_Contact Details")): Object: 'Object Repository/Employee-Onboarding/Employee_Contact_Details/Page_OrangeHRM/a_Contact Details' is clicked on

27-12-2024T09:38:24 - [MESSAGE][PASSED] - Object: 'Object Repository/Employee-Onboarding/Employee_Contact_Details/Page_OrangeHRM/a_Contact Details' is clicked on

27-12-2024T09:38:24 - [TEST_STEP][PASSED] - setText(findTestObject("Object Repository/Employee-Onboarding/Employee_Contact_Details/Page_OrangeHRM/input_Street 1_oxd-input oxd-input--focus"), Street1): Text '591 Vazquez Villages' is set on object 'Object Repository/Employee-Onboarding/Employee_Contact_Details/Page_OrangeHRM/input_Street 1_oxd-input oxd-input--focus'

27-12-2024T09:38:26 - [MESSAGE][PASSED] - Text '591 Vazquez Villages' is set on object 'Object Repository/Employee-Onboarding/Employee_Contact_Details/Page_OrangeHRM/input_Street 1_oxd-input oxd-input--focus'

27-12-2024T09:38:26 - [TEST_STEP][PASSED] - setText(findTestObject("Object Repository/Employee-Onboarding/Employee_Contact_Details/Page_OrangeHRM/input_Street 2_oxd-input oxd-input--active"), Street2): Text 'Suite 971' is set on object 'Object Repository/Employee-Onboarding/Employee_Contact_Details/Page_OrangeHRM/input_Street 2_oxd-input oxd-input--active'

27-12-2024T09:38:26 - [MESSAGE][PASSED] - Text 'Suite 971' is set on object 'Object Repository/Employee-Onboarding/Employee_Contact_Details/Page_OrangeHRM/input_Street 2_oxd-input oxd-input--active'

27-12-2024T09:38:26 - [TEST_STEP][PASSED] - setText(findTestObject("Object Repository/Employee-Onboarding/Employee_Contact_Details/Page_OrangeHRM/input_City_oxd-input oxd-input--active"), City): Text 'East Natalie' is set on object 'Object Repository/Employee-Onboarding/Employee_Contact_Details/Page_OrangeHRM/input_City_oxd-input oxd-input--active'

27-12-2024T09:38:27 - [MESSAGE][PASSED] - Text 'East Natalie' is set on object 'Object Repository/Employee-Onboarding/Employee_Contact_Details/Page_OrangeHRM/input_City_oxd-input oxd-input--active'

27-12-2024T09:38:27 - [TEST_STEP][PASSED] - setText(findTestObject("Object Repository/Employee-Onboarding/Employee_Contact_Details/Page_OrangeHRM/input_StateProvince_oxd-input oxd-input--active"), State): Text 'Washington' is set on object 'Object Repository/Employee-Onboarding/Employee_Contact_Details/Page_OrangeHRM/input_StateProvince_oxd-input oxd-input--active'

27-12-2024T09:38:27 - [MESSAGE][PASSED] - Text 'Washington' is set on object 'Object Repository/Employee-Onboarding/Employee_Contact_Details/Page_OrangeHRM/input_StateProvince_oxd-input oxd-input--active'

27-12-2024T09:38:27 - [TEST_STEP][PASSED] - setText(findTestObject("Object Repository/Employee-Onboarding/Employee_Contact_Details/Page_OrangeHRM/input_ZipPostal Code_oxd-input oxd-input--active"), ZipCode): Text '34795' is set on object 'Object Repository/Employee-Onboarding/Employee_Contact_Details/Page_OrangeHRM/input_ZipPostal Code_oxd-input oxd-input--active'

27-12-2024T09:38:28 - [MESSAGE][PASSED] - Text '34795' is set on object 'Object Repository/Employee-Onboarding/Employee_Contact_Details/Page_OrangeHRM/input_ZipPostal Code_oxd-input oxd-input--active'

27-12-2024T09:38:28 - [TEST_STEP][PASSED] - click(findTestObject("Object Repository/Employee-Onboarding/Employee_Contact_Details/Page_OrangeHRM/i_-- Select --_oxd-icon bi-caret-up-fill ox_627fec")): Object: 'Object Repository/Employee-Onboarding/Employee_Contact_Details/Page_OrangeHRM/i_-- Select --_oxd-icon bi-caret-up-fill ox_627fec' is clicked on

27-12-2024T09:38:28 - [MESSAGE][PASSED] - Object: 'Object Repository/Employee-Onboarding/Employee_Contact_Details/Page_OrangeHRM/i_-- Select --_oxd-icon bi-caret-up-fill ox_627fec' is clicked on

27-12-2024T09:38:28 - [TEST_STEP][PASSED] - click(findTestObject("Employee-Onboarding/Employee_Salary_Detail_Objects/Page_OrangeHRM/custom_object_for_dropdown", ["value":Country])): Object: 'Object Repository/Employee-Onboarding/Employee_Salary_Detail_Objects/Page_OrangeHRM/custom_object_for_dropdown' is clicked on

27-12-2024T09:38:29 - [MESSAGE][PASSED] - Object: 'Object Repository/Employee-Onboarding/Employee_Salary_Detail_Objects/Page_OrangeHRM/custom_object_for_dropdown' is clicked on

27-12-2024T09:38:29 - [TEST_STEP][PASSED] - setText(findTestObject("Object Repository/Employee-Onboarding/Employee_Contact_Details/Page_OrangeHRM/input_Home_oxd-input oxd-input--focus"), Tel_Home): Text '503-789-1263' is set on object 'Object Repository/Employee-Onboarding/Employee_Contact_Details/Page_OrangeHRM/input_Home_oxd-input oxd-input--focus'

27-12-2024T09:38:29 - [MESSAGE][PASSED] - Text '503-789-1263' is set on object 'Object Repository/Employee-Onboarding/Employee_Contact_Details/Page_OrangeHRM/input_Home_oxd-input oxd-input--focus'

27-12-2024T09:38:29 - [TEST_STEP][PASSED] - setText(findTestObject("Object Repository/Employee-Onboarding/Employee_Contact_Details/Page_OrangeHRM/input_Mobile_oxd-input oxd-input--focus"), Tell_Mobile): Text '958-580-4426' is set on object 'Object Repository/Employee-Onboarding/Employee_Contact_Details/Page_OrangeHRM/input_Mobile_oxd-input oxd-input--focus'

27-12-2024T09:38:30 - [MESSAGE][PASSED] - Text '958-580-4426' is set on object 'Object Repository/Employee-Onboarding/Employee_Contact_Details/Page_OrangeHRM/input_Mobile_oxd-input oxd-input--focus'

27-12-2024T09:38:30 - [TEST_STEP][PASSED] - setText(findTestObject("Object Repository/Employee-Onboarding/Employee_Contact_Details/Page_OrangeHRM/input_Work_oxd-input oxd-input--focus"), Tel_Work): Text '(469)643-2642' is set on object 'Object Repository/Employee-Onboarding/Employee_Contact_Details/Page_OrangeHRM/input_Work_oxd-input oxd-input--focus'

27-12-2024T09:38:30 - [MESSAGE][PASSED] - Text '(469)643-2642' is set on object 'Object Repository/Employee-Onboarding/Employee_Contact_Details/Page_OrangeHRM/input_Work_oxd-input oxd-input--focus'

27-12-2024T09:38:30 - [TEST_STEP][PASSED] - setText(findTestObject("Object Repository/Employee-Onboarding/Employee_Contact_Details/Page_OrangeHRM/input_Work Email_oxd-input oxd-input--active"), Email_Work): Text 'michael.adams@duarte-valenzuela.com' is set on object 'Object Repository/Employee-Onboarding/Employee_Contact_Details/Page_OrangeHRM/input_Work Email_oxd-input oxd-input--active'

27-12-2024T09:38:31 - [MESSAGE][PASSED] - Text 'michael.adams@duarte-valenzuela.com' is set on object 'Object Repository/Employee-Onboarding/Employee_Contact_Details/Page_OrangeHRM/input_Work Email_oxd-input oxd-input--active'

27-12-2024T09:38:31 - [TEST_STEP][PASSED] - setText(findTestObject("Object Repository/Employee-Onboarding/Employee_Contact_Details/Page_OrangeHRM/input_Other Email_oxd-input oxd-input--focu_8ec2d9"), Email_Other): Text 'michael.adams@dummyaccounts.com' is set on object 'Object Repository/Employee-Onboarding/Employee_Contact_Details/Page_OrangeHRM/input_Other Email_oxd-input oxd-input--focu_8ec2d9'

27-12-2024T09:38:32 - [MESSAGE][PASSED] - Text 'michael.adams@dummyaccounts.com' is set on object 'Object Repository/Employee-Onboarding/Employee_Contact_Details/Page_OrangeHRM/input_Other Email_oxd-input oxd-input--focu_8ec2d9'

27-12-2024T09:38:32 - [TEST_STEP][PASSED] - click(findTestObject("Object Repository/Employee-Onboarding/Employee_Contact_Details/Page_OrangeHRM/button_Save")): Object: 'Object Repository/Employee-Onboarding/Employee_Contact_Details/Page_OrangeHRM/button_Save' is clicked on

27-12-2024T09:38:33 - [MESSAGE][PASSED] - Object: 'Object Repository/Employee-Onboarding/Employee_Contact_Details/Page_OrangeHRM/button_Save' is clicked on]]></system-out>
         <system-err><![CDATA[]]></system-err>
      </testcase>
      <testcase name="Test Cases/Employee_Onboarding/TC_Employee_Contact_Details" time="18.598" classname="Test Cases/Employee_Onboarding/TC_Employee_Contact_Details" status="PASSED">
         <system-out><![CDATA[27-12-2024T09:38:33 - [TEST_CASE][PASSED] - Test Cases/Employee_Onboarding/TC_Employee_Contact_Details: Test Cases/Employee_Onboarding/TC_Employee_Contact_Details

27-12-2024T09:38:33 - [TEST_STEP][PASSED] - click(findTestObject("Object Repository/Employee-Onboarding/Employee_Contact_Details/Page_OrangeHRM/a_PIM")): Object: 'Object Repository/Employee-Onboarding/Employee_Contact_Details/Page_OrangeHRM/a_PIM' is clicked on

27-12-2024T09:38:34 - [MESSAGE][PASSED] - Object: 'Object Repository/Employee-Onboarding/Employee_Contact_Details/Page_OrangeHRM/a_PIM' is clicked on

27-12-2024T09:38:34 - [TEST_STEP][PASSED] - setText(findTestObject("Object Repository/Employee-Onboarding/Employee_Contact_Details/Page_OrangeHRM/input"), Fullname): Text 'Frank Huynh' is set on object 'Object Repository/Employee-Onboarding/Employee_Contact_Details/Page_OrangeHRM/input'

27-12-2024T09:38:36 - [MESSAGE][PASSED] - Text 'Frank Huynh' is set on object 'Object Repository/Employee-Onboarding/Employee_Contact_Details/Page_OrangeHRM/input'

27-12-2024T09:38:36 - [TEST_STEP][PASSED] - click(findTestObject("Object Repository/Employee-Onboarding/Employee_Contact_Details/Page_OrangeHRM/button_Search")): Object: 'Object Repository/Employee-Onboarding/Employee_Contact_Details/Page_OrangeHRM/button_Search' is clicked on

27-12-2024T09:38:37 - [MESSAGE][PASSED] - Object: 'Object Repository/Employee-Onboarding/Employee_Contact_Details/Page_OrangeHRM/button_Search' is clicked on

27-12-2024T09:38:37 - [TEST_STEP][PASSED] - click(findTestObject("Object Repository/Employee-Onboarding/Employee_Contact_Details/Page_OrangeHRM/div_Actions_oxd-table-cell oxd-padding-cell")): Object: 'Object Repository/Employee-Onboarding/Employee_Contact_Details/Page_OrangeHRM/div_Actions_oxd-table-cell oxd-padding-cell' is clicked on

27-12-2024T09:38:39 - [MESSAGE][PASSED] - Object: 'Object Repository/Employee-Onboarding/Employee_Contact_Details/Page_OrangeHRM/div_Actions_oxd-table-cell oxd-padding-cell' is clicked on

27-12-2024T09:38:39 - [TEST_STEP][PASSED] - click(findTestObject("Object Repository/Employee-Onboarding/Employee_Contact_Details/Page_OrangeHRM/a_Contact Details")): Object: 'Object Repository/Employee-Onboarding/Employee_Contact_Details/Page_OrangeHRM/a_Contact Details' is clicked on

27-12-2024T09:38:42 - [MESSAGE][PASSED] - Object: 'Object Repository/Employee-Onboarding/Employee_Contact_Details/Page_OrangeHRM/a_Contact Details' is clicked on

27-12-2024T09:38:42 - [TEST_STEP][PASSED] - setText(findTestObject("Object Repository/Employee-Onboarding/Employee_Contact_Details/Page_OrangeHRM/input_Street 1_oxd-input oxd-input--focus"), Street1): Text '68939 Edwards Freeway' is set on object 'Object Repository/Employee-Onboarding/Employee_Contact_Details/Page_OrangeHRM/input_Street 1_oxd-input oxd-input--focus'

27-12-2024T09:38:44 - [MESSAGE][PASSED] - Text '68939 Edwards Freeway' is set on object 'Object Repository/Employee-Onboarding/Employee_Contact_Details/Page_OrangeHRM/input_Street 1_oxd-input oxd-input--focus'

27-12-2024T09:38:44 - [TEST_STEP][PASSED] - setText(findTestObject("Object Repository/Employee-Onboarding/Employee_Contact_Details/Page_OrangeHRM/input_Street 2_oxd-input oxd-input--active"), Street2): Text 'Suite 011' is set on object 'Object Repository/Employee-Onboarding/Employee_Contact_Details/Page_OrangeHRM/input_Street 2_oxd-input oxd-input--active'

27-12-2024T09:38:45 - [MESSAGE][PASSED] - Text 'Suite 011' is set on object 'Object Repository/Employee-Onboarding/Employee_Contact_Details/Page_OrangeHRM/input_Street 2_oxd-input oxd-input--active'

27-12-2024T09:38:45 - [TEST_STEP][PASSED] - setText(findTestObject("Object Repository/Employee-Onboarding/Employee_Contact_Details/Page_OrangeHRM/input_City_oxd-input oxd-input--active"), City): Text 'East Nicole' is set on object 'Object Repository/Employee-Onboarding/Employee_Contact_Details/Page_OrangeHRM/input_City_oxd-input oxd-input--active'

27-12-2024T09:38:45 - [MESSAGE][PASSED] - Text 'East Nicole' is set on object 'Object Repository/Employee-Onboarding/Employee_Contact_Details/Page_OrangeHRM/input_City_oxd-input oxd-input--active'

27-12-2024T09:38:45 - [TEST_STEP][PASSED] - setText(findTestObject("Object Repository/Employee-Onboarding/Employee_Contact_Details/Page_OrangeHRM/input_StateProvince_oxd-input oxd-input--active"), State): Text 'Texas' is set on object 'Object Repository/Employee-Onboarding/Employee_Contact_Details/Page_OrangeHRM/input_StateProvince_oxd-input oxd-input--active'

27-12-2024T09:38:46 - [MESSAGE][PASSED] - Text 'Texas' is set on object 'Object Repository/Employee-Onboarding/Employee_Contact_Details/Page_OrangeHRM/input_StateProvince_oxd-input oxd-input--active'

27-12-2024T09:38:46 - [TEST_STEP][PASSED] - setText(findTestObject("Object Repository/Employee-Onboarding/Employee_Contact_Details/Page_OrangeHRM/input_ZipPostal Code_oxd-input oxd-input--active"), ZipCode): Text '35435' is set on object 'Object Repository/Employee-Onboarding/Employee_Contact_Details/Page_OrangeHRM/input_ZipPostal Code_oxd-input oxd-input--active'

27-12-2024T09:38:46 - [MESSAGE][PASSED] - Text '35435' is set on object 'Object Repository/Employee-Onboarding/Employee_Contact_Details/Page_OrangeHRM/input_ZipPostal Code_oxd-input oxd-input--active'

27-12-2024T09:38:46 - [TEST_STEP][PASSED] - click(findTestObject("Object Repository/Employee-Onboarding/Employee_Contact_Details/Page_OrangeHRM/i_-- Select --_oxd-icon bi-caret-up-fill ox_627fec")): Object: 'Object Repository/Employee-Onboarding/Employee_Contact_Details/Page_OrangeHRM/i_-- Select --_oxd-icon bi-caret-up-fill ox_627fec' is clicked on

27-12-2024T09:38:47 - [MESSAGE][PASSED] - Object: 'Object Repository/Employee-Onboarding/Employee_Contact_Details/Page_OrangeHRM/i_-- Select --_oxd-icon bi-caret-up-fill ox_627fec' is clicked on

27-12-2024T09:38:47 - [TEST_STEP][PASSED] - click(findTestObject("Employee-Onboarding/Employee_Salary_Detail_Objects/Page_OrangeHRM/custom_object_for_dropdown", ["value":Country])): Object: 'Object Repository/Employee-Onboarding/Employee_Salary_Detail_Objects/Page_OrangeHRM/custom_object_for_dropdown' is clicked on

27-12-2024T09:38:47 - [MESSAGE][PASSED] - Object: 'Object Repository/Employee-Onboarding/Employee_Salary_Detail_Objects/Page_OrangeHRM/custom_object_for_dropdown' is clicked on

27-12-2024T09:38:47 - [TEST_STEP][PASSED] - setText(findTestObject("Object Repository/Employee-Onboarding/Employee_Contact_Details/Page_OrangeHRM/input_Home_oxd-input oxd-input--focus"), Tel_Home): Text '410-964-8725' is set on object 'Object Repository/Employee-Onboarding/Employee_Contact_Details/Page_OrangeHRM/input_Home_oxd-input oxd-input--focus'

27-12-2024T09:38:48 - [MESSAGE][PASSED] - Text '410-964-8725' is set on object 'Object Repository/Employee-Onboarding/Employee_Contact_Details/Page_OrangeHRM/input_Home_oxd-input oxd-input--focus'

27-12-2024T09:38:48 - [TEST_STEP][PASSED] - setText(findTestObject("Object Repository/Employee-Onboarding/Employee_Contact_Details/Page_OrangeHRM/input_Mobile_oxd-input oxd-input--focus"), Tell_Mobile): Text '001-729-819-3201' is set on object 'Object Repository/Employee-Onboarding/Employee_Contact_Details/Page_OrangeHRM/input_Mobile_oxd-input oxd-input--focus'

27-12-2024T09:38:48 - [MESSAGE][PASSED] - Text '001-729-819-3201' is set on object 'Object Repository/Employee-Onboarding/Employee_Contact_Details/Page_OrangeHRM/input_Mobile_oxd-input oxd-input--focus'

27-12-2024T09:38:48 - [TEST_STEP][PASSED] - setText(findTestObject("Object Repository/Employee-Onboarding/Employee_Contact_Details/Page_OrangeHRM/input_Work_oxd-input oxd-input--focus"), Tel_Work): Text '001-382-493-3795' is set on object 'Object Repository/Employee-Onboarding/Employee_Contact_Details/Page_OrangeHRM/input_Work_oxd-input oxd-input--focus'

27-12-2024T09:38:49 - [MESSAGE][PASSED] - Text '001-382-493-3795' is set on object 'Object Repository/Employee-Onboarding/Employee_Contact_Details/Page_OrangeHRM/input_Work_oxd-input oxd-input--focus'

27-12-2024T09:38:49 - [TEST_STEP][PASSED] - setText(findTestObject("Object Repository/Employee-Onboarding/Employee_Contact_Details/Page_OrangeHRM/input_Work Email_oxd-input oxd-input--active"), Email_Work): Text 'frank.huynh@jones.com' is set on object 'Object Repository/Employee-Onboarding/Employee_Contact_Details/Page_OrangeHRM/input_Work Email_oxd-input oxd-input--active'

27-12-2024T09:38:49 - [MESSAGE][PASSED] - Text 'frank.huynh@jones.com' is set on object 'Object Repository/Employee-Onboarding/Employee_Contact_Details/Page_OrangeHRM/input_Work Email_oxd-input oxd-input--active'

27-12-2024T09:38:49 - [TEST_STEP][PASSED] - setText(findTestObject("Object Repository/Employee-Onboarding/Employee_Contact_Details/Page_OrangeHRM/input_Other Email_oxd-input oxd-input--focu_8ec2d9"), Email_Other): Text 'frank.huynh@emulateddomains.org' is set on object 'Object Repository/Employee-Onboarding/Employee_Contact_Details/Page_OrangeHRM/input_Other Email_oxd-input oxd-input--focu_8ec2d9'

27-12-2024T09:38:51 - [MESSAGE][PASSED] - Text 'frank.huynh@emulateddomains.org' is set on object 'Object Repository/Employee-Onboarding/Employee_Contact_Details/Page_OrangeHRM/input_Other Email_oxd-input oxd-input--focu_8ec2d9'

27-12-2024T09:38:51 - [TEST_STEP][PASSED] - click(findTestObject("Object Repository/Employee-Onboarding/Employee_Contact_Details/Page_OrangeHRM/button_Save")): Object: 'Object Repository/Employee-Onboarding/Employee_Contact_Details/Page_OrangeHRM/button_Save' is clicked on

27-12-2024T09:38:51 - [MESSAGE][PASSED] - Object: 'Object Repository/Employee-Onboarding/Employee_Contact_Details/Page_OrangeHRM/button_Save' is clicked on]]></system-out>
         <system-err><![CDATA[]]></system-err>
      </testcase>
      <testcase name="Test Cases/Employee_Onboarding/TC_Employee_Contact_Details" time="18.695" classname="Test Cases/Employee_Onboarding/TC_Employee_Contact_Details" status="PASSED">
         <system-out><![CDATA[27-12-2024T09:38:52 - [TEST_CASE][PASSED] - Test Cases/Employee_Onboarding/TC_Employee_Contact_Details: Test Cases/Employee_Onboarding/TC_Employee_Contact_Details

27-12-2024T09:38:52 - [TEST_STEP][PASSED] - click(findTestObject("Object Repository/Employee-Onboarding/Employee_Contact_Details/Page_OrangeHRM/a_PIM")): Object: 'Object Repository/Employee-Onboarding/Employee_Contact_Details/Page_OrangeHRM/a_PIM' is clicked on

27-12-2024T09:38:53 - [MESSAGE][PASSED] - Object: 'Object Repository/Employee-Onboarding/Employee_Contact_Details/Page_OrangeHRM/a_PIM' is clicked on

27-12-2024T09:38:53 - [TEST_STEP][PASSED] - setText(findTestObject("Object Repository/Employee-Onboarding/Employee_Contact_Details/Page_OrangeHRM/input"), Fullname): Text 'Nicholas Williams' is set on object 'Object Repository/Employee-Onboarding/Employee_Contact_Details/Page_OrangeHRM/input'

27-12-2024T09:38:55 - [MESSAGE][PASSED] - Text 'Nicholas Williams' is set on object 'Object Repository/Employee-Onboarding/Employee_Contact_Details/Page_OrangeHRM/input'

27-12-2024T09:38:55 - [TEST_STEP][PASSED] - click(findTestObject("Object Repository/Employee-Onboarding/Employee_Contact_Details/Page_OrangeHRM/button_Search")): Object: 'Object Repository/Employee-Onboarding/Employee_Contact_Details/Page_OrangeHRM/button_Search' is clicked on

27-12-2024T09:38:56 - [MESSAGE][PASSED] - Object: 'Object Repository/Employee-Onboarding/Employee_Contact_Details/Page_OrangeHRM/button_Search' is clicked on

27-12-2024T09:38:56 - [TEST_STEP][PASSED] - click(findTestObject("Object Repository/Employee-Onboarding/Employee_Contact_Details/Page_OrangeHRM/div_Actions_oxd-table-cell oxd-padding-cell")): Object: 'Object Repository/Employee-Onboarding/Employee_Contact_Details/Page_OrangeHRM/div_Actions_oxd-table-cell oxd-padding-cell' is clicked on

27-12-2024T09:38:57 - [MESSAGE][PASSED] - Object: 'Object Repository/Employee-Onboarding/Employee_Contact_Details/Page_OrangeHRM/div_Actions_oxd-table-cell oxd-padding-cell' is clicked on

27-12-2024T09:38:57 - [TEST_STEP][PASSED] - click(findTestObject("Object Repository/Employee-Onboarding/Employee_Contact_Details/Page_OrangeHRM/a_Contact Details")): Object: 'Object Repository/Employee-Onboarding/Employee_Contact_Details/Page_OrangeHRM/a_Contact Details' is clicked on

27-12-2024T09:39:01 - [MESSAGE][PASSED] - Object: 'Object Repository/Employee-Onboarding/Employee_Contact_Details/Page_OrangeHRM/a_Contact Details' is clicked on

27-12-2024T09:39:01 - [TEST_STEP][PASSED] - setText(findTestObject("Object Repository/Employee-Onboarding/Employee_Contact_Details/Page_OrangeHRM/input_Street 1_oxd-input oxd-input--focus"), Street1): Text '98171 Sarah Groves Apt. 186' is set on object 'Object Repository/Employee-Onboarding/Employee_Contact_Details/Page_OrangeHRM/input_Street 1_oxd-input oxd-input--focus'

27-12-2024T09:39:03 - [MESSAGE][PASSED] - Text '98171 Sarah Groves Apt. 186' is set on object 'Object Repository/Employee-Onboarding/Employee_Contact_Details/Page_OrangeHRM/input_Street 1_oxd-input oxd-input--focus'

27-12-2024T09:39:03 - [TEST_STEP][PASSED] - setText(findTestObject("Object Repository/Employee-Onboarding/Employee_Contact_Details/Page_OrangeHRM/input_Street 2_oxd-input oxd-input--active"), Street2): Text 'Apt. 937' is set on object 'Object Repository/Employee-Onboarding/Employee_Contact_Details/Page_OrangeHRM/input_Street 2_oxd-input oxd-input--active'

27-12-2024T09:39:04 - [MESSAGE][PASSED] - Text 'Apt. 937' is set on object 'Object Repository/Employee-Onboarding/Employee_Contact_Details/Page_OrangeHRM/input_Street 2_oxd-input oxd-input--active'

27-12-2024T09:39:04 - [TEST_STEP][PASSED] - setText(findTestObject("Object Repository/Employee-Onboarding/Employee_Contact_Details/Page_OrangeHRM/input_City_oxd-input oxd-input--active"), City): Text 'North Chasemouth' is set on object 'Object Repository/Employee-Onboarding/Employee_Contact_Details/Page_OrangeHRM/input_City_oxd-input oxd-input--active'

27-12-2024T09:39:04 - [MESSAGE][PASSED] - Text 'North Chasemouth' is set on object 'Object Repository/Employee-Onboarding/Employee_Contact_Details/Page_OrangeHRM/input_City_oxd-input oxd-input--active'

27-12-2024T09:39:04 - [TEST_STEP][PASSED] - setText(findTestObject("Object Repository/Employee-Onboarding/Employee_Contact_Details/Page_OrangeHRM/input_StateProvince_oxd-input oxd-input--active"), State): Text 'Pennsylvania' is set on object 'Object Repository/Employee-Onboarding/Employee_Contact_Details/Page_OrangeHRM/input_StateProvince_oxd-input oxd-input--active'

27-12-2024T09:39:05 - [MESSAGE][PASSED] - Text 'Pennsylvania' is set on object 'Object Repository/Employee-Onboarding/Employee_Contact_Details/Page_OrangeHRM/input_StateProvince_oxd-input oxd-input--active'

27-12-2024T09:39:05 - [TEST_STEP][PASSED] - setText(findTestObject("Object Repository/Employee-Onboarding/Employee_Contact_Details/Page_OrangeHRM/input_ZipPostal Code_oxd-input oxd-input--active"), ZipCode): Text '74966' is set on object 'Object Repository/Employee-Onboarding/Employee_Contact_Details/Page_OrangeHRM/input_ZipPostal Code_oxd-input oxd-input--active'

27-12-2024T09:39:05 - [MESSAGE][PASSED] - Text '74966' is set on object 'Object Repository/Employee-Onboarding/Employee_Contact_Details/Page_OrangeHRM/input_ZipPostal Code_oxd-input oxd-input--active'

27-12-2024T09:39:05 - [TEST_STEP][PASSED] - click(findTestObject("Object Repository/Employee-Onboarding/Employee_Contact_Details/Page_OrangeHRM/i_-- Select --_oxd-icon bi-caret-up-fill ox_627fec")): Object: 'Object Repository/Employee-Onboarding/Employee_Contact_Details/Page_OrangeHRM/i_-- Select --_oxd-icon bi-caret-up-fill ox_627fec' is clicked on

27-12-2024T09:39:05 - [MESSAGE][PASSED] - Object: 'Object Repository/Employee-Onboarding/Employee_Contact_Details/Page_OrangeHRM/i_-- Select --_oxd-icon bi-caret-up-fill ox_627fec' is clicked on

27-12-2024T09:39:05 - [TEST_STEP][PASSED] - click(findTestObject("Employee-Onboarding/Employee_Salary_Detail_Objects/Page_OrangeHRM/custom_object_for_dropdown", ["value":Country])): Object: 'Object Repository/Employee-Onboarding/Employee_Salary_Detail_Objects/Page_OrangeHRM/custom_object_for_dropdown' is clicked on

27-12-2024T09:39:06 - [MESSAGE][PASSED] - Object: 'Object Repository/Employee-Onboarding/Employee_Salary_Detail_Objects/Page_OrangeHRM/custom_object_for_dropdown' is clicked on

27-12-2024T09:39:06 - [TEST_STEP][PASSED] - setText(findTestObject("Object Repository/Employee-Onboarding/Employee_Contact_Details/Page_OrangeHRM/input_Home_oxd-input oxd-input--focus"), Tel_Home): Text '981-245-7630' is set on object 'Object Repository/Employee-Onboarding/Employee_Contact_Details/Page_OrangeHRM/input_Home_oxd-input oxd-input--focus'

27-12-2024T09:39:06 - [MESSAGE][PASSED] - Text '981-245-7630' is set on object 'Object Repository/Employee-Onboarding/Employee_Contact_Details/Page_OrangeHRM/input_Home_oxd-input oxd-input--focus'

27-12-2024T09:39:06 - [TEST_STEP][PASSED] - setText(findTestObject("Object Repository/Employee-Onboarding/Employee_Contact_Details/Page_OrangeHRM/input_Mobile_oxd-input oxd-input--focus"), Tell_Mobile): Text '554-574-3265' is set on object 'Object Repository/Employee-Onboarding/Employee_Contact_Details/Page_OrangeHRM/input_Mobile_oxd-input oxd-input--focus'

27-12-2024T09:39:07 - [MESSAGE][PASSED] - Text '554-574-3265' is set on object 'Object Repository/Employee-Onboarding/Employee_Contact_Details/Page_OrangeHRM/input_Mobile_oxd-input oxd-input--focus'

27-12-2024T09:39:07 - [TEST_STEP][PASSED] - setText(findTestObject("Object Repository/Employee-Onboarding/Employee_Contact_Details/Page_OrangeHRM/input_Work_oxd-input oxd-input--focus"), Tel_Work): Text '702-291-6583' is set on object 'Object Repository/Employee-Onboarding/Employee_Contact_Details/Page_OrangeHRM/input_Work_oxd-input oxd-input--focus'

27-12-2024T09:39:07 - [MESSAGE][PASSED] - Text '702-291-6583' is set on object 'Object Repository/Employee-Onboarding/Employee_Contact_Details/Page_OrangeHRM/input_Work_oxd-input oxd-input--focus'

27-12-2024T09:39:07 - [TEST_STEP][PASSED] - setText(findTestObject("Object Repository/Employee-Onboarding/Employee_Contact_Details/Page_OrangeHRM/input_Work Email_oxd-input oxd-input--active"), Email_Work): Text 'nicholas.williams@stuart.com' is set on object 'Object Repository/Employee-Onboarding/Employee_Contact_Details/Page_OrangeHRM/input_Work Email_oxd-input oxd-input--active'

27-12-2024T09:39:08 - [MESSAGE][PASSED] - Text 'nicholas.williams@stuart.com' is set on object 'Object Repository/Employee-Onboarding/Employee_Contact_Details/Page_OrangeHRM/input_Work Email_oxd-input oxd-input--active'

27-12-2024T09:39:08 - [TEST_STEP][PASSED] - setText(findTestObject("Object Repository/Employee-Onboarding/Employee_Contact_Details/Page_OrangeHRM/input_Other Email_oxd-input oxd-input--focu_8ec2d9"), Email_Other): Text 'nicholas.williams@fakemailplace.com' is set on object 'Object Repository/Employee-Onboarding/Employee_Contact_Details/Page_OrangeHRM/input_Other Email_oxd-input oxd-input--focu_8ec2d9'

27-12-2024T09:39:10 - [MESSAGE][PASSED] - Text 'nicholas.williams@fakemailplace.com' is set on object 'Object Repository/Employee-Onboarding/Employee_Contact_Details/Page_OrangeHRM/input_Other Email_oxd-input oxd-input--focu_8ec2d9'

27-12-2024T09:39:10 - [TEST_STEP][PASSED] - click(findTestObject("Object Repository/Employee-Onboarding/Employee_Contact_Details/Page_OrangeHRM/button_Save")): Object: 'Object Repository/Employee-Onboarding/Employee_Contact_Details/Page_OrangeHRM/button_Save' is clicked on

27-12-2024T09:39:10 - [MESSAGE][PASSED] - Object: 'Object Repository/Employee-Onboarding/Employee_Contact_Details/Page_OrangeHRM/button_Save' is clicked on]]></system-out>
         <system-err><![CDATA[]]></system-err>
      </testcase>
      <testcase name="Test Cases/Employee_Onboarding/TC_Employee_Contact_Details" time="18.553" classname="Test Cases/Employee_Onboarding/TC_Employee_Contact_Details" status="PASSED">
         <system-out><![CDATA[27-12-2024T09:39:10 - [TEST_CASE][PASSED] - Test Cases/Employee_Onboarding/TC_Employee_Contact_Details: Test Cases/Employee_Onboarding/TC_Employee_Contact_Details

27-12-2024T09:39:10 - [TEST_STEP][PASSED] - click(findTestObject("Object Repository/Employee-Onboarding/Employee_Contact_Details/Page_OrangeHRM/a_PIM")): Object: 'Object Repository/Employee-Onboarding/Employee_Contact_Details/Page_OrangeHRM/a_PIM' is clicked on

27-12-2024T09:39:11 - [MESSAGE][PASSED] - Object: 'Object Repository/Employee-Onboarding/Employee_Contact_Details/Page_OrangeHRM/a_PIM' is clicked on

27-12-2024T09:39:11 - [TEST_STEP][PASSED] - setText(findTestObject("Object Repository/Employee-Onboarding/Employee_Contact_Details/Page_OrangeHRM/input"), Fullname): Text 'Corey Hogan' is set on object 'Object Repository/Employee-Onboarding/Employee_Contact_Details/Page_OrangeHRM/input'

27-12-2024T09:39:14 - [MESSAGE][PASSED] - Text 'Corey Hogan' is set on object 'Object Repository/Employee-Onboarding/Employee_Contact_Details/Page_OrangeHRM/input'

27-12-2024T09:39:14 - [TEST_STEP][PASSED] - click(findTestObject("Object Repository/Employee-Onboarding/Employee_Contact_Details/Page_OrangeHRM/button_Search")): Object: 'Object Repository/Employee-Onboarding/Employee_Contact_Details/Page_OrangeHRM/button_Search' is clicked on

27-12-2024T09:39:14 - [MESSAGE][PASSED] - Object: 'Object Repository/Employee-Onboarding/Employee_Contact_Details/Page_OrangeHRM/button_Search' is clicked on

27-12-2024T09:39:14 - [TEST_STEP][PASSED] - click(findTestObject("Object Repository/Employee-Onboarding/Employee_Contact_Details/Page_OrangeHRM/div_Actions_oxd-table-cell oxd-padding-cell")): Object: 'Object Repository/Employee-Onboarding/Employee_Contact_Details/Page_OrangeHRM/div_Actions_oxd-table-cell oxd-padding-cell' is clicked on

27-12-2024T09:39:16 - [MESSAGE][PASSED] - Object: 'Object Repository/Employee-Onboarding/Employee_Contact_Details/Page_OrangeHRM/div_Actions_oxd-table-cell oxd-padding-cell' is clicked on

27-12-2024T09:39:16 - [TEST_STEP][PASSED] - click(findTestObject("Object Repository/Employee-Onboarding/Employee_Contact_Details/Page_OrangeHRM/a_Contact Details")): Object: 'Object Repository/Employee-Onboarding/Employee_Contact_Details/Page_OrangeHRM/a_Contact Details' is clicked on

27-12-2024T09:39:19 - [MESSAGE][PASSED] - Object: 'Object Repository/Employee-Onboarding/Employee_Contact_Details/Page_OrangeHRM/a_Contact Details' is clicked on

27-12-2024T09:39:19 - [TEST_STEP][PASSED] - setText(findTestObject("Object Repository/Employee-Onboarding/Employee_Contact_Details/Page_OrangeHRM/input_Street 1_oxd-input oxd-input--focus"), Street1): Text '893 Barbara Extension' is set on object 'Object Repository/Employee-Onboarding/Employee_Contact_Details/Page_OrangeHRM/input_Street 1_oxd-input oxd-input--focus'

27-12-2024T09:39:21 - [MESSAGE][PASSED] - Text '893 Barbara Extension' is set on object 'Object Repository/Employee-Onboarding/Employee_Contact_Details/Page_OrangeHRM/input_Street 1_oxd-input oxd-input--focus'

27-12-2024T09:39:21 - [TEST_STEP][PASSED] - setText(findTestObject("Object Repository/Employee-Onboarding/Employee_Contact_Details/Page_OrangeHRM/input_Street 2_oxd-input oxd-input--active"), Street2): Text 'Apt. 097' is set on object 'Object Repository/Employee-Onboarding/Employee_Contact_Details/Page_OrangeHRM/input_Street 2_oxd-input oxd-input--active'

27-12-2024T09:39:22 - [MESSAGE][PASSED] - Text 'Apt. 097' is set on object 'Object Repository/Employee-Onboarding/Employee_Contact_Details/Page_OrangeHRM/input_Street 2_oxd-input oxd-input--active'

27-12-2024T09:39:22 - [TEST_STEP][PASSED] - setText(findTestObject("Object Repository/Employee-Onboarding/Employee_Contact_Details/Page_OrangeHRM/input_City_oxd-input oxd-input--active"), City): Text 'Dixonstad' is set on object 'Object Repository/Employee-Onboarding/Employee_Contact_Details/Page_OrangeHRM/input_City_oxd-input oxd-input--active'

27-12-2024T09:39:22 - [MESSAGE][PASSED] - Text 'Dixonstad' is set on object 'Object Repository/Employee-Onboarding/Employee_Contact_Details/Page_OrangeHRM/input_City_oxd-input oxd-input--active'

27-12-2024T09:39:22 - [TEST_STEP][PASSED] - setText(findTestObject("Object Repository/Employee-Onboarding/Employee_Contact_Details/Page_OrangeHRM/input_StateProvince_oxd-input oxd-input--active"), State): Text 'Michigan' is set on object 'Object Repository/Employee-Onboarding/Employee_Contact_Details/Page_OrangeHRM/input_StateProvince_oxd-input oxd-input--active'

27-12-2024T09:39:23 - [MESSAGE][PASSED] - Text 'Michigan' is set on object 'Object Repository/Employee-Onboarding/Employee_Contact_Details/Page_OrangeHRM/input_StateProvince_oxd-input oxd-input--active'

27-12-2024T09:39:23 - [TEST_STEP][PASSED] - setText(findTestObject("Object Repository/Employee-Onboarding/Employee_Contact_Details/Page_OrangeHRM/input_ZipPostal Code_oxd-input oxd-input--active"), ZipCode): Text '92967' is set on object 'Object Repository/Employee-Onboarding/Employee_Contact_Details/Page_OrangeHRM/input_ZipPostal Code_oxd-input oxd-input--active'

27-12-2024T09:39:23 - [MESSAGE][PASSED] - Text '92967' is set on object 'Object Repository/Employee-Onboarding/Employee_Contact_Details/Page_OrangeHRM/input_ZipPostal Code_oxd-input oxd-input--active'

27-12-2024T09:39:23 - [TEST_STEP][PASSED] - click(findTestObject("Object Repository/Employee-Onboarding/Employee_Contact_Details/Page_OrangeHRM/i_-- Select --_oxd-icon bi-caret-up-fill ox_627fec")): Object: 'Object Repository/Employee-Onboarding/Employee_Contact_Details/Page_OrangeHRM/i_-- Select --_oxd-icon bi-caret-up-fill ox_627fec' is clicked on

27-12-2024T09:39:24 - [MESSAGE][PASSED] - Object: 'Object Repository/Employee-Onboarding/Employee_Contact_Details/Page_OrangeHRM/i_-- Select --_oxd-icon bi-caret-up-fill ox_627fec' is clicked on

27-12-2024T09:39:24 - [TEST_STEP][PASSED] - click(findTestObject("Employee-Onboarding/Employee_Salary_Detail_Objects/Page_OrangeHRM/custom_object_for_dropdown", ["value":Country])): Object: 'Object Repository/Employee-Onboarding/Employee_Salary_Detail_Objects/Page_OrangeHRM/custom_object_for_dropdown' is clicked on

27-12-2024T09:39:24 - [MESSAGE][PASSED] - Object: 'Object Repository/Employee-Onboarding/Employee_Salary_Detail_Objects/Page_OrangeHRM/custom_object_for_dropdown' is clicked on

27-12-2024T09:39:24 - [TEST_STEP][PASSED] - setText(findTestObject("Object Repository/Employee-Onboarding/Employee_Contact_Details/Page_OrangeHRM/input_Home_oxd-input oxd-input--focus"), Tel_Home): Text '403-672-1289' is set on object 'Object Repository/Employee-Onboarding/Employee_Contact_Details/Page_OrangeHRM/input_Home_oxd-input oxd-input--focus'

27-12-2024T09:39:25 - [MESSAGE][PASSED] - Text '403-672-1289' is set on object 'Object Repository/Employee-Onboarding/Employee_Contact_Details/Page_OrangeHRM/input_Home_oxd-input oxd-input--focus'

27-12-2024T09:39:25 - [TEST_STEP][PASSED] - setText(findTestObject("Object Repository/Employee-Onboarding/Employee_Contact_Details/Page_OrangeHRM/input_Mobile_oxd-input oxd-input--focus"), Tell_Mobile): Text '604-779-3681' is set on object 'Object Repository/Employee-Onboarding/Employee_Contact_Details/Page_OrangeHRM/input_Mobile_oxd-input oxd-input--focus'

27-12-2024T09:39:25 - [MESSAGE][PASSED] - Text '604-779-3681' is set on object 'Object Repository/Employee-Onboarding/Employee_Contact_Details/Page_OrangeHRM/input_Mobile_oxd-input oxd-input--focus'

27-12-2024T09:39:25 - [TEST_STEP][PASSED] - setText(findTestObject("Object Repository/Employee-Onboarding/Employee_Contact_Details/Page_OrangeHRM/input_Work_oxd-input oxd-input--focus"), Tel_Work): Text '001-949-521-6079' is set on object 'Object Repository/Employee-Onboarding/Employee_Contact_Details/Page_OrangeHRM/input_Work_oxd-input oxd-input--focus'

27-12-2024T09:39:26 - [MESSAGE][PASSED] - Text '001-949-521-6079' is set on object 'Object Repository/Employee-Onboarding/Employee_Contact_Details/Page_OrangeHRM/input_Work_oxd-input oxd-input--focus'

27-12-2024T09:39:26 - [TEST_STEP][PASSED] - setText(findTestObject("Object Repository/Employee-Onboarding/Employee_Contact_Details/Page_OrangeHRM/input_Work Email_oxd-input oxd-input--active"), Email_Work): Text 'corey.hogan@roberts.com' is set on object 'Object Repository/Employee-Onboarding/Employee_Contact_Details/Page_OrangeHRM/input_Work Email_oxd-input oxd-input--active'

27-12-2024T09:39:26 - [MESSAGE][PASSED] - Text 'corey.hogan@roberts.com' is set on object 'Object Repository/Employee-Onboarding/Employee_Contact_Details/Page_OrangeHRM/input_Work Email_oxd-input oxd-input--active'

27-12-2024T09:39:26 - [TEST_STEP][PASSED] - setText(findTestObject("Object Repository/Employee-Onboarding/Employee_Contact_Details/Page_OrangeHRM/input_Other Email_oxd-input oxd-input--focu_8ec2d9"), Email_Other): Text 'corey.hogan@placeholderzone.org' is set on object 'Object Repository/Employee-Onboarding/Employee_Contact_Details/Page_OrangeHRM/input_Other Email_oxd-input oxd-input--focu_8ec2d9'

27-12-2024T09:39:28 - [MESSAGE][PASSED] - Text 'corey.hogan@placeholderzone.org' is set on object 'Object Repository/Employee-Onboarding/Employee_Contact_Details/Page_OrangeHRM/input_Other Email_oxd-input oxd-input--focu_8ec2d9'

27-12-2024T09:39:28 - [TEST_STEP][PASSED] - click(findTestObject("Object Repository/Employee-Onboarding/Employee_Contact_Details/Page_OrangeHRM/button_Save")): Object: 'Object Repository/Employee-Onboarding/Employee_Contact_Details/Page_OrangeHRM/button_Save' is clicked on

27-12-2024T09:39:29 - [MESSAGE][PASSED] - Object: 'Object Repository/Employee-Onboarding/Employee_Contact_Details/Page_OrangeHRM/button_Save' is clicked on]]></system-out>
         <system-err><![CDATA[]]></system-err>
      </testcase>
      <testcase name="Test Cases/Employee_Onboarding/TC_Employee_Contact_Details" time="18.59" classname="Test Cases/Employee_Onboarding/TC_Employee_Contact_Details" status="PASSED">
         <system-out><![CDATA[27-12-2024T09:39:29 - [TEST_CASE][PASSED] - Test Cases/Employee_Onboarding/TC_Employee_Contact_Details: Test Cases/Employee_Onboarding/TC_Employee_Contact_Details

27-12-2024T09:39:29 - [TEST_STEP][PASSED] - click(findTestObject("Object Repository/Employee-Onboarding/Employee_Contact_Details/Page_OrangeHRM/a_PIM")): Object: 'Object Repository/Employee-Onboarding/Employee_Contact_Details/Page_OrangeHRM/a_PIM' is clicked on

27-12-2024T09:39:30 - [MESSAGE][PASSED] - Object: 'Object Repository/Employee-Onboarding/Employee_Contact_Details/Page_OrangeHRM/a_PIM' is clicked on

27-12-2024T09:39:30 - [TEST_STEP][PASSED] - setText(findTestObject("Object Repository/Employee-Onboarding/Employee_Contact_Details/Page_OrangeHRM/input"), Fullname): Text 'James King' is set on object 'Object Repository/Employee-Onboarding/Employee_Contact_Details/Page_OrangeHRM/input'

27-12-2024T09:39:32 - [MESSAGE][PASSED] - Text 'James King' is set on object 'Object Repository/Employee-Onboarding/Employee_Contact_Details/Page_OrangeHRM/input'

27-12-2024T09:39:32 - [TEST_STEP][PASSED] - click(findTestObject("Object Repository/Employee-Onboarding/Employee_Contact_Details/Page_OrangeHRM/button_Search")): Object: 'Object Repository/Employee-Onboarding/Employee_Contact_Details/Page_OrangeHRM/button_Search' is clicked on

27-12-2024T09:39:33 - [MESSAGE][PASSED] - Object: 'Object Repository/Employee-Onboarding/Employee_Contact_Details/Page_OrangeHRM/button_Search' is clicked on

27-12-2024T09:39:33 - [TEST_STEP][PASSED] - click(findTestObject("Object Repository/Employee-Onboarding/Employee_Contact_Details/Page_OrangeHRM/div_Actions_oxd-table-cell oxd-padding-cell")): Object: 'Object Repository/Employee-Onboarding/Employee_Contact_Details/Page_OrangeHRM/div_Actions_oxd-table-cell oxd-padding-cell' is clicked on

27-12-2024T09:39:35 - [MESSAGE][PASSED] - Object: 'Object Repository/Employee-Onboarding/Employee_Contact_Details/Page_OrangeHRM/div_Actions_oxd-table-cell oxd-padding-cell' is clicked on

27-12-2024T09:39:35 - [TEST_STEP][PASSED] - click(findTestObject("Object Repository/Employee-Onboarding/Employee_Contact_Details/Page_OrangeHRM/a_Contact Details")): Object: 'Object Repository/Employee-Onboarding/Employee_Contact_Details/Page_OrangeHRM/a_Contact Details' is clicked on

27-12-2024T09:39:38 - [MESSAGE][PASSED] - Object: 'Object Repository/Employee-Onboarding/Employee_Contact_Details/Page_OrangeHRM/a_Contact Details' is clicked on

27-12-2024T09:39:38 - [TEST_STEP][PASSED] - setText(findTestObject("Object Repository/Employee-Onboarding/Employee_Contact_Details/Page_OrangeHRM/input_Street 1_oxd-input oxd-input--focus"), Street1): Text '15888 Duncan Forge' is set on object 'Object Repository/Employee-Onboarding/Employee_Contact_Details/Page_OrangeHRM/input_Street 1_oxd-input oxd-input--focus'

27-12-2024T09:39:40 - [MESSAGE][PASSED] - Text '15888 Duncan Forge' is set on object 'Object Repository/Employee-Onboarding/Employee_Contact_Details/Page_OrangeHRM/input_Street 1_oxd-input oxd-input--focus'

27-12-2024T09:39:40 - [TEST_STEP][PASSED] - setText(findTestObject("Object Repository/Employee-Onboarding/Employee_Contact_Details/Page_OrangeHRM/input_Street 2_oxd-input oxd-input--active"), Street2): Text 'Apt. 780' is set on object 'Object Repository/Employee-Onboarding/Employee_Contact_Details/Page_OrangeHRM/input_Street 2_oxd-input oxd-input--active'

27-12-2024T09:39:41 - [MESSAGE][PASSED] - Text 'Apt. 780' is set on object 'Object Repository/Employee-Onboarding/Employee_Contact_Details/Page_OrangeHRM/input_Street 2_oxd-input oxd-input--active'

27-12-2024T09:39:41 - [TEST_STEP][PASSED] - setText(findTestObject("Object Repository/Employee-Onboarding/Employee_Contact_Details/Page_OrangeHRM/input_City_oxd-input oxd-input--active"), City): Text 'West Jamesburgh' is set on object 'Object Repository/Employee-Onboarding/Employee_Contact_Details/Page_OrangeHRM/input_City_oxd-input oxd-input--active'

27-12-2024T09:39:41 - [MESSAGE][PASSED] - Text 'West Jamesburgh' is set on object 'Object Repository/Employee-Onboarding/Employee_Contact_Details/Page_OrangeHRM/input_City_oxd-input oxd-input--active'

27-12-2024T09:39:41 - [TEST_STEP][PASSED] - setText(findTestObject("Object Repository/Employee-Onboarding/Employee_Contact_Details/Page_OrangeHRM/input_StateProvince_oxd-input oxd-input--active"), State): Text 'Nevada' is set on object 'Object Repository/Employee-Onboarding/Employee_Contact_Details/Page_OrangeHRM/input_StateProvince_oxd-input oxd-input--active'

27-12-2024T09:39:42 - [MESSAGE][PASSED] - Text 'Nevada' is set on object 'Object Repository/Employee-Onboarding/Employee_Contact_Details/Page_OrangeHRM/input_StateProvince_oxd-input oxd-input--active'

27-12-2024T09:39:42 - [TEST_STEP][PASSED] - setText(findTestObject("Object Repository/Employee-Onboarding/Employee_Contact_Details/Page_OrangeHRM/input_ZipPostal Code_oxd-input oxd-input--active"), ZipCode): Text '82492' is set on object 'Object Repository/Employee-Onboarding/Employee_Contact_Details/Page_OrangeHRM/input_ZipPostal Code_oxd-input oxd-input--active'

27-12-2024T09:39:42 - [MESSAGE][PASSED] - Text '82492' is set on object 'Object Repository/Employee-Onboarding/Employee_Contact_Details/Page_OrangeHRM/input_ZipPostal Code_oxd-input oxd-input--active'

27-12-2024T09:39:42 - [TEST_STEP][PASSED] - click(findTestObject("Object Repository/Employee-Onboarding/Employee_Contact_Details/Page_OrangeHRM/i_-- Select --_oxd-icon bi-caret-up-fill ox_627fec")): Object: 'Object Repository/Employee-Onboarding/Employee_Contact_Details/Page_OrangeHRM/i_-- Select --_oxd-icon bi-caret-up-fill ox_627fec' is clicked on

27-12-2024T09:39:43 - [MESSAGE][PASSED] - Object: 'Object Repository/Employee-Onboarding/Employee_Contact_Details/Page_OrangeHRM/i_-- Select --_oxd-icon bi-caret-up-fill ox_627fec' is clicked on

27-12-2024T09:39:43 - [TEST_STEP][PASSED] - click(findTestObject("Employee-Onboarding/Employee_Salary_Detail_Objects/Page_OrangeHRM/custom_object_for_dropdown", ["value":Country])): Object: 'Object Repository/Employee-Onboarding/Employee_Salary_Detail_Objects/Page_OrangeHRM/custom_object_for_dropdown' is clicked on

27-12-2024T09:39:43 - [MESSAGE][PASSED] - Object: 'Object Repository/Employee-Onboarding/Employee_Salary_Detail_Objects/Page_OrangeHRM/custom_object_for_dropdown' is clicked on

27-12-2024T09:39:43 - [TEST_STEP][PASSED] - setText(findTestObject("Object Repository/Employee-Onboarding/Employee_Contact_Details/Page_OrangeHRM/input_Home_oxd-input oxd-input--focus"), Tel_Home): Text '451-827-3945' is set on object 'Object Repository/Employee-Onboarding/Employee_Contact_Details/Page_OrangeHRM/input_Home_oxd-input oxd-input--focus'

27-12-2024T09:39:44 - [MESSAGE][PASSED] - Text '451-827-3945' is set on object 'Object Repository/Employee-Onboarding/Employee_Contact_Details/Page_OrangeHRM/input_Home_oxd-input oxd-input--focus'

27-12-2024T09:39:44 - [TEST_STEP][PASSED] - setText(findTestObject("Object Repository/Employee-Onboarding/Employee_Contact_Details/Page_OrangeHRM/input_Mobile_oxd-input oxd-input--focus"), Tell_Mobile): Text '310-672-5861' is set on object 'Object Repository/Employee-Onboarding/Employee_Contact_Details/Page_OrangeHRM/input_Mobile_oxd-input oxd-input--focus'

27-12-2024T09:39:44 - [MESSAGE][PASSED] - Text '310-672-5861' is set on object 'Object Repository/Employee-Onboarding/Employee_Contact_Details/Page_OrangeHRM/input_Mobile_oxd-input oxd-input--focus'

27-12-2024T09:39:44 - [TEST_STEP][PASSED] - setText(findTestObject("Object Repository/Employee-Onboarding/Employee_Contact_Details/Page_OrangeHRM/input_Work_oxd-input oxd-input--focus"), Tel_Work): Text '912-465-8508' is set on object 'Object Repository/Employee-Onboarding/Employee_Contact_Details/Page_OrangeHRM/input_Work_oxd-input oxd-input--focus'

27-12-2024T09:39:45 - [MESSAGE][PASSED] - Text '912-465-8508' is set on object 'Object Repository/Employee-Onboarding/Employee_Contact_Details/Page_OrangeHRM/input_Work_oxd-input oxd-input--focus'

27-12-2024T09:39:45 - [TEST_STEP][PASSED] - setText(findTestObject("Object Repository/Employee-Onboarding/Employee_Contact_Details/Page_OrangeHRM/input_Work Email_oxd-input oxd-input--active"), Email_Work): Text 'james.king@jones.com' is set on object 'Object Repository/Employee-Onboarding/Employee_Contact_Details/Page_OrangeHRM/input_Work Email_oxd-input oxd-input--active'

27-12-2024T09:39:45 - [MESSAGE][PASSED] - Text 'james.king@jones.com' is set on object 'Object Repository/Employee-Onboarding/Employee_Contact_Details/Page_OrangeHRM/input_Work Email_oxd-input oxd-input--active'

27-12-2024T09:39:45 - [TEST_STEP][PASSED] - setText(findTestObject("Object Repository/Employee-Onboarding/Employee_Contact_Details/Page_OrangeHRM/input_Other Email_oxd-input oxd-input--focu_8ec2d9"), Email_Other): Text 'james.king@mockwebhub.com' is set on object 'Object Repository/Employee-Onboarding/Employee_Contact_Details/Page_OrangeHRM/input_Other Email_oxd-input oxd-input--focu_8ec2d9'

27-12-2024T09:39:47 - [MESSAGE][PASSED] - Text 'james.king@mockwebhub.com' is set on object 'Object Repository/Employee-Onboarding/Employee_Contact_Details/Page_OrangeHRM/input_Other Email_oxd-input oxd-input--focu_8ec2d9'

27-12-2024T09:39:47 - [TEST_STEP][PASSED] - click(findTestObject("Object Repository/Employee-Onboarding/Employee_Contact_Details/Page_OrangeHRM/button_Save")): Object: 'Object Repository/Employee-Onboarding/Employee_Contact_Details/Page_OrangeHRM/button_Save' is clicked on

27-12-2024T09:39:47 - [MESSAGE][PASSED] - Object: 'Object Repository/Employee-Onboarding/Employee_Contact_Details/Page_OrangeHRM/button_Save' is clicked on]]></system-out>
         <system-err><![CDATA[]]></system-err>
      </testcase>
      <testcase name="Test Cases/Employee_Onboarding/TC_Employee_Contact_Details" time="19.18" classname="Test Cases/Employee_Onboarding/TC_Employee_Contact_Details" status="PASSED">
         <system-out><![CDATA[27-12-2024T09:39:47 - [TEST_CASE][PASSED] - Test Cases/Employee_Onboarding/TC_Employee_Contact_Details: Test Cases/Employee_Onboarding/TC_Employee_Contact_Details

27-12-2024T09:39:47 - [TEST_STEP][PASSED] - click(findTestObject("Object Repository/Employee-Onboarding/Employee_Contact_Details/Page_OrangeHRM/a_PIM")): Object: 'Object Repository/Employee-Onboarding/Employee_Contact_Details/Page_OrangeHRM/a_PIM' is clicked on

27-12-2024T09:39:49 - [MESSAGE][PASSED] - Object: 'Object Repository/Employee-Onboarding/Employee_Contact_Details/Page_OrangeHRM/a_PIM' is clicked on

27-12-2024T09:39:49 - [TEST_STEP][PASSED] - setText(findTestObject("Object Repository/Employee-Onboarding/Employee_Contact_Details/Page_OrangeHRM/input"), Fullname): Text 'Eduardo Moran' is set on object 'Object Repository/Employee-Onboarding/Employee_Contact_Details/Page_OrangeHRM/input'

27-12-2024T09:39:51 - [MESSAGE][PASSED] - Text 'Eduardo Moran' is set on object 'Object Repository/Employee-Onboarding/Employee_Contact_Details/Page_OrangeHRM/input'

27-12-2024T09:39:51 - [TEST_STEP][PASSED] - click(findTestObject("Object Repository/Employee-Onboarding/Employee_Contact_Details/Page_OrangeHRM/button_Search")): Object: 'Object Repository/Employee-Onboarding/Employee_Contact_Details/Page_OrangeHRM/button_Search' is clicked on

27-12-2024T09:39:52 - [MESSAGE][PASSED] - Object: 'Object Repository/Employee-Onboarding/Employee_Contact_Details/Page_OrangeHRM/button_Search' is clicked on

27-12-2024T09:39:52 - [TEST_STEP][PASSED] - click(findTestObject("Object Repository/Employee-Onboarding/Employee_Contact_Details/Page_OrangeHRM/div_Actions_oxd-table-cell oxd-padding-cell")): Object: 'Object Repository/Employee-Onboarding/Employee_Contact_Details/Page_OrangeHRM/div_Actions_oxd-table-cell oxd-padding-cell' is clicked on

27-12-2024T09:39:53 - [MESSAGE][PASSED] - Object: 'Object Repository/Employee-Onboarding/Employee_Contact_Details/Page_OrangeHRM/div_Actions_oxd-table-cell oxd-padding-cell' is clicked on

27-12-2024T09:39:53 - [TEST_STEP][PASSED] - click(findTestObject("Object Repository/Employee-Onboarding/Employee_Contact_Details/Page_OrangeHRM/a_Contact Details")): Object: 'Object Repository/Employee-Onboarding/Employee_Contact_Details/Page_OrangeHRM/a_Contact Details' is clicked on

27-12-2024T09:39:57 - [MESSAGE][PASSED] - Object: 'Object Repository/Employee-Onboarding/Employee_Contact_Details/Page_OrangeHRM/a_Contact Details' is clicked on

27-12-2024T09:39:57 - [TEST_STEP][PASSED] - setText(findTestObject("Object Repository/Employee-Onboarding/Employee_Contact_Details/Page_OrangeHRM/input_Street 1_oxd-input oxd-input--focus"), Street1): Text '82096 Floyd Fork Apt. 791' is set on object 'Object Repository/Employee-Onboarding/Employee_Contact_Details/Page_OrangeHRM/input_Street 1_oxd-input oxd-input--focus'

27-12-2024T09:39:59 - [MESSAGE][PASSED] - Text '82096 Floyd Fork Apt. 791' is set on object 'Object Repository/Employee-Onboarding/Employee_Contact_Details/Page_OrangeHRM/input_Street 1_oxd-input oxd-input--focus'

27-12-2024T09:39:59 - [TEST_STEP][PASSED] - setText(findTestObject("Object Repository/Employee-Onboarding/Employee_Contact_Details/Page_OrangeHRM/input_Street 2_oxd-input oxd-input--active"), Street2): Text 'Suite 117' is set on object 'Object Repository/Employee-Onboarding/Employee_Contact_Details/Page_OrangeHRM/input_Street 2_oxd-input oxd-input--active'

27-12-2024T09:40:00 - [MESSAGE][PASSED] - Text 'Suite 117' is set on object 'Object Repository/Employee-Onboarding/Employee_Contact_Details/Page_OrangeHRM/input_Street 2_oxd-input oxd-input--active'

27-12-2024T09:40:00 - [TEST_STEP][PASSED] - setText(findTestObject("Object Repository/Employee-Onboarding/Employee_Contact_Details/Page_OrangeHRM/input_City_oxd-input oxd-input--active"), City): Text 'East Travis' is set on object 'Object Repository/Employee-Onboarding/Employee_Contact_Details/Page_OrangeHRM/input_City_oxd-input oxd-input--active'

27-12-2024T09:40:00 - [MESSAGE][PASSED] - Text 'East Travis' is set on object 'Object Repository/Employee-Onboarding/Employee_Contact_Details/Page_OrangeHRM/input_City_oxd-input oxd-input--active'

27-12-2024T09:40:00 - [TEST_STEP][PASSED] - setText(findTestObject("Object Repository/Employee-Onboarding/Employee_Contact_Details/Page_OrangeHRM/input_StateProvince_oxd-input oxd-input--active"), State): Text 'Georgia' is set on object 'Object Repository/Employee-Onboarding/Employee_Contact_Details/Page_OrangeHRM/input_StateProvince_oxd-input oxd-input--active'

27-12-2024T09:40:01 - [MESSAGE][PASSED] - Text 'Georgia' is set on object 'Object Repository/Employee-Onboarding/Employee_Contact_Details/Page_OrangeHRM/input_StateProvince_oxd-input oxd-input--active'

27-12-2024T09:40:01 - [TEST_STEP][PASSED] - setText(findTestObject("Object Repository/Employee-Onboarding/Employee_Contact_Details/Page_OrangeHRM/input_ZipPostal Code_oxd-input oxd-input--active"), ZipCode): Text '68884' is set on object 'Object Repository/Employee-Onboarding/Employee_Contact_Details/Page_OrangeHRM/input_ZipPostal Code_oxd-input oxd-input--active'

27-12-2024T09:40:01 - [MESSAGE][PASSED] - Text '68884' is set on object 'Object Repository/Employee-Onboarding/Employee_Contact_Details/Page_OrangeHRM/input_ZipPostal Code_oxd-input oxd-input--active'

27-12-2024T09:40:01 - [TEST_STEP][PASSED] - click(findTestObject("Object Repository/Employee-Onboarding/Employee_Contact_Details/Page_OrangeHRM/i_-- Select --_oxd-icon bi-caret-up-fill ox_627fec")): Object: 'Object Repository/Employee-Onboarding/Employee_Contact_Details/Page_OrangeHRM/i_-- Select --_oxd-icon bi-caret-up-fill ox_627fec' is clicked on

27-12-2024T09:40:02 - [MESSAGE][PASSED] - Object: 'Object Repository/Employee-Onboarding/Employee_Contact_Details/Page_OrangeHRM/i_-- Select --_oxd-icon bi-caret-up-fill ox_627fec' is clicked on

27-12-2024T09:40:02 - [TEST_STEP][PASSED] - click(findTestObject("Employee-Onboarding/Employee_Salary_Detail_Objects/Page_OrangeHRM/custom_object_for_dropdown", ["value":Country])): Object: 'Object Repository/Employee-Onboarding/Employee_Salary_Detail_Objects/Page_OrangeHRM/custom_object_for_dropdown' is clicked on

27-12-2024T09:40:02 - [MESSAGE][PASSED] - Object: 'Object Repository/Employee-Onboarding/Employee_Salary_Detail_Objects/Page_OrangeHRM/custom_object_for_dropdown' is clicked on

27-12-2024T09:40:02 - [TEST_STEP][PASSED] - setText(findTestObject("Object Repository/Employee-Onboarding/Employee_Contact_Details/Page_OrangeHRM/input_Home_oxd-input oxd-input--focus"), Tel_Home): Text '601-482-7643' is set on object 'Object Repository/Employee-Onboarding/Employee_Contact_Details/Page_OrangeHRM/input_Home_oxd-input oxd-input--focus'

27-12-2024T09:40:03 - [MESSAGE][PASSED] - Text '601-482-7643' is set on object 'Object Repository/Employee-Onboarding/Employee_Contact_Details/Page_OrangeHRM/input_Home_oxd-input oxd-input--focus'

27-12-2024T09:40:03 - [TEST_STEP][PASSED] - setText(findTestObject("Object Repository/Employee-Onboarding/Employee_Contact_Details/Page_OrangeHRM/input_Mobile_oxd-input oxd-input--focus"), Tell_Mobile): Text '(520)996-1707' is set on object 'Object Repository/Employee-Onboarding/Employee_Contact_Details/Page_OrangeHRM/input_Mobile_oxd-input oxd-input--focus'

27-12-2024T09:40:03 - [MESSAGE][PASSED] - Text '(520)996-1707' is set on object 'Object Repository/Employee-Onboarding/Employee_Contact_Details/Page_OrangeHRM/input_Mobile_oxd-input oxd-input--focus'

27-12-2024T09:40:03 - [TEST_STEP][PASSED] - setText(findTestObject("Object Repository/Employee-Onboarding/Employee_Contact_Details/Page_OrangeHRM/input_Work_oxd-input oxd-input--focus"), Tel_Work): Text '504-651-5976' is set on object 'Object Repository/Employee-Onboarding/Employee_Contact_Details/Page_OrangeHRM/input_Work_oxd-input oxd-input--focus'

27-12-2024T09:40:04 - [MESSAGE][PASSED] - Text '504-651-5976' is set on object 'Object Repository/Employee-Onboarding/Employee_Contact_Details/Page_OrangeHRM/input_Work_oxd-input oxd-input--focus'

27-12-2024T09:40:04 - [TEST_STEP][PASSED] - setText(findTestObject("Object Repository/Employee-Onboarding/Employee_Contact_Details/Page_OrangeHRM/input_Work Email_oxd-input oxd-input--active"), Email_Work): Text 'eduardo.moran@kidd.com' is set on object 'Object Repository/Employee-Onboarding/Employee_Contact_Details/Page_OrangeHRM/input_Work Email_oxd-input oxd-input--active'

27-12-2024T09:40:04 - [MESSAGE][PASSED] - Text 'eduardo.moran@kidd.com' is set on object 'Object Repository/Employee-Onboarding/Employee_Contact_Details/Page_OrangeHRM/input_Work Email_oxd-input oxd-input--active'

27-12-2024T09:40:04 - [TEST_STEP][PASSED] - setText(findTestObject("Object Repository/Employee-Onboarding/Employee_Contact_Details/Page_OrangeHRM/input_Other Email_oxd-input oxd-input--focu_8ec2d9"), Email_Other): Text 'eduardo.moran@notrealemail.net' is set on object 'Object Repository/Employee-Onboarding/Employee_Contact_Details/Page_OrangeHRM/input_Other Email_oxd-input oxd-input--focu_8ec2d9'

27-12-2024T09:40:06 - [MESSAGE][PASSED] - Text 'eduardo.moran@notrealemail.net' is set on object 'Object Repository/Employee-Onboarding/Employee_Contact_Details/Page_OrangeHRM/input_Other Email_oxd-input oxd-input--focu_8ec2d9'

27-12-2024T09:40:06 - [TEST_STEP][PASSED] - click(findTestObject("Object Repository/Employee-Onboarding/Employee_Contact_Details/Page_OrangeHRM/button_Save")): Object: 'Object Repository/Employee-Onboarding/Employee_Contact_Details/Page_OrangeHRM/button_Save' is clicked on

27-12-2024T09:40:07 - [MESSAGE][PASSED] - Object: 'Object Repository/Employee-Onboarding/Employee_Contact_Details/Page_OrangeHRM/button_Save' is clicked on]]></system-out>
         <system-err><![CDATA[]]></system-err>
      </testcase>
      <testcase name="Test Cases/Employee_Onboarding/TC_Employee_Contact_Details" time="19.009" classname="Test Cases/Employee_Onboarding/TC_Employee_Contact_Details" status="PASSED">
         <system-out><![CDATA[27-12-2024T09:40:07 - [TEST_CASE][PASSED] - Test Cases/Employee_Onboarding/TC_Employee_Contact_Details: Test Cases/Employee_Onboarding/TC_Employee_Contact_Details

27-12-2024T09:40:07 - [TEST_STEP][PASSED] - click(findTestObject("Object Repository/Employee-Onboarding/Employee_Contact_Details/Page_OrangeHRM/a_PIM")): Object: 'Object Repository/Employee-Onboarding/Employee_Contact_Details/Page_OrangeHRM/a_PIM' is clicked on

27-12-2024T09:40:08 - [MESSAGE][PASSED] - Object: 'Object Repository/Employee-Onboarding/Employee_Contact_Details/Page_OrangeHRM/a_PIM' is clicked on

27-12-2024T09:40:08 - [TEST_STEP][PASSED] - setText(findTestObject("Object Repository/Employee-Onboarding/Employee_Contact_Details/Page_OrangeHRM/input"), Fullname): Text 'Jennifer Anderson' is set on object 'Object Repository/Employee-Onboarding/Employee_Contact_Details/Page_OrangeHRM/input'

27-12-2024T09:40:10 - [MESSAGE][PASSED] - Text 'Jennifer Anderson' is set on object 'Object Repository/Employee-Onboarding/Employee_Contact_Details/Page_OrangeHRM/input'

27-12-2024T09:40:10 - [TEST_STEP][PASSED] - click(findTestObject("Object Repository/Employee-Onboarding/Employee_Contact_Details/Page_OrangeHRM/button_Search")): Object: 'Object Repository/Employee-Onboarding/Employee_Contact_Details/Page_OrangeHRM/button_Search' is clicked on

27-12-2024T09:40:11 - [MESSAGE][PASSED] - Object: 'Object Repository/Employee-Onboarding/Employee_Contact_Details/Page_OrangeHRM/button_Search' is clicked on

27-12-2024T09:40:11 - [TEST_STEP][PASSED] - click(findTestObject("Object Repository/Employee-Onboarding/Employee_Contact_Details/Page_OrangeHRM/div_Actions_oxd-table-cell oxd-padding-cell")): Object: 'Object Repository/Employee-Onboarding/Employee_Contact_Details/Page_OrangeHRM/div_Actions_oxd-table-cell oxd-padding-cell' is clicked on

27-12-2024T09:40:13 - [MESSAGE][PASSED] - Object: 'Object Repository/Employee-Onboarding/Employee_Contact_Details/Page_OrangeHRM/div_Actions_oxd-table-cell oxd-padding-cell' is clicked on

27-12-2024T09:40:13 - [TEST_STEP][PASSED] - click(findTestObject("Object Repository/Employee-Onboarding/Employee_Contact_Details/Page_OrangeHRM/a_Contact Details")): Object: 'Object Repository/Employee-Onboarding/Employee_Contact_Details/Page_OrangeHRM/a_Contact Details' is clicked on

27-12-2024T09:40:16 - [MESSAGE][PASSED] - Object: 'Object Repository/Employee-Onboarding/Employee_Contact_Details/Page_OrangeHRM/a_Contact Details' is clicked on

27-12-2024T09:40:16 - [TEST_STEP][PASSED] - setText(findTestObject("Object Repository/Employee-Onboarding/Employee_Contact_Details/Page_OrangeHRM/input_Street 1_oxd-input oxd-input--focus"), Street1): Text '798 Robin Corners Suite 835' is set on object 'Object Repository/Employee-Onboarding/Employee_Contact_Details/Page_OrangeHRM/input_Street 1_oxd-input oxd-input--focus'

27-12-2024T09:40:18 - [MESSAGE][PASSED] - Text '798 Robin Corners Suite 835' is set on object 'Object Repository/Employee-Onboarding/Employee_Contact_Details/Page_OrangeHRM/input_Street 1_oxd-input oxd-input--focus'

27-12-2024T09:40:18 - [TEST_STEP][PASSED] - setText(findTestObject("Object Repository/Employee-Onboarding/Employee_Contact_Details/Page_OrangeHRM/input_Street 2_oxd-input oxd-input--active"), Street2): Text 'Apt. 923' is set on object 'Object Repository/Employee-Onboarding/Employee_Contact_Details/Page_OrangeHRM/input_Street 2_oxd-input oxd-input--active'

27-12-2024T09:40:19 - [MESSAGE][PASSED] - Text 'Apt. 923' is set on object 'Object Repository/Employee-Onboarding/Employee_Contact_Details/Page_OrangeHRM/input_Street 2_oxd-input oxd-input--active'

27-12-2024T09:40:19 - [TEST_STEP][PASSED] - setText(findTestObject("Object Repository/Employee-Onboarding/Employee_Contact_Details/Page_OrangeHRM/input_City_oxd-input oxd-input--active"), City): Text 'Wardside' is set on object 'Object Repository/Employee-Onboarding/Employee_Contact_Details/Page_OrangeHRM/input_City_oxd-input oxd-input--active'

27-12-2024T09:40:19 - [MESSAGE][PASSED] - Text 'Wardside' is set on object 'Object Repository/Employee-Onboarding/Employee_Contact_Details/Page_OrangeHRM/input_City_oxd-input oxd-input--active'

27-12-2024T09:40:19 - [TEST_STEP][PASSED] - setText(findTestObject("Object Repository/Employee-Onboarding/Employee_Contact_Details/Page_OrangeHRM/input_StateProvince_oxd-input oxd-input--active"), State): Text 'South Dakota' is set on object 'Object Repository/Employee-Onboarding/Employee_Contact_Details/Page_OrangeHRM/input_StateProvince_oxd-input oxd-input--active'

27-12-2024T09:40:20 - [MESSAGE][PASSED] - Text 'South Dakota' is set on object 'Object Repository/Employee-Onboarding/Employee_Contact_Details/Page_OrangeHRM/input_StateProvince_oxd-input oxd-input--active'

27-12-2024T09:40:20 - [TEST_STEP][PASSED] - setText(findTestObject("Object Repository/Employee-Onboarding/Employee_Contact_Details/Page_OrangeHRM/input_ZipPostal Code_oxd-input oxd-input--active"), ZipCode): Text '44980' is set on object 'Object Repository/Employee-Onboarding/Employee_Contact_Details/Page_OrangeHRM/input_ZipPostal Code_oxd-input oxd-input--active'

27-12-2024T09:40:20 - [MESSAGE][PASSED] - Text '44980' is set on object 'Object Repository/Employee-Onboarding/Employee_Contact_Details/Page_OrangeHRM/input_ZipPostal Code_oxd-input oxd-input--active'

27-12-2024T09:40:20 - [TEST_STEP][PASSED] - click(findTestObject("Object Repository/Employee-Onboarding/Employee_Contact_Details/Page_OrangeHRM/i_-- Select --_oxd-icon bi-caret-up-fill ox_627fec")): Object: 'Object Repository/Employee-Onboarding/Employee_Contact_Details/Page_OrangeHRM/i_-- Select --_oxd-icon bi-caret-up-fill ox_627fec' is clicked on

27-12-2024T09:40:21 - [MESSAGE][PASSED] - Object: 'Object Repository/Employee-Onboarding/Employee_Contact_Details/Page_OrangeHRM/i_-- Select --_oxd-icon bi-caret-up-fill ox_627fec' is clicked on

27-12-2024T09:40:21 - [TEST_STEP][PASSED] - click(findTestObject("Employee-Onboarding/Employee_Salary_Detail_Objects/Page_OrangeHRM/custom_object_for_dropdown", ["value":Country])): Object: 'Object Repository/Employee-Onboarding/Employee_Salary_Detail_Objects/Page_OrangeHRM/custom_object_for_dropdown' is clicked on

27-12-2024T09:40:21 - [MESSAGE][PASSED] - Object: 'Object Repository/Employee-Onboarding/Employee_Salary_Detail_Objects/Page_OrangeHRM/custom_object_for_dropdown' is clicked on

27-12-2024T09:40:21 - [TEST_STEP][PASSED] - setText(findTestObject("Object Repository/Employee-Onboarding/Employee_Contact_Details/Page_OrangeHRM/input_Home_oxd-input oxd-input--focus"), Tel_Home): Text '510-483-9285' is set on object 'Object Repository/Employee-Onboarding/Employee_Contact_Details/Page_OrangeHRM/input_Home_oxd-input oxd-input--focus'

27-12-2024T09:40:22 - [MESSAGE][PASSED] - Text '510-483-9285' is set on object 'Object Repository/Employee-Onboarding/Employee_Contact_Details/Page_OrangeHRM/input_Home_oxd-input oxd-input--focus'

27-12-2024T09:40:22 - [TEST_STEP][PASSED] - setText(findTestObject("Object Repository/Employee-Onboarding/Employee_Contact_Details/Page_OrangeHRM/input_Mobile_oxd-input oxd-input--focus"), Tell_Mobile): Text '(472)773-9157' is set on object 'Object Repository/Employee-Onboarding/Employee_Contact_Details/Page_OrangeHRM/input_Mobile_oxd-input oxd-input--focus'

27-12-2024T09:40:22 - [MESSAGE][PASSED] - Text '(472)773-9157' is set on object 'Object Repository/Employee-Onboarding/Employee_Contact_Details/Page_OrangeHRM/input_Mobile_oxd-input oxd-input--focus'

27-12-2024T09:40:22 - [TEST_STEP][PASSED] - setText(findTestObject("Object Repository/Employee-Onboarding/Employee_Contact_Details/Page_OrangeHRM/input_Work_oxd-input oxd-input--focus"), Tel_Work): Text '001-724-945-3857' is set on object 'Object Repository/Employee-Onboarding/Employee_Contact_Details/Page_OrangeHRM/input_Work_oxd-input oxd-input--focus'

27-12-2024T09:40:23 - [MESSAGE][PASSED] - Text '001-724-945-3857' is set on object 'Object Repository/Employee-Onboarding/Employee_Contact_Details/Page_OrangeHRM/input_Work_oxd-input oxd-input--focus'

27-12-2024T09:40:23 - [TEST_STEP][PASSED] - setText(findTestObject("Object Repository/Employee-Onboarding/Employee_Contact_Details/Page_OrangeHRM/input_Work Email_oxd-input oxd-input--active"), Email_Work): Text 'jennifer.anderson@thomas.info' is set on object 'Object Repository/Employee-Onboarding/Employee_Contact_Details/Page_OrangeHRM/input_Work Email_oxd-input oxd-input--active'

27-12-2024T09:40:23 - [MESSAGE][PASSED] - Text 'jennifer.anderson@thomas.info' is set on object 'Object Repository/Employee-Onboarding/Employee_Contact_Details/Page_OrangeHRM/input_Work Email_oxd-input oxd-input--active'

27-12-2024T09:40:23 - [TEST_STEP][PASSED] - setText(findTestObject("Object Repository/Employee-Onboarding/Employee_Contact_Details/Page_OrangeHRM/input_Other Email_oxd-input oxd-input--focu_8ec2d9"), Email_Other): Text 'jennifer.anderson@webmimic.org' is set on object 'Object Repository/Employee-Onboarding/Employee_Contact_Details/Page_OrangeHRM/input_Other Email_oxd-input oxd-input--focu_8ec2d9'

27-12-2024T09:40:25 - [MESSAGE][PASSED] - Text 'jennifer.anderson@webmimic.org' is set on object 'Object Repository/Employee-Onboarding/Employee_Contact_Details/Page_OrangeHRM/input_Other Email_oxd-input oxd-input--focu_8ec2d9'

27-12-2024T09:40:25 - [TEST_STEP][PASSED] - click(findTestObject("Object Repository/Employee-Onboarding/Employee_Contact_Details/Page_OrangeHRM/button_Save")): Object: 'Object Repository/Employee-Onboarding/Employee_Contact_Details/Page_OrangeHRM/button_Save' is clicked on

27-12-2024T09:40:26 - [MESSAGE][PASSED] - Object: 'Object Repository/Employee-Onboarding/Employee_Contact_Details/Page_OrangeHRM/button_Save' is clicked on]]></system-out>
         <system-err><![CDATA[]]></system-err>
      </testcase>
      <testcase name="Test Cases/Employee_Onboarding/TC_Employee_Contact_Details" time="18.247" classname="Test Cases/Employee_Onboarding/TC_Employee_Contact_Details" status="PASSED">
         <system-out><![CDATA[27-12-2024T09:40:26 - [TEST_CASE][PASSED] - Test Cases/Employee_Onboarding/TC_Employee_Contact_Details: Test Cases/Employee_Onboarding/TC_Employee_Contact_Details

27-12-2024T09:40:26 - [TEST_STEP][PASSED] - click(findTestObject("Object Repository/Employee-Onboarding/Employee_Contact_Details/Page_OrangeHRM/a_PIM")): Object: 'Object Repository/Employee-Onboarding/Employee_Contact_Details/Page_OrangeHRM/a_PIM' is clicked on

27-12-2024T09:40:27 - [MESSAGE][PASSED] - Object: 'Object Repository/Employee-Onboarding/Employee_Contact_Details/Page_OrangeHRM/a_PIM' is clicked on

27-12-2024T09:40:27 - [TEST_STEP][PASSED] - setText(findTestObject("Object Repository/Employee-Onboarding/Employee_Contact_Details/Page_OrangeHRM/input"), Fullname): Text 'Connie Jones' is set on object 'Object Repository/Employee-Onboarding/Employee_Contact_Details/Page_OrangeHRM/input'

27-12-2024T09:40:29 - [MESSAGE][PASSED] - Text 'Connie Jones' is set on object 'Object Repository/Employee-Onboarding/Employee_Contact_Details/Page_OrangeHRM/input'

27-12-2024T09:40:29 - [TEST_STEP][PASSED] - click(findTestObject("Object Repository/Employee-Onboarding/Employee_Contact_Details/Page_OrangeHRM/button_Search")): Object: 'Object Repository/Employee-Onboarding/Employee_Contact_Details/Page_OrangeHRM/button_Search' is clicked on

27-12-2024T09:40:30 - [MESSAGE][PASSED] - Object: 'Object Repository/Employee-Onboarding/Employee_Contact_Details/Page_OrangeHRM/button_Search' is clicked on

27-12-2024T09:40:30 - [TEST_STEP][PASSED] - click(findTestObject("Object Repository/Employee-Onboarding/Employee_Contact_Details/Page_OrangeHRM/div_Actions_oxd-table-cell oxd-padding-cell")): Object: 'Object Repository/Employee-Onboarding/Employee_Contact_Details/Page_OrangeHRM/div_Actions_oxd-table-cell oxd-padding-cell' is clicked on

27-12-2024T09:40:31 - [MESSAGE][PASSED] - Object: 'Object Repository/Employee-Onboarding/Employee_Contact_Details/Page_OrangeHRM/div_Actions_oxd-table-cell oxd-padding-cell' is clicked on

27-12-2024T09:40:31 - [TEST_STEP][PASSED] - click(findTestObject("Object Repository/Employee-Onboarding/Employee_Contact_Details/Page_OrangeHRM/a_Contact Details")): Object: 'Object Repository/Employee-Onboarding/Employee_Contact_Details/Page_OrangeHRM/a_Contact Details' is clicked on

27-12-2024T09:40:35 - [MESSAGE][PASSED] - Object: 'Object Repository/Employee-Onboarding/Employee_Contact_Details/Page_OrangeHRM/a_Contact Details' is clicked on

27-12-2024T09:40:35 - [TEST_STEP][PASSED] - setText(findTestObject("Object Repository/Employee-Onboarding/Employee_Contact_Details/Page_OrangeHRM/input_Street 1_oxd-input oxd-input--focus"), Street1): Text '925 Lewis Alley' is set on object 'Object Repository/Employee-Onboarding/Employee_Contact_Details/Page_OrangeHRM/input_Street 1_oxd-input oxd-input--focus'

27-12-2024T09:40:37 - [MESSAGE][PASSED] - Text '925 Lewis Alley' is set on object 'Object Repository/Employee-Onboarding/Employee_Contact_Details/Page_OrangeHRM/input_Street 1_oxd-input oxd-input--focus'

27-12-2024T09:40:37 - [TEST_STEP][PASSED] - setText(findTestObject("Object Repository/Employee-Onboarding/Employee_Contact_Details/Page_OrangeHRM/input_Street 2_oxd-input oxd-input--active"), Street2): Text 'Suite 569' is set on object 'Object Repository/Employee-Onboarding/Employee_Contact_Details/Page_OrangeHRM/input_Street 2_oxd-input oxd-input--active'

27-12-2024T09:40:37 - [MESSAGE][PASSED] - Text 'Suite 569' is set on object 'Object Repository/Employee-Onboarding/Employee_Contact_Details/Page_OrangeHRM/input_Street 2_oxd-input oxd-input--active'

27-12-2024T09:40:37 - [TEST_STEP][PASSED] - setText(findTestObject("Object Repository/Employee-Onboarding/Employee_Contact_Details/Page_OrangeHRM/input_City_oxd-input oxd-input--active"), City): Text 'Johnmouth' is set on object 'Object Repository/Employee-Onboarding/Employee_Contact_Details/Page_OrangeHRM/input_City_oxd-input oxd-input--active'

27-12-2024T09:40:38 - [MESSAGE][PASSED] - Text 'Johnmouth' is set on object 'Object Repository/Employee-Onboarding/Employee_Contact_Details/Page_OrangeHRM/input_City_oxd-input oxd-input--active'

27-12-2024T09:40:38 - [TEST_STEP][PASSED] - setText(findTestObject("Object Repository/Employee-Onboarding/Employee_Contact_Details/Page_OrangeHRM/input_StateProvince_oxd-input oxd-input--active"), State): Text 'Florida' is set on object 'Object Repository/Employee-Onboarding/Employee_Contact_Details/Page_OrangeHRM/input_StateProvince_oxd-input oxd-input--active'

27-12-2024T09:40:38 - [MESSAGE][PASSED] - Text 'Florida' is set on object 'Object Repository/Employee-Onboarding/Employee_Contact_Details/Page_OrangeHRM/input_StateProvince_oxd-input oxd-input--active'

27-12-2024T09:40:38 - [TEST_STEP][PASSED] - setText(findTestObject("Object Repository/Employee-Onboarding/Employee_Contact_Details/Page_OrangeHRM/input_ZipPostal Code_oxd-input oxd-input--active"), ZipCode): Text '47255' is set on object 'Object Repository/Employee-Onboarding/Employee_Contact_Details/Page_OrangeHRM/input_ZipPostal Code_oxd-input oxd-input--active'

27-12-2024T09:40:39 - [MESSAGE][PASSED] - Text '47255' is set on object 'Object Repository/Employee-Onboarding/Employee_Contact_Details/Page_OrangeHRM/input_ZipPostal Code_oxd-input oxd-input--active'

27-12-2024T09:40:39 - [TEST_STEP][PASSED] - click(findTestObject("Object Repository/Employee-Onboarding/Employee_Contact_Details/Page_OrangeHRM/i_-- Select --_oxd-icon bi-caret-up-fill ox_627fec")): Object: 'Object Repository/Employee-Onboarding/Employee_Contact_Details/Page_OrangeHRM/i_-- Select --_oxd-icon bi-caret-up-fill ox_627fec' is clicked on

27-12-2024T09:40:39 - [MESSAGE][PASSED] - Object: 'Object Repository/Employee-Onboarding/Employee_Contact_Details/Page_OrangeHRM/i_-- Select --_oxd-icon bi-caret-up-fill ox_627fec' is clicked on

27-12-2024T09:40:39 - [TEST_STEP][PASSED] - click(findTestObject("Employee-Onboarding/Employee_Salary_Detail_Objects/Page_OrangeHRM/custom_object_for_dropdown", ["value":Country])): Object: 'Object Repository/Employee-Onboarding/Employee_Salary_Detail_Objects/Page_OrangeHRM/custom_object_for_dropdown' is clicked on

27-12-2024T09:40:40 - [MESSAGE][PASSED] - Object: 'Object Repository/Employee-Onboarding/Employee_Salary_Detail_Objects/Page_OrangeHRM/custom_object_for_dropdown' is clicked on

27-12-2024T09:40:40 - [TEST_STEP][PASSED] - setText(findTestObject("Object Repository/Employee-Onboarding/Employee_Contact_Details/Page_OrangeHRM/input_Home_oxd-input oxd-input--focus"), Tel_Home): Text '437-928-6715' is set on object 'Object Repository/Employee-Onboarding/Employee_Contact_Details/Page_OrangeHRM/input_Home_oxd-input oxd-input--focus'

27-12-2024T09:40:40 - [MESSAGE][PASSED] - Text '437-928-6715' is set on object 'Object Repository/Employee-Onboarding/Employee_Contact_Details/Page_OrangeHRM/input_Home_oxd-input oxd-input--focus'

27-12-2024T09:40:40 - [TEST_STEP][PASSED] - setText(findTestObject("Object Repository/Employee-Onboarding/Employee_Contact_Details/Page_OrangeHRM/input_Mobile_oxd-input oxd-input--focus"), Tell_Mobile): Text '290-213-9342' is set on object 'Object Repository/Employee-Onboarding/Employee_Contact_Details/Page_OrangeHRM/input_Mobile_oxd-input oxd-input--focus'

27-12-2024T09:40:41 - [MESSAGE][PASSED] - Text '290-213-9342' is set on object 'Object Repository/Employee-Onboarding/Employee_Contact_Details/Page_OrangeHRM/input_Mobile_oxd-input oxd-input--focus'

27-12-2024T09:40:41 - [TEST_STEP][PASSED] - setText(findTestObject("Object Repository/Employee-Onboarding/Employee_Contact_Details/Page_OrangeHRM/input_Work_oxd-input oxd-input--focus"), Tel_Work): Text '001-949-521-6079' is set on object 'Object Repository/Employee-Onboarding/Employee_Contact_Details/Page_OrangeHRM/input_Work_oxd-input oxd-input--focus'

27-12-2024T09:40:41 - [MESSAGE][PASSED] - Text '001-949-521-6079' is set on object 'Object Repository/Employee-Onboarding/Employee_Contact_Details/Page_OrangeHRM/input_Work_oxd-input oxd-input--focus'

27-12-2024T09:40:41 - [TEST_STEP][PASSED] - setText(findTestObject("Object Repository/Employee-Onboarding/Employee_Contact_Details/Page_OrangeHRM/input_Work Email_oxd-input oxd-input--active"), Email_Work): Text 'connie.jones@rivera.com' is set on object 'Object Repository/Employee-Onboarding/Employee_Contact_Details/Page_OrangeHRM/input_Work Email_oxd-input oxd-input--active'

27-12-2024T09:40:42 - [MESSAGE][PASSED] - Text 'connie.jones@rivera.com' is set on object 'Object Repository/Employee-Onboarding/Employee_Contact_Details/Page_OrangeHRM/input_Work Email_oxd-input oxd-input--active'

27-12-2024T09:40:42 - [TEST_STEP][PASSED] - setText(findTestObject("Object Repository/Employee-Onboarding/Employee_Contact_Details/Page_OrangeHRM/input_Other Email_oxd-input oxd-input--focu_8ec2d9"), Email_Other): Text 'connie.jones@trialdomains.net' is set on object 'Object Repository/Employee-Onboarding/Employee_Contact_Details/Page_OrangeHRM/input_Other Email_oxd-input oxd-input--focu_8ec2d9'

27-12-2024T09:40:43 - [MESSAGE][PASSED] - Text 'connie.jones@trialdomains.net' is set on object 'Object Repository/Employee-Onboarding/Employee_Contact_Details/Page_OrangeHRM/input_Other Email_oxd-input oxd-input--focu_8ec2d9'

27-12-2024T09:40:43 - [TEST_STEP][PASSED] - click(findTestObject("Object Repository/Employee-Onboarding/Employee_Contact_Details/Page_OrangeHRM/button_Save")): Object: 'Object Repository/Employee-Onboarding/Employee_Contact_Details/Page_OrangeHRM/button_Save' is clicked on

27-12-2024T09:40:44 - [MESSAGE][PASSED] - Object: 'Object Repository/Employee-Onboarding/Employee_Contact_Details/Page_OrangeHRM/button_Save' is clicked on]]></system-out>
         <system-err><![CDATA[]]></system-err>
      </testcase>
      <testcase name="Test Cases/Employee_Onboarding/TC_Employee_Contact_Details" time="18.159" classname="Test Cases/Employee_Onboarding/TC_Employee_Contact_Details" status="PASSED">
         <system-out><![CDATA[27-12-2024T09:40:44 - [TEST_CASE][PASSED] - Test Cases/Employee_Onboarding/TC_Employee_Contact_Details: Test Cases/Employee_Onboarding/TC_Employee_Contact_Details

27-12-2024T09:40:44 - [TEST_STEP][PASSED] - click(findTestObject("Object Repository/Employee-Onboarding/Employee_Contact_Details/Page_OrangeHRM/a_PIM")): Object: 'Object Repository/Employee-Onboarding/Employee_Contact_Details/Page_OrangeHRM/a_PIM' is clicked on

27-12-2024T09:40:45 - [MESSAGE][PASSED] - Object: 'Object Repository/Employee-Onboarding/Employee_Contact_Details/Page_OrangeHRM/a_PIM' is clicked on

27-12-2024T09:40:45 - [TEST_STEP][PASSED] - setText(findTestObject("Object Repository/Employee-Onboarding/Employee_Contact_Details/Page_OrangeHRM/input"), Fullname): Text 'Victor Shelton' is set on object 'Object Repository/Employee-Onboarding/Employee_Contact_Details/Page_OrangeHRM/input'

27-12-2024T09:40:47 - [MESSAGE][PASSED] - Text 'Victor Shelton' is set on object 'Object Repository/Employee-Onboarding/Employee_Contact_Details/Page_OrangeHRM/input'

27-12-2024T09:40:47 - [TEST_STEP][PASSED] - click(findTestObject("Object Repository/Employee-Onboarding/Employee_Contact_Details/Page_OrangeHRM/button_Search")): Object: 'Object Repository/Employee-Onboarding/Employee_Contact_Details/Page_OrangeHRM/button_Search' is clicked on

27-12-2024T09:40:48 - [MESSAGE][PASSED] - Object: 'Object Repository/Employee-Onboarding/Employee_Contact_Details/Page_OrangeHRM/button_Search' is clicked on

27-12-2024T09:40:48 - [TEST_STEP][PASSED] - click(findTestObject("Object Repository/Employee-Onboarding/Employee_Contact_Details/Page_OrangeHRM/div_Actions_oxd-table-cell oxd-padding-cell")): Object: 'Object Repository/Employee-Onboarding/Employee_Contact_Details/Page_OrangeHRM/div_Actions_oxd-table-cell oxd-padding-cell' is clicked on

27-12-2024T09:40:50 - [MESSAGE][PASSED] - Object: 'Object Repository/Employee-Onboarding/Employee_Contact_Details/Page_OrangeHRM/div_Actions_oxd-table-cell oxd-padding-cell' is clicked on

27-12-2024T09:40:50 - [TEST_STEP][PASSED] - click(findTestObject("Object Repository/Employee-Onboarding/Employee_Contact_Details/Page_OrangeHRM/a_Contact Details")): Object: 'Object Repository/Employee-Onboarding/Employee_Contact_Details/Page_OrangeHRM/a_Contact Details' is clicked on

27-12-2024T09:40:53 - [MESSAGE][PASSED] - Object: 'Object Repository/Employee-Onboarding/Employee_Contact_Details/Page_OrangeHRM/a_Contact Details' is clicked on

27-12-2024T09:40:53 - [TEST_STEP][PASSED] - setText(findTestObject("Object Repository/Employee-Onboarding/Employee_Contact_Details/Page_OrangeHRM/input_Street 1_oxd-input oxd-input--focus"), Street1): Text '492 Jacob Rapid' is set on object 'Object Repository/Employee-Onboarding/Employee_Contact_Details/Page_OrangeHRM/input_Street 1_oxd-input oxd-input--focus'

27-12-2024T09:40:55 - [MESSAGE][PASSED] - Text '492 Jacob Rapid' is set on object 'Object Repository/Employee-Onboarding/Employee_Contact_Details/Page_OrangeHRM/input_Street 1_oxd-input oxd-input--focus'

27-12-2024T09:40:55 - [TEST_STEP][PASSED] - setText(findTestObject("Object Repository/Employee-Onboarding/Employee_Contact_Details/Page_OrangeHRM/input_Street 2_oxd-input oxd-input--active"), Street2): Text 'Apt. 300' is set on object 'Object Repository/Employee-Onboarding/Employee_Contact_Details/Page_OrangeHRM/input_Street 2_oxd-input oxd-input--active'

27-12-2024T09:40:55 - [MESSAGE][PASSED] - Text 'Apt. 300' is set on object 'Object Repository/Employee-Onboarding/Employee_Contact_Details/Page_OrangeHRM/input_Street 2_oxd-input oxd-input--active'

27-12-2024T09:40:55 - [TEST_STEP][PASSED] - setText(findTestObject("Object Repository/Employee-Onboarding/Employee_Contact_Details/Page_OrangeHRM/input_City_oxd-input oxd-input--active"), City): Text 'Troychester' is set on object 'Object Repository/Employee-Onboarding/Employee_Contact_Details/Page_OrangeHRM/input_City_oxd-input oxd-input--active'

27-12-2024T09:40:56 - [MESSAGE][PASSED] - Text 'Troychester' is set on object 'Object Repository/Employee-Onboarding/Employee_Contact_Details/Page_OrangeHRM/input_City_oxd-input oxd-input--active'

27-12-2024T09:40:56 - [TEST_STEP][PASSED] - setText(findTestObject("Object Repository/Employee-Onboarding/Employee_Contact_Details/Page_OrangeHRM/input_StateProvince_oxd-input oxd-input--active"), State): Text 'Louisiana' is set on object 'Object Repository/Employee-Onboarding/Employee_Contact_Details/Page_OrangeHRM/input_StateProvince_oxd-input oxd-input--active'

27-12-2024T09:40:56 - [MESSAGE][PASSED] - Text 'Louisiana' is set on object 'Object Repository/Employee-Onboarding/Employee_Contact_Details/Page_OrangeHRM/input_StateProvince_oxd-input oxd-input--active'

27-12-2024T09:40:56 - [TEST_STEP][PASSED] - setText(findTestObject("Object Repository/Employee-Onboarding/Employee_Contact_Details/Page_OrangeHRM/input_ZipPostal Code_oxd-input oxd-input--active"), ZipCode): Text '51751' is set on object 'Object Repository/Employee-Onboarding/Employee_Contact_Details/Page_OrangeHRM/input_ZipPostal Code_oxd-input oxd-input--active'

27-12-2024T09:40:57 - [MESSAGE][PASSED] - Text '51751' is set on object 'Object Repository/Employee-Onboarding/Employee_Contact_Details/Page_OrangeHRM/input_ZipPostal Code_oxd-input oxd-input--active'

27-12-2024T09:40:57 - [TEST_STEP][PASSED] - click(findTestObject("Object Repository/Employee-Onboarding/Employee_Contact_Details/Page_OrangeHRM/i_-- Select --_oxd-icon bi-caret-up-fill ox_627fec")): Object: 'Object Repository/Employee-Onboarding/Employee_Contact_Details/Page_OrangeHRM/i_-- Select --_oxd-icon bi-caret-up-fill ox_627fec' is clicked on

27-12-2024T09:40:57 - [MESSAGE][PASSED] - Object: 'Object Repository/Employee-Onboarding/Employee_Contact_Details/Page_OrangeHRM/i_-- Select --_oxd-icon bi-caret-up-fill ox_627fec' is clicked on

27-12-2024T09:40:57 - [TEST_STEP][PASSED] - click(findTestObject("Employee-Onboarding/Employee_Salary_Detail_Objects/Page_OrangeHRM/custom_object_for_dropdown", ["value":Country])): Object: 'Object Repository/Employee-Onboarding/Employee_Salary_Detail_Objects/Page_OrangeHRM/custom_object_for_dropdown' is clicked on

27-12-2024T09:40:58 - [MESSAGE][PASSED] - Object: 'Object Repository/Employee-Onboarding/Employee_Salary_Detail_Objects/Page_OrangeHRM/custom_object_for_dropdown' is clicked on

27-12-2024T09:40:58 - [TEST_STEP][PASSED] - setText(findTestObject("Object Repository/Employee-Onboarding/Employee_Contact_Details/Page_OrangeHRM/input_Home_oxd-input oxd-input--focus"), Tel_Home): Text '210-793-2468' is set on object 'Object Repository/Employee-Onboarding/Employee_Contact_Details/Page_OrangeHRM/input_Home_oxd-input oxd-input--focus'

27-12-2024T09:40:58 - [MESSAGE][PASSED] - Text '210-793-2468' is set on object 'Object Repository/Employee-Onboarding/Employee_Contact_Details/Page_OrangeHRM/input_Home_oxd-input oxd-input--focus'

27-12-2024T09:40:58 - [TEST_STEP][PASSED] - setText(findTestObject("Object Repository/Employee-Onboarding/Employee_Contact_Details/Page_OrangeHRM/input_Mobile_oxd-input oxd-input--focus"), Tell_Mobile): Text '806-834-0571' is set on object 'Object Repository/Employee-Onboarding/Employee_Contact_Details/Page_OrangeHRM/input_Mobile_oxd-input oxd-input--focus'

27-12-2024T09:40:59 - [MESSAGE][PASSED] - Text '806-834-0571' is set on object 'Object Repository/Employee-Onboarding/Employee_Contact_Details/Page_OrangeHRM/input_Mobile_oxd-input oxd-input--focus'

27-12-2024T09:40:59 - [TEST_STEP][PASSED] - setText(findTestObject("Object Repository/Employee-Onboarding/Employee_Contact_Details/Page_OrangeHRM/input_Work_oxd-input oxd-input--focus"), Tel_Work): Text '001-949-521-6079' is set on object 'Object Repository/Employee-Onboarding/Employee_Contact_Details/Page_OrangeHRM/input_Work_oxd-input oxd-input--focus'

27-12-2024T09:40:59 - [MESSAGE][PASSED] - Text '001-949-521-6079' is set on object 'Object Repository/Employee-Onboarding/Employee_Contact_Details/Page_OrangeHRM/input_Work_oxd-input oxd-input--focus'

27-12-2024T09:40:59 - [TEST_STEP][PASSED] - setText(findTestObject("Object Repository/Employee-Onboarding/Employee_Contact_Details/Page_OrangeHRM/input_Work Email_oxd-input oxd-input--active"), Email_Work): Text 'victor.shelton@turner.com' is set on object 'Object Repository/Employee-Onboarding/Employee_Contact_Details/Page_OrangeHRM/input_Work Email_oxd-input oxd-input--active'

27-12-2024T09:41:00 - [MESSAGE][PASSED] - Text 'victor.shelton@turner.com' is set on object 'Object Repository/Employee-Onboarding/Employee_Contact_Details/Page_OrangeHRM/input_Work Email_oxd-input oxd-input--active'

27-12-2024T09:41:00 - [TEST_STEP][PASSED] - setText(findTestObject("Object Repository/Employee-Onboarding/Employee_Contact_Details/Page_OrangeHRM/input_Other Email_oxd-input oxd-input--focu_8ec2d9"), Email_Other): Text 'victor.shelton@fakemailservice.com' is set on object 'Object Repository/Employee-Onboarding/Employee_Contact_Details/Page_OrangeHRM/input_Other Email_oxd-input oxd-input--focu_8ec2d9'

27-12-2024T09:41:02 - [MESSAGE][PASSED] - Text 'victor.shelton@fakemailservice.com' is set on object 'Object Repository/Employee-Onboarding/Employee_Contact_Details/Page_OrangeHRM/input_Other Email_oxd-input oxd-input--focu_8ec2d9'

27-12-2024T09:41:02 - [TEST_STEP][PASSED] - click(findTestObject("Object Repository/Employee-Onboarding/Employee_Contact_Details/Page_OrangeHRM/button_Save")): Object: 'Object Repository/Employee-Onboarding/Employee_Contact_Details/Page_OrangeHRM/button_Save' is clicked on

27-12-2024T09:41:02 - [MESSAGE][PASSED] - Object: 'Object Repository/Employee-Onboarding/Employee_Contact_Details/Page_OrangeHRM/button_Save' is clicked on]]></system-out>
         <system-err><![CDATA[]]></system-err>
      </testcase>
      <testcase name="Test Cases/Employee_Onboarding/TC_Employee_Contact_Details" time="18.76" classname="Test Cases/Employee_Onboarding/TC_Employee_Contact_Details" status="PASSED">
         <system-out><![CDATA[27-12-2024T09:41:02 - [TEST_CASE][PASSED] - Test Cases/Employee_Onboarding/TC_Employee_Contact_Details: Test Cases/Employee_Onboarding/TC_Employee_Contact_Details

27-12-2024T09:41:02 - [TEST_STEP][PASSED] - click(findTestObject("Object Repository/Employee-Onboarding/Employee_Contact_Details/Page_OrangeHRM/a_PIM")): Object: 'Object Repository/Employee-Onboarding/Employee_Contact_Details/Page_OrangeHRM/a_PIM' is clicked on

27-12-2024T09:41:03 - [MESSAGE][PASSED] - Object: 'Object Repository/Employee-Onboarding/Employee_Contact_Details/Page_OrangeHRM/a_PIM' is clicked on

27-12-2024T09:41:03 - [TEST_STEP][PASSED] - setText(findTestObject("Object Repository/Employee-Onboarding/Employee_Contact_Details/Page_OrangeHRM/input"), Fullname): Text 'Angela King' is set on object 'Object Repository/Employee-Onboarding/Employee_Contact_Details/Page_OrangeHRM/input'

27-12-2024T09:41:06 - [MESSAGE][PASSED] - Text 'Angela King' is set on object 'Object Repository/Employee-Onboarding/Employee_Contact_Details/Page_OrangeHRM/input'

27-12-2024T09:41:06 - [TEST_STEP][PASSED] - click(findTestObject("Object Repository/Employee-Onboarding/Employee_Contact_Details/Page_OrangeHRM/button_Search")): Object: 'Object Repository/Employee-Onboarding/Employee_Contact_Details/Page_OrangeHRM/button_Search' is clicked on

27-12-2024T09:41:06 - [MESSAGE][PASSED] - Object: 'Object Repository/Employee-Onboarding/Employee_Contact_Details/Page_OrangeHRM/button_Search' is clicked on

27-12-2024T09:41:06 - [TEST_STEP][PASSED] - click(findTestObject("Object Repository/Employee-Onboarding/Employee_Contact_Details/Page_OrangeHRM/div_Actions_oxd-table-cell oxd-padding-cell")): Object: 'Object Repository/Employee-Onboarding/Employee_Contact_Details/Page_OrangeHRM/div_Actions_oxd-table-cell oxd-padding-cell' is clicked on

27-12-2024T09:41:08 - [MESSAGE][PASSED] - Object: 'Object Repository/Employee-Onboarding/Employee_Contact_Details/Page_OrangeHRM/div_Actions_oxd-table-cell oxd-padding-cell' is clicked on

27-12-2024T09:41:08 - [TEST_STEP][PASSED] - click(findTestObject("Object Repository/Employee-Onboarding/Employee_Contact_Details/Page_OrangeHRM/a_Contact Details")): Object: 'Object Repository/Employee-Onboarding/Employee_Contact_Details/Page_OrangeHRM/a_Contact Details' is clicked on

27-12-2024T09:41:11 - [MESSAGE][PASSED] - Object: 'Object Repository/Employee-Onboarding/Employee_Contact_Details/Page_OrangeHRM/a_Contact Details' is clicked on

27-12-2024T09:41:11 - [TEST_STEP][PASSED] - setText(findTestObject("Object Repository/Employee-Onboarding/Employee_Contact_Details/Page_OrangeHRM/input_Street 1_oxd-input oxd-input--focus"), Street1): Text '85343 Justin Avenue' is set on object 'Object Repository/Employee-Onboarding/Employee_Contact_Details/Page_OrangeHRM/input_Street 1_oxd-input oxd-input--focus'

27-12-2024T09:41:14 - [MESSAGE][PASSED] - Text '85343 Justin Avenue' is set on object 'Object Repository/Employee-Onboarding/Employee_Contact_Details/Page_OrangeHRM/input_Street 1_oxd-input oxd-input--focus'

27-12-2024T09:41:14 - [TEST_STEP][PASSED] - setText(findTestObject("Object Repository/Employee-Onboarding/Employee_Contact_Details/Page_OrangeHRM/input_Street 2_oxd-input oxd-input--active"), Street2): Text 'Apt. 836' is set on object 'Object Repository/Employee-Onboarding/Employee_Contact_Details/Page_OrangeHRM/input_Street 2_oxd-input oxd-input--active'

27-12-2024T09:41:14 - [MESSAGE][PASSED] - Text 'Apt. 836' is set on object 'Object Repository/Employee-Onboarding/Employee_Contact_Details/Page_OrangeHRM/input_Street 2_oxd-input oxd-input--active'

27-12-2024T09:41:14 - [TEST_STEP][PASSED] - setText(findTestObject("Object Repository/Employee-Onboarding/Employee_Contact_Details/Page_OrangeHRM/input_City_oxd-input oxd-input--active"), City): Text 'Port Daniel' is set on object 'Object Repository/Employee-Onboarding/Employee_Contact_Details/Page_OrangeHRM/input_City_oxd-input oxd-input--active'

27-12-2024T09:41:15 - [MESSAGE][PASSED] - Text 'Port Daniel' is set on object 'Object Repository/Employee-Onboarding/Employee_Contact_Details/Page_OrangeHRM/input_City_oxd-input oxd-input--active'

27-12-2024T09:41:15 - [TEST_STEP][PASSED] - setText(findTestObject("Object Repository/Employee-Onboarding/Employee_Contact_Details/Page_OrangeHRM/input_StateProvince_oxd-input oxd-input--active"), State): Text 'Utah' is set on object 'Object Repository/Employee-Onboarding/Employee_Contact_Details/Page_OrangeHRM/input_StateProvince_oxd-input oxd-input--active'

27-12-2024T09:41:15 - [MESSAGE][PASSED] - Text 'Utah' is set on object 'Object Repository/Employee-Onboarding/Employee_Contact_Details/Page_OrangeHRM/input_StateProvince_oxd-input oxd-input--active'

27-12-2024T09:41:15 - [TEST_STEP][PASSED] - setText(findTestObject("Object Repository/Employee-Onboarding/Employee_Contact_Details/Page_OrangeHRM/input_ZipPostal Code_oxd-input oxd-input--active"), ZipCode): Text '97445' is set on object 'Object Repository/Employee-Onboarding/Employee_Contact_Details/Page_OrangeHRM/input_ZipPostal Code_oxd-input oxd-input--active'

27-12-2024T09:41:16 - [MESSAGE][PASSED] - Text '97445' is set on object 'Object Repository/Employee-Onboarding/Employee_Contact_Details/Page_OrangeHRM/input_ZipPostal Code_oxd-input oxd-input--active'

27-12-2024T09:41:16 - [TEST_STEP][PASSED] - click(findTestObject("Object Repository/Employee-Onboarding/Employee_Contact_Details/Page_OrangeHRM/i_-- Select --_oxd-icon bi-caret-up-fill ox_627fec")): Object: 'Object Repository/Employee-Onboarding/Employee_Contact_Details/Page_OrangeHRM/i_-- Select --_oxd-icon bi-caret-up-fill ox_627fec' is clicked on

27-12-2024T09:41:16 - [MESSAGE][PASSED] - Object: 'Object Repository/Employee-Onboarding/Employee_Contact_Details/Page_OrangeHRM/i_-- Select --_oxd-icon bi-caret-up-fill ox_627fec' is clicked on

27-12-2024T09:41:16 - [TEST_STEP][PASSED] - click(findTestObject("Employee-Onboarding/Employee_Salary_Detail_Objects/Page_OrangeHRM/custom_object_for_dropdown", ["value":Country])): Object: 'Object Repository/Employee-Onboarding/Employee_Salary_Detail_Objects/Page_OrangeHRM/custom_object_for_dropdown' is clicked on

27-12-2024T09:41:16 - [MESSAGE][PASSED] - Object: 'Object Repository/Employee-Onboarding/Employee_Salary_Detail_Objects/Page_OrangeHRM/custom_object_for_dropdown' is clicked on

27-12-2024T09:41:16 - [TEST_STEP][PASSED] - setText(findTestObject("Object Repository/Employee-Onboarding/Employee_Contact_Details/Page_OrangeHRM/input_Home_oxd-input oxd-input--focus"), Tel_Home): Text '321-485-7698' is set on object 'Object Repository/Employee-Onboarding/Employee_Contact_Details/Page_OrangeHRM/input_Home_oxd-input oxd-input--focus'

27-12-2024T09:41:17 - [MESSAGE][PASSED] - Text '321-485-7698' is set on object 'Object Repository/Employee-Onboarding/Employee_Contact_Details/Page_OrangeHRM/input_Home_oxd-input oxd-input--focus'

27-12-2024T09:41:17 - [TEST_STEP][PASSED] - setText(findTestObject("Object Repository/Employee-Onboarding/Employee_Contact_Details/Page_OrangeHRM/input_Mobile_oxd-input oxd-input--focus"), Tell_Mobile): Text '654-756-9819' is set on object 'Object Repository/Employee-Onboarding/Employee_Contact_Details/Page_OrangeHRM/input_Mobile_oxd-input oxd-input--focus'

27-12-2024T09:41:18 - [MESSAGE][PASSED] - Text '654-756-9819' is set on object 'Object Repository/Employee-Onboarding/Employee_Contact_Details/Page_OrangeHRM/input_Mobile_oxd-input oxd-input--focus'

27-12-2024T09:41:18 - [TEST_STEP][PASSED] - setText(findTestObject("Object Repository/Employee-Onboarding/Employee_Contact_Details/Page_OrangeHRM/input_Work_oxd-input oxd-input--focus"), Tel_Work): Text '001-949-521-6079' is set on object 'Object Repository/Employee-Onboarding/Employee_Contact_Details/Page_OrangeHRM/input_Work_oxd-input oxd-input--focus'

27-12-2024T09:41:18 - [MESSAGE][PASSED] - Text '001-949-521-6079' is set on object 'Object Repository/Employee-Onboarding/Employee_Contact_Details/Page_OrangeHRM/input_Work_oxd-input oxd-input--focus'

27-12-2024T09:41:18 - [TEST_STEP][PASSED] - setText(findTestObject("Object Repository/Employee-Onboarding/Employee_Contact_Details/Page_OrangeHRM/input_Work Email_oxd-input oxd-input--active"), Email_Work): Text 'angela.king@smith.info' is set on object 'Object Repository/Employee-Onboarding/Employee_Contact_Details/Page_OrangeHRM/input_Work Email_oxd-input oxd-input--active'

27-12-2024T09:41:19 - [MESSAGE][PASSED] - Text 'angela.king@smith.info' is set on object 'Object Repository/Employee-Onboarding/Employee_Contact_Details/Page_OrangeHRM/input_Work Email_oxd-input oxd-input--active'

27-12-2024T09:41:19 - [TEST_STEP][PASSED] - setText(findTestObject("Object Repository/Employee-Onboarding/Employee_Contact_Details/Page_OrangeHRM/input_Other Email_oxd-input oxd-input--focu_8ec2d9"), Email_Other): Text 'angela.king@dummyzones.org' is set on object 'Object Repository/Employee-Onboarding/Employee_Contact_Details/Page_OrangeHRM/input_Other Email_oxd-input oxd-input--focu_8ec2d9'

27-12-2024T09:41:20 - [MESSAGE][PASSED] - Text 'angela.king@dummyzones.org' is set on object 'Object Repository/Employee-Onboarding/Employee_Contact_Details/Page_OrangeHRM/input_Other Email_oxd-input oxd-input--focu_8ec2d9'

27-12-2024T09:41:20 - [TEST_STEP][PASSED] - click(findTestObject("Object Repository/Employee-Onboarding/Employee_Contact_Details/Page_OrangeHRM/button_Save")): Object: 'Object Repository/Employee-Onboarding/Employee_Contact_Details/Page_OrangeHRM/button_Save' is clicked on

27-12-2024T09:41:21 - [MESSAGE][PASSED] - Object: 'Object Repository/Employee-Onboarding/Employee_Contact_Details/Page_OrangeHRM/button_Save' is clicked on]]></system-out>
         <system-err><![CDATA[]]></system-err>
      </testcase>
      <testcase name="Test Cases/Employee_Onboarding/TC_Employee_Contact_Details" time="18.488" classname="Test Cases/Employee_Onboarding/TC_Employee_Contact_Details" status="PASSED">
         <system-out><![CDATA[27-12-2024T09:41:21 - [TEST_CASE][PASSED] - Test Cases/Employee_Onboarding/TC_Employee_Contact_Details: Test Cases/Employee_Onboarding/TC_Employee_Contact_Details

27-12-2024T09:41:21 - [TEST_STEP][PASSED] - click(findTestObject("Object Repository/Employee-Onboarding/Employee_Contact_Details/Page_OrangeHRM/a_PIM")): Object: 'Object Repository/Employee-Onboarding/Employee_Contact_Details/Page_OrangeHRM/a_PIM' is clicked on

27-12-2024T09:41:22 - [MESSAGE][PASSED] - Object: 'Object Repository/Employee-Onboarding/Employee_Contact_Details/Page_OrangeHRM/a_PIM' is clicked on

27-12-2024T09:41:22 - [TEST_STEP][PASSED] - setText(findTestObject("Object Repository/Employee-Onboarding/Employee_Contact_Details/Page_OrangeHRM/input"), Fullname): Text 'Deborah Coleman' is set on object 'Object Repository/Employee-Onboarding/Employee_Contact_Details/Page_OrangeHRM/input'

27-12-2024T09:41:25 - [MESSAGE][PASSED] - Text 'Deborah Coleman' is set on object 'Object Repository/Employee-Onboarding/Employee_Contact_Details/Page_OrangeHRM/input'

27-12-2024T09:41:25 - [TEST_STEP][PASSED] - click(findTestObject("Object Repository/Employee-Onboarding/Employee_Contact_Details/Page_OrangeHRM/button_Search")): Object: 'Object Repository/Employee-Onboarding/Employee_Contact_Details/Page_OrangeHRM/button_Search' is clicked on

27-12-2024T09:41:25 - [MESSAGE][PASSED] - Object: 'Object Repository/Employee-Onboarding/Employee_Contact_Details/Page_OrangeHRM/button_Search' is clicked on

27-12-2024T09:41:25 - [TEST_STEP][PASSED] - click(findTestObject("Object Repository/Employee-Onboarding/Employee_Contact_Details/Page_OrangeHRM/div_Actions_oxd-table-cell oxd-padding-cell")): Object: 'Object Repository/Employee-Onboarding/Employee_Contact_Details/Page_OrangeHRM/div_Actions_oxd-table-cell oxd-padding-cell' is clicked on

27-12-2024T09:41:27 - [MESSAGE][PASSED] - Object: 'Object Repository/Employee-Onboarding/Employee_Contact_Details/Page_OrangeHRM/div_Actions_oxd-table-cell oxd-padding-cell' is clicked on

27-12-2024T09:41:27 - [TEST_STEP][PASSED] - click(findTestObject("Object Repository/Employee-Onboarding/Employee_Contact_Details/Page_OrangeHRM/a_Contact Details")): Object: 'Object Repository/Employee-Onboarding/Employee_Contact_Details/Page_OrangeHRM/a_Contact Details' is clicked on

27-12-2024T09:41:30 - [MESSAGE][PASSED] - Object: 'Object Repository/Employee-Onboarding/Employee_Contact_Details/Page_OrangeHRM/a_Contact Details' is clicked on

27-12-2024T09:41:30 - [TEST_STEP][PASSED] - setText(findTestObject("Object Repository/Employee-Onboarding/Employee_Contact_Details/Page_OrangeHRM/input_Street 1_oxd-input oxd-input--focus"), Street1): Text '5835 Bates Point' is set on object 'Object Repository/Employee-Onboarding/Employee_Contact_Details/Page_OrangeHRM/input_Street 1_oxd-input oxd-input--focus'

27-12-2024T09:41:32 - [MESSAGE][PASSED] - Text '5835 Bates Point' is set on object 'Object Repository/Employee-Onboarding/Employee_Contact_Details/Page_OrangeHRM/input_Street 1_oxd-input oxd-input--focus'

27-12-2024T09:41:32 - [TEST_STEP][PASSED] - setText(findTestObject("Object Repository/Employee-Onboarding/Employee_Contact_Details/Page_OrangeHRM/input_Street 2_oxd-input oxd-input--active"), Street2): Text 'Suite 637' is set on object 'Object Repository/Employee-Onboarding/Employee_Contact_Details/Page_OrangeHRM/input_Street 2_oxd-input oxd-input--active'

27-12-2024T09:41:33 - [MESSAGE][PASSED] - Text 'Suite 637' is set on object 'Object Repository/Employee-Onboarding/Employee_Contact_Details/Page_OrangeHRM/input_Street 2_oxd-input oxd-input--active'

27-12-2024T09:41:33 - [TEST_STEP][PASSED] - setText(findTestObject("Object Repository/Employee-Onboarding/Employee_Contact_Details/Page_OrangeHRM/input_City_oxd-input oxd-input--active"), City): Text 'Jamesburgh' is set on object 'Object Repository/Employee-Onboarding/Employee_Contact_Details/Page_OrangeHRM/input_City_oxd-input oxd-input--active'

27-12-2024T09:41:33 - [MESSAGE][PASSED] - Text 'Jamesburgh' is set on object 'Object Repository/Employee-Onboarding/Employee_Contact_Details/Page_OrangeHRM/input_City_oxd-input oxd-input--active'

27-12-2024T09:41:33 - [TEST_STEP][PASSED] - setText(findTestObject("Object Repository/Employee-Onboarding/Employee_Contact_Details/Page_OrangeHRM/input_StateProvince_oxd-input oxd-input--active"), State): Text 'North Carolina' is set on object 'Object Repository/Employee-Onboarding/Employee_Contact_Details/Page_OrangeHRM/input_StateProvince_oxd-input oxd-input--active'

27-12-2024T09:41:34 - [MESSAGE][PASSED] - Text 'North Carolina' is set on object 'Object Repository/Employee-Onboarding/Employee_Contact_Details/Page_OrangeHRM/input_StateProvince_oxd-input oxd-input--active'

27-12-2024T09:41:34 - [TEST_STEP][PASSED] - setText(findTestObject("Object Repository/Employee-Onboarding/Employee_Contact_Details/Page_OrangeHRM/input_ZipPostal Code_oxd-input oxd-input--active"), ZipCode): Text '47791' is set on object 'Object Repository/Employee-Onboarding/Employee_Contact_Details/Page_OrangeHRM/input_ZipPostal Code_oxd-input oxd-input--active'

27-12-2024T09:41:34 - [MESSAGE][PASSED] - Text '47791' is set on object 'Object Repository/Employee-Onboarding/Employee_Contact_Details/Page_OrangeHRM/input_ZipPostal Code_oxd-input oxd-input--active'

27-12-2024T09:41:34 - [TEST_STEP][PASSED] - click(findTestObject("Object Repository/Employee-Onboarding/Employee_Contact_Details/Page_OrangeHRM/i_-- Select --_oxd-icon bi-caret-up-fill ox_627fec")): Object: 'Object Repository/Employee-Onboarding/Employee_Contact_Details/Page_OrangeHRM/i_-- Select --_oxd-icon bi-caret-up-fill ox_627fec' is clicked on

27-12-2024T09:41:35 - [MESSAGE][PASSED] - Object: 'Object Repository/Employee-Onboarding/Employee_Contact_Details/Page_OrangeHRM/i_-- Select --_oxd-icon bi-caret-up-fill ox_627fec' is clicked on

27-12-2024T09:41:35 - [TEST_STEP][PASSED] - click(findTestObject("Employee-Onboarding/Employee_Salary_Detail_Objects/Page_OrangeHRM/custom_object_for_dropdown", ["value":Country])): Object: 'Object Repository/Employee-Onboarding/Employee_Salary_Detail_Objects/Page_OrangeHRM/custom_object_for_dropdown' is clicked on

27-12-2024T09:41:35 - [MESSAGE][PASSED] - Object: 'Object Repository/Employee-Onboarding/Employee_Salary_Detail_Objects/Page_OrangeHRM/custom_object_for_dropdown' is clicked on

27-12-2024T09:41:35 - [TEST_STEP][PASSED] - setText(findTestObject("Object Repository/Employee-Onboarding/Employee_Contact_Details/Page_OrangeHRM/input_Home_oxd-input oxd-input--focus"), Tel_Home): Text '432-975-2836' is set on object 'Object Repository/Employee-Onboarding/Employee_Contact_Details/Page_OrangeHRM/input_Home_oxd-input oxd-input--focus'

27-12-2024T09:41:36 - [MESSAGE][PASSED] - Text '432-975-2836' is set on object 'Object Repository/Employee-Onboarding/Employee_Contact_Details/Page_OrangeHRM/input_Home_oxd-input oxd-input--focus'

27-12-2024T09:41:36 - [TEST_STEP][PASSED] - setText(findTestObject("Object Repository/Employee-Onboarding/Employee_Contact_Details/Page_OrangeHRM/input_Mobile_oxd-input oxd-input--focus"), Tell_Mobile): Text '(685)652-6215' is set on object 'Object Repository/Employee-Onboarding/Employee_Contact_Details/Page_OrangeHRM/input_Mobile_oxd-input oxd-input--focus'

27-12-2024T09:41:36 - [MESSAGE][PASSED] - Text '(685)652-6215' is set on object 'Object Repository/Employee-Onboarding/Employee_Contact_Details/Page_OrangeHRM/input_Mobile_oxd-input oxd-input--focus'

27-12-2024T09:41:36 - [TEST_STEP][PASSED] - setText(findTestObject("Object Repository/Employee-Onboarding/Employee_Contact_Details/Page_OrangeHRM/input_Work_oxd-input oxd-input--focus"), Tel_Work): Text '(586)307-5563' is set on object 'Object Repository/Employee-Onboarding/Employee_Contact_Details/Page_OrangeHRM/input_Work_oxd-input oxd-input--focus'

27-12-2024T09:41:37 - [MESSAGE][PASSED] - Text '(586)307-5563' is set on object 'Object Repository/Employee-Onboarding/Employee_Contact_Details/Page_OrangeHRM/input_Work_oxd-input oxd-input--focus'

27-12-2024T09:41:37 - [TEST_STEP][PASSED] - setText(findTestObject("Object Repository/Employee-Onboarding/Employee_Contact_Details/Page_OrangeHRM/input_Work Email_oxd-input oxd-input--active"), Email_Work): Text 'deborah.coleman@miller.com' is set on object 'Object Repository/Employee-Onboarding/Employee_Contact_Details/Page_OrangeHRM/input_Work Email_oxd-input oxd-input--active'

27-12-2024T09:41:37 - [MESSAGE][PASSED] - Text 'deborah.coleman@miller.com' is set on object 'Object Repository/Employee-Onboarding/Employee_Contact_Details/Page_OrangeHRM/input_Work Email_oxd-input oxd-input--active'

27-12-2024T09:41:37 - [TEST_STEP][PASSED] - setText(findTestObject("Object Repository/Employee-Onboarding/Employee_Contact_Details/Page_OrangeHRM/input_Other Email_oxd-input oxd-input--focu_8ec2d9"), Email_Other): Text 'deborah.coleman@simulatedhub.net' is set on object 'Object Repository/Employee-Onboarding/Employee_Contact_Details/Page_OrangeHRM/input_Other Email_oxd-input oxd-input--focu_8ec2d9'

27-12-2024T09:41:39 - [MESSAGE][PASSED] - Text 'deborah.coleman@simulatedhub.net' is set on object 'Object Repository/Employee-Onboarding/Employee_Contact_Details/Page_OrangeHRM/input_Other Email_oxd-input oxd-input--focu_8ec2d9'

27-12-2024T09:41:39 - [TEST_STEP][PASSED] - click(findTestObject("Object Repository/Employee-Onboarding/Employee_Contact_Details/Page_OrangeHRM/button_Save")): Object: 'Object Repository/Employee-Onboarding/Employee_Contact_Details/Page_OrangeHRM/button_Save' is clicked on

27-12-2024T09:41:39 - [MESSAGE][PASSED] - Object: 'Object Repository/Employee-Onboarding/Employee_Contact_Details/Page_OrangeHRM/button_Save' is clicked on]]></system-out>
         <system-err><![CDATA[]]></system-err>
      </testcase>
      <testcase name="Test Cases/Employee_Onboarding/TC_Employee_Contact_Details" time="17.878" classname="Test Cases/Employee_Onboarding/TC_Employee_Contact_Details" status="PASSED">
         <system-out><![CDATA[27-12-2024T09:41:39 - [TEST_CASE][PASSED] - Test Cases/Employee_Onboarding/TC_Employee_Contact_Details: Test Cases/Employee_Onboarding/TC_Employee_Contact_Details

27-12-2024T09:41:39 - [TEST_STEP][PASSED] - click(findTestObject("Object Repository/Employee-Onboarding/Employee_Contact_Details/Page_OrangeHRM/a_PIM")): Object: 'Object Repository/Employee-Onboarding/Employee_Contact_Details/Page_OrangeHRM/a_PIM' is clicked on

27-12-2024T09:41:41 - [MESSAGE][PASSED] - Object: 'Object Repository/Employee-Onboarding/Employee_Contact_Details/Page_OrangeHRM/a_PIM' is clicked on

27-12-2024T09:41:41 - [TEST_STEP][PASSED] - setText(findTestObject("Object Repository/Employee-Onboarding/Employee_Contact_Details/Page_OrangeHRM/input"), Fullname): Text 'Chad Hogan' is set on object 'Object Repository/Employee-Onboarding/Employee_Contact_Details/Page_OrangeHRM/input'

27-12-2024T09:41:43 - [MESSAGE][PASSED] - Text 'Chad Hogan' is set on object 'Object Repository/Employee-Onboarding/Employee_Contact_Details/Page_OrangeHRM/input'

27-12-2024T09:41:43 - [TEST_STEP][PASSED] - click(findTestObject("Object Repository/Employee-Onboarding/Employee_Contact_Details/Page_OrangeHRM/button_Search")): Object: 'Object Repository/Employee-Onboarding/Employee_Contact_Details/Page_OrangeHRM/button_Search' is clicked on

27-12-2024T09:41:43 - [MESSAGE][PASSED] - Object: 'Object Repository/Employee-Onboarding/Employee_Contact_Details/Page_OrangeHRM/button_Search' is clicked on

27-12-2024T09:41:43 - [TEST_STEP][PASSED] - click(findTestObject("Object Repository/Employee-Onboarding/Employee_Contact_Details/Page_OrangeHRM/div_Actions_oxd-table-cell oxd-padding-cell")): Object: 'Object Repository/Employee-Onboarding/Employee_Contact_Details/Page_OrangeHRM/div_Actions_oxd-table-cell oxd-padding-cell' is clicked on

27-12-2024T09:41:45 - [MESSAGE][PASSED] - Object: 'Object Repository/Employee-Onboarding/Employee_Contact_Details/Page_OrangeHRM/div_Actions_oxd-table-cell oxd-padding-cell' is clicked on

27-12-2024T09:41:45 - [TEST_STEP][PASSED] - click(findTestObject("Object Repository/Employee-Onboarding/Employee_Contact_Details/Page_OrangeHRM/a_Contact Details")): Object: 'Object Repository/Employee-Onboarding/Employee_Contact_Details/Page_OrangeHRM/a_Contact Details' is clicked on

27-12-2024T09:41:48 - [MESSAGE][PASSED] - Object: 'Object Repository/Employee-Onboarding/Employee_Contact_Details/Page_OrangeHRM/a_Contact Details' is clicked on

27-12-2024T09:41:48 - [TEST_STEP][PASSED] - setText(findTestObject("Object Repository/Employee-Onboarding/Employee_Contact_Details/Page_OrangeHRM/input_Street 1_oxd-input oxd-input--focus"), Street1): Text '2661 Jim Isle Suite 781' is set on object 'Object Repository/Employee-Onboarding/Employee_Contact_Details/Page_OrangeHRM/input_Street 1_oxd-input oxd-input--focus'

27-12-2024T09:41:50 - [MESSAGE][PASSED] - Text '2661 Jim Isle Suite 781' is set on object 'Object Repository/Employee-Onboarding/Employee_Contact_Details/Page_OrangeHRM/input_Street 1_oxd-input oxd-input--focus'

27-12-2024T09:41:50 - [TEST_STEP][PASSED] - setText(findTestObject("Object Repository/Employee-Onboarding/Employee_Contact_Details/Page_OrangeHRM/input_Street 2_oxd-input oxd-input--active"), Street2): Text 'Suite 669' is set on object 'Object Repository/Employee-Onboarding/Employee_Contact_Details/Page_OrangeHRM/input_Street 2_oxd-input oxd-input--active'

27-12-2024T09:41:51 - [MESSAGE][PASSED] - Text 'Suite 669' is set on object 'Object Repository/Employee-Onboarding/Employee_Contact_Details/Page_OrangeHRM/input_Street 2_oxd-input oxd-input--active'

27-12-2024T09:41:51 - [TEST_STEP][PASSED] - setText(findTestObject("Object Repository/Employee-Onboarding/Employee_Contact_Details/Page_OrangeHRM/input_City_oxd-input oxd-input--active"), City): Text 'Douglasland' is set on object 'Object Repository/Employee-Onboarding/Employee_Contact_Details/Page_OrangeHRM/input_City_oxd-input oxd-input--active'

27-12-2024T09:41:51 - [MESSAGE][PASSED] - Text 'Douglasland' is set on object 'Object Repository/Employee-Onboarding/Employee_Contact_Details/Page_OrangeHRM/input_City_oxd-input oxd-input--active'

27-12-2024T09:41:51 - [TEST_STEP][PASSED] - setText(findTestObject("Object Repository/Employee-Onboarding/Employee_Contact_Details/Page_OrangeHRM/input_StateProvince_oxd-input oxd-input--active"), State): Text 'South Dakota' is set on object 'Object Repository/Employee-Onboarding/Employee_Contact_Details/Page_OrangeHRM/input_StateProvince_oxd-input oxd-input--active'

27-12-2024T09:41:52 - [MESSAGE][PASSED] - Text 'South Dakota' is set on object 'Object Repository/Employee-Onboarding/Employee_Contact_Details/Page_OrangeHRM/input_StateProvince_oxd-input oxd-input--active'

27-12-2024T09:41:52 - [TEST_STEP][PASSED] - setText(findTestObject("Object Repository/Employee-Onboarding/Employee_Contact_Details/Page_OrangeHRM/input_ZipPostal Code_oxd-input oxd-input--active"), ZipCode): Text '17975' is set on object 'Object Repository/Employee-Onboarding/Employee_Contact_Details/Page_OrangeHRM/input_ZipPostal Code_oxd-input oxd-input--active'

27-12-2024T09:41:52 - [MESSAGE][PASSED] - Text '17975' is set on object 'Object Repository/Employee-Onboarding/Employee_Contact_Details/Page_OrangeHRM/input_ZipPostal Code_oxd-input oxd-input--active'

27-12-2024T09:41:52 - [TEST_STEP][PASSED] - click(findTestObject("Object Repository/Employee-Onboarding/Employee_Contact_Details/Page_OrangeHRM/i_-- Select --_oxd-icon bi-caret-up-fill ox_627fec")): Object: 'Object Repository/Employee-Onboarding/Employee_Contact_Details/Page_OrangeHRM/i_-- Select --_oxd-icon bi-caret-up-fill ox_627fec' is clicked on

27-12-2024T09:41:52 - [MESSAGE][PASSED] - Object: 'Object Repository/Employee-Onboarding/Employee_Contact_Details/Page_OrangeHRM/i_-- Select --_oxd-icon bi-caret-up-fill ox_627fec' is clicked on

27-12-2024T09:41:52 - [TEST_STEP][PASSED] - click(findTestObject("Employee-Onboarding/Employee_Salary_Detail_Objects/Page_OrangeHRM/custom_object_for_dropdown", ["value":Country])): Object: 'Object Repository/Employee-Onboarding/Employee_Salary_Detail_Objects/Page_OrangeHRM/custom_object_for_dropdown' is clicked on

27-12-2024T09:41:53 - [MESSAGE][PASSED] - Object: 'Object Repository/Employee-Onboarding/Employee_Salary_Detail_Objects/Page_OrangeHRM/custom_object_for_dropdown' is clicked on

27-12-2024T09:41:53 - [TEST_STEP][PASSED] - setText(findTestObject("Object Repository/Employee-Onboarding/Employee_Contact_Details/Page_OrangeHRM/input_Home_oxd-input oxd-input--focus"), Tel_Home): Text '601-485-1092' is set on object 'Object Repository/Employee-Onboarding/Employee_Contact_Details/Page_OrangeHRM/input_Home_oxd-input oxd-input--focus'

27-12-2024T09:41:54 - [MESSAGE][PASSED] - Text '601-485-1092' is set on object 'Object Repository/Employee-Onboarding/Employee_Contact_Details/Page_OrangeHRM/input_Home_oxd-input oxd-input--focus'

27-12-2024T09:41:54 - [TEST_STEP][PASSED] - setText(findTestObject("Object Repository/Employee-Onboarding/Employee_Contact_Details/Page_OrangeHRM/input_Mobile_oxd-input oxd-input--focus"), Tell_Mobile): Text '245-579-6247' is set on object 'Object Repository/Employee-Onboarding/Employee_Contact_Details/Page_OrangeHRM/input_Mobile_oxd-input oxd-input--focus'

27-12-2024T09:41:54 - [MESSAGE][PASSED] - Text '245-579-6247' is set on object 'Object Repository/Employee-Onboarding/Employee_Contact_Details/Page_OrangeHRM/input_Mobile_oxd-input oxd-input--focus'

27-12-2024T09:41:54 - [TEST_STEP][PASSED] - setText(findTestObject("Object Repository/Employee-Onboarding/Employee_Contact_Details/Page_OrangeHRM/input_Work_oxd-input oxd-input--focus"), Tel_Work): Text '786-474-6322' is set on object 'Object Repository/Employee-Onboarding/Employee_Contact_Details/Page_OrangeHRM/input_Work_oxd-input oxd-input--focus'

27-12-2024T09:41:55 - [MESSAGE][PASSED] - Text '786-474-6322' is set on object 'Object Repository/Employee-Onboarding/Employee_Contact_Details/Page_OrangeHRM/input_Work_oxd-input oxd-input--focus'

27-12-2024T09:41:55 - [TEST_STEP][PASSED] - setText(findTestObject("Object Repository/Employee-Onboarding/Employee_Contact_Details/Page_OrangeHRM/input_Work Email_oxd-input oxd-input--active"), Email_Work): Text 'chad.hogan@sanders.com' is set on object 'Object Repository/Employee-Onboarding/Employee_Contact_Details/Page_OrangeHRM/input_Work Email_oxd-input oxd-input--active'

27-12-2024T09:41:55 - [MESSAGE][PASSED] - Text 'chad.hogan@sanders.com' is set on object 'Object Repository/Employee-Onboarding/Employee_Contact_Details/Page_OrangeHRM/input_Work Email_oxd-input oxd-input--active'

27-12-2024T09:41:55 - [TEST_STEP][PASSED] - setText(findTestObject("Object Repository/Employee-Onboarding/Employee_Contact_Details/Page_OrangeHRM/input_Other Email_oxd-input oxd-input--focu_8ec2d9"), Email_Other): Text 'chad.hogan@mockdomains.net' is set on object 'Object Repository/Employee-Onboarding/Employee_Contact_Details/Page_OrangeHRM/input_Other Email_oxd-input oxd-input--focu_8ec2d9'

27-12-2024T09:41:57 - [MESSAGE][PASSED] - Text 'chad.hogan@mockdomains.net' is set on object 'Object Repository/Employee-Onboarding/Employee_Contact_Details/Page_OrangeHRM/input_Other Email_oxd-input oxd-input--focu_8ec2d9'

27-12-2024T09:41:57 - [TEST_STEP][PASSED] - click(findTestObject("Object Repository/Employee-Onboarding/Employee_Contact_Details/Page_OrangeHRM/button_Save")): Object: 'Object Repository/Employee-Onboarding/Employee_Contact_Details/Page_OrangeHRM/button_Save' is clicked on

27-12-2024T09:41:57 - [MESSAGE][PASSED] - Object: 'Object Repository/Employee-Onboarding/Employee_Contact_Details/Page_OrangeHRM/button_Save' is clicked on]]></system-out>
         <system-err><![CDATA[]]></system-err>
      </testcase>
      <testcase name="Test Cases/Employee_Onboarding/TC_Employee_Contact_Details" time="19.208" classname="Test Cases/Employee_Onboarding/TC_Employee_Contact_Details" status="PASSED">
         <system-out><![CDATA[27-12-2024T09:41:57 - [TEST_CASE][PASSED] - Test Cases/Employee_Onboarding/TC_Employee_Contact_Details: Test Cases/Employee_Onboarding/TC_Employee_Contact_Details

27-12-2024T09:41:57 - [TEST_STEP][PASSED] - click(findTestObject("Object Repository/Employee-Onboarding/Employee_Contact_Details/Page_OrangeHRM/a_PIM")): Object: 'Object Repository/Employee-Onboarding/Employee_Contact_Details/Page_OrangeHRM/a_PIM' is clicked on

27-12-2024T09:41:58 - [MESSAGE][PASSED] - Object: 'Object Repository/Employee-Onboarding/Employee_Contact_Details/Page_OrangeHRM/a_PIM' is clicked on

27-12-2024T09:41:58 - [TEST_STEP][PASSED] - setText(findTestObject("Object Repository/Employee-Onboarding/Employee_Contact_Details/Page_OrangeHRM/input"), Fullname): Text 'Sara Young' is set on object 'Object Repository/Employee-Onboarding/Employee_Contact_Details/Page_OrangeHRM/input'

27-12-2024T09:42:01 - [MESSAGE][PASSED] - Text 'Sara Young' is set on object 'Object Repository/Employee-Onboarding/Employee_Contact_Details/Page_OrangeHRM/input'

27-12-2024T09:42:01 - [TEST_STEP][PASSED] - click(findTestObject("Object Repository/Employee-Onboarding/Employee_Contact_Details/Page_OrangeHRM/button_Search")): Object: 'Object Repository/Employee-Onboarding/Employee_Contact_Details/Page_OrangeHRM/button_Search' is clicked on

27-12-2024T09:42:01 - [MESSAGE][PASSED] - Object: 'Object Repository/Employee-Onboarding/Employee_Contact_Details/Page_OrangeHRM/button_Search' is clicked on

27-12-2024T09:42:01 - [TEST_STEP][PASSED] - click(findTestObject("Object Repository/Employee-Onboarding/Employee_Contact_Details/Page_OrangeHRM/div_Actions_oxd-table-cell oxd-padding-cell")): Object: 'Object Repository/Employee-Onboarding/Employee_Contact_Details/Page_OrangeHRM/div_Actions_oxd-table-cell oxd-padding-cell' is clicked on

27-12-2024T09:42:03 - [MESSAGE][PASSED] - Object: 'Object Repository/Employee-Onboarding/Employee_Contact_Details/Page_OrangeHRM/div_Actions_oxd-table-cell oxd-padding-cell' is clicked on

27-12-2024T09:42:03 - [TEST_STEP][PASSED] - click(findTestObject("Object Repository/Employee-Onboarding/Employee_Contact_Details/Page_OrangeHRM/a_Contact Details")): Object: 'Object Repository/Employee-Onboarding/Employee_Contact_Details/Page_OrangeHRM/a_Contact Details' is clicked on

27-12-2024T09:42:07 - [MESSAGE][PASSED] - Object: 'Object Repository/Employee-Onboarding/Employee_Contact_Details/Page_OrangeHRM/a_Contact Details' is clicked on

27-12-2024T09:42:07 - [TEST_STEP][PASSED] - setText(findTestObject("Object Repository/Employee-Onboarding/Employee_Contact_Details/Page_OrangeHRM/input_Street 1_oxd-input oxd-input--focus"), Street1): Text '0218 Wilson Island Apt. 047' is set on object 'Object Repository/Employee-Onboarding/Employee_Contact_Details/Page_OrangeHRM/input_Street 1_oxd-input oxd-input--focus'

27-12-2024T09:42:09 - [MESSAGE][PASSED] - Text '0218 Wilson Island Apt. 047' is set on object 'Object Repository/Employee-Onboarding/Employee_Contact_Details/Page_OrangeHRM/input_Street 1_oxd-input oxd-input--focus'

27-12-2024T09:42:09 - [TEST_STEP][PASSED] - setText(findTestObject("Object Repository/Employee-Onboarding/Employee_Contact_Details/Page_OrangeHRM/input_Street 2_oxd-input oxd-input--active"), Street2): Text 'Apt. 052' is set on object 'Object Repository/Employee-Onboarding/Employee_Contact_Details/Page_OrangeHRM/input_Street 2_oxd-input oxd-input--active'

27-12-2024T09:42:10 - [MESSAGE][PASSED] - Text 'Apt. 052' is set on object 'Object Repository/Employee-Onboarding/Employee_Contact_Details/Page_OrangeHRM/input_Street 2_oxd-input oxd-input--active'

27-12-2024T09:42:10 - [TEST_STEP][PASSED] - setText(findTestObject("Object Repository/Employee-Onboarding/Employee_Contact_Details/Page_OrangeHRM/input_City_oxd-input oxd-input--active"), City): Text 'Lake John' is set on object 'Object Repository/Employee-Onboarding/Employee_Contact_Details/Page_OrangeHRM/input_City_oxd-input oxd-input--active'

27-12-2024T09:42:10 - [MESSAGE][PASSED] - Text 'Lake John' is set on object 'Object Repository/Employee-Onboarding/Employee_Contact_Details/Page_OrangeHRM/input_City_oxd-input oxd-input--active'

27-12-2024T09:42:10 - [TEST_STEP][PASSED] - setText(findTestObject("Object Repository/Employee-Onboarding/Employee_Contact_Details/Page_OrangeHRM/input_StateProvince_oxd-input oxd-input--active"), State): Text 'Oklahoma' is set on object 'Object Repository/Employee-Onboarding/Employee_Contact_Details/Page_OrangeHRM/input_StateProvince_oxd-input oxd-input--active'

27-12-2024T09:42:11 - [MESSAGE][PASSED] - Text 'Oklahoma' is set on object 'Object Repository/Employee-Onboarding/Employee_Contact_Details/Page_OrangeHRM/input_StateProvince_oxd-input oxd-input--active'

27-12-2024T09:42:11 - [TEST_STEP][PASSED] - setText(findTestObject("Object Repository/Employee-Onboarding/Employee_Contact_Details/Page_OrangeHRM/input_ZipPostal Code_oxd-input oxd-input--active"), ZipCode): Text '50536' is set on object 'Object Repository/Employee-Onboarding/Employee_Contact_Details/Page_OrangeHRM/input_ZipPostal Code_oxd-input oxd-input--active'

27-12-2024T09:42:11 - [MESSAGE][PASSED] - Text '50536' is set on object 'Object Repository/Employee-Onboarding/Employee_Contact_Details/Page_OrangeHRM/input_ZipPostal Code_oxd-input oxd-input--active'

27-12-2024T09:42:11 - [TEST_STEP][PASSED] - click(findTestObject("Object Repository/Employee-Onboarding/Employee_Contact_Details/Page_OrangeHRM/i_-- Select --_oxd-icon bi-caret-up-fill ox_627fec")): Object: 'Object Repository/Employee-Onboarding/Employee_Contact_Details/Page_OrangeHRM/i_-- Select --_oxd-icon bi-caret-up-fill ox_627fec' is clicked on

27-12-2024T09:42:12 - [MESSAGE][PASSED] - Object: 'Object Repository/Employee-Onboarding/Employee_Contact_Details/Page_OrangeHRM/i_-- Select --_oxd-icon bi-caret-up-fill ox_627fec' is clicked on

27-12-2024T09:42:12 - [TEST_STEP][PASSED] - click(findTestObject("Employee-Onboarding/Employee_Salary_Detail_Objects/Page_OrangeHRM/custom_object_for_dropdown", ["value":Country])): Object: 'Object Repository/Employee-Onboarding/Employee_Salary_Detail_Objects/Page_OrangeHRM/custom_object_for_dropdown' is clicked on

27-12-2024T09:42:12 - [MESSAGE][PASSED] - Object: 'Object Repository/Employee-Onboarding/Employee_Salary_Detail_Objects/Page_OrangeHRM/custom_object_for_dropdown' is clicked on

27-12-2024T09:42:12 - [TEST_STEP][PASSED] - setText(findTestObject("Object Repository/Employee-Onboarding/Employee_Contact_Details/Page_OrangeHRM/input_Home_oxd-input oxd-input--focus"), Tel_Home): Text '503-789-1263' is set on object 'Object Repository/Employee-Onboarding/Employee_Contact_Details/Page_OrangeHRM/input_Home_oxd-input oxd-input--focus'

27-12-2024T09:42:13 - [MESSAGE][PASSED] - Text '503-789-1263' is set on object 'Object Repository/Employee-Onboarding/Employee_Contact_Details/Page_OrangeHRM/input_Home_oxd-input oxd-input--focus'

27-12-2024T09:42:13 - [TEST_STEP][PASSED] - setText(findTestObject("Object Repository/Employee-Onboarding/Employee_Contact_Details/Page_OrangeHRM/input_Mobile_oxd-input oxd-input--focus"), Tell_Mobile): Text '983-472-6589' is set on object 'Object Repository/Employee-Onboarding/Employee_Contact_Details/Page_OrangeHRM/input_Mobile_oxd-input oxd-input--focus'

27-12-2024T09:42:13 - [MESSAGE][PASSED] - Text '983-472-6589' is set on object 'Object Repository/Employee-Onboarding/Employee_Contact_Details/Page_OrangeHRM/input_Mobile_oxd-input oxd-input--focus'

27-12-2024T09:42:13 - [TEST_STEP][PASSED] - setText(findTestObject("Object Repository/Employee-Onboarding/Employee_Contact_Details/Page_OrangeHRM/input_Work_oxd-input oxd-input--focus"), Tel_Work): Text '001-464-952-4039' is set on object 'Object Repository/Employee-Onboarding/Employee_Contact_Details/Page_OrangeHRM/input_Work_oxd-input oxd-input--focus'

27-12-2024T09:42:14 - [MESSAGE][PASSED] - Text '001-464-952-4039' is set on object 'Object Repository/Employee-Onboarding/Employee_Contact_Details/Page_OrangeHRM/input_Work_oxd-input oxd-input--focus'

27-12-2024T09:42:14 - [TEST_STEP][PASSED] - setText(findTestObject("Object Repository/Employee-Onboarding/Employee_Contact_Details/Page_OrangeHRM/input_Work Email_oxd-input oxd-input--active"), Email_Work): Text 'sara.young@taylor.info' is set on object 'Object Repository/Employee-Onboarding/Employee_Contact_Details/Page_OrangeHRM/input_Work Email_oxd-input oxd-input--active'

27-12-2024T09:42:14 - [MESSAGE][PASSED] - Text 'sara.young@taylor.info' is set on object 'Object Repository/Employee-Onboarding/Employee_Contact_Details/Page_OrangeHRM/input_Work Email_oxd-input oxd-input--active'

27-12-2024T09:42:14 - [TEST_STEP][PASSED] - setText(findTestObject("Object Repository/Employee-Onboarding/Employee_Contact_Details/Page_OrangeHRM/input_Other Email_oxd-input oxd-input--focu_8ec2d9"), Email_Other): Text 'sara.young@trialmessages.org' is set on object 'Object Repository/Employee-Onboarding/Employee_Contact_Details/Page_OrangeHRM/input_Other Email_oxd-input oxd-input--focu_8ec2d9'

27-12-2024T09:42:16 - [MESSAGE][PASSED] - Text 'sara.young@trialmessages.org' is set on object 'Object Repository/Employee-Onboarding/Employee_Contact_Details/Page_OrangeHRM/input_Other Email_oxd-input oxd-input--focu_8ec2d9'

27-12-2024T09:42:16 - [TEST_STEP][PASSED] - click(findTestObject("Object Repository/Employee-Onboarding/Employee_Contact_Details/Page_OrangeHRM/button_Save")): Object: 'Object Repository/Employee-Onboarding/Employee_Contact_Details/Page_OrangeHRM/button_Save' is clicked on

27-12-2024T09:42:16 - [MESSAGE][PASSED] - Object: 'Object Repository/Employee-Onboarding/Employee_Contact_Details/Page_OrangeHRM/button_Save' is clicked on]]></system-out>
         <system-err><![CDATA[]]></system-err>
      </testcase>
      <testcase name="Test Cases/Employee_Onboarding/TC_Employee_Contact_Details" time="18.836" classname="Test Cases/Employee_Onboarding/TC_Employee_Contact_Details" status="PASSED">
         <system-out><![CDATA[27-12-2024T09:42:16 - [TEST_CASE][PASSED] - Test Cases/Employee_Onboarding/TC_Employee_Contact_Details: Test Cases/Employee_Onboarding/TC_Employee_Contact_Details

27-12-2024T09:42:16 - [TEST_STEP][PASSED] - click(findTestObject("Object Repository/Employee-Onboarding/Employee_Contact_Details/Page_OrangeHRM/a_PIM")): Object: 'Object Repository/Employee-Onboarding/Employee_Contact_Details/Page_OrangeHRM/a_PIM' is clicked on

27-12-2024T09:42:18 - [MESSAGE][PASSED] - Object: 'Object Repository/Employee-Onboarding/Employee_Contact_Details/Page_OrangeHRM/a_PIM' is clicked on

27-12-2024T09:42:18 - [TEST_STEP][PASSED] - setText(findTestObject("Object Repository/Employee-Onboarding/Employee_Contact_Details/Page_OrangeHRM/input"), Fullname): Text 'David Jackson' is set on object 'Object Repository/Employee-Onboarding/Employee_Contact_Details/Page_OrangeHRM/input'

27-12-2024T09:42:20 - [MESSAGE][PASSED] - Text 'David Jackson' is set on object 'Object Repository/Employee-Onboarding/Employee_Contact_Details/Page_OrangeHRM/input'

27-12-2024T09:42:20 - [TEST_STEP][PASSED] - click(findTestObject("Object Repository/Employee-Onboarding/Employee_Contact_Details/Page_OrangeHRM/button_Search")): Object: 'Object Repository/Employee-Onboarding/Employee_Contact_Details/Page_OrangeHRM/button_Search' is clicked on

27-12-2024T09:42:21 - [MESSAGE][PASSED] - Object: 'Object Repository/Employee-Onboarding/Employee_Contact_Details/Page_OrangeHRM/button_Search' is clicked on

27-12-2024T09:42:21 - [TEST_STEP][PASSED] - click(findTestObject("Object Repository/Employee-Onboarding/Employee_Contact_Details/Page_OrangeHRM/div_Actions_oxd-table-cell oxd-padding-cell")): Object: 'Object Repository/Employee-Onboarding/Employee_Contact_Details/Page_OrangeHRM/div_Actions_oxd-table-cell oxd-padding-cell' is clicked on

27-12-2024T09:42:22 - [MESSAGE][PASSED] - Object: 'Object Repository/Employee-Onboarding/Employee_Contact_Details/Page_OrangeHRM/div_Actions_oxd-table-cell oxd-padding-cell' is clicked on

27-12-2024T09:42:22 - [TEST_STEP][PASSED] - click(findTestObject("Object Repository/Employee-Onboarding/Employee_Contact_Details/Page_OrangeHRM/a_Contact Details")): Object: 'Object Repository/Employee-Onboarding/Employee_Contact_Details/Page_OrangeHRM/a_Contact Details' is clicked on

27-12-2024T09:42:26 - [MESSAGE][PASSED] - Object: 'Object Repository/Employee-Onboarding/Employee_Contact_Details/Page_OrangeHRM/a_Contact Details' is clicked on

27-12-2024T09:42:26 - [TEST_STEP][PASSED] - setText(findTestObject("Object Repository/Employee-Onboarding/Employee_Contact_Details/Page_OrangeHRM/input_Street 1_oxd-input oxd-input--focus"), Street1): Text '687 Farmer Ridges' is set on object 'Object Repository/Employee-Onboarding/Employee_Contact_Details/Page_OrangeHRM/input_Street 1_oxd-input oxd-input--focus'

27-12-2024T09:42:28 - [MESSAGE][PASSED] - Text '687 Farmer Ridges' is set on object 'Object Repository/Employee-Onboarding/Employee_Contact_Details/Page_OrangeHRM/input_Street 1_oxd-input oxd-input--focus'

27-12-2024T09:42:28 - [TEST_STEP][PASSED] - setText(findTestObject("Object Repository/Employee-Onboarding/Employee_Contact_Details/Page_OrangeHRM/input_Street 2_oxd-input oxd-input--active"), Street2): Text 'Apt. 421' is set on object 'Object Repository/Employee-Onboarding/Employee_Contact_Details/Page_OrangeHRM/input_Street 2_oxd-input oxd-input--active'

27-12-2024T09:42:29 - [MESSAGE][PASSED] - Text 'Apt. 421' is set on object 'Object Repository/Employee-Onboarding/Employee_Contact_Details/Page_OrangeHRM/input_Street 2_oxd-input oxd-input--active'

27-12-2024T09:42:29 - [TEST_STEP][PASSED] - setText(findTestObject("Object Repository/Employee-Onboarding/Employee_Contact_Details/Page_OrangeHRM/input_City_oxd-input oxd-input--active"), City): Text 'Mariaville' is set on object 'Object Repository/Employee-Onboarding/Employee_Contact_Details/Page_OrangeHRM/input_City_oxd-input oxd-input--active'

27-12-2024T09:42:29 - [MESSAGE][PASSED] - Text 'Mariaville' is set on object 'Object Repository/Employee-Onboarding/Employee_Contact_Details/Page_OrangeHRM/input_City_oxd-input oxd-input--active'

27-12-2024T09:42:29 - [TEST_STEP][PASSED] - setText(findTestObject("Object Repository/Employee-Onboarding/Employee_Contact_Details/Page_OrangeHRM/input_StateProvince_oxd-input oxd-input--active"), State): Text 'Kentucky' is set on object 'Object Repository/Employee-Onboarding/Employee_Contact_Details/Page_OrangeHRM/input_StateProvince_oxd-input oxd-input--active'

27-12-2024T09:42:30 - [MESSAGE][PASSED] - Text 'Kentucky' is set on object 'Object Repository/Employee-Onboarding/Employee_Contact_Details/Page_OrangeHRM/input_StateProvince_oxd-input oxd-input--active'

27-12-2024T09:42:30 - [TEST_STEP][PASSED] - setText(findTestObject("Object Repository/Employee-Onboarding/Employee_Contact_Details/Page_OrangeHRM/input_ZipPostal Code_oxd-input oxd-input--active"), ZipCode): Text '19073' is set on object 'Object Repository/Employee-Onboarding/Employee_Contact_Details/Page_OrangeHRM/input_ZipPostal Code_oxd-input oxd-input--active'

27-12-2024T09:42:30 - [MESSAGE][PASSED] - Text '19073' is set on object 'Object Repository/Employee-Onboarding/Employee_Contact_Details/Page_OrangeHRM/input_ZipPostal Code_oxd-input oxd-input--active'

27-12-2024T09:42:30 - [TEST_STEP][PASSED] - click(findTestObject("Object Repository/Employee-Onboarding/Employee_Contact_Details/Page_OrangeHRM/i_-- Select --_oxd-icon bi-caret-up-fill ox_627fec")): Object: 'Object Repository/Employee-Onboarding/Employee_Contact_Details/Page_OrangeHRM/i_-- Select --_oxd-icon bi-caret-up-fill ox_627fec' is clicked on

27-12-2024T09:42:30 - [MESSAGE][PASSED] - Object: 'Object Repository/Employee-Onboarding/Employee_Contact_Details/Page_OrangeHRM/i_-- Select --_oxd-icon bi-caret-up-fill ox_627fec' is clicked on

27-12-2024T09:42:30 - [TEST_STEP][PASSED] - click(findTestObject("Employee-Onboarding/Employee_Salary_Detail_Objects/Page_OrangeHRM/custom_object_for_dropdown", ["value":Country])): Object: 'Object Repository/Employee-Onboarding/Employee_Salary_Detail_Objects/Page_OrangeHRM/custom_object_for_dropdown' is clicked on

27-12-2024T09:42:31 - [MESSAGE][PASSED] - Object: 'Object Repository/Employee-Onboarding/Employee_Salary_Detail_Objects/Page_OrangeHRM/custom_object_for_dropdown' is clicked on

27-12-2024T09:42:31 - [TEST_STEP][PASSED] - setText(findTestObject("Object Repository/Employee-Onboarding/Employee_Contact_Details/Page_OrangeHRM/input_Home_oxd-input oxd-input--focus"), Tel_Home): Text '410-964-8725' is set on object 'Object Repository/Employee-Onboarding/Employee_Contact_Details/Page_OrangeHRM/input_Home_oxd-input oxd-input--focus'

27-12-2024T09:42:32 - [MESSAGE][PASSED] - Text '410-964-8725' is set on object 'Object Repository/Employee-Onboarding/Employee_Contact_Details/Page_OrangeHRM/input_Home_oxd-input oxd-input--focus'

27-12-2024T09:42:32 - [TEST_STEP][PASSED] - setText(findTestObject("Object Repository/Employee-Onboarding/Employee_Contact_Details/Page_OrangeHRM/input_Mobile_oxd-input oxd-input--focus"), Tell_Mobile): Text '664-773-9123' is set on object 'Object Repository/Employee-Onboarding/Employee_Contact_Details/Page_OrangeHRM/input_Mobile_oxd-input oxd-input--focus'

27-12-2024T09:42:32 - [MESSAGE][PASSED] - Text '664-773-9123' is set on object 'Object Repository/Employee-Onboarding/Employee_Contact_Details/Page_OrangeHRM/input_Mobile_oxd-input oxd-input--focus'

27-12-2024T09:42:32 - [TEST_STEP][PASSED] - setText(findTestObject("Object Repository/Employee-Onboarding/Employee_Contact_Details/Page_OrangeHRM/input_Work_oxd-input oxd-input--focus"), Tel_Work): Text '692-710-5027' is set on object 'Object Repository/Employee-Onboarding/Employee_Contact_Details/Page_OrangeHRM/input_Work_oxd-input oxd-input--focus'

27-12-2024T09:42:33 - [MESSAGE][PASSED] - Text '692-710-5027' is set on object 'Object Repository/Employee-Onboarding/Employee_Contact_Details/Page_OrangeHRM/input_Work_oxd-input oxd-input--focus'

27-12-2024T09:42:33 - [TEST_STEP][PASSED] - setText(findTestObject("Object Repository/Employee-Onboarding/Employee_Contact_Details/Page_OrangeHRM/input_Work Email_oxd-input oxd-input--active"), Email_Work): Text 'david.jackson@rollins-thompson.net' is set on object 'Object Repository/Employee-Onboarding/Employee_Contact_Details/Page_OrangeHRM/input_Work Email_oxd-input oxd-input--active'

27-12-2024T09:42:33 - [MESSAGE][PASSED] - Text 'david.jackson@rollins-thompson.net' is set on object 'Object Repository/Employee-Onboarding/Employee_Contact_Details/Page_OrangeHRM/input_Work Email_oxd-input oxd-input--active'

27-12-2024T09:42:33 - [TEST_STEP][PASSED] - setText(findTestObject("Object Repository/Employee-Onboarding/Employee_Contact_Details/Page_OrangeHRM/input_Other Email_oxd-input oxd-input--focu_8ec2d9"), Email_Other): Text 'david.jackson@fakeplace.net' is set on object 'Object Repository/Employee-Onboarding/Employee_Contact_Details/Page_OrangeHRM/input_Other Email_oxd-input oxd-input--focu_8ec2d9'

27-12-2024T09:42:35 - [MESSAGE][PASSED] - Text 'david.jackson@fakeplace.net' is set on object 'Object Repository/Employee-Onboarding/Employee_Contact_Details/Page_OrangeHRM/input_Other Email_oxd-input oxd-input--focu_8ec2d9'

27-12-2024T09:42:35 - [TEST_STEP][PASSED] - click(findTestObject("Object Repository/Employee-Onboarding/Employee_Contact_Details/Page_OrangeHRM/button_Save")): Object: 'Object Repository/Employee-Onboarding/Employee_Contact_Details/Page_OrangeHRM/button_Save' is clicked on

27-12-2024T09:42:35 - [MESSAGE][PASSED] - Object: 'Object Repository/Employee-Onboarding/Employee_Contact_Details/Page_OrangeHRM/button_Save' is clicked on]]></system-out>
         <system-err><![CDATA[]]></system-err>
      </testcase>
      <testcase name="Test Cases/Employee_Onboarding/TC_Employee_Contact_Details" time="19.623" classname="Test Cases/Employee_Onboarding/TC_Employee_Contact_Details" status="PASSED">
         <system-out><![CDATA[27-12-2024T09:42:35 - [TEST_CASE][PASSED] - Test Cases/Employee_Onboarding/TC_Employee_Contact_Details: Test Cases/Employee_Onboarding/TC_Employee_Contact_Details

27-12-2024T09:42:35 - [TEST_STEP][PASSED] - click(findTestObject("Object Repository/Employee-Onboarding/Employee_Contact_Details/Page_OrangeHRM/a_PIM")): Object: 'Object Repository/Employee-Onboarding/Employee_Contact_Details/Page_OrangeHRM/a_PIM' is clicked on

27-12-2024T09:42:37 - [MESSAGE][PASSED] - Object: 'Object Repository/Employee-Onboarding/Employee_Contact_Details/Page_OrangeHRM/a_PIM' is clicked on

27-12-2024T09:42:37 - [TEST_STEP][PASSED] - setText(findTestObject("Object Repository/Employee-Onboarding/Employee_Contact_Details/Page_OrangeHRM/input"), Fullname): Text 'Sarah Zhang' is set on object 'Object Repository/Employee-Onboarding/Employee_Contact_Details/Page_OrangeHRM/input'

27-12-2024T09:42:40 - [MESSAGE][PASSED] - Text 'Sarah Zhang' is set on object 'Object Repository/Employee-Onboarding/Employee_Contact_Details/Page_OrangeHRM/input'

27-12-2024T09:42:40 - [TEST_STEP][PASSED] - click(findTestObject("Object Repository/Employee-Onboarding/Employee_Contact_Details/Page_OrangeHRM/button_Search")): Object: 'Object Repository/Employee-Onboarding/Employee_Contact_Details/Page_OrangeHRM/button_Search' is clicked on

27-12-2024T09:42:40 - [MESSAGE][PASSED] - Object: 'Object Repository/Employee-Onboarding/Employee_Contact_Details/Page_OrangeHRM/button_Search' is clicked on

27-12-2024T09:42:40 - [TEST_STEP][PASSED] - click(findTestObject("Object Repository/Employee-Onboarding/Employee_Contact_Details/Page_OrangeHRM/div_Actions_oxd-table-cell oxd-padding-cell")): Object: 'Object Repository/Employee-Onboarding/Employee_Contact_Details/Page_OrangeHRM/div_Actions_oxd-table-cell oxd-padding-cell' is clicked on

27-12-2024T09:42:42 - [MESSAGE][PASSED] - Object: 'Object Repository/Employee-Onboarding/Employee_Contact_Details/Page_OrangeHRM/div_Actions_oxd-table-cell oxd-padding-cell' is clicked on

27-12-2024T09:42:42 - [TEST_STEP][PASSED] - click(findTestObject("Object Repository/Employee-Onboarding/Employee_Contact_Details/Page_OrangeHRM/a_Contact Details")): Object: 'Object Repository/Employee-Onboarding/Employee_Contact_Details/Page_OrangeHRM/a_Contact Details' is clicked on

27-12-2024T09:42:46 - [MESSAGE][PASSED] - Object: 'Object Repository/Employee-Onboarding/Employee_Contact_Details/Page_OrangeHRM/a_Contact Details' is clicked on

27-12-2024T09:42:46 - [TEST_STEP][PASSED] - setText(findTestObject("Object Repository/Employee-Onboarding/Employee_Contact_Details/Page_OrangeHRM/input_Street 1_oxd-input oxd-input--focus"), Street1): Text '99549 Hanson Shores Suite 804' is set on object 'Object Repository/Employee-Onboarding/Employee_Contact_Details/Page_OrangeHRM/input_Street 1_oxd-input oxd-input--focus'

27-12-2024T09:42:48 - [MESSAGE][PASSED] - Text '99549 Hanson Shores Suite 804' is set on object 'Object Repository/Employee-Onboarding/Employee_Contact_Details/Page_OrangeHRM/input_Street 1_oxd-input oxd-input--focus'

27-12-2024T09:42:48 - [TEST_STEP][PASSED] - setText(findTestObject("Object Repository/Employee-Onboarding/Employee_Contact_Details/Page_OrangeHRM/input_Street 2_oxd-input oxd-input--active"), Street2): Text 'Apt. 383' is set on object 'Object Repository/Employee-Onboarding/Employee_Contact_Details/Page_OrangeHRM/input_Street 2_oxd-input oxd-input--active'

27-12-2024T09:42:49 - [MESSAGE][PASSED] - Text 'Apt. 383' is set on object 'Object Repository/Employee-Onboarding/Employee_Contact_Details/Page_OrangeHRM/input_Street 2_oxd-input oxd-input--active'

27-12-2024T09:42:49 - [TEST_STEP][PASSED] - setText(findTestObject("Object Repository/Employee-Onboarding/Employee_Contact_Details/Page_OrangeHRM/input_City_oxd-input oxd-input--active"), City): Text 'West Jonbury' is set on object 'Object Repository/Employee-Onboarding/Employee_Contact_Details/Page_OrangeHRM/input_City_oxd-input oxd-input--active'

27-12-2024T09:42:49 - [MESSAGE][PASSED] - Text 'West Jonbury' is set on object 'Object Repository/Employee-Onboarding/Employee_Contact_Details/Page_OrangeHRM/input_City_oxd-input oxd-input--active'

27-12-2024T09:42:49 - [TEST_STEP][PASSED] - setText(findTestObject("Object Repository/Employee-Onboarding/Employee_Contact_Details/Page_OrangeHRM/input_StateProvince_oxd-input oxd-input--active"), State): Text 'California' is set on object 'Object Repository/Employee-Onboarding/Employee_Contact_Details/Page_OrangeHRM/input_StateProvince_oxd-input oxd-input--active'

27-12-2024T09:42:50 - [MESSAGE][PASSED] - Text 'California' is set on object 'Object Repository/Employee-Onboarding/Employee_Contact_Details/Page_OrangeHRM/input_StateProvince_oxd-input oxd-input--active'

27-12-2024T09:42:50 - [TEST_STEP][PASSED] - setText(findTestObject("Object Repository/Employee-Onboarding/Employee_Contact_Details/Page_OrangeHRM/input_ZipPostal Code_oxd-input oxd-input--active"), ZipCode): Text '59768' is set on object 'Object Repository/Employee-Onboarding/Employee_Contact_Details/Page_OrangeHRM/input_ZipPostal Code_oxd-input oxd-input--active'

27-12-2024T09:42:50 - [MESSAGE][PASSED] - Text '59768' is set on object 'Object Repository/Employee-Onboarding/Employee_Contact_Details/Page_OrangeHRM/input_ZipPostal Code_oxd-input oxd-input--active'

27-12-2024T09:42:50 - [TEST_STEP][PASSED] - click(findTestObject("Object Repository/Employee-Onboarding/Employee_Contact_Details/Page_OrangeHRM/i_-- Select --_oxd-icon bi-caret-up-fill ox_627fec")): Object: 'Object Repository/Employee-Onboarding/Employee_Contact_Details/Page_OrangeHRM/i_-- Select --_oxd-icon bi-caret-up-fill ox_627fec' is clicked on

27-12-2024T09:42:50 - [MESSAGE][PASSED] - Object: 'Object Repository/Employee-Onboarding/Employee_Contact_Details/Page_OrangeHRM/i_-- Select --_oxd-icon bi-caret-up-fill ox_627fec' is clicked on

27-12-2024T09:42:50 - [TEST_STEP][PASSED] - click(findTestObject("Employee-Onboarding/Employee_Salary_Detail_Objects/Page_OrangeHRM/custom_object_for_dropdown", ["value":Country])): Object: 'Object Repository/Employee-Onboarding/Employee_Salary_Detail_Objects/Page_OrangeHRM/custom_object_for_dropdown' is clicked on

27-12-2024T09:42:51 - [MESSAGE][PASSED] - Object: 'Object Repository/Employee-Onboarding/Employee_Salary_Detail_Objects/Page_OrangeHRM/custom_object_for_dropdown' is clicked on

27-12-2024T09:42:51 - [TEST_STEP][PASSED] - setText(findTestObject("Object Repository/Employee-Onboarding/Employee_Contact_Details/Page_OrangeHRM/input_Home_oxd-input oxd-input--focus"), Tel_Home): Text '981-245-7630' is set on object 'Object Repository/Employee-Onboarding/Employee_Contact_Details/Page_OrangeHRM/input_Home_oxd-input oxd-input--focus'

27-12-2024T09:42:51 - [MESSAGE][PASSED] - Text '981-245-7630' is set on object 'Object Repository/Employee-Onboarding/Employee_Contact_Details/Page_OrangeHRM/input_Home_oxd-input oxd-input--focus'

27-12-2024T09:42:51 - [TEST_STEP][PASSED] - setText(findTestObject("Object Repository/Employee-Onboarding/Employee_Contact_Details/Page_OrangeHRM/input_Mobile_oxd-input oxd-input--focus"), Tell_Mobile): Text '(474)853-7271' is set on object 'Object Repository/Employee-Onboarding/Employee_Contact_Details/Page_OrangeHRM/input_Mobile_oxd-input oxd-input--focus'

27-12-2024T09:42:52 - [MESSAGE][PASSED] - Text '(474)853-7271' is set on object 'Object Repository/Employee-Onboarding/Employee_Contact_Details/Page_OrangeHRM/input_Mobile_oxd-input oxd-input--focus'

27-12-2024T09:42:52 - [TEST_STEP][PASSED] - setText(findTestObject("Object Repository/Employee-Onboarding/Employee_Contact_Details/Page_OrangeHRM/input_Work_oxd-input oxd-input--focus"), Tel_Work): Text '(520)996-1707' is set on object 'Object Repository/Employee-Onboarding/Employee_Contact_Details/Page_OrangeHRM/input_Work_oxd-input oxd-input--focus'

27-12-2024T09:42:52 - [MESSAGE][PASSED] - Text '(520)996-1707' is set on object 'Object Repository/Employee-Onboarding/Employee_Contact_Details/Page_OrangeHRM/input_Work_oxd-input oxd-input--focus'

27-12-2024T09:42:52 - [TEST_STEP][PASSED] - setText(findTestObject("Object Repository/Employee-Onboarding/Employee_Contact_Details/Page_OrangeHRM/input_Work Email_oxd-input oxd-input--active"), Email_Work): Text 'sarah.zhang@reynolds-lloyd.com' is set on object 'Object Repository/Employee-Onboarding/Employee_Contact_Details/Page_OrangeHRM/input_Work Email_oxd-input oxd-input--active'

27-12-2024T09:42:53 - [MESSAGE][PASSED] - Text 'sarah.zhang@reynolds-lloyd.com' is set on object 'Object Repository/Employee-Onboarding/Employee_Contact_Details/Page_OrangeHRM/input_Work Email_oxd-input oxd-input--active'

27-12-2024T09:42:53 - [TEST_STEP][PASSED] - setText(findTestObject("Object Repository/Employee-Onboarding/Employee_Contact_Details/Page_OrangeHRM/input_Other Email_oxd-input oxd-input--focu_8ec2d9"), Email_Other): Text 'sarah.zhang@mockmailbox.net' is set on object 'Object Repository/Employee-Onboarding/Employee_Contact_Details/Page_OrangeHRM/input_Other Email_oxd-input oxd-input--focu_8ec2d9'

27-12-2024T09:42:55 - [MESSAGE][PASSED] - Text 'sarah.zhang@mockmailbox.net' is set on object 'Object Repository/Employee-Onboarding/Employee_Contact_Details/Page_OrangeHRM/input_Other Email_oxd-input oxd-input--focu_8ec2d9'

27-12-2024T09:42:55 - [TEST_STEP][PASSED] - click(findTestObject("Object Repository/Employee-Onboarding/Employee_Contact_Details/Page_OrangeHRM/button_Save")): Object: 'Object Repository/Employee-Onboarding/Employee_Contact_Details/Page_OrangeHRM/button_Save' is clicked on

27-12-2024T09:42:55 - [MESSAGE][PASSED] - Object: 'Object Repository/Employee-Onboarding/Employee_Contact_Details/Page_OrangeHRM/button_Save' is clicked on]]></system-out>
         <system-err><![CDATA[]]></system-err>
      </testcase>
      <testcase name="Test Cases/Employee_Onboarding/TC_Employee_Contact_Details" time="18.42" classname="Test Cases/Employee_Onboarding/TC_Employee_Contact_Details" status="PASSED">
         <system-out><![CDATA[27-12-2024T09:42:55 - [TEST_CASE][PASSED] - Test Cases/Employee_Onboarding/TC_Employee_Contact_Details: Test Cases/Employee_Onboarding/TC_Employee_Contact_Details

27-12-2024T09:42:55 - [TEST_STEP][PASSED] - click(findTestObject("Object Repository/Employee-Onboarding/Employee_Contact_Details/Page_OrangeHRM/a_PIM")): Object: 'Object Repository/Employee-Onboarding/Employee_Contact_Details/Page_OrangeHRM/a_PIM' is clicked on

27-12-2024T09:42:56 - [MESSAGE][PASSED] - Object: 'Object Repository/Employee-Onboarding/Employee_Contact_Details/Page_OrangeHRM/a_PIM' is clicked on

27-12-2024T09:42:56 - [TEST_STEP][PASSED] - setText(findTestObject("Object Repository/Employee-Onboarding/Employee_Contact_Details/Page_OrangeHRM/input"), Fullname): Text 'Rick King' is set on object 'Object Repository/Employee-Onboarding/Employee_Contact_Details/Page_OrangeHRM/input'

27-12-2024T09:42:58 - [MESSAGE][PASSED] - Text 'Rick King' is set on object 'Object Repository/Employee-Onboarding/Employee_Contact_Details/Page_OrangeHRM/input'

27-12-2024T09:42:58 - [TEST_STEP][PASSED] - click(findTestObject("Object Repository/Employee-Onboarding/Employee_Contact_Details/Page_OrangeHRM/button_Search")): Object: 'Object Repository/Employee-Onboarding/Employee_Contact_Details/Page_OrangeHRM/button_Search' is clicked on

27-12-2024T09:42:59 - [MESSAGE][PASSED] - Object: 'Object Repository/Employee-Onboarding/Employee_Contact_Details/Page_OrangeHRM/button_Search' is clicked on

27-12-2024T09:42:59 - [TEST_STEP][PASSED] - click(findTestObject("Object Repository/Employee-Onboarding/Employee_Contact_Details/Page_OrangeHRM/div_Actions_oxd-table-cell oxd-padding-cell")): Object: 'Object Repository/Employee-Onboarding/Employee_Contact_Details/Page_OrangeHRM/div_Actions_oxd-table-cell oxd-padding-cell' is clicked on

27-12-2024T09:43:01 - [MESSAGE][PASSED] - Object: 'Object Repository/Employee-Onboarding/Employee_Contact_Details/Page_OrangeHRM/div_Actions_oxd-table-cell oxd-padding-cell' is clicked on

27-12-2024T09:43:01 - [TEST_STEP][PASSED] - click(findTestObject("Object Repository/Employee-Onboarding/Employee_Contact_Details/Page_OrangeHRM/a_Contact Details")): Object: 'Object Repository/Employee-Onboarding/Employee_Contact_Details/Page_OrangeHRM/a_Contact Details' is clicked on

27-12-2024T09:43:04 - [MESSAGE][PASSED] - Object: 'Object Repository/Employee-Onboarding/Employee_Contact_Details/Page_OrangeHRM/a_Contact Details' is clicked on

27-12-2024T09:43:04 - [TEST_STEP][PASSED] - setText(findTestObject("Object Repository/Employee-Onboarding/Employee_Contact_Details/Page_OrangeHRM/input_Street 1_oxd-input oxd-input--focus"), Street1): Text '72242 Davidson Burg' is set on object 'Object Repository/Employee-Onboarding/Employee_Contact_Details/Page_OrangeHRM/input_Street 1_oxd-input oxd-input--focus'

27-12-2024T09:43:06 - [MESSAGE][PASSED] - Text '72242 Davidson Burg' is set on object 'Object Repository/Employee-Onboarding/Employee_Contact_Details/Page_OrangeHRM/input_Street 1_oxd-input oxd-input--focus'

27-12-2024T09:43:06 - [TEST_STEP][PASSED] - setText(findTestObject("Object Repository/Employee-Onboarding/Employee_Contact_Details/Page_OrangeHRM/input_Street 2_oxd-input oxd-input--active"), Street2): Text 'Apt. 165' is set on object 'Object Repository/Employee-Onboarding/Employee_Contact_Details/Page_OrangeHRM/input_Street 2_oxd-input oxd-input--active'

27-12-2024T09:43:07 - [MESSAGE][PASSED] - Text 'Apt. 165' is set on object 'Object Repository/Employee-Onboarding/Employee_Contact_Details/Page_OrangeHRM/input_Street 2_oxd-input oxd-input--active'

27-12-2024T09:43:07 - [TEST_STEP][PASSED] - setText(findTestObject("Object Repository/Employee-Onboarding/Employee_Contact_Details/Page_OrangeHRM/input_City_oxd-input oxd-input--active"), City): Text 'Hudsonchester' is set on object 'Object Repository/Employee-Onboarding/Employee_Contact_Details/Page_OrangeHRM/input_City_oxd-input oxd-input--active'

27-12-2024T09:43:07 - [MESSAGE][PASSED] - Text 'Hudsonchester' is set on object 'Object Repository/Employee-Onboarding/Employee_Contact_Details/Page_OrangeHRM/input_City_oxd-input oxd-input--active'

27-12-2024T09:43:07 - [TEST_STEP][PASSED] - setText(findTestObject("Object Repository/Employee-Onboarding/Employee_Contact_Details/Page_OrangeHRM/input_StateProvince_oxd-input oxd-input--active"), State): Text 'Hawaii' is set on object 'Object Repository/Employee-Onboarding/Employee_Contact_Details/Page_OrangeHRM/input_StateProvince_oxd-input oxd-input--active'

27-12-2024T09:43:08 - [MESSAGE][PASSED] - Text 'Hawaii' is set on object 'Object Repository/Employee-Onboarding/Employee_Contact_Details/Page_OrangeHRM/input_StateProvince_oxd-input oxd-input--active'

27-12-2024T09:43:08 - [TEST_STEP][PASSED] - setText(findTestObject("Object Repository/Employee-Onboarding/Employee_Contact_Details/Page_OrangeHRM/input_ZipPostal Code_oxd-input oxd-input--active"), ZipCode): Text '70514' is set on object 'Object Repository/Employee-Onboarding/Employee_Contact_Details/Page_OrangeHRM/input_ZipPostal Code_oxd-input oxd-input--active'

27-12-2024T09:43:08 - [MESSAGE][PASSED] - Text '70514' is set on object 'Object Repository/Employee-Onboarding/Employee_Contact_Details/Page_OrangeHRM/input_ZipPostal Code_oxd-input oxd-input--active'

27-12-2024T09:43:08 - [TEST_STEP][PASSED] - click(findTestObject("Object Repository/Employee-Onboarding/Employee_Contact_Details/Page_OrangeHRM/i_-- Select --_oxd-icon bi-caret-up-fill ox_627fec")): Object: 'Object Repository/Employee-Onboarding/Employee_Contact_Details/Page_OrangeHRM/i_-- Select --_oxd-icon bi-caret-up-fill ox_627fec' is clicked on

27-12-2024T09:43:09 - [MESSAGE][PASSED] - Object: 'Object Repository/Employee-Onboarding/Employee_Contact_Details/Page_OrangeHRM/i_-- Select --_oxd-icon bi-caret-up-fill ox_627fec' is clicked on

27-12-2024T09:43:09 - [TEST_STEP][PASSED] - click(findTestObject("Employee-Onboarding/Employee_Salary_Detail_Objects/Page_OrangeHRM/custom_object_for_dropdown", ["value":Country])): Object: 'Object Repository/Employee-Onboarding/Employee_Salary_Detail_Objects/Page_OrangeHRM/custom_object_for_dropdown' is clicked on

27-12-2024T09:43:09 - [MESSAGE][PASSED] - Object: 'Object Repository/Employee-Onboarding/Employee_Salary_Detail_Objects/Page_OrangeHRM/custom_object_for_dropdown' is clicked on

27-12-2024T09:43:09 - [TEST_STEP][PASSED] - setText(findTestObject("Object Repository/Employee-Onboarding/Employee_Contact_Details/Page_OrangeHRM/input_Home_oxd-input oxd-input--focus"), Tel_Home): Text '403-672-1289' is set on object 'Object Repository/Employee-Onboarding/Employee_Contact_Details/Page_OrangeHRM/input_Home_oxd-input oxd-input--focus'

27-12-2024T09:43:10 - [MESSAGE][PASSED] - Text '403-672-1289' is set on object 'Object Repository/Employee-Onboarding/Employee_Contact_Details/Page_OrangeHRM/input_Home_oxd-input oxd-input--focus'

27-12-2024T09:43:10 - [TEST_STEP][PASSED] - setText(findTestObject("Object Repository/Employee-Onboarding/Employee_Contact_Details/Page_OrangeHRM/input_Mobile_oxd-input oxd-input--focus"), Tell_Mobile): Text '001-885-218-5373' is set on object 'Object Repository/Employee-Onboarding/Employee_Contact_Details/Page_OrangeHRM/input_Mobile_oxd-input oxd-input--focus'

27-12-2024T09:43:10 - [MESSAGE][PASSED] - Text '001-885-218-5373' is set on object 'Object Repository/Employee-Onboarding/Employee_Contact_Details/Page_OrangeHRM/input_Mobile_oxd-input oxd-input--focus'

27-12-2024T09:43:10 - [TEST_STEP][PASSED] - setText(findTestObject("Object Repository/Employee-Onboarding/Employee_Contact_Details/Page_OrangeHRM/input_Work_oxd-input oxd-input--focus"), Tel_Work): Text '806-834-0571' is set on object 'Object Repository/Employee-Onboarding/Employee_Contact_Details/Page_OrangeHRM/input_Work_oxd-input oxd-input--focus'

27-12-2024T09:43:11 - [MESSAGE][PASSED] - Text '806-834-0571' is set on object 'Object Repository/Employee-Onboarding/Employee_Contact_Details/Page_OrangeHRM/input_Work_oxd-input oxd-input--focus'

27-12-2024T09:43:11 - [TEST_STEP][PASSED] - setText(findTestObject("Object Repository/Employee-Onboarding/Employee_Contact_Details/Page_OrangeHRM/input_Work Email_oxd-input oxd-input--active"), Email_Work): Text 'rick.king@austin-moore.com' is set on object 'Object Repository/Employee-Onboarding/Employee_Contact_Details/Page_OrangeHRM/input_Work Email_oxd-input oxd-input--active'

27-12-2024T09:43:11 - [MESSAGE][PASSED] - Text 'rick.king@austin-moore.com' is set on object 'Object Repository/Employee-Onboarding/Employee_Contact_Details/Page_OrangeHRM/input_Work Email_oxd-input oxd-input--active'

27-12-2024T09:43:11 - [TEST_STEP][PASSED] - setText(findTestObject("Object Repository/Employee-Onboarding/Employee_Contact_Details/Page_OrangeHRM/input_Other Email_oxd-input oxd-input--focu_8ec2d9"), Email_Other): Text 'rick.king@placeholderaccounts.com' is set on object 'Object Repository/Employee-Onboarding/Employee_Contact_Details/Page_OrangeHRM/input_Other Email_oxd-input oxd-input--focu_8ec2d9'

27-12-2024T09:43:13 - [MESSAGE][PASSED] - Text 'rick.king@placeholderaccounts.com' is set on object 'Object Repository/Employee-Onboarding/Employee_Contact_Details/Page_OrangeHRM/input_Other Email_oxd-input oxd-input--focu_8ec2d9'

27-12-2024T09:43:13 - [TEST_STEP][PASSED] - click(findTestObject("Object Repository/Employee-Onboarding/Employee_Contact_Details/Page_OrangeHRM/button_Save")): Object: 'Object Repository/Employee-Onboarding/Employee_Contact_Details/Page_OrangeHRM/button_Save' is clicked on

27-12-2024T09:43:13 - [MESSAGE][PASSED] - Object: 'Object Repository/Employee-Onboarding/Employee_Contact_Details/Page_OrangeHRM/button_Save' is clicked on]]></system-out>
         <system-err><![CDATA[]]></system-err>
      </testcase>
      <testcase name="Test Cases/Employee_Onboarding/TC_Employee_Contact_Details" time="18.251" classname="Test Cases/Employee_Onboarding/TC_Employee_Contact_Details" status="PASSED">
         <system-out><![CDATA[27-12-2024T09:43:13 - [TEST_CASE][PASSED] - Test Cases/Employee_Onboarding/TC_Employee_Contact_Details: Test Cases/Employee_Onboarding/TC_Employee_Contact_Details

27-12-2024T09:43:13 - [TEST_STEP][PASSED] - click(findTestObject("Object Repository/Employee-Onboarding/Employee_Contact_Details/Page_OrangeHRM/a_PIM")): Object: 'Object Repository/Employee-Onboarding/Employee_Contact_Details/Page_OrangeHRM/a_PIM' is clicked on

27-12-2024T09:43:15 - [MESSAGE][PASSED] - Object: 'Object Repository/Employee-Onboarding/Employee_Contact_Details/Page_OrangeHRM/a_PIM' is clicked on

27-12-2024T09:43:15 - [TEST_STEP][PASSED] - setText(findTestObject("Object Repository/Employee-Onboarding/Employee_Contact_Details/Page_OrangeHRM/input"), Fullname): Text 'Leslie Phelps' is set on object 'Object Repository/Employee-Onboarding/Employee_Contact_Details/Page_OrangeHRM/input'

27-12-2024T09:43:17 - [MESSAGE][PASSED] - Text 'Leslie Phelps' is set on object 'Object Repository/Employee-Onboarding/Employee_Contact_Details/Page_OrangeHRM/input'

27-12-2024T09:43:17 - [TEST_STEP][PASSED] - click(findTestObject("Object Repository/Employee-Onboarding/Employee_Contact_Details/Page_OrangeHRM/button_Search")): Object: 'Object Repository/Employee-Onboarding/Employee_Contact_Details/Page_OrangeHRM/button_Search' is clicked on

27-12-2024T09:43:18 - [MESSAGE][PASSED] - Object: 'Object Repository/Employee-Onboarding/Employee_Contact_Details/Page_OrangeHRM/button_Search' is clicked on

27-12-2024T09:43:18 - [TEST_STEP][PASSED] - click(findTestObject("Object Repository/Employee-Onboarding/Employee_Contact_Details/Page_OrangeHRM/div_Actions_oxd-table-cell oxd-padding-cell")): Object: 'Object Repository/Employee-Onboarding/Employee_Contact_Details/Page_OrangeHRM/div_Actions_oxd-table-cell oxd-padding-cell' is clicked on

27-12-2024T09:43:19 - [MESSAGE][PASSED] - Object: 'Object Repository/Employee-Onboarding/Employee_Contact_Details/Page_OrangeHRM/div_Actions_oxd-table-cell oxd-padding-cell' is clicked on

27-12-2024T09:43:19 - [TEST_STEP][PASSED] - click(findTestObject("Object Repository/Employee-Onboarding/Employee_Contact_Details/Page_OrangeHRM/a_Contact Details")): Object: 'Object Repository/Employee-Onboarding/Employee_Contact_Details/Page_OrangeHRM/a_Contact Details' is clicked on

27-12-2024T09:43:22 - [MESSAGE][PASSED] - Object: 'Object Repository/Employee-Onboarding/Employee_Contact_Details/Page_OrangeHRM/a_Contact Details' is clicked on

27-12-2024T09:43:22 - [TEST_STEP][PASSED] - setText(findTestObject("Object Repository/Employee-Onboarding/Employee_Contact_Details/Page_OrangeHRM/input_Street 1_oxd-input oxd-input--focus"), Street1): Text '4468 Paul Terrace' is set on object 'Object Repository/Employee-Onboarding/Employee_Contact_Details/Page_OrangeHRM/input_Street 1_oxd-input oxd-input--focus'

27-12-2024T09:43:25 - [MESSAGE][PASSED] - Text '4468 Paul Terrace' is set on object 'Object Repository/Employee-Onboarding/Employee_Contact_Details/Page_OrangeHRM/input_Street 1_oxd-input oxd-input--focus'

27-12-2024T09:43:25 - [TEST_STEP][PASSED] - setText(findTestObject("Object Repository/Employee-Onboarding/Employee_Contact_Details/Page_OrangeHRM/input_Street 2_oxd-input oxd-input--active"), Street2): Text 'Suite 660' is set on object 'Object Repository/Employee-Onboarding/Employee_Contact_Details/Page_OrangeHRM/input_Street 2_oxd-input oxd-input--active'

27-12-2024T09:43:25 - [MESSAGE][PASSED] - Text 'Suite 660' is set on object 'Object Repository/Employee-Onboarding/Employee_Contact_Details/Page_OrangeHRM/input_Street 2_oxd-input oxd-input--active'

27-12-2024T09:43:25 - [TEST_STEP][PASSED] - setText(findTestObject("Object Repository/Employee-Onboarding/Employee_Contact_Details/Page_OrangeHRM/input_City_oxd-input oxd-input--active"), City): Text 'South Lindaberg' is set on object 'Object Repository/Employee-Onboarding/Employee_Contact_Details/Page_OrangeHRM/input_City_oxd-input oxd-input--active'

27-12-2024T09:43:26 - [MESSAGE][PASSED] - Text 'South Lindaberg' is set on object 'Object Repository/Employee-Onboarding/Employee_Contact_Details/Page_OrangeHRM/input_City_oxd-input oxd-input--active'

27-12-2024T09:43:26 - [TEST_STEP][PASSED] - setText(findTestObject("Object Repository/Employee-Onboarding/Employee_Contact_Details/Page_OrangeHRM/input_StateProvince_oxd-input oxd-input--active"), State): Text 'Pennsylvania' is set on object 'Object Repository/Employee-Onboarding/Employee_Contact_Details/Page_OrangeHRM/input_StateProvince_oxd-input oxd-input--active'

27-12-2024T09:43:26 - [MESSAGE][PASSED] - Text 'Pennsylvania' is set on object 'Object Repository/Employee-Onboarding/Employee_Contact_Details/Page_OrangeHRM/input_StateProvince_oxd-input oxd-input--active'

27-12-2024T09:43:26 - [TEST_STEP][PASSED] - setText(findTestObject("Object Repository/Employee-Onboarding/Employee_Contact_Details/Page_OrangeHRM/input_ZipPostal Code_oxd-input oxd-input--active"), ZipCode): Text '10222' is set on object 'Object Repository/Employee-Onboarding/Employee_Contact_Details/Page_OrangeHRM/input_ZipPostal Code_oxd-input oxd-input--active'

27-12-2024T09:43:27 - [MESSAGE][PASSED] - Text '10222' is set on object 'Object Repository/Employee-Onboarding/Employee_Contact_Details/Page_OrangeHRM/input_ZipPostal Code_oxd-input oxd-input--active'

27-12-2024T09:43:27 - [TEST_STEP][PASSED] - click(findTestObject("Object Repository/Employee-Onboarding/Employee_Contact_Details/Page_OrangeHRM/i_-- Select --_oxd-icon bi-caret-up-fill ox_627fec")): Object: 'Object Repository/Employee-Onboarding/Employee_Contact_Details/Page_OrangeHRM/i_-- Select --_oxd-icon bi-caret-up-fill ox_627fec' is clicked on

27-12-2024T09:43:27 - [MESSAGE][PASSED] - Object: 'Object Repository/Employee-Onboarding/Employee_Contact_Details/Page_OrangeHRM/i_-- Select --_oxd-icon bi-caret-up-fill ox_627fec' is clicked on

27-12-2024T09:43:27 - [TEST_STEP][PASSED] - click(findTestObject("Employee-Onboarding/Employee_Salary_Detail_Objects/Page_OrangeHRM/custom_object_for_dropdown", ["value":Country])): Object: 'Object Repository/Employee-Onboarding/Employee_Salary_Detail_Objects/Page_OrangeHRM/custom_object_for_dropdown' is clicked on

27-12-2024T09:43:27 - [MESSAGE][PASSED] - Object: 'Object Repository/Employee-Onboarding/Employee_Salary_Detail_Objects/Page_OrangeHRM/custom_object_for_dropdown' is clicked on

27-12-2024T09:43:27 - [TEST_STEP][PASSED] - setText(findTestObject("Object Repository/Employee-Onboarding/Employee_Contact_Details/Page_OrangeHRM/input_Home_oxd-input oxd-input--focus"), Tel_Home): Text '451-827-3945' is set on object 'Object Repository/Employee-Onboarding/Employee_Contact_Details/Page_OrangeHRM/input_Home_oxd-input oxd-input--focus'

27-12-2024T09:43:28 - [MESSAGE][PASSED] - Text '451-827-3945' is set on object 'Object Repository/Employee-Onboarding/Employee_Contact_Details/Page_OrangeHRM/input_Home_oxd-input oxd-input--focus'

27-12-2024T09:43:28 - [TEST_STEP][PASSED] - setText(findTestObject("Object Repository/Employee-Onboarding/Employee_Contact_Details/Page_OrangeHRM/input_Mobile_oxd-input oxd-input--focus"), Tell_Mobile): Text '625-539-8531' is set on object 'Object Repository/Employee-Onboarding/Employee_Contact_Details/Page_OrangeHRM/input_Mobile_oxd-input oxd-input--focus'

27-12-2024T09:43:29 - [MESSAGE][PASSED] - Text '625-539-8531' is set on object 'Object Repository/Employee-Onboarding/Employee_Contact_Details/Page_OrangeHRM/input_Mobile_oxd-input oxd-input--focus'

27-12-2024T09:43:29 - [TEST_STEP][PASSED] - setText(findTestObject("Object Repository/Employee-Onboarding/Employee_Contact_Details/Page_OrangeHRM/input_Work_oxd-input oxd-input--focus"), Tel_Work): Text '202-746-9874' is set on object 'Object Repository/Employee-Onboarding/Employee_Contact_Details/Page_OrangeHRM/input_Work_oxd-input oxd-input--focus'

27-12-2024T09:43:29 - [MESSAGE][PASSED] - Text '202-746-9874' is set on object 'Object Repository/Employee-Onboarding/Employee_Contact_Details/Page_OrangeHRM/input_Work_oxd-input oxd-input--focus'

27-12-2024T09:43:29 - [TEST_STEP][PASSED] - setText(findTestObject("Object Repository/Employee-Onboarding/Employee_Contact_Details/Page_OrangeHRM/input_Work Email_oxd-input oxd-input--active"), Email_Work): Text 'leslie.phelps@francis-arellano.com' is set on object 'Object Repository/Employee-Onboarding/Employee_Contact_Details/Page_OrangeHRM/input_Work Email_oxd-input oxd-input--active'

27-12-2024T09:43:30 - [MESSAGE][PASSED] - Text 'leslie.phelps@francis-arellano.com' is set on object 'Object Repository/Employee-Onboarding/Employee_Contact_Details/Page_OrangeHRM/input_Work Email_oxd-input oxd-input--active'

27-12-2024T09:43:30 - [TEST_STEP][PASSED] - setText(findTestObject("Object Repository/Employee-Onboarding/Employee_Contact_Details/Page_OrangeHRM/input_Other Email_oxd-input oxd-input--focu_8ec2d9"), Email_Other): Text 'leslie.phelps@webdummyzones.org' is set on object 'Object Repository/Employee-Onboarding/Employee_Contact_Details/Page_OrangeHRM/input_Other Email_oxd-input oxd-input--focu_8ec2d9'

27-12-2024T09:43:31 - [MESSAGE][PASSED] - Text 'leslie.phelps@webdummyzones.org' is set on object 'Object Repository/Employee-Onboarding/Employee_Contact_Details/Page_OrangeHRM/input_Other Email_oxd-input oxd-input--focu_8ec2d9'

27-12-2024T09:43:31 - [TEST_STEP][PASSED] - click(findTestObject("Object Repository/Employee-Onboarding/Employee_Contact_Details/Page_OrangeHRM/button_Save")): Object: 'Object Repository/Employee-Onboarding/Employee_Contact_Details/Page_OrangeHRM/button_Save' is clicked on

27-12-2024T09:43:32 - [MESSAGE][PASSED] - Object: 'Object Repository/Employee-Onboarding/Employee_Contact_Details/Page_OrangeHRM/button_Save' is clicked on]]></system-out>
         <system-err><![CDATA[]]></system-err>
      </testcase>
      <testcase name="Test Cases/Employee_Onboarding/TC_Employee_Contact_Details" time="19.211" classname="Test Cases/Employee_Onboarding/TC_Employee_Contact_Details" status="PASSED">
         <system-out><![CDATA[27-12-2024T09:43:32 - [TEST_CASE][PASSED] - Test Cases/Employee_Onboarding/TC_Employee_Contact_Details: Test Cases/Employee_Onboarding/TC_Employee_Contact_Details

27-12-2024T09:43:32 - [TEST_STEP][PASSED] - click(findTestObject("Object Repository/Employee-Onboarding/Employee_Contact_Details/Page_OrangeHRM/a_PIM")): Object: 'Object Repository/Employee-Onboarding/Employee_Contact_Details/Page_OrangeHRM/a_PIM' is clicked on

27-12-2024T09:43:33 - [MESSAGE][PASSED] - Object: 'Object Repository/Employee-Onboarding/Employee_Contact_Details/Page_OrangeHRM/a_PIM' is clicked on

27-12-2024T09:43:33 - [TEST_STEP][PASSED] - setText(findTestObject("Object Repository/Employee-Onboarding/Employee_Contact_Details/Page_OrangeHRM/input"), Fullname): Text 'Dominique Davis' is set on object 'Object Repository/Employee-Onboarding/Employee_Contact_Details/Page_OrangeHRM/input'

27-12-2024T09:43:35 - [MESSAGE][PASSED] - Text 'Dominique Davis' is set on object 'Object Repository/Employee-Onboarding/Employee_Contact_Details/Page_OrangeHRM/input'

27-12-2024T09:43:35 - [TEST_STEP][PASSED] - click(findTestObject("Object Repository/Employee-Onboarding/Employee_Contact_Details/Page_OrangeHRM/button_Search")): Object: 'Object Repository/Employee-Onboarding/Employee_Contact_Details/Page_OrangeHRM/button_Search' is clicked on

27-12-2024T09:43:36 - [MESSAGE][PASSED] - Object: 'Object Repository/Employee-Onboarding/Employee_Contact_Details/Page_OrangeHRM/button_Search' is clicked on

27-12-2024T09:43:36 - [TEST_STEP][PASSED] - click(findTestObject("Object Repository/Employee-Onboarding/Employee_Contact_Details/Page_OrangeHRM/div_Actions_oxd-table-cell oxd-padding-cell")): Object: 'Object Repository/Employee-Onboarding/Employee_Contact_Details/Page_OrangeHRM/div_Actions_oxd-table-cell oxd-padding-cell' is clicked on

27-12-2024T09:43:38 - [MESSAGE][PASSED] - Object: 'Object Repository/Employee-Onboarding/Employee_Contact_Details/Page_OrangeHRM/div_Actions_oxd-table-cell oxd-padding-cell' is clicked on

27-12-2024T09:43:38 - [TEST_STEP][PASSED] - click(findTestObject("Object Repository/Employee-Onboarding/Employee_Contact_Details/Page_OrangeHRM/a_Contact Details")): Object: 'Object Repository/Employee-Onboarding/Employee_Contact_Details/Page_OrangeHRM/a_Contact Details' is clicked on

27-12-2024T09:43:41 - [MESSAGE][PASSED] - Object: 'Object Repository/Employee-Onboarding/Employee_Contact_Details/Page_OrangeHRM/a_Contact Details' is clicked on

27-12-2024T09:43:41 - [TEST_STEP][PASSED] - setText(findTestObject("Object Repository/Employee-Onboarding/Employee_Contact_Details/Page_OrangeHRM/input_Street 1_oxd-input oxd-input--focus"), Street1): Text '3609 Stone Island' is set on object 'Object Repository/Employee-Onboarding/Employee_Contact_Details/Page_OrangeHRM/input_Street 1_oxd-input oxd-input--focus'

27-12-2024T09:43:43 - [MESSAGE][PASSED] - Text '3609 Stone Island' is set on object 'Object Repository/Employee-Onboarding/Employee_Contact_Details/Page_OrangeHRM/input_Street 1_oxd-input oxd-input--focus'

27-12-2024T09:43:43 - [TEST_STEP][PASSED] - setText(findTestObject("Object Repository/Employee-Onboarding/Employee_Contact_Details/Page_OrangeHRM/input_Street 2_oxd-input oxd-input--active"), Street2): Text 'Suite 876' is set on object 'Object Repository/Employee-Onboarding/Employee_Contact_Details/Page_OrangeHRM/input_Street 2_oxd-input oxd-input--active'

27-12-2024T09:43:44 - [MESSAGE][PASSED] - Text 'Suite 876' is set on object 'Object Repository/Employee-Onboarding/Employee_Contact_Details/Page_OrangeHRM/input_Street 2_oxd-input oxd-input--active'

27-12-2024T09:43:44 - [TEST_STEP][PASSED] - setText(findTestObject("Object Repository/Employee-Onboarding/Employee_Contact_Details/Page_OrangeHRM/input_City_oxd-input oxd-input--active"), City): Text 'South Carrieside' is set on object 'Object Repository/Employee-Onboarding/Employee_Contact_Details/Page_OrangeHRM/input_City_oxd-input oxd-input--active'

27-12-2024T09:43:44 - [MESSAGE][PASSED] - Text 'South Carrieside' is set on object 'Object Repository/Employee-Onboarding/Employee_Contact_Details/Page_OrangeHRM/input_City_oxd-input oxd-input--active'

27-12-2024T09:43:44 - [TEST_STEP][PASSED] - setText(findTestObject("Object Repository/Employee-Onboarding/Employee_Contact_Details/Page_OrangeHRM/input_StateProvince_oxd-input oxd-input--active"), State): Text 'North Carolina' is set on object 'Object Repository/Employee-Onboarding/Employee_Contact_Details/Page_OrangeHRM/input_StateProvince_oxd-input oxd-input--active'

27-12-2024T09:43:45 - [MESSAGE][PASSED] - Text 'North Carolina' is set on object 'Object Repository/Employee-Onboarding/Employee_Contact_Details/Page_OrangeHRM/input_StateProvince_oxd-input oxd-input--active'

27-12-2024T09:43:45 - [TEST_STEP][PASSED] - setText(findTestObject("Object Repository/Employee-Onboarding/Employee_Contact_Details/Page_OrangeHRM/input_ZipPostal Code_oxd-input oxd-input--active"), ZipCode): Text '89734' is set on object 'Object Repository/Employee-Onboarding/Employee_Contact_Details/Page_OrangeHRM/input_ZipPostal Code_oxd-input oxd-input--active'

27-12-2024T09:43:45 - [MESSAGE][PASSED] - Text '89734' is set on object 'Object Repository/Employee-Onboarding/Employee_Contact_Details/Page_OrangeHRM/input_ZipPostal Code_oxd-input oxd-input--active'

27-12-2024T09:43:45 - [TEST_STEP][PASSED] - click(findTestObject("Object Repository/Employee-Onboarding/Employee_Contact_Details/Page_OrangeHRM/i_-- Select --_oxd-icon bi-caret-up-fill ox_627fec")): Object: 'Object Repository/Employee-Onboarding/Employee_Contact_Details/Page_OrangeHRM/i_-- Select --_oxd-icon bi-caret-up-fill ox_627fec' is clicked on

27-12-2024T09:43:45 - [MESSAGE][PASSED] - Object: 'Object Repository/Employee-Onboarding/Employee_Contact_Details/Page_OrangeHRM/i_-- Select --_oxd-icon bi-caret-up-fill ox_627fec' is clicked on

27-12-2024T09:43:45 - [TEST_STEP][PASSED] - click(findTestObject("Employee-Onboarding/Employee_Salary_Detail_Objects/Page_OrangeHRM/custom_object_for_dropdown", ["value":Country])): Object: 'Object Repository/Employee-Onboarding/Employee_Salary_Detail_Objects/Page_OrangeHRM/custom_object_for_dropdown' is clicked on

27-12-2024T09:43:46 - [MESSAGE][PASSED] - Object: 'Object Repository/Employee-Onboarding/Employee_Salary_Detail_Objects/Page_OrangeHRM/custom_object_for_dropdown' is clicked on

27-12-2024T09:43:46 - [TEST_STEP][PASSED] - setText(findTestObject("Object Repository/Employee-Onboarding/Employee_Contact_Details/Page_OrangeHRM/input_Home_oxd-input oxd-input--focus"), Tel_Home): Text '601-482-7643' is set on object 'Object Repository/Employee-Onboarding/Employee_Contact_Details/Page_OrangeHRM/input_Home_oxd-input oxd-input--focus'

27-12-2024T09:43:47 - [MESSAGE][PASSED] - Text '601-482-7643' is set on object 'Object Repository/Employee-Onboarding/Employee_Contact_Details/Page_OrangeHRM/input_Home_oxd-input oxd-input--focus'

27-12-2024T09:43:47 - [TEST_STEP][PASSED] - setText(findTestObject("Object Repository/Employee-Onboarding/Employee_Contact_Details/Page_OrangeHRM/input_Mobile_oxd-input oxd-input--focus"), Tell_Mobile): Text '625-539-8531' is set on object 'Object Repository/Employee-Onboarding/Employee_Contact_Details/Page_OrangeHRM/input_Mobile_oxd-input oxd-input--focus'

27-12-2024T09:43:47 - [MESSAGE][PASSED] - Text '625-539-8531' is set on object 'Object Repository/Employee-Onboarding/Employee_Contact_Details/Page_OrangeHRM/input_Mobile_oxd-input oxd-input--focus'

27-12-2024T09:43:47 - [TEST_STEP][PASSED] - setText(findTestObject("Object Repository/Employee-Onboarding/Employee_Contact_Details/Page_OrangeHRM/input_Work_oxd-input oxd-input--focus"), Tel_Work): Text '401-875-1098' is set on object 'Object Repository/Employee-Onboarding/Employee_Contact_Details/Page_OrangeHRM/input_Work_oxd-input oxd-input--focus'

27-12-2024T09:43:48 - [MESSAGE][PASSED] - Text '401-875-1098' is set on object 'Object Repository/Employee-Onboarding/Employee_Contact_Details/Page_OrangeHRM/input_Work_oxd-input oxd-input--focus'

27-12-2024T09:43:48 - [TEST_STEP][PASSED] - setText(findTestObject("Object Repository/Employee-Onboarding/Employee_Contact_Details/Page_OrangeHRM/input_Work Email_oxd-input oxd-input--active"), Email_Work): Text 'dominique.davis@bailey.net' is set on object 'Object Repository/Employee-Onboarding/Employee_Contact_Details/Page_OrangeHRM/input_Work Email_oxd-input oxd-input--active'

27-12-2024T09:43:48 - [MESSAGE][PASSED] - Text 'dominique.davis@bailey.net' is set on object 'Object Repository/Employee-Onboarding/Employee_Contact_Details/Page_OrangeHRM/input_Work Email_oxd-input oxd-input--active'

27-12-2024T09:43:48 - [TEST_STEP][PASSED] - setText(findTestObject("Object Repository/Employee-Onboarding/Employee_Contact_Details/Page_OrangeHRM/input_Other Email_oxd-input oxd-input--focu_8ec2d9"), Email_Other): Text 'dominique.davis@trialzone.net' is set on object 'Object Repository/Employee-Onboarding/Employee_Contact_Details/Page_OrangeHRM/input_Other Email_oxd-input oxd-input--focu_8ec2d9'

27-12-2024T09:43:50 - [MESSAGE][PASSED] - Text 'dominique.davis@trialzone.net' is set on object 'Object Repository/Employee-Onboarding/Employee_Contact_Details/Page_OrangeHRM/input_Other Email_oxd-input oxd-input--focu_8ec2d9'

27-12-2024T09:43:50 - [TEST_STEP][PASSED] - click(findTestObject("Object Repository/Employee-Onboarding/Employee_Contact_Details/Page_OrangeHRM/button_Save")): Object: 'Object Repository/Employee-Onboarding/Employee_Contact_Details/Page_OrangeHRM/button_Save' is clicked on

27-12-2024T09:43:51 - [MESSAGE][PASSED] - Object: 'Object Repository/Employee-Onboarding/Employee_Contact_Details/Page_OrangeHRM/button_Save' is clicked on]]></system-out>
         <system-err><![CDATA[]]></system-err>
      </testcase>
      <testcase name="Test Cases/Employee_Onboarding/TC_Employee_Contact_Details" time="18.871" classname="Test Cases/Employee_Onboarding/TC_Employee_Contact_Details" status="PASSED">
         <system-out><![CDATA[27-12-2024T09:43:51 - [TEST_CASE][PASSED] - Test Cases/Employee_Onboarding/TC_Employee_Contact_Details: Test Cases/Employee_Onboarding/TC_Employee_Contact_Details

27-12-2024T09:43:51 - [TEST_STEP][PASSED] - click(findTestObject("Object Repository/Employee-Onboarding/Employee_Contact_Details/Page_OrangeHRM/a_PIM")): Object: 'Object Repository/Employee-Onboarding/Employee_Contact_Details/Page_OrangeHRM/a_PIM' is clicked on

27-12-2024T09:43:52 - [MESSAGE][PASSED] - Object: 'Object Repository/Employee-Onboarding/Employee_Contact_Details/Page_OrangeHRM/a_PIM' is clicked on

27-12-2024T09:43:52 - [TEST_STEP][PASSED] - setText(findTestObject("Object Repository/Employee-Onboarding/Employee_Contact_Details/Page_OrangeHRM/input"), Fullname): Text 'Richard Miranda' is set on object 'Object Repository/Employee-Onboarding/Employee_Contact_Details/Page_OrangeHRM/input'

27-12-2024T09:43:55 - [MESSAGE][PASSED] - Text 'Richard Miranda' is set on object 'Object Repository/Employee-Onboarding/Employee_Contact_Details/Page_OrangeHRM/input'

27-12-2024T09:43:55 - [TEST_STEP][PASSED] - click(findTestObject("Object Repository/Employee-Onboarding/Employee_Contact_Details/Page_OrangeHRM/button_Search")): Object: 'Object Repository/Employee-Onboarding/Employee_Contact_Details/Page_OrangeHRM/button_Search' is clicked on

27-12-2024T09:43:55 - [MESSAGE][PASSED] - Object: 'Object Repository/Employee-Onboarding/Employee_Contact_Details/Page_OrangeHRM/button_Search' is clicked on

27-12-2024T09:43:55 - [TEST_STEP][PASSED] - click(findTestObject("Object Repository/Employee-Onboarding/Employee_Contact_Details/Page_OrangeHRM/div_Actions_oxd-table-cell oxd-padding-cell")): Object: 'Object Repository/Employee-Onboarding/Employee_Contact_Details/Page_OrangeHRM/div_Actions_oxd-table-cell oxd-padding-cell' is clicked on

27-12-2024T09:43:57 - [MESSAGE][PASSED] - Object: 'Object Repository/Employee-Onboarding/Employee_Contact_Details/Page_OrangeHRM/div_Actions_oxd-table-cell oxd-padding-cell' is clicked on

27-12-2024T09:43:57 - [TEST_STEP][PASSED] - click(findTestObject("Object Repository/Employee-Onboarding/Employee_Contact_Details/Page_OrangeHRM/a_Contact Details")): Object: 'Object Repository/Employee-Onboarding/Employee_Contact_Details/Page_OrangeHRM/a_Contact Details' is clicked on

27-12-2024T09:44:00 - [MESSAGE][PASSED] - Object: 'Object Repository/Employee-Onboarding/Employee_Contact_Details/Page_OrangeHRM/a_Contact Details' is clicked on

27-12-2024T09:44:00 - [TEST_STEP][PASSED] - setText(findTestObject("Object Repository/Employee-Onboarding/Employee_Contact_Details/Page_OrangeHRM/input_Street 1_oxd-input oxd-input--focus"), Street1): Text '40570 Robinson Lane Suite 938' is set on object 'Object Repository/Employee-Onboarding/Employee_Contact_Details/Page_OrangeHRM/input_Street 1_oxd-input oxd-input--focus'

27-12-2024T09:44:03 - [MESSAGE][PASSED] - Text '40570 Robinson Lane Suite 938' is set on object 'Object Repository/Employee-Onboarding/Employee_Contact_Details/Page_OrangeHRM/input_Street 1_oxd-input oxd-input--focus'

27-12-2024T09:44:03 - [TEST_STEP][PASSED] - setText(findTestObject("Object Repository/Employee-Onboarding/Employee_Contact_Details/Page_OrangeHRM/input_Street 2_oxd-input oxd-input--active"), Street2): Text 'Apt. 926' is set on object 'Object Repository/Employee-Onboarding/Employee_Contact_Details/Page_OrangeHRM/input_Street 2_oxd-input oxd-input--active'

27-12-2024T09:44:03 - [MESSAGE][PASSED] - Text 'Apt. 926' is set on object 'Object Repository/Employee-Onboarding/Employee_Contact_Details/Page_OrangeHRM/input_Street 2_oxd-input oxd-input--active'

27-12-2024T09:44:03 - [TEST_STEP][PASSED] - setText(findTestObject("Object Repository/Employee-Onboarding/Employee_Contact_Details/Page_OrangeHRM/input_City_oxd-input oxd-input--active"), City): Text 'Gomeztown' is set on object 'Object Repository/Employee-Onboarding/Employee_Contact_Details/Page_OrangeHRM/input_City_oxd-input oxd-input--active'

27-12-2024T09:44:04 - [MESSAGE][PASSED] - Text 'Gomeztown' is set on object 'Object Repository/Employee-Onboarding/Employee_Contact_Details/Page_OrangeHRM/input_City_oxd-input oxd-input--active'

27-12-2024T09:44:04 - [TEST_STEP][PASSED] - setText(findTestObject("Object Repository/Employee-Onboarding/Employee_Contact_Details/Page_OrangeHRM/input_StateProvince_oxd-input oxd-input--active"), State): Text 'Oregon' is set on object 'Object Repository/Employee-Onboarding/Employee_Contact_Details/Page_OrangeHRM/input_StateProvince_oxd-input oxd-input--active'

27-12-2024T09:44:04 - [MESSAGE][PASSED] - Text 'Oregon' is set on object 'Object Repository/Employee-Onboarding/Employee_Contact_Details/Page_OrangeHRM/input_StateProvince_oxd-input oxd-input--active'

27-12-2024T09:44:04 - [TEST_STEP][PASSED] - setText(findTestObject("Object Repository/Employee-Onboarding/Employee_Contact_Details/Page_OrangeHRM/input_ZipPostal Code_oxd-input oxd-input--active"), ZipCode): Text '1494' is set on object 'Object Repository/Employee-Onboarding/Employee_Contact_Details/Page_OrangeHRM/input_ZipPostal Code_oxd-input oxd-input--active'

27-12-2024T09:44:05 - [MESSAGE][PASSED] - Text '1494' is set on object 'Object Repository/Employee-Onboarding/Employee_Contact_Details/Page_OrangeHRM/input_ZipPostal Code_oxd-input oxd-input--active'

27-12-2024T09:44:05 - [TEST_STEP][PASSED] - click(findTestObject("Object Repository/Employee-Onboarding/Employee_Contact_Details/Page_OrangeHRM/i_-- Select --_oxd-icon bi-caret-up-fill ox_627fec")): Object: 'Object Repository/Employee-Onboarding/Employee_Contact_Details/Page_OrangeHRM/i_-- Select --_oxd-icon bi-caret-up-fill ox_627fec' is clicked on

27-12-2024T09:44:05 - [MESSAGE][PASSED] - Object: 'Object Repository/Employee-Onboarding/Employee_Contact_Details/Page_OrangeHRM/i_-- Select --_oxd-icon bi-caret-up-fill ox_627fec' is clicked on

27-12-2024T09:44:05 - [TEST_STEP][PASSED] - click(findTestObject("Employee-Onboarding/Employee_Salary_Detail_Objects/Page_OrangeHRM/custom_object_for_dropdown", ["value":Country])): Object: 'Object Repository/Employee-Onboarding/Employee_Salary_Detail_Objects/Page_OrangeHRM/custom_object_for_dropdown' is clicked on

27-12-2024T09:44:05 - [MESSAGE][PASSED] - Object: 'Object Repository/Employee-Onboarding/Employee_Salary_Detail_Objects/Page_OrangeHRM/custom_object_for_dropdown' is clicked on

27-12-2024T09:44:05 - [TEST_STEP][PASSED] - setText(findTestObject("Object Repository/Employee-Onboarding/Employee_Contact_Details/Page_OrangeHRM/input_Home_oxd-input oxd-input--focus"), Tel_Home): Text '510-483-9285' is set on object 'Object Repository/Employee-Onboarding/Employee_Contact_Details/Page_OrangeHRM/input_Home_oxd-input oxd-input--focus'

27-12-2024T09:44:06 - [MESSAGE][PASSED] - Text '510-483-9285' is set on object 'Object Repository/Employee-Onboarding/Employee_Contact_Details/Page_OrangeHRM/input_Home_oxd-input oxd-input--focus'

27-12-2024T09:44:06 - [TEST_STEP][PASSED] - setText(findTestObject("Object Repository/Employee-Onboarding/Employee_Contact_Details/Page_OrangeHRM/input_Mobile_oxd-input oxd-input--focus"), Tell_Mobile): Text '001-269-534-4250' is set on object 'Object Repository/Employee-Onboarding/Employee_Contact_Details/Page_OrangeHRM/input_Mobile_oxd-input oxd-input--focus'

27-12-2024T09:44:07 - [MESSAGE][PASSED] - Text '001-269-534-4250' is set on object 'Object Repository/Employee-Onboarding/Employee_Contact_Details/Page_OrangeHRM/input_Mobile_oxd-input oxd-input--focus'

27-12-2024T09:44:07 - [TEST_STEP][PASSED] - setText(findTestObject("Object Repository/Employee-Onboarding/Employee_Contact_Details/Page_OrangeHRM/input_Work_oxd-input oxd-input--focus"), Tel_Work): Text '204-893-6741' is set on object 'Object Repository/Employee-Onboarding/Employee_Contact_Details/Page_OrangeHRM/input_Work_oxd-input oxd-input--focus'

27-12-2024T09:44:07 - [MESSAGE][PASSED] - Text '204-893-6741' is set on object 'Object Repository/Employee-Onboarding/Employee_Contact_Details/Page_OrangeHRM/input_Work_oxd-input oxd-input--focus'

27-12-2024T09:44:07 - [TEST_STEP][PASSED] - setText(findTestObject("Object Repository/Employee-Onboarding/Employee_Contact_Details/Page_OrangeHRM/input_Work Email_oxd-input oxd-input--active"), Email_Work): Text 'richard.miranda@kelley.com' is set on object 'Object Repository/Employee-Onboarding/Employee_Contact_Details/Page_OrangeHRM/input_Work Email_oxd-input oxd-input--active'

27-12-2024T09:44:07 - [MESSAGE][PASSED] - Text 'richard.miranda@kelley.com' is set on object 'Object Repository/Employee-Onboarding/Employee_Contact_Details/Page_OrangeHRM/input_Work Email_oxd-input oxd-input--active'

27-12-2024T09:44:07 - [TEST_STEP][PASSED] - setText(findTestObject("Object Repository/Employee-Onboarding/Employee_Contact_Details/Page_OrangeHRM/input_Other Email_oxd-input oxd-input--focu_8ec2d9"), Email_Other): Text 'richard.miranda@simulmailbox.net' is set on object 'Object Repository/Employee-Onboarding/Employee_Contact_Details/Page_OrangeHRM/input_Other Email_oxd-input oxd-input--focu_8ec2d9'

27-12-2024T09:44:09 - [MESSAGE][PASSED] - Text 'richard.miranda@simulmailbox.net' is set on object 'Object Repository/Employee-Onboarding/Employee_Contact_Details/Page_OrangeHRM/input_Other Email_oxd-input oxd-input--focu_8ec2d9'

27-12-2024T09:44:09 - [TEST_STEP][PASSED] - click(findTestObject("Object Repository/Employee-Onboarding/Employee_Contact_Details/Page_OrangeHRM/button_Save")): Object: 'Object Repository/Employee-Onboarding/Employee_Contact_Details/Page_OrangeHRM/button_Save' is clicked on

27-12-2024T09:44:10 - [MESSAGE][PASSED] - Object: 'Object Repository/Employee-Onboarding/Employee_Contact_Details/Page_OrangeHRM/button_Save' is clicked on]]></system-out>
         <system-err><![CDATA[]]></system-err>
      </testcase>
      <testcase name="Test Cases/Employee_Onboarding/TC_Employee_Contact_Details" time="17.723" classname="Test Cases/Employee_Onboarding/TC_Employee_Contact_Details" status="PASSED">
         <system-out><![CDATA[27-12-2024T09:44:10 - [TEST_CASE][PASSED] - Test Cases/Employee_Onboarding/TC_Employee_Contact_Details: Test Cases/Employee_Onboarding/TC_Employee_Contact_Details

27-12-2024T09:44:10 - [TEST_STEP][PASSED] - click(findTestObject("Object Repository/Employee-Onboarding/Employee_Contact_Details/Page_OrangeHRM/a_PIM")): Object: 'Object Repository/Employee-Onboarding/Employee_Contact_Details/Page_OrangeHRM/a_PIM' is clicked on

27-12-2024T09:44:11 - [MESSAGE][PASSED] - Object: 'Object Repository/Employee-Onboarding/Employee_Contact_Details/Page_OrangeHRM/a_PIM' is clicked on

27-12-2024T09:44:11 - [TEST_STEP][PASSED] - setText(findTestObject("Object Repository/Employee-Onboarding/Employee_Contact_Details/Page_OrangeHRM/input"), Fullname): Text 'Jaime Ferguson' is set on object 'Object Repository/Employee-Onboarding/Employee_Contact_Details/Page_OrangeHRM/input'

27-12-2024T09:44:13 - [MESSAGE][PASSED] - Text 'Jaime Ferguson' is set on object 'Object Repository/Employee-Onboarding/Employee_Contact_Details/Page_OrangeHRM/input'

27-12-2024T09:44:13 - [TEST_STEP][PASSED] - click(findTestObject("Object Repository/Employee-Onboarding/Employee_Contact_Details/Page_OrangeHRM/button_Search")): Object: 'Object Repository/Employee-Onboarding/Employee_Contact_Details/Page_OrangeHRM/button_Search' is clicked on

27-12-2024T09:44:14 - [MESSAGE][PASSED] - Object: 'Object Repository/Employee-Onboarding/Employee_Contact_Details/Page_OrangeHRM/button_Search' is clicked on

27-12-2024T09:44:14 - [TEST_STEP][PASSED] - click(findTestObject("Object Repository/Employee-Onboarding/Employee_Contact_Details/Page_OrangeHRM/div_Actions_oxd-table-cell oxd-padding-cell")): Object: 'Object Repository/Employee-Onboarding/Employee_Contact_Details/Page_OrangeHRM/div_Actions_oxd-table-cell oxd-padding-cell' is clicked on

27-12-2024T09:44:15 - [MESSAGE][PASSED] - Object: 'Object Repository/Employee-Onboarding/Employee_Contact_Details/Page_OrangeHRM/div_Actions_oxd-table-cell oxd-padding-cell' is clicked on

27-12-2024T09:44:15 - [TEST_STEP][PASSED] - click(findTestObject("Object Repository/Employee-Onboarding/Employee_Contact_Details/Page_OrangeHRM/a_Contact Details")): Object: 'Object Repository/Employee-Onboarding/Employee_Contact_Details/Page_OrangeHRM/a_Contact Details' is clicked on

27-12-2024T09:44:18 - [MESSAGE][PASSED] - Object: 'Object Repository/Employee-Onboarding/Employee_Contact_Details/Page_OrangeHRM/a_Contact Details' is clicked on

27-12-2024T09:44:18 - [TEST_STEP][PASSED] - setText(findTestObject("Object Repository/Employee-Onboarding/Employee_Contact_Details/Page_OrangeHRM/input_Street 1_oxd-input oxd-input--focus"), Street1): Text '62982 Perez Canyon Suite 014' is set on object 'Object Repository/Employee-Onboarding/Employee_Contact_Details/Page_OrangeHRM/input_Street 1_oxd-input oxd-input--focus'

27-12-2024T09:44:20 - [MESSAGE][PASSED] - Text '62982 Perez Canyon Suite 014' is set on object 'Object Repository/Employee-Onboarding/Employee_Contact_Details/Page_OrangeHRM/input_Street 1_oxd-input oxd-input--focus'

27-12-2024T09:44:20 - [TEST_STEP][PASSED] - setText(findTestObject("Object Repository/Employee-Onboarding/Employee_Contact_Details/Page_OrangeHRM/input_Street 2_oxd-input oxd-input--active"), Street2): Text 'Suite 093' is set on object 'Object Repository/Employee-Onboarding/Employee_Contact_Details/Page_OrangeHRM/input_Street 2_oxd-input oxd-input--active'

27-12-2024T09:44:21 - [MESSAGE][PASSED] - Text 'Suite 093' is set on object 'Object Repository/Employee-Onboarding/Employee_Contact_Details/Page_OrangeHRM/input_Street 2_oxd-input oxd-input--active'

27-12-2024T09:44:21 - [TEST_STEP][PASSED] - setText(findTestObject("Object Repository/Employee-Onboarding/Employee_Contact_Details/Page_OrangeHRM/input_City_oxd-input oxd-input--active"), City): Text 'Brownport' is set on object 'Object Repository/Employee-Onboarding/Employee_Contact_Details/Page_OrangeHRM/input_City_oxd-input oxd-input--active'

27-12-2024T09:44:21 - [MESSAGE][PASSED] - Text 'Brownport' is set on object 'Object Repository/Employee-Onboarding/Employee_Contact_Details/Page_OrangeHRM/input_City_oxd-input oxd-input--active'

27-12-2024T09:44:21 - [TEST_STEP][PASSED] - setText(findTestObject("Object Repository/Employee-Onboarding/Employee_Contact_Details/Page_OrangeHRM/input_StateProvince_oxd-input oxd-input--active"), State): Text 'North Dakota' is set on object 'Object Repository/Employee-Onboarding/Employee_Contact_Details/Page_OrangeHRM/input_StateProvince_oxd-input oxd-input--active'

27-12-2024T09:44:22 - [MESSAGE][PASSED] - Text 'North Dakota' is set on object 'Object Repository/Employee-Onboarding/Employee_Contact_Details/Page_OrangeHRM/input_StateProvince_oxd-input oxd-input--active'

27-12-2024T09:44:22 - [TEST_STEP][PASSED] - setText(findTestObject("Object Repository/Employee-Onboarding/Employee_Contact_Details/Page_OrangeHRM/input_ZipPostal Code_oxd-input oxd-input--active"), ZipCode): Text '1150' is set on object 'Object Repository/Employee-Onboarding/Employee_Contact_Details/Page_OrangeHRM/input_ZipPostal Code_oxd-input oxd-input--active'

27-12-2024T09:44:22 - [MESSAGE][PASSED] - Text '1150' is set on object 'Object Repository/Employee-Onboarding/Employee_Contact_Details/Page_OrangeHRM/input_ZipPostal Code_oxd-input oxd-input--active'

27-12-2024T09:44:22 - [TEST_STEP][PASSED] - click(findTestObject("Object Repository/Employee-Onboarding/Employee_Contact_Details/Page_OrangeHRM/i_-- Select --_oxd-icon bi-caret-up-fill ox_627fec")): Object: 'Object Repository/Employee-Onboarding/Employee_Contact_Details/Page_OrangeHRM/i_-- Select --_oxd-icon bi-caret-up-fill ox_627fec' is clicked on

27-12-2024T09:44:23 - [MESSAGE][PASSED] - Object: 'Object Repository/Employee-Onboarding/Employee_Contact_Details/Page_OrangeHRM/i_-- Select --_oxd-icon bi-caret-up-fill ox_627fec' is clicked on

27-12-2024T09:44:23 - [TEST_STEP][PASSED] - click(findTestObject("Employee-Onboarding/Employee_Salary_Detail_Objects/Page_OrangeHRM/custom_object_for_dropdown", ["value":Country])): Object: 'Object Repository/Employee-Onboarding/Employee_Salary_Detail_Objects/Page_OrangeHRM/custom_object_for_dropdown' is clicked on

27-12-2024T09:44:23 - [MESSAGE][PASSED] - Object: 'Object Repository/Employee-Onboarding/Employee_Salary_Detail_Objects/Page_OrangeHRM/custom_object_for_dropdown' is clicked on

27-12-2024T09:44:23 - [TEST_STEP][PASSED] - setText(findTestObject("Object Repository/Employee-Onboarding/Employee_Contact_Details/Page_OrangeHRM/input_Home_oxd-input oxd-input--focus"), Tel_Home): Text '437-928-6715' is set on object 'Object Repository/Employee-Onboarding/Employee_Contact_Details/Page_OrangeHRM/input_Home_oxd-input oxd-input--focus'

27-12-2024T09:44:24 - [MESSAGE][PASSED] - Text '437-928-6715' is set on object 'Object Repository/Employee-Onboarding/Employee_Contact_Details/Page_OrangeHRM/input_Home_oxd-input oxd-input--focus'

27-12-2024T09:44:24 - [TEST_STEP][PASSED] - setText(findTestObject("Object Repository/Employee-Onboarding/Employee_Contact_Details/Page_OrangeHRM/input_Mobile_oxd-input oxd-input--focus"), Tell_Mobile): Text '625-539-8531' is set on object 'Object Repository/Employee-Onboarding/Employee_Contact_Details/Page_OrangeHRM/input_Mobile_oxd-input oxd-input--focus'

27-12-2024T09:44:24 - [MESSAGE][PASSED] - Text '625-539-8531' is set on object 'Object Repository/Employee-Onboarding/Employee_Contact_Details/Page_OrangeHRM/input_Mobile_oxd-input oxd-input--focus'

27-12-2024T09:44:24 - [TEST_STEP][PASSED] - setText(findTestObject("Object Repository/Employee-Onboarding/Employee_Contact_Details/Page_OrangeHRM/input_Work_oxd-input oxd-input--focus"), Tel_Work): Text '876-983-1212' is set on object 'Object Repository/Employee-Onboarding/Employee_Contact_Details/Page_OrangeHRM/input_Work_oxd-input oxd-input--focus'

27-12-2024T09:44:25 - [MESSAGE][PASSED] - Text '876-983-1212' is set on object 'Object Repository/Employee-Onboarding/Employee_Contact_Details/Page_OrangeHRM/input_Work_oxd-input oxd-input--focus'

27-12-2024T09:44:25 - [TEST_STEP][PASSED] - setText(findTestObject("Object Repository/Employee-Onboarding/Employee_Contact_Details/Page_OrangeHRM/input_Work Email_oxd-input oxd-input--active"), Email_Work): Text 'jaime.ferguson@rogers.com' is set on object 'Object Repository/Employee-Onboarding/Employee_Contact_Details/Page_OrangeHRM/input_Work Email_oxd-input oxd-input--active'

27-12-2024T09:44:25 - [MESSAGE][PASSED] - Text 'jaime.ferguson@rogers.com' is set on object 'Object Repository/Employee-Onboarding/Employee_Contact_Details/Page_OrangeHRM/input_Work Email_oxd-input oxd-input--active'

27-12-2024T09:44:25 - [TEST_STEP][PASSED] - setText(findTestObject("Object Repository/Employee-Onboarding/Employee_Contact_Details/Page_OrangeHRM/input_Other Email_oxd-input oxd-input--focu_8ec2d9"), Email_Other): Text 'jaime.ferguson@virtualmails.org' is set on object 'Object Repository/Employee-Onboarding/Employee_Contact_Details/Page_OrangeHRM/input_Other Email_oxd-input oxd-input--focu_8ec2d9'

27-12-2024T09:44:27 - [MESSAGE][PASSED] - Text 'jaime.ferguson@virtualmails.org' is set on object 'Object Repository/Employee-Onboarding/Employee_Contact_Details/Page_OrangeHRM/input_Other Email_oxd-input oxd-input--focu_8ec2d9'

27-12-2024T09:44:27 - [TEST_STEP][PASSED] - click(findTestObject("Object Repository/Employee-Onboarding/Employee_Contact_Details/Page_OrangeHRM/button_Save")): Object: 'Object Repository/Employee-Onboarding/Employee_Contact_Details/Page_OrangeHRM/button_Save' is clicked on

27-12-2024T09:44:28 - [MESSAGE][PASSED] - Object: 'Object Repository/Employee-Onboarding/Employee_Contact_Details/Page_OrangeHRM/button_Save' is clicked on]]></system-out>
         <system-err><![CDATA[]]></system-err>
      </testcase>
      <testcase name="Test Cases/Employee_Onboarding/TC_Employee_Contact_Details" time="18.979" classname="Test Cases/Employee_Onboarding/TC_Employee_Contact_Details" status="PASSED">
         <system-out><![CDATA[27-12-2024T09:44:28 - [TEST_CASE][PASSED] - Test Cases/Employee_Onboarding/TC_Employee_Contact_Details: Test Cases/Employee_Onboarding/TC_Employee_Contact_Details

27-12-2024T09:44:28 - [TEST_STEP][PASSED] - click(findTestObject("Object Repository/Employee-Onboarding/Employee_Contact_Details/Page_OrangeHRM/a_PIM")): Object: 'Object Repository/Employee-Onboarding/Employee_Contact_Details/Page_OrangeHRM/a_PIM' is clicked on

27-12-2024T09:44:29 - [MESSAGE][PASSED] - Object: 'Object Repository/Employee-Onboarding/Employee_Contact_Details/Page_OrangeHRM/a_PIM' is clicked on

27-12-2024T09:44:29 - [TEST_STEP][PASSED] - setText(findTestObject("Object Repository/Employee-Onboarding/Employee_Contact_Details/Page_OrangeHRM/input"), Fullname): Text 'Jose Barnes' is set on object 'Object Repository/Employee-Onboarding/Employee_Contact_Details/Page_OrangeHRM/input'

27-12-2024T09:44:31 - [MESSAGE][PASSED] - Text 'Jose Barnes' is set on object 'Object Repository/Employee-Onboarding/Employee_Contact_Details/Page_OrangeHRM/input'

27-12-2024T09:44:31 - [TEST_STEP][PASSED] - click(findTestObject("Object Repository/Employee-Onboarding/Employee_Contact_Details/Page_OrangeHRM/button_Search")): Object: 'Object Repository/Employee-Onboarding/Employee_Contact_Details/Page_OrangeHRM/button_Search' is clicked on

27-12-2024T09:44:32 - [MESSAGE][PASSED] - Object: 'Object Repository/Employee-Onboarding/Employee_Contact_Details/Page_OrangeHRM/button_Search' is clicked on

27-12-2024T09:44:32 - [TEST_STEP][PASSED] - click(findTestObject("Object Repository/Employee-Onboarding/Employee_Contact_Details/Page_OrangeHRM/div_Actions_oxd-table-cell oxd-padding-cell")): Object: 'Object Repository/Employee-Onboarding/Employee_Contact_Details/Page_OrangeHRM/div_Actions_oxd-table-cell oxd-padding-cell' is clicked on

27-12-2024T09:44:34 - [MESSAGE][PASSED] - Object: 'Object Repository/Employee-Onboarding/Employee_Contact_Details/Page_OrangeHRM/div_Actions_oxd-table-cell oxd-padding-cell' is clicked on

27-12-2024T09:44:34 - [TEST_STEP][PASSED] - click(findTestObject("Object Repository/Employee-Onboarding/Employee_Contact_Details/Page_OrangeHRM/a_Contact Details")): Object: 'Object Repository/Employee-Onboarding/Employee_Contact_Details/Page_OrangeHRM/a_Contact Details' is clicked on

27-12-2024T09:44:37 - [MESSAGE][PASSED] - Object: 'Object Repository/Employee-Onboarding/Employee_Contact_Details/Page_OrangeHRM/a_Contact Details' is clicked on

27-12-2024T09:44:37 - [TEST_STEP][PASSED] - setText(findTestObject("Object Repository/Employee-Onboarding/Employee_Contact_Details/Page_OrangeHRM/input_Street 1_oxd-input oxd-input--focus"), Street1): Text '556 Bailey Lights Suite 225' is set on object 'Object Repository/Employee-Onboarding/Employee_Contact_Details/Page_OrangeHRM/input_Street 1_oxd-input oxd-input--focus'

27-12-2024T09:44:39 - [MESSAGE][PASSED] - Text '556 Bailey Lights Suite 225' is set on object 'Object Repository/Employee-Onboarding/Employee_Contact_Details/Page_OrangeHRM/input_Street 1_oxd-input oxd-input--focus'

27-12-2024T09:44:39 - [TEST_STEP][PASSED] - setText(findTestObject("Object Repository/Employee-Onboarding/Employee_Contact_Details/Page_OrangeHRM/input_Street 2_oxd-input oxd-input--active"), Street2): Text 'Apt. 410' is set on object 'Object Repository/Employee-Onboarding/Employee_Contact_Details/Page_OrangeHRM/input_Street 2_oxd-input oxd-input--active'

27-12-2024T09:44:40 - [MESSAGE][PASSED] - Text 'Apt. 410' is set on object 'Object Repository/Employee-Onboarding/Employee_Contact_Details/Page_OrangeHRM/input_Street 2_oxd-input oxd-input--active'

27-12-2024T09:44:40 - [TEST_STEP][PASSED] - setText(findTestObject("Object Repository/Employee-Onboarding/Employee_Contact_Details/Page_OrangeHRM/input_City_oxd-input oxd-input--active"), City): Text 'Kochside' is set on object 'Object Repository/Employee-Onboarding/Employee_Contact_Details/Page_OrangeHRM/input_City_oxd-input oxd-input--active'

27-12-2024T09:44:40 - [MESSAGE][PASSED] - Text 'Kochside' is set on object 'Object Repository/Employee-Onboarding/Employee_Contact_Details/Page_OrangeHRM/input_City_oxd-input oxd-input--active'

27-12-2024T09:44:40 - [TEST_STEP][PASSED] - setText(findTestObject("Object Repository/Employee-Onboarding/Employee_Contact_Details/Page_OrangeHRM/input_StateProvince_oxd-input oxd-input--active"), State): Text 'Nebraska' is set on object 'Object Repository/Employee-Onboarding/Employee_Contact_Details/Page_OrangeHRM/input_StateProvince_oxd-input oxd-input--active'

27-12-2024T09:44:41 - [MESSAGE][PASSED] - Text 'Nebraska' is set on object 'Object Repository/Employee-Onboarding/Employee_Contact_Details/Page_OrangeHRM/input_StateProvince_oxd-input oxd-input--active'

27-12-2024T09:44:41 - [TEST_STEP][PASSED] - setText(findTestObject("Object Repository/Employee-Onboarding/Employee_Contact_Details/Page_OrangeHRM/input_ZipPostal Code_oxd-input oxd-input--active"), ZipCode): Text '41213' is set on object 'Object Repository/Employee-Onboarding/Employee_Contact_Details/Page_OrangeHRM/input_ZipPostal Code_oxd-input oxd-input--active'

27-12-2024T09:44:41 - [MESSAGE][PASSED] - Text '41213' is set on object 'Object Repository/Employee-Onboarding/Employee_Contact_Details/Page_OrangeHRM/input_ZipPostal Code_oxd-input oxd-input--active'

27-12-2024T09:44:41 - [TEST_STEP][PASSED] - click(findTestObject("Object Repository/Employee-Onboarding/Employee_Contact_Details/Page_OrangeHRM/i_-- Select --_oxd-icon bi-caret-up-fill ox_627fec")): Object: 'Object Repository/Employee-Onboarding/Employee_Contact_Details/Page_OrangeHRM/i_-- Select --_oxd-icon bi-caret-up-fill ox_627fec' is clicked on

27-12-2024T09:44:42 - [MESSAGE][PASSED] - Object: 'Object Repository/Employee-Onboarding/Employee_Contact_Details/Page_OrangeHRM/i_-- Select --_oxd-icon bi-caret-up-fill ox_627fec' is clicked on

27-12-2024T09:44:42 - [TEST_STEP][PASSED] - click(findTestObject("Employee-Onboarding/Employee_Salary_Detail_Objects/Page_OrangeHRM/custom_object_for_dropdown", ["value":Country])): Object: 'Object Repository/Employee-Onboarding/Employee_Salary_Detail_Objects/Page_OrangeHRM/custom_object_for_dropdown' is clicked on

27-12-2024T09:44:42 - [MESSAGE][PASSED] - Object: 'Object Repository/Employee-Onboarding/Employee_Salary_Detail_Objects/Page_OrangeHRM/custom_object_for_dropdown' is clicked on

27-12-2024T09:44:42 - [TEST_STEP][PASSED] - setText(findTestObject("Object Repository/Employee-Onboarding/Employee_Contact_Details/Page_OrangeHRM/input_Home_oxd-input oxd-input--focus"), Tel_Home): Text '210-793-2468' is set on object 'Object Repository/Employee-Onboarding/Employee_Contact_Details/Page_OrangeHRM/input_Home_oxd-input oxd-input--focus'

27-12-2024T09:44:43 - [MESSAGE][PASSED] - Text '210-793-2468' is set on object 'Object Repository/Employee-Onboarding/Employee_Contact_Details/Page_OrangeHRM/input_Home_oxd-input oxd-input--focus'

27-12-2024T09:44:43 - [TEST_STEP][PASSED] - setText(findTestObject("Object Repository/Employee-Onboarding/Employee_Contact_Details/Page_OrangeHRM/input_Mobile_oxd-input oxd-input--focus"), Tell_Mobile): Text '246-680-7358' is set on object 'Object Repository/Employee-Onboarding/Employee_Contact_Details/Page_OrangeHRM/input_Mobile_oxd-input oxd-input--focus'

27-12-2024T09:44:43 - [MESSAGE][PASSED] - Text '246-680-7358' is set on object 'Object Repository/Employee-Onboarding/Employee_Contact_Details/Page_OrangeHRM/input_Mobile_oxd-input oxd-input--focus'

27-12-2024T09:44:43 - [TEST_STEP][PASSED] - setText(findTestObject("Object Repository/Employee-Onboarding/Employee_Contact_Details/Page_OrangeHRM/input_Work_oxd-input oxd-input--focus"), Tel_Work): Text '765-789-9843' is set on object 'Object Repository/Employee-Onboarding/Employee_Contact_Details/Page_OrangeHRM/input_Work_oxd-input oxd-input--focus'

27-12-2024T09:44:44 - [MESSAGE][PASSED] - Text '765-789-9843' is set on object 'Object Repository/Employee-Onboarding/Employee_Contact_Details/Page_OrangeHRM/input_Work_oxd-input oxd-input--focus'

27-12-2024T09:44:44 - [TEST_STEP][PASSED] - setText(findTestObject("Object Repository/Employee-Onboarding/Employee_Contact_Details/Page_OrangeHRM/input_Work Email_oxd-input oxd-input--active"), Email_Work): Text 'jose.barnes@schultz.com' is set on object 'Object Repository/Employee-Onboarding/Employee_Contact_Details/Page_OrangeHRM/input_Work Email_oxd-input oxd-input--active'

27-12-2024T09:44:44 - [MESSAGE][PASSED] - Text 'jose.barnes@schultz.com' is set on object 'Object Repository/Employee-Onboarding/Employee_Contact_Details/Page_OrangeHRM/input_Work Email_oxd-input oxd-input--active'

27-12-2024T09:44:44 - [TEST_STEP][PASSED] - setText(findTestObject("Object Repository/Employee-Onboarding/Employee_Contact_Details/Page_OrangeHRM/input_Other Email_oxd-input oxd-input--focu_8ec2d9"), Email_Other): Text 'jose.barnes@fakemailbox.net' is set on object 'Object Repository/Employee-Onboarding/Employee_Contact_Details/Page_OrangeHRM/input_Other Email_oxd-input oxd-input--focu_8ec2d9'

27-12-2024T09:44:46 - [MESSAGE][PASSED] - Text 'jose.barnes@fakemailbox.net' is set on object 'Object Repository/Employee-Onboarding/Employee_Contact_Details/Page_OrangeHRM/input_Other Email_oxd-input oxd-input--focu_8ec2d9'

27-12-2024T09:44:46 - [TEST_STEP][PASSED] - click(findTestObject("Object Repository/Employee-Onboarding/Employee_Contact_Details/Page_OrangeHRM/button_Save")): Object: 'Object Repository/Employee-Onboarding/Employee_Contact_Details/Page_OrangeHRM/button_Save' is clicked on

27-12-2024T09:44:47 - [MESSAGE][PASSED] - Object: 'Object Repository/Employee-Onboarding/Employee_Contact_Details/Page_OrangeHRM/button_Save' is clicked on]]></system-out>
         <system-err><![CDATA[]]></system-err>
      </testcase>
      <testcase name="Test Cases/Employee_Onboarding/TC_Employee_Contact_Details" time="17.955" classname="Test Cases/Employee_Onboarding/TC_Employee_Contact_Details" status="PASSED">
         <system-out><![CDATA[27-12-2024T09:44:47 - [TEST_CASE][PASSED] - Test Cases/Employee_Onboarding/TC_Employee_Contact_Details: Test Cases/Employee_Onboarding/TC_Employee_Contact_Details

27-12-2024T09:44:47 - [TEST_STEP][PASSED] - click(findTestObject("Object Repository/Employee-Onboarding/Employee_Contact_Details/Page_OrangeHRM/a_PIM")): Object: 'Object Repository/Employee-Onboarding/Employee_Contact_Details/Page_OrangeHRM/a_PIM' is clicked on

27-12-2024T09:44:48 - [MESSAGE][PASSED] - Object: 'Object Repository/Employee-Onboarding/Employee_Contact_Details/Page_OrangeHRM/a_PIM' is clicked on

27-12-2024T09:44:48 - [TEST_STEP][PASSED] - setText(findTestObject("Object Repository/Employee-Onboarding/Employee_Contact_Details/Page_OrangeHRM/input"), Fullname): Text 'Jamie Reed' is set on object 'Object Repository/Employee-Onboarding/Employee_Contact_Details/Page_OrangeHRM/input'

27-12-2024T09:44:50 - [MESSAGE][PASSED] - Text 'Jamie Reed' is set on object 'Object Repository/Employee-Onboarding/Employee_Contact_Details/Page_OrangeHRM/input'

27-12-2024T09:44:50 - [TEST_STEP][PASSED] - click(findTestObject("Object Repository/Employee-Onboarding/Employee_Contact_Details/Page_OrangeHRM/button_Search")): Object: 'Object Repository/Employee-Onboarding/Employee_Contact_Details/Page_OrangeHRM/button_Search' is clicked on

27-12-2024T09:44:51 - [MESSAGE][PASSED] - Object: 'Object Repository/Employee-Onboarding/Employee_Contact_Details/Page_OrangeHRM/button_Search' is clicked on

27-12-2024T09:44:51 - [TEST_STEP][PASSED] - click(findTestObject("Object Repository/Employee-Onboarding/Employee_Contact_Details/Page_OrangeHRM/div_Actions_oxd-table-cell oxd-padding-cell")): Object: 'Object Repository/Employee-Onboarding/Employee_Contact_Details/Page_OrangeHRM/div_Actions_oxd-table-cell oxd-padding-cell' is clicked on

27-12-2024T09:44:52 - [MESSAGE][PASSED] - Object: 'Object Repository/Employee-Onboarding/Employee_Contact_Details/Page_OrangeHRM/div_Actions_oxd-table-cell oxd-padding-cell' is clicked on

27-12-2024T09:44:52 - [TEST_STEP][PASSED] - click(findTestObject("Object Repository/Employee-Onboarding/Employee_Contact_Details/Page_OrangeHRM/a_Contact Details")): Object: 'Object Repository/Employee-Onboarding/Employee_Contact_Details/Page_OrangeHRM/a_Contact Details' is clicked on

27-12-2024T09:44:55 - [MESSAGE][PASSED] - Object: 'Object Repository/Employee-Onboarding/Employee_Contact_Details/Page_OrangeHRM/a_Contact Details' is clicked on

27-12-2024T09:44:55 - [TEST_STEP][PASSED] - setText(findTestObject("Object Repository/Employee-Onboarding/Employee_Contact_Details/Page_OrangeHRM/input_Street 1_oxd-input oxd-input--focus"), Street1): Text '152 Harrington Village Apt. 487' is set on object 'Object Repository/Employee-Onboarding/Employee_Contact_Details/Page_OrangeHRM/input_Street 1_oxd-input oxd-input--focus'

27-12-2024T09:44:57 - [MESSAGE][PASSED] - Text '152 Harrington Village Apt. 487' is set on object 'Object Repository/Employee-Onboarding/Employee_Contact_Details/Page_OrangeHRM/input_Street 1_oxd-input oxd-input--focus'

27-12-2024T09:44:57 - [TEST_STEP][PASSED] - setText(findTestObject("Object Repository/Employee-Onboarding/Employee_Contact_Details/Page_OrangeHRM/input_Street 2_oxd-input oxd-input--active"), Street2): Text 'Apt. 657' is set on object 'Object Repository/Employee-Onboarding/Employee_Contact_Details/Page_OrangeHRM/input_Street 2_oxd-input oxd-input--active'

27-12-2024T09:44:58 - [MESSAGE][PASSED] - Text 'Apt. 657' is set on object 'Object Repository/Employee-Onboarding/Employee_Contact_Details/Page_OrangeHRM/input_Street 2_oxd-input oxd-input--active'

27-12-2024T09:44:58 - [TEST_STEP][PASSED] - setText(findTestObject("Object Repository/Employee-Onboarding/Employee_Contact_Details/Page_OrangeHRM/input_City_oxd-input oxd-input--active"), City): Text 'Shieldston' is set on object 'Object Repository/Employee-Onboarding/Employee_Contact_Details/Page_OrangeHRM/input_City_oxd-input oxd-input--active'

27-12-2024T09:44:58 - [MESSAGE][PASSED] - Text 'Shieldston' is set on object 'Object Repository/Employee-Onboarding/Employee_Contact_Details/Page_OrangeHRM/input_City_oxd-input oxd-input--active'

27-12-2024T09:44:58 - [TEST_STEP][PASSED] - setText(findTestObject("Object Repository/Employee-Onboarding/Employee_Contact_Details/Page_OrangeHRM/input_StateProvince_oxd-input oxd-input--active"), State): Text 'Ohio' is set on object 'Object Repository/Employee-Onboarding/Employee_Contact_Details/Page_OrangeHRM/input_StateProvince_oxd-input oxd-input--active'

27-12-2024T09:44:59 - [MESSAGE][PASSED] - Text 'Ohio' is set on object 'Object Repository/Employee-Onboarding/Employee_Contact_Details/Page_OrangeHRM/input_StateProvince_oxd-input oxd-input--active'

27-12-2024T09:44:59 - [TEST_STEP][PASSED] - setText(findTestObject("Object Repository/Employee-Onboarding/Employee_Contact_Details/Page_OrangeHRM/input_ZipPostal Code_oxd-input oxd-input--active"), ZipCode): Text '14738' is set on object 'Object Repository/Employee-Onboarding/Employee_Contact_Details/Page_OrangeHRM/input_ZipPostal Code_oxd-input oxd-input--active'

27-12-2024T09:44:59 - [MESSAGE][PASSED] - Text '14738' is set on object 'Object Repository/Employee-Onboarding/Employee_Contact_Details/Page_OrangeHRM/input_ZipPostal Code_oxd-input oxd-input--active'

27-12-2024T09:44:59 - [TEST_STEP][PASSED] - click(findTestObject("Object Repository/Employee-Onboarding/Employee_Contact_Details/Page_OrangeHRM/i_-- Select --_oxd-icon bi-caret-up-fill ox_627fec")): Object: 'Object Repository/Employee-Onboarding/Employee_Contact_Details/Page_OrangeHRM/i_-- Select --_oxd-icon bi-caret-up-fill ox_627fec' is clicked on

27-12-2024T09:45:00 - [MESSAGE][PASSED] - Object: 'Object Repository/Employee-Onboarding/Employee_Contact_Details/Page_OrangeHRM/i_-- Select --_oxd-icon bi-caret-up-fill ox_627fec' is clicked on

27-12-2024T09:45:00 - [TEST_STEP][PASSED] - click(findTestObject("Employee-Onboarding/Employee_Salary_Detail_Objects/Page_OrangeHRM/custom_object_for_dropdown", ["value":Country])): Object: 'Object Repository/Employee-Onboarding/Employee_Salary_Detail_Objects/Page_OrangeHRM/custom_object_for_dropdown' is clicked on

27-12-2024T09:45:00 - [MESSAGE][PASSED] - Object: 'Object Repository/Employee-Onboarding/Employee_Salary_Detail_Objects/Page_OrangeHRM/custom_object_for_dropdown' is clicked on

27-12-2024T09:45:00 - [TEST_STEP][PASSED] - setText(findTestObject("Object Repository/Employee-Onboarding/Employee_Contact_Details/Page_OrangeHRM/input_Home_oxd-input oxd-input--focus"), Tel_Home): Text '321-485-7698' is set on object 'Object Repository/Employee-Onboarding/Employee_Contact_Details/Page_OrangeHRM/input_Home_oxd-input oxd-input--focus'

27-12-2024T09:45:01 - [MESSAGE][PASSED] - Text '321-485-7698' is set on object 'Object Repository/Employee-Onboarding/Employee_Contact_Details/Page_OrangeHRM/input_Home_oxd-input oxd-input--focus'

27-12-2024T09:45:01 - [TEST_STEP][PASSED] - setText(findTestObject("Object Repository/Employee-Onboarding/Employee_Contact_Details/Page_OrangeHRM/input_Mobile_oxd-input oxd-input--focus"), Tell_Mobile): Text '989-463-5739' is set on object 'Object Repository/Employee-Onboarding/Employee_Contact_Details/Page_OrangeHRM/input_Mobile_oxd-input oxd-input--focus'

27-12-2024T09:45:01 - [MESSAGE][PASSED] - Text '989-463-5739' is set on object 'Object Repository/Employee-Onboarding/Employee_Contact_Details/Page_OrangeHRM/input_Mobile_oxd-input oxd-input--focus'

27-12-2024T09:45:01 - [TEST_STEP][PASSED] - setText(findTestObject("Object Repository/Employee-Onboarding/Employee_Contact_Details/Page_OrangeHRM/input_Work_oxd-input oxd-input--focus"), Tel_Work): Text '542-178-3914' is set on object 'Object Repository/Employee-Onboarding/Employee_Contact_Details/Page_OrangeHRM/input_Work_oxd-input oxd-input--focus'

27-12-2024T09:45:02 - [MESSAGE][PASSED] - Text '542-178-3914' is set on object 'Object Repository/Employee-Onboarding/Employee_Contact_Details/Page_OrangeHRM/input_Work_oxd-input oxd-input--focus'

27-12-2024T09:45:02 - [TEST_STEP][PASSED] - setText(findTestObject("Object Repository/Employee-Onboarding/Employee_Contact_Details/Page_OrangeHRM/input_Work Email_oxd-input oxd-input--active"), Email_Work): Text 'jamie.reed@rivera.com' is set on object 'Object Repository/Employee-Onboarding/Employee_Contact_Details/Page_OrangeHRM/input_Work Email_oxd-input oxd-input--active'

27-12-2024T09:45:02 - [MESSAGE][PASSED] - Text 'jamie.reed@rivera.com' is set on object 'Object Repository/Employee-Onboarding/Employee_Contact_Details/Page_OrangeHRM/input_Work Email_oxd-input oxd-input--active'

27-12-2024T09:45:02 - [TEST_STEP][PASSED] - setText(findTestObject("Object Repository/Employee-Onboarding/Employee_Contact_Details/Page_OrangeHRM/input_Other Email_oxd-input oxd-input--focu_8ec2d9"), Email_Other): Text 'jamie.reed@mockwebmail.com' is set on object 'Object Repository/Employee-Onboarding/Employee_Contact_Details/Page_OrangeHRM/input_Other Email_oxd-input oxd-input--focu_8ec2d9'

27-12-2024T09:45:04 - [MESSAGE][PASSED] - Text 'jamie.reed@mockwebmail.com' is set on object 'Object Repository/Employee-Onboarding/Employee_Contact_Details/Page_OrangeHRM/input_Other Email_oxd-input oxd-input--focu_8ec2d9'

27-12-2024T09:45:04 - [TEST_STEP][PASSED] - click(findTestObject("Object Repository/Employee-Onboarding/Employee_Contact_Details/Page_OrangeHRM/button_Save")): Object: 'Object Repository/Employee-Onboarding/Employee_Contact_Details/Page_OrangeHRM/button_Save' is clicked on

27-12-2024T09:45:05 - [MESSAGE][PASSED] - Object: 'Object Repository/Employee-Onboarding/Employee_Contact_Details/Page_OrangeHRM/button_Save' is clicked on]]></system-out>
         <system-err><![CDATA[]]></system-err>
      </testcase>
      <testcase name="Test Cases/Employee_Onboarding/TC_Employee_Contact_Details" time="18.299" classname="Test Cases/Employee_Onboarding/TC_Employee_Contact_Details" status="PASSED">
         <system-out><![CDATA[27-12-2024T09:45:05 - [TEST_CASE][PASSED] - Test Cases/Employee_Onboarding/TC_Employee_Contact_Details: Test Cases/Employee_Onboarding/TC_Employee_Contact_Details

27-12-2024T09:45:05 - [TEST_STEP][PASSED] - click(findTestObject("Object Repository/Employee-Onboarding/Employee_Contact_Details/Page_OrangeHRM/a_PIM")): Object: 'Object Repository/Employee-Onboarding/Employee_Contact_Details/Page_OrangeHRM/a_PIM' is clicked on

27-12-2024T09:45:06 - [MESSAGE][PASSED] - Object: 'Object Repository/Employee-Onboarding/Employee_Contact_Details/Page_OrangeHRM/a_PIM' is clicked on

27-12-2024T09:45:06 - [TEST_STEP][PASSED] - setText(findTestObject("Object Repository/Employee-Onboarding/Employee_Contact_Details/Page_OrangeHRM/input"), Fullname): Text 'Joseph Thomas' is set on object 'Object Repository/Employee-Onboarding/Employee_Contact_Details/Page_OrangeHRM/input'

27-12-2024T09:45:08 - [MESSAGE][PASSED] - Text 'Joseph Thomas' is set on object 'Object Repository/Employee-Onboarding/Employee_Contact_Details/Page_OrangeHRM/input'

27-12-2024T09:45:08 - [TEST_STEP][PASSED] - click(findTestObject("Object Repository/Employee-Onboarding/Employee_Contact_Details/Page_OrangeHRM/button_Search")): Object: 'Object Repository/Employee-Onboarding/Employee_Contact_Details/Page_OrangeHRM/button_Search' is clicked on

27-12-2024T09:45:08 - [MESSAGE][PASSED] - Object: 'Object Repository/Employee-Onboarding/Employee_Contact_Details/Page_OrangeHRM/button_Search' is clicked on

27-12-2024T09:45:08 - [TEST_STEP][PASSED] - click(findTestObject("Object Repository/Employee-Onboarding/Employee_Contact_Details/Page_OrangeHRM/div_Actions_oxd-table-cell oxd-padding-cell")): Object: 'Object Repository/Employee-Onboarding/Employee_Contact_Details/Page_OrangeHRM/div_Actions_oxd-table-cell oxd-padding-cell' is clicked on

27-12-2024T09:45:10 - [MESSAGE][PASSED] - Object: 'Object Repository/Employee-Onboarding/Employee_Contact_Details/Page_OrangeHRM/div_Actions_oxd-table-cell oxd-padding-cell' is clicked on

27-12-2024T09:45:10 - [TEST_STEP][PASSED] - click(findTestObject("Object Repository/Employee-Onboarding/Employee_Contact_Details/Page_OrangeHRM/a_Contact Details")): Object: 'Object Repository/Employee-Onboarding/Employee_Contact_Details/Page_OrangeHRM/a_Contact Details' is clicked on

27-12-2024T09:45:14 - [MESSAGE][PASSED] - Object: 'Object Repository/Employee-Onboarding/Employee_Contact_Details/Page_OrangeHRM/a_Contact Details' is clicked on

27-12-2024T09:45:14 - [TEST_STEP][PASSED] - setText(findTestObject("Object Repository/Employee-Onboarding/Employee_Contact_Details/Page_OrangeHRM/input_Street 1_oxd-input oxd-input--focus"), Street1): Text '766 Hudson Freeway Suite 530' is set on object 'Object Repository/Employee-Onboarding/Employee_Contact_Details/Page_OrangeHRM/input_Street 1_oxd-input oxd-input--focus'

27-12-2024T09:45:16 - [MESSAGE][PASSED] - Text '766 Hudson Freeway Suite 530' is set on object 'Object Repository/Employee-Onboarding/Employee_Contact_Details/Page_OrangeHRM/input_Street 1_oxd-input oxd-input--focus'

27-12-2024T09:45:16 - [TEST_STEP][PASSED] - setText(findTestObject("Object Repository/Employee-Onboarding/Employee_Contact_Details/Page_OrangeHRM/input_Street 2_oxd-input oxd-input--active"), Street2): Text 'Apt. 563' is set on object 'Object Repository/Employee-Onboarding/Employee_Contact_Details/Page_OrangeHRM/input_Street 2_oxd-input oxd-input--active'

27-12-2024T09:45:16 - [MESSAGE][PASSED] - Text 'Apt. 563' is set on object 'Object Repository/Employee-Onboarding/Employee_Contact_Details/Page_OrangeHRM/input_Street 2_oxd-input oxd-input--active'

27-12-2024T09:45:16 - [TEST_STEP][PASSED] - setText(findTestObject("Object Repository/Employee-Onboarding/Employee_Contact_Details/Page_OrangeHRM/input_City_oxd-input oxd-input--active"), City): Text 'Johnsonstad' is set on object 'Object Repository/Employee-Onboarding/Employee_Contact_Details/Page_OrangeHRM/input_City_oxd-input oxd-input--active'

27-12-2024T09:45:17 - [MESSAGE][PASSED] - Text 'Johnsonstad' is set on object 'Object Repository/Employee-Onboarding/Employee_Contact_Details/Page_OrangeHRM/input_City_oxd-input oxd-input--active'

27-12-2024T09:45:17 - [TEST_STEP][PASSED] - setText(findTestObject("Object Repository/Employee-Onboarding/Employee_Contact_Details/Page_OrangeHRM/input_StateProvince_oxd-input oxd-input--active"), State): Text 'Pennsylvania' is set on object 'Object Repository/Employee-Onboarding/Employee_Contact_Details/Page_OrangeHRM/input_StateProvince_oxd-input oxd-input--active'

27-12-2024T09:45:17 - [MESSAGE][PASSED] - Text 'Pennsylvania' is set on object 'Object Repository/Employee-Onboarding/Employee_Contact_Details/Page_OrangeHRM/input_StateProvince_oxd-input oxd-input--active'

27-12-2024T09:45:17 - [TEST_STEP][PASSED] - setText(findTestObject("Object Repository/Employee-Onboarding/Employee_Contact_Details/Page_OrangeHRM/input_ZipPostal Code_oxd-input oxd-input--active"), ZipCode): Text '82789' is set on object 'Object Repository/Employee-Onboarding/Employee_Contact_Details/Page_OrangeHRM/input_ZipPostal Code_oxd-input oxd-input--active'

27-12-2024T09:45:18 - [MESSAGE][PASSED] - Text '82789' is set on object 'Object Repository/Employee-Onboarding/Employee_Contact_Details/Page_OrangeHRM/input_ZipPostal Code_oxd-input oxd-input--active'

27-12-2024T09:45:18 - [TEST_STEP][PASSED] - click(findTestObject("Object Repository/Employee-Onboarding/Employee_Contact_Details/Page_OrangeHRM/i_-- Select --_oxd-icon bi-caret-up-fill ox_627fec")): Object: 'Object Repository/Employee-Onboarding/Employee_Contact_Details/Page_OrangeHRM/i_-- Select --_oxd-icon bi-caret-up-fill ox_627fec' is clicked on

27-12-2024T09:45:18 - [MESSAGE][PASSED] - Object: 'Object Repository/Employee-Onboarding/Employee_Contact_Details/Page_OrangeHRM/i_-- Select --_oxd-icon bi-caret-up-fill ox_627fec' is clicked on

27-12-2024T09:45:18 - [TEST_STEP][PASSED] - click(findTestObject("Employee-Onboarding/Employee_Salary_Detail_Objects/Page_OrangeHRM/custom_object_for_dropdown", ["value":Country])): Object: 'Object Repository/Employee-Onboarding/Employee_Salary_Detail_Objects/Page_OrangeHRM/custom_object_for_dropdown' is clicked on

27-12-2024T09:45:18 - [MESSAGE][PASSED] - Object: 'Object Repository/Employee-Onboarding/Employee_Salary_Detail_Objects/Page_OrangeHRM/custom_object_for_dropdown' is clicked on

27-12-2024T09:45:18 - [TEST_STEP][PASSED] - setText(findTestObject("Object Repository/Employee-Onboarding/Employee_Contact_Details/Page_OrangeHRM/input_Home_oxd-input oxd-input--focus"), Tel_Home): Text '(596)301-8378' is set on object 'Object Repository/Employee-Onboarding/Employee_Contact_Details/Page_OrangeHRM/input_Home_oxd-input oxd-input--focus'

27-12-2024T09:45:19 - [MESSAGE][PASSED] - Text '(596)301-8378' is set on object 'Object Repository/Employee-Onboarding/Employee_Contact_Details/Page_OrangeHRM/input_Home_oxd-input oxd-input--focus'

27-12-2024T09:45:19 - [TEST_STEP][PASSED] - setText(findTestObject("Object Repository/Employee-Onboarding/Employee_Contact_Details/Page_OrangeHRM/input_Mobile_oxd-input oxd-input--focus"), Tell_Mobile): Text '625-539-8531' is set on object 'Object Repository/Employee-Onboarding/Employee_Contact_Details/Page_OrangeHRM/input_Mobile_oxd-input oxd-input--focus'

27-12-2024T09:45:20 - [MESSAGE][PASSED] - Text '625-539-8531' is set on object 'Object Repository/Employee-Onboarding/Employee_Contact_Details/Page_OrangeHRM/input_Mobile_oxd-input oxd-input--focus'

27-12-2024T09:45:20 - [TEST_STEP][PASSED] - setText(findTestObject("Object Repository/Employee-Onboarding/Employee_Contact_Details/Page_OrangeHRM/input_Work_oxd-input oxd-input--focus"), Tel_Work): Text '401-753-2985' is set on object 'Object Repository/Employee-Onboarding/Employee_Contact_Details/Page_OrangeHRM/input_Work_oxd-input oxd-input--focus'

27-12-2024T09:45:20 - [MESSAGE][PASSED] - Text '401-753-2985' is set on object 'Object Repository/Employee-Onboarding/Employee_Contact_Details/Page_OrangeHRM/input_Work_oxd-input oxd-input--focus'

27-12-2024T09:45:20 - [TEST_STEP][PASSED] - setText(findTestObject("Object Repository/Employee-Onboarding/Employee_Contact_Details/Page_OrangeHRM/input_Work Email_oxd-input oxd-input--active"), Email_Work): Text 'joseph.thomas@schwartz.com' is set on object 'Object Repository/Employee-Onboarding/Employee_Contact_Details/Page_OrangeHRM/input_Work Email_oxd-input oxd-input--active'

27-12-2024T09:45:21 - [MESSAGE][PASSED] - Text 'joseph.thomas@schwartz.com' is set on object 'Object Repository/Employee-Onboarding/Employee_Contact_Details/Page_OrangeHRM/input_Work Email_oxd-input oxd-input--active'

27-12-2024T09:45:21 - [TEST_STEP][PASSED] - setText(findTestObject("Object Repository/Employee-Onboarding/Employee_Contact_Details/Page_OrangeHRM/input_Other Email_oxd-input oxd-input--focu_8ec2d9"), Email_Other): Text 'joseph.thomas@placeholderdomain.org' is set on object 'Object Repository/Employee-Onboarding/Employee_Contact_Details/Page_OrangeHRM/input_Other Email_oxd-input oxd-input--focu_8ec2d9'

27-12-2024T09:45:22 - [MESSAGE][PASSED] - Text 'joseph.thomas@placeholderdomain.org' is set on object 'Object Repository/Employee-Onboarding/Employee_Contact_Details/Page_OrangeHRM/input_Other Email_oxd-input oxd-input--focu_8ec2d9'

27-12-2024T09:45:22 - [TEST_STEP][PASSED] - click(findTestObject("Object Repository/Employee-Onboarding/Employee_Contact_Details/Page_OrangeHRM/button_Save")): Object: 'Object Repository/Employee-Onboarding/Employee_Contact_Details/Page_OrangeHRM/button_Save' is clicked on

27-12-2024T09:45:23 - [MESSAGE][PASSED] - Object: 'Object Repository/Employee-Onboarding/Employee_Contact_Details/Page_OrangeHRM/button_Save' is clicked on]]></system-out>
         <system-err><![CDATA[]]></system-err>
      </testcase>
      <testcase name="Test Cases/Employee_Onboarding/TC_Employee_Contact_Details" time="18.63" classname="Test Cases/Employee_Onboarding/TC_Employee_Contact_Details" status="PASSED">
         <system-out><![CDATA[27-12-2024T09:45:23 - [TEST_CASE][PASSED] - Test Cases/Employee_Onboarding/TC_Employee_Contact_Details: Test Cases/Employee_Onboarding/TC_Employee_Contact_Details

27-12-2024T09:45:23 - [TEST_STEP][PASSED] - click(findTestObject("Object Repository/Employee-Onboarding/Employee_Contact_Details/Page_OrangeHRM/a_PIM")): Object: 'Object Repository/Employee-Onboarding/Employee_Contact_Details/Page_OrangeHRM/a_PIM' is clicked on

27-12-2024T09:45:24 - [MESSAGE][PASSED] - Object: 'Object Repository/Employee-Onboarding/Employee_Contact_Details/Page_OrangeHRM/a_PIM' is clicked on

27-12-2024T09:45:24 - [TEST_STEP][PASSED] - setText(findTestObject("Object Repository/Employee-Onboarding/Employee_Contact_Details/Page_OrangeHRM/input"), Fullname): Text 'Kelly Mcbride' is set on object 'Object Repository/Employee-Onboarding/Employee_Contact_Details/Page_OrangeHRM/input'

27-12-2024T09:45:26 - [MESSAGE][PASSED] - Text 'Kelly Mcbride' is set on object 'Object Repository/Employee-Onboarding/Employee_Contact_Details/Page_OrangeHRM/input'

27-12-2024T09:45:26 - [TEST_STEP][PASSED] - click(findTestObject("Object Repository/Employee-Onboarding/Employee_Contact_Details/Page_OrangeHRM/button_Search")): Object: 'Object Repository/Employee-Onboarding/Employee_Contact_Details/Page_OrangeHRM/button_Search' is clicked on

27-12-2024T09:45:27 - [MESSAGE][PASSED] - Object: 'Object Repository/Employee-Onboarding/Employee_Contact_Details/Page_OrangeHRM/button_Search' is clicked on

27-12-2024T09:45:27 - [TEST_STEP][PASSED] - click(findTestObject("Object Repository/Employee-Onboarding/Employee_Contact_Details/Page_OrangeHRM/div_Actions_oxd-table-cell oxd-padding-cell")): Object: 'Object Repository/Employee-Onboarding/Employee_Contact_Details/Page_OrangeHRM/div_Actions_oxd-table-cell oxd-padding-cell' is clicked on

27-12-2024T09:45:29 - [MESSAGE][PASSED] - Object: 'Object Repository/Employee-Onboarding/Employee_Contact_Details/Page_OrangeHRM/div_Actions_oxd-table-cell oxd-padding-cell' is clicked on

27-12-2024T09:45:29 - [TEST_STEP][PASSED] - click(findTestObject("Object Repository/Employee-Onboarding/Employee_Contact_Details/Page_OrangeHRM/a_Contact Details")): Object: 'Object Repository/Employee-Onboarding/Employee_Contact_Details/Page_OrangeHRM/a_Contact Details' is clicked on

27-12-2024T09:45:32 - [MESSAGE][PASSED] - Object: 'Object Repository/Employee-Onboarding/Employee_Contact_Details/Page_OrangeHRM/a_Contact Details' is clicked on

27-12-2024T09:45:32 - [TEST_STEP][PASSED] - setText(findTestObject("Object Repository/Employee-Onboarding/Employee_Contact_Details/Page_OrangeHRM/input_Street 1_oxd-input oxd-input--focus"), Street1): Text '5427 Lewis Forges' is set on object 'Object Repository/Employee-Onboarding/Employee_Contact_Details/Page_OrangeHRM/input_Street 1_oxd-input oxd-input--focus'

27-12-2024T09:45:34 - [MESSAGE][PASSED] - Text '5427 Lewis Forges' is set on object 'Object Repository/Employee-Onboarding/Employee_Contact_Details/Page_OrangeHRM/input_Street 1_oxd-input oxd-input--focus'

27-12-2024T09:45:34 - [TEST_STEP][PASSED] - setText(findTestObject("Object Repository/Employee-Onboarding/Employee_Contact_Details/Page_OrangeHRM/input_Street 2_oxd-input oxd-input--active"), Street2): Text 'Suite 017' is set on object 'Object Repository/Employee-Onboarding/Employee_Contact_Details/Page_OrangeHRM/input_Street 2_oxd-input oxd-input--active'

27-12-2024T09:45:35 - [MESSAGE][PASSED] - Text 'Suite 017' is set on object 'Object Repository/Employee-Onboarding/Employee_Contact_Details/Page_OrangeHRM/input_Street 2_oxd-input oxd-input--active'

27-12-2024T09:45:35 - [TEST_STEP][PASSED] - setText(findTestObject("Object Repository/Employee-Onboarding/Employee_Contact_Details/Page_OrangeHRM/input_City_oxd-input oxd-input--active"), City): Text 'West Judithberg' is set on object 'Object Repository/Employee-Onboarding/Employee_Contact_Details/Page_OrangeHRM/input_City_oxd-input oxd-input--active'

27-12-2024T09:45:35 - [MESSAGE][PASSED] - Text 'West Judithberg' is set on object 'Object Repository/Employee-Onboarding/Employee_Contact_Details/Page_OrangeHRM/input_City_oxd-input oxd-input--active'

27-12-2024T09:45:35 - [TEST_STEP][PASSED] - setText(findTestObject("Object Repository/Employee-Onboarding/Employee_Contact_Details/Page_OrangeHRM/input_StateProvince_oxd-input oxd-input--active"), State): Text 'Connecticut' is set on object 'Object Repository/Employee-Onboarding/Employee_Contact_Details/Page_OrangeHRM/input_StateProvince_oxd-input oxd-input--active'

27-12-2024T09:45:36 - [MESSAGE][PASSED] - Text 'Connecticut' is set on object 'Object Repository/Employee-Onboarding/Employee_Contact_Details/Page_OrangeHRM/input_StateProvince_oxd-input oxd-input--active'

27-12-2024T09:45:36 - [TEST_STEP][PASSED] - setText(findTestObject("Object Repository/Employee-Onboarding/Employee_Contact_Details/Page_OrangeHRM/input_ZipPostal Code_oxd-input oxd-input--active"), ZipCode): Text '55064' is set on object 'Object Repository/Employee-Onboarding/Employee_Contact_Details/Page_OrangeHRM/input_ZipPostal Code_oxd-input oxd-input--active'

27-12-2024T09:45:36 - [MESSAGE][PASSED] - Text '55064' is set on object 'Object Repository/Employee-Onboarding/Employee_Contact_Details/Page_OrangeHRM/input_ZipPostal Code_oxd-input oxd-input--active'

27-12-2024T09:45:36 - [TEST_STEP][PASSED] - click(findTestObject("Object Repository/Employee-Onboarding/Employee_Contact_Details/Page_OrangeHRM/i_-- Select --_oxd-icon bi-caret-up-fill ox_627fec")): Object: 'Object Repository/Employee-Onboarding/Employee_Contact_Details/Page_OrangeHRM/i_-- Select --_oxd-icon bi-caret-up-fill ox_627fec' is clicked on

27-12-2024T09:45:37 - [MESSAGE][PASSED] - Object: 'Object Repository/Employee-Onboarding/Employee_Contact_Details/Page_OrangeHRM/i_-- Select --_oxd-icon bi-caret-up-fill ox_627fec' is clicked on

27-12-2024T09:45:37 - [TEST_STEP][PASSED] - click(findTestObject("Employee-Onboarding/Employee_Salary_Detail_Objects/Page_OrangeHRM/custom_object_for_dropdown", ["value":Country])): Object: 'Object Repository/Employee-Onboarding/Employee_Salary_Detail_Objects/Page_OrangeHRM/custom_object_for_dropdown' is clicked on

27-12-2024T09:45:37 - [MESSAGE][PASSED] - Object: 'Object Repository/Employee-Onboarding/Employee_Salary_Detail_Objects/Page_OrangeHRM/custom_object_for_dropdown' is clicked on

27-12-2024T09:45:37 - [TEST_STEP][PASSED] - setText(findTestObject("Object Repository/Employee-Onboarding/Employee_Contact_Details/Page_OrangeHRM/input_Home_oxd-input oxd-input--focus"), Tel_Home): Text '940-836-8056' is set on object 'Object Repository/Employee-Onboarding/Employee_Contact_Details/Page_OrangeHRM/input_Home_oxd-input oxd-input--focus'

27-12-2024T09:45:38 - [MESSAGE][PASSED] - Text '940-836-8056' is set on object 'Object Repository/Employee-Onboarding/Employee_Contact_Details/Page_OrangeHRM/input_Home_oxd-input oxd-input--focus'

27-12-2024T09:45:38 - [TEST_STEP][PASSED] - setText(findTestObject("Object Repository/Employee-Onboarding/Employee_Contact_Details/Page_OrangeHRM/input_Mobile_oxd-input oxd-input--focus"), Tell_Mobile): Text '739-795-6749' is set on object 'Object Repository/Employee-Onboarding/Employee_Contact_Details/Page_OrangeHRM/input_Mobile_oxd-input oxd-input--focus'

27-12-2024T09:45:38 - [MESSAGE][PASSED] - Text '739-795-6749' is set on object 'Object Repository/Employee-Onboarding/Employee_Contact_Details/Page_OrangeHRM/input_Mobile_oxd-input oxd-input--focus'

27-12-2024T09:45:38 - [TEST_STEP][PASSED] - setText(findTestObject("Object Repository/Employee-Onboarding/Employee_Contact_Details/Page_OrangeHRM/input_Work_oxd-input oxd-input--focus"), Tel_Work): Text '850-276-1092' is set on object 'Object Repository/Employee-Onboarding/Employee_Contact_Details/Page_OrangeHRM/input_Work_oxd-input oxd-input--focus'

27-12-2024T09:45:39 - [MESSAGE][PASSED] - Text '850-276-1092' is set on object 'Object Repository/Employee-Onboarding/Employee_Contact_Details/Page_OrangeHRM/input_Work_oxd-input oxd-input--focus'

27-12-2024T09:45:39 - [TEST_STEP][PASSED] - setText(findTestObject("Object Repository/Employee-Onboarding/Employee_Contact_Details/Page_OrangeHRM/input_Work Email_oxd-input oxd-input--active"), Email_Work): Text 'kelly.mcbride@deleon.com' is set on object 'Object Repository/Employee-Onboarding/Employee_Contact_Details/Page_OrangeHRM/input_Work Email_oxd-input oxd-input--active'

27-12-2024T09:45:39 - [MESSAGE][PASSED] - Text 'kelly.mcbride@deleon.com' is set on object 'Object Repository/Employee-Onboarding/Employee_Contact_Details/Page_OrangeHRM/input_Work Email_oxd-input oxd-input--active'

27-12-2024T09:45:39 - [TEST_STEP][PASSED] - setText(findTestObject("Object Repository/Employee-Onboarding/Employee_Contact_Details/Page_OrangeHRM/input_Other Email_oxd-input oxd-input--focu_8ec2d9"), Email_Other): Text 'kelly.mcbride@dummymailgen.net' is set on object 'Object Repository/Employee-Onboarding/Employee_Contact_Details/Page_OrangeHRM/input_Other Email_oxd-input oxd-input--focu_8ec2d9'

27-12-2024T09:45:41 - [MESSAGE][PASSED] - Text 'kelly.mcbride@dummymailgen.net' is set on object 'Object Repository/Employee-Onboarding/Employee_Contact_Details/Page_OrangeHRM/input_Other Email_oxd-input oxd-input--focu_8ec2d9'

27-12-2024T09:45:41 - [TEST_STEP][PASSED] - click(findTestObject("Object Repository/Employee-Onboarding/Employee_Contact_Details/Page_OrangeHRM/button_Save")): Object: 'Object Repository/Employee-Onboarding/Employee_Contact_Details/Page_OrangeHRM/button_Save' is clicked on

27-12-2024T09:45:41 - [MESSAGE][PASSED] - Object: 'Object Repository/Employee-Onboarding/Employee_Contact_Details/Page_OrangeHRM/button_Save' is clicked on]]></system-out>
         <system-err><![CDATA[]]></system-err>
      </testcase>
      <testcase name="Test Cases/Employee_Onboarding/TC_Employee_Contact_Details" time="18.802" classname="Test Cases/Employee_Onboarding/TC_Employee_Contact_Details" status="PASSED">
         <system-out><![CDATA[27-12-2024T09:45:41 - [TEST_CASE][PASSED] - Test Cases/Employee_Onboarding/TC_Employee_Contact_Details: Test Cases/Employee_Onboarding/TC_Employee_Contact_Details

27-12-2024T09:45:41 - [TEST_STEP][PASSED] - click(findTestObject("Object Repository/Employee-Onboarding/Employee_Contact_Details/Page_OrangeHRM/a_PIM")): Object: 'Object Repository/Employee-Onboarding/Employee_Contact_Details/Page_OrangeHRM/a_PIM' is clicked on

27-12-2024T09:45:43 - [MESSAGE][PASSED] - Object: 'Object Repository/Employee-Onboarding/Employee_Contact_Details/Page_OrangeHRM/a_PIM' is clicked on

27-12-2024T09:45:43 - [TEST_STEP][PASSED] - setText(findTestObject("Object Repository/Employee-Onboarding/Employee_Contact_Details/Page_OrangeHRM/input"), Fullname): Text 'Walter Mason' is set on object 'Object Repository/Employee-Onboarding/Employee_Contact_Details/Page_OrangeHRM/input'

27-12-2024T09:45:45 - [MESSAGE][PASSED] - Text 'Walter Mason' is set on object 'Object Repository/Employee-Onboarding/Employee_Contact_Details/Page_OrangeHRM/input'

27-12-2024T09:45:45 - [TEST_STEP][PASSED] - click(findTestObject("Object Repository/Employee-Onboarding/Employee_Contact_Details/Page_OrangeHRM/button_Search")): Object: 'Object Repository/Employee-Onboarding/Employee_Contact_Details/Page_OrangeHRM/button_Search' is clicked on

27-12-2024T09:45:46 - [MESSAGE][PASSED] - Object: 'Object Repository/Employee-Onboarding/Employee_Contact_Details/Page_OrangeHRM/button_Search' is clicked on

27-12-2024T09:45:46 - [TEST_STEP][PASSED] - click(findTestObject("Object Repository/Employee-Onboarding/Employee_Contact_Details/Page_OrangeHRM/div_Actions_oxd-table-cell oxd-padding-cell")): Object: 'Object Repository/Employee-Onboarding/Employee_Contact_Details/Page_OrangeHRM/div_Actions_oxd-table-cell oxd-padding-cell' is clicked on

27-12-2024T09:45:47 - [MESSAGE][PASSED] - Object: 'Object Repository/Employee-Onboarding/Employee_Contact_Details/Page_OrangeHRM/div_Actions_oxd-table-cell oxd-padding-cell' is clicked on

27-12-2024T09:45:47 - [TEST_STEP][PASSED] - click(findTestObject("Object Repository/Employee-Onboarding/Employee_Contact_Details/Page_OrangeHRM/a_Contact Details")): Object: 'Object Repository/Employee-Onboarding/Employee_Contact_Details/Page_OrangeHRM/a_Contact Details' is clicked on

27-12-2024T09:45:51 - [MESSAGE][PASSED] - Object: 'Object Repository/Employee-Onboarding/Employee_Contact_Details/Page_OrangeHRM/a_Contact Details' is clicked on

27-12-2024T09:45:51 - [TEST_STEP][PASSED] - setText(findTestObject("Object Repository/Employee-Onboarding/Employee_Contact_Details/Page_OrangeHRM/input_Street 1_oxd-input oxd-input--focus"), Street1): Text '4728 Samantha Ferry Suite 007' is set on object 'Object Repository/Employee-Onboarding/Employee_Contact_Details/Page_OrangeHRM/input_Street 1_oxd-input oxd-input--focus'

27-12-2024T09:45:53 - [MESSAGE][PASSED] - Text '4728 Samantha Ferry Suite 007' is set on object 'Object Repository/Employee-Onboarding/Employee_Contact_Details/Page_OrangeHRM/input_Street 1_oxd-input oxd-input--focus'

27-12-2024T09:45:53 - [TEST_STEP][PASSED] - setText(findTestObject("Object Repository/Employee-Onboarding/Employee_Contact_Details/Page_OrangeHRM/input_Street 2_oxd-input oxd-input--active"), Street2): Text 'Apt. 916' is set on object 'Object Repository/Employee-Onboarding/Employee_Contact_Details/Page_OrangeHRM/input_Street 2_oxd-input oxd-input--active'

27-12-2024T09:45:54 - [MESSAGE][PASSED] - Text 'Apt. 916' is set on object 'Object Repository/Employee-Onboarding/Employee_Contact_Details/Page_OrangeHRM/input_Street 2_oxd-input oxd-input--active'

27-12-2024T09:45:54 - [TEST_STEP][PASSED] - setText(findTestObject("Object Repository/Employee-Onboarding/Employee_Contact_Details/Page_OrangeHRM/input_City_oxd-input oxd-input--active"), City): Text 'New Kellymouth' is set on object 'Object Repository/Employee-Onboarding/Employee_Contact_Details/Page_OrangeHRM/input_City_oxd-input oxd-input--active'

27-12-2024T09:45:54 - [MESSAGE][PASSED] - Text 'New Kellymouth' is set on object 'Object Repository/Employee-Onboarding/Employee_Contact_Details/Page_OrangeHRM/input_City_oxd-input oxd-input--active'

27-12-2024T09:45:54 - [TEST_STEP][PASSED] - setText(findTestObject("Object Repository/Employee-Onboarding/Employee_Contact_Details/Page_OrangeHRM/input_StateProvince_oxd-input oxd-input--active"), State): Text 'Wisconsin' is set on object 'Object Repository/Employee-Onboarding/Employee_Contact_Details/Page_OrangeHRM/input_StateProvince_oxd-input oxd-input--active'

27-12-2024T09:45:55 - [MESSAGE][PASSED] - Text 'Wisconsin' is set on object 'Object Repository/Employee-Onboarding/Employee_Contact_Details/Page_OrangeHRM/input_StateProvince_oxd-input oxd-input--active'

27-12-2024T09:45:55 - [TEST_STEP][PASSED] - setText(findTestObject("Object Repository/Employee-Onboarding/Employee_Contact_Details/Page_OrangeHRM/input_ZipPostal Code_oxd-input oxd-input--active"), ZipCode): Text '88965' is set on object 'Object Repository/Employee-Onboarding/Employee_Contact_Details/Page_OrangeHRM/input_ZipPostal Code_oxd-input oxd-input--active'

27-12-2024T09:45:55 - [MESSAGE][PASSED] - Text '88965' is set on object 'Object Repository/Employee-Onboarding/Employee_Contact_Details/Page_OrangeHRM/input_ZipPostal Code_oxd-input oxd-input--active'

27-12-2024T09:45:55 - [TEST_STEP][PASSED] - click(findTestObject("Object Repository/Employee-Onboarding/Employee_Contact_Details/Page_OrangeHRM/i_-- Select --_oxd-icon bi-caret-up-fill ox_627fec")): Object: 'Object Repository/Employee-Onboarding/Employee_Contact_Details/Page_OrangeHRM/i_-- Select --_oxd-icon bi-caret-up-fill ox_627fec' is clicked on

27-12-2024T09:45:55 - [MESSAGE][PASSED] - Object: 'Object Repository/Employee-Onboarding/Employee_Contact_Details/Page_OrangeHRM/i_-- Select --_oxd-icon bi-caret-up-fill ox_627fec' is clicked on

27-12-2024T09:45:55 - [TEST_STEP][PASSED] - click(findTestObject("Employee-Onboarding/Employee_Salary_Detail_Objects/Page_OrangeHRM/custom_object_for_dropdown", ["value":Country])): Object: 'Object Repository/Employee-Onboarding/Employee_Salary_Detail_Objects/Page_OrangeHRM/custom_object_for_dropdown' is clicked on

27-12-2024T09:45:56 - [MESSAGE][PASSED] - Object: 'Object Repository/Employee-Onboarding/Employee_Salary_Detail_Objects/Page_OrangeHRM/custom_object_for_dropdown' is clicked on

27-12-2024T09:45:56 - [TEST_STEP][PASSED] - setText(findTestObject("Object Repository/Employee-Onboarding/Employee_Contact_Details/Page_OrangeHRM/input_Home_oxd-input oxd-input--focus"), Tel_Home): Text '940-836-8056' is set on object 'Object Repository/Employee-Onboarding/Employee_Contact_Details/Page_OrangeHRM/input_Home_oxd-input oxd-input--focus'

27-12-2024T09:45:57 - [MESSAGE][PASSED] - Text '940-836-8056' is set on object 'Object Repository/Employee-Onboarding/Employee_Contact_Details/Page_OrangeHRM/input_Home_oxd-input oxd-input--focus'

27-12-2024T09:45:57 - [TEST_STEP][PASSED] - setText(findTestObject("Object Repository/Employee-Onboarding/Employee_Contact_Details/Page_OrangeHRM/input_Mobile_oxd-input oxd-input--focus"), Tell_Mobile): Text '363-669-5916' is set on object 'Object Repository/Employee-Onboarding/Employee_Contact_Details/Page_OrangeHRM/input_Mobile_oxd-input oxd-input--focus'

27-12-2024T09:45:57 - [MESSAGE][PASSED] - Text '363-669-5916' is set on object 'Object Repository/Employee-Onboarding/Employee_Contact_Details/Page_OrangeHRM/input_Mobile_oxd-input oxd-input--focus'

27-12-2024T09:45:57 - [TEST_STEP][PASSED] - setText(findTestObject("Object Repository/Employee-Onboarding/Employee_Contact_Details/Page_OrangeHRM/input_Work_oxd-input oxd-input--focus"), Tel_Work): Text '987-654-3456' is set on object 'Object Repository/Employee-Onboarding/Employee_Contact_Details/Page_OrangeHRM/input_Work_oxd-input oxd-input--focus'

27-12-2024T09:45:58 - [MESSAGE][PASSED] - Text '987-654-3456' is set on object 'Object Repository/Employee-Onboarding/Employee_Contact_Details/Page_OrangeHRM/input_Work_oxd-input oxd-input--focus'

27-12-2024T09:45:58 - [TEST_STEP][PASSED] - setText(findTestObject("Object Repository/Employee-Onboarding/Employee_Contact_Details/Page_OrangeHRM/input_Work Email_oxd-input oxd-input--active"), Email_Work): Text 'walter.mason@gordon.net' is set on object 'Object Repository/Employee-Onboarding/Employee_Contact_Details/Page_OrangeHRM/input_Work Email_oxd-input oxd-input--active'

27-12-2024T09:45:58 - [MESSAGE][PASSED] - Text 'walter.mason@gordon.net' is set on object 'Object Repository/Employee-Onboarding/Employee_Contact_Details/Page_OrangeHRM/input_Work Email_oxd-input oxd-input--active'

27-12-2024T09:45:58 - [TEST_STEP][PASSED] - setText(findTestObject("Object Repository/Employee-Onboarding/Employee_Contact_Details/Page_OrangeHRM/input_Other Email_oxd-input oxd-input--focu_8ec2d9"), Email_Other): Text 'walter.mason@trialwebgen.org' is set on object 'Object Repository/Employee-Onboarding/Employee_Contact_Details/Page_OrangeHRM/input_Other Email_oxd-input oxd-input--focu_8ec2d9'

27-12-2024T09:46:00 - [MESSAGE][PASSED] - Text 'walter.mason@trialwebgen.org' is set on object 'Object Repository/Employee-Onboarding/Employee_Contact_Details/Page_OrangeHRM/input_Other Email_oxd-input oxd-input--focu_8ec2d9'

27-12-2024T09:46:00 - [TEST_STEP][PASSED] - click(findTestObject("Object Repository/Employee-Onboarding/Employee_Contact_Details/Page_OrangeHRM/button_Save")): Object: 'Object Repository/Employee-Onboarding/Employee_Contact_Details/Page_OrangeHRM/button_Save' is clicked on

27-12-2024T09:46:00 - [MESSAGE][PASSED] - Object: 'Object Repository/Employee-Onboarding/Employee_Contact_Details/Page_OrangeHRM/button_Save' is clicked on]]></system-out>
         <system-err><![CDATA[]]></system-err>
      </testcase>
      <testcase name="Test Cases/Employee_Onboarding/TC_Employee_Contact_Details" time="18.199" classname="Test Cases/Employee_Onboarding/TC_Employee_Contact_Details" status="PASSED">
         <system-out><![CDATA[27-12-2024T09:46:00 - [TEST_CASE][PASSED] - Test Cases/Employee_Onboarding/TC_Employee_Contact_Details: Test Cases/Employee_Onboarding/TC_Employee_Contact_Details

27-12-2024T09:46:00 - [TEST_STEP][PASSED] - click(findTestObject("Object Repository/Employee-Onboarding/Employee_Contact_Details/Page_OrangeHRM/a_PIM")): Object: 'Object Repository/Employee-Onboarding/Employee_Contact_Details/Page_OrangeHRM/a_PIM' is clicked on

27-12-2024T09:46:02 - [MESSAGE][PASSED] - Object: 'Object Repository/Employee-Onboarding/Employee_Contact_Details/Page_OrangeHRM/a_PIM' is clicked on

27-12-2024T09:46:02 - [TEST_STEP][PASSED] - setText(findTestObject("Object Repository/Employee-Onboarding/Employee_Contact_Details/Page_OrangeHRM/input"), Fullname): Text 'Sara Burns' is set on object 'Object Repository/Employee-Onboarding/Employee_Contact_Details/Page_OrangeHRM/input'

27-12-2024T09:46:04 - [MESSAGE][PASSED] - Text 'Sara Burns' is set on object 'Object Repository/Employee-Onboarding/Employee_Contact_Details/Page_OrangeHRM/input'

27-12-2024T09:46:04 - [TEST_STEP][PASSED] - click(findTestObject("Object Repository/Employee-Onboarding/Employee_Contact_Details/Page_OrangeHRM/button_Search")): Object: 'Object Repository/Employee-Onboarding/Employee_Contact_Details/Page_OrangeHRM/button_Search' is clicked on

27-12-2024T09:46:04 - [MESSAGE][PASSED] - Object: 'Object Repository/Employee-Onboarding/Employee_Contact_Details/Page_OrangeHRM/button_Search' is clicked on

27-12-2024T09:46:04 - [TEST_STEP][PASSED] - click(findTestObject("Object Repository/Employee-Onboarding/Employee_Contact_Details/Page_OrangeHRM/div_Actions_oxd-table-cell oxd-padding-cell")): Object: 'Object Repository/Employee-Onboarding/Employee_Contact_Details/Page_OrangeHRM/div_Actions_oxd-table-cell oxd-padding-cell' is clicked on

27-12-2024T09:46:06 - [MESSAGE][PASSED] - Object: 'Object Repository/Employee-Onboarding/Employee_Contact_Details/Page_OrangeHRM/div_Actions_oxd-table-cell oxd-padding-cell' is clicked on

27-12-2024T09:46:06 - [TEST_STEP][PASSED] - click(findTestObject("Object Repository/Employee-Onboarding/Employee_Contact_Details/Page_OrangeHRM/a_Contact Details")): Object: 'Object Repository/Employee-Onboarding/Employee_Contact_Details/Page_OrangeHRM/a_Contact Details' is clicked on

27-12-2024T09:46:09 - [MESSAGE][PASSED] - Object: 'Object Repository/Employee-Onboarding/Employee_Contact_Details/Page_OrangeHRM/a_Contact Details' is clicked on

27-12-2024T09:46:09 - [TEST_STEP][PASSED] - setText(findTestObject("Object Repository/Employee-Onboarding/Employee_Contact_Details/Page_OrangeHRM/input_Street 1_oxd-input oxd-input--focus"), Street1): Text '02510 Rich Forest' is set on object 'Object Repository/Employee-Onboarding/Employee_Contact_Details/Page_OrangeHRM/input_Street 1_oxd-input oxd-input--focus'

27-12-2024T09:46:11 - [MESSAGE][PASSED] - Text '02510 Rich Forest' is set on object 'Object Repository/Employee-Onboarding/Employee_Contact_Details/Page_OrangeHRM/input_Street 1_oxd-input oxd-input--focus'

27-12-2024T09:46:11 - [TEST_STEP][PASSED] - setText(findTestObject("Object Repository/Employee-Onboarding/Employee_Contact_Details/Page_OrangeHRM/input_Street 2_oxd-input oxd-input--active"), Street2): Text 'Apt. 862' is set on object 'Object Repository/Employee-Onboarding/Employee_Contact_Details/Page_OrangeHRM/input_Street 2_oxd-input oxd-input--active'

27-12-2024T09:46:12 - [MESSAGE][PASSED] - Text 'Apt. 862' is set on object 'Object Repository/Employee-Onboarding/Employee_Contact_Details/Page_OrangeHRM/input_Street 2_oxd-input oxd-input--active'

27-12-2024T09:46:12 - [TEST_STEP][PASSED] - setText(findTestObject("Object Repository/Employee-Onboarding/Employee_Contact_Details/Page_OrangeHRM/input_City_oxd-input oxd-input--active"), City): Text 'Daniellebury' is set on object 'Object Repository/Employee-Onboarding/Employee_Contact_Details/Page_OrangeHRM/input_City_oxd-input oxd-input--active'

27-12-2024T09:46:12 - [MESSAGE][PASSED] - Text 'Daniellebury' is set on object 'Object Repository/Employee-Onboarding/Employee_Contact_Details/Page_OrangeHRM/input_City_oxd-input oxd-input--active'

27-12-2024T09:46:12 - [TEST_STEP][PASSED] - setText(findTestObject("Object Repository/Employee-Onboarding/Employee_Contact_Details/Page_OrangeHRM/input_StateProvince_oxd-input oxd-input--active"), State): Text 'Rhode Island' is set on object 'Object Repository/Employee-Onboarding/Employee_Contact_Details/Page_OrangeHRM/input_StateProvince_oxd-input oxd-input--active'

27-12-2024T09:46:13 - [MESSAGE][PASSED] - Text 'Rhode Island' is set on object 'Object Repository/Employee-Onboarding/Employee_Contact_Details/Page_OrangeHRM/input_StateProvince_oxd-input oxd-input--active'

27-12-2024T09:46:13 - [TEST_STEP][PASSED] - setText(findTestObject("Object Repository/Employee-Onboarding/Employee_Contact_Details/Page_OrangeHRM/input_ZipPostal Code_oxd-input oxd-input--active"), ZipCode): Text '42064' is set on object 'Object Repository/Employee-Onboarding/Employee_Contact_Details/Page_OrangeHRM/input_ZipPostal Code_oxd-input oxd-input--active'

27-12-2024T09:46:13 - [MESSAGE][PASSED] - Text '42064' is set on object 'Object Repository/Employee-Onboarding/Employee_Contact_Details/Page_OrangeHRM/input_ZipPostal Code_oxd-input oxd-input--active'

27-12-2024T09:46:13 - [TEST_STEP][PASSED] - click(findTestObject("Object Repository/Employee-Onboarding/Employee_Contact_Details/Page_OrangeHRM/i_-- Select --_oxd-icon bi-caret-up-fill ox_627fec")): Object: 'Object Repository/Employee-Onboarding/Employee_Contact_Details/Page_OrangeHRM/i_-- Select --_oxd-icon bi-caret-up-fill ox_627fec' is clicked on

27-12-2024T09:46:14 - [MESSAGE][PASSED] - Object: 'Object Repository/Employee-Onboarding/Employee_Contact_Details/Page_OrangeHRM/i_-- Select --_oxd-icon bi-caret-up-fill ox_627fec' is clicked on

27-12-2024T09:46:14 - [TEST_STEP][PASSED] - click(findTestObject("Employee-Onboarding/Employee_Salary_Detail_Objects/Page_OrangeHRM/custom_object_for_dropdown", ["value":Country])): Object: 'Object Repository/Employee-Onboarding/Employee_Salary_Detail_Objects/Page_OrangeHRM/custom_object_for_dropdown' is clicked on

27-12-2024T09:46:14 - [MESSAGE][PASSED] - Object: 'Object Repository/Employee-Onboarding/Employee_Salary_Detail_Objects/Page_OrangeHRM/custom_object_for_dropdown' is clicked on

27-12-2024T09:46:14 - [TEST_STEP][PASSED] - setText(findTestObject("Object Repository/Employee-Onboarding/Employee_Contact_Details/Page_OrangeHRM/input_Home_oxd-input oxd-input--focus"), Tel_Home): Text '406-247-3803' is set on object 'Object Repository/Employee-Onboarding/Employee_Contact_Details/Page_OrangeHRM/input_Home_oxd-input oxd-input--focus'

27-12-2024T09:46:15 - [MESSAGE][PASSED] - Text '406-247-3803' is set on object 'Object Repository/Employee-Onboarding/Employee_Contact_Details/Page_OrangeHRM/input_Home_oxd-input oxd-input--focus'

27-12-2024T09:46:15 - [TEST_STEP][PASSED] - setText(findTestObject("Object Repository/Employee-Onboarding/Employee_Contact_Details/Page_OrangeHRM/input_Mobile_oxd-input oxd-input--focus"), Tell_Mobile): Text '(700)409-1144' is set on object 'Object Repository/Employee-Onboarding/Employee_Contact_Details/Page_OrangeHRM/input_Mobile_oxd-input oxd-input--focus'

27-12-2024T09:46:15 - [MESSAGE][PASSED] - Text '(700)409-1144' is set on object 'Object Repository/Employee-Onboarding/Employee_Contact_Details/Page_OrangeHRM/input_Mobile_oxd-input oxd-input--focus'

27-12-2024T09:46:15 - [TEST_STEP][PASSED] - setText(findTestObject("Object Repository/Employee-Onboarding/Employee_Contact_Details/Page_OrangeHRM/input_Work_oxd-input oxd-input--focus"), Tel_Work): Text '452-678-1290' is set on object 'Object Repository/Employee-Onboarding/Employee_Contact_Details/Page_OrangeHRM/input_Work_oxd-input oxd-input--focus'

27-12-2024T09:46:16 - [MESSAGE][PASSED] - Text '452-678-1290' is set on object 'Object Repository/Employee-Onboarding/Employee_Contact_Details/Page_OrangeHRM/input_Work_oxd-input oxd-input--focus'

27-12-2024T09:46:16 - [TEST_STEP][PASSED] - setText(findTestObject("Object Repository/Employee-Onboarding/Employee_Contact_Details/Page_OrangeHRM/input_Work Email_oxd-input oxd-input--active"), Email_Work): Text 'sara.burns@elliott.net' is set on object 'Object Repository/Employee-Onboarding/Employee_Contact_Details/Page_OrangeHRM/input_Work Email_oxd-input oxd-input--active'

27-12-2024T09:46:16 - [MESSAGE][PASSED] - Text 'sara.burns@elliott.net' is set on object 'Object Repository/Employee-Onboarding/Employee_Contact_Details/Page_OrangeHRM/input_Work Email_oxd-input oxd-input--active'

27-12-2024T09:46:16 - [TEST_STEP][PASSED] - setText(findTestObject("Object Repository/Employee-Onboarding/Employee_Contact_Details/Page_OrangeHRM/input_Other Email_oxd-input oxd-input--focu_8ec2d9"), Email_Other): Text 'sara.burns@emulatedmailhub.net' is set on object 'Object Repository/Employee-Onboarding/Employee_Contact_Details/Page_OrangeHRM/input_Other Email_oxd-input oxd-input--focu_8ec2d9'

27-12-2024T09:46:18 - [MESSAGE][PASSED] - Text 'sara.burns@emulatedmailhub.net' is set on object 'Object Repository/Employee-Onboarding/Employee_Contact_Details/Page_OrangeHRM/input_Other Email_oxd-input oxd-input--focu_8ec2d9'

27-12-2024T09:46:18 - [TEST_STEP][PASSED] - click(findTestObject("Object Repository/Employee-Onboarding/Employee_Contact_Details/Page_OrangeHRM/button_Save")): Object: 'Object Repository/Employee-Onboarding/Employee_Contact_Details/Page_OrangeHRM/button_Save' is clicked on

27-12-2024T09:46:19 - [MESSAGE][PASSED] - Object: 'Object Repository/Employee-Onboarding/Employee_Contact_Details/Page_OrangeHRM/button_Save' is clicked on]]></system-out>
         <system-err><![CDATA[]]></system-err>
      </testcase>
      <testcase name="Test Cases/Employee_Onboarding/TC_Employee_Contact_Details" time="17.878" classname="Test Cases/Employee_Onboarding/TC_Employee_Contact_Details" status="PASSED">
         <system-out><![CDATA[27-12-2024T09:46:19 - [TEST_CASE][PASSED] - Test Cases/Employee_Onboarding/TC_Employee_Contact_Details: Test Cases/Employee_Onboarding/TC_Employee_Contact_Details

27-12-2024T09:46:19 - [TEST_STEP][PASSED] - click(findTestObject("Object Repository/Employee-Onboarding/Employee_Contact_Details/Page_OrangeHRM/a_PIM")): Object: 'Object Repository/Employee-Onboarding/Employee_Contact_Details/Page_OrangeHRM/a_PIM' is clicked on

27-12-2024T09:46:20 - [MESSAGE][PASSED] - Object: 'Object Repository/Employee-Onboarding/Employee_Contact_Details/Page_OrangeHRM/a_PIM' is clicked on

27-12-2024T09:46:20 - [TEST_STEP][PASSED] - setText(findTestObject("Object Repository/Employee-Onboarding/Employee_Contact_Details/Page_OrangeHRM/input"), Fullname): Text 'Angela Baker' is set on object 'Object Repository/Employee-Onboarding/Employee_Contact_Details/Page_OrangeHRM/input'

27-12-2024T09:46:22 - [MESSAGE][PASSED] - Text 'Angela Baker' is set on object 'Object Repository/Employee-Onboarding/Employee_Contact_Details/Page_OrangeHRM/input'

27-12-2024T09:46:22 - [TEST_STEP][PASSED] - click(findTestObject("Object Repository/Employee-Onboarding/Employee_Contact_Details/Page_OrangeHRM/button_Search")): Object: 'Object Repository/Employee-Onboarding/Employee_Contact_Details/Page_OrangeHRM/button_Search' is clicked on

27-12-2024T09:46:23 - [MESSAGE][PASSED] - Object: 'Object Repository/Employee-Onboarding/Employee_Contact_Details/Page_OrangeHRM/button_Search' is clicked on

27-12-2024T09:46:23 - [TEST_STEP][PASSED] - click(findTestObject("Object Repository/Employee-Onboarding/Employee_Contact_Details/Page_OrangeHRM/div_Actions_oxd-table-cell oxd-padding-cell")): Object: 'Object Repository/Employee-Onboarding/Employee_Contact_Details/Page_OrangeHRM/div_Actions_oxd-table-cell oxd-padding-cell' is clicked on

27-12-2024T09:46:24 - [MESSAGE][PASSED] - Object: 'Object Repository/Employee-Onboarding/Employee_Contact_Details/Page_OrangeHRM/div_Actions_oxd-table-cell oxd-padding-cell' is clicked on

27-12-2024T09:46:24 - [TEST_STEP][PASSED] - click(findTestObject("Object Repository/Employee-Onboarding/Employee_Contact_Details/Page_OrangeHRM/a_Contact Details")): Object: 'Object Repository/Employee-Onboarding/Employee_Contact_Details/Page_OrangeHRM/a_Contact Details' is clicked on

27-12-2024T09:46:27 - [MESSAGE][PASSED] - Object: 'Object Repository/Employee-Onboarding/Employee_Contact_Details/Page_OrangeHRM/a_Contact Details' is clicked on

27-12-2024T09:46:27 - [TEST_STEP][PASSED] - setText(findTestObject("Object Repository/Employee-Onboarding/Employee_Contact_Details/Page_OrangeHRM/input_Street 1_oxd-input oxd-input--focus"), Street1): Text '720 Julian Causeway Suite 743' is set on object 'Object Repository/Employee-Onboarding/Employee_Contact_Details/Page_OrangeHRM/input_Street 1_oxd-input oxd-input--focus'

27-12-2024T09:46:29 - [MESSAGE][PASSED] - Text '720 Julian Causeway Suite 743' is set on object 'Object Repository/Employee-Onboarding/Employee_Contact_Details/Page_OrangeHRM/input_Street 1_oxd-input oxd-input--focus'

27-12-2024T09:46:29 - [TEST_STEP][PASSED] - setText(findTestObject("Object Repository/Employee-Onboarding/Employee_Contact_Details/Page_OrangeHRM/input_Street 2_oxd-input oxd-input--active"), Street2): Text 'Suite 956' is set on object 'Object Repository/Employee-Onboarding/Employee_Contact_Details/Page_OrangeHRM/input_Street 2_oxd-input oxd-input--active'

27-12-2024T09:46:30 - [MESSAGE][PASSED] - Text 'Suite 956' is set on object 'Object Repository/Employee-Onboarding/Employee_Contact_Details/Page_OrangeHRM/input_Street 2_oxd-input oxd-input--active'

27-12-2024T09:46:30 - [TEST_STEP][PASSED] - setText(findTestObject("Object Repository/Employee-Onboarding/Employee_Contact_Details/Page_OrangeHRM/input_City_oxd-input oxd-input--active"), City): Text 'Samanthaberg' is set on object 'Object Repository/Employee-Onboarding/Employee_Contact_Details/Page_OrangeHRM/input_City_oxd-input oxd-input--active'

27-12-2024T09:46:30 - [MESSAGE][PASSED] - Text 'Samanthaberg' is set on object 'Object Repository/Employee-Onboarding/Employee_Contact_Details/Page_OrangeHRM/input_City_oxd-input oxd-input--active'

27-12-2024T09:46:30 - [TEST_STEP][PASSED] - setText(findTestObject("Object Repository/Employee-Onboarding/Employee_Contact_Details/Page_OrangeHRM/input_StateProvince_oxd-input oxd-input--active"), State): Text 'Arkansas' is set on object 'Object Repository/Employee-Onboarding/Employee_Contact_Details/Page_OrangeHRM/input_StateProvince_oxd-input oxd-input--active'

27-12-2024T09:46:31 - [MESSAGE][PASSED] - Text 'Arkansas' is set on object 'Object Repository/Employee-Onboarding/Employee_Contact_Details/Page_OrangeHRM/input_StateProvince_oxd-input oxd-input--active'

27-12-2024T09:46:31 - [TEST_STEP][PASSED] - setText(findTestObject("Object Repository/Employee-Onboarding/Employee_Contact_Details/Page_OrangeHRM/input_ZipPostal Code_oxd-input oxd-input--active"), ZipCode): Text '29352' is set on object 'Object Repository/Employee-Onboarding/Employee_Contact_Details/Page_OrangeHRM/input_ZipPostal Code_oxd-input oxd-input--active'

27-12-2024T09:46:31 - [MESSAGE][PASSED] - Text '29352' is set on object 'Object Repository/Employee-Onboarding/Employee_Contact_Details/Page_OrangeHRM/input_ZipPostal Code_oxd-input oxd-input--active'

27-12-2024T09:46:31 - [TEST_STEP][PASSED] - click(findTestObject("Object Repository/Employee-Onboarding/Employee_Contact_Details/Page_OrangeHRM/i_-- Select --_oxd-icon bi-caret-up-fill ox_627fec")): Object: 'Object Repository/Employee-Onboarding/Employee_Contact_Details/Page_OrangeHRM/i_-- Select --_oxd-icon bi-caret-up-fill ox_627fec' is clicked on

27-12-2024T09:46:32 - [MESSAGE][PASSED] - Object: 'Object Repository/Employee-Onboarding/Employee_Contact_Details/Page_OrangeHRM/i_-- Select --_oxd-icon bi-caret-up-fill ox_627fec' is clicked on

27-12-2024T09:46:32 - [TEST_STEP][PASSED] - click(findTestObject("Employee-Onboarding/Employee_Salary_Detail_Objects/Page_OrangeHRM/custom_object_for_dropdown", ["value":Country])): Object: 'Object Repository/Employee-Onboarding/Employee_Salary_Detail_Objects/Page_OrangeHRM/custom_object_for_dropdown' is clicked on

27-12-2024T09:46:32 - [MESSAGE][PASSED] - Object: 'Object Repository/Employee-Onboarding/Employee_Salary_Detail_Objects/Page_OrangeHRM/custom_object_for_dropdown' is clicked on

27-12-2024T09:46:32 - [TEST_STEP][PASSED] - setText(findTestObject("Object Repository/Employee-Onboarding/Employee_Contact_Details/Page_OrangeHRM/input_Home_oxd-input oxd-input--focus"), Tel_Home): Text '200-607-3816' is set on object 'Object Repository/Employee-Onboarding/Employee_Contact_Details/Page_OrangeHRM/input_Home_oxd-input oxd-input--focus'

27-12-2024T09:46:33 - [MESSAGE][PASSED] - Text '200-607-3816' is set on object 'Object Repository/Employee-Onboarding/Employee_Contact_Details/Page_OrangeHRM/input_Home_oxd-input oxd-input--focus'

27-12-2024T09:46:33 - [TEST_STEP][PASSED] - setText(findTestObject("Object Repository/Employee-Onboarding/Employee_Contact_Details/Page_OrangeHRM/input_Mobile_oxd-input oxd-input--focus"), Tell_Mobile): Text '001-522-738-7044' is set on object 'Object Repository/Employee-Onboarding/Employee_Contact_Details/Page_OrangeHRM/input_Mobile_oxd-input oxd-input--focus'

27-12-2024T09:46:33 - [MESSAGE][PASSED] - Text '001-522-738-7044' is set on object 'Object Repository/Employee-Onboarding/Employee_Contact_Details/Page_OrangeHRM/input_Mobile_oxd-input oxd-input--focus'

27-12-2024T09:46:33 - [TEST_STEP][PASSED] - setText(findTestObject("Object Repository/Employee-Onboarding/Employee_Contact_Details/Page_OrangeHRM/input_Work_oxd-input oxd-input--focus"), Tel_Work): Text '298-678-5123' is set on object 'Object Repository/Employee-Onboarding/Employee_Contact_Details/Page_OrangeHRM/input_Work_oxd-input oxd-input--focus'

27-12-2024T09:46:34 - [MESSAGE][PASSED] - Text '298-678-5123' is set on object 'Object Repository/Employee-Onboarding/Employee_Contact_Details/Page_OrangeHRM/input_Work_oxd-input oxd-input--focus'

27-12-2024T09:46:34 - [TEST_STEP][PASSED] - setText(findTestObject("Object Repository/Employee-Onboarding/Employee_Contact_Details/Page_OrangeHRM/input_Work Email_oxd-input oxd-input--active"), Email_Work): Text 'angela.baker@ross-mccarty.com' is set on object 'Object Repository/Employee-Onboarding/Employee_Contact_Details/Page_OrangeHRM/input_Work Email_oxd-input oxd-input--active'

27-12-2024T09:46:34 - [MESSAGE][PASSED] - Text 'angela.baker@ross-mccarty.com' is set on object 'Object Repository/Employee-Onboarding/Employee_Contact_Details/Page_OrangeHRM/input_Work Email_oxd-input oxd-input--active'

27-12-2024T09:46:34 - [TEST_STEP][PASSED] - setText(findTestObject("Object Repository/Employee-Onboarding/Employee_Contact_Details/Page_OrangeHRM/input_Other Email_oxd-input oxd-input--focu_8ec2d9"), Email_Other): Text 'angela.baker@fakezone.org' is set on object 'Object Repository/Employee-Onboarding/Employee_Contact_Details/Page_OrangeHRM/input_Other Email_oxd-input oxd-input--focu_8ec2d9'

27-12-2024T09:46:36 - [MESSAGE][PASSED] - Text 'angela.baker@fakezone.org' is set on object 'Object Repository/Employee-Onboarding/Employee_Contact_Details/Page_OrangeHRM/input_Other Email_oxd-input oxd-input--focu_8ec2d9'

27-12-2024T09:46:36 - [TEST_STEP][PASSED] - click(findTestObject("Object Repository/Employee-Onboarding/Employee_Contact_Details/Page_OrangeHRM/button_Save")): Object: 'Object Repository/Employee-Onboarding/Employee_Contact_Details/Page_OrangeHRM/button_Save' is clicked on

27-12-2024T09:46:36 - [MESSAGE][PASSED] - Object: 'Object Repository/Employee-Onboarding/Employee_Contact_Details/Page_OrangeHRM/button_Save' is clicked on]]></system-out>
         <system-err><![CDATA[]]></system-err>
      </testcase>
      <testcase name="Test Cases/Employee_Onboarding/TC_Employee_Contact_Details" time="19.234" classname="Test Cases/Employee_Onboarding/TC_Employee_Contact_Details" status="PASSED">
         <system-out><![CDATA[27-12-2024T09:46:36 - [TEST_CASE][PASSED] - Test Cases/Employee_Onboarding/TC_Employee_Contact_Details: Test Cases/Employee_Onboarding/TC_Employee_Contact_Details

27-12-2024T09:46:36 - [TEST_STEP][PASSED] - click(findTestObject("Object Repository/Employee-Onboarding/Employee_Contact_Details/Page_OrangeHRM/a_PIM")): Object: 'Object Repository/Employee-Onboarding/Employee_Contact_Details/Page_OrangeHRM/a_PIM' is clicked on

27-12-2024T09:46:38 - [MESSAGE][PASSED] - Object: 'Object Repository/Employee-Onboarding/Employee_Contact_Details/Page_OrangeHRM/a_PIM' is clicked on

27-12-2024T09:46:38 - [TEST_STEP][PASSED] - setText(findTestObject("Object Repository/Employee-Onboarding/Employee_Contact_Details/Page_OrangeHRM/input"), Fullname): Text 'Connie Jones' is set on object 'Object Repository/Employee-Onboarding/Employee_Contact_Details/Page_OrangeHRM/input'

27-12-2024T09:46:40 - [MESSAGE][PASSED] - Text 'Connie Jones' is set on object 'Object Repository/Employee-Onboarding/Employee_Contact_Details/Page_OrangeHRM/input'

27-12-2024T09:46:40 - [TEST_STEP][PASSED] - click(findTestObject("Object Repository/Employee-Onboarding/Employee_Contact_Details/Page_OrangeHRM/button_Search")): Object: 'Object Repository/Employee-Onboarding/Employee_Contact_Details/Page_OrangeHRM/button_Search' is clicked on

27-12-2024T09:46:40 - [MESSAGE][PASSED] - Object: 'Object Repository/Employee-Onboarding/Employee_Contact_Details/Page_OrangeHRM/button_Search' is clicked on

27-12-2024T09:46:40 - [TEST_STEP][PASSED] - click(findTestObject("Object Repository/Employee-Onboarding/Employee_Contact_Details/Page_OrangeHRM/div_Actions_oxd-table-cell oxd-padding-cell")): Object: 'Object Repository/Employee-Onboarding/Employee_Contact_Details/Page_OrangeHRM/div_Actions_oxd-table-cell oxd-padding-cell' is clicked on

27-12-2024T09:46:42 - [MESSAGE][PASSED] - Object: 'Object Repository/Employee-Onboarding/Employee_Contact_Details/Page_OrangeHRM/div_Actions_oxd-table-cell oxd-padding-cell' is clicked on

27-12-2024T09:46:42 - [TEST_STEP][PASSED] - click(findTestObject("Object Repository/Employee-Onboarding/Employee_Contact_Details/Page_OrangeHRM/a_Contact Details")): Object: 'Object Repository/Employee-Onboarding/Employee_Contact_Details/Page_OrangeHRM/a_Contact Details' is clicked on

27-12-2024T09:46:45 - [MESSAGE][PASSED] - Object: 'Object Repository/Employee-Onboarding/Employee_Contact_Details/Page_OrangeHRM/a_Contact Details' is clicked on

27-12-2024T09:46:45 - [TEST_STEP][PASSED] - setText(findTestObject("Object Repository/Employee-Onboarding/Employee_Contact_Details/Page_OrangeHRM/input_Street 1_oxd-input oxd-input--focus"), Street1): Text '701 Lindsey Trail' is set on object 'Object Repository/Employee-Onboarding/Employee_Contact_Details/Page_OrangeHRM/input_Street 1_oxd-input oxd-input--focus'

27-12-2024T09:46:48 - [MESSAGE][PASSED] - Text '701 Lindsey Trail' is set on object 'Object Repository/Employee-Onboarding/Employee_Contact_Details/Page_OrangeHRM/input_Street 1_oxd-input oxd-input--focus'

27-12-2024T09:46:48 - [TEST_STEP][PASSED] - setText(findTestObject("Object Repository/Employee-Onboarding/Employee_Contact_Details/Page_OrangeHRM/input_Street 2_oxd-input oxd-input--active"), Street2): Text 'Apt. 391' is set on object 'Object Repository/Employee-Onboarding/Employee_Contact_Details/Page_OrangeHRM/input_Street 2_oxd-input oxd-input--active'

27-12-2024T09:46:48 - [MESSAGE][PASSED] - Text 'Apt. 391' is set on object 'Object Repository/Employee-Onboarding/Employee_Contact_Details/Page_OrangeHRM/input_Street 2_oxd-input oxd-input--active'

27-12-2024T09:46:48 - [TEST_STEP][PASSED] - setText(findTestObject("Object Repository/Employee-Onboarding/Employee_Contact_Details/Page_OrangeHRM/input_City_oxd-input oxd-input--active"), City): Text 'Port Stevenland' is set on object 'Object Repository/Employee-Onboarding/Employee_Contact_Details/Page_OrangeHRM/input_City_oxd-input oxd-input--active'

27-12-2024T09:46:49 - [MESSAGE][PASSED] - Text 'Port Stevenland' is set on object 'Object Repository/Employee-Onboarding/Employee_Contact_Details/Page_OrangeHRM/input_City_oxd-input oxd-input--active'

27-12-2024T09:46:49 - [TEST_STEP][PASSED] - setText(findTestObject("Object Repository/Employee-Onboarding/Employee_Contact_Details/Page_OrangeHRM/input_StateProvince_oxd-input oxd-input--active"), State): Text 'New York' is set on object 'Object Repository/Employee-Onboarding/Employee_Contact_Details/Page_OrangeHRM/input_StateProvince_oxd-input oxd-input--active'

27-12-2024T09:46:49 - [MESSAGE][PASSED] - Text 'New York' is set on object 'Object Repository/Employee-Onboarding/Employee_Contact_Details/Page_OrangeHRM/input_StateProvince_oxd-input oxd-input--active'

27-12-2024T09:46:49 - [TEST_STEP][PASSED] - setText(findTestObject("Object Repository/Employee-Onboarding/Employee_Contact_Details/Page_OrangeHRM/input_ZipPostal Code_oxd-input oxd-input--active"), ZipCode): Text '29023' is set on object 'Object Repository/Employee-Onboarding/Employee_Contact_Details/Page_OrangeHRM/input_ZipPostal Code_oxd-input oxd-input--active'

27-12-2024T09:46:50 - [MESSAGE][PASSED] - Text '29023' is set on object 'Object Repository/Employee-Onboarding/Employee_Contact_Details/Page_OrangeHRM/input_ZipPostal Code_oxd-input oxd-input--active'

27-12-2024T09:46:50 - [TEST_STEP][PASSED] - click(findTestObject("Object Repository/Employee-Onboarding/Employee_Contact_Details/Page_OrangeHRM/i_-- Select --_oxd-icon bi-caret-up-fill ox_627fec")): Object: 'Object Repository/Employee-Onboarding/Employee_Contact_Details/Page_OrangeHRM/i_-- Select --_oxd-icon bi-caret-up-fill ox_627fec' is clicked on

27-12-2024T09:46:50 - [MESSAGE][PASSED] - Object: 'Object Repository/Employee-Onboarding/Employee_Contact_Details/Page_OrangeHRM/i_-- Select --_oxd-icon bi-caret-up-fill ox_627fec' is clicked on

27-12-2024T09:46:50 - [TEST_STEP][PASSED] - click(findTestObject("Employee-Onboarding/Employee_Salary_Detail_Objects/Page_OrangeHRM/custom_object_for_dropdown", ["value":Country])): Object: 'Object Repository/Employee-Onboarding/Employee_Salary_Detail_Objects/Page_OrangeHRM/custom_object_for_dropdown' is clicked on

27-12-2024T09:46:51 - [MESSAGE][PASSED] - Object: 'Object Repository/Employee-Onboarding/Employee_Salary_Detail_Objects/Page_OrangeHRM/custom_object_for_dropdown' is clicked on

27-12-2024T09:46:51 - [TEST_STEP][PASSED] - setText(findTestObject("Object Repository/Employee-Onboarding/Employee_Contact_Details/Page_OrangeHRM/input_Home_oxd-input oxd-input--focus"), Tel_Home): Text '001-682-747-1737' is set on object 'Object Repository/Employee-Onboarding/Employee_Contact_Details/Page_OrangeHRM/input_Home_oxd-input oxd-input--focus'

27-12-2024T09:46:51 - [MESSAGE][PASSED] - Text '001-682-747-1737' is set on object 'Object Repository/Employee-Onboarding/Employee_Contact_Details/Page_OrangeHRM/input_Home_oxd-input oxd-input--focus'

27-12-2024T09:46:51 - [TEST_STEP][PASSED] - setText(findTestObject("Object Repository/Employee-Onboarding/Employee_Contact_Details/Page_OrangeHRM/input_Mobile_oxd-input oxd-input--focus"), Tell_Mobile): Text '001-440-822-1643' is set on object 'Object Repository/Employee-Onboarding/Employee_Contact_Details/Page_OrangeHRM/input_Mobile_oxd-input oxd-input--focus'

27-12-2024T09:46:52 - [MESSAGE][PASSED] - Text '001-440-822-1643' is set on object 'Object Repository/Employee-Onboarding/Employee_Contact_Details/Page_OrangeHRM/input_Mobile_oxd-input oxd-input--focus'

27-12-2024T09:46:52 - [TEST_STEP][PASSED] - setText(findTestObject("Object Repository/Employee-Onboarding/Employee_Contact_Details/Page_OrangeHRM/input_Work_oxd-input oxd-input--focus"), Tel_Work): Text '310-653-2839' is set on object 'Object Repository/Employee-Onboarding/Employee_Contact_Details/Page_OrangeHRM/input_Work_oxd-input oxd-input--focus'

27-12-2024T09:46:53 - [MESSAGE][PASSED] - Text '310-653-2839' is set on object 'Object Repository/Employee-Onboarding/Employee_Contact_Details/Page_OrangeHRM/input_Work_oxd-input oxd-input--focus'

27-12-2024T09:46:53 - [TEST_STEP][PASSED] - setText(findTestObject("Object Repository/Employee-Onboarding/Employee_Contact_Details/Page_OrangeHRM/input_Work Email_oxd-input oxd-input--active"), Email_Work): Text 'connie.jones@rice.biz' is set on object 'Object Repository/Employee-Onboarding/Employee_Contact_Details/Page_OrangeHRM/input_Work Email_oxd-input oxd-input--active'

27-12-2024T09:46:53 - [MESSAGE][PASSED] - Text 'connie.jones@rice.biz' is set on object 'Object Repository/Employee-Onboarding/Employee_Contact_Details/Page_OrangeHRM/input_Work Email_oxd-input oxd-input--active'

27-12-2024T09:46:53 - [TEST_STEP][PASSED] - setText(findTestObject("Object Repository/Employee-Onboarding/Employee_Contact_Details/Page_OrangeHRM/input_Other Email_oxd-input oxd-input--focu_8ec2d9"), Email_Other): Text 'connie.jones@mockmailplace.com' is set on object 'Object Repository/Employee-Onboarding/Employee_Contact_Details/Page_OrangeHRM/input_Other Email_oxd-input oxd-input--focu_8ec2d9'

27-12-2024T09:46:55 - [MESSAGE][PASSED] - Text 'connie.jones@mockmailplace.com' is set on object 'Object Repository/Employee-Onboarding/Employee_Contact_Details/Page_OrangeHRM/input_Other Email_oxd-input oxd-input--focu_8ec2d9'

27-12-2024T09:46:55 - [TEST_STEP][PASSED] - click(findTestObject("Object Repository/Employee-Onboarding/Employee_Contact_Details/Page_OrangeHRM/button_Save")): Object: 'Object Repository/Employee-Onboarding/Employee_Contact_Details/Page_OrangeHRM/button_Save' is clicked on

27-12-2024T09:46:56 - [MESSAGE][PASSED] - Object: 'Object Repository/Employee-Onboarding/Employee_Contact_Details/Page_OrangeHRM/button_Save' is clicked on]]></system-out>
         <system-err><![CDATA[]]></system-err>
      </testcase>
      <testcase name="Test Cases/Employee_Onboarding/TC_Employee_Contact_Details" time="18.097" classname="Test Cases/Employee_Onboarding/TC_Employee_Contact_Details" status="PASSED">
         <system-out><![CDATA[27-12-2024T09:46:56 - [TEST_CASE][PASSED] - Test Cases/Employee_Onboarding/TC_Employee_Contact_Details: Test Cases/Employee_Onboarding/TC_Employee_Contact_Details

27-12-2024T09:46:56 - [TEST_STEP][PASSED] - click(findTestObject("Object Repository/Employee-Onboarding/Employee_Contact_Details/Page_OrangeHRM/a_PIM")): Object: 'Object Repository/Employee-Onboarding/Employee_Contact_Details/Page_OrangeHRM/a_PIM' is clicked on

27-12-2024T09:46:57 - [MESSAGE][PASSED] - Object: 'Object Repository/Employee-Onboarding/Employee_Contact_Details/Page_OrangeHRM/a_PIM' is clicked on

27-12-2024T09:46:57 - [TEST_STEP][PASSED] - setText(findTestObject("Object Repository/Employee-Onboarding/Employee_Contact_Details/Page_OrangeHRM/input"), Fullname): Text 'Jimmy Wilson' is set on object 'Object Repository/Employee-Onboarding/Employee_Contact_Details/Page_OrangeHRM/input'

27-12-2024T09:46:59 - [MESSAGE][PASSED] - Text 'Jimmy Wilson' is set on object 'Object Repository/Employee-Onboarding/Employee_Contact_Details/Page_OrangeHRM/input'

27-12-2024T09:46:59 - [TEST_STEP][PASSED] - click(findTestObject("Object Repository/Employee-Onboarding/Employee_Contact_Details/Page_OrangeHRM/button_Search")): Object: 'Object Repository/Employee-Onboarding/Employee_Contact_Details/Page_OrangeHRM/button_Search' is clicked on

27-12-2024T09:47:00 - [MESSAGE][PASSED] - Object: 'Object Repository/Employee-Onboarding/Employee_Contact_Details/Page_OrangeHRM/button_Search' is clicked on

27-12-2024T09:47:00 - [TEST_STEP][PASSED] - click(findTestObject("Object Repository/Employee-Onboarding/Employee_Contact_Details/Page_OrangeHRM/div_Actions_oxd-table-cell oxd-padding-cell")): Object: 'Object Repository/Employee-Onboarding/Employee_Contact_Details/Page_OrangeHRM/div_Actions_oxd-table-cell oxd-padding-cell' is clicked on

27-12-2024T09:47:01 - [MESSAGE][PASSED] - Object: 'Object Repository/Employee-Onboarding/Employee_Contact_Details/Page_OrangeHRM/div_Actions_oxd-table-cell oxd-padding-cell' is clicked on

27-12-2024T09:47:01 - [TEST_STEP][PASSED] - click(findTestObject("Object Repository/Employee-Onboarding/Employee_Contact_Details/Page_OrangeHRM/a_Contact Details")): Object: 'Object Repository/Employee-Onboarding/Employee_Contact_Details/Page_OrangeHRM/a_Contact Details' is clicked on

27-12-2024T09:47:05 - [MESSAGE][PASSED] - Object: 'Object Repository/Employee-Onboarding/Employee_Contact_Details/Page_OrangeHRM/a_Contact Details' is clicked on

27-12-2024T09:47:05 - [TEST_STEP][PASSED] - setText(findTestObject("Object Repository/Employee-Onboarding/Employee_Contact_Details/Page_OrangeHRM/input_Street 1_oxd-input oxd-input--focus"), Street1): Text '828 Jessica Pass' is set on object 'Object Repository/Employee-Onboarding/Employee_Contact_Details/Page_OrangeHRM/input_Street 1_oxd-input oxd-input--focus'

27-12-2024T09:47:07 - [MESSAGE][PASSED] - Text '828 Jessica Pass' is set on object 'Object Repository/Employee-Onboarding/Employee_Contact_Details/Page_OrangeHRM/input_Street 1_oxd-input oxd-input--focus'

27-12-2024T09:47:07 - [TEST_STEP][PASSED] - setText(findTestObject("Object Repository/Employee-Onboarding/Employee_Contact_Details/Page_OrangeHRM/input_Street 2_oxd-input oxd-input--active"), Street2): Text 'Suite 221' is set on object 'Object Repository/Employee-Onboarding/Employee_Contact_Details/Page_OrangeHRM/input_Street 2_oxd-input oxd-input--active'

27-12-2024T09:47:07 - [MESSAGE][PASSED] - Text 'Suite 221' is set on object 'Object Repository/Employee-Onboarding/Employee_Contact_Details/Page_OrangeHRM/input_Street 2_oxd-input oxd-input--active'

27-12-2024T09:47:07 - [TEST_STEP][PASSED] - setText(findTestObject("Object Repository/Employee-Onboarding/Employee_Contact_Details/Page_OrangeHRM/input_City_oxd-input oxd-input--active"), City): Text 'Amandamouth' is set on object 'Object Repository/Employee-Onboarding/Employee_Contact_Details/Page_OrangeHRM/input_City_oxd-input oxd-input--active'

27-12-2024T09:47:08 - [MESSAGE][PASSED] - Text 'Amandamouth' is set on object 'Object Repository/Employee-Onboarding/Employee_Contact_Details/Page_OrangeHRM/input_City_oxd-input oxd-input--active'

27-12-2024T09:47:08 - [TEST_STEP][PASSED] - setText(findTestObject("Object Repository/Employee-Onboarding/Employee_Contact_Details/Page_OrangeHRM/input_StateProvince_oxd-input oxd-input--active"), State): Text 'Nebraska' is set on object 'Object Repository/Employee-Onboarding/Employee_Contact_Details/Page_OrangeHRM/input_StateProvince_oxd-input oxd-input--active'

27-12-2024T09:47:08 - [MESSAGE][PASSED] - Text 'Nebraska' is set on object 'Object Repository/Employee-Onboarding/Employee_Contact_Details/Page_OrangeHRM/input_StateProvince_oxd-input oxd-input--active'

27-12-2024T09:47:08 - [TEST_STEP][PASSED] - setText(findTestObject("Object Repository/Employee-Onboarding/Employee_Contact_Details/Page_OrangeHRM/input_ZipPostal Code_oxd-input oxd-input--active"), ZipCode): Text '48047' is set on object 'Object Repository/Employee-Onboarding/Employee_Contact_Details/Page_OrangeHRM/input_ZipPostal Code_oxd-input oxd-input--active'

27-12-2024T09:47:09 - [MESSAGE][PASSED] - Text '48047' is set on object 'Object Repository/Employee-Onboarding/Employee_Contact_Details/Page_OrangeHRM/input_ZipPostal Code_oxd-input oxd-input--active'

27-12-2024T09:47:09 - [TEST_STEP][PASSED] - click(findTestObject("Object Repository/Employee-Onboarding/Employee_Contact_Details/Page_OrangeHRM/i_-- Select --_oxd-icon bi-caret-up-fill ox_627fec")): Object: 'Object Repository/Employee-Onboarding/Employee_Contact_Details/Page_OrangeHRM/i_-- Select --_oxd-icon bi-caret-up-fill ox_627fec' is clicked on

27-12-2024T09:47:09 - [MESSAGE][PASSED] - Object: 'Object Repository/Employee-Onboarding/Employee_Contact_Details/Page_OrangeHRM/i_-- Select --_oxd-icon bi-caret-up-fill ox_627fec' is clicked on

27-12-2024T09:47:09 - [TEST_STEP][PASSED] - click(findTestObject("Employee-Onboarding/Employee_Salary_Detail_Objects/Page_OrangeHRM/custom_object_for_dropdown", ["value":Country])): Object: 'Object Repository/Employee-Onboarding/Employee_Salary_Detail_Objects/Page_OrangeHRM/custom_object_for_dropdown' is clicked on

27-12-2024T09:47:10 - [MESSAGE][PASSED] - Object: 'Object Repository/Employee-Onboarding/Employee_Salary_Detail_Objects/Page_OrangeHRM/custom_object_for_dropdown' is clicked on

27-12-2024T09:47:10 - [TEST_STEP][PASSED] - setText(findTestObject("Object Repository/Employee-Onboarding/Employee_Contact_Details/Page_OrangeHRM/input_Home_oxd-input oxd-input--focus"), Tel_Home): Text '855-996-5548' is set on object 'Object Repository/Employee-Onboarding/Employee_Contact_Details/Page_OrangeHRM/input_Home_oxd-input oxd-input--focus'

27-12-2024T09:47:10 - [MESSAGE][PASSED] - Text '855-996-5548' is set on object 'Object Repository/Employee-Onboarding/Employee_Contact_Details/Page_OrangeHRM/input_Home_oxd-input oxd-input--focus'

27-12-2024T09:47:10 - [TEST_STEP][PASSED] - setText(findTestObject("Object Repository/Employee-Onboarding/Employee_Contact_Details/Page_OrangeHRM/input_Mobile_oxd-input oxd-input--focus"), Tell_Mobile): Text '625-539-8531' is set on object 'Object Repository/Employee-Onboarding/Employee_Contact_Details/Page_OrangeHRM/input_Mobile_oxd-input oxd-input--focus'

27-12-2024T09:47:11 - [MESSAGE][PASSED] - Text '625-539-8531' is set on object 'Object Repository/Employee-Onboarding/Employee_Contact_Details/Page_OrangeHRM/input_Mobile_oxd-input oxd-input--focus'

27-12-2024T09:47:11 - [TEST_STEP][PASSED] - setText(findTestObject("Object Repository/Employee-Onboarding/Employee_Contact_Details/Page_OrangeHRM/input_Work_oxd-input oxd-input--focus"), Tel_Work): Text '304-829-6541' is set on object 'Object Repository/Employee-Onboarding/Employee_Contact_Details/Page_OrangeHRM/input_Work_oxd-input oxd-input--focus'

27-12-2024T09:47:11 - [MESSAGE][PASSED] - Text '304-829-6541' is set on object 'Object Repository/Employee-Onboarding/Employee_Contact_Details/Page_OrangeHRM/input_Work_oxd-input oxd-input--focus'

27-12-2024T09:47:11 - [TEST_STEP][PASSED] - setText(findTestObject("Object Repository/Employee-Onboarding/Employee_Contact_Details/Page_OrangeHRM/input_Work Email_oxd-input oxd-input--active"), Email_Work): Text 'jimmy.wilson@bird.com' is set on object 'Object Repository/Employee-Onboarding/Employee_Contact_Details/Page_OrangeHRM/input_Work Email_oxd-input oxd-input--active'

27-12-2024T09:47:12 - [MESSAGE][PASSED] - Text 'jimmy.wilson@bird.com' is set on object 'Object Repository/Employee-Onboarding/Employee_Contact_Details/Page_OrangeHRM/input_Work Email_oxd-input oxd-input--active'

27-12-2024T09:47:12 - [TEST_STEP][PASSED] - setText(findTestObject("Object Repository/Employee-Onboarding/Employee_Contact_Details/Page_OrangeHRM/input_Other Email_oxd-input oxd-input--focu_8ec2d9"), Email_Other): Text 'jimmy.wilson@webemulator.net' is set on object 'Object Repository/Employee-Onboarding/Employee_Contact_Details/Page_OrangeHRM/input_Other Email_oxd-input oxd-input--focu_8ec2d9'

27-12-2024T09:47:13 - [MESSAGE][PASSED] - Text 'jimmy.wilson@webemulator.net' is set on object 'Object Repository/Employee-Onboarding/Employee_Contact_Details/Page_OrangeHRM/input_Other Email_oxd-input oxd-input--focu_8ec2d9'

27-12-2024T09:47:13 - [TEST_STEP][PASSED] - click(findTestObject("Object Repository/Employee-Onboarding/Employee_Contact_Details/Page_OrangeHRM/button_Save")): Object: 'Object Repository/Employee-Onboarding/Employee_Contact_Details/Page_OrangeHRM/button_Save' is clicked on

27-12-2024T09:47:14 - [MESSAGE][PASSED] - Object: 'Object Repository/Employee-Onboarding/Employee_Contact_Details/Page_OrangeHRM/button_Save' is clicked on]]></system-out>
         <system-err><![CDATA[]]></system-err>
      </testcase>
      <testcase name="Test Cases/Employee_Onboarding/TC_Employee_Contact_Details" time="18.403" classname="Test Cases/Employee_Onboarding/TC_Employee_Contact_Details" status="PASSED">
         <system-out><![CDATA[27-12-2024T09:47:14 - [TEST_CASE][PASSED] - Test Cases/Employee_Onboarding/TC_Employee_Contact_Details: Test Cases/Employee_Onboarding/TC_Employee_Contact_Details

27-12-2024T09:47:14 - [TEST_STEP][PASSED] - click(findTestObject("Object Repository/Employee-Onboarding/Employee_Contact_Details/Page_OrangeHRM/a_PIM")): Object: 'Object Repository/Employee-Onboarding/Employee_Contact_Details/Page_OrangeHRM/a_PIM' is clicked on

27-12-2024T09:47:15 - [MESSAGE][PASSED] - Object: 'Object Repository/Employee-Onboarding/Employee_Contact_Details/Page_OrangeHRM/a_PIM' is clicked on

27-12-2024T09:47:15 - [TEST_STEP][PASSED] - setText(findTestObject("Object Repository/Employee-Onboarding/Employee_Contact_Details/Page_OrangeHRM/input"), Fullname): Text 'Susan Anderson' is set on object 'Object Repository/Employee-Onboarding/Employee_Contact_Details/Page_OrangeHRM/input'

27-12-2024T09:47:17 - [MESSAGE][PASSED] - Text 'Susan Anderson' is set on object 'Object Repository/Employee-Onboarding/Employee_Contact_Details/Page_OrangeHRM/input'

27-12-2024T09:47:17 - [TEST_STEP][PASSED] - click(findTestObject("Object Repository/Employee-Onboarding/Employee_Contact_Details/Page_OrangeHRM/button_Search")): Object: 'Object Repository/Employee-Onboarding/Employee_Contact_Details/Page_OrangeHRM/button_Search' is clicked on

27-12-2024T09:47:18 - [MESSAGE][PASSED] - Object: 'Object Repository/Employee-Onboarding/Employee_Contact_Details/Page_OrangeHRM/button_Search' is clicked on

27-12-2024T09:47:18 - [TEST_STEP][PASSED] - click(findTestObject("Object Repository/Employee-Onboarding/Employee_Contact_Details/Page_OrangeHRM/div_Actions_oxd-table-cell oxd-padding-cell")): Object: 'Object Repository/Employee-Onboarding/Employee_Contact_Details/Page_OrangeHRM/div_Actions_oxd-table-cell oxd-padding-cell' is clicked on

27-12-2024T09:47:20 - [MESSAGE][PASSED] - Object: 'Object Repository/Employee-Onboarding/Employee_Contact_Details/Page_OrangeHRM/div_Actions_oxd-table-cell oxd-padding-cell' is clicked on

27-12-2024T09:47:20 - [TEST_STEP][PASSED] - click(findTestObject("Object Repository/Employee-Onboarding/Employee_Contact_Details/Page_OrangeHRM/a_Contact Details")): Object: 'Object Repository/Employee-Onboarding/Employee_Contact_Details/Page_OrangeHRM/a_Contact Details' is clicked on

27-12-2024T09:47:23 - [MESSAGE][PASSED] - Object: 'Object Repository/Employee-Onboarding/Employee_Contact_Details/Page_OrangeHRM/a_Contact Details' is clicked on

27-12-2024T09:47:23 - [TEST_STEP][PASSED] - setText(findTestObject("Object Repository/Employee-Onboarding/Employee_Contact_Details/Page_OrangeHRM/input_Street 1_oxd-input oxd-input--focus"), Street1): Text '5304 Armstrong Plaza Suite 903' is set on object 'Object Repository/Employee-Onboarding/Employee_Contact_Details/Page_OrangeHRM/input_Street 1_oxd-input oxd-input--focus'

27-12-2024T09:47:25 - [MESSAGE][PASSED] - Text '5304 Armstrong Plaza Suite 903' is set on object 'Object Repository/Employee-Onboarding/Employee_Contact_Details/Page_OrangeHRM/input_Street 1_oxd-input oxd-input--focus'

27-12-2024T09:47:25 - [TEST_STEP][PASSED] - setText(findTestObject("Object Repository/Employee-Onboarding/Employee_Contact_Details/Page_OrangeHRM/input_Street 2_oxd-input oxd-input--active"), Street2): Text 'Apt. 776' is set on object 'Object Repository/Employee-Onboarding/Employee_Contact_Details/Page_OrangeHRM/input_Street 2_oxd-input oxd-input--active'

27-12-2024T09:47:26 - [MESSAGE][PASSED] - Text 'Apt. 776' is set on object 'Object Repository/Employee-Onboarding/Employee_Contact_Details/Page_OrangeHRM/input_Street 2_oxd-input oxd-input--active'

27-12-2024T09:47:26 - [TEST_STEP][PASSED] - setText(findTestObject("Object Repository/Employee-Onboarding/Employee_Contact_Details/Page_OrangeHRM/input_City_oxd-input oxd-input--active"), City): Text 'East Charlesfurt' is set on object 'Object Repository/Employee-Onboarding/Employee_Contact_Details/Page_OrangeHRM/input_City_oxd-input oxd-input--active'

27-12-2024T09:47:26 - [MESSAGE][PASSED] - Text 'East Charlesfurt' is set on object 'Object Repository/Employee-Onboarding/Employee_Contact_Details/Page_OrangeHRM/input_City_oxd-input oxd-input--active'

27-12-2024T09:47:26 - [TEST_STEP][PASSED] - setText(findTestObject("Object Repository/Employee-Onboarding/Employee_Contact_Details/Page_OrangeHRM/input_StateProvince_oxd-input oxd-input--active"), State): Text 'Oregon' is set on object 'Object Repository/Employee-Onboarding/Employee_Contact_Details/Page_OrangeHRM/input_StateProvince_oxd-input oxd-input--active'

27-12-2024T09:47:27 - [MESSAGE][PASSED] - Text 'Oregon' is set on object 'Object Repository/Employee-Onboarding/Employee_Contact_Details/Page_OrangeHRM/input_StateProvince_oxd-input oxd-input--active'

27-12-2024T09:47:27 - [TEST_STEP][PASSED] - setText(findTestObject("Object Repository/Employee-Onboarding/Employee_Contact_Details/Page_OrangeHRM/input_ZipPostal Code_oxd-input oxd-input--active"), ZipCode): Text '5923' is set on object 'Object Repository/Employee-Onboarding/Employee_Contact_Details/Page_OrangeHRM/input_ZipPostal Code_oxd-input oxd-input--active'

27-12-2024T09:47:27 - [MESSAGE][PASSED] - Text '5923' is set on object 'Object Repository/Employee-Onboarding/Employee_Contact_Details/Page_OrangeHRM/input_ZipPostal Code_oxd-input oxd-input--active'

27-12-2024T09:47:27 - [TEST_STEP][PASSED] - click(findTestObject("Object Repository/Employee-Onboarding/Employee_Contact_Details/Page_OrangeHRM/i_-- Select --_oxd-icon bi-caret-up-fill ox_627fec")): Object: 'Object Repository/Employee-Onboarding/Employee_Contact_Details/Page_OrangeHRM/i_-- Select --_oxd-icon bi-caret-up-fill ox_627fec' is clicked on

27-12-2024T09:47:27 - [MESSAGE][PASSED] - Object: 'Object Repository/Employee-Onboarding/Employee_Contact_Details/Page_OrangeHRM/i_-- Select --_oxd-icon bi-caret-up-fill ox_627fec' is clicked on

27-12-2024T09:47:27 - [TEST_STEP][PASSED] - click(findTestObject("Employee-Onboarding/Employee_Salary_Detail_Objects/Page_OrangeHRM/custom_object_for_dropdown", ["value":Country])): Object: 'Object Repository/Employee-Onboarding/Employee_Salary_Detail_Objects/Page_OrangeHRM/custom_object_for_dropdown' is clicked on

27-12-2024T09:47:28 - [MESSAGE][PASSED] - Object: 'Object Repository/Employee-Onboarding/Employee_Salary_Detail_Objects/Page_OrangeHRM/custom_object_for_dropdown' is clicked on

27-12-2024T09:47:28 - [TEST_STEP][PASSED] - setText(findTestObject("Object Repository/Employee-Onboarding/Employee_Contact_Details/Page_OrangeHRM/input_Home_oxd-input oxd-input--focus"), Tel_Home): Text '958-580-4426' is set on object 'Object Repository/Employee-Onboarding/Employee_Contact_Details/Page_OrangeHRM/input_Home_oxd-input oxd-input--focus'

27-12-2024T09:47:29 - [MESSAGE][PASSED] - Text '958-580-4426' is set on object 'Object Repository/Employee-Onboarding/Employee_Contact_Details/Page_OrangeHRM/input_Home_oxd-input oxd-input--focus'

27-12-2024T09:47:29 - [TEST_STEP][PASSED] - setText(findTestObject("Object Repository/Employee-Onboarding/Employee_Contact_Details/Page_OrangeHRM/input_Mobile_oxd-input oxd-input--focus"), Tell_Mobile): Text '536-888-7344' is set on object 'Object Repository/Employee-Onboarding/Employee_Contact_Details/Page_OrangeHRM/input_Mobile_oxd-input oxd-input--focus'

27-12-2024T09:47:29 - [MESSAGE][PASSED] - Text '536-888-7344' is set on object 'Object Repository/Employee-Onboarding/Employee_Contact_Details/Page_OrangeHRM/input_Mobile_oxd-input oxd-input--focus'

27-12-2024T09:47:29 - [TEST_STEP][PASSED] - setText(findTestObject("Object Repository/Employee-Onboarding/Employee_Contact_Details/Page_OrangeHRM/input_Work_oxd-input oxd-input--focus"), Tel_Work): Text '437-982-5629' is set on object 'Object Repository/Employee-Onboarding/Employee_Contact_Details/Page_OrangeHRM/input_Work_oxd-input oxd-input--focus'

27-12-2024T09:47:30 - [MESSAGE][PASSED] - Text '437-982-5629' is set on object 'Object Repository/Employee-Onboarding/Employee_Contact_Details/Page_OrangeHRM/input_Work_oxd-input oxd-input--focus'

27-12-2024T09:47:30 - [TEST_STEP][PASSED] - setText(findTestObject("Object Repository/Employee-Onboarding/Employee_Contact_Details/Page_OrangeHRM/input_Work Email_oxd-input oxd-input--active"), Email_Work): Text 'susan.anderson@mosley.com' is set on object 'Object Repository/Employee-Onboarding/Employee_Contact_Details/Page_OrangeHRM/input_Work Email_oxd-input oxd-input--active'

27-12-2024T09:47:30 - [MESSAGE][PASSED] - Text 'susan.anderson@mosley.com' is set on object 'Object Repository/Employee-Onboarding/Employee_Contact_Details/Page_OrangeHRM/input_Work Email_oxd-input oxd-input--active'

27-12-2024T09:47:30 - [TEST_STEP][PASSED] - setText(findTestObject("Object Repository/Employee-Onboarding/Employee_Contact_Details/Page_OrangeHRM/input_Other Email_oxd-input oxd-input--focu_8ec2d9"), Email_Other): Text 'susan.anderson@simulatedplace.com' is set on object 'Object Repository/Employee-Onboarding/Employee_Contact_Details/Page_OrangeHRM/input_Other Email_oxd-input oxd-input--focu_8ec2d9'

27-12-2024T09:47:32 - [MESSAGE][PASSED] - Text 'susan.anderson@simulatedplace.com' is set on object 'Object Repository/Employee-Onboarding/Employee_Contact_Details/Page_OrangeHRM/input_Other Email_oxd-input oxd-input--focu_8ec2d9'

27-12-2024T09:47:32 - [TEST_STEP][PASSED] - click(findTestObject("Object Repository/Employee-Onboarding/Employee_Contact_Details/Page_OrangeHRM/button_Save")): Object: 'Object Repository/Employee-Onboarding/Employee_Contact_Details/Page_OrangeHRM/button_Save' is clicked on

27-12-2024T09:47:32 - [MESSAGE][PASSED] - Object: 'Object Repository/Employee-Onboarding/Employee_Contact_Details/Page_OrangeHRM/button_Save' is clicked on]]></system-out>
         <system-err><![CDATA[]]></system-err>
      </testcase>
      <testcase name="Test Cases/Employee_Onboarding/TC_Employee_Contact_Details" time="18.321" classname="Test Cases/Employee_Onboarding/TC_Employee_Contact_Details" status="PASSED">
         <system-out><![CDATA[27-12-2024T09:47:32 - [TEST_CASE][PASSED] - Test Cases/Employee_Onboarding/TC_Employee_Contact_Details: Test Cases/Employee_Onboarding/TC_Employee_Contact_Details

27-12-2024T09:47:32 - [TEST_STEP][PASSED] - click(findTestObject("Object Repository/Employee-Onboarding/Employee_Contact_Details/Page_OrangeHRM/a_PIM")): Object: 'Object Repository/Employee-Onboarding/Employee_Contact_Details/Page_OrangeHRM/a_PIM' is clicked on

27-12-2024T09:47:33 - [MESSAGE][PASSED] - Object: 'Object Repository/Employee-Onboarding/Employee_Contact_Details/Page_OrangeHRM/a_PIM' is clicked on

27-12-2024T09:47:33 - [TEST_STEP][PASSED] - setText(findTestObject("Object Repository/Employee-Onboarding/Employee_Contact_Details/Page_OrangeHRM/input"), Fullname): Text 'James Harrington' is set on object 'Object Repository/Employee-Onboarding/Employee_Contact_Details/Page_OrangeHRM/input'

27-12-2024T09:47:36 - [MESSAGE][PASSED] - Text 'James Harrington' is set on object 'Object Repository/Employee-Onboarding/Employee_Contact_Details/Page_OrangeHRM/input'

27-12-2024T09:47:36 - [TEST_STEP][PASSED] - click(findTestObject("Object Repository/Employee-Onboarding/Employee_Contact_Details/Page_OrangeHRM/button_Search")): Object: 'Object Repository/Employee-Onboarding/Employee_Contact_Details/Page_OrangeHRM/button_Search' is clicked on

27-12-2024T09:47:36 - [MESSAGE][PASSED] - Object: 'Object Repository/Employee-Onboarding/Employee_Contact_Details/Page_OrangeHRM/button_Search' is clicked on

27-12-2024T09:47:36 - [TEST_STEP][PASSED] - click(findTestObject("Object Repository/Employee-Onboarding/Employee_Contact_Details/Page_OrangeHRM/div_Actions_oxd-table-cell oxd-padding-cell")): Object: 'Object Repository/Employee-Onboarding/Employee_Contact_Details/Page_OrangeHRM/div_Actions_oxd-table-cell oxd-padding-cell' is clicked on

27-12-2024T09:47:38 - [MESSAGE][PASSED] - Object: 'Object Repository/Employee-Onboarding/Employee_Contact_Details/Page_OrangeHRM/div_Actions_oxd-table-cell oxd-padding-cell' is clicked on

27-12-2024T09:47:38 - [TEST_STEP][PASSED] - click(findTestObject("Object Repository/Employee-Onboarding/Employee_Contact_Details/Page_OrangeHRM/a_Contact Details")): Object: 'Object Repository/Employee-Onboarding/Employee_Contact_Details/Page_OrangeHRM/a_Contact Details' is clicked on

27-12-2024T09:47:41 - [MESSAGE][PASSED] - Object: 'Object Repository/Employee-Onboarding/Employee_Contact_Details/Page_OrangeHRM/a_Contact Details' is clicked on

27-12-2024T09:47:41 - [TEST_STEP][PASSED] - setText(findTestObject("Object Repository/Employee-Onboarding/Employee_Contact_Details/Page_OrangeHRM/input_Street 1_oxd-input oxd-input--focus"), Street1): Text '0360 Green Glens Apt. 775' is set on object 'Object Repository/Employee-Onboarding/Employee_Contact_Details/Page_OrangeHRM/input_Street 1_oxd-input oxd-input--focus'

27-12-2024T09:47:44 - [MESSAGE][PASSED] - Text '0360 Green Glens Apt. 775' is set on object 'Object Repository/Employee-Onboarding/Employee_Contact_Details/Page_OrangeHRM/input_Street 1_oxd-input oxd-input--focus'

27-12-2024T09:47:44 - [TEST_STEP][PASSED] - setText(findTestObject("Object Repository/Employee-Onboarding/Employee_Contact_Details/Page_OrangeHRM/input_Street 2_oxd-input oxd-input--active"), Street2): Text 'Apt. 900' is set on object 'Object Repository/Employee-Onboarding/Employee_Contact_Details/Page_OrangeHRM/input_Street 2_oxd-input oxd-input--active'

27-12-2024T09:47:44 - [MESSAGE][PASSED] - Text 'Apt. 900' is set on object 'Object Repository/Employee-Onboarding/Employee_Contact_Details/Page_OrangeHRM/input_Street 2_oxd-input oxd-input--active'

27-12-2024T09:47:44 - [TEST_STEP][PASSED] - setText(findTestObject("Object Repository/Employee-Onboarding/Employee_Contact_Details/Page_OrangeHRM/input_City_oxd-input oxd-input--active"), City): Text 'New Frankmouth' is set on object 'Object Repository/Employee-Onboarding/Employee_Contact_Details/Page_OrangeHRM/input_City_oxd-input oxd-input--active'

27-12-2024T09:47:45 - [MESSAGE][PASSED] - Text 'New Frankmouth' is set on object 'Object Repository/Employee-Onboarding/Employee_Contact_Details/Page_OrangeHRM/input_City_oxd-input oxd-input--active'

27-12-2024T09:47:45 - [TEST_STEP][PASSED] - setText(findTestObject("Object Repository/Employee-Onboarding/Employee_Contact_Details/Page_OrangeHRM/input_StateProvince_oxd-input oxd-input--active"), State): Text 'Arizona' is set on object 'Object Repository/Employee-Onboarding/Employee_Contact_Details/Page_OrangeHRM/input_StateProvince_oxd-input oxd-input--active'

27-12-2024T09:47:45 - [MESSAGE][PASSED] - Text 'Arizona' is set on object 'Object Repository/Employee-Onboarding/Employee_Contact_Details/Page_OrangeHRM/input_StateProvince_oxd-input oxd-input--active'

27-12-2024T09:47:45 - [TEST_STEP][PASSED] - setText(findTestObject("Object Repository/Employee-Onboarding/Employee_Contact_Details/Page_OrangeHRM/input_ZipPostal Code_oxd-input oxd-input--active"), ZipCode): Text '44315' is set on object 'Object Repository/Employee-Onboarding/Employee_Contact_Details/Page_OrangeHRM/input_ZipPostal Code_oxd-input oxd-input--active'

27-12-2024T09:47:46 - [MESSAGE][PASSED] - Text '44315' is set on object 'Object Repository/Employee-Onboarding/Employee_Contact_Details/Page_OrangeHRM/input_ZipPostal Code_oxd-input oxd-input--active'

27-12-2024T09:47:46 - [TEST_STEP][PASSED] - click(findTestObject("Object Repository/Employee-Onboarding/Employee_Contact_Details/Page_OrangeHRM/i_-- Select --_oxd-icon bi-caret-up-fill ox_627fec")): Object: 'Object Repository/Employee-Onboarding/Employee_Contact_Details/Page_OrangeHRM/i_-- Select --_oxd-icon bi-caret-up-fill ox_627fec' is clicked on

27-12-2024T09:47:46 - [MESSAGE][PASSED] - Object: 'Object Repository/Employee-Onboarding/Employee_Contact_Details/Page_OrangeHRM/i_-- Select --_oxd-icon bi-caret-up-fill ox_627fec' is clicked on

27-12-2024T09:47:46 - [TEST_STEP][PASSED] - click(findTestObject("Employee-Onboarding/Employee_Salary_Detail_Objects/Page_OrangeHRM/custom_object_for_dropdown", ["value":Country])): Object: 'Object Repository/Employee-Onboarding/Employee_Salary_Detail_Objects/Page_OrangeHRM/custom_object_for_dropdown' is clicked on

27-12-2024T09:47:46 - [MESSAGE][PASSED] - Object: 'Object Repository/Employee-Onboarding/Employee_Salary_Detail_Objects/Page_OrangeHRM/custom_object_for_dropdown' is clicked on

27-12-2024T09:47:46 - [TEST_STEP][PASSED] - setText(findTestObject("Object Repository/Employee-Onboarding/Employee_Contact_Details/Page_OrangeHRM/input_Home_oxd-input oxd-input--focus"), Tel_Home): Text '604-779-3681' is set on object 'Object Repository/Employee-Onboarding/Employee_Contact_Details/Page_OrangeHRM/input_Home_oxd-input oxd-input--focus'

27-12-2024T09:47:47 - [MESSAGE][PASSED] - Text '604-779-3681' is set on object 'Object Repository/Employee-Onboarding/Employee_Contact_Details/Page_OrangeHRM/input_Home_oxd-input oxd-input--focus'

27-12-2024T09:47:47 - [TEST_STEP][PASSED] - setText(findTestObject("Object Repository/Employee-Onboarding/Employee_Contact_Details/Page_OrangeHRM/input_Mobile_oxd-input oxd-input--focus"), Tell_Mobile): Text '001-729-819-3201' is set on object 'Object Repository/Employee-Onboarding/Employee_Contact_Details/Page_OrangeHRM/input_Mobile_oxd-input oxd-input--focus'

27-12-2024T09:47:47 - [MESSAGE][PASSED] - Text '001-729-819-3201' is set on object 'Object Repository/Employee-Onboarding/Employee_Contact_Details/Page_OrangeHRM/input_Mobile_oxd-input oxd-input--focus'

27-12-2024T09:47:47 - [TEST_STEP][PASSED] - setText(findTestObject("Object Repository/Employee-Onboarding/Employee_Contact_Details/Page_OrangeHRM/input_Work_oxd-input oxd-input--focus"), Tel_Work): Text '847-392-6542' is set on object 'Object Repository/Employee-Onboarding/Employee_Contact_Details/Page_OrangeHRM/input_Work_oxd-input oxd-input--focus'

27-12-2024T09:47:48 - [MESSAGE][PASSED] - Text '847-392-6542' is set on object 'Object Repository/Employee-Onboarding/Employee_Contact_Details/Page_OrangeHRM/input_Work_oxd-input oxd-input--focus'

27-12-2024T09:47:48 - [TEST_STEP][PASSED] - setText(findTestObject("Object Repository/Employee-Onboarding/Employee_Contact_Details/Page_OrangeHRM/input_Work Email_oxd-input oxd-input--active"), Email_Work): Text 'james.harrington@perez-green.com' is set on object 'Object Repository/Employee-Onboarding/Employee_Contact_Details/Page_OrangeHRM/input_Work Email_oxd-input oxd-input--active'

27-12-2024T09:47:48 - [MESSAGE][PASSED] - Text 'james.harrington@perez-green.com' is set on object 'Object Repository/Employee-Onboarding/Employee_Contact_Details/Page_OrangeHRM/input_Work Email_oxd-input oxd-input--active'

27-12-2024T09:47:48 - [TEST_STEP][PASSED] - setText(findTestObject("Object Repository/Employee-Onboarding/Employee_Contact_Details/Page_OrangeHRM/input_Other Email_oxd-input oxd-input--focu_8ec2d9"), Email_Other): Text 'james.harrington@notrealmailbox.org' is set on object 'Object Repository/Employee-Onboarding/Employee_Contact_Details/Page_OrangeHRM/input_Other Email_oxd-input oxd-input--focu_8ec2d9'

27-12-2024T09:47:50 - [MESSAGE][PASSED] - Text 'james.harrington@notrealmailbox.org' is set on object 'Object Repository/Employee-Onboarding/Employee_Contact_Details/Page_OrangeHRM/input_Other Email_oxd-input oxd-input--focu_8ec2d9'

27-12-2024T09:47:50 - [TEST_STEP][PASSED] - click(findTestObject("Object Repository/Employee-Onboarding/Employee_Contact_Details/Page_OrangeHRM/button_Save")): Object: 'Object Repository/Employee-Onboarding/Employee_Contact_Details/Page_OrangeHRM/button_Save' is clicked on

27-12-2024T09:47:51 - [MESSAGE][PASSED] - Object: 'Object Repository/Employee-Onboarding/Employee_Contact_Details/Page_OrangeHRM/button_Save' is clicked on]]></system-out>
         <system-err><![CDATA[]]></system-err>
      </testcase>
      <testcase name="Test Cases/Employee_Onboarding/TC_Employee_Contact_Details" time="23.207" classname="Test Cases/Employee_Onboarding/TC_Employee_Contact_Details" status="PASSED">
         <system-out><![CDATA[27-12-2024T09:47:51 - [TEST_CASE][PASSED] - Test Cases/Employee_Onboarding/TC_Employee_Contact_Details: Test Cases/Employee_Onboarding/TC_Employee_Contact_Details

27-12-2024T09:47:51 - [TEST_STEP][PASSED] - click(findTestObject("Object Repository/Employee-Onboarding/Employee_Contact_Details/Page_OrangeHRM/a_PIM")): Object: 'Object Repository/Employee-Onboarding/Employee_Contact_Details/Page_OrangeHRM/a_PIM' is clicked on

27-12-2024T09:47:55 - [MESSAGE][PASSED] - Object: 'Object Repository/Employee-Onboarding/Employee_Contact_Details/Page_OrangeHRM/a_PIM' is clicked on

27-12-2024T09:47:55 - [TEST_STEP][PASSED] - setText(findTestObject("Object Repository/Employee-Onboarding/Employee_Contact_Details/Page_OrangeHRM/input"), Fullname): Text 'Erica Rogers' is set on object 'Object Repository/Employee-Onboarding/Employee_Contact_Details/Page_OrangeHRM/input'

27-12-2024T09:47:58 - [MESSAGE][PASSED] - Text 'Erica Rogers' is set on object 'Object Repository/Employee-Onboarding/Employee_Contact_Details/Page_OrangeHRM/input'

27-12-2024T09:47:58 - [TEST_STEP][PASSED] - click(findTestObject("Object Repository/Employee-Onboarding/Employee_Contact_Details/Page_OrangeHRM/button_Search")): Object: 'Object Repository/Employee-Onboarding/Employee_Contact_Details/Page_OrangeHRM/button_Search' is clicked on

27-12-2024T09:47:58 - [MESSAGE][PASSED] - Object: 'Object Repository/Employee-Onboarding/Employee_Contact_Details/Page_OrangeHRM/button_Search' is clicked on

27-12-2024T09:47:58 - [TEST_STEP][PASSED] - click(findTestObject("Object Repository/Employee-Onboarding/Employee_Contact_Details/Page_OrangeHRM/div_Actions_oxd-table-cell oxd-padding-cell")): Object: 'Object Repository/Employee-Onboarding/Employee_Contact_Details/Page_OrangeHRM/div_Actions_oxd-table-cell oxd-padding-cell' is clicked on

27-12-2024T09:48:00 - [MESSAGE][PASSED] - Object: 'Object Repository/Employee-Onboarding/Employee_Contact_Details/Page_OrangeHRM/div_Actions_oxd-table-cell oxd-padding-cell' is clicked on

27-12-2024T09:48:00 - [TEST_STEP][PASSED] - click(findTestObject("Object Repository/Employee-Onboarding/Employee_Contact_Details/Page_OrangeHRM/a_Contact Details")): Object: 'Object Repository/Employee-Onboarding/Employee_Contact_Details/Page_OrangeHRM/a_Contact Details' is clicked on

27-12-2024T09:48:05 - [MESSAGE][PASSED] - Object: 'Object Repository/Employee-Onboarding/Employee_Contact_Details/Page_OrangeHRM/a_Contact Details' is clicked on

27-12-2024T09:48:05 - [TEST_STEP][PASSED] - setText(findTestObject("Object Repository/Employee-Onboarding/Employee_Contact_Details/Page_OrangeHRM/input_Street 1_oxd-input oxd-input--focus"), Street1): Text '424 Michael Hollow Apt. 076' is set on object 'Object Repository/Employee-Onboarding/Employee_Contact_Details/Page_OrangeHRM/input_Street 1_oxd-input oxd-input--focus'

27-12-2024T09:48:07 - [MESSAGE][PASSED] - Text '424 Michael Hollow Apt. 076' is set on object 'Object Repository/Employee-Onboarding/Employee_Contact_Details/Page_OrangeHRM/input_Street 1_oxd-input oxd-input--focus'

27-12-2024T09:48:07 - [TEST_STEP][PASSED] - setText(findTestObject("Object Repository/Employee-Onboarding/Employee_Contact_Details/Page_OrangeHRM/input_Street 2_oxd-input oxd-input--active"), Street2): Text 'Suite 669' is set on object 'Object Repository/Employee-Onboarding/Employee_Contact_Details/Page_OrangeHRM/input_Street 2_oxd-input oxd-input--active'

27-12-2024T09:48:07 - [MESSAGE][PASSED] - Text 'Suite 669' is set on object 'Object Repository/Employee-Onboarding/Employee_Contact_Details/Page_OrangeHRM/input_Street 2_oxd-input oxd-input--active'

27-12-2024T09:48:07 - [TEST_STEP][PASSED] - setText(findTestObject("Object Repository/Employee-Onboarding/Employee_Contact_Details/Page_OrangeHRM/input_City_oxd-input oxd-input--active"), City): Text 'Knappfurt' is set on object 'Object Repository/Employee-Onboarding/Employee_Contact_Details/Page_OrangeHRM/input_City_oxd-input oxd-input--active'

27-12-2024T09:48:08 - [MESSAGE][PASSED] - Text 'Knappfurt' is set on object 'Object Repository/Employee-Onboarding/Employee_Contact_Details/Page_OrangeHRM/input_City_oxd-input oxd-input--active'

27-12-2024T09:48:08 - [TEST_STEP][PASSED] - setText(findTestObject("Object Repository/Employee-Onboarding/Employee_Contact_Details/Page_OrangeHRM/input_StateProvince_oxd-input oxd-input--active"), State): Text 'Nevada' is set on object 'Object Repository/Employee-Onboarding/Employee_Contact_Details/Page_OrangeHRM/input_StateProvince_oxd-input oxd-input--active'

27-12-2024T09:48:08 - [MESSAGE][PASSED] - Text 'Nevada' is set on object 'Object Repository/Employee-Onboarding/Employee_Contact_Details/Page_OrangeHRM/input_StateProvince_oxd-input oxd-input--active'

27-12-2024T09:48:08 - [TEST_STEP][PASSED] - setText(findTestObject("Object Repository/Employee-Onboarding/Employee_Contact_Details/Page_OrangeHRM/input_ZipPostal Code_oxd-input oxd-input--active"), ZipCode): Text '11901' is set on object 'Object Repository/Employee-Onboarding/Employee_Contact_Details/Page_OrangeHRM/input_ZipPostal Code_oxd-input oxd-input--active'

27-12-2024T09:48:09 - [MESSAGE][PASSED] - Text '11901' is set on object 'Object Repository/Employee-Onboarding/Employee_Contact_Details/Page_OrangeHRM/input_ZipPostal Code_oxd-input oxd-input--active'

27-12-2024T09:48:09 - [TEST_STEP][PASSED] - click(findTestObject("Object Repository/Employee-Onboarding/Employee_Contact_Details/Page_OrangeHRM/i_-- Select --_oxd-icon bi-caret-up-fill ox_627fec")): Object: 'Object Repository/Employee-Onboarding/Employee_Contact_Details/Page_OrangeHRM/i_-- Select --_oxd-icon bi-caret-up-fill ox_627fec' is clicked on

27-12-2024T09:48:09 - [MESSAGE][PASSED] - Object: 'Object Repository/Employee-Onboarding/Employee_Contact_Details/Page_OrangeHRM/i_-- Select --_oxd-icon bi-caret-up-fill ox_627fec' is clicked on

27-12-2024T09:48:09 - [TEST_STEP][PASSED] - click(findTestObject("Employee-Onboarding/Employee_Salary_Detail_Objects/Page_OrangeHRM/custom_object_for_dropdown", ["value":Country])): Object: 'Object Repository/Employee-Onboarding/Employee_Salary_Detail_Objects/Page_OrangeHRM/custom_object_for_dropdown' is clicked on

27-12-2024T09:48:09 - [MESSAGE][PASSED] - Object: 'Object Repository/Employee-Onboarding/Employee_Salary_Detail_Objects/Page_OrangeHRM/custom_object_for_dropdown' is clicked on

27-12-2024T09:48:09 - [TEST_STEP][PASSED] - setText(findTestObject("Object Repository/Employee-Onboarding/Employee_Contact_Details/Page_OrangeHRM/input_Home_oxd-input oxd-input--focus"), Tel_Home): Text '(472)773-9157' is set on object 'Object Repository/Employee-Onboarding/Employee_Contact_Details/Page_OrangeHRM/input_Home_oxd-input oxd-input--focus'

27-12-2024T09:48:10 - [MESSAGE][PASSED] - Text '(472)773-9157' is set on object 'Object Repository/Employee-Onboarding/Employee_Contact_Details/Page_OrangeHRM/input_Home_oxd-input oxd-input--focus'

27-12-2024T09:48:10 - [TEST_STEP][PASSED] - setText(findTestObject("Object Repository/Employee-Onboarding/Employee_Contact_Details/Page_OrangeHRM/input_Mobile_oxd-input oxd-input--focus"), Tell_Mobile): Text '310-672-5861' is set on object 'Object Repository/Employee-Onboarding/Employee_Contact_Details/Page_OrangeHRM/input_Mobile_oxd-input oxd-input--focus'

27-12-2024T09:48:11 - [MESSAGE][PASSED] - Text '310-672-5861' is set on object 'Object Repository/Employee-Onboarding/Employee_Contact_Details/Page_OrangeHRM/input_Mobile_oxd-input oxd-input--focus'

27-12-2024T09:48:11 - [TEST_STEP][PASSED] - setText(findTestObject("Object Repository/Employee-Onboarding/Employee_Contact_Details/Page_OrangeHRM/input_Work_oxd-input oxd-input--focus"), Tel_Work): Text '548-932-1682' is set on object 'Object Repository/Employee-Onboarding/Employee_Contact_Details/Page_OrangeHRM/input_Work_oxd-input oxd-input--focus'

27-12-2024T09:48:11 - [MESSAGE][PASSED] - Text '548-932-1682' is set on object 'Object Repository/Employee-Onboarding/Employee_Contact_Details/Page_OrangeHRM/input_Work_oxd-input oxd-input--focus'

27-12-2024T09:48:11 - [TEST_STEP][PASSED] - setText(findTestObject("Object Repository/Employee-Onboarding/Employee_Contact_Details/Page_OrangeHRM/input_Work Email_oxd-input oxd-input--active"), Email_Work): Text 'erica.rogers@myers-burton.org' is set on object 'Object Repository/Employee-Onboarding/Employee_Contact_Details/Page_OrangeHRM/input_Work Email_oxd-input oxd-input--active'

27-12-2024T09:48:12 - [MESSAGE][PASSED] - Text 'erica.rogers@myers-burton.org' is set on object 'Object Repository/Employee-Onboarding/Employee_Contact_Details/Page_OrangeHRM/input_Work Email_oxd-input oxd-input--active'

27-12-2024T09:48:12 - [TEST_STEP][PASSED] - setText(findTestObject("Object Repository/Employee-Onboarding/Employee_Contact_Details/Page_OrangeHRM/input_Other Email_oxd-input oxd-input--focu_8ec2d9"), Email_Other): Text 'erica.rogers@dummyplace.net' is set on object 'Object Repository/Employee-Onboarding/Employee_Contact_Details/Page_OrangeHRM/input_Other Email_oxd-input oxd-input--focu_8ec2d9'

27-12-2024T09:48:13 - [MESSAGE][PASSED] - Text 'erica.rogers@dummyplace.net' is set on object 'Object Repository/Employee-Onboarding/Employee_Contact_Details/Page_OrangeHRM/input_Other Email_oxd-input oxd-input--focu_8ec2d9'

27-12-2024T09:48:13 - [TEST_STEP][PASSED] - click(findTestObject("Object Repository/Employee-Onboarding/Employee_Contact_Details/Page_OrangeHRM/button_Save")): Object: 'Object Repository/Employee-Onboarding/Employee_Contact_Details/Page_OrangeHRM/button_Save' is clicked on

27-12-2024T09:48:14 - [MESSAGE][PASSED] - Object: 'Object Repository/Employee-Onboarding/Employee_Contact_Details/Page_OrangeHRM/button_Save' is clicked on]]></system-out>
         <system-err><![CDATA[]]></system-err>
      </testcase>
      <testcase name="Test Cases/Employee_Onboarding/TC_Employee_Contact_Details" time="18.206" classname="Test Cases/Employee_Onboarding/TC_Employee_Contact_Details" status="PASSED">
         <system-out><![CDATA[27-12-2024T09:48:14 - [TEST_CASE][PASSED] - Test Cases/Employee_Onboarding/TC_Employee_Contact_Details: Test Cases/Employee_Onboarding/TC_Employee_Contact_Details

27-12-2024T09:48:14 - [TEST_STEP][PASSED] - click(findTestObject("Object Repository/Employee-Onboarding/Employee_Contact_Details/Page_OrangeHRM/a_PIM")): Object: 'Object Repository/Employee-Onboarding/Employee_Contact_Details/Page_OrangeHRM/a_PIM' is clicked on

27-12-2024T09:48:15 - [MESSAGE][PASSED] - Object: 'Object Repository/Employee-Onboarding/Employee_Contact_Details/Page_OrangeHRM/a_PIM' is clicked on

27-12-2024T09:48:15 - [TEST_STEP][PASSED] - setText(findTestObject("Object Repository/Employee-Onboarding/Employee_Contact_Details/Page_OrangeHRM/input"), Fullname): Text 'Karen Gonzales' is set on object 'Object Repository/Employee-Onboarding/Employee_Contact_Details/Page_OrangeHRM/input'

27-12-2024T09:48:17 - [MESSAGE][PASSED] - Text 'Karen Gonzales' is set on object 'Object Repository/Employee-Onboarding/Employee_Contact_Details/Page_OrangeHRM/input'

27-12-2024T09:48:17 - [TEST_STEP][PASSED] - click(findTestObject("Object Repository/Employee-Onboarding/Employee_Contact_Details/Page_OrangeHRM/button_Search")): Object: 'Object Repository/Employee-Onboarding/Employee_Contact_Details/Page_OrangeHRM/button_Search' is clicked on

27-12-2024T09:48:18 - [MESSAGE][PASSED] - Object: 'Object Repository/Employee-Onboarding/Employee_Contact_Details/Page_OrangeHRM/button_Search' is clicked on

27-12-2024T09:48:18 - [TEST_STEP][PASSED] - click(findTestObject("Object Repository/Employee-Onboarding/Employee_Contact_Details/Page_OrangeHRM/div_Actions_oxd-table-cell oxd-padding-cell")): Object: 'Object Repository/Employee-Onboarding/Employee_Contact_Details/Page_OrangeHRM/div_Actions_oxd-table-cell oxd-padding-cell' is clicked on

27-12-2024T09:48:20 - [MESSAGE][PASSED] - Object: 'Object Repository/Employee-Onboarding/Employee_Contact_Details/Page_OrangeHRM/div_Actions_oxd-table-cell oxd-padding-cell' is clicked on

27-12-2024T09:48:20 - [TEST_STEP][PASSED] - click(findTestObject("Object Repository/Employee-Onboarding/Employee_Contact_Details/Page_OrangeHRM/a_Contact Details")): Object: 'Object Repository/Employee-Onboarding/Employee_Contact_Details/Page_OrangeHRM/a_Contact Details' is clicked on

27-12-2024T09:48:23 - [MESSAGE][PASSED] - Object: 'Object Repository/Employee-Onboarding/Employee_Contact_Details/Page_OrangeHRM/a_Contact Details' is clicked on

27-12-2024T09:48:23 - [TEST_STEP][PASSED] - setText(findTestObject("Object Repository/Employee-Onboarding/Employee_Contact_Details/Page_OrangeHRM/input_Street 1_oxd-input oxd-input--focus"), Street1): Text '0323 Adrian Center' is set on object 'Object Repository/Employee-Onboarding/Employee_Contact_Details/Page_OrangeHRM/input_Street 1_oxd-input oxd-input--focus'

27-12-2024T09:48:25 - [MESSAGE][PASSED] - Text '0323 Adrian Center' is set on object 'Object Repository/Employee-Onboarding/Employee_Contact_Details/Page_OrangeHRM/input_Street 1_oxd-input oxd-input--focus'

27-12-2024T09:48:25 - [TEST_STEP][PASSED] - setText(findTestObject("Object Repository/Employee-Onboarding/Employee_Contact_Details/Page_OrangeHRM/input_Street 2_oxd-input oxd-input--active"), Street2): Text 'Apt. 141' is set on object 'Object Repository/Employee-Onboarding/Employee_Contact_Details/Page_OrangeHRM/input_Street 2_oxd-input oxd-input--active'

27-12-2024T09:48:25 - [MESSAGE][PASSED] - Text 'Apt. 141' is set on object 'Object Repository/Employee-Onboarding/Employee_Contact_Details/Page_OrangeHRM/input_Street 2_oxd-input oxd-input--active'

27-12-2024T09:48:25 - [TEST_STEP][PASSED] - setText(findTestObject("Object Repository/Employee-Onboarding/Employee_Contact_Details/Page_OrangeHRM/input_City_oxd-input oxd-input--active"), City): Text 'Port Juliaville' is set on object 'Object Repository/Employee-Onboarding/Employee_Contact_Details/Page_OrangeHRM/input_City_oxd-input oxd-input--active'

27-12-2024T09:48:26 - [MESSAGE][PASSED] - Text 'Port Juliaville' is set on object 'Object Repository/Employee-Onboarding/Employee_Contact_Details/Page_OrangeHRM/input_City_oxd-input oxd-input--active'

27-12-2024T09:48:26 - [TEST_STEP][PASSED] - setText(findTestObject("Object Repository/Employee-Onboarding/Employee_Contact_Details/Page_OrangeHRM/input_StateProvince_oxd-input oxd-input--active"), State): Text 'Missouri' is set on object 'Object Repository/Employee-Onboarding/Employee_Contact_Details/Page_OrangeHRM/input_StateProvince_oxd-input oxd-input--active'

27-12-2024T09:48:26 - [MESSAGE][PASSED] - Text 'Missouri' is set on object 'Object Repository/Employee-Onboarding/Employee_Contact_Details/Page_OrangeHRM/input_StateProvince_oxd-input oxd-input--active'

27-12-2024T09:48:26 - [TEST_STEP][PASSED] - setText(findTestObject("Object Repository/Employee-Onboarding/Employee_Contact_Details/Page_OrangeHRM/input_ZipPostal Code_oxd-input oxd-input--active"), ZipCode): Text '76154' is set on object 'Object Repository/Employee-Onboarding/Employee_Contact_Details/Page_OrangeHRM/input_ZipPostal Code_oxd-input oxd-input--active'

27-12-2024T09:48:27 - [MESSAGE][PASSED] - Text '76154' is set on object 'Object Repository/Employee-Onboarding/Employee_Contact_Details/Page_OrangeHRM/input_ZipPostal Code_oxd-input oxd-input--active'

27-12-2024T09:48:27 - [TEST_STEP][PASSED] - click(findTestObject("Object Repository/Employee-Onboarding/Employee_Contact_Details/Page_OrangeHRM/i_-- Select --_oxd-icon bi-caret-up-fill ox_627fec")): Object: 'Object Repository/Employee-Onboarding/Employee_Contact_Details/Page_OrangeHRM/i_-- Select --_oxd-icon bi-caret-up-fill ox_627fec' is clicked on

27-12-2024T09:48:27 - [MESSAGE][PASSED] - Object: 'Object Repository/Employee-Onboarding/Employee_Contact_Details/Page_OrangeHRM/i_-- Select --_oxd-icon bi-caret-up-fill ox_627fec' is clicked on

27-12-2024T09:48:27 - [TEST_STEP][PASSED] - click(findTestObject("Employee-Onboarding/Employee_Salary_Detail_Objects/Page_OrangeHRM/custom_object_for_dropdown", ["value":Country])): Object: 'Object Repository/Employee-Onboarding/Employee_Salary_Detail_Objects/Page_OrangeHRM/custom_object_for_dropdown' is clicked on

27-12-2024T09:48:28 - [MESSAGE][PASSED] - Object: 'Object Repository/Employee-Onboarding/Employee_Salary_Detail_Objects/Page_OrangeHRM/custom_object_for_dropdown' is clicked on

27-12-2024T09:48:28 - [TEST_STEP][PASSED] - setText(findTestObject("Object Repository/Employee-Onboarding/Employee_Contact_Details/Page_OrangeHRM/input_Home_oxd-input oxd-input--focus"), Tel_Home): Text '654-756-9819' is set on object 'Object Repository/Employee-Onboarding/Employee_Contact_Details/Page_OrangeHRM/input_Home_oxd-input oxd-input--focus'

27-12-2024T09:48:28 - [MESSAGE][PASSED] - Text '654-756-9819' is set on object 'Object Repository/Employee-Onboarding/Employee_Contact_Details/Page_OrangeHRM/input_Home_oxd-input oxd-input--focus'

27-12-2024T09:48:28 - [TEST_STEP][PASSED] - setText(findTestObject("Object Repository/Employee-Onboarding/Employee_Contact_Details/Page_OrangeHRM/input_Mobile_oxd-input oxd-input--focus"), Tell_Mobile): Text '290-213-9342' is set on object 'Object Repository/Employee-Onboarding/Employee_Contact_Details/Page_OrangeHRM/input_Mobile_oxd-input oxd-input--focus'

27-12-2024T09:48:29 - [MESSAGE][PASSED] - Text '290-213-9342' is set on object 'Object Repository/Employee-Onboarding/Employee_Contact_Details/Page_OrangeHRM/input_Mobile_oxd-input oxd-input--focus'

27-12-2024T09:48:29 - [TEST_STEP][PASSED] - setText(findTestObject("Object Repository/Employee-Onboarding/Employee_Contact_Details/Page_OrangeHRM/input_Work_oxd-input oxd-input--focus"), Tel_Work): Text '678-453-8916' is set on object 'Object Repository/Employee-Onboarding/Employee_Contact_Details/Page_OrangeHRM/input_Work_oxd-input oxd-input--focus'

27-12-2024T09:48:29 - [MESSAGE][PASSED] - Text '678-453-8916' is set on object 'Object Repository/Employee-Onboarding/Employee_Contact_Details/Page_OrangeHRM/input_Work_oxd-input oxd-input--focus'

27-12-2024T09:48:29 - [TEST_STEP][PASSED] - setText(findTestObject("Object Repository/Employee-Onboarding/Employee_Contact_Details/Page_OrangeHRM/input_Work Email_oxd-input oxd-input--active"), Email_Work): Text 'karen.gonzales@shepherd.org' is set on object 'Object Repository/Employee-Onboarding/Employee_Contact_Details/Page_OrangeHRM/input_Work Email_oxd-input oxd-input--active'

27-12-2024T09:48:30 - [MESSAGE][PASSED] - Text 'karen.gonzales@shepherd.org' is set on object 'Object Repository/Employee-Onboarding/Employee_Contact_Details/Page_OrangeHRM/input_Work Email_oxd-input oxd-input--active'

27-12-2024T09:48:30 - [TEST_STEP][PASSED] - setText(findTestObject("Object Repository/Employee-Onboarding/Employee_Contact_Details/Page_OrangeHRM/input_Other Email_oxd-input oxd-input--focu_8ec2d9"), Email_Other): Text 'karen.gonzales@mockmessages.org' is set on object 'Object Repository/Employee-Onboarding/Employee_Contact_Details/Page_OrangeHRM/input_Other Email_oxd-input oxd-input--focu_8ec2d9'

27-12-2024T09:48:32 - [MESSAGE][PASSED] - Text 'karen.gonzales@mockmessages.org' is set on object 'Object Repository/Employee-Onboarding/Employee_Contact_Details/Page_OrangeHRM/input_Other Email_oxd-input oxd-input--focu_8ec2d9'

27-12-2024T09:48:32 - [TEST_STEP][PASSED] - click(findTestObject("Object Repository/Employee-Onboarding/Employee_Contact_Details/Page_OrangeHRM/button_Save")): Object: 'Object Repository/Employee-Onboarding/Employee_Contact_Details/Page_OrangeHRM/button_Save' is clicked on

27-12-2024T09:48:32 - [MESSAGE][PASSED] - Object: 'Object Repository/Employee-Onboarding/Employee_Contact_Details/Page_OrangeHRM/button_Save' is clicked on]]></system-out>
         <system-err><![CDATA[]]></system-err>
      </testcase>
      <testcase name="Test Cases/Employee_Onboarding/TC_Employee_Contact_Details" time="18.734" classname="Test Cases/Employee_Onboarding/TC_Employee_Contact_Details" status="PASSED">
         <system-out><![CDATA[27-12-2024T09:48:32 - [TEST_CASE][PASSED] - Test Cases/Employee_Onboarding/TC_Employee_Contact_Details: Test Cases/Employee_Onboarding/TC_Employee_Contact_Details

27-12-2024T09:48:32 - [TEST_STEP][PASSED] - click(findTestObject("Object Repository/Employee-Onboarding/Employee_Contact_Details/Page_OrangeHRM/a_PIM")): Object: 'Object Repository/Employee-Onboarding/Employee_Contact_Details/Page_OrangeHRM/a_PIM' is clicked on

27-12-2024T09:48:33 - [MESSAGE][PASSED] - Object: 'Object Repository/Employee-Onboarding/Employee_Contact_Details/Page_OrangeHRM/a_PIM' is clicked on

27-12-2024T09:48:33 - [TEST_STEP][PASSED] - setText(findTestObject("Object Repository/Employee-Onboarding/Employee_Contact_Details/Page_OrangeHRM/input"), Fullname): Text 'Sarah Wilson' is set on object 'Object Repository/Employee-Onboarding/Employee_Contact_Details/Page_OrangeHRM/input'

27-12-2024T09:48:36 - [MESSAGE][PASSED] - Text 'Sarah Wilson' is set on object 'Object Repository/Employee-Onboarding/Employee_Contact_Details/Page_OrangeHRM/input'

27-12-2024T09:48:36 - [TEST_STEP][PASSED] - click(findTestObject("Object Repository/Employee-Onboarding/Employee_Contact_Details/Page_OrangeHRM/button_Search")): Object: 'Object Repository/Employee-Onboarding/Employee_Contact_Details/Page_OrangeHRM/button_Search' is clicked on

27-12-2024T09:48:36 - [MESSAGE][PASSED] - Object: 'Object Repository/Employee-Onboarding/Employee_Contact_Details/Page_OrangeHRM/button_Search' is clicked on

27-12-2024T09:48:36 - [TEST_STEP][PASSED] - click(findTestObject("Object Repository/Employee-Onboarding/Employee_Contact_Details/Page_OrangeHRM/div_Actions_oxd-table-cell oxd-padding-cell")): Object: 'Object Repository/Employee-Onboarding/Employee_Contact_Details/Page_OrangeHRM/div_Actions_oxd-table-cell oxd-padding-cell' is clicked on

27-12-2024T09:48:38 - [MESSAGE][PASSED] - Object: 'Object Repository/Employee-Onboarding/Employee_Contact_Details/Page_OrangeHRM/div_Actions_oxd-table-cell oxd-padding-cell' is clicked on

27-12-2024T09:48:38 - [TEST_STEP][PASSED] - click(findTestObject("Object Repository/Employee-Onboarding/Employee_Contact_Details/Page_OrangeHRM/a_Contact Details")): Object: 'Object Repository/Employee-Onboarding/Employee_Contact_Details/Page_OrangeHRM/a_Contact Details' is clicked on

27-12-2024T09:48:41 - [MESSAGE][PASSED] - Object: 'Object Repository/Employee-Onboarding/Employee_Contact_Details/Page_OrangeHRM/a_Contact Details' is clicked on

27-12-2024T09:48:41 - [TEST_STEP][PASSED] - setText(findTestObject("Object Repository/Employee-Onboarding/Employee_Contact_Details/Page_OrangeHRM/input_Street 1_oxd-input oxd-input--focus"), Street1): Text '745 Moore Station' is set on object 'Object Repository/Employee-Onboarding/Employee_Contact_Details/Page_OrangeHRM/input_Street 1_oxd-input oxd-input--focus'

27-12-2024T09:48:44 - [MESSAGE][PASSED] - Text '745 Moore Station' is set on object 'Object Repository/Employee-Onboarding/Employee_Contact_Details/Page_OrangeHRM/input_Street 1_oxd-input oxd-input--focus'

27-12-2024T09:48:44 - [TEST_STEP][PASSED] - setText(findTestObject("Object Repository/Employee-Onboarding/Employee_Contact_Details/Page_OrangeHRM/input_Street 2_oxd-input oxd-input--active"), Street2): Text 'Apt. 311' is set on object 'Object Repository/Employee-Onboarding/Employee_Contact_Details/Page_OrangeHRM/input_Street 2_oxd-input oxd-input--active'

27-12-2024T09:48:44 - [MESSAGE][PASSED] - Text 'Apt. 311' is set on object 'Object Repository/Employee-Onboarding/Employee_Contact_Details/Page_OrangeHRM/input_Street 2_oxd-input oxd-input--active'

27-12-2024T09:48:44 - [TEST_STEP][PASSED] - setText(findTestObject("Object Repository/Employee-Onboarding/Employee_Contact_Details/Page_OrangeHRM/input_City_oxd-input oxd-input--active"), City): Text 'Richardview' is set on object 'Object Repository/Employee-Onboarding/Employee_Contact_Details/Page_OrangeHRM/input_City_oxd-input oxd-input--active'

27-12-2024T09:48:45 - [MESSAGE][PASSED] - Text 'Richardview' is set on object 'Object Repository/Employee-Onboarding/Employee_Contact_Details/Page_OrangeHRM/input_City_oxd-input oxd-input--active'

27-12-2024T09:48:45 - [TEST_STEP][PASSED] - setText(findTestObject("Object Repository/Employee-Onboarding/Employee_Contact_Details/Page_OrangeHRM/input_StateProvince_oxd-input oxd-input--active"), State): Text 'Idaho' is set on object 'Object Repository/Employee-Onboarding/Employee_Contact_Details/Page_OrangeHRM/input_StateProvince_oxd-input oxd-input--active'

27-12-2024T09:48:45 - [MESSAGE][PASSED] - Text 'Idaho' is set on object 'Object Repository/Employee-Onboarding/Employee_Contact_Details/Page_OrangeHRM/input_StateProvince_oxd-input oxd-input--active'

27-12-2024T09:48:45 - [TEST_STEP][PASSED] - setText(findTestObject("Object Repository/Employee-Onboarding/Employee_Contact_Details/Page_OrangeHRM/input_ZipPostal Code_oxd-input oxd-input--active"), ZipCode): Text '76571' is set on object 'Object Repository/Employee-Onboarding/Employee_Contact_Details/Page_OrangeHRM/input_ZipPostal Code_oxd-input oxd-input--active'

27-12-2024T09:48:46 - [MESSAGE][PASSED] - Text '76571' is set on object 'Object Repository/Employee-Onboarding/Employee_Contact_Details/Page_OrangeHRM/input_ZipPostal Code_oxd-input oxd-input--active'

27-12-2024T09:48:46 - [TEST_STEP][PASSED] - click(findTestObject("Object Repository/Employee-Onboarding/Employee_Contact_Details/Page_OrangeHRM/i_-- Select --_oxd-icon bi-caret-up-fill ox_627fec")): Object: 'Object Repository/Employee-Onboarding/Employee_Contact_Details/Page_OrangeHRM/i_-- Select --_oxd-icon bi-caret-up-fill ox_627fec' is clicked on

27-12-2024T09:48:46 - [MESSAGE][PASSED] - Object: 'Object Repository/Employee-Onboarding/Employee_Contact_Details/Page_OrangeHRM/i_-- Select --_oxd-icon bi-caret-up-fill ox_627fec' is clicked on

27-12-2024T09:48:46 - [TEST_STEP][PASSED] - click(findTestObject("Employee-Onboarding/Employee_Salary_Detail_Objects/Page_OrangeHRM/custom_object_for_dropdown", ["value":Country])): Object: 'Object Repository/Employee-Onboarding/Employee_Salary_Detail_Objects/Page_OrangeHRM/custom_object_for_dropdown' is clicked on

27-12-2024T09:48:46 - [MESSAGE][PASSED] - Object: 'Object Repository/Employee-Onboarding/Employee_Salary_Detail_Objects/Page_OrangeHRM/custom_object_for_dropdown' is clicked on

27-12-2024T09:48:46 - [TEST_STEP][PASSED] - setText(findTestObject("Object Repository/Employee-Onboarding/Employee_Contact_Details/Page_OrangeHRM/input_Home_oxd-input oxd-input--focus"), Tel_Home): Text '678-992-1450' is set on object 'Object Repository/Employee-Onboarding/Employee_Contact_Details/Page_OrangeHRM/input_Home_oxd-input oxd-input--focus'

27-12-2024T09:48:47 - [MESSAGE][PASSED] - Text '678-992-1450' is set on object 'Object Repository/Employee-Onboarding/Employee_Contact_Details/Page_OrangeHRM/input_Home_oxd-input oxd-input--focus'

27-12-2024T09:48:47 - [TEST_STEP][PASSED] - setText(findTestObject("Object Repository/Employee-Onboarding/Employee_Contact_Details/Page_OrangeHRM/input_Mobile_oxd-input oxd-input--focus"), Tell_Mobile): Text '(685)652-6215' is set on object 'Object Repository/Employee-Onboarding/Employee_Contact_Details/Page_OrangeHRM/input_Mobile_oxd-input oxd-input--focus'

27-12-2024T09:48:48 - [MESSAGE][PASSED] - Text '(685)652-6215' is set on object 'Object Repository/Employee-Onboarding/Employee_Contact_Details/Page_OrangeHRM/input_Mobile_oxd-input oxd-input--focus'

27-12-2024T09:48:48 - [TEST_STEP][PASSED] - setText(findTestObject("Object Repository/Employee-Onboarding/Employee_Contact_Details/Page_OrangeHRM/input_Work_oxd-input oxd-input--focus"), Tel_Work): Text '987-341-5678' is set on object 'Object Repository/Employee-Onboarding/Employee_Contact_Details/Page_OrangeHRM/input_Work_oxd-input oxd-input--focus'

27-12-2024T09:48:48 - [MESSAGE][PASSED] - Text '987-341-5678' is set on object 'Object Repository/Employee-Onboarding/Employee_Contact_Details/Page_OrangeHRM/input_Work_oxd-input oxd-input--focus'

27-12-2024T09:48:48 - [TEST_STEP][PASSED] - setText(findTestObject("Object Repository/Employee-Onboarding/Employee_Contact_Details/Page_OrangeHRM/input_Work Email_oxd-input oxd-input--active"), Email_Work): Text 'sarah.wilson@lee.com' is set on object 'Object Repository/Employee-Onboarding/Employee_Contact_Details/Page_OrangeHRM/input_Work Email_oxd-input oxd-input--active'

27-12-2024T09:48:49 - [MESSAGE][PASSED] - Text 'sarah.wilson@lee.com' is set on object 'Object Repository/Employee-Onboarding/Employee_Contact_Details/Page_OrangeHRM/input_Work Email_oxd-input oxd-input--active'

27-12-2024T09:48:49 - [TEST_STEP][PASSED] - setText(findTestObject("Object Repository/Employee-Onboarding/Employee_Contact_Details/Page_OrangeHRM/input_Other Email_oxd-input oxd-input--focu_8ec2d9"), Email_Other): Text 'sarah.wilson@trialdomains.net' is set on object 'Object Repository/Employee-Onboarding/Employee_Contact_Details/Page_OrangeHRM/input_Other Email_oxd-input oxd-input--focu_8ec2d9'

27-12-2024T09:48:50 - [MESSAGE][PASSED] - Text 'sarah.wilson@trialdomains.net' is set on object 'Object Repository/Employee-Onboarding/Employee_Contact_Details/Page_OrangeHRM/input_Other Email_oxd-input oxd-input--focu_8ec2d9'

27-12-2024T09:48:50 - [TEST_STEP][PASSED] - click(findTestObject("Object Repository/Employee-Onboarding/Employee_Contact_Details/Page_OrangeHRM/button_Save")): Object: 'Object Repository/Employee-Onboarding/Employee_Contact_Details/Page_OrangeHRM/button_Save' is clicked on

27-12-2024T09:48:51 - [MESSAGE][PASSED] - Object: 'Object Repository/Employee-Onboarding/Employee_Contact_Details/Page_OrangeHRM/button_Save' is clicked on]]></system-out>
         <system-err><![CDATA[]]></system-err>
      </testcase>
      <testcase name="Test Cases/Employee_Onboarding/TC_Employee_Contact_Details" time="18.521" classname="Test Cases/Employee_Onboarding/TC_Employee_Contact_Details" status="PASSED">
         <system-out><![CDATA[27-12-2024T09:48:51 - [TEST_CASE][PASSED] - Test Cases/Employee_Onboarding/TC_Employee_Contact_Details: Test Cases/Employee_Onboarding/TC_Employee_Contact_Details

27-12-2024T09:48:51 - [TEST_STEP][PASSED] - click(findTestObject("Object Repository/Employee-Onboarding/Employee_Contact_Details/Page_OrangeHRM/a_PIM")): Object: 'Object Repository/Employee-Onboarding/Employee_Contact_Details/Page_OrangeHRM/a_PIM' is clicked on

27-12-2024T09:48:52 - [MESSAGE][PASSED] - Object: 'Object Repository/Employee-Onboarding/Employee_Contact_Details/Page_OrangeHRM/a_PIM' is clicked on

27-12-2024T09:48:52 - [TEST_STEP][PASSED] - setText(findTestObject("Object Repository/Employee-Onboarding/Employee_Contact_Details/Page_OrangeHRM/input"), Fullname): Text 'Roy Fischer' is set on object 'Object Repository/Employee-Onboarding/Employee_Contact_Details/Page_OrangeHRM/input'

27-12-2024T09:48:54 - [MESSAGE][PASSED] - Text 'Roy Fischer' is set on object 'Object Repository/Employee-Onboarding/Employee_Contact_Details/Page_OrangeHRM/input'

27-12-2024T09:48:54 - [TEST_STEP][PASSED] - click(findTestObject("Object Repository/Employee-Onboarding/Employee_Contact_Details/Page_OrangeHRM/button_Search")): Object: 'Object Repository/Employee-Onboarding/Employee_Contact_Details/Page_OrangeHRM/button_Search' is clicked on

27-12-2024T09:48:55 - [MESSAGE][PASSED] - Object: 'Object Repository/Employee-Onboarding/Employee_Contact_Details/Page_OrangeHRM/button_Search' is clicked on

27-12-2024T09:48:55 - [TEST_STEP][PASSED] - click(findTestObject("Object Repository/Employee-Onboarding/Employee_Contact_Details/Page_OrangeHRM/div_Actions_oxd-table-cell oxd-padding-cell")): Object: 'Object Repository/Employee-Onboarding/Employee_Contact_Details/Page_OrangeHRM/div_Actions_oxd-table-cell oxd-padding-cell' is clicked on

27-12-2024T09:48:56 - [MESSAGE][PASSED] - Object: 'Object Repository/Employee-Onboarding/Employee_Contact_Details/Page_OrangeHRM/div_Actions_oxd-table-cell oxd-padding-cell' is clicked on

27-12-2024T09:48:56 - [TEST_STEP][PASSED] - click(findTestObject("Object Repository/Employee-Onboarding/Employee_Contact_Details/Page_OrangeHRM/a_Contact Details")): Object: 'Object Repository/Employee-Onboarding/Employee_Contact_Details/Page_OrangeHRM/a_Contact Details' is clicked on

27-12-2024T09:49:00 - [MESSAGE][PASSED] - Object: 'Object Repository/Employee-Onboarding/Employee_Contact_Details/Page_OrangeHRM/a_Contact Details' is clicked on

27-12-2024T09:49:00 - [TEST_STEP][PASSED] - setText(findTestObject("Object Repository/Employee-Onboarding/Employee_Contact_Details/Page_OrangeHRM/input_Street 1_oxd-input oxd-input--focus"), Street1): Text '332 Renee Valley Suite 834' is set on object 'Object Repository/Employee-Onboarding/Employee_Contact_Details/Page_OrangeHRM/input_Street 1_oxd-input oxd-input--focus'

27-12-2024T09:49:02 - [MESSAGE][PASSED] - Text '332 Renee Valley Suite 834' is set on object 'Object Repository/Employee-Onboarding/Employee_Contact_Details/Page_OrangeHRM/input_Street 1_oxd-input oxd-input--focus'

27-12-2024T09:49:02 - [TEST_STEP][PASSED] - setText(findTestObject("Object Repository/Employee-Onboarding/Employee_Contact_Details/Page_OrangeHRM/input_Street 2_oxd-input oxd-input--active"), Street2): Text 'Suite 520' is set on object 'Object Repository/Employee-Onboarding/Employee_Contact_Details/Page_OrangeHRM/input_Street 2_oxd-input oxd-input--active'

27-12-2024T09:49:03 - [MESSAGE][PASSED] - Text 'Suite 520' is set on object 'Object Repository/Employee-Onboarding/Employee_Contact_Details/Page_OrangeHRM/input_Street 2_oxd-input oxd-input--active'

27-12-2024T09:49:03 - [TEST_STEP][PASSED] - setText(findTestObject("Object Repository/Employee-Onboarding/Employee_Contact_Details/Page_OrangeHRM/input_City_oxd-input oxd-input--active"), City): Text 'Kingside' is set on object 'Object Repository/Employee-Onboarding/Employee_Contact_Details/Page_OrangeHRM/input_City_oxd-input oxd-input--active'

27-12-2024T09:49:03 - [MESSAGE][PASSED] - Text 'Kingside' is set on object 'Object Repository/Employee-Onboarding/Employee_Contact_Details/Page_OrangeHRM/input_City_oxd-input oxd-input--active'

27-12-2024T09:49:03 - [TEST_STEP][PASSED] - setText(findTestObject("Object Repository/Employee-Onboarding/Employee_Contact_Details/Page_OrangeHRM/input_StateProvince_oxd-input oxd-input--active"), State): Text 'West Virginia' is set on object 'Object Repository/Employee-Onboarding/Employee_Contact_Details/Page_OrangeHRM/input_StateProvince_oxd-input oxd-input--active'

27-12-2024T09:49:04 - [MESSAGE][PASSED] - Text 'West Virginia' is set on object 'Object Repository/Employee-Onboarding/Employee_Contact_Details/Page_OrangeHRM/input_StateProvince_oxd-input oxd-input--active'

27-12-2024T09:49:04 - [TEST_STEP][PASSED] - setText(findTestObject("Object Repository/Employee-Onboarding/Employee_Contact_Details/Page_OrangeHRM/input_ZipPostal Code_oxd-input oxd-input--active"), ZipCode): Text '75269' is set on object 'Object Repository/Employee-Onboarding/Employee_Contact_Details/Page_OrangeHRM/input_ZipPostal Code_oxd-input oxd-input--active'

27-12-2024T09:49:04 - [MESSAGE][PASSED] - Text '75269' is set on object 'Object Repository/Employee-Onboarding/Employee_Contact_Details/Page_OrangeHRM/input_ZipPostal Code_oxd-input oxd-input--active'

27-12-2024T09:49:04 - [TEST_STEP][PASSED] - click(findTestObject("Object Repository/Employee-Onboarding/Employee_Contact_Details/Page_OrangeHRM/i_-- Select --_oxd-icon bi-caret-up-fill ox_627fec")): Object: 'Object Repository/Employee-Onboarding/Employee_Contact_Details/Page_OrangeHRM/i_-- Select --_oxd-icon bi-caret-up-fill ox_627fec' is clicked on

27-12-2024T09:49:04 - [MESSAGE][PASSED] - Object: 'Object Repository/Employee-Onboarding/Employee_Contact_Details/Page_OrangeHRM/i_-- Select --_oxd-icon bi-caret-up-fill ox_627fec' is clicked on

27-12-2024T09:49:04 - [TEST_STEP][PASSED] - click(findTestObject("Employee-Onboarding/Employee_Salary_Detail_Objects/Page_OrangeHRM/custom_object_for_dropdown", ["value":Country])): Object: 'Object Repository/Employee-Onboarding/Employee_Salary_Detail_Objects/Page_OrangeHRM/custom_object_for_dropdown' is clicked on

27-12-2024T09:49:05 - [MESSAGE][PASSED] - Object: 'Object Repository/Employee-Onboarding/Employee_Salary_Detail_Objects/Page_OrangeHRM/custom_object_for_dropdown' is clicked on

27-12-2024T09:49:05 - [TEST_STEP][PASSED] - setText(findTestObject("Object Repository/Employee-Onboarding/Employee_Contact_Details/Page_OrangeHRM/input_Home_oxd-input oxd-input--focus"), Tel_Home): Text '978-320-5467' is set on object 'Object Repository/Employee-Onboarding/Employee_Contact_Details/Page_OrangeHRM/input_Home_oxd-input oxd-input--focus'

27-12-2024T09:49:06 - [MESSAGE][PASSED] - Text '978-320-5467' is set on object 'Object Repository/Employee-Onboarding/Employee_Contact_Details/Page_OrangeHRM/input_Home_oxd-input oxd-input--focus'

27-12-2024T09:49:06 - [TEST_STEP][PASSED] - setText(findTestObject("Object Repository/Employee-Onboarding/Employee_Contact_Details/Page_OrangeHRM/input_Mobile_oxd-input oxd-input--focus"), Tell_Mobile): Text '800-549-7614' is set on object 'Object Repository/Employee-Onboarding/Employee_Contact_Details/Page_OrangeHRM/input_Mobile_oxd-input oxd-input--focus'

27-12-2024T09:49:06 - [MESSAGE][PASSED] - Text '800-549-7614' is set on object 'Object Repository/Employee-Onboarding/Employee_Contact_Details/Page_OrangeHRM/input_Mobile_oxd-input oxd-input--focus'

27-12-2024T09:49:06 - [TEST_STEP][PASSED] - setText(findTestObject("Object Repository/Employee-Onboarding/Employee_Contact_Details/Page_OrangeHRM/input_Work_oxd-input oxd-input--focus"), Tel_Work): Text '436-789-6520' is set on object 'Object Repository/Employee-Onboarding/Employee_Contact_Details/Page_OrangeHRM/input_Work_oxd-input oxd-input--focus'

27-12-2024T09:49:07 - [MESSAGE][PASSED] - Text '436-789-6520' is set on object 'Object Repository/Employee-Onboarding/Employee_Contact_Details/Page_OrangeHRM/input_Work_oxd-input oxd-input--focus'

27-12-2024T09:49:07 - [TEST_STEP][PASSED] - setText(findTestObject("Object Repository/Employee-Onboarding/Employee_Contact_Details/Page_OrangeHRM/input_Work Email_oxd-input oxd-input--active"), Email_Work): Text 'roy.fischer@dawson-davis.com' is set on object 'Object Repository/Employee-Onboarding/Employee_Contact_Details/Page_OrangeHRM/input_Work Email_oxd-input oxd-input--active'

27-12-2024T09:49:07 - [MESSAGE][PASSED] - Text 'roy.fischer@dawson-davis.com' is set on object 'Object Repository/Employee-Onboarding/Employee_Contact_Details/Page_OrangeHRM/input_Work Email_oxd-input oxd-input--active'

27-12-2024T09:49:07 - [TEST_STEP][PASSED] - setText(findTestObject("Object Repository/Employee-Onboarding/Employee_Contact_Details/Page_OrangeHRM/input_Other Email_oxd-input oxd-input--focu_8ec2d9"), Email_Other): Text 'roy.fischer@fakewebmail.net' is set on object 'Object Repository/Employee-Onboarding/Employee_Contact_Details/Page_OrangeHRM/input_Other Email_oxd-input oxd-input--focu_8ec2d9'

27-12-2024T09:49:09 - [MESSAGE][PASSED] - Text 'roy.fischer@fakewebmail.net' is set on object 'Object Repository/Employee-Onboarding/Employee_Contact_Details/Page_OrangeHRM/input_Other Email_oxd-input oxd-input--focu_8ec2d9'

27-12-2024T09:49:09 - [TEST_STEP][PASSED] - click(findTestObject("Object Repository/Employee-Onboarding/Employee_Contact_Details/Page_OrangeHRM/button_Save")): Object: 'Object Repository/Employee-Onboarding/Employee_Contact_Details/Page_OrangeHRM/button_Save' is clicked on

27-12-2024T09:49:09 - [MESSAGE][PASSED] - Object: 'Object Repository/Employee-Onboarding/Employee_Contact_Details/Page_OrangeHRM/button_Save' is clicked on]]></system-out>
         <system-err><![CDATA[]]></system-err>
      </testcase>
      <testcase name="Test Cases/Employee_Onboarding/TC_Employee_Contact_Details" time="18.32" classname="Test Cases/Employee_Onboarding/TC_Employee_Contact_Details" status="PASSED">
         <system-out><![CDATA[27-12-2024T09:49:09 - [TEST_CASE][PASSED] - Test Cases/Employee_Onboarding/TC_Employee_Contact_Details: Test Cases/Employee_Onboarding/TC_Employee_Contact_Details

27-12-2024T09:49:09 - [TEST_STEP][PASSED] - click(findTestObject("Object Repository/Employee-Onboarding/Employee_Contact_Details/Page_OrangeHRM/a_PIM")): Object: 'Object Repository/Employee-Onboarding/Employee_Contact_Details/Page_OrangeHRM/a_PIM' is clicked on

27-12-2024T09:49:11 - [MESSAGE][PASSED] - Object: 'Object Repository/Employee-Onboarding/Employee_Contact_Details/Page_OrangeHRM/a_PIM' is clicked on

27-12-2024T09:49:11 - [TEST_STEP][PASSED] - setText(findTestObject("Object Repository/Employee-Onboarding/Employee_Contact_Details/Page_OrangeHRM/input"), Fullname): Text 'Sarah Vasquez' is set on object 'Object Repository/Employee-Onboarding/Employee_Contact_Details/Page_OrangeHRM/input'

27-12-2024T09:49:13 - [MESSAGE][PASSED] - Text 'Sarah Vasquez' is set on object 'Object Repository/Employee-Onboarding/Employee_Contact_Details/Page_OrangeHRM/input'

27-12-2024T09:49:13 - [TEST_STEP][PASSED] - click(findTestObject("Object Repository/Employee-Onboarding/Employee_Contact_Details/Page_OrangeHRM/button_Search")): Object: 'Object Repository/Employee-Onboarding/Employee_Contact_Details/Page_OrangeHRM/button_Search' is clicked on

27-12-2024T09:49:13 - [MESSAGE][PASSED] - Object: 'Object Repository/Employee-Onboarding/Employee_Contact_Details/Page_OrangeHRM/button_Search' is clicked on

27-12-2024T09:49:13 - [TEST_STEP][PASSED] - click(findTestObject("Object Repository/Employee-Onboarding/Employee_Contact_Details/Page_OrangeHRM/div_Actions_oxd-table-cell oxd-padding-cell")): Object: 'Object Repository/Employee-Onboarding/Employee_Contact_Details/Page_OrangeHRM/div_Actions_oxd-table-cell oxd-padding-cell' is clicked on

27-12-2024T09:49:15 - [MESSAGE][PASSED] - Object: 'Object Repository/Employee-Onboarding/Employee_Contact_Details/Page_OrangeHRM/div_Actions_oxd-table-cell oxd-padding-cell' is clicked on

27-12-2024T09:49:15 - [TEST_STEP][PASSED] - click(findTestObject("Object Repository/Employee-Onboarding/Employee_Contact_Details/Page_OrangeHRM/a_Contact Details")): Object: 'Object Repository/Employee-Onboarding/Employee_Contact_Details/Page_OrangeHRM/a_Contact Details' is clicked on

27-12-2024T09:49:19 - [MESSAGE][PASSED] - Object: 'Object Repository/Employee-Onboarding/Employee_Contact_Details/Page_OrangeHRM/a_Contact Details' is clicked on

27-12-2024T09:49:19 - [TEST_STEP][PASSED] - setText(findTestObject("Object Repository/Employee-Onboarding/Employee_Contact_Details/Page_OrangeHRM/input_Street 1_oxd-input oxd-input--focus"), Street1): Text '654 Joe Flat' is set on object 'Object Repository/Employee-Onboarding/Employee_Contact_Details/Page_OrangeHRM/input_Street 1_oxd-input oxd-input--focus'

27-12-2024T09:49:21 - [MESSAGE][PASSED] - Text '654 Joe Flat' is set on object 'Object Repository/Employee-Onboarding/Employee_Contact_Details/Page_OrangeHRM/input_Street 1_oxd-input oxd-input--focus'

27-12-2024T09:49:21 - [TEST_STEP][PASSED] - setText(findTestObject("Object Repository/Employee-Onboarding/Employee_Contact_Details/Page_OrangeHRM/input_Street 2_oxd-input oxd-input--active"), Street2): Text 'Apt. 660' is set on object 'Object Repository/Employee-Onboarding/Employee_Contact_Details/Page_OrangeHRM/input_Street 2_oxd-input oxd-input--active'

27-12-2024T09:49:21 - [MESSAGE][PASSED] - Text 'Apt. 660' is set on object 'Object Repository/Employee-Onboarding/Employee_Contact_Details/Page_OrangeHRM/input_Street 2_oxd-input oxd-input--active'

27-12-2024T09:49:21 - [TEST_STEP][PASSED] - setText(findTestObject("Object Repository/Employee-Onboarding/Employee_Contact_Details/Page_OrangeHRM/input_City_oxd-input oxd-input--active"), City): Text 'New Jennifer' is set on object 'Object Repository/Employee-Onboarding/Employee_Contact_Details/Page_OrangeHRM/input_City_oxd-input oxd-input--active'

27-12-2024T09:49:22 - [MESSAGE][PASSED] - Text 'New Jennifer' is set on object 'Object Repository/Employee-Onboarding/Employee_Contact_Details/Page_OrangeHRM/input_City_oxd-input oxd-input--active'

27-12-2024T09:49:22 - [TEST_STEP][PASSED] - setText(findTestObject("Object Repository/Employee-Onboarding/Employee_Contact_Details/Page_OrangeHRM/input_StateProvince_oxd-input oxd-input--active"), State): Text 'Montana' is set on object 'Object Repository/Employee-Onboarding/Employee_Contact_Details/Page_OrangeHRM/input_StateProvince_oxd-input oxd-input--active'

27-12-2024T09:49:22 - [MESSAGE][PASSED] - Text 'Montana' is set on object 'Object Repository/Employee-Onboarding/Employee_Contact_Details/Page_OrangeHRM/input_StateProvince_oxd-input oxd-input--active'

27-12-2024T09:49:22 - [TEST_STEP][PASSED] - setText(findTestObject("Object Repository/Employee-Onboarding/Employee_Contact_Details/Page_OrangeHRM/input_ZipPostal Code_oxd-input oxd-input--active"), ZipCode): Text '7180' is set on object 'Object Repository/Employee-Onboarding/Employee_Contact_Details/Page_OrangeHRM/input_ZipPostal Code_oxd-input oxd-input--active'

27-12-2024T09:49:23 - [MESSAGE][PASSED] - Text '7180' is set on object 'Object Repository/Employee-Onboarding/Employee_Contact_Details/Page_OrangeHRM/input_ZipPostal Code_oxd-input oxd-input--active'

27-12-2024T09:49:23 - [TEST_STEP][PASSED] - click(findTestObject("Object Repository/Employee-Onboarding/Employee_Contact_Details/Page_OrangeHRM/i_-- Select --_oxd-icon bi-caret-up-fill ox_627fec")): Object: 'Object Repository/Employee-Onboarding/Employee_Contact_Details/Page_OrangeHRM/i_-- Select --_oxd-icon bi-caret-up-fill ox_627fec' is clicked on

27-12-2024T09:49:23 - [MESSAGE][PASSED] - Object: 'Object Repository/Employee-Onboarding/Employee_Contact_Details/Page_OrangeHRM/i_-- Select --_oxd-icon bi-caret-up-fill ox_627fec' is clicked on

27-12-2024T09:49:23 - [TEST_STEP][PASSED] - click(findTestObject("Employee-Onboarding/Employee_Salary_Detail_Objects/Page_OrangeHRM/custom_object_for_dropdown", ["value":Country])): Object: 'Object Repository/Employee-Onboarding/Employee_Salary_Detail_Objects/Page_OrangeHRM/custom_object_for_dropdown' is clicked on

27-12-2024T09:49:23 - [MESSAGE][PASSED] - Object: 'Object Repository/Employee-Onboarding/Employee_Salary_Detail_Objects/Page_OrangeHRM/custom_object_for_dropdown' is clicked on

27-12-2024T09:49:23 - [TEST_STEP][PASSED] - setText(findTestObject("Object Repository/Employee-Onboarding/Employee_Contact_Details/Page_OrangeHRM/input_Home_oxd-input oxd-input--focus"), Tel_Home): Text '515-634-9028' is set on object 'Object Repository/Employee-Onboarding/Employee_Contact_Details/Page_OrangeHRM/input_Home_oxd-input oxd-input--focus'

27-12-2024T09:49:24 - [MESSAGE][PASSED] - Text '515-634-9028' is set on object 'Object Repository/Employee-Onboarding/Employee_Contact_Details/Page_OrangeHRM/input_Home_oxd-input oxd-input--focus'

27-12-2024T09:49:24 - [TEST_STEP][PASSED] - setText(findTestObject("Object Repository/Employee-Onboarding/Employee_Contact_Details/Page_OrangeHRM/input_Mobile_oxd-input oxd-input--focus"), Tell_Mobile): Text '313-952-4719' is set on object 'Object Repository/Employee-Onboarding/Employee_Contact_Details/Page_OrangeHRM/input_Mobile_oxd-input oxd-input--focus'

27-12-2024T09:49:24 - [MESSAGE][PASSED] - Text '313-952-4719' is set on object 'Object Repository/Employee-Onboarding/Employee_Contact_Details/Page_OrangeHRM/input_Mobile_oxd-input oxd-input--focus'

27-12-2024T09:49:24 - [TEST_STEP][PASSED] - setText(findTestObject("Object Repository/Employee-Onboarding/Employee_Contact_Details/Page_OrangeHRM/input_Work_oxd-input oxd-input--focus"), Tel_Work): Text '530-928-5641' is set on object 'Object Repository/Employee-Onboarding/Employee_Contact_Details/Page_OrangeHRM/input_Work_oxd-input oxd-input--focus'

27-12-2024T09:49:25 - [MESSAGE][PASSED] - Text '530-928-5641' is set on object 'Object Repository/Employee-Onboarding/Employee_Contact_Details/Page_OrangeHRM/input_Work_oxd-input oxd-input--focus'

27-12-2024T09:49:25 - [TEST_STEP][PASSED] - setText(findTestObject("Object Repository/Employee-Onboarding/Employee_Contact_Details/Page_OrangeHRM/input_Work Email_oxd-input oxd-input--active"), Email_Work): Text 'sarah.vasquez@avila.com' is set on object 'Object Repository/Employee-Onboarding/Employee_Contact_Details/Page_OrangeHRM/input_Work Email_oxd-input oxd-input--active'

27-12-2024T09:49:25 - [MESSAGE][PASSED] - Text 'sarah.vasquez@avila.com' is set on object 'Object Repository/Employee-Onboarding/Employee_Contact_Details/Page_OrangeHRM/input_Work Email_oxd-input oxd-input--active'

27-12-2024T09:49:25 - [TEST_STEP][PASSED] - setText(findTestObject("Object Repository/Employee-Onboarding/Employee_Contact_Details/Page_OrangeHRM/input_Other Email_oxd-input oxd-input--focu_8ec2d9"), Email_Other): Text 'sarah.vasquez@simulatedhub.org' is set on object 'Object Repository/Employee-Onboarding/Employee_Contact_Details/Page_OrangeHRM/input_Other Email_oxd-input oxd-input--focu_8ec2d9'

27-12-2024T09:49:27 - [MESSAGE][PASSED] - Text 'sarah.vasquez@simulatedhub.org' is set on object 'Object Repository/Employee-Onboarding/Employee_Contact_Details/Page_OrangeHRM/input_Other Email_oxd-input oxd-input--focu_8ec2d9'

27-12-2024T09:49:27 - [TEST_STEP][PASSED] - click(findTestObject("Object Repository/Employee-Onboarding/Employee_Contact_Details/Page_OrangeHRM/button_Save")): Object: 'Object Repository/Employee-Onboarding/Employee_Contact_Details/Page_OrangeHRM/button_Save' is clicked on

27-12-2024T09:49:28 - [MESSAGE][PASSED] - Object: 'Object Repository/Employee-Onboarding/Employee_Contact_Details/Page_OrangeHRM/button_Save' is clicked on]]></system-out>
         <system-err><![CDATA[]]></system-err>
      </testcase>
      <testcase name="Test Cases/Employee_Onboarding/TC_Employee_Contact_Details" time="18.407" classname="Test Cases/Employee_Onboarding/TC_Employee_Contact_Details" status="PASSED">
         <system-out><![CDATA[27-12-2024T09:49:28 - [TEST_CASE][PASSED] - Test Cases/Employee_Onboarding/TC_Employee_Contact_Details: Test Cases/Employee_Onboarding/TC_Employee_Contact_Details

27-12-2024T09:49:28 - [TEST_STEP][PASSED] - click(findTestObject("Object Repository/Employee-Onboarding/Employee_Contact_Details/Page_OrangeHRM/a_PIM")): Object: 'Object Repository/Employee-Onboarding/Employee_Contact_Details/Page_OrangeHRM/a_PIM' is clicked on

27-12-2024T09:49:29 - [MESSAGE][PASSED] - Object: 'Object Repository/Employee-Onboarding/Employee_Contact_Details/Page_OrangeHRM/a_PIM' is clicked on

27-12-2024T09:49:29 - [TEST_STEP][PASSED] - setText(findTestObject("Object Repository/Employee-Onboarding/Employee_Contact_Details/Page_OrangeHRM/input"), Fullname): Text 'Margaret Williams' is set on object 'Object Repository/Employee-Onboarding/Employee_Contact_Details/Page_OrangeHRM/input'

27-12-2024T09:49:31 - [MESSAGE][PASSED] - Text 'Margaret Williams' is set on object 'Object Repository/Employee-Onboarding/Employee_Contact_Details/Page_OrangeHRM/input'

27-12-2024T09:49:31 - [TEST_STEP][PASSED] - click(findTestObject("Object Repository/Employee-Onboarding/Employee_Contact_Details/Page_OrangeHRM/button_Search")): Object: 'Object Repository/Employee-Onboarding/Employee_Contact_Details/Page_OrangeHRM/button_Search' is clicked on

27-12-2024T09:49:31 - [MESSAGE][PASSED] - Object: 'Object Repository/Employee-Onboarding/Employee_Contact_Details/Page_OrangeHRM/button_Search' is clicked on

27-12-2024T09:49:31 - [TEST_STEP][PASSED] - click(findTestObject("Object Repository/Employee-Onboarding/Employee_Contact_Details/Page_OrangeHRM/div_Actions_oxd-table-cell oxd-padding-cell")): Object: 'Object Repository/Employee-Onboarding/Employee_Contact_Details/Page_OrangeHRM/div_Actions_oxd-table-cell oxd-padding-cell' is clicked on

27-12-2024T09:49:33 - [MESSAGE][PASSED] - Object: 'Object Repository/Employee-Onboarding/Employee_Contact_Details/Page_OrangeHRM/div_Actions_oxd-table-cell oxd-padding-cell' is clicked on

27-12-2024T09:49:33 - [TEST_STEP][PASSED] - click(findTestObject("Object Repository/Employee-Onboarding/Employee_Contact_Details/Page_OrangeHRM/a_Contact Details")): Object: 'Object Repository/Employee-Onboarding/Employee_Contact_Details/Page_OrangeHRM/a_Contact Details' is clicked on

27-12-2024T09:49:37 - [MESSAGE][PASSED] - Object: 'Object Repository/Employee-Onboarding/Employee_Contact_Details/Page_OrangeHRM/a_Contact Details' is clicked on

27-12-2024T09:49:37 - [TEST_STEP][PASSED] - setText(findTestObject("Object Repository/Employee-Onboarding/Employee_Contact_Details/Page_OrangeHRM/input_Street 1_oxd-input oxd-input--focus"), Street1): Text '059 Barnett Lock Suite 751' is set on object 'Object Repository/Employee-Onboarding/Employee_Contact_Details/Page_OrangeHRM/input_Street 1_oxd-input oxd-input--focus'

27-12-2024T09:49:39 - [MESSAGE][PASSED] - Text '059 Barnett Lock Suite 751' is set on object 'Object Repository/Employee-Onboarding/Employee_Contact_Details/Page_OrangeHRM/input_Street 1_oxd-input oxd-input--focus'

27-12-2024T09:49:39 - [TEST_STEP][PASSED] - setText(findTestObject("Object Repository/Employee-Onboarding/Employee_Contact_Details/Page_OrangeHRM/input_Street 2_oxd-input oxd-input--active"), Street2): Text 'Apt. 198' is set on object 'Object Repository/Employee-Onboarding/Employee_Contact_Details/Page_OrangeHRM/input_Street 2_oxd-input oxd-input--active'

27-12-2024T09:49:40 - [MESSAGE][PASSED] - Text 'Apt. 198' is set on object 'Object Repository/Employee-Onboarding/Employee_Contact_Details/Page_OrangeHRM/input_Street 2_oxd-input oxd-input--active'

27-12-2024T09:49:40 - [TEST_STEP][PASSED] - setText(findTestObject("Object Repository/Employee-Onboarding/Employee_Contact_Details/Page_OrangeHRM/input_City_oxd-input oxd-input--active"), City): Text 'Craigfort' is set on object 'Object Repository/Employee-Onboarding/Employee_Contact_Details/Page_OrangeHRM/input_City_oxd-input oxd-input--active'

27-12-2024T09:49:40 - [MESSAGE][PASSED] - Text 'Craigfort' is set on object 'Object Repository/Employee-Onboarding/Employee_Contact_Details/Page_OrangeHRM/input_City_oxd-input oxd-input--active'

27-12-2024T09:49:40 - [TEST_STEP][PASSED] - setText(findTestObject("Object Repository/Employee-Onboarding/Employee_Contact_Details/Page_OrangeHRM/input_StateProvince_oxd-input oxd-input--active"), State): Text 'Arkansas' is set on object 'Object Repository/Employee-Onboarding/Employee_Contact_Details/Page_OrangeHRM/input_StateProvince_oxd-input oxd-input--active'

27-12-2024T09:49:41 - [MESSAGE][PASSED] - Text 'Arkansas' is set on object 'Object Repository/Employee-Onboarding/Employee_Contact_Details/Page_OrangeHRM/input_StateProvince_oxd-input oxd-input--active'

27-12-2024T09:49:41 - [TEST_STEP][PASSED] - setText(findTestObject("Object Repository/Employee-Onboarding/Employee_Contact_Details/Page_OrangeHRM/input_ZipPostal Code_oxd-input oxd-input--active"), ZipCode): Text '7584' is set on object 'Object Repository/Employee-Onboarding/Employee_Contact_Details/Page_OrangeHRM/input_ZipPostal Code_oxd-input oxd-input--active'

27-12-2024T09:49:41 - [MESSAGE][PASSED] - Text '7584' is set on object 'Object Repository/Employee-Onboarding/Employee_Contact_Details/Page_OrangeHRM/input_ZipPostal Code_oxd-input oxd-input--active'

27-12-2024T09:49:41 - [TEST_STEP][PASSED] - click(findTestObject("Object Repository/Employee-Onboarding/Employee_Contact_Details/Page_OrangeHRM/i_-- Select --_oxd-icon bi-caret-up-fill ox_627fec")): Object: 'Object Repository/Employee-Onboarding/Employee_Contact_Details/Page_OrangeHRM/i_-- Select --_oxd-icon bi-caret-up-fill ox_627fec' is clicked on

27-12-2024T09:49:41 - [MESSAGE][PASSED] - Object: 'Object Repository/Employee-Onboarding/Employee_Contact_Details/Page_OrangeHRM/i_-- Select --_oxd-icon bi-caret-up-fill ox_627fec' is clicked on

27-12-2024T09:49:41 - [TEST_STEP][PASSED] - click(findTestObject("Employee-Onboarding/Employee_Salary_Detail_Objects/Page_OrangeHRM/custom_object_for_dropdown", ["value":Country])): Object: 'Object Repository/Employee-Onboarding/Employee_Salary_Detail_Objects/Page_OrangeHRM/custom_object_for_dropdown' is clicked on

27-12-2024T09:49:42 - [MESSAGE][PASSED] - Object: 'Object Repository/Employee-Onboarding/Employee_Salary_Detail_Objects/Page_OrangeHRM/custom_object_for_dropdown' is clicked on

27-12-2024T09:49:42 - [TEST_STEP][PASSED] - setText(findTestObject("Object Repository/Employee-Onboarding/Employee_Contact_Details/Page_OrangeHRM/input_Home_oxd-input oxd-input--focus"), Tel_Home): Text '210-934-6519' is set on object 'Object Repository/Employee-Onboarding/Employee_Contact_Details/Page_OrangeHRM/input_Home_oxd-input oxd-input--focus'

27-12-2024T09:49:42 - [MESSAGE][PASSED] - Text '210-934-6519' is set on object 'Object Repository/Employee-Onboarding/Employee_Contact_Details/Page_OrangeHRM/input_Home_oxd-input oxd-input--focus'

27-12-2024T09:49:42 - [TEST_STEP][PASSED] - setText(findTestObject("Object Repository/Employee-Onboarding/Employee_Contact_Details/Page_OrangeHRM/input_Mobile_oxd-input oxd-input--focus"), Tell_Mobile): Text '300-555-7315' is set on object 'Object Repository/Employee-Onboarding/Employee_Contact_Details/Page_OrangeHRM/input_Mobile_oxd-input oxd-input--focus'

27-12-2024T09:49:43 - [MESSAGE][PASSED] - Text '300-555-7315' is set on object 'Object Repository/Employee-Onboarding/Employee_Contact_Details/Page_OrangeHRM/input_Mobile_oxd-input oxd-input--focus'

27-12-2024T09:49:43 - [TEST_STEP][PASSED] - setText(findTestObject("Object Repository/Employee-Onboarding/Employee_Contact_Details/Page_OrangeHRM/input_Work_oxd-input oxd-input--focus"), Tel_Work): Text '204-786-4958' is set on object 'Object Repository/Employee-Onboarding/Employee_Contact_Details/Page_OrangeHRM/input_Work_oxd-input oxd-input--focus'

27-12-2024T09:49:43 - [MESSAGE][PASSED] - Text '204-786-4958' is set on object 'Object Repository/Employee-Onboarding/Employee_Contact_Details/Page_OrangeHRM/input_Work_oxd-input oxd-input--focus'

27-12-2024T09:49:43 - [TEST_STEP][PASSED] - setText(findTestObject("Object Repository/Employee-Onboarding/Employee_Contact_Details/Page_OrangeHRM/input_Work Email_oxd-input oxd-input--active"), Email_Work): Text 'margaret.williams@williams.com' is set on object 'Object Repository/Employee-Onboarding/Employee_Contact_Details/Page_OrangeHRM/input_Work Email_oxd-input oxd-input--active'

27-12-2024T09:49:44 - [MESSAGE][PASSED] - Text 'margaret.williams@williams.com' is set on object 'Object Repository/Employee-Onboarding/Employee_Contact_Details/Page_OrangeHRM/input_Work Email_oxd-input oxd-input--active'

27-12-2024T09:49:44 - [TEST_STEP][PASSED] - setText(findTestObject("Object Repository/Employee-Onboarding/Employee_Contact_Details/Page_OrangeHRM/input_Other Email_oxd-input oxd-input--focu_8ec2d9"), Email_Other): Text 'margaret.williams@mockplace.net' is set on object 'Object Repository/Employee-Onboarding/Employee_Contact_Details/Page_OrangeHRM/input_Other Email_oxd-input oxd-input--focu_8ec2d9'

27-12-2024T09:49:46 - [MESSAGE][PASSED] - Text 'margaret.williams@mockplace.net' is set on object 'Object Repository/Employee-Onboarding/Employee_Contact_Details/Page_OrangeHRM/input_Other Email_oxd-input oxd-input--focu_8ec2d9'

27-12-2024T09:49:46 - [TEST_STEP][PASSED] - click(findTestObject("Object Repository/Employee-Onboarding/Employee_Contact_Details/Page_OrangeHRM/button_Save")): Object: 'Object Repository/Employee-Onboarding/Employee_Contact_Details/Page_OrangeHRM/button_Save' is clicked on

27-12-2024T09:49:46 - [MESSAGE][PASSED] - Object: 'Object Repository/Employee-Onboarding/Employee_Contact_Details/Page_OrangeHRM/button_Save' is clicked on]]></system-out>
         <system-err><![CDATA[]]></system-err>
      </testcase>
      <testcase name="Test Cases/Employee_Onboarding/TC_Employee_Contact_Details" time="18.533" classname="Test Cases/Employee_Onboarding/TC_Employee_Contact_Details" status="PASSED">
         <system-out><![CDATA[27-12-2024T09:49:46 - [TEST_CASE][PASSED] - Test Cases/Employee_Onboarding/TC_Employee_Contact_Details: Test Cases/Employee_Onboarding/TC_Employee_Contact_Details

27-12-2024T09:49:46 - [TEST_STEP][PASSED] - click(findTestObject("Object Repository/Employee-Onboarding/Employee_Contact_Details/Page_OrangeHRM/a_PIM")): Object: 'Object Repository/Employee-Onboarding/Employee_Contact_Details/Page_OrangeHRM/a_PIM' is clicked on

27-12-2024T09:49:47 - [MESSAGE][PASSED] - Object: 'Object Repository/Employee-Onboarding/Employee_Contact_Details/Page_OrangeHRM/a_PIM' is clicked on

27-12-2024T09:49:47 - [TEST_STEP][PASSED] - setText(findTestObject("Object Repository/Employee-Onboarding/Employee_Contact_Details/Page_OrangeHRM/input"), Fullname): Text 'Cody Rose' is set on object 'Object Repository/Employee-Onboarding/Employee_Contact_Details/Page_OrangeHRM/input'

27-12-2024T09:49:50 - [MESSAGE][PASSED] - Text 'Cody Rose' is set on object 'Object Repository/Employee-Onboarding/Employee_Contact_Details/Page_OrangeHRM/input'

27-12-2024T09:49:50 - [TEST_STEP][PASSED] - click(findTestObject("Object Repository/Employee-Onboarding/Employee_Contact_Details/Page_OrangeHRM/button_Search")): Object: 'Object Repository/Employee-Onboarding/Employee_Contact_Details/Page_OrangeHRM/button_Search' is clicked on

27-12-2024T09:49:50 - [MESSAGE][PASSED] - Object: 'Object Repository/Employee-Onboarding/Employee_Contact_Details/Page_OrangeHRM/button_Search' is clicked on

27-12-2024T09:49:50 - [TEST_STEP][PASSED] - click(findTestObject("Object Repository/Employee-Onboarding/Employee_Contact_Details/Page_OrangeHRM/div_Actions_oxd-table-cell oxd-padding-cell")): Object: 'Object Repository/Employee-Onboarding/Employee_Contact_Details/Page_OrangeHRM/div_Actions_oxd-table-cell oxd-padding-cell' is clicked on

27-12-2024T09:49:52 - [MESSAGE][PASSED] - Object: 'Object Repository/Employee-Onboarding/Employee_Contact_Details/Page_OrangeHRM/div_Actions_oxd-table-cell oxd-padding-cell' is clicked on

27-12-2024T09:49:52 - [TEST_STEP][PASSED] - click(findTestObject("Object Repository/Employee-Onboarding/Employee_Contact_Details/Page_OrangeHRM/a_Contact Details")): Object: 'Object Repository/Employee-Onboarding/Employee_Contact_Details/Page_OrangeHRM/a_Contact Details' is clicked on

27-12-2024T09:49:55 - [MESSAGE][PASSED] - Object: 'Object Repository/Employee-Onboarding/Employee_Contact_Details/Page_OrangeHRM/a_Contact Details' is clicked on

27-12-2024T09:49:55 - [TEST_STEP][PASSED] - setText(findTestObject("Object Repository/Employee-Onboarding/Employee_Contact_Details/Page_OrangeHRM/input_Street 1_oxd-input oxd-input--focus"), Street1): Text '3262 Johnson Stream Suite 566' is set on object 'Object Repository/Employee-Onboarding/Employee_Contact_Details/Page_OrangeHRM/input_Street 1_oxd-input oxd-input--focus'

27-12-2024T09:49:57 - [MESSAGE][PASSED] - Text '3262 Johnson Stream Suite 566' is set on object 'Object Repository/Employee-Onboarding/Employee_Contact_Details/Page_OrangeHRM/input_Street 1_oxd-input oxd-input--focus'

27-12-2024T09:49:57 - [TEST_STEP][PASSED] - setText(findTestObject("Object Repository/Employee-Onboarding/Employee_Contact_Details/Page_OrangeHRM/input_Street 2_oxd-input oxd-input--active"), Street2): Text 'Apt. 929' is set on object 'Object Repository/Employee-Onboarding/Employee_Contact_Details/Page_OrangeHRM/input_Street 2_oxd-input oxd-input--active'

27-12-2024T09:49:58 - [MESSAGE][PASSED] - Text 'Apt. 929' is set on object 'Object Repository/Employee-Onboarding/Employee_Contact_Details/Page_OrangeHRM/input_Street 2_oxd-input oxd-input--active'

27-12-2024T09:49:58 - [TEST_STEP][PASSED] - setText(findTestObject("Object Repository/Employee-Onboarding/Employee_Contact_Details/Page_OrangeHRM/input_City_oxd-input oxd-input--active"), City): Text 'Masonberg' is set on object 'Object Repository/Employee-Onboarding/Employee_Contact_Details/Page_OrangeHRM/input_City_oxd-input oxd-input--active'

27-12-2024T09:49:58 - [MESSAGE][PASSED] - Text 'Masonberg' is set on object 'Object Repository/Employee-Onboarding/Employee_Contact_Details/Page_OrangeHRM/input_City_oxd-input oxd-input--active'

27-12-2024T09:49:58 - [TEST_STEP][PASSED] - setText(findTestObject("Object Repository/Employee-Onboarding/Employee_Contact_Details/Page_OrangeHRM/input_StateProvince_oxd-input oxd-input--active"), State): Text 'Alaska' is set on object 'Object Repository/Employee-Onboarding/Employee_Contact_Details/Page_OrangeHRM/input_StateProvince_oxd-input oxd-input--active'

27-12-2024T09:49:59 - [MESSAGE][PASSED] - Text 'Alaska' is set on object 'Object Repository/Employee-Onboarding/Employee_Contact_Details/Page_OrangeHRM/input_StateProvince_oxd-input oxd-input--active'

27-12-2024T09:49:59 - [TEST_STEP][PASSED] - setText(findTestObject("Object Repository/Employee-Onboarding/Employee_Contact_Details/Page_OrangeHRM/input_ZipPostal Code_oxd-input oxd-input--active"), ZipCode): Text '60867' is set on object 'Object Repository/Employee-Onboarding/Employee_Contact_Details/Page_OrangeHRM/input_ZipPostal Code_oxd-input oxd-input--active'

27-12-2024T09:49:59 - [MESSAGE][PASSED] - Text '60867' is set on object 'Object Repository/Employee-Onboarding/Employee_Contact_Details/Page_OrangeHRM/input_ZipPostal Code_oxd-input oxd-input--active'

27-12-2024T09:49:59 - [TEST_STEP][PASSED] - click(findTestObject("Object Repository/Employee-Onboarding/Employee_Contact_Details/Page_OrangeHRM/i_-- Select --_oxd-icon bi-caret-up-fill ox_627fec")): Object: 'Object Repository/Employee-Onboarding/Employee_Contact_Details/Page_OrangeHRM/i_-- Select --_oxd-icon bi-caret-up-fill ox_627fec' is clicked on

27-12-2024T09:50:00 - [MESSAGE][PASSED] - Object: 'Object Repository/Employee-Onboarding/Employee_Contact_Details/Page_OrangeHRM/i_-- Select --_oxd-icon bi-caret-up-fill ox_627fec' is clicked on

27-12-2024T09:50:00 - [TEST_STEP][PASSED] - click(findTestObject("Employee-Onboarding/Employee_Salary_Detail_Objects/Page_OrangeHRM/custom_object_for_dropdown", ["value":Country])): Object: 'Object Repository/Employee-Onboarding/Employee_Salary_Detail_Objects/Page_OrangeHRM/custom_object_for_dropdown' is clicked on

27-12-2024T09:50:00 - [MESSAGE][PASSED] - Object: 'Object Repository/Employee-Onboarding/Employee_Salary_Detail_Objects/Page_OrangeHRM/custom_object_for_dropdown' is clicked on

27-12-2024T09:50:00 - [TEST_STEP][PASSED] - setText(findTestObject("Object Repository/Employee-Onboarding/Employee_Contact_Details/Page_OrangeHRM/input_Home_oxd-input oxd-input--focus"), Tel_Home): Text '803-274-5586' is set on object 'Object Repository/Employee-Onboarding/Employee_Contact_Details/Page_OrangeHRM/input_Home_oxd-input oxd-input--focus'

27-12-2024T09:50:01 - [MESSAGE][PASSED] - Text '803-274-5586' is set on object 'Object Repository/Employee-Onboarding/Employee_Contact_Details/Page_OrangeHRM/input_Home_oxd-input oxd-input--focus'

27-12-2024T09:50:01 - [TEST_STEP][PASSED] - setText(findTestObject("Object Repository/Employee-Onboarding/Employee_Contact_Details/Page_OrangeHRM/input_Mobile_oxd-input oxd-input--focus"), Tell_Mobile): Text '902-463-3285' is set on object 'Object Repository/Employee-Onboarding/Employee_Contact_Details/Page_OrangeHRM/input_Mobile_oxd-input oxd-input--focus'

27-12-2024T09:50:01 - [MESSAGE][PASSED] - Text '902-463-3285' is set on object 'Object Repository/Employee-Onboarding/Employee_Contact_Details/Page_OrangeHRM/input_Mobile_oxd-input oxd-input--focus'

27-12-2024T09:50:01 - [TEST_STEP][PASSED] - setText(findTestObject("Object Repository/Employee-Onboarding/Employee_Contact_Details/Page_OrangeHRM/input_Work_oxd-input oxd-input--focus"), Tel_Work): Text '598-623-7842' is set on object 'Object Repository/Employee-Onboarding/Employee_Contact_Details/Page_OrangeHRM/input_Work_oxd-input oxd-input--focus'

27-12-2024T09:50:02 - [MESSAGE][PASSED] - Text '598-623-7842' is set on object 'Object Repository/Employee-Onboarding/Employee_Contact_Details/Page_OrangeHRM/input_Work_oxd-input oxd-input--focus'

27-12-2024T09:50:02 - [TEST_STEP][PASSED] - setText(findTestObject("Object Repository/Employee-Onboarding/Employee_Contact_Details/Page_OrangeHRM/input_Work Email_oxd-input oxd-input--active"), Email_Work): Text 'cody.rose@fox.biz' is set on object 'Object Repository/Employee-Onboarding/Employee_Contact_Details/Page_OrangeHRM/input_Work Email_oxd-input oxd-input--active'

27-12-2024T09:50:02 - [MESSAGE][PASSED] - Text 'cody.rose@fox.biz' is set on object 'Object Repository/Employee-Onboarding/Employee_Contact_Details/Page_OrangeHRM/input_Work Email_oxd-input oxd-input--active'

27-12-2024T09:50:02 - [TEST_STEP][PASSED] - setText(findTestObject("Object Repository/Employee-Onboarding/Employee_Contact_Details/Page_OrangeHRM/input_Other Email_oxd-input oxd-input--focu_8ec2d9"), Email_Other): Text 'cody.rose@dummyaccounts.org' is set on object 'Object Repository/Employee-Onboarding/Employee_Contact_Details/Page_OrangeHRM/input_Other Email_oxd-input oxd-input--focu_8ec2d9'

27-12-2024T09:50:04 - [MESSAGE][PASSED] - Text 'cody.rose@dummyaccounts.org' is set on object 'Object Repository/Employee-Onboarding/Employee_Contact_Details/Page_OrangeHRM/input_Other Email_oxd-input oxd-input--focu_8ec2d9'

27-12-2024T09:50:04 - [TEST_STEP][PASSED] - click(findTestObject("Object Repository/Employee-Onboarding/Employee_Contact_Details/Page_OrangeHRM/button_Save")): Object: 'Object Repository/Employee-Onboarding/Employee_Contact_Details/Page_OrangeHRM/button_Save' is clicked on

27-12-2024T09:50:05 - [MESSAGE][PASSED] - Object: 'Object Repository/Employee-Onboarding/Employee_Contact_Details/Page_OrangeHRM/button_Save' is clicked on]]></system-out>
         <system-err><![CDATA[]]></system-err>
      </testcase>
      <testcase name="Test Cases/Employee_Onboarding/TC_Employee_Contact_Details" time="17.948" classname="Test Cases/Employee_Onboarding/TC_Employee_Contact_Details" status="PASSED">
         <system-out><![CDATA[27-12-2024T09:50:05 - [TEST_CASE][PASSED] - Test Cases/Employee_Onboarding/TC_Employee_Contact_Details: Test Cases/Employee_Onboarding/TC_Employee_Contact_Details

27-12-2024T09:50:05 - [TEST_STEP][PASSED] - click(findTestObject("Object Repository/Employee-Onboarding/Employee_Contact_Details/Page_OrangeHRM/a_PIM")): Object: 'Object Repository/Employee-Onboarding/Employee_Contact_Details/Page_OrangeHRM/a_PIM' is clicked on

27-12-2024T09:50:06 - [MESSAGE][PASSED] - Object: 'Object Repository/Employee-Onboarding/Employee_Contact_Details/Page_OrangeHRM/a_PIM' is clicked on

27-12-2024T09:50:06 - [TEST_STEP][PASSED] - setText(findTestObject("Object Repository/Employee-Onboarding/Employee_Contact_Details/Page_OrangeHRM/input"), Fullname): Text 'David Carroll' is set on object 'Object Repository/Employee-Onboarding/Employee_Contact_Details/Page_OrangeHRM/input'

27-12-2024T09:50:08 - [MESSAGE][PASSED] - Text 'David Carroll' is set on object 'Object Repository/Employee-Onboarding/Employee_Contact_Details/Page_OrangeHRM/input'

27-12-2024T09:50:08 - [TEST_STEP][PASSED] - click(findTestObject("Object Repository/Employee-Onboarding/Employee_Contact_Details/Page_OrangeHRM/button_Search")): Object: 'Object Repository/Employee-Onboarding/Employee_Contact_Details/Page_OrangeHRM/button_Search' is clicked on

27-12-2024T09:50:09 - [MESSAGE][PASSED] - Object: 'Object Repository/Employee-Onboarding/Employee_Contact_Details/Page_OrangeHRM/button_Search' is clicked on

27-12-2024T09:50:09 - [TEST_STEP][PASSED] - click(findTestObject("Object Repository/Employee-Onboarding/Employee_Contact_Details/Page_OrangeHRM/div_Actions_oxd-table-cell oxd-padding-cell")): Object: 'Object Repository/Employee-Onboarding/Employee_Contact_Details/Page_OrangeHRM/div_Actions_oxd-table-cell oxd-padding-cell' is clicked on

27-12-2024T09:50:10 - [MESSAGE][PASSED] - Object: 'Object Repository/Employee-Onboarding/Employee_Contact_Details/Page_OrangeHRM/div_Actions_oxd-table-cell oxd-padding-cell' is clicked on

27-12-2024T09:50:10 - [TEST_STEP][PASSED] - click(findTestObject("Object Repository/Employee-Onboarding/Employee_Contact_Details/Page_OrangeHRM/a_Contact Details")): Object: 'Object Repository/Employee-Onboarding/Employee_Contact_Details/Page_OrangeHRM/a_Contact Details' is clicked on

27-12-2024T09:50:13 - [MESSAGE][PASSED] - Object: 'Object Repository/Employee-Onboarding/Employee_Contact_Details/Page_OrangeHRM/a_Contact Details' is clicked on

27-12-2024T09:50:13 - [TEST_STEP][PASSED] - setText(findTestObject("Object Repository/Employee-Onboarding/Employee_Contact_Details/Page_OrangeHRM/input_Street 1_oxd-input oxd-input--focus"), Street1): Text '00545 Molly Highway Apt. 527' is set on object 'Object Repository/Employee-Onboarding/Employee_Contact_Details/Page_OrangeHRM/input_Street 1_oxd-input oxd-input--focus'

27-12-2024T09:50:16 - [MESSAGE][PASSED] - Text '00545 Molly Highway Apt. 527' is set on object 'Object Repository/Employee-Onboarding/Employee_Contact_Details/Page_OrangeHRM/input_Street 1_oxd-input oxd-input--focus'

27-12-2024T09:50:16 - [TEST_STEP][PASSED] - setText(findTestObject("Object Repository/Employee-Onboarding/Employee_Contact_Details/Page_OrangeHRM/input_Street 2_oxd-input oxd-input--active"), Street2): Text 'Apt. 557' is set on object 'Object Repository/Employee-Onboarding/Employee_Contact_Details/Page_OrangeHRM/input_Street 2_oxd-input oxd-input--active'

27-12-2024T09:50:16 - [MESSAGE][PASSED] - Text 'Apt. 557' is set on object 'Object Repository/Employee-Onboarding/Employee_Contact_Details/Page_OrangeHRM/input_Street 2_oxd-input oxd-input--active'

27-12-2024T09:50:16 - [TEST_STEP][PASSED] - setText(findTestObject("Object Repository/Employee-Onboarding/Employee_Contact_Details/Page_OrangeHRM/input_City_oxd-input oxd-input--active"), City): Text 'East Isaacmouth' is set on object 'Object Repository/Employee-Onboarding/Employee_Contact_Details/Page_OrangeHRM/input_City_oxd-input oxd-input--active'

27-12-2024T09:50:16 - [MESSAGE][PASSED] - Text 'East Isaacmouth' is set on object 'Object Repository/Employee-Onboarding/Employee_Contact_Details/Page_OrangeHRM/input_City_oxd-input oxd-input--active'

27-12-2024T09:50:16 - [TEST_STEP][PASSED] - setText(findTestObject("Object Repository/Employee-Onboarding/Employee_Contact_Details/Page_OrangeHRM/input_StateProvince_oxd-input oxd-input--active"), State): Text 'Alabama' is set on object 'Object Repository/Employee-Onboarding/Employee_Contact_Details/Page_OrangeHRM/input_StateProvince_oxd-input oxd-input--active'

27-12-2024T09:50:17 - [MESSAGE][PASSED] - Text 'Alabama' is set on object 'Object Repository/Employee-Onboarding/Employee_Contact_Details/Page_OrangeHRM/input_StateProvince_oxd-input oxd-input--active'

27-12-2024T09:50:17 - [TEST_STEP][PASSED] - setText(findTestObject("Object Repository/Employee-Onboarding/Employee_Contact_Details/Page_OrangeHRM/input_ZipPostal Code_oxd-input oxd-input--active"), ZipCode): Text '95735' is set on object 'Object Repository/Employee-Onboarding/Employee_Contact_Details/Page_OrangeHRM/input_ZipPostal Code_oxd-input oxd-input--active'

27-12-2024T09:50:17 - [MESSAGE][PASSED] - Text '95735' is set on object 'Object Repository/Employee-Onboarding/Employee_Contact_Details/Page_OrangeHRM/input_ZipPostal Code_oxd-input oxd-input--active'

27-12-2024T09:50:17 - [TEST_STEP][PASSED] - click(findTestObject("Object Repository/Employee-Onboarding/Employee_Contact_Details/Page_OrangeHRM/i_-- Select --_oxd-icon bi-caret-up-fill ox_627fec")): Object: 'Object Repository/Employee-Onboarding/Employee_Contact_Details/Page_OrangeHRM/i_-- Select --_oxd-icon bi-caret-up-fill ox_627fec' is clicked on

27-12-2024T09:50:18 - [MESSAGE][PASSED] - Object: 'Object Repository/Employee-Onboarding/Employee_Contact_Details/Page_OrangeHRM/i_-- Select --_oxd-icon bi-caret-up-fill ox_627fec' is clicked on

27-12-2024T09:50:18 - [TEST_STEP][PASSED] - click(findTestObject("Employee-Onboarding/Employee_Salary_Detail_Objects/Page_OrangeHRM/custom_object_for_dropdown", ["value":Country])): Object: 'Object Repository/Employee-Onboarding/Employee_Salary_Detail_Objects/Page_OrangeHRM/custom_object_for_dropdown' is clicked on

27-12-2024T09:50:18 - [MESSAGE][PASSED] - Object: 'Object Repository/Employee-Onboarding/Employee_Salary_Detail_Objects/Page_OrangeHRM/custom_object_for_dropdown' is clicked on

27-12-2024T09:50:18 - [TEST_STEP][PASSED] - setText(findTestObject("Object Repository/Employee-Onboarding/Employee_Contact_Details/Page_OrangeHRM/input_Home_oxd-input oxd-input--focus"), Tel_Home): Text '601-348-7521' is set on object 'Object Repository/Employee-Onboarding/Employee_Contact_Details/Page_OrangeHRM/input_Home_oxd-input oxd-input--focus'

27-12-2024T09:50:19 - [MESSAGE][PASSED] - Text '601-348-7521' is set on object 'Object Repository/Employee-Onboarding/Employee_Contact_Details/Page_OrangeHRM/input_Home_oxd-input oxd-input--focus'

27-12-2024T09:50:19 - [TEST_STEP][PASSED] - setText(findTestObject("Object Repository/Employee-Onboarding/Employee_Contact_Details/Page_OrangeHRM/input_Mobile_oxd-input oxd-input--focus"), Tell_Mobile): Text '430-784-9032' is set on object 'Object Repository/Employee-Onboarding/Employee_Contact_Details/Page_OrangeHRM/input_Mobile_oxd-input oxd-input--focus'

27-12-2024T09:50:19 - [MESSAGE][PASSED] - Text '430-784-9032' is set on object 'Object Repository/Employee-Onboarding/Employee_Contact_Details/Page_OrangeHRM/input_Mobile_oxd-input oxd-input--focus'

27-12-2024T09:50:19 - [TEST_STEP][PASSED] - setText(findTestObject("Object Repository/Employee-Onboarding/Employee_Contact_Details/Page_OrangeHRM/input_Work_oxd-input oxd-input--focus"), Tel_Work): Text '810-948-3621' is set on object 'Object Repository/Employee-Onboarding/Employee_Contact_Details/Page_OrangeHRM/input_Work_oxd-input oxd-input--focus'

27-12-2024T09:50:20 - [MESSAGE][PASSED] - Text '810-948-3621' is set on object 'Object Repository/Employee-Onboarding/Employee_Contact_Details/Page_OrangeHRM/input_Work_oxd-input oxd-input--focus'

27-12-2024T09:50:20 - [TEST_STEP][PASSED] - setText(findTestObject("Object Repository/Employee-Onboarding/Employee_Contact_Details/Page_OrangeHRM/input_Work Email_oxd-input oxd-input--active"), Email_Work): Text 'david.carroll@richardson.com' is set on object 'Object Repository/Employee-Onboarding/Employee_Contact_Details/Page_OrangeHRM/input_Work Email_oxd-input oxd-input--active'

27-12-2024T09:50:20 - [MESSAGE][PASSED] - Text 'david.carroll@richardson.com' is set on object 'Object Repository/Employee-Onboarding/Employee_Contact_Details/Page_OrangeHRM/input_Work Email_oxd-input oxd-input--active'

27-12-2024T09:50:20 - [TEST_STEP][PASSED] - setText(findTestObject("Object Repository/Employee-Onboarding/Employee_Contact_Details/Page_OrangeHRM/input_Other Email_oxd-input oxd-input--focu_8ec2d9"), Email_Other): Text 'david.carroll@notrealmailgen.net' is set on object 'Object Repository/Employee-Onboarding/Employee_Contact_Details/Page_OrangeHRM/input_Other Email_oxd-input oxd-input--focu_8ec2d9'

27-12-2024T09:50:22 - [MESSAGE][PASSED] - Text 'david.carroll@notrealmailgen.net' is set on object 'Object Repository/Employee-Onboarding/Employee_Contact_Details/Page_OrangeHRM/input_Other Email_oxd-input oxd-input--focu_8ec2d9'

27-12-2024T09:50:22 - [TEST_STEP][PASSED] - click(findTestObject("Object Repository/Employee-Onboarding/Employee_Contact_Details/Page_OrangeHRM/button_Save")): Object: 'Object Repository/Employee-Onboarding/Employee_Contact_Details/Page_OrangeHRM/button_Save' is clicked on

27-12-2024T09:50:23 - [MESSAGE][PASSED] - Object: 'Object Repository/Employee-Onboarding/Employee_Contact_Details/Page_OrangeHRM/button_Save' is clicked on]]></system-out>
         <system-err><![CDATA[]]></system-err>
      </testcase>
      <testcase name="Test Cases/Employee_Onboarding/TC_Employee_Contact_Details" time="18.669" classname="Test Cases/Employee_Onboarding/TC_Employee_Contact_Details" status="PASSED">
         <system-out><![CDATA[27-12-2024T09:50:23 - [TEST_CASE][PASSED] - Test Cases/Employee_Onboarding/TC_Employee_Contact_Details: Test Cases/Employee_Onboarding/TC_Employee_Contact_Details

27-12-2024T09:50:23 - [TEST_STEP][PASSED] - click(findTestObject("Object Repository/Employee-Onboarding/Employee_Contact_Details/Page_OrangeHRM/a_PIM")): Object: 'Object Repository/Employee-Onboarding/Employee_Contact_Details/Page_OrangeHRM/a_PIM' is clicked on

27-12-2024T09:50:24 - [MESSAGE][PASSED] - Object: 'Object Repository/Employee-Onboarding/Employee_Contact_Details/Page_OrangeHRM/a_PIM' is clicked on

27-12-2024T09:50:24 - [TEST_STEP][PASSED] - setText(findTestObject("Object Repository/Employee-Onboarding/Employee_Contact_Details/Page_OrangeHRM/input"), Fullname): Text 'Kari Scott' is set on object 'Object Repository/Employee-Onboarding/Employee_Contact_Details/Page_OrangeHRM/input'

27-12-2024T09:50:26 - [MESSAGE][PASSED] - Text 'Kari Scott' is set on object 'Object Repository/Employee-Onboarding/Employee_Contact_Details/Page_OrangeHRM/input'

27-12-2024T09:50:26 - [TEST_STEP][PASSED] - click(findTestObject("Object Repository/Employee-Onboarding/Employee_Contact_Details/Page_OrangeHRM/button_Search")): Object: 'Object Repository/Employee-Onboarding/Employee_Contact_Details/Page_OrangeHRM/button_Search' is clicked on

27-12-2024T09:50:27 - [MESSAGE][PASSED] - Object: 'Object Repository/Employee-Onboarding/Employee_Contact_Details/Page_OrangeHRM/button_Search' is clicked on

27-12-2024T09:50:27 - [TEST_STEP][PASSED] - click(findTestObject("Object Repository/Employee-Onboarding/Employee_Contact_Details/Page_OrangeHRM/div_Actions_oxd-table-cell oxd-padding-cell")): Object: 'Object Repository/Employee-Onboarding/Employee_Contact_Details/Page_OrangeHRM/div_Actions_oxd-table-cell oxd-padding-cell' is clicked on

27-12-2024T09:50:29 - [MESSAGE][PASSED] - Object: 'Object Repository/Employee-Onboarding/Employee_Contact_Details/Page_OrangeHRM/div_Actions_oxd-table-cell oxd-padding-cell' is clicked on

27-12-2024T09:50:29 - [TEST_STEP][PASSED] - click(findTestObject("Object Repository/Employee-Onboarding/Employee_Contact_Details/Page_OrangeHRM/a_Contact Details")): Object: 'Object Repository/Employee-Onboarding/Employee_Contact_Details/Page_OrangeHRM/a_Contact Details' is clicked on

27-12-2024T09:50:32 - [MESSAGE][PASSED] - Object: 'Object Repository/Employee-Onboarding/Employee_Contact_Details/Page_OrangeHRM/a_Contact Details' is clicked on

27-12-2024T09:50:32 - [TEST_STEP][PASSED] - setText(findTestObject("Object Repository/Employee-Onboarding/Employee_Contact_Details/Page_OrangeHRM/input_Street 1_oxd-input oxd-input--focus"), Street1): Text '149 Ware Pine' is set on object 'Object Repository/Employee-Onboarding/Employee_Contact_Details/Page_OrangeHRM/input_Street 1_oxd-input oxd-input--focus'

27-12-2024T09:50:34 - [MESSAGE][PASSED] - Text '149 Ware Pine' is set on object 'Object Repository/Employee-Onboarding/Employee_Contact_Details/Page_OrangeHRM/input_Street 1_oxd-input oxd-input--focus'

27-12-2024T09:50:34 - [TEST_STEP][PASSED] - setText(findTestObject("Object Repository/Employee-Onboarding/Employee_Contact_Details/Page_OrangeHRM/input_Street 2_oxd-input oxd-input--active"), Street2): Text 'Apt. 146' is set on object 'Object Repository/Employee-Onboarding/Employee_Contact_Details/Page_OrangeHRM/input_Street 2_oxd-input oxd-input--active'

27-12-2024T09:50:35 - [MESSAGE][PASSED] - Text 'Apt. 146' is set on object 'Object Repository/Employee-Onboarding/Employee_Contact_Details/Page_OrangeHRM/input_Street 2_oxd-input oxd-input--active'

27-12-2024T09:50:35 - [TEST_STEP][PASSED] - setText(findTestObject("Object Repository/Employee-Onboarding/Employee_Contact_Details/Page_OrangeHRM/input_City_oxd-input oxd-input--active"), City): Text 'Port Dylanberg' is set on object 'Object Repository/Employee-Onboarding/Employee_Contact_Details/Page_OrangeHRM/input_City_oxd-input oxd-input--active'

27-12-2024T09:50:35 - [MESSAGE][PASSED] - Text 'Port Dylanberg' is set on object 'Object Repository/Employee-Onboarding/Employee_Contact_Details/Page_OrangeHRM/input_City_oxd-input oxd-input--active'

27-12-2024T09:50:35 - [TEST_STEP][PASSED] - setText(findTestObject("Object Repository/Employee-Onboarding/Employee_Contact_Details/Page_OrangeHRM/input_StateProvince_oxd-input oxd-input--active"), State): Text 'Kansas' is set on object 'Object Repository/Employee-Onboarding/Employee_Contact_Details/Page_OrangeHRM/input_StateProvince_oxd-input oxd-input--active'

27-12-2024T09:50:36 - [MESSAGE][PASSED] - Text 'Kansas' is set on object 'Object Repository/Employee-Onboarding/Employee_Contact_Details/Page_OrangeHRM/input_StateProvince_oxd-input oxd-input--active'

27-12-2024T09:50:36 - [TEST_STEP][PASSED] - setText(findTestObject("Object Repository/Employee-Onboarding/Employee_Contact_Details/Page_OrangeHRM/input_ZipPostal Code_oxd-input oxd-input--active"), ZipCode): Text '99902' is set on object 'Object Repository/Employee-Onboarding/Employee_Contact_Details/Page_OrangeHRM/input_ZipPostal Code_oxd-input oxd-input--active'

27-12-2024T09:50:36 - [MESSAGE][PASSED] - Text '99902' is set on object 'Object Repository/Employee-Onboarding/Employee_Contact_Details/Page_OrangeHRM/input_ZipPostal Code_oxd-input oxd-input--active'

27-12-2024T09:50:36 - [TEST_STEP][PASSED] - click(findTestObject("Object Repository/Employee-Onboarding/Employee_Contact_Details/Page_OrangeHRM/i_-- Select --_oxd-icon bi-caret-up-fill ox_627fec")): Object: 'Object Repository/Employee-Onboarding/Employee_Contact_Details/Page_OrangeHRM/i_-- Select --_oxd-icon bi-caret-up-fill ox_627fec' is clicked on

27-12-2024T09:50:36 - [MESSAGE][PASSED] - Object: 'Object Repository/Employee-Onboarding/Employee_Contact_Details/Page_OrangeHRM/i_-- Select --_oxd-icon bi-caret-up-fill ox_627fec' is clicked on

27-12-2024T09:50:36 - [TEST_STEP][PASSED] - click(findTestObject("Employee-Onboarding/Employee_Salary_Detail_Objects/Page_OrangeHRM/custom_object_for_dropdown", ["value":Country])): Object: 'Object Repository/Employee-Onboarding/Employee_Salary_Detail_Objects/Page_OrangeHRM/custom_object_for_dropdown' is clicked on

27-12-2024T09:50:37 - [MESSAGE][PASSED] - Object: 'Object Repository/Employee-Onboarding/Employee_Salary_Detail_Objects/Page_OrangeHRM/custom_object_for_dropdown' is clicked on

27-12-2024T09:50:37 - [TEST_STEP][PASSED] - setText(findTestObject("Object Repository/Employee-Onboarding/Employee_Contact_Details/Page_OrangeHRM/input_Home_oxd-input oxd-input--focus"), Tel_Home): Text '762-781-3546' is set on object 'Object Repository/Employee-Onboarding/Employee_Contact_Details/Page_OrangeHRM/input_Home_oxd-input oxd-input--focus'

27-12-2024T09:50:38 - [MESSAGE][PASSED] - Text '762-781-3546' is set on object 'Object Repository/Employee-Onboarding/Employee_Contact_Details/Page_OrangeHRM/input_Home_oxd-input oxd-input--focus'

27-12-2024T09:50:38 - [TEST_STEP][PASSED] - setText(findTestObject("Object Repository/Employee-Onboarding/Employee_Contact_Details/Page_OrangeHRM/input_Mobile_oxd-input oxd-input--focus"), Tell_Mobile): Text '129-876-0983' is set on object 'Object Repository/Employee-Onboarding/Employee_Contact_Details/Page_OrangeHRM/input_Mobile_oxd-input oxd-input--focus'

27-12-2024T09:50:38 - [MESSAGE][PASSED] - Text '129-876-0983' is set on object 'Object Repository/Employee-Onboarding/Employee_Contact_Details/Page_OrangeHRM/input_Mobile_oxd-input oxd-input--focus'

27-12-2024T09:50:38 - [TEST_STEP][PASSED] - setText(findTestObject("Object Repository/Employee-Onboarding/Employee_Contact_Details/Page_OrangeHRM/input_Work_oxd-input oxd-input--focus"), Tel_Work): Text '940-276-5931' is set on object 'Object Repository/Employee-Onboarding/Employee_Contact_Details/Page_OrangeHRM/input_Work_oxd-input oxd-input--focus'

27-12-2024T09:50:39 - [MESSAGE][PASSED] - Text '940-276-5931' is set on object 'Object Repository/Employee-Onboarding/Employee_Contact_Details/Page_OrangeHRM/input_Work_oxd-input oxd-input--focus'

27-12-2024T09:50:39 - [TEST_STEP][PASSED] - setText(findTestObject("Object Repository/Employee-Onboarding/Employee_Contact_Details/Page_OrangeHRM/input_Work Email_oxd-input oxd-input--active"), Email_Work): Text 'kari.scott@valenzuela.com' is set on object 'Object Repository/Employee-Onboarding/Employee_Contact_Details/Page_OrangeHRM/input_Work Email_oxd-input oxd-input--active'

27-12-2024T09:50:39 - [MESSAGE][PASSED] - Text 'kari.scott@valenzuela.com' is set on object 'Object Repository/Employee-Onboarding/Employee_Contact_Details/Page_OrangeHRM/input_Work Email_oxd-input oxd-input--active'

27-12-2024T09:50:39 - [TEST_STEP][PASSED] - setText(findTestObject("Object Repository/Employee-Onboarding/Employee_Contact_Details/Page_OrangeHRM/input_Other Email_oxd-input oxd-input--focu_8ec2d9"), Email_Other): Text 'kari.scott@emulatedservices.com' is set on object 'Object Repository/Employee-Onboarding/Employee_Contact_Details/Page_OrangeHRM/input_Other Email_oxd-input oxd-input--focu_8ec2d9'

27-12-2024T09:50:41 - [MESSAGE][PASSED] - Text 'kari.scott@emulatedservices.com' is set on object 'Object Repository/Employee-Onboarding/Employee_Contact_Details/Page_OrangeHRM/input_Other Email_oxd-input oxd-input--focu_8ec2d9'

27-12-2024T09:50:41 - [TEST_STEP][PASSED] - click(findTestObject("Object Repository/Employee-Onboarding/Employee_Contact_Details/Page_OrangeHRM/button_Save")): Object: 'Object Repository/Employee-Onboarding/Employee_Contact_Details/Page_OrangeHRM/button_Save' is clicked on

27-12-2024T09:50:41 - [MESSAGE][PASSED] - Object: 'Object Repository/Employee-Onboarding/Employee_Contact_Details/Page_OrangeHRM/button_Save' is clicked on]]></system-out>
         <system-err><![CDATA[]]></system-err>
      </testcase>
      <testcase name="Test Cases/Employee_Onboarding/TC_Employee_Contact_Details" time="19.016" classname="Test Cases/Employee_Onboarding/TC_Employee_Contact_Details" status="PASSED">
         <system-out><![CDATA[27-12-2024T09:50:41 - [TEST_CASE][PASSED] - Test Cases/Employee_Onboarding/TC_Employee_Contact_Details: Test Cases/Employee_Onboarding/TC_Employee_Contact_Details

27-12-2024T09:50:41 - [TEST_STEP][PASSED] - click(findTestObject("Object Repository/Employee-Onboarding/Employee_Contact_Details/Page_OrangeHRM/a_PIM")): Object: 'Object Repository/Employee-Onboarding/Employee_Contact_Details/Page_OrangeHRM/a_PIM' is clicked on

27-12-2024T09:50:43 - [MESSAGE][PASSED] - Object: 'Object Repository/Employee-Onboarding/Employee_Contact_Details/Page_OrangeHRM/a_PIM' is clicked on

27-12-2024T09:50:43 - [TEST_STEP][PASSED] - setText(findTestObject("Object Repository/Employee-Onboarding/Employee_Contact_Details/Page_OrangeHRM/input"), Fullname): Text 'Zachary Dean' is set on object 'Object Repository/Employee-Onboarding/Employee_Contact_Details/Page_OrangeHRM/input'

27-12-2024T09:50:45 - [MESSAGE][PASSED] - Text 'Zachary Dean' is set on object 'Object Repository/Employee-Onboarding/Employee_Contact_Details/Page_OrangeHRM/input'

27-12-2024T09:50:45 - [TEST_STEP][PASSED] - click(findTestObject("Object Repository/Employee-Onboarding/Employee_Contact_Details/Page_OrangeHRM/button_Search")): Object: 'Object Repository/Employee-Onboarding/Employee_Contact_Details/Page_OrangeHRM/button_Search' is clicked on

27-12-2024T09:50:46 - [MESSAGE][PASSED] - Object: 'Object Repository/Employee-Onboarding/Employee_Contact_Details/Page_OrangeHRM/button_Search' is clicked on

27-12-2024T09:50:46 - [TEST_STEP][PASSED] - click(findTestObject("Object Repository/Employee-Onboarding/Employee_Contact_Details/Page_OrangeHRM/div_Actions_oxd-table-cell oxd-padding-cell")): Object: 'Object Repository/Employee-Onboarding/Employee_Contact_Details/Page_OrangeHRM/div_Actions_oxd-table-cell oxd-padding-cell' is clicked on

27-12-2024T09:50:47 - [MESSAGE][PASSED] - Object: 'Object Repository/Employee-Onboarding/Employee_Contact_Details/Page_OrangeHRM/div_Actions_oxd-table-cell oxd-padding-cell' is clicked on

27-12-2024T09:50:47 - [TEST_STEP][PASSED] - click(findTestObject("Object Repository/Employee-Onboarding/Employee_Contact_Details/Page_OrangeHRM/a_Contact Details")): Object: 'Object Repository/Employee-Onboarding/Employee_Contact_Details/Page_OrangeHRM/a_Contact Details' is clicked on

27-12-2024T09:50:51 - [MESSAGE][PASSED] - Object: 'Object Repository/Employee-Onboarding/Employee_Contact_Details/Page_OrangeHRM/a_Contact Details' is clicked on

27-12-2024T09:50:51 - [TEST_STEP][PASSED] - setText(findTestObject("Object Repository/Employee-Onboarding/Employee_Contact_Details/Page_OrangeHRM/input_Street 1_oxd-input oxd-input--focus"), Street1): Text '8446 Phillips Expressway Apt. 341' is set on object 'Object Repository/Employee-Onboarding/Employee_Contact_Details/Page_OrangeHRM/input_Street 1_oxd-input oxd-input--focus'

27-12-2024T09:50:53 - [MESSAGE][PASSED] - Text '8446 Phillips Expressway Apt. 341' is set on object 'Object Repository/Employee-Onboarding/Employee_Contact_Details/Page_OrangeHRM/input_Street 1_oxd-input oxd-input--focus'

27-12-2024T09:50:53 - [TEST_STEP][PASSED] - setText(findTestObject("Object Repository/Employee-Onboarding/Employee_Contact_Details/Page_OrangeHRM/input_Street 2_oxd-input oxd-input--active"), Street2): Text 'Apt. 453' is set on object 'Object Repository/Employee-Onboarding/Employee_Contact_Details/Page_OrangeHRM/input_Street 2_oxd-input oxd-input--active'

27-12-2024T09:50:54 - [MESSAGE][PASSED] - Text 'Apt. 453' is set on object 'Object Repository/Employee-Onboarding/Employee_Contact_Details/Page_OrangeHRM/input_Street 2_oxd-input oxd-input--active'

27-12-2024T09:50:54 - [TEST_STEP][PASSED] - setText(findTestObject("Object Repository/Employee-Onboarding/Employee_Contact_Details/Page_OrangeHRM/input_City_oxd-input oxd-input--active"), City): Text 'Timport' is set on object 'Object Repository/Employee-Onboarding/Employee_Contact_Details/Page_OrangeHRM/input_City_oxd-input oxd-input--active'

27-12-2024T09:50:54 - [MESSAGE][PASSED] - Text 'Timport' is set on object 'Object Repository/Employee-Onboarding/Employee_Contact_Details/Page_OrangeHRM/input_City_oxd-input oxd-input--active'

27-12-2024T09:50:54 - [TEST_STEP][PASSED] - setText(findTestObject("Object Repository/Employee-Onboarding/Employee_Contact_Details/Page_OrangeHRM/input_StateProvince_oxd-input oxd-input--active"), State): Text 'Utah' is set on object 'Object Repository/Employee-Onboarding/Employee_Contact_Details/Page_OrangeHRM/input_StateProvince_oxd-input oxd-input--active'

27-12-2024T09:50:55 - [MESSAGE][PASSED] - Text 'Utah' is set on object 'Object Repository/Employee-Onboarding/Employee_Contact_Details/Page_OrangeHRM/input_StateProvince_oxd-input oxd-input--active'

27-12-2024T09:50:55 - [TEST_STEP][PASSED] - setText(findTestObject("Object Repository/Employee-Onboarding/Employee_Contact_Details/Page_OrangeHRM/input_ZipPostal Code_oxd-input oxd-input--active"), ZipCode): Text '27939' is set on object 'Object Repository/Employee-Onboarding/Employee_Contact_Details/Page_OrangeHRM/input_ZipPostal Code_oxd-input oxd-input--active'

27-12-2024T09:50:55 - [MESSAGE][PASSED] - Text '27939' is set on object 'Object Repository/Employee-Onboarding/Employee_Contact_Details/Page_OrangeHRM/input_ZipPostal Code_oxd-input oxd-input--active'

27-12-2024T09:50:55 - [TEST_STEP][PASSED] - click(findTestObject("Object Repository/Employee-Onboarding/Employee_Contact_Details/Page_OrangeHRM/i_-- Select --_oxd-icon bi-caret-up-fill ox_627fec")): Object: 'Object Repository/Employee-Onboarding/Employee_Contact_Details/Page_OrangeHRM/i_-- Select --_oxd-icon bi-caret-up-fill ox_627fec' is clicked on

27-12-2024T09:50:56 - [MESSAGE][PASSED] - Object: 'Object Repository/Employee-Onboarding/Employee_Contact_Details/Page_OrangeHRM/i_-- Select --_oxd-icon bi-caret-up-fill ox_627fec' is clicked on

27-12-2024T09:50:56 - [TEST_STEP][PASSED] - click(findTestObject("Employee-Onboarding/Employee_Salary_Detail_Objects/Page_OrangeHRM/custom_object_for_dropdown", ["value":Country])): Object: 'Object Repository/Employee-Onboarding/Employee_Salary_Detail_Objects/Page_OrangeHRM/custom_object_for_dropdown' is clicked on

27-12-2024T09:50:56 - [MESSAGE][PASSED] - Object: 'Object Repository/Employee-Onboarding/Employee_Salary_Detail_Objects/Page_OrangeHRM/custom_object_for_dropdown' is clicked on

27-12-2024T09:50:56 - [TEST_STEP][PASSED] - setText(findTestObject("Object Repository/Employee-Onboarding/Employee_Contact_Details/Page_OrangeHRM/input_Home_oxd-input oxd-input--focus"), Tel_Home): Text '453-629-1805' is set on object 'Object Repository/Employee-Onboarding/Employee_Contact_Details/Page_OrangeHRM/input_Home_oxd-input oxd-input--focus'

27-12-2024T09:50:57 - [MESSAGE][PASSED] - Text '453-629-1805' is set on object 'Object Repository/Employee-Onboarding/Employee_Contact_Details/Page_OrangeHRM/input_Home_oxd-input oxd-input--focus'

27-12-2024T09:50:57 - [TEST_STEP][PASSED] - setText(findTestObject("Object Repository/Employee-Onboarding/Employee_Contact_Details/Page_OrangeHRM/input_Mobile_oxd-input oxd-input--focus"), Tell_Mobile): Text '310-579-8347' is set on object 'Object Repository/Employee-Onboarding/Employee_Contact_Details/Page_OrangeHRM/input_Mobile_oxd-input oxd-input--focus'

27-12-2024T09:50:57 - [MESSAGE][PASSED] - Text '310-579-8347' is set on object 'Object Repository/Employee-Onboarding/Employee_Contact_Details/Page_OrangeHRM/input_Mobile_oxd-input oxd-input--focus'

27-12-2024T09:50:57 - [TEST_STEP][PASSED] - setText(findTestObject("Object Repository/Employee-Onboarding/Employee_Contact_Details/Page_OrangeHRM/input_Work_oxd-input oxd-input--focus"), Tel_Work): Text '402-546-1928' is set on object 'Object Repository/Employee-Onboarding/Employee_Contact_Details/Page_OrangeHRM/input_Work_oxd-input oxd-input--focus'

27-12-2024T09:50:58 - [MESSAGE][PASSED] - Text '402-546-1928' is set on object 'Object Repository/Employee-Onboarding/Employee_Contact_Details/Page_OrangeHRM/input_Work_oxd-input oxd-input--focus'

27-12-2024T09:50:58 - [TEST_STEP][PASSED] - setText(findTestObject("Object Repository/Employee-Onboarding/Employee_Contact_Details/Page_OrangeHRM/input_Work Email_oxd-input oxd-input--active"), Email_Work): Text 'zachary.dean@keith.com' is set on object 'Object Repository/Employee-Onboarding/Employee_Contact_Details/Page_OrangeHRM/input_Work Email_oxd-input oxd-input--active'

27-12-2024T09:50:58 - [MESSAGE][PASSED] - Text 'zachary.dean@keith.com' is set on object 'Object Repository/Employee-Onboarding/Employee_Contact_Details/Page_OrangeHRM/input_Work Email_oxd-input oxd-input--active'

27-12-2024T09:50:58 - [TEST_STEP][PASSED] - setText(findTestObject("Object Repository/Employee-Onboarding/Employee_Contact_Details/Page_OrangeHRM/input_Other Email_oxd-input oxd-input--focu_8ec2d9"), Email_Other): Text 'zachary.dean@mockmailzones.net' is set on object 'Object Repository/Employee-Onboarding/Employee_Contact_Details/Page_OrangeHRM/input_Other Email_oxd-input oxd-input--focu_8ec2d9'

27-12-2024T09:51:00 - [MESSAGE][PASSED] - Text 'zachary.dean@mockmailzones.net' is set on object 'Object Repository/Employee-Onboarding/Employee_Contact_Details/Page_OrangeHRM/input_Other Email_oxd-input oxd-input--focu_8ec2d9'

27-12-2024T09:51:00 - [TEST_STEP][PASSED] - click(findTestObject("Object Repository/Employee-Onboarding/Employee_Contact_Details/Page_OrangeHRM/button_Save")): Object: 'Object Repository/Employee-Onboarding/Employee_Contact_Details/Page_OrangeHRM/button_Save' is clicked on

27-12-2024T09:51:00 - [MESSAGE][PASSED] - Object: 'Object Repository/Employee-Onboarding/Employee_Contact_Details/Page_OrangeHRM/button_Save' is clicked on]]></system-out>
         <system-err><![CDATA[]]></system-err>
      </testcase>
      <testcase name="Test Cases/Employee_Onboarding/TC_Employee_Contact_Details" time="18.582" classname="Test Cases/Employee_Onboarding/TC_Employee_Contact_Details" status="PASSED">
         <system-out><![CDATA[27-12-2024T09:51:00 - [TEST_CASE][PASSED] - Test Cases/Employee_Onboarding/TC_Employee_Contact_Details: Test Cases/Employee_Onboarding/TC_Employee_Contact_Details

27-12-2024T09:51:00 - [TEST_STEP][PASSED] - click(findTestObject("Object Repository/Employee-Onboarding/Employee_Contact_Details/Page_OrangeHRM/a_PIM")): Object: 'Object Repository/Employee-Onboarding/Employee_Contact_Details/Page_OrangeHRM/a_PIM' is clicked on

27-12-2024T09:51:02 - [MESSAGE][PASSED] - Object: 'Object Repository/Employee-Onboarding/Employee_Contact_Details/Page_OrangeHRM/a_PIM' is clicked on

27-12-2024T09:51:02 - [TEST_STEP][PASSED] - setText(findTestObject("Object Repository/Employee-Onboarding/Employee_Contact_Details/Page_OrangeHRM/input"), Fullname): Text 'Gary Smith' is set on object 'Object Repository/Employee-Onboarding/Employee_Contact_Details/Page_OrangeHRM/input'

27-12-2024T09:51:04 - [MESSAGE][PASSED] - Text 'Gary Smith' is set on object 'Object Repository/Employee-Onboarding/Employee_Contact_Details/Page_OrangeHRM/input'

27-12-2024T09:51:04 - [TEST_STEP][PASSED] - click(findTestObject("Object Repository/Employee-Onboarding/Employee_Contact_Details/Page_OrangeHRM/button_Search")): Object: 'Object Repository/Employee-Onboarding/Employee_Contact_Details/Page_OrangeHRM/button_Search' is clicked on

27-12-2024T09:51:04 - [MESSAGE][PASSED] - Object: 'Object Repository/Employee-Onboarding/Employee_Contact_Details/Page_OrangeHRM/button_Search' is clicked on

27-12-2024T09:51:04 - [TEST_STEP][PASSED] - click(findTestObject("Object Repository/Employee-Onboarding/Employee_Contact_Details/Page_OrangeHRM/div_Actions_oxd-table-cell oxd-padding-cell")): Object: 'Object Repository/Employee-Onboarding/Employee_Contact_Details/Page_OrangeHRM/div_Actions_oxd-table-cell oxd-padding-cell' is clicked on

27-12-2024T09:51:06 - [MESSAGE][PASSED] - Object: 'Object Repository/Employee-Onboarding/Employee_Contact_Details/Page_OrangeHRM/div_Actions_oxd-table-cell oxd-padding-cell' is clicked on

27-12-2024T09:51:06 - [TEST_STEP][PASSED] - click(findTestObject("Object Repository/Employee-Onboarding/Employee_Contact_Details/Page_OrangeHRM/a_Contact Details")): Object: 'Object Repository/Employee-Onboarding/Employee_Contact_Details/Page_OrangeHRM/a_Contact Details' is clicked on

27-12-2024T09:51:10 - [MESSAGE][PASSED] - Object: 'Object Repository/Employee-Onboarding/Employee_Contact_Details/Page_OrangeHRM/a_Contact Details' is clicked on

27-12-2024T09:51:10 - [TEST_STEP][PASSED] - setText(findTestObject("Object Repository/Employee-Onboarding/Employee_Contact_Details/Page_OrangeHRM/input_Street 1_oxd-input oxd-input--focus"), Street1): Text '8002 Collins Summit Apt. 899' is set on object 'Object Repository/Employee-Onboarding/Employee_Contact_Details/Page_OrangeHRM/input_Street 1_oxd-input oxd-input--focus'

27-12-2024T09:51:12 - [MESSAGE][PASSED] - Text '8002 Collins Summit Apt. 899' is set on object 'Object Repository/Employee-Onboarding/Employee_Contact_Details/Page_OrangeHRM/input_Street 1_oxd-input oxd-input--focus'

27-12-2024T09:51:12 - [TEST_STEP][PASSED] - setText(findTestObject("Object Repository/Employee-Onboarding/Employee_Contact_Details/Page_OrangeHRM/input_Street 2_oxd-input oxd-input--active"), Street2): Text 'Suite 063' is set on object 'Object Repository/Employee-Onboarding/Employee_Contact_Details/Page_OrangeHRM/input_Street 2_oxd-input oxd-input--active'

27-12-2024T09:51:12 - [MESSAGE][PASSED] - Text 'Suite 063' is set on object 'Object Repository/Employee-Onboarding/Employee_Contact_Details/Page_OrangeHRM/input_Street 2_oxd-input oxd-input--active'

27-12-2024T09:51:12 - [TEST_STEP][PASSED] - setText(findTestObject("Object Repository/Employee-Onboarding/Employee_Contact_Details/Page_OrangeHRM/input_City_oxd-input oxd-input--active"), City): Text 'East Michaelland' is set on object 'Object Repository/Employee-Onboarding/Employee_Contact_Details/Page_OrangeHRM/input_City_oxd-input oxd-input--active'

27-12-2024T09:51:13 - [MESSAGE][PASSED] - Text 'East Michaelland' is set on object 'Object Repository/Employee-Onboarding/Employee_Contact_Details/Page_OrangeHRM/input_City_oxd-input oxd-input--active'

27-12-2024T09:51:13 - [TEST_STEP][PASSED] - setText(findTestObject("Object Repository/Employee-Onboarding/Employee_Contact_Details/Page_OrangeHRM/input_StateProvince_oxd-input oxd-input--active"), State): Text 'Alabama' is set on object 'Object Repository/Employee-Onboarding/Employee_Contact_Details/Page_OrangeHRM/input_StateProvince_oxd-input oxd-input--active'

27-12-2024T09:51:13 - [MESSAGE][PASSED] - Text 'Alabama' is set on object 'Object Repository/Employee-Onboarding/Employee_Contact_Details/Page_OrangeHRM/input_StateProvince_oxd-input oxd-input--active'

27-12-2024T09:51:13 - [TEST_STEP][PASSED] - setText(findTestObject("Object Repository/Employee-Onboarding/Employee_Contact_Details/Page_OrangeHRM/input_ZipPostal Code_oxd-input oxd-input--active"), ZipCode): Text '39626' is set on object 'Object Repository/Employee-Onboarding/Employee_Contact_Details/Page_OrangeHRM/input_ZipPostal Code_oxd-input oxd-input--active'

27-12-2024T09:51:14 - [MESSAGE][PASSED] - Text '39626' is set on object 'Object Repository/Employee-Onboarding/Employee_Contact_Details/Page_OrangeHRM/input_ZipPostal Code_oxd-input oxd-input--active'

27-12-2024T09:51:14 - [TEST_STEP][PASSED] - click(findTestObject("Object Repository/Employee-Onboarding/Employee_Contact_Details/Page_OrangeHRM/i_-- Select --_oxd-icon bi-caret-up-fill ox_627fec")): Object: 'Object Repository/Employee-Onboarding/Employee_Contact_Details/Page_OrangeHRM/i_-- Select --_oxd-icon bi-caret-up-fill ox_627fec' is clicked on

27-12-2024T09:51:14 - [MESSAGE][PASSED] - Object: 'Object Repository/Employee-Onboarding/Employee_Contact_Details/Page_OrangeHRM/i_-- Select --_oxd-icon bi-caret-up-fill ox_627fec' is clicked on

27-12-2024T09:51:14 - [TEST_STEP][PASSED] - click(findTestObject("Employee-Onboarding/Employee_Salary_Detail_Objects/Page_OrangeHRM/custom_object_for_dropdown", ["value":Country])): Object: 'Object Repository/Employee-Onboarding/Employee_Salary_Detail_Objects/Page_OrangeHRM/custom_object_for_dropdown' is clicked on

27-12-2024T09:51:15 - [MESSAGE][PASSED] - Object: 'Object Repository/Employee-Onboarding/Employee_Salary_Detail_Objects/Page_OrangeHRM/custom_object_for_dropdown' is clicked on

27-12-2024T09:51:15 - [TEST_STEP][PASSED] - setText(findTestObject("Object Repository/Employee-Onboarding/Employee_Contact_Details/Page_OrangeHRM/input_Home_oxd-input oxd-input--focus"), Tel_Home): Text '531-243-6574' is set on object 'Object Repository/Employee-Onboarding/Employee_Contact_Details/Page_OrangeHRM/input_Home_oxd-input oxd-input--focus'

27-12-2024T09:51:15 - [MESSAGE][PASSED] - Text '531-243-6574' is set on object 'Object Repository/Employee-Onboarding/Employee_Contact_Details/Page_OrangeHRM/input_Home_oxd-input oxd-input--focus'

27-12-2024T09:51:15 - [TEST_STEP][PASSED] - setText(findTestObject("Object Repository/Employee-Onboarding/Employee_Contact_Details/Page_OrangeHRM/input_Mobile_oxd-input oxd-input--focus"), Tell_Mobile): Text '210-903-4567' is set on object 'Object Repository/Employee-Onboarding/Employee_Contact_Details/Page_OrangeHRM/input_Mobile_oxd-input oxd-input--focus'

27-12-2024T09:51:16 - [MESSAGE][PASSED] - Text '210-903-4567' is set on object 'Object Repository/Employee-Onboarding/Employee_Contact_Details/Page_OrangeHRM/input_Mobile_oxd-input oxd-input--focus'

27-12-2024T09:51:16 - [TEST_STEP][PASSED] - setText(findTestObject("Object Repository/Employee-Onboarding/Employee_Contact_Details/Page_OrangeHRM/input_Work_oxd-input oxd-input--focus"), Tel_Work): Text '401-875-1098' is set on object 'Object Repository/Employee-Onboarding/Employee_Contact_Details/Page_OrangeHRM/input_Work_oxd-input oxd-input--focus'

27-12-2024T09:51:16 - [MESSAGE][PASSED] - Text '401-875-1098' is set on object 'Object Repository/Employee-Onboarding/Employee_Contact_Details/Page_OrangeHRM/input_Work_oxd-input oxd-input--focus'

27-12-2024T09:51:16 - [TEST_STEP][PASSED] - setText(findTestObject("Object Repository/Employee-Onboarding/Employee_Contact_Details/Page_OrangeHRM/input_Work Email_oxd-input oxd-input--active"), Email_Work): Text 'gary.smith@shah.info' is set on object 'Object Repository/Employee-Onboarding/Employee_Contact_Details/Page_OrangeHRM/input_Work Email_oxd-input oxd-input--active'

27-12-2024T09:51:17 - [MESSAGE][PASSED] - Text 'gary.smith@shah.info' is set on object 'Object Repository/Employee-Onboarding/Employee_Contact_Details/Page_OrangeHRM/input_Work Email_oxd-input oxd-input--active'

27-12-2024T09:51:17 - [TEST_STEP][PASSED] - setText(findTestObject("Object Repository/Employee-Onboarding/Employee_Contact_Details/Page_OrangeHRM/input_Other Email_oxd-input oxd-input--focu_8ec2d9"), Email_Other): Text 'gary.smith@simulateddomains.org' is set on object 'Object Repository/Employee-Onboarding/Employee_Contact_Details/Page_OrangeHRM/input_Other Email_oxd-input oxd-input--focu_8ec2d9'

27-12-2024T09:51:18 - [MESSAGE][PASSED] - Text 'gary.smith@simulateddomains.org' is set on object 'Object Repository/Employee-Onboarding/Employee_Contact_Details/Page_OrangeHRM/input_Other Email_oxd-input oxd-input--focu_8ec2d9'

27-12-2024T09:51:18 - [TEST_STEP][PASSED] - click(findTestObject("Object Repository/Employee-Onboarding/Employee_Contact_Details/Page_OrangeHRM/button_Save")): Object: 'Object Repository/Employee-Onboarding/Employee_Contact_Details/Page_OrangeHRM/button_Save' is clicked on

27-12-2024T09:51:19 - [MESSAGE][PASSED] - Object: 'Object Repository/Employee-Onboarding/Employee_Contact_Details/Page_OrangeHRM/button_Save' is clicked on]]></system-out>
         <system-err><![CDATA[]]></system-err>
      </testcase>
      <testcase name="Test Cases/Employee_Onboarding/TC_Employee_Contact_Details" time="18.424" classname="Test Cases/Employee_Onboarding/TC_Employee_Contact_Details" status="PASSED">
         <system-out><![CDATA[27-12-2024T09:51:19 - [TEST_CASE][PASSED] - Test Cases/Employee_Onboarding/TC_Employee_Contact_Details: Test Cases/Employee_Onboarding/TC_Employee_Contact_Details

27-12-2024T09:51:19 - [TEST_STEP][PASSED] - click(findTestObject("Object Repository/Employee-Onboarding/Employee_Contact_Details/Page_OrangeHRM/a_PIM")): Object: 'Object Repository/Employee-Onboarding/Employee_Contact_Details/Page_OrangeHRM/a_PIM' is clicked on

27-12-2024T09:51:20 - [MESSAGE][PASSED] - Object: 'Object Repository/Employee-Onboarding/Employee_Contact_Details/Page_OrangeHRM/a_PIM' is clicked on

27-12-2024T09:51:20 - [TEST_STEP][PASSED] - setText(findTestObject("Object Repository/Employee-Onboarding/Employee_Contact_Details/Page_OrangeHRM/input"), Fullname): Text 'Frank Berg' is set on object 'Object Repository/Employee-Onboarding/Employee_Contact_Details/Page_OrangeHRM/input'

27-12-2024T09:51:22 - [MESSAGE][PASSED] - Text 'Frank Berg' is set on object 'Object Repository/Employee-Onboarding/Employee_Contact_Details/Page_OrangeHRM/input'

27-12-2024T09:51:22 - [TEST_STEP][PASSED] - click(findTestObject("Object Repository/Employee-Onboarding/Employee_Contact_Details/Page_OrangeHRM/button_Search")): Object: 'Object Repository/Employee-Onboarding/Employee_Contact_Details/Page_OrangeHRM/button_Search' is clicked on

27-12-2024T09:51:23 - [MESSAGE][PASSED] - Object: 'Object Repository/Employee-Onboarding/Employee_Contact_Details/Page_OrangeHRM/button_Search' is clicked on

27-12-2024T09:51:23 - [TEST_STEP][PASSED] - click(findTestObject("Object Repository/Employee-Onboarding/Employee_Contact_Details/Page_OrangeHRM/div_Actions_oxd-table-cell oxd-padding-cell")): Object: 'Object Repository/Employee-Onboarding/Employee_Contact_Details/Page_OrangeHRM/div_Actions_oxd-table-cell oxd-padding-cell' is clicked on

27-12-2024T09:51:25 - [MESSAGE][PASSED] - Object: 'Object Repository/Employee-Onboarding/Employee_Contact_Details/Page_OrangeHRM/div_Actions_oxd-table-cell oxd-padding-cell' is clicked on

27-12-2024T09:51:25 - [TEST_STEP][PASSED] - click(findTestObject("Object Repository/Employee-Onboarding/Employee_Contact_Details/Page_OrangeHRM/a_Contact Details")): Object: 'Object Repository/Employee-Onboarding/Employee_Contact_Details/Page_OrangeHRM/a_Contact Details' is clicked on

27-12-2024T09:51:28 - [MESSAGE][PASSED] - Object: 'Object Repository/Employee-Onboarding/Employee_Contact_Details/Page_OrangeHRM/a_Contact Details' is clicked on

27-12-2024T09:51:28 - [TEST_STEP][PASSED] - setText(findTestObject("Object Repository/Employee-Onboarding/Employee_Contact_Details/Page_OrangeHRM/input_Street 1_oxd-input oxd-input--focus"), Street1): Text '53197 Weeks Forks' is set on object 'Object Repository/Employee-Onboarding/Employee_Contact_Details/Page_OrangeHRM/input_Street 1_oxd-input oxd-input--focus'

27-12-2024T09:51:30 - [MESSAGE][PASSED] - Text '53197 Weeks Forks' is set on object 'Object Repository/Employee-Onboarding/Employee_Contact_Details/Page_OrangeHRM/input_Street 1_oxd-input oxd-input--focus'

27-12-2024T09:51:30 - [TEST_STEP][PASSED] - setText(findTestObject("Object Repository/Employee-Onboarding/Employee_Contact_Details/Page_OrangeHRM/input_Street 2_oxd-input oxd-input--active"), Street2): Text 'Suite 086' is set on object 'Object Repository/Employee-Onboarding/Employee_Contact_Details/Page_OrangeHRM/input_Street 2_oxd-input oxd-input--active'

27-12-2024T09:51:31 - [MESSAGE][PASSED] - Text 'Suite 086' is set on object 'Object Repository/Employee-Onboarding/Employee_Contact_Details/Page_OrangeHRM/input_Street 2_oxd-input oxd-input--active'

27-12-2024T09:51:31 - [TEST_STEP][PASSED] - setText(findTestObject("Object Repository/Employee-Onboarding/Employee_Contact_Details/Page_OrangeHRM/input_City_oxd-input oxd-input--active"), City): Text 'South Patrickside' is set on object 'Object Repository/Employee-Onboarding/Employee_Contact_Details/Page_OrangeHRM/input_City_oxd-input oxd-input--active'

27-12-2024T09:51:31 - [MESSAGE][PASSED] - Text 'South Patrickside' is set on object 'Object Repository/Employee-Onboarding/Employee_Contact_Details/Page_OrangeHRM/input_City_oxd-input oxd-input--active'

27-12-2024T09:51:31 - [TEST_STEP][PASSED] - setText(findTestObject("Object Repository/Employee-Onboarding/Employee_Contact_Details/Page_OrangeHRM/input_StateProvince_oxd-input oxd-input--active"), State): Text 'Michigan' is set on object 'Object Repository/Employee-Onboarding/Employee_Contact_Details/Page_OrangeHRM/input_StateProvince_oxd-input oxd-input--active'

27-12-2024T09:51:32 - [MESSAGE][PASSED] - Text 'Michigan' is set on object 'Object Repository/Employee-Onboarding/Employee_Contact_Details/Page_OrangeHRM/input_StateProvince_oxd-input oxd-input--active'

27-12-2024T09:51:32 - [TEST_STEP][PASSED] - setText(findTestObject("Object Repository/Employee-Onboarding/Employee_Contact_Details/Page_OrangeHRM/input_ZipPostal Code_oxd-input oxd-input--active"), ZipCode): Text '27454' is set on object 'Object Repository/Employee-Onboarding/Employee_Contact_Details/Page_OrangeHRM/input_ZipPostal Code_oxd-input oxd-input--active'

27-12-2024T09:51:32 - [MESSAGE][PASSED] - Text '27454' is set on object 'Object Repository/Employee-Onboarding/Employee_Contact_Details/Page_OrangeHRM/input_ZipPostal Code_oxd-input oxd-input--active'

27-12-2024T09:51:32 - [TEST_STEP][PASSED] - click(findTestObject("Object Repository/Employee-Onboarding/Employee_Contact_Details/Page_OrangeHRM/i_-- Select --_oxd-icon bi-caret-up-fill ox_627fec")): Object: 'Object Repository/Employee-Onboarding/Employee_Contact_Details/Page_OrangeHRM/i_-- Select --_oxd-icon bi-caret-up-fill ox_627fec' is clicked on

27-12-2024T09:51:33 - [MESSAGE][PASSED] - Object: 'Object Repository/Employee-Onboarding/Employee_Contact_Details/Page_OrangeHRM/i_-- Select --_oxd-icon bi-caret-up-fill ox_627fec' is clicked on

27-12-2024T09:51:33 - [TEST_STEP][PASSED] - click(findTestObject("Employee-Onboarding/Employee_Salary_Detail_Objects/Page_OrangeHRM/custom_object_for_dropdown", ["value":Country])): Object: 'Object Repository/Employee-Onboarding/Employee_Salary_Detail_Objects/Page_OrangeHRM/custom_object_for_dropdown' is clicked on

27-12-2024T09:51:33 - [MESSAGE][PASSED] - Object: 'Object Repository/Employee-Onboarding/Employee_Salary_Detail_Objects/Page_OrangeHRM/custom_object_for_dropdown' is clicked on

27-12-2024T09:51:33 - [TEST_STEP][PASSED] - setText(findTestObject("Object Repository/Employee-Onboarding/Employee_Contact_Details/Page_OrangeHRM/input_Home_oxd-input oxd-input--focus"), Tel_Home): Text '432-975-2836' is set on object 'Object Repository/Employee-Onboarding/Employee_Contact_Details/Page_OrangeHRM/input_Home_oxd-input oxd-input--focus'

27-12-2024T09:51:34 - [MESSAGE][PASSED] - Text '432-975-2836' is set on object 'Object Repository/Employee-Onboarding/Employee_Contact_Details/Page_OrangeHRM/input_Home_oxd-input oxd-input--focus'

27-12-2024T09:51:34 - [TEST_STEP][PASSED] - setText(findTestObject("Object Repository/Employee-Onboarding/Employee_Contact_Details/Page_OrangeHRM/input_Mobile_oxd-input oxd-input--focus"), Tell_Mobile): Text '934-572-4536' is set on object 'Object Repository/Employee-Onboarding/Employee_Contact_Details/Page_OrangeHRM/input_Mobile_oxd-input oxd-input--focus'

27-12-2024T09:51:34 - [MESSAGE][PASSED] - Text '934-572-4536' is set on object 'Object Repository/Employee-Onboarding/Employee_Contact_Details/Page_OrangeHRM/input_Mobile_oxd-input oxd-input--focus'

27-12-2024T09:51:34 - [TEST_STEP][PASSED] - setText(findTestObject("Object Repository/Employee-Onboarding/Employee_Contact_Details/Page_OrangeHRM/input_Work_oxd-input oxd-input--focus"), Tel_Work): Text '204-893-6741' is set on object 'Object Repository/Employee-Onboarding/Employee_Contact_Details/Page_OrangeHRM/input_Work_oxd-input oxd-input--focus'

27-12-2024T09:51:35 - [MESSAGE][PASSED] - Text '204-893-6741' is set on object 'Object Repository/Employee-Onboarding/Employee_Contact_Details/Page_OrangeHRM/input_Work_oxd-input oxd-input--focus'

27-12-2024T09:51:35 - [TEST_STEP][PASSED] - setText(findTestObject("Object Repository/Employee-Onboarding/Employee_Contact_Details/Page_OrangeHRM/input_Work Email_oxd-input oxd-input--active"), Email_Work): Text 'frank.berg@jackson-reynolds.com' is set on object 'Object Repository/Employee-Onboarding/Employee_Contact_Details/Page_OrangeHRM/input_Work Email_oxd-input oxd-input--active'

27-12-2024T09:51:35 - [MESSAGE][PASSED] - Text 'frank.berg@jackson-reynolds.com' is set on object 'Object Repository/Employee-Onboarding/Employee_Contact_Details/Page_OrangeHRM/input_Work Email_oxd-input oxd-input--active'

27-12-2024T09:51:35 - [TEST_STEP][PASSED] - setText(findTestObject("Object Repository/Employee-Onboarding/Employee_Contact_Details/Page_OrangeHRM/input_Other Email_oxd-input oxd-input--focu_8ec2d9"), Email_Other): Text 'frank.berg@trialzones.org' is set on object 'Object Repository/Employee-Onboarding/Employee_Contact_Details/Page_OrangeHRM/input_Other Email_oxd-input oxd-input--focu_8ec2d9'

27-12-2024T09:51:37 - [MESSAGE][PASSED] - Text 'frank.berg@trialzones.org' is set on object 'Object Repository/Employee-Onboarding/Employee_Contact_Details/Page_OrangeHRM/input_Other Email_oxd-input oxd-input--focu_8ec2d9'

27-12-2024T09:51:37 - [TEST_STEP][PASSED] - click(findTestObject("Object Repository/Employee-Onboarding/Employee_Contact_Details/Page_OrangeHRM/button_Save")): Object: 'Object Repository/Employee-Onboarding/Employee_Contact_Details/Page_OrangeHRM/button_Save' is clicked on

27-12-2024T09:51:37 - [MESSAGE][PASSED] - Object: 'Object Repository/Employee-Onboarding/Employee_Contact_Details/Page_OrangeHRM/button_Save' is clicked on]]></system-out>
         <system-err><![CDATA[]]></system-err>
      </testcase>
      <testcase name="Test Cases/Employee_Onboarding/TC_Employee_Contact_Details" time="19.049" classname="Test Cases/Employee_Onboarding/TC_Employee_Contact_Details" status="PASSED">
         <system-out><![CDATA[27-12-2024T09:51:37 - [TEST_CASE][PASSED] - Test Cases/Employee_Onboarding/TC_Employee_Contact_Details: Test Cases/Employee_Onboarding/TC_Employee_Contact_Details

27-12-2024T09:51:37 - [TEST_STEP][PASSED] - click(findTestObject("Object Repository/Employee-Onboarding/Employee_Contact_Details/Page_OrangeHRM/a_PIM")): Object: 'Object Repository/Employee-Onboarding/Employee_Contact_Details/Page_OrangeHRM/a_PIM' is clicked on

27-12-2024T09:51:39 - [MESSAGE][PASSED] - Object: 'Object Repository/Employee-Onboarding/Employee_Contact_Details/Page_OrangeHRM/a_PIM' is clicked on

27-12-2024T09:51:39 - [TEST_STEP][PASSED] - setText(findTestObject("Object Repository/Employee-Onboarding/Employee_Contact_Details/Page_OrangeHRM/input"), Fullname): Text 'William Gonzalez' is set on object 'Object Repository/Employee-Onboarding/Employee_Contact_Details/Page_OrangeHRM/input'

27-12-2024T09:51:41 - [MESSAGE][PASSED] - Text 'William Gonzalez' is set on object 'Object Repository/Employee-Onboarding/Employee_Contact_Details/Page_OrangeHRM/input'

27-12-2024T09:51:41 - [TEST_STEP][PASSED] - click(findTestObject("Object Repository/Employee-Onboarding/Employee_Contact_Details/Page_OrangeHRM/button_Search")): Object: 'Object Repository/Employee-Onboarding/Employee_Contact_Details/Page_OrangeHRM/button_Search' is clicked on

27-12-2024T09:51:41 - [MESSAGE][PASSED] - Object: 'Object Repository/Employee-Onboarding/Employee_Contact_Details/Page_OrangeHRM/button_Search' is clicked on

27-12-2024T09:51:41 - [TEST_STEP][PASSED] - click(findTestObject("Object Repository/Employee-Onboarding/Employee_Contact_Details/Page_OrangeHRM/div_Actions_oxd-table-cell oxd-padding-cell")): Object: 'Object Repository/Employee-Onboarding/Employee_Contact_Details/Page_OrangeHRM/div_Actions_oxd-table-cell oxd-padding-cell' is clicked on

27-12-2024T09:51:43 - [MESSAGE][PASSED] - Object: 'Object Repository/Employee-Onboarding/Employee_Contact_Details/Page_OrangeHRM/div_Actions_oxd-table-cell oxd-padding-cell' is clicked on

27-12-2024T09:51:43 - [TEST_STEP][PASSED] - click(findTestObject("Object Repository/Employee-Onboarding/Employee_Contact_Details/Page_OrangeHRM/a_Contact Details")): Object: 'Object Repository/Employee-Onboarding/Employee_Contact_Details/Page_OrangeHRM/a_Contact Details' is clicked on

27-12-2024T09:51:47 - [MESSAGE][PASSED] - Object: 'Object Repository/Employee-Onboarding/Employee_Contact_Details/Page_OrangeHRM/a_Contact Details' is clicked on

27-12-2024T09:51:47 - [TEST_STEP][PASSED] - setText(findTestObject("Object Repository/Employee-Onboarding/Employee_Contact_Details/Page_OrangeHRM/input_Street 1_oxd-input oxd-input--focus"), Street1): Text '1789 Timothy Shoal Apt. 578' is set on object 'Object Repository/Employee-Onboarding/Employee_Contact_Details/Page_OrangeHRM/input_Street 1_oxd-input oxd-input--focus'

27-12-2024T09:51:49 - [MESSAGE][PASSED] - Text '1789 Timothy Shoal Apt. 578' is set on object 'Object Repository/Employee-Onboarding/Employee_Contact_Details/Page_OrangeHRM/input_Street 1_oxd-input oxd-input--focus'

27-12-2024T09:51:49 - [TEST_STEP][PASSED] - setText(findTestObject("Object Repository/Employee-Onboarding/Employee_Contact_Details/Page_OrangeHRM/input_Street 2_oxd-input oxd-input--active"), Street2): Text 'Suite 991' is set on object 'Object Repository/Employee-Onboarding/Employee_Contact_Details/Page_OrangeHRM/input_Street 2_oxd-input oxd-input--active'

27-12-2024T09:51:50 - [MESSAGE][PASSED] - Text 'Suite 991' is set on object 'Object Repository/Employee-Onboarding/Employee_Contact_Details/Page_OrangeHRM/input_Street 2_oxd-input oxd-input--active'

27-12-2024T09:51:50 - [TEST_STEP][PASSED] - setText(findTestObject("Object Repository/Employee-Onboarding/Employee_Contact_Details/Page_OrangeHRM/input_City_oxd-input oxd-input--active"), City): Text 'Bonniehaven' is set on object 'Object Repository/Employee-Onboarding/Employee_Contact_Details/Page_OrangeHRM/input_City_oxd-input oxd-input--active'

27-12-2024T09:51:50 - [MESSAGE][PASSED] - Text 'Bonniehaven' is set on object 'Object Repository/Employee-Onboarding/Employee_Contact_Details/Page_OrangeHRM/input_City_oxd-input oxd-input--active'

27-12-2024T09:51:50 - [TEST_STEP][PASSED] - setText(findTestObject("Object Repository/Employee-Onboarding/Employee_Contact_Details/Page_OrangeHRM/input_StateProvince_oxd-input oxd-input--active"), State): Text 'Michigan' is set on object 'Object Repository/Employee-Onboarding/Employee_Contact_Details/Page_OrangeHRM/input_StateProvince_oxd-input oxd-input--active'

27-12-2024T09:51:51 - [MESSAGE][PASSED] - Text 'Michigan' is set on object 'Object Repository/Employee-Onboarding/Employee_Contact_Details/Page_OrangeHRM/input_StateProvince_oxd-input oxd-input--active'

27-12-2024T09:51:51 - [TEST_STEP][PASSED] - setText(findTestObject("Object Repository/Employee-Onboarding/Employee_Contact_Details/Page_OrangeHRM/input_ZipPostal Code_oxd-input oxd-input--active"), ZipCode): Text '44162' is set on object 'Object Repository/Employee-Onboarding/Employee_Contact_Details/Page_OrangeHRM/input_ZipPostal Code_oxd-input oxd-input--active'

27-12-2024T09:51:51 - [MESSAGE][PASSED] - Text '44162' is set on object 'Object Repository/Employee-Onboarding/Employee_Contact_Details/Page_OrangeHRM/input_ZipPostal Code_oxd-input oxd-input--active'

27-12-2024T09:51:51 - [TEST_STEP][PASSED] - click(findTestObject("Object Repository/Employee-Onboarding/Employee_Contact_Details/Page_OrangeHRM/i_-- Select --_oxd-icon bi-caret-up-fill ox_627fec")): Object: 'Object Repository/Employee-Onboarding/Employee_Contact_Details/Page_OrangeHRM/i_-- Select --_oxd-icon bi-caret-up-fill ox_627fec' is clicked on

27-12-2024T09:51:52 - [MESSAGE][PASSED] - Object: 'Object Repository/Employee-Onboarding/Employee_Contact_Details/Page_OrangeHRM/i_-- Select --_oxd-icon bi-caret-up-fill ox_627fec' is clicked on

27-12-2024T09:51:52 - [TEST_STEP][PASSED] - click(findTestObject("Employee-Onboarding/Employee_Salary_Detail_Objects/Page_OrangeHRM/custom_object_for_dropdown", ["value":Country])): Object: 'Object Repository/Employee-Onboarding/Employee_Salary_Detail_Objects/Page_OrangeHRM/custom_object_for_dropdown' is clicked on

27-12-2024T09:51:52 - [MESSAGE][PASSED] - Object: 'Object Repository/Employee-Onboarding/Employee_Salary_Detail_Objects/Page_OrangeHRM/custom_object_for_dropdown' is clicked on

27-12-2024T09:51:52 - [TEST_STEP][PASSED] - setText(findTestObject("Object Repository/Employee-Onboarding/Employee_Contact_Details/Page_OrangeHRM/input_Home_oxd-input oxd-input--focus"), Tel_Home): Text '601-485-1092' is set on object 'Object Repository/Employee-Onboarding/Employee_Contact_Details/Page_OrangeHRM/input_Home_oxd-input oxd-input--focus'

27-12-2024T09:51:53 - [MESSAGE][PASSED] - Text '601-485-1092' is set on object 'Object Repository/Employee-Onboarding/Employee_Contact_Details/Page_OrangeHRM/input_Home_oxd-input oxd-input--focus'

27-12-2024T09:51:53 - [TEST_STEP][PASSED] - setText(findTestObject("Object Repository/Employee-Onboarding/Employee_Contact_Details/Page_OrangeHRM/input_Mobile_oxd-input oxd-input--focus"), Tell_Mobile): Text '820-198-4562' is set on object 'Object Repository/Employee-Onboarding/Employee_Contact_Details/Page_OrangeHRM/input_Mobile_oxd-input oxd-input--focus'

27-12-2024T09:51:53 - [MESSAGE][PASSED] - Text '820-198-4562' is set on object 'Object Repository/Employee-Onboarding/Employee_Contact_Details/Page_OrangeHRM/input_Mobile_oxd-input oxd-input--focus'

27-12-2024T09:51:53 - [TEST_STEP][PASSED] - setText(findTestObject("Object Repository/Employee-Onboarding/Employee_Contact_Details/Page_OrangeHRM/input_Work_oxd-input oxd-input--focus"), Tel_Work): Text '876-983-1212' is set on object 'Object Repository/Employee-Onboarding/Employee_Contact_Details/Page_OrangeHRM/input_Work_oxd-input oxd-input--focus'

27-12-2024T09:51:54 - [MESSAGE][PASSED] - Text '876-983-1212' is set on object 'Object Repository/Employee-Onboarding/Employee_Contact_Details/Page_OrangeHRM/input_Work_oxd-input oxd-input--focus'

27-12-2024T09:51:54 - [TEST_STEP][PASSED] - setText(findTestObject("Object Repository/Employee-Onboarding/Employee_Contact_Details/Page_OrangeHRM/input_Work Email_oxd-input oxd-input--active"), Email_Work): Text 'william.gonzalez@bradley-williams.org' is set on object 'Object Repository/Employee-Onboarding/Employee_Contact_Details/Page_OrangeHRM/input_Work Email_oxd-input oxd-input--active'

27-12-2024T09:51:54 - [MESSAGE][PASSED] - Text 'william.gonzalez@bradley-williams.org' is set on object 'Object Repository/Employee-Onboarding/Employee_Contact_Details/Page_OrangeHRM/input_Work Email_oxd-input oxd-input--active'

27-12-2024T09:51:54 - [TEST_STEP][PASSED] - setText(findTestObject("Object Repository/Employee-Onboarding/Employee_Contact_Details/Page_OrangeHRM/input_Other Email_oxd-input oxd-input--focu_8ec2d9"), Email_Other): Text 'william.gonzalez@dummyemail.com' is set on object 'Object Repository/Employee-Onboarding/Employee_Contact_Details/Page_OrangeHRM/input_Other Email_oxd-input oxd-input--focu_8ec2d9'

27-12-2024T09:51:56 - [MESSAGE][PASSED] - Text 'william.gonzalez@dummyemail.com' is set on object 'Object Repository/Employee-Onboarding/Employee_Contact_Details/Page_OrangeHRM/input_Other Email_oxd-input oxd-input--focu_8ec2d9'

27-12-2024T09:51:56 - [TEST_STEP][PASSED] - click(findTestObject("Object Repository/Employee-Onboarding/Employee_Contact_Details/Page_OrangeHRM/button_Save")): Object: 'Object Repository/Employee-Onboarding/Employee_Contact_Details/Page_OrangeHRM/button_Save' is clicked on

27-12-2024T09:51:56 - [MESSAGE][PASSED] - Object: 'Object Repository/Employee-Onboarding/Employee_Contact_Details/Page_OrangeHRM/button_Save' is clicked on]]></system-out>
         <system-err><![CDATA[]]></system-err>
      </testcase>
      <testcase name="Test Cases/Employee_Onboarding/TC_Employee_Contact_Details" time="18.955" classname="Test Cases/Employee_Onboarding/TC_Employee_Contact_Details" status="PASSED">
         <system-out><![CDATA[27-12-2024T09:51:56 - [TEST_CASE][PASSED] - Test Cases/Employee_Onboarding/TC_Employee_Contact_Details: Test Cases/Employee_Onboarding/TC_Employee_Contact_Details

27-12-2024T09:51:56 - [TEST_STEP][PASSED] - click(findTestObject("Object Repository/Employee-Onboarding/Employee_Contact_Details/Page_OrangeHRM/a_PIM")): Object: 'Object Repository/Employee-Onboarding/Employee_Contact_Details/Page_OrangeHRM/a_PIM' is clicked on

27-12-2024T09:51:58 - [MESSAGE][PASSED] - Object: 'Object Repository/Employee-Onboarding/Employee_Contact_Details/Page_OrangeHRM/a_PIM' is clicked on

27-12-2024T09:51:58 - [TEST_STEP][PASSED] - setText(findTestObject("Object Repository/Employee-Onboarding/Employee_Contact_Details/Page_OrangeHRM/input"), Fullname): Text 'Rebekah Herrera' is set on object 'Object Repository/Employee-Onboarding/Employee_Contact_Details/Page_OrangeHRM/input'

27-12-2024T09:52:00 - [MESSAGE][PASSED] - Text 'Rebekah Herrera' is set on object 'Object Repository/Employee-Onboarding/Employee_Contact_Details/Page_OrangeHRM/input'

27-12-2024T09:52:00 - [TEST_STEP][PASSED] - click(findTestObject("Object Repository/Employee-Onboarding/Employee_Contact_Details/Page_OrangeHRM/button_Search")): Object: 'Object Repository/Employee-Onboarding/Employee_Contact_Details/Page_OrangeHRM/button_Search' is clicked on

27-12-2024T09:52:01 - [MESSAGE][PASSED] - Object: 'Object Repository/Employee-Onboarding/Employee_Contact_Details/Page_OrangeHRM/button_Search' is clicked on

27-12-2024T09:52:01 - [TEST_STEP][PASSED] - click(findTestObject("Object Repository/Employee-Onboarding/Employee_Contact_Details/Page_OrangeHRM/div_Actions_oxd-table-cell oxd-padding-cell")): Object: 'Object Repository/Employee-Onboarding/Employee_Contact_Details/Page_OrangeHRM/div_Actions_oxd-table-cell oxd-padding-cell' is clicked on

27-12-2024T09:52:02 - [MESSAGE][PASSED] - Object: 'Object Repository/Employee-Onboarding/Employee_Contact_Details/Page_OrangeHRM/div_Actions_oxd-table-cell oxd-padding-cell' is clicked on

27-12-2024T09:52:02 - [TEST_STEP][PASSED] - click(findTestObject("Object Repository/Employee-Onboarding/Employee_Contact_Details/Page_OrangeHRM/a_Contact Details")): Object: 'Object Repository/Employee-Onboarding/Employee_Contact_Details/Page_OrangeHRM/a_Contact Details' is clicked on

27-12-2024T09:52:06 - [MESSAGE][PASSED] - Object: 'Object Repository/Employee-Onboarding/Employee_Contact_Details/Page_OrangeHRM/a_Contact Details' is clicked on

27-12-2024T09:52:06 - [TEST_STEP][PASSED] - setText(findTestObject("Object Repository/Employee-Onboarding/Employee_Contact_Details/Page_OrangeHRM/input_Street 1_oxd-input oxd-input--focus"), Street1): Text '03686 Stevenson Skyway Suite 944' is set on object 'Object Repository/Employee-Onboarding/Employee_Contact_Details/Page_OrangeHRM/input_Street 1_oxd-input oxd-input--focus'

27-12-2024T09:52:08 - [MESSAGE][PASSED] - Text '03686 Stevenson Skyway Suite 944' is set on object 'Object Repository/Employee-Onboarding/Employee_Contact_Details/Page_OrangeHRM/input_Street 1_oxd-input oxd-input--focus'

27-12-2024T09:52:08 - [TEST_STEP][PASSED] - setText(findTestObject("Object Repository/Employee-Onboarding/Employee_Contact_Details/Page_OrangeHRM/input_Street 2_oxd-input oxd-input--active"), Street2): Text 'Apt. 458' is set on object 'Object Repository/Employee-Onboarding/Employee_Contact_Details/Page_OrangeHRM/input_Street 2_oxd-input oxd-input--active'

27-12-2024T09:52:09 - [MESSAGE][PASSED] - Text 'Apt. 458' is set on object 'Object Repository/Employee-Onboarding/Employee_Contact_Details/Page_OrangeHRM/input_Street 2_oxd-input oxd-input--active'

27-12-2024T09:52:09 - [TEST_STEP][PASSED] - setText(findTestObject("Object Repository/Employee-Onboarding/Employee_Contact_Details/Page_OrangeHRM/input_City_oxd-input oxd-input--active"), City): Text 'Douglasbury' is set on object 'Object Repository/Employee-Onboarding/Employee_Contact_Details/Page_OrangeHRM/input_City_oxd-input oxd-input--active'

27-12-2024T09:52:09 - [MESSAGE][PASSED] - Text 'Douglasbury' is set on object 'Object Repository/Employee-Onboarding/Employee_Contact_Details/Page_OrangeHRM/input_City_oxd-input oxd-input--active'

27-12-2024T09:52:09 - [TEST_STEP][PASSED] - setText(findTestObject("Object Repository/Employee-Onboarding/Employee_Contact_Details/Page_OrangeHRM/input_StateProvince_oxd-input oxd-input--active"), State): Text 'Virginia' is set on object 'Object Repository/Employee-Onboarding/Employee_Contact_Details/Page_OrangeHRM/input_StateProvince_oxd-input oxd-input--active'

27-12-2024T09:52:10 - [MESSAGE][PASSED] - Text 'Virginia' is set on object 'Object Repository/Employee-Onboarding/Employee_Contact_Details/Page_OrangeHRM/input_StateProvince_oxd-input oxd-input--active'

27-12-2024T09:52:10 - [TEST_STEP][PASSED] - setText(findTestObject("Object Repository/Employee-Onboarding/Employee_Contact_Details/Page_OrangeHRM/input_ZipPostal Code_oxd-input oxd-input--active"), ZipCode): Text '3092' is set on object 'Object Repository/Employee-Onboarding/Employee_Contact_Details/Page_OrangeHRM/input_ZipPostal Code_oxd-input oxd-input--active'

27-12-2024T09:52:10 - [MESSAGE][PASSED] - Text '3092' is set on object 'Object Repository/Employee-Onboarding/Employee_Contact_Details/Page_OrangeHRM/input_ZipPostal Code_oxd-input oxd-input--active'

27-12-2024T09:52:10 - [TEST_STEP][PASSED] - click(findTestObject("Object Repository/Employee-Onboarding/Employee_Contact_Details/Page_OrangeHRM/i_-- Select --_oxd-icon bi-caret-up-fill ox_627fec")): Object: 'Object Repository/Employee-Onboarding/Employee_Contact_Details/Page_OrangeHRM/i_-- Select --_oxd-icon bi-caret-up-fill ox_627fec' is clicked on

27-12-2024T09:52:10 - [MESSAGE][PASSED] - Object: 'Object Repository/Employee-Onboarding/Employee_Contact_Details/Page_OrangeHRM/i_-- Select --_oxd-icon bi-caret-up-fill ox_627fec' is clicked on

27-12-2024T09:52:10 - [TEST_STEP][PASSED] - click(findTestObject("Employee-Onboarding/Employee_Salary_Detail_Objects/Page_OrangeHRM/custom_object_for_dropdown", ["value":Country])): Object: 'Object Repository/Employee-Onboarding/Employee_Salary_Detail_Objects/Page_OrangeHRM/custom_object_for_dropdown' is clicked on

27-12-2024T09:52:11 - [MESSAGE][PASSED] - Object: 'Object Repository/Employee-Onboarding/Employee_Salary_Detail_Objects/Page_OrangeHRM/custom_object_for_dropdown' is clicked on

27-12-2024T09:52:11 - [TEST_STEP][PASSED] - setText(findTestObject("Object Repository/Employee-Onboarding/Employee_Contact_Details/Page_OrangeHRM/input_Home_oxd-input oxd-input--focus"), Tel_Home): Text '503-789-1263' is set on object 'Object Repository/Employee-Onboarding/Employee_Contact_Details/Page_OrangeHRM/input_Home_oxd-input oxd-input--focus'

27-12-2024T09:52:12 - [MESSAGE][PASSED] - Text '503-789-1263' is set on object 'Object Repository/Employee-Onboarding/Employee_Contact_Details/Page_OrangeHRM/input_Home_oxd-input oxd-input--focus'

27-12-2024T09:52:12 - [TEST_STEP][PASSED] - setText(findTestObject("Object Repository/Employee-Onboarding/Employee_Contact_Details/Page_OrangeHRM/input_Mobile_oxd-input oxd-input--focus"), Tell_Mobile): Text '981-745-3820' is set on object 'Object Repository/Employee-Onboarding/Employee_Contact_Details/Page_OrangeHRM/input_Mobile_oxd-input oxd-input--focus'

27-12-2024T09:52:12 - [MESSAGE][PASSED] - Text '981-745-3820' is set on object 'Object Repository/Employee-Onboarding/Employee_Contact_Details/Page_OrangeHRM/input_Mobile_oxd-input oxd-input--focus'

27-12-2024T09:52:12 - [TEST_STEP][PASSED] - setText(findTestObject("Object Repository/Employee-Onboarding/Employee_Contact_Details/Page_OrangeHRM/input_Work_oxd-input oxd-input--focus"), Tel_Work): Text '765-789-9843' is set on object 'Object Repository/Employee-Onboarding/Employee_Contact_Details/Page_OrangeHRM/input_Work_oxd-input oxd-input--focus'

27-12-2024T09:52:13 - [MESSAGE][PASSED] - Text '765-789-9843' is set on object 'Object Repository/Employee-Onboarding/Employee_Contact_Details/Page_OrangeHRM/input_Work_oxd-input oxd-input--focus'

27-12-2024T09:52:13 - [TEST_STEP][PASSED] - setText(findTestObject("Object Repository/Employee-Onboarding/Employee_Contact_Details/Page_OrangeHRM/input_Work Email_oxd-input oxd-input--active"), Email_Work): Text 'rebekah.herrera@edwards-lewis.info' is set on object 'Object Repository/Employee-Onboarding/Employee_Contact_Details/Page_OrangeHRM/input_Work Email_oxd-input oxd-input--active'

27-12-2024T09:52:13 - [MESSAGE][PASSED] - Text 'rebekah.herrera@edwards-lewis.info' is set on object 'Object Repository/Employee-Onboarding/Employee_Contact_Details/Page_OrangeHRM/input_Work Email_oxd-input oxd-input--active'

27-12-2024T09:52:13 - [TEST_STEP][PASSED] - setText(findTestObject("Object Repository/Employee-Onboarding/Employee_Contact_Details/Page_OrangeHRM/input_Other Email_oxd-input oxd-input--focu_8ec2d9"), Email_Other): Text 'rebekah.herrera@dummyemail.com' is set on object 'Object Repository/Employee-Onboarding/Employee_Contact_Details/Page_OrangeHRM/input_Other Email_oxd-input oxd-input--focu_8ec2d9'

27-12-2024T09:52:15 - [MESSAGE][PASSED] - Text 'rebekah.herrera@dummyemail.com' is set on object 'Object Repository/Employee-Onboarding/Employee_Contact_Details/Page_OrangeHRM/input_Other Email_oxd-input oxd-input--focu_8ec2d9'

27-12-2024T09:52:15 - [TEST_STEP][PASSED] - click(findTestObject("Object Repository/Employee-Onboarding/Employee_Contact_Details/Page_OrangeHRM/button_Save")): Object: 'Object Repository/Employee-Onboarding/Employee_Contact_Details/Page_OrangeHRM/button_Save' is clicked on

27-12-2024T09:52:15 - [MESSAGE][PASSED] - Object: 'Object Repository/Employee-Onboarding/Employee_Contact_Details/Page_OrangeHRM/button_Save' is clicked on]]></system-out>
         <system-err><![CDATA[]]></system-err>
      </testcase>
      <testcase name="Test Cases/Employee_Onboarding/TC_Employee_Contact_Details" time="18.336" classname="Test Cases/Employee_Onboarding/TC_Employee_Contact_Details" status="PASSED">
         <system-out><![CDATA[27-12-2024T09:52:15 - [TEST_CASE][PASSED] - Test Cases/Employee_Onboarding/TC_Employee_Contact_Details: Test Cases/Employee_Onboarding/TC_Employee_Contact_Details

27-12-2024T09:52:15 - [TEST_STEP][PASSED] - click(findTestObject("Object Repository/Employee-Onboarding/Employee_Contact_Details/Page_OrangeHRM/a_PIM")): Object: 'Object Repository/Employee-Onboarding/Employee_Contact_Details/Page_OrangeHRM/a_PIM' is clicked on

27-12-2024T09:52:17 - [MESSAGE][PASSED] - Object: 'Object Repository/Employee-Onboarding/Employee_Contact_Details/Page_OrangeHRM/a_PIM' is clicked on

27-12-2024T09:52:17 - [TEST_STEP][PASSED] - setText(findTestObject("Object Repository/Employee-Onboarding/Employee_Contact_Details/Page_OrangeHRM/input"), Fullname): Text 'Sara Hall' is set on object 'Object Repository/Employee-Onboarding/Employee_Contact_Details/Page_OrangeHRM/input'

27-12-2024T09:52:19 - [MESSAGE][PASSED] - Text 'Sara Hall' is set on object 'Object Repository/Employee-Onboarding/Employee_Contact_Details/Page_OrangeHRM/input'

27-12-2024T09:52:19 - [TEST_STEP][PASSED] - click(findTestObject("Object Repository/Employee-Onboarding/Employee_Contact_Details/Page_OrangeHRM/button_Search")): Object: 'Object Repository/Employee-Onboarding/Employee_Contact_Details/Page_OrangeHRM/button_Search' is clicked on

27-12-2024T09:52:19 - [MESSAGE][PASSED] - Object: 'Object Repository/Employee-Onboarding/Employee_Contact_Details/Page_OrangeHRM/button_Search' is clicked on

27-12-2024T09:52:19 - [TEST_STEP][PASSED] - click(findTestObject("Object Repository/Employee-Onboarding/Employee_Contact_Details/Page_OrangeHRM/div_Actions_oxd-table-cell oxd-padding-cell")): Object: 'Object Repository/Employee-Onboarding/Employee_Contact_Details/Page_OrangeHRM/div_Actions_oxd-table-cell oxd-padding-cell' is clicked on

27-12-2024T09:52:21 - [MESSAGE][PASSED] - Object: 'Object Repository/Employee-Onboarding/Employee_Contact_Details/Page_OrangeHRM/div_Actions_oxd-table-cell oxd-padding-cell' is clicked on

27-12-2024T09:52:21 - [TEST_STEP][PASSED] - click(findTestObject("Object Repository/Employee-Onboarding/Employee_Contact_Details/Page_OrangeHRM/a_Contact Details")): Object: 'Object Repository/Employee-Onboarding/Employee_Contact_Details/Page_OrangeHRM/a_Contact Details' is clicked on

27-12-2024T09:52:24 - [MESSAGE][PASSED] - Object: 'Object Repository/Employee-Onboarding/Employee_Contact_Details/Page_OrangeHRM/a_Contact Details' is clicked on

27-12-2024T09:52:24 - [TEST_STEP][PASSED] - setText(findTestObject("Object Repository/Employee-Onboarding/Employee_Contact_Details/Page_OrangeHRM/input_Street 1_oxd-input oxd-input--focus"), Street1): Text '5354 Andrews Rue Apt. 640' is set on object 'Object Repository/Employee-Onboarding/Employee_Contact_Details/Page_OrangeHRM/input_Street 1_oxd-input oxd-input--focus'

27-12-2024T09:52:27 - [MESSAGE][PASSED] - Text '5354 Andrews Rue Apt. 640' is set on object 'Object Repository/Employee-Onboarding/Employee_Contact_Details/Page_OrangeHRM/input_Street 1_oxd-input oxd-input--focus'

27-12-2024T09:52:27 - [TEST_STEP][PASSED] - setText(findTestObject("Object Repository/Employee-Onboarding/Employee_Contact_Details/Page_OrangeHRM/input_Street 2_oxd-input oxd-input--active"), Street2): Text 'Apt. 435' is set on object 'Object Repository/Employee-Onboarding/Employee_Contact_Details/Page_OrangeHRM/input_Street 2_oxd-input oxd-input--active'

27-12-2024T09:52:27 - [MESSAGE][PASSED] - Text 'Apt. 435' is set on object 'Object Repository/Employee-Onboarding/Employee_Contact_Details/Page_OrangeHRM/input_Street 2_oxd-input oxd-input--active'

27-12-2024T09:52:27 - [TEST_STEP][PASSED] - setText(findTestObject("Object Repository/Employee-Onboarding/Employee_Contact_Details/Page_OrangeHRM/input_City_oxd-input oxd-input--active"), City): Text 'West Michaelville' is set on object 'Object Repository/Employee-Onboarding/Employee_Contact_Details/Page_OrangeHRM/input_City_oxd-input oxd-input--active'

27-12-2024T09:52:28 - [MESSAGE][PASSED] - Text 'West Michaelville' is set on object 'Object Repository/Employee-Onboarding/Employee_Contact_Details/Page_OrangeHRM/input_City_oxd-input oxd-input--active'

27-12-2024T09:52:28 - [TEST_STEP][PASSED] - setText(findTestObject("Object Repository/Employee-Onboarding/Employee_Contact_Details/Page_OrangeHRM/input_StateProvince_oxd-input oxd-input--active"), State): Text 'West Virginia' is set on object 'Object Repository/Employee-Onboarding/Employee_Contact_Details/Page_OrangeHRM/input_StateProvince_oxd-input oxd-input--active'

27-12-2024T09:52:28 - [MESSAGE][PASSED] - Text 'West Virginia' is set on object 'Object Repository/Employee-Onboarding/Employee_Contact_Details/Page_OrangeHRM/input_StateProvince_oxd-input oxd-input--active'

27-12-2024T09:52:28 - [TEST_STEP][PASSED] - setText(findTestObject("Object Repository/Employee-Onboarding/Employee_Contact_Details/Page_OrangeHRM/input_ZipPostal Code_oxd-input oxd-input--active"), ZipCode): Text '97319' is set on object 'Object Repository/Employee-Onboarding/Employee_Contact_Details/Page_OrangeHRM/input_ZipPostal Code_oxd-input oxd-input--active'

27-12-2024T09:52:29 - [MESSAGE][PASSED] - Text '97319' is set on object 'Object Repository/Employee-Onboarding/Employee_Contact_Details/Page_OrangeHRM/input_ZipPostal Code_oxd-input oxd-input--active'

27-12-2024T09:52:29 - [TEST_STEP][PASSED] - click(findTestObject("Object Repository/Employee-Onboarding/Employee_Contact_Details/Page_OrangeHRM/i_-- Select --_oxd-icon bi-caret-up-fill ox_627fec")): Object: 'Object Repository/Employee-Onboarding/Employee_Contact_Details/Page_OrangeHRM/i_-- Select --_oxd-icon bi-caret-up-fill ox_627fec' is clicked on

27-12-2024T09:52:29 - [MESSAGE][PASSED] - Object: 'Object Repository/Employee-Onboarding/Employee_Contact_Details/Page_OrangeHRM/i_-- Select --_oxd-icon bi-caret-up-fill ox_627fec' is clicked on

27-12-2024T09:52:29 - [TEST_STEP][PASSED] - click(findTestObject("Employee-Onboarding/Employee_Salary_Detail_Objects/Page_OrangeHRM/custom_object_for_dropdown", ["value":Country])): Object: 'Object Repository/Employee-Onboarding/Employee_Salary_Detail_Objects/Page_OrangeHRM/custom_object_for_dropdown' is clicked on

27-12-2024T09:52:29 - [MESSAGE][PASSED] - Object: 'Object Repository/Employee-Onboarding/Employee_Salary_Detail_Objects/Page_OrangeHRM/custom_object_for_dropdown' is clicked on

27-12-2024T09:52:29 - [TEST_STEP][PASSED] - setText(findTestObject("Object Repository/Employee-Onboarding/Employee_Contact_Details/Page_OrangeHRM/input_Home_oxd-input oxd-input--focus"), Tel_Home): Text '223-267-1809' is set on object 'Object Repository/Employee-Onboarding/Employee_Contact_Details/Page_OrangeHRM/input_Home_oxd-input oxd-input--focus'

27-12-2024T09:52:30 - [MESSAGE][PASSED] - Text '223-267-1809' is set on object 'Object Repository/Employee-Onboarding/Employee_Contact_Details/Page_OrangeHRM/input_Home_oxd-input oxd-input--focus'

27-12-2024T09:52:30 - [TEST_STEP][PASSED] - setText(findTestObject("Object Repository/Employee-Onboarding/Employee_Contact_Details/Page_OrangeHRM/input_Mobile_oxd-input oxd-input--focus"), Tell_Mobile): Text '276-198-5694' is set on object 'Object Repository/Employee-Onboarding/Employee_Contact_Details/Page_OrangeHRM/input_Mobile_oxd-input oxd-input--focus'

27-12-2024T09:52:31 - [MESSAGE][PASSED] - Text '276-198-5694' is set on object 'Object Repository/Employee-Onboarding/Employee_Contact_Details/Page_OrangeHRM/input_Mobile_oxd-input oxd-input--focus'

27-12-2024T09:52:31 - [TEST_STEP][PASSED] - setText(findTestObject("Object Repository/Employee-Onboarding/Employee_Contact_Details/Page_OrangeHRM/input_Work_oxd-input oxd-input--focus"), Tel_Work): Text '542-178-3914' is set on object 'Object Repository/Employee-Onboarding/Employee_Contact_Details/Page_OrangeHRM/input_Work_oxd-input oxd-input--focus'

27-12-2024T09:52:31 - [MESSAGE][PASSED] - Text '542-178-3914' is set on object 'Object Repository/Employee-Onboarding/Employee_Contact_Details/Page_OrangeHRM/input_Work_oxd-input oxd-input--focus'

27-12-2024T09:52:31 - [TEST_STEP][PASSED] - setText(findTestObject("Object Repository/Employee-Onboarding/Employee_Contact_Details/Page_OrangeHRM/input_Work Email_oxd-input oxd-input--active"), Email_Work): Text 'sara.hall@smith-watson.com' is set on object 'Object Repository/Employee-Onboarding/Employee_Contact_Details/Page_OrangeHRM/input_Work Email_oxd-input oxd-input--active'

27-12-2024T09:52:32 - [MESSAGE][PASSED] - Text 'sara.hall@smith-watson.com' is set on object 'Object Repository/Employee-Onboarding/Employee_Contact_Details/Page_OrangeHRM/input_Work Email_oxd-input oxd-input--active'

27-12-2024T09:52:32 - [TEST_STEP][PASSED] - setText(findTestObject("Object Repository/Employee-Onboarding/Employee_Contact_Details/Page_OrangeHRM/input_Other Email_oxd-input oxd-input--focu_8ec2d9"), Email_Other): Text 'sara.hall@dummyemail.com' is set on object 'Object Repository/Employee-Onboarding/Employee_Contact_Details/Page_OrangeHRM/input_Other Email_oxd-input oxd-input--focu_8ec2d9'

27-12-2024T09:52:33 - [MESSAGE][PASSED] - Text 'sara.hall@dummyemail.com' is set on object 'Object Repository/Employee-Onboarding/Employee_Contact_Details/Page_OrangeHRM/input_Other Email_oxd-input oxd-input--focu_8ec2d9'

27-12-2024T09:52:33 - [TEST_STEP][PASSED] - click(findTestObject("Object Repository/Employee-Onboarding/Employee_Contact_Details/Page_OrangeHRM/button_Save")): Object: 'Object Repository/Employee-Onboarding/Employee_Contact_Details/Page_OrangeHRM/button_Save' is clicked on

27-12-2024T09:52:34 - [MESSAGE][PASSED] - Object: 'Object Repository/Employee-Onboarding/Employee_Contact_Details/Page_OrangeHRM/button_Save' is clicked on]]></system-out>
         <system-err><![CDATA[]]></system-err>
      </testcase>
      <testcase name="Test Cases/Employee_Onboarding/TC_Employee_Contact_Details" time="18.259" classname="Test Cases/Employee_Onboarding/TC_Employee_Contact_Details" status="PASSED">
         <system-out><![CDATA[27-12-2024T09:52:34 - [TEST_CASE][PASSED] - Test Cases/Employee_Onboarding/TC_Employee_Contact_Details: Test Cases/Employee_Onboarding/TC_Employee_Contact_Details

27-12-2024T09:52:34 - [TEST_STEP][PASSED] - click(findTestObject("Object Repository/Employee-Onboarding/Employee_Contact_Details/Page_OrangeHRM/a_PIM")): Object: 'Object Repository/Employee-Onboarding/Employee_Contact_Details/Page_OrangeHRM/a_PIM' is clicked on

27-12-2024T09:52:35 - [MESSAGE][PASSED] - Object: 'Object Repository/Employee-Onboarding/Employee_Contact_Details/Page_OrangeHRM/a_PIM' is clicked on

27-12-2024T09:52:35 - [TEST_STEP][PASSED] - setText(findTestObject("Object Repository/Employee-Onboarding/Employee_Contact_Details/Page_OrangeHRM/input"), Fullname): Text 'Melinda Duarte' is set on object 'Object Repository/Employee-Onboarding/Employee_Contact_Details/Page_OrangeHRM/input'

27-12-2024T09:52:37 - [MESSAGE][PASSED] - Text 'Melinda Duarte' is set on object 'Object Repository/Employee-Onboarding/Employee_Contact_Details/Page_OrangeHRM/input'

27-12-2024T09:52:37 - [TEST_STEP][PASSED] - click(findTestObject("Object Repository/Employee-Onboarding/Employee_Contact_Details/Page_OrangeHRM/button_Search")): Object: 'Object Repository/Employee-Onboarding/Employee_Contact_Details/Page_OrangeHRM/button_Search' is clicked on

27-12-2024T09:52:38 - [MESSAGE][PASSED] - Object: 'Object Repository/Employee-Onboarding/Employee_Contact_Details/Page_OrangeHRM/button_Search' is clicked on

27-12-2024T09:52:38 - [TEST_STEP][PASSED] - click(findTestObject("Object Repository/Employee-Onboarding/Employee_Contact_Details/Page_OrangeHRM/div_Actions_oxd-table-cell oxd-padding-cell")): Object: 'Object Repository/Employee-Onboarding/Employee_Contact_Details/Page_OrangeHRM/div_Actions_oxd-table-cell oxd-padding-cell' is clicked on

27-12-2024T09:52:39 - [MESSAGE][PASSED] - Object: 'Object Repository/Employee-Onboarding/Employee_Contact_Details/Page_OrangeHRM/div_Actions_oxd-table-cell oxd-padding-cell' is clicked on

27-12-2024T09:52:39 - [TEST_STEP][PASSED] - click(findTestObject("Object Repository/Employee-Onboarding/Employee_Contact_Details/Page_OrangeHRM/a_Contact Details")): Object: 'Object Repository/Employee-Onboarding/Employee_Contact_Details/Page_OrangeHRM/a_Contact Details' is clicked on

27-12-2024T09:52:43 - [MESSAGE][PASSED] - Object: 'Object Repository/Employee-Onboarding/Employee_Contact_Details/Page_OrangeHRM/a_Contact Details' is clicked on

27-12-2024T09:52:43 - [TEST_STEP][PASSED] - setText(findTestObject("Object Repository/Employee-Onboarding/Employee_Contact_Details/Page_OrangeHRM/input_Street 1_oxd-input oxd-input--focus"), Street1): Text '3295 Liu Plains Apt. 112' is set on object 'Object Repository/Employee-Onboarding/Employee_Contact_Details/Page_OrangeHRM/input_Street 1_oxd-input oxd-input--focus'

27-12-2024T09:52:45 - [MESSAGE][PASSED] - Text '3295 Liu Plains Apt. 112' is set on object 'Object Repository/Employee-Onboarding/Employee_Contact_Details/Page_OrangeHRM/input_Street 1_oxd-input oxd-input--focus'

27-12-2024T09:52:45 - [TEST_STEP][PASSED] - setText(findTestObject("Object Repository/Employee-Onboarding/Employee_Contact_Details/Page_OrangeHRM/input_Street 2_oxd-input oxd-input--active"), Street2): Text 'Suite 423' is set on object 'Object Repository/Employee-Onboarding/Employee_Contact_Details/Page_OrangeHRM/input_Street 2_oxd-input oxd-input--active'

27-12-2024T09:52:45 - [MESSAGE][PASSED] - Text 'Suite 423' is set on object 'Object Repository/Employee-Onboarding/Employee_Contact_Details/Page_OrangeHRM/input_Street 2_oxd-input oxd-input--active'

27-12-2024T09:52:45 - [TEST_STEP][PASSED] - setText(findTestObject("Object Repository/Employee-Onboarding/Employee_Contact_Details/Page_OrangeHRM/input_City_oxd-input oxd-input--active"), City): Text 'North Sarahberg' is set on object 'Object Repository/Employee-Onboarding/Employee_Contact_Details/Page_OrangeHRM/input_City_oxd-input oxd-input--active'

27-12-2024T09:52:46 - [MESSAGE][PASSED] - Text 'North Sarahberg' is set on object 'Object Repository/Employee-Onboarding/Employee_Contact_Details/Page_OrangeHRM/input_City_oxd-input oxd-input--active'

27-12-2024T09:52:46 - [TEST_STEP][PASSED] - setText(findTestObject("Object Repository/Employee-Onboarding/Employee_Contact_Details/Page_OrangeHRM/input_StateProvince_oxd-input oxd-input--active"), State): Text 'West Virginia' is set on object 'Object Repository/Employee-Onboarding/Employee_Contact_Details/Page_OrangeHRM/input_StateProvince_oxd-input oxd-input--active'

27-12-2024T09:52:46 - [MESSAGE][PASSED] - Text 'West Virginia' is set on object 'Object Repository/Employee-Onboarding/Employee_Contact_Details/Page_OrangeHRM/input_StateProvince_oxd-input oxd-input--active'

27-12-2024T09:52:46 - [TEST_STEP][PASSED] - setText(findTestObject("Object Repository/Employee-Onboarding/Employee_Contact_Details/Page_OrangeHRM/input_ZipPostal Code_oxd-input oxd-input--active"), ZipCode): Text '67048' is set on object 'Object Repository/Employee-Onboarding/Employee_Contact_Details/Page_OrangeHRM/input_ZipPostal Code_oxd-input oxd-input--active'

27-12-2024T09:52:47 - [MESSAGE][PASSED] - Text '67048' is set on object 'Object Repository/Employee-Onboarding/Employee_Contact_Details/Page_OrangeHRM/input_ZipPostal Code_oxd-input oxd-input--active'

27-12-2024T09:52:47 - [TEST_STEP][PASSED] - click(findTestObject("Object Repository/Employee-Onboarding/Employee_Contact_Details/Page_OrangeHRM/i_-- Select --_oxd-icon bi-caret-up-fill ox_627fec")): Object: 'Object Repository/Employee-Onboarding/Employee_Contact_Details/Page_OrangeHRM/i_-- Select --_oxd-icon bi-caret-up-fill ox_627fec' is clicked on

27-12-2024T09:52:47 - [MESSAGE][PASSED] - Object: 'Object Repository/Employee-Onboarding/Employee_Contact_Details/Page_OrangeHRM/i_-- Select --_oxd-icon bi-caret-up-fill ox_627fec' is clicked on

27-12-2024T09:52:47 - [TEST_STEP][PASSED] - click(findTestObject("Employee-Onboarding/Employee_Salary_Detail_Objects/Page_OrangeHRM/custom_object_for_dropdown", ["value":Country])): Object: 'Object Repository/Employee-Onboarding/Employee_Salary_Detail_Objects/Page_OrangeHRM/custom_object_for_dropdown' is clicked on

27-12-2024T09:52:48 - [MESSAGE][PASSED] - Object: 'Object Repository/Employee-Onboarding/Employee_Salary_Detail_Objects/Page_OrangeHRM/custom_object_for_dropdown' is clicked on

27-12-2024T09:52:48 - [TEST_STEP][PASSED] - setText(findTestObject("Object Repository/Employee-Onboarding/Employee_Contact_Details/Page_OrangeHRM/input_Home_oxd-input oxd-input--focus"), Tel_Home): Text '801-949-0121' is set on object 'Object Repository/Employee-Onboarding/Employee_Contact_Details/Page_OrangeHRM/input_Home_oxd-input oxd-input--focus'

27-12-2024T09:52:48 - [MESSAGE][PASSED] - Text '801-949-0121' is set on object 'Object Repository/Employee-Onboarding/Employee_Contact_Details/Page_OrangeHRM/input_Home_oxd-input oxd-input--focus'

27-12-2024T09:52:48 - [TEST_STEP][PASSED] - setText(findTestObject("Object Repository/Employee-Onboarding/Employee_Contact_Details/Page_OrangeHRM/input_Mobile_oxd-input oxd-input--focus"), Tell_Mobile): Text '908-437-9856' is set on object 'Object Repository/Employee-Onboarding/Employee_Contact_Details/Page_OrangeHRM/input_Mobile_oxd-input oxd-input--focus'

27-12-2024T09:52:49 - [MESSAGE][PASSED] - Text '908-437-9856' is set on object 'Object Repository/Employee-Onboarding/Employee_Contact_Details/Page_OrangeHRM/input_Mobile_oxd-input oxd-input--focus'

27-12-2024T09:52:49 - [TEST_STEP][PASSED] - setText(findTestObject("Object Repository/Employee-Onboarding/Employee_Contact_Details/Page_OrangeHRM/input_Work_oxd-input oxd-input--focus"), Tel_Work): Text '401-753-2985' is set on object 'Object Repository/Employee-Onboarding/Employee_Contact_Details/Page_OrangeHRM/input_Work_oxd-input oxd-input--focus'

27-12-2024T09:52:49 - [MESSAGE][PASSED] - Text '401-753-2985' is set on object 'Object Repository/Employee-Onboarding/Employee_Contact_Details/Page_OrangeHRM/input_Work_oxd-input oxd-input--focus'

27-12-2024T09:52:49 - [TEST_STEP][PASSED] - setText(findTestObject("Object Repository/Employee-Onboarding/Employee_Contact_Details/Page_OrangeHRM/input_Work Email_oxd-input oxd-input--active"), Email_Work): Text 'melinda.duarte@bird.org' is set on object 'Object Repository/Employee-Onboarding/Employee_Contact_Details/Page_OrangeHRM/input_Work Email_oxd-input oxd-input--active'

27-12-2024T09:52:50 - [MESSAGE][PASSED] - Text 'melinda.duarte@bird.org' is set on object 'Object Repository/Employee-Onboarding/Employee_Contact_Details/Page_OrangeHRM/input_Work Email_oxd-input oxd-input--active'

27-12-2024T09:52:50 - [TEST_STEP][PASSED] - setText(findTestObject("Object Repository/Employee-Onboarding/Employee_Contact_Details/Page_OrangeHRM/input_Other Email_oxd-input oxd-input--focu_8ec2d9"), Email_Other): Text 'melinda.duarte@dummyemail.com' is set on object 'Object Repository/Employee-Onboarding/Employee_Contact_Details/Page_OrangeHRM/input_Other Email_oxd-input oxd-input--focu_8ec2d9'

27-12-2024T09:52:52 - [MESSAGE][PASSED] - Text 'melinda.duarte@dummyemail.com' is set on object 'Object Repository/Employee-Onboarding/Employee_Contact_Details/Page_OrangeHRM/input_Other Email_oxd-input oxd-input--focu_8ec2d9'

27-12-2024T09:52:52 - [TEST_STEP][PASSED] - click(findTestObject("Object Repository/Employee-Onboarding/Employee_Contact_Details/Page_OrangeHRM/button_Save")): Object: 'Object Repository/Employee-Onboarding/Employee_Contact_Details/Page_OrangeHRM/button_Save' is clicked on

27-12-2024T09:52:52 - [MESSAGE][PASSED] - Object: 'Object Repository/Employee-Onboarding/Employee_Contact_Details/Page_OrangeHRM/button_Save' is clicked on]]></system-out>
         <system-err><![CDATA[]]></system-err>
      </testcase>
      <testcase name="Test Cases/Employee_Onboarding/TC_Employee_Contact_Details" time="19.25" classname="Test Cases/Employee_Onboarding/TC_Employee_Contact_Details" status="PASSED">
         <system-out><![CDATA[27-12-2024T09:52:52 - [TEST_CASE][PASSED] - Test Cases/Employee_Onboarding/TC_Employee_Contact_Details: Test Cases/Employee_Onboarding/TC_Employee_Contact_Details

27-12-2024T09:52:52 - [TEST_STEP][PASSED] - click(findTestObject("Object Repository/Employee-Onboarding/Employee_Contact_Details/Page_OrangeHRM/a_PIM")): Object: 'Object Repository/Employee-Onboarding/Employee_Contact_Details/Page_OrangeHRM/a_PIM' is clicked on

27-12-2024T09:52:54 - [MESSAGE][PASSED] - Object: 'Object Repository/Employee-Onboarding/Employee_Contact_Details/Page_OrangeHRM/a_PIM' is clicked on

27-12-2024T09:52:54 - [TEST_STEP][PASSED] - setText(findTestObject("Object Repository/Employee-Onboarding/Employee_Contact_Details/Page_OrangeHRM/input"), Fullname): Text 'Meghan Cruz' is set on object 'Object Repository/Employee-Onboarding/Employee_Contact_Details/Page_OrangeHRM/input'

27-12-2024T09:52:56 - [MESSAGE][PASSED] - Text 'Meghan Cruz' is set on object 'Object Repository/Employee-Onboarding/Employee_Contact_Details/Page_OrangeHRM/input'

27-12-2024T09:52:56 - [TEST_STEP][PASSED] - click(findTestObject("Object Repository/Employee-Onboarding/Employee_Contact_Details/Page_OrangeHRM/button_Search")): Object: 'Object Repository/Employee-Onboarding/Employee_Contact_Details/Page_OrangeHRM/button_Search' is clicked on

27-12-2024T09:52:56 - [MESSAGE][PASSED] - Object: 'Object Repository/Employee-Onboarding/Employee_Contact_Details/Page_OrangeHRM/button_Search' is clicked on

27-12-2024T09:52:56 - [TEST_STEP][PASSED] - click(findTestObject("Object Repository/Employee-Onboarding/Employee_Contact_Details/Page_OrangeHRM/div_Actions_oxd-table-cell oxd-padding-cell")): Object: 'Object Repository/Employee-Onboarding/Employee_Contact_Details/Page_OrangeHRM/div_Actions_oxd-table-cell oxd-padding-cell' is clicked on

27-12-2024T09:52:58 - [MESSAGE][PASSED] - Object: 'Object Repository/Employee-Onboarding/Employee_Contact_Details/Page_OrangeHRM/div_Actions_oxd-table-cell oxd-padding-cell' is clicked on

27-12-2024T09:52:58 - [TEST_STEP][PASSED] - click(findTestObject("Object Repository/Employee-Onboarding/Employee_Contact_Details/Page_OrangeHRM/a_Contact Details")): Object: 'Object Repository/Employee-Onboarding/Employee_Contact_Details/Page_OrangeHRM/a_Contact Details' is clicked on

27-12-2024T09:53:02 - [MESSAGE][PASSED] - Object: 'Object Repository/Employee-Onboarding/Employee_Contact_Details/Page_OrangeHRM/a_Contact Details' is clicked on

27-12-2024T09:53:02 - [TEST_STEP][PASSED] - setText(findTestObject("Object Repository/Employee-Onboarding/Employee_Contact_Details/Page_OrangeHRM/input_Street 1_oxd-input oxd-input--focus"), Street1): Text '61416 Keith Key' is set on object 'Object Repository/Employee-Onboarding/Employee_Contact_Details/Page_OrangeHRM/input_Street 1_oxd-input oxd-input--focus'

27-12-2024T09:53:04 - [MESSAGE][PASSED] - Text '61416 Keith Key' is set on object 'Object Repository/Employee-Onboarding/Employee_Contact_Details/Page_OrangeHRM/input_Street 1_oxd-input oxd-input--focus'

27-12-2024T09:53:04 - [TEST_STEP][PASSED] - setText(findTestObject("Object Repository/Employee-Onboarding/Employee_Contact_Details/Page_OrangeHRM/input_Street 2_oxd-input oxd-input--active"), Street2): Text 'Apt. 301' is set on object 'Object Repository/Employee-Onboarding/Employee_Contact_Details/Page_OrangeHRM/input_Street 2_oxd-input oxd-input--active'

27-12-2024T09:53:04 - [MESSAGE][PASSED] - Text 'Apt. 301' is set on object 'Object Repository/Employee-Onboarding/Employee_Contact_Details/Page_OrangeHRM/input_Street 2_oxd-input oxd-input--active'

27-12-2024T09:53:04 - [TEST_STEP][PASSED] - setText(findTestObject("Object Repository/Employee-Onboarding/Employee_Contact_Details/Page_OrangeHRM/input_City_oxd-input oxd-input--active"), City): Text 'North Erinport' is set on object 'Object Repository/Employee-Onboarding/Employee_Contact_Details/Page_OrangeHRM/input_City_oxd-input oxd-input--active'

27-12-2024T09:53:05 - [MESSAGE][PASSED] - Text 'North Erinport' is set on object 'Object Repository/Employee-Onboarding/Employee_Contact_Details/Page_OrangeHRM/input_City_oxd-input oxd-input--active'

27-12-2024T09:53:05 - [TEST_STEP][PASSED] - setText(findTestObject("Object Repository/Employee-Onboarding/Employee_Contact_Details/Page_OrangeHRM/input_StateProvince_oxd-input oxd-input--active"), State): Text 'Kansas' is set on object 'Object Repository/Employee-Onboarding/Employee_Contact_Details/Page_OrangeHRM/input_StateProvince_oxd-input oxd-input--active'

27-12-2024T09:53:05 - [MESSAGE][PASSED] - Text 'Kansas' is set on object 'Object Repository/Employee-Onboarding/Employee_Contact_Details/Page_OrangeHRM/input_StateProvince_oxd-input oxd-input--active'

27-12-2024T09:53:05 - [TEST_STEP][PASSED] - setText(findTestObject("Object Repository/Employee-Onboarding/Employee_Contact_Details/Page_OrangeHRM/input_ZipPostal Code_oxd-input oxd-input--active"), ZipCode): Text '69045' is set on object 'Object Repository/Employee-Onboarding/Employee_Contact_Details/Page_OrangeHRM/input_ZipPostal Code_oxd-input oxd-input--active'

27-12-2024T09:53:06 - [MESSAGE][PASSED] - Text '69045' is set on object 'Object Repository/Employee-Onboarding/Employee_Contact_Details/Page_OrangeHRM/input_ZipPostal Code_oxd-input oxd-input--active'

27-12-2024T09:53:06 - [TEST_STEP][PASSED] - click(findTestObject("Object Repository/Employee-Onboarding/Employee_Contact_Details/Page_OrangeHRM/i_-- Select --_oxd-icon bi-caret-up-fill ox_627fec")): Object: 'Object Repository/Employee-Onboarding/Employee_Contact_Details/Page_OrangeHRM/i_-- Select --_oxd-icon bi-caret-up-fill ox_627fec' is clicked on

27-12-2024T09:53:06 - [MESSAGE][PASSED] - Object: 'Object Repository/Employee-Onboarding/Employee_Contact_Details/Page_OrangeHRM/i_-- Select --_oxd-icon bi-caret-up-fill ox_627fec' is clicked on

27-12-2024T09:53:06 - [TEST_STEP][PASSED] - click(findTestObject("Employee-Onboarding/Employee_Salary_Detail_Objects/Page_OrangeHRM/custom_object_for_dropdown", ["value":Country])): Object: 'Object Repository/Employee-Onboarding/Employee_Salary_Detail_Objects/Page_OrangeHRM/custom_object_for_dropdown' is clicked on

27-12-2024T09:53:07 - [MESSAGE][PASSED] - Object: 'Object Repository/Employee-Onboarding/Employee_Salary_Detail_Objects/Page_OrangeHRM/custom_object_for_dropdown' is clicked on

27-12-2024T09:53:07 - [TEST_STEP][PASSED] - setText(findTestObject("Object Repository/Employee-Onboarding/Employee_Contact_Details/Page_OrangeHRM/input_Home_oxd-input oxd-input--focus"), Tel_Home): Text '940-836-8056' is set on object 'Object Repository/Employee-Onboarding/Employee_Contact_Details/Page_OrangeHRM/input_Home_oxd-input oxd-input--focus'

27-12-2024T09:53:07 - [MESSAGE][PASSED] - Text '940-836-8056' is set on object 'Object Repository/Employee-Onboarding/Employee_Contact_Details/Page_OrangeHRM/input_Home_oxd-input oxd-input--focus'

27-12-2024T09:53:07 - [TEST_STEP][PASSED] - setText(findTestObject("Object Repository/Employee-Onboarding/Employee_Contact_Details/Page_OrangeHRM/input_Mobile_oxd-input oxd-input--focus"), Tell_Mobile): Text '210-879-4561' is set on object 'Object Repository/Employee-Onboarding/Employee_Contact_Details/Page_OrangeHRM/input_Mobile_oxd-input oxd-input--focus'

27-12-2024T09:53:08 - [MESSAGE][PASSED] - Text '210-879-4561' is set on object 'Object Repository/Employee-Onboarding/Employee_Contact_Details/Page_OrangeHRM/input_Mobile_oxd-input oxd-input--focus'

27-12-2024T09:53:08 - [TEST_STEP][PASSED] - setText(findTestObject("Object Repository/Employee-Onboarding/Employee_Contact_Details/Page_OrangeHRM/input_Work_oxd-input oxd-input--focus"), Tel_Work): Text '850-276-1092' is set on object 'Object Repository/Employee-Onboarding/Employee_Contact_Details/Page_OrangeHRM/input_Work_oxd-input oxd-input--focus'

27-12-2024T09:53:08 - [MESSAGE][PASSED] - Text '850-276-1092' is set on object 'Object Repository/Employee-Onboarding/Employee_Contact_Details/Page_OrangeHRM/input_Work_oxd-input oxd-input--focus'

27-12-2024T09:53:08 - [TEST_STEP][PASSED] - setText(findTestObject("Object Repository/Employee-Onboarding/Employee_Contact_Details/Page_OrangeHRM/input_Work Email_oxd-input oxd-input--active"), Email_Work): Text 'meghan.cruz@garcia.com' is set on object 'Object Repository/Employee-Onboarding/Employee_Contact_Details/Page_OrangeHRM/input_Work Email_oxd-input oxd-input--active'

27-12-2024T09:53:09 - [MESSAGE][PASSED] - Text 'meghan.cruz@garcia.com' is set on object 'Object Repository/Employee-Onboarding/Employee_Contact_Details/Page_OrangeHRM/input_Work Email_oxd-input oxd-input--active'

27-12-2024T09:53:09 - [TEST_STEP][PASSED] - setText(findTestObject("Object Repository/Employee-Onboarding/Employee_Contact_Details/Page_OrangeHRM/input_Other Email_oxd-input oxd-input--focu_8ec2d9"), Email_Other): Text 'meghan.cruz@dummyemail.com' is set on object 'Object Repository/Employee-Onboarding/Employee_Contact_Details/Page_OrangeHRM/input_Other Email_oxd-input oxd-input--focu_8ec2d9'

27-12-2024T09:53:11 - [MESSAGE][PASSED] - Text 'meghan.cruz@dummyemail.com' is set on object 'Object Repository/Employee-Onboarding/Employee_Contact_Details/Page_OrangeHRM/input_Other Email_oxd-input oxd-input--focu_8ec2d9'

27-12-2024T09:53:11 - [TEST_STEP][PASSED] - click(findTestObject("Object Repository/Employee-Onboarding/Employee_Contact_Details/Page_OrangeHRM/button_Save")): Object: 'Object Repository/Employee-Onboarding/Employee_Contact_Details/Page_OrangeHRM/button_Save' is clicked on

27-12-2024T09:53:11 - [MESSAGE][PASSED] - Object: 'Object Repository/Employee-Onboarding/Employee_Contact_Details/Page_OrangeHRM/button_Save' is clicked on]]></system-out>
         <system-err><![CDATA[]]></system-err>
      </testcase>
      <testcase name="Test Cases/Employee_Onboarding/TC_Employee_Contact_Details" time="21.787" classname="Test Cases/Employee_Onboarding/TC_Employee_Contact_Details" status="PASSED">
         <system-out><![CDATA[27-12-2024T09:53:11 - [TEST_CASE][PASSED] - Test Cases/Employee_Onboarding/TC_Employee_Contact_Details: Test Cases/Employee_Onboarding/TC_Employee_Contact_Details

27-12-2024T09:53:11 - [TEST_STEP][PASSED] - click(findTestObject("Object Repository/Employee-Onboarding/Employee_Contact_Details/Page_OrangeHRM/a_PIM")): Object: 'Object Repository/Employee-Onboarding/Employee_Contact_Details/Page_OrangeHRM/a_PIM' is clicked on

27-12-2024T09:53:14 - [MESSAGE][PASSED] - Object: 'Object Repository/Employee-Onboarding/Employee_Contact_Details/Page_OrangeHRM/a_PIM' is clicked on

27-12-2024T09:53:14 - [TEST_STEP][PASSED] - setText(findTestObject("Object Repository/Employee-Onboarding/Employee_Contact_Details/Page_OrangeHRM/input"), Fullname): Text 'Erik Lewis' is set on object 'Object Repository/Employee-Onboarding/Employee_Contact_Details/Page_OrangeHRM/input'

27-12-2024T09:53:18 - [MESSAGE][PASSED] - Text 'Erik Lewis' is set on object 'Object Repository/Employee-Onboarding/Employee_Contact_Details/Page_OrangeHRM/input'

27-12-2024T09:53:18 - [TEST_STEP][PASSED] - click(findTestObject("Object Repository/Employee-Onboarding/Employee_Contact_Details/Page_OrangeHRM/button_Search")): Object: 'Object Repository/Employee-Onboarding/Employee_Contact_Details/Page_OrangeHRM/button_Search' is clicked on

27-12-2024T09:53:18 - [MESSAGE][PASSED] - Object: 'Object Repository/Employee-Onboarding/Employee_Contact_Details/Page_OrangeHRM/button_Search' is clicked on

27-12-2024T09:53:18 - [TEST_STEP][PASSED] - click(findTestObject("Object Repository/Employee-Onboarding/Employee_Contact_Details/Page_OrangeHRM/div_Actions_oxd-table-cell oxd-padding-cell")): Object: 'Object Repository/Employee-Onboarding/Employee_Contact_Details/Page_OrangeHRM/div_Actions_oxd-table-cell oxd-padding-cell' is clicked on

27-12-2024T09:53:20 - [MESSAGE][PASSED] - Object: 'Object Repository/Employee-Onboarding/Employee_Contact_Details/Page_OrangeHRM/div_Actions_oxd-table-cell oxd-padding-cell' is clicked on

27-12-2024T09:53:20 - [TEST_STEP][PASSED] - click(findTestObject("Object Repository/Employee-Onboarding/Employee_Contact_Details/Page_OrangeHRM/a_Contact Details")): Object: 'Object Repository/Employee-Onboarding/Employee_Contact_Details/Page_OrangeHRM/a_Contact Details' is clicked on

27-12-2024T09:53:24 - [MESSAGE][PASSED] - Object: 'Object Repository/Employee-Onboarding/Employee_Contact_Details/Page_OrangeHRM/a_Contact Details' is clicked on

27-12-2024T09:53:24 - [TEST_STEP][PASSED] - setText(findTestObject("Object Repository/Employee-Onboarding/Employee_Contact_Details/Page_OrangeHRM/input_Street 1_oxd-input oxd-input--focus"), Street1): Text '04508 Alyssa Valley Apt. 691' is set on object 'Object Repository/Employee-Onboarding/Employee_Contact_Details/Page_OrangeHRM/input_Street 1_oxd-input oxd-input--focus'

27-12-2024T09:53:26 - [MESSAGE][PASSED] - Text '04508 Alyssa Valley Apt. 691' is set on object 'Object Repository/Employee-Onboarding/Employee_Contact_Details/Page_OrangeHRM/input_Street 1_oxd-input oxd-input--focus'

27-12-2024T09:53:26 - [TEST_STEP][PASSED] - setText(findTestObject("Object Repository/Employee-Onboarding/Employee_Contact_Details/Page_OrangeHRM/input_Street 2_oxd-input oxd-input--active"), Street2): Text 'Suite 980' is set on object 'Object Repository/Employee-Onboarding/Employee_Contact_Details/Page_OrangeHRM/input_Street 2_oxd-input oxd-input--active'

27-12-2024T09:53:26 - [MESSAGE][PASSED] - Text 'Suite 980' is set on object 'Object Repository/Employee-Onboarding/Employee_Contact_Details/Page_OrangeHRM/input_Street 2_oxd-input oxd-input--active'

27-12-2024T09:53:26 - [TEST_STEP][PASSED] - setText(findTestObject("Object Repository/Employee-Onboarding/Employee_Contact_Details/Page_OrangeHRM/input_City_oxd-input oxd-input--active"), City): Text 'South Lisa' is set on object 'Object Repository/Employee-Onboarding/Employee_Contact_Details/Page_OrangeHRM/input_City_oxd-input oxd-input--active'

27-12-2024T09:53:27 - [MESSAGE][PASSED] - Text 'South Lisa' is set on object 'Object Repository/Employee-Onboarding/Employee_Contact_Details/Page_OrangeHRM/input_City_oxd-input oxd-input--active'

27-12-2024T09:53:27 - [TEST_STEP][PASSED] - setText(findTestObject("Object Repository/Employee-Onboarding/Employee_Contact_Details/Page_OrangeHRM/input_StateProvince_oxd-input oxd-input--active"), State): Text 'Indiana' is set on object 'Object Repository/Employee-Onboarding/Employee_Contact_Details/Page_OrangeHRM/input_StateProvince_oxd-input oxd-input--active'

27-12-2024T09:53:27 - [MESSAGE][PASSED] - Text 'Indiana' is set on object 'Object Repository/Employee-Onboarding/Employee_Contact_Details/Page_OrangeHRM/input_StateProvince_oxd-input oxd-input--active'

27-12-2024T09:53:27 - [TEST_STEP][PASSED] - setText(findTestObject("Object Repository/Employee-Onboarding/Employee_Contact_Details/Page_OrangeHRM/input_ZipPostal Code_oxd-input oxd-input--active"), ZipCode): Text '63437' is set on object 'Object Repository/Employee-Onboarding/Employee_Contact_Details/Page_OrangeHRM/input_ZipPostal Code_oxd-input oxd-input--active'

27-12-2024T09:53:28 - [MESSAGE][PASSED] - Text '63437' is set on object 'Object Repository/Employee-Onboarding/Employee_Contact_Details/Page_OrangeHRM/input_ZipPostal Code_oxd-input oxd-input--active'

27-12-2024T09:53:28 - [TEST_STEP][PASSED] - click(findTestObject("Object Repository/Employee-Onboarding/Employee_Contact_Details/Page_OrangeHRM/i_-- Select --_oxd-icon bi-caret-up-fill ox_627fec")): Object: 'Object Repository/Employee-Onboarding/Employee_Contact_Details/Page_OrangeHRM/i_-- Select --_oxd-icon bi-caret-up-fill ox_627fec' is clicked on

27-12-2024T09:53:28 - [MESSAGE][PASSED] - Object: 'Object Repository/Employee-Onboarding/Employee_Contact_Details/Page_OrangeHRM/i_-- Select --_oxd-icon bi-caret-up-fill ox_627fec' is clicked on

27-12-2024T09:53:28 - [TEST_STEP][PASSED] - click(findTestObject("Employee-Onboarding/Employee_Salary_Detail_Objects/Page_OrangeHRM/custom_object_for_dropdown", ["value":Country])): Object: 'Object Repository/Employee-Onboarding/Employee_Salary_Detail_Objects/Page_OrangeHRM/custom_object_for_dropdown' is clicked on

27-12-2024T09:53:29 - [MESSAGE][PASSED] - Object: 'Object Repository/Employee-Onboarding/Employee_Salary_Detail_Objects/Page_OrangeHRM/custom_object_for_dropdown' is clicked on

27-12-2024T09:53:29 - [TEST_STEP][PASSED] - setText(findTestObject("Object Repository/Employee-Onboarding/Employee_Contact_Details/Page_OrangeHRM/input_Home_oxd-input oxd-input--focus"), Tel_Home): Text '940-836-8056' is set on object 'Object Repository/Employee-Onboarding/Employee_Contact_Details/Page_OrangeHRM/input_Home_oxd-input oxd-input--focus'

27-12-2024T09:53:29 - [MESSAGE][PASSED] - Text '940-836-8056' is set on object 'Object Repository/Employee-Onboarding/Employee_Contact_Details/Page_OrangeHRM/input_Home_oxd-input oxd-input--focus'

27-12-2024T09:53:29 - [TEST_STEP][PASSED] - setText(findTestObject("Object Repository/Employee-Onboarding/Employee_Contact_Details/Page_OrangeHRM/input_Mobile_oxd-input oxd-input--focus"), Tell_Mobile): Text '839-782-5694' is set on object 'Object Repository/Employee-Onboarding/Employee_Contact_Details/Page_OrangeHRM/input_Mobile_oxd-input oxd-input--focus'

27-12-2024T09:53:30 - [MESSAGE][PASSED] - Text '839-782-5694' is set on object 'Object Repository/Employee-Onboarding/Employee_Contact_Details/Page_OrangeHRM/input_Mobile_oxd-input oxd-input--focus'

27-12-2024T09:53:30 - [TEST_STEP][PASSED] - setText(findTestObject("Object Repository/Employee-Onboarding/Employee_Contact_Details/Page_OrangeHRM/input_Work_oxd-input oxd-input--focus"), Tel_Work): Text '987-654-3456' is set on object 'Object Repository/Employee-Onboarding/Employee_Contact_Details/Page_OrangeHRM/input_Work_oxd-input oxd-input--focus'

27-12-2024T09:53:30 - [MESSAGE][PASSED] - Text '987-654-3456' is set on object 'Object Repository/Employee-Onboarding/Employee_Contact_Details/Page_OrangeHRM/input_Work_oxd-input oxd-input--focus'

27-12-2024T09:53:30 - [TEST_STEP][PASSED] - setText(findTestObject("Object Repository/Employee-Onboarding/Employee_Contact_Details/Page_OrangeHRM/input_Work Email_oxd-input oxd-input--active"), Email_Work): Text 'erik.lewis@mooney-wise.com' is set on object 'Object Repository/Employee-Onboarding/Employee_Contact_Details/Page_OrangeHRM/input_Work Email_oxd-input oxd-input--active'

27-12-2024T09:53:31 - [MESSAGE][PASSED] - Text 'erik.lewis@mooney-wise.com' is set on object 'Object Repository/Employee-Onboarding/Employee_Contact_Details/Page_OrangeHRM/input_Work Email_oxd-input oxd-input--active'

27-12-2024T09:53:31 - [TEST_STEP][PASSED] - setText(findTestObject("Object Repository/Employee-Onboarding/Employee_Contact_Details/Page_OrangeHRM/input_Other Email_oxd-input oxd-input--focu_8ec2d9"), Email_Other): Text 'erik.lewis@dummyemail.com' is set on object 'Object Repository/Employee-Onboarding/Employee_Contact_Details/Page_OrangeHRM/input_Other Email_oxd-input oxd-input--focu_8ec2d9'

27-12-2024T09:53:33 - [MESSAGE][PASSED] - Text 'erik.lewis@dummyemail.com' is set on object 'Object Repository/Employee-Onboarding/Employee_Contact_Details/Page_OrangeHRM/input_Other Email_oxd-input oxd-input--focu_8ec2d9'

27-12-2024T09:53:33 - [TEST_STEP][PASSED] - click(findTestObject("Object Repository/Employee-Onboarding/Employee_Contact_Details/Page_OrangeHRM/button_Save")): Object: 'Object Repository/Employee-Onboarding/Employee_Contact_Details/Page_OrangeHRM/button_Save' is clicked on

27-12-2024T09:53:33 - [MESSAGE][PASSED] - Object: 'Object Repository/Employee-Onboarding/Employee_Contact_Details/Page_OrangeHRM/button_Save' is clicked on]]></system-out>
         <system-err><![CDATA[]]></system-err>
      </testcase>
      <testcase name="Test Cases/Employee_Onboarding/TC_Employee_Contact_Details" time="18.583" classname="Test Cases/Employee_Onboarding/TC_Employee_Contact_Details" status="PASSED">
         <system-out><![CDATA[27-12-2024T09:53:33 - [TEST_CASE][PASSED] - Test Cases/Employee_Onboarding/TC_Employee_Contact_Details: Test Cases/Employee_Onboarding/TC_Employee_Contact_Details

27-12-2024T09:53:33 - [TEST_STEP][PASSED] - click(findTestObject("Object Repository/Employee-Onboarding/Employee_Contact_Details/Page_OrangeHRM/a_PIM")): Object: 'Object Repository/Employee-Onboarding/Employee_Contact_Details/Page_OrangeHRM/a_PIM' is clicked on

27-12-2024T09:53:34 - [MESSAGE][PASSED] - Object: 'Object Repository/Employee-Onboarding/Employee_Contact_Details/Page_OrangeHRM/a_PIM' is clicked on

27-12-2024T09:53:34 - [TEST_STEP][PASSED] - setText(findTestObject("Object Repository/Employee-Onboarding/Employee_Contact_Details/Page_OrangeHRM/input"), Fullname): Text 'Vicki Michael' is set on object 'Object Repository/Employee-Onboarding/Employee_Contact_Details/Page_OrangeHRM/input'

27-12-2024T09:53:37 - [MESSAGE][PASSED] - Text 'Vicki Michael' is set on object 'Object Repository/Employee-Onboarding/Employee_Contact_Details/Page_OrangeHRM/input'

27-12-2024T09:53:37 - [TEST_STEP][PASSED] - click(findTestObject("Object Repository/Employee-Onboarding/Employee_Contact_Details/Page_OrangeHRM/button_Search")): Object: 'Object Repository/Employee-Onboarding/Employee_Contact_Details/Page_OrangeHRM/button_Search' is clicked on

27-12-2024T09:53:37 - [MESSAGE][PASSED] - Object: 'Object Repository/Employee-Onboarding/Employee_Contact_Details/Page_OrangeHRM/button_Search' is clicked on

27-12-2024T09:53:37 - [TEST_STEP][PASSED] - click(findTestObject("Object Repository/Employee-Onboarding/Employee_Contact_Details/Page_OrangeHRM/div_Actions_oxd-table-cell oxd-padding-cell")): Object: 'Object Repository/Employee-Onboarding/Employee_Contact_Details/Page_OrangeHRM/div_Actions_oxd-table-cell oxd-padding-cell' is clicked on

27-12-2024T09:53:39 - [MESSAGE][PASSED] - Object: 'Object Repository/Employee-Onboarding/Employee_Contact_Details/Page_OrangeHRM/div_Actions_oxd-table-cell oxd-padding-cell' is clicked on

27-12-2024T09:53:39 - [TEST_STEP][PASSED] - click(findTestObject("Object Repository/Employee-Onboarding/Employee_Contact_Details/Page_OrangeHRM/a_Contact Details")): Object: 'Object Repository/Employee-Onboarding/Employee_Contact_Details/Page_OrangeHRM/a_Contact Details' is clicked on

27-12-2024T09:53:42 - [MESSAGE][PASSED] - Object: 'Object Repository/Employee-Onboarding/Employee_Contact_Details/Page_OrangeHRM/a_Contact Details' is clicked on

27-12-2024T09:53:42 - [TEST_STEP][PASSED] - setText(findTestObject("Object Repository/Employee-Onboarding/Employee_Contact_Details/Page_OrangeHRM/input_Street 1_oxd-input oxd-input--focus"), Street1): Text '136 Marcus River Apt. 270' is set on object 'Object Repository/Employee-Onboarding/Employee_Contact_Details/Page_OrangeHRM/input_Street 1_oxd-input oxd-input--focus'

27-12-2024T09:53:45 - [MESSAGE][PASSED] - Text '136 Marcus River Apt. 270' is set on object 'Object Repository/Employee-Onboarding/Employee_Contact_Details/Page_OrangeHRM/input_Street 1_oxd-input oxd-input--focus'

27-12-2024T09:53:45 - [TEST_STEP][PASSED] - setText(findTestObject("Object Repository/Employee-Onboarding/Employee_Contact_Details/Page_OrangeHRM/input_Street 2_oxd-input oxd-input--active"), Street2): Text 'Apt. 428' is set on object 'Object Repository/Employee-Onboarding/Employee_Contact_Details/Page_OrangeHRM/input_Street 2_oxd-input oxd-input--active'

27-12-2024T09:53:45 - [MESSAGE][PASSED] - Text 'Apt. 428' is set on object 'Object Repository/Employee-Onboarding/Employee_Contact_Details/Page_OrangeHRM/input_Street 2_oxd-input oxd-input--active'

27-12-2024T09:53:45 - [TEST_STEP][PASSED] - setText(findTestObject("Object Repository/Employee-Onboarding/Employee_Contact_Details/Page_OrangeHRM/input_City_oxd-input oxd-input--active"), City): Text 'South Michael' is set on object 'Object Repository/Employee-Onboarding/Employee_Contact_Details/Page_OrangeHRM/input_City_oxd-input oxd-input--active'

27-12-2024T09:53:46 - [MESSAGE][PASSED] - Text 'South Michael' is set on object 'Object Repository/Employee-Onboarding/Employee_Contact_Details/Page_OrangeHRM/input_City_oxd-input oxd-input--active'

27-12-2024T09:53:46 - [TEST_STEP][PASSED] - setText(findTestObject("Object Repository/Employee-Onboarding/Employee_Contact_Details/Page_OrangeHRM/input_StateProvince_oxd-input oxd-input--active"), State): Text 'Virginia' is set on object 'Object Repository/Employee-Onboarding/Employee_Contact_Details/Page_OrangeHRM/input_StateProvince_oxd-input oxd-input--active'

27-12-2024T09:53:46 - [MESSAGE][PASSED] - Text 'Virginia' is set on object 'Object Repository/Employee-Onboarding/Employee_Contact_Details/Page_OrangeHRM/input_StateProvince_oxd-input oxd-input--active'

27-12-2024T09:53:46 - [TEST_STEP][PASSED] - setText(findTestObject("Object Repository/Employee-Onboarding/Employee_Contact_Details/Page_OrangeHRM/input_ZipPostal Code_oxd-input oxd-input--active"), ZipCode): Text '42341' is set on object 'Object Repository/Employee-Onboarding/Employee_Contact_Details/Page_OrangeHRM/input_ZipPostal Code_oxd-input oxd-input--active'

27-12-2024T09:53:47 - [MESSAGE][PASSED] - Text '42341' is set on object 'Object Repository/Employee-Onboarding/Employee_Contact_Details/Page_OrangeHRM/input_ZipPostal Code_oxd-input oxd-input--active'

27-12-2024T09:53:47 - [TEST_STEP][PASSED] - click(findTestObject("Object Repository/Employee-Onboarding/Employee_Contact_Details/Page_OrangeHRM/i_-- Select --_oxd-icon bi-caret-up-fill ox_627fec")): Object: 'Object Repository/Employee-Onboarding/Employee_Contact_Details/Page_OrangeHRM/i_-- Select --_oxd-icon bi-caret-up-fill ox_627fec' is clicked on

27-12-2024T09:53:47 - [MESSAGE][PASSED] - Object: 'Object Repository/Employee-Onboarding/Employee_Contact_Details/Page_OrangeHRM/i_-- Select --_oxd-icon bi-caret-up-fill ox_627fec' is clicked on

27-12-2024T09:53:47 - [TEST_STEP][PASSED] - click(findTestObject("Employee-Onboarding/Employee_Salary_Detail_Objects/Page_OrangeHRM/custom_object_for_dropdown", ["value":Country])): Object: 'Object Repository/Employee-Onboarding/Employee_Salary_Detail_Objects/Page_OrangeHRM/custom_object_for_dropdown' is clicked on

27-12-2024T09:53:47 - [MESSAGE][PASSED] - Object: 'Object Repository/Employee-Onboarding/Employee_Salary_Detail_Objects/Page_OrangeHRM/custom_object_for_dropdown' is clicked on

27-12-2024T09:53:47 - [TEST_STEP][PASSED] - setText(findTestObject("Object Repository/Employee-Onboarding/Employee_Contact_Details/Page_OrangeHRM/input_Home_oxd-input oxd-input--focus"), Tel_Home): Text '(931)851-2215' is set on object 'Object Repository/Employee-Onboarding/Employee_Contact_Details/Page_OrangeHRM/input_Home_oxd-input oxd-input--focus'

27-12-2024T09:53:48 - [MESSAGE][PASSED] - Text '(931)851-2215' is set on object 'Object Repository/Employee-Onboarding/Employee_Contact_Details/Page_OrangeHRM/input_Home_oxd-input oxd-input--focus'

27-12-2024T09:53:48 - [TEST_STEP][PASSED] - setText(findTestObject("Object Repository/Employee-Onboarding/Employee_Contact_Details/Page_OrangeHRM/input_Mobile_oxd-input oxd-input--focus"), Tell_Mobile): Text '270-546-8712' is set on object 'Object Repository/Employee-Onboarding/Employee_Contact_Details/Page_OrangeHRM/input_Mobile_oxd-input oxd-input--focus'

27-12-2024T09:53:48 - [MESSAGE][PASSED] - Text '270-546-8712' is set on object 'Object Repository/Employee-Onboarding/Employee_Contact_Details/Page_OrangeHRM/input_Mobile_oxd-input oxd-input--focus'

27-12-2024T09:53:48 - [TEST_STEP][PASSED] - setText(findTestObject("Object Repository/Employee-Onboarding/Employee_Contact_Details/Page_OrangeHRM/input_Work_oxd-input oxd-input--focus"), Tel_Work): Text '452-678-1290' is set on object 'Object Repository/Employee-Onboarding/Employee_Contact_Details/Page_OrangeHRM/input_Work_oxd-input oxd-input--focus'

27-12-2024T09:53:49 - [MESSAGE][PASSED] - Text '452-678-1290' is set on object 'Object Repository/Employee-Onboarding/Employee_Contact_Details/Page_OrangeHRM/input_Work_oxd-input oxd-input--focus'

27-12-2024T09:53:49 - [TEST_STEP][PASSED] - setText(findTestObject("Object Repository/Employee-Onboarding/Employee_Contact_Details/Page_OrangeHRM/input_Work Email_oxd-input oxd-input--active"), Email_Work): Text 'vicki.michael@mills.net' is set on object 'Object Repository/Employee-Onboarding/Employee_Contact_Details/Page_OrangeHRM/input_Work Email_oxd-input oxd-input--active'

27-12-2024T09:53:49 - [MESSAGE][PASSED] - Text 'vicki.michael@mills.net' is set on object 'Object Repository/Employee-Onboarding/Employee_Contact_Details/Page_OrangeHRM/input_Work Email_oxd-input oxd-input--active'

27-12-2024T09:53:49 - [TEST_STEP][PASSED] - setText(findTestObject("Object Repository/Employee-Onboarding/Employee_Contact_Details/Page_OrangeHRM/input_Other Email_oxd-input oxd-input--focu_8ec2d9"), Email_Other): Text 'vicki.michael@dummyemail.com' is set on object 'Object Repository/Employee-Onboarding/Employee_Contact_Details/Page_OrangeHRM/input_Other Email_oxd-input oxd-input--focu_8ec2d9'

27-12-2024T09:53:51 - [MESSAGE][PASSED] - Text 'vicki.michael@dummyemail.com' is set on object 'Object Repository/Employee-Onboarding/Employee_Contact_Details/Page_OrangeHRM/input_Other Email_oxd-input oxd-input--focu_8ec2d9'

27-12-2024T09:53:51 - [TEST_STEP][PASSED] - click(findTestObject("Object Repository/Employee-Onboarding/Employee_Contact_Details/Page_OrangeHRM/button_Save")): Object: 'Object Repository/Employee-Onboarding/Employee_Contact_Details/Page_OrangeHRM/button_Save' is clicked on

27-12-2024T09:53:52 - [MESSAGE][PASSED] - Object: 'Object Repository/Employee-Onboarding/Employee_Contact_Details/Page_OrangeHRM/button_Save' is clicked on]]></system-out>
         <system-err><![CDATA[]]></system-err>
      </testcase>
      <testcase name="Test Cases/Employee_Onboarding/TC_Employee_Contact_Details" time="19.118" classname="Test Cases/Employee_Onboarding/TC_Employee_Contact_Details" status="PASSED">
         <system-out><![CDATA[27-12-2024T09:53:52 - [TEST_CASE][PASSED] - Test Cases/Employee_Onboarding/TC_Employee_Contact_Details: Test Cases/Employee_Onboarding/TC_Employee_Contact_Details

27-12-2024T09:53:52 - [TEST_STEP][PASSED] - click(findTestObject("Object Repository/Employee-Onboarding/Employee_Contact_Details/Page_OrangeHRM/a_PIM")): Object: 'Object Repository/Employee-Onboarding/Employee_Contact_Details/Page_OrangeHRM/a_PIM' is clicked on

27-12-2024T09:53:53 - [MESSAGE][PASSED] - Object: 'Object Repository/Employee-Onboarding/Employee_Contact_Details/Page_OrangeHRM/a_PIM' is clicked on

27-12-2024T09:53:53 - [TEST_STEP][PASSED] - setText(findTestObject("Object Repository/Employee-Onboarding/Employee_Contact_Details/Page_OrangeHRM/input"), Fullname): Text 'Laura Carter' is set on object 'Object Repository/Employee-Onboarding/Employee_Contact_Details/Page_OrangeHRM/input'

27-12-2024T09:53:55 - [MESSAGE][PASSED] - Text 'Laura Carter' is set on object 'Object Repository/Employee-Onboarding/Employee_Contact_Details/Page_OrangeHRM/input'

27-12-2024T09:53:55 - [TEST_STEP][PASSED] - click(findTestObject("Object Repository/Employee-Onboarding/Employee_Contact_Details/Page_OrangeHRM/button_Search")): Object: 'Object Repository/Employee-Onboarding/Employee_Contact_Details/Page_OrangeHRM/button_Search' is clicked on

27-12-2024T09:53:56 - [MESSAGE][PASSED] - Object: 'Object Repository/Employee-Onboarding/Employee_Contact_Details/Page_OrangeHRM/button_Search' is clicked on

27-12-2024T09:53:56 - [TEST_STEP][PASSED] - click(findTestObject("Object Repository/Employee-Onboarding/Employee_Contact_Details/Page_OrangeHRM/div_Actions_oxd-table-cell oxd-padding-cell")): Object: 'Object Repository/Employee-Onboarding/Employee_Contact_Details/Page_OrangeHRM/div_Actions_oxd-table-cell oxd-padding-cell' is clicked on

27-12-2024T09:53:58 - [MESSAGE][PASSED] - Object: 'Object Repository/Employee-Onboarding/Employee_Contact_Details/Page_OrangeHRM/div_Actions_oxd-table-cell oxd-padding-cell' is clicked on

27-12-2024T09:53:58 - [TEST_STEP][PASSED] - click(findTestObject("Object Repository/Employee-Onboarding/Employee_Contact_Details/Page_OrangeHRM/a_Contact Details")): Object: 'Object Repository/Employee-Onboarding/Employee_Contact_Details/Page_OrangeHRM/a_Contact Details' is clicked on

27-12-2024T09:54:01 - [MESSAGE][PASSED] - Object: 'Object Repository/Employee-Onboarding/Employee_Contact_Details/Page_OrangeHRM/a_Contact Details' is clicked on

27-12-2024T09:54:01 - [TEST_STEP][PASSED] - setText(findTestObject("Object Repository/Employee-Onboarding/Employee_Contact_Details/Page_OrangeHRM/input_Street 1_oxd-input oxd-input--focus"), Street1): Text '997 Andrew Cove' is set on object 'Object Repository/Employee-Onboarding/Employee_Contact_Details/Page_OrangeHRM/input_Street 1_oxd-input oxd-input--focus'

27-12-2024T09:54:03 - [MESSAGE][PASSED] - Text '997 Andrew Cove' is set on object 'Object Repository/Employee-Onboarding/Employee_Contact_Details/Page_OrangeHRM/input_Street 1_oxd-input oxd-input--focus'

27-12-2024T09:54:03 - [TEST_STEP][PASSED] - setText(findTestObject("Object Repository/Employee-Onboarding/Employee_Contact_Details/Page_OrangeHRM/input_Street 2_oxd-input oxd-input--active"), Street2): Text 'Apt. 514' is set on object 'Object Repository/Employee-Onboarding/Employee_Contact_Details/Page_OrangeHRM/input_Street 2_oxd-input oxd-input--active'

27-12-2024T09:54:04 - [MESSAGE][PASSED] - Text 'Apt. 514' is set on object 'Object Repository/Employee-Onboarding/Employee_Contact_Details/Page_OrangeHRM/input_Street 2_oxd-input oxd-input--active'

27-12-2024T09:54:04 - [TEST_STEP][PASSED] - setText(findTestObject("Object Repository/Employee-Onboarding/Employee_Contact_Details/Page_OrangeHRM/input_City_oxd-input oxd-input--active"), City): Text 'West Tracyside' is set on object 'Object Repository/Employee-Onboarding/Employee_Contact_Details/Page_OrangeHRM/input_City_oxd-input oxd-input--active'

27-12-2024T09:54:04 - [MESSAGE][PASSED] - Text 'West Tracyside' is set on object 'Object Repository/Employee-Onboarding/Employee_Contact_Details/Page_OrangeHRM/input_City_oxd-input oxd-input--active'

27-12-2024T09:54:04 - [TEST_STEP][PASSED] - setText(findTestObject("Object Repository/Employee-Onboarding/Employee_Contact_Details/Page_OrangeHRM/input_StateProvince_oxd-input oxd-input--active"), State): Text 'Ohio' is set on object 'Object Repository/Employee-Onboarding/Employee_Contact_Details/Page_OrangeHRM/input_StateProvince_oxd-input oxd-input--active'

27-12-2024T09:54:05 - [MESSAGE][PASSED] - Text 'Ohio' is set on object 'Object Repository/Employee-Onboarding/Employee_Contact_Details/Page_OrangeHRM/input_StateProvince_oxd-input oxd-input--active'

27-12-2024T09:54:05 - [TEST_STEP][PASSED] - setText(findTestObject("Object Repository/Employee-Onboarding/Employee_Contact_Details/Page_OrangeHRM/input_ZipPostal Code_oxd-input oxd-input--active"), ZipCode): Text '39548' is set on object 'Object Repository/Employee-Onboarding/Employee_Contact_Details/Page_OrangeHRM/input_ZipPostal Code_oxd-input oxd-input--active'

27-12-2024T09:54:05 - [MESSAGE][PASSED] - Text '39548' is set on object 'Object Repository/Employee-Onboarding/Employee_Contact_Details/Page_OrangeHRM/input_ZipPostal Code_oxd-input oxd-input--active'

27-12-2024T09:54:05 - [TEST_STEP][PASSED] - click(findTestObject("Object Repository/Employee-Onboarding/Employee_Contact_Details/Page_OrangeHRM/i_-- Select --_oxd-icon bi-caret-up-fill ox_627fec")): Object: 'Object Repository/Employee-Onboarding/Employee_Contact_Details/Page_OrangeHRM/i_-- Select --_oxd-icon bi-caret-up-fill ox_627fec' is clicked on

27-12-2024T09:54:06 - [MESSAGE][PASSED] - Object: 'Object Repository/Employee-Onboarding/Employee_Contact_Details/Page_OrangeHRM/i_-- Select --_oxd-icon bi-caret-up-fill ox_627fec' is clicked on

27-12-2024T09:54:06 - [TEST_STEP][PASSED] - click(findTestObject("Employee-Onboarding/Employee_Salary_Detail_Objects/Page_OrangeHRM/custom_object_for_dropdown", ["value":Country])): Object: 'Object Repository/Employee-Onboarding/Employee_Salary_Detail_Objects/Page_OrangeHRM/custom_object_for_dropdown' is clicked on

27-12-2024T09:54:06 - [MESSAGE][PASSED] - Object: 'Object Repository/Employee-Onboarding/Employee_Salary_Detail_Objects/Page_OrangeHRM/custom_object_for_dropdown' is clicked on

27-12-2024T09:54:06 - [TEST_STEP][PASSED] - setText(findTestObject("Object Repository/Employee-Onboarding/Employee_Contact_Details/Page_OrangeHRM/input_Home_oxd-input oxd-input--focus"), Tel_Home): Text '(220)498-3826' is set on object 'Object Repository/Employee-Onboarding/Employee_Contact_Details/Page_OrangeHRM/input_Home_oxd-input oxd-input--focus'

27-12-2024T09:54:07 - [MESSAGE][PASSED] - Text '(220)498-3826' is set on object 'Object Repository/Employee-Onboarding/Employee_Contact_Details/Page_OrangeHRM/input_Home_oxd-input oxd-input--focus'

27-12-2024T09:54:07 - [TEST_STEP][PASSED] - setText(findTestObject("Object Repository/Employee-Onboarding/Employee_Contact_Details/Page_OrangeHRM/input_Mobile_oxd-input oxd-input--focus"), Tell_Mobile): Text '209-856-1932' is set on object 'Object Repository/Employee-Onboarding/Employee_Contact_Details/Page_OrangeHRM/input_Mobile_oxd-input oxd-input--focus'

27-12-2024T09:54:07 - [MESSAGE][PASSED] - Text '209-856-1932' is set on object 'Object Repository/Employee-Onboarding/Employee_Contact_Details/Page_OrangeHRM/input_Mobile_oxd-input oxd-input--focus'

27-12-2024T09:54:07 - [TEST_STEP][PASSED] - setText(findTestObject("Object Repository/Employee-Onboarding/Employee_Contact_Details/Page_OrangeHRM/input_Work_oxd-input oxd-input--focus"), Tel_Work): Text '298-678-5123' is set on object 'Object Repository/Employee-Onboarding/Employee_Contact_Details/Page_OrangeHRM/input_Work_oxd-input oxd-input--focus'

27-12-2024T09:54:08 - [MESSAGE][PASSED] - Text '298-678-5123' is set on object 'Object Repository/Employee-Onboarding/Employee_Contact_Details/Page_OrangeHRM/input_Work_oxd-input oxd-input--focus'

27-12-2024T09:54:08 - [TEST_STEP][PASSED] - setText(findTestObject("Object Repository/Employee-Onboarding/Employee_Contact_Details/Page_OrangeHRM/input_Work Email_oxd-input oxd-input--active"), Email_Work): Text 'laura.carter@jones.biz' is set on object 'Object Repository/Employee-Onboarding/Employee_Contact_Details/Page_OrangeHRM/input_Work Email_oxd-input oxd-input--active'

27-12-2024T09:54:08 - [MESSAGE][PASSED] - Text 'laura.carter@jones.biz' is set on object 'Object Repository/Employee-Onboarding/Employee_Contact_Details/Page_OrangeHRM/input_Work Email_oxd-input oxd-input--active'

27-12-2024T09:54:08 - [TEST_STEP][PASSED] - setText(findTestObject("Object Repository/Employee-Onboarding/Employee_Contact_Details/Page_OrangeHRM/input_Other Email_oxd-input oxd-input--focu_8ec2d9"), Email_Other): Text 'laura.carter@dummyemail.com' is set on object 'Object Repository/Employee-Onboarding/Employee_Contact_Details/Page_OrangeHRM/input_Other Email_oxd-input oxd-input--focu_8ec2d9'

27-12-2024T09:54:10 - [MESSAGE][PASSED] - Text 'laura.carter@dummyemail.com' is set on object 'Object Repository/Employee-Onboarding/Employee_Contact_Details/Page_OrangeHRM/input_Other Email_oxd-input oxd-input--focu_8ec2d9'

27-12-2024T09:54:10 - [TEST_STEP][PASSED] - click(findTestObject("Object Repository/Employee-Onboarding/Employee_Contact_Details/Page_OrangeHRM/button_Save")): Object: 'Object Repository/Employee-Onboarding/Employee_Contact_Details/Page_OrangeHRM/button_Save' is clicked on

27-12-2024T09:54:11 - [MESSAGE][PASSED] - Object: 'Object Repository/Employee-Onboarding/Employee_Contact_Details/Page_OrangeHRM/button_Save' is clicked on]]></system-out>
         <system-err><![CDATA[]]></system-err>
      </testcase>
      <testcase name="Test Cases/Employee_Onboarding/TC_Employee_Contact_Details" time="18.739" classname="Test Cases/Employee_Onboarding/TC_Employee_Contact_Details" status="PASSED">
         <system-out><![CDATA[27-12-2024T09:54:11 - [TEST_CASE][PASSED] - Test Cases/Employee_Onboarding/TC_Employee_Contact_Details: Test Cases/Employee_Onboarding/TC_Employee_Contact_Details

27-12-2024T09:54:11 - [TEST_STEP][PASSED] - click(findTestObject("Object Repository/Employee-Onboarding/Employee_Contact_Details/Page_OrangeHRM/a_PIM")): Object: 'Object Repository/Employee-Onboarding/Employee_Contact_Details/Page_OrangeHRM/a_PIM' is clicked on

27-12-2024T09:54:12 - [MESSAGE][PASSED] - Object: 'Object Repository/Employee-Onboarding/Employee_Contact_Details/Page_OrangeHRM/a_PIM' is clicked on

27-12-2024T09:54:12 - [TEST_STEP][PASSED] - setText(findTestObject("Object Repository/Employee-Onboarding/Employee_Contact_Details/Page_OrangeHRM/input"), Fullname): Text 'Nathaniel Douglas' is set on object 'Object Repository/Employee-Onboarding/Employee_Contact_Details/Page_OrangeHRM/input'

27-12-2024T09:54:15 - [MESSAGE][PASSED] - Text 'Nathaniel Douglas' is set on object 'Object Repository/Employee-Onboarding/Employee_Contact_Details/Page_OrangeHRM/input'

27-12-2024T09:54:15 - [TEST_STEP][PASSED] - click(findTestObject("Object Repository/Employee-Onboarding/Employee_Contact_Details/Page_OrangeHRM/button_Search")): Object: 'Object Repository/Employee-Onboarding/Employee_Contact_Details/Page_OrangeHRM/button_Search' is clicked on

27-12-2024T09:54:15 - [MESSAGE][PASSED] - Object: 'Object Repository/Employee-Onboarding/Employee_Contact_Details/Page_OrangeHRM/button_Search' is clicked on

27-12-2024T09:54:15 - [TEST_STEP][PASSED] - click(findTestObject("Object Repository/Employee-Onboarding/Employee_Contact_Details/Page_OrangeHRM/div_Actions_oxd-table-cell oxd-padding-cell")): Object: 'Object Repository/Employee-Onboarding/Employee_Contact_Details/Page_OrangeHRM/div_Actions_oxd-table-cell oxd-padding-cell' is clicked on

27-12-2024T09:54:17 - [MESSAGE][PASSED] - Object: 'Object Repository/Employee-Onboarding/Employee_Contact_Details/Page_OrangeHRM/div_Actions_oxd-table-cell oxd-padding-cell' is clicked on

27-12-2024T09:54:17 - [TEST_STEP][PASSED] - click(findTestObject("Object Repository/Employee-Onboarding/Employee_Contact_Details/Page_OrangeHRM/a_Contact Details")): Object: 'Object Repository/Employee-Onboarding/Employee_Contact_Details/Page_OrangeHRM/a_Contact Details' is clicked on

27-12-2024T09:54:20 - [MESSAGE][PASSED] - Object: 'Object Repository/Employee-Onboarding/Employee_Contact_Details/Page_OrangeHRM/a_Contact Details' is clicked on

27-12-2024T09:54:20 - [TEST_STEP][PASSED] - setText(findTestObject("Object Repository/Employee-Onboarding/Employee_Contact_Details/Page_OrangeHRM/input_Street 1_oxd-input oxd-input--focus"), Street1): Text '29215 Smith Creek' is set on object 'Object Repository/Employee-Onboarding/Employee_Contact_Details/Page_OrangeHRM/input_Street 1_oxd-input oxd-input--focus'

27-12-2024T09:54:22 - [MESSAGE][PASSED] - Text '29215 Smith Creek' is set on object 'Object Repository/Employee-Onboarding/Employee_Contact_Details/Page_OrangeHRM/input_Street 1_oxd-input oxd-input--focus'

27-12-2024T09:54:22 - [TEST_STEP][PASSED] - setText(findTestObject("Object Repository/Employee-Onboarding/Employee_Contact_Details/Page_OrangeHRM/input_Street 2_oxd-input oxd-input--active"), Street2): Text 'Apt. 363' is set on object 'Object Repository/Employee-Onboarding/Employee_Contact_Details/Page_OrangeHRM/input_Street 2_oxd-input oxd-input--active'

27-12-2024T09:54:23 - [MESSAGE][PASSED] - Text 'Apt. 363' is set on object 'Object Repository/Employee-Onboarding/Employee_Contact_Details/Page_OrangeHRM/input_Street 2_oxd-input oxd-input--active'

27-12-2024T09:54:23 - [TEST_STEP][PASSED] - setText(findTestObject("Object Repository/Employee-Onboarding/Employee_Contact_Details/Page_OrangeHRM/input_City_oxd-input oxd-input--active"), City): Text 'Flemingfort' is set on object 'Object Repository/Employee-Onboarding/Employee_Contact_Details/Page_OrangeHRM/input_City_oxd-input oxd-input--active'

27-12-2024T09:54:23 - [MESSAGE][PASSED] - Text 'Flemingfort' is set on object 'Object Repository/Employee-Onboarding/Employee_Contact_Details/Page_OrangeHRM/input_City_oxd-input oxd-input--active'

27-12-2024T09:54:23 - [TEST_STEP][PASSED] - setText(findTestObject("Object Repository/Employee-Onboarding/Employee_Contact_Details/Page_OrangeHRM/input_StateProvince_oxd-input oxd-input--active"), State): Text 'West Virginia' is set on object 'Object Repository/Employee-Onboarding/Employee_Contact_Details/Page_OrangeHRM/input_StateProvince_oxd-input oxd-input--active'

27-12-2024T09:54:24 - [MESSAGE][PASSED] - Text 'West Virginia' is set on object 'Object Repository/Employee-Onboarding/Employee_Contact_Details/Page_OrangeHRM/input_StateProvince_oxd-input oxd-input--active'

27-12-2024T09:54:24 - [TEST_STEP][PASSED] - setText(findTestObject("Object Repository/Employee-Onboarding/Employee_Contact_Details/Page_OrangeHRM/input_ZipPostal Code_oxd-input oxd-input--active"), ZipCode): Text '15486' is set on object 'Object Repository/Employee-Onboarding/Employee_Contact_Details/Page_OrangeHRM/input_ZipPostal Code_oxd-input oxd-input--active'

27-12-2024T09:54:24 - [MESSAGE][PASSED] - Text '15486' is set on object 'Object Repository/Employee-Onboarding/Employee_Contact_Details/Page_OrangeHRM/input_ZipPostal Code_oxd-input oxd-input--active'

27-12-2024T09:54:24 - [TEST_STEP][PASSED] - click(findTestObject("Object Repository/Employee-Onboarding/Employee_Contact_Details/Page_OrangeHRM/i_-- Select --_oxd-icon bi-caret-up-fill ox_627fec")): Object: 'Object Repository/Employee-Onboarding/Employee_Contact_Details/Page_OrangeHRM/i_-- Select --_oxd-icon bi-caret-up-fill ox_627fec' is clicked on

27-12-2024T09:54:25 - [MESSAGE][PASSED] - Object: 'Object Repository/Employee-Onboarding/Employee_Contact_Details/Page_OrangeHRM/i_-- Select --_oxd-icon bi-caret-up-fill ox_627fec' is clicked on

27-12-2024T09:54:25 - [TEST_STEP][PASSED] - click(findTestObject("Employee-Onboarding/Employee_Salary_Detail_Objects/Page_OrangeHRM/custom_object_for_dropdown", ["value":Country])): Object: 'Object Repository/Employee-Onboarding/Employee_Salary_Detail_Objects/Page_OrangeHRM/custom_object_for_dropdown' is clicked on

27-12-2024T09:54:25 - [MESSAGE][PASSED] - Object: 'Object Repository/Employee-Onboarding/Employee_Salary_Detail_Objects/Page_OrangeHRM/custom_object_for_dropdown' is clicked on

27-12-2024T09:54:25 - [TEST_STEP][PASSED] - setText(findTestObject("Object Repository/Employee-Onboarding/Employee_Contact_Details/Page_OrangeHRM/input_Home_oxd-input oxd-input--focus"), Tel_Home): Text '940-836-8056' is set on object 'Object Repository/Employee-Onboarding/Employee_Contact_Details/Page_OrangeHRM/input_Home_oxd-input oxd-input--focus'

27-12-2024T09:54:26 - [MESSAGE][PASSED] - Text '940-836-8056' is set on object 'Object Repository/Employee-Onboarding/Employee_Contact_Details/Page_OrangeHRM/input_Home_oxd-input oxd-input--focus'

27-12-2024T09:54:26 - [TEST_STEP][PASSED] - setText(findTestObject("Object Repository/Employee-Onboarding/Employee_Contact_Details/Page_OrangeHRM/input_Mobile_oxd-input oxd-input--focus"), Tell_Mobile): Text '503-276-9087' is set on object 'Object Repository/Employee-Onboarding/Employee_Contact_Details/Page_OrangeHRM/input_Mobile_oxd-input oxd-input--focus'

27-12-2024T09:54:26 - [MESSAGE][PASSED] - Text '503-276-9087' is set on object 'Object Repository/Employee-Onboarding/Employee_Contact_Details/Page_OrangeHRM/input_Mobile_oxd-input oxd-input--focus'

27-12-2024T09:54:26 - [TEST_STEP][PASSED] - setText(findTestObject("Object Repository/Employee-Onboarding/Employee_Contact_Details/Page_OrangeHRM/input_Work_oxd-input oxd-input--focus"), Tel_Work): Text '310-653-2839' is set on object 'Object Repository/Employee-Onboarding/Employee_Contact_Details/Page_OrangeHRM/input_Work_oxd-input oxd-input--focus'

27-12-2024T09:54:27 - [MESSAGE][PASSED] - Text '310-653-2839' is set on object 'Object Repository/Employee-Onboarding/Employee_Contact_Details/Page_OrangeHRM/input_Work_oxd-input oxd-input--focus'

27-12-2024T09:54:27 - [TEST_STEP][PASSED] - setText(findTestObject("Object Repository/Employee-Onboarding/Employee_Contact_Details/Page_OrangeHRM/input_Work Email_oxd-input oxd-input--active"), Email_Work): Text 'nathaniel.douglas@daniels.com' is set on object 'Object Repository/Employee-Onboarding/Employee_Contact_Details/Page_OrangeHRM/input_Work Email_oxd-input oxd-input--active'

27-12-2024T09:54:27 - [MESSAGE][PASSED] - Text 'nathaniel.douglas@daniels.com' is set on object 'Object Repository/Employee-Onboarding/Employee_Contact_Details/Page_OrangeHRM/input_Work Email_oxd-input oxd-input--active'

27-12-2024T09:54:27 - [TEST_STEP][PASSED] - setText(findTestObject("Object Repository/Employee-Onboarding/Employee_Contact_Details/Page_OrangeHRM/input_Other Email_oxd-input oxd-input--focu_8ec2d9"), Email_Other): Text 'nathaniel.douglas@dummyemail.com' is set on object 'Object Repository/Employee-Onboarding/Employee_Contact_Details/Page_OrangeHRM/input_Other Email_oxd-input oxd-input--focu_8ec2d9'

27-12-2024T09:54:29 - [MESSAGE][PASSED] - Text 'nathaniel.douglas@dummyemail.com' is set on object 'Object Repository/Employee-Onboarding/Employee_Contact_Details/Page_OrangeHRM/input_Other Email_oxd-input oxd-input--focu_8ec2d9'

27-12-2024T09:54:29 - [TEST_STEP][PASSED] - click(findTestObject("Object Repository/Employee-Onboarding/Employee_Contact_Details/Page_OrangeHRM/button_Save")): Object: 'Object Repository/Employee-Onboarding/Employee_Contact_Details/Page_OrangeHRM/button_Save' is clicked on

27-12-2024T09:54:30 - [MESSAGE][PASSED] - Object: 'Object Repository/Employee-Onboarding/Employee_Contact_Details/Page_OrangeHRM/button_Save' is clicked on]]></system-out>
         <system-err><![CDATA[]]></system-err>
      </testcase>
      <testcase name="Test Cases/Employee_Onboarding/TC_Employee_Contact_Details" time="19.273" classname="Test Cases/Employee_Onboarding/TC_Employee_Contact_Details" status="PASSED">
         <system-out><![CDATA[27-12-2024T09:54:30 - [TEST_CASE][PASSED] - Test Cases/Employee_Onboarding/TC_Employee_Contact_Details: Test Cases/Employee_Onboarding/TC_Employee_Contact_Details

27-12-2024T09:54:30 - [TEST_STEP][PASSED] - click(findTestObject("Object Repository/Employee-Onboarding/Employee_Contact_Details/Page_OrangeHRM/a_PIM")): Object: 'Object Repository/Employee-Onboarding/Employee_Contact_Details/Page_OrangeHRM/a_PIM' is clicked on

27-12-2024T09:54:31 - [MESSAGE][PASSED] - Object: 'Object Repository/Employee-Onboarding/Employee_Contact_Details/Page_OrangeHRM/a_PIM' is clicked on

27-12-2024T09:54:31 - [TEST_STEP][PASSED] - setText(findTestObject("Object Repository/Employee-Onboarding/Employee_Contact_Details/Page_OrangeHRM/input"), Fullname): Text 'Tyler Bailey' is set on object 'Object Repository/Employee-Onboarding/Employee_Contact_Details/Page_OrangeHRM/input'

27-12-2024T09:54:33 - [MESSAGE][PASSED] - Text 'Tyler Bailey' is set on object 'Object Repository/Employee-Onboarding/Employee_Contact_Details/Page_OrangeHRM/input'

27-12-2024T09:54:33 - [TEST_STEP][PASSED] - click(findTestObject("Object Repository/Employee-Onboarding/Employee_Contact_Details/Page_OrangeHRM/button_Search")): Object: 'Object Repository/Employee-Onboarding/Employee_Contact_Details/Page_OrangeHRM/button_Search' is clicked on

27-12-2024T09:54:34 - [MESSAGE][PASSED] - Object: 'Object Repository/Employee-Onboarding/Employee_Contact_Details/Page_OrangeHRM/button_Search' is clicked on

27-12-2024T09:54:34 - [TEST_STEP][PASSED] - click(findTestObject("Object Repository/Employee-Onboarding/Employee_Contact_Details/Page_OrangeHRM/div_Actions_oxd-table-cell oxd-padding-cell")): Object: 'Object Repository/Employee-Onboarding/Employee_Contact_Details/Page_OrangeHRM/div_Actions_oxd-table-cell oxd-padding-cell' is clicked on

27-12-2024T09:54:36 - [MESSAGE][PASSED] - Object: 'Object Repository/Employee-Onboarding/Employee_Contact_Details/Page_OrangeHRM/div_Actions_oxd-table-cell oxd-padding-cell' is clicked on

27-12-2024T09:54:36 - [TEST_STEP][PASSED] - click(findTestObject("Object Repository/Employee-Onboarding/Employee_Contact_Details/Page_OrangeHRM/a_Contact Details")): Object: 'Object Repository/Employee-Onboarding/Employee_Contact_Details/Page_OrangeHRM/a_Contact Details' is clicked on

27-12-2024T09:54:40 - [MESSAGE][PASSED] - Object: 'Object Repository/Employee-Onboarding/Employee_Contact_Details/Page_OrangeHRM/a_Contact Details' is clicked on

27-12-2024T09:54:40 - [TEST_STEP][PASSED] - setText(findTestObject("Object Repository/Employee-Onboarding/Employee_Contact_Details/Page_OrangeHRM/input_Street 1_oxd-input oxd-input--focus"), Street1): Text '9762 Diana Hill' is set on object 'Object Repository/Employee-Onboarding/Employee_Contact_Details/Page_OrangeHRM/input_Street 1_oxd-input oxd-input--focus'

27-12-2024T09:54:42 - [MESSAGE][PASSED] - Text '9762 Diana Hill' is set on object 'Object Repository/Employee-Onboarding/Employee_Contact_Details/Page_OrangeHRM/input_Street 1_oxd-input oxd-input--focus'

27-12-2024T09:54:42 - [TEST_STEP][PASSED] - setText(findTestObject("Object Repository/Employee-Onboarding/Employee_Contact_Details/Page_OrangeHRM/input_Street 2_oxd-input oxd-input--active"), Street2): Text 'Suite 764' is set on object 'Object Repository/Employee-Onboarding/Employee_Contact_Details/Page_OrangeHRM/input_Street 2_oxd-input oxd-input--active'

27-12-2024T09:54:42 - [MESSAGE][PASSED] - Text 'Suite 764' is set on object 'Object Repository/Employee-Onboarding/Employee_Contact_Details/Page_OrangeHRM/input_Street 2_oxd-input oxd-input--active'

27-12-2024T09:54:42 - [TEST_STEP][PASSED] - setText(findTestObject("Object Repository/Employee-Onboarding/Employee_Contact_Details/Page_OrangeHRM/input_City_oxd-input oxd-input--active"), City): Text 'East Andrew' is set on object 'Object Repository/Employee-Onboarding/Employee_Contact_Details/Page_OrangeHRM/input_City_oxd-input oxd-input--active'

27-12-2024T09:54:43 - [MESSAGE][PASSED] - Text 'East Andrew' is set on object 'Object Repository/Employee-Onboarding/Employee_Contact_Details/Page_OrangeHRM/input_City_oxd-input oxd-input--active'

27-12-2024T09:54:43 - [TEST_STEP][PASSED] - setText(findTestObject("Object Repository/Employee-Onboarding/Employee_Contact_Details/Page_OrangeHRM/input_StateProvince_oxd-input oxd-input--active"), State): Text 'Arkansas' is set on object 'Object Repository/Employee-Onboarding/Employee_Contact_Details/Page_OrangeHRM/input_StateProvince_oxd-input oxd-input--active'

27-12-2024T09:54:43 - [MESSAGE][PASSED] - Text 'Arkansas' is set on object 'Object Repository/Employee-Onboarding/Employee_Contact_Details/Page_OrangeHRM/input_StateProvince_oxd-input oxd-input--active'

27-12-2024T09:54:43 - [TEST_STEP][PASSED] - setText(findTestObject("Object Repository/Employee-Onboarding/Employee_Contact_Details/Page_OrangeHRM/input_ZipPostal Code_oxd-input oxd-input--active"), ZipCode): Text '10713' is set on object 'Object Repository/Employee-Onboarding/Employee_Contact_Details/Page_OrangeHRM/input_ZipPostal Code_oxd-input oxd-input--active'

27-12-2024T09:54:44 - [MESSAGE][PASSED] - Text '10713' is set on object 'Object Repository/Employee-Onboarding/Employee_Contact_Details/Page_OrangeHRM/input_ZipPostal Code_oxd-input oxd-input--active'

27-12-2024T09:54:44 - [TEST_STEP][PASSED] - click(findTestObject("Object Repository/Employee-Onboarding/Employee_Contact_Details/Page_OrangeHRM/i_-- Select --_oxd-icon bi-caret-up-fill ox_627fec")): Object: 'Object Repository/Employee-Onboarding/Employee_Contact_Details/Page_OrangeHRM/i_-- Select --_oxd-icon bi-caret-up-fill ox_627fec' is clicked on

27-12-2024T09:54:44 - [MESSAGE][PASSED] - Object: 'Object Repository/Employee-Onboarding/Employee_Contact_Details/Page_OrangeHRM/i_-- Select --_oxd-icon bi-caret-up-fill ox_627fec' is clicked on

27-12-2024T09:54:44 - [TEST_STEP][PASSED] - click(findTestObject("Employee-Onboarding/Employee_Salary_Detail_Objects/Page_OrangeHRM/custom_object_for_dropdown", ["value":Country])): Object: 'Object Repository/Employee-Onboarding/Employee_Salary_Detail_Objects/Page_OrangeHRM/custom_object_for_dropdown' is clicked on

27-12-2024T09:54:45 - [MESSAGE][PASSED] - Object: 'Object Repository/Employee-Onboarding/Employee_Salary_Detail_Objects/Page_OrangeHRM/custom_object_for_dropdown' is clicked on

27-12-2024T09:54:45 - [TEST_STEP][PASSED] - setText(findTestObject("Object Repository/Employee-Onboarding/Employee_Contact_Details/Page_OrangeHRM/input_Home_oxd-input oxd-input--focus"), Tel_Home): Text '(596)301-8378' is set on object 'Object Repository/Employee-Onboarding/Employee_Contact_Details/Page_OrangeHRM/input_Home_oxd-input oxd-input--focus'

27-12-2024T09:54:45 - [MESSAGE][PASSED] - Text '(596)301-8378' is set on object 'Object Repository/Employee-Onboarding/Employee_Contact_Details/Page_OrangeHRM/input_Home_oxd-input oxd-input--focus'

27-12-2024T09:54:45 - [TEST_STEP][PASSED] - setText(findTestObject("Object Repository/Employee-Onboarding/Employee_Contact_Details/Page_OrangeHRM/input_Mobile_oxd-input oxd-input--focus"), Tell_Mobile): Text '678-928-4612' is set on object 'Object Repository/Employee-Onboarding/Employee_Contact_Details/Page_OrangeHRM/input_Mobile_oxd-input oxd-input--focus'

27-12-2024T09:54:46 - [MESSAGE][PASSED] - Text '678-928-4612' is set on object 'Object Repository/Employee-Onboarding/Employee_Contact_Details/Page_OrangeHRM/input_Mobile_oxd-input oxd-input--focus'

27-12-2024T09:54:46 - [TEST_STEP][PASSED] - setText(findTestObject("Object Repository/Employee-Onboarding/Employee_Contact_Details/Page_OrangeHRM/input_Work_oxd-input oxd-input--focus"), Tel_Work): Text '304-829-6541' is set on object 'Object Repository/Employee-Onboarding/Employee_Contact_Details/Page_OrangeHRM/input_Work_oxd-input oxd-input--focus'

27-12-2024T09:54:46 - [MESSAGE][PASSED] - Text '304-829-6541' is set on object 'Object Repository/Employee-Onboarding/Employee_Contact_Details/Page_OrangeHRM/input_Work_oxd-input oxd-input--focus'

27-12-2024T09:54:46 - [TEST_STEP][PASSED] - setText(findTestObject("Object Repository/Employee-Onboarding/Employee_Contact_Details/Page_OrangeHRM/input_Work Email_oxd-input oxd-input--active"), Email_Work): Text 'tyler.bailey@patton-horton.com' is set on object 'Object Repository/Employee-Onboarding/Employee_Contact_Details/Page_OrangeHRM/input_Work Email_oxd-input oxd-input--active'

27-12-2024T09:54:47 - [MESSAGE][PASSED] - Text 'tyler.bailey@patton-horton.com' is set on object 'Object Repository/Employee-Onboarding/Employee_Contact_Details/Page_OrangeHRM/input_Work Email_oxd-input oxd-input--active'

27-12-2024T09:54:47 - [TEST_STEP][PASSED] - setText(findTestObject("Object Repository/Employee-Onboarding/Employee_Contact_Details/Page_OrangeHRM/input_Other Email_oxd-input oxd-input--focu_8ec2d9"), Email_Other): Text 'tyler.bailey@dummyemail.com' is set on object 'Object Repository/Employee-Onboarding/Employee_Contact_Details/Page_OrangeHRM/input_Other Email_oxd-input oxd-input--focu_8ec2d9'

27-12-2024T09:54:48 - [MESSAGE][PASSED] - Text 'tyler.bailey@dummyemail.com' is set on object 'Object Repository/Employee-Onboarding/Employee_Contact_Details/Page_OrangeHRM/input_Other Email_oxd-input oxd-input--focu_8ec2d9'

27-12-2024T09:54:48 - [TEST_STEP][PASSED] - click(findTestObject("Object Repository/Employee-Onboarding/Employee_Contact_Details/Page_OrangeHRM/button_Save")): Object: 'Object Repository/Employee-Onboarding/Employee_Contact_Details/Page_OrangeHRM/button_Save' is clicked on

27-12-2024T09:54:49 - [MESSAGE][PASSED] - Object: 'Object Repository/Employee-Onboarding/Employee_Contact_Details/Page_OrangeHRM/button_Save' is clicked on]]></system-out>
         <system-err><![CDATA[]]></system-err>
      </testcase>
      <testcase name="Test Cases/Employee_Onboarding/TC_Employee_Contact_Details" time="18.003" classname="Test Cases/Employee_Onboarding/TC_Employee_Contact_Details" status="PASSED">
         <system-out><![CDATA[27-12-2024T09:54:49 - [TEST_CASE][PASSED] - Test Cases/Employee_Onboarding/TC_Employee_Contact_Details: Test Cases/Employee_Onboarding/TC_Employee_Contact_Details

27-12-2024T09:54:49 - [TEST_STEP][PASSED] - click(findTestObject("Object Repository/Employee-Onboarding/Employee_Contact_Details/Page_OrangeHRM/a_PIM")): Object: 'Object Repository/Employee-Onboarding/Employee_Contact_Details/Page_OrangeHRM/a_PIM' is clicked on

27-12-2024T09:54:50 - [MESSAGE][PASSED] - Object: 'Object Repository/Employee-Onboarding/Employee_Contact_Details/Page_OrangeHRM/a_PIM' is clicked on

27-12-2024T09:54:50 - [TEST_STEP][PASSED] - setText(findTestObject("Object Repository/Employee-Onboarding/Employee_Contact_Details/Page_OrangeHRM/input"), Fullname): Text 'Alexis Collins' is set on object 'Object Repository/Employee-Onboarding/Employee_Contact_Details/Page_OrangeHRM/input'

27-12-2024T09:54:52 - [MESSAGE][PASSED] - Text 'Alexis Collins' is set on object 'Object Repository/Employee-Onboarding/Employee_Contact_Details/Page_OrangeHRM/input'

27-12-2024T09:54:52 - [TEST_STEP][PASSED] - click(findTestObject("Object Repository/Employee-Onboarding/Employee_Contact_Details/Page_OrangeHRM/button_Search")): Object: 'Object Repository/Employee-Onboarding/Employee_Contact_Details/Page_OrangeHRM/button_Search' is clicked on

27-12-2024T09:54:53 - [MESSAGE][PASSED] - Object: 'Object Repository/Employee-Onboarding/Employee_Contact_Details/Page_OrangeHRM/button_Search' is clicked on

27-12-2024T09:54:53 - [TEST_STEP][PASSED] - click(findTestObject("Object Repository/Employee-Onboarding/Employee_Contact_Details/Page_OrangeHRM/div_Actions_oxd-table-cell oxd-padding-cell")): Object: 'Object Repository/Employee-Onboarding/Employee_Contact_Details/Page_OrangeHRM/div_Actions_oxd-table-cell oxd-padding-cell' is clicked on

27-12-2024T09:54:54 - [MESSAGE][PASSED] - Object: 'Object Repository/Employee-Onboarding/Employee_Contact_Details/Page_OrangeHRM/div_Actions_oxd-table-cell oxd-padding-cell' is clicked on

27-12-2024T09:54:54 - [TEST_STEP][PASSED] - click(findTestObject("Object Repository/Employee-Onboarding/Employee_Contact_Details/Page_OrangeHRM/a_Contact Details")): Object: 'Object Repository/Employee-Onboarding/Employee_Contact_Details/Page_OrangeHRM/a_Contact Details' is clicked on

27-12-2024T09:54:58 - [MESSAGE][PASSED] - Object: 'Object Repository/Employee-Onboarding/Employee_Contact_Details/Page_OrangeHRM/a_Contact Details' is clicked on

27-12-2024T09:54:58 - [TEST_STEP][PASSED] - setText(findTestObject("Object Repository/Employee-Onboarding/Employee_Contact_Details/Page_OrangeHRM/input_Street 1_oxd-input oxd-input--focus"), Street1): Text '82771 Calvin Land Suite 186' is set on object 'Object Repository/Employee-Onboarding/Employee_Contact_Details/Page_OrangeHRM/input_Street 1_oxd-input oxd-input--focus'

27-12-2024T09:55:00 - [MESSAGE][PASSED] - Text '82771 Calvin Land Suite 186' is set on object 'Object Repository/Employee-Onboarding/Employee_Contact_Details/Page_OrangeHRM/input_Street 1_oxd-input oxd-input--focus'

27-12-2024T09:55:00 - [TEST_STEP][PASSED] - setText(findTestObject("Object Repository/Employee-Onboarding/Employee_Contact_Details/Page_OrangeHRM/input_Street 2_oxd-input oxd-input--active"), Street2): Text 'Suite 550' is set on object 'Object Repository/Employee-Onboarding/Employee_Contact_Details/Page_OrangeHRM/input_Street 2_oxd-input oxd-input--active'

27-12-2024T09:55:00 - [MESSAGE][PASSED] - Text 'Suite 550' is set on object 'Object Repository/Employee-Onboarding/Employee_Contact_Details/Page_OrangeHRM/input_Street 2_oxd-input oxd-input--active'

27-12-2024T09:55:00 - [TEST_STEP][PASSED] - setText(findTestObject("Object Repository/Employee-Onboarding/Employee_Contact_Details/Page_OrangeHRM/input_City_oxd-input oxd-input--active"), City): Text 'Wareport' is set on object 'Object Repository/Employee-Onboarding/Employee_Contact_Details/Page_OrangeHRM/input_City_oxd-input oxd-input--active'

27-12-2024T09:55:01 - [MESSAGE][PASSED] - Text 'Wareport' is set on object 'Object Repository/Employee-Onboarding/Employee_Contact_Details/Page_OrangeHRM/input_City_oxd-input oxd-input--active'

27-12-2024T09:55:01 - [TEST_STEP][PASSED] - setText(findTestObject("Object Repository/Employee-Onboarding/Employee_Contact_Details/Page_OrangeHRM/input_StateProvince_oxd-input oxd-input--active"), State): Text 'South Carolina' is set on object 'Object Repository/Employee-Onboarding/Employee_Contact_Details/Page_OrangeHRM/input_StateProvince_oxd-input oxd-input--active'

27-12-2024T09:55:01 - [MESSAGE][PASSED] - Text 'South Carolina' is set on object 'Object Repository/Employee-Onboarding/Employee_Contact_Details/Page_OrangeHRM/input_StateProvince_oxd-input oxd-input--active'

27-12-2024T09:55:01 - [TEST_STEP][PASSED] - setText(findTestObject("Object Repository/Employee-Onboarding/Employee_Contact_Details/Page_OrangeHRM/input_ZipPostal Code_oxd-input oxd-input--active"), ZipCode): Text '51352' is set on object 'Object Repository/Employee-Onboarding/Employee_Contact_Details/Page_OrangeHRM/input_ZipPostal Code_oxd-input oxd-input--active'

27-12-2024T09:55:02 - [MESSAGE][PASSED] - Text '51352' is set on object 'Object Repository/Employee-Onboarding/Employee_Contact_Details/Page_OrangeHRM/input_ZipPostal Code_oxd-input oxd-input--active'

27-12-2024T09:55:02 - [TEST_STEP][PASSED] - click(findTestObject("Object Repository/Employee-Onboarding/Employee_Contact_Details/Page_OrangeHRM/i_-- Select --_oxd-icon bi-caret-up-fill ox_627fec")): Object: 'Object Repository/Employee-Onboarding/Employee_Contact_Details/Page_OrangeHRM/i_-- Select --_oxd-icon bi-caret-up-fill ox_627fec' is clicked on

27-12-2024T09:55:02 - [MESSAGE][PASSED] - Object: 'Object Repository/Employee-Onboarding/Employee_Contact_Details/Page_OrangeHRM/i_-- Select --_oxd-icon bi-caret-up-fill ox_627fec' is clicked on

27-12-2024T09:55:02 - [TEST_STEP][PASSED] - click(findTestObject("Employee-Onboarding/Employee_Salary_Detail_Objects/Page_OrangeHRM/custom_object_for_dropdown", ["value":Country])): Object: 'Object Repository/Employee-Onboarding/Employee_Salary_Detail_Objects/Page_OrangeHRM/custom_object_for_dropdown' is clicked on

27-12-2024T09:55:02 - [MESSAGE][PASSED] - Object: 'Object Repository/Employee-Onboarding/Employee_Salary_Detail_Objects/Page_OrangeHRM/custom_object_for_dropdown' is clicked on

27-12-2024T09:55:02 - [TEST_STEP][PASSED] - setText(findTestObject("Object Repository/Employee-Onboarding/Employee_Contact_Details/Page_OrangeHRM/input_Home_oxd-input oxd-input--focus"), Tel_Home): Text '940-836-8056' is set on object 'Object Repository/Employee-Onboarding/Employee_Contact_Details/Page_OrangeHRM/input_Home_oxd-input oxd-input--focus'

27-12-2024T09:55:03 - [MESSAGE][PASSED] - Text '940-836-8056' is set on object 'Object Repository/Employee-Onboarding/Employee_Contact_Details/Page_OrangeHRM/input_Home_oxd-input oxd-input--focus'

27-12-2024T09:55:03 - [TEST_STEP][PASSED] - setText(findTestObject("Object Repository/Employee-Onboarding/Employee_Contact_Details/Page_OrangeHRM/input_Mobile_oxd-input oxd-input--focus"), Tell_Mobile): Text '730-487-5820' is set on object 'Object Repository/Employee-Onboarding/Employee_Contact_Details/Page_OrangeHRM/input_Mobile_oxd-input oxd-input--focus'

27-12-2024T09:55:04 - [MESSAGE][PASSED] - Text '730-487-5820' is set on object 'Object Repository/Employee-Onboarding/Employee_Contact_Details/Page_OrangeHRM/input_Mobile_oxd-input oxd-input--focus'

27-12-2024T09:55:04 - [TEST_STEP][PASSED] - setText(findTestObject("Object Repository/Employee-Onboarding/Employee_Contact_Details/Page_OrangeHRM/input_Work_oxd-input oxd-input--focus"), Tel_Work): Text '437-982-5629' is set on object 'Object Repository/Employee-Onboarding/Employee_Contact_Details/Page_OrangeHRM/input_Work_oxd-input oxd-input--focus'

27-12-2024T09:55:04 - [MESSAGE][PASSED] - Text '437-982-5629' is set on object 'Object Repository/Employee-Onboarding/Employee_Contact_Details/Page_OrangeHRM/input_Work_oxd-input oxd-input--focus'

27-12-2024T09:55:04 - [TEST_STEP][PASSED] - setText(findTestObject("Object Repository/Employee-Onboarding/Employee_Contact_Details/Page_OrangeHRM/input_Work Email_oxd-input oxd-input--active"), Email_Work): Text 'alexis.collins@powell.com' is set on object 'Object Repository/Employee-Onboarding/Employee_Contact_Details/Page_OrangeHRM/input_Work Email_oxd-input oxd-input--active'

27-12-2024T09:55:05 - [MESSAGE][PASSED] - Text 'alexis.collins@powell.com' is set on object 'Object Repository/Employee-Onboarding/Employee_Contact_Details/Page_OrangeHRM/input_Work Email_oxd-input oxd-input--active'

27-12-2024T09:55:05 - [TEST_STEP][PASSED] - setText(findTestObject("Object Repository/Employee-Onboarding/Employee_Contact_Details/Page_OrangeHRM/input_Other Email_oxd-input oxd-input--focu_8ec2d9"), Email_Other): Text 'alexis.collins@dummyemail.com' is set on object 'Object Repository/Employee-Onboarding/Employee_Contact_Details/Page_OrangeHRM/input_Other Email_oxd-input oxd-input--focu_8ec2d9'

27-12-2024T09:55:06 - [MESSAGE][PASSED] - Text 'alexis.collins@dummyemail.com' is set on object 'Object Repository/Employee-Onboarding/Employee_Contact_Details/Page_OrangeHRM/input_Other Email_oxd-input oxd-input--focu_8ec2d9'

27-12-2024T09:55:06 - [TEST_STEP][PASSED] - click(findTestObject("Object Repository/Employee-Onboarding/Employee_Contact_Details/Page_OrangeHRM/button_Save")): Object: 'Object Repository/Employee-Onboarding/Employee_Contact_Details/Page_OrangeHRM/button_Save' is clicked on

27-12-2024T09:55:07 - [MESSAGE][PASSED] - Object: 'Object Repository/Employee-Onboarding/Employee_Contact_Details/Page_OrangeHRM/button_Save' is clicked on]]></system-out>
         <system-err><![CDATA[]]></system-err>
      </testcase>
      <testcase name="Test Cases/Employee_Onboarding/TC_Employee_Contact_Details" time="19.161" classname="Test Cases/Employee_Onboarding/TC_Employee_Contact_Details" status="PASSED">
         <system-out><![CDATA[27-12-2024T09:55:07 - [TEST_CASE][PASSED] - Test Cases/Employee_Onboarding/TC_Employee_Contact_Details: Test Cases/Employee_Onboarding/TC_Employee_Contact_Details

27-12-2024T09:55:07 - [TEST_STEP][PASSED] - click(findTestObject("Object Repository/Employee-Onboarding/Employee_Contact_Details/Page_OrangeHRM/a_PIM")): Object: 'Object Repository/Employee-Onboarding/Employee_Contact_Details/Page_OrangeHRM/a_PIM' is clicked on

27-12-2024T09:55:08 - [MESSAGE][PASSED] - Object: 'Object Repository/Employee-Onboarding/Employee_Contact_Details/Page_OrangeHRM/a_PIM' is clicked on

27-12-2024T09:55:08 - [TEST_STEP][PASSED] - setText(findTestObject("Object Repository/Employee-Onboarding/Employee_Contact_Details/Page_OrangeHRM/input"), Fullname): Text 'Jessica Malone' is set on object 'Object Repository/Employee-Onboarding/Employee_Contact_Details/Page_OrangeHRM/input'

27-12-2024T09:55:11 - [MESSAGE][PASSED] - Text 'Jessica Malone' is set on object 'Object Repository/Employee-Onboarding/Employee_Contact_Details/Page_OrangeHRM/input'

27-12-2024T09:55:11 - [TEST_STEP][PASSED] - click(findTestObject("Object Repository/Employee-Onboarding/Employee_Contact_Details/Page_OrangeHRM/button_Search")): Object: 'Object Repository/Employee-Onboarding/Employee_Contact_Details/Page_OrangeHRM/button_Search' is clicked on

27-12-2024T09:55:11 - [MESSAGE][PASSED] - Object: 'Object Repository/Employee-Onboarding/Employee_Contact_Details/Page_OrangeHRM/button_Search' is clicked on

27-12-2024T09:55:11 - [TEST_STEP][PASSED] - click(findTestObject("Object Repository/Employee-Onboarding/Employee_Contact_Details/Page_OrangeHRM/div_Actions_oxd-table-cell oxd-padding-cell")): Object: 'Object Repository/Employee-Onboarding/Employee_Contact_Details/Page_OrangeHRM/div_Actions_oxd-table-cell oxd-padding-cell' is clicked on

27-12-2024T09:55:14 - [MESSAGE][PASSED] - Object: 'Object Repository/Employee-Onboarding/Employee_Contact_Details/Page_OrangeHRM/div_Actions_oxd-table-cell oxd-padding-cell' is clicked on

27-12-2024T09:55:14 - [TEST_STEP][PASSED] - click(findTestObject("Object Repository/Employee-Onboarding/Employee_Contact_Details/Page_OrangeHRM/a_Contact Details")): Object: 'Object Repository/Employee-Onboarding/Employee_Contact_Details/Page_OrangeHRM/a_Contact Details' is clicked on

27-12-2024T09:55:17 - [MESSAGE][PASSED] - Object: 'Object Repository/Employee-Onboarding/Employee_Contact_Details/Page_OrangeHRM/a_Contact Details' is clicked on

27-12-2024T09:55:17 - [TEST_STEP][PASSED] - setText(findTestObject("Object Repository/Employee-Onboarding/Employee_Contact_Details/Page_OrangeHRM/input_Street 1_oxd-input oxd-input--focus"), Street1): Text '4935 Kevin Loaf' is set on object 'Object Repository/Employee-Onboarding/Employee_Contact_Details/Page_OrangeHRM/input_Street 1_oxd-input oxd-input--focus'

27-12-2024T09:55:19 - [MESSAGE][PASSED] - Text '4935 Kevin Loaf' is set on object 'Object Repository/Employee-Onboarding/Employee_Contact_Details/Page_OrangeHRM/input_Street 1_oxd-input oxd-input--focus'

27-12-2024T09:55:19 - [TEST_STEP][PASSED] - setText(findTestObject("Object Repository/Employee-Onboarding/Employee_Contact_Details/Page_OrangeHRM/input_Street 2_oxd-input oxd-input--active"), Street2): Text 'Suite 598' is set on object 'Object Repository/Employee-Onboarding/Employee_Contact_Details/Page_OrangeHRM/input_Street 2_oxd-input oxd-input--active'

27-12-2024T09:55:20 - [MESSAGE][PASSED] - Text 'Suite 598' is set on object 'Object Repository/Employee-Onboarding/Employee_Contact_Details/Page_OrangeHRM/input_Street 2_oxd-input oxd-input--active'

27-12-2024T09:55:20 - [TEST_STEP][PASSED] - setText(findTestObject("Object Repository/Employee-Onboarding/Employee_Contact_Details/Page_OrangeHRM/input_City_oxd-input oxd-input--active"), City): Text 'North James' is set on object 'Object Repository/Employee-Onboarding/Employee_Contact_Details/Page_OrangeHRM/input_City_oxd-input oxd-input--active'

27-12-2024T09:55:20 - [MESSAGE][PASSED] - Text 'North James' is set on object 'Object Repository/Employee-Onboarding/Employee_Contact_Details/Page_OrangeHRM/input_City_oxd-input oxd-input--active'

27-12-2024T09:55:20 - [TEST_STEP][PASSED] - setText(findTestObject("Object Repository/Employee-Onboarding/Employee_Contact_Details/Page_OrangeHRM/input_StateProvince_oxd-input oxd-input--active"), State): Text 'New Mexico' is set on object 'Object Repository/Employee-Onboarding/Employee_Contact_Details/Page_OrangeHRM/input_StateProvince_oxd-input oxd-input--active'

27-12-2024T09:55:21 - [MESSAGE][PASSED] - Text 'New Mexico' is set on object 'Object Repository/Employee-Onboarding/Employee_Contact_Details/Page_OrangeHRM/input_StateProvince_oxd-input oxd-input--active'

27-12-2024T09:55:21 - [TEST_STEP][PASSED] - setText(findTestObject("Object Repository/Employee-Onboarding/Employee_Contact_Details/Page_OrangeHRM/input_ZipPostal Code_oxd-input oxd-input--active"), ZipCode): Text '23639' is set on object 'Object Repository/Employee-Onboarding/Employee_Contact_Details/Page_OrangeHRM/input_ZipPostal Code_oxd-input oxd-input--active'

27-12-2024T09:55:21 - [MESSAGE][PASSED] - Text '23639' is set on object 'Object Repository/Employee-Onboarding/Employee_Contact_Details/Page_OrangeHRM/input_ZipPostal Code_oxd-input oxd-input--active'

27-12-2024T09:55:21 - [TEST_STEP][PASSED] - click(findTestObject("Object Repository/Employee-Onboarding/Employee_Contact_Details/Page_OrangeHRM/i_-- Select --_oxd-icon bi-caret-up-fill ox_627fec")): Object: 'Object Repository/Employee-Onboarding/Employee_Contact_Details/Page_OrangeHRM/i_-- Select --_oxd-icon bi-caret-up-fill ox_627fec' is clicked on

27-12-2024T09:55:21 - [MESSAGE][PASSED] - Object: 'Object Repository/Employee-Onboarding/Employee_Contact_Details/Page_OrangeHRM/i_-- Select --_oxd-icon bi-caret-up-fill ox_627fec' is clicked on

27-12-2024T09:55:21 - [TEST_STEP][PASSED] - click(findTestObject("Employee-Onboarding/Employee_Salary_Detail_Objects/Page_OrangeHRM/custom_object_for_dropdown", ["value":Country])): Object: 'Object Repository/Employee-Onboarding/Employee_Salary_Detail_Objects/Page_OrangeHRM/custom_object_for_dropdown' is clicked on

27-12-2024T09:55:22 - [MESSAGE][PASSED] - Object: 'Object Repository/Employee-Onboarding/Employee_Salary_Detail_Objects/Page_OrangeHRM/custom_object_for_dropdown' is clicked on

27-12-2024T09:55:22 - [TEST_STEP][PASSED] - setText(findTestObject("Object Repository/Employee-Onboarding/Employee_Contact_Details/Page_OrangeHRM/input_Home_oxd-input oxd-input--focus"), Tel_Home): Text '(931)851-2215' is set on object 'Object Repository/Employee-Onboarding/Employee_Contact_Details/Page_OrangeHRM/input_Home_oxd-input oxd-input--focus'

27-12-2024T09:55:22 - [MESSAGE][PASSED] - Text '(931)851-2215' is set on object 'Object Repository/Employee-Onboarding/Employee_Contact_Details/Page_OrangeHRM/input_Home_oxd-input oxd-input--focus'

27-12-2024T09:55:22 - [TEST_STEP][PASSED] - setText(findTestObject("Object Repository/Employee-Onboarding/Employee_Contact_Details/Page_OrangeHRM/input_Mobile_oxd-input oxd-input--focus"), Tell_Mobile): Text '209-789-5620' is set on object 'Object Repository/Employee-Onboarding/Employee_Contact_Details/Page_OrangeHRM/input_Mobile_oxd-input oxd-input--focus'

27-12-2024T09:55:23 - [MESSAGE][PASSED] - Text '209-789-5620' is set on object 'Object Repository/Employee-Onboarding/Employee_Contact_Details/Page_OrangeHRM/input_Mobile_oxd-input oxd-input--focus'

27-12-2024T09:55:23 - [TEST_STEP][PASSED] - setText(findTestObject("Object Repository/Employee-Onboarding/Employee_Contact_Details/Page_OrangeHRM/input_Work_oxd-input oxd-input--focus"), Tel_Work): Text '847-392-6542' is set on object 'Object Repository/Employee-Onboarding/Employee_Contact_Details/Page_OrangeHRM/input_Work_oxd-input oxd-input--focus'

27-12-2024T09:55:23 - [MESSAGE][PASSED] - Text '847-392-6542' is set on object 'Object Repository/Employee-Onboarding/Employee_Contact_Details/Page_OrangeHRM/input_Work_oxd-input oxd-input--focus'

27-12-2024T09:55:23 - [TEST_STEP][PASSED] - setText(findTestObject("Object Repository/Employee-Onboarding/Employee_Contact_Details/Page_OrangeHRM/input_Work Email_oxd-input oxd-input--active"), Email_Work): Text 'jessica.malone@chapman-smith.net' is set on object 'Object Repository/Employee-Onboarding/Employee_Contact_Details/Page_OrangeHRM/input_Work Email_oxd-input oxd-input--active'

27-12-2024T09:55:24 - [MESSAGE][PASSED] - Text 'jessica.malone@chapman-smith.net' is set on object 'Object Repository/Employee-Onboarding/Employee_Contact_Details/Page_OrangeHRM/input_Work Email_oxd-input oxd-input--active'

27-12-2024T09:55:24 - [TEST_STEP][PASSED] - setText(findTestObject("Object Repository/Employee-Onboarding/Employee_Contact_Details/Page_OrangeHRM/input_Other Email_oxd-input oxd-input--focu_8ec2d9"), Email_Other): Text 'jessica.malone@dummyemail.com' is set on object 'Object Repository/Employee-Onboarding/Employee_Contact_Details/Page_OrangeHRM/input_Other Email_oxd-input oxd-input--focu_8ec2d9'

27-12-2024T09:55:26 - [MESSAGE][PASSED] - Text 'jessica.malone@dummyemail.com' is set on object 'Object Repository/Employee-Onboarding/Employee_Contact_Details/Page_OrangeHRM/input_Other Email_oxd-input oxd-input--focu_8ec2d9'

27-12-2024T09:55:26 - [TEST_STEP][PASSED] - click(findTestObject("Object Repository/Employee-Onboarding/Employee_Contact_Details/Page_OrangeHRM/button_Save")): Object: 'Object Repository/Employee-Onboarding/Employee_Contact_Details/Page_OrangeHRM/button_Save' is clicked on

27-12-2024T09:55:26 - [MESSAGE][PASSED] - Object: 'Object Repository/Employee-Onboarding/Employee_Contact_Details/Page_OrangeHRM/button_Save' is clicked on]]></system-out>
         <system-err><![CDATA[]]></system-err>
      </testcase>
      <system-out><![CDATA[27-12-2024T09:25:32 - [TEST_SUITE][PASSED] - TS_Employee_Contact_Details: Test Cases/Employee_Onboarding/TC_Employee_Contact_Details]]></system-out>
      <system-err><![CDATA[]]></system-err>
   </testsuite>
</testsuites>
