<?xml version="1.0" encoding="UTF-8"?>
<testsuites name="TS_Employee_Job_Update" time="383.684" tests="34" failures="13" errors="0">
   <testsuite name="TS_Employee_Job_Update" tests="34" failures="13" errors="0" time="383.684" skipped="0" timestamp="27-12-2024T07:06:44" hostname="mahtabsiddique - localhost" id="Test Suites/Employee_Onboarding/TS_Employee_Job_Update">
      <properties>
         <property name="deviceName" value=""/>
         <property name="devicePlatform"/>
         <property name="logFolder" value="/Users/mahtabsiddique/git/orange/orangeHRM_Automation/Reports/20241227_070637/Employee_Onboarding/TS_Employee_Job_Update/20241227_070638"/>
         <property name="logFiles" value="/Users/mahtabsiddique/git/orange/orangeHRM_Automation/Reports/20241227_070637/Employee_Onboarding/TS_Employee_Job_Update/20241227_070638/execution0.log"/>
         <property name="attachments" value=""/>
         <property name="hostName" value="mahtabsiddique - localhost"/>
         <property name="os" value="Mac OS X 64bit"/>
         <property name="katalonVersion" value="10.0.1.223"/>
         <property name="browser" value="Chrome 131.0.0.0"/>
         <property name="hostAddress" value="127.0.0.1"/>
         <property name="sessionId" value="81c375fdc73980b0150be4854699555f"/>
         <property name="seleniumVersion" value="4.22.0"/>
         <property name="proxyInformation" value="ProxyInformation { proxyOption=NO_PROXY, proxyServerType=HTTP, username=, password=********, proxyServerAddress=, proxyServerPort=0, executionList=&quot;&quot;, isApplyToDesiredCapabilities=true }"/>
         <property name="platform" value="Mac OS X"/>
      </properties>
      <testcase name="Test Cases/Employee_Onboarding/TC_Employee_Login" time="11.458" classname="Test Cases/Employee_Onboarding/TC_Employee_Login" status="PASSED">
         <system-out><![CDATA[27-12-2024T07:06:44 - [TEST_CASE][PASSED] - Test Cases/Employee_Onboarding/TC_Employee_Login: Test Cases/Employee_Onboarding/TC_Employee_Login

27-12-2024T07:06:44 - [TEST_STEP][PASSED] - comment("Step 1: Open a new browser instance"): Step 1: Open a new browser instance

27-12-2024T07:06:44 - [MESSAGE][INFO] - Step 1: Open a new browser instance

27-12-2024T07:06:44 - [TEST_STEP][PASSED] - openBrowser(""): Browser is opened with url: ''

27-12-2024T07:06:44 - [MESSAGE][INFO] - Starting 'Chrome' driver

27-12-2024T07:06:44 - [MESSAGE][INFO] - Action delay is set to 0 milliseconds

27-12-2024T07:06:46 - [MESSAGE][PASSED] - Browser is opened with url: ''

27-12-2024T07:06:46 - [TEST_STEP][PASSED] - comment("Step 2: Navigate to the OrangeHRM login page"): Step 2: Navigate to the OrangeHRM login page

27-12-2024T07:06:46 - [MESSAGE][INFO] - Step 2: Navigate to the OrangeHRM login page

27-12-2024T07:06:46 - [TEST_STEP][PASSED] - navigateToUrl(URL): Navigate to 'http://orange.katalon.com/web/index.php/auth/login' successfully

27-12-2024T07:06:51 - [MESSAGE][PASSED] - Navigate to 'http://orange.katalon.com/web/index.php/auth/login' successfully

27-12-2024T07:06:51 - [TEST_STEP][PASSED] - comment("Step 3: Enter the username into the username input field"): Step 3: Enter the username into the username input field

27-12-2024T07:06:51 - [MESSAGE][INFO] - Step 3: Enter the username into the username input field

27-12-2024T07:06:51 - [TEST_STEP][PASSED] - setText(findTestObject("Object Repository/Employee-Onboarding/Page_OrangeHRM/input_Username_username"), Username): Text 'mahtab' is set on object 'Object Repository/Employee-Onboarding/Page_OrangeHRM/input_Username_username'

27-12-2024T07:06:53 - [MESSAGE][PASSED] - Text 'mahtab' is set on object 'Object Repository/Employee-Onboarding/Page_OrangeHRM/input_Username_username'

27-12-2024T07:06:53 - [TEST_STEP][PASSED] - comment("Step 4: Enter the encrypted password into the password input field"): Step 4: Enter the encrypted password into the password input field

27-12-2024T07:06:53 - [MESSAGE][INFO] - Step 4: Enter the encrypted password into the password input field

27-12-2024T07:06:53 - [TEST_STEP][PASSED] - setEncryptedText(findTestObject("Object Repository/Employee-Onboarding/Page_OrangeHRM/input_Password_password"), Password): Text ****** has been set on object 'Object Repository/Employee-Onboarding/Page_OrangeHRM/input_Password_password'

27-12-2024T07:06:53 - [MESSAGE][PASSED] - Text ****** has been set on object 'Object Repository/Employee-Onboarding/Page_OrangeHRM/input_Password_password'

27-12-2024T07:06:53 - [TEST_STEP][PASSED] - comment("Step 5: Click the login button to submit the login form"): Step 5: Click the login button to submit the login form

27-12-2024T07:06:53 - [MESSAGE][INFO] - Step 5: Click the login button to submit the login form

27-12-2024T07:06:53 - [TEST_STEP][PASSED] - click(findTestObject("Object Repository/Employee-Onboarding/Page_OrangeHRM/button_Login")): Object: 'Object Repository/Employee-Onboarding/Page_OrangeHRM/button_Login' is clicked on

27-12-2024T07:06:55 - [MESSAGE][PASSED] - Object: 'Object Repository/Employee-Onboarding/Page_OrangeHRM/button_Login' is clicked on]]></system-out>
         <system-err><![CDATA[]]></system-err>
      </testcase>
      <testcase name="Test Cases/Employee_Onboarding/TC_Employee_Job_Details" time="19.664" classname="Test Cases/Employee_Onboarding/TC_Employee_Job_Details" status="PASSED">
         <system-out><![CDATA[27-12-2024T07:06:55 - [TEST_CASE][PASSED] - Test Cases/Employee_Onboarding/TC_Employee_Job_Details: Test Cases/Employee_Onboarding/TC_Employee_Job_Details

27-12-2024T07:06:55 - [TEST_STEP][PASSED] - comment("Step 1: Click on the "PIM" tab to access the Employee Management section"): Step 1: Click on the "PIM" tab to access the Employee Management section

27-12-2024T07:06:55 - [MESSAGE][INFO] - Step 1: Click on the "PIM" tab to access the Employee Management section

27-12-2024T07:06:55 - [TEST_STEP][PASSED] - click(findTestObject("Object Repository/Employee-Onboarding/Employee_Jobs/Page_OrangeHRM/a_PIM")): Object: 'Object Repository/Employee-Onboarding/Employee_Jobs/Page_OrangeHRM/a_PIM' is clicked on

27-12-2024T07:07:00 - [MESSAGE][PASSED] - Object: 'Object Repository/Employee-Onboarding/Employee_Jobs/Page_OrangeHRM/a_PIM' is clicked on

27-12-2024T07:07:00 - [TEST_STEP][PASSED] - comment("Step 2: Set the employee name "Alice Johnson" in the search input field"): Step 2: Set the employee name "Alice Johnson" in the search input field

27-12-2024T07:07:00 - [MESSAGE][INFO] - Step 2: Set the employee name "Alice Johnson" in the search input field

27-12-2024T07:07:00 - [TEST_STEP][PASSED] - setText(findTestObject("Object Repository/Employee-Onboarding/Employee_Jobs/Page_OrangeHRM/input"), Fullname): Text 'Jaime Ferguson' is set on object 'Object Repository/Employee-Onboarding/Employee_Jobs/Page_OrangeHRM/input'

27-12-2024T07:07:02 - [MESSAGE][PASSED] - Text 'Jaime Ferguson' is set on object 'Object Repository/Employee-Onboarding/Employee_Jobs/Page_OrangeHRM/input'

27-12-2024T07:07:02 - [TEST_STEP][PASSED] - comment("Step 3: Click the "Search" button to search for the employee"): Step 3: Click the "Search" button to search for the employee

27-12-2024T07:07:02 - [MESSAGE][INFO] - Step 3: Click the "Search" button to search for the employee

27-12-2024T07:07:02 - [TEST_STEP][PASSED] - click(findTestObject("Object Repository/Employee-Onboarding/Employee_Jobs/Page_OrangeHRM/button_Search")): Object: 'Object Repository/Employee-Onboarding/Employee_Jobs/Page_OrangeHRM/button_Search' is clicked on

27-12-2024T07:07:02 - [MESSAGE][PASSED] - Object: 'Object Repository/Employee-Onboarding/Employee_Jobs/Page_OrangeHRM/button_Search' is clicked on

27-12-2024T07:07:02 - [TEST_STEP][PASSED] - comment("Step 1: Select the employee record by clicking on the employee ID"): Step 1: Select the employee record by clicking on the employee ID

27-12-2024T07:07:02 - [MESSAGE][INFO] - Step 1: Select the employee record by clicking on the employee ID

27-12-2024T07:07:02 - [TEST_STEP][PASSED] - click(findTestObject("Object Repository/Employee-Onboarding/Employee_Jobs/Page_OrangeHRM/div_0034008")): Object: 'Object Repository/Employee-Onboarding/Employee_Jobs/Page_OrangeHRM/div_0034008' is clicked on

27-12-2024T07:07:04 - [MESSAGE][PASSED] - Object: 'Object Repository/Employee-Onboarding/Employee_Jobs/Page_OrangeHRM/div_0034008' is clicked on

27-12-2024T07:07:04 - [TEST_STEP][PASSED] - comment("Step 2: Click on the "Job" tab in the employee details section"): Step 2: Click on the "Job" tab in the employee details section

27-12-2024T07:07:04 - [MESSAGE][INFO] - Step 2: Click on the "Job" tab in the employee details section

27-12-2024T07:07:04 - [TEST_STEP][PASSED] - click(findTestObject("Object Repository/Employee-Onboarding/Employee_Jobs/Page_OrangeHRM/a_Job")): Object: 'Object Repository/Employee-Onboarding/Employee_Jobs/Page_OrangeHRM/a_Job' is clicked on

27-12-2024T07:07:07 - [MESSAGE][PASSED] - Object: 'Object Repository/Employee-Onboarding/Employee_Jobs/Page_OrangeHRM/a_Job' is clicked on

27-12-2024T07:07:07 - [TEST_STEP][PASSED] - comment("Step 3: Open the date picker for "Joined Date""): Step 3: Open the date picker for "Joined Date"

27-12-2024T07:07:07 - [MESSAGE][INFO] - Step 3: Open the date picker for "Joined Date"

27-12-2024T07:07:07 - [TEST_STEP][PASSED] - click(findTestObject("Object Repository/Employee-Onboarding/Employee_Jobs/Page_OrangeHRM/i_Joined Date_oxd-icon bi-calendar oxd-date_38329e")): Object: 'Object Repository/Employee-Onboarding/Employee_Jobs/Page_OrangeHRM/i_Joined Date_oxd-icon bi-calendar oxd-date_38329e' is clicked on

27-12-2024T07:07:09 - [MESSAGE][PASSED] - Object: 'Object Repository/Employee-Onboarding/Employee_Jobs/Page_OrangeHRM/i_Joined Date_oxd-icon bi-calendar oxd-date_38329e' is clicked on

27-12-2024T07:07:09 - [TEST_STEP][PASSED] - comment("Step 4: Select the 31st as the "Joined Date""): Step 4: Select the 31st as the "Joined Date"

27-12-2024T07:07:09 - [MESSAGE][INFO] - Step 4: Select the 31st as the "Joined Date"

27-12-2024T07:07:09 - [TEST_STEP][PASSED] - click(findTestObject("Object Repository/Employee-Onboarding/Employee_Jobs/Page_OrangeHRM/div_31")): Object: 'Object Repository/Employee-Onboarding/Employee_Jobs/Page_OrangeHRM/div_31' is clicked on

27-12-2024T07:07:09 - [MESSAGE][PASSED] - Object: 'Object Repository/Employee-Onboarding/Employee_Jobs/Page_OrangeHRM/div_31' is clicked on

27-12-2024T07:07:09 - [TEST_STEP][PASSED] - comment("Step 5: Open the dropdown menu to make selections (e.g., job title, employment type)"): Step 5: Open the dropdown menu to make selections (e.g., job title, employment type)

27-12-2024T07:07:09 - [MESSAGE][INFO] - Step 5: Open the dropdown menu to make selections (e.g., job title, employment type)

27-12-2024T07:07:09 - [TEST_STEP][PASSED] - click(findTestObject("Object Repository/Employee-Onboarding/Employee_Jobs/Page_OrangeHRM/i_-- Select --_oxd-icon bi-caret-up-fill ox_627fec")): Object: 'Object Repository/Employee-Onboarding/Employee_Jobs/Page_OrangeHRM/i_-- Select --_oxd-icon bi-caret-up-fill ox_627fec' is clicked on

27-12-2024T07:07:10 - [MESSAGE][PASSED] - Object: 'Object Repository/Employee-Onboarding/Employee_Jobs/Page_OrangeHRM/i_-- Select --_oxd-icon bi-caret-up-fill ox_627fec' is clicked on

27-12-2024T07:07:10 - [TEST_STEP][PASSED] - click(findTestObject("Employee-Onboarding/Employee_Salary_Detail_Objects/Page_OrangeHRM/custom_object_for_dropdown", ["value":Job_Title])): Object: 'Object Repository/Employee-Onboarding/Employee_Salary_Detail_Objects/Page_OrangeHRM/custom_object_for_dropdown' is clicked on

27-12-2024T07:07:10 - [MESSAGE][PASSED] - Object: 'Object Repository/Employee-Onboarding/Employee_Salary_Detail_Objects/Page_OrangeHRM/custom_object_for_dropdown' is clicked on

27-12-2024T07:07:10 - [TEST_STEP][PASSED] - comment("Step 6: Select the desired job option from the dropdown"): Step 6: Select the desired job option from the dropdown

27-12-2024T07:07:10 - [MESSAGE][INFO] - Step 6: Select the desired job option from the dropdown

27-12-2024T07:07:10 - [TEST_STEP][PASSED] - click(findTestObject("Object Repository/Employee-Onboarding/Employee_Jobs/Page_OrangeHRM/i_-- Select --_oxd-icon bi-caret-up-fill ox_627fec_1")): Object: 'Object Repository/Employee-Onboarding/Employee_Jobs/Page_OrangeHRM/i_-- Select --_oxd-icon bi-caret-up-fill ox_627fec_1' is clicked on

27-12-2024T07:07:11 - [MESSAGE][PASSED] - Object: 'Object Repository/Employee-Onboarding/Employee_Jobs/Page_OrangeHRM/i_-- Select --_oxd-icon bi-caret-up-fill ox_627fec_1' is clicked on

27-12-2024T07:07:11 - [TEST_STEP][PASSED] - click(findTestObject("Employee-Onboarding/Employee_Salary_Detail_Objects/Page_OrangeHRM/custom_object_for_dropdown", ["value":Job_Category])): Object: 'Object Repository/Employee-Onboarding/Employee_Salary_Detail_Objects/Page_OrangeHRM/custom_object_for_dropdown' is clicked on

27-12-2024T07:07:12 - [MESSAGE][PASSED] - Object: 'Object Repository/Employee-Onboarding/Employee_Salary_Detail_Objects/Page_OrangeHRM/custom_object_for_dropdown' is clicked on

27-12-2024T07:07:12 - [TEST_STEP][PASSED] - comment("Step 7: Select the desired job category from the dropdown"): Step 7: Select the desired job category from the dropdown

27-12-2024T07:07:12 - [MESSAGE][INFO] - Step 7: Select the desired job category from the dropdown

27-12-2024T07:07:12 - [TEST_STEP][PASSED] - click(findTestObject("Object Repository/Employee-Onboarding/Employee_Jobs/Page_OrangeHRM/i_-- Select --_oxd-icon bi-caret-up-fill ox_627fec_1_2")): Object: 'Object Repository/Employee-Onboarding/Employee_Jobs/Page_OrangeHRM/i_-- Select --_oxd-icon bi-caret-up-fill ox_627fec_1_2' is clicked on

27-12-2024T07:07:12 - [MESSAGE][PASSED] - Object: 'Object Repository/Employee-Onboarding/Employee_Jobs/Page_OrangeHRM/i_-- Select --_oxd-icon bi-caret-up-fill ox_627fec_1_2' is clicked on

27-12-2024T07:07:12 - [TEST_STEP][PASSED] - click(findTestObject("Employee-Onboarding/Employee_Salary_Detail_Objects/Page_OrangeHRM/custom_object_for_dropdown", ["value":Sub_Unit])): Object: 'Object Repository/Employee-Onboarding/Employee_Salary_Detail_Objects/Page_OrangeHRM/custom_object_for_dropdown' is clicked on

27-12-2024T07:07:12 - [MESSAGE][PASSED] - Object: 'Object Repository/Employee-Onboarding/Employee_Salary_Detail_Objects/Page_OrangeHRM/custom_object_for_dropdown' is clicked on

27-12-2024T07:07:12 - [TEST_STEP][PASSED] - comment("Step 8: Select the desired sub-category from the dropdown"): Step 8: Select the desired sub-category from the dropdown

27-12-2024T07:07:12 - [MESSAGE][INFO] - Step 8: Select the desired sub-category from the dropdown

27-12-2024T07:07:12 - [TEST_STEP][PASSED] - click(findTestObject("Object Repository/Employee-Onboarding/Employee_Jobs/Page_OrangeHRM/i_-- Select --_oxd-icon bi-caret-up-fill ox_627fec_1_2_3")): Object: 'Object Repository/Employee-Onboarding/Employee_Jobs/Page_OrangeHRM/i_-- Select --_oxd-icon bi-caret-up-fill ox_627fec_1_2_3' is clicked on

27-12-2024T07:07:13 - [MESSAGE][PASSED] - Object: 'Object Repository/Employee-Onboarding/Employee_Jobs/Page_OrangeHRM/i_-- Select --_oxd-icon bi-caret-up-fill ox_627fec_1_2_3' is clicked on

27-12-2024T07:07:13 - [TEST_STEP][PASSED] - click(findTestObject("Employee-Onboarding/Employee_Salary_Detail_Objects/Page_OrangeHRM/custom_object_for_dropdown", ["value":Location])): Object: 'Object Repository/Employee-Onboarding/Employee_Salary_Detail_Objects/Page_OrangeHRM/custom_object_for_dropdown' is clicked on

27-12-2024T07:07:13 - [MESSAGE][PASSED] - Object: 'Object Repository/Employee-Onboarding/Employee_Salary_Detail_Objects/Page_OrangeHRM/custom_object_for_dropdown' is clicked on

27-12-2024T07:07:13 - [TEST_STEP][PASSED] - comment("Step 9: Finalize the job details by selecting the appropriate options from the dropdown"): Step 9: Finalize the job details by selecting the appropriate options from the dropdown

27-12-2024T07:07:13 - [MESSAGE][INFO] - Step 9: Finalize the job details by selecting the appropriate options from the dropdown

27-12-2024T07:07:13 - [TEST_STEP][PASSED] - click(findTestObject("Object Repository/Employee-Onboarding/Employee_Jobs/Page_OrangeHRM/i_-- Select --_oxd-icon bi-caret-up-fill ox_627fec_1_2_3_4")): Object: 'Object Repository/Employee-Onboarding/Employee_Jobs/Page_OrangeHRM/i_-- Select --_oxd-icon bi-caret-up-fill ox_627fec_1_2_3_4' is clicked on

27-12-2024T07:07:14 - [MESSAGE][PASSED] - Object: 'Object Repository/Employee-Onboarding/Employee_Jobs/Page_OrangeHRM/i_-- Select --_oxd-icon bi-caret-up-fill ox_627fec_1_2_3_4' is clicked on

27-12-2024T07:07:14 - [TEST_STEP][PASSED] - click(findTestObject("Employee-Onboarding/Employee_Salary_Detail_Objects/Page_OrangeHRM/custom_object_for_dropdown", ["value":Employee_Status])): Object: 'Object Repository/Employee-Onboarding/Employee_Salary_Detail_Objects/Page_OrangeHRM/custom_object_for_dropdown' is clicked on

27-12-2024T07:07:14 - [MESSAGE][PASSED] - Object: 'Object Repository/Employee-Onboarding/Employee_Salary_Detail_Objects/Page_OrangeHRM/custom_object_for_dropdown' is clicked on

27-12-2024T07:07:14 - [TEST_STEP][PASSED] - comment("Step 10: Click the "Save" button to save the updated job details for the employee"): Step 10: Click the "Save" button to save the updated job details for the employee

27-12-2024T07:07:14 - [MESSAGE][INFO] - Step 10: Click the "Save" button to save the updated job details for the employee

27-12-2024T07:07:14 - [TEST_STEP][PASSED] - click(findTestObject("Object Repository/Employee-Onboarding/Employee_Jobs/Page_OrangeHRM/button_Save")): Object: 'Object Repository/Employee-Onboarding/Employee_Jobs/Page_OrangeHRM/button_Save' is clicked on

27-12-2024T07:07:15 - [MESSAGE][PASSED] - Object: 'Object Repository/Employee-Onboarding/Employee_Jobs/Page_OrangeHRM/button_Save' is clicked on]]></system-out>
         <system-err><![CDATA[]]></system-err>
      </testcase>
      <testcase name="Test Cases/Employee_Onboarding/TC_Employee_Job_Details" time="16.924" classname="Test Cases/Employee_Onboarding/TC_Employee_Job_Details" status="PASSED">
         <system-out><![CDATA[27-12-2024T07:07:15 - [TEST_CASE][PASSED] - Test Cases/Employee_Onboarding/TC_Employee_Job_Details: Test Cases/Employee_Onboarding/TC_Employee_Job_Details

27-12-2024T07:07:15 - [TEST_STEP][PASSED] - comment("Step 1: Click on the "PIM" tab to access the Employee Management section"): Step 1: Click on the "PIM" tab to access the Employee Management section

27-12-2024T07:07:15 - [MESSAGE][INFO] - Step 1: Click on the "PIM" tab to access the Employee Management section

27-12-2024T07:07:15 - [TEST_STEP][PASSED] - click(findTestObject("Object Repository/Employee-Onboarding/Employee_Jobs/Page_OrangeHRM/a_PIM")): Object: 'Object Repository/Employee-Onboarding/Employee_Jobs/Page_OrangeHRM/a_PIM' is clicked on

27-12-2024T07:07:17 - [MESSAGE][PASSED] - Object: 'Object Repository/Employee-Onboarding/Employee_Jobs/Page_OrangeHRM/a_PIM' is clicked on

27-12-2024T07:07:17 - [TEST_STEP][PASSED] - comment("Step 2: Set the employee name "Alice Johnson" in the search input field"): Step 2: Set the employee name "Alice Johnson" in the search input field

27-12-2024T07:07:17 - [MESSAGE][INFO] - Step 2: Set the employee name "Alice Johnson" in the search input field

27-12-2024T07:07:17 - [TEST_STEP][PASSED] - setText(findTestObject("Object Repository/Employee-Onboarding/Employee_Jobs/Page_OrangeHRM/input"), Fullname): Text 'Jose Barnes' is set on object 'Object Repository/Employee-Onboarding/Employee_Jobs/Page_OrangeHRM/input'

27-12-2024T07:07:19 - [MESSAGE][PASSED] - Text 'Jose Barnes' is set on object 'Object Repository/Employee-Onboarding/Employee_Jobs/Page_OrangeHRM/input'

27-12-2024T07:07:19 - [TEST_STEP][PASSED] - comment("Step 3: Click the "Search" button to search for the employee"): Step 3: Click the "Search" button to search for the employee

27-12-2024T07:07:19 - [MESSAGE][INFO] - Step 3: Click the "Search" button to search for the employee

27-12-2024T07:07:19 - [TEST_STEP][PASSED] - click(findTestObject("Object Repository/Employee-Onboarding/Employee_Jobs/Page_OrangeHRM/button_Search")): Object: 'Object Repository/Employee-Onboarding/Employee_Jobs/Page_OrangeHRM/button_Search' is clicked on

27-12-2024T07:07:19 - [MESSAGE][PASSED] - Object: 'Object Repository/Employee-Onboarding/Employee_Jobs/Page_OrangeHRM/button_Search' is clicked on

27-12-2024T07:07:19 - [TEST_STEP][PASSED] - comment("Step 1: Select the employee record by clicking on the employee ID"): Step 1: Select the employee record by clicking on the employee ID

27-12-2024T07:07:19 - [MESSAGE][INFO] - Step 1: Select the employee record by clicking on the employee ID

27-12-2024T07:07:19 - [TEST_STEP][PASSED] - click(findTestObject("Object Repository/Employee-Onboarding/Employee_Jobs/Page_OrangeHRM/div_0034008")): Object: 'Object Repository/Employee-Onboarding/Employee_Jobs/Page_OrangeHRM/div_0034008' is clicked on

27-12-2024T07:07:21 - [MESSAGE][PASSED] - Object: 'Object Repository/Employee-Onboarding/Employee_Jobs/Page_OrangeHRM/div_0034008' is clicked on

27-12-2024T07:07:21 - [TEST_STEP][PASSED] - comment("Step 2: Click on the "Job" tab in the employee details section"): Step 2: Click on the "Job" tab in the employee details section

27-12-2024T07:07:21 - [MESSAGE][INFO] - Step 2: Click on the "Job" tab in the employee details section

27-12-2024T07:07:21 - [TEST_STEP][PASSED] - click(findTestObject("Object Repository/Employee-Onboarding/Employee_Jobs/Page_OrangeHRM/a_Job")): Object: 'Object Repository/Employee-Onboarding/Employee_Jobs/Page_OrangeHRM/a_Job' is clicked on

27-12-2024T07:07:24 - [MESSAGE][PASSED] - Object: 'Object Repository/Employee-Onboarding/Employee_Jobs/Page_OrangeHRM/a_Job' is clicked on

27-12-2024T07:07:24 - [TEST_STEP][PASSED] - comment("Step 3: Open the date picker for "Joined Date""): Step 3: Open the date picker for "Joined Date"

27-12-2024T07:07:24 - [MESSAGE][INFO] - Step 3: Open the date picker for "Joined Date"

27-12-2024T07:07:24 - [TEST_STEP][PASSED] - click(findTestObject("Object Repository/Employee-Onboarding/Employee_Jobs/Page_OrangeHRM/i_Joined Date_oxd-icon bi-calendar oxd-date_38329e")): Object: 'Object Repository/Employee-Onboarding/Employee_Jobs/Page_OrangeHRM/i_Joined Date_oxd-icon bi-calendar oxd-date_38329e' is clicked on

27-12-2024T07:07:27 - [MESSAGE][PASSED] - Object: 'Object Repository/Employee-Onboarding/Employee_Jobs/Page_OrangeHRM/i_Joined Date_oxd-icon bi-calendar oxd-date_38329e' is clicked on

27-12-2024T07:07:27 - [TEST_STEP][PASSED] - comment("Step 4: Select the 31st as the "Joined Date""): Step 4: Select the 31st as the "Joined Date"

27-12-2024T07:07:27 - [MESSAGE][INFO] - Step 4: Select the 31st as the "Joined Date"

27-12-2024T07:07:27 - [TEST_STEP][PASSED] - click(findTestObject("Object Repository/Employee-Onboarding/Employee_Jobs/Page_OrangeHRM/div_31")): Object: 'Object Repository/Employee-Onboarding/Employee_Jobs/Page_OrangeHRM/div_31' is clicked on

27-12-2024T07:07:27 - [MESSAGE][PASSED] - Object: 'Object Repository/Employee-Onboarding/Employee_Jobs/Page_OrangeHRM/div_31' is clicked on

27-12-2024T07:07:27 - [TEST_STEP][PASSED] - comment("Step 5: Open the dropdown menu to make selections (e.g., job title, employment type)"): Step 5: Open the dropdown menu to make selections (e.g., job title, employment type)

27-12-2024T07:07:27 - [MESSAGE][INFO] - Step 5: Open the dropdown menu to make selections (e.g., job title, employment type)

27-12-2024T07:07:27 - [TEST_STEP][PASSED] - click(findTestObject("Object Repository/Employee-Onboarding/Employee_Jobs/Page_OrangeHRM/i_-- Select --_oxd-icon bi-caret-up-fill ox_627fec")): Object: 'Object Repository/Employee-Onboarding/Employee_Jobs/Page_OrangeHRM/i_-- Select --_oxd-icon bi-caret-up-fill ox_627fec' is clicked on

27-12-2024T07:07:27 - [MESSAGE][PASSED] - Object: 'Object Repository/Employee-Onboarding/Employee_Jobs/Page_OrangeHRM/i_-- Select --_oxd-icon bi-caret-up-fill ox_627fec' is clicked on

27-12-2024T07:07:27 - [TEST_STEP][PASSED] - click(findTestObject("Employee-Onboarding/Employee_Salary_Detail_Objects/Page_OrangeHRM/custom_object_for_dropdown", ["value":Job_Title])): Object: 'Object Repository/Employee-Onboarding/Employee_Salary_Detail_Objects/Page_OrangeHRM/custom_object_for_dropdown' is clicked on

27-12-2024T07:07:28 - [MESSAGE][PASSED] - Object: 'Object Repository/Employee-Onboarding/Employee_Salary_Detail_Objects/Page_OrangeHRM/custom_object_for_dropdown' is clicked on

27-12-2024T07:07:28 - [TEST_STEP][PASSED] - comment("Step 6: Select the desired job option from the dropdown"): Step 6: Select the desired job option from the dropdown

27-12-2024T07:07:28 - [MESSAGE][INFO] - Step 6: Select the desired job option from the dropdown

27-12-2024T07:07:28 - [TEST_STEP][PASSED] - click(findTestObject("Object Repository/Employee-Onboarding/Employee_Jobs/Page_OrangeHRM/i_-- Select --_oxd-icon bi-caret-up-fill ox_627fec_1")): Object: 'Object Repository/Employee-Onboarding/Employee_Jobs/Page_OrangeHRM/i_-- Select --_oxd-icon bi-caret-up-fill ox_627fec_1' is clicked on

27-12-2024T07:07:28 - [MESSAGE][PASSED] - Object: 'Object Repository/Employee-Onboarding/Employee_Jobs/Page_OrangeHRM/i_-- Select --_oxd-icon bi-caret-up-fill ox_627fec_1' is clicked on

27-12-2024T07:07:28 - [TEST_STEP][PASSED] - click(findTestObject("Employee-Onboarding/Employee_Salary_Detail_Objects/Page_OrangeHRM/custom_object_for_dropdown", ["value":Job_Category])): Object: 'Object Repository/Employee-Onboarding/Employee_Salary_Detail_Objects/Page_OrangeHRM/custom_object_for_dropdown' is clicked on

27-12-2024T07:07:28 - [MESSAGE][PASSED] - Object: 'Object Repository/Employee-Onboarding/Employee_Salary_Detail_Objects/Page_OrangeHRM/custom_object_for_dropdown' is clicked on

27-12-2024T07:07:28 - [TEST_STEP][PASSED] - comment("Step 7: Select the desired job category from the dropdown"): Step 7: Select the desired job category from the dropdown

27-12-2024T07:07:28 - [MESSAGE][INFO] - Step 7: Select the desired job category from the dropdown

27-12-2024T07:07:28 - [TEST_STEP][PASSED] - click(findTestObject("Object Repository/Employee-Onboarding/Employee_Jobs/Page_OrangeHRM/i_-- Select --_oxd-icon bi-caret-up-fill ox_627fec_1_2")): Object: 'Object Repository/Employee-Onboarding/Employee_Jobs/Page_OrangeHRM/i_-- Select --_oxd-icon bi-caret-up-fill ox_627fec_1_2' is clicked on

27-12-2024T07:07:29 - [MESSAGE][PASSED] - Object: 'Object Repository/Employee-Onboarding/Employee_Jobs/Page_OrangeHRM/i_-- Select --_oxd-icon bi-caret-up-fill ox_627fec_1_2' is clicked on

27-12-2024T07:07:29 - [TEST_STEP][PASSED] - click(findTestObject("Employee-Onboarding/Employee_Salary_Detail_Objects/Page_OrangeHRM/custom_object_for_dropdown", ["value":Sub_Unit])): Object: 'Object Repository/Employee-Onboarding/Employee_Salary_Detail_Objects/Page_OrangeHRM/custom_object_for_dropdown' is clicked on

27-12-2024T07:07:29 - [MESSAGE][PASSED] - Object: 'Object Repository/Employee-Onboarding/Employee_Salary_Detail_Objects/Page_OrangeHRM/custom_object_for_dropdown' is clicked on

27-12-2024T07:07:29 - [TEST_STEP][PASSED] - comment("Step 8: Select the desired sub-category from the dropdown"): Step 8: Select the desired sub-category from the dropdown

27-12-2024T07:07:29 - [MESSAGE][INFO] - Step 8: Select the desired sub-category from the dropdown

27-12-2024T07:07:29 - [TEST_STEP][PASSED] - click(findTestObject("Object Repository/Employee-Onboarding/Employee_Jobs/Page_OrangeHRM/i_-- Select --_oxd-icon bi-caret-up-fill ox_627fec_1_2_3")): Object: 'Object Repository/Employee-Onboarding/Employee_Jobs/Page_OrangeHRM/i_-- Select --_oxd-icon bi-caret-up-fill ox_627fec_1_2_3' is clicked on

27-12-2024T07:07:30 - [MESSAGE][PASSED] - Object: 'Object Repository/Employee-Onboarding/Employee_Jobs/Page_OrangeHRM/i_-- Select --_oxd-icon bi-caret-up-fill ox_627fec_1_2_3' is clicked on

27-12-2024T07:07:30 - [TEST_STEP][PASSED] - click(findTestObject("Employee-Onboarding/Employee_Salary_Detail_Objects/Page_OrangeHRM/custom_object_for_dropdown", ["value":Location])): Object: 'Object Repository/Employee-Onboarding/Employee_Salary_Detail_Objects/Page_OrangeHRM/custom_object_for_dropdown' is clicked on

27-12-2024T07:07:30 - [MESSAGE][PASSED] - Object: 'Object Repository/Employee-Onboarding/Employee_Salary_Detail_Objects/Page_OrangeHRM/custom_object_for_dropdown' is clicked on

27-12-2024T07:07:30 - [TEST_STEP][PASSED] - comment("Step 9: Finalize the job details by selecting the appropriate options from the dropdown"): Step 9: Finalize the job details by selecting the appropriate options from the dropdown

27-12-2024T07:07:30 - [MESSAGE][INFO] - Step 9: Finalize the job details by selecting the appropriate options from the dropdown

27-12-2024T07:07:30 - [TEST_STEP][PASSED] - click(findTestObject("Object Repository/Employee-Onboarding/Employee_Jobs/Page_OrangeHRM/i_-- Select --_oxd-icon bi-caret-up-fill ox_627fec_1_2_3_4")): Object: 'Object Repository/Employee-Onboarding/Employee_Jobs/Page_OrangeHRM/i_-- Select --_oxd-icon bi-caret-up-fill ox_627fec_1_2_3_4' is clicked on

27-12-2024T07:07:31 - [MESSAGE][PASSED] - Object: 'Object Repository/Employee-Onboarding/Employee_Jobs/Page_OrangeHRM/i_-- Select --_oxd-icon bi-caret-up-fill ox_627fec_1_2_3_4' is clicked on

27-12-2024T07:07:31 - [TEST_STEP][PASSED] - click(findTestObject("Employee-Onboarding/Employee_Salary_Detail_Objects/Page_OrangeHRM/custom_object_for_dropdown", ["value":Employee_Status])): Object: 'Object Repository/Employee-Onboarding/Employee_Salary_Detail_Objects/Page_OrangeHRM/custom_object_for_dropdown' is clicked on

27-12-2024T07:07:31 - [MESSAGE][PASSED] - Object: 'Object Repository/Employee-Onboarding/Employee_Salary_Detail_Objects/Page_OrangeHRM/custom_object_for_dropdown' is clicked on

27-12-2024T07:07:31 - [TEST_STEP][PASSED] - comment("Step 10: Click the "Save" button to save the updated job details for the employee"): Step 10: Click the "Save" button to save the updated job details for the employee

27-12-2024T07:07:31 - [MESSAGE][INFO] - Step 10: Click the "Save" button to save the updated job details for the employee

27-12-2024T07:07:31 - [TEST_STEP][PASSED] - click(findTestObject("Object Repository/Employee-Onboarding/Employee_Jobs/Page_OrangeHRM/button_Save")): Object: 'Object Repository/Employee-Onboarding/Employee_Jobs/Page_OrangeHRM/button_Save' is clicked on

27-12-2024T07:07:32 - [MESSAGE][PASSED] - Object: 'Object Repository/Employee-Onboarding/Employee_Jobs/Page_OrangeHRM/button_Save' is clicked on]]></system-out>
         <system-err><![CDATA[]]></system-err>
      </testcase>
      <testcase name="Test Cases/Employee_Onboarding/TC_Employee_Job_Details" time="16.706" classname="Test Cases/Employee_Onboarding/TC_Employee_Job_Details" status="PASSED">
         <system-out><![CDATA[27-12-2024T07:07:32 - [TEST_CASE][PASSED] - Test Cases/Employee_Onboarding/TC_Employee_Job_Details: Test Cases/Employee_Onboarding/TC_Employee_Job_Details

27-12-2024T07:07:32 - [TEST_STEP][PASSED] - comment("Step 1: Click on the "PIM" tab to access the Employee Management section"): Step 1: Click on the "PIM" tab to access the Employee Management section

27-12-2024T07:07:32 - [MESSAGE][INFO] - Step 1: Click on the "PIM" tab to access the Employee Management section

27-12-2024T07:07:32 - [TEST_STEP][PASSED] - click(findTestObject("Object Repository/Employee-Onboarding/Employee_Jobs/Page_OrangeHRM/a_PIM")): Object: 'Object Repository/Employee-Onboarding/Employee_Jobs/Page_OrangeHRM/a_PIM' is clicked on

27-12-2024T07:07:34 - [MESSAGE][PASSED] - Object: 'Object Repository/Employee-Onboarding/Employee_Jobs/Page_OrangeHRM/a_PIM' is clicked on

27-12-2024T07:07:34 - [TEST_STEP][PASSED] - comment("Step 2: Set the employee name "Alice Johnson" in the search input field"): Step 2: Set the employee name "Alice Johnson" in the search input field

27-12-2024T07:07:34 - [MESSAGE][INFO] - Step 2: Set the employee name "Alice Johnson" in the search input field

27-12-2024T07:07:34 - [TEST_STEP][PASSED] - setText(findTestObject("Object Repository/Employee-Onboarding/Employee_Jobs/Page_OrangeHRM/input"), Fullname): Text 'Jamie Reed' is set on object 'Object Repository/Employee-Onboarding/Employee_Jobs/Page_OrangeHRM/input'

27-12-2024T07:07:36 - [MESSAGE][PASSED] - Text 'Jamie Reed' is set on object 'Object Repository/Employee-Onboarding/Employee_Jobs/Page_OrangeHRM/input'

27-12-2024T07:07:36 - [TEST_STEP][PASSED] - comment("Step 3: Click the "Search" button to search for the employee"): Step 3: Click the "Search" button to search for the employee

27-12-2024T07:07:36 - [MESSAGE][INFO] - Step 3: Click the "Search" button to search for the employee

27-12-2024T07:07:36 - [TEST_STEP][PASSED] - click(findTestObject("Object Repository/Employee-Onboarding/Employee_Jobs/Page_OrangeHRM/button_Search")): Object: 'Object Repository/Employee-Onboarding/Employee_Jobs/Page_OrangeHRM/button_Search' is clicked on

27-12-2024T07:07:36 - [MESSAGE][PASSED] - Object: 'Object Repository/Employee-Onboarding/Employee_Jobs/Page_OrangeHRM/button_Search' is clicked on

27-12-2024T07:07:36 - [TEST_STEP][PASSED] - comment("Step 1: Select the employee record by clicking on the employee ID"): Step 1: Select the employee record by clicking on the employee ID

27-12-2024T07:07:36 - [MESSAGE][INFO] - Step 1: Select the employee record by clicking on the employee ID

27-12-2024T07:07:36 - [TEST_STEP][PASSED] - click(findTestObject("Object Repository/Employee-Onboarding/Employee_Jobs/Page_OrangeHRM/div_0034008")): Object: 'Object Repository/Employee-Onboarding/Employee_Jobs/Page_OrangeHRM/div_0034008' is clicked on

27-12-2024T07:07:38 - [MESSAGE][PASSED] - Object: 'Object Repository/Employee-Onboarding/Employee_Jobs/Page_OrangeHRM/div_0034008' is clicked on

27-12-2024T07:07:38 - [TEST_STEP][PASSED] - comment("Step 2: Click on the "Job" tab in the employee details section"): Step 2: Click on the "Job" tab in the employee details section

27-12-2024T07:07:38 - [MESSAGE][INFO] - Step 2: Click on the "Job" tab in the employee details section

27-12-2024T07:07:38 - [TEST_STEP][PASSED] - click(findTestObject("Object Repository/Employee-Onboarding/Employee_Jobs/Page_OrangeHRM/a_Job")): Object: 'Object Repository/Employee-Onboarding/Employee_Jobs/Page_OrangeHRM/a_Job' is clicked on

27-12-2024T07:07:41 - [MESSAGE][PASSED] - Object: 'Object Repository/Employee-Onboarding/Employee_Jobs/Page_OrangeHRM/a_Job' is clicked on

27-12-2024T07:07:41 - [TEST_STEP][PASSED] - comment("Step 3: Open the date picker for "Joined Date""): Step 3: Open the date picker for "Joined Date"

27-12-2024T07:07:41 - [MESSAGE][INFO] - Step 3: Open the date picker for "Joined Date"

27-12-2024T07:07:41 - [TEST_STEP][PASSED] - click(findTestObject("Object Repository/Employee-Onboarding/Employee_Jobs/Page_OrangeHRM/i_Joined Date_oxd-icon bi-calendar oxd-date_38329e")): Object: 'Object Repository/Employee-Onboarding/Employee_Jobs/Page_OrangeHRM/i_Joined Date_oxd-icon bi-calendar oxd-date_38329e' is clicked on

27-12-2024T07:07:43 - [MESSAGE][PASSED] - Object: 'Object Repository/Employee-Onboarding/Employee_Jobs/Page_OrangeHRM/i_Joined Date_oxd-icon bi-calendar oxd-date_38329e' is clicked on

27-12-2024T07:07:43 - [TEST_STEP][PASSED] - comment("Step 4: Select the 31st as the "Joined Date""): Step 4: Select the 31st as the "Joined Date"

27-12-2024T07:07:43 - [MESSAGE][INFO] - Step 4: Select the 31st as the "Joined Date"

27-12-2024T07:07:43 - [TEST_STEP][PASSED] - click(findTestObject("Object Repository/Employee-Onboarding/Employee_Jobs/Page_OrangeHRM/div_31")): Object: 'Object Repository/Employee-Onboarding/Employee_Jobs/Page_OrangeHRM/div_31' is clicked on

27-12-2024T07:07:43 - [MESSAGE][PASSED] - Object: 'Object Repository/Employee-Onboarding/Employee_Jobs/Page_OrangeHRM/div_31' is clicked on

27-12-2024T07:07:43 - [TEST_STEP][PASSED] - comment("Step 5: Open the dropdown menu to make selections (e.g., job title, employment type)"): Step 5: Open the dropdown menu to make selections (e.g., job title, employment type)

27-12-2024T07:07:43 - [MESSAGE][INFO] - Step 5: Open the dropdown menu to make selections (e.g., job title, employment type)

27-12-2024T07:07:43 - [TEST_STEP][PASSED] - click(findTestObject("Object Repository/Employee-Onboarding/Employee_Jobs/Page_OrangeHRM/i_-- Select --_oxd-icon bi-caret-up-fill ox_627fec")): Object: 'Object Repository/Employee-Onboarding/Employee_Jobs/Page_OrangeHRM/i_-- Select --_oxd-icon bi-caret-up-fill ox_627fec' is clicked on

27-12-2024T07:07:44 - [MESSAGE][PASSED] - Object: 'Object Repository/Employee-Onboarding/Employee_Jobs/Page_OrangeHRM/i_-- Select --_oxd-icon bi-caret-up-fill ox_627fec' is clicked on

27-12-2024T07:07:44 - [TEST_STEP][PASSED] - click(findTestObject("Employee-Onboarding/Employee_Salary_Detail_Objects/Page_OrangeHRM/custom_object_for_dropdown", ["value":Job_Title])): Object: 'Object Repository/Employee-Onboarding/Employee_Salary_Detail_Objects/Page_OrangeHRM/custom_object_for_dropdown' is clicked on

27-12-2024T07:07:44 - [MESSAGE][PASSED] - Object: 'Object Repository/Employee-Onboarding/Employee_Salary_Detail_Objects/Page_OrangeHRM/custom_object_for_dropdown' is clicked on

27-12-2024T07:07:44 - [TEST_STEP][PASSED] - comment("Step 6: Select the desired job option from the dropdown"): Step 6: Select the desired job option from the dropdown

27-12-2024T07:07:44 - [MESSAGE][INFO] - Step 6: Select the desired job option from the dropdown

27-12-2024T07:07:44 - [TEST_STEP][PASSED] - click(findTestObject("Object Repository/Employee-Onboarding/Employee_Jobs/Page_OrangeHRM/i_-- Select --_oxd-icon bi-caret-up-fill ox_627fec_1")): Object: 'Object Repository/Employee-Onboarding/Employee_Jobs/Page_OrangeHRM/i_-- Select --_oxd-icon bi-caret-up-fill ox_627fec_1' is clicked on

27-12-2024T07:07:45 - [MESSAGE][PASSED] - Object: 'Object Repository/Employee-Onboarding/Employee_Jobs/Page_OrangeHRM/i_-- Select --_oxd-icon bi-caret-up-fill ox_627fec_1' is clicked on

27-12-2024T07:07:45 - [TEST_STEP][PASSED] - click(findTestObject("Employee-Onboarding/Employee_Salary_Detail_Objects/Page_OrangeHRM/custom_object_for_dropdown", ["value":Job_Category])): Object: 'Object Repository/Employee-Onboarding/Employee_Salary_Detail_Objects/Page_OrangeHRM/custom_object_for_dropdown' is clicked on

27-12-2024T07:07:45 - [MESSAGE][PASSED] - Object: 'Object Repository/Employee-Onboarding/Employee_Salary_Detail_Objects/Page_OrangeHRM/custom_object_for_dropdown' is clicked on

27-12-2024T07:07:45 - [TEST_STEP][PASSED] - comment("Step 7: Select the desired job category from the dropdown"): Step 7: Select the desired job category from the dropdown

27-12-2024T07:07:45 - [MESSAGE][INFO] - Step 7: Select the desired job category from the dropdown

27-12-2024T07:07:45 - [TEST_STEP][PASSED] - click(findTestObject("Object Repository/Employee-Onboarding/Employee_Jobs/Page_OrangeHRM/i_-- Select --_oxd-icon bi-caret-up-fill ox_627fec_1_2")): Object: 'Object Repository/Employee-Onboarding/Employee_Jobs/Page_OrangeHRM/i_-- Select --_oxd-icon bi-caret-up-fill ox_627fec_1_2' is clicked on

27-12-2024T07:07:46 - [MESSAGE][PASSED] - Object: 'Object Repository/Employee-Onboarding/Employee_Jobs/Page_OrangeHRM/i_-- Select --_oxd-icon bi-caret-up-fill ox_627fec_1_2' is clicked on

27-12-2024T07:07:46 - [TEST_STEP][PASSED] - click(findTestObject("Employee-Onboarding/Employee_Salary_Detail_Objects/Page_OrangeHRM/custom_object_for_dropdown", ["value":Sub_Unit])): Object: 'Object Repository/Employee-Onboarding/Employee_Salary_Detail_Objects/Page_OrangeHRM/custom_object_for_dropdown' is clicked on

27-12-2024T07:07:46 - [MESSAGE][PASSED] - Object: 'Object Repository/Employee-Onboarding/Employee_Salary_Detail_Objects/Page_OrangeHRM/custom_object_for_dropdown' is clicked on

27-12-2024T07:07:46 - [TEST_STEP][PASSED] - comment("Step 8: Select the desired sub-category from the dropdown"): Step 8: Select the desired sub-category from the dropdown

27-12-2024T07:07:46 - [MESSAGE][INFO] - Step 8: Select the desired sub-category from the dropdown

27-12-2024T07:07:46 - [TEST_STEP][PASSED] - click(findTestObject("Object Repository/Employee-Onboarding/Employee_Jobs/Page_OrangeHRM/i_-- Select --_oxd-icon bi-caret-up-fill ox_627fec_1_2_3")): Object: 'Object Repository/Employee-Onboarding/Employee_Jobs/Page_OrangeHRM/i_-- Select --_oxd-icon bi-caret-up-fill ox_627fec_1_2_3' is clicked on

27-12-2024T07:07:47 - [MESSAGE][PASSED] - Object: 'Object Repository/Employee-Onboarding/Employee_Jobs/Page_OrangeHRM/i_-- Select --_oxd-icon bi-caret-up-fill ox_627fec_1_2_3' is clicked on

27-12-2024T07:07:47 - [TEST_STEP][PASSED] - click(findTestObject("Employee-Onboarding/Employee_Salary_Detail_Objects/Page_OrangeHRM/custom_object_for_dropdown", ["value":Location])): Object: 'Object Repository/Employee-Onboarding/Employee_Salary_Detail_Objects/Page_OrangeHRM/custom_object_for_dropdown' is clicked on

27-12-2024T07:07:47 - [MESSAGE][PASSED] - Object: 'Object Repository/Employee-Onboarding/Employee_Salary_Detail_Objects/Page_OrangeHRM/custom_object_for_dropdown' is clicked on

27-12-2024T07:07:47 - [TEST_STEP][PASSED] - comment("Step 9: Finalize the job details by selecting the appropriate options from the dropdown"): Step 9: Finalize the job details by selecting the appropriate options from the dropdown

27-12-2024T07:07:47 - [MESSAGE][INFO] - Step 9: Finalize the job details by selecting the appropriate options from the dropdown

27-12-2024T07:07:47 - [TEST_STEP][PASSED] - click(findTestObject("Object Repository/Employee-Onboarding/Employee_Jobs/Page_OrangeHRM/i_-- Select --_oxd-icon bi-caret-up-fill ox_627fec_1_2_3_4")): Object: 'Object Repository/Employee-Onboarding/Employee_Jobs/Page_OrangeHRM/i_-- Select --_oxd-icon bi-caret-up-fill ox_627fec_1_2_3_4' is clicked on

27-12-2024T07:07:48 - [MESSAGE][PASSED] - Object: 'Object Repository/Employee-Onboarding/Employee_Jobs/Page_OrangeHRM/i_-- Select --_oxd-icon bi-caret-up-fill ox_627fec_1_2_3_4' is clicked on

27-12-2024T07:07:48 - [TEST_STEP][PASSED] - click(findTestObject("Employee-Onboarding/Employee_Salary_Detail_Objects/Page_OrangeHRM/custom_object_for_dropdown", ["value":Employee_Status])): Object: 'Object Repository/Employee-Onboarding/Employee_Salary_Detail_Objects/Page_OrangeHRM/custom_object_for_dropdown' is clicked on

27-12-2024T07:07:48 - [MESSAGE][PASSED] - Object: 'Object Repository/Employee-Onboarding/Employee_Salary_Detail_Objects/Page_OrangeHRM/custom_object_for_dropdown' is clicked on

27-12-2024T07:07:48 - [TEST_STEP][PASSED] - comment("Step 10: Click the "Save" button to save the updated job details for the employee"): Step 10: Click the "Save" button to save the updated job details for the employee

27-12-2024T07:07:48 - [MESSAGE][INFO] - Step 10: Click the "Save" button to save the updated job details for the employee

27-12-2024T07:07:48 - [TEST_STEP][PASSED] - click(findTestObject("Object Repository/Employee-Onboarding/Employee_Jobs/Page_OrangeHRM/button_Save")): Object: 'Object Repository/Employee-Onboarding/Employee_Jobs/Page_OrangeHRM/button_Save' is clicked on

27-12-2024T07:07:48 - [MESSAGE][PASSED] - Object: 'Object Repository/Employee-Onboarding/Employee_Jobs/Page_OrangeHRM/button_Save' is clicked on]]></system-out>
         <system-err><![CDATA[]]></system-err>
      </testcase>
      <testcase name="Test Cases/Employee_Onboarding/TC_Employee_Job_Details" time="17.961" classname="Test Cases/Employee_Onboarding/TC_Employee_Job_Details" status="PASSED">
         <system-out><![CDATA[27-12-2024T07:07:48 - [TEST_CASE][PASSED] - Test Cases/Employee_Onboarding/TC_Employee_Job_Details: Test Cases/Employee_Onboarding/TC_Employee_Job_Details

27-12-2024T07:07:48 - [TEST_STEP][PASSED] - comment("Step 1: Click on the "PIM" tab to access the Employee Management section"): Step 1: Click on the "PIM" tab to access the Employee Management section

27-12-2024T07:07:48 - [MESSAGE][INFO] - Step 1: Click on the "PIM" tab to access the Employee Management section

27-12-2024T07:07:48 - [TEST_STEP][PASSED] - click(findTestObject("Object Repository/Employee-Onboarding/Employee_Jobs/Page_OrangeHRM/a_PIM")): Object: 'Object Repository/Employee-Onboarding/Employee_Jobs/Page_OrangeHRM/a_PIM' is clicked on

27-12-2024T07:07:51 - [MESSAGE][PASSED] - Object: 'Object Repository/Employee-Onboarding/Employee_Jobs/Page_OrangeHRM/a_PIM' is clicked on

27-12-2024T07:07:51 - [TEST_STEP][PASSED] - comment("Step 2: Set the employee name "Alice Johnson" in the search input field"): Step 2: Set the employee name "Alice Johnson" in the search input field

27-12-2024T07:07:51 - [MESSAGE][INFO] - Step 2: Set the employee name "Alice Johnson" in the search input field

27-12-2024T07:07:51 - [TEST_STEP][PASSED] - setText(findTestObject("Object Repository/Employee-Onboarding/Employee_Jobs/Page_OrangeHRM/input"), Fullname): Text 'Joseph Thomas' is set on object 'Object Repository/Employee-Onboarding/Employee_Jobs/Page_OrangeHRM/input'

27-12-2024T07:07:53 - [MESSAGE][PASSED] - Text 'Joseph Thomas' is set on object 'Object Repository/Employee-Onboarding/Employee_Jobs/Page_OrangeHRM/input'

27-12-2024T07:07:53 - [TEST_STEP][PASSED] - comment("Step 3: Click the "Search" button to search for the employee"): Step 3: Click the "Search" button to search for the employee

27-12-2024T07:07:53 - [MESSAGE][INFO] - Step 3: Click the "Search" button to search for the employee

27-12-2024T07:07:53 - [TEST_STEP][PASSED] - click(findTestObject("Object Repository/Employee-Onboarding/Employee_Jobs/Page_OrangeHRM/button_Search")): Object: 'Object Repository/Employee-Onboarding/Employee_Jobs/Page_OrangeHRM/button_Search' is clicked on

27-12-2024T07:07:54 - [MESSAGE][PASSED] - Object: 'Object Repository/Employee-Onboarding/Employee_Jobs/Page_OrangeHRM/button_Search' is clicked on

27-12-2024T07:07:54 - [TEST_STEP][PASSED] - comment("Step 1: Select the employee record by clicking on the employee ID"): Step 1: Select the employee record by clicking on the employee ID

27-12-2024T07:07:54 - [MESSAGE][INFO] - Step 1: Select the employee record by clicking on the employee ID

27-12-2024T07:07:54 - [TEST_STEP][PASSED] - click(findTestObject("Object Repository/Employee-Onboarding/Employee_Jobs/Page_OrangeHRM/div_0034008")): Object: 'Object Repository/Employee-Onboarding/Employee_Jobs/Page_OrangeHRM/div_0034008' is clicked on

27-12-2024T07:07:56 - [MESSAGE][PASSED] - Object: 'Object Repository/Employee-Onboarding/Employee_Jobs/Page_OrangeHRM/div_0034008' is clicked on

27-12-2024T07:07:56 - [TEST_STEP][PASSED] - comment("Step 2: Click on the "Job" tab in the employee details section"): Step 2: Click on the "Job" tab in the employee details section

27-12-2024T07:07:56 - [MESSAGE][INFO] - Step 2: Click on the "Job" tab in the employee details section

27-12-2024T07:07:56 - [TEST_STEP][PASSED] - click(findTestObject("Object Repository/Employee-Onboarding/Employee_Jobs/Page_OrangeHRM/a_Job")): Object: 'Object Repository/Employee-Onboarding/Employee_Jobs/Page_OrangeHRM/a_Job' is clicked on

27-12-2024T07:07:58 - [MESSAGE][PASSED] - Object: 'Object Repository/Employee-Onboarding/Employee_Jobs/Page_OrangeHRM/a_Job' is clicked on

27-12-2024T07:07:58 - [TEST_STEP][PASSED] - comment("Step 3: Open the date picker for "Joined Date""): Step 3: Open the date picker for "Joined Date"

27-12-2024T07:07:58 - [MESSAGE][INFO] - Step 3: Open the date picker for "Joined Date"

27-12-2024T07:07:58 - [TEST_STEP][PASSED] - click(findTestObject("Object Repository/Employee-Onboarding/Employee_Jobs/Page_OrangeHRM/i_Joined Date_oxd-icon bi-calendar oxd-date_38329e")): Object: 'Object Repository/Employee-Onboarding/Employee_Jobs/Page_OrangeHRM/i_Joined Date_oxd-icon bi-calendar oxd-date_38329e' is clicked on

27-12-2024T07:08:01 - [MESSAGE][PASSED] - Object: 'Object Repository/Employee-Onboarding/Employee_Jobs/Page_OrangeHRM/i_Joined Date_oxd-icon bi-calendar oxd-date_38329e' is clicked on

27-12-2024T07:08:01 - [TEST_STEP][PASSED] - comment("Step 4: Select the 31st as the "Joined Date""): Step 4: Select the 31st as the "Joined Date"

27-12-2024T07:08:01 - [MESSAGE][INFO] - Step 4: Select the 31st as the "Joined Date"

27-12-2024T07:08:01 - [TEST_STEP][PASSED] - click(findTestObject("Object Repository/Employee-Onboarding/Employee_Jobs/Page_OrangeHRM/div_31")): Object: 'Object Repository/Employee-Onboarding/Employee_Jobs/Page_OrangeHRM/div_31' is clicked on

27-12-2024T07:08:01 - [MESSAGE][PASSED] - Object: 'Object Repository/Employee-Onboarding/Employee_Jobs/Page_OrangeHRM/div_31' is clicked on

27-12-2024T07:08:01 - [TEST_STEP][PASSED] - comment("Step 5: Open the dropdown menu to make selections (e.g., job title, employment type)"): Step 5: Open the dropdown menu to make selections (e.g., job title, employment type)

27-12-2024T07:08:01 - [MESSAGE][INFO] - Step 5: Open the dropdown menu to make selections (e.g., job title, employment type)

27-12-2024T07:08:01 - [TEST_STEP][PASSED] - click(findTestObject("Object Repository/Employee-Onboarding/Employee_Jobs/Page_OrangeHRM/i_-- Select --_oxd-icon bi-caret-up-fill ox_627fec")): Object: 'Object Repository/Employee-Onboarding/Employee_Jobs/Page_OrangeHRM/i_-- Select --_oxd-icon bi-caret-up-fill ox_627fec' is clicked on

27-12-2024T07:08:01 - [MESSAGE][PASSED] - Object: 'Object Repository/Employee-Onboarding/Employee_Jobs/Page_OrangeHRM/i_-- Select --_oxd-icon bi-caret-up-fill ox_627fec' is clicked on

27-12-2024T07:08:01 - [TEST_STEP][PASSED] - click(findTestObject("Employee-Onboarding/Employee_Salary_Detail_Objects/Page_OrangeHRM/custom_object_for_dropdown", ["value":Job_Title])): Object: 'Object Repository/Employee-Onboarding/Employee_Salary_Detail_Objects/Page_OrangeHRM/custom_object_for_dropdown' is clicked on

27-12-2024T07:08:02 - [MESSAGE][PASSED] - Object: 'Object Repository/Employee-Onboarding/Employee_Salary_Detail_Objects/Page_OrangeHRM/custom_object_for_dropdown' is clicked on

27-12-2024T07:08:02 - [TEST_STEP][PASSED] - comment("Step 6: Select the desired job option from the dropdown"): Step 6: Select the desired job option from the dropdown

27-12-2024T07:08:02 - [MESSAGE][INFO] - Step 6: Select the desired job option from the dropdown

27-12-2024T07:08:02 - [TEST_STEP][PASSED] - click(findTestObject("Object Repository/Employee-Onboarding/Employee_Jobs/Page_OrangeHRM/i_-- Select --_oxd-icon bi-caret-up-fill ox_627fec_1")): Object: 'Object Repository/Employee-Onboarding/Employee_Jobs/Page_OrangeHRM/i_-- Select --_oxd-icon bi-caret-up-fill ox_627fec_1' is clicked on

27-12-2024T07:08:03 - [MESSAGE][PASSED] - Object: 'Object Repository/Employee-Onboarding/Employee_Jobs/Page_OrangeHRM/i_-- Select --_oxd-icon bi-caret-up-fill ox_627fec_1' is clicked on

27-12-2024T07:08:03 - [TEST_STEP][PASSED] - click(findTestObject("Employee-Onboarding/Employee_Salary_Detail_Objects/Page_OrangeHRM/custom_object_for_dropdown", ["value":Job_Category])): Object: 'Object Repository/Employee-Onboarding/Employee_Salary_Detail_Objects/Page_OrangeHRM/custom_object_for_dropdown' is clicked on

27-12-2024T07:08:03 - [MESSAGE][PASSED] - Object: 'Object Repository/Employee-Onboarding/Employee_Salary_Detail_Objects/Page_OrangeHRM/custom_object_for_dropdown' is clicked on

27-12-2024T07:08:03 - [TEST_STEP][PASSED] - comment("Step 7: Select the desired job category from the dropdown"): Step 7: Select the desired job category from the dropdown

27-12-2024T07:08:03 - [MESSAGE][INFO] - Step 7: Select the desired job category from the dropdown

27-12-2024T07:08:03 - [TEST_STEP][PASSED] - click(findTestObject("Object Repository/Employee-Onboarding/Employee_Jobs/Page_OrangeHRM/i_-- Select --_oxd-icon bi-caret-up-fill ox_627fec_1_2")): Object: 'Object Repository/Employee-Onboarding/Employee_Jobs/Page_OrangeHRM/i_-- Select --_oxd-icon bi-caret-up-fill ox_627fec_1_2' is clicked on

27-12-2024T07:08:04 - [MESSAGE][PASSED] - Object: 'Object Repository/Employee-Onboarding/Employee_Jobs/Page_OrangeHRM/i_-- Select --_oxd-icon bi-caret-up-fill ox_627fec_1_2' is clicked on

27-12-2024T07:08:04 - [TEST_STEP][PASSED] - click(findTestObject("Employee-Onboarding/Employee_Salary_Detail_Objects/Page_OrangeHRM/custom_object_for_dropdown", ["value":Sub_Unit])): Object: 'Object Repository/Employee-Onboarding/Employee_Salary_Detail_Objects/Page_OrangeHRM/custom_object_for_dropdown' is clicked on

27-12-2024T07:08:04 - [MESSAGE][PASSED] - Object: 'Object Repository/Employee-Onboarding/Employee_Salary_Detail_Objects/Page_OrangeHRM/custom_object_for_dropdown' is clicked on

27-12-2024T07:08:04 - [TEST_STEP][PASSED] - comment("Step 8: Select the desired sub-category from the dropdown"): Step 8: Select the desired sub-category from the dropdown

27-12-2024T07:08:04 - [MESSAGE][INFO] - Step 8: Select the desired sub-category from the dropdown

27-12-2024T07:08:04 - [TEST_STEP][PASSED] - click(findTestObject("Object Repository/Employee-Onboarding/Employee_Jobs/Page_OrangeHRM/i_-- Select --_oxd-icon bi-caret-up-fill ox_627fec_1_2_3")): Object: 'Object Repository/Employee-Onboarding/Employee_Jobs/Page_OrangeHRM/i_-- Select --_oxd-icon bi-caret-up-fill ox_627fec_1_2_3' is clicked on

27-12-2024T07:08:05 - [MESSAGE][PASSED] - Object: 'Object Repository/Employee-Onboarding/Employee_Jobs/Page_OrangeHRM/i_-- Select --_oxd-icon bi-caret-up-fill ox_627fec_1_2_3' is clicked on

27-12-2024T07:08:05 - [TEST_STEP][PASSED] - click(findTestObject("Employee-Onboarding/Employee_Salary_Detail_Objects/Page_OrangeHRM/custom_object_for_dropdown", ["value":Location])): Object: 'Object Repository/Employee-Onboarding/Employee_Salary_Detail_Objects/Page_OrangeHRM/custom_object_for_dropdown' is clicked on

27-12-2024T07:08:05 - [MESSAGE][PASSED] - Object: 'Object Repository/Employee-Onboarding/Employee_Salary_Detail_Objects/Page_OrangeHRM/custom_object_for_dropdown' is clicked on

27-12-2024T07:08:05 - [TEST_STEP][PASSED] - comment("Step 9: Finalize the job details by selecting the appropriate options from the dropdown"): Step 9: Finalize the job details by selecting the appropriate options from the dropdown

27-12-2024T07:08:05 - [MESSAGE][INFO] - Step 9: Finalize the job details by selecting the appropriate options from the dropdown

27-12-2024T07:08:05 - [TEST_STEP][PASSED] - click(findTestObject("Object Repository/Employee-Onboarding/Employee_Jobs/Page_OrangeHRM/i_-- Select --_oxd-icon bi-caret-up-fill ox_627fec_1_2_3_4")): Object: 'Object Repository/Employee-Onboarding/Employee_Jobs/Page_OrangeHRM/i_-- Select --_oxd-icon bi-caret-up-fill ox_627fec_1_2_3_4' is clicked on

27-12-2024T07:08:06 - [MESSAGE][PASSED] - Object: 'Object Repository/Employee-Onboarding/Employee_Jobs/Page_OrangeHRM/i_-- Select --_oxd-icon bi-caret-up-fill ox_627fec_1_2_3_4' is clicked on

27-12-2024T07:08:06 - [TEST_STEP][PASSED] - click(findTestObject("Employee-Onboarding/Employee_Salary_Detail_Objects/Page_OrangeHRM/custom_object_for_dropdown", ["value":Employee_Status])): Object: 'Object Repository/Employee-Onboarding/Employee_Salary_Detail_Objects/Page_OrangeHRM/custom_object_for_dropdown' is clicked on

27-12-2024T07:08:06 - [MESSAGE][PASSED] - Object: 'Object Repository/Employee-Onboarding/Employee_Salary_Detail_Objects/Page_OrangeHRM/custom_object_for_dropdown' is clicked on

27-12-2024T07:08:06 - [TEST_STEP][PASSED] - comment("Step 10: Click the "Save" button to save the updated job details for the employee"): Step 10: Click the "Save" button to save the updated job details for the employee

27-12-2024T07:08:06 - [MESSAGE][INFO] - Step 10: Click the "Save" button to save the updated job details for the employee

27-12-2024T07:08:06 - [TEST_STEP][PASSED] - click(findTestObject("Object Repository/Employee-Onboarding/Employee_Jobs/Page_OrangeHRM/button_Save")): Object: 'Object Repository/Employee-Onboarding/Employee_Jobs/Page_OrangeHRM/button_Save' is clicked on

27-12-2024T07:08:06 - [MESSAGE][PASSED] - Object: 'Object Repository/Employee-Onboarding/Employee_Jobs/Page_OrangeHRM/button_Save' is clicked on]]></system-out>
         <system-err><![CDATA[]]></system-err>
      </testcase>
      <testcase name="Test Cases/Employee_Onboarding/TC_Employee_Job_Details" time="17.664" classname="Test Cases/Employee_Onboarding/TC_Employee_Job_Details" status="PASSED">
         <system-out><![CDATA[27-12-2024T07:08:06 - [TEST_CASE][PASSED] - Test Cases/Employee_Onboarding/TC_Employee_Job_Details: Test Cases/Employee_Onboarding/TC_Employee_Job_Details

27-12-2024T07:08:06 - [TEST_STEP][PASSED] - comment("Step 1: Click on the "PIM" tab to access the Employee Management section"): Step 1: Click on the "PIM" tab to access the Employee Management section

27-12-2024T07:08:06 - [MESSAGE][INFO] - Step 1: Click on the "PIM" tab to access the Employee Management section

27-12-2024T07:08:06 - [TEST_STEP][PASSED] - click(findTestObject("Object Repository/Employee-Onboarding/Employee_Jobs/Page_OrangeHRM/a_PIM")): Object: 'Object Repository/Employee-Onboarding/Employee_Jobs/Page_OrangeHRM/a_PIM' is clicked on

27-12-2024T07:08:09 - [MESSAGE][PASSED] - Object: 'Object Repository/Employee-Onboarding/Employee_Jobs/Page_OrangeHRM/a_PIM' is clicked on

27-12-2024T07:08:09 - [TEST_STEP][PASSED] - comment("Step 2: Set the employee name "Alice Johnson" in the search input field"): Step 2: Set the employee name "Alice Johnson" in the search input field

27-12-2024T07:08:09 - [MESSAGE][INFO] - Step 2: Set the employee name "Alice Johnson" in the search input field

27-12-2024T07:08:09 - [TEST_STEP][PASSED] - setText(findTestObject("Object Repository/Employee-Onboarding/Employee_Jobs/Page_OrangeHRM/input"), Fullname): Text 'Kelly Mcbride' is set on object 'Object Repository/Employee-Onboarding/Employee_Jobs/Page_OrangeHRM/input'

27-12-2024T07:08:11 - [MESSAGE][PASSED] - Text 'Kelly Mcbride' is set on object 'Object Repository/Employee-Onboarding/Employee_Jobs/Page_OrangeHRM/input'

27-12-2024T07:08:11 - [TEST_STEP][PASSED] - comment("Step 3: Click the "Search" button to search for the employee"): Step 3: Click the "Search" button to search for the employee

27-12-2024T07:08:11 - [MESSAGE][INFO] - Step 3: Click the "Search" button to search for the employee

27-12-2024T07:08:11 - [TEST_STEP][PASSED] - click(findTestObject("Object Repository/Employee-Onboarding/Employee_Jobs/Page_OrangeHRM/button_Search")): Object: 'Object Repository/Employee-Onboarding/Employee_Jobs/Page_OrangeHRM/button_Search' is clicked on

27-12-2024T07:08:11 - [MESSAGE][PASSED] - Object: 'Object Repository/Employee-Onboarding/Employee_Jobs/Page_OrangeHRM/button_Search' is clicked on

27-12-2024T07:08:11 - [TEST_STEP][PASSED] - comment("Step 1: Select the employee record by clicking on the employee ID"): Step 1: Select the employee record by clicking on the employee ID

27-12-2024T07:08:11 - [MESSAGE][INFO] - Step 1: Select the employee record by clicking on the employee ID

27-12-2024T07:08:11 - [TEST_STEP][PASSED] - click(findTestObject("Object Repository/Employee-Onboarding/Employee_Jobs/Page_OrangeHRM/div_0034008")): Object: 'Object Repository/Employee-Onboarding/Employee_Jobs/Page_OrangeHRM/div_0034008' is clicked on

27-12-2024T07:08:13 - [MESSAGE][PASSED] - Object: 'Object Repository/Employee-Onboarding/Employee_Jobs/Page_OrangeHRM/div_0034008' is clicked on

27-12-2024T07:08:13 - [TEST_STEP][PASSED] - comment("Step 2: Click on the "Job" tab in the employee details section"): Step 2: Click on the "Job" tab in the employee details section

27-12-2024T07:08:13 - [MESSAGE][INFO] - Step 2: Click on the "Job" tab in the employee details section

27-12-2024T07:08:13 - [TEST_STEP][PASSED] - click(findTestObject("Object Repository/Employee-Onboarding/Employee_Jobs/Page_OrangeHRM/a_Job")): Object: 'Object Repository/Employee-Onboarding/Employee_Jobs/Page_OrangeHRM/a_Job' is clicked on

27-12-2024T07:08:16 - [MESSAGE][PASSED] - Object: 'Object Repository/Employee-Onboarding/Employee_Jobs/Page_OrangeHRM/a_Job' is clicked on

27-12-2024T07:08:16 - [TEST_STEP][PASSED] - comment("Step 3: Open the date picker for "Joined Date""): Step 3: Open the date picker for "Joined Date"

27-12-2024T07:08:16 - [MESSAGE][INFO] - Step 3: Open the date picker for "Joined Date"

27-12-2024T07:08:16 - [TEST_STEP][PASSED] - click(findTestObject("Object Repository/Employee-Onboarding/Employee_Jobs/Page_OrangeHRM/i_Joined Date_oxd-icon bi-calendar oxd-date_38329e")): Object: 'Object Repository/Employee-Onboarding/Employee_Jobs/Page_OrangeHRM/i_Joined Date_oxd-icon bi-calendar oxd-date_38329e' is clicked on

27-12-2024T07:08:18 - [MESSAGE][PASSED] - Object: 'Object Repository/Employee-Onboarding/Employee_Jobs/Page_OrangeHRM/i_Joined Date_oxd-icon bi-calendar oxd-date_38329e' is clicked on

27-12-2024T07:08:18 - [TEST_STEP][PASSED] - comment("Step 4: Select the 31st as the "Joined Date""): Step 4: Select the 31st as the "Joined Date"

27-12-2024T07:08:18 - [MESSAGE][INFO] - Step 4: Select the 31st as the "Joined Date"

27-12-2024T07:08:18 - [TEST_STEP][PASSED] - click(findTestObject("Object Repository/Employee-Onboarding/Employee_Jobs/Page_OrangeHRM/div_31")): Object: 'Object Repository/Employee-Onboarding/Employee_Jobs/Page_OrangeHRM/div_31' is clicked on

27-12-2024T07:08:18 - [MESSAGE][PASSED] - Object: 'Object Repository/Employee-Onboarding/Employee_Jobs/Page_OrangeHRM/div_31' is clicked on

27-12-2024T07:08:18 - [TEST_STEP][PASSED] - comment("Step 5: Open the dropdown menu to make selections (e.g., job title, employment type)"): Step 5: Open the dropdown menu to make selections (e.g., job title, employment type)

27-12-2024T07:08:18 - [MESSAGE][INFO] - Step 5: Open the dropdown menu to make selections (e.g., job title, employment type)

27-12-2024T07:08:18 - [TEST_STEP][PASSED] - click(findTestObject("Object Repository/Employee-Onboarding/Employee_Jobs/Page_OrangeHRM/i_-- Select --_oxd-icon bi-caret-up-fill ox_627fec")): Object: 'Object Repository/Employee-Onboarding/Employee_Jobs/Page_OrangeHRM/i_-- Select --_oxd-icon bi-caret-up-fill ox_627fec' is clicked on

27-12-2024T07:08:19 - [MESSAGE][PASSED] - Object: 'Object Repository/Employee-Onboarding/Employee_Jobs/Page_OrangeHRM/i_-- Select --_oxd-icon bi-caret-up-fill ox_627fec' is clicked on

27-12-2024T07:08:19 - [TEST_STEP][PASSED] - click(findTestObject("Employee-Onboarding/Employee_Salary_Detail_Objects/Page_OrangeHRM/custom_object_for_dropdown", ["value":Job_Title])): Object: 'Object Repository/Employee-Onboarding/Employee_Salary_Detail_Objects/Page_OrangeHRM/custom_object_for_dropdown' is clicked on

27-12-2024T07:08:19 - [MESSAGE][PASSED] - Object: 'Object Repository/Employee-Onboarding/Employee_Salary_Detail_Objects/Page_OrangeHRM/custom_object_for_dropdown' is clicked on

27-12-2024T07:08:19 - [TEST_STEP][PASSED] - comment("Step 6: Select the desired job option from the dropdown"): Step 6: Select the desired job option from the dropdown

27-12-2024T07:08:19 - [MESSAGE][INFO] - Step 6: Select the desired job option from the dropdown

27-12-2024T07:08:19 - [TEST_STEP][PASSED] - click(findTestObject("Object Repository/Employee-Onboarding/Employee_Jobs/Page_OrangeHRM/i_-- Select --_oxd-icon bi-caret-up-fill ox_627fec_1")): Object: 'Object Repository/Employee-Onboarding/Employee_Jobs/Page_OrangeHRM/i_-- Select --_oxd-icon bi-caret-up-fill ox_627fec_1' is clicked on

27-12-2024T07:08:20 - [MESSAGE][PASSED] - Object: 'Object Repository/Employee-Onboarding/Employee_Jobs/Page_OrangeHRM/i_-- Select --_oxd-icon bi-caret-up-fill ox_627fec_1' is clicked on

27-12-2024T07:08:20 - [TEST_STEP][PASSED] - click(findTestObject("Employee-Onboarding/Employee_Salary_Detail_Objects/Page_OrangeHRM/custom_object_for_dropdown", ["value":Job_Category])): Object: 'Object Repository/Employee-Onboarding/Employee_Salary_Detail_Objects/Page_OrangeHRM/custom_object_for_dropdown' is clicked on

27-12-2024T07:08:21 - [MESSAGE][PASSED] - Object: 'Object Repository/Employee-Onboarding/Employee_Salary_Detail_Objects/Page_OrangeHRM/custom_object_for_dropdown' is clicked on

27-12-2024T07:08:21 - [TEST_STEP][PASSED] - comment("Step 7: Select the desired job category from the dropdown"): Step 7: Select the desired job category from the dropdown

27-12-2024T07:08:21 - [MESSAGE][INFO] - Step 7: Select the desired job category from the dropdown

27-12-2024T07:08:21 - [TEST_STEP][PASSED] - click(findTestObject("Object Repository/Employee-Onboarding/Employee_Jobs/Page_OrangeHRM/i_-- Select --_oxd-icon bi-caret-up-fill ox_627fec_1_2")): Object: 'Object Repository/Employee-Onboarding/Employee_Jobs/Page_OrangeHRM/i_-- Select --_oxd-icon bi-caret-up-fill ox_627fec_1_2' is clicked on

27-12-2024T07:08:21 - [MESSAGE][PASSED] - Object: 'Object Repository/Employee-Onboarding/Employee_Jobs/Page_OrangeHRM/i_-- Select --_oxd-icon bi-caret-up-fill ox_627fec_1_2' is clicked on

27-12-2024T07:08:21 - [TEST_STEP][PASSED] - click(findTestObject("Employee-Onboarding/Employee_Salary_Detail_Objects/Page_OrangeHRM/custom_object_for_dropdown", ["value":Sub_Unit])): Object: 'Object Repository/Employee-Onboarding/Employee_Salary_Detail_Objects/Page_OrangeHRM/custom_object_for_dropdown' is clicked on

27-12-2024T07:08:22 - [MESSAGE][PASSED] - Object: 'Object Repository/Employee-Onboarding/Employee_Salary_Detail_Objects/Page_OrangeHRM/custom_object_for_dropdown' is clicked on

27-12-2024T07:08:22 - [TEST_STEP][PASSED] - comment("Step 8: Select the desired sub-category from the dropdown"): Step 8: Select the desired sub-category from the dropdown

27-12-2024T07:08:22 - [MESSAGE][INFO] - Step 8: Select the desired sub-category from the dropdown

27-12-2024T07:08:22 - [TEST_STEP][PASSED] - click(findTestObject("Object Repository/Employee-Onboarding/Employee_Jobs/Page_OrangeHRM/i_-- Select --_oxd-icon bi-caret-up-fill ox_627fec_1_2_3")): Object: 'Object Repository/Employee-Onboarding/Employee_Jobs/Page_OrangeHRM/i_-- Select --_oxd-icon bi-caret-up-fill ox_627fec_1_2_3' is clicked on

27-12-2024T07:08:22 - [MESSAGE][PASSED] - Object: 'Object Repository/Employee-Onboarding/Employee_Jobs/Page_OrangeHRM/i_-- Select --_oxd-icon bi-caret-up-fill ox_627fec_1_2_3' is clicked on

27-12-2024T07:08:22 - [TEST_STEP][PASSED] - click(findTestObject("Employee-Onboarding/Employee_Salary_Detail_Objects/Page_OrangeHRM/custom_object_for_dropdown", ["value":Location])): Object: 'Object Repository/Employee-Onboarding/Employee_Salary_Detail_Objects/Page_OrangeHRM/custom_object_for_dropdown' is clicked on

27-12-2024T07:08:23 - [MESSAGE][PASSED] - Object: 'Object Repository/Employee-Onboarding/Employee_Salary_Detail_Objects/Page_OrangeHRM/custom_object_for_dropdown' is clicked on

27-12-2024T07:08:23 - [TEST_STEP][PASSED] - comment("Step 9: Finalize the job details by selecting the appropriate options from the dropdown"): Step 9: Finalize the job details by selecting the appropriate options from the dropdown

27-12-2024T07:08:23 - [MESSAGE][INFO] - Step 9: Finalize the job details by selecting the appropriate options from the dropdown

27-12-2024T07:08:23 - [TEST_STEP][PASSED] - click(findTestObject("Object Repository/Employee-Onboarding/Employee_Jobs/Page_OrangeHRM/i_-- Select --_oxd-icon bi-caret-up-fill ox_627fec_1_2_3_4")): Object: 'Object Repository/Employee-Onboarding/Employee_Jobs/Page_OrangeHRM/i_-- Select --_oxd-icon bi-caret-up-fill ox_627fec_1_2_3_4' is clicked on

27-12-2024T07:08:23 - [MESSAGE][PASSED] - Object: 'Object Repository/Employee-Onboarding/Employee_Jobs/Page_OrangeHRM/i_-- Select --_oxd-icon bi-caret-up-fill ox_627fec_1_2_3_4' is clicked on

27-12-2024T07:08:23 - [TEST_STEP][PASSED] - click(findTestObject("Employee-Onboarding/Employee_Salary_Detail_Objects/Page_OrangeHRM/custom_object_for_dropdown", ["value":Employee_Status])): Object: 'Object Repository/Employee-Onboarding/Employee_Salary_Detail_Objects/Page_OrangeHRM/custom_object_for_dropdown' is clicked on

27-12-2024T07:08:24 - [MESSAGE][PASSED] - Object: 'Object Repository/Employee-Onboarding/Employee_Salary_Detail_Objects/Page_OrangeHRM/custom_object_for_dropdown' is clicked on

27-12-2024T07:08:24 - [TEST_STEP][PASSED] - comment("Step 10: Click the "Save" button to save the updated job details for the employee"): Step 10: Click the "Save" button to save the updated job details for the employee

27-12-2024T07:08:24 - [MESSAGE][INFO] - Step 10: Click the "Save" button to save the updated job details for the employee

27-12-2024T07:08:24 - [TEST_STEP][PASSED] - click(findTestObject("Object Repository/Employee-Onboarding/Employee_Jobs/Page_OrangeHRM/button_Save")): Object: 'Object Repository/Employee-Onboarding/Employee_Jobs/Page_OrangeHRM/button_Save' is clicked on

27-12-2024T07:08:24 - [MESSAGE][PASSED] - Object: 'Object Repository/Employee-Onboarding/Employee_Jobs/Page_OrangeHRM/button_Save' is clicked on]]></system-out>
         <system-err><![CDATA[]]></system-err>
      </testcase>
      <testcase name="Test Cases/Employee_Onboarding/TC_Employee_Job_Details" time="17.413" classname="Test Cases/Employee_Onboarding/TC_Employee_Job_Details" status="PASSED">
         <system-out><![CDATA[27-12-2024T07:08:24 - [TEST_CASE][PASSED] - Test Cases/Employee_Onboarding/TC_Employee_Job_Details: Test Cases/Employee_Onboarding/TC_Employee_Job_Details

27-12-2024T07:08:24 - [TEST_STEP][PASSED] - comment("Step 1: Click on the "PIM" tab to access the Employee Management section"): Step 1: Click on the "PIM" tab to access the Employee Management section

27-12-2024T07:08:24 - [MESSAGE][INFO] - Step 1: Click on the "PIM" tab to access the Employee Management section

27-12-2024T07:08:24 - [TEST_STEP][PASSED] - click(findTestObject("Object Repository/Employee-Onboarding/Employee_Jobs/Page_OrangeHRM/a_PIM")): Object: 'Object Repository/Employee-Onboarding/Employee_Jobs/Page_OrangeHRM/a_PIM' is clicked on

27-12-2024T07:08:27 - [MESSAGE][PASSED] - Object: 'Object Repository/Employee-Onboarding/Employee_Jobs/Page_OrangeHRM/a_PIM' is clicked on

27-12-2024T07:08:27 - [TEST_STEP][PASSED] - comment("Step 2: Set the employee name "Alice Johnson" in the search input field"): Step 2: Set the employee name "Alice Johnson" in the search input field

27-12-2024T07:08:27 - [MESSAGE][INFO] - Step 2: Set the employee name "Alice Johnson" in the search input field

27-12-2024T07:08:27 - [TEST_STEP][PASSED] - setText(findTestObject("Object Repository/Employee-Onboarding/Employee_Jobs/Page_OrangeHRM/input"), Fullname): Text 'Walter Mason' is set on object 'Object Repository/Employee-Onboarding/Employee_Jobs/Page_OrangeHRM/input'

27-12-2024T07:08:28 - [MESSAGE][PASSED] - Text 'Walter Mason' is set on object 'Object Repository/Employee-Onboarding/Employee_Jobs/Page_OrangeHRM/input'

27-12-2024T07:08:28 - [TEST_STEP][PASSED] - comment("Step 3: Click the "Search" button to search for the employee"): Step 3: Click the "Search" button to search for the employee

27-12-2024T07:08:28 - [MESSAGE][INFO] - Step 3: Click the "Search" button to search for the employee

27-12-2024T07:08:28 - [TEST_STEP][PASSED] - click(findTestObject("Object Repository/Employee-Onboarding/Employee_Jobs/Page_OrangeHRM/button_Search")): Object: 'Object Repository/Employee-Onboarding/Employee_Jobs/Page_OrangeHRM/button_Search' is clicked on

27-12-2024T07:08:29 - [MESSAGE][PASSED] - Object: 'Object Repository/Employee-Onboarding/Employee_Jobs/Page_OrangeHRM/button_Search' is clicked on

27-12-2024T07:08:29 - [TEST_STEP][PASSED] - comment("Step 1: Select the employee record by clicking on the employee ID"): Step 1: Select the employee record by clicking on the employee ID

27-12-2024T07:08:29 - [MESSAGE][INFO] - Step 1: Select the employee record by clicking on the employee ID

27-12-2024T07:08:29 - [TEST_STEP][PASSED] - click(findTestObject("Object Repository/Employee-Onboarding/Employee_Jobs/Page_OrangeHRM/div_0034008")): Object: 'Object Repository/Employee-Onboarding/Employee_Jobs/Page_OrangeHRM/div_0034008' is clicked on

27-12-2024T07:08:30 - [MESSAGE][PASSED] - Object: 'Object Repository/Employee-Onboarding/Employee_Jobs/Page_OrangeHRM/div_0034008' is clicked on

27-12-2024T07:08:30 - [TEST_STEP][PASSED] - comment("Step 2: Click on the "Job" tab in the employee details section"): Step 2: Click on the "Job" tab in the employee details section

27-12-2024T07:08:30 - [MESSAGE][INFO] - Step 2: Click on the "Job" tab in the employee details section

27-12-2024T07:08:30 - [TEST_STEP][PASSED] - click(findTestObject("Object Repository/Employee-Onboarding/Employee_Jobs/Page_OrangeHRM/a_Job")): Object: 'Object Repository/Employee-Onboarding/Employee_Jobs/Page_OrangeHRM/a_Job' is clicked on

27-12-2024T07:08:33 - [MESSAGE][PASSED] - Object: 'Object Repository/Employee-Onboarding/Employee_Jobs/Page_OrangeHRM/a_Job' is clicked on

27-12-2024T07:08:33 - [TEST_STEP][PASSED] - comment("Step 3: Open the date picker for "Joined Date""): Step 3: Open the date picker for "Joined Date"

27-12-2024T07:08:33 - [MESSAGE][INFO] - Step 3: Open the date picker for "Joined Date"

27-12-2024T07:08:33 - [TEST_STEP][PASSED] - click(findTestObject("Object Repository/Employee-Onboarding/Employee_Jobs/Page_OrangeHRM/i_Joined Date_oxd-icon bi-calendar oxd-date_38329e")): Object: 'Object Repository/Employee-Onboarding/Employee_Jobs/Page_OrangeHRM/i_Joined Date_oxd-icon bi-calendar oxd-date_38329e' is clicked on

27-12-2024T07:08:36 - [MESSAGE][PASSED] - Object: 'Object Repository/Employee-Onboarding/Employee_Jobs/Page_OrangeHRM/i_Joined Date_oxd-icon bi-calendar oxd-date_38329e' is clicked on

27-12-2024T07:08:36 - [TEST_STEP][PASSED] - comment("Step 4: Select the 31st as the "Joined Date""): Step 4: Select the 31st as the "Joined Date"

27-12-2024T07:08:36 - [MESSAGE][INFO] - Step 4: Select the 31st as the "Joined Date"

27-12-2024T07:08:36 - [TEST_STEP][PASSED] - click(findTestObject("Object Repository/Employee-Onboarding/Employee_Jobs/Page_OrangeHRM/div_31")): Object: 'Object Repository/Employee-Onboarding/Employee_Jobs/Page_OrangeHRM/div_31' is clicked on

27-12-2024T07:08:36 - [MESSAGE][PASSED] - Object: 'Object Repository/Employee-Onboarding/Employee_Jobs/Page_OrangeHRM/div_31' is clicked on

27-12-2024T07:08:36 - [TEST_STEP][PASSED] - comment("Step 5: Open the dropdown menu to make selections (e.g., job title, employment type)"): Step 5: Open the dropdown menu to make selections (e.g., job title, employment type)

27-12-2024T07:08:36 - [MESSAGE][INFO] - Step 5: Open the dropdown menu to make selections (e.g., job title, employment type)

27-12-2024T07:08:36 - [TEST_STEP][PASSED] - click(findTestObject("Object Repository/Employee-Onboarding/Employee_Jobs/Page_OrangeHRM/i_-- Select --_oxd-icon bi-caret-up-fill ox_627fec")): Object: 'Object Repository/Employee-Onboarding/Employee_Jobs/Page_OrangeHRM/i_-- Select --_oxd-icon bi-caret-up-fill ox_627fec' is clicked on

27-12-2024T07:08:36 - [MESSAGE][PASSED] - Object: 'Object Repository/Employee-Onboarding/Employee_Jobs/Page_OrangeHRM/i_-- Select --_oxd-icon bi-caret-up-fill ox_627fec' is clicked on

27-12-2024T07:08:36 - [TEST_STEP][PASSED] - click(findTestObject("Employee-Onboarding/Employee_Salary_Detail_Objects/Page_OrangeHRM/custom_object_for_dropdown", ["value":Job_Title])): Object: 'Object Repository/Employee-Onboarding/Employee_Salary_Detail_Objects/Page_OrangeHRM/custom_object_for_dropdown' is clicked on

27-12-2024T07:08:37 - [MESSAGE][PASSED] - Object: 'Object Repository/Employee-Onboarding/Employee_Salary_Detail_Objects/Page_OrangeHRM/custom_object_for_dropdown' is clicked on

27-12-2024T07:08:37 - [TEST_STEP][PASSED] - comment("Step 6: Select the desired job option from the dropdown"): Step 6: Select the desired job option from the dropdown

27-12-2024T07:08:37 - [MESSAGE][INFO] - Step 6: Select the desired job option from the dropdown

27-12-2024T07:08:37 - [TEST_STEP][PASSED] - click(findTestObject("Object Repository/Employee-Onboarding/Employee_Jobs/Page_OrangeHRM/i_-- Select --_oxd-icon bi-caret-up-fill ox_627fec_1")): Object: 'Object Repository/Employee-Onboarding/Employee_Jobs/Page_OrangeHRM/i_-- Select --_oxd-icon bi-caret-up-fill ox_627fec_1' is clicked on

27-12-2024T07:08:38 - [MESSAGE][PASSED] - Object: 'Object Repository/Employee-Onboarding/Employee_Jobs/Page_OrangeHRM/i_-- Select --_oxd-icon bi-caret-up-fill ox_627fec_1' is clicked on

27-12-2024T07:08:38 - [TEST_STEP][PASSED] - click(findTestObject("Employee-Onboarding/Employee_Salary_Detail_Objects/Page_OrangeHRM/custom_object_for_dropdown", ["value":Job_Category])): Object: 'Object Repository/Employee-Onboarding/Employee_Salary_Detail_Objects/Page_OrangeHRM/custom_object_for_dropdown' is clicked on

27-12-2024T07:08:38 - [MESSAGE][PASSED] - Object: 'Object Repository/Employee-Onboarding/Employee_Salary_Detail_Objects/Page_OrangeHRM/custom_object_for_dropdown' is clicked on

27-12-2024T07:08:38 - [TEST_STEP][PASSED] - comment("Step 7: Select the desired job category from the dropdown"): Step 7: Select the desired job category from the dropdown

27-12-2024T07:08:38 - [MESSAGE][INFO] - Step 7: Select the desired job category from the dropdown

27-12-2024T07:08:38 - [TEST_STEP][PASSED] - click(findTestObject("Object Repository/Employee-Onboarding/Employee_Jobs/Page_OrangeHRM/i_-- Select --_oxd-icon bi-caret-up-fill ox_627fec_1_2")): Object: 'Object Repository/Employee-Onboarding/Employee_Jobs/Page_OrangeHRM/i_-- Select --_oxd-icon bi-caret-up-fill ox_627fec_1_2' is clicked on

27-12-2024T07:08:39 - [MESSAGE][PASSED] - Object: 'Object Repository/Employee-Onboarding/Employee_Jobs/Page_OrangeHRM/i_-- Select --_oxd-icon bi-caret-up-fill ox_627fec_1_2' is clicked on

27-12-2024T07:08:39 - [TEST_STEP][PASSED] - click(findTestObject("Employee-Onboarding/Employee_Salary_Detail_Objects/Page_OrangeHRM/custom_object_for_dropdown", ["value":Sub_Unit])): Object: 'Object Repository/Employee-Onboarding/Employee_Salary_Detail_Objects/Page_OrangeHRM/custom_object_for_dropdown' is clicked on

27-12-2024T07:08:39 - [MESSAGE][PASSED] - Object: 'Object Repository/Employee-Onboarding/Employee_Salary_Detail_Objects/Page_OrangeHRM/custom_object_for_dropdown' is clicked on

27-12-2024T07:08:39 - [TEST_STEP][PASSED] - comment("Step 8: Select the desired sub-category from the dropdown"): Step 8: Select the desired sub-category from the dropdown

27-12-2024T07:08:39 - [MESSAGE][INFO] - Step 8: Select the desired sub-category from the dropdown

27-12-2024T07:08:39 - [TEST_STEP][PASSED] - click(findTestObject("Object Repository/Employee-Onboarding/Employee_Jobs/Page_OrangeHRM/i_-- Select --_oxd-icon bi-caret-up-fill ox_627fec_1_2_3")): Object: 'Object Repository/Employee-Onboarding/Employee_Jobs/Page_OrangeHRM/i_-- Select --_oxd-icon bi-caret-up-fill ox_627fec_1_2_3' is clicked on

27-12-2024T07:08:40 - [MESSAGE][PASSED] - Object: 'Object Repository/Employee-Onboarding/Employee_Jobs/Page_OrangeHRM/i_-- Select --_oxd-icon bi-caret-up-fill ox_627fec_1_2_3' is clicked on

27-12-2024T07:08:40 - [TEST_STEP][PASSED] - click(findTestObject("Employee-Onboarding/Employee_Salary_Detail_Objects/Page_OrangeHRM/custom_object_for_dropdown", ["value":Location])): Object: 'Object Repository/Employee-Onboarding/Employee_Salary_Detail_Objects/Page_OrangeHRM/custom_object_for_dropdown' is clicked on

27-12-2024T07:08:40 - [MESSAGE][PASSED] - Object: 'Object Repository/Employee-Onboarding/Employee_Salary_Detail_Objects/Page_OrangeHRM/custom_object_for_dropdown' is clicked on

27-12-2024T07:08:40 - [TEST_STEP][PASSED] - comment("Step 9: Finalize the job details by selecting the appropriate options from the dropdown"): Step 9: Finalize the job details by selecting the appropriate options from the dropdown

27-12-2024T07:08:40 - [MESSAGE][INFO] - Step 9: Finalize the job details by selecting the appropriate options from the dropdown

27-12-2024T07:08:40 - [TEST_STEP][PASSED] - click(findTestObject("Object Repository/Employee-Onboarding/Employee_Jobs/Page_OrangeHRM/i_-- Select --_oxd-icon bi-caret-up-fill ox_627fec_1_2_3_4")): Object: 'Object Repository/Employee-Onboarding/Employee_Jobs/Page_OrangeHRM/i_-- Select --_oxd-icon bi-caret-up-fill ox_627fec_1_2_3_4' is clicked on

27-12-2024T07:08:41 - [MESSAGE][PASSED] - Object: 'Object Repository/Employee-Onboarding/Employee_Jobs/Page_OrangeHRM/i_-- Select --_oxd-icon bi-caret-up-fill ox_627fec_1_2_3_4' is clicked on

27-12-2024T07:08:41 - [TEST_STEP][PASSED] - click(findTestObject("Employee-Onboarding/Employee_Salary_Detail_Objects/Page_OrangeHRM/custom_object_for_dropdown", ["value":Employee_Status])): Object: 'Object Repository/Employee-Onboarding/Employee_Salary_Detail_Objects/Page_OrangeHRM/custom_object_for_dropdown' is clicked on

27-12-2024T07:08:41 - [MESSAGE][PASSED] - Object: 'Object Repository/Employee-Onboarding/Employee_Salary_Detail_Objects/Page_OrangeHRM/custom_object_for_dropdown' is clicked on

27-12-2024T07:08:41 - [TEST_STEP][PASSED] - comment("Step 10: Click the "Save" button to save the updated job details for the employee"): Step 10: Click the "Save" button to save the updated job details for the employee

27-12-2024T07:08:41 - [MESSAGE][INFO] - Step 10: Click the "Save" button to save the updated job details for the employee

27-12-2024T07:08:41 - [TEST_STEP][PASSED] - click(findTestObject("Object Repository/Employee-Onboarding/Employee_Jobs/Page_OrangeHRM/button_Save")): Object: 'Object Repository/Employee-Onboarding/Employee_Jobs/Page_OrangeHRM/button_Save' is clicked on

27-12-2024T07:08:42 - [MESSAGE][PASSED] - Object: 'Object Repository/Employee-Onboarding/Employee_Jobs/Page_OrangeHRM/button_Save' is clicked on]]></system-out>
         <system-err><![CDATA[]]></system-err>
      </testcase>
      <testcase name="Test Cases/Employee_Onboarding/TC_Employee_Job_Details" time="17.17" classname="Test Cases/Employee_Onboarding/TC_Employee_Job_Details" status="PASSED">
         <system-out><![CDATA[27-12-2024T07:08:42 - [TEST_CASE][PASSED] - Test Cases/Employee_Onboarding/TC_Employee_Job_Details: Test Cases/Employee_Onboarding/TC_Employee_Job_Details

27-12-2024T07:08:42 - [TEST_STEP][PASSED] - comment("Step 1: Click on the "PIM" tab to access the Employee Management section"): Step 1: Click on the "PIM" tab to access the Employee Management section

27-12-2024T07:08:42 - [MESSAGE][INFO] - Step 1: Click on the "PIM" tab to access the Employee Management section

27-12-2024T07:08:42 - [TEST_STEP][PASSED] - click(findTestObject("Object Repository/Employee-Onboarding/Employee_Jobs/Page_OrangeHRM/a_PIM")): Object: 'Object Repository/Employee-Onboarding/Employee_Jobs/Page_OrangeHRM/a_PIM' is clicked on

27-12-2024T07:08:44 - [MESSAGE][PASSED] - Object: 'Object Repository/Employee-Onboarding/Employee_Jobs/Page_OrangeHRM/a_PIM' is clicked on

27-12-2024T07:08:44 - [TEST_STEP][PASSED] - comment("Step 2: Set the employee name "Alice Johnson" in the search input field"): Step 2: Set the employee name "Alice Johnson" in the search input field

27-12-2024T07:08:44 - [MESSAGE][INFO] - Step 2: Set the employee name "Alice Johnson" in the search input field

27-12-2024T07:08:44 - [TEST_STEP][PASSED] - setText(findTestObject("Object Repository/Employee-Onboarding/Employee_Jobs/Page_OrangeHRM/input"), Fullname): Text 'Sara Burns' is set on object 'Object Repository/Employee-Onboarding/Employee_Jobs/Page_OrangeHRM/input'

27-12-2024T07:08:46 - [MESSAGE][PASSED] - Text 'Sara Burns' is set on object 'Object Repository/Employee-Onboarding/Employee_Jobs/Page_OrangeHRM/input'

27-12-2024T07:08:46 - [TEST_STEP][PASSED] - comment("Step 3: Click the "Search" button to search for the employee"): Step 3: Click the "Search" button to search for the employee

27-12-2024T07:08:46 - [MESSAGE][INFO] - Step 3: Click the "Search" button to search for the employee

27-12-2024T07:08:46 - [TEST_STEP][PASSED] - click(findTestObject("Object Repository/Employee-Onboarding/Employee_Jobs/Page_OrangeHRM/button_Search")): Object: 'Object Repository/Employee-Onboarding/Employee_Jobs/Page_OrangeHRM/button_Search' is clicked on

27-12-2024T07:08:46 - [MESSAGE][PASSED] - Object: 'Object Repository/Employee-Onboarding/Employee_Jobs/Page_OrangeHRM/button_Search' is clicked on

27-12-2024T07:08:46 - [TEST_STEP][PASSED] - comment("Step 1: Select the employee record by clicking on the employee ID"): Step 1: Select the employee record by clicking on the employee ID

27-12-2024T07:08:46 - [MESSAGE][INFO] - Step 1: Select the employee record by clicking on the employee ID

27-12-2024T07:08:46 - [TEST_STEP][PASSED] - click(findTestObject("Object Repository/Employee-Onboarding/Employee_Jobs/Page_OrangeHRM/div_0034008")): Object: 'Object Repository/Employee-Onboarding/Employee_Jobs/Page_OrangeHRM/div_0034008' is clicked on

27-12-2024T07:08:48 - [MESSAGE][PASSED] - Object: 'Object Repository/Employee-Onboarding/Employee_Jobs/Page_OrangeHRM/div_0034008' is clicked on

27-12-2024T07:08:48 - [TEST_STEP][PASSED] - comment("Step 2: Click on the "Job" tab in the employee details section"): Step 2: Click on the "Job" tab in the employee details section

27-12-2024T07:08:48 - [MESSAGE][INFO] - Step 2: Click on the "Job" tab in the employee details section

27-12-2024T07:08:48 - [TEST_STEP][PASSED] - click(findTestObject("Object Repository/Employee-Onboarding/Employee_Jobs/Page_OrangeHRM/a_Job")): Object: 'Object Repository/Employee-Onboarding/Employee_Jobs/Page_OrangeHRM/a_Job' is clicked on

27-12-2024T07:08:51 - [MESSAGE][PASSED] - Object: 'Object Repository/Employee-Onboarding/Employee_Jobs/Page_OrangeHRM/a_Job' is clicked on

27-12-2024T07:08:51 - [TEST_STEP][PASSED] - comment("Step 3: Open the date picker for "Joined Date""): Step 3: Open the date picker for "Joined Date"

27-12-2024T07:08:51 - [MESSAGE][INFO] - Step 3: Open the date picker for "Joined Date"

27-12-2024T07:08:51 - [TEST_STEP][PASSED] - click(findTestObject("Object Repository/Employee-Onboarding/Employee_Jobs/Page_OrangeHRM/i_Joined Date_oxd-icon bi-calendar oxd-date_38329e")): Object: 'Object Repository/Employee-Onboarding/Employee_Jobs/Page_OrangeHRM/i_Joined Date_oxd-icon bi-calendar oxd-date_38329e' is clicked on

27-12-2024T07:08:53 - [MESSAGE][PASSED] - Object: 'Object Repository/Employee-Onboarding/Employee_Jobs/Page_OrangeHRM/i_Joined Date_oxd-icon bi-calendar oxd-date_38329e' is clicked on

27-12-2024T07:08:53 - [TEST_STEP][PASSED] - comment("Step 4: Select the 31st as the "Joined Date""): Step 4: Select the 31st as the "Joined Date"

27-12-2024T07:08:53 - [MESSAGE][INFO] - Step 4: Select the 31st as the "Joined Date"

27-12-2024T07:08:53 - [TEST_STEP][PASSED] - click(findTestObject("Object Repository/Employee-Onboarding/Employee_Jobs/Page_OrangeHRM/div_31")): Object: 'Object Repository/Employee-Onboarding/Employee_Jobs/Page_OrangeHRM/div_31' is clicked on

27-12-2024T07:08:53 - [MESSAGE][PASSED] - Object: 'Object Repository/Employee-Onboarding/Employee_Jobs/Page_OrangeHRM/div_31' is clicked on

27-12-2024T07:08:53 - [TEST_STEP][PASSED] - comment("Step 5: Open the dropdown menu to make selections (e.g., job title, employment type)"): Step 5: Open the dropdown menu to make selections (e.g., job title, employment type)

27-12-2024T07:08:53 - [MESSAGE][INFO] - Step 5: Open the dropdown menu to make selections (e.g., job title, employment type)

27-12-2024T07:08:53 - [TEST_STEP][PASSED] - click(findTestObject("Object Repository/Employee-Onboarding/Employee_Jobs/Page_OrangeHRM/i_-- Select --_oxd-icon bi-caret-up-fill ox_627fec")): Object: 'Object Repository/Employee-Onboarding/Employee_Jobs/Page_OrangeHRM/i_-- Select --_oxd-icon bi-caret-up-fill ox_627fec' is clicked on

27-12-2024T07:08:54 - [MESSAGE][PASSED] - Object: 'Object Repository/Employee-Onboarding/Employee_Jobs/Page_OrangeHRM/i_-- Select --_oxd-icon bi-caret-up-fill ox_627fec' is clicked on

27-12-2024T07:08:54 - [TEST_STEP][PASSED] - click(findTestObject("Employee-Onboarding/Employee_Salary_Detail_Objects/Page_OrangeHRM/custom_object_for_dropdown", ["value":Job_Title])): Object: 'Object Repository/Employee-Onboarding/Employee_Salary_Detail_Objects/Page_OrangeHRM/custom_object_for_dropdown' is clicked on

27-12-2024T07:08:54 - [MESSAGE][PASSED] - Object: 'Object Repository/Employee-Onboarding/Employee_Salary_Detail_Objects/Page_OrangeHRM/custom_object_for_dropdown' is clicked on

27-12-2024T07:08:54 - [TEST_STEP][PASSED] - comment("Step 6: Select the desired job option from the dropdown"): Step 6: Select the desired job option from the dropdown

27-12-2024T07:08:54 - [MESSAGE][INFO] - Step 6: Select the desired job option from the dropdown

27-12-2024T07:08:54 - [TEST_STEP][PASSED] - click(findTestObject("Object Repository/Employee-Onboarding/Employee_Jobs/Page_OrangeHRM/i_-- Select --_oxd-icon bi-caret-up-fill ox_627fec_1")): Object: 'Object Repository/Employee-Onboarding/Employee_Jobs/Page_OrangeHRM/i_-- Select --_oxd-icon bi-caret-up-fill ox_627fec_1' is clicked on

27-12-2024T07:08:55 - [MESSAGE][PASSED] - Object: 'Object Repository/Employee-Onboarding/Employee_Jobs/Page_OrangeHRM/i_-- Select --_oxd-icon bi-caret-up-fill ox_627fec_1' is clicked on

27-12-2024T07:08:55 - [TEST_STEP][PASSED] - click(findTestObject("Employee-Onboarding/Employee_Salary_Detail_Objects/Page_OrangeHRM/custom_object_for_dropdown", ["value":Job_Category])): Object: 'Object Repository/Employee-Onboarding/Employee_Salary_Detail_Objects/Page_OrangeHRM/custom_object_for_dropdown' is clicked on

27-12-2024T07:08:55 - [MESSAGE][PASSED] - Object: 'Object Repository/Employee-Onboarding/Employee_Salary_Detail_Objects/Page_OrangeHRM/custom_object_for_dropdown' is clicked on

27-12-2024T07:08:55 - [TEST_STEP][PASSED] - comment("Step 7: Select the desired job category from the dropdown"): Step 7: Select the desired job category from the dropdown

27-12-2024T07:08:55 - [MESSAGE][INFO] - Step 7: Select the desired job category from the dropdown

27-12-2024T07:08:55 - [TEST_STEP][PASSED] - click(findTestObject("Object Repository/Employee-Onboarding/Employee_Jobs/Page_OrangeHRM/i_-- Select --_oxd-icon bi-caret-up-fill ox_627fec_1_2")): Object: 'Object Repository/Employee-Onboarding/Employee_Jobs/Page_OrangeHRM/i_-- Select --_oxd-icon bi-caret-up-fill ox_627fec_1_2' is clicked on

27-12-2024T07:08:56 - [MESSAGE][PASSED] - Object: 'Object Repository/Employee-Onboarding/Employee_Jobs/Page_OrangeHRM/i_-- Select --_oxd-icon bi-caret-up-fill ox_627fec_1_2' is clicked on

27-12-2024T07:08:56 - [TEST_STEP][PASSED] - click(findTestObject("Employee-Onboarding/Employee_Salary_Detail_Objects/Page_OrangeHRM/custom_object_for_dropdown", ["value":Sub_Unit])): Object: 'Object Repository/Employee-Onboarding/Employee_Salary_Detail_Objects/Page_OrangeHRM/custom_object_for_dropdown' is clicked on

27-12-2024T07:08:56 - [MESSAGE][PASSED] - Object: 'Object Repository/Employee-Onboarding/Employee_Salary_Detail_Objects/Page_OrangeHRM/custom_object_for_dropdown' is clicked on

27-12-2024T07:08:56 - [TEST_STEP][PASSED] - comment("Step 8: Select the desired sub-category from the dropdown"): Step 8: Select the desired sub-category from the dropdown

27-12-2024T07:08:56 - [MESSAGE][INFO] - Step 8: Select the desired sub-category from the dropdown

27-12-2024T07:08:56 - [TEST_STEP][PASSED] - click(findTestObject("Object Repository/Employee-Onboarding/Employee_Jobs/Page_OrangeHRM/i_-- Select --_oxd-icon bi-caret-up-fill ox_627fec_1_2_3")): Object: 'Object Repository/Employee-Onboarding/Employee_Jobs/Page_OrangeHRM/i_-- Select --_oxd-icon bi-caret-up-fill ox_627fec_1_2_3' is clicked on

27-12-2024T07:08:57 - [MESSAGE][PASSED] - Object: 'Object Repository/Employee-Onboarding/Employee_Jobs/Page_OrangeHRM/i_-- Select --_oxd-icon bi-caret-up-fill ox_627fec_1_2_3' is clicked on

27-12-2024T07:08:57 - [TEST_STEP][PASSED] - click(findTestObject("Employee-Onboarding/Employee_Salary_Detail_Objects/Page_OrangeHRM/custom_object_for_dropdown", ["value":Location])): Object: 'Object Repository/Employee-Onboarding/Employee_Salary_Detail_Objects/Page_OrangeHRM/custom_object_for_dropdown' is clicked on

27-12-2024T07:08:57 - [MESSAGE][PASSED] - Object: 'Object Repository/Employee-Onboarding/Employee_Salary_Detail_Objects/Page_OrangeHRM/custom_object_for_dropdown' is clicked on

27-12-2024T07:08:57 - [TEST_STEP][PASSED] - comment("Step 9: Finalize the job details by selecting the appropriate options from the dropdown"): Step 9: Finalize the job details by selecting the appropriate options from the dropdown

27-12-2024T07:08:57 - [MESSAGE][INFO] - Step 9: Finalize the job details by selecting the appropriate options from the dropdown

27-12-2024T07:08:57 - [TEST_STEP][PASSED] - click(findTestObject("Object Repository/Employee-Onboarding/Employee_Jobs/Page_OrangeHRM/i_-- Select --_oxd-icon bi-caret-up-fill ox_627fec_1_2_3_4")): Object: 'Object Repository/Employee-Onboarding/Employee_Jobs/Page_OrangeHRM/i_-- Select --_oxd-icon bi-caret-up-fill ox_627fec_1_2_3_4' is clicked on

27-12-2024T07:08:58 - [MESSAGE][PASSED] - Object: 'Object Repository/Employee-Onboarding/Employee_Jobs/Page_OrangeHRM/i_-- Select --_oxd-icon bi-caret-up-fill ox_627fec_1_2_3_4' is clicked on

27-12-2024T07:08:58 - [TEST_STEP][PASSED] - click(findTestObject("Employee-Onboarding/Employee_Salary_Detail_Objects/Page_OrangeHRM/custom_object_for_dropdown", ["value":Employee_Status])): Object: 'Object Repository/Employee-Onboarding/Employee_Salary_Detail_Objects/Page_OrangeHRM/custom_object_for_dropdown' is clicked on

27-12-2024T07:08:58 - [MESSAGE][PASSED] - Object: 'Object Repository/Employee-Onboarding/Employee_Salary_Detail_Objects/Page_OrangeHRM/custom_object_for_dropdown' is clicked on

27-12-2024T07:08:58 - [TEST_STEP][PASSED] - comment("Step 10: Click the "Save" button to save the updated job details for the employee"): Step 10: Click the "Save" button to save the updated job details for the employee

27-12-2024T07:08:58 - [MESSAGE][INFO] - Step 10: Click the "Save" button to save the updated job details for the employee

27-12-2024T07:08:58 - [TEST_STEP][PASSED] - click(findTestObject("Object Repository/Employee-Onboarding/Employee_Jobs/Page_OrangeHRM/button_Save")): Object: 'Object Repository/Employee-Onboarding/Employee_Jobs/Page_OrangeHRM/button_Save' is clicked on

27-12-2024T07:08:59 - [MESSAGE][PASSED] - Object: 'Object Repository/Employee-Onboarding/Employee_Jobs/Page_OrangeHRM/button_Save' is clicked on]]></system-out>
         <system-err><![CDATA[]]></system-err>
      </testcase>
      <testcase name="Test Cases/Employee_Onboarding/TC_Employee_Job_Details" time="17.154" classname="Test Cases/Employee_Onboarding/TC_Employee_Job_Details" status="PASSED">
         <system-out><![CDATA[27-12-2024T07:08:59 - [TEST_CASE][PASSED] - Test Cases/Employee_Onboarding/TC_Employee_Job_Details: Test Cases/Employee_Onboarding/TC_Employee_Job_Details

27-12-2024T07:08:59 - [TEST_STEP][PASSED] - comment("Step 1: Click on the "PIM" tab to access the Employee Management section"): Step 1: Click on the "PIM" tab to access the Employee Management section

27-12-2024T07:08:59 - [MESSAGE][INFO] - Step 1: Click on the "PIM" tab to access the Employee Management section

27-12-2024T07:08:59 - [TEST_STEP][PASSED] - click(findTestObject("Object Repository/Employee-Onboarding/Employee_Jobs/Page_OrangeHRM/a_PIM")): Object: 'Object Repository/Employee-Onboarding/Employee_Jobs/Page_OrangeHRM/a_PIM' is clicked on

27-12-2024T07:09:01 - [MESSAGE][PASSED] - Object: 'Object Repository/Employee-Onboarding/Employee_Jobs/Page_OrangeHRM/a_PIM' is clicked on

27-12-2024T07:09:01 - [TEST_STEP][PASSED] - comment("Step 2: Set the employee name "Alice Johnson" in the search input field"): Step 2: Set the employee name "Alice Johnson" in the search input field

27-12-2024T07:09:01 - [MESSAGE][INFO] - Step 2: Set the employee name "Alice Johnson" in the search input field

27-12-2024T07:09:01 - [TEST_STEP][PASSED] - setText(findTestObject("Object Repository/Employee-Onboarding/Employee_Jobs/Page_OrangeHRM/input"), Fullname): Text 'Angela Baker' is set on object 'Object Repository/Employee-Onboarding/Employee_Jobs/Page_OrangeHRM/input'

27-12-2024T07:09:03 - [MESSAGE][PASSED] - Text 'Angela Baker' is set on object 'Object Repository/Employee-Onboarding/Employee_Jobs/Page_OrangeHRM/input'

27-12-2024T07:09:03 - [TEST_STEP][PASSED] - comment("Step 3: Click the "Search" button to search for the employee"): Step 3: Click the "Search" button to search for the employee

27-12-2024T07:09:03 - [MESSAGE][INFO] - Step 3: Click the "Search" button to search for the employee

27-12-2024T07:09:03 - [TEST_STEP][PASSED] - click(findTestObject("Object Repository/Employee-Onboarding/Employee_Jobs/Page_OrangeHRM/button_Search")): Object: 'Object Repository/Employee-Onboarding/Employee_Jobs/Page_OrangeHRM/button_Search' is clicked on

27-12-2024T07:09:04 - [MESSAGE][PASSED] - Object: 'Object Repository/Employee-Onboarding/Employee_Jobs/Page_OrangeHRM/button_Search' is clicked on

27-12-2024T07:09:04 - [TEST_STEP][PASSED] - comment("Step 1: Select the employee record by clicking on the employee ID"): Step 1: Select the employee record by clicking on the employee ID

27-12-2024T07:09:04 - [MESSAGE][INFO] - Step 1: Select the employee record by clicking on the employee ID

27-12-2024T07:09:04 - [TEST_STEP][PASSED] - click(findTestObject("Object Repository/Employee-Onboarding/Employee_Jobs/Page_OrangeHRM/div_0034008")): Object: 'Object Repository/Employee-Onboarding/Employee_Jobs/Page_OrangeHRM/div_0034008' is clicked on

27-12-2024T07:09:05 - [MESSAGE][PASSED] - Object: 'Object Repository/Employee-Onboarding/Employee_Jobs/Page_OrangeHRM/div_0034008' is clicked on

27-12-2024T07:09:05 - [TEST_STEP][PASSED] - comment("Step 2: Click on the "Job" tab in the employee details section"): Step 2: Click on the "Job" tab in the employee details section

27-12-2024T07:09:05 - [MESSAGE][INFO] - Step 2: Click on the "Job" tab in the employee details section

27-12-2024T07:09:05 - [TEST_STEP][PASSED] - click(findTestObject("Object Repository/Employee-Onboarding/Employee_Jobs/Page_OrangeHRM/a_Job")): Object: 'Object Repository/Employee-Onboarding/Employee_Jobs/Page_OrangeHRM/a_Job' is clicked on

27-12-2024T07:09:08 - [MESSAGE][PASSED] - Object: 'Object Repository/Employee-Onboarding/Employee_Jobs/Page_OrangeHRM/a_Job' is clicked on

27-12-2024T07:09:08 - [TEST_STEP][PASSED] - comment("Step 3: Open the date picker for "Joined Date""): Step 3: Open the date picker for "Joined Date"

27-12-2024T07:09:08 - [MESSAGE][INFO] - Step 3: Open the date picker for "Joined Date"

27-12-2024T07:09:08 - [TEST_STEP][PASSED] - click(findTestObject("Object Repository/Employee-Onboarding/Employee_Jobs/Page_OrangeHRM/i_Joined Date_oxd-icon bi-calendar oxd-date_38329e")): Object: 'Object Repository/Employee-Onboarding/Employee_Jobs/Page_OrangeHRM/i_Joined Date_oxd-icon bi-calendar oxd-date_38329e' is clicked on

27-12-2024T07:09:10 - [MESSAGE][PASSED] - Object: 'Object Repository/Employee-Onboarding/Employee_Jobs/Page_OrangeHRM/i_Joined Date_oxd-icon bi-calendar oxd-date_38329e' is clicked on

27-12-2024T07:09:10 - [TEST_STEP][PASSED] - comment("Step 4: Select the 31st as the "Joined Date""): Step 4: Select the 31st as the "Joined Date"

27-12-2024T07:09:10 - [MESSAGE][INFO] - Step 4: Select the 31st as the "Joined Date"

27-12-2024T07:09:10 - [TEST_STEP][PASSED] - click(findTestObject("Object Repository/Employee-Onboarding/Employee_Jobs/Page_OrangeHRM/div_31")): Object: 'Object Repository/Employee-Onboarding/Employee_Jobs/Page_OrangeHRM/div_31' is clicked on

27-12-2024T07:09:10 - [MESSAGE][PASSED] - Object: 'Object Repository/Employee-Onboarding/Employee_Jobs/Page_OrangeHRM/div_31' is clicked on

27-12-2024T07:09:10 - [TEST_STEP][PASSED] - comment("Step 5: Open the dropdown menu to make selections (e.g., job title, employment type)"): Step 5: Open the dropdown menu to make selections (e.g., job title, employment type)

27-12-2024T07:09:10 - [MESSAGE][INFO] - Step 5: Open the dropdown menu to make selections (e.g., job title, employment type)

27-12-2024T07:09:10 - [TEST_STEP][PASSED] - click(findTestObject("Object Repository/Employee-Onboarding/Employee_Jobs/Page_OrangeHRM/i_-- Select --_oxd-icon bi-caret-up-fill ox_627fec")): Object: 'Object Repository/Employee-Onboarding/Employee_Jobs/Page_OrangeHRM/i_-- Select --_oxd-icon bi-caret-up-fill ox_627fec' is clicked on

27-12-2024T07:09:11 - [MESSAGE][PASSED] - Object: 'Object Repository/Employee-Onboarding/Employee_Jobs/Page_OrangeHRM/i_-- Select --_oxd-icon bi-caret-up-fill ox_627fec' is clicked on

27-12-2024T07:09:11 - [TEST_STEP][PASSED] - click(findTestObject("Employee-Onboarding/Employee_Salary_Detail_Objects/Page_OrangeHRM/custom_object_for_dropdown", ["value":Job_Title])): Object: 'Object Repository/Employee-Onboarding/Employee_Salary_Detail_Objects/Page_OrangeHRM/custom_object_for_dropdown' is clicked on

27-12-2024T07:09:11 - [MESSAGE][PASSED] - Object: 'Object Repository/Employee-Onboarding/Employee_Salary_Detail_Objects/Page_OrangeHRM/custom_object_for_dropdown' is clicked on

27-12-2024T07:09:11 - [TEST_STEP][PASSED] - comment("Step 6: Select the desired job option from the dropdown"): Step 6: Select the desired job option from the dropdown

27-12-2024T07:09:11 - [MESSAGE][INFO] - Step 6: Select the desired job option from the dropdown

27-12-2024T07:09:11 - [TEST_STEP][PASSED] - click(findTestObject("Object Repository/Employee-Onboarding/Employee_Jobs/Page_OrangeHRM/i_-- Select --_oxd-icon bi-caret-up-fill ox_627fec_1")): Object: 'Object Repository/Employee-Onboarding/Employee_Jobs/Page_OrangeHRM/i_-- Select --_oxd-icon bi-caret-up-fill ox_627fec_1' is clicked on

27-12-2024T07:09:12 - [MESSAGE][PASSED] - Object: 'Object Repository/Employee-Onboarding/Employee_Jobs/Page_OrangeHRM/i_-- Select --_oxd-icon bi-caret-up-fill ox_627fec_1' is clicked on

27-12-2024T07:09:12 - [TEST_STEP][PASSED] - click(findTestObject("Employee-Onboarding/Employee_Salary_Detail_Objects/Page_OrangeHRM/custom_object_for_dropdown", ["value":Job_Category])): Object: 'Object Repository/Employee-Onboarding/Employee_Salary_Detail_Objects/Page_OrangeHRM/custom_object_for_dropdown' is clicked on

27-12-2024T07:09:13 - [MESSAGE][PASSED] - Object: 'Object Repository/Employee-Onboarding/Employee_Salary_Detail_Objects/Page_OrangeHRM/custom_object_for_dropdown' is clicked on

27-12-2024T07:09:13 - [TEST_STEP][PASSED] - comment("Step 7: Select the desired job category from the dropdown"): Step 7: Select the desired job category from the dropdown

27-12-2024T07:09:13 - [MESSAGE][INFO] - Step 7: Select the desired job category from the dropdown

27-12-2024T07:09:13 - [TEST_STEP][PASSED] - click(findTestObject("Object Repository/Employee-Onboarding/Employee_Jobs/Page_OrangeHRM/i_-- Select --_oxd-icon bi-caret-up-fill ox_627fec_1_2")): Object: 'Object Repository/Employee-Onboarding/Employee_Jobs/Page_OrangeHRM/i_-- Select --_oxd-icon bi-caret-up-fill ox_627fec_1_2' is clicked on

27-12-2024T07:09:13 - [MESSAGE][PASSED] - Object: 'Object Repository/Employee-Onboarding/Employee_Jobs/Page_OrangeHRM/i_-- Select --_oxd-icon bi-caret-up-fill ox_627fec_1_2' is clicked on

27-12-2024T07:09:13 - [TEST_STEP][PASSED] - click(findTestObject("Employee-Onboarding/Employee_Salary_Detail_Objects/Page_OrangeHRM/custom_object_for_dropdown", ["value":Sub_Unit])): Object: 'Object Repository/Employee-Onboarding/Employee_Salary_Detail_Objects/Page_OrangeHRM/custom_object_for_dropdown' is clicked on

27-12-2024T07:09:14 - [MESSAGE][PASSED] - Object: 'Object Repository/Employee-Onboarding/Employee_Salary_Detail_Objects/Page_OrangeHRM/custom_object_for_dropdown' is clicked on

27-12-2024T07:09:14 - [TEST_STEP][PASSED] - comment("Step 8: Select the desired sub-category from the dropdown"): Step 8: Select the desired sub-category from the dropdown

27-12-2024T07:09:14 - [MESSAGE][INFO] - Step 8: Select the desired sub-category from the dropdown

27-12-2024T07:09:14 - [TEST_STEP][PASSED] - click(findTestObject("Object Repository/Employee-Onboarding/Employee_Jobs/Page_OrangeHRM/i_-- Select --_oxd-icon bi-caret-up-fill ox_627fec_1_2_3")): Object: 'Object Repository/Employee-Onboarding/Employee_Jobs/Page_OrangeHRM/i_-- Select --_oxd-icon bi-caret-up-fill ox_627fec_1_2_3' is clicked on

27-12-2024T07:09:14 - [MESSAGE][PASSED] - Object: 'Object Repository/Employee-Onboarding/Employee_Jobs/Page_OrangeHRM/i_-- Select --_oxd-icon bi-caret-up-fill ox_627fec_1_2_3' is clicked on

27-12-2024T07:09:14 - [TEST_STEP][PASSED] - click(findTestObject("Employee-Onboarding/Employee_Salary_Detail_Objects/Page_OrangeHRM/custom_object_for_dropdown", ["value":Location])): Object: 'Object Repository/Employee-Onboarding/Employee_Salary_Detail_Objects/Page_OrangeHRM/custom_object_for_dropdown' is clicked on

27-12-2024T07:09:14 - [MESSAGE][PASSED] - Object: 'Object Repository/Employee-Onboarding/Employee_Salary_Detail_Objects/Page_OrangeHRM/custom_object_for_dropdown' is clicked on

27-12-2024T07:09:14 - [TEST_STEP][PASSED] - comment("Step 9: Finalize the job details by selecting the appropriate options from the dropdown"): Step 9: Finalize the job details by selecting the appropriate options from the dropdown

27-12-2024T07:09:14 - [MESSAGE][INFO] - Step 9: Finalize the job details by selecting the appropriate options from the dropdown

27-12-2024T07:09:14 - [TEST_STEP][PASSED] - click(findTestObject("Object Repository/Employee-Onboarding/Employee_Jobs/Page_OrangeHRM/i_-- Select --_oxd-icon bi-caret-up-fill ox_627fec_1_2_3_4")): Object: 'Object Repository/Employee-Onboarding/Employee_Jobs/Page_OrangeHRM/i_-- Select --_oxd-icon bi-caret-up-fill ox_627fec_1_2_3_4' is clicked on

27-12-2024T07:09:15 - [MESSAGE][PASSED] - Object: 'Object Repository/Employee-Onboarding/Employee_Jobs/Page_OrangeHRM/i_-- Select --_oxd-icon bi-caret-up-fill ox_627fec_1_2_3_4' is clicked on

27-12-2024T07:09:15 - [TEST_STEP][PASSED] - click(findTestObject("Employee-Onboarding/Employee_Salary_Detail_Objects/Page_OrangeHRM/custom_object_for_dropdown", ["value":Employee_Status])): Object: 'Object Repository/Employee-Onboarding/Employee_Salary_Detail_Objects/Page_OrangeHRM/custom_object_for_dropdown' is clicked on

27-12-2024T07:09:15 - [MESSAGE][PASSED] - Object: 'Object Repository/Employee-Onboarding/Employee_Salary_Detail_Objects/Page_OrangeHRM/custom_object_for_dropdown' is clicked on

27-12-2024T07:09:15 - [TEST_STEP][PASSED] - comment("Step 10: Click the "Save" button to save the updated job details for the employee"): Step 10: Click the "Save" button to save the updated job details for the employee

27-12-2024T07:09:15 - [MESSAGE][INFO] - Step 10: Click the "Save" button to save the updated job details for the employee

27-12-2024T07:09:15 - [TEST_STEP][PASSED] - click(findTestObject("Object Repository/Employee-Onboarding/Employee_Jobs/Page_OrangeHRM/button_Save")): Object: 'Object Repository/Employee-Onboarding/Employee_Jobs/Page_OrangeHRM/button_Save' is clicked on

27-12-2024T07:09:16 - [MESSAGE][PASSED] - Object: 'Object Repository/Employee-Onboarding/Employee_Jobs/Page_OrangeHRM/button_Save' is clicked on]]></system-out>
         <system-err><![CDATA[]]></system-err>
      </testcase>
      <testcase name="Test Cases/Employee_Onboarding/TC_Employee_Job_Details" time="17.117" classname="Test Cases/Employee_Onboarding/TC_Employee_Job_Details" status="PASSED">
         <system-out><![CDATA[27-12-2024T07:09:16 - [TEST_CASE][PASSED] - Test Cases/Employee_Onboarding/TC_Employee_Job_Details: Test Cases/Employee_Onboarding/TC_Employee_Job_Details

27-12-2024T07:09:16 - [TEST_STEP][PASSED] - comment("Step 1: Click on the "PIM" tab to access the Employee Management section"): Step 1: Click on the "PIM" tab to access the Employee Management section

27-12-2024T07:09:16 - [MESSAGE][INFO] - Step 1: Click on the "PIM" tab to access the Employee Management section

27-12-2024T07:09:16 - [TEST_STEP][PASSED] - click(findTestObject("Object Repository/Employee-Onboarding/Employee_Jobs/Page_OrangeHRM/a_PIM")): Object: 'Object Repository/Employee-Onboarding/Employee_Jobs/Page_OrangeHRM/a_PIM' is clicked on

27-12-2024T07:09:18 - [MESSAGE][PASSED] - Object: 'Object Repository/Employee-Onboarding/Employee_Jobs/Page_OrangeHRM/a_PIM' is clicked on

27-12-2024T07:09:18 - [TEST_STEP][PASSED] - comment("Step 2: Set the employee name "Alice Johnson" in the search input field"): Step 2: Set the employee name "Alice Johnson" in the search input field

27-12-2024T07:09:18 - [MESSAGE][INFO] - Step 2: Set the employee name "Alice Johnson" in the search input field

27-12-2024T07:09:18 - [TEST_STEP][PASSED] - setText(findTestObject("Object Repository/Employee-Onboarding/Employee_Jobs/Page_OrangeHRM/input"), Fullname): Text 'Connie Jones' is set on object 'Object Repository/Employee-Onboarding/Employee_Jobs/Page_OrangeHRM/input'

27-12-2024T07:09:20 - [MESSAGE][PASSED] - Text 'Connie Jones' is set on object 'Object Repository/Employee-Onboarding/Employee_Jobs/Page_OrangeHRM/input'

27-12-2024T07:09:20 - [TEST_STEP][PASSED] - comment("Step 3: Click the "Search" button to search for the employee"): Step 3: Click the "Search" button to search for the employee

27-12-2024T07:09:20 - [MESSAGE][INFO] - Step 3: Click the "Search" button to search for the employee

27-12-2024T07:09:20 - [TEST_STEP][PASSED] - click(findTestObject("Object Repository/Employee-Onboarding/Employee_Jobs/Page_OrangeHRM/button_Search")): Object: 'Object Repository/Employee-Onboarding/Employee_Jobs/Page_OrangeHRM/button_Search' is clicked on

27-12-2024T07:09:21 - [MESSAGE][PASSED] - Object: 'Object Repository/Employee-Onboarding/Employee_Jobs/Page_OrangeHRM/button_Search' is clicked on

27-12-2024T07:09:21 - [TEST_STEP][PASSED] - comment("Step 1: Select the employee record by clicking on the employee ID"): Step 1: Select the employee record by clicking on the employee ID

27-12-2024T07:09:21 - [MESSAGE][INFO] - Step 1: Select the employee record by clicking on the employee ID

27-12-2024T07:09:21 - [TEST_STEP][PASSED] - click(findTestObject("Object Repository/Employee-Onboarding/Employee_Jobs/Page_OrangeHRM/div_0034008")): Object: 'Object Repository/Employee-Onboarding/Employee_Jobs/Page_OrangeHRM/div_0034008' is clicked on

27-12-2024T07:09:22 - [MESSAGE][PASSED] - Object: 'Object Repository/Employee-Onboarding/Employee_Jobs/Page_OrangeHRM/div_0034008' is clicked on

27-12-2024T07:09:22 - [TEST_STEP][PASSED] - comment("Step 2: Click on the "Job" tab in the employee details section"): Step 2: Click on the "Job" tab in the employee details section

27-12-2024T07:09:22 - [MESSAGE][INFO] - Step 2: Click on the "Job" tab in the employee details section

27-12-2024T07:09:22 - [TEST_STEP][PASSED] - click(findTestObject("Object Repository/Employee-Onboarding/Employee_Jobs/Page_OrangeHRM/a_Job")): Object: 'Object Repository/Employee-Onboarding/Employee_Jobs/Page_OrangeHRM/a_Job' is clicked on

27-12-2024T07:09:25 - [MESSAGE][PASSED] - Object: 'Object Repository/Employee-Onboarding/Employee_Jobs/Page_OrangeHRM/a_Job' is clicked on

27-12-2024T07:09:25 - [TEST_STEP][PASSED] - comment("Step 3: Open the date picker for "Joined Date""): Step 3: Open the date picker for "Joined Date"

27-12-2024T07:09:25 - [MESSAGE][INFO] - Step 3: Open the date picker for "Joined Date"

27-12-2024T07:09:25 - [TEST_STEP][PASSED] - click(findTestObject("Object Repository/Employee-Onboarding/Employee_Jobs/Page_OrangeHRM/i_Joined Date_oxd-icon bi-calendar oxd-date_38329e")): Object: 'Object Repository/Employee-Onboarding/Employee_Jobs/Page_OrangeHRM/i_Joined Date_oxd-icon bi-calendar oxd-date_38329e' is clicked on

27-12-2024T07:09:27 - [MESSAGE][PASSED] - Object: 'Object Repository/Employee-Onboarding/Employee_Jobs/Page_OrangeHRM/i_Joined Date_oxd-icon bi-calendar oxd-date_38329e' is clicked on

27-12-2024T07:09:27 - [TEST_STEP][PASSED] - comment("Step 4: Select the 31st as the "Joined Date""): Step 4: Select the 31st as the "Joined Date"

27-12-2024T07:09:27 - [MESSAGE][INFO] - Step 4: Select the 31st as the "Joined Date"

27-12-2024T07:09:27 - [TEST_STEP][PASSED] - click(findTestObject("Object Repository/Employee-Onboarding/Employee_Jobs/Page_OrangeHRM/div_31")): Object: 'Object Repository/Employee-Onboarding/Employee_Jobs/Page_OrangeHRM/div_31' is clicked on

27-12-2024T07:09:27 - [MESSAGE][PASSED] - Object: 'Object Repository/Employee-Onboarding/Employee_Jobs/Page_OrangeHRM/div_31' is clicked on

27-12-2024T07:09:27 - [TEST_STEP][PASSED] - comment("Step 5: Open the dropdown menu to make selections (e.g., job title, employment type)"): Step 5: Open the dropdown menu to make selections (e.g., job title, employment type)

27-12-2024T07:09:27 - [MESSAGE][INFO] - Step 5: Open the dropdown menu to make selections (e.g., job title, employment type)

27-12-2024T07:09:27 - [TEST_STEP][PASSED] - click(findTestObject("Object Repository/Employee-Onboarding/Employee_Jobs/Page_OrangeHRM/i_-- Select --_oxd-icon bi-caret-up-fill ox_627fec")): Object: 'Object Repository/Employee-Onboarding/Employee_Jobs/Page_OrangeHRM/i_-- Select --_oxd-icon bi-caret-up-fill ox_627fec' is clicked on

27-12-2024T07:09:28 - [MESSAGE][PASSED] - Object: 'Object Repository/Employee-Onboarding/Employee_Jobs/Page_OrangeHRM/i_-- Select --_oxd-icon bi-caret-up-fill ox_627fec' is clicked on

27-12-2024T07:09:28 - [TEST_STEP][PASSED] - click(findTestObject("Employee-Onboarding/Employee_Salary_Detail_Objects/Page_OrangeHRM/custom_object_for_dropdown", ["value":Job_Title])): Object: 'Object Repository/Employee-Onboarding/Employee_Salary_Detail_Objects/Page_OrangeHRM/custom_object_for_dropdown' is clicked on

27-12-2024T07:09:28 - [MESSAGE][PASSED] - Object: 'Object Repository/Employee-Onboarding/Employee_Salary_Detail_Objects/Page_OrangeHRM/custom_object_for_dropdown' is clicked on

27-12-2024T07:09:28 - [TEST_STEP][PASSED] - comment("Step 6: Select the desired job option from the dropdown"): Step 6: Select the desired job option from the dropdown

27-12-2024T07:09:28 - [MESSAGE][INFO] - Step 6: Select the desired job option from the dropdown

27-12-2024T07:09:28 - [TEST_STEP][PASSED] - click(findTestObject("Object Repository/Employee-Onboarding/Employee_Jobs/Page_OrangeHRM/i_-- Select --_oxd-icon bi-caret-up-fill ox_627fec_1")): Object: 'Object Repository/Employee-Onboarding/Employee_Jobs/Page_OrangeHRM/i_-- Select --_oxd-icon bi-caret-up-fill ox_627fec_1' is clicked on

27-12-2024T07:09:29 - [MESSAGE][PASSED] - Object: 'Object Repository/Employee-Onboarding/Employee_Jobs/Page_OrangeHRM/i_-- Select --_oxd-icon bi-caret-up-fill ox_627fec_1' is clicked on

27-12-2024T07:09:29 - [TEST_STEP][PASSED] - click(findTestObject("Employee-Onboarding/Employee_Salary_Detail_Objects/Page_OrangeHRM/custom_object_for_dropdown", ["value":Job_Category])): Object: 'Object Repository/Employee-Onboarding/Employee_Salary_Detail_Objects/Page_OrangeHRM/custom_object_for_dropdown' is clicked on

27-12-2024T07:09:30 - [MESSAGE][PASSED] - Object: 'Object Repository/Employee-Onboarding/Employee_Salary_Detail_Objects/Page_OrangeHRM/custom_object_for_dropdown' is clicked on

27-12-2024T07:09:30 - [TEST_STEP][PASSED] - comment("Step 7: Select the desired job category from the dropdown"): Step 7: Select the desired job category from the dropdown

27-12-2024T07:09:30 - [MESSAGE][INFO] - Step 7: Select the desired job category from the dropdown

27-12-2024T07:09:30 - [TEST_STEP][PASSED] - click(findTestObject("Object Repository/Employee-Onboarding/Employee_Jobs/Page_OrangeHRM/i_-- Select --_oxd-icon bi-caret-up-fill ox_627fec_1_2")): Object: 'Object Repository/Employee-Onboarding/Employee_Jobs/Page_OrangeHRM/i_-- Select --_oxd-icon bi-caret-up-fill ox_627fec_1_2' is clicked on

27-12-2024T07:09:30 - [MESSAGE][PASSED] - Object: 'Object Repository/Employee-Onboarding/Employee_Jobs/Page_OrangeHRM/i_-- Select --_oxd-icon bi-caret-up-fill ox_627fec_1_2' is clicked on

27-12-2024T07:09:30 - [TEST_STEP][PASSED] - click(findTestObject("Employee-Onboarding/Employee_Salary_Detail_Objects/Page_OrangeHRM/custom_object_for_dropdown", ["value":Sub_Unit])): Object: 'Object Repository/Employee-Onboarding/Employee_Salary_Detail_Objects/Page_OrangeHRM/custom_object_for_dropdown' is clicked on

27-12-2024T07:09:31 - [MESSAGE][PASSED] - Object: 'Object Repository/Employee-Onboarding/Employee_Salary_Detail_Objects/Page_OrangeHRM/custom_object_for_dropdown' is clicked on

27-12-2024T07:09:31 - [TEST_STEP][PASSED] - comment("Step 8: Select the desired sub-category from the dropdown"): Step 8: Select the desired sub-category from the dropdown

27-12-2024T07:09:31 - [MESSAGE][INFO] - Step 8: Select the desired sub-category from the dropdown

27-12-2024T07:09:31 - [TEST_STEP][PASSED] - click(findTestObject("Object Repository/Employee-Onboarding/Employee_Jobs/Page_OrangeHRM/i_-- Select --_oxd-icon bi-caret-up-fill ox_627fec_1_2_3")): Object: 'Object Repository/Employee-Onboarding/Employee_Jobs/Page_OrangeHRM/i_-- Select --_oxd-icon bi-caret-up-fill ox_627fec_1_2_3' is clicked on

27-12-2024T07:09:31 - [MESSAGE][PASSED] - Object: 'Object Repository/Employee-Onboarding/Employee_Jobs/Page_OrangeHRM/i_-- Select --_oxd-icon bi-caret-up-fill ox_627fec_1_2_3' is clicked on

27-12-2024T07:09:31 - [TEST_STEP][PASSED] - click(findTestObject("Employee-Onboarding/Employee_Salary_Detail_Objects/Page_OrangeHRM/custom_object_for_dropdown", ["value":Location])): Object: 'Object Repository/Employee-Onboarding/Employee_Salary_Detail_Objects/Page_OrangeHRM/custom_object_for_dropdown' is clicked on

27-12-2024T07:09:32 - [MESSAGE][PASSED] - Object: 'Object Repository/Employee-Onboarding/Employee_Salary_Detail_Objects/Page_OrangeHRM/custom_object_for_dropdown' is clicked on

27-12-2024T07:09:32 - [TEST_STEP][PASSED] - comment("Step 9: Finalize the job details by selecting the appropriate options from the dropdown"): Step 9: Finalize the job details by selecting the appropriate options from the dropdown

27-12-2024T07:09:32 - [MESSAGE][INFO] - Step 9: Finalize the job details by selecting the appropriate options from the dropdown

27-12-2024T07:09:32 - [TEST_STEP][PASSED] - click(findTestObject("Object Repository/Employee-Onboarding/Employee_Jobs/Page_OrangeHRM/i_-- Select --_oxd-icon bi-caret-up-fill ox_627fec_1_2_3_4")): Object: 'Object Repository/Employee-Onboarding/Employee_Jobs/Page_OrangeHRM/i_-- Select --_oxd-icon bi-caret-up-fill ox_627fec_1_2_3_4' is clicked on

27-12-2024T07:09:32 - [MESSAGE][PASSED] - Object: 'Object Repository/Employee-Onboarding/Employee_Jobs/Page_OrangeHRM/i_-- Select --_oxd-icon bi-caret-up-fill ox_627fec_1_2_3_4' is clicked on

27-12-2024T07:09:32 - [TEST_STEP][PASSED] - click(findTestObject("Employee-Onboarding/Employee_Salary_Detail_Objects/Page_OrangeHRM/custom_object_for_dropdown", ["value":Employee_Status])): Object: 'Object Repository/Employee-Onboarding/Employee_Salary_Detail_Objects/Page_OrangeHRM/custom_object_for_dropdown' is clicked on

27-12-2024T07:09:33 - [MESSAGE][PASSED] - Object: 'Object Repository/Employee-Onboarding/Employee_Salary_Detail_Objects/Page_OrangeHRM/custom_object_for_dropdown' is clicked on

27-12-2024T07:09:33 - [TEST_STEP][PASSED] - comment("Step 10: Click the "Save" button to save the updated job details for the employee"): Step 10: Click the "Save" button to save the updated job details for the employee

27-12-2024T07:09:33 - [MESSAGE][INFO] - Step 10: Click the "Save" button to save the updated job details for the employee

27-12-2024T07:09:33 - [TEST_STEP][PASSED] - click(findTestObject("Object Repository/Employee-Onboarding/Employee_Jobs/Page_OrangeHRM/button_Save")): Object: 'Object Repository/Employee-Onboarding/Employee_Jobs/Page_OrangeHRM/button_Save' is clicked on

27-12-2024T07:09:33 - [MESSAGE][PASSED] - Object: 'Object Repository/Employee-Onboarding/Employee_Jobs/Page_OrangeHRM/button_Save' is clicked on]]></system-out>
         <system-err><![CDATA[]]></system-err>
      </testcase>
      <testcase name="Test Cases/Employee_Onboarding/TC_Employee_Job_Details" time="17.145" classname="Test Cases/Employee_Onboarding/TC_Employee_Job_Details" status="PASSED">
         <system-out><![CDATA[27-12-2024T07:09:33 - [TEST_CASE][PASSED] - Test Cases/Employee_Onboarding/TC_Employee_Job_Details: Test Cases/Employee_Onboarding/TC_Employee_Job_Details

27-12-2024T07:09:33 - [TEST_STEP][PASSED] - comment("Step 1: Click on the "PIM" tab to access the Employee Management section"): Step 1: Click on the "PIM" tab to access the Employee Management section

27-12-2024T07:09:33 - [MESSAGE][INFO] - Step 1: Click on the "PIM" tab to access the Employee Management section

27-12-2024T07:09:33 - [TEST_STEP][PASSED] - click(findTestObject("Object Repository/Employee-Onboarding/Employee_Jobs/Page_OrangeHRM/a_PIM")): Object: 'Object Repository/Employee-Onboarding/Employee_Jobs/Page_OrangeHRM/a_PIM' is clicked on

27-12-2024T07:09:35 - [MESSAGE][PASSED] - Object: 'Object Repository/Employee-Onboarding/Employee_Jobs/Page_OrangeHRM/a_PIM' is clicked on

27-12-2024T07:09:35 - [TEST_STEP][PASSED] - comment("Step 2: Set the employee name "Alice Johnson" in the search input field"): Step 2: Set the employee name "Alice Johnson" in the search input field

27-12-2024T07:09:35 - [MESSAGE][INFO] - Step 2: Set the employee name "Alice Johnson" in the search input field

27-12-2024T07:09:35 - [TEST_STEP][PASSED] - setText(findTestObject("Object Repository/Employee-Onboarding/Employee_Jobs/Page_OrangeHRM/input"), Fullname): Text 'Jimmy Wilson' is set on object 'Object Repository/Employee-Onboarding/Employee_Jobs/Page_OrangeHRM/input'

27-12-2024T07:09:37 - [MESSAGE][PASSED] - Text 'Jimmy Wilson' is set on object 'Object Repository/Employee-Onboarding/Employee_Jobs/Page_OrangeHRM/input'

27-12-2024T07:09:37 - [TEST_STEP][PASSED] - comment("Step 3: Click the "Search" button to search for the employee"): Step 3: Click the "Search" button to search for the employee

27-12-2024T07:09:37 - [MESSAGE][INFO] - Step 3: Click the "Search" button to search for the employee

27-12-2024T07:09:37 - [TEST_STEP][PASSED] - click(findTestObject("Object Repository/Employee-Onboarding/Employee_Jobs/Page_OrangeHRM/button_Search")): Object: 'Object Repository/Employee-Onboarding/Employee_Jobs/Page_OrangeHRM/button_Search' is clicked on

27-12-2024T07:09:38 - [MESSAGE][PASSED] - Object: 'Object Repository/Employee-Onboarding/Employee_Jobs/Page_OrangeHRM/button_Search' is clicked on

27-12-2024T07:09:38 - [TEST_STEP][PASSED] - comment("Step 1: Select the employee record by clicking on the employee ID"): Step 1: Select the employee record by clicking on the employee ID

27-12-2024T07:09:38 - [MESSAGE][INFO] - Step 1: Select the employee record by clicking on the employee ID

27-12-2024T07:09:38 - [TEST_STEP][PASSED] - click(findTestObject("Object Repository/Employee-Onboarding/Employee_Jobs/Page_OrangeHRM/div_0034008")): Object: 'Object Repository/Employee-Onboarding/Employee_Jobs/Page_OrangeHRM/div_0034008' is clicked on

27-12-2024T07:09:39 - [MESSAGE][PASSED] - Object: 'Object Repository/Employee-Onboarding/Employee_Jobs/Page_OrangeHRM/div_0034008' is clicked on

27-12-2024T07:09:39 - [TEST_STEP][PASSED] - comment("Step 2: Click on the "Job" tab in the employee details section"): Step 2: Click on the "Job" tab in the employee details section

27-12-2024T07:09:39 - [MESSAGE][INFO] - Step 2: Click on the "Job" tab in the employee details section

27-12-2024T07:09:39 - [TEST_STEP][PASSED] - click(findTestObject("Object Repository/Employee-Onboarding/Employee_Jobs/Page_OrangeHRM/a_Job")): Object: 'Object Repository/Employee-Onboarding/Employee_Jobs/Page_OrangeHRM/a_Job' is clicked on

27-12-2024T07:09:42 - [MESSAGE][PASSED] - Object: 'Object Repository/Employee-Onboarding/Employee_Jobs/Page_OrangeHRM/a_Job' is clicked on

27-12-2024T07:09:42 - [TEST_STEP][PASSED] - comment("Step 3: Open the date picker for "Joined Date""): Step 3: Open the date picker for "Joined Date"

27-12-2024T07:09:42 - [MESSAGE][INFO] - Step 3: Open the date picker for "Joined Date"

27-12-2024T07:09:42 - [TEST_STEP][PASSED] - click(findTestObject("Object Repository/Employee-Onboarding/Employee_Jobs/Page_OrangeHRM/i_Joined Date_oxd-icon bi-calendar oxd-date_38329e")): Object: 'Object Repository/Employee-Onboarding/Employee_Jobs/Page_OrangeHRM/i_Joined Date_oxd-icon bi-calendar oxd-date_38329e' is clicked on

27-12-2024T07:09:45 - [MESSAGE][PASSED] - Object: 'Object Repository/Employee-Onboarding/Employee_Jobs/Page_OrangeHRM/i_Joined Date_oxd-icon bi-calendar oxd-date_38329e' is clicked on

27-12-2024T07:09:45 - [TEST_STEP][PASSED] - comment("Step 4: Select the 31st as the "Joined Date""): Step 4: Select the 31st as the "Joined Date"

27-12-2024T07:09:45 - [MESSAGE][INFO] - Step 4: Select the 31st as the "Joined Date"

27-12-2024T07:09:45 - [TEST_STEP][PASSED] - click(findTestObject("Object Repository/Employee-Onboarding/Employee_Jobs/Page_OrangeHRM/div_31")): Object: 'Object Repository/Employee-Onboarding/Employee_Jobs/Page_OrangeHRM/div_31' is clicked on

27-12-2024T07:09:45 - [MESSAGE][PASSED] - Object: 'Object Repository/Employee-Onboarding/Employee_Jobs/Page_OrangeHRM/div_31' is clicked on

27-12-2024T07:09:45 - [TEST_STEP][PASSED] - comment("Step 5: Open the dropdown menu to make selections (e.g., job title, employment type)"): Step 5: Open the dropdown menu to make selections (e.g., job title, employment type)

27-12-2024T07:09:45 - [MESSAGE][INFO] - Step 5: Open the dropdown menu to make selections (e.g., job title, employment type)

27-12-2024T07:09:45 - [TEST_STEP][PASSED] - click(findTestObject("Object Repository/Employee-Onboarding/Employee_Jobs/Page_OrangeHRM/i_-- Select --_oxd-icon bi-caret-up-fill ox_627fec")): Object: 'Object Repository/Employee-Onboarding/Employee_Jobs/Page_OrangeHRM/i_-- Select --_oxd-icon bi-caret-up-fill ox_627fec' is clicked on

27-12-2024T07:09:45 - [MESSAGE][PASSED] - Object: 'Object Repository/Employee-Onboarding/Employee_Jobs/Page_OrangeHRM/i_-- Select --_oxd-icon bi-caret-up-fill ox_627fec' is clicked on

27-12-2024T07:09:45 - [TEST_STEP][PASSED] - click(findTestObject("Employee-Onboarding/Employee_Salary_Detail_Objects/Page_OrangeHRM/custom_object_for_dropdown", ["value":Job_Title])): Object: 'Object Repository/Employee-Onboarding/Employee_Salary_Detail_Objects/Page_OrangeHRM/custom_object_for_dropdown' is clicked on

27-12-2024T07:09:46 - [MESSAGE][PASSED] - Object: 'Object Repository/Employee-Onboarding/Employee_Salary_Detail_Objects/Page_OrangeHRM/custom_object_for_dropdown' is clicked on

27-12-2024T07:09:46 - [TEST_STEP][PASSED] - comment("Step 6: Select the desired job option from the dropdown"): Step 6: Select the desired job option from the dropdown

27-12-2024T07:09:46 - [MESSAGE][INFO] - Step 6: Select the desired job option from the dropdown

27-12-2024T07:09:46 - [TEST_STEP][PASSED] - click(findTestObject("Object Repository/Employee-Onboarding/Employee_Jobs/Page_OrangeHRM/i_-- Select --_oxd-icon bi-caret-up-fill ox_627fec_1")): Object: 'Object Repository/Employee-Onboarding/Employee_Jobs/Page_OrangeHRM/i_-- Select --_oxd-icon bi-caret-up-fill ox_627fec_1' is clicked on

27-12-2024T07:09:46 - [MESSAGE][PASSED] - Object: 'Object Repository/Employee-Onboarding/Employee_Jobs/Page_OrangeHRM/i_-- Select --_oxd-icon bi-caret-up-fill ox_627fec_1' is clicked on

27-12-2024T07:09:46 - [TEST_STEP][PASSED] - click(findTestObject("Employee-Onboarding/Employee_Salary_Detail_Objects/Page_OrangeHRM/custom_object_for_dropdown", ["value":Job_Category])): Object: 'Object Repository/Employee-Onboarding/Employee_Salary_Detail_Objects/Page_OrangeHRM/custom_object_for_dropdown' is clicked on

27-12-2024T07:09:47 - [MESSAGE][PASSED] - Object: 'Object Repository/Employee-Onboarding/Employee_Salary_Detail_Objects/Page_OrangeHRM/custom_object_for_dropdown' is clicked on

27-12-2024T07:09:47 - [TEST_STEP][PASSED] - comment("Step 7: Select the desired job category from the dropdown"): Step 7: Select the desired job category from the dropdown

27-12-2024T07:09:47 - [MESSAGE][INFO] - Step 7: Select the desired job category from the dropdown

27-12-2024T07:09:47 - [TEST_STEP][PASSED] - click(findTestObject("Object Repository/Employee-Onboarding/Employee_Jobs/Page_OrangeHRM/i_-- Select --_oxd-icon bi-caret-up-fill ox_627fec_1_2")): Object: 'Object Repository/Employee-Onboarding/Employee_Jobs/Page_OrangeHRM/i_-- Select --_oxd-icon bi-caret-up-fill ox_627fec_1_2' is clicked on

27-12-2024T07:09:47 - [MESSAGE][PASSED] - Object: 'Object Repository/Employee-Onboarding/Employee_Jobs/Page_OrangeHRM/i_-- Select --_oxd-icon bi-caret-up-fill ox_627fec_1_2' is clicked on

27-12-2024T07:09:47 - [TEST_STEP][PASSED] - click(findTestObject("Employee-Onboarding/Employee_Salary_Detail_Objects/Page_OrangeHRM/custom_object_for_dropdown", ["value":Sub_Unit])): Object: 'Object Repository/Employee-Onboarding/Employee_Salary_Detail_Objects/Page_OrangeHRM/custom_object_for_dropdown' is clicked on

27-12-2024T07:09:48 - [MESSAGE][PASSED] - Object: 'Object Repository/Employee-Onboarding/Employee_Salary_Detail_Objects/Page_OrangeHRM/custom_object_for_dropdown' is clicked on

27-12-2024T07:09:48 - [TEST_STEP][PASSED] - comment("Step 8: Select the desired sub-category from the dropdown"): Step 8: Select the desired sub-category from the dropdown

27-12-2024T07:09:48 - [MESSAGE][INFO] - Step 8: Select the desired sub-category from the dropdown

27-12-2024T07:09:48 - [TEST_STEP][PASSED] - click(findTestObject("Object Repository/Employee-Onboarding/Employee_Jobs/Page_OrangeHRM/i_-- Select --_oxd-icon bi-caret-up-fill ox_627fec_1_2_3")): Object: 'Object Repository/Employee-Onboarding/Employee_Jobs/Page_OrangeHRM/i_-- Select --_oxd-icon bi-caret-up-fill ox_627fec_1_2_3' is clicked on

27-12-2024T07:09:48 - [MESSAGE][PASSED] - Object: 'Object Repository/Employee-Onboarding/Employee_Jobs/Page_OrangeHRM/i_-- Select --_oxd-icon bi-caret-up-fill ox_627fec_1_2_3' is clicked on

27-12-2024T07:09:48 - [TEST_STEP][PASSED] - click(findTestObject("Employee-Onboarding/Employee_Salary_Detail_Objects/Page_OrangeHRM/custom_object_for_dropdown", ["value":Location])): Object: 'Object Repository/Employee-Onboarding/Employee_Salary_Detail_Objects/Page_OrangeHRM/custom_object_for_dropdown' is clicked on

27-12-2024T07:09:49 - [MESSAGE][PASSED] - Object: 'Object Repository/Employee-Onboarding/Employee_Salary_Detail_Objects/Page_OrangeHRM/custom_object_for_dropdown' is clicked on

27-12-2024T07:09:49 - [TEST_STEP][PASSED] - comment("Step 9: Finalize the job details by selecting the appropriate options from the dropdown"): Step 9: Finalize the job details by selecting the appropriate options from the dropdown

27-12-2024T07:09:49 - [MESSAGE][INFO] - Step 9: Finalize the job details by selecting the appropriate options from the dropdown

27-12-2024T07:09:49 - [TEST_STEP][PASSED] - click(findTestObject("Object Repository/Employee-Onboarding/Employee_Jobs/Page_OrangeHRM/i_-- Select --_oxd-icon bi-caret-up-fill ox_627fec_1_2_3_4")): Object: 'Object Repository/Employee-Onboarding/Employee_Jobs/Page_OrangeHRM/i_-- Select --_oxd-icon bi-caret-up-fill ox_627fec_1_2_3_4' is clicked on

27-12-2024T07:09:49 - [MESSAGE][PASSED] - Object: 'Object Repository/Employee-Onboarding/Employee_Jobs/Page_OrangeHRM/i_-- Select --_oxd-icon bi-caret-up-fill ox_627fec_1_2_3_4' is clicked on

27-12-2024T07:09:49 - [TEST_STEP][PASSED] - click(findTestObject("Employee-Onboarding/Employee_Salary_Detail_Objects/Page_OrangeHRM/custom_object_for_dropdown", ["value":Employee_Status])): Object: 'Object Repository/Employee-Onboarding/Employee_Salary_Detail_Objects/Page_OrangeHRM/custom_object_for_dropdown' is clicked on

27-12-2024T07:09:50 - [MESSAGE][PASSED] - Object: 'Object Repository/Employee-Onboarding/Employee_Salary_Detail_Objects/Page_OrangeHRM/custom_object_for_dropdown' is clicked on

27-12-2024T07:09:50 - [TEST_STEP][PASSED] - comment("Step 10: Click the "Save" button to save the updated job details for the employee"): Step 10: Click the "Save" button to save the updated job details for the employee

27-12-2024T07:09:50 - [MESSAGE][INFO] - Step 10: Click the "Save" button to save the updated job details for the employee

27-12-2024T07:09:50 - [TEST_STEP][PASSED] - click(findTestObject("Object Repository/Employee-Onboarding/Employee_Jobs/Page_OrangeHRM/button_Save")): Object: 'Object Repository/Employee-Onboarding/Employee_Jobs/Page_OrangeHRM/button_Save' is clicked on

27-12-2024T07:09:50 - [MESSAGE][PASSED] - Object: 'Object Repository/Employee-Onboarding/Employee_Jobs/Page_OrangeHRM/button_Save' is clicked on]]></system-out>
         <system-err><![CDATA[]]></system-err>
      </testcase>
      <testcase name="Test Cases/Employee_Onboarding/TC_Employee_Job_Details" time="16.83" classname="Test Cases/Employee_Onboarding/TC_Employee_Job_Details" status="PASSED">
         <system-out><![CDATA[27-12-2024T07:09:50 - [TEST_CASE][PASSED] - Test Cases/Employee_Onboarding/TC_Employee_Job_Details: Test Cases/Employee_Onboarding/TC_Employee_Job_Details

27-12-2024T07:09:50 - [TEST_STEP][PASSED] - comment("Step 1: Click on the "PIM" tab to access the Employee Management section"): Step 1: Click on the "PIM" tab to access the Employee Management section

27-12-2024T07:09:50 - [MESSAGE][INFO] - Step 1: Click on the "PIM" tab to access the Employee Management section

27-12-2024T07:09:50 - [TEST_STEP][PASSED] - click(findTestObject("Object Repository/Employee-Onboarding/Employee_Jobs/Page_OrangeHRM/a_PIM")): Object: 'Object Repository/Employee-Onboarding/Employee_Jobs/Page_OrangeHRM/a_PIM' is clicked on

27-12-2024T07:09:52 - [MESSAGE][PASSED] - Object: 'Object Repository/Employee-Onboarding/Employee_Jobs/Page_OrangeHRM/a_PIM' is clicked on

27-12-2024T07:09:52 - [TEST_STEP][PASSED] - comment("Step 2: Set the employee name "Alice Johnson" in the search input field"): Step 2: Set the employee name "Alice Johnson" in the search input field

27-12-2024T07:09:52 - [MESSAGE][INFO] - Step 2: Set the employee name "Alice Johnson" in the search input field

27-12-2024T07:09:52 - [TEST_STEP][PASSED] - setText(findTestObject("Object Repository/Employee-Onboarding/Employee_Jobs/Page_OrangeHRM/input"), Fullname): Text 'James Harrington' is set on object 'Object Repository/Employee-Onboarding/Employee_Jobs/Page_OrangeHRM/input'

27-12-2024T07:09:54 - [MESSAGE][PASSED] - Text 'James Harrington' is set on object 'Object Repository/Employee-Onboarding/Employee_Jobs/Page_OrangeHRM/input'

27-12-2024T07:09:54 - [TEST_STEP][PASSED] - comment("Step 3: Click the "Search" button to search for the employee"): Step 3: Click the "Search" button to search for the employee

27-12-2024T07:09:54 - [MESSAGE][INFO] - Step 3: Click the "Search" button to search for the employee

27-12-2024T07:09:54 - [TEST_STEP][PASSED] - click(findTestObject("Object Repository/Employee-Onboarding/Employee_Jobs/Page_OrangeHRM/button_Search")): Object: 'Object Repository/Employee-Onboarding/Employee_Jobs/Page_OrangeHRM/button_Search' is clicked on

27-12-2024T07:09:55 - [MESSAGE][PASSED] - Object: 'Object Repository/Employee-Onboarding/Employee_Jobs/Page_OrangeHRM/button_Search' is clicked on

27-12-2024T07:09:55 - [TEST_STEP][PASSED] - comment("Step 1: Select the employee record by clicking on the employee ID"): Step 1: Select the employee record by clicking on the employee ID

27-12-2024T07:09:55 - [MESSAGE][INFO] - Step 1: Select the employee record by clicking on the employee ID

27-12-2024T07:09:55 - [TEST_STEP][PASSED] - click(findTestObject("Object Repository/Employee-Onboarding/Employee_Jobs/Page_OrangeHRM/div_0034008")): Object: 'Object Repository/Employee-Onboarding/Employee_Jobs/Page_OrangeHRM/div_0034008' is clicked on

27-12-2024T07:09:56 - [MESSAGE][PASSED] - Object: 'Object Repository/Employee-Onboarding/Employee_Jobs/Page_OrangeHRM/div_0034008' is clicked on

27-12-2024T07:09:56 - [TEST_STEP][PASSED] - comment("Step 2: Click on the "Job" tab in the employee details section"): Step 2: Click on the "Job" tab in the employee details section

27-12-2024T07:09:56 - [MESSAGE][INFO] - Step 2: Click on the "Job" tab in the employee details section

27-12-2024T07:09:56 - [TEST_STEP][PASSED] - click(findTestObject("Object Repository/Employee-Onboarding/Employee_Jobs/Page_OrangeHRM/a_Job")): Object: 'Object Repository/Employee-Onboarding/Employee_Jobs/Page_OrangeHRM/a_Job' is clicked on

27-12-2024T07:09:59 - [MESSAGE][PASSED] - Object: 'Object Repository/Employee-Onboarding/Employee_Jobs/Page_OrangeHRM/a_Job' is clicked on

27-12-2024T07:09:59 - [TEST_STEP][PASSED] - comment("Step 3: Open the date picker for "Joined Date""): Step 3: Open the date picker for "Joined Date"

27-12-2024T07:09:59 - [MESSAGE][INFO] - Step 3: Open the date picker for "Joined Date"

27-12-2024T07:09:59 - [TEST_STEP][PASSED] - click(findTestObject("Object Repository/Employee-Onboarding/Employee_Jobs/Page_OrangeHRM/i_Joined Date_oxd-icon bi-calendar oxd-date_38329e")): Object: 'Object Repository/Employee-Onboarding/Employee_Jobs/Page_OrangeHRM/i_Joined Date_oxd-icon bi-calendar oxd-date_38329e' is clicked on

27-12-2024T07:10:02 - [MESSAGE][PASSED] - Object: 'Object Repository/Employee-Onboarding/Employee_Jobs/Page_OrangeHRM/i_Joined Date_oxd-icon bi-calendar oxd-date_38329e' is clicked on

27-12-2024T07:10:02 - [TEST_STEP][PASSED] - comment("Step 4: Select the 31st as the "Joined Date""): Step 4: Select the 31st as the "Joined Date"

27-12-2024T07:10:02 - [MESSAGE][INFO] - Step 4: Select the 31st as the "Joined Date"

27-12-2024T07:10:02 - [TEST_STEP][PASSED] - click(findTestObject("Object Repository/Employee-Onboarding/Employee_Jobs/Page_OrangeHRM/div_31")): Object: 'Object Repository/Employee-Onboarding/Employee_Jobs/Page_OrangeHRM/div_31' is clicked on

27-12-2024T07:10:02 - [MESSAGE][PASSED] - Object: 'Object Repository/Employee-Onboarding/Employee_Jobs/Page_OrangeHRM/div_31' is clicked on

27-12-2024T07:10:02 - [TEST_STEP][PASSED] - comment("Step 5: Open the dropdown menu to make selections (e.g., job title, employment type)"): Step 5: Open the dropdown menu to make selections (e.g., job title, employment type)

27-12-2024T07:10:02 - [MESSAGE][INFO] - Step 5: Open the dropdown menu to make selections (e.g., job title, employment type)

27-12-2024T07:10:02 - [TEST_STEP][PASSED] - click(findTestObject("Object Repository/Employee-Onboarding/Employee_Jobs/Page_OrangeHRM/i_-- Select --_oxd-icon bi-caret-up-fill ox_627fec")): Object: 'Object Repository/Employee-Onboarding/Employee_Jobs/Page_OrangeHRM/i_-- Select --_oxd-icon bi-caret-up-fill ox_627fec' is clicked on

27-12-2024T07:10:02 - [MESSAGE][PASSED] - Object: 'Object Repository/Employee-Onboarding/Employee_Jobs/Page_OrangeHRM/i_-- Select --_oxd-icon bi-caret-up-fill ox_627fec' is clicked on

27-12-2024T07:10:02 - [TEST_STEP][PASSED] - click(findTestObject("Employee-Onboarding/Employee_Salary_Detail_Objects/Page_OrangeHRM/custom_object_for_dropdown", ["value":Job_Title])): Object: 'Object Repository/Employee-Onboarding/Employee_Salary_Detail_Objects/Page_OrangeHRM/custom_object_for_dropdown' is clicked on

27-12-2024T07:10:03 - [MESSAGE][PASSED] - Object: 'Object Repository/Employee-Onboarding/Employee_Salary_Detail_Objects/Page_OrangeHRM/custom_object_for_dropdown' is clicked on

27-12-2024T07:10:03 - [TEST_STEP][PASSED] - comment("Step 6: Select the desired job option from the dropdown"): Step 6: Select the desired job option from the dropdown

27-12-2024T07:10:03 - [MESSAGE][INFO] - Step 6: Select the desired job option from the dropdown

27-12-2024T07:10:03 - [TEST_STEP][PASSED] - click(findTestObject("Object Repository/Employee-Onboarding/Employee_Jobs/Page_OrangeHRM/i_-- Select --_oxd-icon bi-caret-up-fill ox_627fec_1")): Object: 'Object Repository/Employee-Onboarding/Employee_Jobs/Page_OrangeHRM/i_-- Select --_oxd-icon bi-caret-up-fill ox_627fec_1' is clicked on

27-12-2024T07:10:03 - [MESSAGE][PASSED] - Object: 'Object Repository/Employee-Onboarding/Employee_Jobs/Page_OrangeHRM/i_-- Select --_oxd-icon bi-caret-up-fill ox_627fec_1' is clicked on

27-12-2024T07:10:03 - [TEST_STEP][PASSED] - click(findTestObject("Employee-Onboarding/Employee_Salary_Detail_Objects/Page_OrangeHRM/custom_object_for_dropdown", ["value":Job_Category])): Object: 'Object Repository/Employee-Onboarding/Employee_Salary_Detail_Objects/Page_OrangeHRM/custom_object_for_dropdown' is clicked on

27-12-2024T07:10:04 - [MESSAGE][PASSED] - Object: 'Object Repository/Employee-Onboarding/Employee_Salary_Detail_Objects/Page_OrangeHRM/custom_object_for_dropdown' is clicked on

27-12-2024T07:10:04 - [TEST_STEP][PASSED] - comment("Step 7: Select the desired job category from the dropdown"): Step 7: Select the desired job category from the dropdown

27-12-2024T07:10:04 - [MESSAGE][INFO] - Step 7: Select the desired job category from the dropdown

27-12-2024T07:10:04 - [TEST_STEP][PASSED] - click(findTestObject("Object Repository/Employee-Onboarding/Employee_Jobs/Page_OrangeHRM/i_-- Select --_oxd-icon bi-caret-up-fill ox_627fec_1_2")): Object: 'Object Repository/Employee-Onboarding/Employee_Jobs/Page_OrangeHRM/i_-- Select --_oxd-icon bi-caret-up-fill ox_627fec_1_2' is clicked on

27-12-2024T07:10:04 - [MESSAGE][PASSED] - Object: 'Object Repository/Employee-Onboarding/Employee_Jobs/Page_OrangeHRM/i_-- Select --_oxd-icon bi-caret-up-fill ox_627fec_1_2' is clicked on

27-12-2024T07:10:04 - [TEST_STEP][PASSED] - click(findTestObject("Employee-Onboarding/Employee_Salary_Detail_Objects/Page_OrangeHRM/custom_object_for_dropdown", ["value":Sub_Unit])): Object: 'Object Repository/Employee-Onboarding/Employee_Salary_Detail_Objects/Page_OrangeHRM/custom_object_for_dropdown' is clicked on

27-12-2024T07:10:05 - [MESSAGE][PASSED] - Object: 'Object Repository/Employee-Onboarding/Employee_Salary_Detail_Objects/Page_OrangeHRM/custom_object_for_dropdown' is clicked on

27-12-2024T07:10:05 - [TEST_STEP][PASSED] - comment("Step 8: Select the desired sub-category from the dropdown"): Step 8: Select the desired sub-category from the dropdown

27-12-2024T07:10:05 - [MESSAGE][INFO] - Step 8: Select the desired sub-category from the dropdown

27-12-2024T07:10:05 - [TEST_STEP][PASSED] - click(findTestObject("Object Repository/Employee-Onboarding/Employee_Jobs/Page_OrangeHRM/i_-- Select --_oxd-icon bi-caret-up-fill ox_627fec_1_2_3")): Object: 'Object Repository/Employee-Onboarding/Employee_Jobs/Page_OrangeHRM/i_-- Select --_oxd-icon bi-caret-up-fill ox_627fec_1_2_3' is clicked on

27-12-2024T07:10:05 - [MESSAGE][PASSED] - Object: 'Object Repository/Employee-Onboarding/Employee_Jobs/Page_OrangeHRM/i_-- Select --_oxd-icon bi-caret-up-fill ox_627fec_1_2_3' is clicked on

27-12-2024T07:10:05 - [TEST_STEP][PASSED] - click(findTestObject("Employee-Onboarding/Employee_Salary_Detail_Objects/Page_OrangeHRM/custom_object_for_dropdown", ["value":Location])): Object: 'Object Repository/Employee-Onboarding/Employee_Salary_Detail_Objects/Page_OrangeHRM/custom_object_for_dropdown' is clicked on

27-12-2024T07:10:06 - [MESSAGE][PASSED] - Object: 'Object Repository/Employee-Onboarding/Employee_Salary_Detail_Objects/Page_OrangeHRM/custom_object_for_dropdown' is clicked on

27-12-2024T07:10:06 - [TEST_STEP][PASSED] - comment("Step 9: Finalize the job details by selecting the appropriate options from the dropdown"): Step 9: Finalize the job details by selecting the appropriate options from the dropdown

27-12-2024T07:10:06 - [MESSAGE][INFO] - Step 9: Finalize the job details by selecting the appropriate options from the dropdown

27-12-2024T07:10:06 - [TEST_STEP][PASSED] - click(findTestObject("Object Repository/Employee-Onboarding/Employee_Jobs/Page_OrangeHRM/i_-- Select --_oxd-icon bi-caret-up-fill ox_627fec_1_2_3_4")): Object: 'Object Repository/Employee-Onboarding/Employee_Jobs/Page_OrangeHRM/i_-- Select --_oxd-icon bi-caret-up-fill ox_627fec_1_2_3_4' is clicked on

27-12-2024T07:10:06 - [MESSAGE][PASSED] - Object: 'Object Repository/Employee-Onboarding/Employee_Jobs/Page_OrangeHRM/i_-- Select --_oxd-icon bi-caret-up-fill ox_627fec_1_2_3_4' is clicked on

27-12-2024T07:10:06 - [TEST_STEP][PASSED] - click(findTestObject("Employee-Onboarding/Employee_Salary_Detail_Objects/Page_OrangeHRM/custom_object_for_dropdown", ["value":Employee_Status])): Object: 'Object Repository/Employee-Onboarding/Employee_Salary_Detail_Objects/Page_OrangeHRM/custom_object_for_dropdown' is clicked on

27-12-2024T07:10:07 - [MESSAGE][PASSED] - Object: 'Object Repository/Employee-Onboarding/Employee_Salary_Detail_Objects/Page_OrangeHRM/custom_object_for_dropdown' is clicked on

27-12-2024T07:10:07 - [TEST_STEP][PASSED] - comment("Step 10: Click the "Save" button to save the updated job details for the employee"): Step 10: Click the "Save" button to save the updated job details for the employee

27-12-2024T07:10:07 - [MESSAGE][INFO] - Step 10: Click the "Save" button to save the updated job details for the employee

27-12-2024T07:10:07 - [TEST_STEP][PASSED] - click(findTestObject("Object Repository/Employee-Onboarding/Employee_Jobs/Page_OrangeHRM/button_Save")): Object: 'Object Repository/Employee-Onboarding/Employee_Jobs/Page_OrangeHRM/button_Save' is clicked on

27-12-2024T07:10:07 - [MESSAGE][PASSED] - Object: 'Object Repository/Employee-Onboarding/Employee_Jobs/Page_OrangeHRM/button_Save' is clicked on]]></system-out>
         <system-err><![CDATA[]]></system-err>
      </testcase>
      <testcase name="Test Cases/Employee_Onboarding/TC_Employee_Job_Details" time="17.421" classname="Test Cases/Employee_Onboarding/TC_Employee_Job_Details" status="PASSED">
         <system-out><![CDATA[27-12-2024T07:10:07 - [TEST_CASE][PASSED] - Test Cases/Employee_Onboarding/TC_Employee_Job_Details: Test Cases/Employee_Onboarding/TC_Employee_Job_Details

27-12-2024T07:10:07 - [TEST_STEP][PASSED] - comment("Step 1: Click on the "PIM" tab to access the Employee Management section"): Step 1: Click on the "PIM" tab to access the Employee Management section

27-12-2024T07:10:07 - [MESSAGE][INFO] - Step 1: Click on the "PIM" tab to access the Employee Management section

27-12-2024T07:10:07 - [TEST_STEP][PASSED] - click(findTestObject("Object Repository/Employee-Onboarding/Employee_Jobs/Page_OrangeHRM/a_PIM")): Object: 'Object Repository/Employee-Onboarding/Employee_Jobs/Page_OrangeHRM/a_PIM' is clicked on

27-12-2024T07:10:09 - [MESSAGE][PASSED] - Object: 'Object Repository/Employee-Onboarding/Employee_Jobs/Page_OrangeHRM/a_PIM' is clicked on

27-12-2024T07:10:09 - [TEST_STEP][PASSED] - comment("Step 2: Set the employee name "Alice Johnson" in the search input field"): Step 2: Set the employee name "Alice Johnson" in the search input field

27-12-2024T07:10:09 - [MESSAGE][INFO] - Step 2: Set the employee name "Alice Johnson" in the search input field

27-12-2024T07:10:09 - [TEST_STEP][PASSED] - setText(findTestObject("Object Repository/Employee-Onboarding/Employee_Jobs/Page_OrangeHRM/input"), Fullname): Text 'Erica Rogers' is set on object 'Object Repository/Employee-Onboarding/Employee_Jobs/Page_OrangeHRM/input'

27-12-2024T07:10:11 - [MESSAGE][PASSED] - Text 'Erica Rogers' is set on object 'Object Repository/Employee-Onboarding/Employee_Jobs/Page_OrangeHRM/input'

27-12-2024T07:10:11 - [TEST_STEP][PASSED] - comment("Step 3: Click the "Search" button to search for the employee"): Step 3: Click the "Search" button to search for the employee

27-12-2024T07:10:11 - [MESSAGE][INFO] - Step 3: Click the "Search" button to search for the employee

27-12-2024T07:10:11 - [TEST_STEP][PASSED] - click(findTestObject("Object Repository/Employee-Onboarding/Employee_Jobs/Page_OrangeHRM/button_Search")): Object: 'Object Repository/Employee-Onboarding/Employee_Jobs/Page_OrangeHRM/button_Search' is clicked on

27-12-2024T07:10:12 - [MESSAGE][PASSED] - Object: 'Object Repository/Employee-Onboarding/Employee_Jobs/Page_OrangeHRM/button_Search' is clicked on

27-12-2024T07:10:12 - [TEST_STEP][PASSED] - comment("Step 1: Select the employee record by clicking on the employee ID"): Step 1: Select the employee record by clicking on the employee ID

27-12-2024T07:10:12 - [MESSAGE][INFO] - Step 1: Select the employee record by clicking on the employee ID

27-12-2024T07:10:12 - [TEST_STEP][PASSED] - click(findTestObject("Object Repository/Employee-Onboarding/Employee_Jobs/Page_OrangeHRM/div_0034008")): Object: 'Object Repository/Employee-Onboarding/Employee_Jobs/Page_OrangeHRM/div_0034008' is clicked on

27-12-2024T07:10:13 - [MESSAGE][PASSED] - Object: 'Object Repository/Employee-Onboarding/Employee_Jobs/Page_OrangeHRM/div_0034008' is clicked on

27-12-2024T07:10:13 - [TEST_STEP][PASSED] - comment("Step 2: Click on the "Job" tab in the employee details section"): Step 2: Click on the "Job" tab in the employee details section

27-12-2024T07:10:13 - [MESSAGE][INFO] - Step 2: Click on the "Job" tab in the employee details section

27-12-2024T07:10:13 - [TEST_STEP][PASSED] - click(findTestObject("Object Repository/Employee-Onboarding/Employee_Jobs/Page_OrangeHRM/a_Job")): Object: 'Object Repository/Employee-Onboarding/Employee_Jobs/Page_OrangeHRM/a_Job' is clicked on

27-12-2024T07:10:17 - [MESSAGE][PASSED] - Object: 'Object Repository/Employee-Onboarding/Employee_Jobs/Page_OrangeHRM/a_Job' is clicked on

27-12-2024T07:10:17 - [TEST_STEP][PASSED] - comment("Step 3: Open the date picker for "Joined Date""): Step 3: Open the date picker for "Joined Date"

27-12-2024T07:10:17 - [MESSAGE][INFO] - Step 3: Open the date picker for "Joined Date"

27-12-2024T07:10:17 - [TEST_STEP][PASSED] - click(findTestObject("Object Repository/Employee-Onboarding/Employee_Jobs/Page_OrangeHRM/i_Joined Date_oxd-icon bi-calendar oxd-date_38329e")): Object: 'Object Repository/Employee-Onboarding/Employee_Jobs/Page_OrangeHRM/i_Joined Date_oxd-icon bi-calendar oxd-date_38329e' is clicked on

27-12-2024T07:10:19 - [MESSAGE][PASSED] - Object: 'Object Repository/Employee-Onboarding/Employee_Jobs/Page_OrangeHRM/i_Joined Date_oxd-icon bi-calendar oxd-date_38329e' is clicked on

27-12-2024T07:10:19 - [TEST_STEP][PASSED] - comment("Step 4: Select the 31st as the "Joined Date""): Step 4: Select the 31st as the "Joined Date"

27-12-2024T07:10:19 - [MESSAGE][INFO] - Step 4: Select the 31st as the "Joined Date"

27-12-2024T07:10:19 - [TEST_STEP][PASSED] - click(findTestObject("Object Repository/Employee-Onboarding/Employee_Jobs/Page_OrangeHRM/div_31")): Object: 'Object Repository/Employee-Onboarding/Employee_Jobs/Page_OrangeHRM/div_31' is clicked on

27-12-2024T07:10:19 - [MESSAGE][PASSED] - Object: 'Object Repository/Employee-Onboarding/Employee_Jobs/Page_OrangeHRM/div_31' is clicked on

27-12-2024T07:10:19 - [TEST_STEP][PASSED] - comment("Step 5: Open the dropdown menu to make selections (e.g., job title, employment type)"): Step 5: Open the dropdown menu to make selections (e.g., job title, employment type)

27-12-2024T07:10:19 - [MESSAGE][INFO] - Step 5: Open the dropdown menu to make selections (e.g., job title, employment type)

27-12-2024T07:10:19 - [TEST_STEP][PASSED] - click(findTestObject("Object Repository/Employee-Onboarding/Employee_Jobs/Page_OrangeHRM/i_-- Select --_oxd-icon bi-caret-up-fill ox_627fec")): Object: 'Object Repository/Employee-Onboarding/Employee_Jobs/Page_OrangeHRM/i_-- Select --_oxd-icon bi-caret-up-fill ox_627fec' is clicked on

27-12-2024T07:10:19 - [MESSAGE][PASSED] - Object: 'Object Repository/Employee-Onboarding/Employee_Jobs/Page_OrangeHRM/i_-- Select --_oxd-icon bi-caret-up-fill ox_627fec' is clicked on

27-12-2024T07:10:19 - [TEST_STEP][PASSED] - click(findTestObject("Employee-Onboarding/Employee_Salary_Detail_Objects/Page_OrangeHRM/custom_object_for_dropdown", ["value":Job_Title])): Object: 'Object Repository/Employee-Onboarding/Employee_Salary_Detail_Objects/Page_OrangeHRM/custom_object_for_dropdown' is clicked on

27-12-2024T07:10:20 - [MESSAGE][PASSED] - Object: 'Object Repository/Employee-Onboarding/Employee_Salary_Detail_Objects/Page_OrangeHRM/custom_object_for_dropdown' is clicked on

27-12-2024T07:10:20 - [TEST_STEP][PASSED] - comment("Step 6: Select the desired job option from the dropdown"): Step 6: Select the desired job option from the dropdown

27-12-2024T07:10:20 - [MESSAGE][INFO] - Step 6: Select the desired job option from the dropdown

27-12-2024T07:10:20 - [TEST_STEP][PASSED] - click(findTestObject("Object Repository/Employee-Onboarding/Employee_Jobs/Page_OrangeHRM/i_-- Select --_oxd-icon bi-caret-up-fill ox_627fec_1")): Object: 'Object Repository/Employee-Onboarding/Employee_Jobs/Page_OrangeHRM/i_-- Select --_oxd-icon bi-caret-up-fill ox_627fec_1' is clicked on

27-12-2024T07:10:21 - [MESSAGE][PASSED] - Object: 'Object Repository/Employee-Onboarding/Employee_Jobs/Page_OrangeHRM/i_-- Select --_oxd-icon bi-caret-up-fill ox_627fec_1' is clicked on

27-12-2024T07:10:21 - [TEST_STEP][PASSED] - click(findTestObject("Employee-Onboarding/Employee_Salary_Detail_Objects/Page_OrangeHRM/custom_object_for_dropdown", ["value":Job_Category])): Object: 'Object Repository/Employee-Onboarding/Employee_Salary_Detail_Objects/Page_OrangeHRM/custom_object_for_dropdown' is clicked on

27-12-2024T07:10:21 - [MESSAGE][PASSED] - Object: 'Object Repository/Employee-Onboarding/Employee_Salary_Detail_Objects/Page_OrangeHRM/custom_object_for_dropdown' is clicked on

27-12-2024T07:10:21 - [TEST_STEP][PASSED] - comment("Step 7: Select the desired job category from the dropdown"): Step 7: Select the desired job category from the dropdown

27-12-2024T07:10:21 - [MESSAGE][INFO] - Step 7: Select the desired job category from the dropdown

27-12-2024T07:10:21 - [TEST_STEP][PASSED] - click(findTestObject("Object Repository/Employee-Onboarding/Employee_Jobs/Page_OrangeHRM/i_-- Select --_oxd-icon bi-caret-up-fill ox_627fec_1_2")): Object: 'Object Repository/Employee-Onboarding/Employee_Jobs/Page_OrangeHRM/i_-- Select --_oxd-icon bi-caret-up-fill ox_627fec_1_2' is clicked on

27-12-2024T07:10:22 - [MESSAGE][PASSED] - Object: 'Object Repository/Employee-Onboarding/Employee_Jobs/Page_OrangeHRM/i_-- Select --_oxd-icon bi-caret-up-fill ox_627fec_1_2' is clicked on

27-12-2024T07:10:22 - [TEST_STEP][PASSED] - click(findTestObject("Employee-Onboarding/Employee_Salary_Detail_Objects/Page_OrangeHRM/custom_object_for_dropdown", ["value":Sub_Unit])): Object: 'Object Repository/Employee-Onboarding/Employee_Salary_Detail_Objects/Page_OrangeHRM/custom_object_for_dropdown' is clicked on

27-12-2024T07:10:22 - [MESSAGE][PASSED] - Object: 'Object Repository/Employee-Onboarding/Employee_Salary_Detail_Objects/Page_OrangeHRM/custom_object_for_dropdown' is clicked on

27-12-2024T07:10:22 - [TEST_STEP][PASSED] - comment("Step 8: Select the desired sub-category from the dropdown"): Step 8: Select the desired sub-category from the dropdown

27-12-2024T07:10:22 - [MESSAGE][INFO] - Step 8: Select the desired sub-category from the dropdown

27-12-2024T07:10:22 - [TEST_STEP][PASSED] - click(findTestObject("Object Repository/Employee-Onboarding/Employee_Jobs/Page_OrangeHRM/i_-- Select --_oxd-icon bi-caret-up-fill ox_627fec_1_2_3")): Object: 'Object Repository/Employee-Onboarding/Employee_Jobs/Page_OrangeHRM/i_-- Select --_oxd-icon bi-caret-up-fill ox_627fec_1_2_3' is clicked on

27-12-2024T07:10:23 - [MESSAGE][PASSED] - Object: 'Object Repository/Employee-Onboarding/Employee_Jobs/Page_OrangeHRM/i_-- Select --_oxd-icon bi-caret-up-fill ox_627fec_1_2_3' is clicked on

27-12-2024T07:10:23 - [TEST_STEP][PASSED] - click(findTestObject("Employee-Onboarding/Employee_Salary_Detail_Objects/Page_OrangeHRM/custom_object_for_dropdown", ["value":Location])): Object: 'Object Repository/Employee-Onboarding/Employee_Salary_Detail_Objects/Page_OrangeHRM/custom_object_for_dropdown' is clicked on

27-12-2024T07:10:23 - [MESSAGE][PASSED] - Object: 'Object Repository/Employee-Onboarding/Employee_Salary_Detail_Objects/Page_OrangeHRM/custom_object_for_dropdown' is clicked on

27-12-2024T07:10:23 - [TEST_STEP][PASSED] - comment("Step 9: Finalize the job details by selecting the appropriate options from the dropdown"): Step 9: Finalize the job details by selecting the appropriate options from the dropdown

27-12-2024T07:10:23 - [MESSAGE][INFO] - Step 9: Finalize the job details by selecting the appropriate options from the dropdown

27-12-2024T07:10:23 - [TEST_STEP][PASSED] - click(findTestObject("Object Repository/Employee-Onboarding/Employee_Jobs/Page_OrangeHRM/i_-- Select --_oxd-icon bi-caret-up-fill ox_627fec_1_2_3_4")): Object: 'Object Repository/Employee-Onboarding/Employee_Jobs/Page_OrangeHRM/i_-- Select --_oxd-icon bi-caret-up-fill ox_627fec_1_2_3_4' is clicked on

27-12-2024T07:10:23 - [MESSAGE][PASSED] - Object: 'Object Repository/Employee-Onboarding/Employee_Jobs/Page_OrangeHRM/i_-- Select --_oxd-icon bi-caret-up-fill ox_627fec_1_2_3_4' is clicked on

27-12-2024T07:10:23 - [TEST_STEP][PASSED] - click(findTestObject("Employee-Onboarding/Employee_Salary_Detail_Objects/Page_OrangeHRM/custom_object_for_dropdown", ["value":Employee_Status])): Object: 'Object Repository/Employee-Onboarding/Employee_Salary_Detail_Objects/Page_OrangeHRM/custom_object_for_dropdown' is clicked on

27-12-2024T07:10:24 - [MESSAGE][PASSED] - Object: 'Object Repository/Employee-Onboarding/Employee_Salary_Detail_Objects/Page_OrangeHRM/custom_object_for_dropdown' is clicked on

27-12-2024T07:10:24 - [TEST_STEP][PASSED] - comment("Step 10: Click the "Save" button to save the updated job details for the employee"): Step 10: Click the "Save" button to save the updated job details for the employee

27-12-2024T07:10:24 - [MESSAGE][INFO] - Step 10: Click the "Save" button to save the updated job details for the employee

27-12-2024T07:10:24 - [TEST_STEP][PASSED] - click(findTestObject("Object Repository/Employee-Onboarding/Employee_Jobs/Page_OrangeHRM/button_Save")): Object: 'Object Repository/Employee-Onboarding/Employee_Jobs/Page_OrangeHRM/button_Save' is clicked on

27-12-2024T07:10:24 - [MESSAGE][PASSED] - Object: 'Object Repository/Employee-Onboarding/Employee_Jobs/Page_OrangeHRM/button_Save' is clicked on]]></system-out>
         <system-err><![CDATA[]]></system-err>
      </testcase>
      <testcase name="Test Cases/Employee_Onboarding/TC_Employee_Job_Details" time="17.293" classname="Test Cases/Employee_Onboarding/TC_Employee_Job_Details" status="PASSED">
         <system-out><![CDATA[27-12-2024T07:10:24 - [TEST_CASE][PASSED] - Test Cases/Employee_Onboarding/TC_Employee_Job_Details: Test Cases/Employee_Onboarding/TC_Employee_Job_Details

27-12-2024T07:10:24 - [TEST_STEP][PASSED] - comment("Step 1: Click on the "PIM" tab to access the Employee Management section"): Step 1: Click on the "PIM" tab to access the Employee Management section

27-12-2024T07:10:24 - [MESSAGE][INFO] - Step 1: Click on the "PIM" tab to access the Employee Management section

27-12-2024T07:10:24 - [TEST_STEP][PASSED] - click(findTestObject("Object Repository/Employee-Onboarding/Employee_Jobs/Page_OrangeHRM/a_PIM")): Object: 'Object Repository/Employee-Onboarding/Employee_Jobs/Page_OrangeHRM/a_PIM' is clicked on

27-12-2024T07:10:27 - [MESSAGE][PASSED] - Object: 'Object Repository/Employee-Onboarding/Employee_Jobs/Page_OrangeHRM/a_PIM' is clicked on

27-12-2024T07:10:27 - [TEST_STEP][PASSED] - comment("Step 2: Set the employee name "Alice Johnson" in the search input field"): Step 2: Set the employee name "Alice Johnson" in the search input field

27-12-2024T07:10:27 - [MESSAGE][INFO] - Step 2: Set the employee name "Alice Johnson" in the search input field

27-12-2024T07:10:27 - [TEST_STEP][PASSED] - setText(findTestObject("Object Repository/Employee-Onboarding/Employee_Jobs/Page_OrangeHRM/input"), Fullname): Text 'Karen Gonzales' is set on object 'Object Repository/Employee-Onboarding/Employee_Jobs/Page_OrangeHRM/input'

27-12-2024T07:10:29 - [MESSAGE][PASSED] - Text 'Karen Gonzales' is set on object 'Object Repository/Employee-Onboarding/Employee_Jobs/Page_OrangeHRM/input'

27-12-2024T07:10:29 - [TEST_STEP][PASSED] - comment("Step 3: Click the "Search" button to search for the employee"): Step 3: Click the "Search" button to search for the employee

27-12-2024T07:10:29 - [MESSAGE][INFO] - Step 3: Click the "Search" button to search for the employee

27-12-2024T07:10:29 - [TEST_STEP][PASSED] - click(findTestObject("Object Repository/Employee-Onboarding/Employee_Jobs/Page_OrangeHRM/button_Search")): Object: 'Object Repository/Employee-Onboarding/Employee_Jobs/Page_OrangeHRM/button_Search' is clicked on

27-12-2024T07:10:29 - [MESSAGE][PASSED] - Object: 'Object Repository/Employee-Onboarding/Employee_Jobs/Page_OrangeHRM/button_Search' is clicked on

27-12-2024T07:10:29 - [TEST_STEP][PASSED] - comment("Step 1: Select the employee record by clicking on the employee ID"): Step 1: Select the employee record by clicking on the employee ID

27-12-2024T07:10:29 - [MESSAGE][INFO] - Step 1: Select the employee record by clicking on the employee ID

27-12-2024T07:10:29 - [TEST_STEP][PASSED] - click(findTestObject("Object Repository/Employee-Onboarding/Employee_Jobs/Page_OrangeHRM/div_0034008")): Object: 'Object Repository/Employee-Onboarding/Employee_Jobs/Page_OrangeHRM/div_0034008' is clicked on

27-12-2024T07:10:31 - [MESSAGE][PASSED] - Object: 'Object Repository/Employee-Onboarding/Employee_Jobs/Page_OrangeHRM/div_0034008' is clicked on

27-12-2024T07:10:31 - [TEST_STEP][PASSED] - comment("Step 2: Click on the "Job" tab in the employee details section"): Step 2: Click on the "Job" tab in the employee details section

27-12-2024T07:10:31 - [MESSAGE][INFO] - Step 2: Click on the "Job" tab in the employee details section

27-12-2024T07:10:31 - [TEST_STEP][PASSED] - click(findTestObject("Object Repository/Employee-Onboarding/Employee_Jobs/Page_OrangeHRM/a_Job")): Object: 'Object Repository/Employee-Onboarding/Employee_Jobs/Page_OrangeHRM/a_Job' is clicked on

27-12-2024T07:10:34 - [MESSAGE][PASSED] - Object: 'Object Repository/Employee-Onboarding/Employee_Jobs/Page_OrangeHRM/a_Job' is clicked on

27-12-2024T07:10:34 - [TEST_STEP][PASSED] - comment("Step 3: Open the date picker for "Joined Date""): Step 3: Open the date picker for "Joined Date"

27-12-2024T07:10:34 - [MESSAGE][INFO] - Step 3: Open the date picker for "Joined Date"

27-12-2024T07:10:34 - [TEST_STEP][PASSED] - click(findTestObject("Object Repository/Employee-Onboarding/Employee_Jobs/Page_OrangeHRM/i_Joined Date_oxd-icon bi-calendar oxd-date_38329e")): Object: 'Object Repository/Employee-Onboarding/Employee_Jobs/Page_OrangeHRM/i_Joined Date_oxd-icon bi-calendar oxd-date_38329e' is clicked on

27-12-2024T07:10:36 - [MESSAGE][PASSED] - Object: 'Object Repository/Employee-Onboarding/Employee_Jobs/Page_OrangeHRM/i_Joined Date_oxd-icon bi-calendar oxd-date_38329e' is clicked on

27-12-2024T07:10:36 - [TEST_STEP][PASSED] - comment("Step 4: Select the 31st as the "Joined Date""): Step 4: Select the 31st as the "Joined Date"

27-12-2024T07:10:36 - [MESSAGE][INFO] - Step 4: Select the 31st as the "Joined Date"

27-12-2024T07:10:36 - [TEST_STEP][PASSED] - click(findTestObject("Object Repository/Employee-Onboarding/Employee_Jobs/Page_OrangeHRM/div_31")): Object: 'Object Repository/Employee-Onboarding/Employee_Jobs/Page_OrangeHRM/div_31' is clicked on

27-12-2024T07:10:36 - [MESSAGE][PASSED] - Object: 'Object Repository/Employee-Onboarding/Employee_Jobs/Page_OrangeHRM/div_31' is clicked on

27-12-2024T07:10:36 - [TEST_STEP][PASSED] - comment("Step 5: Open the dropdown menu to make selections (e.g., job title, employment type)"): Step 5: Open the dropdown menu to make selections (e.g., job title, employment type)

27-12-2024T07:10:36 - [MESSAGE][INFO] - Step 5: Open the dropdown menu to make selections (e.g., job title, employment type)

27-12-2024T07:10:36 - [TEST_STEP][PASSED] - click(findTestObject("Object Repository/Employee-Onboarding/Employee_Jobs/Page_OrangeHRM/i_-- Select --_oxd-icon bi-caret-up-fill ox_627fec")): Object: 'Object Repository/Employee-Onboarding/Employee_Jobs/Page_OrangeHRM/i_-- Select --_oxd-icon bi-caret-up-fill ox_627fec' is clicked on

27-12-2024T07:10:37 - [MESSAGE][PASSED] - Object: 'Object Repository/Employee-Onboarding/Employee_Jobs/Page_OrangeHRM/i_-- Select --_oxd-icon bi-caret-up-fill ox_627fec' is clicked on

27-12-2024T07:10:37 - [TEST_STEP][PASSED] - click(findTestObject("Employee-Onboarding/Employee_Salary_Detail_Objects/Page_OrangeHRM/custom_object_for_dropdown", ["value":Job_Title])): Object: 'Object Repository/Employee-Onboarding/Employee_Salary_Detail_Objects/Page_OrangeHRM/custom_object_for_dropdown' is clicked on

27-12-2024T07:10:37 - [MESSAGE][PASSED] - Object: 'Object Repository/Employee-Onboarding/Employee_Salary_Detail_Objects/Page_OrangeHRM/custom_object_for_dropdown' is clicked on

27-12-2024T07:10:37 - [TEST_STEP][PASSED] - comment("Step 6: Select the desired job option from the dropdown"): Step 6: Select the desired job option from the dropdown

27-12-2024T07:10:37 - [MESSAGE][INFO] - Step 6: Select the desired job option from the dropdown

27-12-2024T07:10:37 - [TEST_STEP][PASSED] - click(findTestObject("Object Repository/Employee-Onboarding/Employee_Jobs/Page_OrangeHRM/i_-- Select --_oxd-icon bi-caret-up-fill ox_627fec_1")): Object: 'Object Repository/Employee-Onboarding/Employee_Jobs/Page_OrangeHRM/i_-- Select --_oxd-icon bi-caret-up-fill ox_627fec_1' is clicked on

27-12-2024T07:10:38 - [MESSAGE][PASSED] - Object: 'Object Repository/Employee-Onboarding/Employee_Jobs/Page_OrangeHRM/i_-- Select --_oxd-icon bi-caret-up-fill ox_627fec_1' is clicked on

27-12-2024T07:10:38 - [TEST_STEP][PASSED] - click(findTestObject("Employee-Onboarding/Employee_Salary_Detail_Objects/Page_OrangeHRM/custom_object_for_dropdown", ["value":Job_Category])): Object: 'Object Repository/Employee-Onboarding/Employee_Salary_Detail_Objects/Page_OrangeHRM/custom_object_for_dropdown' is clicked on

27-12-2024T07:10:38 - [MESSAGE][PASSED] - Object: 'Object Repository/Employee-Onboarding/Employee_Salary_Detail_Objects/Page_OrangeHRM/custom_object_for_dropdown' is clicked on

27-12-2024T07:10:38 - [TEST_STEP][PASSED] - comment("Step 7: Select the desired job category from the dropdown"): Step 7: Select the desired job category from the dropdown

27-12-2024T07:10:38 - [MESSAGE][INFO] - Step 7: Select the desired job category from the dropdown

27-12-2024T07:10:38 - [TEST_STEP][PASSED] - click(findTestObject("Object Repository/Employee-Onboarding/Employee_Jobs/Page_OrangeHRM/i_-- Select --_oxd-icon bi-caret-up-fill ox_627fec_1_2")): Object: 'Object Repository/Employee-Onboarding/Employee_Jobs/Page_OrangeHRM/i_-- Select --_oxd-icon bi-caret-up-fill ox_627fec_1_2' is clicked on

27-12-2024T07:10:39 - [MESSAGE][PASSED] - Object: 'Object Repository/Employee-Onboarding/Employee_Jobs/Page_OrangeHRM/i_-- Select --_oxd-icon bi-caret-up-fill ox_627fec_1_2' is clicked on

27-12-2024T07:10:39 - [TEST_STEP][PASSED] - click(findTestObject("Employee-Onboarding/Employee_Salary_Detail_Objects/Page_OrangeHRM/custom_object_for_dropdown", ["value":Sub_Unit])): Object: 'Object Repository/Employee-Onboarding/Employee_Salary_Detail_Objects/Page_OrangeHRM/custom_object_for_dropdown' is clicked on

27-12-2024T07:10:39 - [MESSAGE][PASSED] - Object: 'Object Repository/Employee-Onboarding/Employee_Salary_Detail_Objects/Page_OrangeHRM/custom_object_for_dropdown' is clicked on

27-12-2024T07:10:39 - [TEST_STEP][PASSED] - comment("Step 8: Select the desired sub-category from the dropdown"): Step 8: Select the desired sub-category from the dropdown

27-12-2024T07:10:39 - [MESSAGE][INFO] - Step 8: Select the desired sub-category from the dropdown

27-12-2024T07:10:39 - [TEST_STEP][PASSED] - click(findTestObject("Object Repository/Employee-Onboarding/Employee_Jobs/Page_OrangeHRM/i_-- Select --_oxd-icon bi-caret-up-fill ox_627fec_1_2_3")): Object: 'Object Repository/Employee-Onboarding/Employee_Jobs/Page_OrangeHRM/i_-- Select --_oxd-icon bi-caret-up-fill ox_627fec_1_2_3' is clicked on

27-12-2024T07:10:40 - [MESSAGE][PASSED] - Object: 'Object Repository/Employee-Onboarding/Employee_Jobs/Page_OrangeHRM/i_-- Select --_oxd-icon bi-caret-up-fill ox_627fec_1_2_3' is clicked on

27-12-2024T07:10:40 - [TEST_STEP][PASSED] - click(findTestObject("Employee-Onboarding/Employee_Salary_Detail_Objects/Page_OrangeHRM/custom_object_for_dropdown", ["value":Location])): Object: 'Object Repository/Employee-Onboarding/Employee_Salary_Detail_Objects/Page_OrangeHRM/custom_object_for_dropdown' is clicked on

27-12-2024T07:10:40 - [MESSAGE][PASSED] - Object: 'Object Repository/Employee-Onboarding/Employee_Salary_Detail_Objects/Page_OrangeHRM/custom_object_for_dropdown' is clicked on

27-12-2024T07:10:40 - [TEST_STEP][PASSED] - comment("Step 9: Finalize the job details by selecting the appropriate options from the dropdown"): Step 9: Finalize the job details by selecting the appropriate options from the dropdown

27-12-2024T07:10:40 - [MESSAGE][INFO] - Step 9: Finalize the job details by selecting the appropriate options from the dropdown

27-12-2024T07:10:40 - [TEST_STEP][PASSED] - click(findTestObject("Object Repository/Employee-Onboarding/Employee_Jobs/Page_OrangeHRM/i_-- Select --_oxd-icon bi-caret-up-fill ox_627fec_1_2_3_4")): Object: 'Object Repository/Employee-Onboarding/Employee_Jobs/Page_OrangeHRM/i_-- Select --_oxd-icon bi-caret-up-fill ox_627fec_1_2_3_4' is clicked on

27-12-2024T07:10:41 - [MESSAGE][PASSED] - Object: 'Object Repository/Employee-Onboarding/Employee_Jobs/Page_OrangeHRM/i_-- Select --_oxd-icon bi-caret-up-fill ox_627fec_1_2_3_4' is clicked on

27-12-2024T07:10:41 - [TEST_STEP][PASSED] - click(findTestObject("Employee-Onboarding/Employee_Salary_Detail_Objects/Page_OrangeHRM/custom_object_for_dropdown", ["value":Employee_Status])): Object: 'Object Repository/Employee-Onboarding/Employee_Salary_Detail_Objects/Page_OrangeHRM/custom_object_for_dropdown' is clicked on

27-12-2024T07:10:41 - [MESSAGE][PASSED] - Object: 'Object Repository/Employee-Onboarding/Employee_Salary_Detail_Objects/Page_OrangeHRM/custom_object_for_dropdown' is clicked on

27-12-2024T07:10:41 - [TEST_STEP][PASSED] - comment("Step 10: Click the "Save" button to save the updated job details for the employee"): Step 10: Click the "Save" button to save the updated job details for the employee

27-12-2024T07:10:41 - [MESSAGE][INFO] - Step 10: Click the "Save" button to save the updated job details for the employee

27-12-2024T07:10:41 - [TEST_STEP][PASSED] - click(findTestObject("Object Repository/Employee-Onboarding/Employee_Jobs/Page_OrangeHRM/button_Save")): Object: 'Object Repository/Employee-Onboarding/Employee_Jobs/Page_OrangeHRM/button_Save' is clicked on

27-12-2024T07:10:42 - [MESSAGE][PASSED] - Object: 'Object Repository/Employee-Onboarding/Employee_Jobs/Page_OrangeHRM/button_Save' is clicked on]]></system-out>
         <system-err><![CDATA[]]></system-err>
      </testcase>
      <testcase name="Test Cases/Employee_Onboarding/TC_Employee_Job_Details" time="16.548" classname="Test Cases/Employee_Onboarding/TC_Employee_Job_Details" status="PASSED">
         <system-out><![CDATA[27-12-2024T07:10:42 - [TEST_CASE][PASSED] - Test Cases/Employee_Onboarding/TC_Employee_Job_Details: Test Cases/Employee_Onboarding/TC_Employee_Job_Details

27-12-2024T07:10:42 - [TEST_STEP][PASSED] - comment("Step 1: Click on the "PIM" tab to access the Employee Management section"): Step 1: Click on the "PIM" tab to access the Employee Management section

27-12-2024T07:10:42 - [MESSAGE][INFO] - Step 1: Click on the "PIM" tab to access the Employee Management section

27-12-2024T07:10:42 - [TEST_STEP][PASSED] - click(findTestObject("Object Repository/Employee-Onboarding/Employee_Jobs/Page_OrangeHRM/a_PIM")): Object: 'Object Repository/Employee-Onboarding/Employee_Jobs/Page_OrangeHRM/a_PIM' is clicked on

27-12-2024T07:10:44 - [MESSAGE][PASSED] - Object: 'Object Repository/Employee-Onboarding/Employee_Jobs/Page_OrangeHRM/a_PIM' is clicked on

27-12-2024T07:10:44 - [TEST_STEP][PASSED] - comment("Step 2: Set the employee name "Alice Johnson" in the search input field"): Step 2: Set the employee name "Alice Johnson" in the search input field

27-12-2024T07:10:44 - [MESSAGE][INFO] - Step 2: Set the employee name "Alice Johnson" in the search input field

27-12-2024T07:10:44 - [TEST_STEP][PASSED] - setText(findTestObject("Object Repository/Employee-Onboarding/Employee_Jobs/Page_OrangeHRM/input"), Fullname): Text 'Sarah Wilson' is set on object 'Object Repository/Employee-Onboarding/Employee_Jobs/Page_OrangeHRM/input'

27-12-2024T07:10:46 - [MESSAGE][PASSED] - Text 'Sarah Wilson' is set on object 'Object Repository/Employee-Onboarding/Employee_Jobs/Page_OrangeHRM/input'

27-12-2024T07:10:46 - [TEST_STEP][PASSED] - comment("Step 3: Click the "Search" button to search for the employee"): Step 3: Click the "Search" button to search for the employee

27-12-2024T07:10:46 - [MESSAGE][INFO] - Step 3: Click the "Search" button to search for the employee

27-12-2024T07:10:46 - [TEST_STEP][PASSED] - click(findTestObject("Object Repository/Employee-Onboarding/Employee_Jobs/Page_OrangeHRM/button_Search")): Object: 'Object Repository/Employee-Onboarding/Employee_Jobs/Page_OrangeHRM/button_Search' is clicked on

27-12-2024T07:10:46 - [MESSAGE][PASSED] - Object: 'Object Repository/Employee-Onboarding/Employee_Jobs/Page_OrangeHRM/button_Search' is clicked on

27-12-2024T07:10:46 - [TEST_STEP][PASSED] - comment("Step 1: Select the employee record by clicking on the employee ID"): Step 1: Select the employee record by clicking on the employee ID

27-12-2024T07:10:46 - [MESSAGE][INFO] - Step 1: Select the employee record by clicking on the employee ID

27-12-2024T07:10:46 - [TEST_STEP][PASSED] - click(findTestObject("Object Repository/Employee-Onboarding/Employee_Jobs/Page_OrangeHRM/div_0034008")): Object: 'Object Repository/Employee-Onboarding/Employee_Jobs/Page_OrangeHRM/div_0034008' is clicked on

27-12-2024T07:10:48 - [MESSAGE][PASSED] - Object: 'Object Repository/Employee-Onboarding/Employee_Jobs/Page_OrangeHRM/div_0034008' is clicked on

27-12-2024T07:10:48 - [TEST_STEP][PASSED] - comment("Step 2: Click on the "Job" tab in the employee details section"): Step 2: Click on the "Job" tab in the employee details section

27-12-2024T07:10:48 - [MESSAGE][INFO] - Step 2: Click on the "Job" tab in the employee details section

27-12-2024T07:10:48 - [TEST_STEP][PASSED] - click(findTestObject("Object Repository/Employee-Onboarding/Employee_Jobs/Page_OrangeHRM/a_Job")): Object: 'Object Repository/Employee-Onboarding/Employee_Jobs/Page_OrangeHRM/a_Job' is clicked on

27-12-2024T07:10:51 - [MESSAGE][PASSED] - Object: 'Object Repository/Employee-Onboarding/Employee_Jobs/Page_OrangeHRM/a_Job' is clicked on

27-12-2024T07:10:51 - [TEST_STEP][PASSED] - comment("Step 3: Open the date picker for "Joined Date""): Step 3: Open the date picker for "Joined Date"

27-12-2024T07:10:51 - [MESSAGE][INFO] - Step 3: Open the date picker for "Joined Date"

27-12-2024T07:10:51 - [TEST_STEP][PASSED] - click(findTestObject("Object Repository/Employee-Onboarding/Employee_Jobs/Page_OrangeHRM/i_Joined Date_oxd-icon bi-calendar oxd-date_38329e")): Object: 'Object Repository/Employee-Onboarding/Employee_Jobs/Page_OrangeHRM/i_Joined Date_oxd-icon bi-calendar oxd-date_38329e' is clicked on

27-12-2024T07:10:53 - [MESSAGE][PASSED] - Object: 'Object Repository/Employee-Onboarding/Employee_Jobs/Page_OrangeHRM/i_Joined Date_oxd-icon bi-calendar oxd-date_38329e' is clicked on

27-12-2024T07:10:53 - [TEST_STEP][PASSED] - comment("Step 4: Select the 31st as the "Joined Date""): Step 4: Select the 31st as the "Joined Date"

27-12-2024T07:10:53 - [MESSAGE][INFO] - Step 4: Select the 31st as the "Joined Date"

27-12-2024T07:10:53 - [TEST_STEP][PASSED] - click(findTestObject("Object Repository/Employee-Onboarding/Employee_Jobs/Page_OrangeHRM/div_31")): Object: 'Object Repository/Employee-Onboarding/Employee_Jobs/Page_OrangeHRM/div_31' is clicked on

27-12-2024T07:10:53 - [MESSAGE][PASSED] - Object: 'Object Repository/Employee-Onboarding/Employee_Jobs/Page_OrangeHRM/div_31' is clicked on

27-12-2024T07:10:53 - [TEST_STEP][PASSED] - comment("Step 5: Open the dropdown menu to make selections (e.g., job title, employment type)"): Step 5: Open the dropdown menu to make selections (e.g., job title, employment type)

27-12-2024T07:10:53 - [MESSAGE][INFO] - Step 5: Open the dropdown menu to make selections (e.g., job title, employment type)

27-12-2024T07:10:53 - [TEST_STEP][PASSED] - click(findTestObject("Object Repository/Employee-Onboarding/Employee_Jobs/Page_OrangeHRM/i_-- Select --_oxd-icon bi-caret-up-fill ox_627fec")): Object: 'Object Repository/Employee-Onboarding/Employee_Jobs/Page_OrangeHRM/i_-- Select --_oxd-icon bi-caret-up-fill ox_627fec' is clicked on

27-12-2024T07:10:54 - [MESSAGE][PASSED] - Object: 'Object Repository/Employee-Onboarding/Employee_Jobs/Page_OrangeHRM/i_-- Select --_oxd-icon bi-caret-up-fill ox_627fec' is clicked on

27-12-2024T07:10:54 - [TEST_STEP][PASSED] - click(findTestObject("Employee-Onboarding/Employee_Salary_Detail_Objects/Page_OrangeHRM/custom_object_for_dropdown", ["value":Job_Title])): Object: 'Object Repository/Employee-Onboarding/Employee_Salary_Detail_Objects/Page_OrangeHRM/custom_object_for_dropdown' is clicked on

27-12-2024T07:10:54 - [MESSAGE][PASSED] - Object: 'Object Repository/Employee-Onboarding/Employee_Salary_Detail_Objects/Page_OrangeHRM/custom_object_for_dropdown' is clicked on

27-12-2024T07:10:54 - [TEST_STEP][PASSED] - comment("Step 6: Select the desired job option from the dropdown"): Step 6: Select the desired job option from the dropdown

27-12-2024T07:10:54 - [MESSAGE][INFO] - Step 6: Select the desired job option from the dropdown

27-12-2024T07:10:54 - [TEST_STEP][PASSED] - click(findTestObject("Object Repository/Employee-Onboarding/Employee_Jobs/Page_OrangeHRM/i_-- Select --_oxd-icon bi-caret-up-fill ox_627fec_1")): Object: 'Object Repository/Employee-Onboarding/Employee_Jobs/Page_OrangeHRM/i_-- Select --_oxd-icon bi-caret-up-fill ox_627fec_1' is clicked on

27-12-2024T07:10:55 - [MESSAGE][PASSED] - Object: 'Object Repository/Employee-Onboarding/Employee_Jobs/Page_OrangeHRM/i_-- Select --_oxd-icon bi-caret-up-fill ox_627fec_1' is clicked on

27-12-2024T07:10:55 - [TEST_STEP][PASSED] - click(findTestObject("Employee-Onboarding/Employee_Salary_Detail_Objects/Page_OrangeHRM/custom_object_for_dropdown", ["value":Job_Category])): Object: 'Object Repository/Employee-Onboarding/Employee_Salary_Detail_Objects/Page_OrangeHRM/custom_object_for_dropdown' is clicked on

27-12-2024T07:10:55 - [MESSAGE][PASSED] - Object: 'Object Repository/Employee-Onboarding/Employee_Salary_Detail_Objects/Page_OrangeHRM/custom_object_for_dropdown' is clicked on

27-12-2024T07:10:55 - [TEST_STEP][PASSED] - comment("Step 7: Select the desired job category from the dropdown"): Step 7: Select the desired job category from the dropdown

27-12-2024T07:10:55 - [MESSAGE][INFO] - Step 7: Select the desired job category from the dropdown

27-12-2024T07:10:55 - [TEST_STEP][PASSED] - click(findTestObject("Object Repository/Employee-Onboarding/Employee_Jobs/Page_OrangeHRM/i_-- Select --_oxd-icon bi-caret-up-fill ox_627fec_1_2")): Object: 'Object Repository/Employee-Onboarding/Employee_Jobs/Page_OrangeHRM/i_-- Select --_oxd-icon bi-caret-up-fill ox_627fec_1_2' is clicked on

27-12-2024T07:10:56 - [MESSAGE][PASSED] - Object: 'Object Repository/Employee-Onboarding/Employee_Jobs/Page_OrangeHRM/i_-- Select --_oxd-icon bi-caret-up-fill ox_627fec_1_2' is clicked on

27-12-2024T07:10:56 - [TEST_STEP][PASSED] - click(findTestObject("Employee-Onboarding/Employee_Salary_Detail_Objects/Page_OrangeHRM/custom_object_for_dropdown", ["value":Sub_Unit])): Object: 'Object Repository/Employee-Onboarding/Employee_Salary_Detail_Objects/Page_OrangeHRM/custom_object_for_dropdown' is clicked on

27-12-2024T07:10:56 - [MESSAGE][PASSED] - Object: 'Object Repository/Employee-Onboarding/Employee_Salary_Detail_Objects/Page_OrangeHRM/custom_object_for_dropdown' is clicked on

27-12-2024T07:10:56 - [TEST_STEP][PASSED] - comment("Step 8: Select the desired sub-category from the dropdown"): Step 8: Select the desired sub-category from the dropdown

27-12-2024T07:10:56 - [MESSAGE][INFO] - Step 8: Select the desired sub-category from the dropdown

27-12-2024T07:10:56 - [TEST_STEP][PASSED] - click(findTestObject("Object Repository/Employee-Onboarding/Employee_Jobs/Page_OrangeHRM/i_-- Select --_oxd-icon bi-caret-up-fill ox_627fec_1_2_3")): Object: 'Object Repository/Employee-Onboarding/Employee_Jobs/Page_OrangeHRM/i_-- Select --_oxd-icon bi-caret-up-fill ox_627fec_1_2_3' is clicked on

27-12-2024T07:10:56 - [MESSAGE][PASSED] - Object: 'Object Repository/Employee-Onboarding/Employee_Jobs/Page_OrangeHRM/i_-- Select --_oxd-icon bi-caret-up-fill ox_627fec_1_2_3' is clicked on

27-12-2024T07:10:56 - [TEST_STEP][PASSED] - click(findTestObject("Employee-Onboarding/Employee_Salary_Detail_Objects/Page_OrangeHRM/custom_object_for_dropdown", ["value":Location])): Object: 'Object Repository/Employee-Onboarding/Employee_Salary_Detail_Objects/Page_OrangeHRM/custom_object_for_dropdown' is clicked on

27-12-2024T07:10:57 - [MESSAGE][PASSED] - Object: 'Object Repository/Employee-Onboarding/Employee_Salary_Detail_Objects/Page_OrangeHRM/custom_object_for_dropdown' is clicked on

27-12-2024T07:10:57 - [TEST_STEP][PASSED] - comment("Step 9: Finalize the job details by selecting the appropriate options from the dropdown"): Step 9: Finalize the job details by selecting the appropriate options from the dropdown

27-12-2024T07:10:57 - [MESSAGE][INFO] - Step 9: Finalize the job details by selecting the appropriate options from the dropdown

27-12-2024T07:10:57 - [TEST_STEP][PASSED] - click(findTestObject("Object Repository/Employee-Onboarding/Employee_Jobs/Page_OrangeHRM/i_-- Select --_oxd-icon bi-caret-up-fill ox_627fec_1_2_3_4")): Object: 'Object Repository/Employee-Onboarding/Employee_Jobs/Page_OrangeHRM/i_-- Select --_oxd-icon bi-caret-up-fill ox_627fec_1_2_3_4' is clicked on

27-12-2024T07:10:57 - [MESSAGE][PASSED] - Object: 'Object Repository/Employee-Onboarding/Employee_Jobs/Page_OrangeHRM/i_-- Select --_oxd-icon bi-caret-up-fill ox_627fec_1_2_3_4' is clicked on

27-12-2024T07:10:57 - [TEST_STEP][PASSED] - click(findTestObject("Employee-Onboarding/Employee_Salary_Detail_Objects/Page_OrangeHRM/custom_object_for_dropdown", ["value":Employee_Status])): Object: 'Object Repository/Employee-Onboarding/Employee_Salary_Detail_Objects/Page_OrangeHRM/custom_object_for_dropdown' is clicked on

27-12-2024T07:10:58 - [MESSAGE][PASSED] - Object: 'Object Repository/Employee-Onboarding/Employee_Salary_Detail_Objects/Page_OrangeHRM/custom_object_for_dropdown' is clicked on

27-12-2024T07:10:58 - [TEST_STEP][PASSED] - comment("Step 10: Click the "Save" button to save the updated job details for the employee"): Step 10: Click the "Save" button to save the updated job details for the employee

27-12-2024T07:10:58 - [MESSAGE][INFO] - Step 10: Click the "Save" button to save the updated job details for the employee

27-12-2024T07:10:58 - [TEST_STEP][PASSED] - click(findTestObject("Object Repository/Employee-Onboarding/Employee_Jobs/Page_OrangeHRM/button_Save")): Object: 'Object Repository/Employee-Onboarding/Employee_Jobs/Page_OrangeHRM/button_Save' is clicked on

27-12-2024T07:10:58 - [MESSAGE][PASSED] - Object: 'Object Repository/Employee-Onboarding/Employee_Jobs/Page_OrangeHRM/button_Save' is clicked on]]></system-out>
         <system-err><![CDATA[]]></system-err>
      </testcase>
      <testcase name="Test Cases/Employee_Onboarding/TC_Employee_Job_Details" time="17.079" classname="Test Cases/Employee_Onboarding/TC_Employee_Job_Details" status="PASSED">
         <system-out><![CDATA[27-12-2024T07:10:58 - [TEST_CASE][PASSED] - Test Cases/Employee_Onboarding/TC_Employee_Job_Details: Test Cases/Employee_Onboarding/TC_Employee_Job_Details

27-12-2024T07:10:58 - [TEST_STEP][PASSED] - comment("Step 1: Click on the "PIM" tab to access the Employee Management section"): Step 1: Click on the "PIM" tab to access the Employee Management section

27-12-2024T07:10:58 - [MESSAGE][INFO] - Step 1: Click on the "PIM" tab to access the Employee Management section

27-12-2024T07:10:58 - [TEST_STEP][PASSED] - click(findTestObject("Object Repository/Employee-Onboarding/Employee_Jobs/Page_OrangeHRM/a_PIM")): Object: 'Object Repository/Employee-Onboarding/Employee_Jobs/Page_OrangeHRM/a_PIM' is clicked on

27-12-2024T07:11:00 - [MESSAGE][PASSED] - Object: 'Object Repository/Employee-Onboarding/Employee_Jobs/Page_OrangeHRM/a_PIM' is clicked on

27-12-2024T07:11:00 - [TEST_STEP][PASSED] - comment("Step 2: Set the employee name "Alice Johnson" in the search input field"): Step 2: Set the employee name "Alice Johnson" in the search input field

27-12-2024T07:11:00 - [MESSAGE][INFO] - Step 2: Set the employee name "Alice Johnson" in the search input field

27-12-2024T07:11:00 - [TEST_STEP][PASSED] - setText(findTestObject("Object Repository/Employee-Onboarding/Employee_Jobs/Page_OrangeHRM/input"), Fullname): Text 'Roy Fischer' is set on object 'Object Repository/Employee-Onboarding/Employee_Jobs/Page_OrangeHRM/input'

27-12-2024T07:11:03 - [MESSAGE][PASSED] - Text 'Roy Fischer' is set on object 'Object Repository/Employee-Onboarding/Employee_Jobs/Page_OrangeHRM/input'

27-12-2024T07:11:03 - [TEST_STEP][PASSED] - comment("Step 3: Click the "Search" button to search for the employee"): Step 3: Click the "Search" button to search for the employee

27-12-2024T07:11:03 - [MESSAGE][INFO] - Step 3: Click the "Search" button to search for the employee

27-12-2024T07:11:03 - [TEST_STEP][PASSED] - click(findTestObject("Object Repository/Employee-Onboarding/Employee_Jobs/Page_OrangeHRM/button_Search")): Object: 'Object Repository/Employee-Onboarding/Employee_Jobs/Page_OrangeHRM/button_Search' is clicked on

27-12-2024T07:11:03 - [MESSAGE][PASSED] - Object: 'Object Repository/Employee-Onboarding/Employee_Jobs/Page_OrangeHRM/button_Search' is clicked on

27-12-2024T07:11:03 - [TEST_STEP][PASSED] - comment("Step 1: Select the employee record by clicking on the employee ID"): Step 1: Select the employee record by clicking on the employee ID

27-12-2024T07:11:03 - [MESSAGE][INFO] - Step 1: Select the employee record by clicking on the employee ID

27-12-2024T07:11:03 - [TEST_STEP][PASSED] - click(findTestObject("Object Repository/Employee-Onboarding/Employee_Jobs/Page_OrangeHRM/div_0034008")): Object: 'Object Repository/Employee-Onboarding/Employee_Jobs/Page_OrangeHRM/div_0034008' is clicked on

27-12-2024T07:11:05 - [MESSAGE][PASSED] - Object: 'Object Repository/Employee-Onboarding/Employee_Jobs/Page_OrangeHRM/div_0034008' is clicked on

27-12-2024T07:11:05 - [TEST_STEP][PASSED] - comment("Step 2: Click on the "Job" tab in the employee details section"): Step 2: Click on the "Job" tab in the employee details section

27-12-2024T07:11:05 - [MESSAGE][INFO] - Step 2: Click on the "Job" tab in the employee details section

27-12-2024T07:11:05 - [TEST_STEP][PASSED] - click(findTestObject("Object Repository/Employee-Onboarding/Employee_Jobs/Page_OrangeHRM/a_Job")): Object: 'Object Repository/Employee-Onboarding/Employee_Jobs/Page_OrangeHRM/a_Job' is clicked on

27-12-2024T07:11:07 - [MESSAGE][PASSED] - Object: 'Object Repository/Employee-Onboarding/Employee_Jobs/Page_OrangeHRM/a_Job' is clicked on

27-12-2024T07:11:07 - [TEST_STEP][PASSED] - comment("Step 3: Open the date picker for "Joined Date""): Step 3: Open the date picker for "Joined Date"

27-12-2024T07:11:07 - [MESSAGE][INFO] - Step 3: Open the date picker for "Joined Date"

27-12-2024T07:11:07 - [TEST_STEP][PASSED] - click(findTestObject("Object Repository/Employee-Onboarding/Employee_Jobs/Page_OrangeHRM/i_Joined Date_oxd-icon bi-calendar oxd-date_38329e")): Object: 'Object Repository/Employee-Onboarding/Employee_Jobs/Page_OrangeHRM/i_Joined Date_oxd-icon bi-calendar oxd-date_38329e' is clicked on

27-12-2024T07:11:10 - [MESSAGE][PASSED] - Object: 'Object Repository/Employee-Onboarding/Employee_Jobs/Page_OrangeHRM/i_Joined Date_oxd-icon bi-calendar oxd-date_38329e' is clicked on

27-12-2024T07:11:10 - [TEST_STEP][PASSED] - comment("Step 4: Select the 31st as the "Joined Date""): Step 4: Select the 31st as the "Joined Date"

27-12-2024T07:11:10 - [MESSAGE][INFO] - Step 4: Select the 31st as the "Joined Date"

27-12-2024T07:11:10 - [TEST_STEP][PASSED] - click(findTestObject("Object Repository/Employee-Onboarding/Employee_Jobs/Page_OrangeHRM/div_31")): Object: 'Object Repository/Employee-Onboarding/Employee_Jobs/Page_OrangeHRM/div_31' is clicked on

27-12-2024T07:11:10 - [MESSAGE][PASSED] - Object: 'Object Repository/Employee-Onboarding/Employee_Jobs/Page_OrangeHRM/div_31' is clicked on

27-12-2024T07:11:10 - [TEST_STEP][PASSED] - comment("Step 5: Open the dropdown menu to make selections (e.g., job title, employment type)"): Step 5: Open the dropdown menu to make selections (e.g., job title, employment type)

27-12-2024T07:11:10 - [MESSAGE][INFO] - Step 5: Open the dropdown menu to make selections (e.g., job title, employment type)

27-12-2024T07:11:10 - [TEST_STEP][PASSED] - click(findTestObject("Object Repository/Employee-Onboarding/Employee_Jobs/Page_OrangeHRM/i_-- Select --_oxd-icon bi-caret-up-fill ox_627fec")): Object: 'Object Repository/Employee-Onboarding/Employee_Jobs/Page_OrangeHRM/i_-- Select --_oxd-icon bi-caret-up-fill ox_627fec' is clicked on

27-12-2024T07:11:10 - [MESSAGE][PASSED] - Object: 'Object Repository/Employee-Onboarding/Employee_Jobs/Page_OrangeHRM/i_-- Select --_oxd-icon bi-caret-up-fill ox_627fec' is clicked on

27-12-2024T07:11:10 - [TEST_STEP][PASSED] - click(findTestObject("Employee-Onboarding/Employee_Salary_Detail_Objects/Page_OrangeHRM/custom_object_for_dropdown", ["value":Job_Title])): Object: 'Object Repository/Employee-Onboarding/Employee_Salary_Detail_Objects/Page_OrangeHRM/custom_object_for_dropdown' is clicked on

27-12-2024T07:11:11 - [MESSAGE][PASSED] - Object: 'Object Repository/Employee-Onboarding/Employee_Salary_Detail_Objects/Page_OrangeHRM/custom_object_for_dropdown' is clicked on

27-12-2024T07:11:11 - [TEST_STEP][PASSED] - comment("Step 6: Select the desired job option from the dropdown"): Step 6: Select the desired job option from the dropdown

27-12-2024T07:11:11 - [MESSAGE][INFO] - Step 6: Select the desired job option from the dropdown

27-12-2024T07:11:11 - [TEST_STEP][PASSED] - click(findTestObject("Object Repository/Employee-Onboarding/Employee_Jobs/Page_OrangeHRM/i_-- Select --_oxd-icon bi-caret-up-fill ox_627fec_1")): Object: 'Object Repository/Employee-Onboarding/Employee_Jobs/Page_OrangeHRM/i_-- Select --_oxd-icon bi-caret-up-fill ox_627fec_1' is clicked on

27-12-2024T07:11:12 - [MESSAGE][PASSED] - Object: 'Object Repository/Employee-Onboarding/Employee_Jobs/Page_OrangeHRM/i_-- Select --_oxd-icon bi-caret-up-fill ox_627fec_1' is clicked on

27-12-2024T07:11:12 - [TEST_STEP][PASSED] - click(findTestObject("Employee-Onboarding/Employee_Salary_Detail_Objects/Page_OrangeHRM/custom_object_for_dropdown", ["value":Job_Category])): Object: 'Object Repository/Employee-Onboarding/Employee_Salary_Detail_Objects/Page_OrangeHRM/custom_object_for_dropdown' is clicked on

27-12-2024T07:11:12 - [MESSAGE][PASSED] - Object: 'Object Repository/Employee-Onboarding/Employee_Salary_Detail_Objects/Page_OrangeHRM/custom_object_for_dropdown' is clicked on

27-12-2024T07:11:12 - [TEST_STEP][PASSED] - comment("Step 7: Select the desired job category from the dropdown"): Step 7: Select the desired job category from the dropdown

27-12-2024T07:11:12 - [MESSAGE][INFO] - Step 7: Select the desired job category from the dropdown

27-12-2024T07:11:12 - [TEST_STEP][PASSED] - click(findTestObject("Object Repository/Employee-Onboarding/Employee_Jobs/Page_OrangeHRM/i_-- Select --_oxd-icon bi-caret-up-fill ox_627fec_1_2")): Object: 'Object Repository/Employee-Onboarding/Employee_Jobs/Page_OrangeHRM/i_-- Select --_oxd-icon bi-caret-up-fill ox_627fec_1_2' is clicked on

27-12-2024T07:11:13 - [MESSAGE][PASSED] - Object: 'Object Repository/Employee-Onboarding/Employee_Jobs/Page_OrangeHRM/i_-- Select --_oxd-icon bi-caret-up-fill ox_627fec_1_2' is clicked on

27-12-2024T07:11:13 - [TEST_STEP][PASSED] - click(findTestObject("Employee-Onboarding/Employee_Salary_Detail_Objects/Page_OrangeHRM/custom_object_for_dropdown", ["value":Sub_Unit])): Object: 'Object Repository/Employee-Onboarding/Employee_Salary_Detail_Objects/Page_OrangeHRM/custom_object_for_dropdown' is clicked on

27-12-2024T07:11:13 - [MESSAGE][PASSED] - Object: 'Object Repository/Employee-Onboarding/Employee_Salary_Detail_Objects/Page_OrangeHRM/custom_object_for_dropdown' is clicked on

27-12-2024T07:11:13 - [TEST_STEP][PASSED] - comment("Step 8: Select the desired sub-category from the dropdown"): Step 8: Select the desired sub-category from the dropdown

27-12-2024T07:11:13 - [MESSAGE][INFO] - Step 8: Select the desired sub-category from the dropdown

27-12-2024T07:11:13 - [TEST_STEP][PASSED] - click(findTestObject("Object Repository/Employee-Onboarding/Employee_Jobs/Page_OrangeHRM/i_-- Select --_oxd-icon bi-caret-up-fill ox_627fec_1_2_3")): Object: 'Object Repository/Employee-Onboarding/Employee_Jobs/Page_OrangeHRM/i_-- Select --_oxd-icon bi-caret-up-fill ox_627fec_1_2_3' is clicked on

27-12-2024T07:11:14 - [MESSAGE][PASSED] - Object: 'Object Repository/Employee-Onboarding/Employee_Jobs/Page_OrangeHRM/i_-- Select --_oxd-icon bi-caret-up-fill ox_627fec_1_2_3' is clicked on

27-12-2024T07:11:14 - [TEST_STEP][PASSED] - click(findTestObject("Employee-Onboarding/Employee_Salary_Detail_Objects/Page_OrangeHRM/custom_object_for_dropdown", ["value":Location])): Object: 'Object Repository/Employee-Onboarding/Employee_Salary_Detail_Objects/Page_OrangeHRM/custom_object_for_dropdown' is clicked on

27-12-2024T07:11:14 - [MESSAGE][PASSED] - Object: 'Object Repository/Employee-Onboarding/Employee_Salary_Detail_Objects/Page_OrangeHRM/custom_object_for_dropdown' is clicked on

27-12-2024T07:11:14 - [TEST_STEP][PASSED] - comment("Step 9: Finalize the job details by selecting the appropriate options from the dropdown"): Step 9: Finalize the job details by selecting the appropriate options from the dropdown

27-12-2024T07:11:14 - [MESSAGE][INFO] - Step 9: Finalize the job details by selecting the appropriate options from the dropdown

27-12-2024T07:11:14 - [TEST_STEP][PASSED] - click(findTestObject("Object Repository/Employee-Onboarding/Employee_Jobs/Page_OrangeHRM/i_-- Select --_oxd-icon bi-caret-up-fill ox_627fec_1_2_3_4")): Object: 'Object Repository/Employee-Onboarding/Employee_Jobs/Page_OrangeHRM/i_-- Select --_oxd-icon bi-caret-up-fill ox_627fec_1_2_3_4' is clicked on

27-12-2024T07:11:14 - [MESSAGE][PASSED] - Object: 'Object Repository/Employee-Onboarding/Employee_Jobs/Page_OrangeHRM/i_-- Select --_oxd-icon bi-caret-up-fill ox_627fec_1_2_3_4' is clicked on

27-12-2024T07:11:14 - [TEST_STEP][PASSED] - click(findTestObject("Employee-Onboarding/Employee_Salary_Detail_Objects/Page_OrangeHRM/custom_object_for_dropdown", ["value":Employee_Status])): Object: 'Object Repository/Employee-Onboarding/Employee_Salary_Detail_Objects/Page_OrangeHRM/custom_object_for_dropdown' is clicked on

27-12-2024T07:11:15 - [MESSAGE][PASSED] - Object: 'Object Repository/Employee-Onboarding/Employee_Salary_Detail_Objects/Page_OrangeHRM/custom_object_for_dropdown' is clicked on

27-12-2024T07:11:15 - [TEST_STEP][PASSED] - comment("Step 10: Click the "Save" button to save the updated job details for the employee"): Step 10: Click the "Save" button to save the updated job details for the employee

27-12-2024T07:11:15 - [MESSAGE][INFO] - Step 10: Click the "Save" button to save the updated job details for the employee

27-12-2024T07:11:15 - [TEST_STEP][PASSED] - click(findTestObject("Object Repository/Employee-Onboarding/Employee_Jobs/Page_OrangeHRM/button_Save")): Object: 'Object Repository/Employee-Onboarding/Employee_Jobs/Page_OrangeHRM/button_Save' is clicked on

27-12-2024T07:11:15 - [MESSAGE][PASSED] - Object: 'Object Repository/Employee-Onboarding/Employee_Jobs/Page_OrangeHRM/button_Save' is clicked on]]></system-out>
         <system-err><![CDATA[]]></system-err>
      </testcase>
      <testcase name="Test Cases/Employee_Onboarding/TC_Employee_Job_Details" time="17.06" classname="Test Cases/Employee_Onboarding/TC_Employee_Job_Details" status="PASSED">
         <system-out><![CDATA[27-12-2024T07:11:15 - [TEST_CASE][PASSED] - Test Cases/Employee_Onboarding/TC_Employee_Job_Details: Test Cases/Employee_Onboarding/TC_Employee_Job_Details

27-12-2024T07:11:15 - [TEST_STEP][PASSED] - comment("Step 1: Click on the "PIM" tab to access the Employee Management section"): Step 1: Click on the "PIM" tab to access the Employee Management section

27-12-2024T07:11:15 - [MESSAGE][INFO] - Step 1: Click on the "PIM" tab to access the Employee Management section

27-12-2024T07:11:15 - [TEST_STEP][PASSED] - click(findTestObject("Object Repository/Employee-Onboarding/Employee_Jobs/Page_OrangeHRM/a_PIM")): Object: 'Object Repository/Employee-Onboarding/Employee_Jobs/Page_OrangeHRM/a_PIM' is clicked on

27-12-2024T07:11:18 - [MESSAGE][PASSED] - Object: 'Object Repository/Employee-Onboarding/Employee_Jobs/Page_OrangeHRM/a_PIM' is clicked on

27-12-2024T07:11:18 - [TEST_STEP][PASSED] - comment("Step 2: Set the employee name "Alice Johnson" in the search input field"): Step 2: Set the employee name "Alice Johnson" in the search input field

27-12-2024T07:11:18 - [MESSAGE][INFO] - Step 2: Set the employee name "Alice Johnson" in the search input field

27-12-2024T07:11:18 - [TEST_STEP][PASSED] - setText(findTestObject("Object Repository/Employee-Onboarding/Employee_Jobs/Page_OrangeHRM/input"), Fullname): Text 'Sarah Vasquez' is set on object 'Object Repository/Employee-Onboarding/Employee_Jobs/Page_OrangeHRM/input'

27-12-2024T07:11:20 - [MESSAGE][PASSED] - Text 'Sarah Vasquez' is set on object 'Object Repository/Employee-Onboarding/Employee_Jobs/Page_OrangeHRM/input'

27-12-2024T07:11:20 - [TEST_STEP][PASSED] - comment("Step 3: Click the "Search" button to search for the employee"): Step 3: Click the "Search" button to search for the employee

27-12-2024T07:11:20 - [MESSAGE][INFO] - Step 3: Click the "Search" button to search for the employee

27-12-2024T07:11:20 - [TEST_STEP][PASSED] - click(findTestObject("Object Repository/Employee-Onboarding/Employee_Jobs/Page_OrangeHRM/button_Search")): Object: 'Object Repository/Employee-Onboarding/Employee_Jobs/Page_OrangeHRM/button_Search' is clicked on

27-12-2024T07:11:20 - [MESSAGE][PASSED] - Object: 'Object Repository/Employee-Onboarding/Employee_Jobs/Page_OrangeHRM/button_Search' is clicked on

27-12-2024T07:11:20 - [TEST_STEP][PASSED] - comment("Step 1: Select the employee record by clicking on the employee ID"): Step 1: Select the employee record by clicking on the employee ID

27-12-2024T07:11:20 - [MESSAGE][INFO] - Step 1: Select the employee record by clicking on the employee ID

27-12-2024T07:11:20 - [TEST_STEP][PASSED] - click(findTestObject("Object Repository/Employee-Onboarding/Employee_Jobs/Page_OrangeHRM/div_0034008")): Object: 'Object Repository/Employee-Onboarding/Employee_Jobs/Page_OrangeHRM/div_0034008' is clicked on

27-12-2024T07:11:22 - [MESSAGE][PASSED] - Object: 'Object Repository/Employee-Onboarding/Employee_Jobs/Page_OrangeHRM/div_0034008' is clicked on

27-12-2024T07:11:22 - [TEST_STEP][PASSED] - comment("Step 2: Click on the "Job" tab in the employee details section"): Step 2: Click on the "Job" tab in the employee details section

27-12-2024T07:11:22 - [MESSAGE][INFO] - Step 2: Click on the "Job" tab in the employee details section

27-12-2024T07:11:22 - [TEST_STEP][PASSED] - click(findTestObject("Object Repository/Employee-Onboarding/Employee_Jobs/Page_OrangeHRM/a_Job")): Object: 'Object Repository/Employee-Onboarding/Employee_Jobs/Page_OrangeHRM/a_Job' is clicked on

27-12-2024T07:11:25 - [MESSAGE][PASSED] - Object: 'Object Repository/Employee-Onboarding/Employee_Jobs/Page_OrangeHRM/a_Job' is clicked on

27-12-2024T07:11:25 - [TEST_STEP][PASSED] - comment("Step 3: Open the date picker for "Joined Date""): Step 3: Open the date picker for "Joined Date"

27-12-2024T07:11:25 - [MESSAGE][INFO] - Step 3: Open the date picker for "Joined Date"

27-12-2024T07:11:25 - [TEST_STEP][PASSED] - click(findTestObject("Object Repository/Employee-Onboarding/Employee_Jobs/Page_OrangeHRM/i_Joined Date_oxd-icon bi-calendar oxd-date_38329e")): Object: 'Object Repository/Employee-Onboarding/Employee_Jobs/Page_OrangeHRM/i_Joined Date_oxd-icon bi-calendar oxd-date_38329e' is clicked on

27-12-2024T07:11:27 - [MESSAGE][PASSED] - Object: 'Object Repository/Employee-Onboarding/Employee_Jobs/Page_OrangeHRM/i_Joined Date_oxd-icon bi-calendar oxd-date_38329e' is clicked on

27-12-2024T07:11:27 - [TEST_STEP][PASSED] - comment("Step 4: Select the 31st as the "Joined Date""): Step 4: Select the 31st as the "Joined Date"

27-12-2024T07:11:27 - [MESSAGE][INFO] - Step 4: Select the 31st as the "Joined Date"

27-12-2024T07:11:27 - [TEST_STEP][PASSED] - click(findTestObject("Object Repository/Employee-Onboarding/Employee_Jobs/Page_OrangeHRM/div_31")): Object: 'Object Repository/Employee-Onboarding/Employee_Jobs/Page_OrangeHRM/div_31' is clicked on

27-12-2024T07:11:27 - [MESSAGE][PASSED] - Object: 'Object Repository/Employee-Onboarding/Employee_Jobs/Page_OrangeHRM/div_31' is clicked on

27-12-2024T07:11:27 - [TEST_STEP][PASSED] - comment("Step 5: Open the dropdown menu to make selections (e.g., job title, employment type)"): Step 5: Open the dropdown menu to make selections (e.g., job title, employment type)

27-12-2024T07:11:27 - [MESSAGE][INFO] - Step 5: Open the dropdown menu to make selections (e.g., job title, employment type)

27-12-2024T07:11:27 - [TEST_STEP][PASSED] - click(findTestObject("Object Repository/Employee-Onboarding/Employee_Jobs/Page_OrangeHRM/i_-- Select --_oxd-icon bi-caret-up-fill ox_627fec")): Object: 'Object Repository/Employee-Onboarding/Employee_Jobs/Page_OrangeHRM/i_-- Select --_oxd-icon bi-caret-up-fill ox_627fec' is clicked on

27-12-2024T07:11:27 - [MESSAGE][PASSED] - Object: 'Object Repository/Employee-Onboarding/Employee_Jobs/Page_OrangeHRM/i_-- Select --_oxd-icon bi-caret-up-fill ox_627fec' is clicked on

27-12-2024T07:11:27 - [TEST_STEP][PASSED] - click(findTestObject("Employee-Onboarding/Employee_Salary_Detail_Objects/Page_OrangeHRM/custom_object_for_dropdown", ["value":Job_Title])): Object: 'Object Repository/Employee-Onboarding/Employee_Salary_Detail_Objects/Page_OrangeHRM/custom_object_for_dropdown' is clicked on

27-12-2024T07:11:28 - [MESSAGE][PASSED] - Object: 'Object Repository/Employee-Onboarding/Employee_Salary_Detail_Objects/Page_OrangeHRM/custom_object_for_dropdown' is clicked on

27-12-2024T07:11:28 - [TEST_STEP][PASSED] - comment("Step 6: Select the desired job option from the dropdown"): Step 6: Select the desired job option from the dropdown

27-12-2024T07:11:28 - [MESSAGE][INFO] - Step 6: Select the desired job option from the dropdown

27-12-2024T07:11:28 - [TEST_STEP][PASSED] - click(findTestObject("Object Repository/Employee-Onboarding/Employee_Jobs/Page_OrangeHRM/i_-- Select --_oxd-icon bi-caret-up-fill ox_627fec_1")): Object: 'Object Repository/Employee-Onboarding/Employee_Jobs/Page_OrangeHRM/i_-- Select --_oxd-icon bi-caret-up-fill ox_627fec_1' is clicked on

27-12-2024T07:11:29 - [MESSAGE][PASSED] - Object: 'Object Repository/Employee-Onboarding/Employee_Jobs/Page_OrangeHRM/i_-- Select --_oxd-icon bi-caret-up-fill ox_627fec_1' is clicked on

27-12-2024T07:11:29 - [TEST_STEP][PASSED] - click(findTestObject("Employee-Onboarding/Employee_Salary_Detail_Objects/Page_OrangeHRM/custom_object_for_dropdown", ["value":Job_Category])): Object: 'Object Repository/Employee-Onboarding/Employee_Salary_Detail_Objects/Page_OrangeHRM/custom_object_for_dropdown' is clicked on

27-12-2024T07:11:29 - [MESSAGE][PASSED] - Object: 'Object Repository/Employee-Onboarding/Employee_Salary_Detail_Objects/Page_OrangeHRM/custom_object_for_dropdown' is clicked on

27-12-2024T07:11:29 - [TEST_STEP][PASSED] - comment("Step 7: Select the desired job category from the dropdown"): Step 7: Select the desired job category from the dropdown

27-12-2024T07:11:29 - [MESSAGE][INFO] - Step 7: Select the desired job category from the dropdown

27-12-2024T07:11:29 - [TEST_STEP][PASSED] - click(findTestObject("Object Repository/Employee-Onboarding/Employee_Jobs/Page_OrangeHRM/i_-- Select --_oxd-icon bi-caret-up-fill ox_627fec_1_2")): Object: 'Object Repository/Employee-Onboarding/Employee_Jobs/Page_OrangeHRM/i_-- Select --_oxd-icon bi-caret-up-fill ox_627fec_1_2' is clicked on

27-12-2024T07:11:30 - [MESSAGE][PASSED] - Object: 'Object Repository/Employee-Onboarding/Employee_Jobs/Page_OrangeHRM/i_-- Select --_oxd-icon bi-caret-up-fill ox_627fec_1_2' is clicked on

27-12-2024T07:11:30 - [TEST_STEP][PASSED] - click(findTestObject("Employee-Onboarding/Employee_Salary_Detail_Objects/Page_OrangeHRM/custom_object_for_dropdown", ["value":Sub_Unit])): Object: 'Object Repository/Employee-Onboarding/Employee_Salary_Detail_Objects/Page_OrangeHRM/custom_object_for_dropdown' is clicked on

27-12-2024T07:11:30 - [MESSAGE][PASSED] - Object: 'Object Repository/Employee-Onboarding/Employee_Salary_Detail_Objects/Page_OrangeHRM/custom_object_for_dropdown' is clicked on

27-12-2024T07:11:30 - [TEST_STEP][PASSED] - comment("Step 8: Select the desired sub-category from the dropdown"): Step 8: Select the desired sub-category from the dropdown

27-12-2024T07:11:30 - [MESSAGE][INFO] - Step 8: Select the desired sub-category from the dropdown

27-12-2024T07:11:30 - [TEST_STEP][PASSED] - click(findTestObject("Object Repository/Employee-Onboarding/Employee_Jobs/Page_OrangeHRM/i_-- Select --_oxd-icon bi-caret-up-fill ox_627fec_1_2_3")): Object: 'Object Repository/Employee-Onboarding/Employee_Jobs/Page_OrangeHRM/i_-- Select --_oxd-icon bi-caret-up-fill ox_627fec_1_2_3' is clicked on

27-12-2024T07:11:31 - [MESSAGE][PASSED] - Object: 'Object Repository/Employee-Onboarding/Employee_Jobs/Page_OrangeHRM/i_-- Select --_oxd-icon bi-caret-up-fill ox_627fec_1_2_3' is clicked on

27-12-2024T07:11:31 - [TEST_STEP][PASSED] - click(findTestObject("Employee-Onboarding/Employee_Salary_Detail_Objects/Page_OrangeHRM/custom_object_for_dropdown", ["value":Location])): Object: 'Object Repository/Employee-Onboarding/Employee_Salary_Detail_Objects/Page_OrangeHRM/custom_object_for_dropdown' is clicked on

27-12-2024T07:11:31 - [MESSAGE][PASSED] - Object: 'Object Repository/Employee-Onboarding/Employee_Salary_Detail_Objects/Page_OrangeHRM/custom_object_for_dropdown' is clicked on

27-12-2024T07:11:31 - [TEST_STEP][PASSED] - comment("Step 9: Finalize the job details by selecting the appropriate options from the dropdown"): Step 9: Finalize the job details by selecting the appropriate options from the dropdown

27-12-2024T07:11:31 - [MESSAGE][INFO] - Step 9: Finalize the job details by selecting the appropriate options from the dropdown

27-12-2024T07:11:31 - [TEST_STEP][PASSED] - click(findTestObject("Object Repository/Employee-Onboarding/Employee_Jobs/Page_OrangeHRM/i_-- Select --_oxd-icon bi-caret-up-fill ox_627fec_1_2_3_4")): Object: 'Object Repository/Employee-Onboarding/Employee_Jobs/Page_OrangeHRM/i_-- Select --_oxd-icon bi-caret-up-fill ox_627fec_1_2_3_4' is clicked on

27-12-2024T07:11:31 - [MESSAGE][PASSED] - Object: 'Object Repository/Employee-Onboarding/Employee_Jobs/Page_OrangeHRM/i_-- Select --_oxd-icon bi-caret-up-fill ox_627fec_1_2_3_4' is clicked on

27-12-2024T07:11:31 - [TEST_STEP][PASSED] - click(findTestObject("Employee-Onboarding/Employee_Salary_Detail_Objects/Page_OrangeHRM/custom_object_for_dropdown", ["value":Employee_Status])): Object: 'Object Repository/Employee-Onboarding/Employee_Salary_Detail_Objects/Page_OrangeHRM/custom_object_for_dropdown' is clicked on

27-12-2024T07:11:32 - [MESSAGE][PASSED] - Object: 'Object Repository/Employee-Onboarding/Employee_Salary_Detail_Objects/Page_OrangeHRM/custom_object_for_dropdown' is clicked on

27-12-2024T07:11:32 - [TEST_STEP][PASSED] - comment("Step 10: Click the "Save" button to save the updated job details for the employee"): Step 10: Click the "Save" button to save the updated job details for the employee

27-12-2024T07:11:32 - [MESSAGE][INFO] - Step 10: Click the "Save" button to save the updated job details for the employee

27-12-2024T07:11:32 - [TEST_STEP][PASSED] - click(findTestObject("Object Repository/Employee-Onboarding/Employee_Jobs/Page_OrangeHRM/button_Save")): Object: 'Object Repository/Employee-Onboarding/Employee_Jobs/Page_OrangeHRM/button_Save' is clicked on

27-12-2024T07:11:32 - [MESSAGE][PASSED] - Object: 'Object Repository/Employee-Onboarding/Employee_Jobs/Page_OrangeHRM/button_Save' is clicked on]]></system-out>
         <system-err><![CDATA[]]></system-err>
      </testcase>
      <testcase name="Test Cases/Employee_Onboarding/TC_Employee_Job_Details" time="16.95" classname="Test Cases/Employee_Onboarding/TC_Employee_Job_Details" status="PASSED">
         <system-out><![CDATA[27-12-2024T07:11:32 - [TEST_CASE][PASSED] - Test Cases/Employee_Onboarding/TC_Employee_Job_Details: Test Cases/Employee_Onboarding/TC_Employee_Job_Details

27-12-2024T07:11:32 - [TEST_STEP][PASSED] - comment("Step 1: Click on the "PIM" tab to access the Employee Management section"): Step 1: Click on the "PIM" tab to access the Employee Management section

27-12-2024T07:11:32 - [MESSAGE][INFO] - Step 1: Click on the "PIM" tab to access the Employee Management section

27-12-2024T07:11:32 - [TEST_STEP][PASSED] - click(findTestObject("Object Repository/Employee-Onboarding/Employee_Jobs/Page_OrangeHRM/a_PIM")): Object: 'Object Repository/Employee-Onboarding/Employee_Jobs/Page_OrangeHRM/a_PIM' is clicked on

27-12-2024T07:11:35 - [MESSAGE][PASSED] - Object: 'Object Repository/Employee-Onboarding/Employee_Jobs/Page_OrangeHRM/a_PIM' is clicked on

27-12-2024T07:11:35 - [TEST_STEP][PASSED] - comment("Step 2: Set the employee name "Alice Johnson" in the search input field"): Step 2: Set the employee name "Alice Johnson" in the search input field

27-12-2024T07:11:35 - [MESSAGE][INFO] - Step 2: Set the employee name "Alice Johnson" in the search input field

27-12-2024T07:11:35 - [TEST_STEP][PASSED] - setText(findTestObject("Object Repository/Employee-Onboarding/Employee_Jobs/Page_OrangeHRM/input"), Fullname): Text 'Margaret Williams' is set on object 'Object Repository/Employee-Onboarding/Employee_Jobs/Page_OrangeHRM/input'

27-12-2024T07:11:36 - [MESSAGE][PASSED] - Text 'Margaret Williams' is set on object 'Object Repository/Employee-Onboarding/Employee_Jobs/Page_OrangeHRM/input'

27-12-2024T07:11:36 - [TEST_STEP][PASSED] - comment("Step 3: Click the "Search" button to search for the employee"): Step 3: Click the "Search" button to search for the employee

27-12-2024T07:11:36 - [MESSAGE][INFO] - Step 3: Click the "Search" button to search for the employee

27-12-2024T07:11:36 - [TEST_STEP][PASSED] - click(findTestObject("Object Repository/Employee-Onboarding/Employee_Jobs/Page_OrangeHRM/button_Search")): Object: 'Object Repository/Employee-Onboarding/Employee_Jobs/Page_OrangeHRM/button_Search' is clicked on

27-12-2024T07:11:37 - [MESSAGE][PASSED] - Object: 'Object Repository/Employee-Onboarding/Employee_Jobs/Page_OrangeHRM/button_Search' is clicked on

27-12-2024T07:11:37 - [TEST_STEP][PASSED] - comment("Step 1: Select the employee record by clicking on the employee ID"): Step 1: Select the employee record by clicking on the employee ID

27-12-2024T07:11:37 - [MESSAGE][INFO] - Step 1: Select the employee record by clicking on the employee ID

27-12-2024T07:11:37 - [TEST_STEP][PASSED] - click(findTestObject("Object Repository/Employee-Onboarding/Employee_Jobs/Page_OrangeHRM/div_0034008")): Object: 'Object Repository/Employee-Onboarding/Employee_Jobs/Page_OrangeHRM/div_0034008' is clicked on

27-12-2024T07:11:38 - [MESSAGE][PASSED] - Object: 'Object Repository/Employee-Onboarding/Employee_Jobs/Page_OrangeHRM/div_0034008' is clicked on

27-12-2024T07:11:38 - [TEST_STEP][PASSED] - comment("Step 2: Click on the "Job" tab in the employee details section"): Step 2: Click on the "Job" tab in the employee details section

27-12-2024T07:11:38 - [MESSAGE][INFO] - Step 2: Click on the "Job" tab in the employee details section

27-12-2024T07:11:38 - [TEST_STEP][PASSED] - click(findTestObject("Object Repository/Employee-Onboarding/Employee_Jobs/Page_OrangeHRM/a_Job")): Object: 'Object Repository/Employee-Onboarding/Employee_Jobs/Page_OrangeHRM/a_Job' is clicked on

27-12-2024T07:11:41 - [MESSAGE][PASSED] - Object: 'Object Repository/Employee-Onboarding/Employee_Jobs/Page_OrangeHRM/a_Job' is clicked on

27-12-2024T07:11:41 - [TEST_STEP][PASSED] - comment("Step 3: Open the date picker for "Joined Date""): Step 3: Open the date picker for "Joined Date"

27-12-2024T07:11:41 - [MESSAGE][INFO] - Step 3: Open the date picker for "Joined Date"

27-12-2024T07:11:41 - [TEST_STEP][PASSED] - click(findTestObject("Object Repository/Employee-Onboarding/Employee_Jobs/Page_OrangeHRM/i_Joined Date_oxd-icon bi-calendar oxd-date_38329e")): Object: 'Object Repository/Employee-Onboarding/Employee_Jobs/Page_OrangeHRM/i_Joined Date_oxd-icon bi-calendar oxd-date_38329e' is clicked on

27-12-2024T07:11:44 - [MESSAGE][PASSED] - Object: 'Object Repository/Employee-Onboarding/Employee_Jobs/Page_OrangeHRM/i_Joined Date_oxd-icon bi-calendar oxd-date_38329e' is clicked on

27-12-2024T07:11:44 - [TEST_STEP][PASSED] - comment("Step 4: Select the 31st as the "Joined Date""): Step 4: Select the 31st as the "Joined Date"

27-12-2024T07:11:44 - [MESSAGE][INFO] - Step 4: Select the 31st as the "Joined Date"

27-12-2024T07:11:44 - [TEST_STEP][PASSED] - click(findTestObject("Object Repository/Employee-Onboarding/Employee_Jobs/Page_OrangeHRM/div_31")): Object: 'Object Repository/Employee-Onboarding/Employee_Jobs/Page_OrangeHRM/div_31' is clicked on

27-12-2024T07:11:44 - [MESSAGE][PASSED] - Object: 'Object Repository/Employee-Onboarding/Employee_Jobs/Page_OrangeHRM/div_31' is clicked on

27-12-2024T07:11:44 - [TEST_STEP][PASSED] - comment("Step 5: Open the dropdown menu to make selections (e.g., job title, employment type)"): Step 5: Open the dropdown menu to make selections (e.g., job title, employment type)

27-12-2024T07:11:44 - [MESSAGE][INFO] - Step 5: Open the dropdown menu to make selections (e.g., job title, employment type)

27-12-2024T07:11:44 - [TEST_STEP][PASSED] - click(findTestObject("Object Repository/Employee-Onboarding/Employee_Jobs/Page_OrangeHRM/i_-- Select --_oxd-icon bi-caret-up-fill ox_627fec")): Object: 'Object Repository/Employee-Onboarding/Employee_Jobs/Page_OrangeHRM/i_-- Select --_oxd-icon bi-caret-up-fill ox_627fec' is clicked on

27-12-2024T07:11:44 - [MESSAGE][PASSED] - Object: 'Object Repository/Employee-Onboarding/Employee_Jobs/Page_OrangeHRM/i_-- Select --_oxd-icon bi-caret-up-fill ox_627fec' is clicked on

27-12-2024T07:11:44 - [TEST_STEP][PASSED] - click(findTestObject("Employee-Onboarding/Employee_Salary_Detail_Objects/Page_OrangeHRM/custom_object_for_dropdown", ["value":Job_Title])): Object: 'Object Repository/Employee-Onboarding/Employee_Salary_Detail_Objects/Page_OrangeHRM/custom_object_for_dropdown' is clicked on

27-12-2024T07:11:45 - [MESSAGE][PASSED] - Object: 'Object Repository/Employee-Onboarding/Employee_Salary_Detail_Objects/Page_OrangeHRM/custom_object_for_dropdown' is clicked on

27-12-2024T07:11:45 - [TEST_STEP][PASSED] - comment("Step 6: Select the desired job option from the dropdown"): Step 6: Select the desired job option from the dropdown

27-12-2024T07:11:45 - [MESSAGE][INFO] - Step 6: Select the desired job option from the dropdown

27-12-2024T07:11:45 - [TEST_STEP][PASSED] - click(findTestObject("Object Repository/Employee-Onboarding/Employee_Jobs/Page_OrangeHRM/i_-- Select --_oxd-icon bi-caret-up-fill ox_627fec_1")): Object: 'Object Repository/Employee-Onboarding/Employee_Jobs/Page_OrangeHRM/i_-- Select --_oxd-icon bi-caret-up-fill ox_627fec_1' is clicked on

27-12-2024T07:11:46 - [MESSAGE][PASSED] - Object: 'Object Repository/Employee-Onboarding/Employee_Jobs/Page_OrangeHRM/i_-- Select --_oxd-icon bi-caret-up-fill ox_627fec_1' is clicked on

27-12-2024T07:11:46 - [TEST_STEP][PASSED] - click(findTestObject("Employee-Onboarding/Employee_Salary_Detail_Objects/Page_OrangeHRM/custom_object_for_dropdown", ["value":Job_Category])): Object: 'Object Repository/Employee-Onboarding/Employee_Salary_Detail_Objects/Page_OrangeHRM/custom_object_for_dropdown' is clicked on

27-12-2024T07:11:46 - [MESSAGE][PASSED] - Object: 'Object Repository/Employee-Onboarding/Employee_Salary_Detail_Objects/Page_OrangeHRM/custom_object_for_dropdown' is clicked on

27-12-2024T07:11:46 - [TEST_STEP][PASSED] - comment("Step 7: Select the desired job category from the dropdown"): Step 7: Select the desired job category from the dropdown

27-12-2024T07:11:46 - [MESSAGE][INFO] - Step 7: Select the desired job category from the dropdown

27-12-2024T07:11:46 - [TEST_STEP][PASSED] - click(findTestObject("Object Repository/Employee-Onboarding/Employee_Jobs/Page_OrangeHRM/i_-- Select --_oxd-icon bi-caret-up-fill ox_627fec_1_2")): Object: 'Object Repository/Employee-Onboarding/Employee_Jobs/Page_OrangeHRM/i_-- Select --_oxd-icon bi-caret-up-fill ox_627fec_1_2' is clicked on

27-12-2024T07:11:47 - [MESSAGE][PASSED] - Object: 'Object Repository/Employee-Onboarding/Employee_Jobs/Page_OrangeHRM/i_-- Select --_oxd-icon bi-caret-up-fill ox_627fec_1_2' is clicked on

27-12-2024T07:11:47 - [TEST_STEP][PASSED] - click(findTestObject("Employee-Onboarding/Employee_Salary_Detail_Objects/Page_OrangeHRM/custom_object_for_dropdown", ["value":Sub_Unit])): Object: 'Object Repository/Employee-Onboarding/Employee_Salary_Detail_Objects/Page_OrangeHRM/custom_object_for_dropdown' is clicked on

27-12-2024T07:11:47 - [MESSAGE][PASSED] - Object: 'Object Repository/Employee-Onboarding/Employee_Salary_Detail_Objects/Page_OrangeHRM/custom_object_for_dropdown' is clicked on

27-12-2024T07:11:47 - [TEST_STEP][PASSED] - comment("Step 8: Select the desired sub-category from the dropdown"): Step 8: Select the desired sub-category from the dropdown

27-12-2024T07:11:47 - [MESSAGE][INFO] - Step 8: Select the desired sub-category from the dropdown

27-12-2024T07:11:47 - [TEST_STEP][PASSED] - click(findTestObject("Object Repository/Employee-Onboarding/Employee_Jobs/Page_OrangeHRM/i_-- Select --_oxd-icon bi-caret-up-fill ox_627fec_1_2_3")): Object: 'Object Repository/Employee-Onboarding/Employee_Jobs/Page_OrangeHRM/i_-- Select --_oxd-icon bi-caret-up-fill ox_627fec_1_2_3' is clicked on

27-12-2024T07:11:48 - [MESSAGE][PASSED] - Object: 'Object Repository/Employee-Onboarding/Employee_Jobs/Page_OrangeHRM/i_-- Select --_oxd-icon bi-caret-up-fill ox_627fec_1_2_3' is clicked on

27-12-2024T07:11:48 - [TEST_STEP][PASSED] - click(findTestObject("Employee-Onboarding/Employee_Salary_Detail_Objects/Page_OrangeHRM/custom_object_for_dropdown", ["value":Location])): Object: 'Object Repository/Employee-Onboarding/Employee_Salary_Detail_Objects/Page_OrangeHRM/custom_object_for_dropdown' is clicked on

27-12-2024T07:11:48 - [MESSAGE][PASSED] - Object: 'Object Repository/Employee-Onboarding/Employee_Salary_Detail_Objects/Page_OrangeHRM/custom_object_for_dropdown' is clicked on

27-12-2024T07:11:48 - [TEST_STEP][PASSED] - comment("Step 9: Finalize the job details by selecting the appropriate options from the dropdown"): Step 9: Finalize the job details by selecting the appropriate options from the dropdown

27-12-2024T07:11:48 - [MESSAGE][INFO] - Step 9: Finalize the job details by selecting the appropriate options from the dropdown

27-12-2024T07:11:48 - [TEST_STEP][PASSED] - click(findTestObject("Object Repository/Employee-Onboarding/Employee_Jobs/Page_OrangeHRM/i_-- Select --_oxd-icon bi-caret-up-fill ox_627fec_1_2_3_4")): Object: 'Object Repository/Employee-Onboarding/Employee_Jobs/Page_OrangeHRM/i_-- Select --_oxd-icon bi-caret-up-fill ox_627fec_1_2_3_4' is clicked on

27-12-2024T07:11:48 - [MESSAGE][PASSED] - Object: 'Object Repository/Employee-Onboarding/Employee_Jobs/Page_OrangeHRM/i_-- Select --_oxd-icon bi-caret-up-fill ox_627fec_1_2_3_4' is clicked on

27-12-2024T07:11:48 - [TEST_STEP][PASSED] - click(findTestObject("Employee-Onboarding/Employee_Salary_Detail_Objects/Page_OrangeHRM/custom_object_for_dropdown", ["value":Employee_Status])): Object: 'Object Repository/Employee-Onboarding/Employee_Salary_Detail_Objects/Page_OrangeHRM/custom_object_for_dropdown' is clicked on

27-12-2024T07:11:49 - [MESSAGE][PASSED] - Object: 'Object Repository/Employee-Onboarding/Employee_Salary_Detail_Objects/Page_OrangeHRM/custom_object_for_dropdown' is clicked on

27-12-2024T07:11:49 - [TEST_STEP][PASSED] - comment("Step 10: Click the "Save" button to save the updated job details for the employee"): Step 10: Click the "Save" button to save the updated job details for the employee

27-12-2024T07:11:49 - [MESSAGE][INFO] - Step 10: Click the "Save" button to save the updated job details for the employee

27-12-2024T07:11:49 - [TEST_STEP][PASSED] - click(findTestObject("Object Repository/Employee-Onboarding/Employee_Jobs/Page_OrangeHRM/button_Save")): Object: 'Object Repository/Employee-Onboarding/Employee_Jobs/Page_OrangeHRM/button_Save' is clicked on

27-12-2024T07:11:49 - [MESSAGE][PASSED] - Object: 'Object Repository/Employee-Onboarding/Employee_Jobs/Page_OrangeHRM/button_Save' is clicked on]]></system-out>
         <system-err><![CDATA[]]></system-err>
      </testcase>
      <testcase name="Test Cases/Employee_Onboarding/TC_Employee_Job_Details" time="16.862" classname="Test Cases/Employee_Onboarding/TC_Employee_Job_Details" status="PASSED">
         <system-out><![CDATA[27-12-2024T07:11:49 - [TEST_CASE][PASSED] - Test Cases/Employee_Onboarding/TC_Employee_Job_Details: Test Cases/Employee_Onboarding/TC_Employee_Job_Details

27-12-2024T07:11:49 - [TEST_STEP][PASSED] - comment("Step 1: Click on the "PIM" tab to access the Employee Management section"): Step 1: Click on the "PIM" tab to access the Employee Management section

27-12-2024T07:11:49 - [MESSAGE][INFO] - Step 1: Click on the "PIM" tab to access the Employee Management section

27-12-2024T07:11:49 - [TEST_STEP][PASSED] - click(findTestObject("Object Repository/Employee-Onboarding/Employee_Jobs/Page_OrangeHRM/a_PIM")): Object: 'Object Repository/Employee-Onboarding/Employee_Jobs/Page_OrangeHRM/a_PIM' is clicked on

27-12-2024T07:11:52 - [MESSAGE][PASSED] - Object: 'Object Repository/Employee-Onboarding/Employee_Jobs/Page_OrangeHRM/a_PIM' is clicked on

27-12-2024T07:11:52 - [TEST_STEP][PASSED] - comment("Step 2: Set the employee name "Alice Johnson" in the search input field"): Step 2: Set the employee name "Alice Johnson" in the search input field

27-12-2024T07:11:52 - [MESSAGE][INFO] - Step 2: Set the employee name "Alice Johnson" in the search input field

27-12-2024T07:11:52 - [TEST_STEP][PASSED] - setText(findTestObject("Object Repository/Employee-Onboarding/Employee_Jobs/Page_OrangeHRM/input"), Fullname): Text 'Cody Rose' is set on object 'Object Repository/Employee-Onboarding/Employee_Jobs/Page_OrangeHRM/input'

27-12-2024T07:11:53 - [MESSAGE][PASSED] - Text 'Cody Rose' is set on object 'Object Repository/Employee-Onboarding/Employee_Jobs/Page_OrangeHRM/input'

27-12-2024T07:11:53 - [TEST_STEP][PASSED] - comment("Step 3: Click the "Search" button to search for the employee"): Step 3: Click the "Search" button to search for the employee

27-12-2024T07:11:53 - [MESSAGE][INFO] - Step 3: Click the "Search" button to search for the employee

27-12-2024T07:11:53 - [TEST_STEP][PASSED] - click(findTestObject("Object Repository/Employee-Onboarding/Employee_Jobs/Page_OrangeHRM/button_Search")): Object: 'Object Repository/Employee-Onboarding/Employee_Jobs/Page_OrangeHRM/button_Search' is clicked on

27-12-2024T07:11:54 - [MESSAGE][PASSED] - Object: 'Object Repository/Employee-Onboarding/Employee_Jobs/Page_OrangeHRM/button_Search' is clicked on

27-12-2024T07:11:54 - [TEST_STEP][PASSED] - comment("Step 1: Select the employee record by clicking on the employee ID"): Step 1: Select the employee record by clicking on the employee ID

27-12-2024T07:11:54 - [MESSAGE][INFO] - Step 1: Select the employee record by clicking on the employee ID

27-12-2024T07:11:54 - [TEST_STEP][PASSED] - click(findTestObject("Object Repository/Employee-Onboarding/Employee_Jobs/Page_OrangeHRM/div_0034008")): Object: 'Object Repository/Employee-Onboarding/Employee_Jobs/Page_OrangeHRM/div_0034008' is clicked on

27-12-2024T07:11:55 - [MESSAGE][PASSED] - Object: 'Object Repository/Employee-Onboarding/Employee_Jobs/Page_OrangeHRM/div_0034008' is clicked on

27-12-2024T07:11:55 - [TEST_STEP][PASSED] - comment("Step 2: Click on the "Job" tab in the employee details section"): Step 2: Click on the "Job" tab in the employee details section

27-12-2024T07:11:55 - [MESSAGE][INFO] - Step 2: Click on the "Job" tab in the employee details section

27-12-2024T07:11:55 - [TEST_STEP][PASSED] - click(findTestObject("Object Repository/Employee-Onboarding/Employee_Jobs/Page_OrangeHRM/a_Job")): Object: 'Object Repository/Employee-Onboarding/Employee_Jobs/Page_OrangeHRM/a_Job' is clicked on

27-12-2024T07:11:58 - [MESSAGE][PASSED] - Object: 'Object Repository/Employee-Onboarding/Employee_Jobs/Page_OrangeHRM/a_Job' is clicked on

27-12-2024T07:11:58 - [TEST_STEP][PASSED] - comment("Step 3: Open the date picker for "Joined Date""): Step 3: Open the date picker for "Joined Date"

27-12-2024T07:11:58 - [MESSAGE][INFO] - Step 3: Open the date picker for "Joined Date"

27-12-2024T07:11:58 - [TEST_STEP][PASSED] - click(findTestObject("Object Repository/Employee-Onboarding/Employee_Jobs/Page_OrangeHRM/i_Joined Date_oxd-icon bi-calendar oxd-date_38329e")): Object: 'Object Repository/Employee-Onboarding/Employee_Jobs/Page_OrangeHRM/i_Joined Date_oxd-icon bi-calendar oxd-date_38329e' is clicked on

27-12-2024T07:12:01 - [MESSAGE][PASSED] - Object: 'Object Repository/Employee-Onboarding/Employee_Jobs/Page_OrangeHRM/i_Joined Date_oxd-icon bi-calendar oxd-date_38329e' is clicked on

27-12-2024T07:12:01 - [TEST_STEP][PASSED] - comment("Step 4: Select the 31st as the "Joined Date""): Step 4: Select the 31st as the "Joined Date"

27-12-2024T07:12:01 - [MESSAGE][INFO] - Step 4: Select the 31st as the "Joined Date"

27-12-2024T07:12:01 - [TEST_STEP][PASSED] - click(findTestObject("Object Repository/Employee-Onboarding/Employee_Jobs/Page_OrangeHRM/div_31")): Object: 'Object Repository/Employee-Onboarding/Employee_Jobs/Page_OrangeHRM/div_31' is clicked on

27-12-2024T07:12:01 - [MESSAGE][PASSED] - Object: 'Object Repository/Employee-Onboarding/Employee_Jobs/Page_OrangeHRM/div_31' is clicked on

27-12-2024T07:12:01 - [TEST_STEP][PASSED] - comment("Step 5: Open the dropdown menu to make selections (e.g., job title, employment type)"): Step 5: Open the dropdown menu to make selections (e.g., job title, employment type)

27-12-2024T07:12:01 - [MESSAGE][INFO] - Step 5: Open the dropdown menu to make selections (e.g., job title, employment type)

27-12-2024T07:12:01 - [TEST_STEP][PASSED] - click(findTestObject("Object Repository/Employee-Onboarding/Employee_Jobs/Page_OrangeHRM/i_-- Select --_oxd-icon bi-caret-up-fill ox_627fec")): Object: 'Object Repository/Employee-Onboarding/Employee_Jobs/Page_OrangeHRM/i_-- Select --_oxd-icon bi-caret-up-fill ox_627fec' is clicked on

27-12-2024T07:12:01 - [MESSAGE][PASSED] - Object: 'Object Repository/Employee-Onboarding/Employee_Jobs/Page_OrangeHRM/i_-- Select --_oxd-icon bi-caret-up-fill ox_627fec' is clicked on

27-12-2024T07:12:01 - [TEST_STEP][PASSED] - click(findTestObject("Employee-Onboarding/Employee_Salary_Detail_Objects/Page_OrangeHRM/custom_object_for_dropdown", ["value":Job_Title])): Object: 'Object Repository/Employee-Onboarding/Employee_Salary_Detail_Objects/Page_OrangeHRM/custom_object_for_dropdown' is clicked on

27-12-2024T07:12:02 - [MESSAGE][PASSED] - Object: 'Object Repository/Employee-Onboarding/Employee_Salary_Detail_Objects/Page_OrangeHRM/custom_object_for_dropdown' is clicked on

27-12-2024T07:12:02 - [TEST_STEP][PASSED] - comment("Step 6: Select the desired job option from the dropdown"): Step 6: Select the desired job option from the dropdown

27-12-2024T07:12:02 - [MESSAGE][INFO] - Step 6: Select the desired job option from the dropdown

27-12-2024T07:12:02 - [TEST_STEP][PASSED] - click(findTestObject("Object Repository/Employee-Onboarding/Employee_Jobs/Page_OrangeHRM/i_-- Select --_oxd-icon bi-caret-up-fill ox_627fec_1")): Object: 'Object Repository/Employee-Onboarding/Employee_Jobs/Page_OrangeHRM/i_-- Select --_oxd-icon bi-caret-up-fill ox_627fec_1' is clicked on

27-12-2024T07:12:03 - [MESSAGE][PASSED] - Object: 'Object Repository/Employee-Onboarding/Employee_Jobs/Page_OrangeHRM/i_-- Select --_oxd-icon bi-caret-up-fill ox_627fec_1' is clicked on

27-12-2024T07:12:03 - [TEST_STEP][PASSED] - click(findTestObject("Employee-Onboarding/Employee_Salary_Detail_Objects/Page_OrangeHRM/custom_object_for_dropdown", ["value":Job_Category])): Object: 'Object Repository/Employee-Onboarding/Employee_Salary_Detail_Objects/Page_OrangeHRM/custom_object_for_dropdown' is clicked on

27-12-2024T07:12:03 - [MESSAGE][PASSED] - Object: 'Object Repository/Employee-Onboarding/Employee_Salary_Detail_Objects/Page_OrangeHRM/custom_object_for_dropdown' is clicked on

27-12-2024T07:12:03 - [TEST_STEP][PASSED] - comment("Step 7: Select the desired job category from the dropdown"): Step 7: Select the desired job category from the dropdown

27-12-2024T07:12:03 - [MESSAGE][INFO] - Step 7: Select the desired job category from the dropdown

27-12-2024T07:12:03 - [TEST_STEP][PASSED] - click(findTestObject("Object Repository/Employee-Onboarding/Employee_Jobs/Page_OrangeHRM/i_-- Select --_oxd-icon bi-caret-up-fill ox_627fec_1_2")): Object: 'Object Repository/Employee-Onboarding/Employee_Jobs/Page_OrangeHRM/i_-- Select --_oxd-icon bi-caret-up-fill ox_627fec_1_2' is clicked on

27-12-2024T07:12:03 - [MESSAGE][PASSED] - Object: 'Object Repository/Employee-Onboarding/Employee_Jobs/Page_OrangeHRM/i_-- Select --_oxd-icon bi-caret-up-fill ox_627fec_1_2' is clicked on

27-12-2024T07:12:03 - [TEST_STEP][PASSED] - click(findTestObject("Employee-Onboarding/Employee_Salary_Detail_Objects/Page_OrangeHRM/custom_object_for_dropdown", ["value":Sub_Unit])): Object: 'Object Repository/Employee-Onboarding/Employee_Salary_Detail_Objects/Page_OrangeHRM/custom_object_for_dropdown' is clicked on

27-12-2024T07:12:04 - [MESSAGE][PASSED] - Object: 'Object Repository/Employee-Onboarding/Employee_Salary_Detail_Objects/Page_OrangeHRM/custom_object_for_dropdown' is clicked on

27-12-2024T07:12:04 - [TEST_STEP][PASSED] - comment("Step 8: Select the desired sub-category from the dropdown"): Step 8: Select the desired sub-category from the dropdown

27-12-2024T07:12:04 - [MESSAGE][INFO] - Step 8: Select the desired sub-category from the dropdown

27-12-2024T07:12:04 - [TEST_STEP][PASSED] - click(findTestObject("Object Repository/Employee-Onboarding/Employee_Jobs/Page_OrangeHRM/i_-- Select --_oxd-icon bi-caret-up-fill ox_627fec_1_2_3")): Object: 'Object Repository/Employee-Onboarding/Employee_Jobs/Page_OrangeHRM/i_-- Select --_oxd-icon bi-caret-up-fill ox_627fec_1_2_3' is clicked on

27-12-2024T07:12:04 - [MESSAGE][PASSED] - Object: 'Object Repository/Employee-Onboarding/Employee_Jobs/Page_OrangeHRM/i_-- Select --_oxd-icon bi-caret-up-fill ox_627fec_1_2_3' is clicked on

27-12-2024T07:12:04 - [TEST_STEP][PASSED] - click(findTestObject("Employee-Onboarding/Employee_Salary_Detail_Objects/Page_OrangeHRM/custom_object_for_dropdown", ["value":Location])): Object: 'Object Repository/Employee-Onboarding/Employee_Salary_Detail_Objects/Page_OrangeHRM/custom_object_for_dropdown' is clicked on

27-12-2024T07:12:05 - [MESSAGE][PASSED] - Object: 'Object Repository/Employee-Onboarding/Employee_Salary_Detail_Objects/Page_OrangeHRM/custom_object_for_dropdown' is clicked on

27-12-2024T07:12:05 - [TEST_STEP][PASSED] - comment("Step 9: Finalize the job details by selecting the appropriate options from the dropdown"): Step 9: Finalize the job details by selecting the appropriate options from the dropdown

27-12-2024T07:12:05 - [MESSAGE][INFO] - Step 9: Finalize the job details by selecting the appropriate options from the dropdown

27-12-2024T07:12:05 - [TEST_STEP][PASSED] - click(findTestObject("Object Repository/Employee-Onboarding/Employee_Jobs/Page_OrangeHRM/i_-- Select --_oxd-icon bi-caret-up-fill ox_627fec_1_2_3_4")): Object: 'Object Repository/Employee-Onboarding/Employee_Jobs/Page_OrangeHRM/i_-- Select --_oxd-icon bi-caret-up-fill ox_627fec_1_2_3_4' is clicked on

27-12-2024T07:12:05 - [MESSAGE][PASSED] - Object: 'Object Repository/Employee-Onboarding/Employee_Jobs/Page_OrangeHRM/i_-- Select --_oxd-icon bi-caret-up-fill ox_627fec_1_2_3_4' is clicked on

27-12-2024T07:12:05 - [TEST_STEP][PASSED] - click(findTestObject("Employee-Onboarding/Employee_Salary_Detail_Objects/Page_OrangeHRM/custom_object_for_dropdown", ["value":Employee_Status])): Object: 'Object Repository/Employee-Onboarding/Employee_Salary_Detail_Objects/Page_OrangeHRM/custom_object_for_dropdown' is clicked on

27-12-2024T07:12:06 - [MESSAGE][PASSED] - Object: 'Object Repository/Employee-Onboarding/Employee_Salary_Detail_Objects/Page_OrangeHRM/custom_object_for_dropdown' is clicked on

27-12-2024T07:12:06 - [TEST_STEP][PASSED] - comment("Step 10: Click the "Save" button to save the updated job details for the employee"): Step 10: Click the "Save" button to save the updated job details for the employee

27-12-2024T07:12:06 - [MESSAGE][INFO] - Step 10: Click the "Save" button to save the updated job details for the employee

27-12-2024T07:12:06 - [TEST_STEP][PASSED] - click(findTestObject("Object Repository/Employee-Onboarding/Employee_Jobs/Page_OrangeHRM/button_Save")): Object: 'Object Repository/Employee-Onboarding/Employee_Jobs/Page_OrangeHRM/button_Save' is clicked on

27-12-2024T07:12:06 - [MESSAGE][PASSED] - Object: 'Object Repository/Employee-Onboarding/Employee_Jobs/Page_OrangeHRM/button_Save' is clicked on]]></system-out>
         <system-err><![CDATA[]]></system-err>
      </testcase>
      <testcase name="Test Cases/Employee_Onboarding/TC_Employee_Job_Details" time="16.564" classname="Test Cases/Employee_Onboarding/TC_Employee_Job_Details" status="PASSED">
         <system-out><![CDATA[27-12-2024T07:12:06 - [TEST_CASE][PASSED] - Test Cases/Employee_Onboarding/TC_Employee_Job_Details: Test Cases/Employee_Onboarding/TC_Employee_Job_Details

27-12-2024T07:12:06 - [TEST_STEP][PASSED] - comment("Step 1: Click on the "PIM" tab to access the Employee Management section"): Step 1: Click on the "PIM" tab to access the Employee Management section

27-12-2024T07:12:06 - [MESSAGE][INFO] - Step 1: Click on the "PIM" tab to access the Employee Management section

27-12-2024T07:12:06 - [TEST_STEP][PASSED] - click(findTestObject("Object Repository/Employee-Onboarding/Employee_Jobs/Page_OrangeHRM/a_PIM")): Object: 'Object Repository/Employee-Onboarding/Employee_Jobs/Page_OrangeHRM/a_PIM' is clicked on

27-12-2024T07:12:08 - [MESSAGE][PASSED] - Object: 'Object Repository/Employee-Onboarding/Employee_Jobs/Page_OrangeHRM/a_PIM' is clicked on

27-12-2024T07:12:08 - [TEST_STEP][PASSED] - comment("Step 2: Set the employee name "Alice Johnson" in the search input field"): Step 2: Set the employee name "Alice Johnson" in the search input field

27-12-2024T07:12:08 - [MESSAGE][INFO] - Step 2: Set the employee name "Alice Johnson" in the search input field

27-12-2024T07:12:08 - [TEST_STEP][PASSED] - setText(findTestObject("Object Repository/Employee-Onboarding/Employee_Jobs/Page_OrangeHRM/input"), Fullname): Text 'David Carroll' is set on object 'Object Repository/Employee-Onboarding/Employee_Jobs/Page_OrangeHRM/input'

27-12-2024T07:12:10 - [MESSAGE][PASSED] - Text 'David Carroll' is set on object 'Object Repository/Employee-Onboarding/Employee_Jobs/Page_OrangeHRM/input'

27-12-2024T07:12:10 - [TEST_STEP][PASSED] - comment("Step 3: Click the "Search" button to search for the employee"): Step 3: Click the "Search" button to search for the employee

27-12-2024T07:12:10 - [MESSAGE][INFO] - Step 3: Click the "Search" button to search for the employee

27-12-2024T07:12:10 - [TEST_STEP][PASSED] - click(findTestObject("Object Repository/Employee-Onboarding/Employee_Jobs/Page_OrangeHRM/button_Search")): Object: 'Object Repository/Employee-Onboarding/Employee_Jobs/Page_OrangeHRM/button_Search' is clicked on

27-12-2024T07:12:11 - [MESSAGE][PASSED] - Object: 'Object Repository/Employee-Onboarding/Employee_Jobs/Page_OrangeHRM/button_Search' is clicked on

27-12-2024T07:12:11 - [TEST_STEP][PASSED] - comment("Step 1: Select the employee record by clicking on the employee ID"): Step 1: Select the employee record by clicking on the employee ID

27-12-2024T07:12:11 - [MESSAGE][INFO] - Step 1: Select the employee record by clicking on the employee ID

27-12-2024T07:12:11 - [TEST_STEP][PASSED] - click(findTestObject("Object Repository/Employee-Onboarding/Employee_Jobs/Page_OrangeHRM/div_0034008")): Object: 'Object Repository/Employee-Onboarding/Employee_Jobs/Page_OrangeHRM/div_0034008' is clicked on

27-12-2024T07:12:13 - [MESSAGE][PASSED] - Object: 'Object Repository/Employee-Onboarding/Employee_Jobs/Page_OrangeHRM/div_0034008' is clicked on

27-12-2024T07:12:13 - [TEST_STEP][PASSED] - comment("Step 2: Click on the "Job" tab in the employee details section"): Step 2: Click on the "Job" tab in the employee details section

27-12-2024T07:12:13 - [MESSAGE][INFO] - Step 2: Click on the "Job" tab in the employee details section

27-12-2024T07:12:13 - [TEST_STEP][PASSED] - click(findTestObject("Object Repository/Employee-Onboarding/Employee_Jobs/Page_OrangeHRM/a_Job")): Object: 'Object Repository/Employee-Onboarding/Employee_Jobs/Page_OrangeHRM/a_Job' is clicked on

27-12-2024T07:12:15 - [MESSAGE][PASSED] - Object: 'Object Repository/Employee-Onboarding/Employee_Jobs/Page_OrangeHRM/a_Job' is clicked on

27-12-2024T07:12:15 - [TEST_STEP][PASSED] - comment("Step 3: Open the date picker for "Joined Date""): Step 3: Open the date picker for "Joined Date"

27-12-2024T07:12:15 - [MESSAGE][INFO] - Step 3: Open the date picker for "Joined Date"

27-12-2024T07:12:15 - [TEST_STEP][PASSED] - click(findTestObject("Object Repository/Employee-Onboarding/Employee_Jobs/Page_OrangeHRM/i_Joined Date_oxd-icon bi-calendar oxd-date_38329e")): Object: 'Object Repository/Employee-Onboarding/Employee_Jobs/Page_OrangeHRM/i_Joined Date_oxd-icon bi-calendar oxd-date_38329e' is clicked on

27-12-2024T07:12:18 - [MESSAGE][PASSED] - Object: 'Object Repository/Employee-Onboarding/Employee_Jobs/Page_OrangeHRM/i_Joined Date_oxd-icon bi-calendar oxd-date_38329e' is clicked on

27-12-2024T07:12:18 - [TEST_STEP][PASSED] - comment("Step 4: Select the 31st as the "Joined Date""): Step 4: Select the 31st as the "Joined Date"

27-12-2024T07:12:18 - [MESSAGE][INFO] - Step 4: Select the 31st as the "Joined Date"

27-12-2024T07:12:18 - [TEST_STEP][PASSED] - click(findTestObject("Object Repository/Employee-Onboarding/Employee_Jobs/Page_OrangeHRM/div_31")): Object: 'Object Repository/Employee-Onboarding/Employee_Jobs/Page_OrangeHRM/div_31' is clicked on

27-12-2024T07:12:18 - [MESSAGE][PASSED] - Object: 'Object Repository/Employee-Onboarding/Employee_Jobs/Page_OrangeHRM/div_31' is clicked on

27-12-2024T07:12:18 - [TEST_STEP][PASSED] - comment("Step 5: Open the dropdown menu to make selections (e.g., job title, employment type)"): Step 5: Open the dropdown menu to make selections (e.g., job title, employment type)

27-12-2024T07:12:18 - [MESSAGE][INFO] - Step 5: Open the dropdown menu to make selections (e.g., job title, employment type)

27-12-2024T07:12:18 - [TEST_STEP][PASSED] - click(findTestObject("Object Repository/Employee-Onboarding/Employee_Jobs/Page_OrangeHRM/i_-- Select --_oxd-icon bi-caret-up-fill ox_627fec")): Object: 'Object Repository/Employee-Onboarding/Employee_Jobs/Page_OrangeHRM/i_-- Select --_oxd-icon bi-caret-up-fill ox_627fec' is clicked on

27-12-2024T07:12:18 - [MESSAGE][PASSED] - Object: 'Object Repository/Employee-Onboarding/Employee_Jobs/Page_OrangeHRM/i_-- Select --_oxd-icon bi-caret-up-fill ox_627fec' is clicked on

27-12-2024T07:12:18 - [TEST_STEP][PASSED] - click(findTestObject("Employee-Onboarding/Employee_Salary_Detail_Objects/Page_OrangeHRM/custom_object_for_dropdown", ["value":Job_Title])): Object: 'Object Repository/Employee-Onboarding/Employee_Salary_Detail_Objects/Page_OrangeHRM/custom_object_for_dropdown' is clicked on

27-12-2024T07:12:19 - [MESSAGE][PASSED] - Object: 'Object Repository/Employee-Onboarding/Employee_Salary_Detail_Objects/Page_OrangeHRM/custom_object_for_dropdown' is clicked on

27-12-2024T07:12:19 - [TEST_STEP][PASSED] - comment("Step 6: Select the desired job option from the dropdown"): Step 6: Select the desired job option from the dropdown

27-12-2024T07:12:19 - [MESSAGE][INFO] - Step 6: Select the desired job option from the dropdown

27-12-2024T07:12:19 - [TEST_STEP][PASSED] - click(findTestObject("Object Repository/Employee-Onboarding/Employee_Jobs/Page_OrangeHRM/i_-- Select --_oxd-icon bi-caret-up-fill ox_627fec_1")): Object: 'Object Repository/Employee-Onboarding/Employee_Jobs/Page_OrangeHRM/i_-- Select --_oxd-icon bi-caret-up-fill ox_627fec_1' is clicked on

27-12-2024T07:12:19 - [MESSAGE][PASSED] - Object: 'Object Repository/Employee-Onboarding/Employee_Jobs/Page_OrangeHRM/i_-- Select --_oxd-icon bi-caret-up-fill ox_627fec_1' is clicked on

27-12-2024T07:12:19 - [TEST_STEP][PASSED] - click(findTestObject("Employee-Onboarding/Employee_Salary_Detail_Objects/Page_OrangeHRM/custom_object_for_dropdown", ["value":Job_Category])): Object: 'Object Repository/Employee-Onboarding/Employee_Salary_Detail_Objects/Page_OrangeHRM/custom_object_for_dropdown' is clicked on

27-12-2024T07:12:20 - [MESSAGE][PASSED] - Object: 'Object Repository/Employee-Onboarding/Employee_Salary_Detail_Objects/Page_OrangeHRM/custom_object_for_dropdown' is clicked on

27-12-2024T07:12:20 - [TEST_STEP][PASSED] - comment("Step 7: Select the desired job category from the dropdown"): Step 7: Select the desired job category from the dropdown

27-12-2024T07:12:20 - [MESSAGE][INFO] - Step 7: Select the desired job category from the dropdown

27-12-2024T07:12:20 - [TEST_STEP][PASSED] - click(findTestObject("Object Repository/Employee-Onboarding/Employee_Jobs/Page_OrangeHRM/i_-- Select --_oxd-icon bi-caret-up-fill ox_627fec_1_2")): Object: 'Object Repository/Employee-Onboarding/Employee_Jobs/Page_OrangeHRM/i_-- Select --_oxd-icon bi-caret-up-fill ox_627fec_1_2' is clicked on

27-12-2024T07:12:20 - [MESSAGE][PASSED] - Object: 'Object Repository/Employee-Onboarding/Employee_Jobs/Page_OrangeHRM/i_-- Select --_oxd-icon bi-caret-up-fill ox_627fec_1_2' is clicked on

27-12-2024T07:12:20 - [TEST_STEP][PASSED] - click(findTestObject("Employee-Onboarding/Employee_Salary_Detail_Objects/Page_OrangeHRM/custom_object_for_dropdown", ["value":Sub_Unit])): Object: 'Object Repository/Employee-Onboarding/Employee_Salary_Detail_Objects/Page_OrangeHRM/custom_object_for_dropdown' is clicked on

27-12-2024T07:12:20 - [MESSAGE][PASSED] - Object: 'Object Repository/Employee-Onboarding/Employee_Salary_Detail_Objects/Page_OrangeHRM/custom_object_for_dropdown' is clicked on

27-12-2024T07:12:20 - [TEST_STEP][PASSED] - comment("Step 8: Select the desired sub-category from the dropdown"): Step 8: Select the desired sub-category from the dropdown

27-12-2024T07:12:20 - [MESSAGE][INFO] - Step 8: Select the desired sub-category from the dropdown

27-12-2024T07:12:20 - [TEST_STEP][PASSED] - click(findTestObject("Object Repository/Employee-Onboarding/Employee_Jobs/Page_OrangeHRM/i_-- Select --_oxd-icon bi-caret-up-fill ox_627fec_1_2_3")): Object: 'Object Repository/Employee-Onboarding/Employee_Jobs/Page_OrangeHRM/i_-- Select --_oxd-icon bi-caret-up-fill ox_627fec_1_2_3' is clicked on

27-12-2024T07:12:21 - [MESSAGE][PASSED] - Object: 'Object Repository/Employee-Onboarding/Employee_Jobs/Page_OrangeHRM/i_-- Select --_oxd-icon bi-caret-up-fill ox_627fec_1_2_3' is clicked on

27-12-2024T07:12:21 - [TEST_STEP][PASSED] - click(findTestObject("Employee-Onboarding/Employee_Salary_Detail_Objects/Page_OrangeHRM/custom_object_for_dropdown", ["value":Location])): Object: 'Object Repository/Employee-Onboarding/Employee_Salary_Detail_Objects/Page_OrangeHRM/custom_object_for_dropdown' is clicked on

27-12-2024T07:12:21 - [MESSAGE][PASSED] - Object: 'Object Repository/Employee-Onboarding/Employee_Salary_Detail_Objects/Page_OrangeHRM/custom_object_for_dropdown' is clicked on

27-12-2024T07:12:21 - [TEST_STEP][PASSED] - comment("Step 9: Finalize the job details by selecting the appropriate options from the dropdown"): Step 9: Finalize the job details by selecting the appropriate options from the dropdown

27-12-2024T07:12:21 - [MESSAGE][INFO] - Step 9: Finalize the job details by selecting the appropriate options from the dropdown

27-12-2024T07:12:21 - [TEST_STEP][PASSED] - click(findTestObject("Object Repository/Employee-Onboarding/Employee_Jobs/Page_OrangeHRM/i_-- Select --_oxd-icon bi-caret-up-fill ox_627fec_1_2_3_4")): Object: 'Object Repository/Employee-Onboarding/Employee_Jobs/Page_OrangeHRM/i_-- Select --_oxd-icon bi-caret-up-fill ox_627fec_1_2_3_4' is clicked on

27-12-2024T07:12:22 - [MESSAGE][PASSED] - Object: 'Object Repository/Employee-Onboarding/Employee_Jobs/Page_OrangeHRM/i_-- Select --_oxd-icon bi-caret-up-fill ox_627fec_1_2_3_4' is clicked on

27-12-2024T07:12:22 - [TEST_STEP][PASSED] - click(findTestObject("Employee-Onboarding/Employee_Salary_Detail_Objects/Page_OrangeHRM/custom_object_for_dropdown", ["value":Employee_Status])): Object: 'Object Repository/Employee-Onboarding/Employee_Salary_Detail_Objects/Page_OrangeHRM/custom_object_for_dropdown' is clicked on

27-12-2024T07:12:22 - [MESSAGE][PASSED] - Object: 'Object Repository/Employee-Onboarding/Employee_Salary_Detail_Objects/Page_OrangeHRM/custom_object_for_dropdown' is clicked on

27-12-2024T07:12:22 - [TEST_STEP][PASSED] - comment("Step 10: Click the "Save" button to save the updated job details for the employee"): Step 10: Click the "Save" button to save the updated job details for the employee

27-12-2024T07:12:22 - [MESSAGE][INFO] - Step 10: Click the "Save" button to save the updated job details for the employee

27-12-2024T07:12:22 - [TEST_STEP][PASSED] - click(findTestObject("Object Repository/Employee-Onboarding/Employee_Jobs/Page_OrangeHRM/button_Save")): Object: 'Object Repository/Employee-Onboarding/Employee_Jobs/Page_OrangeHRM/button_Save' is clicked on

27-12-2024T07:12:23 - [MESSAGE][PASSED] - Object: 'Object Repository/Employee-Onboarding/Employee_Jobs/Page_OrangeHRM/button_Save' is clicked on]]></system-out>
         <system-err><![CDATA[]]></system-err>
      </testcase>
      <testcase name="Test Cases/Employee_Onboarding/TC_Employee_Job_Details" time="16.499" classname="Test Cases/Employee_Onboarding/TC_Employee_Job_Details" status="PASSED">
         <system-out><![CDATA[27-12-2024T07:12:23 - [TEST_CASE][PASSED] - Test Cases/Employee_Onboarding/TC_Employee_Job_Details: Test Cases/Employee_Onboarding/TC_Employee_Job_Details

27-12-2024T07:12:23 - [TEST_STEP][PASSED] - comment("Step 1: Click on the "PIM" tab to access the Employee Management section"): Step 1: Click on the "PIM" tab to access the Employee Management section

27-12-2024T07:12:23 - [MESSAGE][INFO] - Step 1: Click on the "PIM" tab to access the Employee Management section

27-12-2024T07:12:23 - [TEST_STEP][PASSED] - click(findTestObject("Object Repository/Employee-Onboarding/Employee_Jobs/Page_OrangeHRM/a_PIM")): Object: 'Object Repository/Employee-Onboarding/Employee_Jobs/Page_OrangeHRM/a_PIM' is clicked on

27-12-2024T07:12:25 - [MESSAGE][PASSED] - Object: 'Object Repository/Employee-Onboarding/Employee_Jobs/Page_OrangeHRM/a_PIM' is clicked on

27-12-2024T07:12:25 - [TEST_STEP][PASSED] - comment("Step 2: Set the employee name "Alice Johnson" in the search input field"): Step 2: Set the employee name "Alice Johnson" in the search input field

27-12-2024T07:12:25 - [MESSAGE][INFO] - Step 2: Set the employee name "Alice Johnson" in the search input field

27-12-2024T07:12:25 - [TEST_STEP][PASSED] - setText(findTestObject("Object Repository/Employee-Onboarding/Employee_Jobs/Page_OrangeHRM/input"), Fullname): Text 'Kari Scott' is set on object 'Object Repository/Employee-Onboarding/Employee_Jobs/Page_OrangeHRM/input'

27-12-2024T07:12:27 - [MESSAGE][PASSED] - Text 'Kari Scott' is set on object 'Object Repository/Employee-Onboarding/Employee_Jobs/Page_OrangeHRM/input'

27-12-2024T07:12:27 - [TEST_STEP][PASSED] - comment("Step 3: Click the "Search" button to search for the employee"): Step 3: Click the "Search" button to search for the employee

27-12-2024T07:12:27 - [MESSAGE][INFO] - Step 3: Click the "Search" button to search for the employee

27-12-2024T07:12:27 - [TEST_STEP][PASSED] - click(findTestObject("Object Repository/Employee-Onboarding/Employee_Jobs/Page_OrangeHRM/button_Search")): Object: 'Object Repository/Employee-Onboarding/Employee_Jobs/Page_OrangeHRM/button_Search' is clicked on

27-12-2024T07:12:27 - [MESSAGE][PASSED] - Object: 'Object Repository/Employee-Onboarding/Employee_Jobs/Page_OrangeHRM/button_Search' is clicked on

27-12-2024T07:12:27 - [TEST_STEP][PASSED] - comment("Step 1: Select the employee record by clicking on the employee ID"): Step 1: Select the employee record by clicking on the employee ID

27-12-2024T07:12:27 - [MESSAGE][INFO] - Step 1: Select the employee record by clicking on the employee ID

27-12-2024T07:12:27 - [TEST_STEP][PASSED] - click(findTestObject("Object Repository/Employee-Onboarding/Employee_Jobs/Page_OrangeHRM/div_0034008")): Object: 'Object Repository/Employee-Onboarding/Employee_Jobs/Page_OrangeHRM/div_0034008' is clicked on

27-12-2024T07:12:29 - [MESSAGE][PASSED] - Object: 'Object Repository/Employee-Onboarding/Employee_Jobs/Page_OrangeHRM/div_0034008' is clicked on

27-12-2024T07:12:29 - [TEST_STEP][PASSED] - comment("Step 2: Click on the "Job" tab in the employee details section"): Step 2: Click on the "Job" tab in the employee details section

27-12-2024T07:12:29 - [MESSAGE][INFO] - Step 2: Click on the "Job" tab in the employee details section

27-12-2024T07:12:29 - [TEST_STEP][PASSED] - click(findTestObject("Object Repository/Employee-Onboarding/Employee_Jobs/Page_OrangeHRM/a_Job")): Object: 'Object Repository/Employee-Onboarding/Employee_Jobs/Page_OrangeHRM/a_Job' is clicked on

27-12-2024T07:12:32 - [MESSAGE][PASSED] - Object: 'Object Repository/Employee-Onboarding/Employee_Jobs/Page_OrangeHRM/a_Job' is clicked on

27-12-2024T07:12:32 - [TEST_STEP][PASSED] - comment("Step 3: Open the date picker for "Joined Date""): Step 3: Open the date picker for "Joined Date"

27-12-2024T07:12:32 - [MESSAGE][INFO] - Step 3: Open the date picker for "Joined Date"

27-12-2024T07:12:32 - [TEST_STEP][PASSED] - click(findTestObject("Object Repository/Employee-Onboarding/Employee_Jobs/Page_OrangeHRM/i_Joined Date_oxd-icon bi-calendar oxd-date_38329e")): Object: 'Object Repository/Employee-Onboarding/Employee_Jobs/Page_OrangeHRM/i_Joined Date_oxd-icon bi-calendar oxd-date_38329e' is clicked on

27-12-2024T07:12:34 - [MESSAGE][PASSED] - Object: 'Object Repository/Employee-Onboarding/Employee_Jobs/Page_OrangeHRM/i_Joined Date_oxd-icon bi-calendar oxd-date_38329e' is clicked on

27-12-2024T07:12:34 - [TEST_STEP][PASSED] - comment("Step 4: Select the 31st as the "Joined Date""): Step 4: Select the 31st as the "Joined Date"

27-12-2024T07:12:34 - [MESSAGE][INFO] - Step 4: Select the 31st as the "Joined Date"

27-12-2024T07:12:34 - [TEST_STEP][PASSED] - click(findTestObject("Object Repository/Employee-Onboarding/Employee_Jobs/Page_OrangeHRM/div_31")): Object: 'Object Repository/Employee-Onboarding/Employee_Jobs/Page_OrangeHRM/div_31' is clicked on

27-12-2024T07:12:34 - [MESSAGE][PASSED] - Object: 'Object Repository/Employee-Onboarding/Employee_Jobs/Page_OrangeHRM/div_31' is clicked on

27-12-2024T07:12:34 - [TEST_STEP][PASSED] - comment("Step 5: Open the dropdown menu to make selections (e.g., job title, employment type)"): Step 5: Open the dropdown menu to make selections (e.g., job title, employment type)

27-12-2024T07:12:34 - [MESSAGE][INFO] - Step 5: Open the dropdown menu to make selections (e.g., job title, employment type)

27-12-2024T07:12:34 - [TEST_STEP][PASSED] - click(findTestObject("Object Repository/Employee-Onboarding/Employee_Jobs/Page_OrangeHRM/i_-- Select --_oxd-icon bi-caret-up-fill ox_627fec")): Object: 'Object Repository/Employee-Onboarding/Employee_Jobs/Page_OrangeHRM/i_-- Select --_oxd-icon bi-caret-up-fill ox_627fec' is clicked on

27-12-2024T07:12:34 - [MESSAGE][PASSED] - Object: 'Object Repository/Employee-Onboarding/Employee_Jobs/Page_OrangeHRM/i_-- Select --_oxd-icon bi-caret-up-fill ox_627fec' is clicked on

27-12-2024T07:12:34 - [TEST_STEP][PASSED] - click(findTestObject("Employee-Onboarding/Employee_Salary_Detail_Objects/Page_OrangeHRM/custom_object_for_dropdown", ["value":Job_Title])): Object: 'Object Repository/Employee-Onboarding/Employee_Salary_Detail_Objects/Page_OrangeHRM/custom_object_for_dropdown' is clicked on

27-12-2024T07:12:35 - [MESSAGE][PASSED] - Object: 'Object Repository/Employee-Onboarding/Employee_Salary_Detail_Objects/Page_OrangeHRM/custom_object_for_dropdown' is clicked on

27-12-2024T07:12:35 - [TEST_STEP][PASSED] - comment("Step 6: Select the desired job option from the dropdown"): Step 6: Select the desired job option from the dropdown

27-12-2024T07:12:35 - [MESSAGE][INFO] - Step 6: Select the desired job option from the dropdown

27-12-2024T07:12:35 - [TEST_STEP][PASSED] - click(findTestObject("Object Repository/Employee-Onboarding/Employee_Jobs/Page_OrangeHRM/i_-- Select --_oxd-icon bi-caret-up-fill ox_627fec_1")): Object: 'Object Repository/Employee-Onboarding/Employee_Jobs/Page_OrangeHRM/i_-- Select --_oxd-icon bi-caret-up-fill ox_627fec_1' is clicked on

27-12-2024T07:12:36 - [MESSAGE][PASSED] - Object: 'Object Repository/Employee-Onboarding/Employee_Jobs/Page_OrangeHRM/i_-- Select --_oxd-icon bi-caret-up-fill ox_627fec_1' is clicked on

27-12-2024T07:12:36 - [TEST_STEP][PASSED] - click(findTestObject("Employee-Onboarding/Employee_Salary_Detail_Objects/Page_OrangeHRM/custom_object_for_dropdown", ["value":Job_Category])): Object: 'Object Repository/Employee-Onboarding/Employee_Salary_Detail_Objects/Page_OrangeHRM/custom_object_for_dropdown' is clicked on

27-12-2024T07:12:36 - [MESSAGE][PASSED] - Object: 'Object Repository/Employee-Onboarding/Employee_Salary_Detail_Objects/Page_OrangeHRM/custom_object_for_dropdown' is clicked on

27-12-2024T07:12:36 - [TEST_STEP][PASSED] - comment("Step 7: Select the desired job category from the dropdown"): Step 7: Select the desired job category from the dropdown

27-12-2024T07:12:36 - [MESSAGE][INFO] - Step 7: Select the desired job category from the dropdown

27-12-2024T07:12:36 - [TEST_STEP][PASSED] - click(findTestObject("Object Repository/Employee-Onboarding/Employee_Jobs/Page_OrangeHRM/i_-- Select --_oxd-icon bi-caret-up-fill ox_627fec_1_2")): Object: 'Object Repository/Employee-Onboarding/Employee_Jobs/Page_OrangeHRM/i_-- Select --_oxd-icon bi-caret-up-fill ox_627fec_1_2' is clicked on

27-12-2024T07:12:37 - [MESSAGE][PASSED] - Object: 'Object Repository/Employee-Onboarding/Employee_Jobs/Page_OrangeHRM/i_-- Select --_oxd-icon bi-caret-up-fill ox_627fec_1_2' is clicked on

27-12-2024T07:12:37 - [TEST_STEP][PASSED] - click(findTestObject("Employee-Onboarding/Employee_Salary_Detail_Objects/Page_OrangeHRM/custom_object_for_dropdown", ["value":Sub_Unit])): Object: 'Object Repository/Employee-Onboarding/Employee_Salary_Detail_Objects/Page_OrangeHRM/custom_object_for_dropdown' is clicked on

27-12-2024T07:12:37 - [MESSAGE][PASSED] - Object: 'Object Repository/Employee-Onboarding/Employee_Salary_Detail_Objects/Page_OrangeHRM/custom_object_for_dropdown' is clicked on

27-12-2024T07:12:37 - [TEST_STEP][PASSED] - comment("Step 8: Select the desired sub-category from the dropdown"): Step 8: Select the desired sub-category from the dropdown

27-12-2024T07:12:37 - [MESSAGE][INFO] - Step 8: Select the desired sub-category from the dropdown

27-12-2024T07:12:37 - [TEST_STEP][PASSED] - click(findTestObject("Object Repository/Employee-Onboarding/Employee_Jobs/Page_OrangeHRM/i_-- Select --_oxd-icon bi-caret-up-fill ox_627fec_1_2_3")): Object: 'Object Repository/Employee-Onboarding/Employee_Jobs/Page_OrangeHRM/i_-- Select --_oxd-icon bi-caret-up-fill ox_627fec_1_2_3' is clicked on

27-12-2024T07:12:37 - [MESSAGE][PASSED] - Object: 'Object Repository/Employee-Onboarding/Employee_Jobs/Page_OrangeHRM/i_-- Select --_oxd-icon bi-caret-up-fill ox_627fec_1_2_3' is clicked on

27-12-2024T07:12:37 - [TEST_STEP][PASSED] - click(findTestObject("Employee-Onboarding/Employee_Salary_Detail_Objects/Page_OrangeHRM/custom_object_for_dropdown", ["value":Location])): Object: 'Object Repository/Employee-Onboarding/Employee_Salary_Detail_Objects/Page_OrangeHRM/custom_object_for_dropdown' is clicked on

27-12-2024T07:12:38 - [MESSAGE][PASSED] - Object: 'Object Repository/Employee-Onboarding/Employee_Salary_Detail_Objects/Page_OrangeHRM/custom_object_for_dropdown' is clicked on

27-12-2024T07:12:38 - [TEST_STEP][PASSED] - comment("Step 9: Finalize the job details by selecting the appropriate options from the dropdown"): Step 9: Finalize the job details by selecting the appropriate options from the dropdown

27-12-2024T07:12:38 - [MESSAGE][INFO] - Step 9: Finalize the job details by selecting the appropriate options from the dropdown

27-12-2024T07:12:38 - [TEST_STEP][PASSED] - click(findTestObject("Object Repository/Employee-Onboarding/Employee_Jobs/Page_OrangeHRM/i_-- Select --_oxd-icon bi-caret-up-fill ox_627fec_1_2_3_4")): Object: 'Object Repository/Employee-Onboarding/Employee_Jobs/Page_OrangeHRM/i_-- Select --_oxd-icon bi-caret-up-fill ox_627fec_1_2_3_4' is clicked on

27-12-2024T07:12:38 - [MESSAGE][PASSED] - Object: 'Object Repository/Employee-Onboarding/Employee_Jobs/Page_OrangeHRM/i_-- Select --_oxd-icon bi-caret-up-fill ox_627fec_1_2_3_4' is clicked on

27-12-2024T07:12:38 - [TEST_STEP][PASSED] - click(findTestObject("Employee-Onboarding/Employee_Salary_Detail_Objects/Page_OrangeHRM/custom_object_for_dropdown", ["value":Employee_Status])): Object: 'Object Repository/Employee-Onboarding/Employee_Salary_Detail_Objects/Page_OrangeHRM/custom_object_for_dropdown' is clicked on

27-12-2024T07:12:39 - [MESSAGE][PASSED] - Object: 'Object Repository/Employee-Onboarding/Employee_Salary_Detail_Objects/Page_OrangeHRM/custom_object_for_dropdown' is clicked on

27-12-2024T07:12:39 - [TEST_STEP][PASSED] - comment("Step 10: Click the "Save" button to save the updated job details for the employee"): Step 10: Click the "Save" button to save the updated job details for the employee

27-12-2024T07:12:39 - [MESSAGE][INFO] - Step 10: Click the "Save" button to save the updated job details for the employee

27-12-2024T07:12:39 - [TEST_STEP][PASSED] - click(findTestObject("Object Repository/Employee-Onboarding/Employee_Jobs/Page_OrangeHRM/button_Save")): Object: 'Object Repository/Employee-Onboarding/Employee_Jobs/Page_OrangeHRM/button_Save' is clicked on

27-12-2024T07:12:39 - [MESSAGE][PASSED] - Object: 'Object Repository/Employee-Onboarding/Employee_Jobs/Page_OrangeHRM/button_Save' is clicked on]]></system-out>
         <system-err><![CDATA[]]></system-err>
      </testcase>
      <testcase name="Test Cases/Employee_Onboarding/TC_Employee_Job_Details" time="15.696" classname="Test Cases/Employee_Onboarding/TC_Employee_Job_Details" status="FAILED">
         <failure type="FAILED" message="Test Cases/Employee_Onboarding/TC_Employee_Job_Details FAILED.&#xa;Reason:&#xa;com.kms.katalon.core.exception.StepFailedException: Unable to click on object 'Object Repository/Employee-Onboarding/Employee_Jobs/Page_OrangeHRM/i_-- Select --_oxd-icon bi-caret-up-fill ox_627fec_1_2_3'&#xa;	at com.kms.katalon.core.webui.keyword.internal.WebUIKeywordMain.stepFailed(WebUIKeywordMain.groovy:117)&#xa;	at com.kms.katalon.core.webui.keyword.internal.WebUIKeywordMain.runKeyword(WebUIKeywordMain.groovy:43)&#xa;	at com.kms.katalon.core.webui.keyword.builtin.ClickKeyword.click(ClickKeyword.groovy:75)&#xa;	at com.kms.katalon.core.webui.keyword.builtin.ClickKeyword.execute(ClickKeyword.groovy:40)&#xa;	at com.kms.katalon.core.keyword.internal.KeywordExecutor.executeKeywordForPlatform(KeywordExecutor.groovy:74)&#xa;	at com.kms.katalon.core.webui.keyword.WebUiBuiltInKeywords.click(WebUiBuiltInKeywords.groovy:696)&#xa;	at TC_Employee_Job_Details.run(TC_Employee_Job_Details:81)&#xa;	at com.kms.katalon.core.main.ScriptEngine.run(ScriptEngine.java:194)&#xa;	at com.kms.katalon.core.main.ScriptEngine.runScriptAsRawText(ScriptEngine.java:119)&#xa;	at com.kms.katalon.core.main.TestCaseExecutor.runScript(TestCaseExecutor.java:448)&#xa;	at com.kms.katalon.core.main.TestCaseExecutor.doExecute(TestCaseExecutor.java:439)&#xa;	at com.kms.katalon.core.main.TestCaseExecutor.processExecutionPhase(TestCaseExecutor.java:418)&#xa;	at com.kms.katalon.core.main.TestCaseExecutor.accessMainPhase(TestCaseExecutor.java:410)&#xa;	at com.kms.katalon.core.main.TestCaseExecutor.execute(TestCaseExecutor.java:285)&#xa;	at com.kms.katalon.core.common.CommonExecutor.accessTestCaseMainPhase(CommonExecutor.java:65)&#xa;	at com.kms.katalon.core.main.TestSuiteExecutor.accessTestSuiteMainPhase(TestSuiteExecutor.java:161)&#xa;	at com.kms.katalon.core.main.TestSuiteExecutor.execute(TestSuiteExecutor.java:107)&#xa;	at com.kms.katalon.core.main.TestCaseMain.startTestSuite(TestCaseMain.java:176)&#xa;	at TempTestSuite1735263398717.run(TempTestSuite1735263398717.groovy:35)&#xa;	at java.base/jdk.internal.reflect.NativeMethodAccessorImpl.invoke0(Native Method)&#xa;	at java.base/jdk.internal.reflect.NativeMethodAccessorImpl.invoke(NativeMethodAccessorImpl.java:77)&#xa;	at java.base/jdk.internal.reflect.DelegatingMethodAccessorImpl.invoke(DelegatingMethodAccessorImpl.java:43)&#xa;Caused by: org.openqa.selenium.WebDriverException: disconnected: not connected to DevTools&#xa;  (failed to check if window was closed: disconnected: not connected to DevTools)&#xa;  (Session info: chrome=131.0.6778.205)&#xa;Build info: version: '4.22.0', revision: 'c5f3146703'&#xa;System info: os.name: 'Mac OS X', os.arch: 'aarch64', os.version: '15.2', java.version: '17.0.7'&#xa;Driver info: com.kms.katalon.selenium.driver.CChromeDriver&#xa;Command: [81c375fdc73980b0150be4854699555f, findElements {using=xpath, value=//div[@id='app']/div/div[2]/div[2]/div/div/div/div[2]/div/form/div/div/div[6]/div/div[2]/div/div/div[2]/i}]&#xa;Capabilities {acceptInsecureCerts: false, browserName: chrome, browserVersion: 131.0.6778.205, chrome: {chromedriverVersion: 131.0.6778.85 (3d81e41b6f3a..., userDataDir: /var/folders/1j/l6215wsx1tb...}, fedcm:accounts: true, goog:chromeOptions: {debuggerAddress: localhost:49316}, networkConnectionEnabled: false, pageLoadStrategy: normal, platformName: mac, proxy: Proxy(), se:cdp: ws://localhost:49316/devtoo..., se:cdpVersion: 131.0.6778.205, setWindowRect: true, strictFileInteractability: false, timeouts: {implicit: 0, pageLoad: 300000, script: 30000}, unhandledPromptBehavior: ignore, webSocketUrl: ws://localhost:6763/session..., webauthn:extension:credBlob: true, webauthn:extension:largeBlob: true, webauthn:extension:minPinLength: true, webauthn:extension:prf: true, webauthn:virtualAuthenticators: true}&#xa;Session ID: 81c375fdc73980b0150be4854699555f&#xa;	at java.base/jdk.internal.reflect.NativeConstructorAccessorImpl.newInstance0(Native Method)&#xa;	at java.base/jdk.internal.reflect.NativeConstructorAccessorImpl.newInstance(NativeConstructorAccessorImpl.java:77)&#xa;	at java.base/jdk.internal.reflect.DelegatingConstructorAccessorImpl.newInstance(DelegatingConstructorAccessorImpl.java:45)&#xa;	at org.openqa.selenium.remote.ErrorCodec.decode(ErrorCodec.java:167)&#xa;	at org.openqa.selenium.remote.codec.w3c.W3CHttpResponseCodec.decode(W3CHttpResponseCodec.java:138)&#xa;	at org.openqa.selenium.remote.codec.w3c.W3CHttpResponseCodec.decode(W3CHttpResponseCodec.java:50)&#xa;	at org.openqa.selenium.remote.HttpCommandExecutor.execute(HttpCommandExecutor.java:190)&#xa;	at org.openqa.selenium.remote.service.DriverCommandExecutor.invokeExecute(DriverCommandExecutor.java:216)&#xa;	at org.openqa.selenium.remote.service.DriverCommandExecutor.execute(DriverCommandExecutor.java:174)&#xa;	at org.openqa.selenium.remote.RemoteWebDriver.execute(RemoteWebDriver.java:518)&#xa;	at org.openqa.selenium.remote.ElementLocation$ElementFinder$2.findElements(ElementLocation.java:182)&#xa;	at org.openqa.selenium.remote.ElementLocation.findElements(ElementLocation.java:103)&#xa;	at org.openqa.selenium.remote.RemoteWebDriver.findElements(RemoteWebDriver.java:368)&#xa;	at org.openqa.selenium.remote.RemoteWebDriver.findElements(RemoteWebDriver.java:362)&#xa;	at jdk.internal.reflect.GeneratedMethodAccessor19.invoke(Unknown Source)&#xa;	at java.base/jdk.internal.reflect.DelegatingMethodAccessorImpl.invoke(DelegatingMethodAccessorImpl.java:43)&#xa;	at org.openqa.selenium.support.decorators.WebDriverDecorator.call(WebDriverDecorator.java:249)&#xa;	at org.openqa.selenium.support.decorators.DefaultDecorated.call(DefaultDecorated.java:48)&#xa;	at org.openqa.selenium.support.decorators.WebDriverDecorator.lambda$createProxy$2(WebDriverDecorator.java:321)&#xa;	at org.openqa.selenium.remote.RemoteWebDriver$ByteBuddy$QYIudDZq.findElements(Unknown Source)&#xa;	at com.kms.katalon.core.webui.common.WebUiCommonHelper.findElementByNormalMethods(WebUiCommonHelper.java:1036)&#xa;	at com.kms.katalon.core.webui.common.WebUiCommonHelper.findElementsBySelectedMethod(WebUiCommonHelper.java:927)&#xa;	at com.kms.katalon.core.webui.common.WebUiCommonHelper.findElementsBySelectedMethod(WebUiCommonHelper.java:909)&#xa;	at com.kms.katalon.core.webui.common.WebUiCommonHelper.findElementsBySelectedMethod(WebUiCommonHelper.java:904)&#xa;	at com.kms.katalon.core.webui.common.WebUiCommonHelper.findElementsByDefault(WebUiCommonHelper.java:900)&#xa;	at com.kms.katalon.core.webui.common.WebUiCommonHelper.findElementsWithSelfHealing(WebUiCommonHelper.java:746)&#xa;	at com.kms.katalon.core.webui.common.WebUiCommonHelper.findWebElements(WebUiCommonHelper.java:730)&#xa;	at com.kms.katalon.core.webui.common.WebUiCommonHelper.findWebElement(WebUiCommonHelper.java:1416)&#xa;	at com.kms.katalon.core.webui.keyword.internal.WebUIAbstractKeyword.findWebElement(WebUIAbstractKeyword.groovy:27)&#xa;	at com.kms.katalon.core.webui.keyword.builtin.ClickKeyword$_click_closure1.doCall(ClickKeyword.groovy:66)&#xa;	at com.kms.katalon.core.webui.keyword.builtin.ClickKeyword$_click_closure1.call(ClickKeyword.groovy)&#xa;	at com.kms.katalon.core.webui.keyword.internal.WebUIKeywordMain.runKeyword(WebUIKeywordMain.groovy:35)&#xa;	... 20 more&#xa;"/>
         <system-out><![CDATA[27-12-2024T07:12:39 - [TEST_CASE][FAILED] - Test Cases/Employee_Onboarding/TC_Employee_Job_Details: Test Cases/Employee_Onboarding/TC_Employee_Job_Details FAILED.
Reason:
com.kms.katalon.core.exception.StepFailedException: Unable to click on object 'Object Repository/Employee-Onboarding/Employee_Jobs/Page_OrangeHRM/i_-- Select --_oxd-icon bi-caret-up-fill ox_627fec_1_2_3'
	at com.kms.katalon.core.webui.keyword.internal.WebUIKeywordMain.stepFailed(WebUIKeywordMain.groovy:117)
	at com.kms.katalon.core.webui.keyword.internal.WebUIKeywordMain.runKeyword(WebUIKeywordMain.groovy:43)
	at com.kms.katalon.core.webui.keyword.builtin.ClickKeyword.click(ClickKeyword.groovy:75)
	at com.kms.katalon.core.webui.keyword.builtin.ClickKeyword.execute(ClickKeyword.groovy:40)
	at com.kms.katalon.core.keyword.internal.KeywordExecutor.executeKeywordForPlatform(KeywordExecutor.groovy:74)
	at com.kms.katalon.core.webui.keyword.WebUiBuiltInKeywords.click(WebUiBuiltInKeywords.groovy:696)
	at TC_Employee_Job_Details.run(TC_Employee_Job_Details:81)
	at com.kms.katalon.core.main.ScriptEngine.run(ScriptEngine.java:194)
	at com.kms.katalon.core.main.ScriptEngine.runScriptAsRawText(ScriptEngine.java:119)
	at com.kms.katalon.core.main.TestCaseExecutor.runScript(TestCaseExecutor.java:448)
	at com.kms.katalon.core.main.TestCaseExecutor.doExecute(TestCaseExecutor.java:439)
	at com.kms.katalon.core.main.TestCaseExecutor.processExecutionPhase(TestCaseExecutor.java:418)
	at com.kms.katalon.core.main.TestCaseExecutor.accessMainPhase(TestCaseExecutor.java:410)
	at com.kms.katalon.core.main.TestCaseExecutor.execute(TestCaseExecutor.java:285)
	at com.kms.katalon.core.common.CommonExecutor.accessTestCaseMainPhase(CommonExecutor.java:65)
	at com.kms.katalon.core.main.TestSuiteExecutor.accessTestSuiteMainPhase(TestSuiteExecutor.java:161)
	at com.kms.katalon.core.main.TestSuiteExecutor.execute(TestSuiteExecutor.java:107)
	at com.kms.katalon.core.main.TestCaseMain.startTestSuite(TestCaseMain.java:176)
	at TempTestSuite1735263398717.run(TempTestSuite1735263398717.groovy:35)
	at java.base/jdk.internal.reflect.NativeMethodAccessorImpl.invoke0(Native Method)
	at java.base/jdk.internal.reflect.NativeMethodAccessorImpl.invoke(NativeMethodAccessorImpl.java:77)
	at java.base/jdk.internal.reflect.DelegatingMethodAccessorImpl.invoke(DelegatingMethodAccessorImpl.java:43)
Caused by: org.openqa.selenium.WebDriverException: disconnected: not connected to DevTools
  (failed to check if window was closed: disconnected: not connected to DevTools)
  (Session info: chrome=131.0.6778.205)
Build info: version: '4.22.0', revision: 'c5f3146703'
System info: os.name: 'Mac OS X', os.arch: 'aarch64', os.version: '15.2', java.version: '17.0.7'
Driver info: com.kms.katalon.selenium.driver.CChromeDriver
Command: [81c375fdc73980b0150be4854699555f, findElements {using=xpath, value=//div[@id='app']/div/div[2]/div[2]/div/div/div/div[2]/div/form/div/div/div[6]/div/div[2]/div/div/div[2]/i}]
Capabilities {acceptInsecureCerts: false, browserName: chrome, browserVersion: 131.0.6778.205, chrome: {chromedriverVersion: 131.0.6778.85 (3d81e41b6f3a..., userDataDir: /var/folders/1j/l6215wsx1tb...}, fedcm:accounts: true, goog:chromeOptions: {debuggerAddress: localhost:49316}, networkConnectionEnabled: false, pageLoadStrategy: normal, platformName: mac, proxy: Proxy(), se:cdp: ws://localhost:49316/devtoo..., se:cdpVersion: 131.0.6778.205, setWindowRect: true, strictFileInteractability: false, timeouts: {implicit: 0, pageLoad: 300000, script: 30000}, unhandledPromptBehavior: ignore, webSocketUrl: ws://localhost:6763/session..., webauthn:extension:credBlob: true, webauthn:extension:largeBlob: true, webauthn:extension:minPinLength: true, webauthn:extension:prf: true, webauthn:virtualAuthenticators: true}
Session ID: 81c375fdc73980b0150be4854699555f
	at java.base/jdk.internal.reflect.NativeConstructorAccessorImpl.newInstance0(Native Method)
	at java.base/jdk.internal.reflect.NativeConstructorAccessorImpl.newInstance(NativeConstructorAccessorImpl.java:77)
	at java.base/jdk.internal.reflect.DelegatingConstructorAccessorImpl.newInstance(DelegatingConstructorAccessorImpl.java:45)
	at org.openqa.selenium.remote.ErrorCodec.decode(ErrorCodec.java:167)
	at org.openqa.selenium.remote.codec.w3c.W3CHttpResponseCodec.decode(W3CHttpResponseCodec.java:138)
	at org.openqa.selenium.remote.codec.w3c.W3CHttpResponseCodec.decode(W3CHttpResponseCodec.java:50)
	at org.openqa.selenium.remote.HttpCommandExecutor.execute(HttpCommandExecutor.java:190)
	at org.openqa.selenium.remote.service.DriverCommandExecutor.invokeExecute(DriverCommandExecutor.java:216)
	at org.openqa.selenium.remote.service.DriverCommandExecutor.execute(DriverCommandExecutor.java:174)
	at org.openqa.selenium.remote.RemoteWebDriver.execute(RemoteWebDriver.java:518)
	at org.openqa.selenium.remote.ElementLocation$ElementFinder$2.findElements(ElementLocation.java:182)
	at org.openqa.selenium.remote.ElementLocation.findElements(ElementLocation.java:103)
	at org.openqa.selenium.remote.RemoteWebDriver.findElements(RemoteWebDriver.java:368)
	at org.openqa.selenium.remote.RemoteWebDriver.findElements(RemoteWebDriver.java:362)
	at jdk.internal.reflect.GeneratedMethodAccessor19.invoke(Unknown Source)
	at java.base/jdk.internal.reflect.DelegatingMethodAccessorImpl.invoke(DelegatingMethodAccessorImpl.java:43)
	at org.openqa.selenium.support.decorators.WebDriverDecorator.call(WebDriverDecorator.java:249)
	at org.openqa.selenium.support.decorators.DefaultDecorated.call(DefaultDecorated.java:48)
	at org.openqa.selenium.support.decorators.WebDriverDecorator.lambda$createProxy$2(WebDriverDecorator.java:321)
	at org.openqa.selenium.remote.RemoteWebDriver$ByteBuddy$QYIudDZq.findElements(Unknown Source)
	at com.kms.katalon.core.webui.common.WebUiCommonHelper.findElementByNormalMethods(WebUiCommonHelper.java:1036)
	at com.kms.katalon.core.webui.common.WebUiCommonHelper.findElementsBySelectedMethod(WebUiCommonHelper.java:927)
	at com.kms.katalon.core.webui.common.WebUiCommonHelper.findElementsBySelectedMethod(WebUiCommonHelper.java:909)
	at com.kms.katalon.core.webui.common.WebUiCommonHelper.findElementsBySelectedMethod(WebUiCommonHelper.java:904)
	at com.kms.katalon.core.webui.common.WebUiCommonHelper.findElementsByDefault(WebUiCommonHelper.java:900)
	at com.kms.katalon.core.webui.common.WebUiCommonHelper.findElementsWithSelfHealing(WebUiCommonHelper.java:746)
	at com.kms.katalon.core.webui.common.WebUiCommonHelper.findWebElements(WebUiCommonHelper.java:730)
	at com.kms.katalon.core.webui.common.WebUiCommonHelper.findWebElement(WebUiCommonHelper.java:1416)
	at com.kms.katalon.core.webui.keyword.internal.WebUIAbstractKeyword.findWebElement(WebUIAbstractKeyword.groovy:27)
	at com.kms.katalon.core.webui.keyword.builtin.ClickKeyword$_click_closure1.doCall(ClickKeyword.groovy:66)
	at com.kms.katalon.core.webui.keyword.builtin.ClickKeyword$_click_closure1.call(ClickKeyword.groovy)
	at com.kms.katalon.core.webui.keyword.internal.WebUIKeywordMain.runKeyword(WebUIKeywordMain.groovy:35)
	... 20 more


27-12-2024T07:12:39 - [TEST_STEP][PASSED] - comment("Step 1: Click on the "PIM" tab to access the Employee Management section"): Step 1: Click on the "PIM" tab to access the Employee Management section

27-12-2024T07:12:39 - [MESSAGE][INFO] - Step 1: Click on the "PIM" tab to access the Employee Management section

27-12-2024T07:12:39 - [TEST_STEP][PASSED] - click(findTestObject("Object Repository/Employee-Onboarding/Employee_Jobs/Page_OrangeHRM/a_PIM")): Object: 'Object Repository/Employee-Onboarding/Employee_Jobs/Page_OrangeHRM/a_PIM' is clicked on

27-12-2024T07:12:42 - [MESSAGE][PASSED] - Object: 'Object Repository/Employee-Onboarding/Employee_Jobs/Page_OrangeHRM/a_PIM' is clicked on

27-12-2024T07:12:42 - [TEST_STEP][PASSED] - comment("Step 2: Set the employee name "Alice Johnson" in the search input field"): Step 2: Set the employee name "Alice Johnson" in the search input field

27-12-2024T07:12:42 - [MESSAGE][INFO] - Step 2: Set the employee name "Alice Johnson" in the search input field

27-12-2024T07:12:42 - [TEST_STEP][PASSED] - setText(findTestObject("Object Repository/Employee-Onboarding/Employee_Jobs/Page_OrangeHRM/input"), Fullname): Text 'Zachary Dean' is set on object 'Object Repository/Employee-Onboarding/Employee_Jobs/Page_OrangeHRM/input'

27-12-2024T07:12:44 - [MESSAGE][PASSED] - Text 'Zachary Dean' is set on object 'Object Repository/Employee-Onboarding/Employee_Jobs/Page_OrangeHRM/input'

27-12-2024T07:12:44 - [TEST_STEP][PASSED] - comment("Step 3: Click the "Search" button to search for the employee"): Step 3: Click the "Search" button to search for the employee

27-12-2024T07:12:44 - [MESSAGE][INFO] - Step 3: Click the "Search" button to search for the employee

27-12-2024T07:12:44 - [TEST_STEP][PASSED] - click(findTestObject("Object Repository/Employee-Onboarding/Employee_Jobs/Page_OrangeHRM/button_Search")): Object: 'Object Repository/Employee-Onboarding/Employee_Jobs/Page_OrangeHRM/button_Search' is clicked on

27-12-2024T07:12:44 - [MESSAGE][PASSED] - Object: 'Object Repository/Employee-Onboarding/Employee_Jobs/Page_OrangeHRM/button_Search' is clicked on

27-12-2024T07:12:44 - [TEST_STEP][PASSED] - comment("Step 1: Select the employee record by clicking on the employee ID"): Step 1: Select the employee record by clicking on the employee ID

27-12-2024T07:12:44 - [MESSAGE][INFO] - Step 1: Select the employee record by clicking on the employee ID

27-12-2024T07:12:44 - [TEST_STEP][PASSED] - click(findTestObject("Object Repository/Employee-Onboarding/Employee_Jobs/Page_OrangeHRM/div_0034008")): Object: 'Object Repository/Employee-Onboarding/Employee_Jobs/Page_OrangeHRM/div_0034008' is clicked on

27-12-2024T07:12:46 - [MESSAGE][PASSED] - Object: 'Object Repository/Employee-Onboarding/Employee_Jobs/Page_OrangeHRM/div_0034008' is clicked on

27-12-2024T07:12:46 - [TEST_STEP][PASSED] - comment("Step 2: Click on the "Job" tab in the employee details section"): Step 2: Click on the "Job" tab in the employee details section

27-12-2024T07:12:46 - [MESSAGE][INFO] - Step 2: Click on the "Job" tab in the employee details section

27-12-2024T07:12:46 - [TEST_STEP][PASSED] - click(findTestObject("Object Repository/Employee-Onboarding/Employee_Jobs/Page_OrangeHRM/a_Job")): Object: 'Object Repository/Employee-Onboarding/Employee_Jobs/Page_OrangeHRM/a_Job' is clicked on

27-12-2024T07:12:49 - [MESSAGE][PASSED] - Object: 'Object Repository/Employee-Onboarding/Employee_Jobs/Page_OrangeHRM/a_Job' is clicked on

27-12-2024T07:12:49 - [TEST_STEP][PASSED] - comment("Step 3: Open the date picker for "Joined Date""): Step 3: Open the date picker for "Joined Date"

27-12-2024T07:12:49 - [MESSAGE][INFO] - Step 3: Open the date picker for "Joined Date"

27-12-2024T07:12:49 - [TEST_STEP][PASSED] - click(findTestObject("Object Repository/Employee-Onboarding/Employee_Jobs/Page_OrangeHRM/i_Joined Date_oxd-icon bi-calendar oxd-date_38329e")): Object: 'Object Repository/Employee-Onboarding/Employee_Jobs/Page_OrangeHRM/i_Joined Date_oxd-icon bi-calendar oxd-date_38329e' is clicked on

27-12-2024T07:12:51 - [MESSAGE][PASSED] - Object: 'Object Repository/Employee-Onboarding/Employee_Jobs/Page_OrangeHRM/i_Joined Date_oxd-icon bi-calendar oxd-date_38329e' is clicked on

27-12-2024T07:12:51 - [TEST_STEP][PASSED] - comment("Step 4: Select the 31st as the "Joined Date""): Step 4: Select the 31st as the "Joined Date"

27-12-2024T07:12:51 - [MESSAGE][INFO] - Step 4: Select the 31st as the "Joined Date"

27-12-2024T07:12:51 - [TEST_STEP][PASSED] - click(findTestObject("Object Repository/Employee-Onboarding/Employee_Jobs/Page_OrangeHRM/div_31")): Object: 'Object Repository/Employee-Onboarding/Employee_Jobs/Page_OrangeHRM/div_31' is clicked on

27-12-2024T07:12:51 - [MESSAGE][PASSED] - Object: 'Object Repository/Employee-Onboarding/Employee_Jobs/Page_OrangeHRM/div_31' is clicked on

27-12-2024T07:12:51 - [TEST_STEP][PASSED] - comment("Step 5: Open the dropdown menu to make selections (e.g., job title, employment type)"): Step 5: Open the dropdown menu to make selections (e.g., job title, employment type)

27-12-2024T07:12:51 - [MESSAGE][INFO] - Step 5: Open the dropdown menu to make selections (e.g., job title, employment type)

27-12-2024T07:12:51 - [TEST_STEP][PASSED] - click(findTestObject("Object Repository/Employee-Onboarding/Employee_Jobs/Page_OrangeHRM/i_-- Select --_oxd-icon bi-caret-up-fill ox_627fec")): Object: 'Object Repository/Employee-Onboarding/Employee_Jobs/Page_OrangeHRM/i_-- Select --_oxd-icon bi-caret-up-fill ox_627fec' is clicked on

27-12-2024T07:12:52 - [MESSAGE][PASSED] - Object: 'Object Repository/Employee-Onboarding/Employee_Jobs/Page_OrangeHRM/i_-- Select --_oxd-icon bi-caret-up-fill ox_627fec' is clicked on

27-12-2024T07:12:52 - [TEST_STEP][PASSED] - click(findTestObject("Employee-Onboarding/Employee_Salary_Detail_Objects/Page_OrangeHRM/custom_object_for_dropdown", ["value":Job_Title])): Object: 'Object Repository/Employee-Onboarding/Employee_Salary_Detail_Objects/Page_OrangeHRM/custom_object_for_dropdown' is clicked on

27-12-2024T07:12:52 - [MESSAGE][PASSED] - Object: 'Object Repository/Employee-Onboarding/Employee_Salary_Detail_Objects/Page_OrangeHRM/custom_object_for_dropdown' is clicked on

27-12-2024T07:12:52 - [TEST_STEP][PASSED] - comment("Step 6: Select the desired job option from the dropdown"): Step 6: Select the desired job option from the dropdown

27-12-2024T07:12:52 - [MESSAGE][INFO] - Step 6: Select the desired job option from the dropdown

27-12-2024T07:12:52 - [TEST_STEP][PASSED] - click(findTestObject("Object Repository/Employee-Onboarding/Employee_Jobs/Page_OrangeHRM/i_-- Select --_oxd-icon bi-caret-up-fill ox_627fec_1")): Object: 'Object Repository/Employee-Onboarding/Employee_Jobs/Page_OrangeHRM/i_-- Select --_oxd-icon bi-caret-up-fill ox_627fec_1' is clicked on

27-12-2024T07:12:52 - [MESSAGE][PASSED] - Object: 'Object Repository/Employee-Onboarding/Employee_Jobs/Page_OrangeHRM/i_-- Select --_oxd-icon bi-caret-up-fill ox_627fec_1' is clicked on

27-12-2024T07:12:52 - [TEST_STEP][PASSED] - click(findTestObject("Employee-Onboarding/Employee_Salary_Detail_Objects/Page_OrangeHRM/custom_object_for_dropdown", ["value":Job_Category])): Object: 'Object Repository/Employee-Onboarding/Employee_Salary_Detail_Objects/Page_OrangeHRM/custom_object_for_dropdown' is clicked on

27-12-2024T07:12:53 - [MESSAGE][PASSED] - Object: 'Object Repository/Employee-Onboarding/Employee_Salary_Detail_Objects/Page_OrangeHRM/custom_object_for_dropdown' is clicked on

27-12-2024T07:12:53 - [TEST_STEP][PASSED] - comment("Step 7: Select the desired job category from the dropdown"): Step 7: Select the desired job category from the dropdown

27-12-2024T07:12:53 - [MESSAGE][INFO] - Step 7: Select the desired job category from the dropdown

27-12-2024T07:12:53 - [TEST_STEP][PASSED] - click(findTestObject("Object Repository/Employee-Onboarding/Employee_Jobs/Page_OrangeHRM/i_-- Select --_oxd-icon bi-caret-up-fill ox_627fec_1_2")): Object: 'Object Repository/Employee-Onboarding/Employee_Jobs/Page_OrangeHRM/i_-- Select --_oxd-icon bi-caret-up-fill ox_627fec_1_2' is clicked on

27-12-2024T07:12:53 - [MESSAGE][PASSED] - Object: 'Object Repository/Employee-Onboarding/Employee_Jobs/Page_OrangeHRM/i_-- Select --_oxd-icon bi-caret-up-fill ox_627fec_1_2' is clicked on

27-12-2024T07:12:53 - [TEST_STEP][PASSED] - click(findTestObject("Employee-Onboarding/Employee_Salary_Detail_Objects/Page_OrangeHRM/custom_object_for_dropdown", ["value":Sub_Unit])): Object: 'Object Repository/Employee-Onboarding/Employee_Salary_Detail_Objects/Page_OrangeHRM/custom_object_for_dropdown' is clicked on

27-12-2024T07:12:54 - [MESSAGE][PASSED] - Object: 'Object Repository/Employee-Onboarding/Employee_Salary_Detail_Objects/Page_OrangeHRM/custom_object_for_dropdown' is clicked on

27-12-2024T07:12:54 - [TEST_STEP][PASSED] - comment("Step 8: Select the desired sub-category from the dropdown"): Step 8: Select the desired sub-category from the dropdown

27-12-2024T07:12:54 - [MESSAGE][INFO] - Step 8: Select the desired sub-category from the dropdown

27-12-2024T07:12:54 - [TEST_STEP][FAILED] - click(findTestObject("Object Repository/Employee-Onboarding/Employee_Jobs/Page_OrangeHRM/i_-- Select --_oxd-icon bi-caret-up-fill ox_627fec_1_2_3")): Unable to click on object 'Object Repository/Employee-Onboarding/Employee_Jobs/Page_OrangeHRM/i_-- Select --_oxd-icon bi-caret-up-fill ox_627fec_1_2_3' (Root cause: com.kms.katalon.core.exception.StepFailedException: Unable to click on object 'Object Repository/Employee-Onboarding/Employee_Jobs/Page_OrangeHRM/i_-- Select --_oxd-icon bi-caret-up-fill ox_627fec_1_2_3'
	at com.kms.katalon.core.webui.keyword.internal.WebUIKeywordMain.stepFailed(WebUIKeywordMain.groovy:117)
	at com.kms.katalon.core.webui.keyword.internal.WebUIKeywordMain.runKeyword(WebUIKeywordMain.groovy:43)
	at com.kms.katalon.core.webui.keyword.builtin.ClickKeyword.click(ClickKeyword.groovy:75)
	at com.kms.katalon.core.webui.keyword.builtin.ClickKeyword.execute(ClickKeyword.groovy:40)
	at com.kms.katalon.core.keyword.internal.KeywordExecutor.executeKeywordForPlatform(KeywordExecutor.groovy:74)
	at com.kms.katalon.core.webui.keyword.WebUiBuiltInKeywords.click(WebUiBuiltInKeywords.groovy:696)
	at TC_Employee_Job_Details.run(TC_Employee_Job_Details:81)
	at com.kms.katalon.core.main.ScriptEngine.run(ScriptEngine.java:194)
	at com.kms.katalon.core.main.ScriptEngine.runScriptAsRawText(ScriptEngine.java:119)
	at com.kms.katalon.core.main.TestCaseExecutor.runScript(TestCaseExecutor.java:448)
	at com.kms.katalon.core.main.TestCaseExecutor.doExecute(TestCaseExecutor.java:439)
	at com.kms.katalon.core.main.TestCaseExecutor.processExecutionPhase(TestCaseExecutor.java:418)
	at com.kms.katalon.core.main.TestCaseExecutor.accessMainPhase(TestCaseExecutor.java:410)
	at com.kms.katalon.core.main.TestCaseExecutor.execute(TestCaseExecutor.java:285)
	at com.kms.katalon.core.common.CommonExecutor.accessTestCaseMainPhase(CommonExecutor.java:65)
	at com.kms.katalon.core.main.TestSuiteExecutor.accessTestSuiteMainPhase(TestSuiteExecutor.java:161)
	at com.kms.katalon.core.main.TestSuiteExecutor.execute(TestSuiteExecutor.java:107)
	at com.kms.katalon.core.main.TestCaseMain.startTestSuite(TestCaseMain.java:176)
	at TempTestSuite1735263398717.run(TempTestSuite1735263398717.groovy:35)
	at java.base/jdk.internal.reflect.NativeMethodAccessorImpl.invoke0(Native Method)
	at java.base/jdk.internal.reflect.NativeMethodAccessorImpl.invoke(NativeMethodAccessorImpl.java:77)
	at java.base/jdk.internal.reflect.DelegatingMethodAccessorImpl.invoke(DelegatingMethodAccessorImpl.java:43)
Caused by: org.openqa.selenium.WebDriverException: disconnected: not connected to DevTools
  (failed to check if window was closed: disconnected: not connected to DevTools)
  (Session info: chrome=131.0.6778.205)
Build info: version: '4.22.0', revision: 'c5f3146703'
System info: os.name: 'Mac OS X', os.arch: 'aarch64', os.version: '15.2', java.version: '17.0.7'
Driver info: com.kms.katalon.selenium.driver.CChromeDriver
Command: [81c375fdc73980b0150be4854699555f, findElements {using=xpath, value=//div[@id='app']/div/div[2]/div[2]/div/div/div/div[2]/div/form/div/div/div[6]/div/div[2]/div/div/div[2]/i}]
Capabilities {acceptInsecureCerts: false, browserName: chrome, browserVersion: 131.0.6778.205, chrome: {chromedriverVersion: 131.0.6778.85 (3d81e41b6f3a..., userDataDir: /var/folders/1j/l6215wsx1tb...}, fedcm:accounts: true, goog:chromeOptions: {debuggerAddress: localhost:49316}, networkConnectionEnabled: false, pageLoadStrategy: normal, platformName: mac, proxy: Proxy(), se:cdp: ws://localhost:49316/devtoo..., se:cdpVersion: 131.0.6778.205, setWindowRect: true, strictFileInteractability: false, timeouts: {implicit: 0, pageLoad: 300000, script: 30000}, unhandledPromptBehavior: ignore, webSocketUrl: ws://localhost:6763/session..., webauthn:extension:credBlob: true, webauthn:extension:largeBlob: true, webauthn:extension:minPinLength: true, webauthn:extension:prf: true, webauthn:virtualAuthenticators: true}
Session ID: 81c375fdc73980b0150be4854699555f
	at java.base/jdk.internal.reflect.NativeConstructorAccessorImpl.newInstance0(Native Method)
	at java.base/jdk.internal.reflect.NativeConstructorAccessorImpl.newInstance(NativeConstructorAccessorImpl.java:77)
	at java.base/jdk.internal.reflect.DelegatingConstructorAccessorImpl.newInstance(DelegatingConstructorAccessorImpl.java:45)
	at org.openqa.selenium.remote.ErrorCodec.decode(ErrorCodec.java:167)
	at org.openqa.selenium.remote.codec.w3c.W3CHttpResponseCodec.decode(W3CHttpResponseCodec.java:138)
	at org.openqa.selenium.remote.codec.w3c.W3CHttpResponseCodec.decode(W3CHttpResponseCodec.java:50)
	at org.openqa.selenium.remote.HttpCommandExecutor.execute(HttpCommandExecutor.java:190)
	at org.openqa.selenium.remote.service.DriverCommandExecutor.invokeExecute(DriverCommandExecutor.java:216)
	at org.openqa.selenium.remote.service.DriverCommandExecutor.execute(DriverCommandExecutor.java:174)
	at org.openqa.selenium.remote.RemoteWebDriver.execute(RemoteWebDriver.java:518)
	at org.openqa.selenium.remote.ElementLocation$ElementFinder$2.findElements(ElementLocation.java:182)
	at org.openqa.selenium.remote.ElementLocation.findElements(ElementLocation.java:103)
	at org.openqa.selenium.remote.RemoteWebDriver.findElements(RemoteWebDriver.java:368)
	at org.openqa.selenium.remote.RemoteWebDriver.findElements(RemoteWebDriver.java:362)
	at jdk.internal.reflect.GeneratedMethodAccessor19.invoke(Unknown Source)
	at java.base/jdk.internal.reflect.DelegatingMethodAccessorImpl.invoke(DelegatingMethodAccessorImpl.java:43)
	at org.openqa.selenium.support.decorators.WebDriverDecorator.call(WebDriverDecorator.java:249)
	at org.openqa.selenium.support.decorators.DefaultDecorated.call(DefaultDecorated.java:48)
	at org.openqa.selenium.support.decorators.WebDriverDecorator.lambda$createProxy$2(WebDriverDecorator.java:321)
	at org.openqa.selenium.remote.RemoteWebDriver$ByteBuddy$QYIudDZq.findElements(Unknown Source)
	at com.kms.katalon.core.webui.common.WebUiCommonHelper.findElementByNormalMethods(WebUiCommonHelper.java:1036)
	at com.kms.katalon.core.webui.common.WebUiCommonHelper.findElementsBySelectedMethod(WebUiCommonHelper.java:927)
	at com.kms.katalon.core.webui.common.WebUiCommonHelper.findElementsBySelectedMethod(WebUiCommonHelper.java:909)
	at com.kms.katalon.core.webui.common.WebUiCommonHelper.findElementsBySelectedMethod(WebUiCommonHelper.java:904)
	at com.kms.katalon.core.webui.common.WebUiCommonHelper.findElementsByDefault(WebUiCommonHelper.java:900)
	at com.kms.katalon.core.webui.common.WebUiCommonHelper.findElementsWithSelfHealing(WebUiCommonHelper.java:746)
	at com.kms.katalon.core.webui.common.WebUiCommonHelper.findWebElements(WebUiCommonHelper.java:730)
	at com.kms.katalon.core.webui.common.WebUiCommonHelper.findWebElement(WebUiCommonHelper.java:1416)
	at com.kms.katalon.core.webui.keyword.internal.WebUIAbstractKeyword.findWebElement(WebUIAbstractKeyword.groovy:27)
	at com.kms.katalon.core.webui.keyword.builtin.ClickKeyword$_click_closure1.doCall(ClickKeyword.groovy:66)
	at com.kms.katalon.core.webui.keyword.builtin.ClickKeyword$_click_closure1.call(ClickKeyword.groovy)
	at com.kms.katalon.core.webui.keyword.internal.WebUIKeywordMain.runKeyword(WebUIKeywordMain.groovy:35)
	at com.kms.katalon.core.webui.keyword.builtin.ClickKeyword.click(ClickKeyword.groovy:75)
	at com.kms.katalon.core.webui.keyword.builtin.ClickKeyword.execute(ClickKeyword.groovy:40)
	at com.kms.katalon.core.keyword.internal.KeywordExecutor.executeKeywordForPlatform(KeywordExecutor.groovy:74)
	at com.kms.katalon.core.webui.keyword.WebUiBuiltInKeywords.click(WebUiBuiltInKeywords.groovy:696)
	at Script1734948563457.run(Script1734948563457.groovy:81)
	... 15 more
)

27-12-2024T07:12:54 - [MESSAGE][WARNING] - [SELF-HEALING] Failed to find element with id 'Object Repository/Employee-Onboarding/Employee_Jobs/Page_OrangeHRM/i_-- Select --_oxd-icon bi-caret-up-fill ox_627fec_1_2_3'. Try using Self-healing.

27-12-2024T07:12:54 - [MESSAGE][WARNING] - [SELF-HEALING] disconnected: not connected to DevTools
  (failed to check if window was closed: disconnected: not connected to DevTools)
  (Session info: chrome=131.0.6778.205)
Build info: version: '4.22.0', revision: 'c5f3146703'
System info: os.name: 'Mac OS X', os.arch: 'aarch64', os.version: '15.2', java.version: '17.0.7'
Driver info: com.kms.katalon.selenium.driver.CChromeDriver
Command: [81c375fdc73980b0150be4854699555f, findElements {using=xpath, value=//div[@id='app']/div/div[2]/div[2]/div/div/div/div[2]/div/form/div/div/div[6]/div/div[2]/div/div/div[2]/i}]
Capabilities {acceptInsecureCerts: false, browserName: chrome, browserVersion: 131.0.6778.205, chrome: {chromedriverVersion: 131.0.6778.85 (3d81e41b6f3a..., userDataDir: /var/folders/1j/l6215wsx1tb...}, fedcm:accounts: true, goog:chromeOptions: {debuggerAddress: localhost:49316}, networkConnectionEnabled: false, pageLoadStrategy: normal, platformName: mac, proxy: Proxy(), se:cdp: ws://localhost:49316/devtoo..., se:cdpVersion: 131.0.6778.205, setWindowRect: true, strictFileInteractability: false, timeouts: {implicit: 0, pageLoad: 300000, script: 30000}, unhandledPromptBehavior: ignore, webSocketUrl: ws://localhost:6763/session..., webauthn:extension:credBlob: true, webauthn:extension:largeBlob: true, webauthn:extension:minPinLength: true, webauthn:extension:prf: true, webauthn:virtualAuthenticators: true}
Session ID: 81c375fdc73980b0150be4854699555f

27-12-2024T07:12:55 - [MESSAGE][WARNING] - [SELF-HEALING] disconnected: not connected to DevTools
  (failed to check if window was closed: disconnected: not connected to DevTools)
  (Session info: chrome=131.0.6778.205)
Build info: version: '4.22.0', revision: 'c5f3146703'
System info: os.name: 'Mac OS X', os.arch: 'aarch64', os.version: '15.2', java.version: '17.0.7'
Driver info: com.kms.katalon.selenium.driver.CChromeDriver
Command: [81c375fdc73980b0150be4854699555f, findElements {using=xpath, value=id("app")/div[@class="oxd-layout orangehrm-upgrade-layout"]/div[@class="oxd-layout-container"]/div[@class="oxd-layout-context"]/div[@class="orangehrm-background-container"]/div[@class="orangehrm-card-container"]/div[@class="orangehrm-edit-employee"]/div[@class="orangehrm-edit-employee-content"]/div[@class="orangehrm-horizontal-padding orangehrm-vertical-padding"]/form[@class="oxd-form"]/div[@class="oxd-form-row"]/div[@class="oxd-grid-3 orangehrm-full-width-grid"]/div[@class="oxd-grid-item oxd-grid-item--gutters"]/div[@class="oxd-input-group oxd-input-field-bottom-space"]/div[2]/div[@class="oxd-select-wrapper"]/div[@class="oxd-select-text oxd-select-text--focus"]/div[@class="oxd-select-text--after"]/i[@class="oxd-icon bi-caret-up-fill oxd-select-text--arrow"]}]
Capabilities {acceptInsecureCerts: false, browserName: chrome, browserVersion: 131.0.6778.205, chrome: {chromedriverVersion: 131.0.6778.85 (3d81e41b6f3a..., userDataDir: /var/folders/1j/l6215wsx1tb...}, fedcm:accounts: true, goog:chromeOptions: {debuggerAddress: localhost:49316}, networkConnectionEnabled: false, pageLoadStrategy: normal, platformName: mac, proxy: Proxy(), se:cdp: ws://localhost:49316/devtoo..., se:cdpVersion: 131.0.6778.205, setWindowRect: true, strictFileInteractability: false, timeouts: {implicit: 0, pageLoad: 300000, script: 30000}, unhandledPromptBehavior: ignore, webSocketUrl: ws://localhost:6763/session..., webauthn:extension:credBlob: true, webauthn:extension:largeBlob: true, webauthn:extension:minPinLength: true, webauthn:extension:prf: true, webauthn:virtualAuthenticators: true}
Session ID: 81c375fdc73980b0150be4854699555f

27-12-2024T07:12:55 - [MESSAGE][WARNING] - [SELF-HEALING] disconnected: not connected to DevTools
  (failed to check if window was closed: disconnected: not connected to DevTools)
  (Session info: chrome=131.0.6778.205)
Build info: version: '4.22.0', revision: 'c5f3146703'
System info: os.name: 'Mac OS X', os.arch: 'aarch64', os.version: '15.2', java.version: '17.0.7'
Driver info: com.kms.katalon.selenium.driver.CChromeDriver
Command: [81c375fdc73980b0150be4854699555f, findElements {using=css selector, value=i.oxd-icon.bi-caret-up-fill.oxd-select-text--arrow}]
Capabilities {acceptInsecureCerts: false, browserName: chrome, browserVersion: 131.0.6778.205, chrome: {chromedriverVersion: 131.0.6778.85 (3d81e41b6f3a..., userDataDir: /var/folders/1j/l6215wsx1tb...}, fedcm:accounts: true, goog:chromeOptions: {debuggerAddress: localhost:49316}, networkConnectionEnabled: false, pageLoadStrategy: normal, platformName: mac, proxy: Proxy(), se:cdp: ws://localhost:49316/devtoo..., se:cdpVersion: 131.0.6778.205, setWindowRect: true, strictFileInteractability: false, timeouts: {implicit: 0, pageLoad: 300000, script: 30000}, unhandledPromptBehavior: ignore, webSocketUrl: ws://localhost:6763/session..., webauthn:extension:credBlob: true, webauthn:extension:largeBlob: true, webauthn:extension:minPinLength: true, webauthn:extension:prf: true, webauthn:virtualAuthenticators: true}
Session ID: 81c375fdc73980b0150be4854699555f

27-12-2024T07:12:55 - [MESSAGE][WARNING] - Cannot take screenshot

27-12-2024T07:12:55 - [MESSAGE][FAILED] - Unable to click on object 'Object Repository/Employee-Onboarding/Employee_Jobs/Page_OrangeHRM/i_-- Select --_oxd-icon bi-caret-up-fill ox_627fec_1_2_3' (Root cause: com.kms.katalon.core.exception.StepFailedException: Unable to click on object 'Object Repository/Employee-Onboarding/Employee_Jobs/Page_OrangeHRM/i_-- Select --_oxd-icon bi-caret-up-fill ox_627fec_1_2_3'
	at com.kms.katalon.core.webui.keyword.internal.WebUIKeywordMain.stepFailed(WebUIKeywordMain.groovy:117)
	at com.kms.katalon.core.webui.keyword.internal.WebUIKeywordMain.runKeyword(WebUIKeywordMain.groovy:43)
	at com.kms.katalon.core.webui.keyword.builtin.ClickKeyword.click(ClickKeyword.groovy:75)
	at com.kms.katalon.core.webui.keyword.builtin.ClickKeyword.execute(ClickKeyword.groovy:40)
	at com.kms.katalon.core.keyword.internal.KeywordExecutor.executeKeywordForPlatform(KeywordExecutor.groovy:74)
	at com.kms.katalon.core.webui.keyword.WebUiBuiltInKeywords.click(WebUiBuiltInKeywords.groovy:696)
	at TC_Employee_Job_Details.run(TC_Employee_Job_Details:81)
	at com.kms.katalon.core.main.ScriptEngine.run(ScriptEngine.java:194)
	at com.kms.katalon.core.main.ScriptEngine.runScriptAsRawText(ScriptEngine.java:119)
	at com.kms.katalon.core.main.TestCaseExecutor.runScript(TestCaseExecutor.java:448)
	at com.kms.katalon.core.main.TestCaseExecutor.doExecute(TestCaseExecutor.java:439)
	at com.kms.katalon.core.main.TestCaseExecutor.processExecutionPhase(TestCaseExecutor.java:418)
	at com.kms.katalon.core.main.TestCaseExecutor.accessMainPhase(TestCaseExecutor.java:410)
	at com.kms.katalon.core.main.TestCaseExecutor.execute(TestCaseExecutor.java:285)
	at com.kms.katalon.core.common.CommonExecutor.accessTestCaseMainPhase(CommonExecutor.java:65)
	at com.kms.katalon.core.main.TestSuiteExecutor.accessTestSuiteMainPhase(TestSuiteExecutor.java:161)
	at com.kms.katalon.core.main.TestSuiteExecutor.execute(TestSuiteExecutor.java:107)
	at com.kms.katalon.core.main.TestCaseMain.startTestSuite(TestCaseMain.java:176)
	at TempTestSuite1735263398717.run(TempTestSuite1735263398717.groovy:35)
	at java.base/jdk.internal.reflect.NativeMethodAccessorImpl.invoke0(Native Method)
	at java.base/jdk.internal.reflect.NativeMethodAccessorImpl.invoke(NativeMethodAccessorImpl.java:77)
	at java.base/jdk.internal.reflect.DelegatingMethodAccessorImpl.invoke(DelegatingMethodAccessorImpl.java:43)
Caused by: org.openqa.selenium.WebDriverException: disconnected: not connected to DevTools
  (failed to check if window was closed: disconnected: not connected to DevTools)
  (Session info: chrome=131.0.6778.205)
Build info: version: '4.22.0', revision: 'c5f3146703'
System info: os.name: 'Mac OS X', os.arch: 'aarch64', os.version: '15.2', java.version: '17.0.7'
Driver info: com.kms.katalon.selenium.driver.CChromeDriver
Command: [81c375fdc73980b0150be4854699555f, findElements {using=xpath, value=//div[@id='app']/div/div[2]/div[2]/div/div/div/div[2]/div/form/div/div/div[6]/div/div[2]/div/div/div[2]/i}]
Capabilities {acceptInsecureCerts: false, browserName: chrome, browserVersion: 131.0.6778.205, chrome: {chromedriverVersion: 131.0.6778.85 (3d81e41b6f3a..., userDataDir: /var/folders/1j/l6215wsx1tb...}, fedcm:accounts: true, goog:chromeOptions: {debuggerAddress: localhost:49316}, networkConnectionEnabled: false, pageLoadStrategy: normal, platformName: mac, proxy: Proxy(), se:cdp: ws://localhost:49316/devtoo..., se:cdpVersion: 131.0.6778.205, setWindowRect: true, strictFileInteractability: false, timeouts: {implicit: 0, pageLoad: 300000, script: 30000}, unhandledPromptBehavior: ignore, webSocketUrl: ws://localhost:6763/session..., webauthn:extension:credBlob: true, webauthn:extension:largeBlob: true, webauthn:extension:minPinLength: true, webauthn:extension:prf: true, webauthn:virtualAuthenticators: true}
Session ID: 81c375fdc73980b0150be4854699555f
	at java.base/jdk.internal.reflect.NativeConstructorAccessorImpl.newInstance0(Native Method)
	at java.base/jdk.internal.reflect.NativeConstructorAccessorImpl.newInstance(NativeConstructorAccessorImpl.java:77)
	at java.base/jdk.internal.reflect.DelegatingConstructorAccessorImpl.newInstance(DelegatingConstructorAccessorImpl.java:45)
	at org.openqa.selenium.remote.ErrorCodec.decode(ErrorCodec.java:167)
	at org.openqa.selenium.remote.codec.w3c.W3CHttpResponseCodec.decode(W3CHttpResponseCodec.java:138)
	at org.openqa.selenium.remote.codec.w3c.W3CHttpResponseCodec.decode(W3CHttpResponseCodec.java:50)
	at org.openqa.selenium.remote.HttpCommandExecutor.execute(HttpCommandExecutor.java:190)
	at org.openqa.selenium.remote.service.DriverCommandExecutor.invokeExecute(DriverCommandExecutor.java:216)
	at org.openqa.selenium.remote.service.DriverCommandExecutor.execute(DriverCommandExecutor.java:174)
	at org.openqa.selenium.remote.RemoteWebDriver.execute(RemoteWebDriver.java:518)
	at org.openqa.selenium.remote.ElementLocation$ElementFinder$2.findElements(ElementLocation.java:182)
	at org.openqa.selenium.remote.ElementLocation.findElements(ElementLocation.java:103)
	at org.openqa.selenium.remote.RemoteWebDriver.findElements(RemoteWebDriver.java:368)
	at org.openqa.selenium.remote.RemoteWebDriver.findElements(RemoteWebDriver.java:362)
	at jdk.internal.reflect.GeneratedMethodAccessor19.invoke(Unknown Source)
	at java.base/jdk.internal.reflect.DelegatingMethodAccessorImpl.invoke(DelegatingMethodAccessorImpl.java:43)
	at org.openqa.selenium.support.decorators.WebDriverDecorator.call(WebDriverDecorator.java:249)
	at org.openqa.selenium.support.decorators.DefaultDecorated.call(DefaultDecorated.java:48)
	at org.openqa.selenium.support.decorators.WebDriverDecorator.lambda$createProxy$2(WebDriverDecorator.java:321)
	at org.openqa.selenium.remote.RemoteWebDriver$ByteBuddy$QYIudDZq.findElements(Unknown Source)
	at com.kms.katalon.core.webui.common.WebUiCommonHelper.findElementByNormalMethods(WebUiCommonHelper.java:1036)
	at com.kms.katalon.core.webui.common.WebUiCommonHelper.findElementsBySelectedMethod(WebUiCommonHelper.java:927)
	at com.kms.katalon.core.webui.common.WebUiCommonHelper.findElementsBySelectedMethod(WebUiCommonHelper.java:909)
	at com.kms.katalon.core.webui.common.WebUiCommonHelper.findElementsBySelectedMethod(WebUiCommonHelper.java:904)
	at com.kms.katalon.core.webui.common.WebUiCommonHelper.findElementsByDefault(WebUiCommonHelper.java:900)
	at com.kms.katalon.core.webui.common.WebUiCommonHelper.findElementsWithSelfHealing(WebUiCommonHelper.java:746)
	at com.kms.katalon.core.webui.common.WebUiCommonHelper.findWebElements(WebUiCommonHelper.java:730)
	at com.kms.katalon.core.webui.common.WebUiCommonHelper.findWebElement(WebUiCommonHelper.java:1416)
	at com.kms.katalon.core.webui.keyword.internal.WebUIAbstractKeyword.findWebElement(WebUIAbstractKeyword.groovy:27)
	at com.kms.katalon.core.webui.keyword.builtin.ClickKeyword$_click_closure1.doCall(ClickKeyword.groovy:66)
	at com.kms.katalon.core.webui.keyword.builtin.ClickKeyword$_click_closure1.call(ClickKeyword.groovy)
	at com.kms.katalon.core.webui.keyword.internal.WebUIKeywordMain.runKeyword(WebUIKeywordMain.groovy:35)
	at com.kms.katalon.core.webui.keyword.builtin.ClickKeyword.click(ClickKeyword.groovy:75)
	at com.kms.katalon.core.webui.keyword.builtin.ClickKeyword.execute(ClickKeyword.groovy:40)
	at com.kms.katalon.core.keyword.internal.KeywordExecutor.executeKeywordForPlatform(KeywordExecutor.groovy:74)
	at com.kms.katalon.core.webui.keyword.WebUiBuiltInKeywords.click(WebUiBuiltInKeywords.groovy:696)
	at Script1734948563457.run(Script1734948563457.groovy:81)
	... 15 more
)]]></system-out>
         <system-err><![CDATA[27-12-2024T07:12:39 - [TEST_CASE][FAILED] - Test Cases/Employee_Onboarding/TC_Employee_Job_Details: Test Cases/Employee_Onboarding/TC_Employee_Job_Details FAILED.
Reason:
com.kms.katalon.core.exception.StepFailedException: Unable to click on object 'Object Repository/Employee-Onboarding/Employee_Jobs/Page_OrangeHRM/i_-- Select --_oxd-icon bi-caret-up-fill ox_627fec_1_2_3'
	at com.kms.katalon.core.webui.keyword.internal.WebUIKeywordMain.stepFailed(WebUIKeywordMain.groovy:117)
	at com.kms.katalon.core.webui.keyword.internal.WebUIKeywordMain.runKeyword(WebUIKeywordMain.groovy:43)
	at com.kms.katalon.core.webui.keyword.builtin.ClickKeyword.click(ClickKeyword.groovy:75)
	at com.kms.katalon.core.webui.keyword.builtin.ClickKeyword.execute(ClickKeyword.groovy:40)
	at com.kms.katalon.core.keyword.internal.KeywordExecutor.executeKeywordForPlatform(KeywordExecutor.groovy:74)
	at com.kms.katalon.core.webui.keyword.WebUiBuiltInKeywords.click(WebUiBuiltInKeywords.groovy:696)
	at TC_Employee_Job_Details.run(TC_Employee_Job_Details:81)
	at com.kms.katalon.core.main.ScriptEngine.run(ScriptEngine.java:194)
	at com.kms.katalon.core.main.ScriptEngine.runScriptAsRawText(ScriptEngine.java:119)
	at com.kms.katalon.core.main.TestCaseExecutor.runScript(TestCaseExecutor.java:448)
	at com.kms.katalon.core.main.TestCaseExecutor.doExecute(TestCaseExecutor.java:439)
	at com.kms.katalon.core.main.TestCaseExecutor.processExecutionPhase(TestCaseExecutor.java:418)
	at com.kms.katalon.core.main.TestCaseExecutor.accessMainPhase(TestCaseExecutor.java:410)
	at com.kms.katalon.core.main.TestCaseExecutor.execute(TestCaseExecutor.java:285)
	at com.kms.katalon.core.common.CommonExecutor.accessTestCaseMainPhase(CommonExecutor.java:65)
	at com.kms.katalon.core.main.TestSuiteExecutor.accessTestSuiteMainPhase(TestSuiteExecutor.java:161)
	at com.kms.katalon.core.main.TestSuiteExecutor.execute(TestSuiteExecutor.java:107)
	at com.kms.katalon.core.main.TestCaseMain.startTestSuite(TestCaseMain.java:176)
	at TempTestSuite1735263398717.run(TempTestSuite1735263398717.groovy:35)
	at java.base/jdk.internal.reflect.NativeMethodAccessorImpl.invoke0(Native Method)
	at java.base/jdk.internal.reflect.NativeMethodAccessorImpl.invoke(NativeMethodAccessorImpl.java:77)
	at java.base/jdk.internal.reflect.DelegatingMethodAccessorImpl.invoke(DelegatingMethodAccessorImpl.java:43)
Caused by: org.openqa.selenium.WebDriverException: disconnected: not connected to DevTools
  (failed to check if window was closed: disconnected: not connected to DevTools)
  (Session info: chrome=131.0.6778.205)
Build info: version: '4.22.0', revision: 'c5f3146703'
System info: os.name: 'Mac OS X', os.arch: 'aarch64', os.version: '15.2', java.version: '17.0.7'
Driver info: com.kms.katalon.selenium.driver.CChromeDriver
Command: [81c375fdc73980b0150be4854699555f, findElements {using=xpath, value=//div[@id='app']/div/div[2]/div[2]/div/div/div/div[2]/div/form/div/div/div[6]/div/div[2]/div/div/div[2]/i}]
Capabilities {acceptInsecureCerts: false, browserName: chrome, browserVersion: 131.0.6778.205, chrome: {chromedriverVersion: 131.0.6778.85 (3d81e41b6f3a..., userDataDir: /var/folders/1j/l6215wsx1tb...}, fedcm:accounts: true, goog:chromeOptions: {debuggerAddress: localhost:49316}, networkConnectionEnabled: false, pageLoadStrategy: normal, platformName: mac, proxy: Proxy(), se:cdp: ws://localhost:49316/devtoo..., se:cdpVersion: 131.0.6778.205, setWindowRect: true, strictFileInteractability: false, timeouts: {implicit: 0, pageLoad: 300000, script: 30000}, unhandledPromptBehavior: ignore, webSocketUrl: ws://localhost:6763/session..., webauthn:extension:credBlob: true, webauthn:extension:largeBlob: true, webauthn:extension:minPinLength: true, webauthn:extension:prf: true, webauthn:virtualAuthenticators: true}
Session ID: 81c375fdc73980b0150be4854699555f
	at java.base/jdk.internal.reflect.NativeConstructorAccessorImpl.newInstance0(Native Method)
	at java.base/jdk.internal.reflect.NativeConstructorAccessorImpl.newInstance(NativeConstructorAccessorImpl.java:77)
	at java.base/jdk.internal.reflect.DelegatingConstructorAccessorImpl.newInstance(DelegatingConstructorAccessorImpl.java:45)
	at org.openqa.selenium.remote.ErrorCodec.decode(ErrorCodec.java:167)
	at org.openqa.selenium.remote.codec.w3c.W3CHttpResponseCodec.decode(W3CHttpResponseCodec.java:138)
	at org.openqa.selenium.remote.codec.w3c.W3CHttpResponseCodec.decode(W3CHttpResponseCodec.java:50)
	at org.openqa.selenium.remote.HttpCommandExecutor.execute(HttpCommandExecutor.java:190)
	at org.openqa.selenium.remote.service.DriverCommandExecutor.invokeExecute(DriverCommandExecutor.java:216)
	at org.openqa.selenium.remote.service.DriverCommandExecutor.execute(DriverCommandExecutor.java:174)
	at org.openqa.selenium.remote.RemoteWebDriver.execute(RemoteWebDriver.java:518)
	at org.openqa.selenium.remote.ElementLocation$ElementFinder$2.findElements(ElementLocation.java:182)
	at org.openqa.selenium.remote.ElementLocation.findElements(ElementLocation.java:103)
	at org.openqa.selenium.remote.RemoteWebDriver.findElements(RemoteWebDriver.java:368)
	at org.openqa.selenium.remote.RemoteWebDriver.findElements(RemoteWebDriver.java:362)
	at jdk.internal.reflect.GeneratedMethodAccessor19.invoke(Unknown Source)
	at java.base/jdk.internal.reflect.DelegatingMethodAccessorImpl.invoke(DelegatingMethodAccessorImpl.java:43)
	at org.openqa.selenium.support.decorators.WebDriverDecorator.call(WebDriverDecorator.java:249)
	at org.openqa.selenium.support.decorators.DefaultDecorated.call(DefaultDecorated.java:48)
	at org.openqa.selenium.support.decorators.WebDriverDecorator.lambda$createProxy$2(WebDriverDecorator.java:321)
	at org.openqa.selenium.remote.RemoteWebDriver$ByteBuddy$QYIudDZq.findElements(Unknown Source)
	at com.kms.katalon.core.webui.common.WebUiCommonHelper.findElementByNormalMethods(WebUiCommonHelper.java:1036)
	at com.kms.katalon.core.webui.common.WebUiCommonHelper.findElementsBySelectedMethod(WebUiCommonHelper.java:927)
	at com.kms.katalon.core.webui.common.WebUiCommonHelper.findElementsBySelectedMethod(WebUiCommonHelper.java:909)
	at com.kms.katalon.core.webui.common.WebUiCommonHelper.findElementsBySelectedMethod(WebUiCommonHelper.java:904)
	at com.kms.katalon.core.webui.common.WebUiCommonHelper.findElementsByDefault(WebUiCommonHelper.java:900)
	at com.kms.katalon.core.webui.common.WebUiCommonHelper.findElementsWithSelfHealing(WebUiCommonHelper.java:746)
	at com.kms.katalon.core.webui.common.WebUiCommonHelper.findWebElements(WebUiCommonHelper.java:730)
	at com.kms.katalon.core.webui.common.WebUiCommonHelper.findWebElement(WebUiCommonHelper.java:1416)
	at com.kms.katalon.core.webui.keyword.internal.WebUIAbstractKeyword.findWebElement(WebUIAbstractKeyword.groovy:27)
	at com.kms.katalon.core.webui.keyword.builtin.ClickKeyword$_click_closure1.doCall(ClickKeyword.groovy:66)
	at com.kms.katalon.core.webui.keyword.builtin.ClickKeyword$_click_closure1.call(ClickKeyword.groovy)
	at com.kms.katalon.core.webui.keyword.internal.WebUIKeywordMain.runKeyword(WebUIKeywordMain.groovy:35)
	... 20 more]]></system-err>
      </testcase>
      <testcase name="Test Cases/Employee_Onboarding/TC_Employee_Job_Details" time="1.021" classname="Test Cases/Employee_Onboarding/TC_Employee_Job_Details" status="FAILED">
         <failure type="FAILED" message="Test Cases/Employee_Onboarding/TC_Employee_Job_Details FAILED.&#xa;Reason:&#xa;com.kms.katalon.core.exception.StepFailedException: Unable to click on object 'Object Repository/Employee-Onboarding/Employee_Jobs/Page_OrangeHRM/a_PIM'&#xa;	at com.kms.katalon.core.webui.keyword.internal.WebUIKeywordMain.stepFailed(WebUIKeywordMain.groovy:117)&#xa;	at com.kms.katalon.core.webui.keyword.internal.WebUIKeywordMain.runKeyword(WebUIKeywordMain.groovy:43)&#xa;	at com.kms.katalon.core.webui.keyword.builtin.ClickKeyword.click(ClickKeyword.groovy:75)&#xa;	at com.kms.katalon.core.webui.keyword.builtin.ClickKeyword.execute(ClickKeyword.groovy:40)&#xa;	at com.kms.katalon.core.keyword.internal.KeywordExecutor.executeKeywordForPlatform(KeywordExecutor.groovy:74)&#xa;	at com.kms.katalon.core.webui.keyword.WebUiBuiltInKeywords.click(WebUiBuiltInKeywords.groovy:696)&#xa;	at TC_Employee_Job_Details.run(TC_Employee_Job_Details:23)&#xa;	at com.kms.katalon.core.main.ScriptEngine.run(ScriptEngine.java:194)&#xa;	at com.kms.katalon.core.main.ScriptEngine.runScriptAsRawText(ScriptEngine.java:119)&#xa;	at com.kms.katalon.core.main.TestCaseExecutor.runScript(TestCaseExecutor.java:448)&#xa;	at com.kms.katalon.core.main.TestCaseExecutor.doExecute(TestCaseExecutor.java:439)&#xa;	at com.kms.katalon.core.main.TestCaseExecutor.processExecutionPhase(TestCaseExecutor.java:418)&#xa;	at com.kms.katalon.core.main.TestCaseExecutor.accessMainPhase(TestCaseExecutor.java:410)&#xa;	at com.kms.katalon.core.main.TestCaseExecutor.execute(TestCaseExecutor.java:285)&#xa;	at com.kms.katalon.core.common.CommonExecutor.accessTestCaseMainPhase(CommonExecutor.java:65)&#xa;	at com.kms.katalon.core.main.TestSuiteExecutor.accessTestSuiteMainPhase(TestSuiteExecutor.java:161)&#xa;	at com.kms.katalon.core.main.TestSuiteExecutor.execute(TestSuiteExecutor.java:107)&#xa;	at com.kms.katalon.core.main.TestCaseMain.startTestSuite(TestCaseMain.java:176)&#xa;	at TempTestSuite1735263398717.run(TempTestSuite1735263398717.groovy:35)&#xa;	at java.base/jdk.internal.reflect.NativeMethodAccessorImpl.invoke0(Native Method)&#xa;	at java.base/jdk.internal.reflect.NativeMethodAccessorImpl.invoke(NativeMethodAccessorImpl.java:77)&#xa;	at java.base/jdk.internal.reflect.DelegatingMethodAccessorImpl.invoke(DelegatingMethodAccessorImpl.java:43)&#xa;Caused by: org.openqa.selenium.WebDriverException: disconnected: not connected to DevTools&#xa;  (failed to check if window was closed: disconnected: not connected to DevTools)&#xa;  (Session info: chrome=131.0.6778.205)&#xa;Build info: version: '4.22.0', revision: 'c5f3146703'&#xa;System info: os.name: 'Mac OS X', os.arch: 'aarch64', os.version: '15.2', java.version: '17.0.7'&#xa;Driver info: com.kms.katalon.selenium.driver.CChromeDriver&#xa;Command: [81c375fdc73980b0150be4854699555f, findElements {using=xpath, value=//div[@id='app']/div/div/aside/nav/div[2]/ul/li[2]/a}]&#xa;Capabilities {acceptInsecureCerts: false, browserName: chrome, browserVersion: 131.0.6778.205, chrome: {chromedriverVersion: 131.0.6778.85 (3d81e41b6f3a..., userDataDir: /var/folders/1j/l6215wsx1tb...}, fedcm:accounts: true, goog:chromeOptions: {debuggerAddress: localhost:49316}, networkConnectionEnabled: false, pageLoadStrategy: normal, platformName: mac, proxy: Proxy(), se:cdp: ws://localhost:49316/devtoo..., se:cdpVersion: 131.0.6778.205, setWindowRect: true, strictFileInteractability: false, timeouts: {implicit: 0, pageLoad: 300000, script: 30000}, unhandledPromptBehavior: ignore, webSocketUrl: ws://localhost:6763/session..., webauthn:extension:credBlob: true, webauthn:extension:largeBlob: true, webauthn:extension:minPinLength: true, webauthn:extension:prf: true, webauthn:virtualAuthenticators: true}&#xa;Session ID: 81c375fdc73980b0150be4854699555f&#xa;	at jdk.internal.reflect.GeneratedConstructorAccessor34.newInstance(Unknown Source)&#xa;	at java.base/jdk.internal.reflect.DelegatingConstructorAccessorImpl.newInstance(DelegatingConstructorAccessorImpl.java:45)&#xa;	at org.openqa.selenium.remote.ErrorCodec.decode(ErrorCodec.java:167)&#xa;	at org.openqa.selenium.remote.codec.w3c.W3CHttpResponseCodec.decode(W3CHttpResponseCodec.java:138)&#xa;	at org.openqa.selenium.remote.codec.w3c.W3CHttpResponseCodec.decode(W3CHttpResponseCodec.java:50)&#xa;	at org.openqa.selenium.remote.HttpCommandExecutor.execute(HttpCommandExecutor.java:190)&#xa;	at org.openqa.selenium.remote.service.DriverCommandExecutor.invokeExecute(DriverCommandExecutor.java:216)&#xa;	at org.openqa.selenium.remote.service.DriverCommandExecutor.execute(DriverCommandExecutor.java:174)&#xa;	at org.openqa.selenium.remote.RemoteWebDriver.execute(RemoteWebDriver.java:518)&#xa;	at org.openqa.selenium.remote.ElementLocation$ElementFinder$2.findElements(ElementLocation.java:182)&#xa;	at org.openqa.selenium.remote.ElementLocation.findElements(ElementLocation.java:103)&#xa;	at org.openqa.selenium.remote.RemoteWebDriver.findElements(RemoteWebDriver.java:368)&#xa;	at org.openqa.selenium.remote.RemoteWebDriver.findElements(RemoteWebDriver.java:362)&#xa;	at jdk.internal.reflect.GeneratedMethodAccessor19.invoke(Unknown Source)&#xa;	at java.base/jdk.internal.reflect.DelegatingMethodAccessorImpl.invoke(DelegatingMethodAccessorImpl.java:43)&#xa;	at org.openqa.selenium.support.decorators.WebDriverDecorator.call(WebDriverDecorator.java:249)&#xa;	at org.openqa.selenium.support.decorators.DefaultDecorated.call(DefaultDecorated.java:48)&#xa;	at org.openqa.selenium.support.decorators.WebDriverDecorator.lambda$createProxy$2(WebDriverDecorator.java:321)&#xa;	at org.openqa.selenium.remote.RemoteWebDriver$ByteBuddy$QYIudDZq.findElements(Unknown Source)&#xa;	at com.kms.katalon.core.webui.common.WebUiCommonHelper.findElementByNormalMethods(WebUiCommonHelper.java:1036)&#xa;	at com.kms.katalon.core.webui.common.WebUiCommonHelper.findElementsBySelectedMethod(WebUiCommonHelper.java:927)&#xa;	at com.kms.katalon.core.webui.common.WebUiCommonHelper.findElementsBySelectedMethod(WebUiCommonHelper.java:909)&#xa;	at com.kms.katalon.core.webui.common.WebUiCommonHelper.findElementsBySelectedMethod(WebUiCommonHelper.java:904)&#xa;	at com.kms.katalon.core.webui.common.WebUiCommonHelper.findElementsByDefault(WebUiCommonHelper.java:900)&#xa;	at com.kms.katalon.core.webui.common.WebUiCommonHelper.findElementsWithSelfHealing(WebUiCommonHelper.java:746)&#xa;	at com.kms.katalon.core.webui.common.WebUiCommonHelper.findWebElements(WebUiCommonHelper.java:730)&#xa;	at com.kms.katalon.core.webui.common.WebUiCommonHelper.findWebElement(WebUiCommonHelper.java:1416)&#xa;	at com.kms.katalon.core.webui.keyword.internal.WebUIAbstractKeyword.findWebElement(WebUIAbstractKeyword.groovy:27)&#xa;	at com.kms.katalon.core.webui.keyword.builtin.ClickKeyword$_click_closure1.doCall(ClickKeyword.groovy:66)&#xa;	at com.kms.katalon.core.webui.keyword.builtin.ClickKeyword$_click_closure1.call(ClickKeyword.groovy)&#xa;	at com.kms.katalon.core.webui.keyword.internal.WebUIKeywordMain.runKeyword(WebUIKeywordMain.groovy:35)&#xa;	... 20 more&#xa;"/>
         <system-out><![CDATA[27-12-2024T07:12:55 - [TEST_CASE][FAILED] - Test Cases/Employee_Onboarding/TC_Employee_Job_Details: Test Cases/Employee_Onboarding/TC_Employee_Job_Details FAILED.
Reason:
com.kms.katalon.core.exception.StepFailedException: Unable to click on object 'Object Repository/Employee-Onboarding/Employee_Jobs/Page_OrangeHRM/a_PIM'
	at com.kms.katalon.core.webui.keyword.internal.WebUIKeywordMain.stepFailed(WebUIKeywordMain.groovy:117)
	at com.kms.katalon.core.webui.keyword.internal.WebUIKeywordMain.runKeyword(WebUIKeywordMain.groovy:43)
	at com.kms.katalon.core.webui.keyword.builtin.ClickKeyword.click(ClickKeyword.groovy:75)
	at com.kms.katalon.core.webui.keyword.builtin.ClickKeyword.execute(ClickKeyword.groovy:40)
	at com.kms.katalon.core.keyword.internal.KeywordExecutor.executeKeywordForPlatform(KeywordExecutor.groovy:74)
	at com.kms.katalon.core.webui.keyword.WebUiBuiltInKeywords.click(WebUiBuiltInKeywords.groovy:696)
	at TC_Employee_Job_Details.run(TC_Employee_Job_Details:23)
	at com.kms.katalon.core.main.ScriptEngine.run(ScriptEngine.java:194)
	at com.kms.katalon.core.main.ScriptEngine.runScriptAsRawText(ScriptEngine.java:119)
	at com.kms.katalon.core.main.TestCaseExecutor.runScript(TestCaseExecutor.java:448)
	at com.kms.katalon.core.main.TestCaseExecutor.doExecute(TestCaseExecutor.java:439)
	at com.kms.katalon.core.main.TestCaseExecutor.processExecutionPhase(TestCaseExecutor.java:418)
	at com.kms.katalon.core.main.TestCaseExecutor.accessMainPhase(TestCaseExecutor.java:410)
	at com.kms.katalon.core.main.TestCaseExecutor.execute(TestCaseExecutor.java:285)
	at com.kms.katalon.core.common.CommonExecutor.accessTestCaseMainPhase(CommonExecutor.java:65)
	at com.kms.katalon.core.main.TestSuiteExecutor.accessTestSuiteMainPhase(TestSuiteExecutor.java:161)
	at com.kms.katalon.core.main.TestSuiteExecutor.execute(TestSuiteExecutor.java:107)
	at com.kms.katalon.core.main.TestCaseMain.startTestSuite(TestCaseMain.java:176)
	at TempTestSuite1735263398717.run(TempTestSuite1735263398717.groovy:35)
	at java.base/jdk.internal.reflect.NativeMethodAccessorImpl.invoke0(Native Method)
	at java.base/jdk.internal.reflect.NativeMethodAccessorImpl.invoke(NativeMethodAccessorImpl.java:77)
	at java.base/jdk.internal.reflect.DelegatingMethodAccessorImpl.invoke(DelegatingMethodAccessorImpl.java:43)
Caused by: org.openqa.selenium.WebDriverException: disconnected: not connected to DevTools
  (failed to check if window was closed: disconnected: not connected to DevTools)
  (Session info: chrome=131.0.6778.205)
Build info: version: '4.22.0', revision: 'c5f3146703'
System info: os.name: 'Mac OS X', os.arch: 'aarch64', os.version: '15.2', java.version: '17.0.7'
Driver info: com.kms.katalon.selenium.driver.CChromeDriver
Command: [81c375fdc73980b0150be4854699555f, findElements {using=xpath, value=//div[@id='app']/div/div/aside/nav/div[2]/ul/li[2]/a}]
Capabilities {acceptInsecureCerts: false, browserName: chrome, browserVersion: 131.0.6778.205, chrome: {chromedriverVersion: 131.0.6778.85 (3d81e41b6f3a..., userDataDir: /var/folders/1j/l6215wsx1tb...}, fedcm:accounts: true, goog:chromeOptions: {debuggerAddress: localhost:49316}, networkConnectionEnabled: false, pageLoadStrategy: normal, platformName: mac, proxy: Proxy(), se:cdp: ws://localhost:49316/devtoo..., se:cdpVersion: 131.0.6778.205, setWindowRect: true, strictFileInteractability: false, timeouts: {implicit: 0, pageLoad: 300000, script: 30000}, unhandledPromptBehavior: ignore, webSocketUrl: ws://localhost:6763/session..., webauthn:extension:credBlob: true, webauthn:extension:largeBlob: true, webauthn:extension:minPinLength: true, webauthn:extension:prf: true, webauthn:virtualAuthenticators: true}
Session ID: 81c375fdc73980b0150be4854699555f
	at jdk.internal.reflect.GeneratedConstructorAccessor34.newInstance(Unknown Source)
	at java.base/jdk.internal.reflect.DelegatingConstructorAccessorImpl.newInstance(DelegatingConstructorAccessorImpl.java:45)
	at org.openqa.selenium.remote.ErrorCodec.decode(ErrorCodec.java:167)
	at org.openqa.selenium.remote.codec.w3c.W3CHttpResponseCodec.decode(W3CHttpResponseCodec.java:138)
	at org.openqa.selenium.remote.codec.w3c.W3CHttpResponseCodec.decode(W3CHttpResponseCodec.java:50)
	at org.openqa.selenium.remote.HttpCommandExecutor.execute(HttpCommandExecutor.java:190)
	at org.openqa.selenium.remote.service.DriverCommandExecutor.invokeExecute(DriverCommandExecutor.java:216)
	at org.openqa.selenium.remote.service.DriverCommandExecutor.execute(DriverCommandExecutor.java:174)
	at org.openqa.selenium.remote.RemoteWebDriver.execute(RemoteWebDriver.java:518)
	at org.openqa.selenium.remote.ElementLocation$ElementFinder$2.findElements(ElementLocation.java:182)
	at org.openqa.selenium.remote.ElementLocation.findElements(ElementLocation.java:103)
	at org.openqa.selenium.remote.RemoteWebDriver.findElements(RemoteWebDriver.java:368)
	at org.openqa.selenium.remote.RemoteWebDriver.findElements(RemoteWebDriver.java:362)
	at jdk.internal.reflect.GeneratedMethodAccessor19.invoke(Unknown Source)
	at java.base/jdk.internal.reflect.DelegatingMethodAccessorImpl.invoke(DelegatingMethodAccessorImpl.java:43)
	at org.openqa.selenium.support.decorators.WebDriverDecorator.call(WebDriverDecorator.java:249)
	at org.openqa.selenium.support.decorators.DefaultDecorated.call(DefaultDecorated.java:48)
	at org.openqa.selenium.support.decorators.WebDriverDecorator.lambda$createProxy$2(WebDriverDecorator.java:321)
	at org.openqa.selenium.remote.RemoteWebDriver$ByteBuddy$QYIudDZq.findElements(Unknown Source)
	at com.kms.katalon.core.webui.common.WebUiCommonHelper.findElementByNormalMethods(WebUiCommonHelper.java:1036)
	at com.kms.katalon.core.webui.common.WebUiCommonHelper.findElementsBySelectedMethod(WebUiCommonHelper.java:927)
	at com.kms.katalon.core.webui.common.WebUiCommonHelper.findElementsBySelectedMethod(WebUiCommonHelper.java:909)
	at com.kms.katalon.core.webui.common.WebUiCommonHelper.findElementsBySelectedMethod(WebUiCommonHelper.java:904)
	at com.kms.katalon.core.webui.common.WebUiCommonHelper.findElementsByDefault(WebUiCommonHelper.java:900)
	at com.kms.katalon.core.webui.common.WebUiCommonHelper.findElementsWithSelfHealing(WebUiCommonHelper.java:746)
	at com.kms.katalon.core.webui.common.WebUiCommonHelper.findWebElements(WebUiCommonHelper.java:730)
	at com.kms.katalon.core.webui.common.WebUiCommonHelper.findWebElement(WebUiCommonHelper.java:1416)
	at com.kms.katalon.core.webui.keyword.internal.WebUIAbstractKeyword.findWebElement(WebUIAbstractKeyword.groovy:27)
	at com.kms.katalon.core.webui.keyword.builtin.ClickKeyword$_click_closure1.doCall(ClickKeyword.groovy:66)
	at com.kms.katalon.core.webui.keyword.builtin.ClickKeyword$_click_closure1.call(ClickKeyword.groovy)
	at com.kms.katalon.core.webui.keyword.internal.WebUIKeywordMain.runKeyword(WebUIKeywordMain.groovy:35)
	... 20 more


27-12-2024T07:12:55 - [TEST_STEP][PASSED] - comment("Step 1: Click on the "PIM" tab to access the Employee Management section"): Step 1: Click on the "PIM" tab to access the Employee Management section

27-12-2024T07:12:55 - [MESSAGE][INFO] - Step 1: Click on the "PIM" tab to access the Employee Management section

27-12-2024T07:12:55 - [TEST_STEP][FAILED] - click(findTestObject("Object Repository/Employee-Onboarding/Employee_Jobs/Page_OrangeHRM/a_PIM")): Unable to click on object 'Object Repository/Employee-Onboarding/Employee_Jobs/Page_OrangeHRM/a_PIM' (Root cause: com.kms.katalon.core.exception.StepFailedException: Unable to click on object 'Object Repository/Employee-Onboarding/Employee_Jobs/Page_OrangeHRM/a_PIM'
	at com.kms.katalon.core.webui.keyword.internal.WebUIKeywordMain.stepFailed(WebUIKeywordMain.groovy:117)
	at com.kms.katalon.core.webui.keyword.internal.WebUIKeywordMain.runKeyword(WebUIKeywordMain.groovy:43)
	at com.kms.katalon.core.webui.keyword.builtin.ClickKeyword.click(ClickKeyword.groovy:75)
	at com.kms.katalon.core.webui.keyword.builtin.ClickKeyword.execute(ClickKeyword.groovy:40)
	at com.kms.katalon.core.keyword.internal.KeywordExecutor.executeKeywordForPlatform(KeywordExecutor.groovy:74)
	at com.kms.katalon.core.webui.keyword.WebUiBuiltInKeywords.click(WebUiBuiltInKeywords.groovy:696)
	at TC_Employee_Job_Details.run(TC_Employee_Job_Details:23)
	at com.kms.katalon.core.main.ScriptEngine.run(ScriptEngine.java:194)
	at com.kms.katalon.core.main.ScriptEngine.runScriptAsRawText(ScriptEngine.java:119)
	at com.kms.katalon.core.main.TestCaseExecutor.runScript(TestCaseExecutor.java:448)
	at com.kms.katalon.core.main.TestCaseExecutor.doExecute(TestCaseExecutor.java:439)
	at com.kms.katalon.core.main.TestCaseExecutor.processExecutionPhase(TestCaseExecutor.java:418)
	at com.kms.katalon.core.main.TestCaseExecutor.accessMainPhase(TestCaseExecutor.java:410)
	at com.kms.katalon.core.main.TestCaseExecutor.execute(TestCaseExecutor.java:285)
	at com.kms.katalon.core.common.CommonExecutor.accessTestCaseMainPhase(CommonExecutor.java:65)
	at com.kms.katalon.core.main.TestSuiteExecutor.accessTestSuiteMainPhase(TestSuiteExecutor.java:161)
	at com.kms.katalon.core.main.TestSuiteExecutor.execute(TestSuiteExecutor.java:107)
	at com.kms.katalon.core.main.TestCaseMain.startTestSuite(TestCaseMain.java:176)
	at TempTestSuite1735263398717.run(TempTestSuite1735263398717.groovy:35)
	at java.base/jdk.internal.reflect.NativeMethodAccessorImpl.invoke0(Native Method)
	at java.base/jdk.internal.reflect.NativeMethodAccessorImpl.invoke(NativeMethodAccessorImpl.java:77)
	at java.base/jdk.internal.reflect.DelegatingMethodAccessorImpl.invoke(DelegatingMethodAccessorImpl.java:43)
Caused by: org.openqa.selenium.WebDriverException: disconnected: not connected to DevTools
  (failed to check if window was closed: disconnected: not connected to DevTools)
  (Session info: chrome=131.0.6778.205)
Build info: version: '4.22.0', revision: 'c5f3146703'
System info: os.name: 'Mac OS X', os.arch: 'aarch64', os.version: '15.2', java.version: '17.0.7'
Driver info: com.kms.katalon.selenium.driver.CChromeDriver
Command: [81c375fdc73980b0150be4854699555f, findElements {using=xpath, value=//div[@id='app']/div/div/aside/nav/div[2]/ul/li[2]/a}]
Capabilities {acceptInsecureCerts: false, browserName: chrome, browserVersion: 131.0.6778.205, chrome: {chromedriverVersion: 131.0.6778.85 (3d81e41b6f3a..., userDataDir: /var/folders/1j/l6215wsx1tb...}, fedcm:accounts: true, goog:chromeOptions: {debuggerAddress: localhost:49316}, networkConnectionEnabled: false, pageLoadStrategy: normal, platformName: mac, proxy: Proxy(), se:cdp: ws://localhost:49316/devtoo..., se:cdpVersion: 131.0.6778.205, setWindowRect: true, strictFileInteractability: false, timeouts: {implicit: 0, pageLoad: 300000, script: 30000}, unhandledPromptBehavior: ignore, webSocketUrl: ws://localhost:6763/session..., webauthn:extension:credBlob: true, webauthn:extension:largeBlob: true, webauthn:extension:minPinLength: true, webauthn:extension:prf: true, webauthn:virtualAuthenticators: true}
Session ID: 81c375fdc73980b0150be4854699555f
	at jdk.internal.reflect.GeneratedConstructorAccessor34.newInstance(Unknown Source)
	at java.base/jdk.internal.reflect.DelegatingConstructorAccessorImpl.newInstance(DelegatingConstructorAccessorImpl.java:45)
	at org.openqa.selenium.remote.ErrorCodec.decode(ErrorCodec.java:167)
	at org.openqa.selenium.remote.codec.w3c.W3CHttpResponseCodec.decode(W3CHttpResponseCodec.java:138)
	at org.openqa.selenium.remote.codec.w3c.W3CHttpResponseCodec.decode(W3CHttpResponseCodec.java:50)
	at org.openqa.selenium.remote.HttpCommandExecutor.execute(HttpCommandExecutor.java:190)
	at org.openqa.selenium.remote.service.DriverCommandExecutor.invokeExecute(DriverCommandExecutor.java:216)
	at org.openqa.selenium.remote.service.DriverCommandExecutor.execute(DriverCommandExecutor.java:174)
	at org.openqa.selenium.remote.RemoteWebDriver.execute(RemoteWebDriver.java:518)
	at org.openqa.selenium.remote.ElementLocation$ElementFinder$2.findElements(ElementLocation.java:182)
	at org.openqa.selenium.remote.ElementLocation.findElements(ElementLocation.java:103)
	at org.openqa.selenium.remote.RemoteWebDriver.findElements(RemoteWebDriver.java:368)
	at org.openqa.selenium.remote.RemoteWebDriver.findElements(RemoteWebDriver.java:362)
	at jdk.internal.reflect.GeneratedMethodAccessor19.invoke(Unknown Source)
	at java.base/jdk.internal.reflect.DelegatingMethodAccessorImpl.invoke(DelegatingMethodAccessorImpl.java:43)
	at org.openqa.selenium.support.decorators.WebDriverDecorator.call(WebDriverDecorator.java:249)
	at org.openqa.selenium.support.decorators.DefaultDecorated.call(DefaultDecorated.java:48)
	at org.openqa.selenium.support.decorators.WebDriverDecorator.lambda$createProxy$2(WebDriverDecorator.java:321)
	at org.openqa.selenium.remote.RemoteWebDriver$ByteBuddy$QYIudDZq.findElements(Unknown Source)
	at com.kms.katalon.core.webui.common.WebUiCommonHelper.findElementByNormalMethods(WebUiCommonHelper.java:1036)
	at com.kms.katalon.core.webui.common.WebUiCommonHelper.findElementsBySelectedMethod(WebUiCommonHelper.java:927)
	at com.kms.katalon.core.webui.common.WebUiCommonHelper.findElementsBySelectedMethod(WebUiCommonHelper.java:909)
	at com.kms.katalon.core.webui.common.WebUiCommonHelper.findElementsBySelectedMethod(WebUiCommonHelper.java:904)
	at com.kms.katalon.core.webui.common.WebUiCommonHelper.findElementsByDefault(WebUiCommonHelper.java:900)
	at com.kms.katalon.core.webui.common.WebUiCommonHelper.findElementsWithSelfHealing(WebUiCommonHelper.java:746)
	at com.kms.katalon.core.webui.common.WebUiCommonHelper.findWebElements(WebUiCommonHelper.java:730)
	at com.kms.katalon.core.webui.common.WebUiCommonHelper.findWebElement(WebUiCommonHelper.java:1416)
	at com.kms.katalon.core.webui.keyword.internal.WebUIAbstractKeyword.findWebElement(WebUIAbstractKeyword.groovy:27)
	at com.kms.katalon.core.webui.keyword.builtin.ClickKeyword$_click_closure1.doCall(ClickKeyword.groovy:66)
	at com.kms.katalon.core.webui.keyword.builtin.ClickKeyword$_click_closure1.call(ClickKeyword.groovy)
	at com.kms.katalon.core.webui.keyword.internal.WebUIKeywordMain.runKeyword(WebUIKeywordMain.groovy:35)
	at com.kms.katalon.core.webui.keyword.builtin.ClickKeyword.click(ClickKeyword.groovy:75)
	at com.kms.katalon.core.webui.keyword.builtin.ClickKeyword.execute(ClickKeyword.groovy:40)
	at com.kms.katalon.core.keyword.internal.KeywordExecutor.executeKeywordForPlatform(KeywordExecutor.groovy:74)
	at com.kms.katalon.core.webui.keyword.WebUiBuiltInKeywords.click(WebUiBuiltInKeywords.groovy:696)
	at Script1734948563457.run(Script1734948563457.groovy:23)
	... 15 more
)

27-12-2024T07:12:55 - [MESSAGE][WARNING] - [SELF-HEALING] Failed to find element with id 'Object Repository/Employee-Onboarding/Employee_Jobs/Page_OrangeHRM/a_PIM'. Try using Self-healing.

27-12-2024T07:12:55 - [MESSAGE][WARNING] - [SELF-HEALING] disconnected: not connected to DevTools
  (failed to check if window was closed: disconnected: not connected to DevTools)
  (Session info: chrome=131.0.6778.205)
Build info: version: '4.22.0', revision: 'c5f3146703'
System info: os.name: 'Mac OS X', os.arch: 'aarch64', os.version: '15.2', java.version: '17.0.7'
Driver info: com.kms.katalon.selenium.driver.CChromeDriver
Command: [81c375fdc73980b0150be4854699555f, findElements {using=xpath, value=//div[@id='app']/div/div/aside/nav/div[2]/ul/li[2]/a}]
Capabilities {acceptInsecureCerts: false, browserName: chrome, browserVersion: 131.0.6778.205, chrome: {chromedriverVersion: 131.0.6778.85 (3d81e41b6f3a..., userDataDir: /var/folders/1j/l6215wsx1tb...}, fedcm:accounts: true, goog:chromeOptions: {debuggerAddress: localhost:49316}, networkConnectionEnabled: false, pageLoadStrategy: normal, platformName: mac, proxy: Proxy(), se:cdp: ws://localhost:49316/devtoo..., se:cdpVersion: 131.0.6778.205, setWindowRect: true, strictFileInteractability: false, timeouts: {implicit: 0, pageLoad: 300000, script: 30000}, unhandledPromptBehavior: ignore, webSocketUrl: ws://localhost:6763/session..., webauthn:extension:credBlob: true, webauthn:extension:largeBlob: true, webauthn:extension:minPinLength: true, webauthn:extension:prf: true, webauthn:virtualAuthenticators: true}
Session ID: 81c375fdc73980b0150be4854699555f

27-12-2024T07:12:56 - [MESSAGE][WARNING] - [SELF-HEALING] disconnected: not connected to DevTools
  (failed to check if window was closed: disconnected: not connected to DevTools)
  (Session info: chrome=131.0.6778.205)
Build info: version: '4.22.0', revision: 'c5f3146703'
System info: os.name: 'Mac OS X', os.arch: 'aarch64', os.version: '15.2', java.version: '17.0.7'
Driver info: com.kms.katalon.selenium.driver.CChromeDriver
Command: [81c375fdc73980b0150be4854699555f, findElements {using=xpath, value=//*[@href = '/web/index.php/pim/viewPimModule' and (text() = 'PIM' or . = 'PIM')]}]
Capabilities {acceptInsecureCerts: false, browserName: chrome, browserVersion: 131.0.6778.205, chrome: {chromedriverVersion: 131.0.6778.85 (3d81e41b6f3a..., userDataDir: /var/folders/1j/l6215wsx1tb...}, fedcm:accounts: true, goog:chromeOptions: {debuggerAddress: localhost:49316}, networkConnectionEnabled: false, pageLoadStrategy: normal, platformName: mac, proxy: Proxy(), se:cdp: ws://localhost:49316/devtoo..., se:cdpVersion: 131.0.6778.205, setWindowRect: true, strictFileInteractability: false, timeouts: {implicit: 0, pageLoad: 300000, script: 30000}, unhandledPromptBehavior: ignore, webSocketUrl: ws://localhost:6763/session..., webauthn:extension:credBlob: true, webauthn:extension:largeBlob: true, webauthn:extension:minPinLength: true, webauthn:extension:prf: true, webauthn:virtualAuthenticators: true}
Session ID: 81c375fdc73980b0150be4854699555f

27-12-2024T07:12:56 - [MESSAGE][WARNING] - [SELF-HEALING] disconnected: not connected to DevTools
  (failed to check if window was closed: disconnected: not connected to DevTools)
  (Session info: chrome=131.0.6778.205)
Build info: version: '4.22.0', revision: 'c5f3146703'
System info: os.name: 'Mac OS X', os.arch: 'aarch64', os.version: '15.2', java.version: '17.0.7'
Driver info: com.kms.katalon.selenium.driver.CChromeDriver
Command: [81c375fdc73980b0150be4854699555f, findElements {using=css selector, value=}]
Capabilities {acceptInsecureCerts: false, browserName: chrome, browserVersion: 131.0.6778.205, chrome: {chromedriverVersion: 131.0.6778.85 (3d81e41b6f3a..., userDataDir: /var/folders/1j/l6215wsx1tb...}, fedcm:accounts: true, goog:chromeOptions: {debuggerAddress: localhost:49316}, networkConnectionEnabled: false, pageLoadStrategy: normal, platformName: mac, proxy: Proxy(), se:cdp: ws://localhost:49316/devtoo..., se:cdpVersion: 131.0.6778.205, setWindowRect: true, strictFileInteractability: false, timeouts: {implicit: 0, pageLoad: 300000, script: 30000}, unhandledPromptBehavior: ignore, webSocketUrl: ws://localhost:6763/session..., webauthn:extension:credBlob: true, webauthn:extension:largeBlob: true, webauthn:extension:minPinLength: true, webauthn:extension:prf: true, webauthn:virtualAuthenticators: true}
Session ID: 81c375fdc73980b0150be4854699555f

27-12-2024T07:12:56 - [MESSAGE][WARNING] - Cannot take screenshot

27-12-2024T07:12:56 - [MESSAGE][FAILED] - Unable to click on object 'Object Repository/Employee-Onboarding/Employee_Jobs/Page_OrangeHRM/a_PIM' (Root cause: com.kms.katalon.core.exception.StepFailedException: Unable to click on object 'Object Repository/Employee-Onboarding/Employee_Jobs/Page_OrangeHRM/a_PIM'
	at com.kms.katalon.core.webui.keyword.internal.WebUIKeywordMain.stepFailed(WebUIKeywordMain.groovy:117)
	at com.kms.katalon.core.webui.keyword.internal.WebUIKeywordMain.runKeyword(WebUIKeywordMain.groovy:43)
	at com.kms.katalon.core.webui.keyword.builtin.ClickKeyword.click(ClickKeyword.groovy:75)
	at com.kms.katalon.core.webui.keyword.builtin.ClickKeyword.execute(ClickKeyword.groovy:40)
	at com.kms.katalon.core.keyword.internal.KeywordExecutor.executeKeywordForPlatform(KeywordExecutor.groovy:74)
	at com.kms.katalon.core.webui.keyword.WebUiBuiltInKeywords.click(WebUiBuiltInKeywords.groovy:696)
	at TC_Employee_Job_Details.run(TC_Employee_Job_Details:23)
	at com.kms.katalon.core.main.ScriptEngine.run(ScriptEngine.java:194)
	at com.kms.katalon.core.main.ScriptEngine.runScriptAsRawText(ScriptEngine.java:119)
	at com.kms.katalon.core.main.TestCaseExecutor.runScript(TestCaseExecutor.java:448)
	at com.kms.katalon.core.main.TestCaseExecutor.doExecute(TestCaseExecutor.java:439)
	at com.kms.katalon.core.main.TestCaseExecutor.processExecutionPhase(TestCaseExecutor.java:418)
	at com.kms.katalon.core.main.TestCaseExecutor.accessMainPhase(TestCaseExecutor.java:410)
	at com.kms.katalon.core.main.TestCaseExecutor.execute(TestCaseExecutor.java:285)
	at com.kms.katalon.core.common.CommonExecutor.accessTestCaseMainPhase(CommonExecutor.java:65)
	at com.kms.katalon.core.main.TestSuiteExecutor.accessTestSuiteMainPhase(TestSuiteExecutor.java:161)
	at com.kms.katalon.core.main.TestSuiteExecutor.execute(TestSuiteExecutor.java:107)
	at com.kms.katalon.core.main.TestCaseMain.startTestSuite(TestCaseMain.java:176)
	at TempTestSuite1735263398717.run(TempTestSuite1735263398717.groovy:35)
	at java.base/jdk.internal.reflect.NativeMethodAccessorImpl.invoke0(Native Method)
	at java.base/jdk.internal.reflect.NativeMethodAccessorImpl.invoke(NativeMethodAccessorImpl.java:77)
	at java.base/jdk.internal.reflect.DelegatingMethodAccessorImpl.invoke(DelegatingMethodAccessorImpl.java:43)
Caused by: org.openqa.selenium.WebDriverException: disconnected: not connected to DevTools
  (failed to check if window was closed: disconnected: not connected to DevTools)
  (Session info: chrome=131.0.6778.205)
Build info: version: '4.22.0', revision: 'c5f3146703'
System info: os.name: 'Mac OS X', os.arch: 'aarch64', os.version: '15.2', java.version: '17.0.7'
Driver info: com.kms.katalon.selenium.driver.CChromeDriver
Command: [81c375fdc73980b0150be4854699555f, findElements {using=xpath, value=//div[@id='app']/div/div/aside/nav/div[2]/ul/li[2]/a}]
Capabilities {acceptInsecureCerts: false, browserName: chrome, browserVersion: 131.0.6778.205, chrome: {chromedriverVersion: 131.0.6778.85 (3d81e41b6f3a..., userDataDir: /var/folders/1j/l6215wsx1tb...}, fedcm:accounts: true, goog:chromeOptions: {debuggerAddress: localhost:49316}, networkConnectionEnabled: false, pageLoadStrategy: normal, platformName: mac, proxy: Proxy(), se:cdp: ws://localhost:49316/devtoo..., se:cdpVersion: 131.0.6778.205, setWindowRect: true, strictFileInteractability: false, timeouts: {implicit: 0, pageLoad: 300000, script: 30000}, unhandledPromptBehavior: ignore, webSocketUrl: ws://localhost:6763/session..., webauthn:extension:credBlob: true, webauthn:extension:largeBlob: true, webauthn:extension:minPinLength: true, webauthn:extension:prf: true, webauthn:virtualAuthenticators: true}
Session ID: 81c375fdc73980b0150be4854699555f
	at jdk.internal.reflect.GeneratedConstructorAccessor34.newInstance(Unknown Source)
	at java.base/jdk.internal.reflect.DelegatingConstructorAccessorImpl.newInstance(DelegatingConstructorAccessorImpl.java:45)
	at org.openqa.selenium.remote.ErrorCodec.decode(ErrorCodec.java:167)
	at org.openqa.selenium.remote.codec.w3c.W3CHttpResponseCodec.decode(W3CHttpResponseCodec.java:138)
	at org.openqa.selenium.remote.codec.w3c.W3CHttpResponseCodec.decode(W3CHttpResponseCodec.java:50)
	at org.openqa.selenium.remote.HttpCommandExecutor.execute(HttpCommandExecutor.java:190)
	at org.openqa.selenium.remote.service.DriverCommandExecutor.invokeExecute(DriverCommandExecutor.java:216)
	at org.openqa.selenium.remote.service.DriverCommandExecutor.execute(DriverCommandExecutor.java:174)
	at org.openqa.selenium.remote.RemoteWebDriver.execute(RemoteWebDriver.java:518)
	at org.openqa.selenium.remote.ElementLocation$ElementFinder$2.findElements(ElementLocation.java:182)
	at org.openqa.selenium.remote.ElementLocation.findElements(ElementLocation.java:103)
	at org.openqa.selenium.remote.RemoteWebDriver.findElements(RemoteWebDriver.java:368)
	at org.openqa.selenium.remote.RemoteWebDriver.findElements(RemoteWebDriver.java:362)
	at jdk.internal.reflect.GeneratedMethodAccessor19.invoke(Unknown Source)
	at java.base/jdk.internal.reflect.DelegatingMethodAccessorImpl.invoke(DelegatingMethodAccessorImpl.java:43)
	at org.openqa.selenium.support.decorators.WebDriverDecorator.call(WebDriverDecorator.java:249)
	at org.openqa.selenium.support.decorators.DefaultDecorated.call(DefaultDecorated.java:48)
	at org.openqa.selenium.support.decorators.WebDriverDecorator.lambda$createProxy$2(WebDriverDecorator.java:321)
	at org.openqa.selenium.remote.RemoteWebDriver$ByteBuddy$QYIudDZq.findElements(Unknown Source)
	at com.kms.katalon.core.webui.common.WebUiCommonHelper.findElementByNormalMethods(WebUiCommonHelper.java:1036)
	at com.kms.katalon.core.webui.common.WebUiCommonHelper.findElementsBySelectedMethod(WebUiCommonHelper.java:927)
	at com.kms.katalon.core.webui.common.WebUiCommonHelper.findElementsBySelectedMethod(WebUiCommonHelper.java:909)
	at com.kms.katalon.core.webui.common.WebUiCommonHelper.findElementsBySelectedMethod(WebUiCommonHelper.java:904)
	at com.kms.katalon.core.webui.common.WebUiCommonHelper.findElementsByDefault(WebUiCommonHelper.java:900)
	at com.kms.katalon.core.webui.common.WebUiCommonHelper.findElementsWithSelfHealing(WebUiCommonHelper.java:746)
	at com.kms.katalon.core.webui.common.WebUiCommonHelper.findWebElements(WebUiCommonHelper.java:730)
	at com.kms.katalon.core.webui.common.WebUiCommonHelper.findWebElement(WebUiCommonHelper.java:1416)
	at com.kms.katalon.core.webui.keyword.internal.WebUIAbstractKeyword.findWebElement(WebUIAbstractKeyword.groovy:27)
	at com.kms.katalon.core.webui.keyword.builtin.ClickKeyword$_click_closure1.doCall(ClickKeyword.groovy:66)
	at com.kms.katalon.core.webui.keyword.builtin.ClickKeyword$_click_closure1.call(ClickKeyword.groovy)
	at com.kms.katalon.core.webui.keyword.internal.WebUIKeywordMain.runKeyword(WebUIKeywordMain.groovy:35)
	at com.kms.katalon.core.webui.keyword.builtin.ClickKeyword.click(ClickKeyword.groovy:75)
	at com.kms.katalon.core.webui.keyword.builtin.ClickKeyword.execute(ClickKeyword.groovy:40)
	at com.kms.katalon.core.keyword.internal.KeywordExecutor.executeKeywordForPlatform(KeywordExecutor.groovy:74)
	at com.kms.katalon.core.webui.keyword.WebUiBuiltInKeywords.click(WebUiBuiltInKeywords.groovy:696)
	at Script1734948563457.run(Script1734948563457.groovy:23)
	... 15 more
)]]></system-out>
         <system-err><![CDATA[27-12-2024T07:12:55 - [TEST_CASE][FAILED] - Test Cases/Employee_Onboarding/TC_Employee_Job_Details: Test Cases/Employee_Onboarding/TC_Employee_Job_Details FAILED.
Reason:
com.kms.katalon.core.exception.StepFailedException: Unable to click on object 'Object Repository/Employee-Onboarding/Employee_Jobs/Page_OrangeHRM/a_PIM'
	at com.kms.katalon.core.webui.keyword.internal.WebUIKeywordMain.stepFailed(WebUIKeywordMain.groovy:117)
	at com.kms.katalon.core.webui.keyword.internal.WebUIKeywordMain.runKeyword(WebUIKeywordMain.groovy:43)
	at com.kms.katalon.core.webui.keyword.builtin.ClickKeyword.click(ClickKeyword.groovy:75)
	at com.kms.katalon.core.webui.keyword.builtin.ClickKeyword.execute(ClickKeyword.groovy:40)
	at com.kms.katalon.core.keyword.internal.KeywordExecutor.executeKeywordForPlatform(KeywordExecutor.groovy:74)
	at com.kms.katalon.core.webui.keyword.WebUiBuiltInKeywords.click(WebUiBuiltInKeywords.groovy:696)
	at TC_Employee_Job_Details.run(TC_Employee_Job_Details:23)
	at com.kms.katalon.core.main.ScriptEngine.run(ScriptEngine.java:194)
	at com.kms.katalon.core.main.ScriptEngine.runScriptAsRawText(ScriptEngine.java:119)
	at com.kms.katalon.core.main.TestCaseExecutor.runScript(TestCaseExecutor.java:448)
	at com.kms.katalon.core.main.TestCaseExecutor.doExecute(TestCaseExecutor.java:439)
	at com.kms.katalon.core.main.TestCaseExecutor.processExecutionPhase(TestCaseExecutor.java:418)
	at com.kms.katalon.core.main.TestCaseExecutor.accessMainPhase(TestCaseExecutor.java:410)
	at com.kms.katalon.core.main.TestCaseExecutor.execute(TestCaseExecutor.java:285)
	at com.kms.katalon.core.common.CommonExecutor.accessTestCaseMainPhase(CommonExecutor.java:65)
	at com.kms.katalon.core.main.TestSuiteExecutor.accessTestSuiteMainPhase(TestSuiteExecutor.java:161)
	at com.kms.katalon.core.main.TestSuiteExecutor.execute(TestSuiteExecutor.java:107)
	at com.kms.katalon.core.main.TestCaseMain.startTestSuite(TestCaseMain.java:176)
	at TempTestSuite1735263398717.run(TempTestSuite1735263398717.groovy:35)
	at java.base/jdk.internal.reflect.NativeMethodAccessorImpl.invoke0(Native Method)
	at java.base/jdk.internal.reflect.NativeMethodAccessorImpl.invoke(NativeMethodAccessorImpl.java:77)
	at java.base/jdk.internal.reflect.DelegatingMethodAccessorImpl.invoke(DelegatingMethodAccessorImpl.java:43)
Caused by: org.openqa.selenium.WebDriverException: disconnected: not connected to DevTools
  (failed to check if window was closed: disconnected: not connected to DevTools)
  (Session info: chrome=131.0.6778.205)
Build info: version: '4.22.0', revision: 'c5f3146703'
System info: os.name: 'Mac OS X', os.arch: 'aarch64', os.version: '15.2', java.version: '17.0.7'
Driver info: com.kms.katalon.selenium.driver.CChromeDriver
Command: [81c375fdc73980b0150be4854699555f, findElements {using=xpath, value=//div[@id='app']/div/div/aside/nav/div[2]/ul/li[2]/a}]
Capabilities {acceptInsecureCerts: false, browserName: chrome, browserVersion: 131.0.6778.205, chrome: {chromedriverVersion: 131.0.6778.85 (3d81e41b6f3a..., userDataDir: /var/folders/1j/l6215wsx1tb...}, fedcm:accounts: true, goog:chromeOptions: {debuggerAddress: localhost:49316}, networkConnectionEnabled: false, pageLoadStrategy: normal, platformName: mac, proxy: Proxy(), se:cdp: ws://localhost:49316/devtoo..., se:cdpVersion: 131.0.6778.205, setWindowRect: true, strictFileInteractability: false, timeouts: {implicit: 0, pageLoad: 300000, script: 30000}, unhandledPromptBehavior: ignore, webSocketUrl: ws://localhost:6763/session..., webauthn:extension:credBlob: true, webauthn:extension:largeBlob: true, webauthn:extension:minPinLength: true, webauthn:extension:prf: true, webauthn:virtualAuthenticators: true}
Session ID: 81c375fdc73980b0150be4854699555f
	at jdk.internal.reflect.GeneratedConstructorAccessor34.newInstance(Unknown Source)
	at java.base/jdk.internal.reflect.DelegatingConstructorAccessorImpl.newInstance(DelegatingConstructorAccessorImpl.java:45)
	at org.openqa.selenium.remote.ErrorCodec.decode(ErrorCodec.java:167)
	at org.openqa.selenium.remote.codec.w3c.W3CHttpResponseCodec.decode(W3CHttpResponseCodec.java:138)
	at org.openqa.selenium.remote.codec.w3c.W3CHttpResponseCodec.decode(W3CHttpResponseCodec.java:50)
	at org.openqa.selenium.remote.HttpCommandExecutor.execute(HttpCommandExecutor.java:190)
	at org.openqa.selenium.remote.service.DriverCommandExecutor.invokeExecute(DriverCommandExecutor.java:216)
	at org.openqa.selenium.remote.service.DriverCommandExecutor.execute(DriverCommandExecutor.java:174)
	at org.openqa.selenium.remote.RemoteWebDriver.execute(RemoteWebDriver.java:518)
	at org.openqa.selenium.remote.ElementLocation$ElementFinder$2.findElements(ElementLocation.java:182)
	at org.openqa.selenium.remote.ElementLocation.findElements(ElementLocation.java:103)
	at org.openqa.selenium.remote.RemoteWebDriver.findElements(RemoteWebDriver.java:368)
	at org.openqa.selenium.remote.RemoteWebDriver.findElements(RemoteWebDriver.java:362)
	at jdk.internal.reflect.GeneratedMethodAccessor19.invoke(Unknown Source)
	at java.base/jdk.internal.reflect.DelegatingMethodAccessorImpl.invoke(DelegatingMethodAccessorImpl.java:43)
	at org.openqa.selenium.support.decorators.WebDriverDecorator.call(WebDriverDecorator.java:249)
	at org.openqa.selenium.support.decorators.DefaultDecorated.call(DefaultDecorated.java:48)
	at org.openqa.selenium.support.decorators.WebDriverDecorator.lambda$createProxy$2(WebDriverDecorator.java:321)
	at org.openqa.selenium.remote.RemoteWebDriver$ByteBuddy$QYIudDZq.findElements(Unknown Source)
	at com.kms.katalon.core.webui.common.WebUiCommonHelper.findElementByNormalMethods(WebUiCommonHelper.java:1036)
	at com.kms.katalon.core.webui.common.WebUiCommonHelper.findElementsBySelectedMethod(WebUiCommonHelper.java:927)
	at com.kms.katalon.core.webui.common.WebUiCommonHelper.findElementsBySelectedMethod(WebUiCommonHelper.java:909)
	at com.kms.katalon.core.webui.common.WebUiCommonHelper.findElementsBySelectedMethod(WebUiCommonHelper.java:904)
	at com.kms.katalon.core.webui.common.WebUiCommonHelper.findElementsByDefault(WebUiCommonHelper.java:900)
	at com.kms.katalon.core.webui.common.WebUiCommonHelper.findElementsWithSelfHealing(WebUiCommonHelper.java:746)
	at com.kms.katalon.core.webui.common.WebUiCommonHelper.findWebElements(WebUiCommonHelper.java:730)
	at com.kms.katalon.core.webui.common.WebUiCommonHelper.findWebElement(WebUiCommonHelper.java:1416)
	at com.kms.katalon.core.webui.keyword.internal.WebUIAbstractKeyword.findWebElement(WebUIAbstractKeyword.groovy:27)
	at com.kms.katalon.core.webui.keyword.builtin.ClickKeyword$_click_closure1.doCall(ClickKeyword.groovy:66)
	at com.kms.katalon.core.webui.keyword.builtin.ClickKeyword$_click_closure1.call(ClickKeyword.groovy)
	at com.kms.katalon.core.webui.keyword.internal.WebUIKeywordMain.runKeyword(WebUIKeywordMain.groovy:35)
	... 20 more]]></system-err>
      </testcase>
      <testcase name="Test Cases/Employee_Onboarding/TC_Employee_Job_Details" time="1.014" classname="Test Cases/Employee_Onboarding/TC_Employee_Job_Details" status="FAILED">
         <failure type="FAILED" message="Test Cases/Employee_Onboarding/TC_Employee_Job_Details FAILED.&#xa;Reason:&#xa;com.kms.katalon.core.exception.StepFailedException: Unable to click on object 'Object Repository/Employee-Onboarding/Employee_Jobs/Page_OrangeHRM/a_PIM'&#xa;	at com.kms.katalon.core.webui.keyword.internal.WebUIKeywordMain.stepFailed(WebUIKeywordMain.groovy:117)&#xa;	at com.kms.katalon.core.webui.keyword.internal.WebUIKeywordMain.runKeyword(WebUIKeywordMain.groovy:43)&#xa;	at com.kms.katalon.core.webui.keyword.builtin.ClickKeyword.click(ClickKeyword.groovy:75)&#xa;	at com.kms.katalon.core.webui.keyword.builtin.ClickKeyword.execute(ClickKeyword.groovy:40)&#xa;	at com.kms.katalon.core.keyword.internal.KeywordExecutor.executeKeywordForPlatform(KeywordExecutor.groovy:74)&#xa;	at com.kms.katalon.core.webui.keyword.WebUiBuiltInKeywords.click(WebUiBuiltInKeywords.groovy:696)&#xa;	at TC_Employee_Job_Details.run(TC_Employee_Job_Details:23)&#xa;	at com.kms.katalon.core.main.ScriptEngine.run(ScriptEngine.java:194)&#xa;	at com.kms.katalon.core.main.ScriptEngine.runScriptAsRawText(ScriptEngine.java:119)&#xa;	at com.kms.katalon.core.main.TestCaseExecutor.runScript(TestCaseExecutor.java:448)&#xa;	at com.kms.katalon.core.main.TestCaseExecutor.doExecute(TestCaseExecutor.java:439)&#xa;	at com.kms.katalon.core.main.TestCaseExecutor.processExecutionPhase(TestCaseExecutor.java:418)&#xa;	at com.kms.katalon.core.main.TestCaseExecutor.accessMainPhase(TestCaseExecutor.java:410)&#xa;	at com.kms.katalon.core.main.TestCaseExecutor.execute(TestCaseExecutor.java:285)&#xa;	at com.kms.katalon.core.common.CommonExecutor.accessTestCaseMainPhase(CommonExecutor.java:65)&#xa;	at com.kms.katalon.core.main.TestSuiteExecutor.accessTestSuiteMainPhase(TestSuiteExecutor.java:161)&#xa;	at com.kms.katalon.core.main.TestSuiteExecutor.execute(TestSuiteExecutor.java:107)&#xa;	at com.kms.katalon.core.main.TestCaseMain.startTestSuite(TestCaseMain.java:176)&#xa;	at TempTestSuite1735263398717.run(TempTestSuite1735263398717.groovy:35)&#xa;	at java.base/jdk.internal.reflect.NativeMethodAccessorImpl.invoke0(Native Method)&#xa;	at java.base/jdk.internal.reflect.NativeMethodAccessorImpl.invoke(NativeMethodAccessorImpl.java:77)&#xa;	at java.base/jdk.internal.reflect.DelegatingMethodAccessorImpl.invoke(DelegatingMethodAccessorImpl.java:43)&#xa;Caused by: org.openqa.selenium.WebDriverException: disconnected: not connected to DevTools&#xa;  (failed to check if window was closed: disconnected: not connected to DevTools)&#xa;  (Session info: chrome=131.0.6778.205)&#xa;Build info: version: '4.22.0', revision: 'c5f3146703'&#xa;System info: os.name: 'Mac OS X', os.arch: 'aarch64', os.version: '15.2', java.version: '17.0.7'&#xa;Driver info: com.kms.katalon.selenium.driver.CChromeDriver&#xa;Command: [81c375fdc73980b0150be4854699555f, findElements {using=xpath, value=//div[@id='app']/div/div/aside/nav/div[2]/ul/li[2]/a}]&#xa;Capabilities {acceptInsecureCerts: false, browserName: chrome, browserVersion: 131.0.6778.205, chrome: {chromedriverVersion: 131.0.6778.85 (3d81e41b6f3a..., userDataDir: /var/folders/1j/l6215wsx1tb...}, fedcm:accounts: true, goog:chromeOptions: {debuggerAddress: localhost:49316}, networkConnectionEnabled: false, pageLoadStrategy: normal, platformName: mac, proxy: Proxy(), se:cdp: ws://localhost:49316/devtoo..., se:cdpVersion: 131.0.6778.205, setWindowRect: true, strictFileInteractability: false, timeouts: {implicit: 0, pageLoad: 300000, script: 30000}, unhandledPromptBehavior: ignore, webSocketUrl: ws://localhost:6763/session..., webauthn:extension:credBlob: true, webauthn:extension:largeBlob: true, webauthn:extension:minPinLength: true, webauthn:extension:prf: true, webauthn:virtualAuthenticators: true}&#xa;Session ID: 81c375fdc73980b0150be4854699555f&#xa;	at jdk.internal.reflect.GeneratedConstructorAccessor34.newInstance(Unknown Source)&#xa;	at java.base/jdk.internal.reflect.DelegatingConstructorAccessorImpl.newInstance(DelegatingConstructorAccessorImpl.java:45)&#xa;	at org.openqa.selenium.remote.ErrorCodec.decode(ErrorCodec.java:167)&#xa;	at org.openqa.selenium.remote.codec.w3c.W3CHttpResponseCodec.decode(W3CHttpResponseCodec.java:138)&#xa;	at org.openqa.selenium.remote.codec.w3c.W3CHttpResponseCodec.decode(W3CHttpResponseCodec.java:50)&#xa;	at org.openqa.selenium.remote.HttpCommandExecutor.execute(HttpCommandExecutor.java:190)&#xa;	at org.openqa.selenium.remote.service.DriverCommandExecutor.invokeExecute(DriverCommandExecutor.java:216)&#xa;	at org.openqa.selenium.remote.service.DriverCommandExecutor.execute(DriverCommandExecutor.java:174)&#xa;	at org.openqa.selenium.remote.RemoteWebDriver.execute(RemoteWebDriver.java:518)&#xa;	at org.openqa.selenium.remote.ElementLocation$ElementFinder$2.findElements(ElementLocation.java:182)&#xa;	at org.openqa.selenium.remote.ElementLocation.findElements(ElementLocation.java:103)&#xa;	at org.openqa.selenium.remote.RemoteWebDriver.findElements(RemoteWebDriver.java:368)&#xa;	at org.openqa.selenium.remote.RemoteWebDriver.findElements(RemoteWebDriver.java:362)&#xa;	at jdk.internal.reflect.GeneratedMethodAccessor19.invoke(Unknown Source)&#xa;	at java.base/jdk.internal.reflect.DelegatingMethodAccessorImpl.invoke(DelegatingMethodAccessorImpl.java:43)&#xa;	at org.openqa.selenium.support.decorators.WebDriverDecorator.call(WebDriverDecorator.java:249)&#xa;	at org.openqa.selenium.support.decorators.DefaultDecorated.call(DefaultDecorated.java:48)&#xa;	at org.openqa.selenium.support.decorators.WebDriverDecorator.lambda$createProxy$2(WebDriverDecorator.java:321)&#xa;	at org.openqa.selenium.remote.RemoteWebDriver$ByteBuddy$QYIudDZq.findElements(Unknown Source)&#xa;	at com.kms.katalon.core.webui.common.WebUiCommonHelper.findElementByNormalMethods(WebUiCommonHelper.java:1036)&#xa;	at com.kms.katalon.core.webui.common.WebUiCommonHelper.findElementsBySelectedMethod(WebUiCommonHelper.java:927)&#xa;	at com.kms.katalon.core.webui.common.WebUiCommonHelper.findElementsBySelectedMethod(WebUiCommonHelper.java:909)&#xa;	at com.kms.katalon.core.webui.common.WebUiCommonHelper.findElementsBySelectedMethod(WebUiCommonHelper.java:904)&#xa;	at com.kms.katalon.core.webui.common.WebUiCommonHelper.findElementsByDefault(WebUiCommonHelper.java:900)&#xa;	at com.kms.katalon.core.webui.common.WebUiCommonHelper.findElementsWithSelfHealing(WebUiCommonHelper.java:746)&#xa;	at com.kms.katalon.core.webui.common.WebUiCommonHelper.findWebElements(WebUiCommonHelper.java:730)&#xa;	at com.kms.katalon.core.webui.common.WebUiCommonHelper.findWebElement(WebUiCommonHelper.java:1416)&#xa;	at com.kms.katalon.core.webui.keyword.internal.WebUIAbstractKeyword.findWebElement(WebUIAbstractKeyword.groovy:27)&#xa;	at com.kms.katalon.core.webui.keyword.builtin.ClickKeyword$_click_closure1.doCall(ClickKeyword.groovy:66)&#xa;	at com.kms.katalon.core.webui.keyword.builtin.ClickKeyword$_click_closure1.call(ClickKeyword.groovy)&#xa;	at com.kms.katalon.core.webui.keyword.internal.WebUIKeywordMain.runKeyword(WebUIKeywordMain.groovy:35)&#xa;	... 20 more&#xa;"/>
         <system-out><![CDATA[27-12-2024T07:12:56 - [TEST_CASE][FAILED] - Test Cases/Employee_Onboarding/TC_Employee_Job_Details: Test Cases/Employee_Onboarding/TC_Employee_Job_Details FAILED.
Reason:
com.kms.katalon.core.exception.StepFailedException: Unable to click on object 'Object Repository/Employee-Onboarding/Employee_Jobs/Page_OrangeHRM/a_PIM'
	at com.kms.katalon.core.webui.keyword.internal.WebUIKeywordMain.stepFailed(WebUIKeywordMain.groovy:117)
	at com.kms.katalon.core.webui.keyword.internal.WebUIKeywordMain.runKeyword(WebUIKeywordMain.groovy:43)
	at com.kms.katalon.core.webui.keyword.builtin.ClickKeyword.click(ClickKeyword.groovy:75)
	at com.kms.katalon.core.webui.keyword.builtin.ClickKeyword.execute(ClickKeyword.groovy:40)
	at com.kms.katalon.core.keyword.internal.KeywordExecutor.executeKeywordForPlatform(KeywordExecutor.groovy:74)
	at com.kms.katalon.core.webui.keyword.WebUiBuiltInKeywords.click(WebUiBuiltInKeywords.groovy:696)
	at TC_Employee_Job_Details.run(TC_Employee_Job_Details:23)
	at com.kms.katalon.core.main.ScriptEngine.run(ScriptEngine.java:194)
	at com.kms.katalon.core.main.ScriptEngine.runScriptAsRawText(ScriptEngine.java:119)
	at com.kms.katalon.core.main.TestCaseExecutor.runScript(TestCaseExecutor.java:448)
	at com.kms.katalon.core.main.TestCaseExecutor.doExecute(TestCaseExecutor.java:439)
	at com.kms.katalon.core.main.TestCaseExecutor.processExecutionPhase(TestCaseExecutor.java:418)
	at com.kms.katalon.core.main.TestCaseExecutor.accessMainPhase(TestCaseExecutor.java:410)
	at com.kms.katalon.core.main.TestCaseExecutor.execute(TestCaseExecutor.java:285)
	at com.kms.katalon.core.common.CommonExecutor.accessTestCaseMainPhase(CommonExecutor.java:65)
	at com.kms.katalon.core.main.TestSuiteExecutor.accessTestSuiteMainPhase(TestSuiteExecutor.java:161)
	at com.kms.katalon.core.main.TestSuiteExecutor.execute(TestSuiteExecutor.java:107)
	at com.kms.katalon.core.main.TestCaseMain.startTestSuite(TestCaseMain.java:176)
	at TempTestSuite1735263398717.run(TempTestSuite1735263398717.groovy:35)
	at java.base/jdk.internal.reflect.NativeMethodAccessorImpl.invoke0(Native Method)
	at java.base/jdk.internal.reflect.NativeMethodAccessorImpl.invoke(NativeMethodAccessorImpl.java:77)
	at java.base/jdk.internal.reflect.DelegatingMethodAccessorImpl.invoke(DelegatingMethodAccessorImpl.java:43)
Caused by: org.openqa.selenium.WebDriverException: disconnected: not connected to DevTools
  (failed to check if window was closed: disconnected: not connected to DevTools)
  (Session info: chrome=131.0.6778.205)
Build info: version: '4.22.0', revision: 'c5f3146703'
System info: os.name: 'Mac OS X', os.arch: 'aarch64', os.version: '15.2', java.version: '17.0.7'
Driver info: com.kms.katalon.selenium.driver.CChromeDriver
Command: [81c375fdc73980b0150be4854699555f, findElements {using=xpath, value=//div[@id='app']/div/div/aside/nav/div[2]/ul/li[2]/a}]
Capabilities {acceptInsecureCerts: false, browserName: chrome, browserVersion: 131.0.6778.205, chrome: {chromedriverVersion: 131.0.6778.85 (3d81e41b6f3a..., userDataDir: /var/folders/1j/l6215wsx1tb...}, fedcm:accounts: true, goog:chromeOptions: {debuggerAddress: localhost:49316}, networkConnectionEnabled: false, pageLoadStrategy: normal, platformName: mac, proxy: Proxy(), se:cdp: ws://localhost:49316/devtoo..., se:cdpVersion: 131.0.6778.205, setWindowRect: true, strictFileInteractability: false, timeouts: {implicit: 0, pageLoad: 300000, script: 30000}, unhandledPromptBehavior: ignore, webSocketUrl: ws://localhost:6763/session..., webauthn:extension:credBlob: true, webauthn:extension:largeBlob: true, webauthn:extension:minPinLength: true, webauthn:extension:prf: true, webauthn:virtualAuthenticators: true}
Session ID: 81c375fdc73980b0150be4854699555f
	at jdk.internal.reflect.GeneratedConstructorAccessor34.newInstance(Unknown Source)
	at java.base/jdk.internal.reflect.DelegatingConstructorAccessorImpl.newInstance(DelegatingConstructorAccessorImpl.java:45)
	at org.openqa.selenium.remote.ErrorCodec.decode(ErrorCodec.java:167)
	at org.openqa.selenium.remote.codec.w3c.W3CHttpResponseCodec.decode(W3CHttpResponseCodec.java:138)
	at org.openqa.selenium.remote.codec.w3c.W3CHttpResponseCodec.decode(W3CHttpResponseCodec.java:50)
	at org.openqa.selenium.remote.HttpCommandExecutor.execute(HttpCommandExecutor.java:190)
	at org.openqa.selenium.remote.service.DriverCommandExecutor.invokeExecute(DriverCommandExecutor.java:216)
	at org.openqa.selenium.remote.service.DriverCommandExecutor.execute(DriverCommandExecutor.java:174)
	at org.openqa.selenium.remote.RemoteWebDriver.execute(RemoteWebDriver.java:518)
	at org.openqa.selenium.remote.ElementLocation$ElementFinder$2.findElements(ElementLocation.java:182)
	at org.openqa.selenium.remote.ElementLocation.findElements(ElementLocation.java:103)
	at org.openqa.selenium.remote.RemoteWebDriver.findElements(RemoteWebDriver.java:368)
	at org.openqa.selenium.remote.RemoteWebDriver.findElements(RemoteWebDriver.java:362)
	at jdk.internal.reflect.GeneratedMethodAccessor19.invoke(Unknown Source)
	at java.base/jdk.internal.reflect.DelegatingMethodAccessorImpl.invoke(DelegatingMethodAccessorImpl.java:43)
	at org.openqa.selenium.support.decorators.WebDriverDecorator.call(WebDriverDecorator.java:249)
	at org.openqa.selenium.support.decorators.DefaultDecorated.call(DefaultDecorated.java:48)
	at org.openqa.selenium.support.decorators.WebDriverDecorator.lambda$createProxy$2(WebDriverDecorator.java:321)
	at org.openqa.selenium.remote.RemoteWebDriver$ByteBuddy$QYIudDZq.findElements(Unknown Source)
	at com.kms.katalon.core.webui.common.WebUiCommonHelper.findElementByNormalMethods(WebUiCommonHelper.java:1036)
	at com.kms.katalon.core.webui.common.WebUiCommonHelper.findElementsBySelectedMethod(WebUiCommonHelper.java:927)
	at com.kms.katalon.core.webui.common.WebUiCommonHelper.findElementsBySelectedMethod(WebUiCommonHelper.java:909)
	at com.kms.katalon.core.webui.common.WebUiCommonHelper.findElementsBySelectedMethod(WebUiCommonHelper.java:904)
	at com.kms.katalon.core.webui.common.WebUiCommonHelper.findElementsByDefault(WebUiCommonHelper.java:900)
	at com.kms.katalon.core.webui.common.WebUiCommonHelper.findElementsWithSelfHealing(WebUiCommonHelper.java:746)
	at com.kms.katalon.core.webui.common.WebUiCommonHelper.findWebElements(WebUiCommonHelper.java:730)
	at com.kms.katalon.core.webui.common.WebUiCommonHelper.findWebElement(WebUiCommonHelper.java:1416)
	at com.kms.katalon.core.webui.keyword.internal.WebUIAbstractKeyword.findWebElement(WebUIAbstractKeyword.groovy:27)
	at com.kms.katalon.core.webui.keyword.builtin.ClickKeyword$_click_closure1.doCall(ClickKeyword.groovy:66)
	at com.kms.katalon.core.webui.keyword.builtin.ClickKeyword$_click_closure1.call(ClickKeyword.groovy)
	at com.kms.katalon.core.webui.keyword.internal.WebUIKeywordMain.runKeyword(WebUIKeywordMain.groovy:35)
	... 20 more


27-12-2024T07:12:56 - [TEST_STEP][PASSED] - comment("Step 1: Click on the "PIM" tab to access the Employee Management section"): Step 1: Click on the "PIM" tab to access the Employee Management section

27-12-2024T07:12:56 - [MESSAGE][INFO] - Step 1: Click on the "PIM" tab to access the Employee Management section

27-12-2024T07:12:56 - [TEST_STEP][FAILED] - click(findTestObject("Object Repository/Employee-Onboarding/Employee_Jobs/Page_OrangeHRM/a_PIM")): Unable to click on object 'Object Repository/Employee-Onboarding/Employee_Jobs/Page_OrangeHRM/a_PIM' (Root cause: com.kms.katalon.core.exception.StepFailedException: Unable to click on object 'Object Repository/Employee-Onboarding/Employee_Jobs/Page_OrangeHRM/a_PIM'
	at com.kms.katalon.core.webui.keyword.internal.WebUIKeywordMain.stepFailed(WebUIKeywordMain.groovy:117)
	at com.kms.katalon.core.webui.keyword.internal.WebUIKeywordMain.runKeyword(WebUIKeywordMain.groovy:43)
	at com.kms.katalon.core.webui.keyword.builtin.ClickKeyword.click(ClickKeyword.groovy:75)
	at com.kms.katalon.core.webui.keyword.builtin.ClickKeyword.execute(ClickKeyword.groovy:40)
	at com.kms.katalon.core.keyword.internal.KeywordExecutor.executeKeywordForPlatform(KeywordExecutor.groovy:74)
	at com.kms.katalon.core.webui.keyword.WebUiBuiltInKeywords.click(WebUiBuiltInKeywords.groovy:696)
	at TC_Employee_Job_Details.run(TC_Employee_Job_Details:23)
	at com.kms.katalon.core.main.ScriptEngine.run(ScriptEngine.java:194)
	at com.kms.katalon.core.main.ScriptEngine.runScriptAsRawText(ScriptEngine.java:119)
	at com.kms.katalon.core.main.TestCaseExecutor.runScript(TestCaseExecutor.java:448)
	at com.kms.katalon.core.main.TestCaseExecutor.doExecute(TestCaseExecutor.java:439)
	at com.kms.katalon.core.main.TestCaseExecutor.processExecutionPhase(TestCaseExecutor.java:418)
	at com.kms.katalon.core.main.TestCaseExecutor.accessMainPhase(TestCaseExecutor.java:410)
	at com.kms.katalon.core.main.TestCaseExecutor.execute(TestCaseExecutor.java:285)
	at com.kms.katalon.core.common.CommonExecutor.accessTestCaseMainPhase(CommonExecutor.java:65)
	at com.kms.katalon.core.main.TestSuiteExecutor.accessTestSuiteMainPhase(TestSuiteExecutor.java:161)
	at com.kms.katalon.core.main.TestSuiteExecutor.execute(TestSuiteExecutor.java:107)
	at com.kms.katalon.core.main.TestCaseMain.startTestSuite(TestCaseMain.java:176)
	at TempTestSuite1735263398717.run(TempTestSuite1735263398717.groovy:35)
	at java.base/jdk.internal.reflect.NativeMethodAccessorImpl.invoke0(Native Method)
	at java.base/jdk.internal.reflect.NativeMethodAccessorImpl.invoke(NativeMethodAccessorImpl.java:77)
	at java.base/jdk.internal.reflect.DelegatingMethodAccessorImpl.invoke(DelegatingMethodAccessorImpl.java:43)
Caused by: org.openqa.selenium.WebDriverException: disconnected: not connected to DevTools
  (failed to check if window was closed: disconnected: not connected to DevTools)
  (Session info: chrome=131.0.6778.205)
Build info: version: '4.22.0', revision: 'c5f3146703'
System info: os.name: 'Mac OS X', os.arch: 'aarch64', os.version: '15.2', java.version: '17.0.7'
Driver info: com.kms.katalon.selenium.driver.CChromeDriver
Command: [81c375fdc73980b0150be4854699555f, findElements {using=xpath, value=//div[@id='app']/div/div/aside/nav/div[2]/ul/li[2]/a}]
Capabilities {acceptInsecureCerts: false, browserName: chrome, browserVersion: 131.0.6778.205, chrome: {chromedriverVersion: 131.0.6778.85 (3d81e41b6f3a..., userDataDir: /var/folders/1j/l6215wsx1tb...}, fedcm:accounts: true, goog:chromeOptions: {debuggerAddress: localhost:49316}, networkConnectionEnabled: false, pageLoadStrategy: normal, platformName: mac, proxy: Proxy(), se:cdp: ws://localhost:49316/devtoo..., se:cdpVersion: 131.0.6778.205, setWindowRect: true, strictFileInteractability: false, timeouts: {implicit: 0, pageLoad: 300000, script: 30000}, unhandledPromptBehavior: ignore, webSocketUrl: ws://localhost:6763/session..., webauthn:extension:credBlob: true, webauthn:extension:largeBlob: true, webauthn:extension:minPinLength: true, webauthn:extension:prf: true, webauthn:virtualAuthenticators: true}
Session ID: 81c375fdc73980b0150be4854699555f
	at jdk.internal.reflect.GeneratedConstructorAccessor34.newInstance(Unknown Source)
	at java.base/jdk.internal.reflect.DelegatingConstructorAccessorImpl.newInstance(DelegatingConstructorAccessorImpl.java:45)
	at org.openqa.selenium.remote.ErrorCodec.decode(ErrorCodec.java:167)
	at org.openqa.selenium.remote.codec.w3c.W3CHttpResponseCodec.decode(W3CHttpResponseCodec.java:138)
	at org.openqa.selenium.remote.codec.w3c.W3CHttpResponseCodec.decode(W3CHttpResponseCodec.java:50)
	at org.openqa.selenium.remote.HttpCommandExecutor.execute(HttpCommandExecutor.java:190)
	at org.openqa.selenium.remote.service.DriverCommandExecutor.invokeExecute(DriverCommandExecutor.java:216)
	at org.openqa.selenium.remote.service.DriverCommandExecutor.execute(DriverCommandExecutor.java:174)
	at org.openqa.selenium.remote.RemoteWebDriver.execute(RemoteWebDriver.java:518)
	at org.openqa.selenium.remote.ElementLocation$ElementFinder$2.findElements(ElementLocation.java:182)
	at org.openqa.selenium.remote.ElementLocation.findElements(ElementLocation.java:103)
	at org.openqa.selenium.remote.RemoteWebDriver.findElements(RemoteWebDriver.java:368)
	at org.openqa.selenium.remote.RemoteWebDriver.findElements(RemoteWebDriver.java:362)
	at jdk.internal.reflect.GeneratedMethodAccessor19.invoke(Unknown Source)
	at java.base/jdk.internal.reflect.DelegatingMethodAccessorImpl.invoke(DelegatingMethodAccessorImpl.java:43)
	at org.openqa.selenium.support.decorators.WebDriverDecorator.call(WebDriverDecorator.java:249)
	at org.openqa.selenium.support.decorators.DefaultDecorated.call(DefaultDecorated.java:48)
	at org.openqa.selenium.support.decorators.WebDriverDecorator.lambda$createProxy$2(WebDriverDecorator.java:321)
	at org.openqa.selenium.remote.RemoteWebDriver$ByteBuddy$QYIudDZq.findElements(Unknown Source)
	at com.kms.katalon.core.webui.common.WebUiCommonHelper.findElementByNormalMethods(WebUiCommonHelper.java:1036)
	at com.kms.katalon.core.webui.common.WebUiCommonHelper.findElementsBySelectedMethod(WebUiCommonHelper.java:927)
	at com.kms.katalon.core.webui.common.WebUiCommonHelper.findElementsBySelectedMethod(WebUiCommonHelper.java:909)
	at com.kms.katalon.core.webui.common.WebUiCommonHelper.findElementsBySelectedMethod(WebUiCommonHelper.java:904)
	at com.kms.katalon.core.webui.common.WebUiCommonHelper.findElementsByDefault(WebUiCommonHelper.java:900)
	at com.kms.katalon.core.webui.common.WebUiCommonHelper.findElementsWithSelfHealing(WebUiCommonHelper.java:746)
	at com.kms.katalon.core.webui.common.WebUiCommonHelper.findWebElements(WebUiCommonHelper.java:730)
	at com.kms.katalon.core.webui.common.WebUiCommonHelper.findWebElement(WebUiCommonHelper.java:1416)
	at com.kms.katalon.core.webui.keyword.internal.WebUIAbstractKeyword.findWebElement(WebUIAbstractKeyword.groovy:27)
	at com.kms.katalon.core.webui.keyword.builtin.ClickKeyword$_click_closure1.doCall(ClickKeyword.groovy:66)
	at com.kms.katalon.core.webui.keyword.builtin.ClickKeyword$_click_closure1.call(ClickKeyword.groovy)
	at com.kms.katalon.core.webui.keyword.internal.WebUIKeywordMain.runKeyword(WebUIKeywordMain.groovy:35)
	at com.kms.katalon.core.webui.keyword.builtin.ClickKeyword.click(ClickKeyword.groovy:75)
	at com.kms.katalon.core.webui.keyword.builtin.ClickKeyword.execute(ClickKeyword.groovy:40)
	at com.kms.katalon.core.keyword.internal.KeywordExecutor.executeKeywordForPlatform(KeywordExecutor.groovy:74)
	at com.kms.katalon.core.webui.keyword.WebUiBuiltInKeywords.click(WebUiBuiltInKeywords.groovy:696)
	at Script1734948563457.run(Script1734948563457.groovy:23)
	... 15 more
)

27-12-2024T07:12:56 - [MESSAGE][WARNING] - [SELF-HEALING] Failed to find element with id 'Object Repository/Employee-Onboarding/Employee_Jobs/Page_OrangeHRM/a_PIM'. Try using Self-healing.

27-12-2024T07:12:56 - [MESSAGE][WARNING] - [SELF-HEALING] disconnected: not connected to DevTools
  (failed to check if window was closed: disconnected: not connected to DevTools)
  (Session info: chrome=131.0.6778.205)
Build info: version: '4.22.0', revision: 'c5f3146703'
System info: os.name: 'Mac OS X', os.arch: 'aarch64', os.version: '15.2', java.version: '17.0.7'
Driver info: com.kms.katalon.selenium.driver.CChromeDriver
Command: [81c375fdc73980b0150be4854699555f, findElements {using=xpath, value=//div[@id='app']/div/div/aside/nav/div[2]/ul/li[2]/a}]
Capabilities {acceptInsecureCerts: false, browserName: chrome, browserVersion: 131.0.6778.205, chrome: {chromedriverVersion: 131.0.6778.85 (3d81e41b6f3a..., userDataDir: /var/folders/1j/l6215wsx1tb...}, fedcm:accounts: true, goog:chromeOptions: {debuggerAddress: localhost:49316}, networkConnectionEnabled: false, pageLoadStrategy: normal, platformName: mac, proxy: Proxy(), se:cdp: ws://localhost:49316/devtoo..., se:cdpVersion: 131.0.6778.205, setWindowRect: true, strictFileInteractability: false, timeouts: {implicit: 0, pageLoad: 300000, script: 30000}, unhandledPromptBehavior: ignore, webSocketUrl: ws://localhost:6763/session..., webauthn:extension:credBlob: true, webauthn:extension:largeBlob: true, webauthn:extension:minPinLength: true, webauthn:extension:prf: true, webauthn:virtualAuthenticators: true}
Session ID: 81c375fdc73980b0150be4854699555f

27-12-2024T07:12:57 - [MESSAGE][WARNING] - [SELF-HEALING] disconnected: not connected to DevTools
  (failed to check if window was closed: disconnected: not connected to DevTools)
  (Session info: chrome=131.0.6778.205)
Build info: version: '4.22.0', revision: 'c5f3146703'
System info: os.name: 'Mac OS X', os.arch: 'aarch64', os.version: '15.2', java.version: '17.0.7'
Driver info: com.kms.katalon.selenium.driver.CChromeDriver
Command: [81c375fdc73980b0150be4854699555f, findElements {using=xpath, value=//*[@href = '/web/index.php/pim/viewPimModule' and (text() = 'PIM' or . = 'PIM')]}]
Capabilities {acceptInsecureCerts: false, browserName: chrome, browserVersion: 131.0.6778.205, chrome: {chromedriverVersion: 131.0.6778.85 (3d81e41b6f3a..., userDataDir: /var/folders/1j/l6215wsx1tb...}, fedcm:accounts: true, goog:chromeOptions: {debuggerAddress: localhost:49316}, networkConnectionEnabled: false, pageLoadStrategy: normal, platformName: mac, proxy: Proxy(), se:cdp: ws://localhost:49316/devtoo..., se:cdpVersion: 131.0.6778.205, setWindowRect: true, strictFileInteractability: false, timeouts: {implicit: 0, pageLoad: 300000, script: 30000}, unhandledPromptBehavior: ignore, webSocketUrl: ws://localhost:6763/session..., webauthn:extension:credBlob: true, webauthn:extension:largeBlob: true, webauthn:extension:minPinLength: true, webauthn:extension:prf: true, webauthn:virtualAuthenticators: true}
Session ID: 81c375fdc73980b0150be4854699555f

27-12-2024T07:12:57 - [MESSAGE][WARNING] - [SELF-HEALING] disconnected: not connected to DevTools
  (failed to check if window was closed: disconnected: not connected to DevTools)
  (Session info: chrome=131.0.6778.205)
Build info: version: '4.22.0', revision: 'c5f3146703'
System info: os.name: 'Mac OS X', os.arch: 'aarch64', os.version: '15.2', java.version: '17.0.7'
Driver info: com.kms.katalon.selenium.driver.CChromeDriver
Command: [81c375fdc73980b0150be4854699555f, findElements {using=css selector, value=}]
Capabilities {acceptInsecureCerts: false, browserName: chrome, browserVersion: 131.0.6778.205, chrome: {chromedriverVersion: 131.0.6778.85 (3d81e41b6f3a..., userDataDir: /var/folders/1j/l6215wsx1tb...}, fedcm:accounts: true, goog:chromeOptions: {debuggerAddress: localhost:49316}, networkConnectionEnabled: false, pageLoadStrategy: normal, platformName: mac, proxy: Proxy(), se:cdp: ws://localhost:49316/devtoo..., se:cdpVersion: 131.0.6778.205, setWindowRect: true, strictFileInteractability: false, timeouts: {implicit: 0, pageLoad: 300000, script: 30000}, unhandledPromptBehavior: ignore, webSocketUrl: ws://localhost:6763/session..., webauthn:extension:credBlob: true, webauthn:extension:largeBlob: true, webauthn:extension:minPinLength: true, webauthn:extension:prf: true, webauthn:virtualAuthenticators: true}
Session ID: 81c375fdc73980b0150be4854699555f

27-12-2024T07:12:57 - [MESSAGE][WARNING] - Cannot take screenshot

27-12-2024T07:12:57 - [MESSAGE][FAILED] - Unable to click on object 'Object Repository/Employee-Onboarding/Employee_Jobs/Page_OrangeHRM/a_PIM' (Root cause: com.kms.katalon.core.exception.StepFailedException: Unable to click on object 'Object Repository/Employee-Onboarding/Employee_Jobs/Page_OrangeHRM/a_PIM'
	at com.kms.katalon.core.webui.keyword.internal.WebUIKeywordMain.stepFailed(WebUIKeywordMain.groovy:117)
	at com.kms.katalon.core.webui.keyword.internal.WebUIKeywordMain.runKeyword(WebUIKeywordMain.groovy:43)
	at com.kms.katalon.core.webui.keyword.builtin.ClickKeyword.click(ClickKeyword.groovy:75)
	at com.kms.katalon.core.webui.keyword.builtin.ClickKeyword.execute(ClickKeyword.groovy:40)
	at com.kms.katalon.core.keyword.internal.KeywordExecutor.executeKeywordForPlatform(KeywordExecutor.groovy:74)
	at com.kms.katalon.core.webui.keyword.WebUiBuiltInKeywords.click(WebUiBuiltInKeywords.groovy:696)
	at TC_Employee_Job_Details.run(TC_Employee_Job_Details:23)
	at com.kms.katalon.core.main.ScriptEngine.run(ScriptEngine.java:194)
	at com.kms.katalon.core.main.ScriptEngine.runScriptAsRawText(ScriptEngine.java:119)
	at com.kms.katalon.core.main.TestCaseExecutor.runScript(TestCaseExecutor.java:448)
	at com.kms.katalon.core.main.TestCaseExecutor.doExecute(TestCaseExecutor.java:439)
	at com.kms.katalon.core.main.TestCaseExecutor.processExecutionPhase(TestCaseExecutor.java:418)
	at com.kms.katalon.core.main.TestCaseExecutor.accessMainPhase(TestCaseExecutor.java:410)
	at com.kms.katalon.core.main.TestCaseExecutor.execute(TestCaseExecutor.java:285)
	at com.kms.katalon.core.common.CommonExecutor.accessTestCaseMainPhase(CommonExecutor.java:65)
	at com.kms.katalon.core.main.TestSuiteExecutor.accessTestSuiteMainPhase(TestSuiteExecutor.java:161)
	at com.kms.katalon.core.main.TestSuiteExecutor.execute(TestSuiteExecutor.java:107)
	at com.kms.katalon.core.main.TestCaseMain.startTestSuite(TestCaseMain.java:176)
	at TempTestSuite1735263398717.run(TempTestSuite1735263398717.groovy:35)
	at java.base/jdk.internal.reflect.NativeMethodAccessorImpl.invoke0(Native Method)
	at java.base/jdk.internal.reflect.NativeMethodAccessorImpl.invoke(NativeMethodAccessorImpl.java:77)
	at java.base/jdk.internal.reflect.DelegatingMethodAccessorImpl.invoke(DelegatingMethodAccessorImpl.java:43)
Caused by: org.openqa.selenium.WebDriverException: disconnected: not connected to DevTools
  (failed to check if window was closed: disconnected: not connected to DevTools)
  (Session info: chrome=131.0.6778.205)
Build info: version: '4.22.0', revision: 'c5f3146703'
System info: os.name: 'Mac OS X', os.arch: 'aarch64', os.version: '15.2', java.version: '17.0.7'
Driver info: com.kms.katalon.selenium.driver.CChromeDriver
Command: [81c375fdc73980b0150be4854699555f, findElements {using=xpath, value=//div[@id='app']/div/div/aside/nav/div[2]/ul/li[2]/a}]
Capabilities {acceptInsecureCerts: false, browserName: chrome, browserVersion: 131.0.6778.205, chrome: {chromedriverVersion: 131.0.6778.85 (3d81e41b6f3a..., userDataDir: /var/folders/1j/l6215wsx1tb...}, fedcm:accounts: true, goog:chromeOptions: {debuggerAddress: localhost:49316}, networkConnectionEnabled: false, pageLoadStrategy: normal, platformName: mac, proxy: Proxy(), se:cdp: ws://localhost:49316/devtoo..., se:cdpVersion: 131.0.6778.205, setWindowRect: true, strictFileInteractability: false, timeouts: {implicit: 0, pageLoad: 300000, script: 30000}, unhandledPromptBehavior: ignore, webSocketUrl: ws://localhost:6763/session..., webauthn:extension:credBlob: true, webauthn:extension:largeBlob: true, webauthn:extension:minPinLength: true, webauthn:extension:prf: true, webauthn:virtualAuthenticators: true}
Session ID: 81c375fdc73980b0150be4854699555f
	at jdk.internal.reflect.GeneratedConstructorAccessor34.newInstance(Unknown Source)
	at java.base/jdk.internal.reflect.DelegatingConstructorAccessorImpl.newInstance(DelegatingConstructorAccessorImpl.java:45)
	at org.openqa.selenium.remote.ErrorCodec.decode(ErrorCodec.java:167)
	at org.openqa.selenium.remote.codec.w3c.W3CHttpResponseCodec.decode(W3CHttpResponseCodec.java:138)
	at org.openqa.selenium.remote.codec.w3c.W3CHttpResponseCodec.decode(W3CHttpResponseCodec.java:50)
	at org.openqa.selenium.remote.HttpCommandExecutor.execute(HttpCommandExecutor.java:190)
	at org.openqa.selenium.remote.service.DriverCommandExecutor.invokeExecute(DriverCommandExecutor.java:216)
	at org.openqa.selenium.remote.service.DriverCommandExecutor.execute(DriverCommandExecutor.java:174)
	at org.openqa.selenium.remote.RemoteWebDriver.execute(RemoteWebDriver.java:518)
	at org.openqa.selenium.remote.ElementLocation$ElementFinder$2.findElements(ElementLocation.java:182)
	at org.openqa.selenium.remote.ElementLocation.findElements(ElementLocation.java:103)
	at org.openqa.selenium.remote.RemoteWebDriver.findElements(RemoteWebDriver.java:368)
	at org.openqa.selenium.remote.RemoteWebDriver.findElements(RemoteWebDriver.java:362)
	at jdk.internal.reflect.GeneratedMethodAccessor19.invoke(Unknown Source)
	at java.base/jdk.internal.reflect.DelegatingMethodAccessorImpl.invoke(DelegatingMethodAccessorImpl.java:43)
	at org.openqa.selenium.support.decorators.WebDriverDecorator.call(WebDriverDecorator.java:249)
	at org.openqa.selenium.support.decorators.DefaultDecorated.call(DefaultDecorated.java:48)
	at org.openqa.selenium.support.decorators.WebDriverDecorator.lambda$createProxy$2(WebDriverDecorator.java:321)
	at org.openqa.selenium.remote.RemoteWebDriver$ByteBuddy$QYIudDZq.findElements(Unknown Source)
	at com.kms.katalon.core.webui.common.WebUiCommonHelper.findElementByNormalMethods(WebUiCommonHelper.java:1036)
	at com.kms.katalon.core.webui.common.WebUiCommonHelper.findElementsBySelectedMethod(WebUiCommonHelper.java:927)
	at com.kms.katalon.core.webui.common.WebUiCommonHelper.findElementsBySelectedMethod(WebUiCommonHelper.java:909)
	at com.kms.katalon.core.webui.common.WebUiCommonHelper.findElementsBySelectedMethod(WebUiCommonHelper.java:904)
	at com.kms.katalon.core.webui.common.WebUiCommonHelper.findElementsByDefault(WebUiCommonHelper.java:900)
	at com.kms.katalon.core.webui.common.WebUiCommonHelper.findElementsWithSelfHealing(WebUiCommonHelper.java:746)
	at com.kms.katalon.core.webui.common.WebUiCommonHelper.findWebElements(WebUiCommonHelper.java:730)
	at com.kms.katalon.core.webui.common.WebUiCommonHelper.findWebElement(WebUiCommonHelper.java:1416)
	at com.kms.katalon.core.webui.keyword.internal.WebUIAbstractKeyword.findWebElement(WebUIAbstractKeyword.groovy:27)
	at com.kms.katalon.core.webui.keyword.builtin.ClickKeyword$_click_closure1.doCall(ClickKeyword.groovy:66)
	at com.kms.katalon.core.webui.keyword.builtin.ClickKeyword$_click_closure1.call(ClickKeyword.groovy)
	at com.kms.katalon.core.webui.keyword.internal.WebUIKeywordMain.runKeyword(WebUIKeywordMain.groovy:35)
	at com.kms.katalon.core.webui.keyword.builtin.ClickKeyword.click(ClickKeyword.groovy:75)
	at com.kms.katalon.core.webui.keyword.builtin.ClickKeyword.execute(ClickKeyword.groovy:40)
	at com.kms.katalon.core.keyword.internal.KeywordExecutor.executeKeywordForPlatform(KeywordExecutor.groovy:74)
	at com.kms.katalon.core.webui.keyword.WebUiBuiltInKeywords.click(WebUiBuiltInKeywords.groovy:696)
	at Script1734948563457.run(Script1734948563457.groovy:23)
	... 15 more
)]]></system-out>
         <system-err><![CDATA[27-12-2024T07:12:56 - [TEST_CASE][FAILED] - Test Cases/Employee_Onboarding/TC_Employee_Job_Details: Test Cases/Employee_Onboarding/TC_Employee_Job_Details FAILED.
Reason:
com.kms.katalon.core.exception.StepFailedException: Unable to click on object 'Object Repository/Employee-Onboarding/Employee_Jobs/Page_OrangeHRM/a_PIM'
	at com.kms.katalon.core.webui.keyword.internal.WebUIKeywordMain.stepFailed(WebUIKeywordMain.groovy:117)
	at com.kms.katalon.core.webui.keyword.internal.WebUIKeywordMain.runKeyword(WebUIKeywordMain.groovy:43)
	at com.kms.katalon.core.webui.keyword.builtin.ClickKeyword.click(ClickKeyword.groovy:75)
	at com.kms.katalon.core.webui.keyword.builtin.ClickKeyword.execute(ClickKeyword.groovy:40)
	at com.kms.katalon.core.keyword.internal.KeywordExecutor.executeKeywordForPlatform(KeywordExecutor.groovy:74)
	at com.kms.katalon.core.webui.keyword.WebUiBuiltInKeywords.click(WebUiBuiltInKeywords.groovy:696)
	at TC_Employee_Job_Details.run(TC_Employee_Job_Details:23)
	at com.kms.katalon.core.main.ScriptEngine.run(ScriptEngine.java:194)
	at com.kms.katalon.core.main.ScriptEngine.runScriptAsRawText(ScriptEngine.java:119)
	at com.kms.katalon.core.main.TestCaseExecutor.runScript(TestCaseExecutor.java:448)
	at com.kms.katalon.core.main.TestCaseExecutor.doExecute(TestCaseExecutor.java:439)
	at com.kms.katalon.core.main.TestCaseExecutor.processExecutionPhase(TestCaseExecutor.java:418)
	at com.kms.katalon.core.main.TestCaseExecutor.accessMainPhase(TestCaseExecutor.java:410)
	at com.kms.katalon.core.main.TestCaseExecutor.execute(TestCaseExecutor.java:285)
	at com.kms.katalon.core.common.CommonExecutor.accessTestCaseMainPhase(CommonExecutor.java:65)
	at com.kms.katalon.core.main.TestSuiteExecutor.accessTestSuiteMainPhase(TestSuiteExecutor.java:161)
	at com.kms.katalon.core.main.TestSuiteExecutor.execute(TestSuiteExecutor.java:107)
	at com.kms.katalon.core.main.TestCaseMain.startTestSuite(TestCaseMain.java:176)
	at TempTestSuite1735263398717.run(TempTestSuite1735263398717.groovy:35)
	at java.base/jdk.internal.reflect.NativeMethodAccessorImpl.invoke0(Native Method)
	at java.base/jdk.internal.reflect.NativeMethodAccessorImpl.invoke(NativeMethodAccessorImpl.java:77)
	at java.base/jdk.internal.reflect.DelegatingMethodAccessorImpl.invoke(DelegatingMethodAccessorImpl.java:43)
Caused by: org.openqa.selenium.WebDriverException: disconnected: not connected to DevTools
  (failed to check if window was closed: disconnected: not connected to DevTools)
  (Session info: chrome=131.0.6778.205)
Build info: version: '4.22.0', revision: 'c5f3146703'
System info: os.name: 'Mac OS X', os.arch: 'aarch64', os.version: '15.2', java.version: '17.0.7'
Driver info: com.kms.katalon.selenium.driver.CChromeDriver
Command: [81c375fdc73980b0150be4854699555f, findElements {using=xpath, value=//div[@id='app']/div/div/aside/nav/div[2]/ul/li[2]/a}]
Capabilities {acceptInsecureCerts: false, browserName: chrome, browserVersion: 131.0.6778.205, chrome: {chromedriverVersion: 131.0.6778.85 (3d81e41b6f3a..., userDataDir: /var/folders/1j/l6215wsx1tb...}, fedcm:accounts: true, goog:chromeOptions: {debuggerAddress: localhost:49316}, networkConnectionEnabled: false, pageLoadStrategy: normal, platformName: mac, proxy: Proxy(), se:cdp: ws://localhost:49316/devtoo..., se:cdpVersion: 131.0.6778.205, setWindowRect: true, strictFileInteractability: false, timeouts: {implicit: 0, pageLoad: 300000, script: 30000}, unhandledPromptBehavior: ignore, webSocketUrl: ws://localhost:6763/session..., webauthn:extension:credBlob: true, webauthn:extension:largeBlob: true, webauthn:extension:minPinLength: true, webauthn:extension:prf: true, webauthn:virtualAuthenticators: true}
Session ID: 81c375fdc73980b0150be4854699555f
	at jdk.internal.reflect.GeneratedConstructorAccessor34.newInstance(Unknown Source)
	at java.base/jdk.internal.reflect.DelegatingConstructorAccessorImpl.newInstance(DelegatingConstructorAccessorImpl.java:45)
	at org.openqa.selenium.remote.ErrorCodec.decode(ErrorCodec.java:167)
	at org.openqa.selenium.remote.codec.w3c.W3CHttpResponseCodec.decode(W3CHttpResponseCodec.java:138)
	at org.openqa.selenium.remote.codec.w3c.W3CHttpResponseCodec.decode(W3CHttpResponseCodec.java:50)
	at org.openqa.selenium.remote.HttpCommandExecutor.execute(HttpCommandExecutor.java:190)
	at org.openqa.selenium.remote.service.DriverCommandExecutor.invokeExecute(DriverCommandExecutor.java:216)
	at org.openqa.selenium.remote.service.DriverCommandExecutor.execute(DriverCommandExecutor.java:174)
	at org.openqa.selenium.remote.RemoteWebDriver.execute(RemoteWebDriver.java:518)
	at org.openqa.selenium.remote.ElementLocation$ElementFinder$2.findElements(ElementLocation.java:182)
	at org.openqa.selenium.remote.ElementLocation.findElements(ElementLocation.java:103)
	at org.openqa.selenium.remote.RemoteWebDriver.findElements(RemoteWebDriver.java:368)
	at org.openqa.selenium.remote.RemoteWebDriver.findElements(RemoteWebDriver.java:362)
	at jdk.internal.reflect.GeneratedMethodAccessor19.invoke(Unknown Source)
	at java.base/jdk.internal.reflect.DelegatingMethodAccessorImpl.invoke(DelegatingMethodAccessorImpl.java:43)
	at org.openqa.selenium.support.decorators.WebDriverDecorator.call(WebDriverDecorator.java:249)
	at org.openqa.selenium.support.decorators.DefaultDecorated.call(DefaultDecorated.java:48)
	at org.openqa.selenium.support.decorators.WebDriverDecorator.lambda$createProxy$2(WebDriverDecorator.java:321)
	at org.openqa.selenium.remote.RemoteWebDriver$ByteBuddy$QYIudDZq.findElements(Unknown Source)
	at com.kms.katalon.core.webui.common.WebUiCommonHelper.findElementByNormalMethods(WebUiCommonHelper.java:1036)
	at com.kms.katalon.core.webui.common.WebUiCommonHelper.findElementsBySelectedMethod(WebUiCommonHelper.java:927)
	at com.kms.katalon.core.webui.common.WebUiCommonHelper.findElementsBySelectedMethod(WebUiCommonHelper.java:909)
	at com.kms.katalon.core.webui.common.WebUiCommonHelper.findElementsBySelectedMethod(WebUiCommonHelper.java:904)
	at com.kms.katalon.core.webui.common.WebUiCommonHelper.findElementsByDefault(WebUiCommonHelper.java:900)
	at com.kms.katalon.core.webui.common.WebUiCommonHelper.findElementsWithSelfHealing(WebUiCommonHelper.java:746)
	at com.kms.katalon.core.webui.common.WebUiCommonHelper.findWebElements(WebUiCommonHelper.java:730)
	at com.kms.katalon.core.webui.common.WebUiCommonHelper.findWebElement(WebUiCommonHelper.java:1416)
	at com.kms.katalon.core.webui.keyword.internal.WebUIAbstractKeyword.findWebElement(WebUIAbstractKeyword.groovy:27)
	at com.kms.katalon.core.webui.keyword.builtin.ClickKeyword$_click_closure1.doCall(ClickKeyword.groovy:66)
	at com.kms.katalon.core.webui.keyword.builtin.ClickKeyword$_click_closure1.call(ClickKeyword.groovy)
	at com.kms.katalon.core.webui.keyword.internal.WebUIKeywordMain.runKeyword(WebUIKeywordMain.groovy:35)
	... 20 more]]></system-err>
      </testcase>
      <testcase name="Test Cases/Employee_Onboarding/TC_Employee_Job_Details" time="1.015" classname="Test Cases/Employee_Onboarding/TC_Employee_Job_Details" status="FAILED">
         <failure type="FAILED" message="Test Cases/Employee_Onboarding/TC_Employee_Job_Details FAILED.&#xa;Reason:&#xa;com.kms.katalon.core.exception.StepFailedException: Unable to click on object 'Object Repository/Employee-Onboarding/Employee_Jobs/Page_OrangeHRM/a_PIM'&#xa;	at com.kms.katalon.core.webui.keyword.internal.WebUIKeywordMain.stepFailed(WebUIKeywordMain.groovy:117)&#xa;	at com.kms.katalon.core.webui.keyword.internal.WebUIKeywordMain.runKeyword(WebUIKeywordMain.groovy:43)&#xa;	at com.kms.katalon.core.webui.keyword.builtin.ClickKeyword.click(ClickKeyword.groovy:75)&#xa;	at com.kms.katalon.core.webui.keyword.builtin.ClickKeyword.execute(ClickKeyword.groovy:40)&#xa;	at com.kms.katalon.core.keyword.internal.KeywordExecutor.executeKeywordForPlatform(KeywordExecutor.groovy:74)&#xa;	at com.kms.katalon.core.webui.keyword.WebUiBuiltInKeywords.click(WebUiBuiltInKeywords.groovy:696)&#xa;	at TC_Employee_Job_Details.run(TC_Employee_Job_Details:23)&#xa;	at com.kms.katalon.core.main.ScriptEngine.run(ScriptEngine.java:194)&#xa;	at com.kms.katalon.core.main.ScriptEngine.runScriptAsRawText(ScriptEngine.java:119)&#xa;	at com.kms.katalon.core.main.TestCaseExecutor.runScript(TestCaseExecutor.java:448)&#xa;	at com.kms.katalon.core.main.TestCaseExecutor.doExecute(TestCaseExecutor.java:439)&#xa;	at com.kms.katalon.core.main.TestCaseExecutor.processExecutionPhase(TestCaseExecutor.java:418)&#xa;	at com.kms.katalon.core.main.TestCaseExecutor.accessMainPhase(TestCaseExecutor.java:410)&#xa;	at com.kms.katalon.core.main.TestCaseExecutor.execute(TestCaseExecutor.java:285)&#xa;	at com.kms.katalon.core.common.CommonExecutor.accessTestCaseMainPhase(CommonExecutor.java:65)&#xa;	at com.kms.katalon.core.main.TestSuiteExecutor.accessTestSuiteMainPhase(TestSuiteExecutor.java:161)&#xa;	at com.kms.katalon.core.main.TestSuiteExecutor.execute(TestSuiteExecutor.java:107)&#xa;	at com.kms.katalon.core.main.TestCaseMain.startTestSuite(TestCaseMain.java:176)&#xa;	at TempTestSuite1735263398717.run(TempTestSuite1735263398717.groovy:35)&#xa;	at java.base/jdk.internal.reflect.NativeMethodAccessorImpl.invoke0(Native Method)&#xa;	at java.base/jdk.internal.reflect.NativeMethodAccessorImpl.invoke(NativeMethodAccessorImpl.java:77)&#xa;	at java.base/jdk.internal.reflect.DelegatingMethodAccessorImpl.invoke(DelegatingMethodAccessorImpl.java:43)&#xa;Caused by: org.openqa.selenium.WebDriverException: disconnected: not connected to DevTools&#xa;  (failed to check if window was closed: disconnected: not connected to DevTools)&#xa;  (Session info: chrome=131.0.6778.205)&#xa;Build info: version: '4.22.0', revision: 'c5f3146703'&#xa;System info: os.name: 'Mac OS X', os.arch: 'aarch64', os.version: '15.2', java.version: '17.0.7'&#xa;Driver info: com.kms.katalon.selenium.driver.CChromeDriver&#xa;Command: [81c375fdc73980b0150be4854699555f, findElements {using=xpath, value=//div[@id='app']/div/div/aside/nav/div[2]/ul/li[2]/a}]&#xa;Capabilities {acceptInsecureCerts: false, browserName: chrome, browserVersion: 131.0.6778.205, chrome: {chromedriverVersion: 131.0.6778.85 (3d81e41b6f3a..., userDataDir: /var/folders/1j/l6215wsx1tb...}, fedcm:accounts: true, goog:chromeOptions: {debuggerAddress: localhost:49316}, networkConnectionEnabled: false, pageLoadStrategy: normal, platformName: mac, proxy: Proxy(), se:cdp: ws://localhost:49316/devtoo..., se:cdpVersion: 131.0.6778.205, setWindowRect: true, strictFileInteractability: false, timeouts: {implicit: 0, pageLoad: 300000, script: 30000}, unhandledPromptBehavior: ignore, webSocketUrl: ws://localhost:6763/session..., webauthn:extension:credBlob: true, webauthn:extension:largeBlob: true, webauthn:extension:minPinLength: true, webauthn:extension:prf: true, webauthn:virtualAuthenticators: true}&#xa;Session ID: 81c375fdc73980b0150be4854699555f&#xa;	at jdk.internal.reflect.GeneratedConstructorAccessor34.newInstance(Unknown Source)&#xa;	at java.base/jdk.internal.reflect.DelegatingConstructorAccessorImpl.newInstance(DelegatingConstructorAccessorImpl.java:45)&#xa;	at org.openqa.selenium.remote.ErrorCodec.decode(ErrorCodec.java:167)&#xa;	at org.openqa.selenium.remote.codec.w3c.W3CHttpResponseCodec.decode(W3CHttpResponseCodec.java:138)&#xa;	at org.openqa.selenium.remote.codec.w3c.W3CHttpResponseCodec.decode(W3CHttpResponseCodec.java:50)&#xa;	at org.openqa.selenium.remote.HttpCommandExecutor.execute(HttpCommandExecutor.java:190)&#xa;	at org.openqa.selenium.remote.service.DriverCommandExecutor.invokeExecute(DriverCommandExecutor.java:216)&#xa;	at org.openqa.selenium.remote.service.DriverCommandExecutor.execute(DriverCommandExecutor.java:174)&#xa;	at org.openqa.selenium.remote.RemoteWebDriver.execute(RemoteWebDriver.java:518)&#xa;	at org.openqa.selenium.remote.ElementLocation$ElementFinder$2.findElements(ElementLocation.java:182)&#xa;	at org.openqa.selenium.remote.ElementLocation.findElements(ElementLocation.java:103)&#xa;	at org.openqa.selenium.remote.RemoteWebDriver.findElements(RemoteWebDriver.java:368)&#xa;	at org.openqa.selenium.remote.RemoteWebDriver.findElements(RemoteWebDriver.java:362)&#xa;	at jdk.internal.reflect.GeneratedMethodAccessor19.invoke(Unknown Source)&#xa;	at java.base/jdk.internal.reflect.DelegatingMethodAccessorImpl.invoke(DelegatingMethodAccessorImpl.java:43)&#xa;	at org.openqa.selenium.support.decorators.WebDriverDecorator.call(WebDriverDecorator.java:249)&#xa;	at org.openqa.selenium.support.decorators.DefaultDecorated.call(DefaultDecorated.java:48)&#xa;	at org.openqa.selenium.support.decorators.WebDriverDecorator.lambda$createProxy$2(WebDriverDecorator.java:321)&#xa;	at org.openqa.selenium.remote.RemoteWebDriver$ByteBuddy$QYIudDZq.findElements(Unknown Source)&#xa;	at com.kms.katalon.core.webui.common.WebUiCommonHelper.findElementByNormalMethods(WebUiCommonHelper.java:1036)&#xa;	at com.kms.katalon.core.webui.common.WebUiCommonHelper.findElementsBySelectedMethod(WebUiCommonHelper.java:927)&#xa;	at com.kms.katalon.core.webui.common.WebUiCommonHelper.findElementsBySelectedMethod(WebUiCommonHelper.java:909)&#xa;	at com.kms.katalon.core.webui.common.WebUiCommonHelper.findElementsBySelectedMethod(WebUiCommonHelper.java:904)&#xa;	at com.kms.katalon.core.webui.common.WebUiCommonHelper.findElementsByDefault(WebUiCommonHelper.java:900)&#xa;	at com.kms.katalon.core.webui.common.WebUiCommonHelper.findElementsWithSelfHealing(WebUiCommonHelper.java:746)&#xa;	at com.kms.katalon.core.webui.common.WebUiCommonHelper.findWebElements(WebUiCommonHelper.java:730)&#xa;	at com.kms.katalon.core.webui.common.WebUiCommonHelper.findWebElement(WebUiCommonHelper.java:1416)&#xa;	at com.kms.katalon.core.webui.keyword.internal.WebUIAbstractKeyword.findWebElement(WebUIAbstractKeyword.groovy:27)&#xa;	at com.kms.katalon.core.webui.keyword.builtin.ClickKeyword$_click_closure1.doCall(ClickKeyword.groovy:66)&#xa;	at com.kms.katalon.core.webui.keyword.builtin.ClickKeyword$_click_closure1.call(ClickKeyword.groovy)&#xa;	at com.kms.katalon.core.webui.keyword.internal.WebUIKeywordMain.runKeyword(WebUIKeywordMain.groovy:35)&#xa;	... 20 more&#xa;"/>
         <system-out><![CDATA[27-12-2024T07:12:57 - [TEST_CASE][FAILED] - Test Cases/Employee_Onboarding/TC_Employee_Job_Details: Test Cases/Employee_Onboarding/TC_Employee_Job_Details FAILED.
Reason:
com.kms.katalon.core.exception.StepFailedException: Unable to click on object 'Object Repository/Employee-Onboarding/Employee_Jobs/Page_OrangeHRM/a_PIM'
	at com.kms.katalon.core.webui.keyword.internal.WebUIKeywordMain.stepFailed(WebUIKeywordMain.groovy:117)
	at com.kms.katalon.core.webui.keyword.internal.WebUIKeywordMain.runKeyword(WebUIKeywordMain.groovy:43)
	at com.kms.katalon.core.webui.keyword.builtin.ClickKeyword.click(ClickKeyword.groovy:75)
	at com.kms.katalon.core.webui.keyword.builtin.ClickKeyword.execute(ClickKeyword.groovy:40)
	at com.kms.katalon.core.keyword.internal.KeywordExecutor.executeKeywordForPlatform(KeywordExecutor.groovy:74)
	at com.kms.katalon.core.webui.keyword.WebUiBuiltInKeywords.click(WebUiBuiltInKeywords.groovy:696)
	at TC_Employee_Job_Details.run(TC_Employee_Job_Details:23)
	at com.kms.katalon.core.main.ScriptEngine.run(ScriptEngine.java:194)
	at com.kms.katalon.core.main.ScriptEngine.runScriptAsRawText(ScriptEngine.java:119)
	at com.kms.katalon.core.main.TestCaseExecutor.runScript(TestCaseExecutor.java:448)
	at com.kms.katalon.core.main.TestCaseExecutor.doExecute(TestCaseExecutor.java:439)
	at com.kms.katalon.core.main.TestCaseExecutor.processExecutionPhase(TestCaseExecutor.java:418)
	at com.kms.katalon.core.main.TestCaseExecutor.accessMainPhase(TestCaseExecutor.java:410)
	at com.kms.katalon.core.main.TestCaseExecutor.execute(TestCaseExecutor.java:285)
	at com.kms.katalon.core.common.CommonExecutor.accessTestCaseMainPhase(CommonExecutor.java:65)
	at com.kms.katalon.core.main.TestSuiteExecutor.accessTestSuiteMainPhase(TestSuiteExecutor.java:161)
	at com.kms.katalon.core.main.TestSuiteExecutor.execute(TestSuiteExecutor.java:107)
	at com.kms.katalon.core.main.TestCaseMain.startTestSuite(TestCaseMain.java:176)
	at TempTestSuite1735263398717.run(TempTestSuite1735263398717.groovy:35)
	at java.base/jdk.internal.reflect.NativeMethodAccessorImpl.invoke0(Native Method)
	at java.base/jdk.internal.reflect.NativeMethodAccessorImpl.invoke(NativeMethodAccessorImpl.java:77)
	at java.base/jdk.internal.reflect.DelegatingMethodAccessorImpl.invoke(DelegatingMethodAccessorImpl.java:43)
Caused by: org.openqa.selenium.WebDriverException: disconnected: not connected to DevTools
  (failed to check if window was closed: disconnected: not connected to DevTools)
  (Session info: chrome=131.0.6778.205)
Build info: version: '4.22.0', revision: 'c5f3146703'
System info: os.name: 'Mac OS X', os.arch: 'aarch64', os.version: '15.2', java.version: '17.0.7'
Driver info: com.kms.katalon.selenium.driver.CChromeDriver
Command: [81c375fdc73980b0150be4854699555f, findElements {using=xpath, value=//div[@id='app']/div/div/aside/nav/div[2]/ul/li[2]/a}]
Capabilities {acceptInsecureCerts: false, browserName: chrome, browserVersion: 131.0.6778.205, chrome: {chromedriverVersion: 131.0.6778.85 (3d81e41b6f3a..., userDataDir: /var/folders/1j/l6215wsx1tb...}, fedcm:accounts: true, goog:chromeOptions: {debuggerAddress: localhost:49316}, networkConnectionEnabled: false, pageLoadStrategy: normal, platformName: mac, proxy: Proxy(), se:cdp: ws://localhost:49316/devtoo..., se:cdpVersion: 131.0.6778.205, setWindowRect: true, strictFileInteractability: false, timeouts: {implicit: 0, pageLoad: 300000, script: 30000}, unhandledPromptBehavior: ignore, webSocketUrl: ws://localhost:6763/session..., webauthn:extension:credBlob: true, webauthn:extension:largeBlob: true, webauthn:extension:minPinLength: true, webauthn:extension:prf: true, webauthn:virtualAuthenticators: true}
Session ID: 81c375fdc73980b0150be4854699555f
	at jdk.internal.reflect.GeneratedConstructorAccessor34.newInstance(Unknown Source)
	at java.base/jdk.internal.reflect.DelegatingConstructorAccessorImpl.newInstance(DelegatingConstructorAccessorImpl.java:45)
	at org.openqa.selenium.remote.ErrorCodec.decode(ErrorCodec.java:167)
	at org.openqa.selenium.remote.codec.w3c.W3CHttpResponseCodec.decode(W3CHttpResponseCodec.java:138)
	at org.openqa.selenium.remote.codec.w3c.W3CHttpResponseCodec.decode(W3CHttpResponseCodec.java:50)
	at org.openqa.selenium.remote.HttpCommandExecutor.execute(HttpCommandExecutor.java:190)
	at org.openqa.selenium.remote.service.DriverCommandExecutor.invokeExecute(DriverCommandExecutor.java:216)
	at org.openqa.selenium.remote.service.DriverCommandExecutor.execute(DriverCommandExecutor.java:174)
	at org.openqa.selenium.remote.RemoteWebDriver.execute(RemoteWebDriver.java:518)
	at org.openqa.selenium.remote.ElementLocation$ElementFinder$2.findElements(ElementLocation.java:182)
	at org.openqa.selenium.remote.ElementLocation.findElements(ElementLocation.java:103)
	at org.openqa.selenium.remote.RemoteWebDriver.findElements(RemoteWebDriver.java:368)
	at org.openqa.selenium.remote.RemoteWebDriver.findElements(RemoteWebDriver.java:362)
	at jdk.internal.reflect.GeneratedMethodAccessor19.invoke(Unknown Source)
	at java.base/jdk.internal.reflect.DelegatingMethodAccessorImpl.invoke(DelegatingMethodAccessorImpl.java:43)
	at org.openqa.selenium.support.decorators.WebDriverDecorator.call(WebDriverDecorator.java:249)
	at org.openqa.selenium.support.decorators.DefaultDecorated.call(DefaultDecorated.java:48)
	at org.openqa.selenium.support.decorators.WebDriverDecorator.lambda$createProxy$2(WebDriverDecorator.java:321)
	at org.openqa.selenium.remote.RemoteWebDriver$ByteBuddy$QYIudDZq.findElements(Unknown Source)
	at com.kms.katalon.core.webui.common.WebUiCommonHelper.findElementByNormalMethods(WebUiCommonHelper.java:1036)
	at com.kms.katalon.core.webui.common.WebUiCommonHelper.findElementsBySelectedMethod(WebUiCommonHelper.java:927)
	at com.kms.katalon.core.webui.common.WebUiCommonHelper.findElementsBySelectedMethod(WebUiCommonHelper.java:909)
	at com.kms.katalon.core.webui.common.WebUiCommonHelper.findElementsBySelectedMethod(WebUiCommonHelper.java:904)
	at com.kms.katalon.core.webui.common.WebUiCommonHelper.findElementsByDefault(WebUiCommonHelper.java:900)
	at com.kms.katalon.core.webui.common.WebUiCommonHelper.findElementsWithSelfHealing(WebUiCommonHelper.java:746)
	at com.kms.katalon.core.webui.common.WebUiCommonHelper.findWebElements(WebUiCommonHelper.java:730)
	at com.kms.katalon.core.webui.common.WebUiCommonHelper.findWebElement(WebUiCommonHelper.java:1416)
	at com.kms.katalon.core.webui.keyword.internal.WebUIAbstractKeyword.findWebElement(WebUIAbstractKeyword.groovy:27)
	at com.kms.katalon.core.webui.keyword.builtin.ClickKeyword$_click_closure1.doCall(ClickKeyword.groovy:66)
	at com.kms.katalon.core.webui.keyword.builtin.ClickKeyword$_click_closure1.call(ClickKeyword.groovy)
	at com.kms.katalon.core.webui.keyword.internal.WebUIKeywordMain.runKeyword(WebUIKeywordMain.groovy:35)
	... 20 more


27-12-2024T07:12:57 - [TEST_STEP][PASSED] - comment("Step 1: Click on the "PIM" tab to access the Employee Management section"): Step 1: Click on the "PIM" tab to access the Employee Management section

27-12-2024T07:12:57 - [MESSAGE][INFO] - Step 1: Click on the "PIM" tab to access the Employee Management section

27-12-2024T07:12:57 - [TEST_STEP][FAILED] - click(findTestObject("Object Repository/Employee-Onboarding/Employee_Jobs/Page_OrangeHRM/a_PIM")): Unable to click on object 'Object Repository/Employee-Onboarding/Employee_Jobs/Page_OrangeHRM/a_PIM' (Root cause: com.kms.katalon.core.exception.StepFailedException: Unable to click on object 'Object Repository/Employee-Onboarding/Employee_Jobs/Page_OrangeHRM/a_PIM'
	at com.kms.katalon.core.webui.keyword.internal.WebUIKeywordMain.stepFailed(WebUIKeywordMain.groovy:117)
	at com.kms.katalon.core.webui.keyword.internal.WebUIKeywordMain.runKeyword(WebUIKeywordMain.groovy:43)
	at com.kms.katalon.core.webui.keyword.builtin.ClickKeyword.click(ClickKeyword.groovy:75)
	at com.kms.katalon.core.webui.keyword.builtin.ClickKeyword.execute(ClickKeyword.groovy:40)
	at com.kms.katalon.core.keyword.internal.KeywordExecutor.executeKeywordForPlatform(KeywordExecutor.groovy:74)
	at com.kms.katalon.core.webui.keyword.WebUiBuiltInKeywords.click(WebUiBuiltInKeywords.groovy:696)
	at TC_Employee_Job_Details.run(TC_Employee_Job_Details:23)
	at com.kms.katalon.core.main.ScriptEngine.run(ScriptEngine.java:194)
	at com.kms.katalon.core.main.ScriptEngine.runScriptAsRawText(ScriptEngine.java:119)
	at com.kms.katalon.core.main.TestCaseExecutor.runScript(TestCaseExecutor.java:448)
	at com.kms.katalon.core.main.TestCaseExecutor.doExecute(TestCaseExecutor.java:439)
	at com.kms.katalon.core.main.TestCaseExecutor.processExecutionPhase(TestCaseExecutor.java:418)
	at com.kms.katalon.core.main.TestCaseExecutor.accessMainPhase(TestCaseExecutor.java:410)
	at com.kms.katalon.core.main.TestCaseExecutor.execute(TestCaseExecutor.java:285)
	at com.kms.katalon.core.common.CommonExecutor.accessTestCaseMainPhase(CommonExecutor.java:65)
	at com.kms.katalon.core.main.TestSuiteExecutor.accessTestSuiteMainPhase(TestSuiteExecutor.java:161)
	at com.kms.katalon.core.main.TestSuiteExecutor.execute(TestSuiteExecutor.java:107)
	at com.kms.katalon.core.main.TestCaseMain.startTestSuite(TestCaseMain.java:176)
	at TempTestSuite1735263398717.run(TempTestSuite1735263398717.groovy:35)
	at java.base/jdk.internal.reflect.NativeMethodAccessorImpl.invoke0(Native Method)
	at java.base/jdk.internal.reflect.NativeMethodAccessorImpl.invoke(NativeMethodAccessorImpl.java:77)
	at java.base/jdk.internal.reflect.DelegatingMethodAccessorImpl.invoke(DelegatingMethodAccessorImpl.java:43)
Caused by: org.openqa.selenium.WebDriverException: disconnected: not connected to DevTools
  (failed to check if window was closed: disconnected: not connected to DevTools)
  (Session info: chrome=131.0.6778.205)
Build info: version: '4.22.0', revision: 'c5f3146703'
System info: os.name: 'Mac OS X', os.arch: 'aarch64', os.version: '15.2', java.version: '17.0.7'
Driver info: com.kms.katalon.selenium.driver.CChromeDriver
Command: [81c375fdc73980b0150be4854699555f, findElements {using=xpath, value=//div[@id='app']/div/div/aside/nav/div[2]/ul/li[2]/a}]
Capabilities {acceptInsecureCerts: false, browserName: chrome, browserVersion: 131.0.6778.205, chrome: {chromedriverVersion: 131.0.6778.85 (3d81e41b6f3a..., userDataDir: /var/folders/1j/l6215wsx1tb...}, fedcm:accounts: true, goog:chromeOptions: {debuggerAddress: localhost:49316}, networkConnectionEnabled: false, pageLoadStrategy: normal, platformName: mac, proxy: Proxy(), se:cdp: ws://localhost:49316/devtoo..., se:cdpVersion: 131.0.6778.205, setWindowRect: true, strictFileInteractability: false, timeouts: {implicit: 0, pageLoad: 300000, script: 30000}, unhandledPromptBehavior: ignore, webSocketUrl: ws://localhost:6763/session..., webauthn:extension:credBlob: true, webauthn:extension:largeBlob: true, webauthn:extension:minPinLength: true, webauthn:extension:prf: true, webauthn:virtualAuthenticators: true}
Session ID: 81c375fdc73980b0150be4854699555f
	at jdk.internal.reflect.GeneratedConstructorAccessor34.newInstance(Unknown Source)
	at java.base/jdk.internal.reflect.DelegatingConstructorAccessorImpl.newInstance(DelegatingConstructorAccessorImpl.java:45)
	at org.openqa.selenium.remote.ErrorCodec.decode(ErrorCodec.java:167)
	at org.openqa.selenium.remote.codec.w3c.W3CHttpResponseCodec.decode(W3CHttpResponseCodec.java:138)
	at org.openqa.selenium.remote.codec.w3c.W3CHttpResponseCodec.decode(W3CHttpResponseCodec.java:50)
	at org.openqa.selenium.remote.HttpCommandExecutor.execute(HttpCommandExecutor.java:190)
	at org.openqa.selenium.remote.service.DriverCommandExecutor.invokeExecute(DriverCommandExecutor.java:216)
	at org.openqa.selenium.remote.service.DriverCommandExecutor.execute(DriverCommandExecutor.java:174)
	at org.openqa.selenium.remote.RemoteWebDriver.execute(RemoteWebDriver.java:518)
	at org.openqa.selenium.remote.ElementLocation$ElementFinder$2.findElements(ElementLocation.java:182)
	at org.openqa.selenium.remote.ElementLocation.findElements(ElementLocation.java:103)
	at org.openqa.selenium.remote.RemoteWebDriver.findElements(RemoteWebDriver.java:368)
	at org.openqa.selenium.remote.RemoteWebDriver.findElements(RemoteWebDriver.java:362)
	at jdk.internal.reflect.GeneratedMethodAccessor19.invoke(Unknown Source)
	at java.base/jdk.internal.reflect.DelegatingMethodAccessorImpl.invoke(DelegatingMethodAccessorImpl.java:43)
	at org.openqa.selenium.support.decorators.WebDriverDecorator.call(WebDriverDecorator.java:249)
	at org.openqa.selenium.support.decorators.DefaultDecorated.call(DefaultDecorated.java:48)
	at org.openqa.selenium.support.decorators.WebDriverDecorator.lambda$createProxy$2(WebDriverDecorator.java:321)
	at org.openqa.selenium.remote.RemoteWebDriver$ByteBuddy$QYIudDZq.findElements(Unknown Source)
	at com.kms.katalon.core.webui.common.WebUiCommonHelper.findElementByNormalMethods(WebUiCommonHelper.java:1036)
	at com.kms.katalon.core.webui.common.WebUiCommonHelper.findElementsBySelectedMethod(WebUiCommonHelper.java:927)
	at com.kms.katalon.core.webui.common.WebUiCommonHelper.findElementsBySelectedMethod(WebUiCommonHelper.java:909)
	at com.kms.katalon.core.webui.common.WebUiCommonHelper.findElementsBySelectedMethod(WebUiCommonHelper.java:904)
	at com.kms.katalon.core.webui.common.WebUiCommonHelper.findElementsByDefault(WebUiCommonHelper.java:900)
	at com.kms.katalon.core.webui.common.WebUiCommonHelper.findElementsWithSelfHealing(WebUiCommonHelper.java:746)
	at com.kms.katalon.core.webui.common.WebUiCommonHelper.findWebElements(WebUiCommonHelper.java:730)
	at com.kms.katalon.core.webui.common.WebUiCommonHelper.findWebElement(WebUiCommonHelper.java:1416)
	at com.kms.katalon.core.webui.keyword.internal.WebUIAbstractKeyword.findWebElement(WebUIAbstractKeyword.groovy:27)
	at com.kms.katalon.core.webui.keyword.builtin.ClickKeyword$_click_closure1.doCall(ClickKeyword.groovy:66)
	at com.kms.katalon.core.webui.keyword.builtin.ClickKeyword$_click_closure1.call(ClickKeyword.groovy)
	at com.kms.katalon.core.webui.keyword.internal.WebUIKeywordMain.runKeyword(WebUIKeywordMain.groovy:35)
	at com.kms.katalon.core.webui.keyword.builtin.ClickKeyword.click(ClickKeyword.groovy:75)
	at com.kms.katalon.core.webui.keyword.builtin.ClickKeyword.execute(ClickKeyword.groovy:40)
	at com.kms.katalon.core.keyword.internal.KeywordExecutor.executeKeywordForPlatform(KeywordExecutor.groovy:74)
	at com.kms.katalon.core.webui.keyword.WebUiBuiltInKeywords.click(WebUiBuiltInKeywords.groovy:696)
	at Script1734948563457.run(Script1734948563457.groovy:23)
	... 15 more
)

27-12-2024T07:12:57 - [MESSAGE][WARNING] - [SELF-HEALING] Failed to find element with id 'Object Repository/Employee-Onboarding/Employee_Jobs/Page_OrangeHRM/a_PIM'. Try using Self-healing.

27-12-2024T07:12:57 - [MESSAGE][WARNING] - [SELF-HEALING] disconnected: not connected to DevTools
  (failed to check if window was closed: disconnected: not connected to DevTools)
  (Session info: chrome=131.0.6778.205)
Build info: version: '4.22.0', revision: 'c5f3146703'
System info: os.name: 'Mac OS X', os.arch: 'aarch64', os.version: '15.2', java.version: '17.0.7'
Driver info: com.kms.katalon.selenium.driver.CChromeDriver
Command: [81c375fdc73980b0150be4854699555f, findElements {using=xpath, value=//div[@id='app']/div/div/aside/nav/div[2]/ul/li[2]/a}]
Capabilities {acceptInsecureCerts: false, browserName: chrome, browserVersion: 131.0.6778.205, chrome: {chromedriverVersion: 131.0.6778.85 (3d81e41b6f3a..., userDataDir: /var/folders/1j/l6215wsx1tb...}, fedcm:accounts: true, goog:chromeOptions: {debuggerAddress: localhost:49316}, networkConnectionEnabled: false, pageLoadStrategy: normal, platformName: mac, proxy: Proxy(), se:cdp: ws://localhost:49316/devtoo..., se:cdpVersion: 131.0.6778.205, setWindowRect: true, strictFileInteractability: false, timeouts: {implicit: 0, pageLoad: 300000, script: 30000}, unhandledPromptBehavior: ignore, webSocketUrl: ws://localhost:6763/session..., webauthn:extension:credBlob: true, webauthn:extension:largeBlob: true, webauthn:extension:minPinLength: true, webauthn:extension:prf: true, webauthn:virtualAuthenticators: true}
Session ID: 81c375fdc73980b0150be4854699555f

27-12-2024T07:12:58 - [MESSAGE][WARNING] - [SELF-HEALING] disconnected: not connected to DevTools
  (failed to check if window was closed: disconnected: not connected to DevTools)
  (Session info: chrome=131.0.6778.205)
Build info: version: '4.22.0', revision: 'c5f3146703'
System info: os.name: 'Mac OS X', os.arch: 'aarch64', os.version: '15.2', java.version: '17.0.7'
Driver info: com.kms.katalon.selenium.driver.CChromeDriver
Command: [81c375fdc73980b0150be4854699555f, findElements {using=xpath, value=//*[@href = '/web/index.php/pim/viewPimModule' and (text() = 'PIM' or . = 'PIM')]}]
Capabilities {acceptInsecureCerts: false, browserName: chrome, browserVersion: 131.0.6778.205, chrome: {chromedriverVersion: 131.0.6778.85 (3d81e41b6f3a..., userDataDir: /var/folders/1j/l6215wsx1tb...}, fedcm:accounts: true, goog:chromeOptions: {debuggerAddress: localhost:49316}, networkConnectionEnabled: false, pageLoadStrategy: normal, platformName: mac, proxy: Proxy(), se:cdp: ws://localhost:49316/devtoo..., se:cdpVersion: 131.0.6778.205, setWindowRect: true, strictFileInteractability: false, timeouts: {implicit: 0, pageLoad: 300000, script: 30000}, unhandledPromptBehavior: ignore, webSocketUrl: ws://localhost:6763/session..., webauthn:extension:credBlob: true, webauthn:extension:largeBlob: true, webauthn:extension:minPinLength: true, webauthn:extension:prf: true, webauthn:virtualAuthenticators: true}
Session ID: 81c375fdc73980b0150be4854699555f

27-12-2024T07:12:58 - [MESSAGE][WARNING] - [SELF-HEALING] disconnected: not connected to DevTools
  (failed to check if window was closed: disconnected: not connected to DevTools)
  (Session info: chrome=131.0.6778.205)
Build info: version: '4.22.0', revision: 'c5f3146703'
System info: os.name: 'Mac OS X', os.arch: 'aarch64', os.version: '15.2', java.version: '17.0.7'
Driver info: com.kms.katalon.selenium.driver.CChromeDriver
Command: [81c375fdc73980b0150be4854699555f, findElements {using=css selector, value=}]
Capabilities {acceptInsecureCerts: false, browserName: chrome, browserVersion: 131.0.6778.205, chrome: {chromedriverVersion: 131.0.6778.85 (3d81e41b6f3a..., userDataDir: /var/folders/1j/l6215wsx1tb...}, fedcm:accounts: true, goog:chromeOptions: {debuggerAddress: localhost:49316}, networkConnectionEnabled: false, pageLoadStrategy: normal, platformName: mac, proxy: Proxy(), se:cdp: ws://localhost:49316/devtoo..., se:cdpVersion: 131.0.6778.205, setWindowRect: true, strictFileInteractability: false, timeouts: {implicit: 0, pageLoad: 300000, script: 30000}, unhandledPromptBehavior: ignore, webSocketUrl: ws://localhost:6763/session..., webauthn:extension:credBlob: true, webauthn:extension:largeBlob: true, webauthn:extension:minPinLength: true, webauthn:extension:prf: true, webauthn:virtualAuthenticators: true}
Session ID: 81c375fdc73980b0150be4854699555f

27-12-2024T07:12:58 - [MESSAGE][WARNING] - Cannot take screenshot

27-12-2024T07:12:58 - [MESSAGE][FAILED] - Unable to click on object 'Object Repository/Employee-Onboarding/Employee_Jobs/Page_OrangeHRM/a_PIM' (Root cause: com.kms.katalon.core.exception.StepFailedException: Unable to click on object 'Object Repository/Employee-Onboarding/Employee_Jobs/Page_OrangeHRM/a_PIM'
	at com.kms.katalon.core.webui.keyword.internal.WebUIKeywordMain.stepFailed(WebUIKeywordMain.groovy:117)
	at com.kms.katalon.core.webui.keyword.internal.WebUIKeywordMain.runKeyword(WebUIKeywordMain.groovy:43)
	at com.kms.katalon.core.webui.keyword.builtin.ClickKeyword.click(ClickKeyword.groovy:75)
	at com.kms.katalon.core.webui.keyword.builtin.ClickKeyword.execute(ClickKeyword.groovy:40)
	at com.kms.katalon.core.keyword.internal.KeywordExecutor.executeKeywordForPlatform(KeywordExecutor.groovy:74)
	at com.kms.katalon.core.webui.keyword.WebUiBuiltInKeywords.click(WebUiBuiltInKeywords.groovy:696)
	at TC_Employee_Job_Details.run(TC_Employee_Job_Details:23)
	at com.kms.katalon.core.main.ScriptEngine.run(ScriptEngine.java:194)
	at com.kms.katalon.core.main.ScriptEngine.runScriptAsRawText(ScriptEngine.java:119)
	at com.kms.katalon.core.main.TestCaseExecutor.runScript(TestCaseExecutor.java:448)
	at com.kms.katalon.core.main.TestCaseExecutor.doExecute(TestCaseExecutor.java:439)
	at com.kms.katalon.core.main.TestCaseExecutor.processExecutionPhase(TestCaseExecutor.java:418)
	at com.kms.katalon.core.main.TestCaseExecutor.accessMainPhase(TestCaseExecutor.java:410)
	at com.kms.katalon.core.main.TestCaseExecutor.execute(TestCaseExecutor.java:285)
	at com.kms.katalon.core.common.CommonExecutor.accessTestCaseMainPhase(CommonExecutor.java:65)
	at com.kms.katalon.core.main.TestSuiteExecutor.accessTestSuiteMainPhase(TestSuiteExecutor.java:161)
	at com.kms.katalon.core.main.TestSuiteExecutor.execute(TestSuiteExecutor.java:107)
	at com.kms.katalon.core.main.TestCaseMain.startTestSuite(TestCaseMain.java:176)
	at TempTestSuite1735263398717.run(TempTestSuite1735263398717.groovy:35)
	at java.base/jdk.internal.reflect.NativeMethodAccessorImpl.invoke0(Native Method)
	at java.base/jdk.internal.reflect.NativeMethodAccessorImpl.invoke(NativeMethodAccessorImpl.java:77)
	at java.base/jdk.internal.reflect.DelegatingMethodAccessorImpl.invoke(DelegatingMethodAccessorImpl.java:43)
Caused by: org.openqa.selenium.WebDriverException: disconnected: not connected to DevTools
  (failed to check if window was closed: disconnected: not connected to DevTools)
  (Session info: chrome=131.0.6778.205)
Build info: version: '4.22.0', revision: 'c5f3146703'
System info: os.name: 'Mac OS X', os.arch: 'aarch64', os.version: '15.2', java.version: '17.0.7'
Driver info: com.kms.katalon.selenium.driver.CChromeDriver
Command: [81c375fdc73980b0150be4854699555f, findElements {using=xpath, value=//div[@id='app']/div/div/aside/nav/div[2]/ul/li[2]/a}]
Capabilities {acceptInsecureCerts: false, browserName: chrome, browserVersion: 131.0.6778.205, chrome: {chromedriverVersion: 131.0.6778.85 (3d81e41b6f3a..., userDataDir: /var/folders/1j/l6215wsx1tb...}, fedcm:accounts: true, goog:chromeOptions: {debuggerAddress: localhost:49316}, networkConnectionEnabled: false, pageLoadStrategy: normal, platformName: mac, proxy: Proxy(), se:cdp: ws://localhost:49316/devtoo..., se:cdpVersion: 131.0.6778.205, setWindowRect: true, strictFileInteractability: false, timeouts: {implicit: 0, pageLoad: 300000, script: 30000}, unhandledPromptBehavior: ignore, webSocketUrl: ws://localhost:6763/session..., webauthn:extension:credBlob: true, webauthn:extension:largeBlob: true, webauthn:extension:minPinLength: true, webauthn:extension:prf: true, webauthn:virtualAuthenticators: true}
Session ID: 81c375fdc73980b0150be4854699555f
	at jdk.internal.reflect.GeneratedConstructorAccessor34.newInstance(Unknown Source)
	at java.base/jdk.internal.reflect.DelegatingConstructorAccessorImpl.newInstance(DelegatingConstructorAccessorImpl.java:45)
	at org.openqa.selenium.remote.ErrorCodec.decode(ErrorCodec.java:167)
	at org.openqa.selenium.remote.codec.w3c.W3CHttpResponseCodec.decode(W3CHttpResponseCodec.java:138)
	at org.openqa.selenium.remote.codec.w3c.W3CHttpResponseCodec.decode(W3CHttpResponseCodec.java:50)
	at org.openqa.selenium.remote.HttpCommandExecutor.execute(HttpCommandExecutor.java:190)
	at org.openqa.selenium.remote.service.DriverCommandExecutor.invokeExecute(DriverCommandExecutor.java:216)
	at org.openqa.selenium.remote.service.DriverCommandExecutor.execute(DriverCommandExecutor.java:174)
	at org.openqa.selenium.remote.RemoteWebDriver.execute(RemoteWebDriver.java:518)
	at org.openqa.selenium.remote.ElementLocation$ElementFinder$2.findElements(ElementLocation.java:182)
	at org.openqa.selenium.remote.ElementLocation.findElements(ElementLocation.java:103)
	at org.openqa.selenium.remote.RemoteWebDriver.findElements(RemoteWebDriver.java:368)
	at org.openqa.selenium.remote.RemoteWebDriver.findElements(RemoteWebDriver.java:362)
	at jdk.internal.reflect.GeneratedMethodAccessor19.invoke(Unknown Source)
	at java.base/jdk.internal.reflect.DelegatingMethodAccessorImpl.invoke(DelegatingMethodAccessorImpl.java:43)
	at org.openqa.selenium.support.decorators.WebDriverDecorator.call(WebDriverDecorator.java:249)
	at org.openqa.selenium.support.decorators.DefaultDecorated.call(DefaultDecorated.java:48)
	at org.openqa.selenium.support.decorators.WebDriverDecorator.lambda$createProxy$2(WebDriverDecorator.java:321)
	at org.openqa.selenium.remote.RemoteWebDriver$ByteBuddy$QYIudDZq.findElements(Unknown Source)
	at com.kms.katalon.core.webui.common.WebUiCommonHelper.findElementByNormalMethods(WebUiCommonHelper.java:1036)
	at com.kms.katalon.core.webui.common.WebUiCommonHelper.findElementsBySelectedMethod(WebUiCommonHelper.java:927)
	at com.kms.katalon.core.webui.common.WebUiCommonHelper.findElementsBySelectedMethod(WebUiCommonHelper.java:909)
	at com.kms.katalon.core.webui.common.WebUiCommonHelper.findElementsBySelectedMethod(WebUiCommonHelper.java:904)
	at com.kms.katalon.core.webui.common.WebUiCommonHelper.findElementsByDefault(WebUiCommonHelper.java:900)
	at com.kms.katalon.core.webui.common.WebUiCommonHelper.findElementsWithSelfHealing(WebUiCommonHelper.java:746)
	at com.kms.katalon.core.webui.common.WebUiCommonHelper.findWebElements(WebUiCommonHelper.java:730)
	at com.kms.katalon.core.webui.common.WebUiCommonHelper.findWebElement(WebUiCommonHelper.java:1416)
	at com.kms.katalon.core.webui.keyword.internal.WebUIAbstractKeyword.findWebElement(WebUIAbstractKeyword.groovy:27)
	at com.kms.katalon.core.webui.keyword.builtin.ClickKeyword$_click_closure1.doCall(ClickKeyword.groovy:66)
	at com.kms.katalon.core.webui.keyword.builtin.ClickKeyword$_click_closure1.call(ClickKeyword.groovy)
	at com.kms.katalon.core.webui.keyword.internal.WebUIKeywordMain.runKeyword(WebUIKeywordMain.groovy:35)
	at com.kms.katalon.core.webui.keyword.builtin.ClickKeyword.click(ClickKeyword.groovy:75)
	at com.kms.katalon.core.webui.keyword.builtin.ClickKeyword.execute(ClickKeyword.groovy:40)
	at com.kms.katalon.core.keyword.internal.KeywordExecutor.executeKeywordForPlatform(KeywordExecutor.groovy:74)
	at com.kms.katalon.core.webui.keyword.WebUiBuiltInKeywords.click(WebUiBuiltInKeywords.groovy:696)
	at Script1734948563457.run(Script1734948563457.groovy:23)
	... 15 more
)]]></system-out>
         <system-err><![CDATA[27-12-2024T07:12:57 - [TEST_CASE][FAILED] - Test Cases/Employee_Onboarding/TC_Employee_Job_Details: Test Cases/Employee_Onboarding/TC_Employee_Job_Details FAILED.
Reason:
com.kms.katalon.core.exception.StepFailedException: Unable to click on object 'Object Repository/Employee-Onboarding/Employee_Jobs/Page_OrangeHRM/a_PIM'
	at com.kms.katalon.core.webui.keyword.internal.WebUIKeywordMain.stepFailed(WebUIKeywordMain.groovy:117)
	at com.kms.katalon.core.webui.keyword.internal.WebUIKeywordMain.runKeyword(WebUIKeywordMain.groovy:43)
	at com.kms.katalon.core.webui.keyword.builtin.ClickKeyword.click(ClickKeyword.groovy:75)
	at com.kms.katalon.core.webui.keyword.builtin.ClickKeyword.execute(ClickKeyword.groovy:40)
	at com.kms.katalon.core.keyword.internal.KeywordExecutor.executeKeywordForPlatform(KeywordExecutor.groovy:74)
	at com.kms.katalon.core.webui.keyword.WebUiBuiltInKeywords.click(WebUiBuiltInKeywords.groovy:696)
	at TC_Employee_Job_Details.run(TC_Employee_Job_Details:23)
	at com.kms.katalon.core.main.ScriptEngine.run(ScriptEngine.java:194)
	at com.kms.katalon.core.main.ScriptEngine.runScriptAsRawText(ScriptEngine.java:119)
	at com.kms.katalon.core.main.TestCaseExecutor.runScript(TestCaseExecutor.java:448)
	at com.kms.katalon.core.main.TestCaseExecutor.doExecute(TestCaseExecutor.java:439)
	at com.kms.katalon.core.main.TestCaseExecutor.processExecutionPhase(TestCaseExecutor.java:418)
	at com.kms.katalon.core.main.TestCaseExecutor.accessMainPhase(TestCaseExecutor.java:410)
	at com.kms.katalon.core.main.TestCaseExecutor.execute(TestCaseExecutor.java:285)
	at com.kms.katalon.core.common.CommonExecutor.accessTestCaseMainPhase(CommonExecutor.java:65)
	at com.kms.katalon.core.main.TestSuiteExecutor.accessTestSuiteMainPhase(TestSuiteExecutor.java:161)
	at com.kms.katalon.core.main.TestSuiteExecutor.execute(TestSuiteExecutor.java:107)
	at com.kms.katalon.core.main.TestCaseMain.startTestSuite(TestCaseMain.java:176)
	at TempTestSuite1735263398717.run(TempTestSuite1735263398717.groovy:35)
	at java.base/jdk.internal.reflect.NativeMethodAccessorImpl.invoke0(Native Method)
	at java.base/jdk.internal.reflect.NativeMethodAccessorImpl.invoke(NativeMethodAccessorImpl.java:77)
	at java.base/jdk.internal.reflect.DelegatingMethodAccessorImpl.invoke(DelegatingMethodAccessorImpl.java:43)
Caused by: org.openqa.selenium.WebDriverException: disconnected: not connected to DevTools
  (failed to check if window was closed: disconnected: not connected to DevTools)
  (Session info: chrome=131.0.6778.205)
Build info: version: '4.22.0', revision: 'c5f3146703'
System info: os.name: 'Mac OS X', os.arch: 'aarch64', os.version: '15.2', java.version: '17.0.7'
Driver info: com.kms.katalon.selenium.driver.CChromeDriver
Command: [81c375fdc73980b0150be4854699555f, findElements {using=xpath, value=//div[@id='app']/div/div/aside/nav/div[2]/ul/li[2]/a}]
Capabilities {acceptInsecureCerts: false, browserName: chrome, browserVersion: 131.0.6778.205, chrome: {chromedriverVersion: 131.0.6778.85 (3d81e41b6f3a..., userDataDir: /var/folders/1j/l6215wsx1tb...}, fedcm:accounts: true, goog:chromeOptions: {debuggerAddress: localhost:49316}, networkConnectionEnabled: false, pageLoadStrategy: normal, platformName: mac, proxy: Proxy(), se:cdp: ws://localhost:49316/devtoo..., se:cdpVersion: 131.0.6778.205, setWindowRect: true, strictFileInteractability: false, timeouts: {implicit: 0, pageLoad: 300000, script: 30000}, unhandledPromptBehavior: ignore, webSocketUrl: ws://localhost:6763/session..., webauthn:extension:credBlob: true, webauthn:extension:largeBlob: true, webauthn:extension:minPinLength: true, webauthn:extension:prf: true, webauthn:virtualAuthenticators: true}
Session ID: 81c375fdc73980b0150be4854699555f
	at jdk.internal.reflect.GeneratedConstructorAccessor34.newInstance(Unknown Source)
	at java.base/jdk.internal.reflect.DelegatingConstructorAccessorImpl.newInstance(DelegatingConstructorAccessorImpl.java:45)
	at org.openqa.selenium.remote.ErrorCodec.decode(ErrorCodec.java:167)
	at org.openqa.selenium.remote.codec.w3c.W3CHttpResponseCodec.decode(W3CHttpResponseCodec.java:138)
	at org.openqa.selenium.remote.codec.w3c.W3CHttpResponseCodec.decode(W3CHttpResponseCodec.java:50)
	at org.openqa.selenium.remote.HttpCommandExecutor.execute(HttpCommandExecutor.java:190)
	at org.openqa.selenium.remote.service.DriverCommandExecutor.invokeExecute(DriverCommandExecutor.java:216)
	at org.openqa.selenium.remote.service.DriverCommandExecutor.execute(DriverCommandExecutor.java:174)
	at org.openqa.selenium.remote.RemoteWebDriver.execute(RemoteWebDriver.java:518)
	at org.openqa.selenium.remote.ElementLocation$ElementFinder$2.findElements(ElementLocation.java:182)
	at org.openqa.selenium.remote.ElementLocation.findElements(ElementLocation.java:103)
	at org.openqa.selenium.remote.RemoteWebDriver.findElements(RemoteWebDriver.java:368)
	at org.openqa.selenium.remote.RemoteWebDriver.findElements(RemoteWebDriver.java:362)
	at jdk.internal.reflect.GeneratedMethodAccessor19.invoke(Unknown Source)
	at java.base/jdk.internal.reflect.DelegatingMethodAccessorImpl.invoke(DelegatingMethodAccessorImpl.java:43)
	at org.openqa.selenium.support.decorators.WebDriverDecorator.call(WebDriverDecorator.java:249)
	at org.openqa.selenium.support.decorators.DefaultDecorated.call(DefaultDecorated.java:48)
	at org.openqa.selenium.support.decorators.WebDriverDecorator.lambda$createProxy$2(WebDriverDecorator.java:321)
	at org.openqa.selenium.remote.RemoteWebDriver$ByteBuddy$QYIudDZq.findElements(Unknown Source)
	at com.kms.katalon.core.webui.common.WebUiCommonHelper.findElementByNormalMethods(WebUiCommonHelper.java:1036)
	at com.kms.katalon.core.webui.common.WebUiCommonHelper.findElementsBySelectedMethod(WebUiCommonHelper.java:927)
	at com.kms.katalon.core.webui.common.WebUiCommonHelper.findElementsBySelectedMethod(WebUiCommonHelper.java:909)
	at com.kms.katalon.core.webui.common.WebUiCommonHelper.findElementsBySelectedMethod(WebUiCommonHelper.java:904)
	at com.kms.katalon.core.webui.common.WebUiCommonHelper.findElementsByDefault(WebUiCommonHelper.java:900)
	at com.kms.katalon.core.webui.common.WebUiCommonHelper.findElementsWithSelfHealing(WebUiCommonHelper.java:746)
	at com.kms.katalon.core.webui.common.WebUiCommonHelper.findWebElements(WebUiCommonHelper.java:730)
	at com.kms.katalon.core.webui.common.WebUiCommonHelper.findWebElement(WebUiCommonHelper.java:1416)
	at com.kms.katalon.core.webui.keyword.internal.WebUIAbstractKeyword.findWebElement(WebUIAbstractKeyword.groovy:27)
	at com.kms.katalon.core.webui.keyword.builtin.ClickKeyword$_click_closure1.doCall(ClickKeyword.groovy:66)
	at com.kms.katalon.core.webui.keyword.builtin.ClickKeyword$_click_closure1.call(ClickKeyword.groovy)
	at com.kms.katalon.core.webui.keyword.internal.WebUIKeywordMain.runKeyword(WebUIKeywordMain.groovy:35)
	... 20 more]]></system-err>
      </testcase>
      <testcase name="Test Cases/Employee_Onboarding/TC_Employee_Job_Details" time="1.015" classname="Test Cases/Employee_Onboarding/TC_Employee_Job_Details" status="FAILED">
         <failure type="FAILED" message="Test Cases/Employee_Onboarding/TC_Employee_Job_Details FAILED.&#xa;Reason:&#xa;com.kms.katalon.core.exception.StepFailedException: Unable to click on object 'Object Repository/Employee-Onboarding/Employee_Jobs/Page_OrangeHRM/a_PIM'&#xa;	at com.kms.katalon.core.webui.keyword.internal.WebUIKeywordMain.stepFailed(WebUIKeywordMain.groovy:117)&#xa;	at com.kms.katalon.core.webui.keyword.internal.WebUIKeywordMain.runKeyword(WebUIKeywordMain.groovy:43)&#xa;	at com.kms.katalon.core.webui.keyword.builtin.ClickKeyword.click(ClickKeyword.groovy:75)&#xa;	at com.kms.katalon.core.webui.keyword.builtin.ClickKeyword.execute(ClickKeyword.groovy:40)&#xa;	at com.kms.katalon.core.keyword.internal.KeywordExecutor.executeKeywordForPlatform(KeywordExecutor.groovy:74)&#xa;	at com.kms.katalon.core.webui.keyword.WebUiBuiltInKeywords.click(WebUiBuiltInKeywords.groovy:696)&#xa;	at TC_Employee_Job_Details.run(TC_Employee_Job_Details:23)&#xa;	at com.kms.katalon.core.main.ScriptEngine.run(ScriptEngine.java:194)&#xa;	at com.kms.katalon.core.main.ScriptEngine.runScriptAsRawText(ScriptEngine.java:119)&#xa;	at com.kms.katalon.core.main.TestCaseExecutor.runScript(TestCaseExecutor.java:448)&#xa;	at com.kms.katalon.core.main.TestCaseExecutor.doExecute(TestCaseExecutor.java:439)&#xa;	at com.kms.katalon.core.main.TestCaseExecutor.processExecutionPhase(TestCaseExecutor.java:418)&#xa;	at com.kms.katalon.core.main.TestCaseExecutor.accessMainPhase(TestCaseExecutor.java:410)&#xa;	at com.kms.katalon.core.main.TestCaseExecutor.execute(TestCaseExecutor.java:285)&#xa;	at com.kms.katalon.core.common.CommonExecutor.accessTestCaseMainPhase(CommonExecutor.java:65)&#xa;	at com.kms.katalon.core.main.TestSuiteExecutor.accessTestSuiteMainPhase(TestSuiteExecutor.java:161)&#xa;	at com.kms.katalon.core.main.TestSuiteExecutor.execute(TestSuiteExecutor.java:107)&#xa;	at com.kms.katalon.core.main.TestCaseMain.startTestSuite(TestCaseMain.java:176)&#xa;	at TempTestSuite1735263398717.run(TempTestSuite1735263398717.groovy:35)&#xa;	at java.base/jdk.internal.reflect.NativeMethodAccessorImpl.invoke0(Native Method)&#xa;	at java.base/jdk.internal.reflect.NativeMethodAccessorImpl.invoke(NativeMethodAccessorImpl.java:77)&#xa;	at java.base/jdk.internal.reflect.DelegatingMethodAccessorImpl.invoke(DelegatingMethodAccessorImpl.java:43)&#xa;Caused by: org.openqa.selenium.WebDriverException: disconnected: not connected to DevTools&#xa;  (failed to check if window was closed: disconnected: not connected to DevTools)&#xa;  (Session info: chrome=131.0.6778.205)&#xa;Build info: version: '4.22.0', revision: 'c5f3146703'&#xa;System info: os.name: 'Mac OS X', os.arch: 'aarch64', os.version: '15.2', java.version: '17.0.7'&#xa;Driver info: com.kms.katalon.selenium.driver.CChromeDriver&#xa;Command: [81c375fdc73980b0150be4854699555f, findElements {using=xpath, value=//div[@id='app']/div/div/aside/nav/div[2]/ul/li[2]/a}]&#xa;Capabilities {acceptInsecureCerts: false, browserName: chrome, browserVersion: 131.0.6778.205, chrome: {chromedriverVersion: 131.0.6778.85 (3d81e41b6f3a..., userDataDir: /var/folders/1j/l6215wsx1tb...}, fedcm:accounts: true, goog:chromeOptions: {debuggerAddress: localhost:49316}, networkConnectionEnabled: false, pageLoadStrategy: normal, platformName: mac, proxy: Proxy(), se:cdp: ws://localhost:49316/devtoo..., se:cdpVersion: 131.0.6778.205, setWindowRect: true, strictFileInteractability: false, timeouts: {implicit: 0, pageLoad: 300000, script: 30000}, unhandledPromptBehavior: ignore, webSocketUrl: ws://localhost:6763/session..., webauthn:extension:credBlob: true, webauthn:extension:largeBlob: true, webauthn:extension:minPinLength: true, webauthn:extension:prf: true, webauthn:virtualAuthenticators: true}&#xa;Session ID: 81c375fdc73980b0150be4854699555f&#xa;	at jdk.internal.reflect.GeneratedConstructorAccessor34.newInstance(Unknown Source)&#xa;	at java.base/jdk.internal.reflect.DelegatingConstructorAccessorImpl.newInstance(DelegatingConstructorAccessorImpl.java:45)&#xa;	at org.openqa.selenium.remote.ErrorCodec.decode(ErrorCodec.java:167)&#xa;	at org.openqa.selenium.remote.codec.w3c.W3CHttpResponseCodec.decode(W3CHttpResponseCodec.java:138)&#xa;	at org.openqa.selenium.remote.codec.w3c.W3CHttpResponseCodec.decode(W3CHttpResponseCodec.java:50)&#xa;	at org.openqa.selenium.remote.HttpCommandExecutor.execute(HttpCommandExecutor.java:190)&#xa;	at org.openqa.selenium.remote.service.DriverCommandExecutor.invokeExecute(DriverCommandExecutor.java:216)&#xa;	at org.openqa.selenium.remote.service.DriverCommandExecutor.execute(DriverCommandExecutor.java:174)&#xa;	at org.openqa.selenium.remote.RemoteWebDriver.execute(RemoteWebDriver.java:518)&#xa;	at org.openqa.selenium.remote.ElementLocation$ElementFinder$2.findElements(ElementLocation.java:182)&#xa;	at org.openqa.selenium.remote.ElementLocation.findElements(ElementLocation.java:103)&#xa;	at org.openqa.selenium.remote.RemoteWebDriver.findElements(RemoteWebDriver.java:368)&#xa;	at org.openqa.selenium.remote.RemoteWebDriver.findElements(RemoteWebDriver.java:362)&#xa;	at jdk.internal.reflect.GeneratedMethodAccessor19.invoke(Unknown Source)&#xa;	at java.base/jdk.internal.reflect.DelegatingMethodAccessorImpl.invoke(DelegatingMethodAccessorImpl.java:43)&#xa;	at org.openqa.selenium.support.decorators.WebDriverDecorator.call(WebDriverDecorator.java:249)&#xa;	at org.openqa.selenium.support.decorators.DefaultDecorated.call(DefaultDecorated.java:48)&#xa;	at org.openqa.selenium.support.decorators.WebDriverDecorator.lambda$createProxy$2(WebDriverDecorator.java:321)&#xa;	at org.openqa.selenium.remote.RemoteWebDriver$ByteBuddy$QYIudDZq.findElements(Unknown Source)&#xa;	at com.kms.katalon.core.webui.common.WebUiCommonHelper.findElementByNormalMethods(WebUiCommonHelper.java:1036)&#xa;	at com.kms.katalon.core.webui.common.WebUiCommonHelper.findElementsBySelectedMethod(WebUiCommonHelper.java:927)&#xa;	at com.kms.katalon.core.webui.common.WebUiCommonHelper.findElementsBySelectedMethod(WebUiCommonHelper.java:909)&#xa;	at com.kms.katalon.core.webui.common.WebUiCommonHelper.findElementsBySelectedMethod(WebUiCommonHelper.java:904)&#xa;	at com.kms.katalon.core.webui.common.WebUiCommonHelper.findElementsByDefault(WebUiCommonHelper.java:900)&#xa;	at com.kms.katalon.core.webui.common.WebUiCommonHelper.findElementsWithSelfHealing(WebUiCommonHelper.java:746)&#xa;	at com.kms.katalon.core.webui.common.WebUiCommonHelper.findWebElements(WebUiCommonHelper.java:730)&#xa;	at com.kms.katalon.core.webui.common.WebUiCommonHelper.findWebElement(WebUiCommonHelper.java:1416)&#xa;	at com.kms.katalon.core.webui.keyword.internal.WebUIAbstractKeyword.findWebElement(WebUIAbstractKeyword.groovy:27)&#xa;	at com.kms.katalon.core.webui.keyword.builtin.ClickKeyword$_click_closure1.doCall(ClickKeyword.groovy:66)&#xa;	at com.kms.katalon.core.webui.keyword.builtin.ClickKeyword$_click_closure1.call(ClickKeyword.groovy)&#xa;	at com.kms.katalon.core.webui.keyword.internal.WebUIKeywordMain.runKeyword(WebUIKeywordMain.groovy:35)&#xa;	... 20 more&#xa;"/>
         <system-out><![CDATA[27-12-2024T07:12:58 - [TEST_CASE][FAILED] - Test Cases/Employee_Onboarding/TC_Employee_Job_Details: Test Cases/Employee_Onboarding/TC_Employee_Job_Details FAILED.
Reason:
com.kms.katalon.core.exception.StepFailedException: Unable to click on object 'Object Repository/Employee-Onboarding/Employee_Jobs/Page_OrangeHRM/a_PIM'
	at com.kms.katalon.core.webui.keyword.internal.WebUIKeywordMain.stepFailed(WebUIKeywordMain.groovy:117)
	at com.kms.katalon.core.webui.keyword.internal.WebUIKeywordMain.runKeyword(WebUIKeywordMain.groovy:43)
	at com.kms.katalon.core.webui.keyword.builtin.ClickKeyword.click(ClickKeyword.groovy:75)
	at com.kms.katalon.core.webui.keyword.builtin.ClickKeyword.execute(ClickKeyword.groovy:40)
	at com.kms.katalon.core.keyword.internal.KeywordExecutor.executeKeywordForPlatform(KeywordExecutor.groovy:74)
	at com.kms.katalon.core.webui.keyword.WebUiBuiltInKeywords.click(WebUiBuiltInKeywords.groovy:696)
	at TC_Employee_Job_Details.run(TC_Employee_Job_Details:23)
	at com.kms.katalon.core.main.ScriptEngine.run(ScriptEngine.java:194)
	at com.kms.katalon.core.main.ScriptEngine.runScriptAsRawText(ScriptEngine.java:119)
	at com.kms.katalon.core.main.TestCaseExecutor.runScript(TestCaseExecutor.java:448)
	at com.kms.katalon.core.main.TestCaseExecutor.doExecute(TestCaseExecutor.java:439)
	at com.kms.katalon.core.main.TestCaseExecutor.processExecutionPhase(TestCaseExecutor.java:418)
	at com.kms.katalon.core.main.TestCaseExecutor.accessMainPhase(TestCaseExecutor.java:410)
	at com.kms.katalon.core.main.TestCaseExecutor.execute(TestCaseExecutor.java:285)
	at com.kms.katalon.core.common.CommonExecutor.accessTestCaseMainPhase(CommonExecutor.java:65)
	at com.kms.katalon.core.main.TestSuiteExecutor.accessTestSuiteMainPhase(TestSuiteExecutor.java:161)
	at com.kms.katalon.core.main.TestSuiteExecutor.execute(TestSuiteExecutor.java:107)
	at com.kms.katalon.core.main.TestCaseMain.startTestSuite(TestCaseMain.java:176)
	at TempTestSuite1735263398717.run(TempTestSuite1735263398717.groovy:35)
	at java.base/jdk.internal.reflect.NativeMethodAccessorImpl.invoke0(Native Method)
	at java.base/jdk.internal.reflect.NativeMethodAccessorImpl.invoke(NativeMethodAccessorImpl.java:77)
	at java.base/jdk.internal.reflect.DelegatingMethodAccessorImpl.invoke(DelegatingMethodAccessorImpl.java:43)
Caused by: org.openqa.selenium.WebDriverException: disconnected: not connected to DevTools
  (failed to check if window was closed: disconnected: not connected to DevTools)
  (Session info: chrome=131.0.6778.205)
Build info: version: '4.22.0', revision: 'c5f3146703'
System info: os.name: 'Mac OS X', os.arch: 'aarch64', os.version: '15.2', java.version: '17.0.7'
Driver info: com.kms.katalon.selenium.driver.CChromeDriver
Command: [81c375fdc73980b0150be4854699555f, findElements {using=xpath, value=//div[@id='app']/div/div/aside/nav/div[2]/ul/li[2]/a}]
Capabilities {acceptInsecureCerts: false, browserName: chrome, browserVersion: 131.0.6778.205, chrome: {chromedriverVersion: 131.0.6778.85 (3d81e41b6f3a..., userDataDir: /var/folders/1j/l6215wsx1tb...}, fedcm:accounts: true, goog:chromeOptions: {debuggerAddress: localhost:49316}, networkConnectionEnabled: false, pageLoadStrategy: normal, platformName: mac, proxy: Proxy(), se:cdp: ws://localhost:49316/devtoo..., se:cdpVersion: 131.0.6778.205, setWindowRect: true, strictFileInteractability: false, timeouts: {implicit: 0, pageLoad: 300000, script: 30000}, unhandledPromptBehavior: ignore, webSocketUrl: ws://localhost:6763/session..., webauthn:extension:credBlob: true, webauthn:extension:largeBlob: true, webauthn:extension:minPinLength: true, webauthn:extension:prf: true, webauthn:virtualAuthenticators: true}
Session ID: 81c375fdc73980b0150be4854699555f
	at jdk.internal.reflect.GeneratedConstructorAccessor34.newInstance(Unknown Source)
	at java.base/jdk.internal.reflect.DelegatingConstructorAccessorImpl.newInstance(DelegatingConstructorAccessorImpl.java:45)
	at org.openqa.selenium.remote.ErrorCodec.decode(ErrorCodec.java:167)
	at org.openqa.selenium.remote.codec.w3c.W3CHttpResponseCodec.decode(W3CHttpResponseCodec.java:138)
	at org.openqa.selenium.remote.codec.w3c.W3CHttpResponseCodec.decode(W3CHttpResponseCodec.java:50)
	at org.openqa.selenium.remote.HttpCommandExecutor.execute(HttpCommandExecutor.java:190)
	at org.openqa.selenium.remote.service.DriverCommandExecutor.invokeExecute(DriverCommandExecutor.java:216)
	at org.openqa.selenium.remote.service.DriverCommandExecutor.execute(DriverCommandExecutor.java:174)
	at org.openqa.selenium.remote.RemoteWebDriver.execute(RemoteWebDriver.java:518)
	at org.openqa.selenium.remote.ElementLocation$ElementFinder$2.findElements(ElementLocation.java:182)
	at org.openqa.selenium.remote.ElementLocation.findElements(ElementLocation.java:103)
	at org.openqa.selenium.remote.RemoteWebDriver.findElements(RemoteWebDriver.java:368)
	at org.openqa.selenium.remote.RemoteWebDriver.findElements(RemoteWebDriver.java:362)
	at jdk.internal.reflect.GeneratedMethodAccessor19.invoke(Unknown Source)
	at java.base/jdk.internal.reflect.DelegatingMethodAccessorImpl.invoke(DelegatingMethodAccessorImpl.java:43)
	at org.openqa.selenium.support.decorators.WebDriverDecorator.call(WebDriverDecorator.java:249)
	at org.openqa.selenium.support.decorators.DefaultDecorated.call(DefaultDecorated.java:48)
	at org.openqa.selenium.support.decorators.WebDriverDecorator.lambda$createProxy$2(WebDriverDecorator.java:321)
	at org.openqa.selenium.remote.RemoteWebDriver$ByteBuddy$QYIudDZq.findElements(Unknown Source)
	at com.kms.katalon.core.webui.common.WebUiCommonHelper.findElementByNormalMethods(WebUiCommonHelper.java:1036)
	at com.kms.katalon.core.webui.common.WebUiCommonHelper.findElementsBySelectedMethod(WebUiCommonHelper.java:927)
	at com.kms.katalon.core.webui.common.WebUiCommonHelper.findElementsBySelectedMethod(WebUiCommonHelper.java:909)
	at com.kms.katalon.core.webui.common.WebUiCommonHelper.findElementsBySelectedMethod(WebUiCommonHelper.java:904)
	at com.kms.katalon.core.webui.common.WebUiCommonHelper.findElementsByDefault(WebUiCommonHelper.java:900)
	at com.kms.katalon.core.webui.common.WebUiCommonHelper.findElementsWithSelfHealing(WebUiCommonHelper.java:746)
	at com.kms.katalon.core.webui.common.WebUiCommonHelper.findWebElements(WebUiCommonHelper.java:730)
	at com.kms.katalon.core.webui.common.WebUiCommonHelper.findWebElement(WebUiCommonHelper.java:1416)
	at com.kms.katalon.core.webui.keyword.internal.WebUIAbstractKeyword.findWebElement(WebUIAbstractKeyword.groovy:27)
	at com.kms.katalon.core.webui.keyword.builtin.ClickKeyword$_click_closure1.doCall(ClickKeyword.groovy:66)
	at com.kms.katalon.core.webui.keyword.builtin.ClickKeyword$_click_closure1.call(ClickKeyword.groovy)
	at com.kms.katalon.core.webui.keyword.internal.WebUIKeywordMain.runKeyword(WebUIKeywordMain.groovy:35)
	... 20 more


27-12-2024T07:12:58 - [TEST_STEP][PASSED] - comment("Step 1: Click on the "PIM" tab to access the Employee Management section"): Step 1: Click on the "PIM" tab to access the Employee Management section

27-12-2024T07:12:58 - [MESSAGE][INFO] - Step 1: Click on the "PIM" tab to access the Employee Management section

27-12-2024T07:12:58 - [TEST_STEP][FAILED] - click(findTestObject("Object Repository/Employee-Onboarding/Employee_Jobs/Page_OrangeHRM/a_PIM")): Unable to click on object 'Object Repository/Employee-Onboarding/Employee_Jobs/Page_OrangeHRM/a_PIM' (Root cause: com.kms.katalon.core.exception.StepFailedException: Unable to click on object 'Object Repository/Employee-Onboarding/Employee_Jobs/Page_OrangeHRM/a_PIM'
	at com.kms.katalon.core.webui.keyword.internal.WebUIKeywordMain.stepFailed(WebUIKeywordMain.groovy:117)
	at com.kms.katalon.core.webui.keyword.internal.WebUIKeywordMain.runKeyword(WebUIKeywordMain.groovy:43)
	at com.kms.katalon.core.webui.keyword.builtin.ClickKeyword.click(ClickKeyword.groovy:75)
	at com.kms.katalon.core.webui.keyword.builtin.ClickKeyword.execute(ClickKeyword.groovy:40)
	at com.kms.katalon.core.keyword.internal.KeywordExecutor.executeKeywordForPlatform(KeywordExecutor.groovy:74)
	at com.kms.katalon.core.webui.keyword.WebUiBuiltInKeywords.click(WebUiBuiltInKeywords.groovy:696)
	at TC_Employee_Job_Details.run(TC_Employee_Job_Details:23)
	at com.kms.katalon.core.main.ScriptEngine.run(ScriptEngine.java:194)
	at com.kms.katalon.core.main.ScriptEngine.runScriptAsRawText(ScriptEngine.java:119)
	at com.kms.katalon.core.main.TestCaseExecutor.runScript(TestCaseExecutor.java:448)
	at com.kms.katalon.core.main.TestCaseExecutor.doExecute(TestCaseExecutor.java:439)
	at com.kms.katalon.core.main.TestCaseExecutor.processExecutionPhase(TestCaseExecutor.java:418)
	at com.kms.katalon.core.main.TestCaseExecutor.accessMainPhase(TestCaseExecutor.java:410)
	at com.kms.katalon.core.main.TestCaseExecutor.execute(TestCaseExecutor.java:285)
	at com.kms.katalon.core.common.CommonExecutor.accessTestCaseMainPhase(CommonExecutor.java:65)
	at com.kms.katalon.core.main.TestSuiteExecutor.accessTestSuiteMainPhase(TestSuiteExecutor.java:161)
	at com.kms.katalon.core.main.TestSuiteExecutor.execute(TestSuiteExecutor.java:107)
	at com.kms.katalon.core.main.TestCaseMain.startTestSuite(TestCaseMain.java:176)
	at TempTestSuite1735263398717.run(TempTestSuite1735263398717.groovy:35)
	at java.base/jdk.internal.reflect.NativeMethodAccessorImpl.invoke0(Native Method)
	at java.base/jdk.internal.reflect.NativeMethodAccessorImpl.invoke(NativeMethodAccessorImpl.java:77)
	at java.base/jdk.internal.reflect.DelegatingMethodAccessorImpl.invoke(DelegatingMethodAccessorImpl.java:43)
Caused by: org.openqa.selenium.WebDriverException: disconnected: not connected to DevTools
  (failed to check if window was closed: disconnected: not connected to DevTools)
  (Session info: chrome=131.0.6778.205)
Build info: version: '4.22.0', revision: 'c5f3146703'
System info: os.name: 'Mac OS X', os.arch: 'aarch64', os.version: '15.2', java.version: '17.0.7'
Driver info: com.kms.katalon.selenium.driver.CChromeDriver
Command: [81c375fdc73980b0150be4854699555f, findElements {using=xpath, value=//div[@id='app']/div/div/aside/nav/div[2]/ul/li[2]/a}]
Capabilities {acceptInsecureCerts: false, browserName: chrome, browserVersion: 131.0.6778.205, chrome: {chromedriverVersion: 131.0.6778.85 (3d81e41b6f3a..., userDataDir: /var/folders/1j/l6215wsx1tb...}, fedcm:accounts: true, goog:chromeOptions: {debuggerAddress: localhost:49316}, networkConnectionEnabled: false, pageLoadStrategy: normal, platformName: mac, proxy: Proxy(), se:cdp: ws://localhost:49316/devtoo..., se:cdpVersion: 131.0.6778.205, setWindowRect: true, strictFileInteractability: false, timeouts: {implicit: 0, pageLoad: 300000, script: 30000}, unhandledPromptBehavior: ignore, webSocketUrl: ws://localhost:6763/session..., webauthn:extension:credBlob: true, webauthn:extension:largeBlob: true, webauthn:extension:minPinLength: true, webauthn:extension:prf: true, webauthn:virtualAuthenticators: true}
Session ID: 81c375fdc73980b0150be4854699555f
	at jdk.internal.reflect.GeneratedConstructorAccessor34.newInstance(Unknown Source)
	at java.base/jdk.internal.reflect.DelegatingConstructorAccessorImpl.newInstance(DelegatingConstructorAccessorImpl.java:45)
	at org.openqa.selenium.remote.ErrorCodec.decode(ErrorCodec.java:167)
	at org.openqa.selenium.remote.codec.w3c.W3CHttpResponseCodec.decode(W3CHttpResponseCodec.java:138)
	at org.openqa.selenium.remote.codec.w3c.W3CHttpResponseCodec.decode(W3CHttpResponseCodec.java:50)
	at org.openqa.selenium.remote.HttpCommandExecutor.execute(HttpCommandExecutor.java:190)
	at org.openqa.selenium.remote.service.DriverCommandExecutor.invokeExecute(DriverCommandExecutor.java:216)
	at org.openqa.selenium.remote.service.DriverCommandExecutor.execute(DriverCommandExecutor.java:174)
	at org.openqa.selenium.remote.RemoteWebDriver.execute(RemoteWebDriver.java:518)
	at org.openqa.selenium.remote.ElementLocation$ElementFinder$2.findElements(ElementLocation.java:182)
	at org.openqa.selenium.remote.ElementLocation.findElements(ElementLocation.java:103)
	at org.openqa.selenium.remote.RemoteWebDriver.findElements(RemoteWebDriver.java:368)
	at org.openqa.selenium.remote.RemoteWebDriver.findElements(RemoteWebDriver.java:362)
	at jdk.internal.reflect.GeneratedMethodAccessor19.invoke(Unknown Source)
	at java.base/jdk.internal.reflect.DelegatingMethodAccessorImpl.invoke(DelegatingMethodAccessorImpl.java:43)
	at org.openqa.selenium.support.decorators.WebDriverDecorator.call(WebDriverDecorator.java:249)
	at org.openqa.selenium.support.decorators.DefaultDecorated.call(DefaultDecorated.java:48)
	at org.openqa.selenium.support.decorators.WebDriverDecorator.lambda$createProxy$2(WebDriverDecorator.java:321)
	at org.openqa.selenium.remote.RemoteWebDriver$ByteBuddy$QYIudDZq.findElements(Unknown Source)
	at com.kms.katalon.core.webui.common.WebUiCommonHelper.findElementByNormalMethods(WebUiCommonHelper.java:1036)
	at com.kms.katalon.core.webui.common.WebUiCommonHelper.findElementsBySelectedMethod(WebUiCommonHelper.java:927)
	at com.kms.katalon.core.webui.common.WebUiCommonHelper.findElementsBySelectedMethod(WebUiCommonHelper.java:909)
	at com.kms.katalon.core.webui.common.WebUiCommonHelper.findElementsBySelectedMethod(WebUiCommonHelper.java:904)
	at com.kms.katalon.core.webui.common.WebUiCommonHelper.findElementsByDefault(WebUiCommonHelper.java:900)
	at com.kms.katalon.core.webui.common.WebUiCommonHelper.findElementsWithSelfHealing(WebUiCommonHelper.java:746)
	at com.kms.katalon.core.webui.common.WebUiCommonHelper.findWebElements(WebUiCommonHelper.java:730)
	at com.kms.katalon.core.webui.common.WebUiCommonHelper.findWebElement(WebUiCommonHelper.java:1416)
	at com.kms.katalon.core.webui.keyword.internal.WebUIAbstractKeyword.findWebElement(WebUIAbstractKeyword.groovy:27)
	at com.kms.katalon.core.webui.keyword.builtin.ClickKeyword$_click_closure1.doCall(ClickKeyword.groovy:66)
	at com.kms.katalon.core.webui.keyword.builtin.ClickKeyword$_click_closure1.call(ClickKeyword.groovy)
	at com.kms.katalon.core.webui.keyword.internal.WebUIKeywordMain.runKeyword(WebUIKeywordMain.groovy:35)
	at com.kms.katalon.core.webui.keyword.builtin.ClickKeyword.click(ClickKeyword.groovy:75)
	at com.kms.katalon.core.webui.keyword.builtin.ClickKeyword.execute(ClickKeyword.groovy:40)
	at com.kms.katalon.core.keyword.internal.KeywordExecutor.executeKeywordForPlatform(KeywordExecutor.groovy:74)
	at com.kms.katalon.core.webui.keyword.WebUiBuiltInKeywords.click(WebUiBuiltInKeywords.groovy:696)
	at Script1734948563457.run(Script1734948563457.groovy:23)
	... 15 more
)

27-12-2024T07:12:58 - [MESSAGE][WARNING] - [SELF-HEALING] Failed to find element with id 'Object Repository/Employee-Onboarding/Employee_Jobs/Page_OrangeHRM/a_PIM'. Try using Self-healing.

27-12-2024T07:12:58 - [MESSAGE][WARNING] - [SELF-HEALING] disconnected: not connected to DevTools
  (failed to check if window was closed: disconnected: not connected to DevTools)
  (Session info: chrome=131.0.6778.205)
Build info: version: '4.22.0', revision: 'c5f3146703'
System info: os.name: 'Mac OS X', os.arch: 'aarch64', os.version: '15.2', java.version: '17.0.7'
Driver info: com.kms.katalon.selenium.driver.CChromeDriver
Command: [81c375fdc73980b0150be4854699555f, findElements {using=xpath, value=//div[@id='app']/div/div/aside/nav/div[2]/ul/li[2]/a}]
Capabilities {acceptInsecureCerts: false, browserName: chrome, browserVersion: 131.0.6778.205, chrome: {chromedriverVersion: 131.0.6778.85 (3d81e41b6f3a..., userDataDir: /var/folders/1j/l6215wsx1tb...}, fedcm:accounts: true, goog:chromeOptions: {debuggerAddress: localhost:49316}, networkConnectionEnabled: false, pageLoadStrategy: normal, platformName: mac, proxy: Proxy(), se:cdp: ws://localhost:49316/devtoo..., se:cdpVersion: 131.0.6778.205, setWindowRect: true, strictFileInteractability: false, timeouts: {implicit: 0, pageLoad: 300000, script: 30000}, unhandledPromptBehavior: ignore, webSocketUrl: ws://localhost:6763/session..., webauthn:extension:credBlob: true, webauthn:extension:largeBlob: true, webauthn:extension:minPinLength: true, webauthn:extension:prf: true, webauthn:virtualAuthenticators: true}
Session ID: 81c375fdc73980b0150be4854699555f

27-12-2024T07:12:59 - [MESSAGE][WARNING] - [SELF-HEALING] disconnected: not connected to DevTools
  (failed to check if window was closed: disconnected: not connected to DevTools)
  (Session info: chrome=131.0.6778.205)
Build info: version: '4.22.0', revision: 'c5f3146703'
System info: os.name: 'Mac OS X', os.arch: 'aarch64', os.version: '15.2', java.version: '17.0.7'
Driver info: com.kms.katalon.selenium.driver.CChromeDriver
Command: [81c375fdc73980b0150be4854699555f, findElements {using=xpath, value=//*[@href = '/web/index.php/pim/viewPimModule' and (text() = 'PIM' or . = 'PIM')]}]
Capabilities {acceptInsecureCerts: false, browserName: chrome, browserVersion: 131.0.6778.205, chrome: {chromedriverVersion: 131.0.6778.85 (3d81e41b6f3a..., userDataDir: /var/folders/1j/l6215wsx1tb...}, fedcm:accounts: true, goog:chromeOptions: {debuggerAddress: localhost:49316}, networkConnectionEnabled: false, pageLoadStrategy: normal, platformName: mac, proxy: Proxy(), se:cdp: ws://localhost:49316/devtoo..., se:cdpVersion: 131.0.6778.205, setWindowRect: true, strictFileInteractability: false, timeouts: {implicit: 0, pageLoad: 300000, script: 30000}, unhandledPromptBehavior: ignore, webSocketUrl: ws://localhost:6763/session..., webauthn:extension:credBlob: true, webauthn:extension:largeBlob: true, webauthn:extension:minPinLength: true, webauthn:extension:prf: true, webauthn:virtualAuthenticators: true}
Session ID: 81c375fdc73980b0150be4854699555f

27-12-2024T07:12:59 - [MESSAGE][WARNING] - [SELF-HEALING] disconnected: not connected to DevTools
  (failed to check if window was closed: disconnected: not connected to DevTools)
  (Session info: chrome=131.0.6778.205)
Build info: version: '4.22.0', revision: 'c5f3146703'
System info: os.name: 'Mac OS X', os.arch: 'aarch64', os.version: '15.2', java.version: '17.0.7'
Driver info: com.kms.katalon.selenium.driver.CChromeDriver
Command: [81c375fdc73980b0150be4854699555f, findElements {using=css selector, value=}]
Capabilities {acceptInsecureCerts: false, browserName: chrome, browserVersion: 131.0.6778.205, chrome: {chromedriverVersion: 131.0.6778.85 (3d81e41b6f3a..., userDataDir: /var/folders/1j/l6215wsx1tb...}, fedcm:accounts: true, goog:chromeOptions: {debuggerAddress: localhost:49316}, networkConnectionEnabled: false, pageLoadStrategy: normal, platformName: mac, proxy: Proxy(), se:cdp: ws://localhost:49316/devtoo..., se:cdpVersion: 131.0.6778.205, setWindowRect: true, strictFileInteractability: false, timeouts: {implicit: 0, pageLoad: 300000, script: 30000}, unhandledPromptBehavior: ignore, webSocketUrl: ws://localhost:6763/session..., webauthn:extension:credBlob: true, webauthn:extension:largeBlob: true, webauthn:extension:minPinLength: true, webauthn:extension:prf: true, webauthn:virtualAuthenticators: true}
Session ID: 81c375fdc73980b0150be4854699555f

27-12-2024T07:12:59 - [MESSAGE][WARNING] - Cannot take screenshot

27-12-2024T07:12:59 - [MESSAGE][FAILED] - Unable to click on object 'Object Repository/Employee-Onboarding/Employee_Jobs/Page_OrangeHRM/a_PIM' (Root cause: com.kms.katalon.core.exception.StepFailedException: Unable to click on object 'Object Repository/Employee-Onboarding/Employee_Jobs/Page_OrangeHRM/a_PIM'
	at com.kms.katalon.core.webui.keyword.internal.WebUIKeywordMain.stepFailed(WebUIKeywordMain.groovy:117)
	at com.kms.katalon.core.webui.keyword.internal.WebUIKeywordMain.runKeyword(WebUIKeywordMain.groovy:43)
	at com.kms.katalon.core.webui.keyword.builtin.ClickKeyword.click(ClickKeyword.groovy:75)
	at com.kms.katalon.core.webui.keyword.builtin.ClickKeyword.execute(ClickKeyword.groovy:40)
	at com.kms.katalon.core.keyword.internal.KeywordExecutor.executeKeywordForPlatform(KeywordExecutor.groovy:74)
	at com.kms.katalon.core.webui.keyword.WebUiBuiltInKeywords.click(WebUiBuiltInKeywords.groovy:696)
	at TC_Employee_Job_Details.run(TC_Employee_Job_Details:23)
	at com.kms.katalon.core.main.ScriptEngine.run(ScriptEngine.java:194)
	at com.kms.katalon.core.main.ScriptEngine.runScriptAsRawText(ScriptEngine.java:119)
	at com.kms.katalon.core.main.TestCaseExecutor.runScript(TestCaseExecutor.java:448)
	at com.kms.katalon.core.main.TestCaseExecutor.doExecute(TestCaseExecutor.java:439)
	at com.kms.katalon.core.main.TestCaseExecutor.processExecutionPhase(TestCaseExecutor.java:418)
	at com.kms.katalon.core.main.TestCaseExecutor.accessMainPhase(TestCaseExecutor.java:410)
	at com.kms.katalon.core.main.TestCaseExecutor.execute(TestCaseExecutor.java:285)
	at com.kms.katalon.core.common.CommonExecutor.accessTestCaseMainPhase(CommonExecutor.java:65)
	at com.kms.katalon.core.main.TestSuiteExecutor.accessTestSuiteMainPhase(TestSuiteExecutor.java:161)
	at com.kms.katalon.core.main.TestSuiteExecutor.execute(TestSuiteExecutor.java:107)
	at com.kms.katalon.core.main.TestCaseMain.startTestSuite(TestCaseMain.java:176)
	at TempTestSuite1735263398717.run(TempTestSuite1735263398717.groovy:35)
	at java.base/jdk.internal.reflect.NativeMethodAccessorImpl.invoke0(Native Method)
	at java.base/jdk.internal.reflect.NativeMethodAccessorImpl.invoke(NativeMethodAccessorImpl.java:77)
	at java.base/jdk.internal.reflect.DelegatingMethodAccessorImpl.invoke(DelegatingMethodAccessorImpl.java:43)
Caused by: org.openqa.selenium.WebDriverException: disconnected: not connected to DevTools
  (failed to check if window was closed: disconnected: not connected to DevTools)
  (Session info: chrome=131.0.6778.205)
Build info: version: '4.22.0', revision: 'c5f3146703'
System info: os.name: 'Mac OS X', os.arch: 'aarch64', os.version: '15.2', java.version: '17.0.7'
Driver info: com.kms.katalon.selenium.driver.CChromeDriver
Command: [81c375fdc73980b0150be4854699555f, findElements {using=xpath, value=//div[@id='app']/div/div/aside/nav/div[2]/ul/li[2]/a}]
Capabilities {acceptInsecureCerts: false, browserName: chrome, browserVersion: 131.0.6778.205, chrome: {chromedriverVersion: 131.0.6778.85 (3d81e41b6f3a..., userDataDir: /var/folders/1j/l6215wsx1tb...}, fedcm:accounts: true, goog:chromeOptions: {debuggerAddress: localhost:49316}, networkConnectionEnabled: false, pageLoadStrategy: normal, platformName: mac, proxy: Proxy(), se:cdp: ws://localhost:49316/devtoo..., se:cdpVersion: 131.0.6778.205, setWindowRect: true, strictFileInteractability: false, timeouts: {implicit: 0, pageLoad: 300000, script: 30000}, unhandledPromptBehavior: ignore, webSocketUrl: ws://localhost:6763/session..., webauthn:extension:credBlob: true, webauthn:extension:largeBlob: true, webauthn:extension:minPinLength: true, webauthn:extension:prf: true, webauthn:virtualAuthenticators: true}
Session ID: 81c375fdc73980b0150be4854699555f
	at jdk.internal.reflect.GeneratedConstructorAccessor34.newInstance(Unknown Source)
	at java.base/jdk.internal.reflect.DelegatingConstructorAccessorImpl.newInstance(DelegatingConstructorAccessorImpl.java:45)
	at org.openqa.selenium.remote.ErrorCodec.decode(ErrorCodec.java:167)
	at org.openqa.selenium.remote.codec.w3c.W3CHttpResponseCodec.decode(W3CHttpResponseCodec.java:138)
	at org.openqa.selenium.remote.codec.w3c.W3CHttpResponseCodec.decode(W3CHttpResponseCodec.java:50)
	at org.openqa.selenium.remote.HttpCommandExecutor.execute(HttpCommandExecutor.java:190)
	at org.openqa.selenium.remote.service.DriverCommandExecutor.invokeExecute(DriverCommandExecutor.java:216)
	at org.openqa.selenium.remote.service.DriverCommandExecutor.execute(DriverCommandExecutor.java:174)
	at org.openqa.selenium.remote.RemoteWebDriver.execute(RemoteWebDriver.java:518)
	at org.openqa.selenium.remote.ElementLocation$ElementFinder$2.findElements(ElementLocation.java:182)
	at org.openqa.selenium.remote.ElementLocation.findElements(ElementLocation.java:103)
	at org.openqa.selenium.remote.RemoteWebDriver.findElements(RemoteWebDriver.java:368)
	at org.openqa.selenium.remote.RemoteWebDriver.findElements(RemoteWebDriver.java:362)
	at jdk.internal.reflect.GeneratedMethodAccessor19.invoke(Unknown Source)
	at java.base/jdk.internal.reflect.DelegatingMethodAccessorImpl.invoke(DelegatingMethodAccessorImpl.java:43)
	at org.openqa.selenium.support.decorators.WebDriverDecorator.call(WebDriverDecorator.java:249)
	at org.openqa.selenium.support.decorators.DefaultDecorated.call(DefaultDecorated.java:48)
	at org.openqa.selenium.support.decorators.WebDriverDecorator.lambda$createProxy$2(WebDriverDecorator.java:321)
	at org.openqa.selenium.remote.RemoteWebDriver$ByteBuddy$QYIudDZq.findElements(Unknown Source)
	at com.kms.katalon.core.webui.common.WebUiCommonHelper.findElementByNormalMethods(WebUiCommonHelper.java:1036)
	at com.kms.katalon.core.webui.common.WebUiCommonHelper.findElementsBySelectedMethod(WebUiCommonHelper.java:927)
	at com.kms.katalon.core.webui.common.WebUiCommonHelper.findElementsBySelectedMethod(WebUiCommonHelper.java:909)
	at com.kms.katalon.core.webui.common.WebUiCommonHelper.findElementsBySelectedMethod(WebUiCommonHelper.java:904)
	at com.kms.katalon.core.webui.common.WebUiCommonHelper.findElementsByDefault(WebUiCommonHelper.java:900)
	at com.kms.katalon.core.webui.common.WebUiCommonHelper.findElementsWithSelfHealing(WebUiCommonHelper.java:746)
	at com.kms.katalon.core.webui.common.WebUiCommonHelper.findWebElements(WebUiCommonHelper.java:730)
	at com.kms.katalon.core.webui.common.WebUiCommonHelper.findWebElement(WebUiCommonHelper.java:1416)
	at com.kms.katalon.core.webui.keyword.internal.WebUIAbstractKeyword.findWebElement(WebUIAbstractKeyword.groovy:27)
	at com.kms.katalon.core.webui.keyword.builtin.ClickKeyword$_click_closure1.doCall(ClickKeyword.groovy:66)
	at com.kms.katalon.core.webui.keyword.builtin.ClickKeyword$_click_closure1.call(ClickKeyword.groovy)
	at com.kms.katalon.core.webui.keyword.internal.WebUIKeywordMain.runKeyword(WebUIKeywordMain.groovy:35)
	at com.kms.katalon.core.webui.keyword.builtin.ClickKeyword.click(ClickKeyword.groovy:75)
	at com.kms.katalon.core.webui.keyword.builtin.ClickKeyword.execute(ClickKeyword.groovy:40)
	at com.kms.katalon.core.keyword.internal.KeywordExecutor.executeKeywordForPlatform(KeywordExecutor.groovy:74)
	at com.kms.katalon.core.webui.keyword.WebUiBuiltInKeywords.click(WebUiBuiltInKeywords.groovy:696)
	at Script1734948563457.run(Script1734948563457.groovy:23)
	... 15 more
)]]></system-out>
         <system-err><![CDATA[27-12-2024T07:12:58 - [TEST_CASE][FAILED] - Test Cases/Employee_Onboarding/TC_Employee_Job_Details: Test Cases/Employee_Onboarding/TC_Employee_Job_Details FAILED.
Reason:
com.kms.katalon.core.exception.StepFailedException: Unable to click on object 'Object Repository/Employee-Onboarding/Employee_Jobs/Page_OrangeHRM/a_PIM'
	at com.kms.katalon.core.webui.keyword.internal.WebUIKeywordMain.stepFailed(WebUIKeywordMain.groovy:117)
	at com.kms.katalon.core.webui.keyword.internal.WebUIKeywordMain.runKeyword(WebUIKeywordMain.groovy:43)
	at com.kms.katalon.core.webui.keyword.builtin.ClickKeyword.click(ClickKeyword.groovy:75)
	at com.kms.katalon.core.webui.keyword.builtin.ClickKeyword.execute(ClickKeyword.groovy:40)
	at com.kms.katalon.core.keyword.internal.KeywordExecutor.executeKeywordForPlatform(KeywordExecutor.groovy:74)
	at com.kms.katalon.core.webui.keyword.WebUiBuiltInKeywords.click(WebUiBuiltInKeywords.groovy:696)
	at TC_Employee_Job_Details.run(TC_Employee_Job_Details:23)
	at com.kms.katalon.core.main.ScriptEngine.run(ScriptEngine.java:194)
	at com.kms.katalon.core.main.ScriptEngine.runScriptAsRawText(ScriptEngine.java:119)
	at com.kms.katalon.core.main.TestCaseExecutor.runScript(TestCaseExecutor.java:448)
	at com.kms.katalon.core.main.TestCaseExecutor.doExecute(TestCaseExecutor.java:439)
	at com.kms.katalon.core.main.TestCaseExecutor.processExecutionPhase(TestCaseExecutor.java:418)
	at com.kms.katalon.core.main.TestCaseExecutor.accessMainPhase(TestCaseExecutor.java:410)
	at com.kms.katalon.core.main.TestCaseExecutor.execute(TestCaseExecutor.java:285)
	at com.kms.katalon.core.common.CommonExecutor.accessTestCaseMainPhase(CommonExecutor.java:65)
	at com.kms.katalon.core.main.TestSuiteExecutor.accessTestSuiteMainPhase(TestSuiteExecutor.java:161)
	at com.kms.katalon.core.main.TestSuiteExecutor.execute(TestSuiteExecutor.java:107)
	at com.kms.katalon.core.main.TestCaseMain.startTestSuite(TestCaseMain.java:176)
	at TempTestSuite1735263398717.run(TempTestSuite1735263398717.groovy:35)
	at java.base/jdk.internal.reflect.NativeMethodAccessorImpl.invoke0(Native Method)
	at java.base/jdk.internal.reflect.NativeMethodAccessorImpl.invoke(NativeMethodAccessorImpl.java:77)
	at java.base/jdk.internal.reflect.DelegatingMethodAccessorImpl.invoke(DelegatingMethodAccessorImpl.java:43)
Caused by: org.openqa.selenium.WebDriverException: disconnected: not connected to DevTools
  (failed to check if window was closed: disconnected: not connected to DevTools)
  (Session info: chrome=131.0.6778.205)
Build info: version: '4.22.0', revision: 'c5f3146703'
System info: os.name: 'Mac OS X', os.arch: 'aarch64', os.version: '15.2', java.version: '17.0.7'
Driver info: com.kms.katalon.selenium.driver.CChromeDriver
Command: [81c375fdc73980b0150be4854699555f, findElements {using=xpath, value=//div[@id='app']/div/div/aside/nav/div[2]/ul/li[2]/a}]
Capabilities {acceptInsecureCerts: false, browserName: chrome, browserVersion: 131.0.6778.205, chrome: {chromedriverVersion: 131.0.6778.85 (3d81e41b6f3a..., userDataDir: /var/folders/1j/l6215wsx1tb...}, fedcm:accounts: true, goog:chromeOptions: {debuggerAddress: localhost:49316}, networkConnectionEnabled: false, pageLoadStrategy: normal, platformName: mac, proxy: Proxy(), se:cdp: ws://localhost:49316/devtoo..., se:cdpVersion: 131.0.6778.205, setWindowRect: true, strictFileInteractability: false, timeouts: {implicit: 0, pageLoad: 300000, script: 30000}, unhandledPromptBehavior: ignore, webSocketUrl: ws://localhost:6763/session..., webauthn:extension:credBlob: true, webauthn:extension:largeBlob: true, webauthn:extension:minPinLength: true, webauthn:extension:prf: true, webauthn:virtualAuthenticators: true}
Session ID: 81c375fdc73980b0150be4854699555f
	at jdk.internal.reflect.GeneratedConstructorAccessor34.newInstance(Unknown Source)
	at java.base/jdk.internal.reflect.DelegatingConstructorAccessorImpl.newInstance(DelegatingConstructorAccessorImpl.java:45)
	at org.openqa.selenium.remote.ErrorCodec.decode(ErrorCodec.java:167)
	at org.openqa.selenium.remote.codec.w3c.W3CHttpResponseCodec.decode(W3CHttpResponseCodec.java:138)
	at org.openqa.selenium.remote.codec.w3c.W3CHttpResponseCodec.decode(W3CHttpResponseCodec.java:50)
	at org.openqa.selenium.remote.HttpCommandExecutor.execute(HttpCommandExecutor.java:190)
	at org.openqa.selenium.remote.service.DriverCommandExecutor.invokeExecute(DriverCommandExecutor.java:216)
	at org.openqa.selenium.remote.service.DriverCommandExecutor.execute(DriverCommandExecutor.java:174)
	at org.openqa.selenium.remote.RemoteWebDriver.execute(RemoteWebDriver.java:518)
	at org.openqa.selenium.remote.ElementLocation$ElementFinder$2.findElements(ElementLocation.java:182)
	at org.openqa.selenium.remote.ElementLocation.findElements(ElementLocation.java:103)
	at org.openqa.selenium.remote.RemoteWebDriver.findElements(RemoteWebDriver.java:368)
	at org.openqa.selenium.remote.RemoteWebDriver.findElements(RemoteWebDriver.java:362)
	at jdk.internal.reflect.GeneratedMethodAccessor19.invoke(Unknown Source)
	at java.base/jdk.internal.reflect.DelegatingMethodAccessorImpl.invoke(DelegatingMethodAccessorImpl.java:43)
	at org.openqa.selenium.support.decorators.WebDriverDecorator.call(WebDriverDecorator.java:249)
	at org.openqa.selenium.support.decorators.DefaultDecorated.call(DefaultDecorated.java:48)
	at org.openqa.selenium.support.decorators.WebDriverDecorator.lambda$createProxy$2(WebDriverDecorator.java:321)
	at org.openqa.selenium.remote.RemoteWebDriver$ByteBuddy$QYIudDZq.findElements(Unknown Source)
	at com.kms.katalon.core.webui.common.WebUiCommonHelper.findElementByNormalMethods(WebUiCommonHelper.java:1036)
	at com.kms.katalon.core.webui.common.WebUiCommonHelper.findElementsBySelectedMethod(WebUiCommonHelper.java:927)
	at com.kms.katalon.core.webui.common.WebUiCommonHelper.findElementsBySelectedMethod(WebUiCommonHelper.java:909)
	at com.kms.katalon.core.webui.common.WebUiCommonHelper.findElementsBySelectedMethod(WebUiCommonHelper.java:904)
	at com.kms.katalon.core.webui.common.WebUiCommonHelper.findElementsByDefault(WebUiCommonHelper.java:900)
	at com.kms.katalon.core.webui.common.WebUiCommonHelper.findElementsWithSelfHealing(WebUiCommonHelper.java:746)
	at com.kms.katalon.core.webui.common.WebUiCommonHelper.findWebElements(WebUiCommonHelper.java:730)
	at com.kms.katalon.core.webui.common.WebUiCommonHelper.findWebElement(WebUiCommonHelper.java:1416)
	at com.kms.katalon.core.webui.keyword.internal.WebUIAbstractKeyword.findWebElement(WebUIAbstractKeyword.groovy:27)
	at com.kms.katalon.core.webui.keyword.builtin.ClickKeyword$_click_closure1.doCall(ClickKeyword.groovy:66)
	at com.kms.katalon.core.webui.keyword.builtin.ClickKeyword$_click_closure1.call(ClickKeyword.groovy)
	at com.kms.katalon.core.webui.keyword.internal.WebUIKeywordMain.runKeyword(WebUIKeywordMain.groovy:35)
	... 20 more]]></system-err>
      </testcase>
      <testcase name="Test Cases/Employee_Onboarding/TC_Employee_Job_Details" time="1.017" classname="Test Cases/Employee_Onboarding/TC_Employee_Job_Details" status="FAILED">
         <failure type="FAILED" message="Test Cases/Employee_Onboarding/TC_Employee_Job_Details FAILED.&#xa;Reason:&#xa;com.kms.katalon.core.exception.StepFailedException: Unable to click on object 'Object Repository/Employee-Onboarding/Employee_Jobs/Page_OrangeHRM/a_PIM'&#xa;	at com.kms.katalon.core.webui.keyword.internal.WebUIKeywordMain.stepFailed(WebUIKeywordMain.groovy:117)&#xa;	at com.kms.katalon.core.webui.keyword.internal.WebUIKeywordMain.runKeyword(WebUIKeywordMain.groovy:43)&#xa;	at com.kms.katalon.core.webui.keyword.builtin.ClickKeyword.click(ClickKeyword.groovy:75)&#xa;	at com.kms.katalon.core.webui.keyword.builtin.ClickKeyword.execute(ClickKeyword.groovy:40)&#xa;	at com.kms.katalon.core.keyword.internal.KeywordExecutor.executeKeywordForPlatform(KeywordExecutor.groovy:74)&#xa;	at com.kms.katalon.core.webui.keyword.WebUiBuiltInKeywords.click(WebUiBuiltInKeywords.groovy:696)&#xa;	at TC_Employee_Job_Details.run(TC_Employee_Job_Details:23)&#xa;	at com.kms.katalon.core.main.ScriptEngine.run(ScriptEngine.java:194)&#xa;	at com.kms.katalon.core.main.ScriptEngine.runScriptAsRawText(ScriptEngine.java:119)&#xa;	at com.kms.katalon.core.main.TestCaseExecutor.runScript(TestCaseExecutor.java:448)&#xa;	at com.kms.katalon.core.main.TestCaseExecutor.doExecute(TestCaseExecutor.java:439)&#xa;	at com.kms.katalon.core.main.TestCaseExecutor.processExecutionPhase(TestCaseExecutor.java:418)&#xa;	at com.kms.katalon.core.main.TestCaseExecutor.accessMainPhase(TestCaseExecutor.java:410)&#xa;	at com.kms.katalon.core.main.TestCaseExecutor.execute(TestCaseExecutor.java:285)&#xa;	at com.kms.katalon.core.common.CommonExecutor.accessTestCaseMainPhase(CommonExecutor.java:65)&#xa;	at com.kms.katalon.core.main.TestSuiteExecutor.accessTestSuiteMainPhase(TestSuiteExecutor.java:161)&#xa;	at com.kms.katalon.core.main.TestSuiteExecutor.execute(TestSuiteExecutor.java:107)&#xa;	at com.kms.katalon.core.main.TestCaseMain.startTestSuite(TestCaseMain.java:176)&#xa;	at TempTestSuite1735263398717.run(TempTestSuite1735263398717.groovy:35)&#xa;	at java.base/jdk.internal.reflect.NativeMethodAccessorImpl.invoke0(Native Method)&#xa;	at java.base/jdk.internal.reflect.NativeMethodAccessorImpl.invoke(NativeMethodAccessorImpl.java:77)&#xa;	at java.base/jdk.internal.reflect.DelegatingMethodAccessorImpl.invoke(DelegatingMethodAccessorImpl.java:43)&#xa;Caused by: org.openqa.selenium.WebDriverException: disconnected: not connected to DevTools&#xa;  (failed to check if window was closed: disconnected: not connected to DevTools)&#xa;  (Session info: chrome=131.0.6778.205)&#xa;Build info: version: '4.22.0', revision: 'c5f3146703'&#xa;System info: os.name: 'Mac OS X', os.arch: 'aarch64', os.version: '15.2', java.version: '17.0.7'&#xa;Driver info: com.kms.katalon.selenium.driver.CChromeDriver&#xa;Command: [81c375fdc73980b0150be4854699555f, findElements {using=xpath, value=//div[@id='app']/div/div/aside/nav/div[2]/ul/li[2]/a}]&#xa;Capabilities {acceptInsecureCerts: false, browserName: chrome, browserVersion: 131.0.6778.205, chrome: {chromedriverVersion: 131.0.6778.85 (3d81e41b6f3a..., userDataDir: /var/folders/1j/l6215wsx1tb...}, fedcm:accounts: true, goog:chromeOptions: {debuggerAddress: localhost:49316}, networkConnectionEnabled: false, pageLoadStrategy: normal, platformName: mac, proxy: Proxy(), se:cdp: ws://localhost:49316/devtoo..., se:cdpVersion: 131.0.6778.205, setWindowRect: true, strictFileInteractability: false, timeouts: {implicit: 0, pageLoad: 300000, script: 30000}, unhandledPromptBehavior: ignore, webSocketUrl: ws://localhost:6763/session..., webauthn:extension:credBlob: true, webauthn:extension:largeBlob: true, webauthn:extension:minPinLength: true, webauthn:extension:prf: true, webauthn:virtualAuthenticators: true}&#xa;Session ID: 81c375fdc73980b0150be4854699555f&#xa;	at jdk.internal.reflect.GeneratedConstructorAccessor34.newInstance(Unknown Source)&#xa;	at java.base/jdk.internal.reflect.DelegatingConstructorAccessorImpl.newInstance(DelegatingConstructorAccessorImpl.java:45)&#xa;	at org.openqa.selenium.remote.ErrorCodec.decode(ErrorCodec.java:167)&#xa;	at org.openqa.selenium.remote.codec.w3c.W3CHttpResponseCodec.decode(W3CHttpResponseCodec.java:138)&#xa;	at org.openqa.selenium.remote.codec.w3c.W3CHttpResponseCodec.decode(W3CHttpResponseCodec.java:50)&#xa;	at org.openqa.selenium.remote.HttpCommandExecutor.execute(HttpCommandExecutor.java:190)&#xa;	at org.openqa.selenium.remote.service.DriverCommandExecutor.invokeExecute(DriverCommandExecutor.java:216)&#xa;	at org.openqa.selenium.remote.service.DriverCommandExecutor.execute(DriverCommandExecutor.java:174)&#xa;	at org.openqa.selenium.remote.RemoteWebDriver.execute(RemoteWebDriver.java:518)&#xa;	at org.openqa.selenium.remote.ElementLocation$ElementFinder$2.findElements(ElementLocation.java:182)&#xa;	at org.openqa.selenium.remote.ElementLocation.findElements(ElementLocation.java:103)&#xa;	at org.openqa.selenium.remote.RemoteWebDriver.findElements(RemoteWebDriver.java:368)&#xa;	at org.openqa.selenium.remote.RemoteWebDriver.findElements(RemoteWebDriver.java:362)&#xa;	at jdk.internal.reflect.GeneratedMethodAccessor19.invoke(Unknown Source)&#xa;	at java.base/jdk.internal.reflect.DelegatingMethodAccessorImpl.invoke(DelegatingMethodAccessorImpl.java:43)&#xa;	at org.openqa.selenium.support.decorators.WebDriverDecorator.call(WebDriverDecorator.java:249)&#xa;	at org.openqa.selenium.support.decorators.DefaultDecorated.call(DefaultDecorated.java:48)&#xa;	at org.openqa.selenium.support.decorators.WebDriverDecorator.lambda$createProxy$2(WebDriverDecorator.java:321)&#xa;	at org.openqa.selenium.remote.RemoteWebDriver$ByteBuddy$QYIudDZq.findElements(Unknown Source)&#xa;	at com.kms.katalon.core.webui.common.WebUiCommonHelper.findElementByNormalMethods(WebUiCommonHelper.java:1036)&#xa;	at com.kms.katalon.core.webui.common.WebUiCommonHelper.findElementsBySelectedMethod(WebUiCommonHelper.java:927)&#xa;	at com.kms.katalon.core.webui.common.WebUiCommonHelper.findElementsBySelectedMethod(WebUiCommonHelper.java:909)&#xa;	at com.kms.katalon.core.webui.common.WebUiCommonHelper.findElementsBySelectedMethod(WebUiCommonHelper.java:904)&#xa;	at com.kms.katalon.core.webui.common.WebUiCommonHelper.findElementsByDefault(WebUiCommonHelper.java:900)&#xa;	at com.kms.katalon.core.webui.common.WebUiCommonHelper.findElementsWithSelfHealing(WebUiCommonHelper.java:746)&#xa;	at com.kms.katalon.core.webui.common.WebUiCommonHelper.findWebElements(WebUiCommonHelper.java:730)&#xa;	at com.kms.katalon.core.webui.common.WebUiCommonHelper.findWebElement(WebUiCommonHelper.java:1416)&#xa;	at com.kms.katalon.core.webui.keyword.internal.WebUIAbstractKeyword.findWebElement(WebUIAbstractKeyword.groovy:27)&#xa;	at com.kms.katalon.core.webui.keyword.builtin.ClickKeyword$_click_closure1.doCall(ClickKeyword.groovy:66)&#xa;	at com.kms.katalon.core.webui.keyword.builtin.ClickKeyword$_click_closure1.call(ClickKeyword.groovy)&#xa;	at com.kms.katalon.core.webui.keyword.internal.WebUIKeywordMain.runKeyword(WebUIKeywordMain.groovy:35)&#xa;	... 20 more&#xa;"/>
         <system-out><![CDATA[27-12-2024T07:12:59 - [TEST_CASE][FAILED] - Test Cases/Employee_Onboarding/TC_Employee_Job_Details: Test Cases/Employee_Onboarding/TC_Employee_Job_Details FAILED.
Reason:
com.kms.katalon.core.exception.StepFailedException: Unable to click on object 'Object Repository/Employee-Onboarding/Employee_Jobs/Page_OrangeHRM/a_PIM'
	at com.kms.katalon.core.webui.keyword.internal.WebUIKeywordMain.stepFailed(WebUIKeywordMain.groovy:117)
	at com.kms.katalon.core.webui.keyword.internal.WebUIKeywordMain.runKeyword(WebUIKeywordMain.groovy:43)
	at com.kms.katalon.core.webui.keyword.builtin.ClickKeyword.click(ClickKeyword.groovy:75)
	at com.kms.katalon.core.webui.keyword.builtin.ClickKeyword.execute(ClickKeyword.groovy:40)
	at com.kms.katalon.core.keyword.internal.KeywordExecutor.executeKeywordForPlatform(KeywordExecutor.groovy:74)
	at com.kms.katalon.core.webui.keyword.WebUiBuiltInKeywords.click(WebUiBuiltInKeywords.groovy:696)
	at TC_Employee_Job_Details.run(TC_Employee_Job_Details:23)
	at com.kms.katalon.core.main.ScriptEngine.run(ScriptEngine.java:194)
	at com.kms.katalon.core.main.ScriptEngine.runScriptAsRawText(ScriptEngine.java:119)
	at com.kms.katalon.core.main.TestCaseExecutor.runScript(TestCaseExecutor.java:448)
	at com.kms.katalon.core.main.TestCaseExecutor.doExecute(TestCaseExecutor.java:439)
	at com.kms.katalon.core.main.TestCaseExecutor.processExecutionPhase(TestCaseExecutor.java:418)
	at com.kms.katalon.core.main.TestCaseExecutor.accessMainPhase(TestCaseExecutor.java:410)
	at com.kms.katalon.core.main.TestCaseExecutor.execute(TestCaseExecutor.java:285)
	at com.kms.katalon.core.common.CommonExecutor.accessTestCaseMainPhase(CommonExecutor.java:65)
	at com.kms.katalon.core.main.TestSuiteExecutor.accessTestSuiteMainPhase(TestSuiteExecutor.java:161)
	at com.kms.katalon.core.main.TestSuiteExecutor.execute(TestSuiteExecutor.java:107)
	at com.kms.katalon.core.main.TestCaseMain.startTestSuite(TestCaseMain.java:176)
	at TempTestSuite1735263398717.run(TempTestSuite1735263398717.groovy:35)
	at java.base/jdk.internal.reflect.NativeMethodAccessorImpl.invoke0(Native Method)
	at java.base/jdk.internal.reflect.NativeMethodAccessorImpl.invoke(NativeMethodAccessorImpl.java:77)
	at java.base/jdk.internal.reflect.DelegatingMethodAccessorImpl.invoke(DelegatingMethodAccessorImpl.java:43)
Caused by: org.openqa.selenium.WebDriverException: disconnected: not connected to DevTools
  (failed to check if window was closed: disconnected: not connected to DevTools)
  (Session info: chrome=131.0.6778.205)
Build info: version: '4.22.0', revision: 'c5f3146703'
System info: os.name: 'Mac OS X', os.arch: 'aarch64', os.version: '15.2', java.version: '17.0.7'
Driver info: com.kms.katalon.selenium.driver.CChromeDriver
Command: [81c375fdc73980b0150be4854699555f, findElements {using=xpath, value=//div[@id='app']/div/div/aside/nav/div[2]/ul/li[2]/a}]
Capabilities {acceptInsecureCerts: false, browserName: chrome, browserVersion: 131.0.6778.205, chrome: {chromedriverVersion: 131.0.6778.85 (3d81e41b6f3a..., userDataDir: /var/folders/1j/l6215wsx1tb...}, fedcm:accounts: true, goog:chromeOptions: {debuggerAddress: localhost:49316}, networkConnectionEnabled: false, pageLoadStrategy: normal, platformName: mac, proxy: Proxy(), se:cdp: ws://localhost:49316/devtoo..., se:cdpVersion: 131.0.6778.205, setWindowRect: true, strictFileInteractability: false, timeouts: {implicit: 0, pageLoad: 300000, script: 30000}, unhandledPromptBehavior: ignore, webSocketUrl: ws://localhost:6763/session..., webauthn:extension:credBlob: true, webauthn:extension:largeBlob: true, webauthn:extension:minPinLength: true, webauthn:extension:prf: true, webauthn:virtualAuthenticators: true}
Session ID: 81c375fdc73980b0150be4854699555f
	at jdk.internal.reflect.GeneratedConstructorAccessor34.newInstance(Unknown Source)
	at java.base/jdk.internal.reflect.DelegatingConstructorAccessorImpl.newInstance(DelegatingConstructorAccessorImpl.java:45)
	at org.openqa.selenium.remote.ErrorCodec.decode(ErrorCodec.java:167)
	at org.openqa.selenium.remote.codec.w3c.W3CHttpResponseCodec.decode(W3CHttpResponseCodec.java:138)
	at org.openqa.selenium.remote.codec.w3c.W3CHttpResponseCodec.decode(W3CHttpResponseCodec.java:50)
	at org.openqa.selenium.remote.HttpCommandExecutor.execute(HttpCommandExecutor.java:190)
	at org.openqa.selenium.remote.service.DriverCommandExecutor.invokeExecute(DriverCommandExecutor.java:216)
	at org.openqa.selenium.remote.service.DriverCommandExecutor.execute(DriverCommandExecutor.java:174)
	at org.openqa.selenium.remote.RemoteWebDriver.execute(RemoteWebDriver.java:518)
	at org.openqa.selenium.remote.ElementLocation$ElementFinder$2.findElements(ElementLocation.java:182)
	at org.openqa.selenium.remote.ElementLocation.findElements(ElementLocation.java:103)
	at org.openqa.selenium.remote.RemoteWebDriver.findElements(RemoteWebDriver.java:368)
	at org.openqa.selenium.remote.RemoteWebDriver.findElements(RemoteWebDriver.java:362)
	at jdk.internal.reflect.GeneratedMethodAccessor19.invoke(Unknown Source)
	at java.base/jdk.internal.reflect.DelegatingMethodAccessorImpl.invoke(DelegatingMethodAccessorImpl.java:43)
	at org.openqa.selenium.support.decorators.WebDriverDecorator.call(WebDriverDecorator.java:249)
	at org.openqa.selenium.support.decorators.DefaultDecorated.call(DefaultDecorated.java:48)
	at org.openqa.selenium.support.decorators.WebDriverDecorator.lambda$createProxy$2(WebDriverDecorator.java:321)
	at org.openqa.selenium.remote.RemoteWebDriver$ByteBuddy$QYIudDZq.findElements(Unknown Source)
	at com.kms.katalon.core.webui.common.WebUiCommonHelper.findElementByNormalMethods(WebUiCommonHelper.java:1036)
	at com.kms.katalon.core.webui.common.WebUiCommonHelper.findElementsBySelectedMethod(WebUiCommonHelper.java:927)
	at com.kms.katalon.core.webui.common.WebUiCommonHelper.findElementsBySelectedMethod(WebUiCommonHelper.java:909)
	at com.kms.katalon.core.webui.common.WebUiCommonHelper.findElementsBySelectedMethod(WebUiCommonHelper.java:904)
	at com.kms.katalon.core.webui.common.WebUiCommonHelper.findElementsByDefault(WebUiCommonHelper.java:900)
	at com.kms.katalon.core.webui.common.WebUiCommonHelper.findElementsWithSelfHealing(WebUiCommonHelper.java:746)
	at com.kms.katalon.core.webui.common.WebUiCommonHelper.findWebElements(WebUiCommonHelper.java:730)
	at com.kms.katalon.core.webui.common.WebUiCommonHelper.findWebElement(WebUiCommonHelper.java:1416)
	at com.kms.katalon.core.webui.keyword.internal.WebUIAbstractKeyword.findWebElement(WebUIAbstractKeyword.groovy:27)
	at com.kms.katalon.core.webui.keyword.builtin.ClickKeyword$_click_closure1.doCall(ClickKeyword.groovy:66)
	at com.kms.katalon.core.webui.keyword.builtin.ClickKeyword$_click_closure1.call(ClickKeyword.groovy)
	at com.kms.katalon.core.webui.keyword.internal.WebUIKeywordMain.runKeyword(WebUIKeywordMain.groovy:35)
	... 20 more


27-12-2024T07:12:59 - [TEST_STEP][PASSED] - comment("Step 1: Click on the "PIM" tab to access the Employee Management section"): Step 1: Click on the "PIM" tab to access the Employee Management section

27-12-2024T07:12:59 - [MESSAGE][INFO] - Step 1: Click on the "PIM" tab to access the Employee Management section

27-12-2024T07:12:59 - [TEST_STEP][FAILED] - click(findTestObject("Object Repository/Employee-Onboarding/Employee_Jobs/Page_OrangeHRM/a_PIM")): Unable to click on object 'Object Repository/Employee-Onboarding/Employee_Jobs/Page_OrangeHRM/a_PIM' (Root cause: com.kms.katalon.core.exception.StepFailedException: Unable to click on object 'Object Repository/Employee-Onboarding/Employee_Jobs/Page_OrangeHRM/a_PIM'
	at com.kms.katalon.core.webui.keyword.internal.WebUIKeywordMain.stepFailed(WebUIKeywordMain.groovy:117)
	at com.kms.katalon.core.webui.keyword.internal.WebUIKeywordMain.runKeyword(WebUIKeywordMain.groovy:43)
	at com.kms.katalon.core.webui.keyword.builtin.ClickKeyword.click(ClickKeyword.groovy:75)
	at com.kms.katalon.core.webui.keyword.builtin.ClickKeyword.execute(ClickKeyword.groovy:40)
	at com.kms.katalon.core.keyword.internal.KeywordExecutor.executeKeywordForPlatform(KeywordExecutor.groovy:74)
	at com.kms.katalon.core.webui.keyword.WebUiBuiltInKeywords.click(WebUiBuiltInKeywords.groovy:696)
	at TC_Employee_Job_Details.run(TC_Employee_Job_Details:23)
	at com.kms.katalon.core.main.ScriptEngine.run(ScriptEngine.java:194)
	at com.kms.katalon.core.main.ScriptEngine.runScriptAsRawText(ScriptEngine.java:119)
	at com.kms.katalon.core.main.TestCaseExecutor.runScript(TestCaseExecutor.java:448)
	at com.kms.katalon.core.main.TestCaseExecutor.doExecute(TestCaseExecutor.java:439)
	at com.kms.katalon.core.main.TestCaseExecutor.processExecutionPhase(TestCaseExecutor.java:418)
	at com.kms.katalon.core.main.TestCaseExecutor.accessMainPhase(TestCaseExecutor.java:410)
	at com.kms.katalon.core.main.TestCaseExecutor.execute(TestCaseExecutor.java:285)
	at com.kms.katalon.core.common.CommonExecutor.accessTestCaseMainPhase(CommonExecutor.java:65)
	at com.kms.katalon.core.main.TestSuiteExecutor.accessTestSuiteMainPhase(TestSuiteExecutor.java:161)
	at com.kms.katalon.core.main.TestSuiteExecutor.execute(TestSuiteExecutor.java:107)
	at com.kms.katalon.core.main.TestCaseMain.startTestSuite(TestCaseMain.java:176)
	at TempTestSuite1735263398717.run(TempTestSuite1735263398717.groovy:35)
	at java.base/jdk.internal.reflect.NativeMethodAccessorImpl.invoke0(Native Method)
	at java.base/jdk.internal.reflect.NativeMethodAccessorImpl.invoke(NativeMethodAccessorImpl.java:77)
	at java.base/jdk.internal.reflect.DelegatingMethodAccessorImpl.invoke(DelegatingMethodAccessorImpl.java:43)
Caused by: org.openqa.selenium.WebDriverException: disconnected: not connected to DevTools
  (failed to check if window was closed: disconnected: not connected to DevTools)
  (Session info: chrome=131.0.6778.205)
Build info: version: '4.22.0', revision: 'c5f3146703'
System info: os.name: 'Mac OS X', os.arch: 'aarch64', os.version: '15.2', java.version: '17.0.7'
Driver info: com.kms.katalon.selenium.driver.CChromeDriver
Command: [81c375fdc73980b0150be4854699555f, findElements {using=xpath, value=//div[@id='app']/div/div/aside/nav/div[2]/ul/li[2]/a}]
Capabilities {acceptInsecureCerts: false, browserName: chrome, browserVersion: 131.0.6778.205, chrome: {chromedriverVersion: 131.0.6778.85 (3d81e41b6f3a..., userDataDir: /var/folders/1j/l6215wsx1tb...}, fedcm:accounts: true, goog:chromeOptions: {debuggerAddress: localhost:49316}, networkConnectionEnabled: false, pageLoadStrategy: normal, platformName: mac, proxy: Proxy(), se:cdp: ws://localhost:49316/devtoo..., se:cdpVersion: 131.0.6778.205, setWindowRect: true, strictFileInteractability: false, timeouts: {implicit: 0, pageLoad: 300000, script: 30000}, unhandledPromptBehavior: ignore, webSocketUrl: ws://localhost:6763/session..., webauthn:extension:credBlob: true, webauthn:extension:largeBlob: true, webauthn:extension:minPinLength: true, webauthn:extension:prf: true, webauthn:virtualAuthenticators: true}
Session ID: 81c375fdc73980b0150be4854699555f
	at jdk.internal.reflect.GeneratedConstructorAccessor34.newInstance(Unknown Source)
	at java.base/jdk.internal.reflect.DelegatingConstructorAccessorImpl.newInstance(DelegatingConstructorAccessorImpl.java:45)
	at org.openqa.selenium.remote.ErrorCodec.decode(ErrorCodec.java:167)
	at org.openqa.selenium.remote.codec.w3c.W3CHttpResponseCodec.decode(W3CHttpResponseCodec.java:138)
	at org.openqa.selenium.remote.codec.w3c.W3CHttpResponseCodec.decode(W3CHttpResponseCodec.java:50)
	at org.openqa.selenium.remote.HttpCommandExecutor.execute(HttpCommandExecutor.java:190)
	at org.openqa.selenium.remote.service.DriverCommandExecutor.invokeExecute(DriverCommandExecutor.java:216)
	at org.openqa.selenium.remote.service.DriverCommandExecutor.execute(DriverCommandExecutor.java:174)
	at org.openqa.selenium.remote.RemoteWebDriver.execute(RemoteWebDriver.java:518)
	at org.openqa.selenium.remote.ElementLocation$ElementFinder$2.findElements(ElementLocation.java:182)
	at org.openqa.selenium.remote.ElementLocation.findElements(ElementLocation.java:103)
	at org.openqa.selenium.remote.RemoteWebDriver.findElements(RemoteWebDriver.java:368)
	at org.openqa.selenium.remote.RemoteWebDriver.findElements(RemoteWebDriver.java:362)
	at jdk.internal.reflect.GeneratedMethodAccessor19.invoke(Unknown Source)
	at java.base/jdk.internal.reflect.DelegatingMethodAccessorImpl.invoke(DelegatingMethodAccessorImpl.java:43)
	at org.openqa.selenium.support.decorators.WebDriverDecorator.call(WebDriverDecorator.java:249)
	at org.openqa.selenium.support.decorators.DefaultDecorated.call(DefaultDecorated.java:48)
	at org.openqa.selenium.support.decorators.WebDriverDecorator.lambda$createProxy$2(WebDriverDecorator.java:321)
	at org.openqa.selenium.remote.RemoteWebDriver$ByteBuddy$QYIudDZq.findElements(Unknown Source)
	at com.kms.katalon.core.webui.common.WebUiCommonHelper.findElementByNormalMethods(WebUiCommonHelper.java:1036)
	at com.kms.katalon.core.webui.common.WebUiCommonHelper.findElementsBySelectedMethod(WebUiCommonHelper.java:927)
	at com.kms.katalon.core.webui.common.WebUiCommonHelper.findElementsBySelectedMethod(WebUiCommonHelper.java:909)
	at com.kms.katalon.core.webui.common.WebUiCommonHelper.findElementsBySelectedMethod(WebUiCommonHelper.java:904)
	at com.kms.katalon.core.webui.common.WebUiCommonHelper.findElementsByDefault(WebUiCommonHelper.java:900)
	at com.kms.katalon.core.webui.common.WebUiCommonHelper.findElementsWithSelfHealing(WebUiCommonHelper.java:746)
	at com.kms.katalon.core.webui.common.WebUiCommonHelper.findWebElements(WebUiCommonHelper.java:730)
	at com.kms.katalon.core.webui.common.WebUiCommonHelper.findWebElement(WebUiCommonHelper.java:1416)
	at com.kms.katalon.core.webui.keyword.internal.WebUIAbstractKeyword.findWebElement(WebUIAbstractKeyword.groovy:27)
	at com.kms.katalon.core.webui.keyword.builtin.ClickKeyword$_click_closure1.doCall(ClickKeyword.groovy:66)
	at com.kms.katalon.core.webui.keyword.builtin.ClickKeyword$_click_closure1.call(ClickKeyword.groovy)
	at com.kms.katalon.core.webui.keyword.internal.WebUIKeywordMain.runKeyword(WebUIKeywordMain.groovy:35)
	at com.kms.katalon.core.webui.keyword.builtin.ClickKeyword.click(ClickKeyword.groovy:75)
	at com.kms.katalon.core.webui.keyword.builtin.ClickKeyword.execute(ClickKeyword.groovy:40)
	at com.kms.katalon.core.keyword.internal.KeywordExecutor.executeKeywordForPlatform(KeywordExecutor.groovy:74)
	at com.kms.katalon.core.webui.keyword.WebUiBuiltInKeywords.click(WebUiBuiltInKeywords.groovy:696)
	at Script1734948563457.run(Script1734948563457.groovy:23)
	... 15 more
)

27-12-2024T07:12:59 - [MESSAGE][WARNING] - [SELF-HEALING] Failed to find element with id 'Object Repository/Employee-Onboarding/Employee_Jobs/Page_OrangeHRM/a_PIM'. Try using Self-healing.

27-12-2024T07:12:59 - [MESSAGE][WARNING] - [SELF-HEALING] disconnected: not connected to DevTools
  (failed to check if window was closed: disconnected: not connected to DevTools)
  (Session info: chrome=131.0.6778.205)
Build info: version: '4.22.0', revision: 'c5f3146703'
System info: os.name: 'Mac OS X', os.arch: 'aarch64', os.version: '15.2', java.version: '17.0.7'
Driver info: com.kms.katalon.selenium.driver.CChromeDriver
Command: [81c375fdc73980b0150be4854699555f, findElements {using=xpath, value=//div[@id='app']/div/div/aside/nav/div[2]/ul/li[2]/a}]
Capabilities {acceptInsecureCerts: false, browserName: chrome, browserVersion: 131.0.6778.205, chrome: {chromedriverVersion: 131.0.6778.85 (3d81e41b6f3a..., userDataDir: /var/folders/1j/l6215wsx1tb...}, fedcm:accounts: true, goog:chromeOptions: {debuggerAddress: localhost:49316}, networkConnectionEnabled: false, pageLoadStrategy: normal, platformName: mac, proxy: Proxy(), se:cdp: ws://localhost:49316/devtoo..., se:cdpVersion: 131.0.6778.205, setWindowRect: true, strictFileInteractability: false, timeouts: {implicit: 0, pageLoad: 300000, script: 30000}, unhandledPromptBehavior: ignore, webSocketUrl: ws://localhost:6763/session..., webauthn:extension:credBlob: true, webauthn:extension:largeBlob: true, webauthn:extension:minPinLength: true, webauthn:extension:prf: true, webauthn:virtualAuthenticators: true}
Session ID: 81c375fdc73980b0150be4854699555f

27-12-2024T07:13:00 - [MESSAGE][WARNING] - [SELF-HEALING] disconnected: not connected to DevTools
  (failed to check if window was closed: disconnected: not connected to DevTools)
  (Session info: chrome=131.0.6778.205)
Build info: version: '4.22.0', revision: 'c5f3146703'
System info: os.name: 'Mac OS X', os.arch: 'aarch64', os.version: '15.2', java.version: '17.0.7'
Driver info: com.kms.katalon.selenium.driver.CChromeDriver
Command: [81c375fdc73980b0150be4854699555f, findElements {using=xpath, value=//*[@href = '/web/index.php/pim/viewPimModule' and (text() = 'PIM' or . = 'PIM')]}]
Capabilities {acceptInsecureCerts: false, browserName: chrome, browserVersion: 131.0.6778.205, chrome: {chromedriverVersion: 131.0.6778.85 (3d81e41b6f3a..., userDataDir: /var/folders/1j/l6215wsx1tb...}, fedcm:accounts: true, goog:chromeOptions: {debuggerAddress: localhost:49316}, networkConnectionEnabled: false, pageLoadStrategy: normal, platformName: mac, proxy: Proxy(), se:cdp: ws://localhost:49316/devtoo..., se:cdpVersion: 131.0.6778.205, setWindowRect: true, strictFileInteractability: false, timeouts: {implicit: 0, pageLoad: 300000, script: 30000}, unhandledPromptBehavior: ignore, webSocketUrl: ws://localhost:6763/session..., webauthn:extension:credBlob: true, webauthn:extension:largeBlob: true, webauthn:extension:minPinLength: true, webauthn:extension:prf: true, webauthn:virtualAuthenticators: true}
Session ID: 81c375fdc73980b0150be4854699555f

27-12-2024T07:13:00 - [MESSAGE][WARNING] - [SELF-HEALING] disconnected: not connected to DevTools
  (failed to check if window was closed: disconnected: not connected to DevTools)
  (Session info: chrome=131.0.6778.205)
Build info: version: '4.22.0', revision: 'c5f3146703'
System info: os.name: 'Mac OS X', os.arch: 'aarch64', os.version: '15.2', java.version: '17.0.7'
Driver info: com.kms.katalon.selenium.driver.CChromeDriver
Command: [81c375fdc73980b0150be4854699555f, findElements {using=css selector, value=}]
Capabilities {acceptInsecureCerts: false, browserName: chrome, browserVersion: 131.0.6778.205, chrome: {chromedriverVersion: 131.0.6778.85 (3d81e41b6f3a..., userDataDir: /var/folders/1j/l6215wsx1tb...}, fedcm:accounts: true, goog:chromeOptions: {debuggerAddress: localhost:49316}, networkConnectionEnabled: false, pageLoadStrategy: normal, platformName: mac, proxy: Proxy(), se:cdp: ws://localhost:49316/devtoo..., se:cdpVersion: 131.0.6778.205, setWindowRect: true, strictFileInteractability: false, timeouts: {implicit: 0, pageLoad: 300000, script: 30000}, unhandledPromptBehavior: ignore, webSocketUrl: ws://localhost:6763/session..., webauthn:extension:credBlob: true, webauthn:extension:largeBlob: true, webauthn:extension:minPinLength: true, webauthn:extension:prf: true, webauthn:virtualAuthenticators: true}
Session ID: 81c375fdc73980b0150be4854699555f

27-12-2024T07:13:00 - [MESSAGE][WARNING] - Cannot take screenshot

27-12-2024T07:13:00 - [MESSAGE][FAILED] - Unable to click on object 'Object Repository/Employee-Onboarding/Employee_Jobs/Page_OrangeHRM/a_PIM' (Root cause: com.kms.katalon.core.exception.StepFailedException: Unable to click on object 'Object Repository/Employee-Onboarding/Employee_Jobs/Page_OrangeHRM/a_PIM'
	at com.kms.katalon.core.webui.keyword.internal.WebUIKeywordMain.stepFailed(WebUIKeywordMain.groovy:117)
	at com.kms.katalon.core.webui.keyword.internal.WebUIKeywordMain.runKeyword(WebUIKeywordMain.groovy:43)
	at com.kms.katalon.core.webui.keyword.builtin.ClickKeyword.click(ClickKeyword.groovy:75)
	at com.kms.katalon.core.webui.keyword.builtin.ClickKeyword.execute(ClickKeyword.groovy:40)
	at com.kms.katalon.core.keyword.internal.KeywordExecutor.executeKeywordForPlatform(KeywordExecutor.groovy:74)
	at com.kms.katalon.core.webui.keyword.WebUiBuiltInKeywords.click(WebUiBuiltInKeywords.groovy:696)
	at TC_Employee_Job_Details.run(TC_Employee_Job_Details:23)
	at com.kms.katalon.core.main.ScriptEngine.run(ScriptEngine.java:194)
	at com.kms.katalon.core.main.ScriptEngine.runScriptAsRawText(ScriptEngine.java:119)
	at com.kms.katalon.core.main.TestCaseExecutor.runScript(TestCaseExecutor.java:448)
	at com.kms.katalon.core.main.TestCaseExecutor.doExecute(TestCaseExecutor.java:439)
	at com.kms.katalon.core.main.TestCaseExecutor.processExecutionPhase(TestCaseExecutor.java:418)
	at com.kms.katalon.core.main.TestCaseExecutor.accessMainPhase(TestCaseExecutor.java:410)
	at com.kms.katalon.core.main.TestCaseExecutor.execute(TestCaseExecutor.java:285)
	at com.kms.katalon.core.common.CommonExecutor.accessTestCaseMainPhase(CommonExecutor.java:65)
	at com.kms.katalon.core.main.TestSuiteExecutor.accessTestSuiteMainPhase(TestSuiteExecutor.java:161)
	at com.kms.katalon.core.main.TestSuiteExecutor.execute(TestSuiteExecutor.java:107)
	at com.kms.katalon.core.main.TestCaseMain.startTestSuite(TestCaseMain.java:176)
	at TempTestSuite1735263398717.run(TempTestSuite1735263398717.groovy:35)
	at java.base/jdk.internal.reflect.NativeMethodAccessorImpl.invoke0(Native Method)
	at java.base/jdk.internal.reflect.NativeMethodAccessorImpl.invoke(NativeMethodAccessorImpl.java:77)
	at java.base/jdk.internal.reflect.DelegatingMethodAccessorImpl.invoke(DelegatingMethodAccessorImpl.java:43)
Caused by: org.openqa.selenium.WebDriverException: disconnected: not connected to DevTools
  (failed to check if window was closed: disconnected: not connected to DevTools)
  (Session info: chrome=131.0.6778.205)
Build info: version: '4.22.0', revision: 'c5f3146703'
System info: os.name: 'Mac OS X', os.arch: 'aarch64', os.version: '15.2', java.version: '17.0.7'
Driver info: com.kms.katalon.selenium.driver.CChromeDriver
Command: [81c375fdc73980b0150be4854699555f, findElements {using=xpath, value=//div[@id='app']/div/div/aside/nav/div[2]/ul/li[2]/a}]
Capabilities {acceptInsecureCerts: false, browserName: chrome, browserVersion: 131.0.6778.205, chrome: {chromedriverVersion: 131.0.6778.85 (3d81e41b6f3a..., userDataDir: /var/folders/1j/l6215wsx1tb...}, fedcm:accounts: true, goog:chromeOptions: {debuggerAddress: localhost:49316}, networkConnectionEnabled: false, pageLoadStrategy: normal, platformName: mac, proxy: Proxy(), se:cdp: ws://localhost:49316/devtoo..., se:cdpVersion: 131.0.6778.205, setWindowRect: true, strictFileInteractability: false, timeouts: {implicit: 0, pageLoad: 300000, script: 30000}, unhandledPromptBehavior: ignore, webSocketUrl: ws://localhost:6763/session..., webauthn:extension:credBlob: true, webauthn:extension:largeBlob: true, webauthn:extension:minPinLength: true, webauthn:extension:prf: true, webauthn:virtualAuthenticators: true}
Session ID: 81c375fdc73980b0150be4854699555f
	at jdk.internal.reflect.GeneratedConstructorAccessor34.newInstance(Unknown Source)
	at java.base/jdk.internal.reflect.DelegatingConstructorAccessorImpl.newInstance(DelegatingConstructorAccessorImpl.java:45)
	at org.openqa.selenium.remote.ErrorCodec.decode(ErrorCodec.java:167)
	at org.openqa.selenium.remote.codec.w3c.W3CHttpResponseCodec.decode(W3CHttpResponseCodec.java:138)
	at org.openqa.selenium.remote.codec.w3c.W3CHttpResponseCodec.decode(W3CHttpResponseCodec.java:50)
	at org.openqa.selenium.remote.HttpCommandExecutor.execute(HttpCommandExecutor.java:190)
	at org.openqa.selenium.remote.service.DriverCommandExecutor.invokeExecute(DriverCommandExecutor.java:216)
	at org.openqa.selenium.remote.service.DriverCommandExecutor.execute(DriverCommandExecutor.java:174)
	at org.openqa.selenium.remote.RemoteWebDriver.execute(RemoteWebDriver.java:518)
	at org.openqa.selenium.remote.ElementLocation$ElementFinder$2.findElements(ElementLocation.java:182)
	at org.openqa.selenium.remote.ElementLocation.findElements(ElementLocation.java:103)
	at org.openqa.selenium.remote.RemoteWebDriver.findElements(RemoteWebDriver.java:368)
	at org.openqa.selenium.remote.RemoteWebDriver.findElements(RemoteWebDriver.java:362)
	at jdk.internal.reflect.GeneratedMethodAccessor19.invoke(Unknown Source)
	at java.base/jdk.internal.reflect.DelegatingMethodAccessorImpl.invoke(DelegatingMethodAccessorImpl.java:43)
	at org.openqa.selenium.support.decorators.WebDriverDecorator.call(WebDriverDecorator.java:249)
	at org.openqa.selenium.support.decorators.DefaultDecorated.call(DefaultDecorated.java:48)
	at org.openqa.selenium.support.decorators.WebDriverDecorator.lambda$createProxy$2(WebDriverDecorator.java:321)
	at org.openqa.selenium.remote.RemoteWebDriver$ByteBuddy$QYIudDZq.findElements(Unknown Source)
	at com.kms.katalon.core.webui.common.WebUiCommonHelper.findElementByNormalMethods(WebUiCommonHelper.java:1036)
	at com.kms.katalon.core.webui.common.WebUiCommonHelper.findElementsBySelectedMethod(WebUiCommonHelper.java:927)
	at com.kms.katalon.core.webui.common.WebUiCommonHelper.findElementsBySelectedMethod(WebUiCommonHelper.java:909)
	at com.kms.katalon.core.webui.common.WebUiCommonHelper.findElementsBySelectedMethod(WebUiCommonHelper.java:904)
	at com.kms.katalon.core.webui.common.WebUiCommonHelper.findElementsByDefault(WebUiCommonHelper.java:900)
	at com.kms.katalon.core.webui.common.WebUiCommonHelper.findElementsWithSelfHealing(WebUiCommonHelper.java:746)
	at com.kms.katalon.core.webui.common.WebUiCommonHelper.findWebElements(WebUiCommonHelper.java:730)
	at com.kms.katalon.core.webui.common.WebUiCommonHelper.findWebElement(WebUiCommonHelper.java:1416)
	at com.kms.katalon.core.webui.keyword.internal.WebUIAbstractKeyword.findWebElement(WebUIAbstractKeyword.groovy:27)
	at com.kms.katalon.core.webui.keyword.builtin.ClickKeyword$_click_closure1.doCall(ClickKeyword.groovy:66)
	at com.kms.katalon.core.webui.keyword.builtin.ClickKeyword$_click_closure1.call(ClickKeyword.groovy)
	at com.kms.katalon.core.webui.keyword.internal.WebUIKeywordMain.runKeyword(WebUIKeywordMain.groovy:35)
	at com.kms.katalon.core.webui.keyword.builtin.ClickKeyword.click(ClickKeyword.groovy:75)
	at com.kms.katalon.core.webui.keyword.builtin.ClickKeyword.execute(ClickKeyword.groovy:40)
	at com.kms.katalon.core.keyword.internal.KeywordExecutor.executeKeywordForPlatform(KeywordExecutor.groovy:74)
	at com.kms.katalon.core.webui.keyword.WebUiBuiltInKeywords.click(WebUiBuiltInKeywords.groovy:696)
	at Script1734948563457.run(Script1734948563457.groovy:23)
	... 15 more
)]]></system-out>
         <system-err><![CDATA[27-12-2024T07:12:59 - [TEST_CASE][FAILED] - Test Cases/Employee_Onboarding/TC_Employee_Job_Details: Test Cases/Employee_Onboarding/TC_Employee_Job_Details FAILED.
Reason:
com.kms.katalon.core.exception.StepFailedException: Unable to click on object 'Object Repository/Employee-Onboarding/Employee_Jobs/Page_OrangeHRM/a_PIM'
	at com.kms.katalon.core.webui.keyword.internal.WebUIKeywordMain.stepFailed(WebUIKeywordMain.groovy:117)
	at com.kms.katalon.core.webui.keyword.internal.WebUIKeywordMain.runKeyword(WebUIKeywordMain.groovy:43)
	at com.kms.katalon.core.webui.keyword.builtin.ClickKeyword.click(ClickKeyword.groovy:75)
	at com.kms.katalon.core.webui.keyword.builtin.ClickKeyword.execute(ClickKeyword.groovy:40)
	at com.kms.katalon.core.keyword.internal.KeywordExecutor.executeKeywordForPlatform(KeywordExecutor.groovy:74)
	at com.kms.katalon.core.webui.keyword.WebUiBuiltInKeywords.click(WebUiBuiltInKeywords.groovy:696)
	at TC_Employee_Job_Details.run(TC_Employee_Job_Details:23)
	at com.kms.katalon.core.main.ScriptEngine.run(ScriptEngine.java:194)
	at com.kms.katalon.core.main.ScriptEngine.runScriptAsRawText(ScriptEngine.java:119)
	at com.kms.katalon.core.main.TestCaseExecutor.runScript(TestCaseExecutor.java:448)
	at com.kms.katalon.core.main.TestCaseExecutor.doExecute(TestCaseExecutor.java:439)
	at com.kms.katalon.core.main.TestCaseExecutor.processExecutionPhase(TestCaseExecutor.java:418)
	at com.kms.katalon.core.main.TestCaseExecutor.accessMainPhase(TestCaseExecutor.java:410)
	at com.kms.katalon.core.main.TestCaseExecutor.execute(TestCaseExecutor.java:285)
	at com.kms.katalon.core.common.CommonExecutor.accessTestCaseMainPhase(CommonExecutor.java:65)
	at com.kms.katalon.core.main.TestSuiteExecutor.accessTestSuiteMainPhase(TestSuiteExecutor.java:161)
	at com.kms.katalon.core.main.TestSuiteExecutor.execute(TestSuiteExecutor.java:107)
	at com.kms.katalon.core.main.TestCaseMain.startTestSuite(TestCaseMain.java:176)
	at TempTestSuite1735263398717.run(TempTestSuite1735263398717.groovy:35)
	at java.base/jdk.internal.reflect.NativeMethodAccessorImpl.invoke0(Native Method)
	at java.base/jdk.internal.reflect.NativeMethodAccessorImpl.invoke(NativeMethodAccessorImpl.java:77)
	at java.base/jdk.internal.reflect.DelegatingMethodAccessorImpl.invoke(DelegatingMethodAccessorImpl.java:43)
Caused by: org.openqa.selenium.WebDriverException: disconnected: not connected to DevTools
  (failed to check if window was closed: disconnected: not connected to DevTools)
  (Session info: chrome=131.0.6778.205)
Build info: version: '4.22.0', revision: 'c5f3146703'
System info: os.name: 'Mac OS X', os.arch: 'aarch64', os.version: '15.2', java.version: '17.0.7'
Driver info: com.kms.katalon.selenium.driver.CChromeDriver
Command: [81c375fdc73980b0150be4854699555f, findElements {using=xpath, value=//div[@id='app']/div/div/aside/nav/div[2]/ul/li[2]/a}]
Capabilities {acceptInsecureCerts: false, browserName: chrome, browserVersion: 131.0.6778.205, chrome: {chromedriverVersion: 131.0.6778.85 (3d81e41b6f3a..., userDataDir: /var/folders/1j/l6215wsx1tb...}, fedcm:accounts: true, goog:chromeOptions: {debuggerAddress: localhost:49316}, networkConnectionEnabled: false, pageLoadStrategy: normal, platformName: mac, proxy: Proxy(), se:cdp: ws://localhost:49316/devtoo..., se:cdpVersion: 131.0.6778.205, setWindowRect: true, strictFileInteractability: false, timeouts: {implicit: 0, pageLoad: 300000, script: 30000}, unhandledPromptBehavior: ignore, webSocketUrl: ws://localhost:6763/session..., webauthn:extension:credBlob: true, webauthn:extension:largeBlob: true, webauthn:extension:minPinLength: true, webauthn:extension:prf: true, webauthn:virtualAuthenticators: true}
Session ID: 81c375fdc73980b0150be4854699555f
	at jdk.internal.reflect.GeneratedConstructorAccessor34.newInstance(Unknown Source)
	at java.base/jdk.internal.reflect.DelegatingConstructorAccessorImpl.newInstance(DelegatingConstructorAccessorImpl.java:45)
	at org.openqa.selenium.remote.ErrorCodec.decode(ErrorCodec.java:167)
	at org.openqa.selenium.remote.codec.w3c.W3CHttpResponseCodec.decode(W3CHttpResponseCodec.java:138)
	at org.openqa.selenium.remote.codec.w3c.W3CHttpResponseCodec.decode(W3CHttpResponseCodec.java:50)
	at org.openqa.selenium.remote.HttpCommandExecutor.execute(HttpCommandExecutor.java:190)
	at org.openqa.selenium.remote.service.DriverCommandExecutor.invokeExecute(DriverCommandExecutor.java:216)
	at org.openqa.selenium.remote.service.DriverCommandExecutor.execute(DriverCommandExecutor.java:174)
	at org.openqa.selenium.remote.RemoteWebDriver.execute(RemoteWebDriver.java:518)
	at org.openqa.selenium.remote.ElementLocation$ElementFinder$2.findElements(ElementLocation.java:182)
	at org.openqa.selenium.remote.ElementLocation.findElements(ElementLocation.java:103)
	at org.openqa.selenium.remote.RemoteWebDriver.findElements(RemoteWebDriver.java:368)
	at org.openqa.selenium.remote.RemoteWebDriver.findElements(RemoteWebDriver.java:362)
	at jdk.internal.reflect.GeneratedMethodAccessor19.invoke(Unknown Source)
	at java.base/jdk.internal.reflect.DelegatingMethodAccessorImpl.invoke(DelegatingMethodAccessorImpl.java:43)
	at org.openqa.selenium.support.decorators.WebDriverDecorator.call(WebDriverDecorator.java:249)
	at org.openqa.selenium.support.decorators.DefaultDecorated.call(DefaultDecorated.java:48)
	at org.openqa.selenium.support.decorators.WebDriverDecorator.lambda$createProxy$2(WebDriverDecorator.java:321)
	at org.openqa.selenium.remote.RemoteWebDriver$ByteBuddy$QYIudDZq.findElements(Unknown Source)
	at com.kms.katalon.core.webui.common.WebUiCommonHelper.findElementByNormalMethods(WebUiCommonHelper.java:1036)
	at com.kms.katalon.core.webui.common.WebUiCommonHelper.findElementsBySelectedMethod(WebUiCommonHelper.java:927)
	at com.kms.katalon.core.webui.common.WebUiCommonHelper.findElementsBySelectedMethod(WebUiCommonHelper.java:909)
	at com.kms.katalon.core.webui.common.WebUiCommonHelper.findElementsBySelectedMethod(WebUiCommonHelper.java:904)
	at com.kms.katalon.core.webui.common.WebUiCommonHelper.findElementsByDefault(WebUiCommonHelper.java:900)
	at com.kms.katalon.core.webui.common.WebUiCommonHelper.findElementsWithSelfHealing(WebUiCommonHelper.java:746)
	at com.kms.katalon.core.webui.common.WebUiCommonHelper.findWebElements(WebUiCommonHelper.java:730)
	at com.kms.katalon.core.webui.common.WebUiCommonHelper.findWebElement(WebUiCommonHelper.java:1416)
	at com.kms.katalon.core.webui.keyword.internal.WebUIAbstractKeyword.findWebElement(WebUIAbstractKeyword.groovy:27)
	at com.kms.katalon.core.webui.keyword.builtin.ClickKeyword$_click_closure1.doCall(ClickKeyword.groovy:66)
	at com.kms.katalon.core.webui.keyword.builtin.ClickKeyword$_click_closure1.call(ClickKeyword.groovy)
	at com.kms.katalon.core.webui.keyword.internal.WebUIKeywordMain.runKeyword(WebUIKeywordMain.groovy:35)
	... 20 more]]></system-err>
      </testcase>
      <testcase name="Test Cases/Employee_Onboarding/TC_Employee_Job_Details" time="1.015" classname="Test Cases/Employee_Onboarding/TC_Employee_Job_Details" status="FAILED">
         <failure type="FAILED" message="Test Cases/Employee_Onboarding/TC_Employee_Job_Details FAILED.&#xa;Reason:&#xa;com.kms.katalon.core.exception.StepFailedException: Unable to click on object 'Object Repository/Employee-Onboarding/Employee_Jobs/Page_OrangeHRM/a_PIM'&#xa;	at com.kms.katalon.core.webui.keyword.internal.WebUIKeywordMain.stepFailed(WebUIKeywordMain.groovy:117)&#xa;	at com.kms.katalon.core.webui.keyword.internal.WebUIKeywordMain.runKeyword(WebUIKeywordMain.groovy:43)&#xa;	at com.kms.katalon.core.webui.keyword.builtin.ClickKeyword.click(ClickKeyword.groovy:75)&#xa;	at com.kms.katalon.core.webui.keyword.builtin.ClickKeyword.execute(ClickKeyword.groovy:40)&#xa;	at com.kms.katalon.core.keyword.internal.KeywordExecutor.executeKeywordForPlatform(KeywordExecutor.groovy:74)&#xa;	at com.kms.katalon.core.webui.keyword.WebUiBuiltInKeywords.click(WebUiBuiltInKeywords.groovy:696)&#xa;	at TC_Employee_Job_Details.run(TC_Employee_Job_Details:23)&#xa;	at com.kms.katalon.core.main.ScriptEngine.run(ScriptEngine.java:194)&#xa;	at com.kms.katalon.core.main.ScriptEngine.runScriptAsRawText(ScriptEngine.java:119)&#xa;	at com.kms.katalon.core.main.TestCaseExecutor.runScript(TestCaseExecutor.java:448)&#xa;	at com.kms.katalon.core.main.TestCaseExecutor.doExecute(TestCaseExecutor.java:439)&#xa;	at com.kms.katalon.core.main.TestCaseExecutor.processExecutionPhase(TestCaseExecutor.java:418)&#xa;	at com.kms.katalon.core.main.TestCaseExecutor.accessMainPhase(TestCaseExecutor.java:410)&#xa;	at com.kms.katalon.core.main.TestCaseExecutor.execute(TestCaseExecutor.java:285)&#xa;	at com.kms.katalon.core.common.CommonExecutor.accessTestCaseMainPhase(CommonExecutor.java:65)&#xa;	at com.kms.katalon.core.main.TestSuiteExecutor.accessTestSuiteMainPhase(TestSuiteExecutor.java:161)&#xa;	at com.kms.katalon.core.main.TestSuiteExecutor.execute(TestSuiteExecutor.java:107)&#xa;	at com.kms.katalon.core.main.TestCaseMain.startTestSuite(TestCaseMain.java:176)&#xa;	at TempTestSuite1735263398717.run(TempTestSuite1735263398717.groovy:35)&#xa;	at java.base/jdk.internal.reflect.NativeMethodAccessorImpl.invoke0(Native Method)&#xa;	at java.base/jdk.internal.reflect.NativeMethodAccessorImpl.invoke(NativeMethodAccessorImpl.java:77)&#xa;	at java.base/jdk.internal.reflect.DelegatingMethodAccessorImpl.invoke(DelegatingMethodAccessorImpl.java:43)&#xa;Caused by: org.openqa.selenium.WebDriverException: disconnected: not connected to DevTools&#xa;  (failed to check if window was closed: disconnected: not connected to DevTools)&#xa;  (Session info: chrome=131.0.6778.205)&#xa;Build info: version: '4.22.0', revision: 'c5f3146703'&#xa;System info: os.name: 'Mac OS X', os.arch: 'aarch64', os.version: '15.2', java.version: '17.0.7'&#xa;Driver info: com.kms.katalon.selenium.driver.CChromeDriver&#xa;Command: [81c375fdc73980b0150be4854699555f, findElements {using=xpath, value=//div[@id='app']/div/div/aside/nav/div[2]/ul/li[2]/a}]&#xa;Capabilities {acceptInsecureCerts: false, browserName: chrome, browserVersion: 131.0.6778.205, chrome: {chromedriverVersion: 131.0.6778.85 (3d81e41b6f3a..., userDataDir: /var/folders/1j/l6215wsx1tb...}, fedcm:accounts: true, goog:chromeOptions: {debuggerAddress: localhost:49316}, networkConnectionEnabled: false, pageLoadStrategy: normal, platformName: mac, proxy: Proxy(), se:cdp: ws://localhost:49316/devtoo..., se:cdpVersion: 131.0.6778.205, setWindowRect: true, strictFileInteractability: false, timeouts: {implicit: 0, pageLoad: 300000, script: 30000}, unhandledPromptBehavior: ignore, webSocketUrl: ws://localhost:6763/session..., webauthn:extension:credBlob: true, webauthn:extension:largeBlob: true, webauthn:extension:minPinLength: true, webauthn:extension:prf: true, webauthn:virtualAuthenticators: true}&#xa;Session ID: 81c375fdc73980b0150be4854699555f&#xa;	at jdk.internal.reflect.GeneratedConstructorAccessor34.newInstance(Unknown Source)&#xa;	at java.base/jdk.internal.reflect.DelegatingConstructorAccessorImpl.newInstance(DelegatingConstructorAccessorImpl.java:45)&#xa;	at org.openqa.selenium.remote.ErrorCodec.decode(ErrorCodec.java:167)&#xa;	at org.openqa.selenium.remote.codec.w3c.W3CHttpResponseCodec.decode(W3CHttpResponseCodec.java:138)&#xa;	at org.openqa.selenium.remote.codec.w3c.W3CHttpResponseCodec.decode(W3CHttpResponseCodec.java:50)&#xa;	at org.openqa.selenium.remote.HttpCommandExecutor.execute(HttpCommandExecutor.java:190)&#xa;	at org.openqa.selenium.remote.service.DriverCommandExecutor.invokeExecute(DriverCommandExecutor.java:216)&#xa;	at org.openqa.selenium.remote.service.DriverCommandExecutor.execute(DriverCommandExecutor.java:174)&#xa;	at org.openqa.selenium.remote.RemoteWebDriver.execute(RemoteWebDriver.java:518)&#xa;	at org.openqa.selenium.remote.ElementLocation$ElementFinder$2.findElements(ElementLocation.java:182)&#xa;	at org.openqa.selenium.remote.ElementLocation.findElements(ElementLocation.java:103)&#xa;	at org.openqa.selenium.remote.RemoteWebDriver.findElements(RemoteWebDriver.java:368)&#xa;	at org.openqa.selenium.remote.RemoteWebDriver.findElements(RemoteWebDriver.java:362)&#xa;	at jdk.internal.reflect.GeneratedMethodAccessor19.invoke(Unknown Source)&#xa;	at java.base/jdk.internal.reflect.DelegatingMethodAccessorImpl.invoke(DelegatingMethodAccessorImpl.java:43)&#xa;	at org.openqa.selenium.support.decorators.WebDriverDecorator.call(WebDriverDecorator.java:249)&#xa;	at org.openqa.selenium.support.decorators.DefaultDecorated.call(DefaultDecorated.java:48)&#xa;	at org.openqa.selenium.support.decorators.WebDriverDecorator.lambda$createProxy$2(WebDriverDecorator.java:321)&#xa;	at org.openqa.selenium.remote.RemoteWebDriver$ByteBuddy$QYIudDZq.findElements(Unknown Source)&#xa;	at com.kms.katalon.core.webui.common.WebUiCommonHelper.findElementByNormalMethods(WebUiCommonHelper.java:1036)&#xa;	at com.kms.katalon.core.webui.common.WebUiCommonHelper.findElementsBySelectedMethod(WebUiCommonHelper.java:927)&#xa;	at com.kms.katalon.core.webui.common.WebUiCommonHelper.findElementsBySelectedMethod(WebUiCommonHelper.java:909)&#xa;	at com.kms.katalon.core.webui.common.WebUiCommonHelper.findElementsBySelectedMethod(WebUiCommonHelper.java:904)&#xa;	at com.kms.katalon.core.webui.common.WebUiCommonHelper.findElementsByDefault(WebUiCommonHelper.java:900)&#xa;	at com.kms.katalon.core.webui.common.WebUiCommonHelper.findElementsWithSelfHealing(WebUiCommonHelper.java:746)&#xa;	at com.kms.katalon.core.webui.common.WebUiCommonHelper.findWebElements(WebUiCommonHelper.java:730)&#xa;	at com.kms.katalon.core.webui.common.WebUiCommonHelper.findWebElement(WebUiCommonHelper.java:1416)&#xa;	at com.kms.katalon.core.webui.keyword.internal.WebUIAbstractKeyword.findWebElement(WebUIAbstractKeyword.groovy:27)&#xa;	at com.kms.katalon.core.webui.keyword.builtin.ClickKeyword$_click_closure1.doCall(ClickKeyword.groovy:66)&#xa;	at com.kms.katalon.core.webui.keyword.builtin.ClickKeyword$_click_closure1.call(ClickKeyword.groovy)&#xa;	at com.kms.katalon.core.webui.keyword.internal.WebUIKeywordMain.runKeyword(WebUIKeywordMain.groovy:35)&#xa;	... 20 more&#xa;"/>
         <system-out><![CDATA[27-12-2024T07:13:00 - [TEST_CASE][FAILED] - Test Cases/Employee_Onboarding/TC_Employee_Job_Details: Test Cases/Employee_Onboarding/TC_Employee_Job_Details FAILED.
Reason:
com.kms.katalon.core.exception.StepFailedException: Unable to click on object 'Object Repository/Employee-Onboarding/Employee_Jobs/Page_OrangeHRM/a_PIM'
	at com.kms.katalon.core.webui.keyword.internal.WebUIKeywordMain.stepFailed(WebUIKeywordMain.groovy:117)
	at com.kms.katalon.core.webui.keyword.internal.WebUIKeywordMain.runKeyword(WebUIKeywordMain.groovy:43)
	at com.kms.katalon.core.webui.keyword.builtin.ClickKeyword.click(ClickKeyword.groovy:75)
	at com.kms.katalon.core.webui.keyword.builtin.ClickKeyword.execute(ClickKeyword.groovy:40)
	at com.kms.katalon.core.keyword.internal.KeywordExecutor.executeKeywordForPlatform(KeywordExecutor.groovy:74)
	at com.kms.katalon.core.webui.keyword.WebUiBuiltInKeywords.click(WebUiBuiltInKeywords.groovy:696)
	at TC_Employee_Job_Details.run(TC_Employee_Job_Details:23)
	at com.kms.katalon.core.main.ScriptEngine.run(ScriptEngine.java:194)
	at com.kms.katalon.core.main.ScriptEngine.runScriptAsRawText(ScriptEngine.java:119)
	at com.kms.katalon.core.main.TestCaseExecutor.runScript(TestCaseExecutor.java:448)
	at com.kms.katalon.core.main.TestCaseExecutor.doExecute(TestCaseExecutor.java:439)
	at com.kms.katalon.core.main.TestCaseExecutor.processExecutionPhase(TestCaseExecutor.java:418)
	at com.kms.katalon.core.main.TestCaseExecutor.accessMainPhase(TestCaseExecutor.java:410)
	at com.kms.katalon.core.main.TestCaseExecutor.execute(TestCaseExecutor.java:285)
	at com.kms.katalon.core.common.CommonExecutor.accessTestCaseMainPhase(CommonExecutor.java:65)
	at com.kms.katalon.core.main.TestSuiteExecutor.accessTestSuiteMainPhase(TestSuiteExecutor.java:161)
	at com.kms.katalon.core.main.TestSuiteExecutor.execute(TestSuiteExecutor.java:107)
	at com.kms.katalon.core.main.TestCaseMain.startTestSuite(TestCaseMain.java:176)
	at TempTestSuite1735263398717.run(TempTestSuite1735263398717.groovy:35)
	at java.base/jdk.internal.reflect.NativeMethodAccessorImpl.invoke0(Native Method)
	at java.base/jdk.internal.reflect.NativeMethodAccessorImpl.invoke(NativeMethodAccessorImpl.java:77)
	at java.base/jdk.internal.reflect.DelegatingMethodAccessorImpl.invoke(DelegatingMethodAccessorImpl.java:43)
Caused by: org.openqa.selenium.WebDriverException: disconnected: not connected to DevTools
  (failed to check if window was closed: disconnected: not connected to DevTools)
  (Session info: chrome=131.0.6778.205)
Build info: version: '4.22.0', revision: 'c5f3146703'
System info: os.name: 'Mac OS X', os.arch: 'aarch64', os.version: '15.2', java.version: '17.0.7'
Driver info: com.kms.katalon.selenium.driver.CChromeDriver
Command: [81c375fdc73980b0150be4854699555f, findElements {using=xpath, value=//div[@id='app']/div/div/aside/nav/div[2]/ul/li[2]/a}]
Capabilities {acceptInsecureCerts: false, browserName: chrome, browserVersion: 131.0.6778.205, chrome: {chromedriverVersion: 131.0.6778.85 (3d81e41b6f3a..., userDataDir: /var/folders/1j/l6215wsx1tb...}, fedcm:accounts: true, goog:chromeOptions: {debuggerAddress: localhost:49316}, networkConnectionEnabled: false, pageLoadStrategy: normal, platformName: mac, proxy: Proxy(), se:cdp: ws://localhost:49316/devtoo..., se:cdpVersion: 131.0.6778.205, setWindowRect: true, strictFileInteractability: false, timeouts: {implicit: 0, pageLoad: 300000, script: 30000}, unhandledPromptBehavior: ignore, webSocketUrl: ws://localhost:6763/session..., webauthn:extension:credBlob: true, webauthn:extension:largeBlob: true, webauthn:extension:minPinLength: true, webauthn:extension:prf: true, webauthn:virtualAuthenticators: true}
Session ID: 81c375fdc73980b0150be4854699555f
	at jdk.internal.reflect.GeneratedConstructorAccessor34.newInstance(Unknown Source)
	at java.base/jdk.internal.reflect.DelegatingConstructorAccessorImpl.newInstance(DelegatingConstructorAccessorImpl.java:45)
	at org.openqa.selenium.remote.ErrorCodec.decode(ErrorCodec.java:167)
	at org.openqa.selenium.remote.codec.w3c.W3CHttpResponseCodec.decode(W3CHttpResponseCodec.java:138)
	at org.openqa.selenium.remote.codec.w3c.W3CHttpResponseCodec.decode(W3CHttpResponseCodec.java:50)
	at org.openqa.selenium.remote.HttpCommandExecutor.execute(HttpCommandExecutor.java:190)
	at org.openqa.selenium.remote.service.DriverCommandExecutor.invokeExecute(DriverCommandExecutor.java:216)
	at org.openqa.selenium.remote.service.DriverCommandExecutor.execute(DriverCommandExecutor.java:174)
	at org.openqa.selenium.remote.RemoteWebDriver.execute(RemoteWebDriver.java:518)
	at org.openqa.selenium.remote.ElementLocation$ElementFinder$2.findElements(ElementLocation.java:182)
	at org.openqa.selenium.remote.ElementLocation.findElements(ElementLocation.java:103)
	at org.openqa.selenium.remote.RemoteWebDriver.findElements(RemoteWebDriver.java:368)
	at org.openqa.selenium.remote.RemoteWebDriver.findElements(RemoteWebDriver.java:362)
	at jdk.internal.reflect.GeneratedMethodAccessor19.invoke(Unknown Source)
	at java.base/jdk.internal.reflect.DelegatingMethodAccessorImpl.invoke(DelegatingMethodAccessorImpl.java:43)
	at org.openqa.selenium.support.decorators.WebDriverDecorator.call(WebDriverDecorator.java:249)
	at org.openqa.selenium.support.decorators.DefaultDecorated.call(DefaultDecorated.java:48)
	at org.openqa.selenium.support.decorators.WebDriverDecorator.lambda$createProxy$2(WebDriverDecorator.java:321)
	at org.openqa.selenium.remote.RemoteWebDriver$ByteBuddy$QYIudDZq.findElements(Unknown Source)
	at com.kms.katalon.core.webui.common.WebUiCommonHelper.findElementByNormalMethods(WebUiCommonHelper.java:1036)
	at com.kms.katalon.core.webui.common.WebUiCommonHelper.findElementsBySelectedMethod(WebUiCommonHelper.java:927)
	at com.kms.katalon.core.webui.common.WebUiCommonHelper.findElementsBySelectedMethod(WebUiCommonHelper.java:909)
	at com.kms.katalon.core.webui.common.WebUiCommonHelper.findElementsBySelectedMethod(WebUiCommonHelper.java:904)
	at com.kms.katalon.core.webui.common.WebUiCommonHelper.findElementsByDefault(WebUiCommonHelper.java:900)
	at com.kms.katalon.core.webui.common.WebUiCommonHelper.findElementsWithSelfHealing(WebUiCommonHelper.java:746)
	at com.kms.katalon.core.webui.common.WebUiCommonHelper.findWebElements(WebUiCommonHelper.java:730)
	at com.kms.katalon.core.webui.common.WebUiCommonHelper.findWebElement(WebUiCommonHelper.java:1416)
	at com.kms.katalon.core.webui.keyword.internal.WebUIAbstractKeyword.findWebElement(WebUIAbstractKeyword.groovy:27)
	at com.kms.katalon.core.webui.keyword.builtin.ClickKeyword$_click_closure1.doCall(ClickKeyword.groovy:66)
	at com.kms.katalon.core.webui.keyword.builtin.ClickKeyword$_click_closure1.call(ClickKeyword.groovy)
	at com.kms.katalon.core.webui.keyword.internal.WebUIKeywordMain.runKeyword(WebUIKeywordMain.groovy:35)
	... 20 more


27-12-2024T07:13:00 - [TEST_STEP][PASSED] - comment("Step 1: Click on the "PIM" tab to access the Employee Management section"): Step 1: Click on the "PIM" tab to access the Employee Management section

27-12-2024T07:13:00 - [MESSAGE][INFO] - Step 1: Click on the "PIM" tab to access the Employee Management section

27-12-2024T07:13:00 - [TEST_STEP][FAILED] - click(findTestObject("Object Repository/Employee-Onboarding/Employee_Jobs/Page_OrangeHRM/a_PIM")): Unable to click on object 'Object Repository/Employee-Onboarding/Employee_Jobs/Page_OrangeHRM/a_PIM' (Root cause: com.kms.katalon.core.exception.StepFailedException: Unable to click on object 'Object Repository/Employee-Onboarding/Employee_Jobs/Page_OrangeHRM/a_PIM'
	at com.kms.katalon.core.webui.keyword.internal.WebUIKeywordMain.stepFailed(WebUIKeywordMain.groovy:117)
	at com.kms.katalon.core.webui.keyword.internal.WebUIKeywordMain.runKeyword(WebUIKeywordMain.groovy:43)
	at com.kms.katalon.core.webui.keyword.builtin.ClickKeyword.click(ClickKeyword.groovy:75)
	at com.kms.katalon.core.webui.keyword.builtin.ClickKeyword.execute(ClickKeyword.groovy:40)
	at com.kms.katalon.core.keyword.internal.KeywordExecutor.executeKeywordForPlatform(KeywordExecutor.groovy:74)
	at com.kms.katalon.core.webui.keyword.WebUiBuiltInKeywords.click(WebUiBuiltInKeywords.groovy:696)
	at TC_Employee_Job_Details.run(TC_Employee_Job_Details:23)
	at com.kms.katalon.core.main.ScriptEngine.run(ScriptEngine.java:194)
	at com.kms.katalon.core.main.ScriptEngine.runScriptAsRawText(ScriptEngine.java:119)
	at com.kms.katalon.core.main.TestCaseExecutor.runScript(TestCaseExecutor.java:448)
	at com.kms.katalon.core.main.TestCaseExecutor.doExecute(TestCaseExecutor.java:439)
	at com.kms.katalon.core.main.TestCaseExecutor.processExecutionPhase(TestCaseExecutor.java:418)
	at com.kms.katalon.core.main.TestCaseExecutor.accessMainPhase(TestCaseExecutor.java:410)
	at com.kms.katalon.core.main.TestCaseExecutor.execute(TestCaseExecutor.java:285)
	at com.kms.katalon.core.common.CommonExecutor.accessTestCaseMainPhase(CommonExecutor.java:65)
	at com.kms.katalon.core.main.TestSuiteExecutor.accessTestSuiteMainPhase(TestSuiteExecutor.java:161)
	at com.kms.katalon.core.main.TestSuiteExecutor.execute(TestSuiteExecutor.java:107)
	at com.kms.katalon.core.main.TestCaseMain.startTestSuite(TestCaseMain.java:176)
	at TempTestSuite1735263398717.run(TempTestSuite1735263398717.groovy:35)
	at java.base/jdk.internal.reflect.NativeMethodAccessorImpl.invoke0(Native Method)
	at java.base/jdk.internal.reflect.NativeMethodAccessorImpl.invoke(NativeMethodAccessorImpl.java:77)
	at java.base/jdk.internal.reflect.DelegatingMethodAccessorImpl.invoke(DelegatingMethodAccessorImpl.java:43)
Caused by: org.openqa.selenium.WebDriverException: disconnected: not connected to DevTools
  (failed to check if window was closed: disconnected: not connected to DevTools)
  (Session info: chrome=131.0.6778.205)
Build info: version: '4.22.0', revision: 'c5f3146703'
System info: os.name: 'Mac OS X', os.arch: 'aarch64', os.version: '15.2', java.version: '17.0.7'
Driver info: com.kms.katalon.selenium.driver.CChromeDriver
Command: [81c375fdc73980b0150be4854699555f, findElements {using=xpath, value=//div[@id='app']/div/div/aside/nav/div[2]/ul/li[2]/a}]
Capabilities {acceptInsecureCerts: false, browserName: chrome, browserVersion: 131.0.6778.205, chrome: {chromedriverVersion: 131.0.6778.85 (3d81e41b6f3a..., userDataDir: /var/folders/1j/l6215wsx1tb...}, fedcm:accounts: true, goog:chromeOptions: {debuggerAddress: localhost:49316}, networkConnectionEnabled: false, pageLoadStrategy: normal, platformName: mac, proxy: Proxy(), se:cdp: ws://localhost:49316/devtoo..., se:cdpVersion: 131.0.6778.205, setWindowRect: true, strictFileInteractability: false, timeouts: {implicit: 0, pageLoad: 300000, script: 30000}, unhandledPromptBehavior: ignore, webSocketUrl: ws://localhost:6763/session..., webauthn:extension:credBlob: true, webauthn:extension:largeBlob: true, webauthn:extension:minPinLength: true, webauthn:extension:prf: true, webauthn:virtualAuthenticators: true}
Session ID: 81c375fdc73980b0150be4854699555f
	at jdk.internal.reflect.GeneratedConstructorAccessor34.newInstance(Unknown Source)
	at java.base/jdk.internal.reflect.DelegatingConstructorAccessorImpl.newInstance(DelegatingConstructorAccessorImpl.java:45)
	at org.openqa.selenium.remote.ErrorCodec.decode(ErrorCodec.java:167)
	at org.openqa.selenium.remote.codec.w3c.W3CHttpResponseCodec.decode(W3CHttpResponseCodec.java:138)
	at org.openqa.selenium.remote.codec.w3c.W3CHttpResponseCodec.decode(W3CHttpResponseCodec.java:50)
	at org.openqa.selenium.remote.HttpCommandExecutor.execute(HttpCommandExecutor.java:190)
	at org.openqa.selenium.remote.service.DriverCommandExecutor.invokeExecute(DriverCommandExecutor.java:216)
	at org.openqa.selenium.remote.service.DriverCommandExecutor.execute(DriverCommandExecutor.java:174)
	at org.openqa.selenium.remote.RemoteWebDriver.execute(RemoteWebDriver.java:518)
	at org.openqa.selenium.remote.ElementLocation$ElementFinder$2.findElements(ElementLocation.java:182)
	at org.openqa.selenium.remote.ElementLocation.findElements(ElementLocation.java:103)
	at org.openqa.selenium.remote.RemoteWebDriver.findElements(RemoteWebDriver.java:368)
	at org.openqa.selenium.remote.RemoteWebDriver.findElements(RemoteWebDriver.java:362)
	at jdk.internal.reflect.GeneratedMethodAccessor19.invoke(Unknown Source)
	at java.base/jdk.internal.reflect.DelegatingMethodAccessorImpl.invoke(DelegatingMethodAccessorImpl.java:43)
	at org.openqa.selenium.support.decorators.WebDriverDecorator.call(WebDriverDecorator.java:249)
	at org.openqa.selenium.support.decorators.DefaultDecorated.call(DefaultDecorated.java:48)
	at org.openqa.selenium.support.decorators.WebDriverDecorator.lambda$createProxy$2(WebDriverDecorator.java:321)
	at org.openqa.selenium.remote.RemoteWebDriver$ByteBuddy$QYIudDZq.findElements(Unknown Source)
	at com.kms.katalon.core.webui.common.WebUiCommonHelper.findElementByNormalMethods(WebUiCommonHelper.java:1036)
	at com.kms.katalon.core.webui.common.WebUiCommonHelper.findElementsBySelectedMethod(WebUiCommonHelper.java:927)
	at com.kms.katalon.core.webui.common.WebUiCommonHelper.findElementsBySelectedMethod(WebUiCommonHelper.java:909)
	at com.kms.katalon.core.webui.common.WebUiCommonHelper.findElementsBySelectedMethod(WebUiCommonHelper.java:904)
	at com.kms.katalon.core.webui.common.WebUiCommonHelper.findElementsByDefault(WebUiCommonHelper.java:900)
	at com.kms.katalon.core.webui.common.WebUiCommonHelper.findElementsWithSelfHealing(WebUiCommonHelper.java:746)
	at com.kms.katalon.core.webui.common.WebUiCommonHelper.findWebElements(WebUiCommonHelper.java:730)
	at com.kms.katalon.core.webui.common.WebUiCommonHelper.findWebElement(WebUiCommonHelper.java:1416)
	at com.kms.katalon.core.webui.keyword.internal.WebUIAbstractKeyword.findWebElement(WebUIAbstractKeyword.groovy:27)
	at com.kms.katalon.core.webui.keyword.builtin.ClickKeyword$_click_closure1.doCall(ClickKeyword.groovy:66)
	at com.kms.katalon.core.webui.keyword.builtin.ClickKeyword$_click_closure1.call(ClickKeyword.groovy)
	at com.kms.katalon.core.webui.keyword.internal.WebUIKeywordMain.runKeyword(WebUIKeywordMain.groovy:35)
	at com.kms.katalon.core.webui.keyword.builtin.ClickKeyword.click(ClickKeyword.groovy:75)
	at com.kms.katalon.core.webui.keyword.builtin.ClickKeyword.execute(ClickKeyword.groovy:40)
	at com.kms.katalon.core.keyword.internal.KeywordExecutor.executeKeywordForPlatform(KeywordExecutor.groovy:74)
	at com.kms.katalon.core.webui.keyword.WebUiBuiltInKeywords.click(WebUiBuiltInKeywords.groovy:696)
	at Script1734948563457.run(Script1734948563457.groovy:23)
	... 15 more
)

27-12-2024T07:13:00 - [MESSAGE][WARNING] - [SELF-HEALING] Failed to find element with id 'Object Repository/Employee-Onboarding/Employee_Jobs/Page_OrangeHRM/a_PIM'. Try using Self-healing.

27-12-2024T07:13:00 - [MESSAGE][WARNING] - [SELF-HEALING] disconnected: not connected to DevTools
  (failed to check if window was closed: disconnected: not connected to DevTools)
  (Session info: chrome=131.0.6778.205)
Build info: version: '4.22.0', revision: 'c5f3146703'
System info: os.name: 'Mac OS X', os.arch: 'aarch64', os.version: '15.2', java.version: '17.0.7'
Driver info: com.kms.katalon.selenium.driver.CChromeDriver
Command: [81c375fdc73980b0150be4854699555f, findElements {using=xpath, value=//div[@id='app']/div/div/aside/nav/div[2]/ul/li[2]/a}]
Capabilities {acceptInsecureCerts: false, browserName: chrome, browserVersion: 131.0.6778.205, chrome: {chromedriverVersion: 131.0.6778.85 (3d81e41b6f3a..., userDataDir: /var/folders/1j/l6215wsx1tb...}, fedcm:accounts: true, goog:chromeOptions: {debuggerAddress: localhost:49316}, networkConnectionEnabled: false, pageLoadStrategy: normal, platformName: mac, proxy: Proxy(), se:cdp: ws://localhost:49316/devtoo..., se:cdpVersion: 131.0.6778.205, setWindowRect: true, strictFileInteractability: false, timeouts: {implicit: 0, pageLoad: 300000, script: 30000}, unhandledPromptBehavior: ignore, webSocketUrl: ws://localhost:6763/session..., webauthn:extension:credBlob: true, webauthn:extension:largeBlob: true, webauthn:extension:minPinLength: true, webauthn:extension:prf: true, webauthn:virtualAuthenticators: true}
Session ID: 81c375fdc73980b0150be4854699555f

27-12-2024T07:13:01 - [MESSAGE][WARNING] - [SELF-HEALING] disconnected: not connected to DevTools
  (failed to check if window was closed: disconnected: not connected to DevTools)
  (Session info: chrome=131.0.6778.205)
Build info: version: '4.22.0', revision: 'c5f3146703'
System info: os.name: 'Mac OS X', os.arch: 'aarch64', os.version: '15.2', java.version: '17.0.7'
Driver info: com.kms.katalon.selenium.driver.CChromeDriver
Command: [81c375fdc73980b0150be4854699555f, findElements {using=xpath, value=//*[@href = '/web/index.php/pim/viewPimModule' and (text() = 'PIM' or . = 'PIM')]}]
Capabilities {acceptInsecureCerts: false, browserName: chrome, browserVersion: 131.0.6778.205, chrome: {chromedriverVersion: 131.0.6778.85 (3d81e41b6f3a..., userDataDir: /var/folders/1j/l6215wsx1tb...}, fedcm:accounts: true, goog:chromeOptions: {debuggerAddress: localhost:49316}, networkConnectionEnabled: false, pageLoadStrategy: normal, platformName: mac, proxy: Proxy(), se:cdp: ws://localhost:49316/devtoo..., se:cdpVersion: 131.0.6778.205, setWindowRect: true, strictFileInteractability: false, timeouts: {implicit: 0, pageLoad: 300000, script: 30000}, unhandledPromptBehavior: ignore, webSocketUrl: ws://localhost:6763/session..., webauthn:extension:credBlob: true, webauthn:extension:largeBlob: true, webauthn:extension:minPinLength: true, webauthn:extension:prf: true, webauthn:virtualAuthenticators: true}
Session ID: 81c375fdc73980b0150be4854699555f

27-12-2024T07:13:01 - [MESSAGE][WARNING] - [SELF-HEALING] disconnected: not connected to DevTools
  (failed to check if window was closed: disconnected: not connected to DevTools)
  (Session info: chrome=131.0.6778.205)
Build info: version: '4.22.0', revision: 'c5f3146703'
System info: os.name: 'Mac OS X', os.arch: 'aarch64', os.version: '15.2', java.version: '17.0.7'
Driver info: com.kms.katalon.selenium.driver.CChromeDriver
Command: [81c375fdc73980b0150be4854699555f, findElements {using=css selector, value=}]
Capabilities {acceptInsecureCerts: false, browserName: chrome, browserVersion: 131.0.6778.205, chrome: {chromedriverVersion: 131.0.6778.85 (3d81e41b6f3a..., userDataDir: /var/folders/1j/l6215wsx1tb...}, fedcm:accounts: true, goog:chromeOptions: {debuggerAddress: localhost:49316}, networkConnectionEnabled: false, pageLoadStrategy: normal, platformName: mac, proxy: Proxy(), se:cdp: ws://localhost:49316/devtoo..., se:cdpVersion: 131.0.6778.205, setWindowRect: true, strictFileInteractability: false, timeouts: {implicit: 0, pageLoad: 300000, script: 30000}, unhandledPromptBehavior: ignore, webSocketUrl: ws://localhost:6763/session..., webauthn:extension:credBlob: true, webauthn:extension:largeBlob: true, webauthn:extension:minPinLength: true, webauthn:extension:prf: true, webauthn:virtualAuthenticators: true}
Session ID: 81c375fdc73980b0150be4854699555f

27-12-2024T07:13:01 - [MESSAGE][WARNING] - Cannot take screenshot

27-12-2024T07:13:01 - [MESSAGE][FAILED] - Unable to click on object 'Object Repository/Employee-Onboarding/Employee_Jobs/Page_OrangeHRM/a_PIM' (Root cause: com.kms.katalon.core.exception.StepFailedException: Unable to click on object 'Object Repository/Employee-Onboarding/Employee_Jobs/Page_OrangeHRM/a_PIM'
	at com.kms.katalon.core.webui.keyword.internal.WebUIKeywordMain.stepFailed(WebUIKeywordMain.groovy:117)
	at com.kms.katalon.core.webui.keyword.internal.WebUIKeywordMain.runKeyword(WebUIKeywordMain.groovy:43)
	at com.kms.katalon.core.webui.keyword.builtin.ClickKeyword.click(ClickKeyword.groovy:75)
	at com.kms.katalon.core.webui.keyword.builtin.ClickKeyword.execute(ClickKeyword.groovy:40)
	at com.kms.katalon.core.keyword.internal.KeywordExecutor.executeKeywordForPlatform(KeywordExecutor.groovy:74)
	at com.kms.katalon.core.webui.keyword.WebUiBuiltInKeywords.click(WebUiBuiltInKeywords.groovy:696)
	at TC_Employee_Job_Details.run(TC_Employee_Job_Details:23)
	at com.kms.katalon.core.main.ScriptEngine.run(ScriptEngine.java:194)
	at com.kms.katalon.core.main.ScriptEngine.runScriptAsRawText(ScriptEngine.java:119)
	at com.kms.katalon.core.main.TestCaseExecutor.runScript(TestCaseExecutor.java:448)
	at com.kms.katalon.core.main.TestCaseExecutor.doExecute(TestCaseExecutor.java:439)
	at com.kms.katalon.core.main.TestCaseExecutor.processExecutionPhase(TestCaseExecutor.java:418)
	at com.kms.katalon.core.main.TestCaseExecutor.accessMainPhase(TestCaseExecutor.java:410)
	at com.kms.katalon.core.main.TestCaseExecutor.execute(TestCaseExecutor.java:285)
	at com.kms.katalon.core.common.CommonExecutor.accessTestCaseMainPhase(CommonExecutor.java:65)
	at com.kms.katalon.core.main.TestSuiteExecutor.accessTestSuiteMainPhase(TestSuiteExecutor.java:161)
	at com.kms.katalon.core.main.TestSuiteExecutor.execute(TestSuiteExecutor.java:107)
	at com.kms.katalon.core.main.TestCaseMain.startTestSuite(TestCaseMain.java:176)
	at TempTestSuite1735263398717.run(TempTestSuite1735263398717.groovy:35)
	at java.base/jdk.internal.reflect.NativeMethodAccessorImpl.invoke0(Native Method)
	at java.base/jdk.internal.reflect.NativeMethodAccessorImpl.invoke(NativeMethodAccessorImpl.java:77)
	at java.base/jdk.internal.reflect.DelegatingMethodAccessorImpl.invoke(DelegatingMethodAccessorImpl.java:43)
Caused by: org.openqa.selenium.WebDriverException: disconnected: not connected to DevTools
  (failed to check if window was closed: disconnected: not connected to DevTools)
  (Session info: chrome=131.0.6778.205)
Build info: version: '4.22.0', revision: 'c5f3146703'
System info: os.name: 'Mac OS X', os.arch: 'aarch64', os.version: '15.2', java.version: '17.0.7'
Driver info: com.kms.katalon.selenium.driver.CChromeDriver
Command: [81c375fdc73980b0150be4854699555f, findElements {using=xpath, value=//div[@id='app']/div/div/aside/nav/div[2]/ul/li[2]/a}]
Capabilities {acceptInsecureCerts: false, browserName: chrome, browserVersion: 131.0.6778.205, chrome: {chromedriverVersion: 131.0.6778.85 (3d81e41b6f3a..., userDataDir: /var/folders/1j/l6215wsx1tb...}, fedcm:accounts: true, goog:chromeOptions: {debuggerAddress: localhost:49316}, networkConnectionEnabled: false, pageLoadStrategy: normal, platformName: mac, proxy: Proxy(), se:cdp: ws://localhost:49316/devtoo..., se:cdpVersion: 131.0.6778.205, setWindowRect: true, strictFileInteractability: false, timeouts: {implicit: 0, pageLoad: 300000, script: 30000}, unhandledPromptBehavior: ignore, webSocketUrl: ws://localhost:6763/session..., webauthn:extension:credBlob: true, webauthn:extension:largeBlob: true, webauthn:extension:minPinLength: true, webauthn:extension:prf: true, webauthn:virtualAuthenticators: true}
Session ID: 81c375fdc73980b0150be4854699555f
	at jdk.internal.reflect.GeneratedConstructorAccessor34.newInstance(Unknown Source)
	at java.base/jdk.internal.reflect.DelegatingConstructorAccessorImpl.newInstance(DelegatingConstructorAccessorImpl.java:45)
	at org.openqa.selenium.remote.ErrorCodec.decode(ErrorCodec.java:167)
	at org.openqa.selenium.remote.codec.w3c.W3CHttpResponseCodec.decode(W3CHttpResponseCodec.java:138)
	at org.openqa.selenium.remote.codec.w3c.W3CHttpResponseCodec.decode(W3CHttpResponseCodec.java:50)
	at org.openqa.selenium.remote.HttpCommandExecutor.execute(HttpCommandExecutor.java:190)
	at org.openqa.selenium.remote.service.DriverCommandExecutor.invokeExecute(DriverCommandExecutor.java:216)
	at org.openqa.selenium.remote.service.DriverCommandExecutor.execute(DriverCommandExecutor.java:174)
	at org.openqa.selenium.remote.RemoteWebDriver.execute(RemoteWebDriver.java:518)
	at org.openqa.selenium.remote.ElementLocation$ElementFinder$2.findElements(ElementLocation.java:182)
	at org.openqa.selenium.remote.ElementLocation.findElements(ElementLocation.java:103)
	at org.openqa.selenium.remote.RemoteWebDriver.findElements(RemoteWebDriver.java:368)
	at org.openqa.selenium.remote.RemoteWebDriver.findElements(RemoteWebDriver.java:362)
	at jdk.internal.reflect.GeneratedMethodAccessor19.invoke(Unknown Source)
	at java.base/jdk.internal.reflect.DelegatingMethodAccessorImpl.invoke(DelegatingMethodAccessorImpl.java:43)
	at org.openqa.selenium.support.decorators.WebDriverDecorator.call(WebDriverDecorator.java:249)
	at org.openqa.selenium.support.decorators.DefaultDecorated.call(DefaultDecorated.java:48)
	at org.openqa.selenium.support.decorators.WebDriverDecorator.lambda$createProxy$2(WebDriverDecorator.java:321)
	at org.openqa.selenium.remote.RemoteWebDriver$ByteBuddy$QYIudDZq.findElements(Unknown Source)
	at com.kms.katalon.core.webui.common.WebUiCommonHelper.findElementByNormalMethods(WebUiCommonHelper.java:1036)
	at com.kms.katalon.core.webui.common.WebUiCommonHelper.findElementsBySelectedMethod(WebUiCommonHelper.java:927)
	at com.kms.katalon.core.webui.common.WebUiCommonHelper.findElementsBySelectedMethod(WebUiCommonHelper.java:909)
	at com.kms.katalon.core.webui.common.WebUiCommonHelper.findElementsBySelectedMethod(WebUiCommonHelper.java:904)
	at com.kms.katalon.core.webui.common.WebUiCommonHelper.findElementsByDefault(WebUiCommonHelper.java:900)
	at com.kms.katalon.core.webui.common.WebUiCommonHelper.findElementsWithSelfHealing(WebUiCommonHelper.java:746)
	at com.kms.katalon.core.webui.common.WebUiCommonHelper.findWebElements(WebUiCommonHelper.java:730)
	at com.kms.katalon.core.webui.common.WebUiCommonHelper.findWebElement(WebUiCommonHelper.java:1416)
	at com.kms.katalon.core.webui.keyword.internal.WebUIAbstractKeyword.findWebElement(WebUIAbstractKeyword.groovy:27)
	at com.kms.katalon.core.webui.keyword.builtin.ClickKeyword$_click_closure1.doCall(ClickKeyword.groovy:66)
	at com.kms.katalon.core.webui.keyword.builtin.ClickKeyword$_click_closure1.call(ClickKeyword.groovy)
	at com.kms.katalon.core.webui.keyword.internal.WebUIKeywordMain.runKeyword(WebUIKeywordMain.groovy:35)
	at com.kms.katalon.core.webui.keyword.builtin.ClickKeyword.click(ClickKeyword.groovy:75)
	at com.kms.katalon.core.webui.keyword.builtin.ClickKeyword.execute(ClickKeyword.groovy:40)
	at com.kms.katalon.core.keyword.internal.KeywordExecutor.executeKeywordForPlatform(KeywordExecutor.groovy:74)
	at com.kms.katalon.core.webui.keyword.WebUiBuiltInKeywords.click(WebUiBuiltInKeywords.groovy:696)
	at Script1734948563457.run(Script1734948563457.groovy:23)
	... 15 more
)]]></system-out>
         <system-err><![CDATA[27-12-2024T07:13:00 - [TEST_CASE][FAILED] - Test Cases/Employee_Onboarding/TC_Employee_Job_Details: Test Cases/Employee_Onboarding/TC_Employee_Job_Details FAILED.
Reason:
com.kms.katalon.core.exception.StepFailedException: Unable to click on object 'Object Repository/Employee-Onboarding/Employee_Jobs/Page_OrangeHRM/a_PIM'
	at com.kms.katalon.core.webui.keyword.internal.WebUIKeywordMain.stepFailed(WebUIKeywordMain.groovy:117)
	at com.kms.katalon.core.webui.keyword.internal.WebUIKeywordMain.runKeyword(WebUIKeywordMain.groovy:43)
	at com.kms.katalon.core.webui.keyword.builtin.ClickKeyword.click(ClickKeyword.groovy:75)
	at com.kms.katalon.core.webui.keyword.builtin.ClickKeyword.execute(ClickKeyword.groovy:40)
	at com.kms.katalon.core.keyword.internal.KeywordExecutor.executeKeywordForPlatform(KeywordExecutor.groovy:74)
	at com.kms.katalon.core.webui.keyword.WebUiBuiltInKeywords.click(WebUiBuiltInKeywords.groovy:696)
	at TC_Employee_Job_Details.run(TC_Employee_Job_Details:23)
	at com.kms.katalon.core.main.ScriptEngine.run(ScriptEngine.java:194)
	at com.kms.katalon.core.main.ScriptEngine.runScriptAsRawText(ScriptEngine.java:119)
	at com.kms.katalon.core.main.TestCaseExecutor.runScript(TestCaseExecutor.java:448)
	at com.kms.katalon.core.main.TestCaseExecutor.doExecute(TestCaseExecutor.java:439)
	at com.kms.katalon.core.main.TestCaseExecutor.processExecutionPhase(TestCaseExecutor.java:418)
	at com.kms.katalon.core.main.TestCaseExecutor.accessMainPhase(TestCaseExecutor.java:410)
	at com.kms.katalon.core.main.TestCaseExecutor.execute(TestCaseExecutor.java:285)
	at com.kms.katalon.core.common.CommonExecutor.accessTestCaseMainPhase(CommonExecutor.java:65)
	at com.kms.katalon.core.main.TestSuiteExecutor.accessTestSuiteMainPhase(TestSuiteExecutor.java:161)
	at com.kms.katalon.core.main.TestSuiteExecutor.execute(TestSuiteExecutor.java:107)
	at com.kms.katalon.core.main.TestCaseMain.startTestSuite(TestCaseMain.java:176)
	at TempTestSuite1735263398717.run(TempTestSuite1735263398717.groovy:35)
	at java.base/jdk.internal.reflect.NativeMethodAccessorImpl.invoke0(Native Method)
	at java.base/jdk.internal.reflect.NativeMethodAccessorImpl.invoke(NativeMethodAccessorImpl.java:77)
	at java.base/jdk.internal.reflect.DelegatingMethodAccessorImpl.invoke(DelegatingMethodAccessorImpl.java:43)
Caused by: org.openqa.selenium.WebDriverException: disconnected: not connected to DevTools
  (failed to check if window was closed: disconnected: not connected to DevTools)
  (Session info: chrome=131.0.6778.205)
Build info: version: '4.22.0', revision: 'c5f3146703'
System info: os.name: 'Mac OS X', os.arch: 'aarch64', os.version: '15.2', java.version: '17.0.7'
Driver info: com.kms.katalon.selenium.driver.CChromeDriver
Command: [81c375fdc73980b0150be4854699555f, findElements {using=xpath, value=//div[@id='app']/div/div/aside/nav/div[2]/ul/li[2]/a}]
Capabilities {acceptInsecureCerts: false, browserName: chrome, browserVersion: 131.0.6778.205, chrome: {chromedriverVersion: 131.0.6778.85 (3d81e41b6f3a..., userDataDir: /var/folders/1j/l6215wsx1tb...}, fedcm:accounts: true, goog:chromeOptions: {debuggerAddress: localhost:49316}, networkConnectionEnabled: false, pageLoadStrategy: normal, platformName: mac, proxy: Proxy(), se:cdp: ws://localhost:49316/devtoo..., se:cdpVersion: 131.0.6778.205, setWindowRect: true, strictFileInteractability: false, timeouts: {implicit: 0, pageLoad: 300000, script: 30000}, unhandledPromptBehavior: ignore, webSocketUrl: ws://localhost:6763/session..., webauthn:extension:credBlob: true, webauthn:extension:largeBlob: true, webauthn:extension:minPinLength: true, webauthn:extension:prf: true, webauthn:virtualAuthenticators: true}
Session ID: 81c375fdc73980b0150be4854699555f
	at jdk.internal.reflect.GeneratedConstructorAccessor34.newInstance(Unknown Source)
	at java.base/jdk.internal.reflect.DelegatingConstructorAccessorImpl.newInstance(DelegatingConstructorAccessorImpl.java:45)
	at org.openqa.selenium.remote.ErrorCodec.decode(ErrorCodec.java:167)
	at org.openqa.selenium.remote.codec.w3c.W3CHttpResponseCodec.decode(W3CHttpResponseCodec.java:138)
	at org.openqa.selenium.remote.codec.w3c.W3CHttpResponseCodec.decode(W3CHttpResponseCodec.java:50)
	at org.openqa.selenium.remote.HttpCommandExecutor.execute(HttpCommandExecutor.java:190)
	at org.openqa.selenium.remote.service.DriverCommandExecutor.invokeExecute(DriverCommandExecutor.java:216)
	at org.openqa.selenium.remote.service.DriverCommandExecutor.execute(DriverCommandExecutor.java:174)
	at org.openqa.selenium.remote.RemoteWebDriver.execute(RemoteWebDriver.java:518)
	at org.openqa.selenium.remote.ElementLocation$ElementFinder$2.findElements(ElementLocation.java:182)
	at org.openqa.selenium.remote.ElementLocation.findElements(ElementLocation.java:103)
	at org.openqa.selenium.remote.RemoteWebDriver.findElements(RemoteWebDriver.java:368)
	at org.openqa.selenium.remote.RemoteWebDriver.findElements(RemoteWebDriver.java:362)
	at jdk.internal.reflect.GeneratedMethodAccessor19.invoke(Unknown Source)
	at java.base/jdk.internal.reflect.DelegatingMethodAccessorImpl.invoke(DelegatingMethodAccessorImpl.java:43)
	at org.openqa.selenium.support.decorators.WebDriverDecorator.call(WebDriverDecorator.java:249)
	at org.openqa.selenium.support.decorators.DefaultDecorated.call(DefaultDecorated.java:48)
	at org.openqa.selenium.support.decorators.WebDriverDecorator.lambda$createProxy$2(WebDriverDecorator.java:321)
	at org.openqa.selenium.remote.RemoteWebDriver$ByteBuddy$QYIudDZq.findElements(Unknown Source)
	at com.kms.katalon.core.webui.common.WebUiCommonHelper.findElementByNormalMethods(WebUiCommonHelper.java:1036)
	at com.kms.katalon.core.webui.common.WebUiCommonHelper.findElementsBySelectedMethod(WebUiCommonHelper.java:927)
	at com.kms.katalon.core.webui.common.WebUiCommonHelper.findElementsBySelectedMethod(WebUiCommonHelper.java:909)
	at com.kms.katalon.core.webui.common.WebUiCommonHelper.findElementsBySelectedMethod(WebUiCommonHelper.java:904)
	at com.kms.katalon.core.webui.common.WebUiCommonHelper.findElementsByDefault(WebUiCommonHelper.java:900)
	at com.kms.katalon.core.webui.common.WebUiCommonHelper.findElementsWithSelfHealing(WebUiCommonHelper.java:746)
	at com.kms.katalon.core.webui.common.WebUiCommonHelper.findWebElements(WebUiCommonHelper.java:730)
	at com.kms.katalon.core.webui.common.WebUiCommonHelper.findWebElement(WebUiCommonHelper.java:1416)
	at com.kms.katalon.core.webui.keyword.internal.WebUIAbstractKeyword.findWebElement(WebUIAbstractKeyword.groovy:27)
	at com.kms.katalon.core.webui.keyword.builtin.ClickKeyword$_click_closure1.doCall(ClickKeyword.groovy:66)
	at com.kms.katalon.core.webui.keyword.builtin.ClickKeyword$_click_closure1.call(ClickKeyword.groovy)
	at com.kms.katalon.core.webui.keyword.internal.WebUIKeywordMain.runKeyword(WebUIKeywordMain.groovy:35)
	... 20 more]]></system-err>
      </testcase>
      <testcase name="Test Cases/Employee_Onboarding/TC_Employee_Job_Details" time="1.016" classname="Test Cases/Employee_Onboarding/TC_Employee_Job_Details" status="FAILED">
         <failure type="FAILED" message="Test Cases/Employee_Onboarding/TC_Employee_Job_Details FAILED.&#xa;Reason:&#xa;com.kms.katalon.core.exception.StepFailedException: Unable to click on object 'Object Repository/Employee-Onboarding/Employee_Jobs/Page_OrangeHRM/a_PIM'&#xa;	at com.kms.katalon.core.webui.keyword.internal.WebUIKeywordMain.stepFailed(WebUIKeywordMain.groovy:117)&#xa;	at com.kms.katalon.core.webui.keyword.internal.WebUIKeywordMain.runKeyword(WebUIKeywordMain.groovy:43)&#xa;	at com.kms.katalon.core.webui.keyword.builtin.ClickKeyword.click(ClickKeyword.groovy:75)&#xa;	at com.kms.katalon.core.webui.keyword.builtin.ClickKeyword.execute(ClickKeyword.groovy:40)&#xa;	at com.kms.katalon.core.keyword.internal.KeywordExecutor.executeKeywordForPlatform(KeywordExecutor.groovy:74)&#xa;	at com.kms.katalon.core.webui.keyword.WebUiBuiltInKeywords.click(WebUiBuiltInKeywords.groovy:696)&#xa;	at TC_Employee_Job_Details.run(TC_Employee_Job_Details:23)&#xa;	at com.kms.katalon.core.main.ScriptEngine.run(ScriptEngine.java:194)&#xa;	at com.kms.katalon.core.main.ScriptEngine.runScriptAsRawText(ScriptEngine.java:119)&#xa;	at com.kms.katalon.core.main.TestCaseExecutor.runScript(TestCaseExecutor.java:448)&#xa;	at com.kms.katalon.core.main.TestCaseExecutor.doExecute(TestCaseExecutor.java:439)&#xa;	at com.kms.katalon.core.main.TestCaseExecutor.processExecutionPhase(TestCaseExecutor.java:418)&#xa;	at com.kms.katalon.core.main.TestCaseExecutor.accessMainPhase(TestCaseExecutor.java:410)&#xa;	at com.kms.katalon.core.main.TestCaseExecutor.execute(TestCaseExecutor.java:285)&#xa;	at com.kms.katalon.core.common.CommonExecutor.accessTestCaseMainPhase(CommonExecutor.java:65)&#xa;	at com.kms.katalon.core.main.TestSuiteExecutor.accessTestSuiteMainPhase(TestSuiteExecutor.java:161)&#xa;	at com.kms.katalon.core.main.TestSuiteExecutor.execute(TestSuiteExecutor.java:107)&#xa;	at com.kms.katalon.core.main.TestCaseMain.startTestSuite(TestCaseMain.java:176)&#xa;	at TempTestSuite1735263398717.run(TempTestSuite1735263398717.groovy:35)&#xa;	at java.base/jdk.internal.reflect.NativeMethodAccessorImpl.invoke0(Native Method)&#xa;	at java.base/jdk.internal.reflect.NativeMethodAccessorImpl.invoke(NativeMethodAccessorImpl.java:77)&#xa;	at java.base/jdk.internal.reflect.DelegatingMethodAccessorImpl.invoke(DelegatingMethodAccessorImpl.java:43)&#xa;Caused by: org.openqa.selenium.WebDriverException: disconnected: not connected to DevTools&#xa;  (failed to check if window was closed: disconnected: not connected to DevTools)&#xa;  (Session info: chrome=131.0.6778.205)&#xa;Build info: version: '4.22.0', revision: 'c5f3146703'&#xa;System info: os.name: 'Mac OS X', os.arch: 'aarch64', os.version: '15.2', java.version: '17.0.7'&#xa;Driver info: com.kms.katalon.selenium.driver.CChromeDriver&#xa;Command: [81c375fdc73980b0150be4854699555f, findElements {using=xpath, value=//div[@id='app']/div/div/aside/nav/div[2]/ul/li[2]/a}]&#xa;Capabilities {acceptInsecureCerts: false, browserName: chrome, browserVersion: 131.0.6778.205, chrome: {chromedriverVersion: 131.0.6778.85 (3d81e41b6f3a..., userDataDir: /var/folders/1j/l6215wsx1tb...}, fedcm:accounts: true, goog:chromeOptions: {debuggerAddress: localhost:49316}, networkConnectionEnabled: false, pageLoadStrategy: normal, platformName: mac, proxy: Proxy(), se:cdp: ws://localhost:49316/devtoo..., se:cdpVersion: 131.0.6778.205, setWindowRect: true, strictFileInteractability: false, timeouts: {implicit: 0, pageLoad: 300000, script: 30000}, unhandledPromptBehavior: ignore, webSocketUrl: ws://localhost:6763/session..., webauthn:extension:credBlob: true, webauthn:extension:largeBlob: true, webauthn:extension:minPinLength: true, webauthn:extension:prf: true, webauthn:virtualAuthenticators: true}&#xa;Session ID: 81c375fdc73980b0150be4854699555f&#xa;	at jdk.internal.reflect.GeneratedConstructorAccessor34.newInstance(Unknown Source)&#xa;	at java.base/jdk.internal.reflect.DelegatingConstructorAccessorImpl.newInstance(DelegatingConstructorAccessorImpl.java:45)&#xa;	at org.openqa.selenium.remote.ErrorCodec.decode(ErrorCodec.java:167)&#xa;	at org.openqa.selenium.remote.codec.w3c.W3CHttpResponseCodec.decode(W3CHttpResponseCodec.java:138)&#xa;	at org.openqa.selenium.remote.codec.w3c.W3CHttpResponseCodec.decode(W3CHttpResponseCodec.java:50)&#xa;	at org.openqa.selenium.remote.HttpCommandExecutor.execute(HttpCommandExecutor.java:190)&#xa;	at org.openqa.selenium.remote.service.DriverCommandExecutor.invokeExecute(DriverCommandExecutor.java:216)&#xa;	at org.openqa.selenium.remote.service.DriverCommandExecutor.execute(DriverCommandExecutor.java:174)&#xa;	at org.openqa.selenium.remote.RemoteWebDriver.execute(RemoteWebDriver.java:518)&#xa;	at org.openqa.selenium.remote.ElementLocation$ElementFinder$2.findElements(ElementLocation.java:182)&#xa;	at org.openqa.selenium.remote.ElementLocation.findElements(ElementLocation.java:103)&#xa;	at org.openqa.selenium.remote.RemoteWebDriver.findElements(RemoteWebDriver.java:368)&#xa;	at org.openqa.selenium.remote.RemoteWebDriver.findElements(RemoteWebDriver.java:362)&#xa;	at jdk.internal.reflect.GeneratedMethodAccessor19.invoke(Unknown Source)&#xa;	at java.base/jdk.internal.reflect.DelegatingMethodAccessorImpl.invoke(DelegatingMethodAccessorImpl.java:43)&#xa;	at org.openqa.selenium.support.decorators.WebDriverDecorator.call(WebDriverDecorator.java:249)&#xa;	at org.openqa.selenium.support.decorators.DefaultDecorated.call(DefaultDecorated.java:48)&#xa;	at org.openqa.selenium.support.decorators.WebDriverDecorator.lambda$createProxy$2(WebDriverDecorator.java:321)&#xa;	at org.openqa.selenium.remote.RemoteWebDriver$ByteBuddy$QYIudDZq.findElements(Unknown Source)&#xa;	at com.kms.katalon.core.webui.common.WebUiCommonHelper.findElementByNormalMethods(WebUiCommonHelper.java:1036)&#xa;	at com.kms.katalon.core.webui.common.WebUiCommonHelper.findElementsBySelectedMethod(WebUiCommonHelper.java:927)&#xa;	at com.kms.katalon.core.webui.common.WebUiCommonHelper.findElementsBySelectedMethod(WebUiCommonHelper.java:909)&#xa;	at com.kms.katalon.core.webui.common.WebUiCommonHelper.findElementsBySelectedMethod(WebUiCommonHelper.java:904)&#xa;	at com.kms.katalon.core.webui.common.WebUiCommonHelper.findElementsByDefault(WebUiCommonHelper.java:900)&#xa;	at com.kms.katalon.core.webui.common.WebUiCommonHelper.findElementsWithSelfHealing(WebUiCommonHelper.java:746)&#xa;	at com.kms.katalon.core.webui.common.WebUiCommonHelper.findWebElements(WebUiCommonHelper.java:730)&#xa;	at com.kms.katalon.core.webui.common.WebUiCommonHelper.findWebElement(WebUiCommonHelper.java:1416)&#xa;	at com.kms.katalon.core.webui.keyword.internal.WebUIAbstractKeyword.findWebElement(WebUIAbstractKeyword.groovy:27)&#xa;	at com.kms.katalon.core.webui.keyword.builtin.ClickKeyword$_click_closure1.doCall(ClickKeyword.groovy:66)&#xa;	at com.kms.katalon.core.webui.keyword.builtin.ClickKeyword$_click_closure1.call(ClickKeyword.groovy)&#xa;	at com.kms.katalon.core.webui.keyword.internal.WebUIKeywordMain.runKeyword(WebUIKeywordMain.groovy:35)&#xa;	... 20 more&#xa;"/>
         <system-out><![CDATA[27-12-2024T07:13:01 - [TEST_CASE][FAILED] - Test Cases/Employee_Onboarding/TC_Employee_Job_Details: Test Cases/Employee_Onboarding/TC_Employee_Job_Details FAILED.
Reason:
com.kms.katalon.core.exception.StepFailedException: Unable to click on object 'Object Repository/Employee-Onboarding/Employee_Jobs/Page_OrangeHRM/a_PIM'
	at com.kms.katalon.core.webui.keyword.internal.WebUIKeywordMain.stepFailed(WebUIKeywordMain.groovy:117)
	at com.kms.katalon.core.webui.keyword.internal.WebUIKeywordMain.runKeyword(WebUIKeywordMain.groovy:43)
	at com.kms.katalon.core.webui.keyword.builtin.ClickKeyword.click(ClickKeyword.groovy:75)
	at com.kms.katalon.core.webui.keyword.builtin.ClickKeyword.execute(ClickKeyword.groovy:40)
	at com.kms.katalon.core.keyword.internal.KeywordExecutor.executeKeywordForPlatform(KeywordExecutor.groovy:74)
	at com.kms.katalon.core.webui.keyword.WebUiBuiltInKeywords.click(WebUiBuiltInKeywords.groovy:696)
	at TC_Employee_Job_Details.run(TC_Employee_Job_Details:23)
	at com.kms.katalon.core.main.ScriptEngine.run(ScriptEngine.java:194)
	at com.kms.katalon.core.main.ScriptEngine.runScriptAsRawText(ScriptEngine.java:119)
	at com.kms.katalon.core.main.TestCaseExecutor.runScript(TestCaseExecutor.java:448)
	at com.kms.katalon.core.main.TestCaseExecutor.doExecute(TestCaseExecutor.java:439)
	at com.kms.katalon.core.main.TestCaseExecutor.processExecutionPhase(TestCaseExecutor.java:418)
	at com.kms.katalon.core.main.TestCaseExecutor.accessMainPhase(TestCaseExecutor.java:410)
	at com.kms.katalon.core.main.TestCaseExecutor.execute(TestCaseExecutor.java:285)
	at com.kms.katalon.core.common.CommonExecutor.accessTestCaseMainPhase(CommonExecutor.java:65)
	at com.kms.katalon.core.main.TestSuiteExecutor.accessTestSuiteMainPhase(TestSuiteExecutor.java:161)
	at com.kms.katalon.core.main.TestSuiteExecutor.execute(TestSuiteExecutor.java:107)
	at com.kms.katalon.core.main.TestCaseMain.startTestSuite(TestCaseMain.java:176)
	at TempTestSuite1735263398717.run(TempTestSuite1735263398717.groovy:35)
	at java.base/jdk.internal.reflect.NativeMethodAccessorImpl.invoke0(Native Method)
	at java.base/jdk.internal.reflect.NativeMethodAccessorImpl.invoke(NativeMethodAccessorImpl.java:77)
	at java.base/jdk.internal.reflect.DelegatingMethodAccessorImpl.invoke(DelegatingMethodAccessorImpl.java:43)
Caused by: org.openqa.selenium.WebDriverException: disconnected: not connected to DevTools
  (failed to check if window was closed: disconnected: not connected to DevTools)
  (Session info: chrome=131.0.6778.205)
Build info: version: '4.22.0', revision: 'c5f3146703'
System info: os.name: 'Mac OS X', os.arch: 'aarch64', os.version: '15.2', java.version: '17.0.7'
Driver info: com.kms.katalon.selenium.driver.CChromeDriver
Command: [81c375fdc73980b0150be4854699555f, findElements {using=xpath, value=//div[@id='app']/div/div/aside/nav/div[2]/ul/li[2]/a}]
Capabilities {acceptInsecureCerts: false, browserName: chrome, browserVersion: 131.0.6778.205, chrome: {chromedriverVersion: 131.0.6778.85 (3d81e41b6f3a..., userDataDir: /var/folders/1j/l6215wsx1tb...}, fedcm:accounts: true, goog:chromeOptions: {debuggerAddress: localhost:49316}, networkConnectionEnabled: false, pageLoadStrategy: normal, platformName: mac, proxy: Proxy(), se:cdp: ws://localhost:49316/devtoo..., se:cdpVersion: 131.0.6778.205, setWindowRect: true, strictFileInteractability: false, timeouts: {implicit: 0, pageLoad: 300000, script: 30000}, unhandledPromptBehavior: ignore, webSocketUrl: ws://localhost:6763/session..., webauthn:extension:credBlob: true, webauthn:extension:largeBlob: true, webauthn:extension:minPinLength: true, webauthn:extension:prf: true, webauthn:virtualAuthenticators: true}
Session ID: 81c375fdc73980b0150be4854699555f
	at jdk.internal.reflect.GeneratedConstructorAccessor34.newInstance(Unknown Source)
	at java.base/jdk.internal.reflect.DelegatingConstructorAccessorImpl.newInstance(DelegatingConstructorAccessorImpl.java:45)
	at org.openqa.selenium.remote.ErrorCodec.decode(ErrorCodec.java:167)
	at org.openqa.selenium.remote.codec.w3c.W3CHttpResponseCodec.decode(W3CHttpResponseCodec.java:138)
	at org.openqa.selenium.remote.codec.w3c.W3CHttpResponseCodec.decode(W3CHttpResponseCodec.java:50)
	at org.openqa.selenium.remote.HttpCommandExecutor.execute(HttpCommandExecutor.java:190)
	at org.openqa.selenium.remote.service.DriverCommandExecutor.invokeExecute(DriverCommandExecutor.java:216)
	at org.openqa.selenium.remote.service.DriverCommandExecutor.execute(DriverCommandExecutor.java:174)
	at org.openqa.selenium.remote.RemoteWebDriver.execute(RemoteWebDriver.java:518)
	at org.openqa.selenium.remote.ElementLocation$ElementFinder$2.findElements(ElementLocation.java:182)
	at org.openqa.selenium.remote.ElementLocation.findElements(ElementLocation.java:103)
	at org.openqa.selenium.remote.RemoteWebDriver.findElements(RemoteWebDriver.java:368)
	at org.openqa.selenium.remote.RemoteWebDriver.findElements(RemoteWebDriver.java:362)
	at jdk.internal.reflect.GeneratedMethodAccessor19.invoke(Unknown Source)
	at java.base/jdk.internal.reflect.DelegatingMethodAccessorImpl.invoke(DelegatingMethodAccessorImpl.java:43)
	at org.openqa.selenium.support.decorators.WebDriverDecorator.call(WebDriverDecorator.java:249)
	at org.openqa.selenium.support.decorators.DefaultDecorated.call(DefaultDecorated.java:48)
	at org.openqa.selenium.support.decorators.WebDriverDecorator.lambda$createProxy$2(WebDriverDecorator.java:321)
	at org.openqa.selenium.remote.RemoteWebDriver$ByteBuddy$QYIudDZq.findElements(Unknown Source)
	at com.kms.katalon.core.webui.common.WebUiCommonHelper.findElementByNormalMethods(WebUiCommonHelper.java:1036)
	at com.kms.katalon.core.webui.common.WebUiCommonHelper.findElementsBySelectedMethod(WebUiCommonHelper.java:927)
	at com.kms.katalon.core.webui.common.WebUiCommonHelper.findElementsBySelectedMethod(WebUiCommonHelper.java:909)
	at com.kms.katalon.core.webui.common.WebUiCommonHelper.findElementsBySelectedMethod(WebUiCommonHelper.java:904)
	at com.kms.katalon.core.webui.common.WebUiCommonHelper.findElementsByDefault(WebUiCommonHelper.java:900)
	at com.kms.katalon.core.webui.common.WebUiCommonHelper.findElementsWithSelfHealing(WebUiCommonHelper.java:746)
	at com.kms.katalon.core.webui.common.WebUiCommonHelper.findWebElements(WebUiCommonHelper.java:730)
	at com.kms.katalon.core.webui.common.WebUiCommonHelper.findWebElement(WebUiCommonHelper.java:1416)
	at com.kms.katalon.core.webui.keyword.internal.WebUIAbstractKeyword.findWebElement(WebUIAbstractKeyword.groovy:27)
	at com.kms.katalon.core.webui.keyword.builtin.ClickKeyword$_click_closure1.doCall(ClickKeyword.groovy:66)
	at com.kms.katalon.core.webui.keyword.builtin.ClickKeyword$_click_closure1.call(ClickKeyword.groovy)
	at com.kms.katalon.core.webui.keyword.internal.WebUIKeywordMain.runKeyword(WebUIKeywordMain.groovy:35)
	... 20 more


27-12-2024T07:13:01 - [TEST_STEP][PASSED] - comment("Step 1: Click on the "PIM" tab to access the Employee Management section"): Step 1: Click on the "PIM" tab to access the Employee Management section

27-12-2024T07:13:01 - [MESSAGE][INFO] - Step 1: Click on the "PIM" tab to access the Employee Management section

27-12-2024T07:13:01 - [TEST_STEP][FAILED] - click(findTestObject("Object Repository/Employee-Onboarding/Employee_Jobs/Page_OrangeHRM/a_PIM")): Unable to click on object 'Object Repository/Employee-Onboarding/Employee_Jobs/Page_OrangeHRM/a_PIM' (Root cause: com.kms.katalon.core.exception.StepFailedException: Unable to click on object 'Object Repository/Employee-Onboarding/Employee_Jobs/Page_OrangeHRM/a_PIM'
	at com.kms.katalon.core.webui.keyword.internal.WebUIKeywordMain.stepFailed(WebUIKeywordMain.groovy:117)
	at com.kms.katalon.core.webui.keyword.internal.WebUIKeywordMain.runKeyword(WebUIKeywordMain.groovy:43)
	at com.kms.katalon.core.webui.keyword.builtin.ClickKeyword.click(ClickKeyword.groovy:75)
	at com.kms.katalon.core.webui.keyword.builtin.ClickKeyword.execute(ClickKeyword.groovy:40)
	at com.kms.katalon.core.keyword.internal.KeywordExecutor.executeKeywordForPlatform(KeywordExecutor.groovy:74)
	at com.kms.katalon.core.webui.keyword.WebUiBuiltInKeywords.click(WebUiBuiltInKeywords.groovy:696)
	at TC_Employee_Job_Details.run(TC_Employee_Job_Details:23)
	at com.kms.katalon.core.main.ScriptEngine.run(ScriptEngine.java:194)
	at com.kms.katalon.core.main.ScriptEngine.runScriptAsRawText(ScriptEngine.java:119)
	at com.kms.katalon.core.main.TestCaseExecutor.runScript(TestCaseExecutor.java:448)
	at com.kms.katalon.core.main.TestCaseExecutor.doExecute(TestCaseExecutor.java:439)
	at com.kms.katalon.core.main.TestCaseExecutor.processExecutionPhase(TestCaseExecutor.java:418)
	at com.kms.katalon.core.main.TestCaseExecutor.accessMainPhase(TestCaseExecutor.java:410)
	at com.kms.katalon.core.main.TestCaseExecutor.execute(TestCaseExecutor.java:285)
	at com.kms.katalon.core.common.CommonExecutor.accessTestCaseMainPhase(CommonExecutor.java:65)
	at com.kms.katalon.core.main.TestSuiteExecutor.accessTestSuiteMainPhase(TestSuiteExecutor.java:161)
	at com.kms.katalon.core.main.TestSuiteExecutor.execute(TestSuiteExecutor.java:107)
	at com.kms.katalon.core.main.TestCaseMain.startTestSuite(TestCaseMain.java:176)
	at TempTestSuite1735263398717.run(TempTestSuite1735263398717.groovy:35)
	at java.base/jdk.internal.reflect.NativeMethodAccessorImpl.invoke0(Native Method)
	at java.base/jdk.internal.reflect.NativeMethodAccessorImpl.invoke(NativeMethodAccessorImpl.java:77)
	at java.base/jdk.internal.reflect.DelegatingMethodAccessorImpl.invoke(DelegatingMethodAccessorImpl.java:43)
Caused by: org.openqa.selenium.WebDriverException: disconnected: not connected to DevTools
  (failed to check if window was closed: disconnected: not connected to DevTools)
  (Session info: chrome=131.0.6778.205)
Build info: version: '4.22.0', revision: 'c5f3146703'
System info: os.name: 'Mac OS X', os.arch: 'aarch64', os.version: '15.2', java.version: '17.0.7'
Driver info: com.kms.katalon.selenium.driver.CChromeDriver
Command: [81c375fdc73980b0150be4854699555f, findElements {using=xpath, value=//div[@id='app']/div/div/aside/nav/div[2]/ul/li[2]/a}]
Capabilities {acceptInsecureCerts: false, browserName: chrome, browserVersion: 131.0.6778.205, chrome: {chromedriverVersion: 131.0.6778.85 (3d81e41b6f3a..., userDataDir: /var/folders/1j/l6215wsx1tb...}, fedcm:accounts: true, goog:chromeOptions: {debuggerAddress: localhost:49316}, networkConnectionEnabled: false, pageLoadStrategy: normal, platformName: mac, proxy: Proxy(), se:cdp: ws://localhost:49316/devtoo..., se:cdpVersion: 131.0.6778.205, setWindowRect: true, strictFileInteractability: false, timeouts: {implicit: 0, pageLoad: 300000, script: 30000}, unhandledPromptBehavior: ignore, webSocketUrl: ws://localhost:6763/session..., webauthn:extension:credBlob: true, webauthn:extension:largeBlob: true, webauthn:extension:minPinLength: true, webauthn:extension:prf: true, webauthn:virtualAuthenticators: true}
Session ID: 81c375fdc73980b0150be4854699555f
	at jdk.internal.reflect.GeneratedConstructorAccessor34.newInstance(Unknown Source)
	at java.base/jdk.internal.reflect.DelegatingConstructorAccessorImpl.newInstance(DelegatingConstructorAccessorImpl.java:45)
	at org.openqa.selenium.remote.ErrorCodec.decode(ErrorCodec.java:167)
	at org.openqa.selenium.remote.codec.w3c.W3CHttpResponseCodec.decode(W3CHttpResponseCodec.java:138)
	at org.openqa.selenium.remote.codec.w3c.W3CHttpResponseCodec.decode(W3CHttpResponseCodec.java:50)
	at org.openqa.selenium.remote.HttpCommandExecutor.execute(HttpCommandExecutor.java:190)
	at org.openqa.selenium.remote.service.DriverCommandExecutor.invokeExecute(DriverCommandExecutor.java:216)
	at org.openqa.selenium.remote.service.DriverCommandExecutor.execute(DriverCommandExecutor.java:174)
	at org.openqa.selenium.remote.RemoteWebDriver.execute(RemoteWebDriver.java:518)
	at org.openqa.selenium.remote.ElementLocation$ElementFinder$2.findElements(ElementLocation.java:182)
	at org.openqa.selenium.remote.ElementLocation.findElements(ElementLocation.java:103)
	at org.openqa.selenium.remote.RemoteWebDriver.findElements(RemoteWebDriver.java:368)
	at org.openqa.selenium.remote.RemoteWebDriver.findElements(RemoteWebDriver.java:362)
	at jdk.internal.reflect.GeneratedMethodAccessor19.invoke(Unknown Source)
	at java.base/jdk.internal.reflect.DelegatingMethodAccessorImpl.invoke(DelegatingMethodAccessorImpl.java:43)
	at org.openqa.selenium.support.decorators.WebDriverDecorator.call(WebDriverDecorator.java:249)
	at org.openqa.selenium.support.decorators.DefaultDecorated.call(DefaultDecorated.java:48)
	at org.openqa.selenium.support.decorators.WebDriverDecorator.lambda$createProxy$2(WebDriverDecorator.java:321)
	at org.openqa.selenium.remote.RemoteWebDriver$ByteBuddy$QYIudDZq.findElements(Unknown Source)
	at com.kms.katalon.core.webui.common.WebUiCommonHelper.findElementByNormalMethods(WebUiCommonHelper.java:1036)
	at com.kms.katalon.core.webui.common.WebUiCommonHelper.findElementsBySelectedMethod(WebUiCommonHelper.java:927)
	at com.kms.katalon.core.webui.common.WebUiCommonHelper.findElementsBySelectedMethod(WebUiCommonHelper.java:909)
	at com.kms.katalon.core.webui.common.WebUiCommonHelper.findElementsBySelectedMethod(WebUiCommonHelper.java:904)
	at com.kms.katalon.core.webui.common.WebUiCommonHelper.findElementsByDefault(WebUiCommonHelper.java:900)
	at com.kms.katalon.core.webui.common.WebUiCommonHelper.findElementsWithSelfHealing(WebUiCommonHelper.java:746)
	at com.kms.katalon.core.webui.common.WebUiCommonHelper.findWebElements(WebUiCommonHelper.java:730)
	at com.kms.katalon.core.webui.common.WebUiCommonHelper.findWebElement(WebUiCommonHelper.java:1416)
	at com.kms.katalon.core.webui.keyword.internal.WebUIAbstractKeyword.findWebElement(WebUIAbstractKeyword.groovy:27)
	at com.kms.katalon.core.webui.keyword.builtin.ClickKeyword$_click_closure1.doCall(ClickKeyword.groovy:66)
	at com.kms.katalon.core.webui.keyword.builtin.ClickKeyword$_click_closure1.call(ClickKeyword.groovy)
	at com.kms.katalon.core.webui.keyword.internal.WebUIKeywordMain.runKeyword(WebUIKeywordMain.groovy:35)
	at com.kms.katalon.core.webui.keyword.builtin.ClickKeyword.click(ClickKeyword.groovy:75)
	at com.kms.katalon.core.webui.keyword.builtin.ClickKeyword.execute(ClickKeyword.groovy:40)
	at com.kms.katalon.core.keyword.internal.KeywordExecutor.executeKeywordForPlatform(KeywordExecutor.groovy:74)
	at com.kms.katalon.core.webui.keyword.WebUiBuiltInKeywords.click(WebUiBuiltInKeywords.groovy:696)
	at Script1734948563457.run(Script1734948563457.groovy:23)
	... 15 more
)

27-12-2024T07:13:01 - [MESSAGE][WARNING] - [SELF-HEALING] Failed to find element with id 'Object Repository/Employee-Onboarding/Employee_Jobs/Page_OrangeHRM/a_PIM'. Try using Self-healing.

27-12-2024T07:13:01 - [MESSAGE][WARNING] - [SELF-HEALING] disconnected: not connected to DevTools
  (failed to check if window was closed: disconnected: not connected to DevTools)
  (Session info: chrome=131.0.6778.205)
Build info: version: '4.22.0', revision: 'c5f3146703'
System info: os.name: 'Mac OS X', os.arch: 'aarch64', os.version: '15.2', java.version: '17.0.7'
Driver info: com.kms.katalon.selenium.driver.CChromeDriver
Command: [81c375fdc73980b0150be4854699555f, findElements {using=xpath, value=//div[@id='app']/div/div/aside/nav/div[2]/ul/li[2]/a}]
Capabilities {acceptInsecureCerts: false, browserName: chrome, browserVersion: 131.0.6778.205, chrome: {chromedriverVersion: 131.0.6778.85 (3d81e41b6f3a..., userDataDir: /var/folders/1j/l6215wsx1tb...}, fedcm:accounts: true, goog:chromeOptions: {debuggerAddress: localhost:49316}, networkConnectionEnabled: false, pageLoadStrategy: normal, platformName: mac, proxy: Proxy(), se:cdp: ws://localhost:49316/devtoo..., se:cdpVersion: 131.0.6778.205, setWindowRect: true, strictFileInteractability: false, timeouts: {implicit: 0, pageLoad: 300000, script: 30000}, unhandledPromptBehavior: ignore, webSocketUrl: ws://localhost:6763/session..., webauthn:extension:credBlob: true, webauthn:extension:largeBlob: true, webauthn:extension:minPinLength: true, webauthn:extension:prf: true, webauthn:virtualAuthenticators: true}
Session ID: 81c375fdc73980b0150be4854699555f

27-12-2024T07:13:02 - [MESSAGE][WARNING] - [SELF-HEALING] disconnected: not connected to DevTools
  (failed to check if window was closed: disconnected: not connected to DevTools)
  (Session info: chrome=131.0.6778.205)
Build info: version: '4.22.0', revision: 'c5f3146703'
System info: os.name: 'Mac OS X', os.arch: 'aarch64', os.version: '15.2', java.version: '17.0.7'
Driver info: com.kms.katalon.selenium.driver.CChromeDriver
Command: [81c375fdc73980b0150be4854699555f, findElements {using=xpath, value=//*[@href = '/web/index.php/pim/viewPimModule' and (text() = 'PIM' or . = 'PIM')]}]
Capabilities {acceptInsecureCerts: false, browserName: chrome, browserVersion: 131.0.6778.205, chrome: {chromedriverVersion: 131.0.6778.85 (3d81e41b6f3a..., userDataDir: /var/folders/1j/l6215wsx1tb...}, fedcm:accounts: true, goog:chromeOptions: {debuggerAddress: localhost:49316}, networkConnectionEnabled: false, pageLoadStrategy: normal, platformName: mac, proxy: Proxy(), se:cdp: ws://localhost:49316/devtoo..., se:cdpVersion: 131.0.6778.205, setWindowRect: true, strictFileInteractability: false, timeouts: {implicit: 0, pageLoad: 300000, script: 30000}, unhandledPromptBehavior: ignore, webSocketUrl: ws://localhost:6763/session..., webauthn:extension:credBlob: true, webauthn:extension:largeBlob: true, webauthn:extension:minPinLength: true, webauthn:extension:prf: true, webauthn:virtualAuthenticators: true}
Session ID: 81c375fdc73980b0150be4854699555f

27-12-2024T07:13:02 - [MESSAGE][WARNING] - [SELF-HEALING] disconnected: not connected to DevTools
  (failed to check if window was closed: disconnected: not connected to DevTools)
  (Session info: chrome=131.0.6778.205)
Build info: version: '4.22.0', revision: 'c5f3146703'
System info: os.name: 'Mac OS X', os.arch: 'aarch64', os.version: '15.2', java.version: '17.0.7'
Driver info: com.kms.katalon.selenium.driver.CChromeDriver
Command: [81c375fdc73980b0150be4854699555f, findElements {using=css selector, value=}]
Capabilities {acceptInsecureCerts: false, browserName: chrome, browserVersion: 131.0.6778.205, chrome: {chromedriverVersion: 131.0.6778.85 (3d81e41b6f3a..., userDataDir: /var/folders/1j/l6215wsx1tb...}, fedcm:accounts: true, goog:chromeOptions: {debuggerAddress: localhost:49316}, networkConnectionEnabled: false, pageLoadStrategy: normal, platformName: mac, proxy: Proxy(), se:cdp: ws://localhost:49316/devtoo..., se:cdpVersion: 131.0.6778.205, setWindowRect: true, strictFileInteractability: false, timeouts: {implicit: 0, pageLoad: 300000, script: 30000}, unhandledPromptBehavior: ignore, webSocketUrl: ws://localhost:6763/session..., webauthn:extension:credBlob: true, webauthn:extension:largeBlob: true, webauthn:extension:minPinLength: true, webauthn:extension:prf: true, webauthn:virtualAuthenticators: true}
Session ID: 81c375fdc73980b0150be4854699555f

27-12-2024T07:13:02 - [MESSAGE][WARNING] - Cannot take screenshot

27-12-2024T07:13:02 - [MESSAGE][FAILED] - Unable to click on object 'Object Repository/Employee-Onboarding/Employee_Jobs/Page_OrangeHRM/a_PIM' (Root cause: com.kms.katalon.core.exception.StepFailedException: Unable to click on object 'Object Repository/Employee-Onboarding/Employee_Jobs/Page_OrangeHRM/a_PIM'
	at com.kms.katalon.core.webui.keyword.internal.WebUIKeywordMain.stepFailed(WebUIKeywordMain.groovy:117)
	at com.kms.katalon.core.webui.keyword.internal.WebUIKeywordMain.runKeyword(WebUIKeywordMain.groovy:43)
	at com.kms.katalon.core.webui.keyword.builtin.ClickKeyword.click(ClickKeyword.groovy:75)
	at com.kms.katalon.core.webui.keyword.builtin.ClickKeyword.execute(ClickKeyword.groovy:40)
	at com.kms.katalon.core.keyword.internal.KeywordExecutor.executeKeywordForPlatform(KeywordExecutor.groovy:74)
	at com.kms.katalon.core.webui.keyword.WebUiBuiltInKeywords.click(WebUiBuiltInKeywords.groovy:696)
	at TC_Employee_Job_Details.run(TC_Employee_Job_Details:23)
	at com.kms.katalon.core.main.ScriptEngine.run(ScriptEngine.java:194)
	at com.kms.katalon.core.main.ScriptEngine.runScriptAsRawText(ScriptEngine.java:119)
	at com.kms.katalon.core.main.TestCaseExecutor.runScript(TestCaseExecutor.java:448)
	at com.kms.katalon.core.main.TestCaseExecutor.doExecute(TestCaseExecutor.java:439)
	at com.kms.katalon.core.main.TestCaseExecutor.processExecutionPhase(TestCaseExecutor.java:418)
	at com.kms.katalon.core.main.TestCaseExecutor.accessMainPhase(TestCaseExecutor.java:410)
	at com.kms.katalon.core.main.TestCaseExecutor.execute(TestCaseExecutor.java:285)
	at com.kms.katalon.core.common.CommonExecutor.accessTestCaseMainPhase(CommonExecutor.java:65)
	at com.kms.katalon.core.main.TestSuiteExecutor.accessTestSuiteMainPhase(TestSuiteExecutor.java:161)
	at com.kms.katalon.core.main.TestSuiteExecutor.execute(TestSuiteExecutor.java:107)
	at com.kms.katalon.core.main.TestCaseMain.startTestSuite(TestCaseMain.java:176)
	at TempTestSuite1735263398717.run(TempTestSuite1735263398717.groovy:35)
	at java.base/jdk.internal.reflect.NativeMethodAccessorImpl.invoke0(Native Method)
	at java.base/jdk.internal.reflect.NativeMethodAccessorImpl.invoke(NativeMethodAccessorImpl.java:77)
	at java.base/jdk.internal.reflect.DelegatingMethodAccessorImpl.invoke(DelegatingMethodAccessorImpl.java:43)
Caused by: org.openqa.selenium.WebDriverException: disconnected: not connected to DevTools
  (failed to check if window was closed: disconnected: not connected to DevTools)
  (Session info: chrome=131.0.6778.205)
Build info: version: '4.22.0', revision: 'c5f3146703'
System info: os.name: 'Mac OS X', os.arch: 'aarch64', os.version: '15.2', java.version: '17.0.7'
Driver info: com.kms.katalon.selenium.driver.CChromeDriver
Command: [81c375fdc73980b0150be4854699555f, findElements {using=xpath, value=//div[@id='app']/div/div/aside/nav/div[2]/ul/li[2]/a}]
Capabilities {acceptInsecureCerts: false, browserName: chrome, browserVersion: 131.0.6778.205, chrome: {chromedriverVersion: 131.0.6778.85 (3d81e41b6f3a..., userDataDir: /var/folders/1j/l6215wsx1tb...}, fedcm:accounts: true, goog:chromeOptions: {debuggerAddress: localhost:49316}, networkConnectionEnabled: false, pageLoadStrategy: normal, platformName: mac, proxy: Proxy(), se:cdp: ws://localhost:49316/devtoo..., se:cdpVersion: 131.0.6778.205, setWindowRect: true, strictFileInteractability: false, timeouts: {implicit: 0, pageLoad: 300000, script: 30000}, unhandledPromptBehavior: ignore, webSocketUrl: ws://localhost:6763/session..., webauthn:extension:credBlob: true, webauthn:extension:largeBlob: true, webauthn:extension:minPinLength: true, webauthn:extension:prf: true, webauthn:virtualAuthenticators: true}
Session ID: 81c375fdc73980b0150be4854699555f
	at jdk.internal.reflect.GeneratedConstructorAccessor34.newInstance(Unknown Source)
	at java.base/jdk.internal.reflect.DelegatingConstructorAccessorImpl.newInstance(DelegatingConstructorAccessorImpl.java:45)
	at org.openqa.selenium.remote.ErrorCodec.decode(ErrorCodec.java:167)
	at org.openqa.selenium.remote.codec.w3c.W3CHttpResponseCodec.decode(W3CHttpResponseCodec.java:138)
	at org.openqa.selenium.remote.codec.w3c.W3CHttpResponseCodec.decode(W3CHttpResponseCodec.java:50)
	at org.openqa.selenium.remote.HttpCommandExecutor.execute(HttpCommandExecutor.java:190)
	at org.openqa.selenium.remote.service.DriverCommandExecutor.invokeExecute(DriverCommandExecutor.java:216)
	at org.openqa.selenium.remote.service.DriverCommandExecutor.execute(DriverCommandExecutor.java:174)
	at org.openqa.selenium.remote.RemoteWebDriver.execute(RemoteWebDriver.java:518)
	at org.openqa.selenium.remote.ElementLocation$ElementFinder$2.findElements(ElementLocation.java:182)
	at org.openqa.selenium.remote.ElementLocation.findElements(ElementLocation.java:103)
	at org.openqa.selenium.remote.RemoteWebDriver.findElements(RemoteWebDriver.java:368)
	at org.openqa.selenium.remote.RemoteWebDriver.findElements(RemoteWebDriver.java:362)
	at jdk.internal.reflect.GeneratedMethodAccessor19.invoke(Unknown Source)
	at java.base/jdk.internal.reflect.DelegatingMethodAccessorImpl.invoke(DelegatingMethodAccessorImpl.java:43)
	at org.openqa.selenium.support.decorators.WebDriverDecorator.call(WebDriverDecorator.java:249)
	at org.openqa.selenium.support.decorators.DefaultDecorated.call(DefaultDecorated.java:48)
	at org.openqa.selenium.support.decorators.WebDriverDecorator.lambda$createProxy$2(WebDriverDecorator.java:321)
	at org.openqa.selenium.remote.RemoteWebDriver$ByteBuddy$QYIudDZq.findElements(Unknown Source)
	at com.kms.katalon.core.webui.common.WebUiCommonHelper.findElementByNormalMethods(WebUiCommonHelper.java:1036)
	at com.kms.katalon.core.webui.common.WebUiCommonHelper.findElementsBySelectedMethod(WebUiCommonHelper.java:927)
	at com.kms.katalon.core.webui.common.WebUiCommonHelper.findElementsBySelectedMethod(WebUiCommonHelper.java:909)
	at com.kms.katalon.core.webui.common.WebUiCommonHelper.findElementsBySelectedMethod(WebUiCommonHelper.java:904)
	at com.kms.katalon.core.webui.common.WebUiCommonHelper.findElementsByDefault(WebUiCommonHelper.java:900)
	at com.kms.katalon.core.webui.common.WebUiCommonHelper.findElementsWithSelfHealing(WebUiCommonHelper.java:746)
	at com.kms.katalon.core.webui.common.WebUiCommonHelper.findWebElements(WebUiCommonHelper.java:730)
	at com.kms.katalon.core.webui.common.WebUiCommonHelper.findWebElement(WebUiCommonHelper.java:1416)
	at com.kms.katalon.core.webui.keyword.internal.WebUIAbstractKeyword.findWebElement(WebUIAbstractKeyword.groovy:27)
	at com.kms.katalon.core.webui.keyword.builtin.ClickKeyword$_click_closure1.doCall(ClickKeyword.groovy:66)
	at com.kms.katalon.core.webui.keyword.builtin.ClickKeyword$_click_closure1.call(ClickKeyword.groovy)
	at com.kms.katalon.core.webui.keyword.internal.WebUIKeywordMain.runKeyword(WebUIKeywordMain.groovy:35)
	at com.kms.katalon.core.webui.keyword.builtin.ClickKeyword.click(ClickKeyword.groovy:75)
	at com.kms.katalon.core.webui.keyword.builtin.ClickKeyword.execute(ClickKeyword.groovy:40)
	at com.kms.katalon.core.keyword.internal.KeywordExecutor.executeKeywordForPlatform(KeywordExecutor.groovy:74)
	at com.kms.katalon.core.webui.keyword.WebUiBuiltInKeywords.click(WebUiBuiltInKeywords.groovy:696)
	at Script1734948563457.run(Script1734948563457.groovy:23)
	... 15 more
)]]></system-out>
         <system-err><![CDATA[27-12-2024T07:13:01 - [TEST_CASE][FAILED] - Test Cases/Employee_Onboarding/TC_Employee_Job_Details: Test Cases/Employee_Onboarding/TC_Employee_Job_Details FAILED.
Reason:
com.kms.katalon.core.exception.StepFailedException: Unable to click on object 'Object Repository/Employee-Onboarding/Employee_Jobs/Page_OrangeHRM/a_PIM'
	at com.kms.katalon.core.webui.keyword.internal.WebUIKeywordMain.stepFailed(WebUIKeywordMain.groovy:117)
	at com.kms.katalon.core.webui.keyword.internal.WebUIKeywordMain.runKeyword(WebUIKeywordMain.groovy:43)
	at com.kms.katalon.core.webui.keyword.builtin.ClickKeyword.click(ClickKeyword.groovy:75)
	at com.kms.katalon.core.webui.keyword.builtin.ClickKeyword.execute(ClickKeyword.groovy:40)
	at com.kms.katalon.core.keyword.internal.KeywordExecutor.executeKeywordForPlatform(KeywordExecutor.groovy:74)
	at com.kms.katalon.core.webui.keyword.WebUiBuiltInKeywords.click(WebUiBuiltInKeywords.groovy:696)
	at TC_Employee_Job_Details.run(TC_Employee_Job_Details:23)
	at com.kms.katalon.core.main.ScriptEngine.run(ScriptEngine.java:194)
	at com.kms.katalon.core.main.ScriptEngine.runScriptAsRawText(ScriptEngine.java:119)
	at com.kms.katalon.core.main.TestCaseExecutor.runScript(TestCaseExecutor.java:448)
	at com.kms.katalon.core.main.TestCaseExecutor.doExecute(TestCaseExecutor.java:439)
	at com.kms.katalon.core.main.TestCaseExecutor.processExecutionPhase(TestCaseExecutor.java:418)
	at com.kms.katalon.core.main.TestCaseExecutor.accessMainPhase(TestCaseExecutor.java:410)
	at com.kms.katalon.core.main.TestCaseExecutor.execute(TestCaseExecutor.java:285)
	at com.kms.katalon.core.common.CommonExecutor.accessTestCaseMainPhase(CommonExecutor.java:65)
	at com.kms.katalon.core.main.TestSuiteExecutor.accessTestSuiteMainPhase(TestSuiteExecutor.java:161)
	at com.kms.katalon.core.main.TestSuiteExecutor.execute(TestSuiteExecutor.java:107)
	at com.kms.katalon.core.main.TestCaseMain.startTestSuite(TestCaseMain.java:176)
	at TempTestSuite1735263398717.run(TempTestSuite1735263398717.groovy:35)
	at java.base/jdk.internal.reflect.NativeMethodAccessorImpl.invoke0(Native Method)
	at java.base/jdk.internal.reflect.NativeMethodAccessorImpl.invoke(NativeMethodAccessorImpl.java:77)
	at java.base/jdk.internal.reflect.DelegatingMethodAccessorImpl.invoke(DelegatingMethodAccessorImpl.java:43)
Caused by: org.openqa.selenium.WebDriverException: disconnected: not connected to DevTools
  (failed to check if window was closed: disconnected: not connected to DevTools)
  (Session info: chrome=131.0.6778.205)
Build info: version: '4.22.0', revision: 'c5f3146703'
System info: os.name: 'Mac OS X', os.arch: 'aarch64', os.version: '15.2', java.version: '17.0.7'
Driver info: com.kms.katalon.selenium.driver.CChromeDriver
Command: [81c375fdc73980b0150be4854699555f, findElements {using=xpath, value=//div[@id='app']/div/div/aside/nav/div[2]/ul/li[2]/a}]
Capabilities {acceptInsecureCerts: false, browserName: chrome, browserVersion: 131.0.6778.205, chrome: {chromedriverVersion: 131.0.6778.85 (3d81e41b6f3a..., userDataDir: /var/folders/1j/l6215wsx1tb...}, fedcm:accounts: true, goog:chromeOptions: {debuggerAddress: localhost:49316}, networkConnectionEnabled: false, pageLoadStrategy: normal, platformName: mac, proxy: Proxy(), se:cdp: ws://localhost:49316/devtoo..., se:cdpVersion: 131.0.6778.205, setWindowRect: true, strictFileInteractability: false, timeouts: {implicit: 0, pageLoad: 300000, script: 30000}, unhandledPromptBehavior: ignore, webSocketUrl: ws://localhost:6763/session..., webauthn:extension:credBlob: true, webauthn:extension:largeBlob: true, webauthn:extension:minPinLength: true, webauthn:extension:prf: true, webauthn:virtualAuthenticators: true}
Session ID: 81c375fdc73980b0150be4854699555f
	at jdk.internal.reflect.GeneratedConstructorAccessor34.newInstance(Unknown Source)
	at java.base/jdk.internal.reflect.DelegatingConstructorAccessorImpl.newInstance(DelegatingConstructorAccessorImpl.java:45)
	at org.openqa.selenium.remote.ErrorCodec.decode(ErrorCodec.java:167)
	at org.openqa.selenium.remote.codec.w3c.W3CHttpResponseCodec.decode(W3CHttpResponseCodec.java:138)
	at org.openqa.selenium.remote.codec.w3c.W3CHttpResponseCodec.decode(W3CHttpResponseCodec.java:50)
	at org.openqa.selenium.remote.HttpCommandExecutor.execute(HttpCommandExecutor.java:190)
	at org.openqa.selenium.remote.service.DriverCommandExecutor.invokeExecute(DriverCommandExecutor.java:216)
	at org.openqa.selenium.remote.service.DriverCommandExecutor.execute(DriverCommandExecutor.java:174)
	at org.openqa.selenium.remote.RemoteWebDriver.execute(RemoteWebDriver.java:518)
	at org.openqa.selenium.remote.ElementLocation$ElementFinder$2.findElements(ElementLocation.java:182)
	at org.openqa.selenium.remote.ElementLocation.findElements(ElementLocation.java:103)
	at org.openqa.selenium.remote.RemoteWebDriver.findElements(RemoteWebDriver.java:368)
	at org.openqa.selenium.remote.RemoteWebDriver.findElements(RemoteWebDriver.java:362)
	at jdk.internal.reflect.GeneratedMethodAccessor19.invoke(Unknown Source)
	at java.base/jdk.internal.reflect.DelegatingMethodAccessorImpl.invoke(DelegatingMethodAccessorImpl.java:43)
	at org.openqa.selenium.support.decorators.WebDriverDecorator.call(WebDriverDecorator.java:249)
	at org.openqa.selenium.support.decorators.DefaultDecorated.call(DefaultDecorated.java:48)
	at org.openqa.selenium.support.decorators.WebDriverDecorator.lambda$createProxy$2(WebDriverDecorator.java:321)
	at org.openqa.selenium.remote.RemoteWebDriver$ByteBuddy$QYIudDZq.findElements(Unknown Source)
	at com.kms.katalon.core.webui.common.WebUiCommonHelper.findElementByNormalMethods(WebUiCommonHelper.java:1036)
	at com.kms.katalon.core.webui.common.WebUiCommonHelper.findElementsBySelectedMethod(WebUiCommonHelper.java:927)
	at com.kms.katalon.core.webui.common.WebUiCommonHelper.findElementsBySelectedMethod(WebUiCommonHelper.java:909)
	at com.kms.katalon.core.webui.common.WebUiCommonHelper.findElementsBySelectedMethod(WebUiCommonHelper.java:904)
	at com.kms.katalon.core.webui.common.WebUiCommonHelper.findElementsByDefault(WebUiCommonHelper.java:900)
	at com.kms.katalon.core.webui.common.WebUiCommonHelper.findElementsWithSelfHealing(WebUiCommonHelper.java:746)
	at com.kms.katalon.core.webui.common.WebUiCommonHelper.findWebElements(WebUiCommonHelper.java:730)
	at com.kms.katalon.core.webui.common.WebUiCommonHelper.findWebElement(WebUiCommonHelper.java:1416)
	at com.kms.katalon.core.webui.keyword.internal.WebUIAbstractKeyword.findWebElement(WebUIAbstractKeyword.groovy:27)
	at com.kms.katalon.core.webui.keyword.builtin.ClickKeyword$_click_closure1.doCall(ClickKeyword.groovy:66)
	at com.kms.katalon.core.webui.keyword.builtin.ClickKeyword$_click_closure1.call(ClickKeyword.groovy)
	at com.kms.katalon.core.webui.keyword.internal.WebUIKeywordMain.runKeyword(WebUIKeywordMain.groovy:35)
	... 20 more]]></system-err>
      </testcase>
      <testcase name="Test Cases/Employee_Onboarding/TC_Employee_Job_Details" time="1.014" classname="Test Cases/Employee_Onboarding/TC_Employee_Job_Details" status="FAILED">
         <failure type="FAILED" message="Test Cases/Employee_Onboarding/TC_Employee_Job_Details FAILED.&#xa;Reason:&#xa;com.kms.katalon.core.exception.StepFailedException: Unable to click on object 'Object Repository/Employee-Onboarding/Employee_Jobs/Page_OrangeHRM/a_PIM'&#xa;	at com.kms.katalon.core.webui.keyword.internal.WebUIKeywordMain.stepFailed(WebUIKeywordMain.groovy:117)&#xa;	at com.kms.katalon.core.webui.keyword.internal.WebUIKeywordMain.runKeyword(WebUIKeywordMain.groovy:43)&#xa;	at com.kms.katalon.core.webui.keyword.builtin.ClickKeyword.click(ClickKeyword.groovy:75)&#xa;	at com.kms.katalon.core.webui.keyword.builtin.ClickKeyword.execute(ClickKeyword.groovy:40)&#xa;	at com.kms.katalon.core.keyword.internal.KeywordExecutor.executeKeywordForPlatform(KeywordExecutor.groovy:74)&#xa;	at com.kms.katalon.core.webui.keyword.WebUiBuiltInKeywords.click(WebUiBuiltInKeywords.groovy:696)&#xa;	at TC_Employee_Job_Details.run(TC_Employee_Job_Details:23)&#xa;	at com.kms.katalon.core.main.ScriptEngine.run(ScriptEngine.java:194)&#xa;	at com.kms.katalon.core.main.ScriptEngine.runScriptAsRawText(ScriptEngine.java:119)&#xa;	at com.kms.katalon.core.main.TestCaseExecutor.runScript(TestCaseExecutor.java:448)&#xa;	at com.kms.katalon.core.main.TestCaseExecutor.doExecute(TestCaseExecutor.java:439)&#xa;	at com.kms.katalon.core.main.TestCaseExecutor.processExecutionPhase(TestCaseExecutor.java:418)&#xa;	at com.kms.katalon.core.main.TestCaseExecutor.accessMainPhase(TestCaseExecutor.java:410)&#xa;	at com.kms.katalon.core.main.TestCaseExecutor.execute(TestCaseExecutor.java:285)&#xa;	at com.kms.katalon.core.common.CommonExecutor.accessTestCaseMainPhase(CommonExecutor.java:65)&#xa;	at com.kms.katalon.core.main.TestSuiteExecutor.accessTestSuiteMainPhase(TestSuiteExecutor.java:161)&#xa;	at com.kms.katalon.core.main.TestSuiteExecutor.execute(TestSuiteExecutor.java:107)&#xa;	at com.kms.katalon.core.main.TestCaseMain.startTestSuite(TestCaseMain.java:176)&#xa;	at TempTestSuite1735263398717.run(TempTestSuite1735263398717.groovy:35)&#xa;	at java.base/jdk.internal.reflect.NativeMethodAccessorImpl.invoke0(Native Method)&#xa;	at java.base/jdk.internal.reflect.NativeMethodAccessorImpl.invoke(NativeMethodAccessorImpl.java:77)&#xa;	at java.base/jdk.internal.reflect.DelegatingMethodAccessorImpl.invoke(DelegatingMethodAccessorImpl.java:43)&#xa;Caused by: org.openqa.selenium.WebDriverException: disconnected: not connected to DevTools&#xa;  (failed to check if window was closed: disconnected: not connected to DevTools)&#xa;  (Session info: chrome=131.0.6778.205)&#xa;Build info: version: '4.22.0', revision: 'c5f3146703'&#xa;System info: os.name: 'Mac OS X', os.arch: 'aarch64', os.version: '15.2', java.version: '17.0.7'&#xa;Driver info: com.kms.katalon.selenium.driver.CChromeDriver&#xa;Command: [81c375fdc73980b0150be4854699555f, findElements {using=xpath, value=//div[@id='app']/div/div/aside/nav/div[2]/ul/li[2]/a}]&#xa;Capabilities {acceptInsecureCerts: false, browserName: chrome, browserVersion: 131.0.6778.205, chrome: {chromedriverVersion: 131.0.6778.85 (3d81e41b6f3a..., userDataDir: /var/folders/1j/l6215wsx1tb...}, fedcm:accounts: true, goog:chromeOptions: {debuggerAddress: localhost:49316}, networkConnectionEnabled: false, pageLoadStrategy: normal, platformName: mac, proxy: Proxy(), se:cdp: ws://localhost:49316/devtoo..., se:cdpVersion: 131.0.6778.205, setWindowRect: true, strictFileInteractability: false, timeouts: {implicit: 0, pageLoad: 300000, script: 30000}, unhandledPromptBehavior: ignore, webSocketUrl: ws://localhost:6763/session..., webauthn:extension:credBlob: true, webauthn:extension:largeBlob: true, webauthn:extension:minPinLength: true, webauthn:extension:prf: true, webauthn:virtualAuthenticators: true}&#xa;Session ID: 81c375fdc73980b0150be4854699555f&#xa;	at jdk.internal.reflect.GeneratedConstructorAccessor34.newInstance(Unknown Source)&#xa;	at java.base/jdk.internal.reflect.DelegatingConstructorAccessorImpl.newInstance(DelegatingConstructorAccessorImpl.java:45)&#xa;	at org.openqa.selenium.remote.ErrorCodec.decode(ErrorCodec.java:167)&#xa;	at org.openqa.selenium.remote.codec.w3c.W3CHttpResponseCodec.decode(W3CHttpResponseCodec.java:138)&#xa;	at org.openqa.selenium.remote.codec.w3c.W3CHttpResponseCodec.decode(W3CHttpResponseCodec.java:50)&#xa;	at org.openqa.selenium.remote.HttpCommandExecutor.execute(HttpCommandExecutor.java:190)&#xa;	at org.openqa.selenium.remote.service.DriverCommandExecutor.invokeExecute(DriverCommandExecutor.java:216)&#xa;	at org.openqa.selenium.remote.service.DriverCommandExecutor.execute(DriverCommandExecutor.java:174)&#xa;	at org.openqa.selenium.remote.RemoteWebDriver.execute(RemoteWebDriver.java:518)&#xa;	at org.openqa.selenium.remote.ElementLocation$ElementFinder$2.findElements(ElementLocation.java:182)&#xa;	at org.openqa.selenium.remote.ElementLocation.findElements(ElementLocation.java:103)&#xa;	at org.openqa.selenium.remote.RemoteWebDriver.findElements(RemoteWebDriver.java:368)&#xa;	at org.openqa.selenium.remote.RemoteWebDriver.findElements(RemoteWebDriver.java:362)&#xa;	at jdk.internal.reflect.GeneratedMethodAccessor19.invoke(Unknown Source)&#xa;	at java.base/jdk.internal.reflect.DelegatingMethodAccessorImpl.invoke(DelegatingMethodAccessorImpl.java:43)&#xa;	at org.openqa.selenium.support.decorators.WebDriverDecorator.call(WebDriverDecorator.java:249)&#xa;	at org.openqa.selenium.support.decorators.DefaultDecorated.call(DefaultDecorated.java:48)&#xa;	at org.openqa.selenium.support.decorators.WebDriverDecorator.lambda$createProxy$2(WebDriverDecorator.java:321)&#xa;	at org.openqa.selenium.remote.RemoteWebDriver$ByteBuddy$QYIudDZq.findElements(Unknown Source)&#xa;	at com.kms.katalon.core.webui.common.WebUiCommonHelper.findElementByNormalMethods(WebUiCommonHelper.java:1036)&#xa;	at com.kms.katalon.core.webui.common.WebUiCommonHelper.findElementsBySelectedMethod(WebUiCommonHelper.java:927)&#xa;	at com.kms.katalon.core.webui.common.WebUiCommonHelper.findElementsBySelectedMethod(WebUiCommonHelper.java:909)&#xa;	at com.kms.katalon.core.webui.common.WebUiCommonHelper.findElementsBySelectedMethod(WebUiCommonHelper.java:904)&#xa;	at com.kms.katalon.core.webui.common.WebUiCommonHelper.findElementsByDefault(WebUiCommonHelper.java:900)&#xa;	at com.kms.katalon.core.webui.common.WebUiCommonHelper.findElementsWithSelfHealing(WebUiCommonHelper.java:746)&#xa;	at com.kms.katalon.core.webui.common.WebUiCommonHelper.findWebElements(WebUiCommonHelper.java:730)&#xa;	at com.kms.katalon.core.webui.common.WebUiCommonHelper.findWebElement(WebUiCommonHelper.java:1416)&#xa;	at com.kms.katalon.core.webui.keyword.internal.WebUIAbstractKeyword.findWebElement(WebUIAbstractKeyword.groovy:27)&#xa;	at com.kms.katalon.core.webui.keyword.builtin.ClickKeyword$_click_closure1.doCall(ClickKeyword.groovy:66)&#xa;	at com.kms.katalon.core.webui.keyword.builtin.ClickKeyword$_click_closure1.call(ClickKeyword.groovy)&#xa;	at com.kms.katalon.core.webui.keyword.internal.WebUIKeywordMain.runKeyword(WebUIKeywordMain.groovy:35)&#xa;	... 20 more&#xa;"/>
         <system-out><![CDATA[27-12-2024T07:13:02 - [TEST_CASE][FAILED] - Test Cases/Employee_Onboarding/TC_Employee_Job_Details: Test Cases/Employee_Onboarding/TC_Employee_Job_Details FAILED.
Reason:
com.kms.katalon.core.exception.StepFailedException: Unable to click on object 'Object Repository/Employee-Onboarding/Employee_Jobs/Page_OrangeHRM/a_PIM'
	at com.kms.katalon.core.webui.keyword.internal.WebUIKeywordMain.stepFailed(WebUIKeywordMain.groovy:117)
	at com.kms.katalon.core.webui.keyword.internal.WebUIKeywordMain.runKeyword(WebUIKeywordMain.groovy:43)
	at com.kms.katalon.core.webui.keyword.builtin.ClickKeyword.click(ClickKeyword.groovy:75)
	at com.kms.katalon.core.webui.keyword.builtin.ClickKeyword.execute(ClickKeyword.groovy:40)
	at com.kms.katalon.core.keyword.internal.KeywordExecutor.executeKeywordForPlatform(KeywordExecutor.groovy:74)
	at com.kms.katalon.core.webui.keyword.WebUiBuiltInKeywords.click(WebUiBuiltInKeywords.groovy:696)
	at TC_Employee_Job_Details.run(TC_Employee_Job_Details:23)
	at com.kms.katalon.core.main.ScriptEngine.run(ScriptEngine.java:194)
	at com.kms.katalon.core.main.ScriptEngine.runScriptAsRawText(ScriptEngine.java:119)
	at com.kms.katalon.core.main.TestCaseExecutor.runScript(TestCaseExecutor.java:448)
	at com.kms.katalon.core.main.TestCaseExecutor.doExecute(TestCaseExecutor.java:439)
	at com.kms.katalon.core.main.TestCaseExecutor.processExecutionPhase(TestCaseExecutor.java:418)
	at com.kms.katalon.core.main.TestCaseExecutor.accessMainPhase(TestCaseExecutor.java:410)
	at com.kms.katalon.core.main.TestCaseExecutor.execute(TestCaseExecutor.java:285)
	at com.kms.katalon.core.common.CommonExecutor.accessTestCaseMainPhase(CommonExecutor.java:65)
	at com.kms.katalon.core.main.TestSuiteExecutor.accessTestSuiteMainPhase(TestSuiteExecutor.java:161)
	at com.kms.katalon.core.main.TestSuiteExecutor.execute(TestSuiteExecutor.java:107)
	at com.kms.katalon.core.main.TestCaseMain.startTestSuite(TestCaseMain.java:176)
	at TempTestSuite1735263398717.run(TempTestSuite1735263398717.groovy:35)
	at java.base/jdk.internal.reflect.NativeMethodAccessorImpl.invoke0(Native Method)
	at java.base/jdk.internal.reflect.NativeMethodAccessorImpl.invoke(NativeMethodAccessorImpl.java:77)
	at java.base/jdk.internal.reflect.DelegatingMethodAccessorImpl.invoke(DelegatingMethodAccessorImpl.java:43)
Caused by: org.openqa.selenium.WebDriverException: disconnected: not connected to DevTools
  (failed to check if window was closed: disconnected: not connected to DevTools)
  (Session info: chrome=131.0.6778.205)
Build info: version: '4.22.0', revision: 'c5f3146703'
System info: os.name: 'Mac OS X', os.arch: 'aarch64', os.version: '15.2', java.version: '17.0.7'
Driver info: com.kms.katalon.selenium.driver.CChromeDriver
Command: [81c375fdc73980b0150be4854699555f, findElements {using=xpath, value=//div[@id='app']/div/div/aside/nav/div[2]/ul/li[2]/a}]
Capabilities {acceptInsecureCerts: false, browserName: chrome, browserVersion: 131.0.6778.205, chrome: {chromedriverVersion: 131.0.6778.85 (3d81e41b6f3a..., userDataDir: /var/folders/1j/l6215wsx1tb...}, fedcm:accounts: true, goog:chromeOptions: {debuggerAddress: localhost:49316}, networkConnectionEnabled: false, pageLoadStrategy: normal, platformName: mac, proxy: Proxy(), se:cdp: ws://localhost:49316/devtoo..., se:cdpVersion: 131.0.6778.205, setWindowRect: true, strictFileInteractability: false, timeouts: {implicit: 0, pageLoad: 300000, script: 30000}, unhandledPromptBehavior: ignore, webSocketUrl: ws://localhost:6763/session..., webauthn:extension:credBlob: true, webauthn:extension:largeBlob: true, webauthn:extension:minPinLength: true, webauthn:extension:prf: true, webauthn:virtualAuthenticators: true}
Session ID: 81c375fdc73980b0150be4854699555f
	at jdk.internal.reflect.GeneratedConstructorAccessor34.newInstance(Unknown Source)
	at java.base/jdk.internal.reflect.DelegatingConstructorAccessorImpl.newInstance(DelegatingConstructorAccessorImpl.java:45)
	at org.openqa.selenium.remote.ErrorCodec.decode(ErrorCodec.java:167)
	at org.openqa.selenium.remote.codec.w3c.W3CHttpResponseCodec.decode(W3CHttpResponseCodec.java:138)
	at org.openqa.selenium.remote.codec.w3c.W3CHttpResponseCodec.decode(W3CHttpResponseCodec.java:50)
	at org.openqa.selenium.remote.HttpCommandExecutor.execute(HttpCommandExecutor.java:190)
	at org.openqa.selenium.remote.service.DriverCommandExecutor.invokeExecute(DriverCommandExecutor.java:216)
	at org.openqa.selenium.remote.service.DriverCommandExecutor.execute(DriverCommandExecutor.java:174)
	at org.openqa.selenium.remote.RemoteWebDriver.execute(RemoteWebDriver.java:518)
	at org.openqa.selenium.remote.ElementLocation$ElementFinder$2.findElements(ElementLocation.java:182)
	at org.openqa.selenium.remote.ElementLocation.findElements(ElementLocation.java:103)
	at org.openqa.selenium.remote.RemoteWebDriver.findElements(RemoteWebDriver.java:368)
	at org.openqa.selenium.remote.RemoteWebDriver.findElements(RemoteWebDriver.java:362)
	at jdk.internal.reflect.GeneratedMethodAccessor19.invoke(Unknown Source)
	at java.base/jdk.internal.reflect.DelegatingMethodAccessorImpl.invoke(DelegatingMethodAccessorImpl.java:43)
	at org.openqa.selenium.support.decorators.WebDriverDecorator.call(WebDriverDecorator.java:249)
	at org.openqa.selenium.support.decorators.DefaultDecorated.call(DefaultDecorated.java:48)
	at org.openqa.selenium.support.decorators.WebDriverDecorator.lambda$createProxy$2(WebDriverDecorator.java:321)
	at org.openqa.selenium.remote.RemoteWebDriver$ByteBuddy$QYIudDZq.findElements(Unknown Source)
	at com.kms.katalon.core.webui.common.WebUiCommonHelper.findElementByNormalMethods(WebUiCommonHelper.java:1036)
	at com.kms.katalon.core.webui.common.WebUiCommonHelper.findElementsBySelectedMethod(WebUiCommonHelper.java:927)
	at com.kms.katalon.core.webui.common.WebUiCommonHelper.findElementsBySelectedMethod(WebUiCommonHelper.java:909)
	at com.kms.katalon.core.webui.common.WebUiCommonHelper.findElementsBySelectedMethod(WebUiCommonHelper.java:904)
	at com.kms.katalon.core.webui.common.WebUiCommonHelper.findElementsByDefault(WebUiCommonHelper.java:900)
	at com.kms.katalon.core.webui.common.WebUiCommonHelper.findElementsWithSelfHealing(WebUiCommonHelper.java:746)
	at com.kms.katalon.core.webui.common.WebUiCommonHelper.findWebElements(WebUiCommonHelper.java:730)
	at com.kms.katalon.core.webui.common.WebUiCommonHelper.findWebElement(WebUiCommonHelper.java:1416)
	at com.kms.katalon.core.webui.keyword.internal.WebUIAbstractKeyword.findWebElement(WebUIAbstractKeyword.groovy:27)
	at com.kms.katalon.core.webui.keyword.builtin.ClickKeyword$_click_closure1.doCall(ClickKeyword.groovy:66)
	at com.kms.katalon.core.webui.keyword.builtin.ClickKeyword$_click_closure1.call(ClickKeyword.groovy)
	at com.kms.katalon.core.webui.keyword.internal.WebUIKeywordMain.runKeyword(WebUIKeywordMain.groovy:35)
	... 20 more


27-12-2024T07:13:02 - [TEST_STEP][PASSED] - comment("Step 1: Click on the "PIM" tab to access the Employee Management section"): Step 1: Click on the "PIM" tab to access the Employee Management section

27-12-2024T07:13:02 - [MESSAGE][INFO] - Step 1: Click on the "PIM" tab to access the Employee Management section

27-12-2024T07:13:02 - [TEST_STEP][FAILED] - click(findTestObject("Object Repository/Employee-Onboarding/Employee_Jobs/Page_OrangeHRM/a_PIM")): Unable to click on object 'Object Repository/Employee-Onboarding/Employee_Jobs/Page_OrangeHRM/a_PIM' (Root cause: com.kms.katalon.core.exception.StepFailedException: Unable to click on object 'Object Repository/Employee-Onboarding/Employee_Jobs/Page_OrangeHRM/a_PIM'
	at com.kms.katalon.core.webui.keyword.internal.WebUIKeywordMain.stepFailed(WebUIKeywordMain.groovy:117)
	at com.kms.katalon.core.webui.keyword.internal.WebUIKeywordMain.runKeyword(WebUIKeywordMain.groovy:43)
	at com.kms.katalon.core.webui.keyword.builtin.ClickKeyword.click(ClickKeyword.groovy:75)
	at com.kms.katalon.core.webui.keyword.builtin.ClickKeyword.execute(ClickKeyword.groovy:40)
	at com.kms.katalon.core.keyword.internal.KeywordExecutor.executeKeywordForPlatform(KeywordExecutor.groovy:74)
	at com.kms.katalon.core.webui.keyword.WebUiBuiltInKeywords.click(WebUiBuiltInKeywords.groovy:696)
	at TC_Employee_Job_Details.run(TC_Employee_Job_Details:23)
	at com.kms.katalon.core.main.ScriptEngine.run(ScriptEngine.java:194)
	at com.kms.katalon.core.main.ScriptEngine.runScriptAsRawText(ScriptEngine.java:119)
	at com.kms.katalon.core.main.TestCaseExecutor.runScript(TestCaseExecutor.java:448)
	at com.kms.katalon.core.main.TestCaseExecutor.doExecute(TestCaseExecutor.java:439)
	at com.kms.katalon.core.main.TestCaseExecutor.processExecutionPhase(TestCaseExecutor.java:418)
	at com.kms.katalon.core.main.TestCaseExecutor.accessMainPhase(TestCaseExecutor.java:410)
	at com.kms.katalon.core.main.TestCaseExecutor.execute(TestCaseExecutor.java:285)
	at com.kms.katalon.core.common.CommonExecutor.accessTestCaseMainPhase(CommonExecutor.java:65)
	at com.kms.katalon.core.main.TestSuiteExecutor.accessTestSuiteMainPhase(TestSuiteExecutor.java:161)
	at com.kms.katalon.core.main.TestSuiteExecutor.execute(TestSuiteExecutor.java:107)
	at com.kms.katalon.core.main.TestCaseMain.startTestSuite(TestCaseMain.java:176)
	at TempTestSuite1735263398717.run(TempTestSuite1735263398717.groovy:35)
	at java.base/jdk.internal.reflect.NativeMethodAccessorImpl.invoke0(Native Method)
	at java.base/jdk.internal.reflect.NativeMethodAccessorImpl.invoke(NativeMethodAccessorImpl.java:77)
	at java.base/jdk.internal.reflect.DelegatingMethodAccessorImpl.invoke(DelegatingMethodAccessorImpl.java:43)
Caused by: org.openqa.selenium.WebDriverException: disconnected: not connected to DevTools
  (failed to check if window was closed: disconnected: not connected to DevTools)
  (Session info: chrome=131.0.6778.205)
Build info: version: '4.22.0', revision: 'c5f3146703'
System info: os.name: 'Mac OS X', os.arch: 'aarch64', os.version: '15.2', java.version: '17.0.7'
Driver info: com.kms.katalon.selenium.driver.CChromeDriver
Command: [81c375fdc73980b0150be4854699555f, findElements {using=xpath, value=//div[@id='app']/div/div/aside/nav/div[2]/ul/li[2]/a}]
Capabilities {acceptInsecureCerts: false, browserName: chrome, browserVersion: 131.0.6778.205, chrome: {chromedriverVersion: 131.0.6778.85 (3d81e41b6f3a..., userDataDir: /var/folders/1j/l6215wsx1tb...}, fedcm:accounts: true, goog:chromeOptions: {debuggerAddress: localhost:49316}, networkConnectionEnabled: false, pageLoadStrategy: normal, platformName: mac, proxy: Proxy(), se:cdp: ws://localhost:49316/devtoo..., se:cdpVersion: 131.0.6778.205, setWindowRect: true, strictFileInteractability: false, timeouts: {implicit: 0, pageLoad: 300000, script: 30000}, unhandledPromptBehavior: ignore, webSocketUrl: ws://localhost:6763/session..., webauthn:extension:credBlob: true, webauthn:extension:largeBlob: true, webauthn:extension:minPinLength: true, webauthn:extension:prf: true, webauthn:virtualAuthenticators: true}
Session ID: 81c375fdc73980b0150be4854699555f
	at jdk.internal.reflect.GeneratedConstructorAccessor34.newInstance(Unknown Source)
	at java.base/jdk.internal.reflect.DelegatingConstructorAccessorImpl.newInstance(DelegatingConstructorAccessorImpl.java:45)
	at org.openqa.selenium.remote.ErrorCodec.decode(ErrorCodec.java:167)
	at org.openqa.selenium.remote.codec.w3c.W3CHttpResponseCodec.decode(W3CHttpResponseCodec.java:138)
	at org.openqa.selenium.remote.codec.w3c.W3CHttpResponseCodec.decode(W3CHttpResponseCodec.java:50)
	at org.openqa.selenium.remote.HttpCommandExecutor.execute(HttpCommandExecutor.java:190)
	at org.openqa.selenium.remote.service.DriverCommandExecutor.invokeExecute(DriverCommandExecutor.java:216)
	at org.openqa.selenium.remote.service.DriverCommandExecutor.execute(DriverCommandExecutor.java:174)
	at org.openqa.selenium.remote.RemoteWebDriver.execute(RemoteWebDriver.java:518)
	at org.openqa.selenium.remote.ElementLocation$ElementFinder$2.findElements(ElementLocation.java:182)
	at org.openqa.selenium.remote.ElementLocation.findElements(ElementLocation.java:103)
	at org.openqa.selenium.remote.RemoteWebDriver.findElements(RemoteWebDriver.java:368)
	at org.openqa.selenium.remote.RemoteWebDriver.findElements(RemoteWebDriver.java:362)
	at jdk.internal.reflect.GeneratedMethodAccessor19.invoke(Unknown Source)
	at java.base/jdk.internal.reflect.DelegatingMethodAccessorImpl.invoke(DelegatingMethodAccessorImpl.java:43)
	at org.openqa.selenium.support.decorators.WebDriverDecorator.call(WebDriverDecorator.java:249)
	at org.openqa.selenium.support.decorators.DefaultDecorated.call(DefaultDecorated.java:48)
	at org.openqa.selenium.support.decorators.WebDriverDecorator.lambda$createProxy$2(WebDriverDecorator.java:321)
	at org.openqa.selenium.remote.RemoteWebDriver$ByteBuddy$QYIudDZq.findElements(Unknown Source)
	at com.kms.katalon.core.webui.common.WebUiCommonHelper.findElementByNormalMethods(WebUiCommonHelper.java:1036)
	at com.kms.katalon.core.webui.common.WebUiCommonHelper.findElementsBySelectedMethod(WebUiCommonHelper.java:927)
	at com.kms.katalon.core.webui.common.WebUiCommonHelper.findElementsBySelectedMethod(WebUiCommonHelper.java:909)
	at com.kms.katalon.core.webui.common.WebUiCommonHelper.findElementsBySelectedMethod(WebUiCommonHelper.java:904)
	at com.kms.katalon.core.webui.common.WebUiCommonHelper.findElementsByDefault(WebUiCommonHelper.java:900)
	at com.kms.katalon.core.webui.common.WebUiCommonHelper.findElementsWithSelfHealing(WebUiCommonHelper.java:746)
	at com.kms.katalon.core.webui.common.WebUiCommonHelper.findWebElements(WebUiCommonHelper.java:730)
	at com.kms.katalon.core.webui.common.WebUiCommonHelper.findWebElement(WebUiCommonHelper.java:1416)
	at com.kms.katalon.core.webui.keyword.internal.WebUIAbstractKeyword.findWebElement(WebUIAbstractKeyword.groovy:27)
	at com.kms.katalon.core.webui.keyword.builtin.ClickKeyword$_click_closure1.doCall(ClickKeyword.groovy:66)
	at com.kms.katalon.core.webui.keyword.builtin.ClickKeyword$_click_closure1.call(ClickKeyword.groovy)
	at com.kms.katalon.core.webui.keyword.internal.WebUIKeywordMain.runKeyword(WebUIKeywordMain.groovy:35)
	at com.kms.katalon.core.webui.keyword.builtin.ClickKeyword.click(ClickKeyword.groovy:75)
	at com.kms.katalon.core.webui.keyword.builtin.ClickKeyword.execute(ClickKeyword.groovy:40)
	at com.kms.katalon.core.keyword.internal.KeywordExecutor.executeKeywordForPlatform(KeywordExecutor.groovy:74)
	at com.kms.katalon.core.webui.keyword.WebUiBuiltInKeywords.click(WebUiBuiltInKeywords.groovy:696)
	at Script1734948563457.run(Script1734948563457.groovy:23)
	... 15 more
)

27-12-2024T07:13:02 - [MESSAGE][WARNING] - [SELF-HEALING] Failed to find element with id 'Object Repository/Employee-Onboarding/Employee_Jobs/Page_OrangeHRM/a_PIM'. Try using Self-healing.

27-12-2024T07:13:02 - [MESSAGE][WARNING] - [SELF-HEALING] disconnected: not connected to DevTools
  (failed to check if window was closed: disconnected: not connected to DevTools)
  (Session info: chrome=131.0.6778.205)
Build info: version: '4.22.0', revision: 'c5f3146703'
System info: os.name: 'Mac OS X', os.arch: 'aarch64', os.version: '15.2', java.version: '17.0.7'
Driver info: com.kms.katalon.selenium.driver.CChromeDriver
Command: [81c375fdc73980b0150be4854699555f, findElements {using=xpath, value=//div[@id='app']/div/div/aside/nav/div[2]/ul/li[2]/a}]
Capabilities {acceptInsecureCerts: false, browserName: chrome, browserVersion: 131.0.6778.205, chrome: {chromedriverVersion: 131.0.6778.85 (3d81e41b6f3a..., userDataDir: /var/folders/1j/l6215wsx1tb...}, fedcm:accounts: true, goog:chromeOptions: {debuggerAddress: localhost:49316}, networkConnectionEnabled: false, pageLoadStrategy: normal, platformName: mac, proxy: Proxy(), se:cdp: ws://localhost:49316/devtoo..., se:cdpVersion: 131.0.6778.205, setWindowRect: true, strictFileInteractability: false, timeouts: {implicit: 0, pageLoad: 300000, script: 30000}, unhandledPromptBehavior: ignore, webSocketUrl: ws://localhost:6763/session..., webauthn:extension:credBlob: true, webauthn:extension:largeBlob: true, webauthn:extension:minPinLength: true, webauthn:extension:prf: true, webauthn:virtualAuthenticators: true}
Session ID: 81c375fdc73980b0150be4854699555f

27-12-2024T07:13:03 - [MESSAGE][WARNING] - [SELF-HEALING] disconnected: not connected to DevTools
  (failed to check if window was closed: disconnected: not connected to DevTools)
  (Session info: chrome=131.0.6778.205)
Build info: version: '4.22.0', revision: 'c5f3146703'
System info: os.name: 'Mac OS X', os.arch: 'aarch64', os.version: '15.2', java.version: '17.0.7'
Driver info: com.kms.katalon.selenium.driver.CChromeDriver
Command: [81c375fdc73980b0150be4854699555f, findElements {using=xpath, value=//*[@href = '/web/index.php/pim/viewPimModule' and (text() = 'PIM' or . = 'PIM')]}]
Capabilities {acceptInsecureCerts: false, browserName: chrome, browserVersion: 131.0.6778.205, chrome: {chromedriverVersion: 131.0.6778.85 (3d81e41b6f3a..., userDataDir: /var/folders/1j/l6215wsx1tb...}, fedcm:accounts: true, goog:chromeOptions: {debuggerAddress: localhost:49316}, networkConnectionEnabled: false, pageLoadStrategy: normal, platformName: mac, proxy: Proxy(), se:cdp: ws://localhost:49316/devtoo..., se:cdpVersion: 131.0.6778.205, setWindowRect: true, strictFileInteractability: false, timeouts: {implicit: 0, pageLoad: 300000, script: 30000}, unhandledPromptBehavior: ignore, webSocketUrl: ws://localhost:6763/session..., webauthn:extension:credBlob: true, webauthn:extension:largeBlob: true, webauthn:extension:minPinLength: true, webauthn:extension:prf: true, webauthn:virtualAuthenticators: true}
Session ID: 81c375fdc73980b0150be4854699555f

27-12-2024T07:13:03 - [MESSAGE][WARNING] - [SELF-HEALING] disconnected: not connected to DevTools
  (failed to check if window was closed: disconnected: not connected to DevTools)
  (Session info: chrome=131.0.6778.205)
Build info: version: '4.22.0', revision: 'c5f3146703'
System info: os.name: 'Mac OS X', os.arch: 'aarch64', os.version: '15.2', java.version: '17.0.7'
Driver info: com.kms.katalon.selenium.driver.CChromeDriver
Command: [81c375fdc73980b0150be4854699555f, findElements {using=css selector, value=}]
Capabilities {acceptInsecureCerts: false, browserName: chrome, browserVersion: 131.0.6778.205, chrome: {chromedriverVersion: 131.0.6778.85 (3d81e41b6f3a..., userDataDir: /var/folders/1j/l6215wsx1tb...}, fedcm:accounts: true, goog:chromeOptions: {debuggerAddress: localhost:49316}, networkConnectionEnabled: false, pageLoadStrategy: normal, platformName: mac, proxy: Proxy(), se:cdp: ws://localhost:49316/devtoo..., se:cdpVersion: 131.0.6778.205, setWindowRect: true, strictFileInteractability: false, timeouts: {implicit: 0, pageLoad: 300000, script: 30000}, unhandledPromptBehavior: ignore, webSocketUrl: ws://localhost:6763/session..., webauthn:extension:credBlob: true, webauthn:extension:largeBlob: true, webauthn:extension:minPinLength: true, webauthn:extension:prf: true, webauthn:virtualAuthenticators: true}
Session ID: 81c375fdc73980b0150be4854699555f

27-12-2024T07:13:03 - [MESSAGE][WARNING] - Cannot take screenshot

27-12-2024T07:13:03 - [MESSAGE][FAILED] - Unable to click on object 'Object Repository/Employee-Onboarding/Employee_Jobs/Page_OrangeHRM/a_PIM' (Root cause: com.kms.katalon.core.exception.StepFailedException: Unable to click on object 'Object Repository/Employee-Onboarding/Employee_Jobs/Page_OrangeHRM/a_PIM'
	at com.kms.katalon.core.webui.keyword.internal.WebUIKeywordMain.stepFailed(WebUIKeywordMain.groovy:117)
	at com.kms.katalon.core.webui.keyword.internal.WebUIKeywordMain.runKeyword(WebUIKeywordMain.groovy:43)
	at com.kms.katalon.core.webui.keyword.builtin.ClickKeyword.click(ClickKeyword.groovy:75)
	at com.kms.katalon.core.webui.keyword.builtin.ClickKeyword.execute(ClickKeyword.groovy:40)
	at com.kms.katalon.core.keyword.internal.KeywordExecutor.executeKeywordForPlatform(KeywordExecutor.groovy:74)
	at com.kms.katalon.core.webui.keyword.WebUiBuiltInKeywords.click(WebUiBuiltInKeywords.groovy:696)
	at TC_Employee_Job_Details.run(TC_Employee_Job_Details:23)
	at com.kms.katalon.core.main.ScriptEngine.run(ScriptEngine.java:194)
	at com.kms.katalon.core.main.ScriptEngine.runScriptAsRawText(ScriptEngine.java:119)
	at com.kms.katalon.core.main.TestCaseExecutor.runScript(TestCaseExecutor.java:448)
	at com.kms.katalon.core.main.TestCaseExecutor.doExecute(TestCaseExecutor.java:439)
	at com.kms.katalon.core.main.TestCaseExecutor.processExecutionPhase(TestCaseExecutor.java:418)
	at com.kms.katalon.core.main.TestCaseExecutor.accessMainPhase(TestCaseExecutor.java:410)
	at com.kms.katalon.core.main.TestCaseExecutor.execute(TestCaseExecutor.java:285)
	at com.kms.katalon.core.common.CommonExecutor.accessTestCaseMainPhase(CommonExecutor.java:65)
	at com.kms.katalon.core.main.TestSuiteExecutor.accessTestSuiteMainPhase(TestSuiteExecutor.java:161)
	at com.kms.katalon.core.main.TestSuiteExecutor.execute(TestSuiteExecutor.java:107)
	at com.kms.katalon.core.main.TestCaseMain.startTestSuite(TestCaseMain.java:176)
	at TempTestSuite1735263398717.run(TempTestSuite1735263398717.groovy:35)
	at java.base/jdk.internal.reflect.NativeMethodAccessorImpl.invoke0(Native Method)
	at java.base/jdk.internal.reflect.NativeMethodAccessorImpl.invoke(NativeMethodAccessorImpl.java:77)
	at java.base/jdk.internal.reflect.DelegatingMethodAccessorImpl.invoke(DelegatingMethodAccessorImpl.java:43)
Caused by: org.openqa.selenium.WebDriverException: disconnected: not connected to DevTools
  (failed to check if window was closed: disconnected: not connected to DevTools)
  (Session info: chrome=131.0.6778.205)
Build info: version: '4.22.0', revision: 'c5f3146703'
System info: os.name: 'Mac OS X', os.arch: 'aarch64', os.version: '15.2', java.version: '17.0.7'
Driver info: com.kms.katalon.selenium.driver.CChromeDriver
Command: [81c375fdc73980b0150be4854699555f, findElements {using=xpath, value=//div[@id='app']/div/div/aside/nav/div[2]/ul/li[2]/a}]
Capabilities {acceptInsecureCerts: false, browserName: chrome, browserVersion: 131.0.6778.205, chrome: {chromedriverVersion: 131.0.6778.85 (3d81e41b6f3a..., userDataDir: /var/folders/1j/l6215wsx1tb...}, fedcm:accounts: true, goog:chromeOptions: {debuggerAddress: localhost:49316}, networkConnectionEnabled: false, pageLoadStrategy: normal, platformName: mac, proxy: Proxy(), se:cdp: ws://localhost:49316/devtoo..., se:cdpVersion: 131.0.6778.205, setWindowRect: true, strictFileInteractability: false, timeouts: {implicit: 0, pageLoad: 300000, script: 30000}, unhandledPromptBehavior: ignore, webSocketUrl: ws://localhost:6763/session..., webauthn:extension:credBlob: true, webauthn:extension:largeBlob: true, webauthn:extension:minPinLength: true, webauthn:extension:prf: true, webauthn:virtualAuthenticators: true}
Session ID: 81c375fdc73980b0150be4854699555f
	at jdk.internal.reflect.GeneratedConstructorAccessor34.newInstance(Unknown Source)
	at java.base/jdk.internal.reflect.DelegatingConstructorAccessorImpl.newInstance(DelegatingConstructorAccessorImpl.java:45)
	at org.openqa.selenium.remote.ErrorCodec.decode(ErrorCodec.java:167)
	at org.openqa.selenium.remote.codec.w3c.W3CHttpResponseCodec.decode(W3CHttpResponseCodec.java:138)
	at org.openqa.selenium.remote.codec.w3c.W3CHttpResponseCodec.decode(W3CHttpResponseCodec.java:50)
	at org.openqa.selenium.remote.HttpCommandExecutor.execute(HttpCommandExecutor.java:190)
	at org.openqa.selenium.remote.service.DriverCommandExecutor.invokeExecute(DriverCommandExecutor.java:216)
	at org.openqa.selenium.remote.service.DriverCommandExecutor.execute(DriverCommandExecutor.java:174)
	at org.openqa.selenium.remote.RemoteWebDriver.execute(RemoteWebDriver.java:518)
	at org.openqa.selenium.remote.ElementLocation$ElementFinder$2.findElements(ElementLocation.java:182)
	at org.openqa.selenium.remote.ElementLocation.findElements(ElementLocation.java:103)
	at org.openqa.selenium.remote.RemoteWebDriver.findElements(RemoteWebDriver.java:368)
	at org.openqa.selenium.remote.RemoteWebDriver.findElements(RemoteWebDriver.java:362)
	at jdk.internal.reflect.GeneratedMethodAccessor19.invoke(Unknown Source)
	at java.base/jdk.internal.reflect.DelegatingMethodAccessorImpl.invoke(DelegatingMethodAccessorImpl.java:43)
	at org.openqa.selenium.support.decorators.WebDriverDecorator.call(WebDriverDecorator.java:249)
	at org.openqa.selenium.support.decorators.DefaultDecorated.call(DefaultDecorated.java:48)
	at org.openqa.selenium.support.decorators.WebDriverDecorator.lambda$createProxy$2(WebDriverDecorator.java:321)
	at org.openqa.selenium.remote.RemoteWebDriver$ByteBuddy$QYIudDZq.findElements(Unknown Source)
	at com.kms.katalon.core.webui.common.WebUiCommonHelper.findElementByNormalMethods(WebUiCommonHelper.java:1036)
	at com.kms.katalon.core.webui.common.WebUiCommonHelper.findElementsBySelectedMethod(WebUiCommonHelper.java:927)
	at com.kms.katalon.core.webui.common.WebUiCommonHelper.findElementsBySelectedMethod(WebUiCommonHelper.java:909)
	at com.kms.katalon.core.webui.common.WebUiCommonHelper.findElementsBySelectedMethod(WebUiCommonHelper.java:904)
	at com.kms.katalon.core.webui.common.WebUiCommonHelper.findElementsByDefault(WebUiCommonHelper.java:900)
	at com.kms.katalon.core.webui.common.WebUiCommonHelper.findElementsWithSelfHealing(WebUiCommonHelper.java:746)
	at com.kms.katalon.core.webui.common.WebUiCommonHelper.findWebElements(WebUiCommonHelper.java:730)
	at com.kms.katalon.core.webui.common.WebUiCommonHelper.findWebElement(WebUiCommonHelper.java:1416)
	at com.kms.katalon.core.webui.keyword.internal.WebUIAbstractKeyword.findWebElement(WebUIAbstractKeyword.groovy:27)
	at com.kms.katalon.core.webui.keyword.builtin.ClickKeyword$_click_closure1.doCall(ClickKeyword.groovy:66)
	at com.kms.katalon.core.webui.keyword.builtin.ClickKeyword$_click_closure1.call(ClickKeyword.groovy)
	at com.kms.katalon.core.webui.keyword.internal.WebUIKeywordMain.runKeyword(WebUIKeywordMain.groovy:35)
	at com.kms.katalon.core.webui.keyword.builtin.ClickKeyword.click(ClickKeyword.groovy:75)
	at com.kms.katalon.core.webui.keyword.builtin.ClickKeyword.execute(ClickKeyword.groovy:40)
	at com.kms.katalon.core.keyword.internal.KeywordExecutor.executeKeywordForPlatform(KeywordExecutor.groovy:74)
	at com.kms.katalon.core.webui.keyword.WebUiBuiltInKeywords.click(WebUiBuiltInKeywords.groovy:696)
	at Script1734948563457.run(Script1734948563457.groovy:23)
	... 15 more
)]]></system-out>
         <system-err><![CDATA[27-12-2024T07:13:02 - [TEST_CASE][FAILED] - Test Cases/Employee_Onboarding/TC_Employee_Job_Details: Test Cases/Employee_Onboarding/TC_Employee_Job_Details FAILED.
Reason:
com.kms.katalon.core.exception.StepFailedException: Unable to click on object 'Object Repository/Employee-Onboarding/Employee_Jobs/Page_OrangeHRM/a_PIM'
	at com.kms.katalon.core.webui.keyword.internal.WebUIKeywordMain.stepFailed(WebUIKeywordMain.groovy:117)
	at com.kms.katalon.core.webui.keyword.internal.WebUIKeywordMain.runKeyword(WebUIKeywordMain.groovy:43)
	at com.kms.katalon.core.webui.keyword.builtin.ClickKeyword.click(ClickKeyword.groovy:75)
	at com.kms.katalon.core.webui.keyword.builtin.ClickKeyword.execute(ClickKeyword.groovy:40)
	at com.kms.katalon.core.keyword.internal.KeywordExecutor.executeKeywordForPlatform(KeywordExecutor.groovy:74)
	at com.kms.katalon.core.webui.keyword.WebUiBuiltInKeywords.click(WebUiBuiltInKeywords.groovy:696)
	at TC_Employee_Job_Details.run(TC_Employee_Job_Details:23)
	at com.kms.katalon.core.main.ScriptEngine.run(ScriptEngine.java:194)
	at com.kms.katalon.core.main.ScriptEngine.runScriptAsRawText(ScriptEngine.java:119)
	at com.kms.katalon.core.main.TestCaseExecutor.runScript(TestCaseExecutor.java:448)
	at com.kms.katalon.core.main.TestCaseExecutor.doExecute(TestCaseExecutor.java:439)
	at com.kms.katalon.core.main.TestCaseExecutor.processExecutionPhase(TestCaseExecutor.java:418)
	at com.kms.katalon.core.main.TestCaseExecutor.accessMainPhase(TestCaseExecutor.java:410)
	at com.kms.katalon.core.main.TestCaseExecutor.execute(TestCaseExecutor.java:285)
	at com.kms.katalon.core.common.CommonExecutor.accessTestCaseMainPhase(CommonExecutor.java:65)
	at com.kms.katalon.core.main.TestSuiteExecutor.accessTestSuiteMainPhase(TestSuiteExecutor.java:161)
	at com.kms.katalon.core.main.TestSuiteExecutor.execute(TestSuiteExecutor.java:107)
	at com.kms.katalon.core.main.TestCaseMain.startTestSuite(TestCaseMain.java:176)
	at TempTestSuite1735263398717.run(TempTestSuite1735263398717.groovy:35)
	at java.base/jdk.internal.reflect.NativeMethodAccessorImpl.invoke0(Native Method)
	at java.base/jdk.internal.reflect.NativeMethodAccessorImpl.invoke(NativeMethodAccessorImpl.java:77)
	at java.base/jdk.internal.reflect.DelegatingMethodAccessorImpl.invoke(DelegatingMethodAccessorImpl.java:43)
Caused by: org.openqa.selenium.WebDriverException: disconnected: not connected to DevTools
  (failed to check if window was closed: disconnected: not connected to DevTools)
  (Session info: chrome=131.0.6778.205)
Build info: version: '4.22.0', revision: 'c5f3146703'
System info: os.name: 'Mac OS X', os.arch: 'aarch64', os.version: '15.2', java.version: '17.0.7'
Driver info: com.kms.katalon.selenium.driver.CChromeDriver
Command: [81c375fdc73980b0150be4854699555f, findElements {using=xpath, value=//div[@id='app']/div/div/aside/nav/div[2]/ul/li[2]/a}]
Capabilities {acceptInsecureCerts: false, browserName: chrome, browserVersion: 131.0.6778.205, chrome: {chromedriverVersion: 131.0.6778.85 (3d81e41b6f3a..., userDataDir: /var/folders/1j/l6215wsx1tb...}, fedcm:accounts: true, goog:chromeOptions: {debuggerAddress: localhost:49316}, networkConnectionEnabled: false, pageLoadStrategy: normal, platformName: mac, proxy: Proxy(), se:cdp: ws://localhost:49316/devtoo..., se:cdpVersion: 131.0.6778.205, setWindowRect: true, strictFileInteractability: false, timeouts: {implicit: 0, pageLoad: 300000, script: 30000}, unhandledPromptBehavior: ignore, webSocketUrl: ws://localhost:6763/session..., webauthn:extension:credBlob: true, webauthn:extension:largeBlob: true, webauthn:extension:minPinLength: true, webauthn:extension:prf: true, webauthn:virtualAuthenticators: true}
Session ID: 81c375fdc73980b0150be4854699555f
	at jdk.internal.reflect.GeneratedConstructorAccessor34.newInstance(Unknown Source)
	at java.base/jdk.internal.reflect.DelegatingConstructorAccessorImpl.newInstance(DelegatingConstructorAccessorImpl.java:45)
	at org.openqa.selenium.remote.ErrorCodec.decode(ErrorCodec.java:167)
	at org.openqa.selenium.remote.codec.w3c.W3CHttpResponseCodec.decode(W3CHttpResponseCodec.java:138)
	at org.openqa.selenium.remote.codec.w3c.W3CHttpResponseCodec.decode(W3CHttpResponseCodec.java:50)
	at org.openqa.selenium.remote.HttpCommandExecutor.execute(HttpCommandExecutor.java:190)
	at org.openqa.selenium.remote.service.DriverCommandExecutor.invokeExecute(DriverCommandExecutor.java:216)
	at org.openqa.selenium.remote.service.DriverCommandExecutor.execute(DriverCommandExecutor.java:174)
	at org.openqa.selenium.remote.RemoteWebDriver.execute(RemoteWebDriver.java:518)
	at org.openqa.selenium.remote.ElementLocation$ElementFinder$2.findElements(ElementLocation.java:182)
	at org.openqa.selenium.remote.ElementLocation.findElements(ElementLocation.java:103)
	at org.openqa.selenium.remote.RemoteWebDriver.findElements(RemoteWebDriver.java:368)
	at org.openqa.selenium.remote.RemoteWebDriver.findElements(RemoteWebDriver.java:362)
	at jdk.internal.reflect.GeneratedMethodAccessor19.invoke(Unknown Source)
	at java.base/jdk.internal.reflect.DelegatingMethodAccessorImpl.invoke(DelegatingMethodAccessorImpl.java:43)
	at org.openqa.selenium.support.decorators.WebDriverDecorator.call(WebDriverDecorator.java:249)
	at org.openqa.selenium.support.decorators.DefaultDecorated.call(DefaultDecorated.java:48)
	at org.openqa.selenium.support.decorators.WebDriverDecorator.lambda$createProxy$2(WebDriverDecorator.java:321)
	at org.openqa.selenium.remote.RemoteWebDriver$ByteBuddy$QYIudDZq.findElements(Unknown Source)
	at com.kms.katalon.core.webui.common.WebUiCommonHelper.findElementByNormalMethods(WebUiCommonHelper.java:1036)
	at com.kms.katalon.core.webui.common.WebUiCommonHelper.findElementsBySelectedMethod(WebUiCommonHelper.java:927)
	at com.kms.katalon.core.webui.common.WebUiCommonHelper.findElementsBySelectedMethod(WebUiCommonHelper.java:909)
	at com.kms.katalon.core.webui.common.WebUiCommonHelper.findElementsBySelectedMethod(WebUiCommonHelper.java:904)
	at com.kms.katalon.core.webui.common.WebUiCommonHelper.findElementsByDefault(WebUiCommonHelper.java:900)
	at com.kms.katalon.core.webui.common.WebUiCommonHelper.findElementsWithSelfHealing(WebUiCommonHelper.java:746)
	at com.kms.katalon.core.webui.common.WebUiCommonHelper.findWebElements(WebUiCommonHelper.java:730)
	at com.kms.katalon.core.webui.common.WebUiCommonHelper.findWebElement(WebUiCommonHelper.java:1416)
	at com.kms.katalon.core.webui.keyword.internal.WebUIAbstractKeyword.findWebElement(WebUIAbstractKeyword.groovy:27)
	at com.kms.katalon.core.webui.keyword.builtin.ClickKeyword$_click_closure1.doCall(ClickKeyword.groovy:66)
	at com.kms.katalon.core.webui.keyword.builtin.ClickKeyword$_click_closure1.call(ClickKeyword.groovy)
	at com.kms.katalon.core.webui.keyword.internal.WebUIKeywordMain.runKeyword(WebUIKeywordMain.groovy:35)
	... 20 more]]></system-err>
      </testcase>
      <testcase name="Test Cases/Employee_Onboarding/TC_Employee_Job_Details" time="1.016" classname="Test Cases/Employee_Onboarding/TC_Employee_Job_Details" status="FAILED">
         <failure type="FAILED" message="Test Cases/Employee_Onboarding/TC_Employee_Job_Details FAILED.&#xa;Reason:&#xa;com.kms.katalon.core.exception.StepFailedException: Unable to click on object 'Object Repository/Employee-Onboarding/Employee_Jobs/Page_OrangeHRM/a_PIM'&#xa;	at com.kms.katalon.core.webui.keyword.internal.WebUIKeywordMain.stepFailed(WebUIKeywordMain.groovy:117)&#xa;	at com.kms.katalon.core.webui.keyword.internal.WebUIKeywordMain.runKeyword(WebUIKeywordMain.groovy:43)&#xa;	at com.kms.katalon.core.webui.keyword.builtin.ClickKeyword.click(ClickKeyword.groovy:75)&#xa;	at com.kms.katalon.core.webui.keyword.builtin.ClickKeyword.execute(ClickKeyword.groovy:40)&#xa;	at com.kms.katalon.core.keyword.internal.KeywordExecutor.executeKeywordForPlatform(KeywordExecutor.groovy:74)&#xa;	at com.kms.katalon.core.webui.keyword.WebUiBuiltInKeywords.click(WebUiBuiltInKeywords.groovy:696)&#xa;	at TC_Employee_Job_Details.run(TC_Employee_Job_Details:23)&#xa;	at com.kms.katalon.core.main.ScriptEngine.run(ScriptEngine.java:194)&#xa;	at com.kms.katalon.core.main.ScriptEngine.runScriptAsRawText(ScriptEngine.java:119)&#xa;	at com.kms.katalon.core.main.TestCaseExecutor.runScript(TestCaseExecutor.java:448)&#xa;	at com.kms.katalon.core.main.TestCaseExecutor.doExecute(TestCaseExecutor.java:439)&#xa;	at com.kms.katalon.core.main.TestCaseExecutor.processExecutionPhase(TestCaseExecutor.java:418)&#xa;	at com.kms.katalon.core.main.TestCaseExecutor.accessMainPhase(TestCaseExecutor.java:410)&#xa;	at com.kms.katalon.core.main.TestCaseExecutor.execute(TestCaseExecutor.java:285)&#xa;	at com.kms.katalon.core.common.CommonExecutor.accessTestCaseMainPhase(CommonExecutor.java:65)&#xa;	at com.kms.katalon.core.main.TestSuiteExecutor.accessTestSuiteMainPhase(TestSuiteExecutor.java:161)&#xa;	at com.kms.katalon.core.main.TestSuiteExecutor.execute(TestSuiteExecutor.java:107)&#xa;	at com.kms.katalon.core.main.TestCaseMain.startTestSuite(TestCaseMain.java:176)&#xa;	at TempTestSuite1735263398717.run(TempTestSuite1735263398717.groovy:35)&#xa;	at java.base/jdk.internal.reflect.NativeMethodAccessorImpl.invoke0(Native Method)&#xa;	at java.base/jdk.internal.reflect.NativeMethodAccessorImpl.invoke(NativeMethodAccessorImpl.java:77)&#xa;	at java.base/jdk.internal.reflect.DelegatingMethodAccessorImpl.invoke(DelegatingMethodAccessorImpl.java:43)&#xa;Caused by: org.openqa.selenium.WebDriverException: disconnected: not connected to DevTools&#xa;  (failed to check if window was closed: disconnected: not connected to DevTools)&#xa;  (Session info: chrome=131.0.6778.205)&#xa;Build info: version: '4.22.0', revision: 'c5f3146703'&#xa;System info: os.name: 'Mac OS X', os.arch: 'aarch64', os.version: '15.2', java.version: '17.0.7'&#xa;Driver info: com.kms.katalon.selenium.driver.CChromeDriver&#xa;Command: [81c375fdc73980b0150be4854699555f, findElements {using=xpath, value=//div[@id='app']/div/div/aside/nav/div[2]/ul/li[2]/a}]&#xa;Capabilities {acceptInsecureCerts: false, browserName: chrome, browserVersion: 131.0.6778.205, chrome: {chromedriverVersion: 131.0.6778.85 (3d81e41b6f3a..., userDataDir: /var/folders/1j/l6215wsx1tb...}, fedcm:accounts: true, goog:chromeOptions: {debuggerAddress: localhost:49316}, networkConnectionEnabled: false, pageLoadStrategy: normal, platformName: mac, proxy: Proxy(), se:cdp: ws://localhost:49316/devtoo..., se:cdpVersion: 131.0.6778.205, setWindowRect: true, strictFileInteractability: false, timeouts: {implicit: 0, pageLoad: 300000, script: 30000}, unhandledPromptBehavior: ignore, webSocketUrl: ws://localhost:6763/session..., webauthn:extension:credBlob: true, webauthn:extension:largeBlob: true, webauthn:extension:minPinLength: true, webauthn:extension:prf: true, webauthn:virtualAuthenticators: true}&#xa;Session ID: 81c375fdc73980b0150be4854699555f&#xa;	at jdk.internal.reflect.GeneratedConstructorAccessor34.newInstance(Unknown Source)&#xa;	at java.base/jdk.internal.reflect.DelegatingConstructorAccessorImpl.newInstance(DelegatingConstructorAccessorImpl.java:45)&#xa;	at org.openqa.selenium.remote.ErrorCodec.decode(ErrorCodec.java:167)&#xa;	at org.openqa.selenium.remote.codec.w3c.W3CHttpResponseCodec.decode(W3CHttpResponseCodec.java:138)&#xa;	at org.openqa.selenium.remote.codec.w3c.W3CHttpResponseCodec.decode(W3CHttpResponseCodec.java:50)&#xa;	at org.openqa.selenium.remote.HttpCommandExecutor.execute(HttpCommandExecutor.java:190)&#xa;	at org.openqa.selenium.remote.service.DriverCommandExecutor.invokeExecute(DriverCommandExecutor.java:216)&#xa;	at org.openqa.selenium.remote.service.DriverCommandExecutor.execute(DriverCommandExecutor.java:174)&#xa;	at org.openqa.selenium.remote.RemoteWebDriver.execute(RemoteWebDriver.java:518)&#xa;	at org.openqa.selenium.remote.ElementLocation$ElementFinder$2.findElements(ElementLocation.java:182)&#xa;	at org.openqa.selenium.remote.ElementLocation.findElements(ElementLocation.java:103)&#xa;	at org.openqa.selenium.remote.RemoteWebDriver.findElements(RemoteWebDriver.java:368)&#xa;	at org.openqa.selenium.remote.RemoteWebDriver.findElements(RemoteWebDriver.java:362)&#xa;	at jdk.internal.reflect.GeneratedMethodAccessor19.invoke(Unknown Source)&#xa;	at java.base/jdk.internal.reflect.DelegatingMethodAccessorImpl.invoke(DelegatingMethodAccessorImpl.java:43)&#xa;	at org.openqa.selenium.support.decorators.WebDriverDecorator.call(WebDriverDecorator.java:249)&#xa;	at org.openqa.selenium.support.decorators.DefaultDecorated.call(DefaultDecorated.java:48)&#xa;	at org.openqa.selenium.support.decorators.WebDriverDecorator.lambda$createProxy$2(WebDriverDecorator.java:321)&#xa;	at org.openqa.selenium.remote.RemoteWebDriver$ByteBuddy$QYIudDZq.findElements(Unknown Source)&#xa;	at com.kms.katalon.core.webui.common.WebUiCommonHelper.findElementByNormalMethods(WebUiCommonHelper.java:1036)&#xa;	at com.kms.katalon.core.webui.common.WebUiCommonHelper.findElementsBySelectedMethod(WebUiCommonHelper.java:927)&#xa;	at com.kms.katalon.core.webui.common.WebUiCommonHelper.findElementsBySelectedMethod(WebUiCommonHelper.java:909)&#xa;	at com.kms.katalon.core.webui.common.WebUiCommonHelper.findElementsBySelectedMethod(WebUiCommonHelper.java:904)&#xa;	at com.kms.katalon.core.webui.common.WebUiCommonHelper.findElementsByDefault(WebUiCommonHelper.java:900)&#xa;	at com.kms.katalon.core.webui.common.WebUiCommonHelper.findElementsWithSelfHealing(WebUiCommonHelper.java:746)&#xa;	at com.kms.katalon.core.webui.common.WebUiCommonHelper.findWebElements(WebUiCommonHelper.java:730)&#xa;	at com.kms.katalon.core.webui.common.WebUiCommonHelper.findWebElement(WebUiCommonHelper.java:1416)&#xa;	at com.kms.katalon.core.webui.keyword.internal.WebUIAbstractKeyword.findWebElement(WebUIAbstractKeyword.groovy:27)&#xa;	at com.kms.katalon.core.webui.keyword.builtin.ClickKeyword$_click_closure1.doCall(ClickKeyword.groovy:66)&#xa;	at com.kms.katalon.core.webui.keyword.builtin.ClickKeyword$_click_closure1.call(ClickKeyword.groovy)&#xa;	at com.kms.katalon.core.webui.keyword.internal.WebUIKeywordMain.runKeyword(WebUIKeywordMain.groovy:35)&#xa;	... 20 more&#xa;"/>
         <system-out><![CDATA[27-12-2024T07:13:03 - [TEST_CASE][FAILED] - Test Cases/Employee_Onboarding/TC_Employee_Job_Details: Test Cases/Employee_Onboarding/TC_Employee_Job_Details FAILED.
Reason:
com.kms.katalon.core.exception.StepFailedException: Unable to click on object 'Object Repository/Employee-Onboarding/Employee_Jobs/Page_OrangeHRM/a_PIM'
	at com.kms.katalon.core.webui.keyword.internal.WebUIKeywordMain.stepFailed(WebUIKeywordMain.groovy:117)
	at com.kms.katalon.core.webui.keyword.internal.WebUIKeywordMain.runKeyword(WebUIKeywordMain.groovy:43)
	at com.kms.katalon.core.webui.keyword.builtin.ClickKeyword.click(ClickKeyword.groovy:75)
	at com.kms.katalon.core.webui.keyword.builtin.ClickKeyword.execute(ClickKeyword.groovy:40)
	at com.kms.katalon.core.keyword.internal.KeywordExecutor.executeKeywordForPlatform(KeywordExecutor.groovy:74)
	at com.kms.katalon.core.webui.keyword.WebUiBuiltInKeywords.click(WebUiBuiltInKeywords.groovy:696)
	at TC_Employee_Job_Details.run(TC_Employee_Job_Details:23)
	at com.kms.katalon.core.main.ScriptEngine.run(ScriptEngine.java:194)
	at com.kms.katalon.core.main.ScriptEngine.runScriptAsRawText(ScriptEngine.java:119)
	at com.kms.katalon.core.main.TestCaseExecutor.runScript(TestCaseExecutor.java:448)
	at com.kms.katalon.core.main.TestCaseExecutor.doExecute(TestCaseExecutor.java:439)
	at com.kms.katalon.core.main.TestCaseExecutor.processExecutionPhase(TestCaseExecutor.java:418)
	at com.kms.katalon.core.main.TestCaseExecutor.accessMainPhase(TestCaseExecutor.java:410)
	at com.kms.katalon.core.main.TestCaseExecutor.execute(TestCaseExecutor.java:285)
	at com.kms.katalon.core.common.CommonExecutor.accessTestCaseMainPhase(CommonExecutor.java:65)
	at com.kms.katalon.core.main.TestSuiteExecutor.accessTestSuiteMainPhase(TestSuiteExecutor.java:161)
	at com.kms.katalon.core.main.TestSuiteExecutor.execute(TestSuiteExecutor.java:107)
	at com.kms.katalon.core.main.TestCaseMain.startTestSuite(TestCaseMain.java:176)
	at TempTestSuite1735263398717.run(TempTestSuite1735263398717.groovy:35)
	at java.base/jdk.internal.reflect.NativeMethodAccessorImpl.invoke0(Native Method)
	at java.base/jdk.internal.reflect.NativeMethodAccessorImpl.invoke(NativeMethodAccessorImpl.java:77)
	at java.base/jdk.internal.reflect.DelegatingMethodAccessorImpl.invoke(DelegatingMethodAccessorImpl.java:43)
Caused by: org.openqa.selenium.WebDriverException: disconnected: not connected to DevTools
  (failed to check if window was closed: disconnected: not connected to DevTools)
  (Session info: chrome=131.0.6778.205)
Build info: version: '4.22.0', revision: 'c5f3146703'
System info: os.name: 'Mac OS X', os.arch: 'aarch64', os.version: '15.2', java.version: '17.0.7'
Driver info: com.kms.katalon.selenium.driver.CChromeDriver
Command: [81c375fdc73980b0150be4854699555f, findElements {using=xpath, value=//div[@id='app']/div/div/aside/nav/div[2]/ul/li[2]/a}]
Capabilities {acceptInsecureCerts: false, browserName: chrome, browserVersion: 131.0.6778.205, chrome: {chromedriverVersion: 131.0.6778.85 (3d81e41b6f3a..., userDataDir: /var/folders/1j/l6215wsx1tb...}, fedcm:accounts: true, goog:chromeOptions: {debuggerAddress: localhost:49316}, networkConnectionEnabled: false, pageLoadStrategy: normal, platformName: mac, proxy: Proxy(), se:cdp: ws://localhost:49316/devtoo..., se:cdpVersion: 131.0.6778.205, setWindowRect: true, strictFileInteractability: false, timeouts: {implicit: 0, pageLoad: 300000, script: 30000}, unhandledPromptBehavior: ignore, webSocketUrl: ws://localhost:6763/session..., webauthn:extension:credBlob: true, webauthn:extension:largeBlob: true, webauthn:extension:minPinLength: true, webauthn:extension:prf: true, webauthn:virtualAuthenticators: true}
Session ID: 81c375fdc73980b0150be4854699555f
	at jdk.internal.reflect.GeneratedConstructorAccessor34.newInstance(Unknown Source)
	at java.base/jdk.internal.reflect.DelegatingConstructorAccessorImpl.newInstance(DelegatingConstructorAccessorImpl.java:45)
	at org.openqa.selenium.remote.ErrorCodec.decode(ErrorCodec.java:167)
	at org.openqa.selenium.remote.codec.w3c.W3CHttpResponseCodec.decode(W3CHttpResponseCodec.java:138)
	at org.openqa.selenium.remote.codec.w3c.W3CHttpResponseCodec.decode(W3CHttpResponseCodec.java:50)
	at org.openqa.selenium.remote.HttpCommandExecutor.execute(HttpCommandExecutor.java:190)
	at org.openqa.selenium.remote.service.DriverCommandExecutor.invokeExecute(DriverCommandExecutor.java:216)
	at org.openqa.selenium.remote.service.DriverCommandExecutor.execute(DriverCommandExecutor.java:174)
	at org.openqa.selenium.remote.RemoteWebDriver.execute(RemoteWebDriver.java:518)
	at org.openqa.selenium.remote.ElementLocation$ElementFinder$2.findElements(ElementLocation.java:182)
	at org.openqa.selenium.remote.ElementLocation.findElements(ElementLocation.java:103)
	at org.openqa.selenium.remote.RemoteWebDriver.findElements(RemoteWebDriver.java:368)
	at org.openqa.selenium.remote.RemoteWebDriver.findElements(RemoteWebDriver.java:362)
	at jdk.internal.reflect.GeneratedMethodAccessor19.invoke(Unknown Source)
	at java.base/jdk.internal.reflect.DelegatingMethodAccessorImpl.invoke(DelegatingMethodAccessorImpl.java:43)
	at org.openqa.selenium.support.decorators.WebDriverDecorator.call(WebDriverDecorator.java:249)
	at org.openqa.selenium.support.decorators.DefaultDecorated.call(DefaultDecorated.java:48)
	at org.openqa.selenium.support.decorators.WebDriverDecorator.lambda$createProxy$2(WebDriverDecorator.java:321)
	at org.openqa.selenium.remote.RemoteWebDriver$ByteBuddy$QYIudDZq.findElements(Unknown Source)
	at com.kms.katalon.core.webui.common.WebUiCommonHelper.findElementByNormalMethods(WebUiCommonHelper.java:1036)
	at com.kms.katalon.core.webui.common.WebUiCommonHelper.findElementsBySelectedMethod(WebUiCommonHelper.java:927)
	at com.kms.katalon.core.webui.common.WebUiCommonHelper.findElementsBySelectedMethod(WebUiCommonHelper.java:909)
	at com.kms.katalon.core.webui.common.WebUiCommonHelper.findElementsBySelectedMethod(WebUiCommonHelper.java:904)
	at com.kms.katalon.core.webui.common.WebUiCommonHelper.findElementsByDefault(WebUiCommonHelper.java:900)
	at com.kms.katalon.core.webui.common.WebUiCommonHelper.findElementsWithSelfHealing(WebUiCommonHelper.java:746)
	at com.kms.katalon.core.webui.common.WebUiCommonHelper.findWebElements(WebUiCommonHelper.java:730)
	at com.kms.katalon.core.webui.common.WebUiCommonHelper.findWebElement(WebUiCommonHelper.java:1416)
	at com.kms.katalon.core.webui.keyword.internal.WebUIAbstractKeyword.findWebElement(WebUIAbstractKeyword.groovy:27)
	at com.kms.katalon.core.webui.keyword.builtin.ClickKeyword$_click_closure1.doCall(ClickKeyword.groovy:66)
	at com.kms.katalon.core.webui.keyword.builtin.ClickKeyword$_click_closure1.call(ClickKeyword.groovy)
	at com.kms.katalon.core.webui.keyword.internal.WebUIKeywordMain.runKeyword(WebUIKeywordMain.groovy:35)
	... 20 more


27-12-2024T07:13:03 - [TEST_STEP][PASSED] - comment("Step 1: Click on the "PIM" tab to access the Employee Management section"): Step 1: Click on the "PIM" tab to access the Employee Management section

27-12-2024T07:13:03 - [MESSAGE][INFO] - Step 1: Click on the "PIM" tab to access the Employee Management section

27-12-2024T07:13:03 - [TEST_STEP][FAILED] - click(findTestObject("Object Repository/Employee-Onboarding/Employee_Jobs/Page_OrangeHRM/a_PIM")): Unable to click on object 'Object Repository/Employee-Onboarding/Employee_Jobs/Page_OrangeHRM/a_PIM' (Root cause: com.kms.katalon.core.exception.StepFailedException: Unable to click on object 'Object Repository/Employee-Onboarding/Employee_Jobs/Page_OrangeHRM/a_PIM'
	at com.kms.katalon.core.webui.keyword.internal.WebUIKeywordMain.stepFailed(WebUIKeywordMain.groovy:117)
	at com.kms.katalon.core.webui.keyword.internal.WebUIKeywordMain.runKeyword(WebUIKeywordMain.groovy:43)
	at com.kms.katalon.core.webui.keyword.builtin.ClickKeyword.click(ClickKeyword.groovy:75)
	at com.kms.katalon.core.webui.keyword.builtin.ClickKeyword.execute(ClickKeyword.groovy:40)
	at com.kms.katalon.core.keyword.internal.KeywordExecutor.executeKeywordForPlatform(KeywordExecutor.groovy:74)
	at com.kms.katalon.core.webui.keyword.WebUiBuiltInKeywords.click(WebUiBuiltInKeywords.groovy:696)
	at TC_Employee_Job_Details.run(TC_Employee_Job_Details:23)
	at com.kms.katalon.core.main.ScriptEngine.run(ScriptEngine.java:194)
	at com.kms.katalon.core.main.ScriptEngine.runScriptAsRawText(ScriptEngine.java:119)
	at com.kms.katalon.core.main.TestCaseExecutor.runScript(TestCaseExecutor.java:448)
	at com.kms.katalon.core.main.TestCaseExecutor.doExecute(TestCaseExecutor.java:439)
	at com.kms.katalon.core.main.TestCaseExecutor.processExecutionPhase(TestCaseExecutor.java:418)
	at com.kms.katalon.core.main.TestCaseExecutor.accessMainPhase(TestCaseExecutor.java:410)
	at com.kms.katalon.core.main.TestCaseExecutor.execute(TestCaseExecutor.java:285)
	at com.kms.katalon.core.common.CommonExecutor.accessTestCaseMainPhase(CommonExecutor.java:65)
	at com.kms.katalon.core.main.TestSuiteExecutor.accessTestSuiteMainPhase(TestSuiteExecutor.java:161)
	at com.kms.katalon.core.main.TestSuiteExecutor.execute(TestSuiteExecutor.java:107)
	at com.kms.katalon.core.main.TestCaseMain.startTestSuite(TestCaseMain.java:176)
	at TempTestSuite1735263398717.run(TempTestSuite1735263398717.groovy:35)
	at java.base/jdk.internal.reflect.NativeMethodAccessorImpl.invoke0(Native Method)
	at java.base/jdk.internal.reflect.NativeMethodAccessorImpl.invoke(NativeMethodAccessorImpl.java:77)
	at java.base/jdk.internal.reflect.DelegatingMethodAccessorImpl.invoke(DelegatingMethodAccessorImpl.java:43)
Caused by: org.openqa.selenium.WebDriverException: disconnected: not connected to DevTools
  (failed to check if window was closed: disconnected: not connected to DevTools)
  (Session info: chrome=131.0.6778.205)
Build info: version: '4.22.0', revision: 'c5f3146703'
System info: os.name: 'Mac OS X', os.arch: 'aarch64', os.version: '15.2', java.version: '17.0.7'
Driver info: com.kms.katalon.selenium.driver.CChromeDriver
Command: [81c375fdc73980b0150be4854699555f, findElements {using=xpath, value=//div[@id='app']/div/div/aside/nav/div[2]/ul/li[2]/a}]
Capabilities {acceptInsecureCerts: false, browserName: chrome, browserVersion: 131.0.6778.205, chrome: {chromedriverVersion: 131.0.6778.85 (3d81e41b6f3a..., userDataDir: /var/folders/1j/l6215wsx1tb...}, fedcm:accounts: true, goog:chromeOptions: {debuggerAddress: localhost:49316}, networkConnectionEnabled: false, pageLoadStrategy: normal, platformName: mac, proxy: Proxy(), se:cdp: ws://localhost:49316/devtoo..., se:cdpVersion: 131.0.6778.205, setWindowRect: true, strictFileInteractability: false, timeouts: {implicit: 0, pageLoad: 300000, script: 30000}, unhandledPromptBehavior: ignore, webSocketUrl: ws://localhost:6763/session..., webauthn:extension:credBlob: true, webauthn:extension:largeBlob: true, webauthn:extension:minPinLength: true, webauthn:extension:prf: true, webauthn:virtualAuthenticators: true}
Session ID: 81c375fdc73980b0150be4854699555f
	at jdk.internal.reflect.GeneratedConstructorAccessor34.newInstance(Unknown Source)
	at java.base/jdk.internal.reflect.DelegatingConstructorAccessorImpl.newInstance(DelegatingConstructorAccessorImpl.java:45)
	at org.openqa.selenium.remote.ErrorCodec.decode(ErrorCodec.java:167)
	at org.openqa.selenium.remote.codec.w3c.W3CHttpResponseCodec.decode(W3CHttpResponseCodec.java:138)
	at org.openqa.selenium.remote.codec.w3c.W3CHttpResponseCodec.decode(W3CHttpResponseCodec.java:50)
	at org.openqa.selenium.remote.HttpCommandExecutor.execute(HttpCommandExecutor.java:190)
	at org.openqa.selenium.remote.service.DriverCommandExecutor.invokeExecute(DriverCommandExecutor.java:216)
	at org.openqa.selenium.remote.service.DriverCommandExecutor.execute(DriverCommandExecutor.java:174)
	at org.openqa.selenium.remote.RemoteWebDriver.execute(RemoteWebDriver.java:518)
	at org.openqa.selenium.remote.ElementLocation$ElementFinder$2.findElements(ElementLocation.java:182)
	at org.openqa.selenium.remote.ElementLocation.findElements(ElementLocation.java:103)
	at org.openqa.selenium.remote.RemoteWebDriver.findElements(RemoteWebDriver.java:368)
	at org.openqa.selenium.remote.RemoteWebDriver.findElements(RemoteWebDriver.java:362)
	at jdk.internal.reflect.GeneratedMethodAccessor19.invoke(Unknown Source)
	at java.base/jdk.internal.reflect.DelegatingMethodAccessorImpl.invoke(DelegatingMethodAccessorImpl.java:43)
	at org.openqa.selenium.support.decorators.WebDriverDecorator.call(WebDriverDecorator.java:249)
	at org.openqa.selenium.support.decorators.DefaultDecorated.call(DefaultDecorated.java:48)
	at org.openqa.selenium.support.decorators.WebDriverDecorator.lambda$createProxy$2(WebDriverDecorator.java:321)
	at org.openqa.selenium.remote.RemoteWebDriver$ByteBuddy$QYIudDZq.findElements(Unknown Source)
	at com.kms.katalon.core.webui.common.WebUiCommonHelper.findElementByNormalMethods(WebUiCommonHelper.java:1036)
	at com.kms.katalon.core.webui.common.WebUiCommonHelper.findElementsBySelectedMethod(WebUiCommonHelper.java:927)
	at com.kms.katalon.core.webui.common.WebUiCommonHelper.findElementsBySelectedMethod(WebUiCommonHelper.java:909)
	at com.kms.katalon.core.webui.common.WebUiCommonHelper.findElementsBySelectedMethod(WebUiCommonHelper.java:904)
	at com.kms.katalon.core.webui.common.WebUiCommonHelper.findElementsByDefault(WebUiCommonHelper.java:900)
	at com.kms.katalon.core.webui.common.WebUiCommonHelper.findElementsWithSelfHealing(WebUiCommonHelper.java:746)
	at com.kms.katalon.core.webui.common.WebUiCommonHelper.findWebElements(WebUiCommonHelper.java:730)
	at com.kms.katalon.core.webui.common.WebUiCommonHelper.findWebElement(WebUiCommonHelper.java:1416)
	at com.kms.katalon.core.webui.keyword.internal.WebUIAbstractKeyword.findWebElement(WebUIAbstractKeyword.groovy:27)
	at com.kms.katalon.core.webui.keyword.builtin.ClickKeyword$_click_closure1.doCall(ClickKeyword.groovy:66)
	at com.kms.katalon.core.webui.keyword.builtin.ClickKeyword$_click_closure1.call(ClickKeyword.groovy)
	at com.kms.katalon.core.webui.keyword.internal.WebUIKeywordMain.runKeyword(WebUIKeywordMain.groovy:35)
	at com.kms.katalon.core.webui.keyword.builtin.ClickKeyword.click(ClickKeyword.groovy:75)
	at com.kms.katalon.core.webui.keyword.builtin.ClickKeyword.execute(ClickKeyword.groovy:40)
	at com.kms.katalon.core.keyword.internal.KeywordExecutor.executeKeywordForPlatform(KeywordExecutor.groovy:74)
	at com.kms.katalon.core.webui.keyword.WebUiBuiltInKeywords.click(WebUiBuiltInKeywords.groovy:696)
	at Script1734948563457.run(Script1734948563457.groovy:23)
	... 15 more
)

27-12-2024T07:13:03 - [MESSAGE][WARNING] - [SELF-HEALING] Failed to find element with id 'Object Repository/Employee-Onboarding/Employee_Jobs/Page_OrangeHRM/a_PIM'. Try using Self-healing.

27-12-2024T07:13:03 - [MESSAGE][WARNING] - [SELF-HEALING] disconnected: not connected to DevTools
  (failed to check if window was closed: disconnected: not connected to DevTools)
  (Session info: chrome=131.0.6778.205)
Build info: version: '4.22.0', revision: 'c5f3146703'
System info: os.name: 'Mac OS X', os.arch: 'aarch64', os.version: '15.2', java.version: '17.0.7'
Driver info: com.kms.katalon.selenium.driver.CChromeDriver
Command: [81c375fdc73980b0150be4854699555f, findElements {using=xpath, value=//div[@id='app']/div/div/aside/nav/div[2]/ul/li[2]/a}]
Capabilities {acceptInsecureCerts: false, browserName: chrome, browserVersion: 131.0.6778.205, chrome: {chromedriverVersion: 131.0.6778.85 (3d81e41b6f3a..., userDataDir: /var/folders/1j/l6215wsx1tb...}, fedcm:accounts: true, goog:chromeOptions: {debuggerAddress: localhost:49316}, networkConnectionEnabled: false, pageLoadStrategy: normal, platformName: mac, proxy: Proxy(), se:cdp: ws://localhost:49316/devtoo..., se:cdpVersion: 131.0.6778.205, setWindowRect: true, strictFileInteractability: false, timeouts: {implicit: 0, pageLoad: 300000, script: 30000}, unhandledPromptBehavior: ignore, webSocketUrl: ws://localhost:6763/session..., webauthn:extension:credBlob: true, webauthn:extension:largeBlob: true, webauthn:extension:minPinLength: true, webauthn:extension:prf: true, webauthn:virtualAuthenticators: true}
Session ID: 81c375fdc73980b0150be4854699555f

27-12-2024T07:13:04 - [MESSAGE][WARNING] - [SELF-HEALING] disconnected: not connected to DevTools
  (failed to check if window was closed: disconnected: not connected to DevTools)
  (Session info: chrome=131.0.6778.205)
Build info: version: '4.22.0', revision: 'c5f3146703'
System info: os.name: 'Mac OS X', os.arch: 'aarch64', os.version: '15.2', java.version: '17.0.7'
Driver info: com.kms.katalon.selenium.driver.CChromeDriver
Command: [81c375fdc73980b0150be4854699555f, findElements {using=xpath, value=//*[@href = '/web/index.php/pim/viewPimModule' and (text() = 'PIM' or . = 'PIM')]}]
Capabilities {acceptInsecureCerts: false, browserName: chrome, browserVersion: 131.0.6778.205, chrome: {chromedriverVersion: 131.0.6778.85 (3d81e41b6f3a..., userDataDir: /var/folders/1j/l6215wsx1tb...}, fedcm:accounts: true, goog:chromeOptions: {debuggerAddress: localhost:49316}, networkConnectionEnabled: false, pageLoadStrategy: normal, platformName: mac, proxy: Proxy(), se:cdp: ws://localhost:49316/devtoo..., se:cdpVersion: 131.0.6778.205, setWindowRect: true, strictFileInteractability: false, timeouts: {implicit: 0, pageLoad: 300000, script: 30000}, unhandledPromptBehavior: ignore, webSocketUrl: ws://localhost:6763/session..., webauthn:extension:credBlob: true, webauthn:extension:largeBlob: true, webauthn:extension:minPinLength: true, webauthn:extension:prf: true, webauthn:virtualAuthenticators: true}
Session ID: 81c375fdc73980b0150be4854699555f

27-12-2024T07:13:04 - [MESSAGE][WARNING] - [SELF-HEALING] disconnected: not connected to DevTools
  (failed to check if window was closed: disconnected: not connected to DevTools)
  (Session info: chrome=131.0.6778.205)
Build info: version: '4.22.0', revision: 'c5f3146703'
System info: os.name: 'Mac OS X', os.arch: 'aarch64', os.version: '15.2', java.version: '17.0.7'
Driver info: com.kms.katalon.selenium.driver.CChromeDriver
Command: [81c375fdc73980b0150be4854699555f, findElements {using=css selector, value=}]
Capabilities {acceptInsecureCerts: false, browserName: chrome, browserVersion: 131.0.6778.205, chrome: {chromedriverVersion: 131.0.6778.85 (3d81e41b6f3a..., userDataDir: /var/folders/1j/l6215wsx1tb...}, fedcm:accounts: true, goog:chromeOptions: {debuggerAddress: localhost:49316}, networkConnectionEnabled: false, pageLoadStrategy: normal, platformName: mac, proxy: Proxy(), se:cdp: ws://localhost:49316/devtoo..., se:cdpVersion: 131.0.6778.205, setWindowRect: true, strictFileInteractability: false, timeouts: {implicit: 0, pageLoad: 300000, script: 30000}, unhandledPromptBehavior: ignore, webSocketUrl: ws://localhost:6763/session..., webauthn:extension:credBlob: true, webauthn:extension:largeBlob: true, webauthn:extension:minPinLength: true, webauthn:extension:prf: true, webauthn:virtualAuthenticators: true}
Session ID: 81c375fdc73980b0150be4854699555f

27-12-2024T07:13:04 - [MESSAGE][WARNING] - Cannot take screenshot

27-12-2024T07:13:04 - [MESSAGE][FAILED] - Unable to click on object 'Object Repository/Employee-Onboarding/Employee_Jobs/Page_OrangeHRM/a_PIM' (Root cause: com.kms.katalon.core.exception.StepFailedException: Unable to click on object 'Object Repository/Employee-Onboarding/Employee_Jobs/Page_OrangeHRM/a_PIM'
	at com.kms.katalon.core.webui.keyword.internal.WebUIKeywordMain.stepFailed(WebUIKeywordMain.groovy:117)
	at com.kms.katalon.core.webui.keyword.internal.WebUIKeywordMain.runKeyword(WebUIKeywordMain.groovy:43)
	at com.kms.katalon.core.webui.keyword.builtin.ClickKeyword.click(ClickKeyword.groovy:75)
	at com.kms.katalon.core.webui.keyword.builtin.ClickKeyword.execute(ClickKeyword.groovy:40)
	at com.kms.katalon.core.keyword.internal.KeywordExecutor.executeKeywordForPlatform(KeywordExecutor.groovy:74)
	at com.kms.katalon.core.webui.keyword.WebUiBuiltInKeywords.click(WebUiBuiltInKeywords.groovy:696)
	at TC_Employee_Job_Details.run(TC_Employee_Job_Details:23)
	at com.kms.katalon.core.main.ScriptEngine.run(ScriptEngine.java:194)
	at com.kms.katalon.core.main.ScriptEngine.runScriptAsRawText(ScriptEngine.java:119)
	at com.kms.katalon.core.main.TestCaseExecutor.runScript(TestCaseExecutor.java:448)
	at com.kms.katalon.core.main.TestCaseExecutor.doExecute(TestCaseExecutor.java:439)
	at com.kms.katalon.core.main.TestCaseExecutor.processExecutionPhase(TestCaseExecutor.java:418)
	at com.kms.katalon.core.main.TestCaseExecutor.accessMainPhase(TestCaseExecutor.java:410)
	at com.kms.katalon.core.main.TestCaseExecutor.execute(TestCaseExecutor.java:285)
	at com.kms.katalon.core.common.CommonExecutor.accessTestCaseMainPhase(CommonExecutor.java:65)
	at com.kms.katalon.core.main.TestSuiteExecutor.accessTestSuiteMainPhase(TestSuiteExecutor.java:161)
	at com.kms.katalon.core.main.TestSuiteExecutor.execute(TestSuiteExecutor.java:107)
	at com.kms.katalon.core.main.TestCaseMain.startTestSuite(TestCaseMain.java:176)
	at TempTestSuite1735263398717.run(TempTestSuite1735263398717.groovy:35)
	at java.base/jdk.internal.reflect.NativeMethodAccessorImpl.invoke0(Native Method)
	at java.base/jdk.internal.reflect.NativeMethodAccessorImpl.invoke(NativeMethodAccessorImpl.java:77)
	at java.base/jdk.internal.reflect.DelegatingMethodAccessorImpl.invoke(DelegatingMethodAccessorImpl.java:43)
Caused by: org.openqa.selenium.WebDriverException: disconnected: not connected to DevTools
  (failed to check if window was closed: disconnected: not connected to DevTools)
  (Session info: chrome=131.0.6778.205)
Build info: version: '4.22.0', revision: 'c5f3146703'
System info: os.name: 'Mac OS X', os.arch: 'aarch64', os.version: '15.2', java.version: '17.0.7'
Driver info: com.kms.katalon.selenium.driver.CChromeDriver
Command: [81c375fdc73980b0150be4854699555f, findElements {using=xpath, value=//div[@id='app']/div/div/aside/nav/div[2]/ul/li[2]/a}]
Capabilities {acceptInsecureCerts: false, browserName: chrome, browserVersion: 131.0.6778.205, chrome: {chromedriverVersion: 131.0.6778.85 (3d81e41b6f3a..., userDataDir: /var/folders/1j/l6215wsx1tb...}, fedcm:accounts: true, goog:chromeOptions: {debuggerAddress: localhost:49316}, networkConnectionEnabled: false, pageLoadStrategy: normal, platformName: mac, proxy: Proxy(), se:cdp: ws://localhost:49316/devtoo..., se:cdpVersion: 131.0.6778.205, setWindowRect: true, strictFileInteractability: false, timeouts: {implicit: 0, pageLoad: 300000, script: 30000}, unhandledPromptBehavior: ignore, webSocketUrl: ws://localhost:6763/session..., webauthn:extension:credBlob: true, webauthn:extension:largeBlob: true, webauthn:extension:minPinLength: true, webauthn:extension:prf: true, webauthn:virtualAuthenticators: true}
Session ID: 81c375fdc73980b0150be4854699555f
	at jdk.internal.reflect.GeneratedConstructorAccessor34.newInstance(Unknown Source)
	at java.base/jdk.internal.reflect.DelegatingConstructorAccessorImpl.newInstance(DelegatingConstructorAccessorImpl.java:45)
	at org.openqa.selenium.remote.ErrorCodec.decode(ErrorCodec.java:167)
	at org.openqa.selenium.remote.codec.w3c.W3CHttpResponseCodec.decode(W3CHttpResponseCodec.java:138)
	at org.openqa.selenium.remote.codec.w3c.W3CHttpResponseCodec.decode(W3CHttpResponseCodec.java:50)
	at org.openqa.selenium.remote.HttpCommandExecutor.execute(HttpCommandExecutor.java:190)
	at org.openqa.selenium.remote.service.DriverCommandExecutor.invokeExecute(DriverCommandExecutor.java:216)
	at org.openqa.selenium.remote.service.DriverCommandExecutor.execute(DriverCommandExecutor.java:174)
	at org.openqa.selenium.remote.RemoteWebDriver.execute(RemoteWebDriver.java:518)
	at org.openqa.selenium.remote.ElementLocation$ElementFinder$2.findElements(ElementLocation.java:182)
	at org.openqa.selenium.remote.ElementLocation.findElements(ElementLocation.java:103)
	at org.openqa.selenium.remote.RemoteWebDriver.findElements(RemoteWebDriver.java:368)
	at org.openqa.selenium.remote.RemoteWebDriver.findElements(RemoteWebDriver.java:362)
	at jdk.internal.reflect.GeneratedMethodAccessor19.invoke(Unknown Source)
	at java.base/jdk.internal.reflect.DelegatingMethodAccessorImpl.invoke(DelegatingMethodAccessorImpl.java:43)
	at org.openqa.selenium.support.decorators.WebDriverDecorator.call(WebDriverDecorator.java:249)
	at org.openqa.selenium.support.decorators.DefaultDecorated.call(DefaultDecorated.java:48)
	at org.openqa.selenium.support.decorators.WebDriverDecorator.lambda$createProxy$2(WebDriverDecorator.java:321)
	at org.openqa.selenium.remote.RemoteWebDriver$ByteBuddy$QYIudDZq.findElements(Unknown Source)
	at com.kms.katalon.core.webui.common.WebUiCommonHelper.findElementByNormalMethods(WebUiCommonHelper.java:1036)
	at com.kms.katalon.core.webui.common.WebUiCommonHelper.findElementsBySelectedMethod(WebUiCommonHelper.java:927)
	at com.kms.katalon.core.webui.common.WebUiCommonHelper.findElementsBySelectedMethod(WebUiCommonHelper.java:909)
	at com.kms.katalon.core.webui.common.WebUiCommonHelper.findElementsBySelectedMethod(WebUiCommonHelper.java:904)
	at com.kms.katalon.core.webui.common.WebUiCommonHelper.findElementsByDefault(WebUiCommonHelper.java:900)
	at com.kms.katalon.core.webui.common.WebUiCommonHelper.findElementsWithSelfHealing(WebUiCommonHelper.java:746)
	at com.kms.katalon.core.webui.common.WebUiCommonHelper.findWebElements(WebUiCommonHelper.java:730)
	at com.kms.katalon.core.webui.common.WebUiCommonHelper.findWebElement(WebUiCommonHelper.java:1416)
	at com.kms.katalon.core.webui.keyword.internal.WebUIAbstractKeyword.findWebElement(WebUIAbstractKeyword.groovy:27)
	at com.kms.katalon.core.webui.keyword.builtin.ClickKeyword$_click_closure1.doCall(ClickKeyword.groovy:66)
	at com.kms.katalon.core.webui.keyword.builtin.ClickKeyword$_click_closure1.call(ClickKeyword.groovy)
	at com.kms.katalon.core.webui.keyword.internal.WebUIKeywordMain.runKeyword(WebUIKeywordMain.groovy:35)
	at com.kms.katalon.core.webui.keyword.builtin.ClickKeyword.click(ClickKeyword.groovy:75)
	at com.kms.katalon.core.webui.keyword.builtin.ClickKeyword.execute(ClickKeyword.groovy:40)
	at com.kms.katalon.core.keyword.internal.KeywordExecutor.executeKeywordForPlatform(KeywordExecutor.groovy:74)
	at com.kms.katalon.core.webui.keyword.WebUiBuiltInKeywords.click(WebUiBuiltInKeywords.groovy:696)
	at Script1734948563457.run(Script1734948563457.groovy:23)
	... 15 more
)]]></system-out>
         <system-err><![CDATA[27-12-2024T07:13:03 - [TEST_CASE][FAILED] - Test Cases/Employee_Onboarding/TC_Employee_Job_Details: Test Cases/Employee_Onboarding/TC_Employee_Job_Details FAILED.
Reason:
com.kms.katalon.core.exception.StepFailedException: Unable to click on object 'Object Repository/Employee-Onboarding/Employee_Jobs/Page_OrangeHRM/a_PIM'
	at com.kms.katalon.core.webui.keyword.internal.WebUIKeywordMain.stepFailed(WebUIKeywordMain.groovy:117)
	at com.kms.katalon.core.webui.keyword.internal.WebUIKeywordMain.runKeyword(WebUIKeywordMain.groovy:43)
	at com.kms.katalon.core.webui.keyword.builtin.ClickKeyword.click(ClickKeyword.groovy:75)
	at com.kms.katalon.core.webui.keyword.builtin.ClickKeyword.execute(ClickKeyword.groovy:40)
	at com.kms.katalon.core.keyword.internal.KeywordExecutor.executeKeywordForPlatform(KeywordExecutor.groovy:74)
	at com.kms.katalon.core.webui.keyword.WebUiBuiltInKeywords.click(WebUiBuiltInKeywords.groovy:696)
	at TC_Employee_Job_Details.run(TC_Employee_Job_Details:23)
	at com.kms.katalon.core.main.ScriptEngine.run(ScriptEngine.java:194)
	at com.kms.katalon.core.main.ScriptEngine.runScriptAsRawText(ScriptEngine.java:119)
	at com.kms.katalon.core.main.TestCaseExecutor.runScript(TestCaseExecutor.java:448)
	at com.kms.katalon.core.main.TestCaseExecutor.doExecute(TestCaseExecutor.java:439)
	at com.kms.katalon.core.main.TestCaseExecutor.processExecutionPhase(TestCaseExecutor.java:418)
	at com.kms.katalon.core.main.TestCaseExecutor.accessMainPhase(TestCaseExecutor.java:410)
	at com.kms.katalon.core.main.TestCaseExecutor.execute(TestCaseExecutor.java:285)
	at com.kms.katalon.core.common.CommonExecutor.accessTestCaseMainPhase(CommonExecutor.java:65)
	at com.kms.katalon.core.main.TestSuiteExecutor.accessTestSuiteMainPhase(TestSuiteExecutor.java:161)
	at com.kms.katalon.core.main.TestSuiteExecutor.execute(TestSuiteExecutor.java:107)
	at com.kms.katalon.core.main.TestCaseMain.startTestSuite(TestCaseMain.java:176)
	at TempTestSuite1735263398717.run(TempTestSuite1735263398717.groovy:35)
	at java.base/jdk.internal.reflect.NativeMethodAccessorImpl.invoke0(Native Method)
	at java.base/jdk.internal.reflect.NativeMethodAccessorImpl.invoke(NativeMethodAccessorImpl.java:77)
	at java.base/jdk.internal.reflect.DelegatingMethodAccessorImpl.invoke(DelegatingMethodAccessorImpl.java:43)
Caused by: org.openqa.selenium.WebDriverException: disconnected: not connected to DevTools
  (failed to check if window was closed: disconnected: not connected to DevTools)
  (Session info: chrome=131.0.6778.205)
Build info: version: '4.22.0', revision: 'c5f3146703'
System info: os.name: 'Mac OS X', os.arch: 'aarch64', os.version: '15.2', java.version: '17.0.7'
Driver info: com.kms.katalon.selenium.driver.CChromeDriver
Command: [81c375fdc73980b0150be4854699555f, findElements {using=xpath, value=//div[@id='app']/div/div/aside/nav/div[2]/ul/li[2]/a}]
Capabilities {acceptInsecureCerts: false, browserName: chrome, browserVersion: 131.0.6778.205, chrome: {chromedriverVersion: 131.0.6778.85 (3d81e41b6f3a..., userDataDir: /var/folders/1j/l6215wsx1tb...}, fedcm:accounts: true, goog:chromeOptions: {debuggerAddress: localhost:49316}, networkConnectionEnabled: false, pageLoadStrategy: normal, platformName: mac, proxy: Proxy(), se:cdp: ws://localhost:49316/devtoo..., se:cdpVersion: 131.0.6778.205, setWindowRect: true, strictFileInteractability: false, timeouts: {implicit: 0, pageLoad: 300000, script: 30000}, unhandledPromptBehavior: ignore, webSocketUrl: ws://localhost:6763/session..., webauthn:extension:credBlob: true, webauthn:extension:largeBlob: true, webauthn:extension:minPinLength: true, webauthn:extension:prf: true, webauthn:virtualAuthenticators: true}
Session ID: 81c375fdc73980b0150be4854699555f
	at jdk.internal.reflect.GeneratedConstructorAccessor34.newInstance(Unknown Source)
	at java.base/jdk.internal.reflect.DelegatingConstructorAccessorImpl.newInstance(DelegatingConstructorAccessorImpl.java:45)
	at org.openqa.selenium.remote.ErrorCodec.decode(ErrorCodec.java:167)
	at org.openqa.selenium.remote.codec.w3c.W3CHttpResponseCodec.decode(W3CHttpResponseCodec.java:138)
	at org.openqa.selenium.remote.codec.w3c.W3CHttpResponseCodec.decode(W3CHttpResponseCodec.java:50)
	at org.openqa.selenium.remote.HttpCommandExecutor.execute(HttpCommandExecutor.java:190)
	at org.openqa.selenium.remote.service.DriverCommandExecutor.invokeExecute(DriverCommandExecutor.java:216)
	at org.openqa.selenium.remote.service.DriverCommandExecutor.execute(DriverCommandExecutor.java:174)
	at org.openqa.selenium.remote.RemoteWebDriver.execute(RemoteWebDriver.java:518)
	at org.openqa.selenium.remote.ElementLocation$ElementFinder$2.findElements(ElementLocation.java:182)
	at org.openqa.selenium.remote.ElementLocation.findElements(ElementLocation.java:103)
	at org.openqa.selenium.remote.RemoteWebDriver.findElements(RemoteWebDriver.java:368)
	at org.openqa.selenium.remote.RemoteWebDriver.findElements(RemoteWebDriver.java:362)
	at jdk.internal.reflect.GeneratedMethodAccessor19.invoke(Unknown Source)
	at java.base/jdk.internal.reflect.DelegatingMethodAccessorImpl.invoke(DelegatingMethodAccessorImpl.java:43)
	at org.openqa.selenium.support.decorators.WebDriverDecorator.call(WebDriverDecorator.java:249)
	at org.openqa.selenium.support.decorators.DefaultDecorated.call(DefaultDecorated.java:48)
	at org.openqa.selenium.support.decorators.WebDriverDecorator.lambda$createProxy$2(WebDriverDecorator.java:321)
	at org.openqa.selenium.remote.RemoteWebDriver$ByteBuddy$QYIudDZq.findElements(Unknown Source)
	at com.kms.katalon.core.webui.common.WebUiCommonHelper.findElementByNormalMethods(WebUiCommonHelper.java:1036)
	at com.kms.katalon.core.webui.common.WebUiCommonHelper.findElementsBySelectedMethod(WebUiCommonHelper.java:927)
	at com.kms.katalon.core.webui.common.WebUiCommonHelper.findElementsBySelectedMethod(WebUiCommonHelper.java:909)
	at com.kms.katalon.core.webui.common.WebUiCommonHelper.findElementsBySelectedMethod(WebUiCommonHelper.java:904)
	at com.kms.katalon.core.webui.common.WebUiCommonHelper.findElementsByDefault(WebUiCommonHelper.java:900)
	at com.kms.katalon.core.webui.common.WebUiCommonHelper.findElementsWithSelfHealing(WebUiCommonHelper.java:746)
	at com.kms.katalon.core.webui.common.WebUiCommonHelper.findWebElements(WebUiCommonHelper.java:730)
	at com.kms.katalon.core.webui.common.WebUiCommonHelper.findWebElement(WebUiCommonHelper.java:1416)
	at com.kms.katalon.core.webui.keyword.internal.WebUIAbstractKeyword.findWebElement(WebUIAbstractKeyword.groovy:27)
	at com.kms.katalon.core.webui.keyword.builtin.ClickKeyword$_click_closure1.doCall(ClickKeyword.groovy:66)
	at com.kms.katalon.core.webui.keyword.builtin.ClickKeyword$_click_closure1.call(ClickKeyword.groovy)
	at com.kms.katalon.core.webui.keyword.internal.WebUIKeywordMain.runKeyword(WebUIKeywordMain.groovy:35)
	... 20 more]]></system-err>
      </testcase>
      <testcase name="Test Cases/Employee_Onboarding/TC_Employee_Job_Details" time="1.014" classname="Test Cases/Employee_Onboarding/TC_Employee_Job_Details" status="FAILED">
         <failure type="FAILED" message="Test Cases/Employee_Onboarding/TC_Employee_Job_Details FAILED.&#xa;Reason:&#xa;com.kms.katalon.core.exception.StepFailedException: Unable to click on object 'Object Repository/Employee-Onboarding/Employee_Jobs/Page_OrangeHRM/a_PIM'&#xa;	at com.kms.katalon.core.webui.keyword.internal.WebUIKeywordMain.stepFailed(WebUIKeywordMain.groovy:117)&#xa;	at com.kms.katalon.core.webui.keyword.internal.WebUIKeywordMain.runKeyword(WebUIKeywordMain.groovy:43)&#xa;	at com.kms.katalon.core.webui.keyword.builtin.ClickKeyword.click(ClickKeyword.groovy:75)&#xa;	at com.kms.katalon.core.webui.keyword.builtin.ClickKeyword.execute(ClickKeyword.groovy:40)&#xa;	at com.kms.katalon.core.keyword.internal.KeywordExecutor.executeKeywordForPlatform(KeywordExecutor.groovy:74)&#xa;	at com.kms.katalon.core.webui.keyword.WebUiBuiltInKeywords.click(WebUiBuiltInKeywords.groovy:696)&#xa;	at TC_Employee_Job_Details.run(TC_Employee_Job_Details:23)&#xa;	at com.kms.katalon.core.main.ScriptEngine.run(ScriptEngine.java:194)&#xa;	at com.kms.katalon.core.main.ScriptEngine.runScriptAsRawText(ScriptEngine.java:119)&#xa;	at com.kms.katalon.core.main.TestCaseExecutor.runScript(TestCaseExecutor.java:448)&#xa;	at com.kms.katalon.core.main.TestCaseExecutor.doExecute(TestCaseExecutor.java:439)&#xa;	at com.kms.katalon.core.main.TestCaseExecutor.processExecutionPhase(TestCaseExecutor.java:418)&#xa;	at com.kms.katalon.core.main.TestCaseExecutor.accessMainPhase(TestCaseExecutor.java:410)&#xa;	at com.kms.katalon.core.main.TestCaseExecutor.execute(TestCaseExecutor.java:285)&#xa;	at com.kms.katalon.core.common.CommonExecutor.accessTestCaseMainPhase(CommonExecutor.java:65)&#xa;	at com.kms.katalon.core.main.TestSuiteExecutor.accessTestSuiteMainPhase(TestSuiteExecutor.java:161)&#xa;	at com.kms.katalon.core.main.TestSuiteExecutor.execute(TestSuiteExecutor.java:107)&#xa;	at com.kms.katalon.core.main.TestCaseMain.startTestSuite(TestCaseMain.java:176)&#xa;	at TempTestSuite1735263398717.run(TempTestSuite1735263398717.groovy:35)&#xa;	at java.base/jdk.internal.reflect.NativeMethodAccessorImpl.invoke0(Native Method)&#xa;	at java.base/jdk.internal.reflect.NativeMethodAccessorImpl.invoke(NativeMethodAccessorImpl.java:77)&#xa;	at java.base/jdk.internal.reflect.DelegatingMethodAccessorImpl.invoke(DelegatingMethodAccessorImpl.java:43)&#xa;Caused by: org.openqa.selenium.WebDriverException: disconnected: not connected to DevTools&#xa;  (failed to check if window was closed: disconnected: not connected to DevTools)&#xa;  (Session info: chrome=131.0.6778.205)&#xa;Build info: version: '4.22.0', revision: 'c5f3146703'&#xa;System info: os.name: 'Mac OS X', os.arch: 'aarch64', os.version: '15.2', java.version: '17.0.7'&#xa;Driver info: com.kms.katalon.selenium.driver.CChromeDriver&#xa;Command: [81c375fdc73980b0150be4854699555f, findElements {using=xpath, value=//div[@id='app']/div/div/aside/nav/div[2]/ul/li[2]/a}]&#xa;Capabilities {acceptInsecureCerts: false, browserName: chrome, browserVersion: 131.0.6778.205, chrome: {chromedriverVersion: 131.0.6778.85 (3d81e41b6f3a..., userDataDir: /var/folders/1j/l6215wsx1tb...}, fedcm:accounts: true, goog:chromeOptions: {debuggerAddress: localhost:49316}, networkConnectionEnabled: false, pageLoadStrategy: normal, platformName: mac, proxy: Proxy(), se:cdp: ws://localhost:49316/devtoo..., se:cdpVersion: 131.0.6778.205, setWindowRect: true, strictFileInteractability: false, timeouts: {implicit: 0, pageLoad: 300000, script: 30000}, unhandledPromptBehavior: ignore, webSocketUrl: ws://localhost:6763/session..., webauthn:extension:credBlob: true, webauthn:extension:largeBlob: true, webauthn:extension:minPinLength: true, webauthn:extension:prf: true, webauthn:virtualAuthenticators: true}&#xa;Session ID: 81c375fdc73980b0150be4854699555f&#xa;	at jdk.internal.reflect.GeneratedConstructorAccessor34.newInstance(Unknown Source)&#xa;	at java.base/jdk.internal.reflect.DelegatingConstructorAccessorImpl.newInstance(DelegatingConstructorAccessorImpl.java:45)&#xa;	at org.openqa.selenium.remote.ErrorCodec.decode(ErrorCodec.java:167)&#xa;	at org.openqa.selenium.remote.codec.w3c.W3CHttpResponseCodec.decode(W3CHttpResponseCodec.java:138)&#xa;	at org.openqa.selenium.remote.codec.w3c.W3CHttpResponseCodec.decode(W3CHttpResponseCodec.java:50)&#xa;	at org.openqa.selenium.remote.HttpCommandExecutor.execute(HttpCommandExecutor.java:190)&#xa;	at org.openqa.selenium.remote.service.DriverCommandExecutor.invokeExecute(DriverCommandExecutor.java:216)&#xa;	at org.openqa.selenium.remote.service.DriverCommandExecutor.execute(DriverCommandExecutor.java:174)&#xa;	at org.openqa.selenium.remote.RemoteWebDriver.execute(RemoteWebDriver.java:518)&#xa;	at org.openqa.selenium.remote.ElementLocation$ElementFinder$2.findElements(ElementLocation.java:182)&#xa;	at org.openqa.selenium.remote.ElementLocation.findElements(ElementLocation.java:103)&#xa;	at org.openqa.selenium.remote.RemoteWebDriver.findElements(RemoteWebDriver.java:368)&#xa;	at org.openqa.selenium.remote.RemoteWebDriver.findElements(RemoteWebDriver.java:362)&#xa;	at jdk.internal.reflect.GeneratedMethodAccessor19.invoke(Unknown Source)&#xa;	at java.base/jdk.internal.reflect.DelegatingMethodAccessorImpl.invoke(DelegatingMethodAccessorImpl.java:43)&#xa;	at org.openqa.selenium.support.decorators.WebDriverDecorator.call(WebDriverDecorator.java:249)&#xa;	at org.openqa.selenium.support.decorators.DefaultDecorated.call(DefaultDecorated.java:48)&#xa;	at org.openqa.selenium.support.decorators.WebDriverDecorator.lambda$createProxy$2(WebDriverDecorator.java:321)&#xa;	at org.openqa.selenium.remote.RemoteWebDriver$ByteBuddy$QYIudDZq.findElements(Unknown Source)&#xa;	at com.kms.katalon.core.webui.common.WebUiCommonHelper.findElementByNormalMethods(WebUiCommonHelper.java:1036)&#xa;	at com.kms.katalon.core.webui.common.WebUiCommonHelper.findElementsBySelectedMethod(WebUiCommonHelper.java:927)&#xa;	at com.kms.katalon.core.webui.common.WebUiCommonHelper.findElementsBySelectedMethod(WebUiCommonHelper.java:909)&#xa;	at com.kms.katalon.core.webui.common.WebUiCommonHelper.findElementsBySelectedMethod(WebUiCommonHelper.java:904)&#xa;	at com.kms.katalon.core.webui.common.WebUiCommonHelper.findElementsByDefault(WebUiCommonHelper.java:900)&#xa;	at com.kms.katalon.core.webui.common.WebUiCommonHelper.findElementsWithSelfHealing(WebUiCommonHelper.java:746)&#xa;	at com.kms.katalon.core.webui.common.WebUiCommonHelper.findWebElements(WebUiCommonHelper.java:730)&#xa;	at com.kms.katalon.core.webui.common.WebUiCommonHelper.findWebElement(WebUiCommonHelper.java:1416)&#xa;	at com.kms.katalon.core.webui.keyword.internal.WebUIAbstractKeyword.findWebElement(WebUIAbstractKeyword.groovy:27)&#xa;	at com.kms.katalon.core.webui.keyword.builtin.ClickKeyword$_click_closure1.doCall(ClickKeyword.groovy:66)&#xa;	at com.kms.katalon.core.webui.keyword.builtin.ClickKeyword$_click_closure1.call(ClickKeyword.groovy)&#xa;	at com.kms.katalon.core.webui.keyword.internal.WebUIKeywordMain.runKeyword(WebUIKeywordMain.groovy:35)&#xa;	... 20 more&#xa;"/>
         <system-out><![CDATA[27-12-2024T07:13:04 - [TEST_CASE][FAILED] - Test Cases/Employee_Onboarding/TC_Employee_Job_Details: Test Cases/Employee_Onboarding/TC_Employee_Job_Details FAILED.
Reason:
com.kms.katalon.core.exception.StepFailedException: Unable to click on object 'Object Repository/Employee-Onboarding/Employee_Jobs/Page_OrangeHRM/a_PIM'
	at com.kms.katalon.core.webui.keyword.internal.WebUIKeywordMain.stepFailed(WebUIKeywordMain.groovy:117)
	at com.kms.katalon.core.webui.keyword.internal.WebUIKeywordMain.runKeyword(WebUIKeywordMain.groovy:43)
	at com.kms.katalon.core.webui.keyword.builtin.ClickKeyword.click(ClickKeyword.groovy:75)
	at com.kms.katalon.core.webui.keyword.builtin.ClickKeyword.execute(ClickKeyword.groovy:40)
	at com.kms.katalon.core.keyword.internal.KeywordExecutor.executeKeywordForPlatform(KeywordExecutor.groovy:74)
	at com.kms.katalon.core.webui.keyword.WebUiBuiltInKeywords.click(WebUiBuiltInKeywords.groovy:696)
	at TC_Employee_Job_Details.run(TC_Employee_Job_Details:23)
	at com.kms.katalon.core.main.ScriptEngine.run(ScriptEngine.java:194)
	at com.kms.katalon.core.main.ScriptEngine.runScriptAsRawText(ScriptEngine.java:119)
	at com.kms.katalon.core.main.TestCaseExecutor.runScript(TestCaseExecutor.java:448)
	at com.kms.katalon.core.main.TestCaseExecutor.doExecute(TestCaseExecutor.java:439)
	at com.kms.katalon.core.main.TestCaseExecutor.processExecutionPhase(TestCaseExecutor.java:418)
	at com.kms.katalon.core.main.TestCaseExecutor.accessMainPhase(TestCaseExecutor.java:410)
	at com.kms.katalon.core.main.TestCaseExecutor.execute(TestCaseExecutor.java:285)
	at com.kms.katalon.core.common.CommonExecutor.accessTestCaseMainPhase(CommonExecutor.java:65)
	at com.kms.katalon.core.main.TestSuiteExecutor.accessTestSuiteMainPhase(TestSuiteExecutor.java:161)
	at com.kms.katalon.core.main.TestSuiteExecutor.execute(TestSuiteExecutor.java:107)
	at com.kms.katalon.core.main.TestCaseMain.startTestSuite(TestCaseMain.java:176)
	at TempTestSuite1735263398717.run(TempTestSuite1735263398717.groovy:35)
	at java.base/jdk.internal.reflect.NativeMethodAccessorImpl.invoke0(Native Method)
	at java.base/jdk.internal.reflect.NativeMethodAccessorImpl.invoke(NativeMethodAccessorImpl.java:77)
	at java.base/jdk.internal.reflect.DelegatingMethodAccessorImpl.invoke(DelegatingMethodAccessorImpl.java:43)
Caused by: org.openqa.selenium.WebDriverException: disconnected: not connected to DevTools
  (failed to check if window was closed: disconnected: not connected to DevTools)
  (Session info: chrome=131.0.6778.205)
Build info: version: '4.22.0', revision: 'c5f3146703'
System info: os.name: 'Mac OS X', os.arch: 'aarch64', os.version: '15.2', java.version: '17.0.7'
Driver info: com.kms.katalon.selenium.driver.CChromeDriver
Command: [81c375fdc73980b0150be4854699555f, findElements {using=xpath, value=//div[@id='app']/div/div/aside/nav/div[2]/ul/li[2]/a}]
Capabilities {acceptInsecureCerts: false, browserName: chrome, browserVersion: 131.0.6778.205, chrome: {chromedriverVersion: 131.0.6778.85 (3d81e41b6f3a..., userDataDir: /var/folders/1j/l6215wsx1tb...}, fedcm:accounts: true, goog:chromeOptions: {debuggerAddress: localhost:49316}, networkConnectionEnabled: false, pageLoadStrategy: normal, platformName: mac, proxy: Proxy(), se:cdp: ws://localhost:49316/devtoo..., se:cdpVersion: 131.0.6778.205, setWindowRect: true, strictFileInteractability: false, timeouts: {implicit: 0, pageLoad: 300000, script: 30000}, unhandledPromptBehavior: ignore, webSocketUrl: ws://localhost:6763/session..., webauthn:extension:credBlob: true, webauthn:extension:largeBlob: true, webauthn:extension:minPinLength: true, webauthn:extension:prf: true, webauthn:virtualAuthenticators: true}
Session ID: 81c375fdc73980b0150be4854699555f
	at jdk.internal.reflect.GeneratedConstructorAccessor34.newInstance(Unknown Source)
	at java.base/jdk.internal.reflect.DelegatingConstructorAccessorImpl.newInstance(DelegatingConstructorAccessorImpl.java:45)
	at org.openqa.selenium.remote.ErrorCodec.decode(ErrorCodec.java:167)
	at org.openqa.selenium.remote.codec.w3c.W3CHttpResponseCodec.decode(W3CHttpResponseCodec.java:138)
	at org.openqa.selenium.remote.codec.w3c.W3CHttpResponseCodec.decode(W3CHttpResponseCodec.java:50)
	at org.openqa.selenium.remote.HttpCommandExecutor.execute(HttpCommandExecutor.java:190)
	at org.openqa.selenium.remote.service.DriverCommandExecutor.invokeExecute(DriverCommandExecutor.java:216)
	at org.openqa.selenium.remote.service.DriverCommandExecutor.execute(DriverCommandExecutor.java:174)
	at org.openqa.selenium.remote.RemoteWebDriver.execute(RemoteWebDriver.java:518)
	at org.openqa.selenium.remote.ElementLocation$ElementFinder$2.findElements(ElementLocation.java:182)
	at org.openqa.selenium.remote.ElementLocation.findElements(ElementLocation.java:103)
	at org.openqa.selenium.remote.RemoteWebDriver.findElements(RemoteWebDriver.java:368)
	at org.openqa.selenium.remote.RemoteWebDriver.findElements(RemoteWebDriver.java:362)
	at jdk.internal.reflect.GeneratedMethodAccessor19.invoke(Unknown Source)
	at java.base/jdk.internal.reflect.DelegatingMethodAccessorImpl.invoke(DelegatingMethodAccessorImpl.java:43)
	at org.openqa.selenium.support.decorators.WebDriverDecorator.call(WebDriverDecorator.java:249)
	at org.openqa.selenium.support.decorators.DefaultDecorated.call(DefaultDecorated.java:48)
	at org.openqa.selenium.support.decorators.WebDriverDecorator.lambda$createProxy$2(WebDriverDecorator.java:321)
	at org.openqa.selenium.remote.RemoteWebDriver$ByteBuddy$QYIudDZq.findElements(Unknown Source)
	at com.kms.katalon.core.webui.common.WebUiCommonHelper.findElementByNormalMethods(WebUiCommonHelper.java:1036)
	at com.kms.katalon.core.webui.common.WebUiCommonHelper.findElementsBySelectedMethod(WebUiCommonHelper.java:927)
	at com.kms.katalon.core.webui.common.WebUiCommonHelper.findElementsBySelectedMethod(WebUiCommonHelper.java:909)
	at com.kms.katalon.core.webui.common.WebUiCommonHelper.findElementsBySelectedMethod(WebUiCommonHelper.java:904)
	at com.kms.katalon.core.webui.common.WebUiCommonHelper.findElementsByDefault(WebUiCommonHelper.java:900)
	at com.kms.katalon.core.webui.common.WebUiCommonHelper.findElementsWithSelfHealing(WebUiCommonHelper.java:746)
	at com.kms.katalon.core.webui.common.WebUiCommonHelper.findWebElements(WebUiCommonHelper.java:730)
	at com.kms.katalon.core.webui.common.WebUiCommonHelper.findWebElement(WebUiCommonHelper.java:1416)
	at com.kms.katalon.core.webui.keyword.internal.WebUIAbstractKeyword.findWebElement(WebUIAbstractKeyword.groovy:27)
	at com.kms.katalon.core.webui.keyword.builtin.ClickKeyword$_click_closure1.doCall(ClickKeyword.groovy:66)
	at com.kms.katalon.core.webui.keyword.builtin.ClickKeyword$_click_closure1.call(ClickKeyword.groovy)
	at com.kms.katalon.core.webui.keyword.internal.WebUIKeywordMain.runKeyword(WebUIKeywordMain.groovy:35)
	... 20 more


27-12-2024T07:13:04 - [TEST_STEP][PASSED] - comment("Step 1: Click on the "PIM" tab to access the Employee Management section"): Step 1: Click on the "PIM" tab to access the Employee Management section

27-12-2024T07:13:04 - [MESSAGE][INFO] - Step 1: Click on the "PIM" tab to access the Employee Management section

27-12-2024T07:13:04 - [TEST_STEP][FAILED] - click(findTestObject("Object Repository/Employee-Onboarding/Employee_Jobs/Page_OrangeHRM/a_PIM")): Unable to click on object 'Object Repository/Employee-Onboarding/Employee_Jobs/Page_OrangeHRM/a_PIM' (Root cause: com.kms.katalon.core.exception.StepFailedException: Unable to click on object 'Object Repository/Employee-Onboarding/Employee_Jobs/Page_OrangeHRM/a_PIM'
	at com.kms.katalon.core.webui.keyword.internal.WebUIKeywordMain.stepFailed(WebUIKeywordMain.groovy:117)
	at com.kms.katalon.core.webui.keyword.internal.WebUIKeywordMain.runKeyword(WebUIKeywordMain.groovy:43)
	at com.kms.katalon.core.webui.keyword.builtin.ClickKeyword.click(ClickKeyword.groovy:75)
	at com.kms.katalon.core.webui.keyword.builtin.ClickKeyword.execute(ClickKeyword.groovy:40)
	at com.kms.katalon.core.keyword.internal.KeywordExecutor.executeKeywordForPlatform(KeywordExecutor.groovy:74)
	at com.kms.katalon.core.webui.keyword.WebUiBuiltInKeywords.click(WebUiBuiltInKeywords.groovy:696)
	at TC_Employee_Job_Details.run(TC_Employee_Job_Details:23)
	at com.kms.katalon.core.main.ScriptEngine.run(ScriptEngine.java:194)
	at com.kms.katalon.core.main.ScriptEngine.runScriptAsRawText(ScriptEngine.java:119)
	at com.kms.katalon.core.main.TestCaseExecutor.runScript(TestCaseExecutor.java:448)
	at com.kms.katalon.core.main.TestCaseExecutor.doExecute(TestCaseExecutor.java:439)
	at com.kms.katalon.core.main.TestCaseExecutor.processExecutionPhase(TestCaseExecutor.java:418)
	at com.kms.katalon.core.main.TestCaseExecutor.accessMainPhase(TestCaseExecutor.java:410)
	at com.kms.katalon.core.main.TestCaseExecutor.execute(TestCaseExecutor.java:285)
	at com.kms.katalon.core.common.CommonExecutor.accessTestCaseMainPhase(CommonExecutor.java:65)
	at com.kms.katalon.core.main.TestSuiteExecutor.accessTestSuiteMainPhase(TestSuiteExecutor.java:161)
	at com.kms.katalon.core.main.TestSuiteExecutor.execute(TestSuiteExecutor.java:107)
	at com.kms.katalon.core.main.TestCaseMain.startTestSuite(TestCaseMain.java:176)
	at TempTestSuite1735263398717.run(TempTestSuite1735263398717.groovy:35)
	at java.base/jdk.internal.reflect.NativeMethodAccessorImpl.invoke0(Native Method)
	at java.base/jdk.internal.reflect.NativeMethodAccessorImpl.invoke(NativeMethodAccessorImpl.java:77)
	at java.base/jdk.internal.reflect.DelegatingMethodAccessorImpl.invoke(DelegatingMethodAccessorImpl.java:43)
Caused by: org.openqa.selenium.WebDriverException: disconnected: not connected to DevTools
  (failed to check if window was closed: disconnected: not connected to DevTools)
  (Session info: chrome=131.0.6778.205)
Build info: version: '4.22.0', revision: 'c5f3146703'
System info: os.name: 'Mac OS X', os.arch: 'aarch64', os.version: '15.2', java.version: '17.0.7'
Driver info: com.kms.katalon.selenium.driver.CChromeDriver
Command: [81c375fdc73980b0150be4854699555f, findElements {using=xpath, value=//div[@id='app']/div/div/aside/nav/div[2]/ul/li[2]/a}]
Capabilities {acceptInsecureCerts: false, browserName: chrome, browserVersion: 131.0.6778.205, chrome: {chromedriverVersion: 131.0.6778.85 (3d81e41b6f3a..., userDataDir: /var/folders/1j/l6215wsx1tb...}, fedcm:accounts: true, goog:chromeOptions: {debuggerAddress: localhost:49316}, networkConnectionEnabled: false, pageLoadStrategy: normal, platformName: mac, proxy: Proxy(), se:cdp: ws://localhost:49316/devtoo..., se:cdpVersion: 131.0.6778.205, setWindowRect: true, strictFileInteractability: false, timeouts: {implicit: 0, pageLoad: 300000, script: 30000}, unhandledPromptBehavior: ignore, webSocketUrl: ws://localhost:6763/session..., webauthn:extension:credBlob: true, webauthn:extension:largeBlob: true, webauthn:extension:minPinLength: true, webauthn:extension:prf: true, webauthn:virtualAuthenticators: true}
Session ID: 81c375fdc73980b0150be4854699555f
	at jdk.internal.reflect.GeneratedConstructorAccessor34.newInstance(Unknown Source)
	at java.base/jdk.internal.reflect.DelegatingConstructorAccessorImpl.newInstance(DelegatingConstructorAccessorImpl.java:45)
	at org.openqa.selenium.remote.ErrorCodec.decode(ErrorCodec.java:167)
	at org.openqa.selenium.remote.codec.w3c.W3CHttpResponseCodec.decode(W3CHttpResponseCodec.java:138)
	at org.openqa.selenium.remote.codec.w3c.W3CHttpResponseCodec.decode(W3CHttpResponseCodec.java:50)
	at org.openqa.selenium.remote.HttpCommandExecutor.execute(HttpCommandExecutor.java:190)
	at org.openqa.selenium.remote.service.DriverCommandExecutor.invokeExecute(DriverCommandExecutor.java:216)
	at org.openqa.selenium.remote.service.DriverCommandExecutor.execute(DriverCommandExecutor.java:174)
	at org.openqa.selenium.remote.RemoteWebDriver.execute(RemoteWebDriver.java:518)
	at org.openqa.selenium.remote.ElementLocation$ElementFinder$2.findElements(ElementLocation.java:182)
	at org.openqa.selenium.remote.ElementLocation.findElements(ElementLocation.java:103)
	at org.openqa.selenium.remote.RemoteWebDriver.findElements(RemoteWebDriver.java:368)
	at org.openqa.selenium.remote.RemoteWebDriver.findElements(RemoteWebDriver.java:362)
	at jdk.internal.reflect.GeneratedMethodAccessor19.invoke(Unknown Source)
	at java.base/jdk.internal.reflect.DelegatingMethodAccessorImpl.invoke(DelegatingMethodAccessorImpl.java:43)
	at org.openqa.selenium.support.decorators.WebDriverDecorator.call(WebDriverDecorator.java:249)
	at org.openqa.selenium.support.decorators.DefaultDecorated.call(DefaultDecorated.java:48)
	at org.openqa.selenium.support.decorators.WebDriverDecorator.lambda$createProxy$2(WebDriverDecorator.java:321)
	at org.openqa.selenium.remote.RemoteWebDriver$ByteBuddy$QYIudDZq.findElements(Unknown Source)
	at com.kms.katalon.core.webui.common.WebUiCommonHelper.findElementByNormalMethods(WebUiCommonHelper.java:1036)
	at com.kms.katalon.core.webui.common.WebUiCommonHelper.findElementsBySelectedMethod(WebUiCommonHelper.java:927)
	at com.kms.katalon.core.webui.common.WebUiCommonHelper.findElementsBySelectedMethod(WebUiCommonHelper.java:909)
	at com.kms.katalon.core.webui.common.WebUiCommonHelper.findElementsBySelectedMethod(WebUiCommonHelper.java:904)
	at com.kms.katalon.core.webui.common.WebUiCommonHelper.findElementsByDefault(WebUiCommonHelper.java:900)
	at com.kms.katalon.core.webui.common.WebUiCommonHelper.findElementsWithSelfHealing(WebUiCommonHelper.java:746)
	at com.kms.katalon.core.webui.common.WebUiCommonHelper.findWebElements(WebUiCommonHelper.java:730)
	at com.kms.katalon.core.webui.common.WebUiCommonHelper.findWebElement(WebUiCommonHelper.java:1416)
	at com.kms.katalon.core.webui.keyword.internal.WebUIAbstractKeyword.findWebElement(WebUIAbstractKeyword.groovy:27)
	at com.kms.katalon.core.webui.keyword.builtin.ClickKeyword$_click_closure1.doCall(ClickKeyword.groovy:66)
	at com.kms.katalon.core.webui.keyword.builtin.ClickKeyword$_click_closure1.call(ClickKeyword.groovy)
	at com.kms.katalon.core.webui.keyword.internal.WebUIKeywordMain.runKeyword(WebUIKeywordMain.groovy:35)
	at com.kms.katalon.core.webui.keyword.builtin.ClickKeyword.click(ClickKeyword.groovy:75)
	at com.kms.katalon.core.webui.keyword.builtin.ClickKeyword.execute(ClickKeyword.groovy:40)
	at com.kms.katalon.core.keyword.internal.KeywordExecutor.executeKeywordForPlatform(KeywordExecutor.groovy:74)
	at com.kms.katalon.core.webui.keyword.WebUiBuiltInKeywords.click(WebUiBuiltInKeywords.groovy:696)
	at Script1734948563457.run(Script1734948563457.groovy:23)
	... 15 more
)

27-12-2024T07:13:04 - [MESSAGE][WARNING] - [SELF-HEALING] Failed to find element with id 'Object Repository/Employee-Onboarding/Employee_Jobs/Page_OrangeHRM/a_PIM'. Try using Self-healing.

27-12-2024T07:13:04 - [MESSAGE][WARNING] - [SELF-HEALING] disconnected: not connected to DevTools
  (failed to check if window was closed: disconnected: not connected to DevTools)
  (Session info: chrome=131.0.6778.205)
Build info: version: '4.22.0', revision: 'c5f3146703'
System info: os.name: 'Mac OS X', os.arch: 'aarch64', os.version: '15.2', java.version: '17.0.7'
Driver info: com.kms.katalon.selenium.driver.CChromeDriver
Command: [81c375fdc73980b0150be4854699555f, findElements {using=xpath, value=//div[@id='app']/div/div/aside/nav/div[2]/ul/li[2]/a}]
Capabilities {acceptInsecureCerts: false, browserName: chrome, browserVersion: 131.0.6778.205, chrome: {chromedriverVersion: 131.0.6778.85 (3d81e41b6f3a..., userDataDir: /var/folders/1j/l6215wsx1tb...}, fedcm:accounts: true, goog:chromeOptions: {debuggerAddress: localhost:49316}, networkConnectionEnabled: false, pageLoadStrategy: normal, platformName: mac, proxy: Proxy(), se:cdp: ws://localhost:49316/devtoo..., se:cdpVersion: 131.0.6778.205, setWindowRect: true, strictFileInteractability: false, timeouts: {implicit: 0, pageLoad: 300000, script: 30000}, unhandledPromptBehavior: ignore, webSocketUrl: ws://localhost:6763/session..., webauthn:extension:credBlob: true, webauthn:extension:largeBlob: true, webauthn:extension:minPinLength: true, webauthn:extension:prf: true, webauthn:virtualAuthenticators: true}
Session ID: 81c375fdc73980b0150be4854699555f

27-12-2024T07:13:05 - [MESSAGE][WARNING] - [SELF-HEALING] disconnected: not connected to DevTools
  (failed to check if window was closed: disconnected: not connected to DevTools)
  (Session info: chrome=131.0.6778.205)
Build info: version: '4.22.0', revision: 'c5f3146703'
System info: os.name: 'Mac OS X', os.arch: 'aarch64', os.version: '15.2', java.version: '17.0.7'
Driver info: com.kms.katalon.selenium.driver.CChromeDriver
Command: [81c375fdc73980b0150be4854699555f, findElements {using=xpath, value=//*[@href = '/web/index.php/pim/viewPimModule' and (text() = 'PIM' or . = 'PIM')]}]
Capabilities {acceptInsecureCerts: false, browserName: chrome, browserVersion: 131.0.6778.205, chrome: {chromedriverVersion: 131.0.6778.85 (3d81e41b6f3a..., userDataDir: /var/folders/1j/l6215wsx1tb...}, fedcm:accounts: true, goog:chromeOptions: {debuggerAddress: localhost:49316}, networkConnectionEnabled: false, pageLoadStrategy: normal, platformName: mac, proxy: Proxy(), se:cdp: ws://localhost:49316/devtoo..., se:cdpVersion: 131.0.6778.205, setWindowRect: true, strictFileInteractability: false, timeouts: {implicit: 0, pageLoad: 300000, script: 30000}, unhandledPromptBehavior: ignore, webSocketUrl: ws://localhost:6763/session..., webauthn:extension:credBlob: true, webauthn:extension:largeBlob: true, webauthn:extension:minPinLength: true, webauthn:extension:prf: true, webauthn:virtualAuthenticators: true}
Session ID: 81c375fdc73980b0150be4854699555f

27-12-2024T07:13:05 - [MESSAGE][WARNING] - [SELF-HEALING] disconnected: not connected to DevTools
  (failed to check if window was closed: disconnected: not connected to DevTools)
  (Session info: chrome=131.0.6778.205)
Build info: version: '4.22.0', revision: 'c5f3146703'
System info: os.name: 'Mac OS X', os.arch: 'aarch64', os.version: '15.2', java.version: '17.0.7'
Driver info: com.kms.katalon.selenium.driver.CChromeDriver
Command: [81c375fdc73980b0150be4854699555f, findElements {using=css selector, value=}]
Capabilities {acceptInsecureCerts: false, browserName: chrome, browserVersion: 131.0.6778.205, chrome: {chromedriverVersion: 131.0.6778.85 (3d81e41b6f3a..., userDataDir: /var/folders/1j/l6215wsx1tb...}, fedcm:accounts: true, goog:chromeOptions: {debuggerAddress: localhost:49316}, networkConnectionEnabled: false, pageLoadStrategy: normal, platformName: mac, proxy: Proxy(), se:cdp: ws://localhost:49316/devtoo..., se:cdpVersion: 131.0.6778.205, setWindowRect: true, strictFileInteractability: false, timeouts: {implicit: 0, pageLoad: 300000, script: 30000}, unhandledPromptBehavior: ignore, webSocketUrl: ws://localhost:6763/session..., webauthn:extension:credBlob: true, webauthn:extension:largeBlob: true, webauthn:extension:minPinLength: true, webauthn:extension:prf: true, webauthn:virtualAuthenticators: true}
Session ID: 81c375fdc73980b0150be4854699555f

27-12-2024T07:13:05 - [MESSAGE][WARNING] - Cannot take screenshot

27-12-2024T07:13:05 - [MESSAGE][FAILED] - Unable to click on object 'Object Repository/Employee-Onboarding/Employee_Jobs/Page_OrangeHRM/a_PIM' (Root cause: com.kms.katalon.core.exception.StepFailedException: Unable to click on object 'Object Repository/Employee-Onboarding/Employee_Jobs/Page_OrangeHRM/a_PIM'
	at com.kms.katalon.core.webui.keyword.internal.WebUIKeywordMain.stepFailed(WebUIKeywordMain.groovy:117)
	at com.kms.katalon.core.webui.keyword.internal.WebUIKeywordMain.runKeyword(WebUIKeywordMain.groovy:43)
	at com.kms.katalon.core.webui.keyword.builtin.ClickKeyword.click(ClickKeyword.groovy:75)
	at com.kms.katalon.core.webui.keyword.builtin.ClickKeyword.execute(ClickKeyword.groovy:40)
	at com.kms.katalon.core.keyword.internal.KeywordExecutor.executeKeywordForPlatform(KeywordExecutor.groovy:74)
	at com.kms.katalon.core.webui.keyword.WebUiBuiltInKeywords.click(WebUiBuiltInKeywords.groovy:696)
	at TC_Employee_Job_Details.run(TC_Employee_Job_Details:23)
	at com.kms.katalon.core.main.ScriptEngine.run(ScriptEngine.java:194)
	at com.kms.katalon.core.main.ScriptEngine.runScriptAsRawText(ScriptEngine.java:119)
	at com.kms.katalon.core.main.TestCaseExecutor.runScript(TestCaseExecutor.java:448)
	at com.kms.katalon.core.main.TestCaseExecutor.doExecute(TestCaseExecutor.java:439)
	at com.kms.katalon.core.main.TestCaseExecutor.processExecutionPhase(TestCaseExecutor.java:418)
	at com.kms.katalon.core.main.TestCaseExecutor.accessMainPhase(TestCaseExecutor.java:410)
	at com.kms.katalon.core.main.TestCaseExecutor.execute(TestCaseExecutor.java:285)
	at com.kms.katalon.core.common.CommonExecutor.accessTestCaseMainPhase(CommonExecutor.java:65)
	at com.kms.katalon.core.main.TestSuiteExecutor.accessTestSuiteMainPhase(TestSuiteExecutor.java:161)
	at com.kms.katalon.core.main.TestSuiteExecutor.execute(TestSuiteExecutor.java:107)
	at com.kms.katalon.core.main.TestCaseMain.startTestSuite(TestCaseMain.java:176)
	at TempTestSuite1735263398717.run(TempTestSuite1735263398717.groovy:35)
	at java.base/jdk.internal.reflect.NativeMethodAccessorImpl.invoke0(Native Method)
	at java.base/jdk.internal.reflect.NativeMethodAccessorImpl.invoke(NativeMethodAccessorImpl.java:77)
	at java.base/jdk.internal.reflect.DelegatingMethodAccessorImpl.invoke(DelegatingMethodAccessorImpl.java:43)
Caused by: org.openqa.selenium.WebDriverException: disconnected: not connected to DevTools
  (failed to check if window was closed: disconnected: not connected to DevTools)
  (Session info: chrome=131.0.6778.205)
Build info: version: '4.22.0', revision: 'c5f3146703'
System info: os.name: 'Mac OS X', os.arch: 'aarch64', os.version: '15.2', java.version: '17.0.7'
Driver info: com.kms.katalon.selenium.driver.CChromeDriver
Command: [81c375fdc73980b0150be4854699555f, findElements {using=xpath, value=//div[@id='app']/div/div/aside/nav/div[2]/ul/li[2]/a}]
Capabilities {acceptInsecureCerts: false, browserName: chrome, browserVersion: 131.0.6778.205, chrome: {chromedriverVersion: 131.0.6778.85 (3d81e41b6f3a..., userDataDir: /var/folders/1j/l6215wsx1tb...}, fedcm:accounts: true, goog:chromeOptions: {debuggerAddress: localhost:49316}, networkConnectionEnabled: false, pageLoadStrategy: normal, platformName: mac, proxy: Proxy(), se:cdp: ws://localhost:49316/devtoo..., se:cdpVersion: 131.0.6778.205, setWindowRect: true, strictFileInteractability: false, timeouts: {implicit: 0, pageLoad: 300000, script: 30000}, unhandledPromptBehavior: ignore, webSocketUrl: ws://localhost:6763/session..., webauthn:extension:credBlob: true, webauthn:extension:largeBlob: true, webauthn:extension:minPinLength: true, webauthn:extension:prf: true, webauthn:virtualAuthenticators: true}
Session ID: 81c375fdc73980b0150be4854699555f
	at jdk.internal.reflect.GeneratedConstructorAccessor34.newInstance(Unknown Source)
	at java.base/jdk.internal.reflect.DelegatingConstructorAccessorImpl.newInstance(DelegatingConstructorAccessorImpl.java:45)
	at org.openqa.selenium.remote.ErrorCodec.decode(ErrorCodec.java:167)
	at org.openqa.selenium.remote.codec.w3c.W3CHttpResponseCodec.decode(W3CHttpResponseCodec.java:138)
	at org.openqa.selenium.remote.codec.w3c.W3CHttpResponseCodec.decode(W3CHttpResponseCodec.java:50)
	at org.openqa.selenium.remote.HttpCommandExecutor.execute(HttpCommandExecutor.java:190)
	at org.openqa.selenium.remote.service.DriverCommandExecutor.invokeExecute(DriverCommandExecutor.java:216)
	at org.openqa.selenium.remote.service.DriverCommandExecutor.execute(DriverCommandExecutor.java:174)
	at org.openqa.selenium.remote.RemoteWebDriver.execute(RemoteWebDriver.java:518)
	at org.openqa.selenium.remote.ElementLocation$ElementFinder$2.findElements(ElementLocation.java:182)
	at org.openqa.selenium.remote.ElementLocation.findElements(ElementLocation.java:103)
	at org.openqa.selenium.remote.RemoteWebDriver.findElements(RemoteWebDriver.java:368)
	at org.openqa.selenium.remote.RemoteWebDriver.findElements(RemoteWebDriver.java:362)
	at jdk.internal.reflect.GeneratedMethodAccessor19.invoke(Unknown Source)
	at java.base/jdk.internal.reflect.DelegatingMethodAccessorImpl.invoke(DelegatingMethodAccessorImpl.java:43)
	at org.openqa.selenium.support.decorators.WebDriverDecorator.call(WebDriverDecorator.java:249)
	at org.openqa.selenium.support.decorators.DefaultDecorated.call(DefaultDecorated.java:48)
	at org.openqa.selenium.support.decorators.WebDriverDecorator.lambda$createProxy$2(WebDriverDecorator.java:321)
	at org.openqa.selenium.remote.RemoteWebDriver$ByteBuddy$QYIudDZq.findElements(Unknown Source)
	at com.kms.katalon.core.webui.common.WebUiCommonHelper.findElementByNormalMethods(WebUiCommonHelper.java:1036)
	at com.kms.katalon.core.webui.common.WebUiCommonHelper.findElementsBySelectedMethod(WebUiCommonHelper.java:927)
	at com.kms.katalon.core.webui.common.WebUiCommonHelper.findElementsBySelectedMethod(WebUiCommonHelper.java:909)
	at com.kms.katalon.core.webui.common.WebUiCommonHelper.findElementsBySelectedMethod(WebUiCommonHelper.java:904)
	at com.kms.katalon.core.webui.common.WebUiCommonHelper.findElementsByDefault(WebUiCommonHelper.java:900)
	at com.kms.katalon.core.webui.common.WebUiCommonHelper.findElementsWithSelfHealing(WebUiCommonHelper.java:746)
	at com.kms.katalon.core.webui.common.WebUiCommonHelper.findWebElements(WebUiCommonHelper.java:730)
	at com.kms.katalon.core.webui.common.WebUiCommonHelper.findWebElement(WebUiCommonHelper.java:1416)
	at com.kms.katalon.core.webui.keyword.internal.WebUIAbstractKeyword.findWebElement(WebUIAbstractKeyword.groovy:27)
	at com.kms.katalon.core.webui.keyword.builtin.ClickKeyword$_click_closure1.doCall(ClickKeyword.groovy:66)
	at com.kms.katalon.core.webui.keyword.builtin.ClickKeyword$_click_closure1.call(ClickKeyword.groovy)
	at com.kms.katalon.core.webui.keyword.internal.WebUIKeywordMain.runKeyword(WebUIKeywordMain.groovy:35)
	at com.kms.katalon.core.webui.keyword.builtin.ClickKeyword.click(ClickKeyword.groovy:75)
	at com.kms.katalon.core.webui.keyword.builtin.ClickKeyword.execute(ClickKeyword.groovy:40)
	at com.kms.katalon.core.keyword.internal.KeywordExecutor.executeKeywordForPlatform(KeywordExecutor.groovy:74)
	at com.kms.katalon.core.webui.keyword.WebUiBuiltInKeywords.click(WebUiBuiltInKeywords.groovy:696)
	at Script1734948563457.run(Script1734948563457.groovy:23)
	... 15 more
)]]></system-out>
         <system-err><![CDATA[27-12-2024T07:13:04 - [TEST_CASE][FAILED] - Test Cases/Employee_Onboarding/TC_Employee_Job_Details: Test Cases/Employee_Onboarding/TC_Employee_Job_Details FAILED.
Reason:
com.kms.katalon.core.exception.StepFailedException: Unable to click on object 'Object Repository/Employee-Onboarding/Employee_Jobs/Page_OrangeHRM/a_PIM'
	at com.kms.katalon.core.webui.keyword.internal.WebUIKeywordMain.stepFailed(WebUIKeywordMain.groovy:117)
	at com.kms.katalon.core.webui.keyword.internal.WebUIKeywordMain.runKeyword(WebUIKeywordMain.groovy:43)
	at com.kms.katalon.core.webui.keyword.builtin.ClickKeyword.click(ClickKeyword.groovy:75)
	at com.kms.katalon.core.webui.keyword.builtin.ClickKeyword.execute(ClickKeyword.groovy:40)
	at com.kms.katalon.core.keyword.internal.KeywordExecutor.executeKeywordForPlatform(KeywordExecutor.groovy:74)
	at com.kms.katalon.core.webui.keyword.WebUiBuiltInKeywords.click(WebUiBuiltInKeywords.groovy:696)
	at TC_Employee_Job_Details.run(TC_Employee_Job_Details:23)
	at com.kms.katalon.core.main.ScriptEngine.run(ScriptEngine.java:194)
	at com.kms.katalon.core.main.ScriptEngine.runScriptAsRawText(ScriptEngine.java:119)
	at com.kms.katalon.core.main.TestCaseExecutor.runScript(TestCaseExecutor.java:448)
	at com.kms.katalon.core.main.TestCaseExecutor.doExecute(TestCaseExecutor.java:439)
	at com.kms.katalon.core.main.TestCaseExecutor.processExecutionPhase(TestCaseExecutor.java:418)
	at com.kms.katalon.core.main.TestCaseExecutor.accessMainPhase(TestCaseExecutor.java:410)
	at com.kms.katalon.core.main.TestCaseExecutor.execute(TestCaseExecutor.java:285)
	at com.kms.katalon.core.common.CommonExecutor.accessTestCaseMainPhase(CommonExecutor.java:65)
	at com.kms.katalon.core.main.TestSuiteExecutor.accessTestSuiteMainPhase(TestSuiteExecutor.java:161)
	at com.kms.katalon.core.main.TestSuiteExecutor.execute(TestSuiteExecutor.java:107)
	at com.kms.katalon.core.main.TestCaseMain.startTestSuite(TestCaseMain.java:176)
	at TempTestSuite1735263398717.run(TempTestSuite1735263398717.groovy:35)
	at java.base/jdk.internal.reflect.NativeMethodAccessorImpl.invoke0(Native Method)
	at java.base/jdk.internal.reflect.NativeMethodAccessorImpl.invoke(NativeMethodAccessorImpl.java:77)
	at java.base/jdk.internal.reflect.DelegatingMethodAccessorImpl.invoke(DelegatingMethodAccessorImpl.java:43)
Caused by: org.openqa.selenium.WebDriverException: disconnected: not connected to DevTools
  (failed to check if window was closed: disconnected: not connected to DevTools)
  (Session info: chrome=131.0.6778.205)
Build info: version: '4.22.0', revision: 'c5f3146703'
System info: os.name: 'Mac OS X', os.arch: 'aarch64', os.version: '15.2', java.version: '17.0.7'
Driver info: com.kms.katalon.selenium.driver.CChromeDriver
Command: [81c375fdc73980b0150be4854699555f, findElements {using=xpath, value=//div[@id='app']/div/div/aside/nav/div[2]/ul/li[2]/a}]
Capabilities {acceptInsecureCerts: false, browserName: chrome, browserVersion: 131.0.6778.205, chrome: {chromedriverVersion: 131.0.6778.85 (3d81e41b6f3a..., userDataDir: /var/folders/1j/l6215wsx1tb...}, fedcm:accounts: true, goog:chromeOptions: {debuggerAddress: localhost:49316}, networkConnectionEnabled: false, pageLoadStrategy: normal, platformName: mac, proxy: Proxy(), se:cdp: ws://localhost:49316/devtoo..., se:cdpVersion: 131.0.6778.205, setWindowRect: true, strictFileInteractability: false, timeouts: {implicit: 0, pageLoad: 300000, script: 30000}, unhandledPromptBehavior: ignore, webSocketUrl: ws://localhost:6763/session..., webauthn:extension:credBlob: true, webauthn:extension:largeBlob: true, webauthn:extension:minPinLength: true, webauthn:extension:prf: true, webauthn:virtualAuthenticators: true}
Session ID: 81c375fdc73980b0150be4854699555f
	at jdk.internal.reflect.GeneratedConstructorAccessor34.newInstance(Unknown Source)
	at java.base/jdk.internal.reflect.DelegatingConstructorAccessorImpl.newInstance(DelegatingConstructorAccessorImpl.java:45)
	at org.openqa.selenium.remote.ErrorCodec.decode(ErrorCodec.java:167)
	at org.openqa.selenium.remote.codec.w3c.W3CHttpResponseCodec.decode(W3CHttpResponseCodec.java:138)
	at org.openqa.selenium.remote.codec.w3c.W3CHttpResponseCodec.decode(W3CHttpResponseCodec.java:50)
	at org.openqa.selenium.remote.HttpCommandExecutor.execute(HttpCommandExecutor.java:190)
	at org.openqa.selenium.remote.service.DriverCommandExecutor.invokeExecute(DriverCommandExecutor.java:216)
	at org.openqa.selenium.remote.service.DriverCommandExecutor.execute(DriverCommandExecutor.java:174)
	at org.openqa.selenium.remote.RemoteWebDriver.execute(RemoteWebDriver.java:518)
	at org.openqa.selenium.remote.ElementLocation$ElementFinder$2.findElements(ElementLocation.java:182)
	at org.openqa.selenium.remote.ElementLocation.findElements(ElementLocation.java:103)
	at org.openqa.selenium.remote.RemoteWebDriver.findElements(RemoteWebDriver.java:368)
	at org.openqa.selenium.remote.RemoteWebDriver.findElements(RemoteWebDriver.java:362)
	at jdk.internal.reflect.GeneratedMethodAccessor19.invoke(Unknown Source)
	at java.base/jdk.internal.reflect.DelegatingMethodAccessorImpl.invoke(DelegatingMethodAccessorImpl.java:43)
	at org.openqa.selenium.support.decorators.WebDriverDecorator.call(WebDriverDecorator.java:249)
	at org.openqa.selenium.support.decorators.DefaultDecorated.call(DefaultDecorated.java:48)
	at org.openqa.selenium.support.decorators.WebDriverDecorator.lambda$createProxy$2(WebDriverDecorator.java:321)
	at org.openqa.selenium.remote.RemoteWebDriver$ByteBuddy$QYIudDZq.findElements(Unknown Source)
	at com.kms.katalon.core.webui.common.WebUiCommonHelper.findElementByNormalMethods(WebUiCommonHelper.java:1036)
	at com.kms.katalon.core.webui.common.WebUiCommonHelper.findElementsBySelectedMethod(WebUiCommonHelper.java:927)
	at com.kms.katalon.core.webui.common.WebUiCommonHelper.findElementsBySelectedMethod(WebUiCommonHelper.java:909)
	at com.kms.katalon.core.webui.common.WebUiCommonHelper.findElementsBySelectedMethod(WebUiCommonHelper.java:904)
	at com.kms.katalon.core.webui.common.WebUiCommonHelper.findElementsByDefault(WebUiCommonHelper.java:900)
	at com.kms.katalon.core.webui.common.WebUiCommonHelper.findElementsWithSelfHealing(WebUiCommonHelper.java:746)
	at com.kms.katalon.core.webui.common.WebUiCommonHelper.findWebElements(WebUiCommonHelper.java:730)
	at com.kms.katalon.core.webui.common.WebUiCommonHelper.findWebElement(WebUiCommonHelper.java:1416)
	at com.kms.katalon.core.webui.keyword.internal.WebUIAbstractKeyword.findWebElement(WebUIAbstractKeyword.groovy:27)
	at com.kms.katalon.core.webui.keyword.builtin.ClickKeyword$_click_closure1.doCall(ClickKeyword.groovy:66)
	at com.kms.katalon.core.webui.keyword.builtin.ClickKeyword$_click_closure1.call(ClickKeyword.groovy)
	at com.kms.katalon.core.webui.keyword.internal.WebUIKeywordMain.runKeyword(WebUIKeywordMain.groovy:35)
	... 20 more]]></system-err>
      </testcase>
      <testcase name="Test Cases/Employee_Onboarding/TC_Employee_Job_Details" time="1.014" classname="Test Cases/Employee_Onboarding/TC_Employee_Job_Details" status="FAILED">
         <failure type="FAILED" message="Test Cases/Employee_Onboarding/TC_Employee_Job_Details FAILED.&#xa;Reason:&#xa;com.kms.katalon.core.exception.StepFailedException: Unable to click on object 'Object Repository/Employee-Onboarding/Employee_Jobs/Page_OrangeHRM/a_PIM'&#xa;	at com.kms.katalon.core.webui.keyword.internal.WebUIKeywordMain.stepFailed(WebUIKeywordMain.groovy:117)&#xa;	at com.kms.katalon.core.webui.keyword.internal.WebUIKeywordMain.runKeyword(WebUIKeywordMain.groovy:43)&#xa;	at com.kms.katalon.core.webui.keyword.builtin.ClickKeyword.click(ClickKeyword.groovy:75)&#xa;	at com.kms.katalon.core.webui.keyword.builtin.ClickKeyword.execute(ClickKeyword.groovy:40)&#xa;	at com.kms.katalon.core.keyword.internal.KeywordExecutor.executeKeywordForPlatform(KeywordExecutor.groovy:74)&#xa;	at com.kms.katalon.core.webui.keyword.WebUiBuiltInKeywords.click(WebUiBuiltInKeywords.groovy:696)&#xa;	at TC_Employee_Job_Details.run(TC_Employee_Job_Details:23)&#xa;	at com.kms.katalon.core.main.ScriptEngine.run(ScriptEngine.java:194)&#xa;	at com.kms.katalon.core.main.ScriptEngine.runScriptAsRawText(ScriptEngine.java:119)&#xa;	at com.kms.katalon.core.main.TestCaseExecutor.runScript(TestCaseExecutor.java:448)&#xa;	at com.kms.katalon.core.main.TestCaseExecutor.doExecute(TestCaseExecutor.java:439)&#xa;	at com.kms.katalon.core.main.TestCaseExecutor.processExecutionPhase(TestCaseExecutor.java:418)&#xa;	at com.kms.katalon.core.main.TestCaseExecutor.accessMainPhase(TestCaseExecutor.java:410)&#xa;	at com.kms.katalon.core.main.TestCaseExecutor.execute(TestCaseExecutor.java:285)&#xa;	at com.kms.katalon.core.common.CommonExecutor.accessTestCaseMainPhase(CommonExecutor.java:65)&#xa;	at com.kms.katalon.core.main.TestSuiteExecutor.accessTestSuiteMainPhase(TestSuiteExecutor.java:161)&#xa;	at com.kms.katalon.core.main.TestSuiteExecutor.execute(TestSuiteExecutor.java:107)&#xa;	at com.kms.katalon.core.main.TestCaseMain.startTestSuite(TestCaseMain.java:176)&#xa;	at TempTestSuite1735263398717.run(TempTestSuite1735263398717.groovy:35)&#xa;	at java.base/jdk.internal.reflect.NativeMethodAccessorImpl.invoke0(Native Method)&#xa;	at java.base/jdk.internal.reflect.NativeMethodAccessorImpl.invoke(NativeMethodAccessorImpl.java:77)&#xa;	at java.base/jdk.internal.reflect.DelegatingMethodAccessorImpl.invoke(DelegatingMethodAccessorImpl.java:43)&#xa;Caused by: org.openqa.selenium.WebDriverException: disconnected: not connected to DevTools&#xa;  (failed to check if window was closed: disconnected: not connected to DevTools)&#xa;  (Session info: chrome=131.0.6778.205)&#xa;Build info: version: '4.22.0', revision: 'c5f3146703'&#xa;System info: os.name: 'Mac OS X', os.arch: 'aarch64', os.version: '15.2', java.version: '17.0.7'&#xa;Driver info: com.kms.katalon.selenium.driver.CChromeDriver&#xa;Command: [81c375fdc73980b0150be4854699555f, findElements {using=xpath, value=//div[@id='app']/div/div/aside/nav/div[2]/ul/li[2]/a}]&#xa;Capabilities {acceptInsecureCerts: false, browserName: chrome, browserVersion: 131.0.6778.205, chrome: {chromedriverVersion: 131.0.6778.85 (3d81e41b6f3a..., userDataDir: /var/folders/1j/l6215wsx1tb...}, fedcm:accounts: true, goog:chromeOptions: {debuggerAddress: localhost:49316}, networkConnectionEnabled: false, pageLoadStrategy: normal, platformName: mac, proxy: Proxy(), se:cdp: ws://localhost:49316/devtoo..., se:cdpVersion: 131.0.6778.205, setWindowRect: true, strictFileInteractability: false, timeouts: {implicit: 0, pageLoad: 300000, script: 30000}, unhandledPromptBehavior: ignore, webSocketUrl: ws://localhost:6763/session..., webauthn:extension:credBlob: true, webauthn:extension:largeBlob: true, webauthn:extension:minPinLength: true, webauthn:extension:prf: true, webauthn:virtualAuthenticators: true}&#xa;Session ID: 81c375fdc73980b0150be4854699555f&#xa;	at jdk.internal.reflect.GeneratedConstructorAccessor34.newInstance(Unknown Source)&#xa;	at java.base/jdk.internal.reflect.DelegatingConstructorAccessorImpl.newInstance(DelegatingConstructorAccessorImpl.java:45)&#xa;	at org.openqa.selenium.remote.ErrorCodec.decode(ErrorCodec.java:167)&#xa;	at org.openqa.selenium.remote.codec.w3c.W3CHttpResponseCodec.decode(W3CHttpResponseCodec.java:138)&#xa;	at org.openqa.selenium.remote.codec.w3c.W3CHttpResponseCodec.decode(W3CHttpResponseCodec.java:50)&#xa;	at org.openqa.selenium.remote.HttpCommandExecutor.execute(HttpCommandExecutor.java:190)&#xa;	at org.openqa.selenium.remote.service.DriverCommandExecutor.invokeExecute(DriverCommandExecutor.java:216)&#xa;	at org.openqa.selenium.remote.service.DriverCommandExecutor.execute(DriverCommandExecutor.java:174)&#xa;	at org.openqa.selenium.remote.RemoteWebDriver.execute(RemoteWebDriver.java:518)&#xa;	at org.openqa.selenium.remote.ElementLocation$ElementFinder$2.findElements(ElementLocation.java:182)&#xa;	at org.openqa.selenium.remote.ElementLocation.findElements(ElementLocation.java:103)&#xa;	at org.openqa.selenium.remote.RemoteWebDriver.findElements(RemoteWebDriver.java:368)&#xa;	at org.openqa.selenium.remote.RemoteWebDriver.findElements(RemoteWebDriver.java:362)&#xa;	at jdk.internal.reflect.GeneratedMethodAccessor19.invoke(Unknown Source)&#xa;	at java.base/jdk.internal.reflect.DelegatingMethodAccessorImpl.invoke(DelegatingMethodAccessorImpl.java:43)&#xa;	at org.openqa.selenium.support.decorators.WebDriverDecorator.call(WebDriverDecorator.java:249)&#xa;	at org.openqa.selenium.support.decorators.DefaultDecorated.call(DefaultDecorated.java:48)&#xa;	at org.openqa.selenium.support.decorators.WebDriverDecorator.lambda$createProxy$2(WebDriverDecorator.java:321)&#xa;	at org.openqa.selenium.remote.RemoteWebDriver$ByteBuddy$QYIudDZq.findElements(Unknown Source)&#xa;	at com.kms.katalon.core.webui.common.WebUiCommonHelper.findElementByNormalMethods(WebUiCommonHelper.java:1036)&#xa;	at com.kms.katalon.core.webui.common.WebUiCommonHelper.findElementsBySelectedMethod(WebUiCommonHelper.java:927)&#xa;	at com.kms.katalon.core.webui.common.WebUiCommonHelper.findElementsBySelectedMethod(WebUiCommonHelper.java:909)&#xa;	at com.kms.katalon.core.webui.common.WebUiCommonHelper.findElementsBySelectedMethod(WebUiCommonHelper.java:904)&#xa;	at com.kms.katalon.core.webui.common.WebUiCommonHelper.findElementsByDefault(WebUiCommonHelper.java:900)&#xa;	at com.kms.katalon.core.webui.common.WebUiCommonHelper.findElementsWithSelfHealing(WebUiCommonHelper.java:746)&#xa;	at com.kms.katalon.core.webui.common.WebUiCommonHelper.findWebElements(WebUiCommonHelper.java:730)&#xa;	at com.kms.katalon.core.webui.common.WebUiCommonHelper.findWebElement(WebUiCommonHelper.java:1416)&#xa;	at com.kms.katalon.core.webui.keyword.internal.WebUIAbstractKeyword.findWebElement(WebUIAbstractKeyword.groovy:27)&#xa;	at com.kms.katalon.core.webui.keyword.builtin.ClickKeyword$_click_closure1.doCall(ClickKeyword.groovy:66)&#xa;	at com.kms.katalon.core.webui.keyword.builtin.ClickKeyword$_click_closure1.call(ClickKeyword.groovy)&#xa;	at com.kms.katalon.core.webui.keyword.internal.WebUIKeywordMain.runKeyword(WebUIKeywordMain.groovy:35)&#xa;	... 20 more&#xa;"/>
         <system-out><![CDATA[27-12-2024T07:13:05 - [TEST_CASE][FAILED] - Test Cases/Employee_Onboarding/TC_Employee_Job_Details: Test Cases/Employee_Onboarding/TC_Employee_Job_Details FAILED.
Reason:
com.kms.katalon.core.exception.StepFailedException: Unable to click on object 'Object Repository/Employee-Onboarding/Employee_Jobs/Page_OrangeHRM/a_PIM'
	at com.kms.katalon.core.webui.keyword.internal.WebUIKeywordMain.stepFailed(WebUIKeywordMain.groovy:117)
	at com.kms.katalon.core.webui.keyword.internal.WebUIKeywordMain.runKeyword(WebUIKeywordMain.groovy:43)
	at com.kms.katalon.core.webui.keyword.builtin.ClickKeyword.click(ClickKeyword.groovy:75)
	at com.kms.katalon.core.webui.keyword.builtin.ClickKeyword.execute(ClickKeyword.groovy:40)
	at com.kms.katalon.core.keyword.internal.KeywordExecutor.executeKeywordForPlatform(KeywordExecutor.groovy:74)
	at com.kms.katalon.core.webui.keyword.WebUiBuiltInKeywords.click(WebUiBuiltInKeywords.groovy:696)
	at TC_Employee_Job_Details.run(TC_Employee_Job_Details:23)
	at com.kms.katalon.core.main.ScriptEngine.run(ScriptEngine.java:194)
	at com.kms.katalon.core.main.ScriptEngine.runScriptAsRawText(ScriptEngine.java:119)
	at com.kms.katalon.core.main.TestCaseExecutor.runScript(TestCaseExecutor.java:448)
	at com.kms.katalon.core.main.TestCaseExecutor.doExecute(TestCaseExecutor.java:439)
	at com.kms.katalon.core.main.TestCaseExecutor.processExecutionPhase(TestCaseExecutor.java:418)
	at com.kms.katalon.core.main.TestCaseExecutor.accessMainPhase(TestCaseExecutor.java:410)
	at com.kms.katalon.core.main.TestCaseExecutor.execute(TestCaseExecutor.java:285)
	at com.kms.katalon.core.common.CommonExecutor.accessTestCaseMainPhase(CommonExecutor.java:65)
	at com.kms.katalon.core.main.TestSuiteExecutor.accessTestSuiteMainPhase(TestSuiteExecutor.java:161)
	at com.kms.katalon.core.main.TestSuiteExecutor.execute(TestSuiteExecutor.java:107)
	at com.kms.katalon.core.main.TestCaseMain.startTestSuite(TestCaseMain.java:176)
	at TempTestSuite1735263398717.run(TempTestSuite1735263398717.groovy:35)
	at java.base/jdk.internal.reflect.NativeMethodAccessorImpl.invoke0(Native Method)
	at java.base/jdk.internal.reflect.NativeMethodAccessorImpl.invoke(NativeMethodAccessorImpl.java:77)
	at java.base/jdk.internal.reflect.DelegatingMethodAccessorImpl.invoke(DelegatingMethodAccessorImpl.java:43)
Caused by: org.openqa.selenium.WebDriverException: disconnected: not connected to DevTools
  (failed to check if window was closed: disconnected: not connected to DevTools)
  (Session info: chrome=131.0.6778.205)
Build info: version: '4.22.0', revision: 'c5f3146703'
System info: os.name: 'Mac OS X', os.arch: 'aarch64', os.version: '15.2', java.version: '17.0.7'
Driver info: com.kms.katalon.selenium.driver.CChromeDriver
Command: [81c375fdc73980b0150be4854699555f, findElements {using=xpath, value=//div[@id='app']/div/div/aside/nav/div[2]/ul/li[2]/a}]
Capabilities {acceptInsecureCerts: false, browserName: chrome, browserVersion: 131.0.6778.205, chrome: {chromedriverVersion: 131.0.6778.85 (3d81e41b6f3a..., userDataDir: /var/folders/1j/l6215wsx1tb...}, fedcm:accounts: true, goog:chromeOptions: {debuggerAddress: localhost:49316}, networkConnectionEnabled: false, pageLoadStrategy: normal, platformName: mac, proxy: Proxy(), se:cdp: ws://localhost:49316/devtoo..., se:cdpVersion: 131.0.6778.205, setWindowRect: true, strictFileInteractability: false, timeouts: {implicit: 0, pageLoad: 300000, script: 30000}, unhandledPromptBehavior: ignore, webSocketUrl: ws://localhost:6763/session..., webauthn:extension:credBlob: true, webauthn:extension:largeBlob: true, webauthn:extension:minPinLength: true, webauthn:extension:prf: true, webauthn:virtualAuthenticators: true}
Session ID: 81c375fdc73980b0150be4854699555f
	at jdk.internal.reflect.GeneratedConstructorAccessor34.newInstance(Unknown Source)
	at java.base/jdk.internal.reflect.DelegatingConstructorAccessorImpl.newInstance(DelegatingConstructorAccessorImpl.java:45)
	at org.openqa.selenium.remote.ErrorCodec.decode(ErrorCodec.java:167)
	at org.openqa.selenium.remote.codec.w3c.W3CHttpResponseCodec.decode(W3CHttpResponseCodec.java:138)
	at org.openqa.selenium.remote.codec.w3c.W3CHttpResponseCodec.decode(W3CHttpResponseCodec.java:50)
	at org.openqa.selenium.remote.HttpCommandExecutor.execute(HttpCommandExecutor.java:190)
	at org.openqa.selenium.remote.service.DriverCommandExecutor.invokeExecute(DriverCommandExecutor.java:216)
	at org.openqa.selenium.remote.service.DriverCommandExecutor.execute(DriverCommandExecutor.java:174)
	at org.openqa.selenium.remote.RemoteWebDriver.execute(RemoteWebDriver.java:518)
	at org.openqa.selenium.remote.ElementLocation$ElementFinder$2.findElements(ElementLocation.java:182)
	at org.openqa.selenium.remote.ElementLocation.findElements(ElementLocation.java:103)
	at org.openqa.selenium.remote.RemoteWebDriver.findElements(RemoteWebDriver.java:368)
	at org.openqa.selenium.remote.RemoteWebDriver.findElements(RemoteWebDriver.java:362)
	at jdk.internal.reflect.GeneratedMethodAccessor19.invoke(Unknown Source)
	at java.base/jdk.internal.reflect.DelegatingMethodAccessorImpl.invoke(DelegatingMethodAccessorImpl.java:43)
	at org.openqa.selenium.support.decorators.WebDriverDecorator.call(WebDriverDecorator.java:249)
	at org.openqa.selenium.support.decorators.DefaultDecorated.call(DefaultDecorated.java:48)
	at org.openqa.selenium.support.decorators.WebDriverDecorator.lambda$createProxy$2(WebDriverDecorator.java:321)
	at org.openqa.selenium.remote.RemoteWebDriver$ByteBuddy$QYIudDZq.findElements(Unknown Source)
	at com.kms.katalon.core.webui.common.WebUiCommonHelper.findElementByNormalMethods(WebUiCommonHelper.java:1036)
	at com.kms.katalon.core.webui.common.WebUiCommonHelper.findElementsBySelectedMethod(WebUiCommonHelper.java:927)
	at com.kms.katalon.core.webui.common.WebUiCommonHelper.findElementsBySelectedMethod(WebUiCommonHelper.java:909)
	at com.kms.katalon.core.webui.common.WebUiCommonHelper.findElementsBySelectedMethod(WebUiCommonHelper.java:904)
	at com.kms.katalon.core.webui.common.WebUiCommonHelper.findElementsByDefault(WebUiCommonHelper.java:900)
	at com.kms.katalon.core.webui.common.WebUiCommonHelper.findElementsWithSelfHealing(WebUiCommonHelper.java:746)
	at com.kms.katalon.core.webui.common.WebUiCommonHelper.findWebElements(WebUiCommonHelper.java:730)
	at com.kms.katalon.core.webui.common.WebUiCommonHelper.findWebElement(WebUiCommonHelper.java:1416)
	at com.kms.katalon.core.webui.keyword.internal.WebUIAbstractKeyword.findWebElement(WebUIAbstractKeyword.groovy:27)
	at com.kms.katalon.core.webui.keyword.builtin.ClickKeyword$_click_closure1.doCall(ClickKeyword.groovy:66)
	at com.kms.katalon.core.webui.keyword.builtin.ClickKeyword$_click_closure1.call(ClickKeyword.groovy)
	at com.kms.katalon.core.webui.keyword.internal.WebUIKeywordMain.runKeyword(WebUIKeywordMain.groovy:35)
	... 20 more


27-12-2024T07:13:05 - [TEST_STEP][PASSED] - comment("Step 1: Click on the "PIM" tab to access the Employee Management section"): Step 1: Click on the "PIM" tab to access the Employee Management section

27-12-2024T07:13:05 - [MESSAGE][INFO] - Step 1: Click on the "PIM" tab to access the Employee Management section

27-12-2024T07:13:05 - [TEST_STEP][FAILED] - click(findTestObject("Object Repository/Employee-Onboarding/Employee_Jobs/Page_OrangeHRM/a_PIM")): Unable to click on object 'Object Repository/Employee-Onboarding/Employee_Jobs/Page_OrangeHRM/a_PIM' (Root cause: com.kms.katalon.core.exception.StepFailedException: Unable to click on object 'Object Repository/Employee-Onboarding/Employee_Jobs/Page_OrangeHRM/a_PIM'
	at com.kms.katalon.core.webui.keyword.internal.WebUIKeywordMain.stepFailed(WebUIKeywordMain.groovy:117)
	at com.kms.katalon.core.webui.keyword.internal.WebUIKeywordMain.runKeyword(WebUIKeywordMain.groovy:43)
	at com.kms.katalon.core.webui.keyword.builtin.ClickKeyword.click(ClickKeyword.groovy:75)
	at com.kms.katalon.core.webui.keyword.builtin.ClickKeyword.execute(ClickKeyword.groovy:40)
	at com.kms.katalon.core.keyword.internal.KeywordExecutor.executeKeywordForPlatform(KeywordExecutor.groovy:74)
	at com.kms.katalon.core.webui.keyword.WebUiBuiltInKeywords.click(WebUiBuiltInKeywords.groovy:696)
	at TC_Employee_Job_Details.run(TC_Employee_Job_Details:23)
	at com.kms.katalon.core.main.ScriptEngine.run(ScriptEngine.java:194)
	at com.kms.katalon.core.main.ScriptEngine.runScriptAsRawText(ScriptEngine.java:119)
	at com.kms.katalon.core.main.TestCaseExecutor.runScript(TestCaseExecutor.java:448)
	at com.kms.katalon.core.main.TestCaseExecutor.doExecute(TestCaseExecutor.java:439)
	at com.kms.katalon.core.main.TestCaseExecutor.processExecutionPhase(TestCaseExecutor.java:418)
	at com.kms.katalon.core.main.TestCaseExecutor.accessMainPhase(TestCaseExecutor.java:410)
	at com.kms.katalon.core.main.TestCaseExecutor.execute(TestCaseExecutor.java:285)
	at com.kms.katalon.core.common.CommonExecutor.accessTestCaseMainPhase(CommonExecutor.java:65)
	at com.kms.katalon.core.main.TestSuiteExecutor.accessTestSuiteMainPhase(TestSuiteExecutor.java:161)
	at com.kms.katalon.core.main.TestSuiteExecutor.execute(TestSuiteExecutor.java:107)
	at com.kms.katalon.core.main.TestCaseMain.startTestSuite(TestCaseMain.java:176)
	at TempTestSuite1735263398717.run(TempTestSuite1735263398717.groovy:35)
	at java.base/jdk.internal.reflect.NativeMethodAccessorImpl.invoke0(Native Method)
	at java.base/jdk.internal.reflect.NativeMethodAccessorImpl.invoke(NativeMethodAccessorImpl.java:77)
	at java.base/jdk.internal.reflect.DelegatingMethodAccessorImpl.invoke(DelegatingMethodAccessorImpl.java:43)
Caused by: org.openqa.selenium.WebDriverException: disconnected: not connected to DevTools
  (failed to check if window was closed: disconnected: not connected to DevTools)
  (Session info: chrome=131.0.6778.205)
Build info: version: '4.22.0', revision: 'c5f3146703'
System info: os.name: 'Mac OS X', os.arch: 'aarch64', os.version: '15.2', java.version: '17.0.7'
Driver info: com.kms.katalon.selenium.driver.CChromeDriver
Command: [81c375fdc73980b0150be4854699555f, findElements {using=xpath, value=//div[@id='app']/div/div/aside/nav/div[2]/ul/li[2]/a}]
Capabilities {acceptInsecureCerts: false, browserName: chrome, browserVersion: 131.0.6778.205, chrome: {chromedriverVersion: 131.0.6778.85 (3d81e41b6f3a..., userDataDir: /var/folders/1j/l6215wsx1tb...}, fedcm:accounts: true, goog:chromeOptions: {debuggerAddress: localhost:49316}, networkConnectionEnabled: false, pageLoadStrategy: normal, platformName: mac, proxy: Proxy(), se:cdp: ws://localhost:49316/devtoo..., se:cdpVersion: 131.0.6778.205, setWindowRect: true, strictFileInteractability: false, timeouts: {implicit: 0, pageLoad: 300000, script: 30000}, unhandledPromptBehavior: ignore, webSocketUrl: ws://localhost:6763/session..., webauthn:extension:credBlob: true, webauthn:extension:largeBlob: true, webauthn:extension:minPinLength: true, webauthn:extension:prf: true, webauthn:virtualAuthenticators: true}
Session ID: 81c375fdc73980b0150be4854699555f
	at jdk.internal.reflect.GeneratedConstructorAccessor34.newInstance(Unknown Source)
	at java.base/jdk.internal.reflect.DelegatingConstructorAccessorImpl.newInstance(DelegatingConstructorAccessorImpl.java:45)
	at org.openqa.selenium.remote.ErrorCodec.decode(ErrorCodec.java:167)
	at org.openqa.selenium.remote.codec.w3c.W3CHttpResponseCodec.decode(W3CHttpResponseCodec.java:138)
	at org.openqa.selenium.remote.codec.w3c.W3CHttpResponseCodec.decode(W3CHttpResponseCodec.java:50)
	at org.openqa.selenium.remote.HttpCommandExecutor.execute(HttpCommandExecutor.java:190)
	at org.openqa.selenium.remote.service.DriverCommandExecutor.invokeExecute(DriverCommandExecutor.java:216)
	at org.openqa.selenium.remote.service.DriverCommandExecutor.execute(DriverCommandExecutor.java:174)
	at org.openqa.selenium.remote.RemoteWebDriver.execute(RemoteWebDriver.java:518)
	at org.openqa.selenium.remote.ElementLocation$ElementFinder$2.findElements(ElementLocation.java:182)
	at org.openqa.selenium.remote.ElementLocation.findElements(ElementLocation.java:103)
	at org.openqa.selenium.remote.RemoteWebDriver.findElements(RemoteWebDriver.java:368)
	at org.openqa.selenium.remote.RemoteWebDriver.findElements(RemoteWebDriver.java:362)
	at jdk.internal.reflect.GeneratedMethodAccessor19.invoke(Unknown Source)
	at java.base/jdk.internal.reflect.DelegatingMethodAccessorImpl.invoke(DelegatingMethodAccessorImpl.java:43)
	at org.openqa.selenium.support.decorators.WebDriverDecorator.call(WebDriverDecorator.java:249)
	at org.openqa.selenium.support.decorators.DefaultDecorated.call(DefaultDecorated.java:48)
	at org.openqa.selenium.support.decorators.WebDriverDecorator.lambda$createProxy$2(WebDriverDecorator.java:321)
	at org.openqa.selenium.remote.RemoteWebDriver$ByteBuddy$QYIudDZq.findElements(Unknown Source)
	at com.kms.katalon.core.webui.common.WebUiCommonHelper.findElementByNormalMethods(WebUiCommonHelper.java:1036)
	at com.kms.katalon.core.webui.common.WebUiCommonHelper.findElementsBySelectedMethod(WebUiCommonHelper.java:927)
	at com.kms.katalon.core.webui.common.WebUiCommonHelper.findElementsBySelectedMethod(WebUiCommonHelper.java:909)
	at com.kms.katalon.core.webui.common.WebUiCommonHelper.findElementsBySelectedMethod(WebUiCommonHelper.java:904)
	at com.kms.katalon.core.webui.common.WebUiCommonHelper.findElementsByDefault(WebUiCommonHelper.java:900)
	at com.kms.katalon.core.webui.common.WebUiCommonHelper.findElementsWithSelfHealing(WebUiCommonHelper.java:746)
	at com.kms.katalon.core.webui.common.WebUiCommonHelper.findWebElements(WebUiCommonHelper.java:730)
	at com.kms.katalon.core.webui.common.WebUiCommonHelper.findWebElement(WebUiCommonHelper.java:1416)
	at com.kms.katalon.core.webui.keyword.internal.WebUIAbstractKeyword.findWebElement(WebUIAbstractKeyword.groovy:27)
	at com.kms.katalon.core.webui.keyword.builtin.ClickKeyword$_click_closure1.doCall(ClickKeyword.groovy:66)
	at com.kms.katalon.core.webui.keyword.builtin.ClickKeyword$_click_closure1.call(ClickKeyword.groovy)
	at com.kms.katalon.core.webui.keyword.internal.WebUIKeywordMain.runKeyword(WebUIKeywordMain.groovy:35)
	at com.kms.katalon.core.webui.keyword.builtin.ClickKeyword.click(ClickKeyword.groovy:75)
	at com.kms.katalon.core.webui.keyword.builtin.ClickKeyword.execute(ClickKeyword.groovy:40)
	at com.kms.katalon.core.keyword.internal.KeywordExecutor.executeKeywordForPlatform(KeywordExecutor.groovy:74)
	at com.kms.katalon.core.webui.keyword.WebUiBuiltInKeywords.click(WebUiBuiltInKeywords.groovy:696)
	at Script1734948563457.run(Script1734948563457.groovy:23)
	... 15 more
)

27-12-2024T07:13:05 - [MESSAGE][WARNING] - [SELF-HEALING] Failed to find element with id 'Object Repository/Employee-Onboarding/Employee_Jobs/Page_OrangeHRM/a_PIM'. Try using Self-healing.

27-12-2024T07:13:05 - [MESSAGE][WARNING] - [SELF-HEALING] disconnected: not connected to DevTools
  (failed to check if window was closed: disconnected: not connected to DevTools)
  (Session info: chrome=131.0.6778.205)
Build info: version: '4.22.0', revision: 'c5f3146703'
System info: os.name: 'Mac OS X', os.arch: 'aarch64', os.version: '15.2', java.version: '17.0.7'
Driver info: com.kms.katalon.selenium.driver.CChromeDriver
Command: [81c375fdc73980b0150be4854699555f, findElements {using=xpath, value=//div[@id='app']/div/div/aside/nav/div[2]/ul/li[2]/a}]
Capabilities {acceptInsecureCerts: false, browserName: chrome, browserVersion: 131.0.6778.205, chrome: {chromedriverVersion: 131.0.6778.85 (3d81e41b6f3a..., userDataDir: /var/folders/1j/l6215wsx1tb...}, fedcm:accounts: true, goog:chromeOptions: {debuggerAddress: localhost:49316}, networkConnectionEnabled: false, pageLoadStrategy: normal, platformName: mac, proxy: Proxy(), se:cdp: ws://localhost:49316/devtoo..., se:cdpVersion: 131.0.6778.205, setWindowRect: true, strictFileInteractability: false, timeouts: {implicit: 0, pageLoad: 300000, script: 30000}, unhandledPromptBehavior: ignore, webSocketUrl: ws://localhost:6763/session..., webauthn:extension:credBlob: true, webauthn:extension:largeBlob: true, webauthn:extension:minPinLength: true, webauthn:extension:prf: true, webauthn:virtualAuthenticators: true}
Session ID: 81c375fdc73980b0150be4854699555f

27-12-2024T07:13:06 - [MESSAGE][WARNING] - [SELF-HEALING] disconnected: not connected to DevTools
  (failed to check if window was closed: disconnected: not connected to DevTools)
  (Session info: chrome=131.0.6778.205)
Build info: version: '4.22.0', revision: 'c5f3146703'
System info: os.name: 'Mac OS X', os.arch: 'aarch64', os.version: '15.2', java.version: '17.0.7'
Driver info: com.kms.katalon.selenium.driver.CChromeDriver
Command: [81c375fdc73980b0150be4854699555f, findElements {using=xpath, value=//*[@href = '/web/index.php/pim/viewPimModule' and (text() = 'PIM' or . = 'PIM')]}]
Capabilities {acceptInsecureCerts: false, browserName: chrome, browserVersion: 131.0.6778.205, chrome: {chromedriverVersion: 131.0.6778.85 (3d81e41b6f3a..., userDataDir: /var/folders/1j/l6215wsx1tb...}, fedcm:accounts: true, goog:chromeOptions: {debuggerAddress: localhost:49316}, networkConnectionEnabled: false, pageLoadStrategy: normal, platformName: mac, proxy: Proxy(), se:cdp: ws://localhost:49316/devtoo..., se:cdpVersion: 131.0.6778.205, setWindowRect: true, strictFileInteractability: false, timeouts: {implicit: 0, pageLoad: 300000, script: 30000}, unhandledPromptBehavior: ignore, webSocketUrl: ws://localhost:6763/session..., webauthn:extension:credBlob: true, webauthn:extension:largeBlob: true, webauthn:extension:minPinLength: true, webauthn:extension:prf: true, webauthn:virtualAuthenticators: true}
Session ID: 81c375fdc73980b0150be4854699555f

27-12-2024T07:13:06 - [MESSAGE][WARNING] - [SELF-HEALING] disconnected: not connected to DevTools
  (failed to check if window was closed: disconnected: not connected to DevTools)
  (Session info: chrome=131.0.6778.205)
Build info: version: '4.22.0', revision: 'c5f3146703'
System info: os.name: 'Mac OS X', os.arch: 'aarch64', os.version: '15.2', java.version: '17.0.7'
Driver info: com.kms.katalon.selenium.driver.CChromeDriver
Command: [81c375fdc73980b0150be4854699555f, findElements {using=css selector, value=}]
Capabilities {acceptInsecureCerts: false, browserName: chrome, browserVersion: 131.0.6778.205, chrome: {chromedriverVersion: 131.0.6778.85 (3d81e41b6f3a..., userDataDir: /var/folders/1j/l6215wsx1tb...}, fedcm:accounts: true, goog:chromeOptions: {debuggerAddress: localhost:49316}, networkConnectionEnabled: false, pageLoadStrategy: normal, platformName: mac, proxy: Proxy(), se:cdp: ws://localhost:49316/devtoo..., se:cdpVersion: 131.0.6778.205, setWindowRect: true, strictFileInteractability: false, timeouts: {implicit: 0, pageLoad: 300000, script: 30000}, unhandledPromptBehavior: ignore, webSocketUrl: ws://localhost:6763/session..., webauthn:extension:credBlob: true, webauthn:extension:largeBlob: true, webauthn:extension:minPinLength: true, webauthn:extension:prf: true, webauthn:virtualAuthenticators: true}
Session ID: 81c375fdc73980b0150be4854699555f

27-12-2024T07:13:06 - [MESSAGE][WARNING] - Cannot take screenshot

27-12-2024T07:13:06 - [MESSAGE][FAILED] - Unable to click on object 'Object Repository/Employee-Onboarding/Employee_Jobs/Page_OrangeHRM/a_PIM' (Root cause: com.kms.katalon.core.exception.StepFailedException: Unable to click on object 'Object Repository/Employee-Onboarding/Employee_Jobs/Page_OrangeHRM/a_PIM'
	at com.kms.katalon.core.webui.keyword.internal.WebUIKeywordMain.stepFailed(WebUIKeywordMain.groovy:117)
	at com.kms.katalon.core.webui.keyword.internal.WebUIKeywordMain.runKeyword(WebUIKeywordMain.groovy:43)
	at com.kms.katalon.core.webui.keyword.builtin.ClickKeyword.click(ClickKeyword.groovy:75)
	at com.kms.katalon.core.webui.keyword.builtin.ClickKeyword.execute(ClickKeyword.groovy:40)
	at com.kms.katalon.core.keyword.internal.KeywordExecutor.executeKeywordForPlatform(KeywordExecutor.groovy:74)
	at com.kms.katalon.core.webui.keyword.WebUiBuiltInKeywords.click(WebUiBuiltInKeywords.groovy:696)
	at TC_Employee_Job_Details.run(TC_Employee_Job_Details:23)
	at com.kms.katalon.core.main.ScriptEngine.run(ScriptEngine.java:194)
	at com.kms.katalon.core.main.ScriptEngine.runScriptAsRawText(ScriptEngine.java:119)
	at com.kms.katalon.core.main.TestCaseExecutor.runScript(TestCaseExecutor.java:448)
	at com.kms.katalon.core.main.TestCaseExecutor.doExecute(TestCaseExecutor.java:439)
	at com.kms.katalon.core.main.TestCaseExecutor.processExecutionPhase(TestCaseExecutor.java:418)
	at com.kms.katalon.core.main.TestCaseExecutor.accessMainPhase(TestCaseExecutor.java:410)
	at com.kms.katalon.core.main.TestCaseExecutor.execute(TestCaseExecutor.java:285)
	at com.kms.katalon.core.common.CommonExecutor.accessTestCaseMainPhase(CommonExecutor.java:65)
	at com.kms.katalon.core.main.TestSuiteExecutor.accessTestSuiteMainPhase(TestSuiteExecutor.java:161)
	at com.kms.katalon.core.main.TestSuiteExecutor.execute(TestSuiteExecutor.java:107)
	at com.kms.katalon.core.main.TestCaseMain.startTestSuite(TestCaseMain.java:176)
	at TempTestSuite1735263398717.run(TempTestSuite1735263398717.groovy:35)
	at java.base/jdk.internal.reflect.NativeMethodAccessorImpl.invoke0(Native Method)
	at java.base/jdk.internal.reflect.NativeMethodAccessorImpl.invoke(NativeMethodAccessorImpl.java:77)
	at java.base/jdk.internal.reflect.DelegatingMethodAccessorImpl.invoke(DelegatingMethodAccessorImpl.java:43)
Caused by: org.openqa.selenium.WebDriverException: disconnected: not connected to DevTools
  (failed to check if window was closed: disconnected: not connected to DevTools)
  (Session info: chrome=131.0.6778.205)
Build info: version: '4.22.0', revision: 'c5f3146703'
System info: os.name: 'Mac OS X', os.arch: 'aarch64', os.version: '15.2', java.version: '17.0.7'
Driver info: com.kms.katalon.selenium.driver.CChromeDriver
Command: [81c375fdc73980b0150be4854699555f, findElements {using=xpath, value=//div[@id='app']/div/div/aside/nav/div[2]/ul/li[2]/a}]
Capabilities {acceptInsecureCerts: false, browserName: chrome, browserVersion: 131.0.6778.205, chrome: {chromedriverVersion: 131.0.6778.85 (3d81e41b6f3a..., userDataDir: /var/folders/1j/l6215wsx1tb...}, fedcm:accounts: true, goog:chromeOptions: {debuggerAddress: localhost:49316}, networkConnectionEnabled: false, pageLoadStrategy: normal, platformName: mac, proxy: Proxy(), se:cdp: ws://localhost:49316/devtoo..., se:cdpVersion: 131.0.6778.205, setWindowRect: true, strictFileInteractability: false, timeouts: {implicit: 0, pageLoad: 300000, script: 30000}, unhandledPromptBehavior: ignore, webSocketUrl: ws://localhost:6763/session..., webauthn:extension:credBlob: true, webauthn:extension:largeBlob: true, webauthn:extension:minPinLength: true, webauthn:extension:prf: true, webauthn:virtualAuthenticators: true}
Session ID: 81c375fdc73980b0150be4854699555f
	at jdk.internal.reflect.GeneratedConstructorAccessor34.newInstance(Unknown Source)
	at java.base/jdk.internal.reflect.DelegatingConstructorAccessorImpl.newInstance(DelegatingConstructorAccessorImpl.java:45)
	at org.openqa.selenium.remote.ErrorCodec.decode(ErrorCodec.java:167)
	at org.openqa.selenium.remote.codec.w3c.W3CHttpResponseCodec.decode(W3CHttpResponseCodec.java:138)
	at org.openqa.selenium.remote.codec.w3c.W3CHttpResponseCodec.decode(W3CHttpResponseCodec.java:50)
	at org.openqa.selenium.remote.HttpCommandExecutor.execute(HttpCommandExecutor.java:190)
	at org.openqa.selenium.remote.service.DriverCommandExecutor.invokeExecute(DriverCommandExecutor.java:216)
	at org.openqa.selenium.remote.service.DriverCommandExecutor.execute(DriverCommandExecutor.java:174)
	at org.openqa.selenium.remote.RemoteWebDriver.execute(RemoteWebDriver.java:518)
	at org.openqa.selenium.remote.ElementLocation$ElementFinder$2.findElements(ElementLocation.java:182)
	at org.openqa.selenium.remote.ElementLocation.findElements(ElementLocation.java:103)
	at org.openqa.selenium.remote.RemoteWebDriver.findElements(RemoteWebDriver.java:368)
	at org.openqa.selenium.remote.RemoteWebDriver.findElements(RemoteWebDriver.java:362)
	at jdk.internal.reflect.GeneratedMethodAccessor19.invoke(Unknown Source)
	at java.base/jdk.internal.reflect.DelegatingMethodAccessorImpl.invoke(DelegatingMethodAccessorImpl.java:43)
	at org.openqa.selenium.support.decorators.WebDriverDecorator.call(WebDriverDecorator.java:249)
	at org.openqa.selenium.support.decorators.DefaultDecorated.call(DefaultDecorated.java:48)
	at org.openqa.selenium.support.decorators.WebDriverDecorator.lambda$createProxy$2(WebDriverDecorator.java:321)
	at org.openqa.selenium.remote.RemoteWebDriver$ByteBuddy$QYIudDZq.findElements(Unknown Source)
	at com.kms.katalon.core.webui.common.WebUiCommonHelper.findElementByNormalMethods(WebUiCommonHelper.java:1036)
	at com.kms.katalon.core.webui.common.WebUiCommonHelper.findElementsBySelectedMethod(WebUiCommonHelper.java:927)
	at com.kms.katalon.core.webui.common.WebUiCommonHelper.findElementsBySelectedMethod(WebUiCommonHelper.java:909)
	at com.kms.katalon.core.webui.common.WebUiCommonHelper.findElementsBySelectedMethod(WebUiCommonHelper.java:904)
	at com.kms.katalon.core.webui.common.WebUiCommonHelper.findElementsByDefault(WebUiCommonHelper.java:900)
	at com.kms.katalon.core.webui.common.WebUiCommonHelper.findElementsWithSelfHealing(WebUiCommonHelper.java:746)
	at com.kms.katalon.core.webui.common.WebUiCommonHelper.findWebElements(WebUiCommonHelper.java:730)
	at com.kms.katalon.core.webui.common.WebUiCommonHelper.findWebElement(WebUiCommonHelper.java:1416)
	at com.kms.katalon.core.webui.keyword.internal.WebUIAbstractKeyword.findWebElement(WebUIAbstractKeyword.groovy:27)
	at com.kms.katalon.core.webui.keyword.builtin.ClickKeyword$_click_closure1.doCall(ClickKeyword.groovy:66)
	at com.kms.katalon.core.webui.keyword.builtin.ClickKeyword$_click_closure1.call(ClickKeyword.groovy)
	at com.kms.katalon.core.webui.keyword.internal.WebUIKeywordMain.runKeyword(WebUIKeywordMain.groovy:35)
	at com.kms.katalon.core.webui.keyword.builtin.ClickKeyword.click(ClickKeyword.groovy:75)
	at com.kms.katalon.core.webui.keyword.builtin.ClickKeyword.execute(ClickKeyword.groovy:40)
	at com.kms.katalon.core.keyword.internal.KeywordExecutor.executeKeywordForPlatform(KeywordExecutor.groovy:74)
	at com.kms.katalon.core.webui.keyword.WebUiBuiltInKeywords.click(WebUiBuiltInKeywords.groovy:696)
	at Script1734948563457.run(Script1734948563457.groovy:23)
	... 15 more
)]]></system-out>
         <system-err><![CDATA[27-12-2024T07:13:05 - [TEST_CASE][FAILED] - Test Cases/Employee_Onboarding/TC_Employee_Job_Details: Test Cases/Employee_Onboarding/TC_Employee_Job_Details FAILED.
Reason:
com.kms.katalon.core.exception.StepFailedException: Unable to click on object 'Object Repository/Employee-Onboarding/Employee_Jobs/Page_OrangeHRM/a_PIM'
	at com.kms.katalon.core.webui.keyword.internal.WebUIKeywordMain.stepFailed(WebUIKeywordMain.groovy:117)
	at com.kms.katalon.core.webui.keyword.internal.WebUIKeywordMain.runKeyword(WebUIKeywordMain.groovy:43)
	at com.kms.katalon.core.webui.keyword.builtin.ClickKeyword.click(ClickKeyword.groovy:75)
	at com.kms.katalon.core.webui.keyword.builtin.ClickKeyword.execute(ClickKeyword.groovy:40)
	at com.kms.katalon.core.keyword.internal.KeywordExecutor.executeKeywordForPlatform(KeywordExecutor.groovy:74)
	at com.kms.katalon.core.webui.keyword.WebUiBuiltInKeywords.click(WebUiBuiltInKeywords.groovy:696)
	at TC_Employee_Job_Details.run(TC_Employee_Job_Details:23)
	at com.kms.katalon.core.main.ScriptEngine.run(ScriptEngine.java:194)
	at com.kms.katalon.core.main.ScriptEngine.runScriptAsRawText(ScriptEngine.java:119)
	at com.kms.katalon.core.main.TestCaseExecutor.runScript(TestCaseExecutor.java:448)
	at com.kms.katalon.core.main.TestCaseExecutor.doExecute(TestCaseExecutor.java:439)
	at com.kms.katalon.core.main.TestCaseExecutor.processExecutionPhase(TestCaseExecutor.java:418)
	at com.kms.katalon.core.main.TestCaseExecutor.accessMainPhase(TestCaseExecutor.java:410)
	at com.kms.katalon.core.main.TestCaseExecutor.execute(TestCaseExecutor.java:285)
	at com.kms.katalon.core.common.CommonExecutor.accessTestCaseMainPhase(CommonExecutor.java:65)
	at com.kms.katalon.core.main.TestSuiteExecutor.accessTestSuiteMainPhase(TestSuiteExecutor.java:161)
	at com.kms.katalon.core.main.TestSuiteExecutor.execute(TestSuiteExecutor.java:107)
	at com.kms.katalon.core.main.TestCaseMain.startTestSuite(TestCaseMain.java:176)
	at TempTestSuite1735263398717.run(TempTestSuite1735263398717.groovy:35)
	at java.base/jdk.internal.reflect.NativeMethodAccessorImpl.invoke0(Native Method)
	at java.base/jdk.internal.reflect.NativeMethodAccessorImpl.invoke(NativeMethodAccessorImpl.java:77)
	at java.base/jdk.internal.reflect.DelegatingMethodAccessorImpl.invoke(DelegatingMethodAccessorImpl.java:43)
Caused by: org.openqa.selenium.WebDriverException: disconnected: not connected to DevTools
  (failed to check if window was closed: disconnected: not connected to DevTools)
  (Session info: chrome=131.0.6778.205)
Build info: version: '4.22.0', revision: 'c5f3146703'
System info: os.name: 'Mac OS X', os.arch: 'aarch64', os.version: '15.2', java.version: '17.0.7'
Driver info: com.kms.katalon.selenium.driver.CChromeDriver
Command: [81c375fdc73980b0150be4854699555f, findElements {using=xpath, value=//div[@id='app']/div/div/aside/nav/div[2]/ul/li[2]/a}]
Capabilities {acceptInsecureCerts: false, browserName: chrome, browserVersion: 131.0.6778.205, chrome: {chromedriverVersion: 131.0.6778.85 (3d81e41b6f3a..., userDataDir: /var/folders/1j/l6215wsx1tb...}, fedcm:accounts: true, goog:chromeOptions: {debuggerAddress: localhost:49316}, networkConnectionEnabled: false, pageLoadStrategy: normal, platformName: mac, proxy: Proxy(), se:cdp: ws://localhost:49316/devtoo..., se:cdpVersion: 131.0.6778.205, setWindowRect: true, strictFileInteractability: false, timeouts: {implicit: 0, pageLoad: 300000, script: 30000}, unhandledPromptBehavior: ignore, webSocketUrl: ws://localhost:6763/session..., webauthn:extension:credBlob: true, webauthn:extension:largeBlob: true, webauthn:extension:minPinLength: true, webauthn:extension:prf: true, webauthn:virtualAuthenticators: true}
Session ID: 81c375fdc73980b0150be4854699555f
	at jdk.internal.reflect.GeneratedConstructorAccessor34.newInstance(Unknown Source)
	at java.base/jdk.internal.reflect.DelegatingConstructorAccessorImpl.newInstance(DelegatingConstructorAccessorImpl.java:45)
	at org.openqa.selenium.remote.ErrorCodec.decode(ErrorCodec.java:167)
	at org.openqa.selenium.remote.codec.w3c.W3CHttpResponseCodec.decode(W3CHttpResponseCodec.java:138)
	at org.openqa.selenium.remote.codec.w3c.W3CHttpResponseCodec.decode(W3CHttpResponseCodec.java:50)
	at org.openqa.selenium.remote.HttpCommandExecutor.execute(HttpCommandExecutor.java:190)
	at org.openqa.selenium.remote.service.DriverCommandExecutor.invokeExecute(DriverCommandExecutor.java:216)
	at org.openqa.selenium.remote.service.DriverCommandExecutor.execute(DriverCommandExecutor.java:174)
	at org.openqa.selenium.remote.RemoteWebDriver.execute(RemoteWebDriver.java:518)
	at org.openqa.selenium.remote.ElementLocation$ElementFinder$2.findElements(ElementLocation.java:182)
	at org.openqa.selenium.remote.ElementLocation.findElements(ElementLocation.java:103)
	at org.openqa.selenium.remote.RemoteWebDriver.findElements(RemoteWebDriver.java:368)
	at org.openqa.selenium.remote.RemoteWebDriver.findElements(RemoteWebDriver.java:362)
	at jdk.internal.reflect.GeneratedMethodAccessor19.invoke(Unknown Source)
	at java.base/jdk.internal.reflect.DelegatingMethodAccessorImpl.invoke(DelegatingMethodAccessorImpl.java:43)
	at org.openqa.selenium.support.decorators.WebDriverDecorator.call(WebDriverDecorator.java:249)
	at org.openqa.selenium.support.decorators.DefaultDecorated.call(DefaultDecorated.java:48)
	at org.openqa.selenium.support.decorators.WebDriverDecorator.lambda$createProxy$2(WebDriverDecorator.java:321)
	at org.openqa.selenium.remote.RemoteWebDriver$ByteBuddy$QYIudDZq.findElements(Unknown Source)
	at com.kms.katalon.core.webui.common.WebUiCommonHelper.findElementByNormalMethods(WebUiCommonHelper.java:1036)
	at com.kms.katalon.core.webui.common.WebUiCommonHelper.findElementsBySelectedMethod(WebUiCommonHelper.java:927)
	at com.kms.katalon.core.webui.common.WebUiCommonHelper.findElementsBySelectedMethod(WebUiCommonHelper.java:909)
	at com.kms.katalon.core.webui.common.WebUiCommonHelper.findElementsBySelectedMethod(WebUiCommonHelper.java:904)
	at com.kms.katalon.core.webui.common.WebUiCommonHelper.findElementsByDefault(WebUiCommonHelper.java:900)
	at com.kms.katalon.core.webui.common.WebUiCommonHelper.findElementsWithSelfHealing(WebUiCommonHelper.java:746)
	at com.kms.katalon.core.webui.common.WebUiCommonHelper.findWebElements(WebUiCommonHelper.java:730)
	at com.kms.katalon.core.webui.common.WebUiCommonHelper.findWebElement(WebUiCommonHelper.java:1416)
	at com.kms.katalon.core.webui.keyword.internal.WebUIAbstractKeyword.findWebElement(WebUIAbstractKeyword.groovy:27)
	at com.kms.katalon.core.webui.keyword.builtin.ClickKeyword$_click_closure1.doCall(ClickKeyword.groovy:66)
	at com.kms.katalon.core.webui.keyword.builtin.ClickKeyword$_click_closure1.call(ClickKeyword.groovy)
	at com.kms.katalon.core.webui.keyword.internal.WebUIKeywordMain.runKeyword(WebUIKeywordMain.groovy:35)
	... 20 more]]></system-err>
      </testcase>
      <testcase name="Test Cases/Employee_Onboarding/TC_Employee_Job_Details" time="1.014" classname="Test Cases/Employee_Onboarding/TC_Employee_Job_Details" status="FAILED">
         <failure type="FAILED" message="Test Cases/Employee_Onboarding/TC_Employee_Job_Details FAILED.&#xa;Reason:&#xa;com.kms.katalon.core.exception.StepFailedException: Unable to click on object 'Object Repository/Employee-Onboarding/Employee_Jobs/Page_OrangeHRM/a_PIM'&#xa;	at com.kms.katalon.core.webui.keyword.internal.WebUIKeywordMain.stepFailed(WebUIKeywordMain.groovy:117)&#xa;	at com.kms.katalon.core.webui.keyword.internal.WebUIKeywordMain.runKeyword(WebUIKeywordMain.groovy:43)&#xa;	at com.kms.katalon.core.webui.keyword.builtin.ClickKeyword.click(ClickKeyword.groovy:75)&#xa;	at com.kms.katalon.core.webui.keyword.builtin.ClickKeyword.execute(ClickKeyword.groovy:40)&#xa;	at com.kms.katalon.core.keyword.internal.KeywordExecutor.executeKeywordForPlatform(KeywordExecutor.groovy:74)&#xa;	at com.kms.katalon.core.webui.keyword.WebUiBuiltInKeywords.click(WebUiBuiltInKeywords.groovy:696)&#xa;	at TC_Employee_Job_Details.run(TC_Employee_Job_Details:23)&#xa;	at com.kms.katalon.core.main.ScriptEngine.run(ScriptEngine.java:194)&#xa;	at com.kms.katalon.core.main.ScriptEngine.runScriptAsRawText(ScriptEngine.java:119)&#xa;	at com.kms.katalon.core.main.TestCaseExecutor.runScript(TestCaseExecutor.java:448)&#xa;	at com.kms.katalon.core.main.TestCaseExecutor.doExecute(TestCaseExecutor.java:439)&#xa;	at com.kms.katalon.core.main.TestCaseExecutor.processExecutionPhase(TestCaseExecutor.java:418)&#xa;	at com.kms.katalon.core.main.TestCaseExecutor.accessMainPhase(TestCaseExecutor.java:410)&#xa;	at com.kms.katalon.core.main.TestCaseExecutor.execute(TestCaseExecutor.java:285)&#xa;	at com.kms.katalon.core.common.CommonExecutor.accessTestCaseMainPhase(CommonExecutor.java:65)&#xa;	at com.kms.katalon.core.main.TestSuiteExecutor.accessTestSuiteMainPhase(TestSuiteExecutor.java:161)&#xa;	at com.kms.katalon.core.main.TestSuiteExecutor.execute(TestSuiteExecutor.java:107)&#xa;	at com.kms.katalon.core.main.TestCaseMain.startTestSuite(TestCaseMain.java:176)&#xa;	at TempTestSuite1735263398717.run(TempTestSuite1735263398717.groovy:35)&#xa;	at java.base/jdk.internal.reflect.NativeMethodAccessorImpl.invoke0(Native Method)&#xa;	at java.base/jdk.internal.reflect.NativeMethodAccessorImpl.invoke(NativeMethodAccessorImpl.java:77)&#xa;	at java.base/jdk.internal.reflect.DelegatingMethodAccessorImpl.invoke(DelegatingMethodAccessorImpl.java:43)&#xa;Caused by: org.openqa.selenium.WebDriverException: disconnected: not connected to DevTools&#xa;  (failed to check if window was closed: disconnected: not connected to DevTools)&#xa;  (Session info: chrome=131.0.6778.205)&#xa;Build info: version: '4.22.0', revision: 'c5f3146703'&#xa;System info: os.name: 'Mac OS X', os.arch: 'aarch64', os.version: '15.2', java.version: '17.0.7'&#xa;Driver info: com.kms.katalon.selenium.driver.CChromeDriver&#xa;Command: [81c375fdc73980b0150be4854699555f, findElements {using=xpath, value=//div[@id='app']/div/div/aside/nav/div[2]/ul/li[2]/a}]&#xa;Capabilities {acceptInsecureCerts: false, browserName: chrome, browserVersion: 131.0.6778.205, chrome: {chromedriverVersion: 131.0.6778.85 (3d81e41b6f3a..., userDataDir: /var/folders/1j/l6215wsx1tb...}, fedcm:accounts: true, goog:chromeOptions: {debuggerAddress: localhost:49316}, networkConnectionEnabled: false, pageLoadStrategy: normal, platformName: mac, proxy: Proxy(), se:cdp: ws://localhost:49316/devtoo..., se:cdpVersion: 131.0.6778.205, setWindowRect: true, strictFileInteractability: false, timeouts: {implicit: 0, pageLoad: 300000, script: 30000}, unhandledPromptBehavior: ignore, webSocketUrl: ws://localhost:6763/session..., webauthn:extension:credBlob: true, webauthn:extension:largeBlob: true, webauthn:extension:minPinLength: true, webauthn:extension:prf: true, webauthn:virtualAuthenticators: true}&#xa;Session ID: 81c375fdc73980b0150be4854699555f&#xa;	at jdk.internal.reflect.GeneratedConstructorAccessor34.newInstance(Unknown Source)&#xa;	at java.base/jdk.internal.reflect.DelegatingConstructorAccessorImpl.newInstance(DelegatingConstructorAccessorImpl.java:45)&#xa;	at org.openqa.selenium.remote.ErrorCodec.decode(ErrorCodec.java:167)&#xa;	at org.openqa.selenium.remote.codec.w3c.W3CHttpResponseCodec.decode(W3CHttpResponseCodec.java:138)&#xa;	at org.openqa.selenium.remote.codec.w3c.W3CHttpResponseCodec.decode(W3CHttpResponseCodec.java:50)&#xa;	at org.openqa.selenium.remote.HttpCommandExecutor.execute(HttpCommandExecutor.java:190)&#xa;	at org.openqa.selenium.remote.service.DriverCommandExecutor.invokeExecute(DriverCommandExecutor.java:216)&#xa;	at org.openqa.selenium.remote.service.DriverCommandExecutor.execute(DriverCommandExecutor.java:174)&#xa;	at org.openqa.selenium.remote.RemoteWebDriver.execute(RemoteWebDriver.java:518)&#xa;	at org.openqa.selenium.remote.ElementLocation$ElementFinder$2.findElements(ElementLocation.java:182)&#xa;	at org.openqa.selenium.remote.ElementLocation.findElements(ElementLocation.java:103)&#xa;	at org.openqa.selenium.remote.RemoteWebDriver.findElements(RemoteWebDriver.java:368)&#xa;	at org.openqa.selenium.remote.RemoteWebDriver.findElements(RemoteWebDriver.java:362)&#xa;	at jdk.internal.reflect.GeneratedMethodAccessor19.invoke(Unknown Source)&#xa;	at java.base/jdk.internal.reflect.DelegatingMethodAccessorImpl.invoke(DelegatingMethodAccessorImpl.java:43)&#xa;	at org.openqa.selenium.support.decorators.WebDriverDecorator.call(WebDriverDecorator.java:249)&#xa;	at org.openqa.selenium.support.decorators.DefaultDecorated.call(DefaultDecorated.java:48)&#xa;	at org.openqa.selenium.support.decorators.WebDriverDecorator.lambda$createProxy$2(WebDriverDecorator.java:321)&#xa;	at org.openqa.selenium.remote.RemoteWebDriver$ByteBuddy$QYIudDZq.findElements(Unknown Source)&#xa;	at com.kms.katalon.core.webui.common.WebUiCommonHelper.findElementByNormalMethods(WebUiCommonHelper.java:1036)&#xa;	at com.kms.katalon.core.webui.common.WebUiCommonHelper.findElementsBySelectedMethod(WebUiCommonHelper.java:927)&#xa;	at com.kms.katalon.core.webui.common.WebUiCommonHelper.findElementsBySelectedMethod(WebUiCommonHelper.java:909)&#xa;	at com.kms.katalon.core.webui.common.WebUiCommonHelper.findElementsBySelectedMethod(WebUiCommonHelper.java:904)&#xa;	at com.kms.katalon.core.webui.common.WebUiCommonHelper.findElementsByDefault(WebUiCommonHelper.java:900)&#xa;	at com.kms.katalon.core.webui.common.WebUiCommonHelper.findElementsWithSelfHealing(WebUiCommonHelper.java:746)&#xa;	at com.kms.katalon.core.webui.common.WebUiCommonHelper.findWebElements(WebUiCommonHelper.java:730)&#xa;	at com.kms.katalon.core.webui.common.WebUiCommonHelper.findWebElement(WebUiCommonHelper.java:1416)&#xa;	at com.kms.katalon.core.webui.keyword.internal.WebUIAbstractKeyword.findWebElement(WebUIAbstractKeyword.groovy:27)&#xa;	at com.kms.katalon.core.webui.keyword.builtin.ClickKeyword$_click_closure1.doCall(ClickKeyword.groovy:66)&#xa;	at com.kms.katalon.core.webui.keyword.builtin.ClickKeyword$_click_closure1.call(ClickKeyword.groovy)&#xa;	at com.kms.katalon.core.webui.keyword.internal.WebUIKeywordMain.runKeyword(WebUIKeywordMain.groovy:35)&#xa;	... 20 more&#xa;"/>
         <system-out><![CDATA[27-12-2024T07:13:06 - [TEST_CASE][FAILED] - Test Cases/Employee_Onboarding/TC_Employee_Job_Details: Test Cases/Employee_Onboarding/TC_Employee_Job_Details FAILED.
Reason:
com.kms.katalon.core.exception.StepFailedException: Unable to click on object 'Object Repository/Employee-Onboarding/Employee_Jobs/Page_OrangeHRM/a_PIM'
	at com.kms.katalon.core.webui.keyword.internal.WebUIKeywordMain.stepFailed(WebUIKeywordMain.groovy:117)
	at com.kms.katalon.core.webui.keyword.internal.WebUIKeywordMain.runKeyword(WebUIKeywordMain.groovy:43)
	at com.kms.katalon.core.webui.keyword.builtin.ClickKeyword.click(ClickKeyword.groovy:75)
	at com.kms.katalon.core.webui.keyword.builtin.ClickKeyword.execute(ClickKeyword.groovy:40)
	at com.kms.katalon.core.keyword.internal.KeywordExecutor.executeKeywordForPlatform(KeywordExecutor.groovy:74)
	at com.kms.katalon.core.webui.keyword.WebUiBuiltInKeywords.click(WebUiBuiltInKeywords.groovy:696)
	at TC_Employee_Job_Details.run(TC_Employee_Job_Details:23)
	at com.kms.katalon.core.main.ScriptEngine.run(ScriptEngine.java:194)
	at com.kms.katalon.core.main.ScriptEngine.runScriptAsRawText(ScriptEngine.java:119)
	at com.kms.katalon.core.main.TestCaseExecutor.runScript(TestCaseExecutor.java:448)
	at com.kms.katalon.core.main.TestCaseExecutor.doExecute(TestCaseExecutor.java:439)
	at com.kms.katalon.core.main.TestCaseExecutor.processExecutionPhase(TestCaseExecutor.java:418)
	at com.kms.katalon.core.main.TestCaseExecutor.accessMainPhase(TestCaseExecutor.java:410)
	at com.kms.katalon.core.main.TestCaseExecutor.execute(TestCaseExecutor.java:285)
	at com.kms.katalon.core.common.CommonExecutor.accessTestCaseMainPhase(CommonExecutor.java:65)
	at com.kms.katalon.core.main.TestSuiteExecutor.accessTestSuiteMainPhase(TestSuiteExecutor.java:161)
	at com.kms.katalon.core.main.TestSuiteExecutor.execute(TestSuiteExecutor.java:107)
	at com.kms.katalon.core.main.TestCaseMain.startTestSuite(TestCaseMain.java:176)
	at TempTestSuite1735263398717.run(TempTestSuite1735263398717.groovy:35)
	at java.base/jdk.internal.reflect.NativeMethodAccessorImpl.invoke0(Native Method)
	at java.base/jdk.internal.reflect.NativeMethodAccessorImpl.invoke(NativeMethodAccessorImpl.java:77)
	at java.base/jdk.internal.reflect.DelegatingMethodAccessorImpl.invoke(DelegatingMethodAccessorImpl.java:43)
Caused by: org.openqa.selenium.WebDriverException: disconnected: not connected to DevTools
  (failed to check if window was closed: disconnected: not connected to DevTools)
  (Session info: chrome=131.0.6778.205)
Build info: version: '4.22.0', revision: 'c5f3146703'
System info: os.name: 'Mac OS X', os.arch: 'aarch64', os.version: '15.2', java.version: '17.0.7'
Driver info: com.kms.katalon.selenium.driver.CChromeDriver
Command: [81c375fdc73980b0150be4854699555f, findElements {using=xpath, value=//div[@id='app']/div/div/aside/nav/div[2]/ul/li[2]/a}]
Capabilities {acceptInsecureCerts: false, browserName: chrome, browserVersion: 131.0.6778.205, chrome: {chromedriverVersion: 131.0.6778.85 (3d81e41b6f3a..., userDataDir: /var/folders/1j/l6215wsx1tb...}, fedcm:accounts: true, goog:chromeOptions: {debuggerAddress: localhost:49316}, networkConnectionEnabled: false, pageLoadStrategy: normal, platformName: mac, proxy: Proxy(), se:cdp: ws://localhost:49316/devtoo..., se:cdpVersion: 131.0.6778.205, setWindowRect: true, strictFileInteractability: false, timeouts: {implicit: 0, pageLoad: 300000, script: 30000}, unhandledPromptBehavior: ignore, webSocketUrl: ws://localhost:6763/session..., webauthn:extension:credBlob: true, webauthn:extension:largeBlob: true, webauthn:extension:minPinLength: true, webauthn:extension:prf: true, webauthn:virtualAuthenticators: true}
Session ID: 81c375fdc73980b0150be4854699555f
	at jdk.internal.reflect.GeneratedConstructorAccessor34.newInstance(Unknown Source)
	at java.base/jdk.internal.reflect.DelegatingConstructorAccessorImpl.newInstance(DelegatingConstructorAccessorImpl.java:45)
	at org.openqa.selenium.remote.ErrorCodec.decode(ErrorCodec.java:167)
	at org.openqa.selenium.remote.codec.w3c.W3CHttpResponseCodec.decode(W3CHttpResponseCodec.java:138)
	at org.openqa.selenium.remote.codec.w3c.W3CHttpResponseCodec.decode(W3CHttpResponseCodec.java:50)
	at org.openqa.selenium.remote.HttpCommandExecutor.execute(HttpCommandExecutor.java:190)
	at org.openqa.selenium.remote.service.DriverCommandExecutor.invokeExecute(DriverCommandExecutor.java:216)
	at org.openqa.selenium.remote.service.DriverCommandExecutor.execute(DriverCommandExecutor.java:174)
	at org.openqa.selenium.remote.RemoteWebDriver.execute(RemoteWebDriver.java:518)
	at org.openqa.selenium.remote.ElementLocation$ElementFinder$2.findElements(ElementLocation.java:182)
	at org.openqa.selenium.remote.ElementLocation.findElements(ElementLocation.java:103)
	at org.openqa.selenium.remote.RemoteWebDriver.findElements(RemoteWebDriver.java:368)
	at org.openqa.selenium.remote.RemoteWebDriver.findElements(RemoteWebDriver.java:362)
	at jdk.internal.reflect.GeneratedMethodAccessor19.invoke(Unknown Source)
	at java.base/jdk.internal.reflect.DelegatingMethodAccessorImpl.invoke(DelegatingMethodAccessorImpl.java:43)
	at org.openqa.selenium.support.decorators.WebDriverDecorator.call(WebDriverDecorator.java:249)
	at org.openqa.selenium.support.decorators.DefaultDecorated.call(DefaultDecorated.java:48)
	at org.openqa.selenium.support.decorators.WebDriverDecorator.lambda$createProxy$2(WebDriverDecorator.java:321)
	at org.openqa.selenium.remote.RemoteWebDriver$ByteBuddy$QYIudDZq.findElements(Unknown Source)
	at com.kms.katalon.core.webui.common.WebUiCommonHelper.findElementByNormalMethods(WebUiCommonHelper.java:1036)
	at com.kms.katalon.core.webui.common.WebUiCommonHelper.findElementsBySelectedMethod(WebUiCommonHelper.java:927)
	at com.kms.katalon.core.webui.common.WebUiCommonHelper.findElementsBySelectedMethod(WebUiCommonHelper.java:909)
	at com.kms.katalon.core.webui.common.WebUiCommonHelper.findElementsBySelectedMethod(WebUiCommonHelper.java:904)
	at com.kms.katalon.core.webui.common.WebUiCommonHelper.findElementsByDefault(WebUiCommonHelper.java:900)
	at com.kms.katalon.core.webui.common.WebUiCommonHelper.findElementsWithSelfHealing(WebUiCommonHelper.java:746)
	at com.kms.katalon.core.webui.common.WebUiCommonHelper.findWebElements(WebUiCommonHelper.java:730)
	at com.kms.katalon.core.webui.common.WebUiCommonHelper.findWebElement(WebUiCommonHelper.java:1416)
	at com.kms.katalon.core.webui.keyword.internal.WebUIAbstractKeyword.findWebElement(WebUIAbstractKeyword.groovy:27)
	at com.kms.katalon.core.webui.keyword.builtin.ClickKeyword$_click_closure1.doCall(ClickKeyword.groovy:66)
	at com.kms.katalon.core.webui.keyword.builtin.ClickKeyword$_click_closure1.call(ClickKeyword.groovy)
	at com.kms.katalon.core.webui.keyword.internal.WebUIKeywordMain.runKeyword(WebUIKeywordMain.groovy:35)
	... 20 more


27-12-2024T07:13:06 - [TEST_STEP][PASSED] - comment("Step 1: Click on the "PIM" tab to access the Employee Management section"): Step 1: Click on the "PIM" tab to access the Employee Management section

27-12-2024T07:13:06 - [MESSAGE][INFO] - Step 1: Click on the "PIM" tab to access the Employee Management section

27-12-2024T07:13:06 - [TEST_STEP][FAILED] - click(findTestObject("Object Repository/Employee-Onboarding/Employee_Jobs/Page_OrangeHRM/a_PIM")): Unable to click on object 'Object Repository/Employee-Onboarding/Employee_Jobs/Page_OrangeHRM/a_PIM' (Root cause: com.kms.katalon.core.exception.StepFailedException: Unable to click on object 'Object Repository/Employee-Onboarding/Employee_Jobs/Page_OrangeHRM/a_PIM'
	at com.kms.katalon.core.webui.keyword.internal.WebUIKeywordMain.stepFailed(WebUIKeywordMain.groovy:117)
	at com.kms.katalon.core.webui.keyword.internal.WebUIKeywordMain.runKeyword(WebUIKeywordMain.groovy:43)
	at com.kms.katalon.core.webui.keyword.builtin.ClickKeyword.click(ClickKeyword.groovy:75)
	at com.kms.katalon.core.webui.keyword.builtin.ClickKeyword.execute(ClickKeyword.groovy:40)
	at com.kms.katalon.core.keyword.internal.KeywordExecutor.executeKeywordForPlatform(KeywordExecutor.groovy:74)
	at com.kms.katalon.core.webui.keyword.WebUiBuiltInKeywords.click(WebUiBuiltInKeywords.groovy:696)
	at TC_Employee_Job_Details.run(TC_Employee_Job_Details:23)
	at com.kms.katalon.core.main.ScriptEngine.run(ScriptEngine.java:194)
	at com.kms.katalon.core.main.ScriptEngine.runScriptAsRawText(ScriptEngine.java:119)
	at com.kms.katalon.core.main.TestCaseExecutor.runScript(TestCaseExecutor.java:448)
	at com.kms.katalon.core.main.TestCaseExecutor.doExecute(TestCaseExecutor.java:439)
	at com.kms.katalon.core.main.TestCaseExecutor.processExecutionPhase(TestCaseExecutor.java:418)
	at com.kms.katalon.core.main.TestCaseExecutor.accessMainPhase(TestCaseExecutor.java:410)
	at com.kms.katalon.core.main.TestCaseExecutor.execute(TestCaseExecutor.java:285)
	at com.kms.katalon.core.common.CommonExecutor.accessTestCaseMainPhase(CommonExecutor.java:65)
	at com.kms.katalon.core.main.TestSuiteExecutor.accessTestSuiteMainPhase(TestSuiteExecutor.java:161)
	at com.kms.katalon.core.main.TestSuiteExecutor.execute(TestSuiteExecutor.java:107)
	at com.kms.katalon.core.main.TestCaseMain.startTestSuite(TestCaseMain.java:176)
	at TempTestSuite1735263398717.run(TempTestSuite1735263398717.groovy:35)
	at java.base/jdk.internal.reflect.NativeMethodAccessorImpl.invoke0(Native Method)
	at java.base/jdk.internal.reflect.NativeMethodAccessorImpl.invoke(NativeMethodAccessorImpl.java:77)
	at java.base/jdk.internal.reflect.DelegatingMethodAccessorImpl.invoke(DelegatingMethodAccessorImpl.java:43)
Caused by: org.openqa.selenium.WebDriverException: disconnected: not connected to DevTools
  (failed to check if window was closed: disconnected: not connected to DevTools)
  (Session info: chrome=131.0.6778.205)
Build info: version: '4.22.0', revision: 'c5f3146703'
System info: os.name: 'Mac OS X', os.arch: 'aarch64', os.version: '15.2', java.version: '17.0.7'
Driver info: com.kms.katalon.selenium.driver.CChromeDriver
Command: [81c375fdc73980b0150be4854699555f, findElements {using=xpath, value=//div[@id='app']/div/div/aside/nav/div[2]/ul/li[2]/a}]
Capabilities {acceptInsecureCerts: false, browserName: chrome, browserVersion: 131.0.6778.205, chrome: {chromedriverVersion: 131.0.6778.85 (3d81e41b6f3a..., userDataDir: /var/folders/1j/l6215wsx1tb...}, fedcm:accounts: true, goog:chromeOptions: {debuggerAddress: localhost:49316}, networkConnectionEnabled: false, pageLoadStrategy: normal, platformName: mac, proxy: Proxy(), se:cdp: ws://localhost:49316/devtoo..., se:cdpVersion: 131.0.6778.205, setWindowRect: true, strictFileInteractability: false, timeouts: {implicit: 0, pageLoad: 300000, script: 30000}, unhandledPromptBehavior: ignore, webSocketUrl: ws://localhost:6763/session..., webauthn:extension:credBlob: true, webauthn:extension:largeBlob: true, webauthn:extension:minPinLength: true, webauthn:extension:prf: true, webauthn:virtualAuthenticators: true}
Session ID: 81c375fdc73980b0150be4854699555f
	at jdk.internal.reflect.GeneratedConstructorAccessor34.newInstance(Unknown Source)
	at java.base/jdk.internal.reflect.DelegatingConstructorAccessorImpl.newInstance(DelegatingConstructorAccessorImpl.java:45)
	at org.openqa.selenium.remote.ErrorCodec.decode(ErrorCodec.java:167)
	at org.openqa.selenium.remote.codec.w3c.W3CHttpResponseCodec.decode(W3CHttpResponseCodec.java:138)
	at org.openqa.selenium.remote.codec.w3c.W3CHttpResponseCodec.decode(W3CHttpResponseCodec.java:50)
	at org.openqa.selenium.remote.HttpCommandExecutor.execute(HttpCommandExecutor.java:190)
	at org.openqa.selenium.remote.service.DriverCommandExecutor.invokeExecute(DriverCommandExecutor.java:216)
	at org.openqa.selenium.remote.service.DriverCommandExecutor.execute(DriverCommandExecutor.java:174)
	at org.openqa.selenium.remote.RemoteWebDriver.execute(RemoteWebDriver.java:518)
	at org.openqa.selenium.remote.ElementLocation$ElementFinder$2.findElements(ElementLocation.java:182)
	at org.openqa.selenium.remote.ElementLocation.findElements(ElementLocation.java:103)
	at org.openqa.selenium.remote.RemoteWebDriver.findElements(RemoteWebDriver.java:368)
	at org.openqa.selenium.remote.RemoteWebDriver.findElements(RemoteWebDriver.java:362)
	at jdk.internal.reflect.GeneratedMethodAccessor19.invoke(Unknown Source)
	at java.base/jdk.internal.reflect.DelegatingMethodAccessorImpl.invoke(DelegatingMethodAccessorImpl.java:43)
	at org.openqa.selenium.support.decorators.WebDriverDecorator.call(WebDriverDecorator.java:249)
	at org.openqa.selenium.support.decorators.DefaultDecorated.call(DefaultDecorated.java:48)
	at org.openqa.selenium.support.decorators.WebDriverDecorator.lambda$createProxy$2(WebDriverDecorator.java:321)
	at org.openqa.selenium.remote.RemoteWebDriver$ByteBuddy$QYIudDZq.findElements(Unknown Source)
	at com.kms.katalon.core.webui.common.WebUiCommonHelper.findElementByNormalMethods(WebUiCommonHelper.java:1036)
	at com.kms.katalon.core.webui.common.WebUiCommonHelper.findElementsBySelectedMethod(WebUiCommonHelper.java:927)
	at com.kms.katalon.core.webui.common.WebUiCommonHelper.findElementsBySelectedMethod(WebUiCommonHelper.java:909)
	at com.kms.katalon.core.webui.common.WebUiCommonHelper.findElementsBySelectedMethod(WebUiCommonHelper.java:904)
	at com.kms.katalon.core.webui.common.WebUiCommonHelper.findElementsByDefault(WebUiCommonHelper.java:900)
	at com.kms.katalon.core.webui.common.WebUiCommonHelper.findElementsWithSelfHealing(WebUiCommonHelper.java:746)
	at com.kms.katalon.core.webui.common.WebUiCommonHelper.findWebElements(WebUiCommonHelper.java:730)
	at com.kms.katalon.core.webui.common.WebUiCommonHelper.findWebElement(WebUiCommonHelper.java:1416)
	at com.kms.katalon.core.webui.keyword.internal.WebUIAbstractKeyword.findWebElement(WebUIAbstractKeyword.groovy:27)
	at com.kms.katalon.core.webui.keyword.builtin.ClickKeyword$_click_closure1.doCall(ClickKeyword.groovy:66)
	at com.kms.katalon.core.webui.keyword.builtin.ClickKeyword$_click_closure1.call(ClickKeyword.groovy)
	at com.kms.katalon.core.webui.keyword.internal.WebUIKeywordMain.runKeyword(WebUIKeywordMain.groovy:35)
	at com.kms.katalon.core.webui.keyword.builtin.ClickKeyword.click(ClickKeyword.groovy:75)
	at com.kms.katalon.core.webui.keyword.builtin.ClickKeyword.execute(ClickKeyword.groovy:40)
	at com.kms.katalon.core.keyword.internal.KeywordExecutor.executeKeywordForPlatform(KeywordExecutor.groovy:74)
	at com.kms.katalon.core.webui.keyword.WebUiBuiltInKeywords.click(WebUiBuiltInKeywords.groovy:696)
	at Script1734948563457.run(Script1734948563457.groovy:23)
	... 15 more
)

27-12-2024T07:13:06 - [MESSAGE][WARNING] - [SELF-HEALING] Failed to find element with id 'Object Repository/Employee-Onboarding/Employee_Jobs/Page_OrangeHRM/a_PIM'. Try using Self-healing.

27-12-2024T07:13:06 - [MESSAGE][WARNING] - [SELF-HEALING] disconnected: not connected to DevTools
  (failed to check if window was closed: disconnected: not connected to DevTools)
  (Session info: chrome=131.0.6778.205)
Build info: version: '4.22.0', revision: 'c5f3146703'
System info: os.name: 'Mac OS X', os.arch: 'aarch64', os.version: '15.2', java.version: '17.0.7'
Driver info: com.kms.katalon.selenium.driver.CChromeDriver
Command: [81c375fdc73980b0150be4854699555f, findElements {using=xpath, value=//div[@id='app']/div/div/aside/nav/div[2]/ul/li[2]/a}]
Capabilities {acceptInsecureCerts: false, browserName: chrome, browserVersion: 131.0.6778.205, chrome: {chromedriverVersion: 131.0.6778.85 (3d81e41b6f3a..., userDataDir: /var/folders/1j/l6215wsx1tb...}, fedcm:accounts: true, goog:chromeOptions: {debuggerAddress: localhost:49316}, networkConnectionEnabled: false, pageLoadStrategy: normal, platformName: mac, proxy: Proxy(), se:cdp: ws://localhost:49316/devtoo..., se:cdpVersion: 131.0.6778.205, setWindowRect: true, strictFileInteractability: false, timeouts: {implicit: 0, pageLoad: 300000, script: 30000}, unhandledPromptBehavior: ignore, webSocketUrl: ws://localhost:6763/session..., webauthn:extension:credBlob: true, webauthn:extension:largeBlob: true, webauthn:extension:minPinLength: true, webauthn:extension:prf: true, webauthn:virtualAuthenticators: true}
Session ID: 81c375fdc73980b0150be4854699555f

27-12-2024T07:13:07 - [MESSAGE][WARNING] - [SELF-HEALING] disconnected: not connected to DevTools
  (failed to check if window was closed: disconnected: not connected to DevTools)
  (Session info: chrome=131.0.6778.205)
Build info: version: '4.22.0', revision: 'c5f3146703'
System info: os.name: 'Mac OS X', os.arch: 'aarch64', os.version: '15.2', java.version: '17.0.7'
Driver info: com.kms.katalon.selenium.driver.CChromeDriver
Command: [81c375fdc73980b0150be4854699555f, findElements {using=xpath, value=//*[@href = '/web/index.php/pim/viewPimModule' and (text() = 'PIM' or . = 'PIM')]}]
Capabilities {acceptInsecureCerts: false, browserName: chrome, browserVersion: 131.0.6778.205, chrome: {chromedriverVersion: 131.0.6778.85 (3d81e41b6f3a..., userDataDir: /var/folders/1j/l6215wsx1tb...}, fedcm:accounts: true, goog:chromeOptions: {debuggerAddress: localhost:49316}, networkConnectionEnabled: false, pageLoadStrategy: normal, platformName: mac, proxy: Proxy(), se:cdp: ws://localhost:49316/devtoo..., se:cdpVersion: 131.0.6778.205, setWindowRect: true, strictFileInteractability: false, timeouts: {implicit: 0, pageLoad: 300000, script: 30000}, unhandledPromptBehavior: ignore, webSocketUrl: ws://localhost:6763/session..., webauthn:extension:credBlob: true, webauthn:extension:largeBlob: true, webauthn:extension:minPinLength: true, webauthn:extension:prf: true, webauthn:virtualAuthenticators: true}
Session ID: 81c375fdc73980b0150be4854699555f

27-12-2024T07:13:07 - [MESSAGE][WARNING] - [SELF-HEALING] disconnected: not connected to DevTools
  (failed to check if window was closed: disconnected: not connected to DevTools)
  (Session info: chrome=131.0.6778.205)
Build info: version: '4.22.0', revision: 'c5f3146703'
System info: os.name: 'Mac OS X', os.arch: 'aarch64', os.version: '15.2', java.version: '17.0.7'
Driver info: com.kms.katalon.selenium.driver.CChromeDriver
Command: [81c375fdc73980b0150be4854699555f, findElements {using=css selector, value=}]
Capabilities {acceptInsecureCerts: false, browserName: chrome, browserVersion: 131.0.6778.205, chrome: {chromedriverVersion: 131.0.6778.85 (3d81e41b6f3a..., userDataDir: /var/folders/1j/l6215wsx1tb...}, fedcm:accounts: true, goog:chromeOptions: {debuggerAddress: localhost:49316}, networkConnectionEnabled: false, pageLoadStrategy: normal, platformName: mac, proxy: Proxy(), se:cdp: ws://localhost:49316/devtoo..., se:cdpVersion: 131.0.6778.205, setWindowRect: true, strictFileInteractability: false, timeouts: {implicit: 0, pageLoad: 300000, script: 30000}, unhandledPromptBehavior: ignore, webSocketUrl: ws://localhost:6763/session..., webauthn:extension:credBlob: true, webauthn:extension:largeBlob: true, webauthn:extension:minPinLength: true, webauthn:extension:prf: true, webauthn:virtualAuthenticators: true}
Session ID: 81c375fdc73980b0150be4854699555f

27-12-2024T07:13:07 - [MESSAGE][WARNING] - Cannot take screenshot

27-12-2024T07:13:07 - [MESSAGE][FAILED] - Unable to click on object 'Object Repository/Employee-Onboarding/Employee_Jobs/Page_OrangeHRM/a_PIM' (Root cause: com.kms.katalon.core.exception.StepFailedException: Unable to click on object 'Object Repository/Employee-Onboarding/Employee_Jobs/Page_OrangeHRM/a_PIM'
	at com.kms.katalon.core.webui.keyword.internal.WebUIKeywordMain.stepFailed(WebUIKeywordMain.groovy:117)
	at com.kms.katalon.core.webui.keyword.internal.WebUIKeywordMain.runKeyword(WebUIKeywordMain.groovy:43)
	at com.kms.katalon.core.webui.keyword.builtin.ClickKeyword.click(ClickKeyword.groovy:75)
	at com.kms.katalon.core.webui.keyword.builtin.ClickKeyword.execute(ClickKeyword.groovy:40)
	at com.kms.katalon.core.keyword.internal.KeywordExecutor.executeKeywordForPlatform(KeywordExecutor.groovy:74)
	at com.kms.katalon.core.webui.keyword.WebUiBuiltInKeywords.click(WebUiBuiltInKeywords.groovy:696)
	at TC_Employee_Job_Details.run(TC_Employee_Job_Details:23)
	at com.kms.katalon.core.main.ScriptEngine.run(ScriptEngine.java:194)
	at com.kms.katalon.core.main.ScriptEngine.runScriptAsRawText(ScriptEngine.java:119)
	at com.kms.katalon.core.main.TestCaseExecutor.runScript(TestCaseExecutor.java:448)
	at com.kms.katalon.core.main.TestCaseExecutor.doExecute(TestCaseExecutor.java:439)
	at com.kms.katalon.core.main.TestCaseExecutor.processExecutionPhase(TestCaseExecutor.java:418)
	at com.kms.katalon.core.main.TestCaseExecutor.accessMainPhase(TestCaseExecutor.java:410)
	at com.kms.katalon.core.main.TestCaseExecutor.execute(TestCaseExecutor.java:285)
	at com.kms.katalon.core.common.CommonExecutor.accessTestCaseMainPhase(CommonExecutor.java:65)
	at com.kms.katalon.core.main.TestSuiteExecutor.accessTestSuiteMainPhase(TestSuiteExecutor.java:161)
	at com.kms.katalon.core.main.TestSuiteExecutor.execute(TestSuiteExecutor.java:107)
	at com.kms.katalon.core.main.TestCaseMain.startTestSuite(TestCaseMain.java:176)
	at TempTestSuite1735263398717.run(TempTestSuite1735263398717.groovy:35)
	at java.base/jdk.internal.reflect.NativeMethodAccessorImpl.invoke0(Native Method)
	at java.base/jdk.internal.reflect.NativeMethodAccessorImpl.invoke(NativeMethodAccessorImpl.java:77)
	at java.base/jdk.internal.reflect.DelegatingMethodAccessorImpl.invoke(DelegatingMethodAccessorImpl.java:43)
Caused by: org.openqa.selenium.WebDriverException: disconnected: not connected to DevTools
  (failed to check if window was closed: disconnected: not connected to DevTools)
  (Session info: chrome=131.0.6778.205)
Build info: version: '4.22.0', revision: 'c5f3146703'
System info: os.name: 'Mac OS X', os.arch: 'aarch64', os.version: '15.2', java.version: '17.0.7'
Driver info: com.kms.katalon.selenium.driver.CChromeDriver
Command: [81c375fdc73980b0150be4854699555f, findElements {using=xpath, value=//div[@id='app']/div/div/aside/nav/div[2]/ul/li[2]/a}]
Capabilities {acceptInsecureCerts: false, browserName: chrome, browserVersion: 131.0.6778.205, chrome: {chromedriverVersion: 131.0.6778.85 (3d81e41b6f3a..., userDataDir: /var/folders/1j/l6215wsx1tb...}, fedcm:accounts: true, goog:chromeOptions: {debuggerAddress: localhost:49316}, networkConnectionEnabled: false, pageLoadStrategy: normal, platformName: mac, proxy: Proxy(), se:cdp: ws://localhost:49316/devtoo..., se:cdpVersion: 131.0.6778.205, setWindowRect: true, strictFileInteractability: false, timeouts: {implicit: 0, pageLoad: 300000, script: 30000}, unhandledPromptBehavior: ignore, webSocketUrl: ws://localhost:6763/session..., webauthn:extension:credBlob: true, webauthn:extension:largeBlob: true, webauthn:extension:minPinLength: true, webauthn:extension:prf: true, webauthn:virtualAuthenticators: true}
Session ID: 81c375fdc73980b0150be4854699555f
	at jdk.internal.reflect.GeneratedConstructorAccessor34.newInstance(Unknown Source)
	at java.base/jdk.internal.reflect.DelegatingConstructorAccessorImpl.newInstance(DelegatingConstructorAccessorImpl.java:45)
	at org.openqa.selenium.remote.ErrorCodec.decode(ErrorCodec.java:167)
	at org.openqa.selenium.remote.codec.w3c.W3CHttpResponseCodec.decode(W3CHttpResponseCodec.java:138)
	at org.openqa.selenium.remote.codec.w3c.W3CHttpResponseCodec.decode(W3CHttpResponseCodec.java:50)
	at org.openqa.selenium.remote.HttpCommandExecutor.execute(HttpCommandExecutor.java:190)
	at org.openqa.selenium.remote.service.DriverCommandExecutor.invokeExecute(DriverCommandExecutor.java:216)
	at org.openqa.selenium.remote.service.DriverCommandExecutor.execute(DriverCommandExecutor.java:174)
	at org.openqa.selenium.remote.RemoteWebDriver.execute(RemoteWebDriver.java:518)
	at org.openqa.selenium.remote.ElementLocation$ElementFinder$2.findElements(ElementLocation.java:182)
	at org.openqa.selenium.remote.ElementLocation.findElements(ElementLocation.java:103)
	at org.openqa.selenium.remote.RemoteWebDriver.findElements(RemoteWebDriver.java:368)
	at org.openqa.selenium.remote.RemoteWebDriver.findElements(RemoteWebDriver.java:362)
	at jdk.internal.reflect.GeneratedMethodAccessor19.invoke(Unknown Source)
	at java.base/jdk.internal.reflect.DelegatingMethodAccessorImpl.invoke(DelegatingMethodAccessorImpl.java:43)
	at org.openqa.selenium.support.decorators.WebDriverDecorator.call(WebDriverDecorator.java:249)
	at org.openqa.selenium.support.decorators.DefaultDecorated.call(DefaultDecorated.java:48)
	at org.openqa.selenium.support.decorators.WebDriverDecorator.lambda$createProxy$2(WebDriverDecorator.java:321)
	at org.openqa.selenium.remote.RemoteWebDriver$ByteBuddy$QYIudDZq.findElements(Unknown Source)
	at com.kms.katalon.core.webui.common.WebUiCommonHelper.findElementByNormalMethods(WebUiCommonHelper.java:1036)
	at com.kms.katalon.core.webui.common.WebUiCommonHelper.findElementsBySelectedMethod(WebUiCommonHelper.java:927)
	at com.kms.katalon.core.webui.common.WebUiCommonHelper.findElementsBySelectedMethod(WebUiCommonHelper.java:909)
	at com.kms.katalon.core.webui.common.WebUiCommonHelper.findElementsBySelectedMethod(WebUiCommonHelper.java:904)
	at com.kms.katalon.core.webui.common.WebUiCommonHelper.findElementsByDefault(WebUiCommonHelper.java:900)
	at com.kms.katalon.core.webui.common.WebUiCommonHelper.findElementsWithSelfHealing(WebUiCommonHelper.java:746)
	at com.kms.katalon.core.webui.common.WebUiCommonHelper.findWebElements(WebUiCommonHelper.java:730)
	at com.kms.katalon.core.webui.common.WebUiCommonHelper.findWebElement(WebUiCommonHelper.java:1416)
	at com.kms.katalon.core.webui.keyword.internal.WebUIAbstractKeyword.findWebElement(WebUIAbstractKeyword.groovy:27)
	at com.kms.katalon.core.webui.keyword.builtin.ClickKeyword$_click_closure1.doCall(ClickKeyword.groovy:66)
	at com.kms.katalon.core.webui.keyword.builtin.ClickKeyword$_click_closure1.call(ClickKeyword.groovy)
	at com.kms.katalon.core.webui.keyword.internal.WebUIKeywordMain.runKeyword(WebUIKeywordMain.groovy:35)
	at com.kms.katalon.core.webui.keyword.builtin.ClickKeyword.click(ClickKeyword.groovy:75)
	at com.kms.katalon.core.webui.keyword.builtin.ClickKeyword.execute(ClickKeyword.groovy:40)
	at com.kms.katalon.core.keyword.internal.KeywordExecutor.executeKeywordForPlatform(KeywordExecutor.groovy:74)
	at com.kms.katalon.core.webui.keyword.WebUiBuiltInKeywords.click(WebUiBuiltInKeywords.groovy:696)
	at Script1734948563457.run(Script1734948563457.groovy:23)
	... 15 more
)]]></system-out>
         <system-err><![CDATA[27-12-2024T07:13:06 - [TEST_CASE][FAILED] - Test Cases/Employee_Onboarding/TC_Employee_Job_Details: Test Cases/Employee_Onboarding/TC_Employee_Job_Details FAILED.
Reason:
com.kms.katalon.core.exception.StepFailedException: Unable to click on object 'Object Repository/Employee-Onboarding/Employee_Jobs/Page_OrangeHRM/a_PIM'
	at com.kms.katalon.core.webui.keyword.internal.WebUIKeywordMain.stepFailed(WebUIKeywordMain.groovy:117)
	at com.kms.katalon.core.webui.keyword.internal.WebUIKeywordMain.runKeyword(WebUIKeywordMain.groovy:43)
	at com.kms.katalon.core.webui.keyword.builtin.ClickKeyword.click(ClickKeyword.groovy:75)
	at com.kms.katalon.core.webui.keyword.builtin.ClickKeyword.execute(ClickKeyword.groovy:40)
	at com.kms.katalon.core.keyword.internal.KeywordExecutor.executeKeywordForPlatform(KeywordExecutor.groovy:74)
	at com.kms.katalon.core.webui.keyword.WebUiBuiltInKeywords.click(WebUiBuiltInKeywords.groovy:696)
	at TC_Employee_Job_Details.run(TC_Employee_Job_Details:23)
	at com.kms.katalon.core.main.ScriptEngine.run(ScriptEngine.java:194)
	at com.kms.katalon.core.main.ScriptEngine.runScriptAsRawText(ScriptEngine.java:119)
	at com.kms.katalon.core.main.TestCaseExecutor.runScript(TestCaseExecutor.java:448)
	at com.kms.katalon.core.main.TestCaseExecutor.doExecute(TestCaseExecutor.java:439)
	at com.kms.katalon.core.main.TestCaseExecutor.processExecutionPhase(TestCaseExecutor.java:418)
	at com.kms.katalon.core.main.TestCaseExecutor.accessMainPhase(TestCaseExecutor.java:410)
	at com.kms.katalon.core.main.TestCaseExecutor.execute(TestCaseExecutor.java:285)
	at com.kms.katalon.core.common.CommonExecutor.accessTestCaseMainPhase(CommonExecutor.java:65)
	at com.kms.katalon.core.main.TestSuiteExecutor.accessTestSuiteMainPhase(TestSuiteExecutor.java:161)
	at com.kms.katalon.core.main.TestSuiteExecutor.execute(TestSuiteExecutor.java:107)
	at com.kms.katalon.core.main.TestCaseMain.startTestSuite(TestCaseMain.java:176)
	at TempTestSuite1735263398717.run(TempTestSuite1735263398717.groovy:35)
	at java.base/jdk.internal.reflect.NativeMethodAccessorImpl.invoke0(Native Method)
	at java.base/jdk.internal.reflect.NativeMethodAccessorImpl.invoke(NativeMethodAccessorImpl.java:77)
	at java.base/jdk.internal.reflect.DelegatingMethodAccessorImpl.invoke(DelegatingMethodAccessorImpl.java:43)
Caused by: org.openqa.selenium.WebDriverException: disconnected: not connected to DevTools
  (failed to check if window was closed: disconnected: not connected to DevTools)
  (Session info: chrome=131.0.6778.205)
Build info: version: '4.22.0', revision: 'c5f3146703'
System info: os.name: 'Mac OS X', os.arch: 'aarch64', os.version: '15.2', java.version: '17.0.7'
Driver info: com.kms.katalon.selenium.driver.CChromeDriver
Command: [81c375fdc73980b0150be4854699555f, findElements {using=xpath, value=//div[@id='app']/div/div/aside/nav/div[2]/ul/li[2]/a}]
Capabilities {acceptInsecureCerts: false, browserName: chrome, browserVersion: 131.0.6778.205, chrome: {chromedriverVersion: 131.0.6778.85 (3d81e41b6f3a..., userDataDir: /var/folders/1j/l6215wsx1tb...}, fedcm:accounts: true, goog:chromeOptions: {debuggerAddress: localhost:49316}, networkConnectionEnabled: false, pageLoadStrategy: normal, platformName: mac, proxy: Proxy(), se:cdp: ws://localhost:49316/devtoo..., se:cdpVersion: 131.0.6778.205, setWindowRect: true, strictFileInteractability: false, timeouts: {implicit: 0, pageLoad: 300000, script: 30000}, unhandledPromptBehavior: ignore, webSocketUrl: ws://localhost:6763/session..., webauthn:extension:credBlob: true, webauthn:extension:largeBlob: true, webauthn:extension:minPinLength: true, webauthn:extension:prf: true, webauthn:virtualAuthenticators: true}
Session ID: 81c375fdc73980b0150be4854699555f
	at jdk.internal.reflect.GeneratedConstructorAccessor34.newInstance(Unknown Source)
	at java.base/jdk.internal.reflect.DelegatingConstructorAccessorImpl.newInstance(DelegatingConstructorAccessorImpl.java:45)
	at org.openqa.selenium.remote.ErrorCodec.decode(ErrorCodec.java:167)
	at org.openqa.selenium.remote.codec.w3c.W3CHttpResponseCodec.decode(W3CHttpResponseCodec.java:138)
	at org.openqa.selenium.remote.codec.w3c.W3CHttpResponseCodec.decode(W3CHttpResponseCodec.java:50)
	at org.openqa.selenium.remote.HttpCommandExecutor.execute(HttpCommandExecutor.java:190)
	at org.openqa.selenium.remote.service.DriverCommandExecutor.invokeExecute(DriverCommandExecutor.java:216)
	at org.openqa.selenium.remote.service.DriverCommandExecutor.execute(DriverCommandExecutor.java:174)
	at org.openqa.selenium.remote.RemoteWebDriver.execute(RemoteWebDriver.java:518)
	at org.openqa.selenium.remote.ElementLocation$ElementFinder$2.findElements(ElementLocation.java:182)
	at org.openqa.selenium.remote.ElementLocation.findElements(ElementLocation.java:103)
	at org.openqa.selenium.remote.RemoteWebDriver.findElements(RemoteWebDriver.java:368)
	at org.openqa.selenium.remote.RemoteWebDriver.findElements(RemoteWebDriver.java:362)
	at jdk.internal.reflect.GeneratedMethodAccessor19.invoke(Unknown Source)
	at java.base/jdk.internal.reflect.DelegatingMethodAccessorImpl.invoke(DelegatingMethodAccessorImpl.java:43)
	at org.openqa.selenium.support.decorators.WebDriverDecorator.call(WebDriverDecorator.java:249)
	at org.openqa.selenium.support.decorators.DefaultDecorated.call(DefaultDecorated.java:48)
	at org.openqa.selenium.support.decorators.WebDriverDecorator.lambda$createProxy$2(WebDriverDecorator.java:321)
	at org.openqa.selenium.remote.RemoteWebDriver$ByteBuddy$QYIudDZq.findElements(Unknown Source)
	at com.kms.katalon.core.webui.common.WebUiCommonHelper.findElementByNormalMethods(WebUiCommonHelper.java:1036)
	at com.kms.katalon.core.webui.common.WebUiCommonHelper.findElementsBySelectedMethod(WebUiCommonHelper.java:927)
	at com.kms.katalon.core.webui.common.WebUiCommonHelper.findElementsBySelectedMethod(WebUiCommonHelper.java:909)
	at com.kms.katalon.core.webui.common.WebUiCommonHelper.findElementsBySelectedMethod(WebUiCommonHelper.java:904)
	at com.kms.katalon.core.webui.common.WebUiCommonHelper.findElementsByDefault(WebUiCommonHelper.java:900)
	at com.kms.katalon.core.webui.common.WebUiCommonHelper.findElementsWithSelfHealing(WebUiCommonHelper.java:746)
	at com.kms.katalon.core.webui.common.WebUiCommonHelper.findWebElements(WebUiCommonHelper.java:730)
	at com.kms.katalon.core.webui.common.WebUiCommonHelper.findWebElement(WebUiCommonHelper.java:1416)
	at com.kms.katalon.core.webui.keyword.internal.WebUIAbstractKeyword.findWebElement(WebUIAbstractKeyword.groovy:27)
	at com.kms.katalon.core.webui.keyword.builtin.ClickKeyword$_click_closure1.doCall(ClickKeyword.groovy:66)
	at com.kms.katalon.core.webui.keyword.builtin.ClickKeyword$_click_closure1.call(ClickKeyword.groovy)
	at com.kms.katalon.core.webui.keyword.internal.WebUIKeywordMain.runKeyword(WebUIKeywordMain.groovy:35)
	... 20 more]]></system-err>
      </testcase>
      <system-out><![CDATA[27-12-2024T07:06:44 - [TEST_SUITE][FAILED] - TS_Employee_Job_Update: Test Cases/Employee_Onboarding/TC_Employee_Job_Details FAILED.
Reason:
com.kms.katalon.core.exception.StepFailedException: Unable to click on object 'Object Repository/Employee-Onboarding/Employee_Jobs/Page_OrangeHRM/i_-- Select --_oxd-icon bi-caret-up-fill ox_627fec_1_2_3'
	at com.kms.katalon.core.webui.keyword.internal.WebUIKeywordMain.stepFailed(WebUIKeywordMain.groovy:117)
	at com.kms.katalon.core.webui.keyword.internal.WebUIKeywordMain.runKeyword(WebUIKeywordMain.groovy:43)
	at com.kms.katalon.core.webui.keyword.builtin.ClickKeyword.click(ClickKeyword.groovy:75)
	at com.kms.katalon.core.webui.keyword.builtin.ClickKeyword.execute(ClickKeyword.groovy:40)
	at com.kms.katalon.core.keyword.internal.KeywordExecutor.executeKeywordForPlatform(KeywordExecutor.groovy:74)
	at com.kms.katalon.core.webui.keyword.WebUiBuiltInKeywords.click(WebUiBuiltInKeywords.groovy:696)
	at TC_Employee_Job_Details.run(TC_Employee_Job_Details:81)
	at com.kms.katalon.core.main.ScriptEngine.run(ScriptEngine.java:194)
	at com.kms.katalon.core.main.ScriptEngine.runScriptAsRawText(ScriptEngine.java:119)
	at com.kms.katalon.core.main.TestCaseExecutor.runScript(TestCaseExecutor.java:448)
	at com.kms.katalon.core.main.TestCaseExecutor.doExecute(TestCaseExecutor.java:439)
	at com.kms.katalon.core.main.TestCaseExecutor.processExecutionPhase(TestCaseExecutor.java:418)
	at com.kms.katalon.core.main.TestCaseExecutor.accessMainPhase(TestCaseExecutor.java:410)
	at com.kms.katalon.core.main.TestCaseExecutor.execute(TestCaseExecutor.java:285)
	at com.kms.katalon.core.common.CommonExecutor.accessTestCaseMainPhase(CommonExecutor.java:65)
	at com.kms.katalon.core.main.TestSuiteExecutor.accessTestSuiteMainPhase(TestSuiteExecutor.java:161)
	at com.kms.katalon.core.main.TestSuiteExecutor.execute(TestSuiteExecutor.java:107)
	at com.kms.katalon.core.main.TestCaseMain.startTestSuite(TestCaseMain.java:176)
	at TempTestSuite1735263398717.run(TempTestSuite1735263398717.groovy:35)
	at java.base/jdk.internal.reflect.NativeMethodAccessorImpl.invoke0(Native Method)
	at java.base/jdk.internal.reflect.NativeMethodAccessorImpl.invoke(NativeMethodAccessorImpl.java:77)
	at java.base/jdk.internal.reflect.DelegatingMethodAccessorImpl.invoke(DelegatingMethodAccessorImpl.java:43)
Caused by: org.openqa.selenium.WebDriverException: disconnected: not connected to DevTools
  (failed to check if window was closed: disconnected: not connected to DevTools)
  (Session info: chrome=131.0.6778.205)
Build info: version: '4.22.0', revision: 'c5f3146703'
System info: os.name: 'Mac OS X', os.arch: 'aarch64', os.version: '15.2', java.version: '17.0.7'
Driver info: com.kms.katalon.selenium.driver.CChromeDriver
Command: [81c375fdc73980b0150be4854699555f, findElements {using=xpath, value=//div[@id='app']/div/div[2]/div[2]/div/div/div/div[2]/div/form/div/div/div[6]/div/div[2]/div/div/div[2]/i}]
Capabilities {acceptInsecureCerts: false, browserName: chrome, browserVersion: 131.0.6778.205, chrome: {chromedriverVersion: 131.0.6778.85 (3d81e41b6f3a..., userDataDir: /var/folders/1j/l6215wsx1tb...}, fedcm:accounts: true, goog:chromeOptions: {debuggerAddress: localhost:49316}, networkConnectionEnabled: false, pageLoadStrategy: normal, platformName: mac, proxy: Proxy(), se:cdp: ws://localhost:49316/devtoo..., se:cdpVersion: 131.0.6778.205, setWindowRect: true, strictFileInteractability: false, timeouts: {implicit: 0, pageLoad: 300000, script: 30000}, unhandledPromptBehavior: ignore, webSocketUrl: ws://localhost:6763/session..., webauthn:extension:credBlob: true, webauthn:extension:largeBlob: true, webauthn:extension:minPinLength: true, webauthn:extension:prf: true, webauthn:virtualAuthenticators: true}
Session ID: 81c375fdc73980b0150be4854699555f
	at java.base/jdk.internal.reflect.NativeConstructorAccessorImpl.newInstance0(Native Method)
	at java.base/jdk.internal.reflect.NativeConstructorAccessorImpl.newInstance(NativeConstructorAccessorImpl.java:77)
	at java.base/jdk.internal.reflect.DelegatingConstructorAccessorImpl.newInstance(DelegatingConstructorAccessorImpl.java:45)
	at org.openqa.selenium.remote.ErrorCodec.decode(ErrorCodec.java:167)
	at org.openqa.selenium.remote.codec.w3c.W3CHttpResponseCodec.decode(W3CHttpResponseCodec.java:138)
	at org.openqa.selenium.remote.codec.w3c.W3CHttpResponseCodec.decode(W3CHttpResponseCodec.java:50)
	at org.openqa.selenium.remote.HttpCommandExecutor.execute(HttpCommandExecutor.java:190)
	at org.openqa.selenium.remote.service.DriverCommandExecutor.invokeExecute(DriverCommandExecutor.java:216)
	at org.openqa.selenium.remote.service.DriverCommandExecutor.execute(DriverCommandExecutor.java:174)
	at org.openqa.selenium.remote.RemoteWebDriver.execute(RemoteWebDriver.java:518)
	at org.openqa.selenium.remote.ElementLocation$ElementFinder$2.findElements(ElementLocation.java:182)
	at org.openqa.selenium.remote.ElementLocation.findElements(ElementLocation.java:103)
	at org.openqa.selenium.remote.RemoteWebDriver.findElements(RemoteWebDriver.java:368)
	at org.openqa.selenium.remote.RemoteWebDriver.findElements(RemoteWebDriver.java:362)
	at jdk.internal.reflect.GeneratedMethodAccessor19.invoke(Unknown Source)
	at java.base/jdk.internal.reflect.DelegatingMethodAccessorImpl.invoke(DelegatingMethodAccessorImpl.java:43)
	at org.openqa.selenium.support.decorators.WebDriverDecorator.call(WebDriverDecorator.java:249)
	at org.openqa.selenium.support.decorators.DefaultDecorated.call(DefaultDecorated.java:48)
	at org.openqa.selenium.support.decorators.WebDriverDecorator.lambda$createProxy$2(WebDriverDecorator.java:321)
	at org.openqa.selenium.remote.RemoteWebDriver$ByteBuddy$QYIudDZq.findElements(Unknown Source)
	at com.kms.katalon.core.webui.common.WebUiCommonHelper.findElementByNormalMethods(WebUiCommonHelper.java:1036)
	at com.kms.katalon.core.webui.common.WebUiCommonHelper.findElementsBySelectedMethod(WebUiCommonHelper.java:927)
	at com.kms.katalon.core.webui.common.WebUiCommonHelper.findElementsBySelectedMethod(WebUiCommonHelper.java:909)
	at com.kms.katalon.core.webui.common.WebUiCommonHelper.findElementsBySelectedMethod(WebUiCommonHelper.java:904)
	at com.kms.katalon.core.webui.common.WebUiCommonHelper.findElementsByDefault(WebUiCommonHelper.java:900)
	at com.kms.katalon.core.webui.common.WebUiCommonHelper.findElementsWithSelfHealing(WebUiCommonHelper.java:746)
	at com.kms.katalon.core.webui.common.WebUiCommonHelper.findWebElements(WebUiCommonHelper.java:730)
	at com.kms.katalon.core.webui.common.WebUiCommonHelper.findWebElement(WebUiCommonHelper.java:1416)
	at com.kms.katalon.core.webui.keyword.internal.WebUIAbstractKeyword.findWebElement(WebUIAbstractKeyword.groovy:27)
	at com.kms.katalon.core.webui.keyword.builtin.ClickKeyword$_click_closure1.doCall(ClickKeyword.groovy:66)
	at com.kms.katalon.core.webui.keyword.builtin.ClickKeyword$_click_closure1.call(ClickKeyword.groovy)
	at com.kms.katalon.core.webui.keyword.internal.WebUIKeywordMain.runKeyword(WebUIKeywordMain.groovy:35)
	... 20 more]]></system-out>
      <system-err><![CDATA[27-12-2024T07:06:44 - [TEST_SUITE][FAILED] - TS_Employee_Job_Update: Test Cases/Employee_Onboarding/TC_Employee_Job_Details FAILED.
Reason:
com.kms.katalon.core.exception.StepFailedException: Unable to click on object 'Object Repository/Employee-Onboarding/Employee_Jobs/Page_OrangeHRM/i_-- Select --_oxd-icon bi-caret-up-fill ox_627fec_1_2_3'
	at com.kms.katalon.core.webui.keyword.internal.WebUIKeywordMain.stepFailed(WebUIKeywordMain.groovy:117)
	at com.kms.katalon.core.webui.keyword.internal.WebUIKeywordMain.runKeyword(WebUIKeywordMain.groovy:43)
	at com.kms.katalon.core.webui.keyword.builtin.ClickKeyword.click(ClickKeyword.groovy:75)
	at com.kms.katalon.core.webui.keyword.builtin.ClickKeyword.execute(ClickKeyword.groovy:40)
	at com.kms.katalon.core.keyword.internal.KeywordExecutor.executeKeywordForPlatform(KeywordExecutor.groovy:74)
	at com.kms.katalon.core.webui.keyword.WebUiBuiltInKeywords.click(WebUiBuiltInKeywords.groovy:696)
	at TC_Employee_Job_Details.run(TC_Employee_Job_Details:81)
	at com.kms.katalon.core.main.ScriptEngine.run(ScriptEngine.java:194)
	at com.kms.katalon.core.main.ScriptEngine.runScriptAsRawText(ScriptEngine.java:119)
	at com.kms.katalon.core.main.TestCaseExecutor.runScript(TestCaseExecutor.java:448)
	at com.kms.katalon.core.main.TestCaseExecutor.doExecute(TestCaseExecutor.java:439)
	at com.kms.katalon.core.main.TestCaseExecutor.processExecutionPhase(TestCaseExecutor.java:418)
	at com.kms.katalon.core.main.TestCaseExecutor.accessMainPhase(TestCaseExecutor.java:410)
	at com.kms.katalon.core.main.TestCaseExecutor.execute(TestCaseExecutor.java:285)
	at com.kms.katalon.core.common.CommonExecutor.accessTestCaseMainPhase(CommonExecutor.java:65)
	at com.kms.katalon.core.main.TestSuiteExecutor.accessTestSuiteMainPhase(TestSuiteExecutor.java:161)
	at com.kms.katalon.core.main.TestSuiteExecutor.execute(TestSuiteExecutor.java:107)
	at com.kms.katalon.core.main.TestCaseMain.startTestSuite(TestCaseMain.java:176)
	at TempTestSuite1735263398717.run(TempTestSuite1735263398717.groovy:35)
	at java.base/jdk.internal.reflect.NativeMethodAccessorImpl.invoke0(Native Method)
	at java.base/jdk.internal.reflect.NativeMethodAccessorImpl.invoke(NativeMethodAccessorImpl.java:77)
	at java.base/jdk.internal.reflect.DelegatingMethodAccessorImpl.invoke(DelegatingMethodAccessorImpl.java:43)
Caused by: org.openqa.selenium.WebDriverException: disconnected: not connected to DevTools
  (failed to check if window was closed: disconnected: not connected to DevTools)
  (Session info: chrome=131.0.6778.205)
Build info: version: '4.22.0', revision: 'c5f3146703'
System info: os.name: 'Mac OS X', os.arch: 'aarch64', os.version: '15.2', java.version: '17.0.7'
Driver info: com.kms.katalon.selenium.driver.CChromeDriver
Command: [81c375fdc73980b0150be4854699555f, findElements {using=xpath, value=//div[@id='app']/div/div[2]/div[2]/div/div/div/div[2]/div/form/div/div/div[6]/div/div[2]/div/div/div[2]/i}]
Capabilities {acceptInsecureCerts: false, browserName: chrome, browserVersion: 131.0.6778.205, chrome: {chromedriverVersion: 131.0.6778.85 (3d81e41b6f3a..., userDataDir: /var/folders/1j/l6215wsx1tb...}, fedcm:accounts: true, goog:chromeOptions: {debuggerAddress: localhost:49316}, networkConnectionEnabled: false, pageLoadStrategy: normal, platformName: mac, proxy: Proxy(), se:cdp: ws://localhost:49316/devtoo..., se:cdpVersion: 131.0.6778.205, setWindowRect: true, strictFileInteractability: false, timeouts: {implicit: 0, pageLoad: 300000, script: 30000}, unhandledPromptBehavior: ignore, webSocketUrl: ws://localhost:6763/session..., webauthn:extension:credBlob: true, webauthn:extension:largeBlob: true, webauthn:extension:minPinLength: true, webauthn:extension:prf: true, webauthn:virtualAuthenticators: true}
Session ID: 81c375fdc73980b0150be4854699555f
	at java.base/jdk.internal.reflect.NativeConstructorAccessorImpl.newInstance0(Native Method)
	at java.base/jdk.internal.reflect.NativeConstructorAccessorImpl.newInstance(NativeConstructorAccessorImpl.java:77)
	at java.base/jdk.internal.reflect.DelegatingConstructorAccessorImpl.newInstance(DelegatingConstructorAccessorImpl.java:45)
	at org.openqa.selenium.remote.ErrorCodec.decode(ErrorCodec.java:167)
	at org.openqa.selenium.remote.codec.w3c.W3CHttpResponseCodec.decode(W3CHttpResponseCodec.java:138)
	at org.openqa.selenium.remote.codec.w3c.W3CHttpResponseCodec.decode(W3CHttpResponseCodec.java:50)
	at org.openqa.selenium.remote.HttpCommandExecutor.execute(HttpCommandExecutor.java:190)
	at org.openqa.selenium.remote.service.DriverCommandExecutor.invokeExecute(DriverCommandExecutor.java:216)
	at org.openqa.selenium.remote.service.DriverCommandExecutor.execute(DriverCommandExecutor.java:174)
	at org.openqa.selenium.remote.RemoteWebDriver.execute(RemoteWebDriver.java:518)
	at org.openqa.selenium.remote.ElementLocation$ElementFinder$2.findElements(ElementLocation.java:182)
	at org.openqa.selenium.remote.ElementLocation.findElements(ElementLocation.java:103)
	at org.openqa.selenium.remote.RemoteWebDriver.findElements(RemoteWebDriver.java:368)
	at org.openqa.selenium.remote.RemoteWebDriver.findElements(RemoteWebDriver.java:362)
	at jdk.internal.reflect.GeneratedMethodAccessor19.invoke(Unknown Source)
	at java.base/jdk.internal.reflect.DelegatingMethodAccessorImpl.invoke(DelegatingMethodAccessorImpl.java:43)
	at org.openqa.selenium.support.decorators.WebDriverDecorator.call(WebDriverDecorator.java:249)
	at org.openqa.selenium.support.decorators.DefaultDecorated.call(DefaultDecorated.java:48)
	at org.openqa.selenium.support.decorators.WebDriverDecorator.lambda$createProxy$2(WebDriverDecorator.java:321)
	at org.openqa.selenium.remote.RemoteWebDriver$ByteBuddy$QYIudDZq.findElements(Unknown Source)
	at com.kms.katalon.core.webui.common.WebUiCommonHelper.findElementByNormalMethods(WebUiCommonHelper.java:1036)
	at com.kms.katalon.core.webui.common.WebUiCommonHelper.findElementsBySelectedMethod(WebUiCommonHelper.java:927)
	at com.kms.katalon.core.webui.common.WebUiCommonHelper.findElementsBySelectedMethod(WebUiCommonHelper.java:909)
	at com.kms.katalon.core.webui.common.WebUiCommonHelper.findElementsBySelectedMethod(WebUiCommonHelper.java:904)
	at com.kms.katalon.core.webui.common.WebUiCommonHelper.findElementsByDefault(WebUiCommonHelper.java:900)
	at com.kms.katalon.core.webui.common.WebUiCommonHelper.findElementsWithSelfHealing(WebUiCommonHelper.java:746)
	at com.kms.katalon.core.webui.common.WebUiCommonHelper.findWebElements(WebUiCommonHelper.java:730)
	at com.kms.katalon.core.webui.common.WebUiCommonHelper.findWebElement(WebUiCommonHelper.java:1416)
	at com.kms.katalon.core.webui.keyword.internal.WebUIAbstractKeyword.findWebElement(WebUIAbstractKeyword.groovy:27)
	at com.kms.katalon.core.webui.keyword.builtin.ClickKeyword$_click_closure1.doCall(ClickKeyword.groovy:66)
	at com.kms.katalon.core.webui.keyword.builtin.ClickKeyword$_click_closure1.call(ClickKeyword.groovy)
	at com.kms.katalon.core.webui.keyword.internal.WebUIKeywordMain.runKeyword(WebUIKeywordMain.groovy:35)
	... 20 more]]></system-err>
   </testsuite>
</testsuites>
