<?xml version="1.0" encoding="UTF-8"?>
<testsuites name="TS_Employee_Person_Details" time="1534.824" tests="101" failures="0" errors="0">
   <testsuite name="TS_Employee_Person_Details" tests="101" failures="0" errors="0" time="1534.824" skipped="0" timestamp="27-12-2024T07:43:31" hostname="mahtabsiddique - localhost" id="Test Suites/Employee_Onboarding/TS_Employee_Person_Details">
      <properties>
         <property name="deviceName" value=""/>
         <property name="devicePlatform"/>
         <property name="logFolder" value="/Users/mahtabsiddique/git/orange/orangeHRM_Automation/Reports/20241227_074324/Employee_Onboarding/TS_Employee_Person_Details/20241227_074325"/>
         <property name="logFiles" value="/Users/mahtabsiddique/git/orange/orangeHRM_Automation/Reports/20241227_074324/Employee_Onboarding/TS_Employee_Person_Details/20241227_074325/execution0.log"/>
         <property name="attachments" value=""/>
         <property name="hostName" value="mahtabsiddique - localhost"/>
         <property name="os" value="Mac OS X 64bit"/>
         <property name="katalonVersion" value="10.0.1.223"/>
         <property name="browser" value="Chrome 131.0.0.0"/>
         <property name="hostAddress" value="127.0.0.1"/>
         <property name="sessionId" value="f79b3cfffe6495332463d3e91b0f80bc"/>
         <property name="seleniumVersion" value="4.22.0"/>
         <property name="proxyInformation" value="ProxyInformation { proxyOption=NO_PROXY, proxyServerType=HTTP, username=, password=********, proxyServerAddress=, proxyServerPort=0, executionList=&quot;&quot;, isApplyToDesiredCapabilities=true }"/>
         <property name="platform" value="Mac OS X"/>
      </properties>
      <testcase name="Test Cases/Employee_Onboarding/TC_Employee_Login" time="17.162" classname="Test Cases/Employee_Onboarding/TC_Employee_Login" status="PASSED">
         <system-out><![CDATA[27-12-2024T07:43:31 - [TEST_CASE][PASSED] - Test Cases/Employee_Onboarding/TC_Employee_Login: Test Cases/Employee_Onboarding/TC_Employee_Login

27-12-2024T07:43:31 - [TEST_STEP][PASSED] - comment("Step 1: Open a new browser instance"): Step 1: Open a new browser instance

27-12-2024T07:43:31 - [MESSAGE][INFO] - Step 1: Open a new browser instance

27-12-2024T07:43:31 - [TEST_STEP][PASSED] - openBrowser(""): Browser is opened with url: ''

27-12-2024T07:43:31 - [MESSAGE][INFO] - Starting 'Chrome' driver

27-12-2024T07:43:31 - [MESSAGE][INFO] - Action delay is set to 0 milliseconds

27-12-2024T07:43:33 - [MESSAGE][PASSED] - Browser is opened with url: ''

27-12-2024T07:43:33 - [TEST_STEP][PASSED] - comment("Step 2: Navigate to the OrangeHRM login page"): Step 2: Navigate to the OrangeHRM login page

27-12-2024T07:43:33 - [MESSAGE][INFO] - Step 2: Navigate to the OrangeHRM login page

27-12-2024T07:43:33 - [TEST_STEP][PASSED] - navigateToUrl(URL): Navigate to 'http://orange.katalon.com/web/index.php/auth/login' successfully

27-12-2024T07:43:45 - [MESSAGE][PASSED] - Navigate to 'http://orange.katalon.com/web/index.php/auth/login' successfully

27-12-2024T07:43:45 - [TEST_STEP][PASSED] - comment("Step 3: Enter the username into the username input field"): Step 3: Enter the username into the username input field

27-12-2024T07:43:45 - [MESSAGE][INFO] - Step 3: Enter the username into the username input field

27-12-2024T07:43:45 - [TEST_STEP][PASSED] - setText(findTestObject("Object Repository/Employee-Onboarding/Page_OrangeHRM/input_Username_username"), Username): Text 'mahtab' is set on object 'Object Repository/Employee-Onboarding/Page_OrangeHRM/input_Username_username'

27-12-2024T07:43:46 - [MESSAGE][PASSED] - Text 'mahtab' is set on object 'Object Repository/Employee-Onboarding/Page_OrangeHRM/input_Username_username'

27-12-2024T07:43:46 - [TEST_STEP][PASSED] - comment("Step 4: Enter the encrypted password into the password input field"): Step 4: Enter the encrypted password into the password input field

27-12-2024T07:43:46 - [MESSAGE][INFO] - Step 4: Enter the encrypted password into the password input field

27-12-2024T07:43:46 - [TEST_STEP][PASSED] - setEncryptedText(findTestObject("Object Repository/Employee-Onboarding/Page_OrangeHRM/input_Password_password"), Password): Text ****** has been set on object 'Object Repository/Employee-Onboarding/Page_OrangeHRM/input_Password_password'

27-12-2024T07:43:47 - [MESSAGE][PASSED] - Text ****** has been set on object 'Object Repository/Employee-Onboarding/Page_OrangeHRM/input_Password_password'

27-12-2024T07:43:47 - [TEST_STEP][PASSED] - comment("Step 5: Click the login button to submit the login form"): Step 5: Click the login button to submit the login form

27-12-2024T07:43:47 - [MESSAGE][INFO] - Step 5: Click the login button to submit the login form

27-12-2024T07:43:47 - [TEST_STEP][PASSED] - click(findTestObject("Object Repository/Employee-Onboarding/Page_OrangeHRM/button_Login")): Object: 'Object Repository/Employee-Onboarding/Page_OrangeHRM/button_Login' is clicked on

27-12-2024T07:43:48 - [MESSAGE][PASSED] - Object: 'Object Repository/Employee-Onboarding/Page_OrangeHRM/button_Login' is clicked on]]></system-out>
         <system-err><![CDATA[]]></system-err>
      </testcase>
      <testcase name="Test Cases/Employee_Onboarding/TC_Employee_Person_Details" time="17.127" classname="Test Cases/Employee_Onboarding/TC_Employee_Person_Details" status="PASSED">
         <system-out><![CDATA[27-12-2024T07:43:48 - [TEST_CASE][PASSED] - Test Cases/Employee_Onboarding/TC_Employee_Person_Details: Test Cases/Employee_Onboarding/TC_Employee_Person_Details

27-12-2024T07:43:48 - [TEST_STEP][PASSED] - click(findTestObject("Object Repository/Employee-Onboarding/Employee_Personal_Details_Objects/Page_OrangeHRM/span_PIM")): Object: 'Object Repository/Employee-Onboarding/Employee_Personal_Details_Objects/Page_OrangeHRM/span_PIM' is clicked on

27-12-2024T07:43:51 - [MESSAGE][PASSED] - Object: 'Object Repository/Employee-Onboarding/Employee_Personal_Details_Objects/Page_OrangeHRM/span_PIM' is clicked on

27-12-2024T07:43:51 - [TEST_STEP][PASSED] - setText(findTestObject("Object Repository/Employee-Onboarding/Employee_Personal_Details_Objects/Page_OrangeHRM/input"), Employee_Fullname): Text 'Sandra Barber' is set on object 'Object Repository/Employee-Onboarding/Employee_Personal_Details_Objects/Page_OrangeHRM/input'

27-12-2024T07:43:53 - [MESSAGE][PASSED] - Text 'Sandra Barber' is set on object 'Object Repository/Employee-Onboarding/Employee_Personal_Details_Objects/Page_OrangeHRM/input'

27-12-2024T07:43:53 - [TEST_STEP][PASSED] - click(findTestObject("Object Repository/Employee-Onboarding/Employee_Personal_Details_Objects/Page_OrangeHRM/button_Search")): Object: 'Object Repository/Employee-Onboarding/Employee_Personal_Details_Objects/Page_OrangeHRM/button_Search' is clicked on

27-12-2024T07:43:54 - [MESSAGE][PASSED] - Object: 'Object Repository/Employee-Onboarding/Employee_Personal_Details_Objects/Page_OrangeHRM/button_Search' is clicked on

27-12-2024T07:43:54 - [TEST_STEP][PASSED] - click(findTestObject("Object Repository/Employee-Onboarding/Employee_Personal_Details_Objects/Page_OrangeHRM/div_0034008")): Object: 'Object Repository/Employee-Onboarding/Employee_Personal_Details_Objects/Page_OrangeHRM/div_0034008' is clicked on

27-12-2024T07:43:56 - [MESSAGE][PASSED] - Object: 'Object Repository/Employee-Onboarding/Employee_Personal_Details_Objects/Page_OrangeHRM/div_0034008' is clicked on

27-12-2024T07:43:56 - [TEST_STEP][PASSED] - click(findTestObject("Object Repository/Employee-Onboarding/Employee_Personal_Details_Objects/Page_OrangeHRM/a_Personal Details")): Object: 'Object Repository/Employee-Onboarding/Employee_Personal_Details_Objects/Page_OrangeHRM/a_Personal Details' is clicked on

27-12-2024T07:43:59 - [MESSAGE][PASSED] - Object: 'Object Repository/Employee-Onboarding/Employee_Personal_Details_Objects/Page_OrangeHRM/a_Personal Details' is clicked on

27-12-2024T07:43:59 - [TEST_STEP][PASSED] - setText(findTestObject("Object Repository/Employee-Onboarding/Employee_Personal_Details_Objects/Page_OrangeHRM/input_concat(Driver, , s License Number)_ox_6ab805"), Driving_License_Number): Text 'QBDMG8F7CS' is set on object 'Object Repository/Employee-Onboarding/Employee_Personal_Details_Objects/Page_OrangeHRM/input_concat(Driver, , s License Number)_ox_6ab805'

27-12-2024T07:44:02 - [MESSAGE][PASSED] - Text 'QBDMG8F7CS' is set on object 'Object Repository/Employee-Onboarding/Employee_Personal_Details_Objects/Page_OrangeHRM/input_concat(Driver, , s License Number)_ox_6ab805'

27-12-2024T07:44:02 - [TEST_STEP][PASSED] - setText(findTestObject("Object Repository/Employee-Onboarding/Employee_Personal_Details_Objects/Page_OrangeHRM/input_License Expiry Date_oxd-input oxd-inp_5d7d79"), License_Expiry_Date): Text '2025-12-12' is set on object 'Object Repository/Employee-Onboarding/Employee_Personal_Details_Objects/Page_OrangeHRM/input_License Expiry Date_oxd-input oxd-inp_5d7d79'

27-12-2024T07:44:02 - [MESSAGE][PASSED] - Text '2025-12-12' is set on object 'Object Repository/Employee-Onboarding/Employee_Personal_Details_Objects/Page_OrangeHRM/input_License Expiry Date_oxd-input oxd-inp_5d7d79'

27-12-2024T07:44:02 - [TEST_STEP][PASSED] - click(findTestObject("Object Repository/Employee-Onboarding/Employee_Personal_Details_Objects/Page_OrangeHRM/div_-- Select --")): Object: 'Object Repository/Employee-Onboarding/Employee_Personal_Details_Objects/Page_OrangeHRM/div_-- Select --' is clicked on

27-12-2024T07:44:02 - [MESSAGE][PASSED] - Object: 'Object Repository/Employee-Onboarding/Employee_Personal_Details_Objects/Page_OrangeHRM/div_-- Select --' is clicked on

27-12-2024T07:44:02 - [TEST_STEP][PASSED] - click(findTestObject("Employee-Onboarding/Employee_Salary_Detail_Objects/Page_OrangeHRM/custom_object_for_dropdown", ["value":Employee_Nationality])): Object: 'Object Repository/Employee-Onboarding/Employee_Salary_Detail_Objects/Page_OrangeHRM/custom_object_for_dropdown' is clicked on

27-12-2024T07:44:03 - [MESSAGE][PASSED] - Object: 'Object Repository/Employee-Onboarding/Employee_Salary_Detail_Objects/Page_OrangeHRM/custom_object_for_dropdown' is clicked on

27-12-2024T07:44:03 - [TEST_STEP][PASSED] - click(findTestObject("Object Repository/Employee-Onboarding/Employee_Personal_Details_Objects/Page_OrangeHRM/div_-- Select --_1")): Object: 'Object Repository/Employee-Onboarding/Employee_Personal_Details_Objects/Page_OrangeHRM/div_-- Select --_1' is clicked on

27-12-2024T07:44:03 - [MESSAGE][PASSED] - Object: 'Object Repository/Employee-Onboarding/Employee_Personal_Details_Objects/Page_OrangeHRM/div_-- Select --_1' is clicked on

27-12-2024T07:44:03 - [TEST_STEP][PASSED] - click(findTestObject("Employee-Onboarding/Employee_Salary_Detail_Objects/Page_OrangeHRM/custom_object_for_dropdown", ["value":Employee_Marital_Status])): Object: 'Object Repository/Employee-Onboarding/Employee_Salary_Detail_Objects/Page_OrangeHRM/custom_object_for_dropdown' is clicked on

27-12-2024T07:44:04 - [MESSAGE][PASSED] - Object: 'Object Repository/Employee-Onboarding/Employee_Salary_Detail_Objects/Page_OrangeHRM/custom_object_for_dropdown' is clicked on

27-12-2024T07:44:04 - [TEST_STEP][PASSED] - setText(findTestObject("Object Repository/Employee-Onboarding/Employee_Personal_Details_Objects/Page_OrangeHRM/input_Date of Birth_oxd-input oxd-input--focus"), Employee_DOB): Text '1979-06-21' is set on object 'Object Repository/Employee-Onboarding/Employee_Personal_Details_Objects/Page_OrangeHRM/input_Date of Birth_oxd-input oxd-input--focus'

27-12-2024T07:44:05 - [MESSAGE][PASSED] - Text '1979-06-21' is set on object 'Object Repository/Employee-Onboarding/Employee_Personal_Details_Objects/Page_OrangeHRM/input_Date of Birth_oxd-input oxd-input--focus'

27-12-2024T07:44:05 - [TEST_STEP][PASSED] - click(findTestObject("Object Repository/Employee-Onboarding/Employee_Personal_Details_Objects/Page_OrangeHRM/span_Male_oxd-radio-input oxd-radio-input--_b0de6e")): Object: 'Object Repository/Employee-Onboarding/Employee_Personal_Details_Objects/Page_OrangeHRM/span_Male_oxd-radio-input oxd-radio-input--_b0de6e' is clicked on

27-12-2024T07:44:05 - [MESSAGE][PASSED] - Object: 'Object Repository/Employee-Onboarding/Employee_Personal_Details_Objects/Page_OrangeHRM/span_Male_oxd-radio-input oxd-radio-input--_b0de6e' is clicked on

27-12-2024T07:44:05 - [TEST_STEP][PASSED] - click(findTestObject("Object Repository/Employee-Onboarding/Employee_Personal_Details_Objects/Page_OrangeHRM/button_Save")): Object: 'Object Repository/Employee-Onboarding/Employee_Personal_Details_Objects/Page_OrangeHRM/button_Save' is clicked on

27-12-2024T07:44:05 - [MESSAGE][PASSED] - Object: 'Object Repository/Employee-Onboarding/Employee_Personal_Details_Objects/Page_OrangeHRM/button_Save' is clicked on]]></system-out>
         <system-err><![CDATA[]]></system-err>
      </testcase>
      <testcase name="Test Cases/Employee_Onboarding/TC_Employee_Person_Details" time="14.593" classname="Test Cases/Employee_Onboarding/TC_Employee_Person_Details" status="PASSED">
         <system-out><![CDATA[27-12-2024T07:44:05 - [TEST_CASE][PASSED] - Test Cases/Employee_Onboarding/TC_Employee_Person_Details: Test Cases/Employee_Onboarding/TC_Employee_Person_Details

27-12-2024T07:44:05 - [TEST_STEP][PASSED] - click(findTestObject("Object Repository/Employee-Onboarding/Employee_Personal_Details_Objects/Page_OrangeHRM/span_PIM")): Object: 'Object Repository/Employee-Onboarding/Employee_Personal_Details_Objects/Page_OrangeHRM/span_PIM' is clicked on

27-12-2024T07:44:07 - [MESSAGE][PASSED] - Object: 'Object Repository/Employee-Onboarding/Employee_Personal_Details_Objects/Page_OrangeHRM/span_PIM' is clicked on

27-12-2024T07:44:07 - [TEST_STEP][PASSED] - setText(findTestObject("Object Repository/Employee-Onboarding/Employee_Personal_Details_Objects/Page_OrangeHRM/input"), Employee_Fullname): Text 'Amy Gonzalez' is set on object 'Object Repository/Employee-Onboarding/Employee_Personal_Details_Objects/Page_OrangeHRM/input'

27-12-2024T07:44:09 - [MESSAGE][PASSED] - Text 'Amy Gonzalez' is set on object 'Object Repository/Employee-Onboarding/Employee_Personal_Details_Objects/Page_OrangeHRM/input'

27-12-2024T07:44:09 - [TEST_STEP][PASSED] - click(findTestObject("Object Repository/Employee-Onboarding/Employee_Personal_Details_Objects/Page_OrangeHRM/button_Search")): Object: 'Object Repository/Employee-Onboarding/Employee_Personal_Details_Objects/Page_OrangeHRM/button_Search' is clicked on

27-12-2024T07:44:09 - [MESSAGE][PASSED] - Object: 'Object Repository/Employee-Onboarding/Employee_Personal_Details_Objects/Page_OrangeHRM/button_Search' is clicked on

27-12-2024T07:44:09 - [TEST_STEP][PASSED] - click(findTestObject("Object Repository/Employee-Onboarding/Employee_Personal_Details_Objects/Page_OrangeHRM/div_0034008")): Object: 'Object Repository/Employee-Onboarding/Employee_Personal_Details_Objects/Page_OrangeHRM/div_0034008' is clicked on

27-12-2024T07:44:11 - [MESSAGE][PASSED] - Object: 'Object Repository/Employee-Onboarding/Employee_Personal_Details_Objects/Page_OrangeHRM/div_0034008' is clicked on

27-12-2024T07:44:11 - [TEST_STEP][PASSED] - click(findTestObject("Object Repository/Employee-Onboarding/Employee_Personal_Details_Objects/Page_OrangeHRM/a_Personal Details")): Object: 'Object Repository/Employee-Onboarding/Employee_Personal_Details_Objects/Page_OrangeHRM/a_Personal Details' is clicked on

27-12-2024T07:44:14 - [MESSAGE][PASSED] - Object: 'Object Repository/Employee-Onboarding/Employee_Personal_Details_Objects/Page_OrangeHRM/a_Personal Details' is clicked on

27-12-2024T07:44:14 - [TEST_STEP][PASSED] - setText(findTestObject("Object Repository/Employee-Onboarding/Employee_Personal_Details_Objects/Page_OrangeHRM/input_concat(Driver, , s License Number)_ox_6ab805"), Driving_License_Number): Text '2BUA5I3TKS' is set on object 'Object Repository/Employee-Onboarding/Employee_Personal_Details_Objects/Page_OrangeHRM/input_concat(Driver, , s License Number)_ox_6ab805'

27-12-2024T07:44:16 - [MESSAGE][PASSED] - Text '2BUA5I3TKS' is set on object 'Object Repository/Employee-Onboarding/Employee_Personal_Details_Objects/Page_OrangeHRM/input_concat(Driver, , s License Number)_ox_6ab805'

27-12-2024T07:44:16 - [TEST_STEP][PASSED] - setText(findTestObject("Object Repository/Employee-Onboarding/Employee_Personal_Details_Objects/Page_OrangeHRM/input_License Expiry Date_oxd-input oxd-inp_5d7d79"), License_Expiry_Date): Text '2025-12-12' is set on object 'Object Repository/Employee-Onboarding/Employee_Personal_Details_Objects/Page_OrangeHRM/input_License Expiry Date_oxd-input oxd-inp_5d7d79'

27-12-2024T07:44:17 - [MESSAGE][PASSED] - Text '2025-12-12' is set on object 'Object Repository/Employee-Onboarding/Employee_Personal_Details_Objects/Page_OrangeHRM/input_License Expiry Date_oxd-input oxd-inp_5d7d79'

27-12-2024T07:44:17 - [TEST_STEP][PASSED] - click(findTestObject("Object Repository/Employee-Onboarding/Employee_Personal_Details_Objects/Page_OrangeHRM/div_-- Select --")): Object: 'Object Repository/Employee-Onboarding/Employee_Personal_Details_Objects/Page_OrangeHRM/div_-- Select --' is clicked on

27-12-2024T07:44:17 - [MESSAGE][PASSED] - Object: 'Object Repository/Employee-Onboarding/Employee_Personal_Details_Objects/Page_OrangeHRM/div_-- Select --' is clicked on

27-12-2024T07:44:17 - [TEST_STEP][PASSED] - click(findTestObject("Employee-Onboarding/Employee_Salary_Detail_Objects/Page_OrangeHRM/custom_object_for_dropdown", ["value":Employee_Nationality])): Object: 'Object Repository/Employee-Onboarding/Employee_Salary_Detail_Objects/Page_OrangeHRM/custom_object_for_dropdown' is clicked on

27-12-2024T07:44:18 - [MESSAGE][PASSED] - Object: 'Object Repository/Employee-Onboarding/Employee_Salary_Detail_Objects/Page_OrangeHRM/custom_object_for_dropdown' is clicked on

27-12-2024T07:44:18 - [TEST_STEP][PASSED] - click(findTestObject("Object Repository/Employee-Onboarding/Employee_Personal_Details_Objects/Page_OrangeHRM/div_-- Select --_1")): Object: 'Object Repository/Employee-Onboarding/Employee_Personal_Details_Objects/Page_OrangeHRM/div_-- Select --_1' is clicked on

27-12-2024T07:44:18 - [MESSAGE][PASSED] - Object: 'Object Repository/Employee-Onboarding/Employee_Personal_Details_Objects/Page_OrangeHRM/div_-- Select --_1' is clicked on

27-12-2024T07:44:18 - [TEST_STEP][PASSED] - click(findTestObject("Employee-Onboarding/Employee_Salary_Detail_Objects/Page_OrangeHRM/custom_object_for_dropdown", ["value":Employee_Marital_Status])): Object: 'Object Repository/Employee-Onboarding/Employee_Salary_Detail_Objects/Page_OrangeHRM/custom_object_for_dropdown' is clicked on

27-12-2024T07:44:19 - [MESSAGE][PASSED] - Object: 'Object Repository/Employee-Onboarding/Employee_Salary_Detail_Objects/Page_OrangeHRM/custom_object_for_dropdown' is clicked on

27-12-2024T07:44:19 - [TEST_STEP][PASSED] - setText(findTestObject("Object Repository/Employee-Onboarding/Employee_Personal_Details_Objects/Page_OrangeHRM/input_Date of Birth_oxd-input oxd-input--focus"), Employee_DOB): Text '2000-09-12' is set on object 'Object Repository/Employee-Onboarding/Employee_Personal_Details_Objects/Page_OrangeHRM/input_Date of Birth_oxd-input oxd-input--focus'

27-12-2024T07:44:19 - [MESSAGE][PASSED] - Text '2000-09-12' is set on object 'Object Repository/Employee-Onboarding/Employee_Personal_Details_Objects/Page_OrangeHRM/input_Date of Birth_oxd-input oxd-input--focus'

27-12-2024T07:44:19 - [TEST_STEP][PASSED] - click(findTestObject("Object Repository/Employee-Onboarding/Employee_Personal_Details_Objects/Page_OrangeHRM/span_Male_oxd-radio-input oxd-radio-input--_b0de6e")): Object: 'Object Repository/Employee-Onboarding/Employee_Personal_Details_Objects/Page_OrangeHRM/span_Male_oxd-radio-input oxd-radio-input--_b0de6e' is clicked on

27-12-2024T07:44:20 - [MESSAGE][PASSED] - Object: 'Object Repository/Employee-Onboarding/Employee_Personal_Details_Objects/Page_OrangeHRM/span_Male_oxd-radio-input oxd-radio-input--_b0de6e' is clicked on

27-12-2024T07:44:20 - [TEST_STEP][PASSED] - click(findTestObject("Object Repository/Employee-Onboarding/Employee_Personal_Details_Objects/Page_OrangeHRM/button_Save")): Object: 'Object Repository/Employee-Onboarding/Employee_Personal_Details_Objects/Page_OrangeHRM/button_Save' is clicked on

27-12-2024T07:44:20 - [MESSAGE][PASSED] - Object: 'Object Repository/Employee-Onboarding/Employee_Personal_Details_Objects/Page_OrangeHRM/button_Save' is clicked on]]></system-out>
         <system-err><![CDATA[]]></system-err>
      </testcase>
      <testcase name="Test Cases/Employee_Onboarding/TC_Employee_Person_Details" time="14.962" classname="Test Cases/Employee_Onboarding/TC_Employee_Person_Details" status="PASSED">
         <system-out><![CDATA[27-12-2024T07:44:20 - [TEST_CASE][PASSED] - Test Cases/Employee_Onboarding/TC_Employee_Person_Details: Test Cases/Employee_Onboarding/TC_Employee_Person_Details

27-12-2024T07:44:20 - [TEST_STEP][PASSED] - click(findTestObject("Object Repository/Employee-Onboarding/Employee_Personal_Details_Objects/Page_OrangeHRM/span_PIM")): Object: 'Object Repository/Employee-Onboarding/Employee_Personal_Details_Objects/Page_OrangeHRM/span_PIM' is clicked on

27-12-2024T07:44:22 - [MESSAGE][PASSED] - Object: 'Object Repository/Employee-Onboarding/Employee_Personal_Details_Objects/Page_OrangeHRM/span_PIM' is clicked on

27-12-2024T07:44:22 - [TEST_STEP][PASSED] - setText(findTestObject("Object Repository/Employee-Onboarding/Employee_Personal_Details_Objects/Page_OrangeHRM/input"), Employee_Fullname): Text 'Richard Johnson' is set on object 'Object Repository/Employee-Onboarding/Employee_Personal_Details_Objects/Page_OrangeHRM/input'

27-12-2024T07:44:24 - [MESSAGE][PASSED] - Text 'Richard Johnson' is set on object 'Object Repository/Employee-Onboarding/Employee_Personal_Details_Objects/Page_OrangeHRM/input'

27-12-2024T07:44:24 - [TEST_STEP][PASSED] - click(findTestObject("Object Repository/Employee-Onboarding/Employee_Personal_Details_Objects/Page_OrangeHRM/button_Search")): Object: 'Object Repository/Employee-Onboarding/Employee_Personal_Details_Objects/Page_OrangeHRM/button_Search' is clicked on

27-12-2024T07:44:24 - [MESSAGE][PASSED] - Object: 'Object Repository/Employee-Onboarding/Employee_Personal_Details_Objects/Page_OrangeHRM/button_Search' is clicked on

27-12-2024T07:44:24 - [TEST_STEP][PASSED] - click(findTestObject("Object Repository/Employee-Onboarding/Employee_Personal_Details_Objects/Page_OrangeHRM/div_0034008")): Object: 'Object Repository/Employee-Onboarding/Employee_Personal_Details_Objects/Page_OrangeHRM/div_0034008' is clicked on

27-12-2024T07:44:26 - [MESSAGE][PASSED] - Object: 'Object Repository/Employee-Onboarding/Employee_Personal_Details_Objects/Page_OrangeHRM/div_0034008' is clicked on

27-12-2024T07:44:26 - [TEST_STEP][PASSED] - click(findTestObject("Object Repository/Employee-Onboarding/Employee_Personal_Details_Objects/Page_OrangeHRM/a_Personal Details")): Object: 'Object Repository/Employee-Onboarding/Employee_Personal_Details_Objects/Page_OrangeHRM/a_Personal Details' is clicked on

27-12-2024T07:44:29 - [MESSAGE][PASSED] - Object: 'Object Repository/Employee-Onboarding/Employee_Personal_Details_Objects/Page_OrangeHRM/a_Personal Details' is clicked on

27-12-2024T07:44:29 - [TEST_STEP][PASSED] - setText(findTestObject("Object Repository/Employee-Onboarding/Employee_Personal_Details_Objects/Page_OrangeHRM/input_concat(Driver, , s License Number)_ox_6ab805"), Driving_License_Number): Text 'EGWU017KYD' is set on object 'Object Repository/Employee-Onboarding/Employee_Personal_Details_Objects/Page_OrangeHRM/input_concat(Driver, , s License Number)_ox_6ab805'

27-12-2024T07:44:31 - [MESSAGE][PASSED] - Text 'EGWU017KYD' is set on object 'Object Repository/Employee-Onboarding/Employee_Personal_Details_Objects/Page_OrangeHRM/input_concat(Driver, , s License Number)_ox_6ab805'

27-12-2024T07:44:31 - [TEST_STEP][PASSED] - setText(findTestObject("Object Repository/Employee-Onboarding/Employee_Personal_Details_Objects/Page_OrangeHRM/input_License Expiry Date_oxd-input oxd-inp_5d7d79"), License_Expiry_Date): Text '2025-12-12' is set on object 'Object Repository/Employee-Onboarding/Employee_Personal_Details_Objects/Page_OrangeHRM/input_License Expiry Date_oxd-input oxd-inp_5d7d79'

27-12-2024T07:44:32 - [MESSAGE][PASSED] - Text '2025-12-12' is set on object 'Object Repository/Employee-Onboarding/Employee_Personal_Details_Objects/Page_OrangeHRM/input_License Expiry Date_oxd-input oxd-inp_5d7d79'

27-12-2024T07:44:32 - [TEST_STEP][PASSED] - click(findTestObject("Object Repository/Employee-Onboarding/Employee_Personal_Details_Objects/Page_OrangeHRM/div_-- Select --")): Object: 'Object Repository/Employee-Onboarding/Employee_Personal_Details_Objects/Page_OrangeHRM/div_-- Select --' is clicked on

27-12-2024T07:44:32 - [MESSAGE][PASSED] - Object: 'Object Repository/Employee-Onboarding/Employee_Personal_Details_Objects/Page_OrangeHRM/div_-- Select --' is clicked on

27-12-2024T07:44:32 - [TEST_STEP][PASSED] - click(findTestObject("Employee-Onboarding/Employee_Salary_Detail_Objects/Page_OrangeHRM/custom_object_for_dropdown", ["value":Employee_Nationality])): Object: 'Object Repository/Employee-Onboarding/Employee_Salary_Detail_Objects/Page_OrangeHRM/custom_object_for_dropdown' is clicked on

27-12-2024T07:44:33 - [MESSAGE][PASSED] - Object: 'Object Repository/Employee-Onboarding/Employee_Salary_Detail_Objects/Page_OrangeHRM/custom_object_for_dropdown' is clicked on

27-12-2024T07:44:33 - [TEST_STEP][PASSED] - click(findTestObject("Object Repository/Employee-Onboarding/Employee_Personal_Details_Objects/Page_OrangeHRM/div_-- Select --_1")): Object: 'Object Repository/Employee-Onboarding/Employee_Personal_Details_Objects/Page_OrangeHRM/div_-- Select --_1' is clicked on

27-12-2024T07:44:33 - [MESSAGE][PASSED] - Object: 'Object Repository/Employee-Onboarding/Employee_Personal_Details_Objects/Page_OrangeHRM/div_-- Select --_1' is clicked on

27-12-2024T07:44:33 - [TEST_STEP][PASSED] - click(findTestObject("Employee-Onboarding/Employee_Salary_Detail_Objects/Page_OrangeHRM/custom_object_for_dropdown", ["value":Employee_Marital_Status])): Object: 'Object Repository/Employee-Onboarding/Employee_Salary_Detail_Objects/Page_OrangeHRM/custom_object_for_dropdown' is clicked on

27-12-2024T07:44:34 - [MESSAGE][PASSED] - Object: 'Object Repository/Employee-Onboarding/Employee_Salary_Detail_Objects/Page_OrangeHRM/custom_object_for_dropdown' is clicked on

27-12-2024T07:44:34 - [TEST_STEP][PASSED] - setText(findTestObject("Object Repository/Employee-Onboarding/Employee_Personal_Details_Objects/Page_OrangeHRM/input_Date of Birth_oxd-input oxd-input--focus"), Employee_DOB): Text '1999-01-24' is set on object 'Object Repository/Employee-Onboarding/Employee_Personal_Details_Objects/Page_OrangeHRM/input_Date of Birth_oxd-input oxd-input--focus'

27-12-2024T07:44:34 - [MESSAGE][PASSED] - Text '1999-01-24' is set on object 'Object Repository/Employee-Onboarding/Employee_Personal_Details_Objects/Page_OrangeHRM/input_Date of Birth_oxd-input oxd-input--focus'

27-12-2024T07:44:34 - [TEST_STEP][PASSED] - click(findTestObject("Object Repository/Employee-Onboarding/Employee_Personal_Details_Objects/Page_OrangeHRM/span_Male_oxd-radio-input oxd-radio-input--_b0de6e")): Object: 'Object Repository/Employee-Onboarding/Employee_Personal_Details_Objects/Page_OrangeHRM/span_Male_oxd-radio-input oxd-radio-input--_b0de6e' is clicked on

27-12-2024T07:44:35 - [MESSAGE][PASSED] - Object: 'Object Repository/Employee-Onboarding/Employee_Personal_Details_Objects/Page_OrangeHRM/span_Male_oxd-radio-input oxd-radio-input--_b0de6e' is clicked on

27-12-2024T07:44:35 - [TEST_STEP][PASSED] - click(findTestObject("Object Repository/Employee-Onboarding/Employee_Personal_Details_Objects/Page_OrangeHRM/button_Save")): Object: 'Object Repository/Employee-Onboarding/Employee_Personal_Details_Objects/Page_OrangeHRM/button_Save' is clicked on

27-12-2024T07:44:35 - [MESSAGE][PASSED] - Object: 'Object Repository/Employee-Onboarding/Employee_Personal_Details_Objects/Page_OrangeHRM/button_Save' is clicked on]]></system-out>
         <system-err><![CDATA[]]></system-err>
      </testcase>
      <testcase name="Test Cases/Employee_Onboarding/TC_Employee_Person_Details" time="15.573" classname="Test Cases/Employee_Onboarding/TC_Employee_Person_Details" status="PASSED">
         <system-out><![CDATA[27-12-2024T07:44:35 - [TEST_CASE][PASSED] - Test Cases/Employee_Onboarding/TC_Employee_Person_Details: Test Cases/Employee_Onboarding/TC_Employee_Person_Details

27-12-2024T07:44:35 - [TEST_STEP][PASSED] - click(findTestObject("Object Repository/Employee-Onboarding/Employee_Personal_Details_Objects/Page_OrangeHRM/span_PIM")): Object: 'Object Repository/Employee-Onboarding/Employee_Personal_Details_Objects/Page_OrangeHRM/span_PIM' is clicked on

27-12-2024T07:44:37 - [MESSAGE][PASSED] - Object: 'Object Repository/Employee-Onboarding/Employee_Personal_Details_Objects/Page_OrangeHRM/span_PIM' is clicked on

27-12-2024T07:44:37 - [TEST_STEP][PASSED] - setText(findTestObject("Object Repository/Employee-Onboarding/Employee_Personal_Details_Objects/Page_OrangeHRM/input"), Employee_Fullname): Text 'Jerry Arellano' is set on object 'Object Repository/Employee-Onboarding/Employee_Personal_Details_Objects/Page_OrangeHRM/input'

27-12-2024T07:44:39 - [MESSAGE][PASSED] - Text 'Jerry Arellano' is set on object 'Object Repository/Employee-Onboarding/Employee_Personal_Details_Objects/Page_OrangeHRM/input'

27-12-2024T07:44:39 - [TEST_STEP][PASSED] - click(findTestObject("Object Repository/Employee-Onboarding/Employee_Personal_Details_Objects/Page_OrangeHRM/button_Search")): Object: 'Object Repository/Employee-Onboarding/Employee_Personal_Details_Objects/Page_OrangeHRM/button_Search' is clicked on

27-12-2024T07:44:39 - [MESSAGE][PASSED] - Object: 'Object Repository/Employee-Onboarding/Employee_Personal_Details_Objects/Page_OrangeHRM/button_Search' is clicked on

27-12-2024T07:44:39 - [TEST_STEP][PASSED] - click(findTestObject("Object Repository/Employee-Onboarding/Employee_Personal_Details_Objects/Page_OrangeHRM/div_0034008")): Object: 'Object Repository/Employee-Onboarding/Employee_Personal_Details_Objects/Page_OrangeHRM/div_0034008' is clicked on

27-12-2024T07:44:41 - [MESSAGE][PASSED] - Object: 'Object Repository/Employee-Onboarding/Employee_Personal_Details_Objects/Page_OrangeHRM/div_0034008' is clicked on

27-12-2024T07:44:41 - [TEST_STEP][PASSED] - click(findTestObject("Object Repository/Employee-Onboarding/Employee_Personal_Details_Objects/Page_OrangeHRM/a_Personal Details")): Object: 'Object Repository/Employee-Onboarding/Employee_Personal_Details_Objects/Page_OrangeHRM/a_Personal Details' is clicked on

27-12-2024T07:44:44 - [MESSAGE][PASSED] - Object: 'Object Repository/Employee-Onboarding/Employee_Personal_Details_Objects/Page_OrangeHRM/a_Personal Details' is clicked on

27-12-2024T07:44:44 - [TEST_STEP][PASSED] - setText(findTestObject("Object Repository/Employee-Onboarding/Employee_Personal_Details_Objects/Page_OrangeHRM/input_concat(Driver, , s License Number)_ox_6ab805"), Driving_License_Number): Text 'NUV35PLUY2' is set on object 'Object Repository/Employee-Onboarding/Employee_Personal_Details_Objects/Page_OrangeHRM/input_concat(Driver, , s License Number)_ox_6ab805'

27-12-2024T07:44:47 - [MESSAGE][PASSED] - Text 'NUV35PLUY2' is set on object 'Object Repository/Employee-Onboarding/Employee_Personal_Details_Objects/Page_OrangeHRM/input_concat(Driver, , s License Number)_ox_6ab805'

27-12-2024T07:44:47 - [TEST_STEP][PASSED] - setText(findTestObject("Object Repository/Employee-Onboarding/Employee_Personal_Details_Objects/Page_OrangeHRM/input_License Expiry Date_oxd-input oxd-inp_5d7d79"), License_Expiry_Date): Text '2025-12-12' is set on object 'Object Repository/Employee-Onboarding/Employee_Personal_Details_Objects/Page_OrangeHRM/input_License Expiry Date_oxd-input oxd-inp_5d7d79'

27-12-2024T07:44:48 - [MESSAGE][PASSED] - Text '2025-12-12' is set on object 'Object Repository/Employee-Onboarding/Employee_Personal_Details_Objects/Page_OrangeHRM/input_License Expiry Date_oxd-input oxd-inp_5d7d79'

27-12-2024T07:44:48 - [TEST_STEP][PASSED] - click(findTestObject("Object Repository/Employee-Onboarding/Employee_Personal_Details_Objects/Page_OrangeHRM/div_-- Select --")): Object: 'Object Repository/Employee-Onboarding/Employee_Personal_Details_Objects/Page_OrangeHRM/div_-- Select --' is clicked on

27-12-2024T07:44:48 - [MESSAGE][PASSED] - Object: 'Object Repository/Employee-Onboarding/Employee_Personal_Details_Objects/Page_OrangeHRM/div_-- Select --' is clicked on

27-12-2024T07:44:48 - [TEST_STEP][PASSED] - click(findTestObject("Employee-Onboarding/Employee_Salary_Detail_Objects/Page_OrangeHRM/custom_object_for_dropdown", ["value":Employee_Nationality])): Object: 'Object Repository/Employee-Onboarding/Employee_Salary_Detail_Objects/Page_OrangeHRM/custom_object_for_dropdown' is clicked on

27-12-2024T07:44:48 - [MESSAGE][PASSED] - Object: 'Object Repository/Employee-Onboarding/Employee_Salary_Detail_Objects/Page_OrangeHRM/custom_object_for_dropdown' is clicked on

27-12-2024T07:44:48 - [TEST_STEP][PASSED] - click(findTestObject("Object Repository/Employee-Onboarding/Employee_Personal_Details_Objects/Page_OrangeHRM/div_-- Select --_1")): Object: 'Object Repository/Employee-Onboarding/Employee_Personal_Details_Objects/Page_OrangeHRM/div_-- Select --_1' is clicked on

27-12-2024T07:44:49 - [MESSAGE][PASSED] - Object: 'Object Repository/Employee-Onboarding/Employee_Personal_Details_Objects/Page_OrangeHRM/div_-- Select --_1' is clicked on

27-12-2024T07:44:49 - [TEST_STEP][PASSED] - click(findTestObject("Employee-Onboarding/Employee_Salary_Detail_Objects/Page_OrangeHRM/custom_object_for_dropdown", ["value":Employee_Marital_Status])): Object: 'Object Repository/Employee-Onboarding/Employee_Salary_Detail_Objects/Page_OrangeHRM/custom_object_for_dropdown' is clicked on

27-12-2024T07:44:49 - [MESSAGE][PASSED] - Object: 'Object Repository/Employee-Onboarding/Employee_Salary_Detail_Objects/Page_OrangeHRM/custom_object_for_dropdown' is clicked on

27-12-2024T07:44:49 - [TEST_STEP][PASSED] - setText(findTestObject("Object Repository/Employee-Onboarding/Employee_Personal_Details_Objects/Page_OrangeHRM/input_Date of Birth_oxd-input oxd-input--focus"), Employee_DOB): Text '1970-03-28' is set on object 'Object Repository/Employee-Onboarding/Employee_Personal_Details_Objects/Page_OrangeHRM/input_Date of Birth_oxd-input oxd-input--focus'

27-12-2024T07:44:50 - [MESSAGE][PASSED] - Text '1970-03-28' is set on object 'Object Repository/Employee-Onboarding/Employee_Personal_Details_Objects/Page_OrangeHRM/input_Date of Birth_oxd-input oxd-input--focus'

27-12-2024T07:44:50 - [TEST_STEP][PASSED] - click(findTestObject("Object Repository/Employee-Onboarding/Employee_Personal_Details_Objects/Page_OrangeHRM/span_Male_oxd-radio-input oxd-radio-input--_b0de6e")): Object: 'Object Repository/Employee-Onboarding/Employee_Personal_Details_Objects/Page_OrangeHRM/span_Male_oxd-radio-input oxd-radio-input--_b0de6e' is clicked on

27-12-2024T07:44:50 - [MESSAGE][PASSED] - Object: 'Object Repository/Employee-Onboarding/Employee_Personal_Details_Objects/Page_OrangeHRM/span_Male_oxd-radio-input oxd-radio-input--_b0de6e' is clicked on

27-12-2024T07:44:50 - [TEST_STEP][PASSED] - click(findTestObject("Object Repository/Employee-Onboarding/Employee_Personal_Details_Objects/Page_OrangeHRM/button_Save")): Object: 'Object Repository/Employee-Onboarding/Employee_Personal_Details_Objects/Page_OrangeHRM/button_Save' is clicked on

27-12-2024T07:44:50 - [MESSAGE][PASSED] - Object: 'Object Repository/Employee-Onboarding/Employee_Personal_Details_Objects/Page_OrangeHRM/button_Save' is clicked on]]></system-out>
         <system-err><![CDATA[]]></system-err>
      </testcase>
      <testcase name="Test Cases/Employee_Onboarding/TC_Employee_Person_Details" time="15.711" classname="Test Cases/Employee_Onboarding/TC_Employee_Person_Details" status="PASSED">
         <system-out><![CDATA[27-12-2024T07:44:50 - [TEST_CASE][PASSED] - Test Cases/Employee_Onboarding/TC_Employee_Person_Details: Test Cases/Employee_Onboarding/TC_Employee_Person_Details

27-12-2024T07:44:50 - [TEST_STEP][PASSED] - click(findTestObject("Object Repository/Employee-Onboarding/Employee_Personal_Details_Objects/Page_OrangeHRM/span_PIM")): Object: 'Object Repository/Employee-Onboarding/Employee_Personal_Details_Objects/Page_OrangeHRM/span_PIM' is clicked on

27-12-2024T07:44:53 - [MESSAGE][PASSED] - Object: 'Object Repository/Employee-Onboarding/Employee_Personal_Details_Objects/Page_OrangeHRM/span_PIM' is clicked on

27-12-2024T07:44:53 - [TEST_STEP][PASSED] - setText(findTestObject("Object Repository/Employee-Onboarding/Employee_Personal_Details_Objects/Page_OrangeHRM/input"), Employee_Fullname): Text 'Janice James' is set on object 'Object Repository/Employee-Onboarding/Employee_Personal_Details_Objects/Page_OrangeHRM/input'

27-12-2024T07:44:55 - [MESSAGE][PASSED] - Text 'Janice James' is set on object 'Object Repository/Employee-Onboarding/Employee_Personal_Details_Objects/Page_OrangeHRM/input'

27-12-2024T07:44:55 - [TEST_STEP][PASSED] - click(findTestObject("Object Repository/Employee-Onboarding/Employee_Personal_Details_Objects/Page_OrangeHRM/button_Search")): Object: 'Object Repository/Employee-Onboarding/Employee_Personal_Details_Objects/Page_OrangeHRM/button_Search' is clicked on

27-12-2024T07:44:55 - [MESSAGE][PASSED] - Object: 'Object Repository/Employee-Onboarding/Employee_Personal_Details_Objects/Page_OrangeHRM/button_Search' is clicked on

27-12-2024T07:44:55 - [TEST_STEP][PASSED] - click(findTestObject("Object Repository/Employee-Onboarding/Employee_Personal_Details_Objects/Page_OrangeHRM/div_0034008")): Object: 'Object Repository/Employee-Onboarding/Employee_Personal_Details_Objects/Page_OrangeHRM/div_0034008' is clicked on

27-12-2024T07:44:57 - [MESSAGE][PASSED] - Object: 'Object Repository/Employee-Onboarding/Employee_Personal_Details_Objects/Page_OrangeHRM/div_0034008' is clicked on

27-12-2024T07:44:57 - [TEST_STEP][PASSED] - click(findTestObject("Object Repository/Employee-Onboarding/Employee_Personal_Details_Objects/Page_OrangeHRM/a_Personal Details")): Object: 'Object Repository/Employee-Onboarding/Employee_Personal_Details_Objects/Page_OrangeHRM/a_Personal Details' is clicked on

27-12-2024T07:45:00 - [MESSAGE][PASSED] - Object: 'Object Repository/Employee-Onboarding/Employee_Personal_Details_Objects/Page_OrangeHRM/a_Personal Details' is clicked on

27-12-2024T07:45:00 - [TEST_STEP][PASSED] - setText(findTestObject("Object Repository/Employee-Onboarding/Employee_Personal_Details_Objects/Page_OrangeHRM/input_concat(Driver, , s License Number)_ox_6ab805"), Driving_License_Number): Text 'UZ65PV1JX7' is set on object 'Object Repository/Employee-Onboarding/Employee_Personal_Details_Objects/Page_OrangeHRM/input_concat(Driver, , s License Number)_ox_6ab805'

27-12-2024T07:45:03 - [MESSAGE][PASSED] - Text 'UZ65PV1JX7' is set on object 'Object Repository/Employee-Onboarding/Employee_Personal_Details_Objects/Page_OrangeHRM/input_concat(Driver, , s License Number)_ox_6ab805'

27-12-2024T07:45:03 - [TEST_STEP][PASSED] - setText(findTestObject("Object Repository/Employee-Onboarding/Employee_Personal_Details_Objects/Page_OrangeHRM/input_License Expiry Date_oxd-input oxd-inp_5d7d79"), License_Expiry_Date): Text '2025-12-12' is set on object 'Object Repository/Employee-Onboarding/Employee_Personal_Details_Objects/Page_OrangeHRM/input_License Expiry Date_oxd-input oxd-inp_5d7d79'

27-12-2024T07:45:03 - [MESSAGE][PASSED] - Text '2025-12-12' is set on object 'Object Repository/Employee-Onboarding/Employee_Personal_Details_Objects/Page_OrangeHRM/input_License Expiry Date_oxd-input oxd-inp_5d7d79'

27-12-2024T07:45:03 - [TEST_STEP][PASSED] - click(findTestObject("Object Repository/Employee-Onboarding/Employee_Personal_Details_Objects/Page_OrangeHRM/div_-- Select --")): Object: 'Object Repository/Employee-Onboarding/Employee_Personal_Details_Objects/Page_OrangeHRM/div_-- Select --' is clicked on

27-12-2024T07:45:04 - [MESSAGE][PASSED] - Object: 'Object Repository/Employee-Onboarding/Employee_Personal_Details_Objects/Page_OrangeHRM/div_-- Select --' is clicked on

27-12-2024T07:45:04 - [TEST_STEP][PASSED] - click(findTestObject("Employee-Onboarding/Employee_Salary_Detail_Objects/Page_OrangeHRM/custom_object_for_dropdown", ["value":Employee_Nationality])): Object: 'Object Repository/Employee-Onboarding/Employee_Salary_Detail_Objects/Page_OrangeHRM/custom_object_for_dropdown' is clicked on

27-12-2024T07:45:04 - [MESSAGE][PASSED] - Object: 'Object Repository/Employee-Onboarding/Employee_Salary_Detail_Objects/Page_OrangeHRM/custom_object_for_dropdown' is clicked on

27-12-2024T07:45:04 - [TEST_STEP][PASSED] - click(findTestObject("Object Repository/Employee-Onboarding/Employee_Personal_Details_Objects/Page_OrangeHRM/div_-- Select --_1")): Object: 'Object Repository/Employee-Onboarding/Employee_Personal_Details_Objects/Page_OrangeHRM/div_-- Select --_1' is clicked on

27-12-2024T07:45:05 - [MESSAGE][PASSED] - Object: 'Object Repository/Employee-Onboarding/Employee_Personal_Details_Objects/Page_OrangeHRM/div_-- Select --_1' is clicked on

27-12-2024T07:45:05 - [TEST_STEP][PASSED] - click(findTestObject("Employee-Onboarding/Employee_Salary_Detail_Objects/Page_OrangeHRM/custom_object_for_dropdown", ["value":Employee_Marital_Status])): Object: 'Object Repository/Employee-Onboarding/Employee_Salary_Detail_Objects/Page_OrangeHRM/custom_object_for_dropdown' is clicked on

27-12-2024T07:45:05 - [MESSAGE][PASSED] - Object: 'Object Repository/Employee-Onboarding/Employee_Salary_Detail_Objects/Page_OrangeHRM/custom_object_for_dropdown' is clicked on

27-12-2024T07:45:05 - [TEST_STEP][PASSED] - setText(findTestObject("Object Repository/Employee-Onboarding/Employee_Personal_Details_Objects/Page_OrangeHRM/input_Date of Birth_oxd-input oxd-input--focus"), Employee_DOB): Text '1998-08-20' is set on object 'Object Repository/Employee-Onboarding/Employee_Personal_Details_Objects/Page_OrangeHRM/input_Date of Birth_oxd-input oxd-input--focus'

27-12-2024T07:45:06 - [MESSAGE][PASSED] - Text '1998-08-20' is set on object 'Object Repository/Employee-Onboarding/Employee_Personal_Details_Objects/Page_OrangeHRM/input_Date of Birth_oxd-input oxd-input--focus'

27-12-2024T07:45:06 - [TEST_STEP][PASSED] - click(findTestObject("Object Repository/Employee-Onboarding/Employee_Personal_Details_Objects/Page_OrangeHRM/span_Male_oxd-radio-input oxd-radio-input--_b0de6e")): Object: 'Object Repository/Employee-Onboarding/Employee_Personal_Details_Objects/Page_OrangeHRM/span_Male_oxd-radio-input oxd-radio-input--_b0de6e' is clicked on

27-12-2024T07:45:06 - [MESSAGE][PASSED] - Object: 'Object Repository/Employee-Onboarding/Employee_Personal_Details_Objects/Page_OrangeHRM/span_Male_oxd-radio-input oxd-radio-input--_b0de6e' is clicked on

27-12-2024T07:45:06 - [TEST_STEP][PASSED] - click(findTestObject("Object Repository/Employee-Onboarding/Employee_Personal_Details_Objects/Page_OrangeHRM/button_Save")): Object: 'Object Repository/Employee-Onboarding/Employee_Personal_Details_Objects/Page_OrangeHRM/button_Save' is clicked on

27-12-2024T07:45:06 - [MESSAGE][PASSED] - Object: 'Object Repository/Employee-Onboarding/Employee_Personal_Details_Objects/Page_OrangeHRM/button_Save' is clicked on]]></system-out>
         <system-err><![CDATA[]]></system-err>
      </testcase>
      <testcase name="Test Cases/Employee_Onboarding/TC_Employee_Person_Details" time="14.754" classname="Test Cases/Employee_Onboarding/TC_Employee_Person_Details" status="PASSED">
         <system-out><![CDATA[27-12-2024T07:45:06 - [TEST_CASE][PASSED] - Test Cases/Employee_Onboarding/TC_Employee_Person_Details: Test Cases/Employee_Onboarding/TC_Employee_Person_Details

27-12-2024T07:45:06 - [TEST_STEP][PASSED] - click(findTestObject("Object Repository/Employee-Onboarding/Employee_Personal_Details_Objects/Page_OrangeHRM/span_PIM")): Object: 'Object Repository/Employee-Onboarding/Employee_Personal_Details_Objects/Page_OrangeHRM/span_PIM' is clicked on

27-12-2024T07:45:08 - [MESSAGE][PASSED] - Object: 'Object Repository/Employee-Onboarding/Employee_Personal_Details_Objects/Page_OrangeHRM/span_PIM' is clicked on

27-12-2024T07:45:08 - [TEST_STEP][PASSED] - setText(findTestObject("Object Repository/Employee-Onboarding/Employee_Personal_Details_Objects/Page_OrangeHRM/input"), Employee_Fullname): Text 'Amy Lucero' is set on object 'Object Repository/Employee-Onboarding/Employee_Personal_Details_Objects/Page_OrangeHRM/input'

27-12-2024T07:45:10 - [MESSAGE][PASSED] - Text 'Amy Lucero' is set on object 'Object Repository/Employee-Onboarding/Employee_Personal_Details_Objects/Page_OrangeHRM/input'

27-12-2024T07:45:10 - [TEST_STEP][PASSED] - click(findTestObject("Object Repository/Employee-Onboarding/Employee_Personal_Details_Objects/Page_OrangeHRM/button_Search")): Object: 'Object Repository/Employee-Onboarding/Employee_Personal_Details_Objects/Page_OrangeHRM/button_Search' is clicked on

27-12-2024T07:45:11 - [MESSAGE][PASSED] - Object: 'Object Repository/Employee-Onboarding/Employee_Personal_Details_Objects/Page_OrangeHRM/button_Search' is clicked on

27-12-2024T07:45:11 - [TEST_STEP][PASSED] - click(findTestObject("Object Repository/Employee-Onboarding/Employee_Personal_Details_Objects/Page_OrangeHRM/div_0034008")): Object: 'Object Repository/Employee-Onboarding/Employee_Personal_Details_Objects/Page_OrangeHRM/div_0034008' is clicked on

27-12-2024T07:45:12 - [MESSAGE][PASSED] - Object: 'Object Repository/Employee-Onboarding/Employee_Personal_Details_Objects/Page_OrangeHRM/div_0034008' is clicked on

27-12-2024T07:45:12 - [TEST_STEP][PASSED] - click(findTestObject("Object Repository/Employee-Onboarding/Employee_Personal_Details_Objects/Page_OrangeHRM/a_Personal Details")): Object: 'Object Repository/Employee-Onboarding/Employee_Personal_Details_Objects/Page_OrangeHRM/a_Personal Details' is clicked on

27-12-2024T07:45:15 - [MESSAGE][PASSED] - Object: 'Object Repository/Employee-Onboarding/Employee_Personal_Details_Objects/Page_OrangeHRM/a_Personal Details' is clicked on

27-12-2024T07:45:15 - [TEST_STEP][PASSED] - setText(findTestObject("Object Repository/Employee-Onboarding/Employee_Personal_Details_Objects/Page_OrangeHRM/input_concat(Driver, , s License Number)_ox_6ab805"), Driving_License_Number): Text 'WMV9XB6JS2' is set on object 'Object Repository/Employee-Onboarding/Employee_Personal_Details_Objects/Page_OrangeHRM/input_concat(Driver, , s License Number)_ox_6ab805'

27-12-2024T07:45:18 - [MESSAGE][PASSED] - Text 'WMV9XB6JS2' is set on object 'Object Repository/Employee-Onboarding/Employee_Personal_Details_Objects/Page_OrangeHRM/input_concat(Driver, , s License Number)_ox_6ab805'

27-12-2024T07:45:18 - [TEST_STEP][PASSED] - setText(findTestObject("Object Repository/Employee-Onboarding/Employee_Personal_Details_Objects/Page_OrangeHRM/input_License Expiry Date_oxd-input oxd-inp_5d7d79"), License_Expiry_Date): Text '2025-12-12' is set on object 'Object Repository/Employee-Onboarding/Employee_Personal_Details_Objects/Page_OrangeHRM/input_License Expiry Date_oxd-input oxd-inp_5d7d79'

27-12-2024T07:45:18 - [MESSAGE][PASSED] - Text '2025-12-12' is set on object 'Object Repository/Employee-Onboarding/Employee_Personal_Details_Objects/Page_OrangeHRM/input_License Expiry Date_oxd-input oxd-inp_5d7d79'

27-12-2024T07:45:18 - [TEST_STEP][PASSED] - click(findTestObject("Object Repository/Employee-Onboarding/Employee_Personal_Details_Objects/Page_OrangeHRM/div_-- Select --")): Object: 'Object Repository/Employee-Onboarding/Employee_Personal_Details_Objects/Page_OrangeHRM/div_-- Select --' is clicked on

27-12-2024T07:45:18 - [MESSAGE][PASSED] - Object: 'Object Repository/Employee-Onboarding/Employee_Personal_Details_Objects/Page_OrangeHRM/div_-- Select --' is clicked on

27-12-2024T07:45:18 - [TEST_STEP][PASSED] - click(findTestObject("Employee-Onboarding/Employee_Salary_Detail_Objects/Page_OrangeHRM/custom_object_for_dropdown", ["value":Employee_Nationality])): Object: 'Object Repository/Employee-Onboarding/Employee_Salary_Detail_Objects/Page_OrangeHRM/custom_object_for_dropdown' is clicked on

27-12-2024T07:45:19 - [MESSAGE][PASSED] - Object: 'Object Repository/Employee-Onboarding/Employee_Salary_Detail_Objects/Page_OrangeHRM/custom_object_for_dropdown' is clicked on

27-12-2024T07:45:19 - [TEST_STEP][PASSED] - click(findTestObject("Object Repository/Employee-Onboarding/Employee_Personal_Details_Objects/Page_OrangeHRM/div_-- Select --_1")): Object: 'Object Repository/Employee-Onboarding/Employee_Personal_Details_Objects/Page_OrangeHRM/div_-- Select --_1' is clicked on

27-12-2024T07:45:19 - [MESSAGE][PASSED] - Object: 'Object Repository/Employee-Onboarding/Employee_Personal_Details_Objects/Page_OrangeHRM/div_-- Select --_1' is clicked on

27-12-2024T07:45:19 - [TEST_STEP][PASSED] - click(findTestObject("Employee-Onboarding/Employee_Salary_Detail_Objects/Page_OrangeHRM/custom_object_for_dropdown", ["value":Employee_Marital_Status])): Object: 'Object Repository/Employee-Onboarding/Employee_Salary_Detail_Objects/Page_OrangeHRM/custom_object_for_dropdown' is clicked on

27-12-2024T07:45:20 - [MESSAGE][PASSED] - Object: 'Object Repository/Employee-Onboarding/Employee_Salary_Detail_Objects/Page_OrangeHRM/custom_object_for_dropdown' is clicked on

27-12-2024T07:45:20 - [TEST_STEP][PASSED] - setText(findTestObject("Object Repository/Employee-Onboarding/Employee_Personal_Details_Objects/Page_OrangeHRM/input_Date of Birth_oxd-input oxd-input--focus"), Employee_DOB): Text '1982-06-13' is set on object 'Object Repository/Employee-Onboarding/Employee_Personal_Details_Objects/Page_OrangeHRM/input_Date of Birth_oxd-input oxd-input--focus'

27-12-2024T07:45:20 - [MESSAGE][PASSED] - Text '1982-06-13' is set on object 'Object Repository/Employee-Onboarding/Employee_Personal_Details_Objects/Page_OrangeHRM/input_Date of Birth_oxd-input oxd-input--focus'

27-12-2024T07:45:20 - [TEST_STEP][PASSED] - click(findTestObject("Object Repository/Employee-Onboarding/Employee_Personal_Details_Objects/Page_OrangeHRM/span_Male_oxd-radio-input oxd-radio-input--_b0de6e")): Object: 'Object Repository/Employee-Onboarding/Employee_Personal_Details_Objects/Page_OrangeHRM/span_Male_oxd-radio-input oxd-radio-input--_b0de6e' is clicked on

27-12-2024T07:45:21 - [MESSAGE][PASSED] - Object: 'Object Repository/Employee-Onboarding/Employee_Personal_Details_Objects/Page_OrangeHRM/span_Male_oxd-radio-input oxd-radio-input--_b0de6e' is clicked on

27-12-2024T07:45:21 - [TEST_STEP][PASSED] - click(findTestObject("Object Repository/Employee-Onboarding/Employee_Personal_Details_Objects/Page_OrangeHRM/button_Save")): Object: 'Object Repository/Employee-Onboarding/Employee_Personal_Details_Objects/Page_OrangeHRM/button_Save' is clicked on

27-12-2024T07:45:21 - [MESSAGE][PASSED] - Object: 'Object Repository/Employee-Onboarding/Employee_Personal_Details_Objects/Page_OrangeHRM/button_Save' is clicked on]]></system-out>
         <system-err><![CDATA[]]></system-err>
      </testcase>
      <testcase name="Test Cases/Employee_Onboarding/TC_Employee_Person_Details" time="15.013" classname="Test Cases/Employee_Onboarding/TC_Employee_Person_Details" status="PASSED">
         <system-out><![CDATA[27-12-2024T07:45:21 - [TEST_CASE][PASSED] - Test Cases/Employee_Onboarding/TC_Employee_Person_Details: Test Cases/Employee_Onboarding/TC_Employee_Person_Details

27-12-2024T07:45:21 - [TEST_STEP][PASSED] - click(findTestObject("Object Repository/Employee-Onboarding/Employee_Personal_Details_Objects/Page_OrangeHRM/span_PIM")): Object: 'Object Repository/Employee-Onboarding/Employee_Personal_Details_Objects/Page_OrangeHRM/span_PIM' is clicked on

27-12-2024T07:45:23 - [MESSAGE][PASSED] - Object: 'Object Repository/Employee-Onboarding/Employee_Personal_Details_Objects/Page_OrangeHRM/span_PIM' is clicked on

27-12-2024T07:45:23 - [TEST_STEP][PASSED] - setText(findTestObject("Object Repository/Employee-Onboarding/Employee_Personal_Details_Objects/Page_OrangeHRM/input"), Employee_Fullname): Text 'Amanda Guzman' is set on object 'Object Repository/Employee-Onboarding/Employee_Personal_Details_Objects/Page_OrangeHRM/input'

27-12-2024T07:45:25 - [MESSAGE][PASSED] - Text 'Amanda Guzman' is set on object 'Object Repository/Employee-Onboarding/Employee_Personal_Details_Objects/Page_OrangeHRM/input'

27-12-2024T07:45:25 - [TEST_STEP][PASSED] - click(findTestObject("Object Repository/Employee-Onboarding/Employee_Personal_Details_Objects/Page_OrangeHRM/button_Search")): Object: 'Object Repository/Employee-Onboarding/Employee_Personal_Details_Objects/Page_OrangeHRM/button_Search' is clicked on

27-12-2024T07:45:25 - [MESSAGE][PASSED] - Object: 'Object Repository/Employee-Onboarding/Employee_Personal_Details_Objects/Page_OrangeHRM/button_Search' is clicked on

27-12-2024T07:45:25 - [TEST_STEP][PASSED] - click(findTestObject("Object Repository/Employee-Onboarding/Employee_Personal_Details_Objects/Page_OrangeHRM/div_0034008")): Object: 'Object Repository/Employee-Onboarding/Employee_Personal_Details_Objects/Page_OrangeHRM/div_0034008' is clicked on

27-12-2024T07:45:27 - [MESSAGE][PASSED] - Object: 'Object Repository/Employee-Onboarding/Employee_Personal_Details_Objects/Page_OrangeHRM/div_0034008' is clicked on

27-12-2024T07:45:27 - [TEST_STEP][PASSED] - click(findTestObject("Object Repository/Employee-Onboarding/Employee_Personal_Details_Objects/Page_OrangeHRM/a_Personal Details")): Object: 'Object Repository/Employee-Onboarding/Employee_Personal_Details_Objects/Page_OrangeHRM/a_Personal Details' is clicked on

27-12-2024T07:45:30 - [MESSAGE][PASSED] - Object: 'Object Repository/Employee-Onboarding/Employee_Personal_Details_Objects/Page_OrangeHRM/a_Personal Details' is clicked on

27-12-2024T07:45:30 - [TEST_STEP][PASSED] - setText(findTestObject("Object Repository/Employee-Onboarding/Employee_Personal_Details_Objects/Page_OrangeHRM/input_concat(Driver, , s License Number)_ox_6ab805"), Driving_License_Number): Text 'PBS9XEFN9K' is set on object 'Object Repository/Employee-Onboarding/Employee_Personal_Details_Objects/Page_OrangeHRM/input_concat(Driver, , s License Number)_ox_6ab805'

27-12-2024T07:45:33 - [MESSAGE][PASSED] - Text 'PBS9XEFN9K' is set on object 'Object Repository/Employee-Onboarding/Employee_Personal_Details_Objects/Page_OrangeHRM/input_concat(Driver, , s License Number)_ox_6ab805'

27-12-2024T07:45:33 - [TEST_STEP][PASSED] - setText(findTestObject("Object Repository/Employee-Onboarding/Employee_Personal_Details_Objects/Page_OrangeHRM/input_License Expiry Date_oxd-input oxd-inp_5d7d79"), License_Expiry_Date): Text '2025-12-12' is set on object 'Object Repository/Employee-Onboarding/Employee_Personal_Details_Objects/Page_OrangeHRM/input_License Expiry Date_oxd-input oxd-inp_5d7d79'

27-12-2024T07:45:33 - [MESSAGE][PASSED] - Text '2025-12-12' is set on object 'Object Repository/Employee-Onboarding/Employee_Personal_Details_Objects/Page_OrangeHRM/input_License Expiry Date_oxd-input oxd-inp_5d7d79'

27-12-2024T07:45:33 - [TEST_STEP][PASSED] - click(findTestObject("Object Repository/Employee-Onboarding/Employee_Personal_Details_Objects/Page_OrangeHRM/div_-- Select --")): Object: 'Object Repository/Employee-Onboarding/Employee_Personal_Details_Objects/Page_OrangeHRM/div_-- Select --' is clicked on

27-12-2024T07:45:33 - [MESSAGE][PASSED] - Object: 'Object Repository/Employee-Onboarding/Employee_Personal_Details_Objects/Page_OrangeHRM/div_-- Select --' is clicked on

27-12-2024T07:45:33 - [TEST_STEP][PASSED] - click(findTestObject("Employee-Onboarding/Employee_Salary_Detail_Objects/Page_OrangeHRM/custom_object_for_dropdown", ["value":Employee_Nationality])): Object: 'Object Repository/Employee-Onboarding/Employee_Salary_Detail_Objects/Page_OrangeHRM/custom_object_for_dropdown' is clicked on

27-12-2024T07:45:34 - [MESSAGE][PASSED] - Object: 'Object Repository/Employee-Onboarding/Employee_Salary_Detail_Objects/Page_OrangeHRM/custom_object_for_dropdown' is clicked on

27-12-2024T07:45:34 - [TEST_STEP][PASSED] - click(findTestObject("Object Repository/Employee-Onboarding/Employee_Personal_Details_Objects/Page_OrangeHRM/div_-- Select --_1")): Object: 'Object Repository/Employee-Onboarding/Employee_Personal_Details_Objects/Page_OrangeHRM/div_-- Select --_1' is clicked on

27-12-2024T07:45:34 - [MESSAGE][PASSED] - Object: 'Object Repository/Employee-Onboarding/Employee_Personal_Details_Objects/Page_OrangeHRM/div_-- Select --_1' is clicked on

27-12-2024T07:45:34 - [TEST_STEP][PASSED] - click(findTestObject("Employee-Onboarding/Employee_Salary_Detail_Objects/Page_OrangeHRM/custom_object_for_dropdown", ["value":Employee_Marital_Status])): Object: 'Object Repository/Employee-Onboarding/Employee_Salary_Detail_Objects/Page_OrangeHRM/custom_object_for_dropdown' is clicked on

27-12-2024T07:45:35 - [MESSAGE][PASSED] - Object: 'Object Repository/Employee-Onboarding/Employee_Salary_Detail_Objects/Page_OrangeHRM/custom_object_for_dropdown' is clicked on

27-12-2024T07:45:35 - [TEST_STEP][PASSED] - setText(findTestObject("Object Repository/Employee-Onboarding/Employee_Personal_Details_Objects/Page_OrangeHRM/input_Date of Birth_oxd-input oxd-input--focus"), Employee_DOB): Text '1995-03-28' is set on object 'Object Repository/Employee-Onboarding/Employee_Personal_Details_Objects/Page_OrangeHRM/input_Date of Birth_oxd-input oxd-input--focus'

27-12-2024T07:45:35 - [MESSAGE][PASSED] - Text '1995-03-28' is set on object 'Object Repository/Employee-Onboarding/Employee_Personal_Details_Objects/Page_OrangeHRM/input_Date of Birth_oxd-input oxd-input--focus'

27-12-2024T07:45:35 - [TEST_STEP][PASSED] - click(findTestObject("Object Repository/Employee-Onboarding/Employee_Personal_Details_Objects/Page_OrangeHRM/span_Male_oxd-radio-input oxd-radio-input--_b0de6e")): Object: 'Object Repository/Employee-Onboarding/Employee_Personal_Details_Objects/Page_OrangeHRM/span_Male_oxd-radio-input oxd-radio-input--_b0de6e' is clicked on

27-12-2024T07:45:36 - [MESSAGE][PASSED] - Object: 'Object Repository/Employee-Onboarding/Employee_Personal_Details_Objects/Page_OrangeHRM/span_Male_oxd-radio-input oxd-radio-input--_b0de6e' is clicked on

27-12-2024T07:45:36 - [TEST_STEP][PASSED] - click(findTestObject("Object Repository/Employee-Onboarding/Employee_Personal_Details_Objects/Page_OrangeHRM/button_Save")): Object: 'Object Repository/Employee-Onboarding/Employee_Personal_Details_Objects/Page_OrangeHRM/button_Save' is clicked on

27-12-2024T07:45:36 - [MESSAGE][PASSED] - Object: 'Object Repository/Employee-Onboarding/Employee_Personal_Details_Objects/Page_OrangeHRM/button_Save' is clicked on]]></system-out>
         <system-err><![CDATA[]]></system-err>
      </testcase>
      <testcase name="Test Cases/Employee_Onboarding/TC_Employee_Person_Details" time="15.059" classname="Test Cases/Employee_Onboarding/TC_Employee_Person_Details" status="PASSED">
         <system-out><![CDATA[27-12-2024T07:45:36 - [TEST_CASE][PASSED] - Test Cases/Employee_Onboarding/TC_Employee_Person_Details: Test Cases/Employee_Onboarding/TC_Employee_Person_Details

27-12-2024T07:45:36 - [TEST_STEP][PASSED] - click(findTestObject("Object Repository/Employee-Onboarding/Employee_Personal_Details_Objects/Page_OrangeHRM/span_PIM")): Object: 'Object Repository/Employee-Onboarding/Employee_Personal_Details_Objects/Page_OrangeHRM/span_PIM' is clicked on

27-12-2024T07:45:38 - [MESSAGE][PASSED] - Object: 'Object Repository/Employee-Onboarding/Employee_Personal_Details_Objects/Page_OrangeHRM/span_PIM' is clicked on

27-12-2024T07:45:38 - [TEST_STEP][PASSED] - setText(findTestObject("Object Repository/Employee-Onboarding/Employee_Personal_Details_Objects/Page_OrangeHRM/input"), Employee_Fullname): Text 'Stephanie Russell' is set on object 'Object Repository/Employee-Onboarding/Employee_Personal_Details_Objects/Page_OrangeHRM/input'

27-12-2024T07:45:40 - [MESSAGE][PASSED] - Text 'Stephanie Russell' is set on object 'Object Repository/Employee-Onboarding/Employee_Personal_Details_Objects/Page_OrangeHRM/input'

27-12-2024T07:45:40 - [TEST_STEP][PASSED] - click(findTestObject("Object Repository/Employee-Onboarding/Employee_Personal_Details_Objects/Page_OrangeHRM/button_Search")): Object: 'Object Repository/Employee-Onboarding/Employee_Personal_Details_Objects/Page_OrangeHRM/button_Search' is clicked on

27-12-2024T07:45:40 - [MESSAGE][PASSED] - Object: 'Object Repository/Employee-Onboarding/Employee_Personal_Details_Objects/Page_OrangeHRM/button_Search' is clicked on

27-12-2024T07:45:40 - [TEST_STEP][PASSED] - click(findTestObject("Object Repository/Employee-Onboarding/Employee_Personal_Details_Objects/Page_OrangeHRM/div_0034008")): Object: 'Object Repository/Employee-Onboarding/Employee_Personal_Details_Objects/Page_OrangeHRM/div_0034008' is clicked on

27-12-2024T07:45:42 - [MESSAGE][PASSED] - Object: 'Object Repository/Employee-Onboarding/Employee_Personal_Details_Objects/Page_OrangeHRM/div_0034008' is clicked on

27-12-2024T07:45:42 - [TEST_STEP][PASSED] - click(findTestObject("Object Repository/Employee-Onboarding/Employee_Personal_Details_Objects/Page_OrangeHRM/a_Personal Details")): Object: 'Object Repository/Employee-Onboarding/Employee_Personal_Details_Objects/Page_OrangeHRM/a_Personal Details' is clicked on

27-12-2024T07:45:45 - [MESSAGE][PASSED] - Object: 'Object Repository/Employee-Onboarding/Employee_Personal_Details_Objects/Page_OrangeHRM/a_Personal Details' is clicked on

27-12-2024T07:45:45 - [TEST_STEP][PASSED] - setText(findTestObject("Object Repository/Employee-Onboarding/Employee_Personal_Details_Objects/Page_OrangeHRM/input_concat(Driver, , s License Number)_ox_6ab805"), Driving_License_Number): Text '4HFK2FMNO3' is set on object 'Object Repository/Employee-Onboarding/Employee_Personal_Details_Objects/Page_OrangeHRM/input_concat(Driver, , s License Number)_ox_6ab805'

27-12-2024T07:45:48 - [MESSAGE][PASSED] - Text '4HFK2FMNO3' is set on object 'Object Repository/Employee-Onboarding/Employee_Personal_Details_Objects/Page_OrangeHRM/input_concat(Driver, , s License Number)_ox_6ab805'

27-12-2024T07:45:48 - [TEST_STEP][PASSED] - setText(findTestObject("Object Repository/Employee-Onboarding/Employee_Personal_Details_Objects/Page_OrangeHRM/input_License Expiry Date_oxd-input oxd-inp_5d7d79"), License_Expiry_Date): Text '2025-12-12' is set on object 'Object Repository/Employee-Onboarding/Employee_Personal_Details_Objects/Page_OrangeHRM/input_License Expiry Date_oxd-input oxd-inp_5d7d79'

27-12-2024T07:45:48 - [MESSAGE][PASSED] - Text '2025-12-12' is set on object 'Object Repository/Employee-Onboarding/Employee_Personal_Details_Objects/Page_OrangeHRM/input_License Expiry Date_oxd-input oxd-inp_5d7d79'

27-12-2024T07:45:48 - [TEST_STEP][PASSED] - click(findTestObject("Object Repository/Employee-Onboarding/Employee_Personal_Details_Objects/Page_OrangeHRM/div_-- Select --")): Object: 'Object Repository/Employee-Onboarding/Employee_Personal_Details_Objects/Page_OrangeHRM/div_-- Select --' is clicked on

27-12-2024T07:45:48 - [MESSAGE][PASSED] - Object: 'Object Repository/Employee-Onboarding/Employee_Personal_Details_Objects/Page_OrangeHRM/div_-- Select --' is clicked on

27-12-2024T07:45:48 - [TEST_STEP][PASSED] - click(findTestObject("Employee-Onboarding/Employee_Salary_Detail_Objects/Page_OrangeHRM/custom_object_for_dropdown", ["value":Employee_Nationality])): Object: 'Object Repository/Employee-Onboarding/Employee_Salary_Detail_Objects/Page_OrangeHRM/custom_object_for_dropdown' is clicked on

27-12-2024T07:45:49 - [MESSAGE][PASSED] - Object: 'Object Repository/Employee-Onboarding/Employee_Salary_Detail_Objects/Page_OrangeHRM/custom_object_for_dropdown' is clicked on

27-12-2024T07:45:49 - [TEST_STEP][PASSED] - click(findTestObject("Object Repository/Employee-Onboarding/Employee_Personal_Details_Objects/Page_OrangeHRM/div_-- Select --_1")): Object: 'Object Repository/Employee-Onboarding/Employee_Personal_Details_Objects/Page_OrangeHRM/div_-- Select --_1' is clicked on

27-12-2024T07:45:49 - [MESSAGE][PASSED] - Object: 'Object Repository/Employee-Onboarding/Employee_Personal_Details_Objects/Page_OrangeHRM/div_-- Select --_1' is clicked on

27-12-2024T07:45:49 - [TEST_STEP][PASSED] - click(findTestObject("Employee-Onboarding/Employee_Salary_Detail_Objects/Page_OrangeHRM/custom_object_for_dropdown", ["value":Employee_Marital_Status])): Object: 'Object Repository/Employee-Onboarding/Employee_Salary_Detail_Objects/Page_OrangeHRM/custom_object_for_dropdown' is clicked on

27-12-2024T07:45:50 - [MESSAGE][PASSED] - Object: 'Object Repository/Employee-Onboarding/Employee_Salary_Detail_Objects/Page_OrangeHRM/custom_object_for_dropdown' is clicked on

27-12-2024T07:45:50 - [TEST_STEP][PASSED] - setText(findTestObject("Object Repository/Employee-Onboarding/Employee_Personal_Details_Objects/Page_OrangeHRM/input_Date of Birth_oxd-input oxd-input--focus"), Employee_DOB): Text '1971-04-07' is set on object 'Object Repository/Employee-Onboarding/Employee_Personal_Details_Objects/Page_OrangeHRM/input_Date of Birth_oxd-input oxd-input--focus'

27-12-2024T07:45:51 - [MESSAGE][PASSED] - Text '1971-04-07' is set on object 'Object Repository/Employee-Onboarding/Employee_Personal_Details_Objects/Page_OrangeHRM/input_Date of Birth_oxd-input oxd-input--focus'

27-12-2024T07:45:51 - [TEST_STEP][PASSED] - click(findTestObject("Object Repository/Employee-Onboarding/Employee_Personal_Details_Objects/Page_OrangeHRM/span_Male_oxd-radio-input oxd-radio-input--_b0de6e")): Object: 'Object Repository/Employee-Onboarding/Employee_Personal_Details_Objects/Page_OrangeHRM/span_Male_oxd-radio-input oxd-radio-input--_b0de6e' is clicked on

27-12-2024T07:45:51 - [MESSAGE][PASSED] - Object: 'Object Repository/Employee-Onboarding/Employee_Personal_Details_Objects/Page_OrangeHRM/span_Male_oxd-radio-input oxd-radio-input--_b0de6e' is clicked on

27-12-2024T07:45:51 - [TEST_STEP][PASSED] - click(findTestObject("Object Repository/Employee-Onboarding/Employee_Personal_Details_Objects/Page_OrangeHRM/button_Save")): Object: 'Object Repository/Employee-Onboarding/Employee_Personal_Details_Objects/Page_OrangeHRM/button_Save' is clicked on

27-12-2024T07:45:51 - [MESSAGE][PASSED] - Object: 'Object Repository/Employee-Onboarding/Employee_Personal_Details_Objects/Page_OrangeHRM/button_Save' is clicked on]]></system-out>
         <system-err><![CDATA[]]></system-err>
      </testcase>
      <testcase name="Test Cases/Employee_Onboarding/TC_Employee_Person_Details" time="15.778" classname="Test Cases/Employee_Onboarding/TC_Employee_Person_Details" status="PASSED">
         <system-out><![CDATA[27-12-2024T07:45:51 - [TEST_CASE][PASSED] - Test Cases/Employee_Onboarding/TC_Employee_Person_Details: Test Cases/Employee_Onboarding/TC_Employee_Person_Details

27-12-2024T07:45:51 - [TEST_STEP][PASSED] - click(findTestObject("Object Repository/Employee-Onboarding/Employee_Personal_Details_Objects/Page_OrangeHRM/span_PIM")): Object: 'Object Repository/Employee-Onboarding/Employee_Personal_Details_Objects/Page_OrangeHRM/span_PIM' is clicked on

27-12-2024T07:45:53 - [MESSAGE][PASSED] - Object: 'Object Repository/Employee-Onboarding/Employee_Personal_Details_Objects/Page_OrangeHRM/span_PIM' is clicked on

27-12-2024T07:45:53 - [TEST_STEP][PASSED] - setText(findTestObject("Object Repository/Employee-Onboarding/Employee_Personal_Details_Objects/Page_OrangeHRM/input"), Employee_Fullname): Text 'Amanda Jordan' is set on object 'Object Repository/Employee-Onboarding/Employee_Personal_Details_Objects/Page_OrangeHRM/input'

27-12-2024T07:45:56 - [MESSAGE][PASSED] - Text 'Amanda Jordan' is set on object 'Object Repository/Employee-Onboarding/Employee_Personal_Details_Objects/Page_OrangeHRM/input'

27-12-2024T07:45:56 - [TEST_STEP][PASSED] - click(findTestObject("Object Repository/Employee-Onboarding/Employee_Personal_Details_Objects/Page_OrangeHRM/button_Search")): Object: 'Object Repository/Employee-Onboarding/Employee_Personal_Details_Objects/Page_OrangeHRM/button_Search' is clicked on

27-12-2024T07:45:56 - [MESSAGE][PASSED] - Object: 'Object Repository/Employee-Onboarding/Employee_Personal_Details_Objects/Page_OrangeHRM/button_Search' is clicked on

27-12-2024T07:45:56 - [TEST_STEP][PASSED] - click(findTestObject("Object Repository/Employee-Onboarding/Employee_Personal_Details_Objects/Page_OrangeHRM/div_0034008")): Object: 'Object Repository/Employee-Onboarding/Employee_Personal_Details_Objects/Page_OrangeHRM/div_0034008' is clicked on

27-12-2024T07:45:58 - [MESSAGE][PASSED] - Object: 'Object Repository/Employee-Onboarding/Employee_Personal_Details_Objects/Page_OrangeHRM/div_0034008' is clicked on

27-12-2024T07:45:58 - [TEST_STEP][PASSED] - click(findTestObject("Object Repository/Employee-Onboarding/Employee_Personal_Details_Objects/Page_OrangeHRM/a_Personal Details")): Object: 'Object Repository/Employee-Onboarding/Employee_Personal_Details_Objects/Page_OrangeHRM/a_Personal Details' is clicked on

27-12-2024T07:46:01 - [MESSAGE][PASSED] - Object: 'Object Repository/Employee-Onboarding/Employee_Personal_Details_Objects/Page_OrangeHRM/a_Personal Details' is clicked on

27-12-2024T07:46:01 - [TEST_STEP][PASSED] - setText(findTestObject("Object Repository/Employee-Onboarding/Employee_Personal_Details_Objects/Page_OrangeHRM/input_concat(Driver, , s License Number)_ox_6ab805"), Driving_License_Number): Text '9Q01E43LXR' is set on object 'Object Repository/Employee-Onboarding/Employee_Personal_Details_Objects/Page_OrangeHRM/input_concat(Driver, , s License Number)_ox_6ab805'

27-12-2024T07:46:03 - [MESSAGE][PASSED] - Text '9Q01E43LXR' is set on object 'Object Repository/Employee-Onboarding/Employee_Personal_Details_Objects/Page_OrangeHRM/input_concat(Driver, , s License Number)_ox_6ab805'

27-12-2024T07:46:03 - [TEST_STEP][PASSED] - setText(findTestObject("Object Repository/Employee-Onboarding/Employee_Personal_Details_Objects/Page_OrangeHRM/input_License Expiry Date_oxd-input oxd-inp_5d7d79"), License_Expiry_Date): Text '2025-12-12' is set on object 'Object Repository/Employee-Onboarding/Employee_Personal_Details_Objects/Page_OrangeHRM/input_License Expiry Date_oxd-input oxd-inp_5d7d79'

27-12-2024T07:46:04 - [MESSAGE][PASSED] - Text '2025-12-12' is set on object 'Object Repository/Employee-Onboarding/Employee_Personal_Details_Objects/Page_OrangeHRM/input_License Expiry Date_oxd-input oxd-inp_5d7d79'

27-12-2024T07:46:04 - [TEST_STEP][PASSED] - click(findTestObject("Object Repository/Employee-Onboarding/Employee_Personal_Details_Objects/Page_OrangeHRM/div_-- Select --")): Object: 'Object Repository/Employee-Onboarding/Employee_Personal_Details_Objects/Page_OrangeHRM/div_-- Select --' is clicked on

27-12-2024T07:46:04 - [MESSAGE][PASSED] - Object: 'Object Repository/Employee-Onboarding/Employee_Personal_Details_Objects/Page_OrangeHRM/div_-- Select --' is clicked on

27-12-2024T07:46:04 - [TEST_STEP][PASSED] - click(findTestObject("Employee-Onboarding/Employee_Salary_Detail_Objects/Page_OrangeHRM/custom_object_for_dropdown", ["value":Employee_Nationality])): Object: 'Object Repository/Employee-Onboarding/Employee_Salary_Detail_Objects/Page_OrangeHRM/custom_object_for_dropdown' is clicked on

27-12-2024T07:46:05 - [MESSAGE][PASSED] - Object: 'Object Repository/Employee-Onboarding/Employee_Salary_Detail_Objects/Page_OrangeHRM/custom_object_for_dropdown' is clicked on

27-12-2024T07:46:05 - [TEST_STEP][PASSED] - click(findTestObject("Object Repository/Employee-Onboarding/Employee_Personal_Details_Objects/Page_OrangeHRM/div_-- Select --_1")): Object: 'Object Repository/Employee-Onboarding/Employee_Personal_Details_Objects/Page_OrangeHRM/div_-- Select --_1' is clicked on

27-12-2024T07:46:05 - [MESSAGE][PASSED] - Object: 'Object Repository/Employee-Onboarding/Employee_Personal_Details_Objects/Page_OrangeHRM/div_-- Select --_1' is clicked on

27-12-2024T07:46:05 - [TEST_STEP][PASSED] - click(findTestObject("Employee-Onboarding/Employee_Salary_Detail_Objects/Page_OrangeHRM/custom_object_for_dropdown", ["value":Employee_Marital_Status])): Object: 'Object Repository/Employee-Onboarding/Employee_Salary_Detail_Objects/Page_OrangeHRM/custom_object_for_dropdown' is clicked on

27-12-2024T07:46:06 - [MESSAGE][PASSED] - Object: 'Object Repository/Employee-Onboarding/Employee_Salary_Detail_Objects/Page_OrangeHRM/custom_object_for_dropdown' is clicked on

27-12-2024T07:46:06 - [TEST_STEP][PASSED] - setText(findTestObject("Object Repository/Employee-Onboarding/Employee_Personal_Details_Objects/Page_OrangeHRM/input_Date of Birth_oxd-input oxd-input--focus"), Employee_DOB): Text '1969-01-27' is set on object 'Object Repository/Employee-Onboarding/Employee_Personal_Details_Objects/Page_OrangeHRM/input_Date of Birth_oxd-input oxd-input--focus'

27-12-2024T07:46:06 - [MESSAGE][PASSED] - Text '1969-01-27' is set on object 'Object Repository/Employee-Onboarding/Employee_Personal_Details_Objects/Page_OrangeHRM/input_Date of Birth_oxd-input oxd-input--focus'

27-12-2024T07:46:06 - [TEST_STEP][PASSED] - click(findTestObject("Object Repository/Employee-Onboarding/Employee_Personal_Details_Objects/Page_OrangeHRM/span_Male_oxd-radio-input oxd-radio-input--_b0de6e")): Object: 'Object Repository/Employee-Onboarding/Employee_Personal_Details_Objects/Page_OrangeHRM/span_Male_oxd-radio-input oxd-radio-input--_b0de6e' is clicked on

27-12-2024T07:46:07 - [MESSAGE][PASSED] - Object: 'Object Repository/Employee-Onboarding/Employee_Personal_Details_Objects/Page_OrangeHRM/span_Male_oxd-radio-input oxd-radio-input--_b0de6e' is clicked on

27-12-2024T07:46:07 - [TEST_STEP][PASSED] - click(findTestObject("Object Repository/Employee-Onboarding/Employee_Personal_Details_Objects/Page_OrangeHRM/button_Save")): Object: 'Object Repository/Employee-Onboarding/Employee_Personal_Details_Objects/Page_OrangeHRM/button_Save' is clicked on

27-12-2024T07:46:07 - [MESSAGE][PASSED] - Object: 'Object Repository/Employee-Onboarding/Employee_Personal_Details_Objects/Page_OrangeHRM/button_Save' is clicked on]]></system-out>
         <system-err><![CDATA[]]></system-err>
      </testcase>
      <testcase name="Test Cases/Employee_Onboarding/TC_Employee_Person_Details" time="15.159" classname="Test Cases/Employee_Onboarding/TC_Employee_Person_Details" status="PASSED">
         <system-out><![CDATA[27-12-2024T07:46:07 - [TEST_CASE][PASSED] - Test Cases/Employee_Onboarding/TC_Employee_Person_Details: Test Cases/Employee_Onboarding/TC_Employee_Person_Details

27-12-2024T07:46:07 - [TEST_STEP][PASSED] - click(findTestObject("Object Repository/Employee-Onboarding/Employee_Personal_Details_Objects/Page_OrangeHRM/span_PIM")): Object: 'Object Repository/Employee-Onboarding/Employee_Personal_Details_Objects/Page_OrangeHRM/span_PIM' is clicked on

27-12-2024T07:46:09 - [MESSAGE][PASSED] - Object: 'Object Repository/Employee-Onboarding/Employee_Personal_Details_Objects/Page_OrangeHRM/span_PIM' is clicked on

27-12-2024T07:46:09 - [TEST_STEP][PASSED] - setText(findTestObject("Object Repository/Employee-Onboarding/Employee_Personal_Details_Objects/Page_OrangeHRM/input"), Employee_Fullname): Text 'Ronald Robertson' is set on object 'Object Repository/Employee-Onboarding/Employee_Personal_Details_Objects/Page_OrangeHRM/input'

27-12-2024T07:46:11 - [MESSAGE][PASSED] - Text 'Ronald Robertson' is set on object 'Object Repository/Employee-Onboarding/Employee_Personal_Details_Objects/Page_OrangeHRM/input'

27-12-2024T07:46:11 - [TEST_STEP][PASSED] - click(findTestObject("Object Repository/Employee-Onboarding/Employee_Personal_Details_Objects/Page_OrangeHRM/button_Search")): Object: 'Object Repository/Employee-Onboarding/Employee_Personal_Details_Objects/Page_OrangeHRM/button_Search' is clicked on

27-12-2024T07:46:11 - [MESSAGE][PASSED] - Object: 'Object Repository/Employee-Onboarding/Employee_Personal_Details_Objects/Page_OrangeHRM/button_Search' is clicked on

27-12-2024T07:46:11 - [TEST_STEP][PASSED] - click(findTestObject("Object Repository/Employee-Onboarding/Employee_Personal_Details_Objects/Page_OrangeHRM/div_0034008")): Object: 'Object Repository/Employee-Onboarding/Employee_Personal_Details_Objects/Page_OrangeHRM/div_0034008' is clicked on

27-12-2024T07:46:13 - [MESSAGE][PASSED] - Object: 'Object Repository/Employee-Onboarding/Employee_Personal_Details_Objects/Page_OrangeHRM/div_0034008' is clicked on

27-12-2024T07:46:13 - [TEST_STEP][PASSED] - click(findTestObject("Object Repository/Employee-Onboarding/Employee_Personal_Details_Objects/Page_OrangeHRM/a_Personal Details")): Object: 'Object Repository/Employee-Onboarding/Employee_Personal_Details_Objects/Page_OrangeHRM/a_Personal Details' is clicked on

27-12-2024T07:46:16 - [MESSAGE][PASSED] - Object: 'Object Repository/Employee-Onboarding/Employee_Personal_Details_Objects/Page_OrangeHRM/a_Personal Details' is clicked on

27-12-2024T07:46:16 - [TEST_STEP][PASSED] - setText(findTestObject("Object Repository/Employee-Onboarding/Employee_Personal_Details_Objects/Page_OrangeHRM/input_concat(Driver, , s License Number)_ox_6ab805"), Driving_License_Number): Text 'AOETSXWKN5' is set on object 'Object Repository/Employee-Onboarding/Employee_Personal_Details_Objects/Page_OrangeHRM/input_concat(Driver, , s License Number)_ox_6ab805'

27-12-2024T07:46:19 - [MESSAGE][PASSED] - Text 'AOETSXWKN5' is set on object 'Object Repository/Employee-Onboarding/Employee_Personal_Details_Objects/Page_OrangeHRM/input_concat(Driver, , s License Number)_ox_6ab805'

27-12-2024T07:46:19 - [TEST_STEP][PASSED] - setText(findTestObject("Object Repository/Employee-Onboarding/Employee_Personal_Details_Objects/Page_OrangeHRM/input_License Expiry Date_oxd-input oxd-inp_5d7d79"), License_Expiry_Date): Text '2025-12-12' is set on object 'Object Repository/Employee-Onboarding/Employee_Personal_Details_Objects/Page_OrangeHRM/input_License Expiry Date_oxd-input oxd-inp_5d7d79'

27-12-2024T07:46:19 - [MESSAGE][PASSED] - Text '2025-12-12' is set on object 'Object Repository/Employee-Onboarding/Employee_Personal_Details_Objects/Page_OrangeHRM/input_License Expiry Date_oxd-input oxd-inp_5d7d79'

27-12-2024T07:46:19 - [TEST_STEP][PASSED] - click(findTestObject("Object Repository/Employee-Onboarding/Employee_Personal_Details_Objects/Page_OrangeHRM/div_-- Select --")): Object: 'Object Repository/Employee-Onboarding/Employee_Personal_Details_Objects/Page_OrangeHRM/div_-- Select --' is clicked on

27-12-2024T07:46:19 - [MESSAGE][PASSED] - Object: 'Object Repository/Employee-Onboarding/Employee_Personal_Details_Objects/Page_OrangeHRM/div_-- Select --' is clicked on

27-12-2024T07:46:19 - [TEST_STEP][PASSED] - click(findTestObject("Employee-Onboarding/Employee_Salary_Detail_Objects/Page_OrangeHRM/custom_object_for_dropdown", ["value":Employee_Nationality])): Object: 'Object Repository/Employee-Onboarding/Employee_Salary_Detail_Objects/Page_OrangeHRM/custom_object_for_dropdown' is clicked on

27-12-2024T07:46:20 - [MESSAGE][PASSED] - Object: 'Object Repository/Employee-Onboarding/Employee_Salary_Detail_Objects/Page_OrangeHRM/custom_object_for_dropdown' is clicked on

27-12-2024T07:46:20 - [TEST_STEP][PASSED] - click(findTestObject("Object Repository/Employee-Onboarding/Employee_Personal_Details_Objects/Page_OrangeHRM/div_-- Select --_1")): Object: 'Object Repository/Employee-Onboarding/Employee_Personal_Details_Objects/Page_OrangeHRM/div_-- Select --_1' is clicked on

27-12-2024T07:46:20 - [MESSAGE][PASSED] - Object: 'Object Repository/Employee-Onboarding/Employee_Personal_Details_Objects/Page_OrangeHRM/div_-- Select --_1' is clicked on

27-12-2024T07:46:20 - [TEST_STEP][PASSED] - click(findTestObject("Employee-Onboarding/Employee_Salary_Detail_Objects/Page_OrangeHRM/custom_object_for_dropdown", ["value":Employee_Marital_Status])): Object: 'Object Repository/Employee-Onboarding/Employee_Salary_Detail_Objects/Page_OrangeHRM/custom_object_for_dropdown' is clicked on

27-12-2024T07:46:21 - [MESSAGE][PASSED] - Object: 'Object Repository/Employee-Onboarding/Employee_Salary_Detail_Objects/Page_OrangeHRM/custom_object_for_dropdown' is clicked on

27-12-2024T07:46:21 - [TEST_STEP][PASSED] - setText(findTestObject("Object Repository/Employee-Onboarding/Employee_Personal_Details_Objects/Page_OrangeHRM/input_Date of Birth_oxd-input oxd-input--focus"), Employee_DOB): Text '1964-05-24' is set on object 'Object Repository/Employee-Onboarding/Employee_Personal_Details_Objects/Page_OrangeHRM/input_Date of Birth_oxd-input oxd-input--focus'

27-12-2024T07:46:22 - [MESSAGE][PASSED] - Text '1964-05-24' is set on object 'Object Repository/Employee-Onboarding/Employee_Personal_Details_Objects/Page_OrangeHRM/input_Date of Birth_oxd-input oxd-input--focus'

27-12-2024T07:46:22 - [TEST_STEP][PASSED] - click(findTestObject("Object Repository/Employee-Onboarding/Employee_Personal_Details_Objects/Page_OrangeHRM/span_Male_oxd-radio-input oxd-radio-input--_b0de6e")): Object: 'Object Repository/Employee-Onboarding/Employee_Personal_Details_Objects/Page_OrangeHRM/span_Male_oxd-radio-input oxd-radio-input--_b0de6e' is clicked on

27-12-2024T07:46:22 - [MESSAGE][PASSED] - Object: 'Object Repository/Employee-Onboarding/Employee_Personal_Details_Objects/Page_OrangeHRM/span_Male_oxd-radio-input oxd-radio-input--_b0de6e' is clicked on

27-12-2024T07:46:22 - [TEST_STEP][PASSED] - click(findTestObject("Object Repository/Employee-Onboarding/Employee_Personal_Details_Objects/Page_OrangeHRM/button_Save")): Object: 'Object Repository/Employee-Onboarding/Employee_Personal_Details_Objects/Page_OrangeHRM/button_Save' is clicked on

27-12-2024T07:46:22 - [MESSAGE][PASSED] - Object: 'Object Repository/Employee-Onboarding/Employee_Personal_Details_Objects/Page_OrangeHRM/button_Save' is clicked on]]></system-out>
         <system-err><![CDATA[]]></system-err>
      </testcase>
      <testcase name="Test Cases/Employee_Onboarding/TC_Employee_Person_Details" time="15.351" classname="Test Cases/Employee_Onboarding/TC_Employee_Person_Details" status="PASSED">
         <system-out><![CDATA[27-12-2024T07:46:22 - [TEST_CASE][PASSED] - Test Cases/Employee_Onboarding/TC_Employee_Person_Details: Test Cases/Employee_Onboarding/TC_Employee_Person_Details

27-12-2024T07:46:22 - [TEST_STEP][PASSED] - click(findTestObject("Object Repository/Employee-Onboarding/Employee_Personal_Details_Objects/Page_OrangeHRM/span_PIM")): Object: 'Object Repository/Employee-Onboarding/Employee_Personal_Details_Objects/Page_OrangeHRM/span_PIM' is clicked on

27-12-2024T07:46:24 - [MESSAGE][PASSED] - Object: 'Object Repository/Employee-Onboarding/Employee_Personal_Details_Objects/Page_OrangeHRM/span_PIM' is clicked on

27-12-2024T07:46:24 - [TEST_STEP][PASSED] - setText(findTestObject("Object Repository/Employee-Onboarding/Employee_Personal_Details_Objects/Page_OrangeHRM/input"), Employee_Fullname): Text 'Jeremy Jones' is set on object 'Object Repository/Employee-Onboarding/Employee_Personal_Details_Objects/Page_OrangeHRM/input'

27-12-2024T07:46:26 - [MESSAGE][PASSED] - Text 'Jeremy Jones' is set on object 'Object Repository/Employee-Onboarding/Employee_Personal_Details_Objects/Page_OrangeHRM/input'

27-12-2024T07:46:26 - [TEST_STEP][PASSED] - click(findTestObject("Object Repository/Employee-Onboarding/Employee_Personal_Details_Objects/Page_OrangeHRM/button_Search")): Object: 'Object Repository/Employee-Onboarding/Employee_Personal_Details_Objects/Page_OrangeHRM/button_Search' is clicked on

27-12-2024T07:46:26 - [MESSAGE][PASSED] - Object: 'Object Repository/Employee-Onboarding/Employee_Personal_Details_Objects/Page_OrangeHRM/button_Search' is clicked on

27-12-2024T07:46:26 - [TEST_STEP][PASSED] - click(findTestObject("Object Repository/Employee-Onboarding/Employee_Personal_Details_Objects/Page_OrangeHRM/div_0034008")): Object: 'Object Repository/Employee-Onboarding/Employee_Personal_Details_Objects/Page_OrangeHRM/div_0034008' is clicked on

27-12-2024T07:46:28 - [MESSAGE][PASSED] - Object: 'Object Repository/Employee-Onboarding/Employee_Personal_Details_Objects/Page_OrangeHRM/div_0034008' is clicked on

27-12-2024T07:46:28 - [TEST_STEP][PASSED] - click(findTestObject("Object Repository/Employee-Onboarding/Employee_Personal_Details_Objects/Page_OrangeHRM/a_Personal Details")): Object: 'Object Repository/Employee-Onboarding/Employee_Personal_Details_Objects/Page_OrangeHRM/a_Personal Details' is clicked on

27-12-2024T07:46:31 - [MESSAGE][PASSED] - Object: 'Object Repository/Employee-Onboarding/Employee_Personal_Details_Objects/Page_OrangeHRM/a_Personal Details' is clicked on

27-12-2024T07:46:31 - [TEST_STEP][PASSED] - setText(findTestObject("Object Repository/Employee-Onboarding/Employee_Personal_Details_Objects/Page_OrangeHRM/input_concat(Driver, , s License Number)_ox_6ab805"), Driving_License_Number): Text 'LMDEN2T1UU' is set on object 'Object Repository/Employee-Onboarding/Employee_Personal_Details_Objects/Page_OrangeHRM/input_concat(Driver, , s License Number)_ox_6ab805'

27-12-2024T07:46:34 - [MESSAGE][PASSED] - Text 'LMDEN2T1UU' is set on object 'Object Repository/Employee-Onboarding/Employee_Personal_Details_Objects/Page_OrangeHRM/input_concat(Driver, , s License Number)_ox_6ab805'

27-12-2024T07:46:34 - [TEST_STEP][PASSED] - setText(findTestObject("Object Repository/Employee-Onboarding/Employee_Personal_Details_Objects/Page_OrangeHRM/input_License Expiry Date_oxd-input oxd-inp_5d7d79"), License_Expiry_Date): Text '2025-12-12' is set on object 'Object Repository/Employee-Onboarding/Employee_Personal_Details_Objects/Page_OrangeHRM/input_License Expiry Date_oxd-input oxd-inp_5d7d79'

27-12-2024T07:46:35 - [MESSAGE][PASSED] - Text '2025-12-12' is set on object 'Object Repository/Employee-Onboarding/Employee_Personal_Details_Objects/Page_OrangeHRM/input_License Expiry Date_oxd-input oxd-inp_5d7d79'

27-12-2024T07:46:35 - [TEST_STEP][PASSED] - click(findTestObject("Object Repository/Employee-Onboarding/Employee_Personal_Details_Objects/Page_OrangeHRM/div_-- Select --")): Object: 'Object Repository/Employee-Onboarding/Employee_Personal_Details_Objects/Page_OrangeHRM/div_-- Select --' is clicked on

27-12-2024T07:46:35 - [MESSAGE][PASSED] - Object: 'Object Repository/Employee-Onboarding/Employee_Personal_Details_Objects/Page_OrangeHRM/div_-- Select --' is clicked on

27-12-2024T07:46:35 - [TEST_STEP][PASSED] - click(findTestObject("Employee-Onboarding/Employee_Salary_Detail_Objects/Page_OrangeHRM/custom_object_for_dropdown", ["value":Employee_Nationality])): Object: 'Object Repository/Employee-Onboarding/Employee_Salary_Detail_Objects/Page_OrangeHRM/custom_object_for_dropdown' is clicked on

27-12-2024T07:46:35 - [MESSAGE][PASSED] - Object: 'Object Repository/Employee-Onboarding/Employee_Salary_Detail_Objects/Page_OrangeHRM/custom_object_for_dropdown' is clicked on

27-12-2024T07:46:35 - [TEST_STEP][PASSED] - click(findTestObject("Object Repository/Employee-Onboarding/Employee_Personal_Details_Objects/Page_OrangeHRM/div_-- Select --_1")): Object: 'Object Repository/Employee-Onboarding/Employee_Personal_Details_Objects/Page_OrangeHRM/div_-- Select --_1' is clicked on

27-12-2024T07:46:36 - [MESSAGE][PASSED] - Object: 'Object Repository/Employee-Onboarding/Employee_Personal_Details_Objects/Page_OrangeHRM/div_-- Select --_1' is clicked on

27-12-2024T07:46:36 - [TEST_STEP][PASSED] - click(findTestObject("Employee-Onboarding/Employee_Salary_Detail_Objects/Page_OrangeHRM/custom_object_for_dropdown", ["value":Employee_Marital_Status])): Object: 'Object Repository/Employee-Onboarding/Employee_Salary_Detail_Objects/Page_OrangeHRM/custom_object_for_dropdown' is clicked on

27-12-2024T07:46:36 - [MESSAGE][PASSED] - Object: 'Object Repository/Employee-Onboarding/Employee_Salary_Detail_Objects/Page_OrangeHRM/custom_object_for_dropdown' is clicked on

27-12-2024T07:46:36 - [TEST_STEP][PASSED] - setText(findTestObject("Object Repository/Employee-Onboarding/Employee_Personal_Details_Objects/Page_OrangeHRM/input_Date of Birth_oxd-input oxd-input--focus"), Employee_DOB): Text '1979-09-13' is set on object 'Object Repository/Employee-Onboarding/Employee_Personal_Details_Objects/Page_OrangeHRM/input_Date of Birth_oxd-input oxd-input--focus'

27-12-2024T07:46:37 - [MESSAGE][PASSED] - Text '1979-09-13' is set on object 'Object Repository/Employee-Onboarding/Employee_Personal_Details_Objects/Page_OrangeHRM/input_Date of Birth_oxd-input oxd-input--focus'

27-12-2024T07:46:37 - [TEST_STEP][PASSED] - click(findTestObject("Object Repository/Employee-Onboarding/Employee_Personal_Details_Objects/Page_OrangeHRM/span_Male_oxd-radio-input oxd-radio-input--_b0de6e")): Object: 'Object Repository/Employee-Onboarding/Employee_Personal_Details_Objects/Page_OrangeHRM/span_Male_oxd-radio-input oxd-radio-input--_b0de6e' is clicked on

27-12-2024T07:46:37 - [MESSAGE][PASSED] - Object: 'Object Repository/Employee-Onboarding/Employee_Personal_Details_Objects/Page_OrangeHRM/span_Male_oxd-radio-input oxd-radio-input--_b0de6e' is clicked on

27-12-2024T07:46:37 - [TEST_STEP][PASSED] - click(findTestObject("Object Repository/Employee-Onboarding/Employee_Personal_Details_Objects/Page_OrangeHRM/button_Save")): Object: 'Object Repository/Employee-Onboarding/Employee_Personal_Details_Objects/Page_OrangeHRM/button_Save' is clicked on

27-12-2024T07:46:37 - [MESSAGE][PASSED] - Object: 'Object Repository/Employee-Onboarding/Employee_Personal_Details_Objects/Page_OrangeHRM/button_Save' is clicked on]]></system-out>
         <system-err><![CDATA[]]></system-err>
      </testcase>
      <testcase name="Test Cases/Employee_Onboarding/TC_Employee_Person_Details" time="15.671" classname="Test Cases/Employee_Onboarding/TC_Employee_Person_Details" status="PASSED">
         <system-out><![CDATA[27-12-2024T07:46:37 - [TEST_CASE][PASSED] - Test Cases/Employee_Onboarding/TC_Employee_Person_Details: Test Cases/Employee_Onboarding/TC_Employee_Person_Details

27-12-2024T07:46:37 - [TEST_STEP][PASSED] - click(findTestObject("Object Repository/Employee-Onboarding/Employee_Personal_Details_Objects/Page_OrangeHRM/span_PIM")): Object: 'Object Repository/Employee-Onboarding/Employee_Personal_Details_Objects/Page_OrangeHRM/span_PIM' is clicked on

27-12-2024T07:46:39 - [MESSAGE][PASSED] - Object: 'Object Repository/Employee-Onboarding/Employee_Personal_Details_Objects/Page_OrangeHRM/span_PIM' is clicked on

27-12-2024T07:46:39 - [TEST_STEP][PASSED] - setText(findTestObject("Object Repository/Employee-Onboarding/Employee_Personal_Details_Objects/Page_OrangeHRM/input"), Employee_Fullname): Text 'Ruben Collins' is set on object 'Object Repository/Employee-Onboarding/Employee_Personal_Details_Objects/Page_OrangeHRM/input'

27-12-2024T07:46:42 - [MESSAGE][PASSED] - Text 'Ruben Collins' is set on object 'Object Repository/Employee-Onboarding/Employee_Personal_Details_Objects/Page_OrangeHRM/input'

27-12-2024T07:46:42 - [TEST_STEP][PASSED] - click(findTestObject("Object Repository/Employee-Onboarding/Employee_Personal_Details_Objects/Page_OrangeHRM/button_Search")): Object: 'Object Repository/Employee-Onboarding/Employee_Personal_Details_Objects/Page_OrangeHRM/button_Search' is clicked on

27-12-2024T07:46:42 - [MESSAGE][PASSED] - Object: 'Object Repository/Employee-Onboarding/Employee_Personal_Details_Objects/Page_OrangeHRM/button_Search' is clicked on

27-12-2024T07:46:42 - [TEST_STEP][PASSED] - click(findTestObject("Object Repository/Employee-Onboarding/Employee_Personal_Details_Objects/Page_OrangeHRM/div_0034008")): Object: 'Object Repository/Employee-Onboarding/Employee_Personal_Details_Objects/Page_OrangeHRM/div_0034008' is clicked on

27-12-2024T07:46:44 - [MESSAGE][PASSED] - Object: 'Object Repository/Employee-Onboarding/Employee_Personal_Details_Objects/Page_OrangeHRM/div_0034008' is clicked on

27-12-2024T07:46:44 - [TEST_STEP][PASSED] - click(findTestObject("Object Repository/Employee-Onboarding/Employee_Personal_Details_Objects/Page_OrangeHRM/a_Personal Details")): Object: 'Object Repository/Employee-Onboarding/Employee_Personal_Details_Objects/Page_OrangeHRM/a_Personal Details' is clicked on

27-12-2024T07:46:47 - [MESSAGE][PASSED] - Object: 'Object Repository/Employee-Onboarding/Employee_Personal_Details_Objects/Page_OrangeHRM/a_Personal Details' is clicked on

27-12-2024T07:46:47 - [TEST_STEP][PASSED] - setText(findTestObject("Object Repository/Employee-Onboarding/Employee_Personal_Details_Objects/Page_OrangeHRM/input_concat(Driver, , s License Number)_ox_6ab805"), Driving_License_Number): Text 'R3DNA82VGS' is set on object 'Object Repository/Employee-Onboarding/Employee_Personal_Details_Objects/Page_OrangeHRM/input_concat(Driver, , s License Number)_ox_6ab805'

27-12-2024T07:46:50 - [MESSAGE][PASSED] - Text 'R3DNA82VGS' is set on object 'Object Repository/Employee-Onboarding/Employee_Personal_Details_Objects/Page_OrangeHRM/input_concat(Driver, , s License Number)_ox_6ab805'

27-12-2024T07:46:50 - [TEST_STEP][PASSED] - setText(findTestObject("Object Repository/Employee-Onboarding/Employee_Personal_Details_Objects/Page_OrangeHRM/input_License Expiry Date_oxd-input oxd-inp_5d7d79"), License_Expiry_Date): Text '2025-12-12' is set on object 'Object Repository/Employee-Onboarding/Employee_Personal_Details_Objects/Page_OrangeHRM/input_License Expiry Date_oxd-input oxd-inp_5d7d79'

27-12-2024T07:46:50 - [MESSAGE][PASSED] - Text '2025-12-12' is set on object 'Object Repository/Employee-Onboarding/Employee_Personal_Details_Objects/Page_OrangeHRM/input_License Expiry Date_oxd-input oxd-inp_5d7d79'

27-12-2024T07:46:50 - [TEST_STEP][PASSED] - click(findTestObject("Object Repository/Employee-Onboarding/Employee_Personal_Details_Objects/Page_OrangeHRM/div_-- Select --")): Object: 'Object Repository/Employee-Onboarding/Employee_Personal_Details_Objects/Page_OrangeHRM/div_-- Select --' is clicked on

27-12-2024T07:46:51 - [MESSAGE][PASSED] - Object: 'Object Repository/Employee-Onboarding/Employee_Personal_Details_Objects/Page_OrangeHRM/div_-- Select --' is clicked on

27-12-2024T07:46:51 - [TEST_STEP][PASSED] - click(findTestObject("Employee-Onboarding/Employee_Salary_Detail_Objects/Page_OrangeHRM/custom_object_for_dropdown", ["value":Employee_Nationality])): Object: 'Object Repository/Employee-Onboarding/Employee_Salary_Detail_Objects/Page_OrangeHRM/custom_object_for_dropdown' is clicked on

27-12-2024T07:46:51 - [MESSAGE][PASSED] - Object: 'Object Repository/Employee-Onboarding/Employee_Salary_Detail_Objects/Page_OrangeHRM/custom_object_for_dropdown' is clicked on

27-12-2024T07:46:51 - [TEST_STEP][PASSED] - click(findTestObject("Object Repository/Employee-Onboarding/Employee_Personal_Details_Objects/Page_OrangeHRM/div_-- Select --_1")): Object: 'Object Repository/Employee-Onboarding/Employee_Personal_Details_Objects/Page_OrangeHRM/div_-- Select --_1' is clicked on

27-12-2024T07:46:51 - [MESSAGE][PASSED] - Object: 'Object Repository/Employee-Onboarding/Employee_Personal_Details_Objects/Page_OrangeHRM/div_-- Select --_1' is clicked on

27-12-2024T07:46:51 - [TEST_STEP][PASSED] - click(findTestObject("Employee-Onboarding/Employee_Salary_Detail_Objects/Page_OrangeHRM/custom_object_for_dropdown", ["value":Employee_Marital_Status])): Object: 'Object Repository/Employee-Onboarding/Employee_Salary_Detail_Objects/Page_OrangeHRM/custom_object_for_dropdown' is clicked on

27-12-2024T07:46:52 - [MESSAGE][PASSED] - Object: 'Object Repository/Employee-Onboarding/Employee_Salary_Detail_Objects/Page_OrangeHRM/custom_object_for_dropdown' is clicked on

27-12-2024T07:46:52 - [TEST_STEP][PASSED] - setText(findTestObject("Object Repository/Employee-Onboarding/Employee_Personal_Details_Objects/Page_OrangeHRM/input_Date of Birth_oxd-input oxd-input--focus"), Employee_DOB): Text '1965-01-14' is set on object 'Object Repository/Employee-Onboarding/Employee_Personal_Details_Objects/Page_OrangeHRM/input_Date of Birth_oxd-input oxd-input--focus'

27-12-2024T07:46:53 - [MESSAGE][PASSED] - Text '1965-01-14' is set on object 'Object Repository/Employee-Onboarding/Employee_Personal_Details_Objects/Page_OrangeHRM/input_Date of Birth_oxd-input oxd-input--focus'

27-12-2024T07:46:53 - [TEST_STEP][PASSED] - click(findTestObject("Object Repository/Employee-Onboarding/Employee_Personal_Details_Objects/Page_OrangeHRM/span_Male_oxd-radio-input oxd-radio-input--_b0de6e")): Object: 'Object Repository/Employee-Onboarding/Employee_Personal_Details_Objects/Page_OrangeHRM/span_Male_oxd-radio-input oxd-radio-input--_b0de6e' is clicked on

27-12-2024T07:46:53 - [MESSAGE][PASSED] - Object: 'Object Repository/Employee-Onboarding/Employee_Personal_Details_Objects/Page_OrangeHRM/span_Male_oxd-radio-input oxd-radio-input--_b0de6e' is clicked on

27-12-2024T07:46:53 - [TEST_STEP][PASSED] - click(findTestObject("Object Repository/Employee-Onboarding/Employee_Personal_Details_Objects/Page_OrangeHRM/button_Save")): Object: 'Object Repository/Employee-Onboarding/Employee_Personal_Details_Objects/Page_OrangeHRM/button_Save' is clicked on

27-12-2024T07:46:53 - [MESSAGE][PASSED] - Object: 'Object Repository/Employee-Onboarding/Employee_Personal_Details_Objects/Page_OrangeHRM/button_Save' is clicked on]]></system-out>
         <system-err><![CDATA[]]></system-err>
      </testcase>
      <testcase name="Test Cases/Employee_Onboarding/TC_Employee_Person_Details" time="15.368" classname="Test Cases/Employee_Onboarding/TC_Employee_Person_Details" status="PASSED">
         <system-out><![CDATA[27-12-2024T07:46:53 - [TEST_CASE][PASSED] - Test Cases/Employee_Onboarding/TC_Employee_Person_Details: Test Cases/Employee_Onboarding/TC_Employee_Person_Details

27-12-2024T07:46:53 - [TEST_STEP][PASSED] - click(findTestObject("Object Repository/Employee-Onboarding/Employee_Personal_Details_Objects/Page_OrangeHRM/span_PIM")): Object: 'Object Repository/Employee-Onboarding/Employee_Personal_Details_Objects/Page_OrangeHRM/span_PIM' is clicked on

27-12-2024T07:46:55 - [MESSAGE][PASSED] - Object: 'Object Repository/Employee-Onboarding/Employee_Personal_Details_Objects/Page_OrangeHRM/span_PIM' is clicked on

27-12-2024T07:46:55 - [TEST_STEP][PASSED] - setText(findTestObject("Object Repository/Employee-Onboarding/Employee_Personal_Details_Objects/Page_OrangeHRM/input"), Employee_Fullname): Text 'Erin Ferguson' is set on object 'Object Repository/Employee-Onboarding/Employee_Personal_Details_Objects/Page_OrangeHRM/input'

27-12-2024T07:46:57 - [MESSAGE][PASSED] - Text 'Erin Ferguson' is set on object 'Object Repository/Employee-Onboarding/Employee_Personal_Details_Objects/Page_OrangeHRM/input'

27-12-2024T07:46:57 - [TEST_STEP][PASSED] - click(findTestObject("Object Repository/Employee-Onboarding/Employee_Personal_Details_Objects/Page_OrangeHRM/button_Search")): Object: 'Object Repository/Employee-Onboarding/Employee_Personal_Details_Objects/Page_OrangeHRM/button_Search' is clicked on

27-12-2024T07:46:57 - [MESSAGE][PASSED] - Object: 'Object Repository/Employee-Onboarding/Employee_Personal_Details_Objects/Page_OrangeHRM/button_Search' is clicked on

27-12-2024T07:46:57 - [TEST_STEP][PASSED] - click(findTestObject("Object Repository/Employee-Onboarding/Employee_Personal_Details_Objects/Page_OrangeHRM/div_0034008")): Object: 'Object Repository/Employee-Onboarding/Employee_Personal_Details_Objects/Page_OrangeHRM/div_0034008' is clicked on

27-12-2024T07:46:59 - [MESSAGE][PASSED] - Object: 'Object Repository/Employee-Onboarding/Employee_Personal_Details_Objects/Page_OrangeHRM/div_0034008' is clicked on

27-12-2024T07:46:59 - [TEST_STEP][PASSED] - click(findTestObject("Object Repository/Employee-Onboarding/Employee_Personal_Details_Objects/Page_OrangeHRM/a_Personal Details")): Object: 'Object Repository/Employee-Onboarding/Employee_Personal_Details_Objects/Page_OrangeHRM/a_Personal Details' is clicked on

27-12-2024T07:47:02 - [MESSAGE][PASSED] - Object: 'Object Repository/Employee-Onboarding/Employee_Personal_Details_Objects/Page_OrangeHRM/a_Personal Details' is clicked on

27-12-2024T07:47:02 - [TEST_STEP][PASSED] - setText(findTestObject("Object Repository/Employee-Onboarding/Employee_Personal_Details_Objects/Page_OrangeHRM/input_concat(Driver, , s License Number)_ox_6ab805"), Driving_License_Number): Text 'H5QFCA6JSB' is set on object 'Object Repository/Employee-Onboarding/Employee_Personal_Details_Objects/Page_OrangeHRM/input_concat(Driver, , s License Number)_ox_6ab805'

27-12-2024T07:47:05 - [MESSAGE][PASSED] - Text 'H5QFCA6JSB' is set on object 'Object Repository/Employee-Onboarding/Employee_Personal_Details_Objects/Page_OrangeHRM/input_concat(Driver, , s License Number)_ox_6ab805'

27-12-2024T07:47:05 - [TEST_STEP][PASSED] - setText(findTestObject("Object Repository/Employee-Onboarding/Employee_Personal_Details_Objects/Page_OrangeHRM/input_License Expiry Date_oxd-input oxd-inp_5d7d79"), License_Expiry_Date): Text '2025-12-12' is set on object 'Object Repository/Employee-Onboarding/Employee_Personal_Details_Objects/Page_OrangeHRM/input_License Expiry Date_oxd-input oxd-inp_5d7d79'

27-12-2024T07:47:06 - [MESSAGE][PASSED] - Text '2025-12-12' is set on object 'Object Repository/Employee-Onboarding/Employee_Personal_Details_Objects/Page_OrangeHRM/input_License Expiry Date_oxd-input oxd-inp_5d7d79'

27-12-2024T07:47:06 - [TEST_STEP][PASSED] - click(findTestObject("Object Repository/Employee-Onboarding/Employee_Personal_Details_Objects/Page_OrangeHRM/div_-- Select --")): Object: 'Object Repository/Employee-Onboarding/Employee_Personal_Details_Objects/Page_OrangeHRM/div_-- Select --' is clicked on

27-12-2024T07:47:06 - [MESSAGE][PASSED] - Object: 'Object Repository/Employee-Onboarding/Employee_Personal_Details_Objects/Page_OrangeHRM/div_-- Select --' is clicked on

27-12-2024T07:47:06 - [TEST_STEP][PASSED] - click(findTestObject("Employee-Onboarding/Employee_Salary_Detail_Objects/Page_OrangeHRM/custom_object_for_dropdown", ["value":Employee_Nationality])): Object: 'Object Repository/Employee-Onboarding/Employee_Salary_Detail_Objects/Page_OrangeHRM/custom_object_for_dropdown' is clicked on

27-12-2024T07:47:06 - [MESSAGE][PASSED] - Object: 'Object Repository/Employee-Onboarding/Employee_Salary_Detail_Objects/Page_OrangeHRM/custom_object_for_dropdown' is clicked on

27-12-2024T07:47:06 - [TEST_STEP][PASSED] - click(findTestObject("Object Repository/Employee-Onboarding/Employee_Personal_Details_Objects/Page_OrangeHRM/div_-- Select --_1")): Object: 'Object Repository/Employee-Onboarding/Employee_Personal_Details_Objects/Page_OrangeHRM/div_-- Select --_1' is clicked on

27-12-2024T07:47:07 - [MESSAGE][PASSED] - Object: 'Object Repository/Employee-Onboarding/Employee_Personal_Details_Objects/Page_OrangeHRM/div_-- Select --_1' is clicked on

27-12-2024T07:47:07 - [TEST_STEP][PASSED] - click(findTestObject("Employee-Onboarding/Employee_Salary_Detail_Objects/Page_OrangeHRM/custom_object_for_dropdown", ["value":Employee_Marital_Status])): Object: 'Object Repository/Employee-Onboarding/Employee_Salary_Detail_Objects/Page_OrangeHRM/custom_object_for_dropdown' is clicked on

27-12-2024T07:47:07 - [MESSAGE][PASSED] - Object: 'Object Repository/Employee-Onboarding/Employee_Salary_Detail_Objects/Page_OrangeHRM/custom_object_for_dropdown' is clicked on

27-12-2024T07:47:07 - [TEST_STEP][PASSED] - setText(findTestObject("Object Repository/Employee-Onboarding/Employee_Personal_Details_Objects/Page_OrangeHRM/input_Date of Birth_oxd-input oxd-input--focus"), Employee_DOB): Text '2003-11-19' is set on object 'Object Repository/Employee-Onboarding/Employee_Personal_Details_Objects/Page_OrangeHRM/input_Date of Birth_oxd-input oxd-input--focus'

27-12-2024T07:47:08 - [MESSAGE][PASSED] - Text '2003-11-19' is set on object 'Object Repository/Employee-Onboarding/Employee_Personal_Details_Objects/Page_OrangeHRM/input_Date of Birth_oxd-input oxd-input--focus'

27-12-2024T07:47:08 - [TEST_STEP][PASSED] - click(findTestObject("Object Repository/Employee-Onboarding/Employee_Personal_Details_Objects/Page_OrangeHRM/span_Male_oxd-radio-input oxd-radio-input--_b0de6e")): Object: 'Object Repository/Employee-Onboarding/Employee_Personal_Details_Objects/Page_OrangeHRM/span_Male_oxd-radio-input oxd-radio-input--_b0de6e' is clicked on

27-12-2024T07:47:08 - [MESSAGE][PASSED] - Object: 'Object Repository/Employee-Onboarding/Employee_Personal_Details_Objects/Page_OrangeHRM/span_Male_oxd-radio-input oxd-radio-input--_b0de6e' is clicked on

27-12-2024T07:47:08 - [TEST_STEP][PASSED] - click(findTestObject("Object Repository/Employee-Onboarding/Employee_Personal_Details_Objects/Page_OrangeHRM/button_Save")): Object: 'Object Repository/Employee-Onboarding/Employee_Personal_Details_Objects/Page_OrangeHRM/button_Save' is clicked on

27-12-2024T07:47:08 - [MESSAGE][PASSED] - Object: 'Object Repository/Employee-Onboarding/Employee_Personal_Details_Objects/Page_OrangeHRM/button_Save' is clicked on]]></system-out>
         <system-err><![CDATA[]]></system-err>
      </testcase>
      <testcase name="Test Cases/Employee_Onboarding/TC_Employee_Person_Details" time="15.432" classname="Test Cases/Employee_Onboarding/TC_Employee_Person_Details" status="PASSED">
         <system-out><![CDATA[27-12-2024T07:47:09 - [TEST_CASE][PASSED] - Test Cases/Employee_Onboarding/TC_Employee_Person_Details: Test Cases/Employee_Onboarding/TC_Employee_Person_Details

27-12-2024T07:47:09 - [TEST_STEP][PASSED] - click(findTestObject("Object Repository/Employee-Onboarding/Employee_Personal_Details_Objects/Page_OrangeHRM/span_PIM")): Object: 'Object Repository/Employee-Onboarding/Employee_Personal_Details_Objects/Page_OrangeHRM/span_PIM' is clicked on

27-12-2024T07:47:10 - [MESSAGE][PASSED] - Object: 'Object Repository/Employee-Onboarding/Employee_Personal_Details_Objects/Page_OrangeHRM/span_PIM' is clicked on

27-12-2024T07:47:10 - [TEST_STEP][PASSED] - setText(findTestObject("Object Repository/Employee-Onboarding/Employee_Personal_Details_Objects/Page_OrangeHRM/input"), Employee_Fullname): Text 'Jennifer Miles' is set on object 'Object Repository/Employee-Onboarding/Employee_Personal_Details_Objects/Page_OrangeHRM/input'

27-12-2024T07:47:13 - [MESSAGE][PASSED] - Text 'Jennifer Miles' is set on object 'Object Repository/Employee-Onboarding/Employee_Personal_Details_Objects/Page_OrangeHRM/input'

27-12-2024T07:47:13 - [TEST_STEP][PASSED] - click(findTestObject("Object Repository/Employee-Onboarding/Employee_Personal_Details_Objects/Page_OrangeHRM/button_Search")): Object: 'Object Repository/Employee-Onboarding/Employee_Personal_Details_Objects/Page_OrangeHRM/button_Search' is clicked on

27-12-2024T07:47:13 - [MESSAGE][PASSED] - Object: 'Object Repository/Employee-Onboarding/Employee_Personal_Details_Objects/Page_OrangeHRM/button_Search' is clicked on

27-12-2024T07:47:13 - [TEST_STEP][PASSED] - click(findTestObject("Object Repository/Employee-Onboarding/Employee_Personal_Details_Objects/Page_OrangeHRM/div_0034008")): Object: 'Object Repository/Employee-Onboarding/Employee_Personal_Details_Objects/Page_OrangeHRM/div_0034008' is clicked on

27-12-2024T07:47:15 - [MESSAGE][PASSED] - Object: 'Object Repository/Employee-Onboarding/Employee_Personal_Details_Objects/Page_OrangeHRM/div_0034008' is clicked on

27-12-2024T07:47:15 - [TEST_STEP][PASSED] - click(findTestObject("Object Repository/Employee-Onboarding/Employee_Personal_Details_Objects/Page_OrangeHRM/a_Personal Details")): Object: 'Object Repository/Employee-Onboarding/Employee_Personal_Details_Objects/Page_OrangeHRM/a_Personal Details' is clicked on

27-12-2024T07:47:18 - [MESSAGE][PASSED] - Object: 'Object Repository/Employee-Onboarding/Employee_Personal_Details_Objects/Page_OrangeHRM/a_Personal Details' is clicked on

27-12-2024T07:47:18 - [TEST_STEP][PASSED] - setText(findTestObject("Object Repository/Employee-Onboarding/Employee_Personal_Details_Objects/Page_OrangeHRM/input_concat(Driver, , s License Number)_ox_6ab805"), Driving_License_Number): Text 'WX43QC28W3' is set on object 'Object Repository/Employee-Onboarding/Employee_Personal_Details_Objects/Page_OrangeHRM/input_concat(Driver, , s License Number)_ox_6ab805'

27-12-2024T07:47:21 - [MESSAGE][PASSED] - Text 'WX43QC28W3' is set on object 'Object Repository/Employee-Onboarding/Employee_Personal_Details_Objects/Page_OrangeHRM/input_concat(Driver, , s License Number)_ox_6ab805'

27-12-2024T07:47:21 - [TEST_STEP][PASSED] - setText(findTestObject("Object Repository/Employee-Onboarding/Employee_Personal_Details_Objects/Page_OrangeHRM/input_License Expiry Date_oxd-input oxd-inp_5d7d79"), License_Expiry_Date): Text '2025-12-12' is set on object 'Object Repository/Employee-Onboarding/Employee_Personal_Details_Objects/Page_OrangeHRM/input_License Expiry Date_oxd-input oxd-inp_5d7d79'

27-12-2024T07:47:21 - [MESSAGE][PASSED] - Text '2025-12-12' is set on object 'Object Repository/Employee-Onboarding/Employee_Personal_Details_Objects/Page_OrangeHRM/input_License Expiry Date_oxd-input oxd-inp_5d7d79'

27-12-2024T07:47:21 - [TEST_STEP][PASSED] - click(findTestObject("Object Repository/Employee-Onboarding/Employee_Personal_Details_Objects/Page_OrangeHRM/div_-- Select --")): Object: 'Object Repository/Employee-Onboarding/Employee_Personal_Details_Objects/Page_OrangeHRM/div_-- Select --' is clicked on

27-12-2024T07:47:21 - [MESSAGE][PASSED] - Object: 'Object Repository/Employee-Onboarding/Employee_Personal_Details_Objects/Page_OrangeHRM/div_-- Select --' is clicked on

27-12-2024T07:47:21 - [TEST_STEP][PASSED] - click(findTestObject("Employee-Onboarding/Employee_Salary_Detail_Objects/Page_OrangeHRM/custom_object_for_dropdown", ["value":Employee_Nationality])): Object: 'Object Repository/Employee-Onboarding/Employee_Salary_Detail_Objects/Page_OrangeHRM/custom_object_for_dropdown' is clicked on

27-12-2024T07:47:22 - [MESSAGE][PASSED] - Object: 'Object Repository/Employee-Onboarding/Employee_Salary_Detail_Objects/Page_OrangeHRM/custom_object_for_dropdown' is clicked on

27-12-2024T07:47:22 - [TEST_STEP][PASSED] - click(findTestObject("Object Repository/Employee-Onboarding/Employee_Personal_Details_Objects/Page_OrangeHRM/div_-- Select --_1")): Object: 'Object Repository/Employee-Onboarding/Employee_Personal_Details_Objects/Page_OrangeHRM/div_-- Select --_1' is clicked on

27-12-2024T07:47:22 - [MESSAGE][PASSED] - Object: 'Object Repository/Employee-Onboarding/Employee_Personal_Details_Objects/Page_OrangeHRM/div_-- Select --_1' is clicked on

27-12-2024T07:47:22 - [TEST_STEP][PASSED] - click(findTestObject("Employee-Onboarding/Employee_Salary_Detail_Objects/Page_OrangeHRM/custom_object_for_dropdown", ["value":Employee_Marital_Status])): Object: 'Object Repository/Employee-Onboarding/Employee_Salary_Detail_Objects/Page_OrangeHRM/custom_object_for_dropdown' is clicked on

27-12-2024T07:47:23 - [MESSAGE][PASSED] - Object: 'Object Repository/Employee-Onboarding/Employee_Salary_Detail_Objects/Page_OrangeHRM/custom_object_for_dropdown' is clicked on

27-12-2024T07:47:23 - [TEST_STEP][PASSED] - setText(findTestObject("Object Repository/Employee-Onboarding/Employee_Personal_Details_Objects/Page_OrangeHRM/input_Date of Birth_oxd-input oxd-input--focus"), Employee_DOB): Text '1995-06-26' is set on object 'Object Repository/Employee-Onboarding/Employee_Personal_Details_Objects/Page_OrangeHRM/input_Date of Birth_oxd-input oxd-input--focus'

27-12-2024T07:47:23 - [MESSAGE][PASSED] - Text '1995-06-26' is set on object 'Object Repository/Employee-Onboarding/Employee_Personal_Details_Objects/Page_OrangeHRM/input_Date of Birth_oxd-input oxd-input--focus'

27-12-2024T07:47:23 - [TEST_STEP][PASSED] - click(findTestObject("Object Repository/Employee-Onboarding/Employee_Personal_Details_Objects/Page_OrangeHRM/span_Male_oxd-radio-input oxd-radio-input--_b0de6e")): Object: 'Object Repository/Employee-Onboarding/Employee_Personal_Details_Objects/Page_OrangeHRM/span_Male_oxd-radio-input oxd-radio-input--_b0de6e' is clicked on

27-12-2024T07:47:24 - [MESSAGE][PASSED] - Object: 'Object Repository/Employee-Onboarding/Employee_Personal_Details_Objects/Page_OrangeHRM/span_Male_oxd-radio-input oxd-radio-input--_b0de6e' is clicked on

27-12-2024T07:47:24 - [TEST_STEP][PASSED] - click(findTestObject("Object Repository/Employee-Onboarding/Employee_Personal_Details_Objects/Page_OrangeHRM/button_Save")): Object: 'Object Repository/Employee-Onboarding/Employee_Personal_Details_Objects/Page_OrangeHRM/button_Save' is clicked on

27-12-2024T07:47:24 - [MESSAGE][PASSED] - Object: 'Object Repository/Employee-Onboarding/Employee_Personal_Details_Objects/Page_OrangeHRM/button_Save' is clicked on]]></system-out>
         <system-err><![CDATA[]]></system-err>
      </testcase>
      <testcase name="Test Cases/Employee_Onboarding/TC_Employee_Person_Details" time="15.573" classname="Test Cases/Employee_Onboarding/TC_Employee_Person_Details" status="PASSED">
         <system-out><![CDATA[27-12-2024T07:47:24 - [TEST_CASE][PASSED] - Test Cases/Employee_Onboarding/TC_Employee_Person_Details: Test Cases/Employee_Onboarding/TC_Employee_Person_Details

27-12-2024T07:47:24 - [TEST_STEP][PASSED] - click(findTestObject("Object Repository/Employee-Onboarding/Employee_Personal_Details_Objects/Page_OrangeHRM/span_PIM")): Object: 'Object Repository/Employee-Onboarding/Employee_Personal_Details_Objects/Page_OrangeHRM/span_PIM' is clicked on

27-12-2024T07:47:26 - [MESSAGE][PASSED] - Object: 'Object Repository/Employee-Onboarding/Employee_Personal_Details_Objects/Page_OrangeHRM/span_PIM' is clicked on

27-12-2024T07:47:26 - [TEST_STEP][PASSED] - setText(findTestObject("Object Repository/Employee-Onboarding/Employee_Personal_Details_Objects/Page_OrangeHRM/input"), Employee_Fullname): Text 'Rebecca Gutierrez' is set on object 'Object Repository/Employee-Onboarding/Employee_Personal_Details_Objects/Page_OrangeHRM/input'

27-12-2024T07:47:28 - [MESSAGE][PASSED] - Text 'Rebecca Gutierrez' is set on object 'Object Repository/Employee-Onboarding/Employee_Personal_Details_Objects/Page_OrangeHRM/input'

27-12-2024T07:47:28 - [TEST_STEP][PASSED] - click(findTestObject("Object Repository/Employee-Onboarding/Employee_Personal_Details_Objects/Page_OrangeHRM/button_Search")): Object: 'Object Repository/Employee-Onboarding/Employee_Personal_Details_Objects/Page_OrangeHRM/button_Search' is clicked on

27-12-2024T07:47:29 - [MESSAGE][PASSED] - Object: 'Object Repository/Employee-Onboarding/Employee_Personal_Details_Objects/Page_OrangeHRM/button_Search' is clicked on

27-12-2024T07:47:29 - [TEST_STEP][PASSED] - click(findTestObject("Object Repository/Employee-Onboarding/Employee_Personal_Details_Objects/Page_OrangeHRM/div_0034008")): Object: 'Object Repository/Employee-Onboarding/Employee_Personal_Details_Objects/Page_OrangeHRM/div_0034008' is clicked on

27-12-2024T07:47:31 - [MESSAGE][PASSED] - Object: 'Object Repository/Employee-Onboarding/Employee_Personal_Details_Objects/Page_OrangeHRM/div_0034008' is clicked on

27-12-2024T07:47:31 - [TEST_STEP][PASSED] - click(findTestObject("Object Repository/Employee-Onboarding/Employee_Personal_Details_Objects/Page_OrangeHRM/a_Personal Details")): Object: 'Object Repository/Employee-Onboarding/Employee_Personal_Details_Objects/Page_OrangeHRM/a_Personal Details' is clicked on

27-12-2024T07:47:33 - [MESSAGE][PASSED] - Object: 'Object Repository/Employee-Onboarding/Employee_Personal_Details_Objects/Page_OrangeHRM/a_Personal Details' is clicked on

27-12-2024T07:47:33 - [TEST_STEP][PASSED] - setText(findTestObject("Object Repository/Employee-Onboarding/Employee_Personal_Details_Objects/Page_OrangeHRM/input_concat(Driver, , s License Number)_ox_6ab805"), Driving_License_Number): Text 'IABK80F3DJ' is set on object 'Object Repository/Employee-Onboarding/Employee_Personal_Details_Objects/Page_OrangeHRM/input_concat(Driver, , s License Number)_ox_6ab805'

27-12-2024T07:47:36 - [MESSAGE][PASSED] - Text 'IABK80F3DJ' is set on object 'Object Repository/Employee-Onboarding/Employee_Personal_Details_Objects/Page_OrangeHRM/input_concat(Driver, , s License Number)_ox_6ab805'

27-12-2024T07:47:36 - [TEST_STEP][PASSED] - setText(findTestObject("Object Repository/Employee-Onboarding/Employee_Personal_Details_Objects/Page_OrangeHRM/input_License Expiry Date_oxd-input oxd-inp_5d7d79"), License_Expiry_Date): Text '2025-12-12' is set on object 'Object Repository/Employee-Onboarding/Employee_Personal_Details_Objects/Page_OrangeHRM/input_License Expiry Date_oxd-input oxd-inp_5d7d79'

27-12-2024T07:47:37 - [MESSAGE][PASSED] - Text '2025-12-12' is set on object 'Object Repository/Employee-Onboarding/Employee_Personal_Details_Objects/Page_OrangeHRM/input_License Expiry Date_oxd-input oxd-inp_5d7d79'

27-12-2024T07:47:37 - [TEST_STEP][PASSED] - click(findTestObject("Object Repository/Employee-Onboarding/Employee_Personal_Details_Objects/Page_OrangeHRM/div_-- Select --")): Object: 'Object Repository/Employee-Onboarding/Employee_Personal_Details_Objects/Page_OrangeHRM/div_-- Select --' is clicked on

27-12-2024T07:47:37 - [MESSAGE][PASSED] - Object: 'Object Repository/Employee-Onboarding/Employee_Personal_Details_Objects/Page_OrangeHRM/div_-- Select --' is clicked on

27-12-2024T07:47:37 - [TEST_STEP][PASSED] - click(findTestObject("Employee-Onboarding/Employee_Salary_Detail_Objects/Page_OrangeHRM/custom_object_for_dropdown", ["value":Employee_Nationality])): Object: 'Object Repository/Employee-Onboarding/Employee_Salary_Detail_Objects/Page_OrangeHRM/custom_object_for_dropdown' is clicked on

27-12-2024T07:47:37 - [MESSAGE][PASSED] - Object: 'Object Repository/Employee-Onboarding/Employee_Salary_Detail_Objects/Page_OrangeHRM/custom_object_for_dropdown' is clicked on

27-12-2024T07:47:37 - [TEST_STEP][PASSED] - click(findTestObject("Object Repository/Employee-Onboarding/Employee_Personal_Details_Objects/Page_OrangeHRM/div_-- Select --_1")): Object: 'Object Repository/Employee-Onboarding/Employee_Personal_Details_Objects/Page_OrangeHRM/div_-- Select --_1' is clicked on

27-12-2024T07:47:38 - [MESSAGE][PASSED] - Object: 'Object Repository/Employee-Onboarding/Employee_Personal_Details_Objects/Page_OrangeHRM/div_-- Select --_1' is clicked on

27-12-2024T07:47:38 - [TEST_STEP][PASSED] - click(findTestObject("Employee-Onboarding/Employee_Salary_Detail_Objects/Page_OrangeHRM/custom_object_for_dropdown", ["value":Employee_Marital_Status])): Object: 'Object Repository/Employee-Onboarding/Employee_Salary_Detail_Objects/Page_OrangeHRM/custom_object_for_dropdown' is clicked on

27-12-2024T07:47:38 - [MESSAGE][PASSED] - Object: 'Object Repository/Employee-Onboarding/Employee_Salary_Detail_Objects/Page_OrangeHRM/custom_object_for_dropdown' is clicked on

27-12-2024T07:47:38 - [TEST_STEP][PASSED] - setText(findTestObject("Object Repository/Employee-Onboarding/Employee_Personal_Details_Objects/Page_OrangeHRM/input_Date of Birth_oxd-input oxd-input--focus"), Employee_DOB): Text '2000-01-11' is set on object 'Object Repository/Employee-Onboarding/Employee_Personal_Details_Objects/Page_OrangeHRM/input_Date of Birth_oxd-input oxd-input--focus'

27-12-2024T07:47:39 - [MESSAGE][PASSED] - Text '2000-01-11' is set on object 'Object Repository/Employee-Onboarding/Employee_Personal_Details_Objects/Page_OrangeHRM/input_Date of Birth_oxd-input oxd-input--focus'

27-12-2024T07:47:39 - [TEST_STEP][PASSED] - click(findTestObject("Object Repository/Employee-Onboarding/Employee_Personal_Details_Objects/Page_OrangeHRM/span_Male_oxd-radio-input oxd-radio-input--_b0de6e")): Object: 'Object Repository/Employee-Onboarding/Employee_Personal_Details_Objects/Page_OrangeHRM/span_Male_oxd-radio-input oxd-radio-input--_b0de6e' is clicked on

27-12-2024T07:47:39 - [MESSAGE][PASSED] - Object: 'Object Repository/Employee-Onboarding/Employee_Personal_Details_Objects/Page_OrangeHRM/span_Male_oxd-radio-input oxd-radio-input--_b0de6e' is clicked on

27-12-2024T07:47:39 - [TEST_STEP][PASSED] - click(findTestObject("Object Repository/Employee-Onboarding/Employee_Personal_Details_Objects/Page_OrangeHRM/button_Save")): Object: 'Object Repository/Employee-Onboarding/Employee_Personal_Details_Objects/Page_OrangeHRM/button_Save' is clicked on

27-12-2024T07:47:40 - [MESSAGE][PASSED] - Object: 'Object Repository/Employee-Onboarding/Employee_Personal_Details_Objects/Page_OrangeHRM/button_Save' is clicked on]]></system-out>
         <system-err><![CDATA[]]></system-err>
      </testcase>
      <testcase name="Test Cases/Employee_Onboarding/TC_Employee_Person_Details" time="15.218" classname="Test Cases/Employee_Onboarding/TC_Employee_Person_Details" status="PASSED">
         <system-out><![CDATA[27-12-2024T07:47:40 - [TEST_CASE][PASSED] - Test Cases/Employee_Onboarding/TC_Employee_Person_Details: Test Cases/Employee_Onboarding/TC_Employee_Person_Details

27-12-2024T07:47:40 - [TEST_STEP][PASSED] - click(findTestObject("Object Repository/Employee-Onboarding/Employee_Personal_Details_Objects/Page_OrangeHRM/span_PIM")): Object: 'Object Repository/Employee-Onboarding/Employee_Personal_Details_Objects/Page_OrangeHRM/span_PIM' is clicked on

27-12-2024T07:47:42 - [MESSAGE][PASSED] - Object: 'Object Repository/Employee-Onboarding/Employee_Personal_Details_Objects/Page_OrangeHRM/span_PIM' is clicked on

27-12-2024T07:47:42 - [TEST_STEP][PASSED] - setText(findTestObject("Object Repository/Employee-Onboarding/Employee_Personal_Details_Objects/Page_OrangeHRM/input"), Employee_Fullname): Text 'Elizabeth Ruiz' is set on object 'Object Repository/Employee-Onboarding/Employee_Personal_Details_Objects/Page_OrangeHRM/input'

27-12-2024T07:47:44 - [MESSAGE][PASSED] - Text 'Elizabeth Ruiz' is set on object 'Object Repository/Employee-Onboarding/Employee_Personal_Details_Objects/Page_OrangeHRM/input'

27-12-2024T07:47:44 - [TEST_STEP][PASSED] - click(findTestObject("Object Repository/Employee-Onboarding/Employee_Personal_Details_Objects/Page_OrangeHRM/button_Search")): Object: 'Object Repository/Employee-Onboarding/Employee_Personal_Details_Objects/Page_OrangeHRM/button_Search' is clicked on

27-12-2024T07:47:44 - [MESSAGE][PASSED] - Object: 'Object Repository/Employee-Onboarding/Employee_Personal_Details_Objects/Page_OrangeHRM/button_Search' is clicked on

27-12-2024T07:47:44 - [TEST_STEP][PASSED] - click(findTestObject("Object Repository/Employee-Onboarding/Employee_Personal_Details_Objects/Page_OrangeHRM/div_0034008")): Object: 'Object Repository/Employee-Onboarding/Employee_Personal_Details_Objects/Page_OrangeHRM/div_0034008' is clicked on

27-12-2024T07:47:46 - [MESSAGE][PASSED] - Object: 'Object Repository/Employee-Onboarding/Employee_Personal_Details_Objects/Page_OrangeHRM/div_0034008' is clicked on

27-12-2024T07:47:46 - [TEST_STEP][PASSED] - click(findTestObject("Object Repository/Employee-Onboarding/Employee_Personal_Details_Objects/Page_OrangeHRM/a_Personal Details")): Object: 'Object Repository/Employee-Onboarding/Employee_Personal_Details_Objects/Page_OrangeHRM/a_Personal Details' is clicked on

27-12-2024T07:47:49 - [MESSAGE][PASSED] - Object: 'Object Repository/Employee-Onboarding/Employee_Personal_Details_Objects/Page_OrangeHRM/a_Personal Details' is clicked on

27-12-2024T07:47:49 - [TEST_STEP][PASSED] - setText(findTestObject("Object Repository/Employee-Onboarding/Employee_Personal_Details_Objects/Page_OrangeHRM/input_concat(Driver, , s License Number)_ox_6ab805"), Driving_License_Number): Text 'TZCK33QADU' is set on object 'Object Repository/Employee-Onboarding/Employee_Personal_Details_Objects/Page_OrangeHRM/input_concat(Driver, , s License Number)_ox_6ab805'

27-12-2024T07:47:51 - [MESSAGE][PASSED] - Text 'TZCK33QADU' is set on object 'Object Repository/Employee-Onboarding/Employee_Personal_Details_Objects/Page_OrangeHRM/input_concat(Driver, , s License Number)_ox_6ab805'

27-12-2024T07:47:51 - [TEST_STEP][PASSED] - setText(findTestObject("Object Repository/Employee-Onboarding/Employee_Personal_Details_Objects/Page_OrangeHRM/input_License Expiry Date_oxd-input oxd-inp_5d7d79"), License_Expiry_Date): Text '2025-12-12' is set on object 'Object Repository/Employee-Onboarding/Employee_Personal_Details_Objects/Page_OrangeHRM/input_License Expiry Date_oxd-input oxd-inp_5d7d79'

27-12-2024T07:47:52 - [MESSAGE][PASSED] - Text '2025-12-12' is set on object 'Object Repository/Employee-Onboarding/Employee_Personal_Details_Objects/Page_OrangeHRM/input_License Expiry Date_oxd-input oxd-inp_5d7d79'

27-12-2024T07:47:52 - [TEST_STEP][PASSED] - click(findTestObject("Object Repository/Employee-Onboarding/Employee_Personal_Details_Objects/Page_OrangeHRM/div_-- Select --")): Object: 'Object Repository/Employee-Onboarding/Employee_Personal_Details_Objects/Page_OrangeHRM/div_-- Select --' is clicked on

27-12-2024T07:47:52 - [MESSAGE][PASSED] - Object: 'Object Repository/Employee-Onboarding/Employee_Personal_Details_Objects/Page_OrangeHRM/div_-- Select --' is clicked on

27-12-2024T07:47:52 - [TEST_STEP][PASSED] - click(findTestObject("Employee-Onboarding/Employee_Salary_Detail_Objects/Page_OrangeHRM/custom_object_for_dropdown", ["value":Employee_Nationality])): Object: 'Object Repository/Employee-Onboarding/Employee_Salary_Detail_Objects/Page_OrangeHRM/custom_object_for_dropdown' is clicked on

27-12-2024T07:47:53 - [MESSAGE][PASSED] - Object: 'Object Repository/Employee-Onboarding/Employee_Salary_Detail_Objects/Page_OrangeHRM/custom_object_for_dropdown' is clicked on

27-12-2024T07:47:53 - [TEST_STEP][PASSED] - click(findTestObject("Object Repository/Employee-Onboarding/Employee_Personal_Details_Objects/Page_OrangeHRM/div_-- Select --_1")): Object: 'Object Repository/Employee-Onboarding/Employee_Personal_Details_Objects/Page_OrangeHRM/div_-- Select --_1' is clicked on

27-12-2024T07:47:53 - [MESSAGE][PASSED] - Object: 'Object Repository/Employee-Onboarding/Employee_Personal_Details_Objects/Page_OrangeHRM/div_-- Select --_1' is clicked on

27-12-2024T07:47:53 - [TEST_STEP][PASSED] - click(findTestObject("Employee-Onboarding/Employee_Salary_Detail_Objects/Page_OrangeHRM/custom_object_for_dropdown", ["value":Employee_Marital_Status])): Object: 'Object Repository/Employee-Onboarding/Employee_Salary_Detail_Objects/Page_OrangeHRM/custom_object_for_dropdown' is clicked on

27-12-2024T07:47:54 - [MESSAGE][PASSED] - Object: 'Object Repository/Employee-Onboarding/Employee_Salary_Detail_Objects/Page_OrangeHRM/custom_object_for_dropdown' is clicked on

27-12-2024T07:47:54 - [TEST_STEP][PASSED] - setText(findTestObject("Object Repository/Employee-Onboarding/Employee_Personal_Details_Objects/Page_OrangeHRM/input_Date of Birth_oxd-input oxd-input--focus"), Employee_DOB): Text '1974-04-22' is set on object 'Object Repository/Employee-Onboarding/Employee_Personal_Details_Objects/Page_OrangeHRM/input_Date of Birth_oxd-input oxd-input--focus'

27-12-2024T07:47:54 - [MESSAGE][PASSED] - Text '1974-04-22' is set on object 'Object Repository/Employee-Onboarding/Employee_Personal_Details_Objects/Page_OrangeHRM/input_Date of Birth_oxd-input oxd-input--focus'

27-12-2024T07:47:54 - [TEST_STEP][PASSED] - click(findTestObject("Object Repository/Employee-Onboarding/Employee_Personal_Details_Objects/Page_OrangeHRM/span_Male_oxd-radio-input oxd-radio-input--_b0de6e")): Object: 'Object Repository/Employee-Onboarding/Employee_Personal_Details_Objects/Page_OrangeHRM/span_Male_oxd-radio-input oxd-radio-input--_b0de6e' is clicked on

27-12-2024T07:47:55 - [MESSAGE][PASSED] - Object: 'Object Repository/Employee-Onboarding/Employee_Personal_Details_Objects/Page_OrangeHRM/span_Male_oxd-radio-input oxd-radio-input--_b0de6e' is clicked on

27-12-2024T07:47:55 - [TEST_STEP][PASSED] - click(findTestObject("Object Repository/Employee-Onboarding/Employee_Personal_Details_Objects/Page_OrangeHRM/button_Save")): Object: 'Object Repository/Employee-Onboarding/Employee_Personal_Details_Objects/Page_OrangeHRM/button_Save' is clicked on

27-12-2024T07:47:55 - [MESSAGE][PASSED] - Object: 'Object Repository/Employee-Onboarding/Employee_Personal_Details_Objects/Page_OrangeHRM/button_Save' is clicked on]]></system-out>
         <system-err><![CDATA[]]></system-err>
      </testcase>
      <testcase name="Test Cases/Employee_Onboarding/TC_Employee_Person_Details" time="14.554" classname="Test Cases/Employee_Onboarding/TC_Employee_Person_Details" status="PASSED">
         <system-out><![CDATA[27-12-2024T07:47:55 - [TEST_CASE][PASSED] - Test Cases/Employee_Onboarding/TC_Employee_Person_Details: Test Cases/Employee_Onboarding/TC_Employee_Person_Details

27-12-2024T07:47:55 - [TEST_STEP][PASSED] - click(findTestObject("Object Repository/Employee-Onboarding/Employee_Personal_Details_Objects/Page_OrangeHRM/span_PIM")): Object: 'Object Repository/Employee-Onboarding/Employee_Personal_Details_Objects/Page_OrangeHRM/span_PIM' is clicked on

27-12-2024T07:47:57 - [MESSAGE][PASSED] - Object: 'Object Repository/Employee-Onboarding/Employee_Personal_Details_Objects/Page_OrangeHRM/span_PIM' is clicked on

27-12-2024T07:47:57 - [TEST_STEP][PASSED] - setText(findTestObject("Object Repository/Employee-Onboarding/Employee_Personal_Details_Objects/Page_OrangeHRM/input"), Employee_Fullname): Text 'Emily Khan' is set on object 'Object Repository/Employee-Onboarding/Employee_Personal_Details_Objects/Page_OrangeHRM/input'

27-12-2024T07:47:59 - [MESSAGE][PASSED] - Text 'Emily Khan' is set on object 'Object Repository/Employee-Onboarding/Employee_Personal_Details_Objects/Page_OrangeHRM/input'

27-12-2024T07:47:59 - [TEST_STEP][PASSED] - click(findTestObject("Object Repository/Employee-Onboarding/Employee_Personal_Details_Objects/Page_OrangeHRM/button_Search")): Object: 'Object Repository/Employee-Onboarding/Employee_Personal_Details_Objects/Page_OrangeHRM/button_Search' is clicked on

27-12-2024T07:47:59 - [MESSAGE][PASSED] - Object: 'Object Repository/Employee-Onboarding/Employee_Personal_Details_Objects/Page_OrangeHRM/button_Search' is clicked on

27-12-2024T07:47:59 - [TEST_STEP][PASSED] - click(findTestObject("Object Repository/Employee-Onboarding/Employee_Personal_Details_Objects/Page_OrangeHRM/div_0034008")): Object: 'Object Repository/Employee-Onboarding/Employee_Personal_Details_Objects/Page_OrangeHRM/div_0034008' is clicked on

27-12-2024T07:48:01 - [MESSAGE][PASSED] - Object: 'Object Repository/Employee-Onboarding/Employee_Personal_Details_Objects/Page_OrangeHRM/div_0034008' is clicked on

27-12-2024T07:48:01 - [TEST_STEP][PASSED] - click(findTestObject("Object Repository/Employee-Onboarding/Employee_Personal_Details_Objects/Page_OrangeHRM/a_Personal Details")): Object: 'Object Repository/Employee-Onboarding/Employee_Personal_Details_Objects/Page_OrangeHRM/a_Personal Details' is clicked on

27-12-2024T07:48:03 - [MESSAGE][PASSED] - Object: 'Object Repository/Employee-Onboarding/Employee_Personal_Details_Objects/Page_OrangeHRM/a_Personal Details' is clicked on

27-12-2024T07:48:03 - [TEST_STEP][PASSED] - setText(findTestObject("Object Repository/Employee-Onboarding/Employee_Personal_Details_Objects/Page_OrangeHRM/input_concat(Driver, , s License Number)_ox_6ab805"), Driving_License_Number): Text 'L2354804ER' is set on object 'Object Repository/Employee-Onboarding/Employee_Personal_Details_Objects/Page_OrangeHRM/input_concat(Driver, , s License Number)_ox_6ab805'

27-12-2024T07:48:06 - [MESSAGE][PASSED] - Text 'L2354804ER' is set on object 'Object Repository/Employee-Onboarding/Employee_Personal_Details_Objects/Page_OrangeHRM/input_concat(Driver, , s License Number)_ox_6ab805'

27-12-2024T07:48:06 - [TEST_STEP][PASSED] - setText(findTestObject("Object Repository/Employee-Onboarding/Employee_Personal_Details_Objects/Page_OrangeHRM/input_License Expiry Date_oxd-input oxd-inp_5d7d79"), License_Expiry_Date): Text '2025-12-12' is set on object 'Object Repository/Employee-Onboarding/Employee_Personal_Details_Objects/Page_OrangeHRM/input_License Expiry Date_oxd-input oxd-inp_5d7d79'

27-12-2024T07:48:06 - [MESSAGE][PASSED] - Text '2025-12-12' is set on object 'Object Repository/Employee-Onboarding/Employee_Personal_Details_Objects/Page_OrangeHRM/input_License Expiry Date_oxd-input oxd-inp_5d7d79'

27-12-2024T07:48:06 - [TEST_STEP][PASSED] - click(findTestObject("Object Repository/Employee-Onboarding/Employee_Personal_Details_Objects/Page_OrangeHRM/div_-- Select --")): Object: 'Object Repository/Employee-Onboarding/Employee_Personal_Details_Objects/Page_OrangeHRM/div_-- Select --' is clicked on

27-12-2024T07:48:07 - [MESSAGE][PASSED] - Object: 'Object Repository/Employee-Onboarding/Employee_Personal_Details_Objects/Page_OrangeHRM/div_-- Select --' is clicked on

27-12-2024T07:48:07 - [TEST_STEP][PASSED] - click(findTestObject("Employee-Onboarding/Employee_Salary_Detail_Objects/Page_OrangeHRM/custom_object_for_dropdown", ["value":Employee_Nationality])): Object: 'Object Repository/Employee-Onboarding/Employee_Salary_Detail_Objects/Page_OrangeHRM/custom_object_for_dropdown' is clicked on

27-12-2024T07:48:07 - [MESSAGE][PASSED] - Object: 'Object Repository/Employee-Onboarding/Employee_Salary_Detail_Objects/Page_OrangeHRM/custom_object_for_dropdown' is clicked on

27-12-2024T07:48:07 - [TEST_STEP][PASSED] - click(findTestObject("Object Repository/Employee-Onboarding/Employee_Personal_Details_Objects/Page_OrangeHRM/div_-- Select --_1")): Object: 'Object Repository/Employee-Onboarding/Employee_Personal_Details_Objects/Page_OrangeHRM/div_-- Select --_1' is clicked on

27-12-2024T07:48:08 - [MESSAGE][PASSED] - Object: 'Object Repository/Employee-Onboarding/Employee_Personal_Details_Objects/Page_OrangeHRM/div_-- Select --_1' is clicked on

27-12-2024T07:48:08 - [TEST_STEP][PASSED] - click(findTestObject("Employee-Onboarding/Employee_Salary_Detail_Objects/Page_OrangeHRM/custom_object_for_dropdown", ["value":Employee_Marital_Status])): Object: 'Object Repository/Employee-Onboarding/Employee_Salary_Detail_Objects/Page_OrangeHRM/custom_object_for_dropdown' is clicked on

27-12-2024T07:48:08 - [MESSAGE][PASSED] - Object: 'Object Repository/Employee-Onboarding/Employee_Salary_Detail_Objects/Page_OrangeHRM/custom_object_for_dropdown' is clicked on

27-12-2024T07:48:08 - [TEST_STEP][PASSED] - setText(findTestObject("Object Repository/Employee-Onboarding/Employee_Personal_Details_Objects/Page_OrangeHRM/input_Date of Birth_oxd-input oxd-input--focus"), Employee_DOB): Text '1973-12-24' is set on object 'Object Repository/Employee-Onboarding/Employee_Personal_Details_Objects/Page_OrangeHRM/input_Date of Birth_oxd-input oxd-input--focus'

27-12-2024T07:48:09 - [MESSAGE][PASSED] - Text '1973-12-24' is set on object 'Object Repository/Employee-Onboarding/Employee_Personal_Details_Objects/Page_OrangeHRM/input_Date of Birth_oxd-input oxd-input--focus'

27-12-2024T07:48:09 - [TEST_STEP][PASSED] - click(findTestObject("Object Repository/Employee-Onboarding/Employee_Personal_Details_Objects/Page_OrangeHRM/span_Male_oxd-radio-input oxd-radio-input--_b0de6e")): Object: 'Object Repository/Employee-Onboarding/Employee_Personal_Details_Objects/Page_OrangeHRM/span_Male_oxd-radio-input oxd-radio-input--_b0de6e' is clicked on

27-12-2024T07:48:09 - [MESSAGE][PASSED] - Object: 'Object Repository/Employee-Onboarding/Employee_Personal_Details_Objects/Page_OrangeHRM/span_Male_oxd-radio-input oxd-radio-input--_b0de6e' is clicked on

27-12-2024T07:48:09 - [TEST_STEP][PASSED] - click(findTestObject("Object Repository/Employee-Onboarding/Employee_Personal_Details_Objects/Page_OrangeHRM/button_Save")): Object: 'Object Repository/Employee-Onboarding/Employee_Personal_Details_Objects/Page_OrangeHRM/button_Save' is clicked on

27-12-2024T07:48:09 - [MESSAGE][PASSED] - Object: 'Object Repository/Employee-Onboarding/Employee_Personal_Details_Objects/Page_OrangeHRM/button_Save' is clicked on]]></system-out>
         <system-err><![CDATA[]]></system-err>
      </testcase>
      <testcase name="Test Cases/Employee_Onboarding/TC_Employee_Person_Details" time="14.325" classname="Test Cases/Employee_Onboarding/TC_Employee_Person_Details" status="PASSED">
         <system-out><![CDATA[27-12-2024T07:48:09 - [TEST_CASE][PASSED] - Test Cases/Employee_Onboarding/TC_Employee_Person_Details: Test Cases/Employee_Onboarding/TC_Employee_Person_Details

27-12-2024T07:48:09 - [TEST_STEP][PASSED] - click(findTestObject("Object Repository/Employee-Onboarding/Employee_Personal_Details_Objects/Page_OrangeHRM/span_PIM")): Object: 'Object Repository/Employee-Onboarding/Employee_Personal_Details_Objects/Page_OrangeHRM/span_PIM' is clicked on

27-12-2024T07:48:11 - [MESSAGE][PASSED] - Object: 'Object Repository/Employee-Onboarding/Employee_Personal_Details_Objects/Page_OrangeHRM/span_PIM' is clicked on

27-12-2024T07:48:11 - [TEST_STEP][PASSED] - setText(findTestObject("Object Repository/Employee-Onboarding/Employee_Personal_Details_Objects/Page_OrangeHRM/input"), Employee_Fullname): Text 'Sierra Bridges' is set on object 'Object Repository/Employee-Onboarding/Employee_Personal_Details_Objects/Page_OrangeHRM/input'

27-12-2024T07:48:13 - [MESSAGE][PASSED] - Text 'Sierra Bridges' is set on object 'Object Repository/Employee-Onboarding/Employee_Personal_Details_Objects/Page_OrangeHRM/input'

27-12-2024T07:48:13 - [TEST_STEP][PASSED] - click(findTestObject("Object Repository/Employee-Onboarding/Employee_Personal_Details_Objects/Page_OrangeHRM/button_Search")): Object: 'Object Repository/Employee-Onboarding/Employee_Personal_Details_Objects/Page_OrangeHRM/button_Search' is clicked on

27-12-2024T07:48:13 - [MESSAGE][PASSED] - Object: 'Object Repository/Employee-Onboarding/Employee_Personal_Details_Objects/Page_OrangeHRM/button_Search' is clicked on

27-12-2024T07:48:13 - [TEST_STEP][PASSED] - click(findTestObject("Object Repository/Employee-Onboarding/Employee_Personal_Details_Objects/Page_OrangeHRM/div_0034008")): Object: 'Object Repository/Employee-Onboarding/Employee_Personal_Details_Objects/Page_OrangeHRM/div_0034008' is clicked on

27-12-2024T07:48:15 - [MESSAGE][PASSED] - Object: 'Object Repository/Employee-Onboarding/Employee_Personal_Details_Objects/Page_OrangeHRM/div_0034008' is clicked on

27-12-2024T07:48:15 - [TEST_STEP][PASSED] - click(findTestObject("Object Repository/Employee-Onboarding/Employee_Personal_Details_Objects/Page_OrangeHRM/a_Personal Details")): Object: 'Object Repository/Employee-Onboarding/Employee_Personal_Details_Objects/Page_OrangeHRM/a_Personal Details' is clicked on

27-12-2024T07:48:18 - [MESSAGE][PASSED] - Object: 'Object Repository/Employee-Onboarding/Employee_Personal_Details_Objects/Page_OrangeHRM/a_Personal Details' is clicked on

27-12-2024T07:48:18 - [TEST_STEP][PASSED] - setText(findTestObject("Object Repository/Employee-Onboarding/Employee_Personal_Details_Objects/Page_OrangeHRM/input_concat(Driver, , s License Number)_ox_6ab805"), Driving_License_Number): Text 'DXF9WL5AUE' is set on object 'Object Repository/Employee-Onboarding/Employee_Personal_Details_Objects/Page_OrangeHRM/input_concat(Driver, , s License Number)_ox_6ab805'

27-12-2024T07:48:20 - [MESSAGE][PASSED] - Text 'DXF9WL5AUE' is set on object 'Object Repository/Employee-Onboarding/Employee_Personal_Details_Objects/Page_OrangeHRM/input_concat(Driver, , s License Number)_ox_6ab805'

27-12-2024T07:48:20 - [TEST_STEP][PASSED] - setText(findTestObject("Object Repository/Employee-Onboarding/Employee_Personal_Details_Objects/Page_OrangeHRM/input_License Expiry Date_oxd-input oxd-inp_5d7d79"), License_Expiry_Date): Text '2025-12-12' is set on object 'Object Repository/Employee-Onboarding/Employee_Personal_Details_Objects/Page_OrangeHRM/input_License Expiry Date_oxd-input oxd-inp_5d7d79'

27-12-2024T07:48:21 - [MESSAGE][PASSED] - Text '2025-12-12' is set on object 'Object Repository/Employee-Onboarding/Employee_Personal_Details_Objects/Page_OrangeHRM/input_License Expiry Date_oxd-input oxd-inp_5d7d79'

27-12-2024T07:48:21 - [TEST_STEP][PASSED] - click(findTestObject("Object Repository/Employee-Onboarding/Employee_Personal_Details_Objects/Page_OrangeHRM/div_-- Select --")): Object: 'Object Repository/Employee-Onboarding/Employee_Personal_Details_Objects/Page_OrangeHRM/div_-- Select --' is clicked on

27-12-2024T07:48:21 - [MESSAGE][PASSED] - Object: 'Object Repository/Employee-Onboarding/Employee_Personal_Details_Objects/Page_OrangeHRM/div_-- Select --' is clicked on

27-12-2024T07:48:21 - [TEST_STEP][PASSED] - click(findTestObject("Employee-Onboarding/Employee_Salary_Detail_Objects/Page_OrangeHRM/custom_object_for_dropdown", ["value":Employee_Nationality])): Object: 'Object Repository/Employee-Onboarding/Employee_Salary_Detail_Objects/Page_OrangeHRM/custom_object_for_dropdown' is clicked on

27-12-2024T07:48:22 - [MESSAGE][PASSED] - Object: 'Object Repository/Employee-Onboarding/Employee_Salary_Detail_Objects/Page_OrangeHRM/custom_object_for_dropdown' is clicked on

27-12-2024T07:48:22 - [TEST_STEP][PASSED] - click(findTestObject("Object Repository/Employee-Onboarding/Employee_Personal_Details_Objects/Page_OrangeHRM/div_-- Select --_1")): Object: 'Object Repository/Employee-Onboarding/Employee_Personal_Details_Objects/Page_OrangeHRM/div_-- Select --_1' is clicked on

27-12-2024T07:48:22 - [MESSAGE][PASSED] - Object: 'Object Repository/Employee-Onboarding/Employee_Personal_Details_Objects/Page_OrangeHRM/div_-- Select --_1' is clicked on

27-12-2024T07:48:22 - [TEST_STEP][PASSED] - click(findTestObject("Employee-Onboarding/Employee_Salary_Detail_Objects/Page_OrangeHRM/custom_object_for_dropdown", ["value":Employee_Marital_Status])): Object: 'Object Repository/Employee-Onboarding/Employee_Salary_Detail_Objects/Page_OrangeHRM/custom_object_for_dropdown' is clicked on

27-12-2024T07:48:22 - [MESSAGE][PASSED] - Object: 'Object Repository/Employee-Onboarding/Employee_Salary_Detail_Objects/Page_OrangeHRM/custom_object_for_dropdown' is clicked on

27-12-2024T07:48:22 - [TEST_STEP][PASSED] - setText(findTestObject("Object Repository/Employee-Onboarding/Employee_Personal_Details_Objects/Page_OrangeHRM/input_Date of Birth_oxd-input oxd-input--focus"), Employee_DOB): Text '1980-10-07' is set on object 'Object Repository/Employee-Onboarding/Employee_Personal_Details_Objects/Page_OrangeHRM/input_Date of Birth_oxd-input oxd-input--focus'

27-12-2024T07:48:23 - [MESSAGE][PASSED] - Text '1980-10-07' is set on object 'Object Repository/Employee-Onboarding/Employee_Personal_Details_Objects/Page_OrangeHRM/input_Date of Birth_oxd-input oxd-input--focus'

27-12-2024T07:48:23 - [TEST_STEP][PASSED] - click(findTestObject("Object Repository/Employee-Onboarding/Employee_Personal_Details_Objects/Page_OrangeHRM/span_Male_oxd-radio-input oxd-radio-input--_b0de6e")): Object: 'Object Repository/Employee-Onboarding/Employee_Personal_Details_Objects/Page_OrangeHRM/span_Male_oxd-radio-input oxd-radio-input--_b0de6e' is clicked on

27-12-2024T07:48:23 - [MESSAGE][PASSED] - Object: 'Object Repository/Employee-Onboarding/Employee_Personal_Details_Objects/Page_OrangeHRM/span_Male_oxd-radio-input oxd-radio-input--_b0de6e' is clicked on

27-12-2024T07:48:23 - [TEST_STEP][PASSED] - click(findTestObject("Object Repository/Employee-Onboarding/Employee_Personal_Details_Objects/Page_OrangeHRM/button_Save")): Object: 'Object Repository/Employee-Onboarding/Employee_Personal_Details_Objects/Page_OrangeHRM/button_Save' is clicked on

27-12-2024T07:48:24 - [MESSAGE][PASSED] - Object: 'Object Repository/Employee-Onboarding/Employee_Personal_Details_Objects/Page_OrangeHRM/button_Save' is clicked on]]></system-out>
         <system-err><![CDATA[]]></system-err>
      </testcase>
      <testcase name="Test Cases/Employee_Onboarding/TC_Employee_Person_Details" time="17.399" classname="Test Cases/Employee_Onboarding/TC_Employee_Person_Details" status="PASSED">
         <system-out><![CDATA[27-12-2024T07:48:24 - [TEST_CASE][PASSED] - Test Cases/Employee_Onboarding/TC_Employee_Person_Details: Test Cases/Employee_Onboarding/TC_Employee_Person_Details

27-12-2024T07:48:24 - [TEST_STEP][PASSED] - click(findTestObject("Object Repository/Employee-Onboarding/Employee_Personal_Details_Objects/Page_OrangeHRM/span_PIM")): Object: 'Object Repository/Employee-Onboarding/Employee_Personal_Details_Objects/Page_OrangeHRM/span_PIM' is clicked on

27-12-2024T07:48:26 - [MESSAGE][PASSED] - Object: 'Object Repository/Employee-Onboarding/Employee_Personal_Details_Objects/Page_OrangeHRM/span_PIM' is clicked on

27-12-2024T07:48:26 - [TEST_STEP][PASSED] - setText(findTestObject("Object Repository/Employee-Onboarding/Employee_Personal_Details_Objects/Page_OrangeHRM/input"), Employee_Fullname): Text 'Danielle Dyer' is set on object 'Object Repository/Employee-Onboarding/Employee_Personal_Details_Objects/Page_OrangeHRM/input'

27-12-2024T07:48:28 - [MESSAGE][PASSED] - Text 'Danielle Dyer' is set on object 'Object Repository/Employee-Onboarding/Employee_Personal_Details_Objects/Page_OrangeHRM/input'

27-12-2024T07:48:28 - [TEST_STEP][PASSED] - click(findTestObject("Object Repository/Employee-Onboarding/Employee_Personal_Details_Objects/Page_OrangeHRM/button_Search")): Object: 'Object Repository/Employee-Onboarding/Employee_Personal_Details_Objects/Page_OrangeHRM/button_Search' is clicked on

27-12-2024T07:48:28 - [MESSAGE][PASSED] - Object: 'Object Repository/Employee-Onboarding/Employee_Personal_Details_Objects/Page_OrangeHRM/button_Search' is clicked on

27-12-2024T07:48:28 - [TEST_STEP][PASSED] - click(findTestObject("Object Repository/Employee-Onboarding/Employee_Personal_Details_Objects/Page_OrangeHRM/div_0034008")): Object: 'Object Repository/Employee-Onboarding/Employee_Personal_Details_Objects/Page_OrangeHRM/div_0034008' is clicked on

27-12-2024T07:48:30 - [MESSAGE][PASSED] - Object: 'Object Repository/Employee-Onboarding/Employee_Personal_Details_Objects/Page_OrangeHRM/div_0034008' is clicked on

27-12-2024T07:48:30 - [TEST_STEP][PASSED] - click(findTestObject("Object Repository/Employee-Onboarding/Employee_Personal_Details_Objects/Page_OrangeHRM/a_Personal Details")): Object: 'Object Repository/Employee-Onboarding/Employee_Personal_Details_Objects/Page_OrangeHRM/a_Personal Details' is clicked on

27-12-2024T07:48:33 - [MESSAGE][PASSED] - Object: 'Object Repository/Employee-Onboarding/Employee_Personal_Details_Objects/Page_OrangeHRM/a_Personal Details' is clicked on

27-12-2024T07:48:33 - [TEST_STEP][PASSED] - setText(findTestObject("Object Repository/Employee-Onboarding/Employee_Personal_Details_Objects/Page_OrangeHRM/input_concat(Driver, , s License Number)_ox_6ab805"), Driving_License_Number): Text 'QFU48FZX6I' is set on object 'Object Repository/Employee-Onboarding/Employee_Personal_Details_Objects/Page_OrangeHRM/input_concat(Driver, , s License Number)_ox_6ab805'

27-12-2024T07:48:38 - [MESSAGE][PASSED] - Text 'QFU48FZX6I' is set on object 'Object Repository/Employee-Onboarding/Employee_Personal_Details_Objects/Page_OrangeHRM/input_concat(Driver, , s License Number)_ox_6ab805'

27-12-2024T07:48:38 - [TEST_STEP][PASSED] - setText(findTestObject("Object Repository/Employee-Onboarding/Employee_Personal_Details_Objects/Page_OrangeHRM/input_License Expiry Date_oxd-input oxd-inp_5d7d79"), License_Expiry_Date): Text '2025-12-12' is set on object 'Object Repository/Employee-Onboarding/Employee_Personal_Details_Objects/Page_OrangeHRM/input_License Expiry Date_oxd-input oxd-inp_5d7d79'

27-12-2024T07:48:38 - [MESSAGE][PASSED] - Text '2025-12-12' is set on object 'Object Repository/Employee-Onboarding/Employee_Personal_Details_Objects/Page_OrangeHRM/input_License Expiry Date_oxd-input oxd-inp_5d7d79'

27-12-2024T07:48:38 - [TEST_STEP][PASSED] - click(findTestObject("Object Repository/Employee-Onboarding/Employee_Personal_Details_Objects/Page_OrangeHRM/div_-- Select --")): Object: 'Object Repository/Employee-Onboarding/Employee_Personal_Details_Objects/Page_OrangeHRM/div_-- Select --' is clicked on

27-12-2024T07:48:39 - [MESSAGE][PASSED] - Object: 'Object Repository/Employee-Onboarding/Employee_Personal_Details_Objects/Page_OrangeHRM/div_-- Select --' is clicked on

27-12-2024T07:48:39 - [TEST_STEP][PASSED] - click(findTestObject("Employee-Onboarding/Employee_Salary_Detail_Objects/Page_OrangeHRM/custom_object_for_dropdown", ["value":Employee_Nationality])): Object: 'Object Repository/Employee-Onboarding/Employee_Salary_Detail_Objects/Page_OrangeHRM/custom_object_for_dropdown' is clicked on

27-12-2024T07:48:39 - [MESSAGE][PASSED] - Object: 'Object Repository/Employee-Onboarding/Employee_Salary_Detail_Objects/Page_OrangeHRM/custom_object_for_dropdown' is clicked on

27-12-2024T07:48:39 - [TEST_STEP][PASSED] - click(findTestObject("Object Repository/Employee-Onboarding/Employee_Personal_Details_Objects/Page_OrangeHRM/div_-- Select --_1")): Object: 'Object Repository/Employee-Onboarding/Employee_Personal_Details_Objects/Page_OrangeHRM/div_-- Select --_1' is clicked on

27-12-2024T07:48:39 - [MESSAGE][PASSED] - Object: 'Object Repository/Employee-Onboarding/Employee_Personal_Details_Objects/Page_OrangeHRM/div_-- Select --_1' is clicked on

27-12-2024T07:48:39 - [TEST_STEP][PASSED] - click(findTestObject("Employee-Onboarding/Employee_Salary_Detail_Objects/Page_OrangeHRM/custom_object_for_dropdown", ["value":Employee_Marital_Status])): Object: 'Object Repository/Employee-Onboarding/Employee_Salary_Detail_Objects/Page_OrangeHRM/custom_object_for_dropdown' is clicked on

27-12-2024T07:48:40 - [MESSAGE][PASSED] - Object: 'Object Repository/Employee-Onboarding/Employee_Salary_Detail_Objects/Page_OrangeHRM/custom_object_for_dropdown' is clicked on

27-12-2024T07:48:40 - [TEST_STEP][PASSED] - setText(findTestObject("Object Repository/Employee-Onboarding/Employee_Personal_Details_Objects/Page_OrangeHRM/input_Date of Birth_oxd-input oxd-input--focus"), Employee_DOB): Text '1971-02-16' is set on object 'Object Repository/Employee-Onboarding/Employee_Personal_Details_Objects/Page_OrangeHRM/input_Date of Birth_oxd-input oxd-input--focus'

27-12-2024T07:48:41 - [MESSAGE][PASSED] - Text '1971-02-16' is set on object 'Object Repository/Employee-Onboarding/Employee_Personal_Details_Objects/Page_OrangeHRM/input_Date of Birth_oxd-input oxd-input--focus'

27-12-2024T07:48:41 - [TEST_STEP][PASSED] - click(findTestObject("Object Repository/Employee-Onboarding/Employee_Personal_Details_Objects/Page_OrangeHRM/span_Male_oxd-radio-input oxd-radio-input--_b0de6e")): Object: 'Object Repository/Employee-Onboarding/Employee_Personal_Details_Objects/Page_OrangeHRM/span_Male_oxd-radio-input oxd-radio-input--_b0de6e' is clicked on

27-12-2024T07:48:41 - [MESSAGE][PASSED] - Object: 'Object Repository/Employee-Onboarding/Employee_Personal_Details_Objects/Page_OrangeHRM/span_Male_oxd-radio-input oxd-radio-input--_b0de6e' is clicked on

27-12-2024T07:48:41 - [TEST_STEP][PASSED] - click(findTestObject("Object Repository/Employee-Onboarding/Employee_Personal_Details_Objects/Page_OrangeHRM/button_Save")): Object: 'Object Repository/Employee-Onboarding/Employee_Personal_Details_Objects/Page_OrangeHRM/button_Save' is clicked on

27-12-2024T07:48:41 - [MESSAGE][PASSED] - Object: 'Object Repository/Employee-Onboarding/Employee_Personal_Details_Objects/Page_OrangeHRM/button_Save' is clicked on]]></system-out>
         <system-err><![CDATA[]]></system-err>
      </testcase>
      <testcase name="Test Cases/Employee_Onboarding/TC_Employee_Person_Details" time="16.353" classname="Test Cases/Employee_Onboarding/TC_Employee_Person_Details" status="PASSED">
         <system-out><![CDATA[27-12-2024T07:48:41 - [TEST_CASE][PASSED] - Test Cases/Employee_Onboarding/TC_Employee_Person_Details: Test Cases/Employee_Onboarding/TC_Employee_Person_Details

27-12-2024T07:48:41 - [TEST_STEP][PASSED] - click(findTestObject("Object Repository/Employee-Onboarding/Employee_Personal_Details_Objects/Page_OrangeHRM/span_PIM")): Object: 'Object Repository/Employee-Onboarding/Employee_Personal_Details_Objects/Page_OrangeHRM/span_PIM' is clicked on

27-12-2024T07:48:44 - [MESSAGE][PASSED] - Object: 'Object Repository/Employee-Onboarding/Employee_Personal_Details_Objects/Page_OrangeHRM/span_PIM' is clicked on

27-12-2024T07:48:44 - [TEST_STEP][PASSED] - setText(findTestObject("Object Repository/Employee-Onboarding/Employee_Personal_Details_Objects/Page_OrangeHRM/input"), Employee_Fullname): Text 'Meghan Graham' is set on object 'Object Repository/Employee-Onboarding/Employee_Personal_Details_Objects/Page_OrangeHRM/input'

27-12-2024T07:48:46 - [MESSAGE][PASSED] - Text 'Meghan Graham' is set on object 'Object Repository/Employee-Onboarding/Employee_Personal_Details_Objects/Page_OrangeHRM/input'

27-12-2024T07:48:46 - [TEST_STEP][PASSED] - click(findTestObject("Object Repository/Employee-Onboarding/Employee_Personal_Details_Objects/Page_OrangeHRM/button_Search")): Object: 'Object Repository/Employee-Onboarding/Employee_Personal_Details_Objects/Page_OrangeHRM/button_Search' is clicked on

27-12-2024T07:48:47 - [MESSAGE][PASSED] - Object: 'Object Repository/Employee-Onboarding/Employee_Personal_Details_Objects/Page_OrangeHRM/button_Search' is clicked on

27-12-2024T07:48:47 - [TEST_STEP][PASSED] - click(findTestObject("Object Repository/Employee-Onboarding/Employee_Personal_Details_Objects/Page_OrangeHRM/div_0034008")): Object: 'Object Repository/Employee-Onboarding/Employee_Personal_Details_Objects/Page_OrangeHRM/div_0034008' is clicked on

27-12-2024T07:48:48 - [MESSAGE][PASSED] - Object: 'Object Repository/Employee-Onboarding/Employee_Personal_Details_Objects/Page_OrangeHRM/div_0034008' is clicked on

27-12-2024T07:48:48 - [TEST_STEP][PASSED] - click(findTestObject("Object Repository/Employee-Onboarding/Employee_Personal_Details_Objects/Page_OrangeHRM/a_Personal Details")): Object: 'Object Repository/Employee-Onboarding/Employee_Personal_Details_Objects/Page_OrangeHRM/a_Personal Details' is clicked on

27-12-2024T07:48:52 - [MESSAGE][PASSED] - Object: 'Object Repository/Employee-Onboarding/Employee_Personal_Details_Objects/Page_OrangeHRM/a_Personal Details' is clicked on

27-12-2024T07:48:52 - [TEST_STEP][PASSED] - setText(findTestObject("Object Repository/Employee-Onboarding/Employee_Personal_Details_Objects/Page_OrangeHRM/input_concat(Driver, , s License Number)_ox_6ab805"), Driving_License_Number): Text 'UUK90MHF1Z' is set on object 'Object Repository/Employee-Onboarding/Employee_Personal_Details_Objects/Page_OrangeHRM/input_concat(Driver, , s License Number)_ox_6ab805'

27-12-2024T07:48:54 - [MESSAGE][PASSED] - Text 'UUK90MHF1Z' is set on object 'Object Repository/Employee-Onboarding/Employee_Personal_Details_Objects/Page_OrangeHRM/input_concat(Driver, , s License Number)_ox_6ab805'

27-12-2024T07:48:54 - [TEST_STEP][PASSED] - setText(findTestObject("Object Repository/Employee-Onboarding/Employee_Personal_Details_Objects/Page_OrangeHRM/input_License Expiry Date_oxd-input oxd-inp_5d7d79"), License_Expiry_Date): Text '2025-12-12' is set on object 'Object Repository/Employee-Onboarding/Employee_Personal_Details_Objects/Page_OrangeHRM/input_License Expiry Date_oxd-input oxd-inp_5d7d79'

27-12-2024T07:48:55 - [MESSAGE][PASSED] - Text '2025-12-12' is set on object 'Object Repository/Employee-Onboarding/Employee_Personal_Details_Objects/Page_OrangeHRM/input_License Expiry Date_oxd-input oxd-inp_5d7d79'

27-12-2024T07:48:55 - [TEST_STEP][PASSED] - click(findTestObject("Object Repository/Employee-Onboarding/Employee_Personal_Details_Objects/Page_OrangeHRM/div_-- Select --")): Object: 'Object Repository/Employee-Onboarding/Employee_Personal_Details_Objects/Page_OrangeHRM/div_-- Select --' is clicked on

27-12-2024T07:48:55 - [MESSAGE][PASSED] - Object: 'Object Repository/Employee-Onboarding/Employee_Personal_Details_Objects/Page_OrangeHRM/div_-- Select --' is clicked on

27-12-2024T07:48:55 - [TEST_STEP][PASSED] - click(findTestObject("Employee-Onboarding/Employee_Salary_Detail_Objects/Page_OrangeHRM/custom_object_for_dropdown", ["value":Employee_Nationality])): Object: 'Object Repository/Employee-Onboarding/Employee_Salary_Detail_Objects/Page_OrangeHRM/custom_object_for_dropdown' is clicked on

27-12-2024T07:48:55 - [MESSAGE][PASSED] - Object: 'Object Repository/Employee-Onboarding/Employee_Salary_Detail_Objects/Page_OrangeHRM/custom_object_for_dropdown' is clicked on

27-12-2024T07:48:55 - [TEST_STEP][PASSED] - click(findTestObject("Object Repository/Employee-Onboarding/Employee_Personal_Details_Objects/Page_OrangeHRM/div_-- Select --_1")): Object: 'Object Repository/Employee-Onboarding/Employee_Personal_Details_Objects/Page_OrangeHRM/div_-- Select --_1' is clicked on

27-12-2024T07:48:56 - [MESSAGE][PASSED] - Object: 'Object Repository/Employee-Onboarding/Employee_Personal_Details_Objects/Page_OrangeHRM/div_-- Select --_1' is clicked on

27-12-2024T07:48:56 - [TEST_STEP][PASSED] - click(findTestObject("Employee-Onboarding/Employee_Salary_Detail_Objects/Page_OrangeHRM/custom_object_for_dropdown", ["value":Employee_Marital_Status])): Object: 'Object Repository/Employee-Onboarding/Employee_Salary_Detail_Objects/Page_OrangeHRM/custom_object_for_dropdown' is clicked on

27-12-2024T07:48:56 - [MESSAGE][PASSED] - Object: 'Object Repository/Employee-Onboarding/Employee_Salary_Detail_Objects/Page_OrangeHRM/custom_object_for_dropdown' is clicked on

27-12-2024T07:48:56 - [TEST_STEP][PASSED] - setText(findTestObject("Object Repository/Employee-Onboarding/Employee_Personal_Details_Objects/Page_OrangeHRM/input_Date of Birth_oxd-input oxd-input--focus"), Employee_DOB): Text '1968-06-14' is set on object 'Object Repository/Employee-Onboarding/Employee_Personal_Details_Objects/Page_OrangeHRM/input_Date of Birth_oxd-input oxd-input--focus'

27-12-2024T07:48:57 - [MESSAGE][PASSED] - Text '1968-06-14' is set on object 'Object Repository/Employee-Onboarding/Employee_Personal_Details_Objects/Page_OrangeHRM/input_Date of Birth_oxd-input oxd-input--focus'

27-12-2024T07:48:57 - [TEST_STEP][PASSED] - click(findTestObject("Object Repository/Employee-Onboarding/Employee_Personal_Details_Objects/Page_OrangeHRM/span_Male_oxd-radio-input oxd-radio-input--_b0de6e")): Object: 'Object Repository/Employee-Onboarding/Employee_Personal_Details_Objects/Page_OrangeHRM/span_Male_oxd-radio-input oxd-radio-input--_b0de6e' is clicked on

27-12-2024T07:48:57 - [MESSAGE][PASSED] - Object: 'Object Repository/Employee-Onboarding/Employee_Personal_Details_Objects/Page_OrangeHRM/span_Male_oxd-radio-input oxd-radio-input--_b0de6e' is clicked on

27-12-2024T07:48:57 - [TEST_STEP][PASSED] - click(findTestObject("Object Repository/Employee-Onboarding/Employee_Personal_Details_Objects/Page_OrangeHRM/button_Save")): Object: 'Object Repository/Employee-Onboarding/Employee_Personal_Details_Objects/Page_OrangeHRM/button_Save' is clicked on

27-12-2024T07:48:57 - [MESSAGE][PASSED] - Object: 'Object Repository/Employee-Onboarding/Employee_Personal_Details_Objects/Page_OrangeHRM/button_Save' is clicked on]]></system-out>
         <system-err><![CDATA[]]></system-err>
      </testcase>
      <testcase name="Test Cases/Employee_Onboarding/TC_Employee_Person_Details" time="16.346" classname="Test Cases/Employee_Onboarding/TC_Employee_Person_Details" status="PASSED">
         <system-out><![CDATA[27-12-2024T07:48:57 - [TEST_CASE][PASSED] - Test Cases/Employee_Onboarding/TC_Employee_Person_Details: Test Cases/Employee_Onboarding/TC_Employee_Person_Details

27-12-2024T07:48:58 - [TEST_STEP][PASSED] - click(findTestObject("Object Repository/Employee-Onboarding/Employee_Personal_Details_Objects/Page_OrangeHRM/span_PIM")): Object: 'Object Repository/Employee-Onboarding/Employee_Personal_Details_Objects/Page_OrangeHRM/span_PIM' is clicked on

27-12-2024T07:49:00 - [MESSAGE][PASSED] - Object: 'Object Repository/Employee-Onboarding/Employee_Personal_Details_Objects/Page_OrangeHRM/span_PIM' is clicked on

27-12-2024T07:49:00 - [TEST_STEP][PASSED] - setText(findTestObject("Object Repository/Employee-Onboarding/Employee_Personal_Details_Objects/Page_OrangeHRM/input"), Employee_Fullname): Text 'Jeffrey Mejia' is set on object 'Object Repository/Employee-Onboarding/Employee_Personal_Details_Objects/Page_OrangeHRM/input'

27-12-2024T07:49:02 - [MESSAGE][PASSED] - Text 'Jeffrey Mejia' is set on object 'Object Repository/Employee-Onboarding/Employee_Personal_Details_Objects/Page_OrangeHRM/input'

27-12-2024T07:49:02 - [TEST_STEP][PASSED] - click(findTestObject("Object Repository/Employee-Onboarding/Employee_Personal_Details_Objects/Page_OrangeHRM/button_Search")): Object: 'Object Repository/Employee-Onboarding/Employee_Personal_Details_Objects/Page_OrangeHRM/button_Search' is clicked on

27-12-2024T07:49:02 - [MESSAGE][PASSED] - Object: 'Object Repository/Employee-Onboarding/Employee_Personal_Details_Objects/Page_OrangeHRM/button_Search' is clicked on

27-12-2024T07:49:02 - [TEST_STEP][PASSED] - click(findTestObject("Object Repository/Employee-Onboarding/Employee_Personal_Details_Objects/Page_OrangeHRM/div_0034008")): Object: 'Object Repository/Employee-Onboarding/Employee_Personal_Details_Objects/Page_OrangeHRM/div_0034008' is clicked on

27-12-2024T07:49:04 - [MESSAGE][PASSED] - Object: 'Object Repository/Employee-Onboarding/Employee_Personal_Details_Objects/Page_OrangeHRM/div_0034008' is clicked on

27-12-2024T07:49:04 - [TEST_STEP][PASSED] - click(findTestObject("Object Repository/Employee-Onboarding/Employee_Personal_Details_Objects/Page_OrangeHRM/a_Personal Details")): Object: 'Object Repository/Employee-Onboarding/Employee_Personal_Details_Objects/Page_OrangeHRM/a_Personal Details' is clicked on

27-12-2024T07:49:08 - [MESSAGE][PASSED] - Object: 'Object Repository/Employee-Onboarding/Employee_Personal_Details_Objects/Page_OrangeHRM/a_Personal Details' is clicked on

27-12-2024T07:49:08 - [TEST_STEP][PASSED] - setText(findTestObject("Object Repository/Employee-Onboarding/Employee_Personal_Details_Objects/Page_OrangeHRM/input_concat(Driver, , s License Number)_ox_6ab805"), Driving_License_Number): Text 'P3IUHCI7PI' is set on object 'Object Repository/Employee-Onboarding/Employee_Personal_Details_Objects/Page_OrangeHRM/input_concat(Driver, , s License Number)_ox_6ab805'

27-12-2024T07:49:10 - [MESSAGE][PASSED] - Text 'P3IUHCI7PI' is set on object 'Object Repository/Employee-Onboarding/Employee_Personal_Details_Objects/Page_OrangeHRM/input_concat(Driver, , s License Number)_ox_6ab805'

27-12-2024T07:49:10 - [TEST_STEP][PASSED] - setText(findTestObject("Object Repository/Employee-Onboarding/Employee_Personal_Details_Objects/Page_OrangeHRM/input_License Expiry Date_oxd-input oxd-inp_5d7d79"), License_Expiry_Date): Text '2025-12-12' is set on object 'Object Repository/Employee-Onboarding/Employee_Personal_Details_Objects/Page_OrangeHRM/input_License Expiry Date_oxd-input oxd-inp_5d7d79'

27-12-2024T07:49:11 - [MESSAGE][PASSED] - Text '2025-12-12' is set on object 'Object Repository/Employee-Onboarding/Employee_Personal_Details_Objects/Page_OrangeHRM/input_License Expiry Date_oxd-input oxd-inp_5d7d79'

27-12-2024T07:49:11 - [TEST_STEP][PASSED] - click(findTestObject("Object Repository/Employee-Onboarding/Employee_Personal_Details_Objects/Page_OrangeHRM/div_-- Select --")): Object: 'Object Repository/Employee-Onboarding/Employee_Personal_Details_Objects/Page_OrangeHRM/div_-- Select --' is clicked on

27-12-2024T07:49:11 - [MESSAGE][PASSED] - Object: 'Object Repository/Employee-Onboarding/Employee_Personal_Details_Objects/Page_OrangeHRM/div_-- Select --' is clicked on

27-12-2024T07:49:11 - [TEST_STEP][PASSED] - click(findTestObject("Employee-Onboarding/Employee_Salary_Detail_Objects/Page_OrangeHRM/custom_object_for_dropdown", ["value":Employee_Nationality])): Object: 'Object Repository/Employee-Onboarding/Employee_Salary_Detail_Objects/Page_OrangeHRM/custom_object_for_dropdown' is clicked on

27-12-2024T07:49:12 - [MESSAGE][PASSED] - Object: 'Object Repository/Employee-Onboarding/Employee_Salary_Detail_Objects/Page_OrangeHRM/custom_object_for_dropdown' is clicked on

27-12-2024T07:49:12 - [TEST_STEP][PASSED] - click(findTestObject("Object Repository/Employee-Onboarding/Employee_Personal_Details_Objects/Page_OrangeHRM/div_-- Select --_1")): Object: 'Object Repository/Employee-Onboarding/Employee_Personal_Details_Objects/Page_OrangeHRM/div_-- Select --_1' is clicked on

27-12-2024T07:49:12 - [MESSAGE][PASSED] - Object: 'Object Repository/Employee-Onboarding/Employee_Personal_Details_Objects/Page_OrangeHRM/div_-- Select --_1' is clicked on

27-12-2024T07:49:12 - [TEST_STEP][PASSED] - click(findTestObject("Employee-Onboarding/Employee_Salary_Detail_Objects/Page_OrangeHRM/custom_object_for_dropdown", ["value":Employee_Marital_Status])): Object: 'Object Repository/Employee-Onboarding/Employee_Salary_Detail_Objects/Page_OrangeHRM/custom_object_for_dropdown' is clicked on

27-12-2024T07:49:13 - [MESSAGE][PASSED] - Object: 'Object Repository/Employee-Onboarding/Employee_Salary_Detail_Objects/Page_OrangeHRM/custom_object_for_dropdown' is clicked on

27-12-2024T07:49:13 - [TEST_STEP][PASSED] - setText(findTestObject("Object Repository/Employee-Onboarding/Employee_Personal_Details_Objects/Page_OrangeHRM/input_Date of Birth_oxd-input oxd-input--focus"), Employee_DOB): Text '2005-10-18' is set on object 'Object Repository/Employee-Onboarding/Employee_Personal_Details_Objects/Page_OrangeHRM/input_Date of Birth_oxd-input oxd-input--focus'

27-12-2024T07:49:13 - [MESSAGE][PASSED] - Text '2005-10-18' is set on object 'Object Repository/Employee-Onboarding/Employee_Personal_Details_Objects/Page_OrangeHRM/input_Date of Birth_oxd-input oxd-input--focus'

27-12-2024T07:49:13 - [TEST_STEP][PASSED] - click(findTestObject("Object Repository/Employee-Onboarding/Employee_Personal_Details_Objects/Page_OrangeHRM/span_Male_oxd-radio-input oxd-radio-input--_b0de6e")): Object: 'Object Repository/Employee-Onboarding/Employee_Personal_Details_Objects/Page_OrangeHRM/span_Male_oxd-radio-input oxd-radio-input--_b0de6e' is clicked on

27-12-2024T07:49:14 - [MESSAGE][PASSED] - Object: 'Object Repository/Employee-Onboarding/Employee_Personal_Details_Objects/Page_OrangeHRM/span_Male_oxd-radio-input oxd-radio-input--_b0de6e' is clicked on

27-12-2024T07:49:14 - [TEST_STEP][PASSED] - click(findTestObject("Object Repository/Employee-Onboarding/Employee_Personal_Details_Objects/Page_OrangeHRM/button_Save")): Object: 'Object Repository/Employee-Onboarding/Employee_Personal_Details_Objects/Page_OrangeHRM/button_Save' is clicked on

27-12-2024T07:49:14 - [MESSAGE][PASSED] - Object: 'Object Repository/Employee-Onboarding/Employee_Personal_Details_Objects/Page_OrangeHRM/button_Save' is clicked on]]></system-out>
         <system-err><![CDATA[]]></system-err>
      </testcase>
      <testcase name="Test Cases/Employee_Onboarding/TC_Employee_Person_Details" time="14.631" classname="Test Cases/Employee_Onboarding/TC_Employee_Person_Details" status="PASSED">
         <system-out><![CDATA[27-12-2024T07:49:14 - [TEST_CASE][PASSED] - Test Cases/Employee_Onboarding/TC_Employee_Person_Details: Test Cases/Employee_Onboarding/TC_Employee_Person_Details

27-12-2024T07:49:14 - [TEST_STEP][PASSED] - click(findTestObject("Object Repository/Employee-Onboarding/Employee_Personal_Details_Objects/Page_OrangeHRM/span_PIM")): Object: 'Object Repository/Employee-Onboarding/Employee_Personal_Details_Objects/Page_OrangeHRM/span_PIM' is clicked on

27-12-2024T07:49:16 - [MESSAGE][PASSED] - Object: 'Object Repository/Employee-Onboarding/Employee_Personal_Details_Objects/Page_OrangeHRM/span_PIM' is clicked on

27-12-2024T07:49:16 - [TEST_STEP][PASSED] - setText(findTestObject("Object Repository/Employee-Onboarding/Employee_Personal_Details_Objects/Page_OrangeHRM/input"), Employee_Fullname): Text 'John Neal' is set on object 'Object Repository/Employee-Onboarding/Employee_Personal_Details_Objects/Page_OrangeHRM/input'

27-12-2024T07:49:18 - [MESSAGE][PASSED] - Text 'John Neal' is set on object 'Object Repository/Employee-Onboarding/Employee_Personal_Details_Objects/Page_OrangeHRM/input'

27-12-2024T07:49:18 - [TEST_STEP][PASSED] - click(findTestObject("Object Repository/Employee-Onboarding/Employee_Personal_Details_Objects/Page_OrangeHRM/button_Search")): Object: 'Object Repository/Employee-Onboarding/Employee_Personal_Details_Objects/Page_OrangeHRM/button_Search' is clicked on

27-12-2024T07:49:18 - [MESSAGE][PASSED] - Object: 'Object Repository/Employee-Onboarding/Employee_Personal_Details_Objects/Page_OrangeHRM/button_Search' is clicked on

27-12-2024T07:49:18 - [TEST_STEP][PASSED] - click(findTestObject("Object Repository/Employee-Onboarding/Employee_Personal_Details_Objects/Page_OrangeHRM/div_0034008")): Object: 'Object Repository/Employee-Onboarding/Employee_Personal_Details_Objects/Page_OrangeHRM/div_0034008' is clicked on

27-12-2024T07:49:20 - [MESSAGE][PASSED] - Object: 'Object Repository/Employee-Onboarding/Employee_Personal_Details_Objects/Page_OrangeHRM/div_0034008' is clicked on

27-12-2024T07:49:20 - [TEST_STEP][PASSED] - click(findTestObject("Object Repository/Employee-Onboarding/Employee_Personal_Details_Objects/Page_OrangeHRM/a_Personal Details")): Object: 'Object Repository/Employee-Onboarding/Employee_Personal_Details_Objects/Page_OrangeHRM/a_Personal Details' is clicked on

27-12-2024T07:49:22 - [MESSAGE][PASSED] - Object: 'Object Repository/Employee-Onboarding/Employee_Personal_Details_Objects/Page_OrangeHRM/a_Personal Details' is clicked on

27-12-2024T07:49:22 - [TEST_STEP][PASSED] - setText(findTestObject("Object Repository/Employee-Onboarding/Employee_Personal_Details_Objects/Page_OrangeHRM/input_concat(Driver, , s License Number)_ox_6ab805"), Driving_License_Number): Text 'AQZGL70JSG' is set on object 'Object Repository/Employee-Onboarding/Employee_Personal_Details_Objects/Page_OrangeHRM/input_concat(Driver, , s License Number)_ox_6ab805'

27-12-2024T07:49:25 - [MESSAGE][PASSED] - Text 'AQZGL70JSG' is set on object 'Object Repository/Employee-Onboarding/Employee_Personal_Details_Objects/Page_OrangeHRM/input_concat(Driver, , s License Number)_ox_6ab805'

27-12-2024T07:49:25 - [TEST_STEP][PASSED] - setText(findTestObject("Object Repository/Employee-Onboarding/Employee_Personal_Details_Objects/Page_OrangeHRM/input_License Expiry Date_oxd-input oxd-inp_5d7d79"), License_Expiry_Date): Text '2025-12-12' is set on object 'Object Repository/Employee-Onboarding/Employee_Personal_Details_Objects/Page_OrangeHRM/input_License Expiry Date_oxd-input oxd-inp_5d7d79'

27-12-2024T07:49:26 - [MESSAGE][PASSED] - Text '2025-12-12' is set on object 'Object Repository/Employee-Onboarding/Employee_Personal_Details_Objects/Page_OrangeHRM/input_License Expiry Date_oxd-input oxd-inp_5d7d79'

27-12-2024T07:49:26 - [TEST_STEP][PASSED] - click(findTestObject("Object Repository/Employee-Onboarding/Employee_Personal_Details_Objects/Page_OrangeHRM/div_-- Select --")): Object: 'Object Repository/Employee-Onboarding/Employee_Personal_Details_Objects/Page_OrangeHRM/div_-- Select --' is clicked on

27-12-2024T07:49:26 - [MESSAGE][PASSED] - Object: 'Object Repository/Employee-Onboarding/Employee_Personal_Details_Objects/Page_OrangeHRM/div_-- Select --' is clicked on

27-12-2024T07:49:26 - [TEST_STEP][PASSED] - click(findTestObject("Employee-Onboarding/Employee_Salary_Detail_Objects/Page_OrangeHRM/custom_object_for_dropdown", ["value":Employee_Nationality])): Object: 'Object Repository/Employee-Onboarding/Employee_Salary_Detail_Objects/Page_OrangeHRM/custom_object_for_dropdown' is clicked on

27-12-2024T07:49:26 - [MESSAGE][PASSED] - Object: 'Object Repository/Employee-Onboarding/Employee_Salary_Detail_Objects/Page_OrangeHRM/custom_object_for_dropdown' is clicked on

27-12-2024T07:49:26 - [TEST_STEP][PASSED] - click(findTestObject("Object Repository/Employee-Onboarding/Employee_Personal_Details_Objects/Page_OrangeHRM/div_-- Select --_1")): Object: 'Object Repository/Employee-Onboarding/Employee_Personal_Details_Objects/Page_OrangeHRM/div_-- Select --_1' is clicked on

27-12-2024T07:49:27 - [MESSAGE][PASSED] - Object: 'Object Repository/Employee-Onboarding/Employee_Personal_Details_Objects/Page_OrangeHRM/div_-- Select --_1' is clicked on

27-12-2024T07:49:27 - [TEST_STEP][PASSED] - click(findTestObject("Employee-Onboarding/Employee_Salary_Detail_Objects/Page_OrangeHRM/custom_object_for_dropdown", ["value":Employee_Marital_Status])): Object: 'Object Repository/Employee-Onboarding/Employee_Salary_Detail_Objects/Page_OrangeHRM/custom_object_for_dropdown' is clicked on

27-12-2024T07:49:27 - [MESSAGE][PASSED] - Object: 'Object Repository/Employee-Onboarding/Employee_Salary_Detail_Objects/Page_OrangeHRM/custom_object_for_dropdown' is clicked on

27-12-2024T07:49:27 - [TEST_STEP][PASSED] - setText(findTestObject("Object Repository/Employee-Onboarding/Employee_Personal_Details_Objects/Page_OrangeHRM/input_Date of Birth_oxd-input oxd-input--focus"), Employee_DOB): Text '1981-10-28' is set on object 'Object Repository/Employee-Onboarding/Employee_Personal_Details_Objects/Page_OrangeHRM/input_Date of Birth_oxd-input oxd-input--focus'

27-12-2024T07:49:28 - [MESSAGE][PASSED] - Text '1981-10-28' is set on object 'Object Repository/Employee-Onboarding/Employee_Personal_Details_Objects/Page_OrangeHRM/input_Date of Birth_oxd-input oxd-input--focus'

27-12-2024T07:49:28 - [TEST_STEP][PASSED] - click(findTestObject("Object Repository/Employee-Onboarding/Employee_Personal_Details_Objects/Page_OrangeHRM/span_Male_oxd-radio-input oxd-radio-input--_b0de6e")): Object: 'Object Repository/Employee-Onboarding/Employee_Personal_Details_Objects/Page_OrangeHRM/span_Male_oxd-radio-input oxd-radio-input--_b0de6e' is clicked on

27-12-2024T07:49:28 - [MESSAGE][PASSED] - Object: 'Object Repository/Employee-Onboarding/Employee_Personal_Details_Objects/Page_OrangeHRM/span_Male_oxd-radio-input oxd-radio-input--_b0de6e' is clicked on

27-12-2024T07:49:28 - [TEST_STEP][PASSED] - click(findTestObject("Object Repository/Employee-Onboarding/Employee_Personal_Details_Objects/Page_OrangeHRM/button_Save")): Object: 'Object Repository/Employee-Onboarding/Employee_Personal_Details_Objects/Page_OrangeHRM/button_Save' is clicked on

27-12-2024T07:49:28 - [MESSAGE][PASSED] - Object: 'Object Repository/Employee-Onboarding/Employee_Personal_Details_Objects/Page_OrangeHRM/button_Save' is clicked on]]></system-out>
         <system-err><![CDATA[]]></system-err>
      </testcase>
      <testcase name="Test Cases/Employee_Onboarding/TC_Employee_Person_Details" time="15.365" classname="Test Cases/Employee_Onboarding/TC_Employee_Person_Details" status="PASSED">
         <system-out><![CDATA[27-12-2024T07:49:29 - [TEST_CASE][PASSED] - Test Cases/Employee_Onboarding/TC_Employee_Person_Details: Test Cases/Employee_Onboarding/TC_Employee_Person_Details

27-12-2024T07:49:29 - [TEST_STEP][PASSED] - click(findTestObject("Object Repository/Employee-Onboarding/Employee_Personal_Details_Objects/Page_OrangeHRM/span_PIM")): Object: 'Object Repository/Employee-Onboarding/Employee_Personal_Details_Objects/Page_OrangeHRM/span_PIM' is clicked on

27-12-2024T07:49:31 - [MESSAGE][PASSED] - Object: 'Object Repository/Employee-Onboarding/Employee_Personal_Details_Objects/Page_OrangeHRM/span_PIM' is clicked on

27-12-2024T07:49:31 - [TEST_STEP][PASSED] - setText(findTestObject("Object Repository/Employee-Onboarding/Employee_Personal_Details_Objects/Page_OrangeHRM/input"), Employee_Fullname): Text 'Michael Williams' is set on object 'Object Repository/Employee-Onboarding/Employee_Personal_Details_Objects/Page_OrangeHRM/input'

27-12-2024T07:49:33 - [MESSAGE][PASSED] - Text 'Michael Williams' is set on object 'Object Repository/Employee-Onboarding/Employee_Personal_Details_Objects/Page_OrangeHRM/input'

27-12-2024T07:49:33 - [TEST_STEP][PASSED] - click(findTestObject("Object Repository/Employee-Onboarding/Employee_Personal_Details_Objects/Page_OrangeHRM/button_Search")): Object: 'Object Repository/Employee-Onboarding/Employee_Personal_Details_Objects/Page_OrangeHRM/button_Search' is clicked on

27-12-2024T07:49:33 - [MESSAGE][PASSED] - Object: 'Object Repository/Employee-Onboarding/Employee_Personal_Details_Objects/Page_OrangeHRM/button_Search' is clicked on

27-12-2024T07:49:33 - [TEST_STEP][PASSED] - click(findTestObject("Object Repository/Employee-Onboarding/Employee_Personal_Details_Objects/Page_OrangeHRM/div_0034008")): Object: 'Object Repository/Employee-Onboarding/Employee_Personal_Details_Objects/Page_OrangeHRM/div_0034008' is clicked on

27-12-2024T07:49:35 - [MESSAGE][PASSED] - Object: 'Object Repository/Employee-Onboarding/Employee_Personal_Details_Objects/Page_OrangeHRM/div_0034008' is clicked on

27-12-2024T07:49:35 - [TEST_STEP][PASSED] - click(findTestObject("Object Repository/Employee-Onboarding/Employee_Personal_Details_Objects/Page_OrangeHRM/a_Personal Details")): Object: 'Object Repository/Employee-Onboarding/Employee_Personal_Details_Objects/Page_OrangeHRM/a_Personal Details' is clicked on

27-12-2024T07:49:38 - [MESSAGE][PASSED] - Object: 'Object Repository/Employee-Onboarding/Employee_Personal_Details_Objects/Page_OrangeHRM/a_Personal Details' is clicked on

27-12-2024T07:49:38 - [TEST_STEP][PASSED] - setText(findTestObject("Object Repository/Employee-Onboarding/Employee_Personal_Details_Objects/Page_OrangeHRM/input_concat(Driver, , s License Number)_ox_6ab805"), Driving_License_Number): Text '60OU2KLTKY' is set on object 'Object Repository/Employee-Onboarding/Employee_Personal_Details_Objects/Page_OrangeHRM/input_concat(Driver, , s License Number)_ox_6ab805'

27-12-2024T07:49:41 - [MESSAGE][PASSED] - Text '60OU2KLTKY' is set on object 'Object Repository/Employee-Onboarding/Employee_Personal_Details_Objects/Page_OrangeHRM/input_concat(Driver, , s License Number)_ox_6ab805'

27-12-2024T07:49:41 - [TEST_STEP][PASSED] - setText(findTestObject("Object Repository/Employee-Onboarding/Employee_Personal_Details_Objects/Page_OrangeHRM/input_License Expiry Date_oxd-input oxd-inp_5d7d79"), License_Expiry_Date): Text '2025-12-12' is set on object 'Object Repository/Employee-Onboarding/Employee_Personal_Details_Objects/Page_OrangeHRM/input_License Expiry Date_oxd-input oxd-inp_5d7d79'

27-12-2024T07:49:41 - [MESSAGE][PASSED] - Text '2025-12-12' is set on object 'Object Repository/Employee-Onboarding/Employee_Personal_Details_Objects/Page_OrangeHRM/input_License Expiry Date_oxd-input oxd-inp_5d7d79'

27-12-2024T07:49:41 - [TEST_STEP][PASSED] - click(findTestObject("Object Repository/Employee-Onboarding/Employee_Personal_Details_Objects/Page_OrangeHRM/div_-- Select --")): Object: 'Object Repository/Employee-Onboarding/Employee_Personal_Details_Objects/Page_OrangeHRM/div_-- Select --' is clicked on

27-12-2024T07:49:41 - [MESSAGE][PASSED] - Object: 'Object Repository/Employee-Onboarding/Employee_Personal_Details_Objects/Page_OrangeHRM/div_-- Select --' is clicked on

27-12-2024T07:49:41 - [TEST_STEP][PASSED] - click(findTestObject("Employee-Onboarding/Employee_Salary_Detail_Objects/Page_OrangeHRM/custom_object_for_dropdown", ["value":Employee_Nationality])): Object: 'Object Repository/Employee-Onboarding/Employee_Salary_Detail_Objects/Page_OrangeHRM/custom_object_for_dropdown' is clicked on

27-12-2024T07:49:42 - [MESSAGE][PASSED] - Object: 'Object Repository/Employee-Onboarding/Employee_Salary_Detail_Objects/Page_OrangeHRM/custom_object_for_dropdown' is clicked on

27-12-2024T07:49:42 - [TEST_STEP][PASSED] - click(findTestObject("Object Repository/Employee-Onboarding/Employee_Personal_Details_Objects/Page_OrangeHRM/div_-- Select --_1")): Object: 'Object Repository/Employee-Onboarding/Employee_Personal_Details_Objects/Page_OrangeHRM/div_-- Select --_1' is clicked on

27-12-2024T07:49:42 - [MESSAGE][PASSED] - Object: 'Object Repository/Employee-Onboarding/Employee_Personal_Details_Objects/Page_OrangeHRM/div_-- Select --_1' is clicked on

27-12-2024T07:49:42 - [TEST_STEP][PASSED] - click(findTestObject("Employee-Onboarding/Employee_Salary_Detail_Objects/Page_OrangeHRM/custom_object_for_dropdown", ["value":Employee_Marital_Status])): Object: 'Object Repository/Employee-Onboarding/Employee_Salary_Detail_Objects/Page_OrangeHRM/custom_object_for_dropdown' is clicked on

27-12-2024T07:49:43 - [MESSAGE][PASSED] - Object: 'Object Repository/Employee-Onboarding/Employee_Salary_Detail_Objects/Page_OrangeHRM/custom_object_for_dropdown' is clicked on

27-12-2024T07:49:43 - [TEST_STEP][PASSED] - setText(findTestObject("Object Repository/Employee-Onboarding/Employee_Personal_Details_Objects/Page_OrangeHRM/input_Date of Birth_oxd-input oxd-input--focus"), Employee_DOB): Text '1981-07-19' is set on object 'Object Repository/Employee-Onboarding/Employee_Personal_Details_Objects/Page_OrangeHRM/input_Date of Birth_oxd-input oxd-input--focus'

27-12-2024T07:49:43 - [MESSAGE][PASSED] - Text '1981-07-19' is set on object 'Object Repository/Employee-Onboarding/Employee_Personal_Details_Objects/Page_OrangeHRM/input_Date of Birth_oxd-input oxd-input--focus'

27-12-2024T07:49:43 - [TEST_STEP][PASSED] - click(findTestObject("Object Repository/Employee-Onboarding/Employee_Personal_Details_Objects/Page_OrangeHRM/span_Male_oxd-radio-input oxd-radio-input--_b0de6e")): Object: 'Object Repository/Employee-Onboarding/Employee_Personal_Details_Objects/Page_OrangeHRM/span_Male_oxd-radio-input oxd-radio-input--_b0de6e' is clicked on

27-12-2024T07:49:44 - [MESSAGE][PASSED] - Object: 'Object Repository/Employee-Onboarding/Employee_Personal_Details_Objects/Page_OrangeHRM/span_Male_oxd-radio-input oxd-radio-input--_b0de6e' is clicked on

27-12-2024T07:49:44 - [TEST_STEP][PASSED] - click(findTestObject("Object Repository/Employee-Onboarding/Employee_Personal_Details_Objects/Page_OrangeHRM/button_Save")): Object: 'Object Repository/Employee-Onboarding/Employee_Personal_Details_Objects/Page_OrangeHRM/button_Save' is clicked on

27-12-2024T07:49:44 - [MESSAGE][PASSED] - Object: 'Object Repository/Employee-Onboarding/Employee_Personal_Details_Objects/Page_OrangeHRM/button_Save' is clicked on]]></system-out>
         <system-err><![CDATA[]]></system-err>
      </testcase>
      <testcase name="Test Cases/Employee_Onboarding/TC_Employee_Person_Details" time="14.724" classname="Test Cases/Employee_Onboarding/TC_Employee_Person_Details" status="PASSED">
         <system-out><![CDATA[27-12-2024T07:49:44 - [TEST_CASE][PASSED] - Test Cases/Employee_Onboarding/TC_Employee_Person_Details: Test Cases/Employee_Onboarding/TC_Employee_Person_Details

27-12-2024T07:49:44 - [TEST_STEP][PASSED] - click(findTestObject("Object Repository/Employee-Onboarding/Employee_Personal_Details_Objects/Page_OrangeHRM/span_PIM")): Object: 'Object Repository/Employee-Onboarding/Employee_Personal_Details_Objects/Page_OrangeHRM/span_PIM' is clicked on

27-12-2024T07:49:46 - [MESSAGE][PASSED] - Object: 'Object Repository/Employee-Onboarding/Employee_Personal_Details_Objects/Page_OrangeHRM/span_PIM' is clicked on

27-12-2024T07:49:46 - [TEST_STEP][PASSED] - setText(findTestObject("Object Repository/Employee-Onboarding/Employee_Personal_Details_Objects/Page_OrangeHRM/input"), Employee_Fullname): Text 'Yvonne Dunn' is set on object 'Object Repository/Employee-Onboarding/Employee_Personal_Details_Objects/Page_OrangeHRM/input'

27-12-2024T07:49:48 - [MESSAGE][PASSED] - Text 'Yvonne Dunn' is set on object 'Object Repository/Employee-Onboarding/Employee_Personal_Details_Objects/Page_OrangeHRM/input'

27-12-2024T07:49:48 - [TEST_STEP][PASSED] - click(findTestObject("Object Repository/Employee-Onboarding/Employee_Personal_Details_Objects/Page_OrangeHRM/button_Search")): Object: 'Object Repository/Employee-Onboarding/Employee_Personal_Details_Objects/Page_OrangeHRM/button_Search' is clicked on

27-12-2024T07:49:48 - [MESSAGE][PASSED] - Object: 'Object Repository/Employee-Onboarding/Employee_Personal_Details_Objects/Page_OrangeHRM/button_Search' is clicked on

27-12-2024T07:49:48 - [TEST_STEP][PASSED] - click(findTestObject("Object Repository/Employee-Onboarding/Employee_Personal_Details_Objects/Page_OrangeHRM/div_0034008")): Object: 'Object Repository/Employee-Onboarding/Employee_Personal_Details_Objects/Page_OrangeHRM/div_0034008' is clicked on

27-12-2024T07:49:50 - [MESSAGE][PASSED] - Object: 'Object Repository/Employee-Onboarding/Employee_Personal_Details_Objects/Page_OrangeHRM/div_0034008' is clicked on

27-12-2024T07:49:50 - [TEST_STEP][PASSED] - click(findTestObject("Object Repository/Employee-Onboarding/Employee_Personal_Details_Objects/Page_OrangeHRM/a_Personal Details")): Object: 'Object Repository/Employee-Onboarding/Employee_Personal_Details_Objects/Page_OrangeHRM/a_Personal Details' is clicked on

27-12-2024T07:49:53 - [MESSAGE][PASSED] - Object: 'Object Repository/Employee-Onboarding/Employee_Personal_Details_Objects/Page_OrangeHRM/a_Personal Details' is clicked on

27-12-2024T07:49:53 - [TEST_STEP][PASSED] - setText(findTestObject("Object Repository/Employee-Onboarding/Employee_Personal_Details_Objects/Page_OrangeHRM/input_concat(Driver, , s License Number)_ox_6ab805"), Driving_License_Number): Text '6UKWWRQKSI' is set on object 'Object Repository/Employee-Onboarding/Employee_Personal_Details_Objects/Page_OrangeHRM/input_concat(Driver, , s License Number)_ox_6ab805'

27-12-2024T07:49:55 - [MESSAGE][PASSED] - Text '6UKWWRQKSI' is set on object 'Object Repository/Employee-Onboarding/Employee_Personal_Details_Objects/Page_OrangeHRM/input_concat(Driver, , s License Number)_ox_6ab805'

27-12-2024T07:49:55 - [TEST_STEP][PASSED] - setText(findTestObject("Object Repository/Employee-Onboarding/Employee_Personal_Details_Objects/Page_OrangeHRM/input_License Expiry Date_oxd-input oxd-inp_5d7d79"), License_Expiry_Date): Text '2025-12-12' is set on object 'Object Repository/Employee-Onboarding/Employee_Personal_Details_Objects/Page_OrangeHRM/input_License Expiry Date_oxd-input oxd-inp_5d7d79'

27-12-2024T07:49:56 - [MESSAGE][PASSED] - Text '2025-12-12' is set on object 'Object Repository/Employee-Onboarding/Employee_Personal_Details_Objects/Page_OrangeHRM/input_License Expiry Date_oxd-input oxd-inp_5d7d79'

27-12-2024T07:49:56 - [TEST_STEP][PASSED] - click(findTestObject("Object Repository/Employee-Onboarding/Employee_Personal_Details_Objects/Page_OrangeHRM/div_-- Select --")): Object: 'Object Repository/Employee-Onboarding/Employee_Personal_Details_Objects/Page_OrangeHRM/div_-- Select --' is clicked on

27-12-2024T07:49:56 - [MESSAGE][PASSED] - Object: 'Object Repository/Employee-Onboarding/Employee_Personal_Details_Objects/Page_OrangeHRM/div_-- Select --' is clicked on

27-12-2024T07:49:56 - [TEST_STEP][PASSED] - click(findTestObject("Employee-Onboarding/Employee_Salary_Detail_Objects/Page_OrangeHRM/custom_object_for_dropdown", ["value":Employee_Nationality])): Object: 'Object Repository/Employee-Onboarding/Employee_Salary_Detail_Objects/Page_OrangeHRM/custom_object_for_dropdown' is clicked on

27-12-2024T07:49:56 - [MESSAGE][PASSED] - Object: 'Object Repository/Employee-Onboarding/Employee_Salary_Detail_Objects/Page_OrangeHRM/custom_object_for_dropdown' is clicked on

27-12-2024T07:49:56 - [TEST_STEP][PASSED] - click(findTestObject("Object Repository/Employee-Onboarding/Employee_Personal_Details_Objects/Page_OrangeHRM/div_-- Select --_1")): Object: 'Object Repository/Employee-Onboarding/Employee_Personal_Details_Objects/Page_OrangeHRM/div_-- Select --_1' is clicked on

27-12-2024T07:49:57 - [MESSAGE][PASSED] - Object: 'Object Repository/Employee-Onboarding/Employee_Personal_Details_Objects/Page_OrangeHRM/div_-- Select --_1' is clicked on

27-12-2024T07:49:57 - [TEST_STEP][PASSED] - click(findTestObject("Employee-Onboarding/Employee_Salary_Detail_Objects/Page_OrangeHRM/custom_object_for_dropdown", ["value":Employee_Marital_Status])): Object: 'Object Repository/Employee-Onboarding/Employee_Salary_Detail_Objects/Page_OrangeHRM/custom_object_for_dropdown' is clicked on

27-12-2024T07:49:57 - [MESSAGE][PASSED] - Object: 'Object Repository/Employee-Onboarding/Employee_Salary_Detail_Objects/Page_OrangeHRM/custom_object_for_dropdown' is clicked on

27-12-2024T07:49:57 - [TEST_STEP][PASSED] - setText(findTestObject("Object Repository/Employee-Onboarding/Employee_Personal_Details_Objects/Page_OrangeHRM/input_Date of Birth_oxd-input oxd-input--focus"), Employee_DOB): Text '2003-02-01' is set on object 'Object Repository/Employee-Onboarding/Employee_Personal_Details_Objects/Page_OrangeHRM/input_Date of Birth_oxd-input oxd-input--focus'

27-12-2024T07:49:58 - [MESSAGE][PASSED] - Text '2003-02-01' is set on object 'Object Repository/Employee-Onboarding/Employee_Personal_Details_Objects/Page_OrangeHRM/input_Date of Birth_oxd-input oxd-input--focus'

27-12-2024T07:49:58 - [TEST_STEP][PASSED] - click(findTestObject("Object Repository/Employee-Onboarding/Employee_Personal_Details_Objects/Page_OrangeHRM/span_Male_oxd-radio-input oxd-radio-input--_b0de6e")): Object: 'Object Repository/Employee-Onboarding/Employee_Personal_Details_Objects/Page_OrangeHRM/span_Male_oxd-radio-input oxd-radio-input--_b0de6e' is clicked on

27-12-2024T07:49:58 - [MESSAGE][PASSED] - Object: 'Object Repository/Employee-Onboarding/Employee_Personal_Details_Objects/Page_OrangeHRM/span_Male_oxd-radio-input oxd-radio-input--_b0de6e' is clicked on

27-12-2024T07:49:58 - [TEST_STEP][PASSED] - click(findTestObject("Object Repository/Employee-Onboarding/Employee_Personal_Details_Objects/Page_OrangeHRM/button_Save")): Object: 'Object Repository/Employee-Onboarding/Employee_Personal_Details_Objects/Page_OrangeHRM/button_Save' is clicked on

27-12-2024T07:49:59 - [MESSAGE][PASSED] - Object: 'Object Repository/Employee-Onboarding/Employee_Personal_Details_Objects/Page_OrangeHRM/button_Save' is clicked on]]></system-out>
         <system-err><![CDATA[]]></system-err>
      </testcase>
      <testcase name="Test Cases/Employee_Onboarding/TC_Employee_Person_Details" time="15.566" classname="Test Cases/Employee_Onboarding/TC_Employee_Person_Details" status="PASSED">
         <system-out><![CDATA[27-12-2024T07:49:59 - [TEST_CASE][PASSED] - Test Cases/Employee_Onboarding/TC_Employee_Person_Details: Test Cases/Employee_Onboarding/TC_Employee_Person_Details

27-12-2024T07:49:59 - [TEST_STEP][PASSED] - click(findTestObject("Object Repository/Employee-Onboarding/Employee_Personal_Details_Objects/Page_OrangeHRM/span_PIM")): Object: 'Object Repository/Employee-Onboarding/Employee_Personal_Details_Objects/Page_OrangeHRM/span_PIM' is clicked on

27-12-2024T07:50:01 - [MESSAGE][PASSED] - Object: 'Object Repository/Employee-Onboarding/Employee_Personal_Details_Objects/Page_OrangeHRM/span_PIM' is clicked on

27-12-2024T07:50:01 - [TEST_STEP][PASSED] - setText(findTestObject("Object Repository/Employee-Onboarding/Employee_Personal_Details_Objects/Page_OrangeHRM/input"), Employee_Fullname): Text 'Mathew Schneider' is set on object 'Object Repository/Employee-Onboarding/Employee_Personal_Details_Objects/Page_OrangeHRM/input'

27-12-2024T07:50:03 - [MESSAGE][PASSED] - Text 'Mathew Schneider' is set on object 'Object Repository/Employee-Onboarding/Employee_Personal_Details_Objects/Page_OrangeHRM/input'

27-12-2024T07:50:03 - [TEST_STEP][PASSED] - click(findTestObject("Object Repository/Employee-Onboarding/Employee_Personal_Details_Objects/Page_OrangeHRM/button_Search")): Object: 'Object Repository/Employee-Onboarding/Employee_Personal_Details_Objects/Page_OrangeHRM/button_Search' is clicked on

27-12-2024T07:50:04 - [MESSAGE][PASSED] - Object: 'Object Repository/Employee-Onboarding/Employee_Personal_Details_Objects/Page_OrangeHRM/button_Search' is clicked on

27-12-2024T07:50:04 - [TEST_STEP][PASSED] - click(findTestObject("Object Repository/Employee-Onboarding/Employee_Personal_Details_Objects/Page_OrangeHRM/div_0034008")): Object: 'Object Repository/Employee-Onboarding/Employee_Personal_Details_Objects/Page_OrangeHRM/div_0034008' is clicked on

27-12-2024T07:50:05 - [MESSAGE][PASSED] - Object: 'Object Repository/Employee-Onboarding/Employee_Personal_Details_Objects/Page_OrangeHRM/div_0034008' is clicked on

27-12-2024T07:50:05 - [TEST_STEP][PASSED] - click(findTestObject("Object Repository/Employee-Onboarding/Employee_Personal_Details_Objects/Page_OrangeHRM/a_Personal Details")): Object: 'Object Repository/Employee-Onboarding/Employee_Personal_Details_Objects/Page_OrangeHRM/a_Personal Details' is clicked on

27-12-2024T07:50:08 - [MESSAGE][PASSED] - Object: 'Object Repository/Employee-Onboarding/Employee_Personal_Details_Objects/Page_OrangeHRM/a_Personal Details' is clicked on

27-12-2024T07:50:08 - [TEST_STEP][PASSED] - setText(findTestObject("Object Repository/Employee-Onboarding/Employee_Personal_Details_Objects/Page_OrangeHRM/input_concat(Driver, , s License Number)_ox_6ab805"), Driving_License_Number): Text 'BZQJ69L6ST' is set on object 'Object Repository/Employee-Onboarding/Employee_Personal_Details_Objects/Page_OrangeHRM/input_concat(Driver, , s License Number)_ox_6ab805'

27-12-2024T07:50:11 - [MESSAGE][PASSED] - Text 'BZQJ69L6ST' is set on object 'Object Repository/Employee-Onboarding/Employee_Personal_Details_Objects/Page_OrangeHRM/input_concat(Driver, , s License Number)_ox_6ab805'

27-12-2024T07:50:11 - [TEST_STEP][PASSED] - setText(findTestObject("Object Repository/Employee-Onboarding/Employee_Personal_Details_Objects/Page_OrangeHRM/input_License Expiry Date_oxd-input oxd-inp_5d7d79"), License_Expiry_Date): Text '2025-12-12' is set on object 'Object Repository/Employee-Onboarding/Employee_Personal_Details_Objects/Page_OrangeHRM/input_License Expiry Date_oxd-input oxd-inp_5d7d79'

27-12-2024T07:50:11 - [MESSAGE][PASSED] - Text '2025-12-12' is set on object 'Object Repository/Employee-Onboarding/Employee_Personal_Details_Objects/Page_OrangeHRM/input_License Expiry Date_oxd-input oxd-inp_5d7d79'

27-12-2024T07:50:11 - [TEST_STEP][PASSED] - click(findTestObject("Object Repository/Employee-Onboarding/Employee_Personal_Details_Objects/Page_OrangeHRM/div_-- Select --")): Object: 'Object Repository/Employee-Onboarding/Employee_Personal_Details_Objects/Page_OrangeHRM/div_-- Select --' is clicked on

27-12-2024T07:50:12 - [MESSAGE][PASSED] - Object: 'Object Repository/Employee-Onboarding/Employee_Personal_Details_Objects/Page_OrangeHRM/div_-- Select --' is clicked on

27-12-2024T07:50:12 - [TEST_STEP][PASSED] - click(findTestObject("Employee-Onboarding/Employee_Salary_Detail_Objects/Page_OrangeHRM/custom_object_for_dropdown", ["value":Employee_Nationality])): Object: 'Object Repository/Employee-Onboarding/Employee_Salary_Detail_Objects/Page_OrangeHRM/custom_object_for_dropdown' is clicked on

27-12-2024T07:50:12 - [MESSAGE][PASSED] - Object: 'Object Repository/Employee-Onboarding/Employee_Salary_Detail_Objects/Page_OrangeHRM/custom_object_for_dropdown' is clicked on

27-12-2024T07:50:12 - [TEST_STEP][PASSED] - click(findTestObject("Object Repository/Employee-Onboarding/Employee_Personal_Details_Objects/Page_OrangeHRM/div_-- Select --_1")): Object: 'Object Repository/Employee-Onboarding/Employee_Personal_Details_Objects/Page_OrangeHRM/div_-- Select --_1' is clicked on

27-12-2024T07:50:13 - [MESSAGE][PASSED] - Object: 'Object Repository/Employee-Onboarding/Employee_Personal_Details_Objects/Page_OrangeHRM/div_-- Select --_1' is clicked on

27-12-2024T07:50:13 - [TEST_STEP][PASSED] - click(findTestObject("Employee-Onboarding/Employee_Salary_Detail_Objects/Page_OrangeHRM/custom_object_for_dropdown", ["value":Employee_Marital_Status])): Object: 'Object Repository/Employee-Onboarding/Employee_Salary_Detail_Objects/Page_OrangeHRM/custom_object_for_dropdown' is clicked on

27-12-2024T07:50:13 - [MESSAGE][PASSED] - Object: 'Object Repository/Employee-Onboarding/Employee_Salary_Detail_Objects/Page_OrangeHRM/custom_object_for_dropdown' is clicked on

27-12-2024T07:50:13 - [TEST_STEP][PASSED] - setText(findTestObject("Object Repository/Employee-Onboarding/Employee_Personal_Details_Objects/Page_OrangeHRM/input_Date of Birth_oxd-input oxd-input--focus"), Employee_DOB): Text '2006-05-17' is set on object 'Object Repository/Employee-Onboarding/Employee_Personal_Details_Objects/Page_OrangeHRM/input_Date of Birth_oxd-input oxd-input--focus'

27-12-2024T07:50:14 - [MESSAGE][PASSED] - Text '2006-05-17' is set on object 'Object Repository/Employee-Onboarding/Employee_Personal_Details_Objects/Page_OrangeHRM/input_Date of Birth_oxd-input oxd-input--focus'

27-12-2024T07:50:14 - [TEST_STEP][PASSED] - click(findTestObject("Object Repository/Employee-Onboarding/Employee_Personal_Details_Objects/Page_OrangeHRM/span_Male_oxd-radio-input oxd-radio-input--_b0de6e")): Object: 'Object Repository/Employee-Onboarding/Employee_Personal_Details_Objects/Page_OrangeHRM/span_Male_oxd-radio-input oxd-radio-input--_b0de6e' is clicked on

27-12-2024T07:50:14 - [MESSAGE][PASSED] - Object: 'Object Repository/Employee-Onboarding/Employee_Personal_Details_Objects/Page_OrangeHRM/span_Male_oxd-radio-input oxd-radio-input--_b0de6e' is clicked on

27-12-2024T07:50:14 - [TEST_STEP][PASSED] - click(findTestObject("Object Repository/Employee-Onboarding/Employee_Personal_Details_Objects/Page_OrangeHRM/button_Save")): Object: 'Object Repository/Employee-Onboarding/Employee_Personal_Details_Objects/Page_OrangeHRM/button_Save' is clicked on

27-12-2024T07:50:14 - [MESSAGE][PASSED] - Object: 'Object Repository/Employee-Onboarding/Employee_Personal_Details_Objects/Page_OrangeHRM/button_Save' is clicked on]]></system-out>
         <system-err><![CDATA[]]></system-err>
      </testcase>
      <testcase name="Test Cases/Employee_Onboarding/TC_Employee_Person_Details" time="15.464" classname="Test Cases/Employee_Onboarding/TC_Employee_Person_Details" status="PASSED">
         <system-out><![CDATA[27-12-2024T07:50:14 - [TEST_CASE][PASSED] - Test Cases/Employee_Onboarding/TC_Employee_Person_Details: Test Cases/Employee_Onboarding/TC_Employee_Person_Details

27-12-2024T07:50:14 - [TEST_STEP][PASSED] - click(findTestObject("Object Repository/Employee-Onboarding/Employee_Personal_Details_Objects/Page_OrangeHRM/span_PIM")): Object: 'Object Repository/Employee-Onboarding/Employee_Personal_Details_Objects/Page_OrangeHRM/span_PIM' is clicked on

27-12-2024T07:50:16 - [MESSAGE][PASSED] - Object: 'Object Repository/Employee-Onboarding/Employee_Personal_Details_Objects/Page_OrangeHRM/span_PIM' is clicked on

27-12-2024T07:50:16 - [TEST_STEP][PASSED] - setText(findTestObject("Object Repository/Employee-Onboarding/Employee_Personal_Details_Objects/Page_OrangeHRM/input"), Employee_Fullname): Text 'Deborah Church' is set on object 'Object Repository/Employee-Onboarding/Employee_Personal_Details_Objects/Page_OrangeHRM/input'

27-12-2024T07:50:18 - [MESSAGE][PASSED] - Text 'Deborah Church' is set on object 'Object Repository/Employee-Onboarding/Employee_Personal_Details_Objects/Page_OrangeHRM/input'

27-12-2024T07:50:18 - [TEST_STEP][PASSED] - click(findTestObject("Object Repository/Employee-Onboarding/Employee_Personal_Details_Objects/Page_OrangeHRM/button_Search")): Object: 'Object Repository/Employee-Onboarding/Employee_Personal_Details_Objects/Page_OrangeHRM/button_Search' is clicked on

27-12-2024T07:50:19 - [MESSAGE][PASSED] - Object: 'Object Repository/Employee-Onboarding/Employee_Personal_Details_Objects/Page_OrangeHRM/button_Search' is clicked on

27-12-2024T07:50:19 - [TEST_STEP][PASSED] - click(findTestObject("Object Repository/Employee-Onboarding/Employee_Personal_Details_Objects/Page_OrangeHRM/div_0034008")): Object: 'Object Repository/Employee-Onboarding/Employee_Personal_Details_Objects/Page_OrangeHRM/div_0034008' is clicked on

27-12-2024T07:50:20 - [MESSAGE][PASSED] - Object: 'Object Repository/Employee-Onboarding/Employee_Personal_Details_Objects/Page_OrangeHRM/div_0034008' is clicked on

27-12-2024T07:50:20 - [TEST_STEP][PASSED] - click(findTestObject("Object Repository/Employee-Onboarding/Employee_Personal_Details_Objects/Page_OrangeHRM/a_Personal Details")): Object: 'Object Repository/Employee-Onboarding/Employee_Personal_Details_Objects/Page_OrangeHRM/a_Personal Details' is clicked on

27-12-2024T07:50:24 - [MESSAGE][PASSED] - Object: 'Object Repository/Employee-Onboarding/Employee_Personal_Details_Objects/Page_OrangeHRM/a_Personal Details' is clicked on

27-12-2024T07:50:24 - [TEST_STEP][PASSED] - setText(findTestObject("Object Repository/Employee-Onboarding/Employee_Personal_Details_Objects/Page_OrangeHRM/input_concat(Driver, , s License Number)_ox_6ab805"), Driving_License_Number): Text 'N7UB3HINKI' is set on object 'Object Repository/Employee-Onboarding/Employee_Personal_Details_Objects/Page_OrangeHRM/input_concat(Driver, , s License Number)_ox_6ab805'

27-12-2024T07:50:26 - [MESSAGE][PASSED] - Text 'N7UB3HINKI' is set on object 'Object Repository/Employee-Onboarding/Employee_Personal_Details_Objects/Page_OrangeHRM/input_concat(Driver, , s License Number)_ox_6ab805'

27-12-2024T07:50:26 - [TEST_STEP][PASSED] - setText(findTestObject("Object Repository/Employee-Onboarding/Employee_Personal_Details_Objects/Page_OrangeHRM/input_License Expiry Date_oxd-input oxd-inp_5d7d79"), License_Expiry_Date): Text '2025-12-12' is set on object 'Object Repository/Employee-Onboarding/Employee_Personal_Details_Objects/Page_OrangeHRM/input_License Expiry Date_oxd-input oxd-inp_5d7d79'

27-12-2024T07:50:27 - [MESSAGE][PASSED] - Text '2025-12-12' is set on object 'Object Repository/Employee-Onboarding/Employee_Personal_Details_Objects/Page_OrangeHRM/input_License Expiry Date_oxd-input oxd-inp_5d7d79'

27-12-2024T07:50:27 - [TEST_STEP][PASSED] - click(findTestObject("Object Repository/Employee-Onboarding/Employee_Personal_Details_Objects/Page_OrangeHRM/div_-- Select --")): Object: 'Object Repository/Employee-Onboarding/Employee_Personal_Details_Objects/Page_OrangeHRM/div_-- Select --' is clicked on

27-12-2024T07:50:27 - [MESSAGE][PASSED] - Object: 'Object Repository/Employee-Onboarding/Employee_Personal_Details_Objects/Page_OrangeHRM/div_-- Select --' is clicked on

27-12-2024T07:50:27 - [TEST_STEP][PASSED] - click(findTestObject("Employee-Onboarding/Employee_Salary_Detail_Objects/Page_OrangeHRM/custom_object_for_dropdown", ["value":Employee_Nationality])): Object: 'Object Repository/Employee-Onboarding/Employee_Salary_Detail_Objects/Page_OrangeHRM/custom_object_for_dropdown' is clicked on

27-12-2024T07:50:28 - [MESSAGE][PASSED] - Object: 'Object Repository/Employee-Onboarding/Employee_Salary_Detail_Objects/Page_OrangeHRM/custom_object_for_dropdown' is clicked on

27-12-2024T07:50:28 - [TEST_STEP][PASSED] - click(findTestObject("Object Repository/Employee-Onboarding/Employee_Personal_Details_Objects/Page_OrangeHRM/div_-- Select --_1")): Object: 'Object Repository/Employee-Onboarding/Employee_Personal_Details_Objects/Page_OrangeHRM/div_-- Select --_1' is clicked on

27-12-2024T07:50:28 - [MESSAGE][PASSED] - Object: 'Object Repository/Employee-Onboarding/Employee_Personal_Details_Objects/Page_OrangeHRM/div_-- Select --_1' is clicked on

27-12-2024T07:50:28 - [TEST_STEP][PASSED] - click(findTestObject("Employee-Onboarding/Employee_Salary_Detail_Objects/Page_OrangeHRM/custom_object_for_dropdown", ["value":Employee_Marital_Status])): Object: 'Object Repository/Employee-Onboarding/Employee_Salary_Detail_Objects/Page_OrangeHRM/custom_object_for_dropdown' is clicked on

27-12-2024T07:50:28 - [MESSAGE][PASSED] - Object: 'Object Repository/Employee-Onboarding/Employee_Salary_Detail_Objects/Page_OrangeHRM/custom_object_for_dropdown' is clicked on

27-12-2024T07:50:28 - [TEST_STEP][PASSED] - setText(findTestObject("Object Repository/Employee-Onboarding/Employee_Personal_Details_Objects/Page_OrangeHRM/input_Date of Birth_oxd-input oxd-input--focus"), Employee_DOB): Text '1987-05-11' is set on object 'Object Repository/Employee-Onboarding/Employee_Personal_Details_Objects/Page_OrangeHRM/input_Date of Birth_oxd-input oxd-input--focus'

27-12-2024T07:50:29 - [MESSAGE][PASSED] - Text '1987-05-11' is set on object 'Object Repository/Employee-Onboarding/Employee_Personal_Details_Objects/Page_OrangeHRM/input_Date of Birth_oxd-input oxd-input--focus'

27-12-2024T07:50:29 - [TEST_STEP][PASSED] - click(findTestObject("Object Repository/Employee-Onboarding/Employee_Personal_Details_Objects/Page_OrangeHRM/span_Male_oxd-radio-input oxd-radio-input--_b0de6e")): Object: 'Object Repository/Employee-Onboarding/Employee_Personal_Details_Objects/Page_OrangeHRM/span_Male_oxd-radio-input oxd-radio-input--_b0de6e' is clicked on

27-12-2024T07:50:29 - [MESSAGE][PASSED] - Object: 'Object Repository/Employee-Onboarding/Employee_Personal_Details_Objects/Page_OrangeHRM/span_Male_oxd-radio-input oxd-radio-input--_b0de6e' is clicked on

27-12-2024T07:50:29 - [TEST_STEP][PASSED] - click(findTestObject("Object Repository/Employee-Onboarding/Employee_Personal_Details_Objects/Page_OrangeHRM/button_Save")): Object: 'Object Repository/Employee-Onboarding/Employee_Personal_Details_Objects/Page_OrangeHRM/button_Save' is clicked on

27-12-2024T07:50:30 - [MESSAGE][PASSED] - Object: 'Object Repository/Employee-Onboarding/Employee_Personal_Details_Objects/Page_OrangeHRM/button_Save' is clicked on]]></system-out>
         <system-err><![CDATA[]]></system-err>
      </testcase>
      <testcase name="Test Cases/Employee_Onboarding/TC_Employee_Person_Details" time="15.342" classname="Test Cases/Employee_Onboarding/TC_Employee_Person_Details" status="PASSED">
         <system-out><![CDATA[27-12-2024T07:50:30 - [TEST_CASE][PASSED] - Test Cases/Employee_Onboarding/TC_Employee_Person_Details: Test Cases/Employee_Onboarding/TC_Employee_Person_Details

27-12-2024T07:50:30 - [TEST_STEP][PASSED] - click(findTestObject("Object Repository/Employee-Onboarding/Employee_Personal_Details_Objects/Page_OrangeHRM/span_PIM")): Object: 'Object Repository/Employee-Onboarding/Employee_Personal_Details_Objects/Page_OrangeHRM/span_PIM' is clicked on

27-12-2024T07:50:31 - [MESSAGE][PASSED] - Object: 'Object Repository/Employee-Onboarding/Employee_Personal_Details_Objects/Page_OrangeHRM/span_PIM' is clicked on

27-12-2024T07:50:31 - [TEST_STEP][PASSED] - setText(findTestObject("Object Repository/Employee-Onboarding/Employee_Personal_Details_Objects/Page_OrangeHRM/input"), Employee_Fullname): Text 'Kelly Walsh' is set on object 'Object Repository/Employee-Onboarding/Employee_Personal_Details_Objects/Page_OrangeHRM/input'

27-12-2024T07:50:34 - [MESSAGE][PASSED] - Text 'Kelly Walsh' is set on object 'Object Repository/Employee-Onboarding/Employee_Personal_Details_Objects/Page_OrangeHRM/input'

27-12-2024T07:50:34 - [TEST_STEP][PASSED] - click(findTestObject("Object Repository/Employee-Onboarding/Employee_Personal_Details_Objects/Page_OrangeHRM/button_Search")): Object: 'Object Repository/Employee-Onboarding/Employee_Personal_Details_Objects/Page_OrangeHRM/button_Search' is clicked on

27-12-2024T07:50:34 - [MESSAGE][PASSED] - Object: 'Object Repository/Employee-Onboarding/Employee_Personal_Details_Objects/Page_OrangeHRM/button_Search' is clicked on

27-12-2024T07:50:34 - [TEST_STEP][PASSED] - click(findTestObject("Object Repository/Employee-Onboarding/Employee_Personal_Details_Objects/Page_OrangeHRM/div_0034008")): Object: 'Object Repository/Employee-Onboarding/Employee_Personal_Details_Objects/Page_OrangeHRM/div_0034008' is clicked on

27-12-2024T07:50:36 - [MESSAGE][PASSED] - Object: 'Object Repository/Employee-Onboarding/Employee_Personal_Details_Objects/Page_OrangeHRM/div_0034008' is clicked on

27-12-2024T07:50:36 - [TEST_STEP][PASSED] - click(findTestObject("Object Repository/Employee-Onboarding/Employee_Personal_Details_Objects/Page_OrangeHRM/a_Personal Details")): Object: 'Object Repository/Employee-Onboarding/Employee_Personal_Details_Objects/Page_OrangeHRM/a_Personal Details' is clicked on

27-12-2024T07:50:39 - [MESSAGE][PASSED] - Object: 'Object Repository/Employee-Onboarding/Employee_Personal_Details_Objects/Page_OrangeHRM/a_Personal Details' is clicked on

27-12-2024T07:50:39 - [TEST_STEP][PASSED] - setText(findTestObject("Object Repository/Employee-Onboarding/Employee_Personal_Details_Objects/Page_OrangeHRM/input_concat(Driver, , s License Number)_ox_6ab805"), Driving_License_Number): Text 'ERK05WG77K' is set on object 'Object Repository/Employee-Onboarding/Employee_Personal_Details_Objects/Page_OrangeHRM/input_concat(Driver, , s License Number)_ox_6ab805'

27-12-2024T07:50:42 - [MESSAGE][PASSED] - Text 'ERK05WG77K' is set on object 'Object Repository/Employee-Onboarding/Employee_Personal_Details_Objects/Page_OrangeHRM/input_concat(Driver, , s License Number)_ox_6ab805'

27-12-2024T07:50:42 - [TEST_STEP][PASSED] - setText(findTestObject("Object Repository/Employee-Onboarding/Employee_Personal_Details_Objects/Page_OrangeHRM/input_License Expiry Date_oxd-input oxd-inp_5d7d79"), License_Expiry_Date): Text '2025-12-12' is set on object 'Object Repository/Employee-Onboarding/Employee_Personal_Details_Objects/Page_OrangeHRM/input_License Expiry Date_oxd-input oxd-inp_5d7d79'

27-12-2024T07:50:42 - [MESSAGE][PASSED] - Text '2025-12-12' is set on object 'Object Repository/Employee-Onboarding/Employee_Personal_Details_Objects/Page_OrangeHRM/input_License Expiry Date_oxd-input oxd-inp_5d7d79'

27-12-2024T07:50:42 - [TEST_STEP][PASSED] - click(findTestObject("Object Repository/Employee-Onboarding/Employee_Personal_Details_Objects/Page_OrangeHRM/div_-- Select --")): Object: 'Object Repository/Employee-Onboarding/Employee_Personal_Details_Objects/Page_OrangeHRM/div_-- Select --' is clicked on

27-12-2024T07:50:42 - [MESSAGE][PASSED] - Object: 'Object Repository/Employee-Onboarding/Employee_Personal_Details_Objects/Page_OrangeHRM/div_-- Select --' is clicked on

27-12-2024T07:50:42 - [TEST_STEP][PASSED] - click(findTestObject("Employee-Onboarding/Employee_Salary_Detail_Objects/Page_OrangeHRM/custom_object_for_dropdown", ["value":Employee_Nationality])): Object: 'Object Repository/Employee-Onboarding/Employee_Salary_Detail_Objects/Page_OrangeHRM/custom_object_for_dropdown' is clicked on

27-12-2024T07:50:43 - [MESSAGE][PASSED] - Object: 'Object Repository/Employee-Onboarding/Employee_Salary_Detail_Objects/Page_OrangeHRM/custom_object_for_dropdown' is clicked on

27-12-2024T07:50:43 - [TEST_STEP][PASSED] - click(findTestObject("Object Repository/Employee-Onboarding/Employee_Personal_Details_Objects/Page_OrangeHRM/div_-- Select --_1")): Object: 'Object Repository/Employee-Onboarding/Employee_Personal_Details_Objects/Page_OrangeHRM/div_-- Select --_1' is clicked on

27-12-2024T07:50:43 - [MESSAGE][PASSED] - Object: 'Object Repository/Employee-Onboarding/Employee_Personal_Details_Objects/Page_OrangeHRM/div_-- Select --_1' is clicked on

27-12-2024T07:50:43 - [TEST_STEP][PASSED] - click(findTestObject("Employee-Onboarding/Employee_Salary_Detail_Objects/Page_OrangeHRM/custom_object_for_dropdown", ["value":Employee_Marital_Status])): Object: 'Object Repository/Employee-Onboarding/Employee_Salary_Detail_Objects/Page_OrangeHRM/custom_object_for_dropdown' is clicked on

27-12-2024T07:50:44 - [MESSAGE][PASSED] - Object: 'Object Repository/Employee-Onboarding/Employee_Salary_Detail_Objects/Page_OrangeHRM/custom_object_for_dropdown' is clicked on

27-12-2024T07:50:44 - [TEST_STEP][PASSED] - setText(findTestObject("Object Repository/Employee-Onboarding/Employee_Personal_Details_Objects/Page_OrangeHRM/input_Date of Birth_oxd-input oxd-input--focus"), Employee_DOB): Text '2004-08-23' is set on object 'Object Repository/Employee-Onboarding/Employee_Personal_Details_Objects/Page_OrangeHRM/input_Date of Birth_oxd-input oxd-input--focus'

27-12-2024T07:50:45 - [MESSAGE][PASSED] - Text '2004-08-23' is set on object 'Object Repository/Employee-Onboarding/Employee_Personal_Details_Objects/Page_OrangeHRM/input_Date of Birth_oxd-input oxd-input--focus'

27-12-2024T07:50:45 - [TEST_STEP][PASSED] - click(findTestObject("Object Repository/Employee-Onboarding/Employee_Personal_Details_Objects/Page_OrangeHRM/span_Male_oxd-radio-input oxd-radio-input--_b0de6e")): Object: 'Object Repository/Employee-Onboarding/Employee_Personal_Details_Objects/Page_OrangeHRM/span_Male_oxd-radio-input oxd-radio-input--_b0de6e' is clicked on

27-12-2024T07:50:45 - [MESSAGE][PASSED] - Object: 'Object Repository/Employee-Onboarding/Employee_Personal_Details_Objects/Page_OrangeHRM/span_Male_oxd-radio-input oxd-radio-input--_b0de6e' is clicked on

27-12-2024T07:50:45 - [TEST_STEP][PASSED] - click(findTestObject("Object Repository/Employee-Onboarding/Employee_Personal_Details_Objects/Page_OrangeHRM/button_Save")): Object: 'Object Repository/Employee-Onboarding/Employee_Personal_Details_Objects/Page_OrangeHRM/button_Save' is clicked on

27-12-2024T07:50:45 - [MESSAGE][PASSED] - Object: 'Object Repository/Employee-Onboarding/Employee_Personal_Details_Objects/Page_OrangeHRM/button_Save' is clicked on]]></system-out>
         <system-err><![CDATA[]]></system-err>
      </testcase>
      <testcase name="Test Cases/Employee_Onboarding/TC_Employee_Person_Details" time="15.256" classname="Test Cases/Employee_Onboarding/TC_Employee_Person_Details" status="PASSED">
         <system-out><![CDATA[27-12-2024T07:50:45 - [TEST_CASE][PASSED] - Test Cases/Employee_Onboarding/TC_Employee_Person_Details: Test Cases/Employee_Onboarding/TC_Employee_Person_Details

27-12-2024T07:50:45 - [TEST_STEP][PASSED] - click(findTestObject("Object Repository/Employee-Onboarding/Employee_Personal_Details_Objects/Page_OrangeHRM/span_PIM")): Object: 'Object Repository/Employee-Onboarding/Employee_Personal_Details_Objects/Page_OrangeHRM/span_PIM' is clicked on

27-12-2024T07:50:47 - [MESSAGE][PASSED] - Object: 'Object Repository/Employee-Onboarding/Employee_Personal_Details_Objects/Page_OrangeHRM/span_PIM' is clicked on

27-12-2024T07:50:47 - [TEST_STEP][PASSED] - setText(findTestObject("Object Repository/Employee-Onboarding/Employee_Personal_Details_Objects/Page_OrangeHRM/input"), Employee_Fullname): Text 'Sandra Howard' is set on object 'Object Repository/Employee-Onboarding/Employee_Personal_Details_Objects/Page_OrangeHRM/input'

27-12-2024T07:50:49 - [MESSAGE][PASSED] - Text 'Sandra Howard' is set on object 'Object Repository/Employee-Onboarding/Employee_Personal_Details_Objects/Page_OrangeHRM/input'

27-12-2024T07:50:49 - [TEST_STEP][PASSED] - click(findTestObject("Object Repository/Employee-Onboarding/Employee_Personal_Details_Objects/Page_OrangeHRM/button_Search")): Object: 'Object Repository/Employee-Onboarding/Employee_Personal_Details_Objects/Page_OrangeHRM/button_Search' is clicked on

27-12-2024T07:50:50 - [MESSAGE][PASSED] - Object: 'Object Repository/Employee-Onboarding/Employee_Personal_Details_Objects/Page_OrangeHRM/button_Search' is clicked on

27-12-2024T07:50:50 - [TEST_STEP][PASSED] - click(findTestObject("Object Repository/Employee-Onboarding/Employee_Personal_Details_Objects/Page_OrangeHRM/div_0034008")): Object: 'Object Repository/Employee-Onboarding/Employee_Personal_Details_Objects/Page_OrangeHRM/div_0034008' is clicked on

27-12-2024T07:50:51 - [MESSAGE][PASSED] - Object: 'Object Repository/Employee-Onboarding/Employee_Personal_Details_Objects/Page_OrangeHRM/div_0034008' is clicked on

27-12-2024T07:50:51 - [TEST_STEP][PASSED] - click(findTestObject("Object Repository/Employee-Onboarding/Employee_Personal_Details_Objects/Page_OrangeHRM/a_Personal Details")): Object: 'Object Repository/Employee-Onboarding/Employee_Personal_Details_Objects/Page_OrangeHRM/a_Personal Details' is clicked on

27-12-2024T07:50:54 - [MESSAGE][PASSED] - Object: 'Object Repository/Employee-Onboarding/Employee_Personal_Details_Objects/Page_OrangeHRM/a_Personal Details' is clicked on

27-12-2024T07:50:54 - [TEST_STEP][PASSED] - setText(findTestObject("Object Repository/Employee-Onboarding/Employee_Personal_Details_Objects/Page_OrangeHRM/input_concat(Driver, , s License Number)_ox_6ab805"), Driving_License_Number): Text 'F3PSJQUA0E' is set on object 'Object Repository/Employee-Onboarding/Employee_Personal_Details_Objects/Page_OrangeHRM/input_concat(Driver, , s License Number)_ox_6ab805'

27-12-2024T07:50:57 - [MESSAGE][PASSED] - Text 'F3PSJQUA0E' is set on object 'Object Repository/Employee-Onboarding/Employee_Personal_Details_Objects/Page_OrangeHRM/input_concat(Driver, , s License Number)_ox_6ab805'

27-12-2024T07:50:57 - [TEST_STEP][PASSED] - setText(findTestObject("Object Repository/Employee-Onboarding/Employee_Personal_Details_Objects/Page_OrangeHRM/input_License Expiry Date_oxd-input oxd-inp_5d7d79"), License_Expiry_Date): Text '2025-12-12' is set on object 'Object Repository/Employee-Onboarding/Employee_Personal_Details_Objects/Page_OrangeHRM/input_License Expiry Date_oxd-input oxd-inp_5d7d79'

27-12-2024T07:50:57 - [MESSAGE][PASSED] - Text '2025-12-12' is set on object 'Object Repository/Employee-Onboarding/Employee_Personal_Details_Objects/Page_OrangeHRM/input_License Expiry Date_oxd-input oxd-inp_5d7d79'

27-12-2024T07:50:57 - [TEST_STEP][PASSED] - click(findTestObject("Object Repository/Employee-Onboarding/Employee_Personal_Details_Objects/Page_OrangeHRM/div_-- Select --")): Object: 'Object Repository/Employee-Onboarding/Employee_Personal_Details_Objects/Page_OrangeHRM/div_-- Select --' is clicked on

27-12-2024T07:50:58 - [MESSAGE][PASSED] - Object: 'Object Repository/Employee-Onboarding/Employee_Personal_Details_Objects/Page_OrangeHRM/div_-- Select --' is clicked on

27-12-2024T07:50:58 - [TEST_STEP][PASSED] - click(findTestObject("Employee-Onboarding/Employee_Salary_Detail_Objects/Page_OrangeHRM/custom_object_for_dropdown", ["value":Employee_Nationality])): Object: 'Object Repository/Employee-Onboarding/Employee_Salary_Detail_Objects/Page_OrangeHRM/custom_object_for_dropdown' is clicked on

27-12-2024T07:50:58 - [MESSAGE][PASSED] - Object: 'Object Repository/Employee-Onboarding/Employee_Salary_Detail_Objects/Page_OrangeHRM/custom_object_for_dropdown' is clicked on

27-12-2024T07:50:58 - [TEST_STEP][PASSED] - click(findTestObject("Object Repository/Employee-Onboarding/Employee_Personal_Details_Objects/Page_OrangeHRM/div_-- Select --_1")): Object: 'Object Repository/Employee-Onboarding/Employee_Personal_Details_Objects/Page_OrangeHRM/div_-- Select --_1' is clicked on

27-12-2024T07:50:59 - [MESSAGE][PASSED] - Object: 'Object Repository/Employee-Onboarding/Employee_Personal_Details_Objects/Page_OrangeHRM/div_-- Select --_1' is clicked on

27-12-2024T07:50:59 - [TEST_STEP][PASSED] - click(findTestObject("Employee-Onboarding/Employee_Salary_Detail_Objects/Page_OrangeHRM/custom_object_for_dropdown", ["value":Employee_Marital_Status])): Object: 'Object Repository/Employee-Onboarding/Employee_Salary_Detail_Objects/Page_OrangeHRM/custom_object_for_dropdown' is clicked on

27-12-2024T07:50:59 - [MESSAGE][PASSED] - Object: 'Object Repository/Employee-Onboarding/Employee_Salary_Detail_Objects/Page_OrangeHRM/custom_object_for_dropdown' is clicked on

27-12-2024T07:50:59 - [TEST_STEP][PASSED] - setText(findTestObject("Object Repository/Employee-Onboarding/Employee_Personal_Details_Objects/Page_OrangeHRM/input_Date of Birth_oxd-input oxd-input--focus"), Employee_DOB): Text '1975-11-09' is set on object 'Object Repository/Employee-Onboarding/Employee_Personal_Details_Objects/Page_OrangeHRM/input_Date of Birth_oxd-input oxd-input--focus'

27-12-2024T07:51:00 - [MESSAGE][PASSED] - Text '1975-11-09' is set on object 'Object Repository/Employee-Onboarding/Employee_Personal_Details_Objects/Page_OrangeHRM/input_Date of Birth_oxd-input oxd-input--focus'

27-12-2024T07:51:00 - [TEST_STEP][PASSED] - click(findTestObject("Object Repository/Employee-Onboarding/Employee_Personal_Details_Objects/Page_OrangeHRM/span_Male_oxd-radio-input oxd-radio-input--_b0de6e")): Object: 'Object Repository/Employee-Onboarding/Employee_Personal_Details_Objects/Page_OrangeHRM/span_Male_oxd-radio-input oxd-radio-input--_b0de6e' is clicked on

27-12-2024T07:51:00 - [MESSAGE][PASSED] - Object: 'Object Repository/Employee-Onboarding/Employee_Personal_Details_Objects/Page_OrangeHRM/span_Male_oxd-radio-input oxd-radio-input--_b0de6e' is clicked on

27-12-2024T07:51:00 - [TEST_STEP][PASSED] - click(findTestObject("Object Repository/Employee-Onboarding/Employee_Personal_Details_Objects/Page_OrangeHRM/button_Save")): Object: 'Object Repository/Employee-Onboarding/Employee_Personal_Details_Objects/Page_OrangeHRM/button_Save' is clicked on

27-12-2024T07:51:00 - [MESSAGE][PASSED] - Object: 'Object Repository/Employee-Onboarding/Employee_Personal_Details_Objects/Page_OrangeHRM/button_Save' is clicked on]]></system-out>
         <system-err><![CDATA[]]></system-err>
      </testcase>
      <testcase name="Test Cases/Employee_Onboarding/TC_Employee_Person_Details" time="15.802" classname="Test Cases/Employee_Onboarding/TC_Employee_Person_Details" status="PASSED">
         <system-out><![CDATA[27-12-2024T07:51:00 - [TEST_CASE][PASSED] - Test Cases/Employee_Onboarding/TC_Employee_Person_Details: Test Cases/Employee_Onboarding/TC_Employee_Person_Details

27-12-2024T07:51:00 - [TEST_STEP][PASSED] - click(findTestObject("Object Repository/Employee-Onboarding/Employee_Personal_Details_Objects/Page_OrangeHRM/span_PIM")): Object: 'Object Repository/Employee-Onboarding/Employee_Personal_Details_Objects/Page_OrangeHRM/span_PIM' is clicked on

27-12-2024T07:51:02 - [MESSAGE][PASSED] - Object: 'Object Repository/Employee-Onboarding/Employee_Personal_Details_Objects/Page_OrangeHRM/span_PIM' is clicked on

27-12-2024T07:51:02 - [TEST_STEP][PASSED] - setText(findTestObject("Object Repository/Employee-Onboarding/Employee_Personal_Details_Objects/Page_OrangeHRM/input"), Employee_Fullname): Text 'Nancy Brennan' is set on object 'Object Repository/Employee-Onboarding/Employee_Personal_Details_Objects/Page_OrangeHRM/input'

27-12-2024T07:51:04 - [MESSAGE][PASSED] - Text 'Nancy Brennan' is set on object 'Object Repository/Employee-Onboarding/Employee_Personal_Details_Objects/Page_OrangeHRM/input'

27-12-2024T07:51:04 - [TEST_STEP][PASSED] - click(findTestObject("Object Repository/Employee-Onboarding/Employee_Personal_Details_Objects/Page_OrangeHRM/button_Search")): Object: 'Object Repository/Employee-Onboarding/Employee_Personal_Details_Objects/Page_OrangeHRM/button_Search' is clicked on

27-12-2024T07:51:04 - [MESSAGE][PASSED] - Object: 'Object Repository/Employee-Onboarding/Employee_Personal_Details_Objects/Page_OrangeHRM/button_Search' is clicked on

27-12-2024T07:51:04 - [TEST_STEP][PASSED] - click(findTestObject("Object Repository/Employee-Onboarding/Employee_Personal_Details_Objects/Page_OrangeHRM/div_0034008")): Object: 'Object Repository/Employee-Onboarding/Employee_Personal_Details_Objects/Page_OrangeHRM/div_0034008' is clicked on

27-12-2024T07:51:06 - [MESSAGE][PASSED] - Object: 'Object Repository/Employee-Onboarding/Employee_Personal_Details_Objects/Page_OrangeHRM/div_0034008' is clicked on

27-12-2024T07:51:06 - [TEST_STEP][PASSED] - click(findTestObject("Object Repository/Employee-Onboarding/Employee_Personal_Details_Objects/Page_OrangeHRM/a_Personal Details")): Object: 'Object Repository/Employee-Onboarding/Employee_Personal_Details_Objects/Page_OrangeHRM/a_Personal Details' is clicked on

27-12-2024T07:51:09 - [MESSAGE][PASSED] - Object: 'Object Repository/Employee-Onboarding/Employee_Personal_Details_Objects/Page_OrangeHRM/a_Personal Details' is clicked on

27-12-2024T07:51:09 - [TEST_STEP][PASSED] - setText(findTestObject("Object Repository/Employee-Onboarding/Employee_Personal_Details_Objects/Page_OrangeHRM/input_concat(Driver, , s License Number)_ox_6ab805"), Driving_License_Number): Text 'SF01CQDGAX' is set on object 'Object Repository/Employee-Onboarding/Employee_Personal_Details_Objects/Page_OrangeHRM/input_concat(Driver, , s License Number)_ox_6ab805'

27-12-2024T07:51:13 - [MESSAGE][PASSED] - Text 'SF01CQDGAX' is set on object 'Object Repository/Employee-Onboarding/Employee_Personal_Details_Objects/Page_OrangeHRM/input_concat(Driver, , s License Number)_ox_6ab805'

27-12-2024T07:51:13 - [TEST_STEP][PASSED] - setText(findTestObject("Object Repository/Employee-Onboarding/Employee_Personal_Details_Objects/Page_OrangeHRM/input_License Expiry Date_oxd-input oxd-inp_5d7d79"), License_Expiry_Date): Text '2025-12-12' is set on object 'Object Repository/Employee-Onboarding/Employee_Personal_Details_Objects/Page_OrangeHRM/input_License Expiry Date_oxd-input oxd-inp_5d7d79'

27-12-2024T07:51:13 - [MESSAGE][PASSED] - Text '2025-12-12' is set on object 'Object Repository/Employee-Onboarding/Employee_Personal_Details_Objects/Page_OrangeHRM/input_License Expiry Date_oxd-input oxd-inp_5d7d79'

27-12-2024T07:51:13 - [TEST_STEP][PASSED] - click(findTestObject("Object Repository/Employee-Onboarding/Employee_Personal_Details_Objects/Page_OrangeHRM/div_-- Select --")): Object: 'Object Repository/Employee-Onboarding/Employee_Personal_Details_Objects/Page_OrangeHRM/div_-- Select --' is clicked on

27-12-2024T07:51:14 - [MESSAGE][PASSED] - Object: 'Object Repository/Employee-Onboarding/Employee_Personal_Details_Objects/Page_OrangeHRM/div_-- Select --' is clicked on

27-12-2024T07:51:14 - [TEST_STEP][PASSED] - click(findTestObject("Employee-Onboarding/Employee_Salary_Detail_Objects/Page_OrangeHRM/custom_object_for_dropdown", ["value":Employee_Nationality])): Object: 'Object Repository/Employee-Onboarding/Employee_Salary_Detail_Objects/Page_OrangeHRM/custom_object_for_dropdown' is clicked on

27-12-2024T07:51:14 - [MESSAGE][PASSED] - Object: 'Object Repository/Employee-Onboarding/Employee_Salary_Detail_Objects/Page_OrangeHRM/custom_object_for_dropdown' is clicked on

27-12-2024T07:51:14 - [TEST_STEP][PASSED] - click(findTestObject("Object Repository/Employee-Onboarding/Employee_Personal_Details_Objects/Page_OrangeHRM/div_-- Select --_1")): Object: 'Object Repository/Employee-Onboarding/Employee_Personal_Details_Objects/Page_OrangeHRM/div_-- Select --_1' is clicked on

27-12-2024T07:51:14 - [MESSAGE][PASSED] - Object: 'Object Repository/Employee-Onboarding/Employee_Personal_Details_Objects/Page_OrangeHRM/div_-- Select --_1' is clicked on

27-12-2024T07:51:14 - [TEST_STEP][PASSED] - click(findTestObject("Employee-Onboarding/Employee_Salary_Detail_Objects/Page_OrangeHRM/custom_object_for_dropdown", ["value":Employee_Marital_Status])): Object: 'Object Repository/Employee-Onboarding/Employee_Salary_Detail_Objects/Page_OrangeHRM/custom_object_for_dropdown' is clicked on

27-12-2024T07:51:15 - [MESSAGE][PASSED] - Object: 'Object Repository/Employee-Onboarding/Employee_Salary_Detail_Objects/Page_OrangeHRM/custom_object_for_dropdown' is clicked on

27-12-2024T07:51:15 - [TEST_STEP][PASSED] - setText(findTestObject("Object Repository/Employee-Onboarding/Employee_Personal_Details_Objects/Page_OrangeHRM/input_Date of Birth_oxd-input oxd-input--focus"), Employee_DOB): Text '1991-12-12' is set on object 'Object Repository/Employee-Onboarding/Employee_Personal_Details_Objects/Page_OrangeHRM/input_Date of Birth_oxd-input oxd-input--focus'

27-12-2024T07:51:16 - [MESSAGE][PASSED] - Text '1991-12-12' is set on object 'Object Repository/Employee-Onboarding/Employee_Personal_Details_Objects/Page_OrangeHRM/input_Date of Birth_oxd-input oxd-input--focus'

27-12-2024T07:51:16 - [TEST_STEP][PASSED] - click(findTestObject("Object Repository/Employee-Onboarding/Employee_Personal_Details_Objects/Page_OrangeHRM/span_Male_oxd-radio-input oxd-radio-input--_b0de6e")): Object: 'Object Repository/Employee-Onboarding/Employee_Personal_Details_Objects/Page_OrangeHRM/span_Male_oxd-radio-input oxd-radio-input--_b0de6e' is clicked on

27-12-2024T07:51:16 - [MESSAGE][PASSED] - Object: 'Object Repository/Employee-Onboarding/Employee_Personal_Details_Objects/Page_OrangeHRM/span_Male_oxd-radio-input oxd-radio-input--_b0de6e' is clicked on

27-12-2024T07:51:16 - [TEST_STEP][PASSED] - click(findTestObject("Object Repository/Employee-Onboarding/Employee_Personal_Details_Objects/Page_OrangeHRM/button_Save")): Object: 'Object Repository/Employee-Onboarding/Employee_Personal_Details_Objects/Page_OrangeHRM/button_Save' is clicked on

27-12-2024T07:51:16 - [MESSAGE][PASSED] - Object: 'Object Repository/Employee-Onboarding/Employee_Personal_Details_Objects/Page_OrangeHRM/button_Save' is clicked on]]></system-out>
         <system-err><![CDATA[]]></system-err>
      </testcase>
      <testcase name="Test Cases/Employee_Onboarding/TC_Employee_Person_Details" time="15.365" classname="Test Cases/Employee_Onboarding/TC_Employee_Person_Details" status="PASSED">
         <system-out><![CDATA[27-12-2024T07:51:16 - [TEST_CASE][PASSED] - Test Cases/Employee_Onboarding/TC_Employee_Person_Details: Test Cases/Employee_Onboarding/TC_Employee_Person_Details

27-12-2024T07:51:16 - [TEST_STEP][PASSED] - click(findTestObject("Object Repository/Employee-Onboarding/Employee_Personal_Details_Objects/Page_OrangeHRM/span_PIM")): Object: 'Object Repository/Employee-Onboarding/Employee_Personal_Details_Objects/Page_OrangeHRM/span_PIM' is clicked on

27-12-2024T07:51:18 - [MESSAGE][PASSED] - Object: 'Object Repository/Employee-Onboarding/Employee_Personal_Details_Objects/Page_OrangeHRM/span_PIM' is clicked on

27-12-2024T07:51:18 - [TEST_STEP][PASSED] - setText(findTestObject("Object Repository/Employee-Onboarding/Employee_Personal_Details_Objects/Page_OrangeHRM/input"), Employee_Fullname): Text 'Nathan Warren' is set on object 'Object Repository/Employee-Onboarding/Employee_Personal_Details_Objects/Page_OrangeHRM/input'

27-12-2024T07:51:20 - [MESSAGE][PASSED] - Text 'Nathan Warren' is set on object 'Object Repository/Employee-Onboarding/Employee_Personal_Details_Objects/Page_OrangeHRM/input'

27-12-2024T07:51:20 - [TEST_STEP][PASSED] - click(findTestObject("Object Repository/Employee-Onboarding/Employee_Personal_Details_Objects/Page_OrangeHRM/button_Search")): Object: 'Object Repository/Employee-Onboarding/Employee_Personal_Details_Objects/Page_OrangeHRM/button_Search' is clicked on

27-12-2024T07:51:20 - [MESSAGE][PASSED] - Object: 'Object Repository/Employee-Onboarding/Employee_Personal_Details_Objects/Page_OrangeHRM/button_Search' is clicked on

27-12-2024T07:51:20 - [TEST_STEP][PASSED] - click(findTestObject("Object Repository/Employee-Onboarding/Employee_Personal_Details_Objects/Page_OrangeHRM/div_0034008")): Object: 'Object Repository/Employee-Onboarding/Employee_Personal_Details_Objects/Page_OrangeHRM/div_0034008' is clicked on

27-12-2024T07:51:22 - [MESSAGE][PASSED] - Object: 'Object Repository/Employee-Onboarding/Employee_Personal_Details_Objects/Page_OrangeHRM/div_0034008' is clicked on

27-12-2024T07:51:22 - [TEST_STEP][PASSED] - click(findTestObject("Object Repository/Employee-Onboarding/Employee_Personal_Details_Objects/Page_OrangeHRM/a_Personal Details")): Object: 'Object Repository/Employee-Onboarding/Employee_Personal_Details_Objects/Page_OrangeHRM/a_Personal Details' is clicked on

27-12-2024T07:51:25 - [MESSAGE][PASSED] - Object: 'Object Repository/Employee-Onboarding/Employee_Personal_Details_Objects/Page_OrangeHRM/a_Personal Details' is clicked on

27-12-2024T07:51:25 - [TEST_STEP][PASSED] - setText(findTestObject("Object Repository/Employee-Onboarding/Employee_Personal_Details_Objects/Page_OrangeHRM/input_concat(Driver, , s License Number)_ox_6ab805"), Driving_License_Number): Text 'UM7CPMA5HW' is set on object 'Object Repository/Employee-Onboarding/Employee_Personal_Details_Objects/Page_OrangeHRM/input_concat(Driver, , s License Number)_ox_6ab805'

27-12-2024T07:51:28 - [MESSAGE][PASSED] - Text 'UM7CPMA5HW' is set on object 'Object Repository/Employee-Onboarding/Employee_Personal_Details_Objects/Page_OrangeHRM/input_concat(Driver, , s License Number)_ox_6ab805'

27-12-2024T07:51:28 - [TEST_STEP][PASSED] - setText(findTestObject("Object Repository/Employee-Onboarding/Employee_Personal_Details_Objects/Page_OrangeHRM/input_License Expiry Date_oxd-input oxd-inp_5d7d79"), License_Expiry_Date): Text '2025-12-12' is set on object 'Object Repository/Employee-Onboarding/Employee_Personal_Details_Objects/Page_OrangeHRM/input_License Expiry Date_oxd-input oxd-inp_5d7d79'

27-12-2024T07:51:29 - [MESSAGE][PASSED] - Text '2025-12-12' is set on object 'Object Repository/Employee-Onboarding/Employee_Personal_Details_Objects/Page_OrangeHRM/input_License Expiry Date_oxd-input oxd-inp_5d7d79'

27-12-2024T07:51:29 - [TEST_STEP][PASSED] - click(findTestObject("Object Repository/Employee-Onboarding/Employee_Personal_Details_Objects/Page_OrangeHRM/div_-- Select --")): Object: 'Object Repository/Employee-Onboarding/Employee_Personal_Details_Objects/Page_OrangeHRM/div_-- Select --' is clicked on

27-12-2024T07:51:29 - [MESSAGE][PASSED] - Object: 'Object Repository/Employee-Onboarding/Employee_Personal_Details_Objects/Page_OrangeHRM/div_-- Select --' is clicked on

27-12-2024T07:51:29 - [TEST_STEP][PASSED] - click(findTestObject("Employee-Onboarding/Employee_Salary_Detail_Objects/Page_OrangeHRM/custom_object_for_dropdown", ["value":Employee_Nationality])): Object: 'Object Repository/Employee-Onboarding/Employee_Salary_Detail_Objects/Page_OrangeHRM/custom_object_for_dropdown' is clicked on

27-12-2024T07:51:29 - [MESSAGE][PASSED] - Object: 'Object Repository/Employee-Onboarding/Employee_Salary_Detail_Objects/Page_OrangeHRM/custom_object_for_dropdown' is clicked on

27-12-2024T07:51:29 - [TEST_STEP][PASSED] - click(findTestObject("Object Repository/Employee-Onboarding/Employee_Personal_Details_Objects/Page_OrangeHRM/div_-- Select --_1")): Object: 'Object Repository/Employee-Onboarding/Employee_Personal_Details_Objects/Page_OrangeHRM/div_-- Select --_1' is clicked on

27-12-2024T07:51:30 - [MESSAGE][PASSED] - Object: 'Object Repository/Employee-Onboarding/Employee_Personal_Details_Objects/Page_OrangeHRM/div_-- Select --_1' is clicked on

27-12-2024T07:51:30 - [TEST_STEP][PASSED] - click(findTestObject("Employee-Onboarding/Employee_Salary_Detail_Objects/Page_OrangeHRM/custom_object_for_dropdown", ["value":Employee_Marital_Status])): Object: 'Object Repository/Employee-Onboarding/Employee_Salary_Detail_Objects/Page_OrangeHRM/custom_object_for_dropdown' is clicked on

27-12-2024T07:51:30 - [MESSAGE][PASSED] - Object: 'Object Repository/Employee-Onboarding/Employee_Salary_Detail_Objects/Page_OrangeHRM/custom_object_for_dropdown' is clicked on

27-12-2024T07:51:30 - [TEST_STEP][PASSED] - setText(findTestObject("Object Repository/Employee-Onboarding/Employee_Personal_Details_Objects/Page_OrangeHRM/input_Date of Birth_oxd-input oxd-input--focus"), Employee_DOB): Text '2002-05-08' is set on object 'Object Repository/Employee-Onboarding/Employee_Personal_Details_Objects/Page_OrangeHRM/input_Date of Birth_oxd-input oxd-input--focus'

27-12-2024T07:51:31 - [MESSAGE][PASSED] - Text '2002-05-08' is set on object 'Object Repository/Employee-Onboarding/Employee_Personal_Details_Objects/Page_OrangeHRM/input_Date of Birth_oxd-input oxd-input--focus'

27-12-2024T07:51:31 - [TEST_STEP][PASSED] - click(findTestObject("Object Repository/Employee-Onboarding/Employee_Personal_Details_Objects/Page_OrangeHRM/span_Male_oxd-radio-input oxd-radio-input--_b0de6e")): Object: 'Object Repository/Employee-Onboarding/Employee_Personal_Details_Objects/Page_OrangeHRM/span_Male_oxd-radio-input oxd-radio-input--_b0de6e' is clicked on

27-12-2024T07:51:31 - [MESSAGE][PASSED] - Object: 'Object Repository/Employee-Onboarding/Employee_Personal_Details_Objects/Page_OrangeHRM/span_Male_oxd-radio-input oxd-radio-input--_b0de6e' is clicked on

27-12-2024T07:51:31 - [TEST_STEP][PASSED] - click(findTestObject("Object Repository/Employee-Onboarding/Employee_Personal_Details_Objects/Page_OrangeHRM/button_Save")): Object: 'Object Repository/Employee-Onboarding/Employee_Personal_Details_Objects/Page_OrangeHRM/button_Save' is clicked on

27-12-2024T07:51:32 - [MESSAGE][PASSED] - Object: 'Object Repository/Employee-Onboarding/Employee_Personal_Details_Objects/Page_OrangeHRM/button_Save' is clicked on]]></system-out>
         <system-err><![CDATA[]]></system-err>
      </testcase>
      <testcase name="Test Cases/Employee_Onboarding/TC_Employee_Person_Details" time="15.002" classname="Test Cases/Employee_Onboarding/TC_Employee_Person_Details" status="PASSED">
         <system-out><![CDATA[27-12-2024T07:51:32 - [TEST_CASE][PASSED] - Test Cases/Employee_Onboarding/TC_Employee_Person_Details: Test Cases/Employee_Onboarding/TC_Employee_Person_Details

27-12-2024T07:51:32 - [TEST_STEP][PASSED] - click(findTestObject("Object Repository/Employee-Onboarding/Employee_Personal_Details_Objects/Page_OrangeHRM/span_PIM")): Object: 'Object Repository/Employee-Onboarding/Employee_Personal_Details_Objects/Page_OrangeHRM/span_PIM' is clicked on

27-12-2024T07:51:33 - [MESSAGE][PASSED] - Object: 'Object Repository/Employee-Onboarding/Employee_Personal_Details_Objects/Page_OrangeHRM/span_PIM' is clicked on

27-12-2024T07:51:33 - [TEST_STEP][PASSED] - setText(findTestObject("Object Repository/Employee-Onboarding/Employee_Personal_Details_Objects/Page_OrangeHRM/input"), Employee_Fullname): Text 'Keith Delgado' is set on object 'Object Repository/Employee-Onboarding/Employee_Personal_Details_Objects/Page_OrangeHRM/input'

27-12-2024T07:51:35 - [MESSAGE][PASSED] - Text 'Keith Delgado' is set on object 'Object Repository/Employee-Onboarding/Employee_Personal_Details_Objects/Page_OrangeHRM/input'

27-12-2024T07:51:35 - [TEST_STEP][PASSED] - click(findTestObject("Object Repository/Employee-Onboarding/Employee_Personal_Details_Objects/Page_OrangeHRM/button_Search")): Object: 'Object Repository/Employee-Onboarding/Employee_Personal_Details_Objects/Page_OrangeHRM/button_Search' is clicked on

27-12-2024T07:51:36 - [MESSAGE][PASSED] - Object: 'Object Repository/Employee-Onboarding/Employee_Personal_Details_Objects/Page_OrangeHRM/button_Search' is clicked on

27-12-2024T07:51:36 - [TEST_STEP][PASSED] - click(findTestObject("Object Repository/Employee-Onboarding/Employee_Personal_Details_Objects/Page_OrangeHRM/div_0034008")): Object: 'Object Repository/Employee-Onboarding/Employee_Personal_Details_Objects/Page_OrangeHRM/div_0034008' is clicked on

27-12-2024T07:51:37 - [MESSAGE][PASSED] - Object: 'Object Repository/Employee-Onboarding/Employee_Personal_Details_Objects/Page_OrangeHRM/div_0034008' is clicked on

27-12-2024T07:51:37 - [TEST_STEP][PASSED] - click(findTestObject("Object Repository/Employee-Onboarding/Employee_Personal_Details_Objects/Page_OrangeHRM/a_Personal Details")): Object: 'Object Repository/Employee-Onboarding/Employee_Personal_Details_Objects/Page_OrangeHRM/a_Personal Details' is clicked on

27-12-2024T07:51:40 - [MESSAGE][PASSED] - Object: 'Object Repository/Employee-Onboarding/Employee_Personal_Details_Objects/Page_OrangeHRM/a_Personal Details' is clicked on

27-12-2024T07:51:40 - [TEST_STEP][PASSED] - setText(findTestObject("Object Repository/Employee-Onboarding/Employee_Personal_Details_Objects/Page_OrangeHRM/input_concat(Driver, , s License Number)_ox_6ab805"), Driving_License_Number): Text '9UAWK0RL43' is set on object 'Object Repository/Employee-Onboarding/Employee_Personal_Details_Objects/Page_OrangeHRM/input_concat(Driver, , s License Number)_ox_6ab805'

27-12-2024T07:51:43 - [MESSAGE][PASSED] - Text '9UAWK0RL43' is set on object 'Object Repository/Employee-Onboarding/Employee_Personal_Details_Objects/Page_OrangeHRM/input_concat(Driver, , s License Number)_ox_6ab805'

27-12-2024T07:51:43 - [TEST_STEP][PASSED] - setText(findTestObject("Object Repository/Employee-Onboarding/Employee_Personal_Details_Objects/Page_OrangeHRM/input_License Expiry Date_oxd-input oxd-inp_5d7d79"), License_Expiry_Date): Text '2025-12-12' is set on object 'Object Repository/Employee-Onboarding/Employee_Personal_Details_Objects/Page_OrangeHRM/input_License Expiry Date_oxd-input oxd-inp_5d7d79'

27-12-2024T07:51:44 - [MESSAGE][PASSED] - Text '2025-12-12' is set on object 'Object Repository/Employee-Onboarding/Employee_Personal_Details_Objects/Page_OrangeHRM/input_License Expiry Date_oxd-input oxd-inp_5d7d79'

27-12-2024T07:51:44 - [TEST_STEP][PASSED] - click(findTestObject("Object Repository/Employee-Onboarding/Employee_Personal_Details_Objects/Page_OrangeHRM/div_-- Select --")): Object: 'Object Repository/Employee-Onboarding/Employee_Personal_Details_Objects/Page_OrangeHRM/div_-- Select --' is clicked on

27-12-2024T07:51:44 - [MESSAGE][PASSED] - Object: 'Object Repository/Employee-Onboarding/Employee_Personal_Details_Objects/Page_OrangeHRM/div_-- Select --' is clicked on

27-12-2024T07:51:44 - [TEST_STEP][PASSED] - click(findTestObject("Employee-Onboarding/Employee_Salary_Detail_Objects/Page_OrangeHRM/custom_object_for_dropdown", ["value":Employee_Nationality])): Object: 'Object Repository/Employee-Onboarding/Employee_Salary_Detail_Objects/Page_OrangeHRM/custom_object_for_dropdown' is clicked on

27-12-2024T07:51:44 - [MESSAGE][PASSED] - Object: 'Object Repository/Employee-Onboarding/Employee_Salary_Detail_Objects/Page_OrangeHRM/custom_object_for_dropdown' is clicked on

27-12-2024T07:51:44 - [TEST_STEP][PASSED] - click(findTestObject("Object Repository/Employee-Onboarding/Employee_Personal_Details_Objects/Page_OrangeHRM/div_-- Select --_1")): Object: 'Object Repository/Employee-Onboarding/Employee_Personal_Details_Objects/Page_OrangeHRM/div_-- Select --_1' is clicked on

27-12-2024T07:51:45 - [MESSAGE][PASSED] - Object: 'Object Repository/Employee-Onboarding/Employee_Personal_Details_Objects/Page_OrangeHRM/div_-- Select --_1' is clicked on

27-12-2024T07:51:45 - [TEST_STEP][PASSED] - click(findTestObject("Employee-Onboarding/Employee_Salary_Detail_Objects/Page_OrangeHRM/custom_object_for_dropdown", ["value":Employee_Marital_Status])): Object: 'Object Repository/Employee-Onboarding/Employee_Salary_Detail_Objects/Page_OrangeHRM/custom_object_for_dropdown' is clicked on

27-12-2024T07:51:45 - [MESSAGE][PASSED] - Object: 'Object Repository/Employee-Onboarding/Employee_Salary_Detail_Objects/Page_OrangeHRM/custom_object_for_dropdown' is clicked on

27-12-2024T07:51:45 - [TEST_STEP][PASSED] - setText(findTestObject("Object Repository/Employee-Onboarding/Employee_Personal_Details_Objects/Page_OrangeHRM/input_Date of Birth_oxd-input oxd-input--focus"), Employee_DOB): Text '1965-07-21' is set on object 'Object Repository/Employee-Onboarding/Employee_Personal_Details_Objects/Page_OrangeHRM/input_Date of Birth_oxd-input oxd-input--focus'

27-12-2024T07:51:46 - [MESSAGE][PASSED] - Text '1965-07-21' is set on object 'Object Repository/Employee-Onboarding/Employee_Personal_Details_Objects/Page_OrangeHRM/input_Date of Birth_oxd-input oxd-input--focus'

27-12-2024T07:51:46 - [TEST_STEP][PASSED] - click(findTestObject("Object Repository/Employee-Onboarding/Employee_Personal_Details_Objects/Page_OrangeHRM/span_Male_oxd-radio-input oxd-radio-input--_b0de6e")): Object: 'Object Repository/Employee-Onboarding/Employee_Personal_Details_Objects/Page_OrangeHRM/span_Male_oxd-radio-input oxd-radio-input--_b0de6e' is clicked on

27-12-2024T07:51:46 - [MESSAGE][PASSED] - Object: 'Object Repository/Employee-Onboarding/Employee_Personal_Details_Objects/Page_OrangeHRM/span_Male_oxd-radio-input oxd-radio-input--_b0de6e' is clicked on

27-12-2024T07:51:46 - [TEST_STEP][PASSED] - click(findTestObject("Object Repository/Employee-Onboarding/Employee_Personal_Details_Objects/Page_OrangeHRM/button_Save")): Object: 'Object Repository/Employee-Onboarding/Employee_Personal_Details_Objects/Page_OrangeHRM/button_Save' is clicked on

27-12-2024T07:51:47 - [MESSAGE][PASSED] - Object: 'Object Repository/Employee-Onboarding/Employee_Personal_Details_Objects/Page_OrangeHRM/button_Save' is clicked on]]></system-out>
         <system-err><![CDATA[]]></system-err>
      </testcase>
      <testcase name="Test Cases/Employee_Onboarding/TC_Employee_Person_Details" time="15.003" classname="Test Cases/Employee_Onboarding/TC_Employee_Person_Details" status="PASSED">
         <system-out><![CDATA[27-12-2024T07:51:47 - [TEST_CASE][PASSED] - Test Cases/Employee_Onboarding/TC_Employee_Person_Details: Test Cases/Employee_Onboarding/TC_Employee_Person_Details

27-12-2024T07:51:47 - [TEST_STEP][PASSED] - click(findTestObject("Object Repository/Employee-Onboarding/Employee_Personal_Details_Objects/Page_OrangeHRM/span_PIM")): Object: 'Object Repository/Employee-Onboarding/Employee_Personal_Details_Objects/Page_OrangeHRM/span_PIM' is clicked on

27-12-2024T07:51:48 - [MESSAGE][PASSED] - Object: 'Object Repository/Employee-Onboarding/Employee_Personal_Details_Objects/Page_OrangeHRM/span_PIM' is clicked on

27-12-2024T07:51:48 - [TEST_STEP][PASSED] - setText(findTestObject("Object Repository/Employee-Onboarding/Employee_Personal_Details_Objects/Page_OrangeHRM/input"), Employee_Fullname): Text 'Victor Mclaughlin' is set on object 'Object Repository/Employee-Onboarding/Employee_Personal_Details_Objects/Page_OrangeHRM/input'

27-12-2024T07:51:51 - [MESSAGE][PASSED] - Text 'Victor Mclaughlin' is set on object 'Object Repository/Employee-Onboarding/Employee_Personal_Details_Objects/Page_OrangeHRM/input'

27-12-2024T07:51:51 - [TEST_STEP][PASSED] - click(findTestObject("Object Repository/Employee-Onboarding/Employee_Personal_Details_Objects/Page_OrangeHRM/button_Search")): Object: 'Object Repository/Employee-Onboarding/Employee_Personal_Details_Objects/Page_OrangeHRM/button_Search' is clicked on

27-12-2024T07:51:51 - [MESSAGE][PASSED] - Object: 'Object Repository/Employee-Onboarding/Employee_Personal_Details_Objects/Page_OrangeHRM/button_Search' is clicked on

27-12-2024T07:51:51 - [TEST_STEP][PASSED] - click(findTestObject("Object Repository/Employee-Onboarding/Employee_Personal_Details_Objects/Page_OrangeHRM/div_0034008")): Object: 'Object Repository/Employee-Onboarding/Employee_Personal_Details_Objects/Page_OrangeHRM/div_0034008' is clicked on

27-12-2024T07:51:53 - [MESSAGE][PASSED] - Object: 'Object Repository/Employee-Onboarding/Employee_Personal_Details_Objects/Page_OrangeHRM/div_0034008' is clicked on

27-12-2024T07:51:53 - [TEST_STEP][PASSED] - click(findTestObject("Object Repository/Employee-Onboarding/Employee_Personal_Details_Objects/Page_OrangeHRM/a_Personal Details")): Object: 'Object Repository/Employee-Onboarding/Employee_Personal_Details_Objects/Page_OrangeHRM/a_Personal Details' is clicked on

27-12-2024T07:51:56 - [MESSAGE][PASSED] - Object: 'Object Repository/Employee-Onboarding/Employee_Personal_Details_Objects/Page_OrangeHRM/a_Personal Details' is clicked on

27-12-2024T07:51:56 - [TEST_STEP][PASSED] - setText(findTestObject("Object Repository/Employee-Onboarding/Employee_Personal_Details_Objects/Page_OrangeHRM/input_concat(Driver, , s License Number)_ox_6ab805"), Driving_License_Number): Text 'SDTEXYVI5F' is set on object 'Object Repository/Employee-Onboarding/Employee_Personal_Details_Objects/Page_OrangeHRM/input_concat(Driver, , s License Number)_ox_6ab805'

27-12-2024T07:51:58 - [MESSAGE][PASSED] - Text 'SDTEXYVI5F' is set on object 'Object Repository/Employee-Onboarding/Employee_Personal_Details_Objects/Page_OrangeHRM/input_concat(Driver, , s License Number)_ox_6ab805'

27-12-2024T07:51:58 - [TEST_STEP][PASSED] - setText(findTestObject("Object Repository/Employee-Onboarding/Employee_Personal_Details_Objects/Page_OrangeHRM/input_License Expiry Date_oxd-input oxd-inp_5d7d79"), License_Expiry_Date): Text '2025-12-12' is set on object 'Object Repository/Employee-Onboarding/Employee_Personal_Details_Objects/Page_OrangeHRM/input_License Expiry Date_oxd-input oxd-inp_5d7d79'

27-12-2024T07:51:59 - [MESSAGE][PASSED] - Text '2025-12-12' is set on object 'Object Repository/Employee-Onboarding/Employee_Personal_Details_Objects/Page_OrangeHRM/input_License Expiry Date_oxd-input oxd-inp_5d7d79'

27-12-2024T07:51:59 - [TEST_STEP][PASSED] - click(findTestObject("Object Repository/Employee-Onboarding/Employee_Personal_Details_Objects/Page_OrangeHRM/div_-- Select --")): Object: 'Object Repository/Employee-Onboarding/Employee_Personal_Details_Objects/Page_OrangeHRM/div_-- Select --' is clicked on

27-12-2024T07:51:59 - [MESSAGE][PASSED] - Object: 'Object Repository/Employee-Onboarding/Employee_Personal_Details_Objects/Page_OrangeHRM/div_-- Select --' is clicked on

27-12-2024T07:51:59 - [TEST_STEP][PASSED] - click(findTestObject("Employee-Onboarding/Employee_Salary_Detail_Objects/Page_OrangeHRM/custom_object_for_dropdown", ["value":Employee_Nationality])): Object: 'Object Repository/Employee-Onboarding/Employee_Salary_Detail_Objects/Page_OrangeHRM/custom_object_for_dropdown' is clicked on

27-12-2024T07:51:59 - [MESSAGE][PASSED] - Object: 'Object Repository/Employee-Onboarding/Employee_Salary_Detail_Objects/Page_OrangeHRM/custom_object_for_dropdown' is clicked on

27-12-2024T07:51:59 - [TEST_STEP][PASSED] - click(findTestObject("Object Repository/Employee-Onboarding/Employee_Personal_Details_Objects/Page_OrangeHRM/div_-- Select --_1")): Object: 'Object Repository/Employee-Onboarding/Employee_Personal_Details_Objects/Page_OrangeHRM/div_-- Select --_1' is clicked on

27-12-2024T07:52:00 - [MESSAGE][PASSED] - Object: 'Object Repository/Employee-Onboarding/Employee_Personal_Details_Objects/Page_OrangeHRM/div_-- Select --_1' is clicked on

27-12-2024T07:52:00 - [TEST_STEP][PASSED] - click(findTestObject("Employee-Onboarding/Employee_Salary_Detail_Objects/Page_OrangeHRM/custom_object_for_dropdown", ["value":Employee_Marital_Status])): Object: 'Object Repository/Employee-Onboarding/Employee_Salary_Detail_Objects/Page_OrangeHRM/custom_object_for_dropdown' is clicked on

27-12-2024T07:52:00 - [MESSAGE][PASSED] - Object: 'Object Repository/Employee-Onboarding/Employee_Salary_Detail_Objects/Page_OrangeHRM/custom_object_for_dropdown' is clicked on

27-12-2024T07:52:00 - [TEST_STEP][PASSED] - setText(findTestObject("Object Repository/Employee-Onboarding/Employee_Personal_Details_Objects/Page_OrangeHRM/input_Date of Birth_oxd-input oxd-input--focus"), Employee_DOB): Text '1982-11-06' is set on object 'Object Repository/Employee-Onboarding/Employee_Personal_Details_Objects/Page_OrangeHRM/input_Date of Birth_oxd-input oxd-input--focus'

27-12-2024T07:52:01 - [MESSAGE][PASSED] - Text '1982-11-06' is set on object 'Object Repository/Employee-Onboarding/Employee_Personal_Details_Objects/Page_OrangeHRM/input_Date of Birth_oxd-input oxd-input--focus'

27-12-2024T07:52:01 - [TEST_STEP][PASSED] - click(findTestObject("Object Repository/Employee-Onboarding/Employee_Personal_Details_Objects/Page_OrangeHRM/span_Male_oxd-radio-input oxd-radio-input--_b0de6e")): Object: 'Object Repository/Employee-Onboarding/Employee_Personal_Details_Objects/Page_OrangeHRM/span_Male_oxd-radio-input oxd-radio-input--_b0de6e' is clicked on

27-12-2024T07:52:01 - [MESSAGE][PASSED] - Object: 'Object Repository/Employee-Onboarding/Employee_Personal_Details_Objects/Page_OrangeHRM/span_Male_oxd-radio-input oxd-radio-input--_b0de6e' is clicked on

27-12-2024T07:52:01 - [TEST_STEP][PASSED] - click(findTestObject("Object Repository/Employee-Onboarding/Employee_Personal_Details_Objects/Page_OrangeHRM/button_Save")): Object: 'Object Repository/Employee-Onboarding/Employee_Personal_Details_Objects/Page_OrangeHRM/button_Save' is clicked on

27-12-2024T07:52:02 - [MESSAGE][PASSED] - Object: 'Object Repository/Employee-Onboarding/Employee_Personal_Details_Objects/Page_OrangeHRM/button_Save' is clicked on]]></system-out>
         <system-err><![CDATA[]]></system-err>
      </testcase>
      <testcase name="Test Cases/Employee_Onboarding/TC_Employee_Person_Details" time="14.429" classname="Test Cases/Employee_Onboarding/TC_Employee_Person_Details" status="PASSED">
         <system-out><![CDATA[27-12-2024T07:52:02 - [TEST_CASE][PASSED] - Test Cases/Employee_Onboarding/TC_Employee_Person_Details: Test Cases/Employee_Onboarding/TC_Employee_Person_Details

27-12-2024T07:52:02 - [TEST_STEP][PASSED] - click(findTestObject("Object Repository/Employee-Onboarding/Employee_Personal_Details_Objects/Page_OrangeHRM/span_PIM")): Object: 'Object Repository/Employee-Onboarding/Employee_Personal_Details_Objects/Page_OrangeHRM/span_PIM' is clicked on

27-12-2024T07:52:03 - [MESSAGE][PASSED] - Object: 'Object Repository/Employee-Onboarding/Employee_Personal_Details_Objects/Page_OrangeHRM/span_PIM' is clicked on

27-12-2024T07:52:03 - [TEST_STEP][PASSED] - setText(findTestObject("Object Repository/Employee-Onboarding/Employee_Personal_Details_Objects/Page_OrangeHRM/input"), Employee_Fullname): Text 'Grace Sims' is set on object 'Object Repository/Employee-Onboarding/Employee_Personal_Details_Objects/Page_OrangeHRM/input'

27-12-2024T07:52:05 - [MESSAGE][PASSED] - Text 'Grace Sims' is set on object 'Object Repository/Employee-Onboarding/Employee_Personal_Details_Objects/Page_OrangeHRM/input'

27-12-2024T07:52:05 - [TEST_STEP][PASSED] - click(findTestObject("Object Repository/Employee-Onboarding/Employee_Personal_Details_Objects/Page_OrangeHRM/button_Search")): Object: 'Object Repository/Employee-Onboarding/Employee_Personal_Details_Objects/Page_OrangeHRM/button_Search' is clicked on

27-12-2024T07:52:06 - [MESSAGE][PASSED] - Object: 'Object Repository/Employee-Onboarding/Employee_Personal_Details_Objects/Page_OrangeHRM/button_Search' is clicked on

27-12-2024T07:52:06 - [TEST_STEP][PASSED] - click(findTestObject("Object Repository/Employee-Onboarding/Employee_Personal_Details_Objects/Page_OrangeHRM/div_0034008")): Object: 'Object Repository/Employee-Onboarding/Employee_Personal_Details_Objects/Page_OrangeHRM/div_0034008' is clicked on

27-12-2024T07:52:07 - [MESSAGE][PASSED] - Object: 'Object Repository/Employee-Onboarding/Employee_Personal_Details_Objects/Page_OrangeHRM/div_0034008' is clicked on

27-12-2024T07:52:07 - [TEST_STEP][PASSED] - click(findTestObject("Object Repository/Employee-Onboarding/Employee_Personal_Details_Objects/Page_OrangeHRM/a_Personal Details")): Object: 'Object Repository/Employee-Onboarding/Employee_Personal_Details_Objects/Page_OrangeHRM/a_Personal Details' is clicked on

27-12-2024T07:52:10 - [MESSAGE][PASSED] - Object: 'Object Repository/Employee-Onboarding/Employee_Personal_Details_Objects/Page_OrangeHRM/a_Personal Details' is clicked on

27-12-2024T07:52:10 - [TEST_STEP][PASSED] - setText(findTestObject("Object Repository/Employee-Onboarding/Employee_Personal_Details_Objects/Page_OrangeHRM/input_concat(Driver, , s License Number)_ox_6ab805"), Driving_License_Number): Text 'P1EIX6BX7R' is set on object 'Object Repository/Employee-Onboarding/Employee_Personal_Details_Objects/Page_OrangeHRM/input_concat(Driver, , s License Number)_ox_6ab805'

27-12-2024T07:52:13 - [MESSAGE][PASSED] - Text 'P1EIX6BX7R' is set on object 'Object Repository/Employee-Onboarding/Employee_Personal_Details_Objects/Page_OrangeHRM/input_concat(Driver, , s License Number)_ox_6ab805'

27-12-2024T07:52:13 - [TEST_STEP][PASSED] - setText(findTestObject("Object Repository/Employee-Onboarding/Employee_Personal_Details_Objects/Page_OrangeHRM/input_License Expiry Date_oxd-input oxd-inp_5d7d79"), License_Expiry_Date): Text '2025-12-12' is set on object 'Object Repository/Employee-Onboarding/Employee_Personal_Details_Objects/Page_OrangeHRM/input_License Expiry Date_oxd-input oxd-inp_5d7d79'

27-12-2024T07:52:13 - [MESSAGE][PASSED] - Text '2025-12-12' is set on object 'Object Repository/Employee-Onboarding/Employee_Personal_Details_Objects/Page_OrangeHRM/input_License Expiry Date_oxd-input oxd-inp_5d7d79'

27-12-2024T07:52:13 - [TEST_STEP][PASSED] - click(findTestObject("Object Repository/Employee-Onboarding/Employee_Personal_Details_Objects/Page_OrangeHRM/div_-- Select --")): Object: 'Object Repository/Employee-Onboarding/Employee_Personal_Details_Objects/Page_OrangeHRM/div_-- Select --' is clicked on

27-12-2024T07:52:13 - [MESSAGE][PASSED] - Object: 'Object Repository/Employee-Onboarding/Employee_Personal_Details_Objects/Page_OrangeHRM/div_-- Select --' is clicked on

27-12-2024T07:52:13 - [TEST_STEP][PASSED] - click(findTestObject("Employee-Onboarding/Employee_Salary_Detail_Objects/Page_OrangeHRM/custom_object_for_dropdown", ["value":Employee_Nationality])): Object: 'Object Repository/Employee-Onboarding/Employee_Salary_Detail_Objects/Page_OrangeHRM/custom_object_for_dropdown' is clicked on

27-12-2024T07:52:14 - [MESSAGE][PASSED] - Object: 'Object Repository/Employee-Onboarding/Employee_Salary_Detail_Objects/Page_OrangeHRM/custom_object_for_dropdown' is clicked on

27-12-2024T07:52:14 - [TEST_STEP][PASSED] - click(findTestObject("Object Repository/Employee-Onboarding/Employee_Personal_Details_Objects/Page_OrangeHRM/div_-- Select --_1")): Object: 'Object Repository/Employee-Onboarding/Employee_Personal_Details_Objects/Page_OrangeHRM/div_-- Select --_1' is clicked on

27-12-2024T07:52:14 - [MESSAGE][PASSED] - Object: 'Object Repository/Employee-Onboarding/Employee_Personal_Details_Objects/Page_OrangeHRM/div_-- Select --_1' is clicked on

27-12-2024T07:52:14 - [TEST_STEP][PASSED] - click(findTestObject("Employee-Onboarding/Employee_Salary_Detail_Objects/Page_OrangeHRM/custom_object_for_dropdown", ["value":Employee_Marital_Status])): Object: 'Object Repository/Employee-Onboarding/Employee_Salary_Detail_Objects/Page_OrangeHRM/custom_object_for_dropdown' is clicked on

27-12-2024T07:52:15 - [MESSAGE][PASSED] - Object: 'Object Repository/Employee-Onboarding/Employee_Salary_Detail_Objects/Page_OrangeHRM/custom_object_for_dropdown' is clicked on

27-12-2024T07:52:15 - [TEST_STEP][PASSED] - setText(findTestObject("Object Repository/Employee-Onboarding/Employee_Personal_Details_Objects/Page_OrangeHRM/input_Date of Birth_oxd-input oxd-input--focus"), Employee_DOB): Text '1989-03-27' is set on object 'Object Repository/Employee-Onboarding/Employee_Personal_Details_Objects/Page_OrangeHRM/input_Date of Birth_oxd-input oxd-input--focus'

27-12-2024T07:52:15 - [MESSAGE][PASSED] - Text '1989-03-27' is set on object 'Object Repository/Employee-Onboarding/Employee_Personal_Details_Objects/Page_OrangeHRM/input_Date of Birth_oxd-input oxd-input--focus'

27-12-2024T07:52:15 - [TEST_STEP][PASSED] - click(findTestObject("Object Repository/Employee-Onboarding/Employee_Personal_Details_Objects/Page_OrangeHRM/span_Male_oxd-radio-input oxd-radio-input--_b0de6e")): Object: 'Object Repository/Employee-Onboarding/Employee_Personal_Details_Objects/Page_OrangeHRM/span_Male_oxd-radio-input oxd-radio-input--_b0de6e' is clicked on

27-12-2024T07:52:16 - [MESSAGE][PASSED] - Object: 'Object Repository/Employee-Onboarding/Employee_Personal_Details_Objects/Page_OrangeHRM/span_Male_oxd-radio-input oxd-radio-input--_b0de6e' is clicked on

27-12-2024T07:52:16 - [TEST_STEP][PASSED] - click(findTestObject("Object Repository/Employee-Onboarding/Employee_Personal_Details_Objects/Page_OrangeHRM/button_Save")): Object: 'Object Repository/Employee-Onboarding/Employee_Personal_Details_Objects/Page_OrangeHRM/button_Save' is clicked on

27-12-2024T07:52:16 - [MESSAGE][PASSED] - Object: 'Object Repository/Employee-Onboarding/Employee_Personal_Details_Objects/Page_OrangeHRM/button_Save' is clicked on]]></system-out>
         <system-err><![CDATA[]]></system-err>
      </testcase>
      <testcase name="Test Cases/Employee_Onboarding/TC_Employee_Person_Details" time="15.124" classname="Test Cases/Employee_Onboarding/TC_Employee_Person_Details" status="PASSED">
         <system-out><![CDATA[27-12-2024T07:52:16 - [TEST_CASE][PASSED] - Test Cases/Employee_Onboarding/TC_Employee_Person_Details: Test Cases/Employee_Onboarding/TC_Employee_Person_Details

27-12-2024T07:52:16 - [TEST_STEP][PASSED] - click(findTestObject("Object Repository/Employee-Onboarding/Employee_Personal_Details_Objects/Page_OrangeHRM/span_PIM")): Object: 'Object Repository/Employee-Onboarding/Employee_Personal_Details_Objects/Page_OrangeHRM/span_PIM' is clicked on

27-12-2024T07:52:18 - [MESSAGE][PASSED] - Object: 'Object Repository/Employee-Onboarding/Employee_Personal_Details_Objects/Page_OrangeHRM/span_PIM' is clicked on

27-12-2024T07:52:18 - [TEST_STEP][PASSED] - setText(findTestObject("Object Repository/Employee-Onboarding/Employee_Personal_Details_Objects/Page_OrangeHRM/input"), Employee_Fullname): Text 'Rodney Williams' is set on object 'Object Repository/Employee-Onboarding/Employee_Personal_Details_Objects/Page_OrangeHRM/input'

27-12-2024T07:52:20 - [MESSAGE][PASSED] - Text 'Rodney Williams' is set on object 'Object Repository/Employee-Onboarding/Employee_Personal_Details_Objects/Page_OrangeHRM/input'

27-12-2024T07:52:20 - [TEST_STEP][PASSED] - click(findTestObject("Object Repository/Employee-Onboarding/Employee_Personal_Details_Objects/Page_OrangeHRM/button_Search")): Object: 'Object Repository/Employee-Onboarding/Employee_Personal_Details_Objects/Page_OrangeHRM/button_Search' is clicked on

27-12-2024T07:52:20 - [MESSAGE][PASSED] - Object: 'Object Repository/Employee-Onboarding/Employee_Personal_Details_Objects/Page_OrangeHRM/button_Search' is clicked on

27-12-2024T07:52:20 - [TEST_STEP][PASSED] - click(findTestObject("Object Repository/Employee-Onboarding/Employee_Personal_Details_Objects/Page_OrangeHRM/div_0034008")): Object: 'Object Repository/Employee-Onboarding/Employee_Personal_Details_Objects/Page_OrangeHRM/div_0034008' is clicked on

27-12-2024T07:52:22 - [MESSAGE][PASSED] - Object: 'Object Repository/Employee-Onboarding/Employee_Personal_Details_Objects/Page_OrangeHRM/div_0034008' is clicked on

27-12-2024T07:52:22 - [TEST_STEP][PASSED] - click(findTestObject("Object Repository/Employee-Onboarding/Employee_Personal_Details_Objects/Page_OrangeHRM/a_Personal Details")): Object: 'Object Repository/Employee-Onboarding/Employee_Personal_Details_Objects/Page_OrangeHRM/a_Personal Details' is clicked on

27-12-2024T07:52:25 - [MESSAGE][PASSED] - Object: 'Object Repository/Employee-Onboarding/Employee_Personal_Details_Objects/Page_OrangeHRM/a_Personal Details' is clicked on

27-12-2024T07:52:25 - [TEST_STEP][PASSED] - setText(findTestObject("Object Repository/Employee-Onboarding/Employee_Personal_Details_Objects/Page_OrangeHRM/input_concat(Driver, , s License Number)_ox_6ab805"), Driving_License_Number): Text 'W0GDQPRLB8' is set on object 'Object Repository/Employee-Onboarding/Employee_Personal_Details_Objects/Page_OrangeHRM/input_concat(Driver, , s License Number)_ox_6ab805'

27-12-2024T07:52:28 - [MESSAGE][PASSED] - Text 'W0GDQPRLB8' is set on object 'Object Repository/Employee-Onboarding/Employee_Personal_Details_Objects/Page_OrangeHRM/input_concat(Driver, , s License Number)_ox_6ab805'

27-12-2024T07:52:28 - [TEST_STEP][PASSED] - setText(findTestObject("Object Repository/Employee-Onboarding/Employee_Personal_Details_Objects/Page_OrangeHRM/input_License Expiry Date_oxd-input oxd-inp_5d7d79"), License_Expiry_Date): Text '2025-12-12' is set on object 'Object Repository/Employee-Onboarding/Employee_Personal_Details_Objects/Page_OrangeHRM/input_License Expiry Date_oxd-input oxd-inp_5d7d79'

27-12-2024T07:52:28 - [MESSAGE][PASSED] - Text '2025-12-12' is set on object 'Object Repository/Employee-Onboarding/Employee_Personal_Details_Objects/Page_OrangeHRM/input_License Expiry Date_oxd-input oxd-inp_5d7d79'

27-12-2024T07:52:28 - [TEST_STEP][PASSED] - click(findTestObject("Object Repository/Employee-Onboarding/Employee_Personal_Details_Objects/Page_OrangeHRM/div_-- Select --")): Object: 'Object Repository/Employee-Onboarding/Employee_Personal_Details_Objects/Page_OrangeHRM/div_-- Select --' is clicked on

27-12-2024T07:52:28 - [MESSAGE][PASSED] - Object: 'Object Repository/Employee-Onboarding/Employee_Personal_Details_Objects/Page_OrangeHRM/div_-- Select --' is clicked on

27-12-2024T07:52:28 - [TEST_STEP][PASSED] - click(findTestObject("Employee-Onboarding/Employee_Salary_Detail_Objects/Page_OrangeHRM/custom_object_for_dropdown", ["value":Employee_Nationality])): Object: 'Object Repository/Employee-Onboarding/Employee_Salary_Detail_Objects/Page_OrangeHRM/custom_object_for_dropdown' is clicked on

27-12-2024T07:52:29 - [MESSAGE][PASSED] - Object: 'Object Repository/Employee-Onboarding/Employee_Salary_Detail_Objects/Page_OrangeHRM/custom_object_for_dropdown' is clicked on

27-12-2024T07:52:29 - [TEST_STEP][PASSED] - click(findTestObject("Object Repository/Employee-Onboarding/Employee_Personal_Details_Objects/Page_OrangeHRM/div_-- Select --_1")): Object: 'Object Repository/Employee-Onboarding/Employee_Personal_Details_Objects/Page_OrangeHRM/div_-- Select --_1' is clicked on

27-12-2024T07:52:29 - [MESSAGE][PASSED] - Object: 'Object Repository/Employee-Onboarding/Employee_Personal_Details_Objects/Page_OrangeHRM/div_-- Select --_1' is clicked on

27-12-2024T07:52:29 - [TEST_STEP][PASSED] - click(findTestObject("Employee-Onboarding/Employee_Salary_Detail_Objects/Page_OrangeHRM/custom_object_for_dropdown", ["value":Employee_Marital_Status])): Object: 'Object Repository/Employee-Onboarding/Employee_Salary_Detail_Objects/Page_OrangeHRM/custom_object_for_dropdown' is clicked on

27-12-2024T07:52:30 - [MESSAGE][PASSED] - Object: 'Object Repository/Employee-Onboarding/Employee_Salary_Detail_Objects/Page_OrangeHRM/custom_object_for_dropdown' is clicked on

27-12-2024T07:52:30 - [TEST_STEP][PASSED] - setText(findTestObject("Object Repository/Employee-Onboarding/Employee_Personal_Details_Objects/Page_OrangeHRM/input_Date of Birth_oxd-input oxd-input--focus"), Employee_DOB): Text '2004-03-16' is set on object 'Object Repository/Employee-Onboarding/Employee_Personal_Details_Objects/Page_OrangeHRM/input_Date of Birth_oxd-input oxd-input--focus'

27-12-2024T07:52:31 - [MESSAGE][PASSED] - Text '2004-03-16' is set on object 'Object Repository/Employee-Onboarding/Employee_Personal_Details_Objects/Page_OrangeHRM/input_Date of Birth_oxd-input oxd-input--focus'

27-12-2024T07:52:31 - [TEST_STEP][PASSED] - click(findTestObject("Object Repository/Employee-Onboarding/Employee_Personal_Details_Objects/Page_OrangeHRM/span_Male_oxd-radio-input oxd-radio-input--_b0de6e")): Object: 'Object Repository/Employee-Onboarding/Employee_Personal_Details_Objects/Page_OrangeHRM/span_Male_oxd-radio-input oxd-radio-input--_b0de6e' is clicked on

27-12-2024T07:52:31 - [MESSAGE][PASSED] - Object: 'Object Repository/Employee-Onboarding/Employee_Personal_Details_Objects/Page_OrangeHRM/span_Male_oxd-radio-input oxd-radio-input--_b0de6e' is clicked on

27-12-2024T07:52:31 - [TEST_STEP][PASSED] - click(findTestObject("Object Repository/Employee-Onboarding/Employee_Personal_Details_Objects/Page_OrangeHRM/button_Save")): Object: 'Object Repository/Employee-Onboarding/Employee_Personal_Details_Objects/Page_OrangeHRM/button_Save' is clicked on

27-12-2024T07:52:31 - [MESSAGE][PASSED] - Object: 'Object Repository/Employee-Onboarding/Employee_Personal_Details_Objects/Page_OrangeHRM/button_Save' is clicked on]]></system-out>
         <system-err><![CDATA[]]></system-err>
      </testcase>
      <testcase name="Test Cases/Employee_Onboarding/TC_Employee_Person_Details" time="14.827" classname="Test Cases/Employee_Onboarding/TC_Employee_Person_Details" status="PASSED">
         <system-out><![CDATA[27-12-2024T07:52:31 - [TEST_CASE][PASSED] - Test Cases/Employee_Onboarding/TC_Employee_Person_Details: Test Cases/Employee_Onboarding/TC_Employee_Person_Details

27-12-2024T07:52:31 - [TEST_STEP][PASSED] - click(findTestObject("Object Repository/Employee-Onboarding/Employee_Personal_Details_Objects/Page_OrangeHRM/span_PIM")): Object: 'Object Repository/Employee-Onboarding/Employee_Personal_Details_Objects/Page_OrangeHRM/span_PIM' is clicked on

27-12-2024T07:52:33 - [MESSAGE][PASSED] - Object: 'Object Repository/Employee-Onboarding/Employee_Personal_Details_Objects/Page_OrangeHRM/span_PIM' is clicked on

27-12-2024T07:52:33 - [TEST_STEP][PASSED] - setText(findTestObject("Object Repository/Employee-Onboarding/Employee_Personal_Details_Objects/Page_OrangeHRM/input"), Employee_Fullname): Text 'Marie Harrison' is set on object 'Object Repository/Employee-Onboarding/Employee_Personal_Details_Objects/Page_OrangeHRM/input'

27-12-2024T07:52:35 - [MESSAGE][PASSED] - Text 'Marie Harrison' is set on object 'Object Repository/Employee-Onboarding/Employee_Personal_Details_Objects/Page_OrangeHRM/input'

27-12-2024T07:52:35 - [TEST_STEP][PASSED] - click(findTestObject("Object Repository/Employee-Onboarding/Employee_Personal_Details_Objects/Page_OrangeHRM/button_Search")): Object: 'Object Repository/Employee-Onboarding/Employee_Personal_Details_Objects/Page_OrangeHRM/button_Search' is clicked on

27-12-2024T07:52:35 - [MESSAGE][PASSED] - Object: 'Object Repository/Employee-Onboarding/Employee_Personal_Details_Objects/Page_OrangeHRM/button_Search' is clicked on

27-12-2024T07:52:35 - [TEST_STEP][PASSED] - click(findTestObject("Object Repository/Employee-Onboarding/Employee_Personal_Details_Objects/Page_OrangeHRM/div_0034008")): Object: 'Object Repository/Employee-Onboarding/Employee_Personal_Details_Objects/Page_OrangeHRM/div_0034008' is clicked on

27-12-2024T07:52:37 - [MESSAGE][PASSED] - Object: 'Object Repository/Employee-Onboarding/Employee_Personal_Details_Objects/Page_OrangeHRM/div_0034008' is clicked on

27-12-2024T07:52:37 - [TEST_STEP][PASSED] - click(findTestObject("Object Repository/Employee-Onboarding/Employee_Personal_Details_Objects/Page_OrangeHRM/a_Personal Details")): Object: 'Object Repository/Employee-Onboarding/Employee_Personal_Details_Objects/Page_OrangeHRM/a_Personal Details' is clicked on

27-12-2024T07:52:40 - [MESSAGE][PASSED] - Object: 'Object Repository/Employee-Onboarding/Employee_Personal_Details_Objects/Page_OrangeHRM/a_Personal Details' is clicked on

27-12-2024T07:52:40 - [TEST_STEP][PASSED] - setText(findTestObject("Object Repository/Employee-Onboarding/Employee_Personal_Details_Objects/Page_OrangeHRM/input_concat(Driver, , s License Number)_ox_6ab805"), Driving_License_Number): Text 'CT5WYZOLH1' is set on object 'Object Repository/Employee-Onboarding/Employee_Personal_Details_Objects/Page_OrangeHRM/input_concat(Driver, , s License Number)_ox_6ab805'

27-12-2024T07:52:43 - [MESSAGE][PASSED] - Text 'CT5WYZOLH1' is set on object 'Object Repository/Employee-Onboarding/Employee_Personal_Details_Objects/Page_OrangeHRM/input_concat(Driver, , s License Number)_ox_6ab805'

27-12-2024T07:52:43 - [TEST_STEP][PASSED] - setText(findTestObject("Object Repository/Employee-Onboarding/Employee_Personal_Details_Objects/Page_OrangeHRM/input_License Expiry Date_oxd-input oxd-inp_5d7d79"), License_Expiry_Date): Text '2025-12-12' is set on object 'Object Repository/Employee-Onboarding/Employee_Personal_Details_Objects/Page_OrangeHRM/input_License Expiry Date_oxd-input oxd-inp_5d7d79'

27-12-2024T07:52:43 - [MESSAGE][PASSED] - Text '2025-12-12' is set on object 'Object Repository/Employee-Onboarding/Employee_Personal_Details_Objects/Page_OrangeHRM/input_License Expiry Date_oxd-input oxd-inp_5d7d79'

27-12-2024T07:52:43 - [TEST_STEP][PASSED] - click(findTestObject("Object Repository/Employee-Onboarding/Employee_Personal_Details_Objects/Page_OrangeHRM/div_-- Select --")): Object: 'Object Repository/Employee-Onboarding/Employee_Personal_Details_Objects/Page_OrangeHRM/div_-- Select --' is clicked on

27-12-2024T07:52:43 - [MESSAGE][PASSED] - Object: 'Object Repository/Employee-Onboarding/Employee_Personal_Details_Objects/Page_OrangeHRM/div_-- Select --' is clicked on

27-12-2024T07:52:43 - [TEST_STEP][PASSED] - click(findTestObject("Employee-Onboarding/Employee_Salary_Detail_Objects/Page_OrangeHRM/custom_object_for_dropdown", ["value":Employee_Nationality])): Object: 'Object Repository/Employee-Onboarding/Employee_Salary_Detail_Objects/Page_OrangeHRM/custom_object_for_dropdown' is clicked on

27-12-2024T07:52:44 - [MESSAGE][PASSED] - Object: 'Object Repository/Employee-Onboarding/Employee_Salary_Detail_Objects/Page_OrangeHRM/custom_object_for_dropdown' is clicked on

27-12-2024T07:52:44 - [TEST_STEP][PASSED] - click(findTestObject("Object Repository/Employee-Onboarding/Employee_Personal_Details_Objects/Page_OrangeHRM/div_-- Select --_1")): Object: 'Object Repository/Employee-Onboarding/Employee_Personal_Details_Objects/Page_OrangeHRM/div_-- Select --_1' is clicked on

27-12-2024T07:52:44 - [MESSAGE][PASSED] - Object: 'Object Repository/Employee-Onboarding/Employee_Personal_Details_Objects/Page_OrangeHRM/div_-- Select --_1' is clicked on

27-12-2024T07:52:44 - [TEST_STEP][PASSED] - click(findTestObject("Employee-Onboarding/Employee_Salary_Detail_Objects/Page_OrangeHRM/custom_object_for_dropdown", ["value":Employee_Marital_Status])): Object: 'Object Repository/Employee-Onboarding/Employee_Salary_Detail_Objects/Page_OrangeHRM/custom_object_for_dropdown' is clicked on

27-12-2024T07:52:45 - [MESSAGE][PASSED] - Object: 'Object Repository/Employee-Onboarding/Employee_Salary_Detail_Objects/Page_OrangeHRM/custom_object_for_dropdown' is clicked on

27-12-2024T07:52:45 - [TEST_STEP][PASSED] - setText(findTestObject("Object Repository/Employee-Onboarding/Employee_Personal_Details_Objects/Page_OrangeHRM/input_Date of Birth_oxd-input oxd-input--focus"), Employee_DOB): Text '1970-01-19' is set on object 'Object Repository/Employee-Onboarding/Employee_Personal_Details_Objects/Page_OrangeHRM/input_Date of Birth_oxd-input oxd-input--focus'

27-12-2024T07:52:45 - [MESSAGE][PASSED] - Text '1970-01-19' is set on object 'Object Repository/Employee-Onboarding/Employee_Personal_Details_Objects/Page_OrangeHRM/input_Date of Birth_oxd-input oxd-input--focus'

27-12-2024T07:52:45 - [TEST_STEP][PASSED] - click(findTestObject("Object Repository/Employee-Onboarding/Employee_Personal_Details_Objects/Page_OrangeHRM/span_Male_oxd-radio-input oxd-radio-input--_b0de6e")): Object: 'Object Repository/Employee-Onboarding/Employee_Personal_Details_Objects/Page_OrangeHRM/span_Male_oxd-radio-input oxd-radio-input--_b0de6e' is clicked on

27-12-2024T07:52:46 - [MESSAGE][PASSED] - Object: 'Object Repository/Employee-Onboarding/Employee_Personal_Details_Objects/Page_OrangeHRM/span_Male_oxd-radio-input oxd-radio-input--_b0de6e' is clicked on

27-12-2024T07:52:46 - [TEST_STEP][PASSED] - click(findTestObject("Object Repository/Employee-Onboarding/Employee_Personal_Details_Objects/Page_OrangeHRM/button_Save")): Object: 'Object Repository/Employee-Onboarding/Employee_Personal_Details_Objects/Page_OrangeHRM/button_Save' is clicked on

27-12-2024T07:52:46 - [MESSAGE][PASSED] - Object: 'Object Repository/Employee-Onboarding/Employee_Personal_Details_Objects/Page_OrangeHRM/button_Save' is clicked on]]></system-out>
         <system-err><![CDATA[]]></system-err>
      </testcase>
      <testcase name="Test Cases/Employee_Onboarding/TC_Employee_Person_Details" time="14.594" classname="Test Cases/Employee_Onboarding/TC_Employee_Person_Details" status="PASSED">
         <system-out><![CDATA[27-12-2024T07:52:46 - [TEST_CASE][PASSED] - Test Cases/Employee_Onboarding/TC_Employee_Person_Details: Test Cases/Employee_Onboarding/TC_Employee_Person_Details

27-12-2024T07:52:46 - [TEST_STEP][PASSED] - click(findTestObject("Object Repository/Employee-Onboarding/Employee_Personal_Details_Objects/Page_OrangeHRM/span_PIM")): Object: 'Object Repository/Employee-Onboarding/Employee_Personal_Details_Objects/Page_OrangeHRM/span_PIM' is clicked on

27-12-2024T07:52:48 - [MESSAGE][PASSED] - Object: 'Object Repository/Employee-Onboarding/Employee_Personal_Details_Objects/Page_OrangeHRM/span_PIM' is clicked on

27-12-2024T07:52:48 - [TEST_STEP][PASSED] - setText(findTestObject("Object Repository/Employee-Onboarding/Employee_Personal_Details_Objects/Page_OrangeHRM/input"), Employee_Fullname): Text 'Steven Tate' is set on object 'Object Repository/Employee-Onboarding/Employee_Personal_Details_Objects/Page_OrangeHRM/input'

27-12-2024T07:52:50 - [MESSAGE][PASSED] - Text 'Steven Tate' is set on object 'Object Repository/Employee-Onboarding/Employee_Personal_Details_Objects/Page_OrangeHRM/input'

27-12-2024T07:52:50 - [TEST_STEP][PASSED] - click(findTestObject("Object Repository/Employee-Onboarding/Employee_Personal_Details_Objects/Page_OrangeHRM/button_Search")): Object: 'Object Repository/Employee-Onboarding/Employee_Personal_Details_Objects/Page_OrangeHRM/button_Search' is clicked on

27-12-2024T07:52:50 - [MESSAGE][PASSED] - Object: 'Object Repository/Employee-Onboarding/Employee_Personal_Details_Objects/Page_OrangeHRM/button_Search' is clicked on

27-12-2024T07:52:50 - [TEST_STEP][PASSED] - click(findTestObject("Object Repository/Employee-Onboarding/Employee_Personal_Details_Objects/Page_OrangeHRM/div_0034008")): Object: 'Object Repository/Employee-Onboarding/Employee_Personal_Details_Objects/Page_OrangeHRM/div_0034008' is clicked on

27-12-2024T07:52:52 - [MESSAGE][PASSED] - Object: 'Object Repository/Employee-Onboarding/Employee_Personal_Details_Objects/Page_OrangeHRM/div_0034008' is clicked on

27-12-2024T07:52:52 - [TEST_STEP][PASSED] - click(findTestObject("Object Repository/Employee-Onboarding/Employee_Personal_Details_Objects/Page_OrangeHRM/a_Personal Details")): Object: 'Object Repository/Employee-Onboarding/Employee_Personal_Details_Objects/Page_OrangeHRM/a_Personal Details' is clicked on

27-12-2024T07:52:55 - [MESSAGE][PASSED] - Object: 'Object Repository/Employee-Onboarding/Employee_Personal_Details_Objects/Page_OrangeHRM/a_Personal Details' is clicked on

27-12-2024T07:52:55 - [TEST_STEP][PASSED] - setText(findTestObject("Object Repository/Employee-Onboarding/Employee_Personal_Details_Objects/Page_OrangeHRM/input_concat(Driver, , s License Number)_ox_6ab805"), Driving_License_Number): Text 'WHJ4XUF76T' is set on object 'Object Repository/Employee-Onboarding/Employee_Personal_Details_Objects/Page_OrangeHRM/input_concat(Driver, , s License Number)_ox_6ab805'

27-12-2024T07:52:57 - [MESSAGE][PASSED] - Text 'WHJ4XUF76T' is set on object 'Object Repository/Employee-Onboarding/Employee_Personal_Details_Objects/Page_OrangeHRM/input_concat(Driver, , s License Number)_ox_6ab805'

27-12-2024T07:52:57 - [TEST_STEP][PASSED] - setText(findTestObject("Object Repository/Employee-Onboarding/Employee_Personal_Details_Objects/Page_OrangeHRM/input_License Expiry Date_oxd-input oxd-inp_5d7d79"), License_Expiry_Date): Text '2025-12-12' is set on object 'Object Repository/Employee-Onboarding/Employee_Personal_Details_Objects/Page_OrangeHRM/input_License Expiry Date_oxd-input oxd-inp_5d7d79'

27-12-2024T07:52:58 - [MESSAGE][PASSED] - Text '2025-12-12' is set on object 'Object Repository/Employee-Onboarding/Employee_Personal_Details_Objects/Page_OrangeHRM/input_License Expiry Date_oxd-input oxd-inp_5d7d79'

27-12-2024T07:52:58 - [TEST_STEP][PASSED] - click(findTestObject("Object Repository/Employee-Onboarding/Employee_Personal_Details_Objects/Page_OrangeHRM/div_-- Select --")): Object: 'Object Repository/Employee-Onboarding/Employee_Personal_Details_Objects/Page_OrangeHRM/div_-- Select --' is clicked on

27-12-2024T07:52:58 - [MESSAGE][PASSED] - Object: 'Object Repository/Employee-Onboarding/Employee_Personal_Details_Objects/Page_OrangeHRM/div_-- Select --' is clicked on

27-12-2024T07:52:58 - [TEST_STEP][PASSED] - click(findTestObject("Employee-Onboarding/Employee_Salary_Detail_Objects/Page_OrangeHRM/custom_object_for_dropdown", ["value":Employee_Nationality])): Object: 'Object Repository/Employee-Onboarding/Employee_Salary_Detail_Objects/Page_OrangeHRM/custom_object_for_dropdown' is clicked on

27-12-2024T07:52:58 - [MESSAGE][PASSED] - Object: 'Object Repository/Employee-Onboarding/Employee_Salary_Detail_Objects/Page_OrangeHRM/custom_object_for_dropdown' is clicked on

27-12-2024T07:52:58 - [TEST_STEP][PASSED] - click(findTestObject("Object Repository/Employee-Onboarding/Employee_Personal_Details_Objects/Page_OrangeHRM/div_-- Select --_1")): Object: 'Object Repository/Employee-Onboarding/Employee_Personal_Details_Objects/Page_OrangeHRM/div_-- Select --_1' is clicked on

27-12-2024T07:52:59 - [MESSAGE][PASSED] - Object: 'Object Repository/Employee-Onboarding/Employee_Personal_Details_Objects/Page_OrangeHRM/div_-- Select --_1' is clicked on

27-12-2024T07:52:59 - [TEST_STEP][PASSED] - click(findTestObject("Employee-Onboarding/Employee_Salary_Detail_Objects/Page_OrangeHRM/custom_object_for_dropdown", ["value":Employee_Marital_Status])): Object: 'Object Repository/Employee-Onboarding/Employee_Salary_Detail_Objects/Page_OrangeHRM/custom_object_for_dropdown' is clicked on

27-12-2024T07:52:59 - [MESSAGE][PASSED] - Object: 'Object Repository/Employee-Onboarding/Employee_Salary_Detail_Objects/Page_OrangeHRM/custom_object_for_dropdown' is clicked on

27-12-2024T07:52:59 - [TEST_STEP][PASSED] - setText(findTestObject("Object Repository/Employee-Onboarding/Employee_Personal_Details_Objects/Page_OrangeHRM/input_Date of Birth_oxd-input oxd-input--focus"), Employee_DOB): Text '1967-03-14' is set on object 'Object Repository/Employee-Onboarding/Employee_Personal_Details_Objects/Page_OrangeHRM/input_Date of Birth_oxd-input oxd-input--focus'

27-12-2024T07:53:00 - [MESSAGE][PASSED] - Text '1967-03-14' is set on object 'Object Repository/Employee-Onboarding/Employee_Personal_Details_Objects/Page_OrangeHRM/input_Date of Birth_oxd-input oxd-input--focus'

27-12-2024T07:53:00 - [TEST_STEP][PASSED] - click(findTestObject("Object Repository/Employee-Onboarding/Employee_Personal_Details_Objects/Page_OrangeHRM/span_Male_oxd-radio-input oxd-radio-input--_b0de6e")): Object: 'Object Repository/Employee-Onboarding/Employee_Personal_Details_Objects/Page_OrangeHRM/span_Male_oxd-radio-input oxd-radio-input--_b0de6e' is clicked on

27-12-2024T07:53:00 - [MESSAGE][PASSED] - Object: 'Object Repository/Employee-Onboarding/Employee_Personal_Details_Objects/Page_OrangeHRM/span_Male_oxd-radio-input oxd-radio-input--_b0de6e' is clicked on

27-12-2024T07:53:00 - [TEST_STEP][PASSED] - click(findTestObject("Object Repository/Employee-Onboarding/Employee_Personal_Details_Objects/Page_OrangeHRM/button_Save")): Object: 'Object Repository/Employee-Onboarding/Employee_Personal_Details_Objects/Page_OrangeHRM/button_Save' is clicked on

27-12-2024T07:53:01 - [MESSAGE][PASSED] - Object: 'Object Repository/Employee-Onboarding/Employee_Personal_Details_Objects/Page_OrangeHRM/button_Save' is clicked on]]></system-out>
         <system-err><![CDATA[]]></system-err>
      </testcase>
      <testcase name="Test Cases/Employee_Onboarding/TC_Employee_Person_Details" time="14.725" classname="Test Cases/Employee_Onboarding/TC_Employee_Person_Details" status="PASSED">
         <system-out><![CDATA[27-12-2024T07:53:01 - [TEST_CASE][PASSED] - Test Cases/Employee_Onboarding/TC_Employee_Person_Details: Test Cases/Employee_Onboarding/TC_Employee_Person_Details

27-12-2024T07:53:01 - [TEST_STEP][PASSED] - click(findTestObject("Object Repository/Employee-Onboarding/Employee_Personal_Details_Objects/Page_OrangeHRM/span_PIM")): Object: 'Object Repository/Employee-Onboarding/Employee_Personal_Details_Objects/Page_OrangeHRM/span_PIM' is clicked on

27-12-2024T07:53:02 - [MESSAGE][PASSED] - Object: 'Object Repository/Employee-Onboarding/Employee_Personal_Details_Objects/Page_OrangeHRM/span_PIM' is clicked on

27-12-2024T07:53:02 - [TEST_STEP][PASSED] - setText(findTestObject("Object Repository/Employee-Onboarding/Employee_Personal_Details_Objects/Page_OrangeHRM/input"), Employee_Fullname): Text 'Jeffrey Mercado' is set on object 'Object Repository/Employee-Onboarding/Employee_Personal_Details_Objects/Page_OrangeHRM/input'

27-12-2024T07:53:04 - [MESSAGE][PASSED] - Text 'Jeffrey Mercado' is set on object 'Object Repository/Employee-Onboarding/Employee_Personal_Details_Objects/Page_OrangeHRM/input'

27-12-2024T07:53:04 - [TEST_STEP][PASSED] - click(findTestObject("Object Repository/Employee-Onboarding/Employee_Personal_Details_Objects/Page_OrangeHRM/button_Search")): Object: 'Object Repository/Employee-Onboarding/Employee_Personal_Details_Objects/Page_OrangeHRM/button_Search' is clicked on

27-12-2024T07:53:05 - [MESSAGE][PASSED] - Object: 'Object Repository/Employee-Onboarding/Employee_Personal_Details_Objects/Page_OrangeHRM/button_Search' is clicked on

27-12-2024T07:53:05 - [TEST_STEP][PASSED] - click(findTestObject("Object Repository/Employee-Onboarding/Employee_Personal_Details_Objects/Page_OrangeHRM/div_0034008")): Object: 'Object Repository/Employee-Onboarding/Employee_Personal_Details_Objects/Page_OrangeHRM/div_0034008' is clicked on

27-12-2024T07:53:06 - [MESSAGE][PASSED] - Object: 'Object Repository/Employee-Onboarding/Employee_Personal_Details_Objects/Page_OrangeHRM/div_0034008' is clicked on

27-12-2024T07:53:06 - [TEST_STEP][PASSED] - click(findTestObject("Object Repository/Employee-Onboarding/Employee_Personal_Details_Objects/Page_OrangeHRM/a_Personal Details")): Object: 'Object Repository/Employee-Onboarding/Employee_Personal_Details_Objects/Page_OrangeHRM/a_Personal Details' is clicked on

27-12-2024T07:53:09 - [MESSAGE][PASSED] - Object: 'Object Repository/Employee-Onboarding/Employee_Personal_Details_Objects/Page_OrangeHRM/a_Personal Details' is clicked on

27-12-2024T07:53:09 - [TEST_STEP][PASSED] - setText(findTestObject("Object Repository/Employee-Onboarding/Employee_Personal_Details_Objects/Page_OrangeHRM/input_concat(Driver, , s License Number)_ox_6ab805"), Driving_License_Number): Text '0QG7W6GM86' is set on object 'Object Repository/Employee-Onboarding/Employee_Personal_Details_Objects/Page_OrangeHRM/input_concat(Driver, , s License Number)_ox_6ab805'

27-12-2024T07:53:12 - [MESSAGE][PASSED] - Text '0QG7W6GM86' is set on object 'Object Repository/Employee-Onboarding/Employee_Personal_Details_Objects/Page_OrangeHRM/input_concat(Driver, , s License Number)_ox_6ab805'

27-12-2024T07:53:12 - [TEST_STEP][PASSED] - setText(findTestObject("Object Repository/Employee-Onboarding/Employee_Personal_Details_Objects/Page_OrangeHRM/input_License Expiry Date_oxd-input oxd-inp_5d7d79"), License_Expiry_Date): Text '2025-12-12' is set on object 'Object Repository/Employee-Onboarding/Employee_Personal_Details_Objects/Page_OrangeHRM/input_License Expiry Date_oxd-input oxd-inp_5d7d79'

27-12-2024T07:53:12 - [MESSAGE][PASSED] - Text '2025-12-12' is set on object 'Object Repository/Employee-Onboarding/Employee_Personal_Details_Objects/Page_OrangeHRM/input_License Expiry Date_oxd-input oxd-inp_5d7d79'

27-12-2024T07:53:12 - [TEST_STEP][PASSED] - click(findTestObject("Object Repository/Employee-Onboarding/Employee_Personal_Details_Objects/Page_OrangeHRM/div_-- Select --")): Object: 'Object Repository/Employee-Onboarding/Employee_Personal_Details_Objects/Page_OrangeHRM/div_-- Select --' is clicked on

27-12-2024T07:53:13 - [MESSAGE][PASSED] - Object: 'Object Repository/Employee-Onboarding/Employee_Personal_Details_Objects/Page_OrangeHRM/div_-- Select --' is clicked on

27-12-2024T07:53:13 - [TEST_STEP][PASSED] - click(findTestObject("Employee-Onboarding/Employee_Salary_Detail_Objects/Page_OrangeHRM/custom_object_for_dropdown", ["value":Employee_Nationality])): Object: 'Object Repository/Employee-Onboarding/Employee_Salary_Detail_Objects/Page_OrangeHRM/custom_object_for_dropdown' is clicked on

27-12-2024T07:53:13 - [MESSAGE][PASSED] - Object: 'Object Repository/Employee-Onboarding/Employee_Salary_Detail_Objects/Page_OrangeHRM/custom_object_for_dropdown' is clicked on

27-12-2024T07:53:13 - [TEST_STEP][PASSED] - click(findTestObject("Object Repository/Employee-Onboarding/Employee_Personal_Details_Objects/Page_OrangeHRM/div_-- Select --_1")): Object: 'Object Repository/Employee-Onboarding/Employee_Personal_Details_Objects/Page_OrangeHRM/div_-- Select --_1' is clicked on

27-12-2024T07:53:14 - [MESSAGE][PASSED] - Object: 'Object Repository/Employee-Onboarding/Employee_Personal_Details_Objects/Page_OrangeHRM/div_-- Select --_1' is clicked on

27-12-2024T07:53:14 - [TEST_STEP][PASSED] - click(findTestObject("Employee-Onboarding/Employee_Salary_Detail_Objects/Page_OrangeHRM/custom_object_for_dropdown", ["value":Employee_Marital_Status])): Object: 'Object Repository/Employee-Onboarding/Employee_Salary_Detail_Objects/Page_OrangeHRM/custom_object_for_dropdown' is clicked on

27-12-2024T07:53:14 - [MESSAGE][PASSED] - Object: 'Object Repository/Employee-Onboarding/Employee_Salary_Detail_Objects/Page_OrangeHRM/custom_object_for_dropdown' is clicked on

27-12-2024T07:53:14 - [TEST_STEP][PASSED] - setText(findTestObject("Object Repository/Employee-Onboarding/Employee_Personal_Details_Objects/Page_OrangeHRM/input_Date of Birth_oxd-input oxd-input--focus"), Employee_DOB): Text '2001-01-20' is set on object 'Object Repository/Employee-Onboarding/Employee_Personal_Details_Objects/Page_OrangeHRM/input_Date of Birth_oxd-input oxd-input--focus'

27-12-2024T07:53:15 - [MESSAGE][PASSED] - Text '2001-01-20' is set on object 'Object Repository/Employee-Onboarding/Employee_Personal_Details_Objects/Page_OrangeHRM/input_Date of Birth_oxd-input oxd-input--focus'

27-12-2024T07:53:15 - [TEST_STEP][PASSED] - click(findTestObject("Object Repository/Employee-Onboarding/Employee_Personal_Details_Objects/Page_OrangeHRM/span_Male_oxd-radio-input oxd-radio-input--_b0de6e")): Object: 'Object Repository/Employee-Onboarding/Employee_Personal_Details_Objects/Page_OrangeHRM/span_Male_oxd-radio-input oxd-radio-input--_b0de6e' is clicked on

27-12-2024T07:53:15 - [MESSAGE][PASSED] - Object: 'Object Repository/Employee-Onboarding/Employee_Personal_Details_Objects/Page_OrangeHRM/span_Male_oxd-radio-input oxd-radio-input--_b0de6e' is clicked on

27-12-2024T07:53:15 - [TEST_STEP][PASSED] - click(findTestObject("Object Repository/Employee-Onboarding/Employee_Personal_Details_Objects/Page_OrangeHRM/button_Save")): Object: 'Object Repository/Employee-Onboarding/Employee_Personal_Details_Objects/Page_OrangeHRM/button_Save' is clicked on

27-12-2024T07:53:15 - [MESSAGE][PASSED] - Object: 'Object Repository/Employee-Onboarding/Employee_Personal_Details_Objects/Page_OrangeHRM/button_Save' is clicked on]]></system-out>
         <system-err><![CDATA[]]></system-err>
      </testcase>
      <testcase name="Test Cases/Employee_Onboarding/TC_Employee_Person_Details" time="15.142" classname="Test Cases/Employee_Onboarding/TC_Employee_Person_Details" status="PASSED">
         <system-out><![CDATA[27-12-2024T07:53:15 - [TEST_CASE][PASSED] - Test Cases/Employee_Onboarding/TC_Employee_Person_Details: Test Cases/Employee_Onboarding/TC_Employee_Person_Details

27-12-2024T07:53:15 - [TEST_STEP][PASSED] - click(findTestObject("Object Repository/Employee-Onboarding/Employee_Personal_Details_Objects/Page_OrangeHRM/span_PIM")): Object: 'Object Repository/Employee-Onboarding/Employee_Personal_Details_Objects/Page_OrangeHRM/span_PIM' is clicked on

27-12-2024T07:53:17 - [MESSAGE][PASSED] - Object: 'Object Repository/Employee-Onboarding/Employee_Personal_Details_Objects/Page_OrangeHRM/span_PIM' is clicked on

27-12-2024T07:53:17 - [TEST_STEP][PASSED] - setText(findTestObject("Object Repository/Employee-Onboarding/Employee_Personal_Details_Objects/Page_OrangeHRM/input"), Employee_Fullname): Text 'Zachary Martin' is set on object 'Object Repository/Employee-Onboarding/Employee_Personal_Details_Objects/Page_OrangeHRM/input'

27-12-2024T07:53:19 - [MESSAGE][PASSED] - Text 'Zachary Martin' is set on object 'Object Repository/Employee-Onboarding/Employee_Personal_Details_Objects/Page_OrangeHRM/input'

27-12-2024T07:53:19 - [TEST_STEP][PASSED] - click(findTestObject("Object Repository/Employee-Onboarding/Employee_Personal_Details_Objects/Page_OrangeHRM/button_Search")): Object: 'Object Repository/Employee-Onboarding/Employee_Personal_Details_Objects/Page_OrangeHRM/button_Search' is clicked on

27-12-2024T07:53:20 - [MESSAGE][PASSED] - Object: 'Object Repository/Employee-Onboarding/Employee_Personal_Details_Objects/Page_OrangeHRM/button_Search' is clicked on

27-12-2024T07:53:20 - [TEST_STEP][PASSED] - click(findTestObject("Object Repository/Employee-Onboarding/Employee_Personal_Details_Objects/Page_OrangeHRM/div_0034008")): Object: 'Object Repository/Employee-Onboarding/Employee_Personal_Details_Objects/Page_OrangeHRM/div_0034008' is clicked on

27-12-2024T07:53:21 - [MESSAGE][PASSED] - Object: 'Object Repository/Employee-Onboarding/Employee_Personal_Details_Objects/Page_OrangeHRM/div_0034008' is clicked on

27-12-2024T07:53:21 - [TEST_STEP][PASSED] - click(findTestObject("Object Repository/Employee-Onboarding/Employee_Personal_Details_Objects/Page_OrangeHRM/a_Personal Details")): Object: 'Object Repository/Employee-Onboarding/Employee_Personal_Details_Objects/Page_OrangeHRM/a_Personal Details' is clicked on

27-12-2024T07:53:24 - [MESSAGE][PASSED] - Object: 'Object Repository/Employee-Onboarding/Employee_Personal_Details_Objects/Page_OrangeHRM/a_Personal Details' is clicked on

27-12-2024T07:53:24 - [TEST_STEP][PASSED] - setText(findTestObject("Object Repository/Employee-Onboarding/Employee_Personal_Details_Objects/Page_OrangeHRM/input_concat(Driver, , s License Number)_ox_6ab805"), Driving_License_Number): Text 'L1KQ660GKX' is set on object 'Object Repository/Employee-Onboarding/Employee_Personal_Details_Objects/Page_OrangeHRM/input_concat(Driver, , s License Number)_ox_6ab805'

27-12-2024T07:53:27 - [MESSAGE][PASSED] - Text 'L1KQ660GKX' is set on object 'Object Repository/Employee-Onboarding/Employee_Personal_Details_Objects/Page_OrangeHRM/input_concat(Driver, , s License Number)_ox_6ab805'

27-12-2024T07:53:27 - [TEST_STEP][PASSED] - setText(findTestObject("Object Repository/Employee-Onboarding/Employee_Personal_Details_Objects/Page_OrangeHRM/input_License Expiry Date_oxd-input oxd-inp_5d7d79"), License_Expiry_Date): Text '2025-12-12' is set on object 'Object Repository/Employee-Onboarding/Employee_Personal_Details_Objects/Page_OrangeHRM/input_License Expiry Date_oxd-input oxd-inp_5d7d79'

27-12-2024T07:53:28 - [MESSAGE][PASSED] - Text '2025-12-12' is set on object 'Object Repository/Employee-Onboarding/Employee_Personal_Details_Objects/Page_OrangeHRM/input_License Expiry Date_oxd-input oxd-inp_5d7d79'

27-12-2024T07:53:28 - [TEST_STEP][PASSED] - click(findTestObject("Object Repository/Employee-Onboarding/Employee_Personal_Details_Objects/Page_OrangeHRM/div_-- Select --")): Object: 'Object Repository/Employee-Onboarding/Employee_Personal_Details_Objects/Page_OrangeHRM/div_-- Select --' is clicked on

27-12-2024T07:53:28 - [MESSAGE][PASSED] - Object: 'Object Repository/Employee-Onboarding/Employee_Personal_Details_Objects/Page_OrangeHRM/div_-- Select --' is clicked on

27-12-2024T07:53:28 - [TEST_STEP][PASSED] - click(findTestObject("Employee-Onboarding/Employee_Salary_Detail_Objects/Page_OrangeHRM/custom_object_for_dropdown", ["value":Employee_Nationality])): Object: 'Object Repository/Employee-Onboarding/Employee_Salary_Detail_Objects/Page_OrangeHRM/custom_object_for_dropdown' is clicked on

27-12-2024T07:53:28 - [MESSAGE][PASSED] - Object: 'Object Repository/Employee-Onboarding/Employee_Salary_Detail_Objects/Page_OrangeHRM/custom_object_for_dropdown' is clicked on

27-12-2024T07:53:28 - [TEST_STEP][PASSED] - click(findTestObject("Object Repository/Employee-Onboarding/Employee_Personal_Details_Objects/Page_OrangeHRM/div_-- Select --_1")): Object: 'Object Repository/Employee-Onboarding/Employee_Personal_Details_Objects/Page_OrangeHRM/div_-- Select --_1' is clicked on

27-12-2024T07:53:29 - [MESSAGE][PASSED] - Object: 'Object Repository/Employee-Onboarding/Employee_Personal_Details_Objects/Page_OrangeHRM/div_-- Select --_1' is clicked on

27-12-2024T07:53:29 - [TEST_STEP][PASSED] - click(findTestObject("Employee-Onboarding/Employee_Salary_Detail_Objects/Page_OrangeHRM/custom_object_for_dropdown", ["value":Employee_Marital_Status])): Object: 'Object Repository/Employee-Onboarding/Employee_Salary_Detail_Objects/Page_OrangeHRM/custom_object_for_dropdown' is clicked on

27-12-2024T07:53:29 - [MESSAGE][PASSED] - Object: 'Object Repository/Employee-Onboarding/Employee_Salary_Detail_Objects/Page_OrangeHRM/custom_object_for_dropdown' is clicked on

27-12-2024T07:53:29 - [TEST_STEP][PASSED] - setText(findTestObject("Object Repository/Employee-Onboarding/Employee_Personal_Details_Objects/Page_OrangeHRM/input_Date of Birth_oxd-input oxd-input--focus"), Employee_DOB): Text '2005-10-31' is set on object 'Object Repository/Employee-Onboarding/Employee_Personal_Details_Objects/Page_OrangeHRM/input_Date of Birth_oxd-input oxd-input--focus'

27-12-2024T07:53:30 - [MESSAGE][PASSED] - Text '2005-10-31' is set on object 'Object Repository/Employee-Onboarding/Employee_Personal_Details_Objects/Page_OrangeHRM/input_Date of Birth_oxd-input oxd-input--focus'

27-12-2024T07:53:30 - [TEST_STEP][PASSED] - click(findTestObject("Object Repository/Employee-Onboarding/Employee_Personal_Details_Objects/Page_OrangeHRM/span_Male_oxd-radio-input oxd-radio-input--_b0de6e")): Object: 'Object Repository/Employee-Onboarding/Employee_Personal_Details_Objects/Page_OrangeHRM/span_Male_oxd-radio-input oxd-radio-input--_b0de6e' is clicked on

27-12-2024T07:53:30 - [MESSAGE][PASSED] - Object: 'Object Repository/Employee-Onboarding/Employee_Personal_Details_Objects/Page_OrangeHRM/span_Male_oxd-radio-input oxd-radio-input--_b0de6e' is clicked on

27-12-2024T07:53:30 - [TEST_STEP][PASSED] - click(findTestObject("Object Repository/Employee-Onboarding/Employee_Personal_Details_Objects/Page_OrangeHRM/button_Save")): Object: 'Object Repository/Employee-Onboarding/Employee_Personal_Details_Objects/Page_OrangeHRM/button_Save' is clicked on

27-12-2024T07:53:30 - [MESSAGE][PASSED] - Object: 'Object Repository/Employee-Onboarding/Employee_Personal_Details_Objects/Page_OrangeHRM/button_Save' is clicked on]]></system-out>
         <system-err><![CDATA[]]></system-err>
      </testcase>
      <testcase name="Test Cases/Employee_Onboarding/TC_Employee_Person_Details" time="15.104" classname="Test Cases/Employee_Onboarding/TC_Employee_Person_Details" status="PASSED">
         <system-out><![CDATA[27-12-2024T07:53:30 - [TEST_CASE][PASSED] - Test Cases/Employee_Onboarding/TC_Employee_Person_Details: Test Cases/Employee_Onboarding/TC_Employee_Person_Details

27-12-2024T07:53:30 - [TEST_STEP][PASSED] - click(findTestObject("Object Repository/Employee-Onboarding/Employee_Personal_Details_Objects/Page_OrangeHRM/span_PIM")): Object: 'Object Repository/Employee-Onboarding/Employee_Personal_Details_Objects/Page_OrangeHRM/span_PIM' is clicked on

27-12-2024T07:53:32 - [MESSAGE][PASSED] - Object: 'Object Repository/Employee-Onboarding/Employee_Personal_Details_Objects/Page_OrangeHRM/span_PIM' is clicked on

27-12-2024T07:53:32 - [TEST_STEP][PASSED] - setText(findTestObject("Object Repository/Employee-Onboarding/Employee_Personal_Details_Objects/Page_OrangeHRM/input"), Employee_Fullname): Text 'Terry Barnes' is set on object 'Object Repository/Employee-Onboarding/Employee_Personal_Details_Objects/Page_OrangeHRM/input'

27-12-2024T07:53:34 - [MESSAGE][PASSED] - Text 'Terry Barnes' is set on object 'Object Repository/Employee-Onboarding/Employee_Personal_Details_Objects/Page_OrangeHRM/input'

27-12-2024T07:53:34 - [TEST_STEP][PASSED] - click(findTestObject("Object Repository/Employee-Onboarding/Employee_Personal_Details_Objects/Page_OrangeHRM/button_Search")): Object: 'Object Repository/Employee-Onboarding/Employee_Personal_Details_Objects/Page_OrangeHRM/button_Search' is clicked on

27-12-2024T07:53:35 - [MESSAGE][PASSED] - Object: 'Object Repository/Employee-Onboarding/Employee_Personal_Details_Objects/Page_OrangeHRM/button_Search' is clicked on

27-12-2024T07:53:35 - [TEST_STEP][PASSED] - click(findTestObject("Object Repository/Employee-Onboarding/Employee_Personal_Details_Objects/Page_OrangeHRM/div_0034008")): Object: 'Object Repository/Employee-Onboarding/Employee_Personal_Details_Objects/Page_OrangeHRM/div_0034008' is clicked on

27-12-2024T07:53:37 - [MESSAGE][PASSED] - Object: 'Object Repository/Employee-Onboarding/Employee_Personal_Details_Objects/Page_OrangeHRM/div_0034008' is clicked on

27-12-2024T07:53:37 - [TEST_STEP][PASSED] - click(findTestObject("Object Repository/Employee-Onboarding/Employee_Personal_Details_Objects/Page_OrangeHRM/a_Personal Details")): Object: 'Object Repository/Employee-Onboarding/Employee_Personal_Details_Objects/Page_OrangeHRM/a_Personal Details' is clicked on

27-12-2024T07:53:40 - [MESSAGE][PASSED] - Object: 'Object Repository/Employee-Onboarding/Employee_Personal_Details_Objects/Page_OrangeHRM/a_Personal Details' is clicked on

27-12-2024T07:53:40 - [TEST_STEP][PASSED] - setText(findTestObject("Object Repository/Employee-Onboarding/Employee_Personal_Details_Objects/Page_OrangeHRM/input_concat(Driver, , s License Number)_ox_6ab805"), Driving_License_Number): Text 'WLM365E6U6' is set on object 'Object Repository/Employee-Onboarding/Employee_Personal_Details_Objects/Page_OrangeHRM/input_concat(Driver, , s License Number)_ox_6ab805'

27-12-2024T07:53:42 - [MESSAGE][PASSED] - Text 'WLM365E6U6' is set on object 'Object Repository/Employee-Onboarding/Employee_Personal_Details_Objects/Page_OrangeHRM/input_concat(Driver, , s License Number)_ox_6ab805'

27-12-2024T07:53:42 - [TEST_STEP][PASSED] - setText(findTestObject("Object Repository/Employee-Onboarding/Employee_Personal_Details_Objects/Page_OrangeHRM/input_License Expiry Date_oxd-input oxd-inp_5d7d79"), License_Expiry_Date): Text '2025-12-12' is set on object 'Object Repository/Employee-Onboarding/Employee_Personal_Details_Objects/Page_OrangeHRM/input_License Expiry Date_oxd-input oxd-inp_5d7d79'

27-12-2024T07:53:43 - [MESSAGE][PASSED] - Text '2025-12-12' is set on object 'Object Repository/Employee-Onboarding/Employee_Personal_Details_Objects/Page_OrangeHRM/input_License Expiry Date_oxd-input oxd-inp_5d7d79'

27-12-2024T07:53:43 - [TEST_STEP][PASSED] - click(findTestObject("Object Repository/Employee-Onboarding/Employee_Personal_Details_Objects/Page_OrangeHRM/div_-- Select --")): Object: 'Object Repository/Employee-Onboarding/Employee_Personal_Details_Objects/Page_OrangeHRM/div_-- Select --' is clicked on

27-12-2024T07:53:43 - [MESSAGE][PASSED] - Object: 'Object Repository/Employee-Onboarding/Employee_Personal_Details_Objects/Page_OrangeHRM/div_-- Select --' is clicked on

27-12-2024T07:53:43 - [TEST_STEP][PASSED] - click(findTestObject("Employee-Onboarding/Employee_Salary_Detail_Objects/Page_OrangeHRM/custom_object_for_dropdown", ["value":Employee_Nationality])): Object: 'Object Repository/Employee-Onboarding/Employee_Salary_Detail_Objects/Page_OrangeHRM/custom_object_for_dropdown' is clicked on

27-12-2024T07:53:43 - [MESSAGE][PASSED] - Object: 'Object Repository/Employee-Onboarding/Employee_Salary_Detail_Objects/Page_OrangeHRM/custom_object_for_dropdown' is clicked on

27-12-2024T07:53:43 - [TEST_STEP][PASSED] - click(findTestObject("Object Repository/Employee-Onboarding/Employee_Personal_Details_Objects/Page_OrangeHRM/div_-- Select --_1")): Object: 'Object Repository/Employee-Onboarding/Employee_Personal_Details_Objects/Page_OrangeHRM/div_-- Select --_1' is clicked on

27-12-2024T07:53:44 - [MESSAGE][PASSED] - Object: 'Object Repository/Employee-Onboarding/Employee_Personal_Details_Objects/Page_OrangeHRM/div_-- Select --_1' is clicked on

27-12-2024T07:53:44 - [TEST_STEP][PASSED] - click(findTestObject("Employee-Onboarding/Employee_Salary_Detail_Objects/Page_OrangeHRM/custom_object_for_dropdown", ["value":Employee_Marital_Status])): Object: 'Object Repository/Employee-Onboarding/Employee_Salary_Detail_Objects/Page_OrangeHRM/custom_object_for_dropdown' is clicked on

27-12-2024T07:53:44 - [MESSAGE][PASSED] - Object: 'Object Repository/Employee-Onboarding/Employee_Salary_Detail_Objects/Page_OrangeHRM/custom_object_for_dropdown' is clicked on

27-12-2024T07:53:44 - [TEST_STEP][PASSED] - setText(findTestObject("Object Repository/Employee-Onboarding/Employee_Personal_Details_Objects/Page_OrangeHRM/input_Date of Birth_oxd-input oxd-input--focus"), Employee_DOB): Text '1986-05-14' is set on object 'Object Repository/Employee-Onboarding/Employee_Personal_Details_Objects/Page_OrangeHRM/input_Date of Birth_oxd-input oxd-input--focus'

27-12-2024T07:53:45 - [MESSAGE][PASSED] - Text '1986-05-14' is set on object 'Object Repository/Employee-Onboarding/Employee_Personal_Details_Objects/Page_OrangeHRM/input_Date of Birth_oxd-input oxd-input--focus'

27-12-2024T07:53:45 - [TEST_STEP][PASSED] - click(findTestObject("Object Repository/Employee-Onboarding/Employee_Personal_Details_Objects/Page_OrangeHRM/span_Male_oxd-radio-input oxd-radio-input--_b0de6e")): Object: 'Object Repository/Employee-Onboarding/Employee_Personal_Details_Objects/Page_OrangeHRM/span_Male_oxd-radio-input oxd-radio-input--_b0de6e' is clicked on

27-12-2024T07:53:45 - [MESSAGE][PASSED] - Object: 'Object Repository/Employee-Onboarding/Employee_Personal_Details_Objects/Page_OrangeHRM/span_Male_oxd-radio-input oxd-radio-input--_b0de6e' is clicked on

27-12-2024T07:53:45 - [TEST_STEP][PASSED] - click(findTestObject("Object Repository/Employee-Onboarding/Employee_Personal_Details_Objects/Page_OrangeHRM/button_Save")): Object: 'Object Repository/Employee-Onboarding/Employee_Personal_Details_Objects/Page_OrangeHRM/button_Save' is clicked on

27-12-2024T07:53:46 - [MESSAGE][PASSED] - Object: 'Object Repository/Employee-Onboarding/Employee_Personal_Details_Objects/Page_OrangeHRM/button_Save' is clicked on]]></system-out>
         <system-err><![CDATA[]]></system-err>
      </testcase>
      <testcase name="Test Cases/Employee_Onboarding/TC_Employee_Person_Details" time="16.545" classname="Test Cases/Employee_Onboarding/TC_Employee_Person_Details" status="PASSED">
         <system-out><![CDATA[27-12-2024T07:53:46 - [TEST_CASE][PASSED] - Test Cases/Employee_Onboarding/TC_Employee_Person_Details: Test Cases/Employee_Onboarding/TC_Employee_Person_Details

27-12-2024T07:53:46 - [TEST_STEP][PASSED] - click(findTestObject("Object Repository/Employee-Onboarding/Employee_Personal_Details_Objects/Page_OrangeHRM/span_PIM")): Object: 'Object Repository/Employee-Onboarding/Employee_Personal_Details_Objects/Page_OrangeHRM/span_PIM' is clicked on

27-12-2024T07:53:48 - [MESSAGE][PASSED] - Object: 'Object Repository/Employee-Onboarding/Employee_Personal_Details_Objects/Page_OrangeHRM/span_PIM' is clicked on

27-12-2024T07:53:48 - [TEST_STEP][PASSED] - setText(findTestObject("Object Repository/Employee-Onboarding/Employee_Personal_Details_Objects/Page_OrangeHRM/input"), Employee_Fullname): Text 'Michelle Washington' is set on object 'Object Repository/Employee-Onboarding/Employee_Personal_Details_Objects/Page_OrangeHRM/input'

27-12-2024T07:53:50 - [MESSAGE][PASSED] - Text 'Michelle Washington' is set on object 'Object Repository/Employee-Onboarding/Employee_Personal_Details_Objects/Page_OrangeHRM/input'

27-12-2024T07:53:50 - [TEST_STEP][PASSED] - click(findTestObject("Object Repository/Employee-Onboarding/Employee_Personal_Details_Objects/Page_OrangeHRM/button_Search")): Object: 'Object Repository/Employee-Onboarding/Employee_Personal_Details_Objects/Page_OrangeHRM/button_Search' is clicked on

27-12-2024T07:53:51 - [MESSAGE][PASSED] - Object: 'Object Repository/Employee-Onboarding/Employee_Personal_Details_Objects/Page_OrangeHRM/button_Search' is clicked on

27-12-2024T07:53:51 - [TEST_STEP][PASSED] - click(findTestObject("Object Repository/Employee-Onboarding/Employee_Personal_Details_Objects/Page_OrangeHRM/div_0034008")): Object: 'Object Repository/Employee-Onboarding/Employee_Personal_Details_Objects/Page_OrangeHRM/div_0034008' is clicked on

27-12-2024T07:53:53 - [MESSAGE][PASSED] - Object: 'Object Repository/Employee-Onboarding/Employee_Personal_Details_Objects/Page_OrangeHRM/div_0034008' is clicked on

27-12-2024T07:53:53 - [TEST_STEP][PASSED] - click(findTestObject("Object Repository/Employee-Onboarding/Employee_Personal_Details_Objects/Page_OrangeHRM/a_Personal Details")): Object: 'Object Repository/Employee-Onboarding/Employee_Personal_Details_Objects/Page_OrangeHRM/a_Personal Details' is clicked on

27-12-2024T07:53:56 - [MESSAGE][PASSED] - Object: 'Object Repository/Employee-Onboarding/Employee_Personal_Details_Objects/Page_OrangeHRM/a_Personal Details' is clicked on

27-12-2024T07:53:56 - [TEST_STEP][PASSED] - setText(findTestObject("Object Repository/Employee-Onboarding/Employee_Personal_Details_Objects/Page_OrangeHRM/input_concat(Driver, , s License Number)_ox_6ab805"), Driving_License_Number): Text '3BLDTFY86R' is set on object 'Object Repository/Employee-Onboarding/Employee_Personal_Details_Objects/Page_OrangeHRM/input_concat(Driver, , s License Number)_ox_6ab805'

27-12-2024T07:53:59 - [MESSAGE][PASSED] - Text '3BLDTFY86R' is set on object 'Object Repository/Employee-Onboarding/Employee_Personal_Details_Objects/Page_OrangeHRM/input_concat(Driver, , s License Number)_ox_6ab805'

27-12-2024T07:53:59 - [TEST_STEP][PASSED] - setText(findTestObject("Object Repository/Employee-Onboarding/Employee_Personal_Details_Objects/Page_OrangeHRM/input_License Expiry Date_oxd-input oxd-inp_5d7d79"), License_Expiry_Date): Text '2025-12-12' is set on object 'Object Repository/Employee-Onboarding/Employee_Personal_Details_Objects/Page_OrangeHRM/input_License Expiry Date_oxd-input oxd-inp_5d7d79'

27-12-2024T07:53:59 - [MESSAGE][PASSED] - Text '2025-12-12' is set on object 'Object Repository/Employee-Onboarding/Employee_Personal_Details_Objects/Page_OrangeHRM/input_License Expiry Date_oxd-input oxd-inp_5d7d79'

27-12-2024T07:53:59 - [TEST_STEP][PASSED] - click(findTestObject("Object Repository/Employee-Onboarding/Employee_Personal_Details_Objects/Page_OrangeHRM/div_-- Select --")): Object: 'Object Repository/Employee-Onboarding/Employee_Personal_Details_Objects/Page_OrangeHRM/div_-- Select --' is clicked on

27-12-2024T07:54:00 - [MESSAGE][PASSED] - Object: 'Object Repository/Employee-Onboarding/Employee_Personal_Details_Objects/Page_OrangeHRM/div_-- Select --' is clicked on

27-12-2024T07:54:00 - [TEST_STEP][PASSED] - click(findTestObject("Employee-Onboarding/Employee_Salary_Detail_Objects/Page_OrangeHRM/custom_object_for_dropdown", ["value":Employee_Nationality])): Object: 'Object Repository/Employee-Onboarding/Employee_Salary_Detail_Objects/Page_OrangeHRM/custom_object_for_dropdown' is clicked on

27-12-2024T07:54:00 - [MESSAGE][PASSED] - Object: 'Object Repository/Employee-Onboarding/Employee_Salary_Detail_Objects/Page_OrangeHRM/custom_object_for_dropdown' is clicked on

27-12-2024T07:54:00 - [TEST_STEP][PASSED] - click(findTestObject("Object Repository/Employee-Onboarding/Employee_Personal_Details_Objects/Page_OrangeHRM/div_-- Select --_1")): Object: 'Object Repository/Employee-Onboarding/Employee_Personal_Details_Objects/Page_OrangeHRM/div_-- Select --_1' is clicked on

27-12-2024T07:54:00 - [MESSAGE][PASSED] - Object: 'Object Repository/Employee-Onboarding/Employee_Personal_Details_Objects/Page_OrangeHRM/div_-- Select --_1' is clicked on

27-12-2024T07:54:00 - [TEST_STEP][PASSED] - click(findTestObject("Employee-Onboarding/Employee_Salary_Detail_Objects/Page_OrangeHRM/custom_object_for_dropdown", ["value":Employee_Marital_Status])): Object: 'Object Repository/Employee-Onboarding/Employee_Salary_Detail_Objects/Page_OrangeHRM/custom_object_for_dropdown' is clicked on

27-12-2024T07:54:01 - [MESSAGE][PASSED] - Object: 'Object Repository/Employee-Onboarding/Employee_Salary_Detail_Objects/Page_OrangeHRM/custom_object_for_dropdown' is clicked on

27-12-2024T07:54:01 - [TEST_STEP][PASSED] - setText(findTestObject("Object Repository/Employee-Onboarding/Employee_Personal_Details_Objects/Page_OrangeHRM/input_Date of Birth_oxd-input oxd-input--focus"), Employee_DOB): Text '1977-02-22' is set on object 'Object Repository/Employee-Onboarding/Employee_Personal_Details_Objects/Page_OrangeHRM/input_Date of Birth_oxd-input oxd-input--focus'

27-12-2024T07:54:02 - [MESSAGE][PASSED] - Text '1977-02-22' is set on object 'Object Repository/Employee-Onboarding/Employee_Personal_Details_Objects/Page_OrangeHRM/input_Date of Birth_oxd-input oxd-input--focus'

27-12-2024T07:54:02 - [TEST_STEP][PASSED] - click(findTestObject("Object Repository/Employee-Onboarding/Employee_Personal_Details_Objects/Page_OrangeHRM/span_Male_oxd-radio-input oxd-radio-input--_b0de6e")): Object: 'Object Repository/Employee-Onboarding/Employee_Personal_Details_Objects/Page_OrangeHRM/span_Male_oxd-radio-input oxd-radio-input--_b0de6e' is clicked on

27-12-2024T07:54:02 - [MESSAGE][PASSED] - Object: 'Object Repository/Employee-Onboarding/Employee_Personal_Details_Objects/Page_OrangeHRM/span_Male_oxd-radio-input oxd-radio-input--_b0de6e' is clicked on

27-12-2024T07:54:02 - [TEST_STEP][PASSED] - click(findTestObject("Object Repository/Employee-Onboarding/Employee_Personal_Details_Objects/Page_OrangeHRM/button_Save")): Object: 'Object Repository/Employee-Onboarding/Employee_Personal_Details_Objects/Page_OrangeHRM/button_Save' is clicked on

27-12-2024T07:54:02 - [MESSAGE][PASSED] - Object: 'Object Repository/Employee-Onboarding/Employee_Personal_Details_Objects/Page_OrangeHRM/button_Save' is clicked on]]></system-out>
         <system-err><![CDATA[]]></system-err>
      </testcase>
      <testcase name="Test Cases/Employee_Onboarding/TC_Employee_Person_Details" time="14.862" classname="Test Cases/Employee_Onboarding/TC_Employee_Person_Details" status="PASSED">
         <system-out><![CDATA[27-12-2024T07:54:02 - [TEST_CASE][PASSED] - Test Cases/Employee_Onboarding/TC_Employee_Person_Details: Test Cases/Employee_Onboarding/TC_Employee_Person_Details

27-12-2024T07:54:02 - [TEST_STEP][PASSED] - click(findTestObject("Object Repository/Employee-Onboarding/Employee_Personal_Details_Objects/Page_OrangeHRM/span_PIM")): Object: 'Object Repository/Employee-Onboarding/Employee_Personal_Details_Objects/Page_OrangeHRM/span_PIM' is clicked on

27-12-2024T07:54:04 - [MESSAGE][PASSED] - Object: 'Object Repository/Employee-Onboarding/Employee_Personal_Details_Objects/Page_OrangeHRM/span_PIM' is clicked on

27-12-2024T07:54:04 - [TEST_STEP][PASSED] - setText(findTestObject("Object Repository/Employee-Onboarding/Employee_Personal_Details_Objects/Page_OrangeHRM/input"), Employee_Fullname): Text 'Paul Colon' is set on object 'Object Repository/Employee-Onboarding/Employee_Personal_Details_Objects/Page_OrangeHRM/input'

27-12-2024T07:54:06 - [MESSAGE][PASSED] - Text 'Paul Colon' is set on object 'Object Repository/Employee-Onboarding/Employee_Personal_Details_Objects/Page_OrangeHRM/input'

27-12-2024T07:54:06 - [TEST_STEP][PASSED] - click(findTestObject("Object Repository/Employee-Onboarding/Employee_Personal_Details_Objects/Page_OrangeHRM/button_Search")): Object: 'Object Repository/Employee-Onboarding/Employee_Personal_Details_Objects/Page_OrangeHRM/button_Search' is clicked on

27-12-2024T07:54:06 - [MESSAGE][PASSED] - Object: 'Object Repository/Employee-Onboarding/Employee_Personal_Details_Objects/Page_OrangeHRM/button_Search' is clicked on

27-12-2024T07:54:06 - [TEST_STEP][PASSED] - click(findTestObject("Object Repository/Employee-Onboarding/Employee_Personal_Details_Objects/Page_OrangeHRM/div_0034008")): Object: 'Object Repository/Employee-Onboarding/Employee_Personal_Details_Objects/Page_OrangeHRM/div_0034008' is clicked on

27-12-2024T07:54:08 - [MESSAGE][PASSED] - Object: 'Object Repository/Employee-Onboarding/Employee_Personal_Details_Objects/Page_OrangeHRM/div_0034008' is clicked on

27-12-2024T07:54:08 - [TEST_STEP][PASSED] - click(findTestObject("Object Repository/Employee-Onboarding/Employee_Personal_Details_Objects/Page_OrangeHRM/a_Personal Details")): Object: 'Object Repository/Employee-Onboarding/Employee_Personal_Details_Objects/Page_OrangeHRM/a_Personal Details' is clicked on

27-12-2024T07:54:11 - [MESSAGE][PASSED] - Object: 'Object Repository/Employee-Onboarding/Employee_Personal_Details_Objects/Page_OrangeHRM/a_Personal Details' is clicked on

27-12-2024T07:54:11 - [TEST_STEP][PASSED] - setText(findTestObject("Object Repository/Employee-Onboarding/Employee_Personal_Details_Objects/Page_OrangeHRM/input_concat(Driver, , s License Number)_ox_6ab805"), Driving_License_Number): Text '4EH3SEQ2SZ' is set on object 'Object Repository/Employee-Onboarding/Employee_Personal_Details_Objects/Page_OrangeHRM/input_concat(Driver, , s License Number)_ox_6ab805'

27-12-2024T07:54:14 - [MESSAGE][PASSED] - Text '4EH3SEQ2SZ' is set on object 'Object Repository/Employee-Onboarding/Employee_Personal_Details_Objects/Page_OrangeHRM/input_concat(Driver, , s License Number)_ox_6ab805'

27-12-2024T07:54:14 - [TEST_STEP][PASSED] - setText(findTestObject("Object Repository/Employee-Onboarding/Employee_Personal_Details_Objects/Page_OrangeHRM/input_License Expiry Date_oxd-input oxd-inp_5d7d79"), License_Expiry_Date): Text '2025-12-12' is set on object 'Object Repository/Employee-Onboarding/Employee_Personal_Details_Objects/Page_OrangeHRM/input_License Expiry Date_oxd-input oxd-inp_5d7d79'

27-12-2024T07:54:14 - [MESSAGE][PASSED] - Text '2025-12-12' is set on object 'Object Repository/Employee-Onboarding/Employee_Personal_Details_Objects/Page_OrangeHRM/input_License Expiry Date_oxd-input oxd-inp_5d7d79'

27-12-2024T07:54:14 - [TEST_STEP][PASSED] - click(findTestObject("Object Repository/Employee-Onboarding/Employee_Personal_Details_Objects/Page_OrangeHRM/div_-- Select --")): Object: 'Object Repository/Employee-Onboarding/Employee_Personal_Details_Objects/Page_OrangeHRM/div_-- Select --' is clicked on

27-12-2024T07:54:14 - [MESSAGE][PASSED] - Object: 'Object Repository/Employee-Onboarding/Employee_Personal_Details_Objects/Page_OrangeHRM/div_-- Select --' is clicked on

27-12-2024T07:54:14 - [TEST_STEP][PASSED] - click(findTestObject("Employee-Onboarding/Employee_Salary_Detail_Objects/Page_OrangeHRM/custom_object_for_dropdown", ["value":Employee_Nationality])): Object: 'Object Repository/Employee-Onboarding/Employee_Salary_Detail_Objects/Page_OrangeHRM/custom_object_for_dropdown' is clicked on

27-12-2024T07:54:15 - [MESSAGE][PASSED] - Object: 'Object Repository/Employee-Onboarding/Employee_Salary_Detail_Objects/Page_OrangeHRM/custom_object_for_dropdown' is clicked on

27-12-2024T07:54:15 - [TEST_STEP][PASSED] - click(findTestObject("Object Repository/Employee-Onboarding/Employee_Personal_Details_Objects/Page_OrangeHRM/div_-- Select --_1")): Object: 'Object Repository/Employee-Onboarding/Employee_Personal_Details_Objects/Page_OrangeHRM/div_-- Select --_1' is clicked on

27-12-2024T07:54:15 - [MESSAGE][PASSED] - Object: 'Object Repository/Employee-Onboarding/Employee_Personal_Details_Objects/Page_OrangeHRM/div_-- Select --_1' is clicked on

27-12-2024T07:54:15 - [TEST_STEP][PASSED] - click(findTestObject("Employee-Onboarding/Employee_Salary_Detail_Objects/Page_OrangeHRM/custom_object_for_dropdown", ["value":Employee_Marital_Status])): Object: 'Object Repository/Employee-Onboarding/Employee_Salary_Detail_Objects/Page_OrangeHRM/custom_object_for_dropdown' is clicked on

27-12-2024T07:54:16 - [MESSAGE][PASSED] - Object: 'Object Repository/Employee-Onboarding/Employee_Salary_Detail_Objects/Page_OrangeHRM/custom_object_for_dropdown' is clicked on

27-12-2024T07:54:16 - [TEST_STEP][PASSED] - setText(findTestObject("Object Repository/Employee-Onboarding/Employee_Personal_Details_Objects/Page_OrangeHRM/input_Date of Birth_oxd-input oxd-input--focus"), Employee_DOB): Text '1986-10-13' is set on object 'Object Repository/Employee-Onboarding/Employee_Personal_Details_Objects/Page_OrangeHRM/input_Date of Birth_oxd-input oxd-input--focus'

27-12-2024T07:54:17 - [MESSAGE][PASSED] - Text '1986-10-13' is set on object 'Object Repository/Employee-Onboarding/Employee_Personal_Details_Objects/Page_OrangeHRM/input_Date of Birth_oxd-input oxd-input--focus'

27-12-2024T07:54:17 - [TEST_STEP][PASSED] - click(findTestObject("Object Repository/Employee-Onboarding/Employee_Personal_Details_Objects/Page_OrangeHRM/span_Male_oxd-radio-input oxd-radio-input--_b0de6e")): Object: 'Object Repository/Employee-Onboarding/Employee_Personal_Details_Objects/Page_OrangeHRM/span_Male_oxd-radio-input oxd-radio-input--_b0de6e' is clicked on

27-12-2024T07:54:17 - [MESSAGE][PASSED] - Object: 'Object Repository/Employee-Onboarding/Employee_Personal_Details_Objects/Page_OrangeHRM/span_Male_oxd-radio-input oxd-radio-input--_b0de6e' is clicked on

27-12-2024T07:54:17 - [TEST_STEP][PASSED] - click(findTestObject("Object Repository/Employee-Onboarding/Employee_Personal_Details_Objects/Page_OrangeHRM/button_Save")): Object: 'Object Repository/Employee-Onboarding/Employee_Personal_Details_Objects/Page_OrangeHRM/button_Save' is clicked on

27-12-2024T07:54:17 - [MESSAGE][PASSED] - Object: 'Object Repository/Employee-Onboarding/Employee_Personal_Details_Objects/Page_OrangeHRM/button_Save' is clicked on]]></system-out>
         <system-err><![CDATA[]]></system-err>
      </testcase>
      <testcase name="Test Cases/Employee_Onboarding/TC_Employee_Person_Details" time="15.001" classname="Test Cases/Employee_Onboarding/TC_Employee_Person_Details" status="PASSED">
         <system-out><![CDATA[27-12-2024T07:54:17 - [TEST_CASE][PASSED] - Test Cases/Employee_Onboarding/TC_Employee_Person_Details: Test Cases/Employee_Onboarding/TC_Employee_Person_Details

27-12-2024T07:54:17 - [TEST_STEP][PASSED] - click(findTestObject("Object Repository/Employee-Onboarding/Employee_Personal_Details_Objects/Page_OrangeHRM/span_PIM")): Object: 'Object Repository/Employee-Onboarding/Employee_Personal_Details_Objects/Page_OrangeHRM/span_PIM' is clicked on

27-12-2024T07:54:19 - [MESSAGE][PASSED] - Object: 'Object Repository/Employee-Onboarding/Employee_Personal_Details_Objects/Page_OrangeHRM/span_PIM' is clicked on

27-12-2024T07:54:19 - [TEST_STEP][PASSED] - setText(findTestObject("Object Repository/Employee-Onboarding/Employee_Personal_Details_Objects/Page_OrangeHRM/input"), Employee_Fullname): Text 'Amanda Howe' is set on object 'Object Repository/Employee-Onboarding/Employee_Personal_Details_Objects/Page_OrangeHRM/input'

27-12-2024T07:54:21 - [MESSAGE][PASSED] - Text 'Amanda Howe' is set on object 'Object Repository/Employee-Onboarding/Employee_Personal_Details_Objects/Page_OrangeHRM/input'

27-12-2024T07:54:21 - [TEST_STEP][PASSED] - click(findTestObject("Object Repository/Employee-Onboarding/Employee_Personal_Details_Objects/Page_OrangeHRM/button_Search")): Object: 'Object Repository/Employee-Onboarding/Employee_Personal_Details_Objects/Page_OrangeHRM/button_Search' is clicked on

27-12-2024T07:54:21 - [MESSAGE][PASSED] - Object: 'Object Repository/Employee-Onboarding/Employee_Personal_Details_Objects/Page_OrangeHRM/button_Search' is clicked on

27-12-2024T07:54:21 - [TEST_STEP][PASSED] - click(findTestObject("Object Repository/Employee-Onboarding/Employee_Personal_Details_Objects/Page_OrangeHRM/div_0034008")): Object: 'Object Repository/Employee-Onboarding/Employee_Personal_Details_Objects/Page_OrangeHRM/div_0034008' is clicked on

27-12-2024T07:54:23 - [MESSAGE][PASSED] - Object: 'Object Repository/Employee-Onboarding/Employee_Personal_Details_Objects/Page_OrangeHRM/div_0034008' is clicked on

27-12-2024T07:54:23 - [TEST_STEP][PASSED] - click(findTestObject("Object Repository/Employee-Onboarding/Employee_Personal_Details_Objects/Page_OrangeHRM/a_Personal Details")): Object: 'Object Repository/Employee-Onboarding/Employee_Personal_Details_Objects/Page_OrangeHRM/a_Personal Details' is clicked on

27-12-2024T07:54:26 - [MESSAGE][PASSED] - Object: 'Object Repository/Employee-Onboarding/Employee_Personal_Details_Objects/Page_OrangeHRM/a_Personal Details' is clicked on

27-12-2024T07:54:26 - [TEST_STEP][PASSED] - setText(findTestObject("Object Repository/Employee-Onboarding/Employee_Personal_Details_Objects/Page_OrangeHRM/input_concat(Driver, , s License Number)_ox_6ab805"), Driving_License_Number): Text 'NRWO36HR03' is set on object 'Object Repository/Employee-Onboarding/Employee_Personal_Details_Objects/Page_OrangeHRM/input_concat(Driver, , s License Number)_ox_6ab805'

27-12-2024T07:54:29 - [MESSAGE][PASSED] - Text 'NRWO36HR03' is set on object 'Object Repository/Employee-Onboarding/Employee_Personal_Details_Objects/Page_OrangeHRM/input_concat(Driver, , s License Number)_ox_6ab805'

27-12-2024T07:54:29 - [TEST_STEP][PASSED] - setText(findTestObject("Object Repository/Employee-Onboarding/Employee_Personal_Details_Objects/Page_OrangeHRM/input_License Expiry Date_oxd-input oxd-inp_5d7d79"), License_Expiry_Date): Text '2025-12-12' is set on object 'Object Repository/Employee-Onboarding/Employee_Personal_Details_Objects/Page_OrangeHRM/input_License Expiry Date_oxd-input oxd-inp_5d7d79'

27-12-2024T07:54:29 - [MESSAGE][PASSED] - Text '2025-12-12' is set on object 'Object Repository/Employee-Onboarding/Employee_Personal_Details_Objects/Page_OrangeHRM/input_License Expiry Date_oxd-input oxd-inp_5d7d79'

27-12-2024T07:54:29 - [TEST_STEP][PASSED] - click(findTestObject("Object Repository/Employee-Onboarding/Employee_Personal_Details_Objects/Page_OrangeHRM/div_-- Select --")): Object: 'Object Repository/Employee-Onboarding/Employee_Personal_Details_Objects/Page_OrangeHRM/div_-- Select --' is clicked on

27-12-2024T07:54:29 - [MESSAGE][PASSED] - Object: 'Object Repository/Employee-Onboarding/Employee_Personal_Details_Objects/Page_OrangeHRM/div_-- Select --' is clicked on

27-12-2024T07:54:29 - [TEST_STEP][PASSED] - click(findTestObject("Employee-Onboarding/Employee_Salary_Detail_Objects/Page_OrangeHRM/custom_object_for_dropdown", ["value":Employee_Nationality])): Object: 'Object Repository/Employee-Onboarding/Employee_Salary_Detail_Objects/Page_OrangeHRM/custom_object_for_dropdown' is clicked on

27-12-2024T07:54:30 - [MESSAGE][PASSED] - Object: 'Object Repository/Employee-Onboarding/Employee_Salary_Detail_Objects/Page_OrangeHRM/custom_object_for_dropdown' is clicked on

27-12-2024T07:54:30 - [TEST_STEP][PASSED] - click(findTestObject("Object Repository/Employee-Onboarding/Employee_Personal_Details_Objects/Page_OrangeHRM/div_-- Select --_1")): Object: 'Object Repository/Employee-Onboarding/Employee_Personal_Details_Objects/Page_OrangeHRM/div_-- Select --_1' is clicked on

27-12-2024T07:54:30 - [MESSAGE][PASSED] - Object: 'Object Repository/Employee-Onboarding/Employee_Personal_Details_Objects/Page_OrangeHRM/div_-- Select --_1' is clicked on

27-12-2024T07:54:30 - [TEST_STEP][PASSED] - click(findTestObject("Employee-Onboarding/Employee_Salary_Detail_Objects/Page_OrangeHRM/custom_object_for_dropdown", ["value":Employee_Marital_Status])): Object: 'Object Repository/Employee-Onboarding/Employee_Salary_Detail_Objects/Page_OrangeHRM/custom_object_for_dropdown' is clicked on

27-12-2024T07:54:31 - [MESSAGE][PASSED] - Object: 'Object Repository/Employee-Onboarding/Employee_Salary_Detail_Objects/Page_OrangeHRM/custom_object_for_dropdown' is clicked on

27-12-2024T07:54:31 - [TEST_STEP][PASSED] - setText(findTestObject("Object Repository/Employee-Onboarding/Employee_Personal_Details_Objects/Page_OrangeHRM/input_Date of Birth_oxd-input oxd-input--focus"), Employee_DOB): Text '2004-04-04' is set on object 'Object Repository/Employee-Onboarding/Employee_Personal_Details_Objects/Page_OrangeHRM/input_Date of Birth_oxd-input oxd-input--focus'

27-12-2024T07:54:32 - [MESSAGE][PASSED] - Text '2004-04-04' is set on object 'Object Repository/Employee-Onboarding/Employee_Personal_Details_Objects/Page_OrangeHRM/input_Date of Birth_oxd-input oxd-input--focus'

27-12-2024T07:54:32 - [TEST_STEP][PASSED] - click(findTestObject("Object Repository/Employee-Onboarding/Employee_Personal_Details_Objects/Page_OrangeHRM/span_Male_oxd-radio-input oxd-radio-input--_b0de6e")): Object: 'Object Repository/Employee-Onboarding/Employee_Personal_Details_Objects/Page_OrangeHRM/span_Male_oxd-radio-input oxd-radio-input--_b0de6e' is clicked on

27-12-2024T07:54:32 - [MESSAGE][PASSED] - Object: 'Object Repository/Employee-Onboarding/Employee_Personal_Details_Objects/Page_OrangeHRM/span_Male_oxd-radio-input oxd-radio-input--_b0de6e' is clicked on

27-12-2024T07:54:32 - [TEST_STEP][PASSED] - click(findTestObject("Object Repository/Employee-Onboarding/Employee_Personal_Details_Objects/Page_OrangeHRM/button_Save")): Object: 'Object Repository/Employee-Onboarding/Employee_Personal_Details_Objects/Page_OrangeHRM/button_Save' is clicked on

27-12-2024T07:54:32 - [MESSAGE][PASSED] - Object: 'Object Repository/Employee-Onboarding/Employee_Personal_Details_Objects/Page_OrangeHRM/button_Save' is clicked on]]></system-out>
         <system-err><![CDATA[]]></system-err>
      </testcase>
      <testcase name="Test Cases/Employee_Onboarding/TC_Employee_Person_Details" time="15.321" classname="Test Cases/Employee_Onboarding/TC_Employee_Person_Details" status="PASSED">
         <system-out><![CDATA[27-12-2024T07:54:32 - [TEST_CASE][PASSED] - Test Cases/Employee_Onboarding/TC_Employee_Person_Details: Test Cases/Employee_Onboarding/TC_Employee_Person_Details

27-12-2024T07:54:32 - [TEST_STEP][PASSED] - click(findTestObject("Object Repository/Employee-Onboarding/Employee_Personal_Details_Objects/Page_OrangeHRM/span_PIM")): Object: 'Object Repository/Employee-Onboarding/Employee_Personal_Details_Objects/Page_OrangeHRM/span_PIM' is clicked on

27-12-2024T07:54:34 - [MESSAGE][PASSED] - Object: 'Object Repository/Employee-Onboarding/Employee_Personal_Details_Objects/Page_OrangeHRM/span_PIM' is clicked on

27-12-2024T07:54:34 - [TEST_STEP][PASSED] - setText(findTestObject("Object Repository/Employee-Onboarding/Employee_Personal_Details_Objects/Page_OrangeHRM/input"), Employee_Fullname): Text 'Caleb Garner' is set on object 'Object Repository/Employee-Onboarding/Employee_Personal_Details_Objects/Page_OrangeHRM/input'

27-12-2024T07:54:36 - [MESSAGE][PASSED] - Text 'Caleb Garner' is set on object 'Object Repository/Employee-Onboarding/Employee_Personal_Details_Objects/Page_OrangeHRM/input'

27-12-2024T07:54:36 - [TEST_STEP][PASSED] - click(findTestObject("Object Repository/Employee-Onboarding/Employee_Personal_Details_Objects/Page_OrangeHRM/button_Search")): Object: 'Object Repository/Employee-Onboarding/Employee_Personal_Details_Objects/Page_OrangeHRM/button_Search' is clicked on

27-12-2024T07:54:36 - [MESSAGE][PASSED] - Object: 'Object Repository/Employee-Onboarding/Employee_Personal_Details_Objects/Page_OrangeHRM/button_Search' is clicked on

27-12-2024T07:54:36 - [TEST_STEP][PASSED] - click(findTestObject("Object Repository/Employee-Onboarding/Employee_Personal_Details_Objects/Page_OrangeHRM/div_0034008")): Object: 'Object Repository/Employee-Onboarding/Employee_Personal_Details_Objects/Page_OrangeHRM/div_0034008' is clicked on

27-12-2024T07:54:38 - [MESSAGE][PASSED] - Object: 'Object Repository/Employee-Onboarding/Employee_Personal_Details_Objects/Page_OrangeHRM/div_0034008' is clicked on

27-12-2024T07:54:38 - [TEST_STEP][PASSED] - click(findTestObject("Object Repository/Employee-Onboarding/Employee_Personal_Details_Objects/Page_OrangeHRM/a_Personal Details")): Object: 'Object Repository/Employee-Onboarding/Employee_Personal_Details_Objects/Page_OrangeHRM/a_Personal Details' is clicked on

27-12-2024T07:54:41 - [MESSAGE][PASSED] - Object: 'Object Repository/Employee-Onboarding/Employee_Personal_Details_Objects/Page_OrangeHRM/a_Personal Details' is clicked on

27-12-2024T07:54:41 - [TEST_STEP][PASSED] - setText(findTestObject("Object Repository/Employee-Onboarding/Employee_Personal_Details_Objects/Page_OrangeHRM/input_concat(Driver, , s License Number)_ox_6ab805"), Driving_License_Number): Text '3ARHJS4E3G' is set on object 'Object Repository/Employee-Onboarding/Employee_Personal_Details_Objects/Page_OrangeHRM/input_concat(Driver, , s License Number)_ox_6ab805'

27-12-2024T07:54:44 - [MESSAGE][PASSED] - Text '3ARHJS4E3G' is set on object 'Object Repository/Employee-Onboarding/Employee_Personal_Details_Objects/Page_OrangeHRM/input_concat(Driver, , s License Number)_ox_6ab805'

27-12-2024T07:54:44 - [TEST_STEP][PASSED] - setText(findTestObject("Object Repository/Employee-Onboarding/Employee_Personal_Details_Objects/Page_OrangeHRM/input_License Expiry Date_oxd-input oxd-inp_5d7d79"), License_Expiry_Date): Text '2025-12-12' is set on object 'Object Repository/Employee-Onboarding/Employee_Personal_Details_Objects/Page_OrangeHRM/input_License Expiry Date_oxd-input oxd-inp_5d7d79'

27-12-2024T07:54:45 - [MESSAGE][PASSED] - Text '2025-12-12' is set on object 'Object Repository/Employee-Onboarding/Employee_Personal_Details_Objects/Page_OrangeHRM/input_License Expiry Date_oxd-input oxd-inp_5d7d79'

27-12-2024T07:54:45 - [TEST_STEP][PASSED] - click(findTestObject("Object Repository/Employee-Onboarding/Employee_Personal_Details_Objects/Page_OrangeHRM/div_-- Select --")): Object: 'Object Repository/Employee-Onboarding/Employee_Personal_Details_Objects/Page_OrangeHRM/div_-- Select --' is clicked on

27-12-2024T07:54:45 - [MESSAGE][PASSED] - Object: 'Object Repository/Employee-Onboarding/Employee_Personal_Details_Objects/Page_OrangeHRM/div_-- Select --' is clicked on

27-12-2024T07:54:45 - [TEST_STEP][PASSED] - click(findTestObject("Employee-Onboarding/Employee_Salary_Detail_Objects/Page_OrangeHRM/custom_object_for_dropdown", ["value":Employee_Nationality])): Object: 'Object Repository/Employee-Onboarding/Employee_Salary_Detail_Objects/Page_OrangeHRM/custom_object_for_dropdown' is clicked on

27-12-2024T07:54:45 - [MESSAGE][PASSED] - Object: 'Object Repository/Employee-Onboarding/Employee_Salary_Detail_Objects/Page_OrangeHRM/custom_object_for_dropdown' is clicked on

27-12-2024T07:54:45 - [TEST_STEP][PASSED] - click(findTestObject("Object Repository/Employee-Onboarding/Employee_Personal_Details_Objects/Page_OrangeHRM/div_-- Select --_1")): Object: 'Object Repository/Employee-Onboarding/Employee_Personal_Details_Objects/Page_OrangeHRM/div_-- Select --_1' is clicked on

27-12-2024T07:54:46 - [MESSAGE][PASSED] - Object: 'Object Repository/Employee-Onboarding/Employee_Personal_Details_Objects/Page_OrangeHRM/div_-- Select --_1' is clicked on

27-12-2024T07:54:46 - [TEST_STEP][PASSED] - click(findTestObject("Employee-Onboarding/Employee_Salary_Detail_Objects/Page_OrangeHRM/custom_object_for_dropdown", ["value":Employee_Marital_Status])): Object: 'Object Repository/Employee-Onboarding/Employee_Salary_Detail_Objects/Page_OrangeHRM/custom_object_for_dropdown' is clicked on

27-12-2024T07:54:46 - [MESSAGE][PASSED] - Object: 'Object Repository/Employee-Onboarding/Employee_Salary_Detail_Objects/Page_OrangeHRM/custom_object_for_dropdown' is clicked on

27-12-2024T07:54:46 - [TEST_STEP][PASSED] - setText(findTestObject("Object Repository/Employee-Onboarding/Employee_Personal_Details_Objects/Page_OrangeHRM/input_Date of Birth_oxd-input oxd-input--focus"), Employee_DOB): Text '1975-10-10' is set on object 'Object Repository/Employee-Onboarding/Employee_Personal_Details_Objects/Page_OrangeHRM/input_Date of Birth_oxd-input oxd-input--focus'

27-12-2024T07:54:47 - [MESSAGE][PASSED] - Text '1975-10-10' is set on object 'Object Repository/Employee-Onboarding/Employee_Personal_Details_Objects/Page_OrangeHRM/input_Date of Birth_oxd-input oxd-input--focus'

27-12-2024T07:54:47 - [TEST_STEP][PASSED] - click(findTestObject("Object Repository/Employee-Onboarding/Employee_Personal_Details_Objects/Page_OrangeHRM/span_Male_oxd-radio-input oxd-radio-input--_b0de6e")): Object: 'Object Repository/Employee-Onboarding/Employee_Personal_Details_Objects/Page_OrangeHRM/span_Male_oxd-radio-input oxd-radio-input--_b0de6e' is clicked on

27-12-2024T07:54:47 - [MESSAGE][PASSED] - Object: 'Object Repository/Employee-Onboarding/Employee_Personal_Details_Objects/Page_OrangeHRM/span_Male_oxd-radio-input oxd-radio-input--_b0de6e' is clicked on

27-12-2024T07:54:47 - [TEST_STEP][PASSED] - click(findTestObject("Object Repository/Employee-Onboarding/Employee_Personal_Details_Objects/Page_OrangeHRM/button_Save")): Object: 'Object Repository/Employee-Onboarding/Employee_Personal_Details_Objects/Page_OrangeHRM/button_Save' is clicked on

27-12-2024T07:54:47 - [MESSAGE][PASSED] - Object: 'Object Repository/Employee-Onboarding/Employee_Personal_Details_Objects/Page_OrangeHRM/button_Save' is clicked on]]></system-out>
         <system-err><![CDATA[]]></system-err>
      </testcase>
      <testcase name="Test Cases/Employee_Onboarding/TC_Employee_Person_Details" time="14.686" classname="Test Cases/Employee_Onboarding/TC_Employee_Person_Details" status="PASSED">
         <system-out><![CDATA[27-12-2024T07:54:47 - [TEST_CASE][PASSED] - Test Cases/Employee_Onboarding/TC_Employee_Person_Details: Test Cases/Employee_Onboarding/TC_Employee_Person_Details

27-12-2024T07:54:47 - [TEST_STEP][PASSED] - click(findTestObject("Object Repository/Employee-Onboarding/Employee_Personal_Details_Objects/Page_OrangeHRM/span_PIM")): Object: 'Object Repository/Employee-Onboarding/Employee_Personal_Details_Objects/Page_OrangeHRM/span_PIM' is clicked on

27-12-2024T07:54:49 - [MESSAGE][PASSED] - Object: 'Object Repository/Employee-Onboarding/Employee_Personal_Details_Objects/Page_OrangeHRM/span_PIM' is clicked on

27-12-2024T07:54:49 - [TEST_STEP][PASSED] - setText(findTestObject("Object Repository/Employee-Onboarding/Employee_Personal_Details_Objects/Page_OrangeHRM/input"), Employee_Fullname): Text 'Kevin Ryan' is set on object 'Object Repository/Employee-Onboarding/Employee_Personal_Details_Objects/Page_OrangeHRM/input'

27-12-2024T07:54:51 - [MESSAGE][PASSED] - Text 'Kevin Ryan' is set on object 'Object Repository/Employee-Onboarding/Employee_Personal_Details_Objects/Page_OrangeHRM/input'

27-12-2024T07:54:51 - [TEST_STEP][PASSED] - click(findTestObject("Object Repository/Employee-Onboarding/Employee_Personal_Details_Objects/Page_OrangeHRM/button_Search")): Object: 'Object Repository/Employee-Onboarding/Employee_Personal_Details_Objects/Page_OrangeHRM/button_Search' is clicked on

27-12-2024T07:54:52 - [MESSAGE][PASSED] - Object: 'Object Repository/Employee-Onboarding/Employee_Personal_Details_Objects/Page_OrangeHRM/button_Search' is clicked on

27-12-2024T07:54:52 - [TEST_STEP][PASSED] - click(findTestObject("Object Repository/Employee-Onboarding/Employee_Personal_Details_Objects/Page_OrangeHRM/div_0034008")): Object: 'Object Repository/Employee-Onboarding/Employee_Personal_Details_Objects/Page_OrangeHRM/div_0034008' is clicked on

27-12-2024T07:54:53 - [MESSAGE][PASSED] - Object: 'Object Repository/Employee-Onboarding/Employee_Personal_Details_Objects/Page_OrangeHRM/div_0034008' is clicked on

27-12-2024T07:54:53 - [TEST_STEP][PASSED] - click(findTestObject("Object Repository/Employee-Onboarding/Employee_Personal_Details_Objects/Page_OrangeHRM/a_Personal Details")): Object: 'Object Repository/Employee-Onboarding/Employee_Personal_Details_Objects/Page_OrangeHRM/a_Personal Details' is clicked on

27-12-2024T07:54:56 - [MESSAGE][PASSED] - Object: 'Object Repository/Employee-Onboarding/Employee_Personal_Details_Objects/Page_OrangeHRM/a_Personal Details' is clicked on

27-12-2024T07:54:56 - [TEST_STEP][PASSED] - setText(findTestObject("Object Repository/Employee-Onboarding/Employee_Personal_Details_Objects/Page_OrangeHRM/input_concat(Driver, , s License Number)_ox_6ab805"), Driving_License_Number): Text '28ZHYL6HPS' is set on object 'Object Repository/Employee-Onboarding/Employee_Personal_Details_Objects/Page_OrangeHRM/input_concat(Driver, , s License Number)_ox_6ab805'

27-12-2024T07:54:59 - [MESSAGE][PASSED] - Text '28ZHYL6HPS' is set on object 'Object Repository/Employee-Onboarding/Employee_Personal_Details_Objects/Page_OrangeHRM/input_concat(Driver, , s License Number)_ox_6ab805'

27-12-2024T07:54:59 - [TEST_STEP][PASSED] - setText(findTestObject("Object Repository/Employee-Onboarding/Employee_Personal_Details_Objects/Page_OrangeHRM/input_License Expiry Date_oxd-input oxd-inp_5d7d79"), License_Expiry_Date): Text '2025-12-12' is set on object 'Object Repository/Employee-Onboarding/Employee_Personal_Details_Objects/Page_OrangeHRM/input_License Expiry Date_oxd-input oxd-inp_5d7d79'

27-12-2024T07:54:59 - [MESSAGE][PASSED] - Text '2025-12-12' is set on object 'Object Repository/Employee-Onboarding/Employee_Personal_Details_Objects/Page_OrangeHRM/input_License Expiry Date_oxd-input oxd-inp_5d7d79'

27-12-2024T07:54:59 - [TEST_STEP][PASSED] - click(findTestObject("Object Repository/Employee-Onboarding/Employee_Personal_Details_Objects/Page_OrangeHRM/div_-- Select --")): Object: 'Object Repository/Employee-Onboarding/Employee_Personal_Details_Objects/Page_OrangeHRM/div_-- Select --' is clicked on

27-12-2024T07:54:59 - [MESSAGE][PASSED] - Object: 'Object Repository/Employee-Onboarding/Employee_Personal_Details_Objects/Page_OrangeHRM/div_-- Select --' is clicked on

27-12-2024T07:54:59 - [TEST_STEP][PASSED] - click(findTestObject("Employee-Onboarding/Employee_Salary_Detail_Objects/Page_OrangeHRM/custom_object_for_dropdown", ["value":Employee_Nationality])): Object: 'Object Repository/Employee-Onboarding/Employee_Salary_Detail_Objects/Page_OrangeHRM/custom_object_for_dropdown' is clicked on

27-12-2024T07:55:00 - [MESSAGE][PASSED] - Object: 'Object Repository/Employee-Onboarding/Employee_Salary_Detail_Objects/Page_OrangeHRM/custom_object_for_dropdown' is clicked on

27-12-2024T07:55:00 - [TEST_STEP][PASSED] - click(findTestObject("Object Repository/Employee-Onboarding/Employee_Personal_Details_Objects/Page_OrangeHRM/div_-- Select --_1")): Object: 'Object Repository/Employee-Onboarding/Employee_Personal_Details_Objects/Page_OrangeHRM/div_-- Select --_1' is clicked on

27-12-2024T07:55:00 - [MESSAGE][PASSED] - Object: 'Object Repository/Employee-Onboarding/Employee_Personal_Details_Objects/Page_OrangeHRM/div_-- Select --_1' is clicked on

27-12-2024T07:55:00 - [TEST_STEP][PASSED] - click(findTestObject("Employee-Onboarding/Employee_Salary_Detail_Objects/Page_OrangeHRM/custom_object_for_dropdown", ["value":Employee_Marital_Status])): Object: 'Object Repository/Employee-Onboarding/Employee_Salary_Detail_Objects/Page_OrangeHRM/custom_object_for_dropdown' is clicked on

27-12-2024T07:55:01 - [MESSAGE][PASSED] - Object: 'Object Repository/Employee-Onboarding/Employee_Salary_Detail_Objects/Page_OrangeHRM/custom_object_for_dropdown' is clicked on

27-12-2024T07:55:01 - [TEST_STEP][PASSED] - setText(findTestObject("Object Repository/Employee-Onboarding/Employee_Personal_Details_Objects/Page_OrangeHRM/input_Date of Birth_oxd-input oxd-input--focus"), Employee_DOB): Text '1979-10-08' is set on object 'Object Repository/Employee-Onboarding/Employee_Personal_Details_Objects/Page_OrangeHRM/input_Date of Birth_oxd-input oxd-input--focus'

27-12-2024T07:55:02 - [MESSAGE][PASSED] - Text '1979-10-08' is set on object 'Object Repository/Employee-Onboarding/Employee_Personal_Details_Objects/Page_OrangeHRM/input_Date of Birth_oxd-input oxd-input--focus'

27-12-2024T07:55:02 - [TEST_STEP][PASSED] - click(findTestObject("Object Repository/Employee-Onboarding/Employee_Personal_Details_Objects/Page_OrangeHRM/span_Male_oxd-radio-input oxd-radio-input--_b0de6e")): Object: 'Object Repository/Employee-Onboarding/Employee_Personal_Details_Objects/Page_OrangeHRM/span_Male_oxd-radio-input oxd-radio-input--_b0de6e' is clicked on

27-12-2024T07:55:02 - [MESSAGE][PASSED] - Object: 'Object Repository/Employee-Onboarding/Employee_Personal_Details_Objects/Page_OrangeHRM/span_Male_oxd-radio-input oxd-radio-input--_b0de6e' is clicked on

27-12-2024T07:55:02 - [TEST_STEP][PASSED] - click(findTestObject("Object Repository/Employee-Onboarding/Employee_Personal_Details_Objects/Page_OrangeHRM/button_Save")): Object: 'Object Repository/Employee-Onboarding/Employee_Personal_Details_Objects/Page_OrangeHRM/button_Save' is clicked on

27-12-2024T07:55:02 - [MESSAGE][PASSED] - Object: 'Object Repository/Employee-Onboarding/Employee_Personal_Details_Objects/Page_OrangeHRM/button_Save' is clicked on]]></system-out>
         <system-err><![CDATA[]]></system-err>
      </testcase>
      <testcase name="Test Cases/Employee_Onboarding/TC_Employee_Person_Details" time="15.402" classname="Test Cases/Employee_Onboarding/TC_Employee_Person_Details" status="PASSED">
         <system-out><![CDATA[27-12-2024T07:55:02 - [TEST_CASE][PASSED] - Test Cases/Employee_Onboarding/TC_Employee_Person_Details: Test Cases/Employee_Onboarding/TC_Employee_Person_Details

27-12-2024T07:55:02 - [TEST_STEP][PASSED] - click(findTestObject("Object Repository/Employee-Onboarding/Employee_Personal_Details_Objects/Page_OrangeHRM/span_PIM")): Object: 'Object Repository/Employee-Onboarding/Employee_Personal_Details_Objects/Page_OrangeHRM/span_PIM' is clicked on

27-12-2024T07:55:04 - [MESSAGE][PASSED] - Object: 'Object Repository/Employee-Onboarding/Employee_Personal_Details_Objects/Page_OrangeHRM/span_PIM' is clicked on

27-12-2024T07:55:04 - [TEST_STEP][PASSED] - setText(findTestObject("Object Repository/Employee-Onboarding/Employee_Personal_Details_Objects/Page_OrangeHRM/input"), Employee_Fullname): Text 'Billy Barker' is set on object 'Object Repository/Employee-Onboarding/Employee_Personal_Details_Objects/Page_OrangeHRM/input'

27-12-2024T07:55:06 - [MESSAGE][PASSED] - Text 'Billy Barker' is set on object 'Object Repository/Employee-Onboarding/Employee_Personal_Details_Objects/Page_OrangeHRM/input'

27-12-2024T07:55:06 - [TEST_STEP][PASSED] - click(findTestObject("Object Repository/Employee-Onboarding/Employee_Personal_Details_Objects/Page_OrangeHRM/button_Search")): Object: 'Object Repository/Employee-Onboarding/Employee_Personal_Details_Objects/Page_OrangeHRM/button_Search' is clicked on

27-12-2024T07:55:06 - [MESSAGE][PASSED] - Object: 'Object Repository/Employee-Onboarding/Employee_Personal_Details_Objects/Page_OrangeHRM/button_Search' is clicked on

27-12-2024T07:55:06 - [TEST_STEP][PASSED] - click(findTestObject("Object Repository/Employee-Onboarding/Employee_Personal_Details_Objects/Page_OrangeHRM/div_0034008")): Object: 'Object Repository/Employee-Onboarding/Employee_Personal_Details_Objects/Page_OrangeHRM/div_0034008' is clicked on

27-12-2024T07:55:08 - [MESSAGE][PASSED] - Object: 'Object Repository/Employee-Onboarding/Employee_Personal_Details_Objects/Page_OrangeHRM/div_0034008' is clicked on

27-12-2024T07:55:08 - [TEST_STEP][PASSED] - click(findTestObject("Object Repository/Employee-Onboarding/Employee_Personal_Details_Objects/Page_OrangeHRM/a_Personal Details")): Object: 'Object Repository/Employee-Onboarding/Employee_Personal_Details_Objects/Page_OrangeHRM/a_Personal Details' is clicked on

27-12-2024T07:55:11 - [MESSAGE][PASSED] - Object: 'Object Repository/Employee-Onboarding/Employee_Personal_Details_Objects/Page_OrangeHRM/a_Personal Details' is clicked on

27-12-2024T07:55:11 - [TEST_STEP][PASSED] - setText(findTestObject("Object Repository/Employee-Onboarding/Employee_Personal_Details_Objects/Page_OrangeHRM/input_concat(Driver, , s License Number)_ox_6ab805"), Driving_License_Number): Text 'NTLHLY8GSM' is set on object 'Object Repository/Employee-Onboarding/Employee_Personal_Details_Objects/Page_OrangeHRM/input_concat(Driver, , s License Number)_ox_6ab805'

27-12-2024T07:55:14 - [MESSAGE][PASSED] - Text 'NTLHLY8GSM' is set on object 'Object Repository/Employee-Onboarding/Employee_Personal_Details_Objects/Page_OrangeHRM/input_concat(Driver, , s License Number)_ox_6ab805'

27-12-2024T07:55:14 - [TEST_STEP][PASSED] - setText(findTestObject("Object Repository/Employee-Onboarding/Employee_Personal_Details_Objects/Page_OrangeHRM/input_License Expiry Date_oxd-input oxd-inp_5d7d79"), License_Expiry_Date): Text '2025-12-12' is set on object 'Object Repository/Employee-Onboarding/Employee_Personal_Details_Objects/Page_OrangeHRM/input_License Expiry Date_oxd-input oxd-inp_5d7d79'

27-12-2024T07:55:15 - [MESSAGE][PASSED] - Text '2025-12-12' is set on object 'Object Repository/Employee-Onboarding/Employee_Personal_Details_Objects/Page_OrangeHRM/input_License Expiry Date_oxd-input oxd-inp_5d7d79'

27-12-2024T07:55:15 - [TEST_STEP][PASSED] - click(findTestObject("Object Repository/Employee-Onboarding/Employee_Personal_Details_Objects/Page_OrangeHRM/div_-- Select --")): Object: 'Object Repository/Employee-Onboarding/Employee_Personal_Details_Objects/Page_OrangeHRM/div_-- Select --' is clicked on

27-12-2024T07:55:15 - [MESSAGE][PASSED] - Object: 'Object Repository/Employee-Onboarding/Employee_Personal_Details_Objects/Page_OrangeHRM/div_-- Select --' is clicked on

27-12-2024T07:55:15 - [TEST_STEP][PASSED] - click(findTestObject("Employee-Onboarding/Employee_Salary_Detail_Objects/Page_OrangeHRM/custom_object_for_dropdown", ["value":Employee_Nationality])): Object: 'Object Repository/Employee-Onboarding/Employee_Salary_Detail_Objects/Page_OrangeHRM/custom_object_for_dropdown' is clicked on

27-12-2024T07:55:15 - [MESSAGE][PASSED] - Object: 'Object Repository/Employee-Onboarding/Employee_Salary_Detail_Objects/Page_OrangeHRM/custom_object_for_dropdown' is clicked on

27-12-2024T07:55:15 - [TEST_STEP][PASSED] - click(findTestObject("Object Repository/Employee-Onboarding/Employee_Personal_Details_Objects/Page_OrangeHRM/div_-- Select --_1")): Object: 'Object Repository/Employee-Onboarding/Employee_Personal_Details_Objects/Page_OrangeHRM/div_-- Select --_1' is clicked on

27-12-2024T07:55:16 - [MESSAGE][PASSED] - Object: 'Object Repository/Employee-Onboarding/Employee_Personal_Details_Objects/Page_OrangeHRM/div_-- Select --_1' is clicked on

27-12-2024T07:55:16 - [TEST_STEP][PASSED] - click(findTestObject("Employee-Onboarding/Employee_Salary_Detail_Objects/Page_OrangeHRM/custom_object_for_dropdown", ["value":Employee_Marital_Status])): Object: 'Object Repository/Employee-Onboarding/Employee_Salary_Detail_Objects/Page_OrangeHRM/custom_object_for_dropdown' is clicked on

27-12-2024T07:55:16 - [MESSAGE][PASSED] - Object: 'Object Repository/Employee-Onboarding/Employee_Salary_Detail_Objects/Page_OrangeHRM/custom_object_for_dropdown' is clicked on

27-12-2024T07:55:16 - [TEST_STEP][PASSED] - setText(findTestObject("Object Repository/Employee-Onboarding/Employee_Personal_Details_Objects/Page_OrangeHRM/input_Date of Birth_oxd-input oxd-input--focus"), Employee_DOB): Text '2000-07-01' is set on object 'Object Repository/Employee-Onboarding/Employee_Personal_Details_Objects/Page_OrangeHRM/input_Date of Birth_oxd-input oxd-input--focus'

27-12-2024T07:55:17 - [MESSAGE][PASSED] - Text '2000-07-01' is set on object 'Object Repository/Employee-Onboarding/Employee_Personal_Details_Objects/Page_OrangeHRM/input_Date of Birth_oxd-input oxd-input--focus'

27-12-2024T07:55:17 - [TEST_STEP][PASSED] - click(findTestObject("Object Repository/Employee-Onboarding/Employee_Personal_Details_Objects/Page_OrangeHRM/span_Male_oxd-radio-input oxd-radio-input--_b0de6e")): Object: 'Object Repository/Employee-Onboarding/Employee_Personal_Details_Objects/Page_OrangeHRM/span_Male_oxd-radio-input oxd-radio-input--_b0de6e' is clicked on

27-12-2024T07:55:17 - [MESSAGE][PASSED] - Object: 'Object Repository/Employee-Onboarding/Employee_Personal_Details_Objects/Page_OrangeHRM/span_Male_oxd-radio-input oxd-radio-input--_b0de6e' is clicked on

27-12-2024T07:55:17 - [TEST_STEP][PASSED] - click(findTestObject("Object Repository/Employee-Onboarding/Employee_Personal_Details_Objects/Page_OrangeHRM/button_Save")): Object: 'Object Repository/Employee-Onboarding/Employee_Personal_Details_Objects/Page_OrangeHRM/button_Save' is clicked on

27-12-2024T07:55:17 - [MESSAGE][PASSED] - Object: 'Object Repository/Employee-Onboarding/Employee_Personal_Details_Objects/Page_OrangeHRM/button_Save' is clicked on]]></system-out>
         <system-err><![CDATA[]]></system-err>
      </testcase>
      <testcase name="Test Cases/Employee_Onboarding/TC_Employee_Person_Details" time="15.153" classname="Test Cases/Employee_Onboarding/TC_Employee_Person_Details" status="PASSED">
         <system-out><![CDATA[27-12-2024T07:55:18 - [TEST_CASE][PASSED] - Test Cases/Employee_Onboarding/TC_Employee_Person_Details: Test Cases/Employee_Onboarding/TC_Employee_Person_Details

27-12-2024T07:55:18 - [TEST_STEP][PASSED] - click(findTestObject("Object Repository/Employee-Onboarding/Employee_Personal_Details_Objects/Page_OrangeHRM/span_PIM")): Object: 'Object Repository/Employee-Onboarding/Employee_Personal_Details_Objects/Page_OrangeHRM/span_PIM' is clicked on

27-12-2024T07:55:20 - [MESSAGE][PASSED] - Object: 'Object Repository/Employee-Onboarding/Employee_Personal_Details_Objects/Page_OrangeHRM/span_PIM' is clicked on

27-12-2024T07:55:20 - [TEST_STEP][PASSED] - setText(findTestObject("Object Repository/Employee-Onboarding/Employee_Personal_Details_Objects/Page_OrangeHRM/input"), Employee_Fullname): Text 'Michael Adams' is set on object 'Object Repository/Employee-Onboarding/Employee_Personal_Details_Objects/Page_OrangeHRM/input'

27-12-2024T07:55:22 - [MESSAGE][PASSED] - Text 'Michael Adams' is set on object 'Object Repository/Employee-Onboarding/Employee_Personal_Details_Objects/Page_OrangeHRM/input'

27-12-2024T07:55:22 - [TEST_STEP][PASSED] - click(findTestObject("Object Repository/Employee-Onboarding/Employee_Personal_Details_Objects/Page_OrangeHRM/button_Search")): Object: 'Object Repository/Employee-Onboarding/Employee_Personal_Details_Objects/Page_OrangeHRM/button_Search' is clicked on

27-12-2024T07:55:22 - [MESSAGE][PASSED] - Object: 'Object Repository/Employee-Onboarding/Employee_Personal_Details_Objects/Page_OrangeHRM/button_Search' is clicked on

27-12-2024T07:55:22 - [TEST_STEP][PASSED] - click(findTestObject("Object Repository/Employee-Onboarding/Employee_Personal_Details_Objects/Page_OrangeHRM/div_0034008")): Object: 'Object Repository/Employee-Onboarding/Employee_Personal_Details_Objects/Page_OrangeHRM/div_0034008' is clicked on

27-12-2024T07:55:24 - [MESSAGE][PASSED] - Object: 'Object Repository/Employee-Onboarding/Employee_Personal_Details_Objects/Page_OrangeHRM/div_0034008' is clicked on

27-12-2024T07:55:24 - [TEST_STEP][PASSED] - click(findTestObject("Object Repository/Employee-Onboarding/Employee_Personal_Details_Objects/Page_OrangeHRM/a_Personal Details")): Object: 'Object Repository/Employee-Onboarding/Employee_Personal_Details_Objects/Page_OrangeHRM/a_Personal Details' is clicked on

27-12-2024T07:55:27 - [MESSAGE][PASSED] - Object: 'Object Repository/Employee-Onboarding/Employee_Personal_Details_Objects/Page_OrangeHRM/a_Personal Details' is clicked on

27-12-2024T07:55:27 - [TEST_STEP][PASSED] - setText(findTestObject("Object Repository/Employee-Onboarding/Employee_Personal_Details_Objects/Page_OrangeHRM/input_concat(Driver, , s License Number)_ox_6ab805"), Driving_License_Number): Text '9ZDCSI73XJ' is set on object 'Object Repository/Employee-Onboarding/Employee_Personal_Details_Objects/Page_OrangeHRM/input_concat(Driver, , s License Number)_ox_6ab805'

27-12-2024T07:55:29 - [MESSAGE][PASSED] - Text '9ZDCSI73XJ' is set on object 'Object Repository/Employee-Onboarding/Employee_Personal_Details_Objects/Page_OrangeHRM/input_concat(Driver, , s License Number)_ox_6ab805'

27-12-2024T07:55:29 - [TEST_STEP][PASSED] - setText(findTestObject("Object Repository/Employee-Onboarding/Employee_Personal_Details_Objects/Page_OrangeHRM/input_License Expiry Date_oxd-input oxd-inp_5d7d79"), License_Expiry_Date): Text '2025-12-12' is set on object 'Object Repository/Employee-Onboarding/Employee_Personal_Details_Objects/Page_OrangeHRM/input_License Expiry Date_oxd-input oxd-inp_5d7d79'

27-12-2024T07:55:30 - [MESSAGE][PASSED] - Text '2025-12-12' is set on object 'Object Repository/Employee-Onboarding/Employee_Personal_Details_Objects/Page_OrangeHRM/input_License Expiry Date_oxd-input oxd-inp_5d7d79'

27-12-2024T07:55:30 - [TEST_STEP][PASSED] - click(findTestObject("Object Repository/Employee-Onboarding/Employee_Personal_Details_Objects/Page_OrangeHRM/div_-- Select --")): Object: 'Object Repository/Employee-Onboarding/Employee_Personal_Details_Objects/Page_OrangeHRM/div_-- Select --' is clicked on

27-12-2024T07:55:30 - [MESSAGE][PASSED] - Object: 'Object Repository/Employee-Onboarding/Employee_Personal_Details_Objects/Page_OrangeHRM/div_-- Select --' is clicked on

27-12-2024T07:55:30 - [TEST_STEP][PASSED] - click(findTestObject("Employee-Onboarding/Employee_Salary_Detail_Objects/Page_OrangeHRM/custom_object_for_dropdown", ["value":Employee_Nationality])): Object: 'Object Repository/Employee-Onboarding/Employee_Salary_Detail_Objects/Page_OrangeHRM/custom_object_for_dropdown' is clicked on

27-12-2024T07:55:31 - [MESSAGE][PASSED] - Object: 'Object Repository/Employee-Onboarding/Employee_Salary_Detail_Objects/Page_OrangeHRM/custom_object_for_dropdown' is clicked on

27-12-2024T07:55:31 - [TEST_STEP][PASSED] - click(findTestObject("Object Repository/Employee-Onboarding/Employee_Personal_Details_Objects/Page_OrangeHRM/div_-- Select --_1")): Object: 'Object Repository/Employee-Onboarding/Employee_Personal_Details_Objects/Page_OrangeHRM/div_-- Select --_1' is clicked on

27-12-2024T07:55:31 - [MESSAGE][PASSED] - Object: 'Object Repository/Employee-Onboarding/Employee_Personal_Details_Objects/Page_OrangeHRM/div_-- Select --_1' is clicked on

27-12-2024T07:55:31 - [TEST_STEP][PASSED] - click(findTestObject("Employee-Onboarding/Employee_Salary_Detail_Objects/Page_OrangeHRM/custom_object_for_dropdown", ["value":Employee_Marital_Status])): Object: 'Object Repository/Employee-Onboarding/Employee_Salary_Detail_Objects/Page_OrangeHRM/custom_object_for_dropdown' is clicked on

27-12-2024T07:55:31 - [MESSAGE][PASSED] - Object: 'Object Repository/Employee-Onboarding/Employee_Salary_Detail_Objects/Page_OrangeHRM/custom_object_for_dropdown' is clicked on

27-12-2024T07:55:31 - [TEST_STEP][PASSED] - setText(findTestObject("Object Repository/Employee-Onboarding/Employee_Personal_Details_Objects/Page_OrangeHRM/input_Date of Birth_oxd-input oxd-input--focus"), Employee_DOB): Text '1976-08-06' is set on object 'Object Repository/Employee-Onboarding/Employee_Personal_Details_Objects/Page_OrangeHRM/input_Date of Birth_oxd-input oxd-input--focus'

27-12-2024T07:55:32 - [MESSAGE][PASSED] - Text '1976-08-06' is set on object 'Object Repository/Employee-Onboarding/Employee_Personal_Details_Objects/Page_OrangeHRM/input_Date of Birth_oxd-input oxd-input--focus'

27-12-2024T07:55:32 - [TEST_STEP][PASSED] - click(findTestObject("Object Repository/Employee-Onboarding/Employee_Personal_Details_Objects/Page_OrangeHRM/span_Male_oxd-radio-input oxd-radio-input--_b0de6e")): Object: 'Object Repository/Employee-Onboarding/Employee_Personal_Details_Objects/Page_OrangeHRM/span_Male_oxd-radio-input oxd-radio-input--_b0de6e' is clicked on

27-12-2024T07:55:32 - [MESSAGE][PASSED] - Object: 'Object Repository/Employee-Onboarding/Employee_Personal_Details_Objects/Page_OrangeHRM/span_Male_oxd-radio-input oxd-radio-input--_b0de6e' is clicked on

27-12-2024T07:55:32 - [TEST_STEP][PASSED] - click(findTestObject("Object Repository/Employee-Onboarding/Employee_Personal_Details_Objects/Page_OrangeHRM/button_Save")): Object: 'Object Repository/Employee-Onboarding/Employee_Personal_Details_Objects/Page_OrangeHRM/button_Save' is clicked on

27-12-2024T07:55:33 - [MESSAGE][PASSED] - Object: 'Object Repository/Employee-Onboarding/Employee_Personal_Details_Objects/Page_OrangeHRM/button_Save' is clicked on]]></system-out>
         <system-err><![CDATA[]]></system-err>
      </testcase>
      <testcase name="Test Cases/Employee_Onboarding/TC_Employee_Person_Details" time="14.506" classname="Test Cases/Employee_Onboarding/TC_Employee_Person_Details" status="PASSED">
         <system-out><![CDATA[27-12-2024T07:55:33 - [TEST_CASE][PASSED] - Test Cases/Employee_Onboarding/TC_Employee_Person_Details: Test Cases/Employee_Onboarding/TC_Employee_Person_Details

27-12-2024T07:55:33 - [TEST_STEP][PASSED] - click(findTestObject("Object Repository/Employee-Onboarding/Employee_Personal_Details_Objects/Page_OrangeHRM/span_PIM")): Object: 'Object Repository/Employee-Onboarding/Employee_Personal_Details_Objects/Page_OrangeHRM/span_PIM' is clicked on

27-12-2024T07:55:35 - [MESSAGE][PASSED] - Object: 'Object Repository/Employee-Onboarding/Employee_Personal_Details_Objects/Page_OrangeHRM/span_PIM' is clicked on

27-12-2024T07:55:35 - [TEST_STEP][PASSED] - setText(findTestObject("Object Repository/Employee-Onboarding/Employee_Personal_Details_Objects/Page_OrangeHRM/input"), Employee_Fullname): Text 'Frank Huynh' is set on object 'Object Repository/Employee-Onboarding/Employee_Personal_Details_Objects/Page_OrangeHRM/input'

27-12-2024T07:55:37 - [MESSAGE][PASSED] - Text 'Frank Huynh' is set on object 'Object Repository/Employee-Onboarding/Employee_Personal_Details_Objects/Page_OrangeHRM/input'

27-12-2024T07:55:37 - [TEST_STEP][PASSED] - click(findTestObject("Object Repository/Employee-Onboarding/Employee_Personal_Details_Objects/Page_OrangeHRM/button_Search")): Object: 'Object Repository/Employee-Onboarding/Employee_Personal_Details_Objects/Page_OrangeHRM/button_Search' is clicked on

27-12-2024T07:55:37 - [MESSAGE][PASSED] - Object: 'Object Repository/Employee-Onboarding/Employee_Personal_Details_Objects/Page_OrangeHRM/button_Search' is clicked on

27-12-2024T07:55:37 - [TEST_STEP][PASSED] - click(findTestObject("Object Repository/Employee-Onboarding/Employee_Personal_Details_Objects/Page_OrangeHRM/div_0034008")): Object: 'Object Repository/Employee-Onboarding/Employee_Personal_Details_Objects/Page_OrangeHRM/div_0034008' is clicked on

27-12-2024T07:55:39 - [MESSAGE][PASSED] - Object: 'Object Repository/Employee-Onboarding/Employee_Personal_Details_Objects/Page_OrangeHRM/div_0034008' is clicked on

27-12-2024T07:55:39 - [TEST_STEP][PASSED] - click(findTestObject("Object Repository/Employee-Onboarding/Employee_Personal_Details_Objects/Page_OrangeHRM/a_Personal Details")): Object: 'Object Repository/Employee-Onboarding/Employee_Personal_Details_Objects/Page_OrangeHRM/a_Personal Details' is clicked on

27-12-2024T07:55:41 - [MESSAGE][PASSED] - Object: 'Object Repository/Employee-Onboarding/Employee_Personal_Details_Objects/Page_OrangeHRM/a_Personal Details' is clicked on

27-12-2024T07:55:41 - [TEST_STEP][PASSED] - setText(findTestObject("Object Repository/Employee-Onboarding/Employee_Personal_Details_Objects/Page_OrangeHRM/input_concat(Driver, , s License Number)_ox_6ab805"), Driving_License_Number): Text '1WJEO0EYOR' is set on object 'Object Repository/Employee-Onboarding/Employee_Personal_Details_Objects/Page_OrangeHRM/input_concat(Driver, , s License Number)_ox_6ab805'

27-12-2024T07:55:44 - [MESSAGE][PASSED] - Text '1WJEO0EYOR' is set on object 'Object Repository/Employee-Onboarding/Employee_Personal_Details_Objects/Page_OrangeHRM/input_concat(Driver, , s License Number)_ox_6ab805'

27-12-2024T07:55:44 - [TEST_STEP][PASSED] - setText(findTestObject("Object Repository/Employee-Onboarding/Employee_Personal_Details_Objects/Page_OrangeHRM/input_License Expiry Date_oxd-input oxd-inp_5d7d79"), License_Expiry_Date): Text '2025-12-12' is set on object 'Object Repository/Employee-Onboarding/Employee_Personal_Details_Objects/Page_OrangeHRM/input_License Expiry Date_oxd-input oxd-inp_5d7d79'

27-12-2024T07:55:44 - [MESSAGE][PASSED] - Text '2025-12-12' is set on object 'Object Repository/Employee-Onboarding/Employee_Personal_Details_Objects/Page_OrangeHRM/input_License Expiry Date_oxd-input oxd-inp_5d7d79'

27-12-2024T07:55:44 - [TEST_STEP][PASSED] - click(findTestObject("Object Repository/Employee-Onboarding/Employee_Personal_Details_Objects/Page_OrangeHRM/div_-- Select --")): Object: 'Object Repository/Employee-Onboarding/Employee_Personal_Details_Objects/Page_OrangeHRM/div_-- Select --' is clicked on

27-12-2024T07:55:45 - [MESSAGE][PASSED] - Object: 'Object Repository/Employee-Onboarding/Employee_Personal_Details_Objects/Page_OrangeHRM/div_-- Select --' is clicked on

27-12-2024T07:55:45 - [TEST_STEP][PASSED] - click(findTestObject("Employee-Onboarding/Employee_Salary_Detail_Objects/Page_OrangeHRM/custom_object_for_dropdown", ["value":Employee_Nationality])): Object: 'Object Repository/Employee-Onboarding/Employee_Salary_Detail_Objects/Page_OrangeHRM/custom_object_for_dropdown' is clicked on

27-12-2024T07:55:45 - [MESSAGE][PASSED] - Object: 'Object Repository/Employee-Onboarding/Employee_Salary_Detail_Objects/Page_OrangeHRM/custom_object_for_dropdown' is clicked on

27-12-2024T07:55:45 - [TEST_STEP][PASSED] - click(findTestObject("Object Repository/Employee-Onboarding/Employee_Personal_Details_Objects/Page_OrangeHRM/div_-- Select --_1")): Object: 'Object Repository/Employee-Onboarding/Employee_Personal_Details_Objects/Page_OrangeHRM/div_-- Select --_1' is clicked on

27-12-2024T07:55:46 - [MESSAGE][PASSED] - Object: 'Object Repository/Employee-Onboarding/Employee_Personal_Details_Objects/Page_OrangeHRM/div_-- Select --_1' is clicked on

27-12-2024T07:55:46 - [TEST_STEP][PASSED] - click(findTestObject("Employee-Onboarding/Employee_Salary_Detail_Objects/Page_OrangeHRM/custom_object_for_dropdown", ["value":Employee_Marital_Status])): Object: 'Object Repository/Employee-Onboarding/Employee_Salary_Detail_Objects/Page_OrangeHRM/custom_object_for_dropdown' is clicked on

27-12-2024T07:55:46 - [MESSAGE][PASSED] - Object: 'Object Repository/Employee-Onboarding/Employee_Salary_Detail_Objects/Page_OrangeHRM/custom_object_for_dropdown' is clicked on

27-12-2024T07:55:46 - [TEST_STEP][PASSED] - setText(findTestObject("Object Repository/Employee-Onboarding/Employee_Personal_Details_Objects/Page_OrangeHRM/input_Date of Birth_oxd-input oxd-input--focus"), Employee_DOB): Text '1985-01-20' is set on object 'Object Repository/Employee-Onboarding/Employee_Personal_Details_Objects/Page_OrangeHRM/input_Date of Birth_oxd-input oxd-input--focus'

27-12-2024T07:55:47 - [MESSAGE][PASSED] - Text '1985-01-20' is set on object 'Object Repository/Employee-Onboarding/Employee_Personal_Details_Objects/Page_OrangeHRM/input_Date of Birth_oxd-input oxd-input--focus'

27-12-2024T07:55:47 - [TEST_STEP][PASSED] - click(findTestObject("Object Repository/Employee-Onboarding/Employee_Personal_Details_Objects/Page_OrangeHRM/span_Male_oxd-radio-input oxd-radio-input--_b0de6e")): Object: 'Object Repository/Employee-Onboarding/Employee_Personal_Details_Objects/Page_OrangeHRM/span_Male_oxd-radio-input oxd-radio-input--_b0de6e' is clicked on

27-12-2024T07:55:47 - [MESSAGE][PASSED] - Object: 'Object Repository/Employee-Onboarding/Employee_Personal_Details_Objects/Page_OrangeHRM/span_Male_oxd-radio-input oxd-radio-input--_b0de6e' is clicked on

27-12-2024T07:55:47 - [TEST_STEP][PASSED] - click(findTestObject("Object Repository/Employee-Onboarding/Employee_Personal_Details_Objects/Page_OrangeHRM/button_Save")): Object: 'Object Repository/Employee-Onboarding/Employee_Personal_Details_Objects/Page_OrangeHRM/button_Save' is clicked on

27-12-2024T07:55:47 - [MESSAGE][PASSED] - Object: 'Object Repository/Employee-Onboarding/Employee_Personal_Details_Objects/Page_OrangeHRM/button_Save' is clicked on]]></system-out>
         <system-err><![CDATA[]]></system-err>
      </testcase>
      <testcase name="Test Cases/Employee_Onboarding/TC_Employee_Person_Details" time="14.848" classname="Test Cases/Employee_Onboarding/TC_Employee_Person_Details" status="PASSED">
         <system-out><![CDATA[27-12-2024T07:55:47 - [TEST_CASE][PASSED] - Test Cases/Employee_Onboarding/TC_Employee_Person_Details: Test Cases/Employee_Onboarding/TC_Employee_Person_Details

27-12-2024T07:55:47 - [TEST_STEP][PASSED] - click(findTestObject("Object Repository/Employee-Onboarding/Employee_Personal_Details_Objects/Page_OrangeHRM/span_PIM")): Object: 'Object Repository/Employee-Onboarding/Employee_Personal_Details_Objects/Page_OrangeHRM/span_PIM' is clicked on

27-12-2024T07:55:49 - [MESSAGE][PASSED] - Object: 'Object Repository/Employee-Onboarding/Employee_Personal_Details_Objects/Page_OrangeHRM/span_PIM' is clicked on

27-12-2024T07:55:49 - [TEST_STEP][PASSED] - setText(findTestObject("Object Repository/Employee-Onboarding/Employee_Personal_Details_Objects/Page_OrangeHRM/input"), Employee_Fullname): Text 'Nicholas Williams' is set on object 'Object Repository/Employee-Onboarding/Employee_Personal_Details_Objects/Page_OrangeHRM/input'

27-12-2024T07:55:51 - [MESSAGE][PASSED] - Text 'Nicholas Williams' is set on object 'Object Repository/Employee-Onboarding/Employee_Personal_Details_Objects/Page_OrangeHRM/input'

27-12-2024T07:55:51 - [TEST_STEP][PASSED] - click(findTestObject("Object Repository/Employee-Onboarding/Employee_Personal_Details_Objects/Page_OrangeHRM/button_Search")): Object: 'Object Repository/Employee-Onboarding/Employee_Personal_Details_Objects/Page_OrangeHRM/button_Search' is clicked on

27-12-2024T07:55:52 - [MESSAGE][PASSED] - Object: 'Object Repository/Employee-Onboarding/Employee_Personal_Details_Objects/Page_OrangeHRM/button_Search' is clicked on

27-12-2024T07:55:52 - [TEST_STEP][PASSED] - click(findTestObject("Object Repository/Employee-Onboarding/Employee_Personal_Details_Objects/Page_OrangeHRM/div_0034008")): Object: 'Object Repository/Employee-Onboarding/Employee_Personal_Details_Objects/Page_OrangeHRM/div_0034008' is clicked on

27-12-2024T07:55:53 - [MESSAGE][PASSED] - Object: 'Object Repository/Employee-Onboarding/Employee_Personal_Details_Objects/Page_OrangeHRM/div_0034008' is clicked on

27-12-2024T07:55:53 - [TEST_STEP][PASSED] - click(findTestObject("Object Repository/Employee-Onboarding/Employee_Personal_Details_Objects/Page_OrangeHRM/a_Personal Details")): Object: 'Object Repository/Employee-Onboarding/Employee_Personal_Details_Objects/Page_OrangeHRM/a_Personal Details' is clicked on

27-12-2024T07:55:56 - [MESSAGE][PASSED] - Object: 'Object Repository/Employee-Onboarding/Employee_Personal_Details_Objects/Page_OrangeHRM/a_Personal Details' is clicked on

27-12-2024T07:55:56 - [TEST_STEP][PASSED] - setText(findTestObject("Object Repository/Employee-Onboarding/Employee_Personal_Details_Objects/Page_OrangeHRM/input_concat(Driver, , s License Number)_ox_6ab805"), Driving_License_Number): Text '86DKVB0DM9' is set on object 'Object Repository/Employee-Onboarding/Employee_Personal_Details_Objects/Page_OrangeHRM/input_concat(Driver, , s License Number)_ox_6ab805'

27-12-2024T07:55:59 - [MESSAGE][PASSED] - Text '86DKVB0DM9' is set on object 'Object Repository/Employee-Onboarding/Employee_Personal_Details_Objects/Page_OrangeHRM/input_concat(Driver, , s License Number)_ox_6ab805'

27-12-2024T07:55:59 - [TEST_STEP][PASSED] - setText(findTestObject("Object Repository/Employee-Onboarding/Employee_Personal_Details_Objects/Page_OrangeHRM/input_License Expiry Date_oxd-input oxd-inp_5d7d79"), License_Expiry_Date): Text '2025-12-12' is set on object 'Object Repository/Employee-Onboarding/Employee_Personal_Details_Objects/Page_OrangeHRM/input_License Expiry Date_oxd-input oxd-inp_5d7d79'

27-12-2024T07:55:59 - [MESSAGE][PASSED] - Text '2025-12-12' is set on object 'Object Repository/Employee-Onboarding/Employee_Personal_Details_Objects/Page_OrangeHRM/input_License Expiry Date_oxd-input oxd-inp_5d7d79'

27-12-2024T07:55:59 - [TEST_STEP][PASSED] - click(findTestObject("Object Repository/Employee-Onboarding/Employee_Personal_Details_Objects/Page_OrangeHRM/div_-- Select --")): Object: 'Object Repository/Employee-Onboarding/Employee_Personal_Details_Objects/Page_OrangeHRM/div_-- Select --' is clicked on

27-12-2024T07:55:59 - [MESSAGE][PASSED] - Object: 'Object Repository/Employee-Onboarding/Employee_Personal_Details_Objects/Page_OrangeHRM/div_-- Select --' is clicked on

27-12-2024T07:55:59 - [TEST_STEP][PASSED] - click(findTestObject("Employee-Onboarding/Employee_Salary_Detail_Objects/Page_OrangeHRM/custom_object_for_dropdown", ["value":Employee_Nationality])): Object: 'Object Repository/Employee-Onboarding/Employee_Salary_Detail_Objects/Page_OrangeHRM/custom_object_for_dropdown' is clicked on

27-12-2024T07:56:00 - [MESSAGE][PASSED] - Object: 'Object Repository/Employee-Onboarding/Employee_Salary_Detail_Objects/Page_OrangeHRM/custom_object_for_dropdown' is clicked on

27-12-2024T07:56:00 - [TEST_STEP][PASSED] - click(findTestObject("Object Repository/Employee-Onboarding/Employee_Personal_Details_Objects/Page_OrangeHRM/div_-- Select --_1")): Object: 'Object Repository/Employee-Onboarding/Employee_Personal_Details_Objects/Page_OrangeHRM/div_-- Select --_1' is clicked on

27-12-2024T07:56:00 - [MESSAGE][PASSED] - Object: 'Object Repository/Employee-Onboarding/Employee_Personal_Details_Objects/Page_OrangeHRM/div_-- Select --_1' is clicked on

27-12-2024T07:56:00 - [TEST_STEP][PASSED] - click(findTestObject("Employee-Onboarding/Employee_Salary_Detail_Objects/Page_OrangeHRM/custom_object_for_dropdown", ["value":Employee_Marital_Status])): Object: 'Object Repository/Employee-Onboarding/Employee_Salary_Detail_Objects/Page_OrangeHRM/custom_object_for_dropdown' is clicked on

27-12-2024T07:56:01 - [MESSAGE][PASSED] - Object: 'Object Repository/Employee-Onboarding/Employee_Salary_Detail_Objects/Page_OrangeHRM/custom_object_for_dropdown' is clicked on

27-12-2024T07:56:01 - [TEST_STEP][PASSED] - setText(findTestObject("Object Repository/Employee-Onboarding/Employee_Personal_Details_Objects/Page_OrangeHRM/input_Date of Birth_oxd-input oxd-input--focus"), Employee_DOB): Text '1964-11-11' is set on object 'Object Repository/Employee-Onboarding/Employee_Personal_Details_Objects/Page_OrangeHRM/input_Date of Birth_oxd-input oxd-input--focus'

27-12-2024T07:56:02 - [MESSAGE][PASSED] - Text '1964-11-11' is set on object 'Object Repository/Employee-Onboarding/Employee_Personal_Details_Objects/Page_OrangeHRM/input_Date of Birth_oxd-input oxd-input--focus'

27-12-2024T07:56:02 - [TEST_STEP][PASSED] - click(findTestObject("Object Repository/Employee-Onboarding/Employee_Personal_Details_Objects/Page_OrangeHRM/span_Male_oxd-radio-input oxd-radio-input--_b0de6e")): Object: 'Object Repository/Employee-Onboarding/Employee_Personal_Details_Objects/Page_OrangeHRM/span_Male_oxd-radio-input oxd-radio-input--_b0de6e' is clicked on

27-12-2024T07:56:02 - [MESSAGE][PASSED] - Object: 'Object Repository/Employee-Onboarding/Employee_Personal_Details_Objects/Page_OrangeHRM/span_Male_oxd-radio-input oxd-radio-input--_b0de6e' is clicked on

27-12-2024T07:56:02 - [TEST_STEP][PASSED] - click(findTestObject("Object Repository/Employee-Onboarding/Employee_Personal_Details_Objects/Page_OrangeHRM/button_Save")): Object: 'Object Repository/Employee-Onboarding/Employee_Personal_Details_Objects/Page_OrangeHRM/button_Save' is clicked on

27-12-2024T07:56:02 - [MESSAGE][PASSED] - Object: 'Object Repository/Employee-Onboarding/Employee_Personal_Details_Objects/Page_OrangeHRM/button_Save' is clicked on]]></system-out>
         <system-err><![CDATA[]]></system-err>
      </testcase>
      <testcase name="Test Cases/Employee_Onboarding/TC_Employee_Person_Details" time="14.431" classname="Test Cases/Employee_Onboarding/TC_Employee_Person_Details" status="PASSED">
         <system-out><![CDATA[27-12-2024T07:56:02 - [TEST_CASE][PASSED] - Test Cases/Employee_Onboarding/TC_Employee_Person_Details: Test Cases/Employee_Onboarding/TC_Employee_Person_Details

27-12-2024T07:56:02 - [TEST_STEP][PASSED] - click(findTestObject("Object Repository/Employee-Onboarding/Employee_Personal_Details_Objects/Page_OrangeHRM/span_PIM")): Object: 'Object Repository/Employee-Onboarding/Employee_Personal_Details_Objects/Page_OrangeHRM/span_PIM' is clicked on

27-12-2024T07:56:04 - [MESSAGE][PASSED] - Object: 'Object Repository/Employee-Onboarding/Employee_Personal_Details_Objects/Page_OrangeHRM/span_PIM' is clicked on

27-12-2024T07:56:04 - [TEST_STEP][PASSED] - setText(findTestObject("Object Repository/Employee-Onboarding/Employee_Personal_Details_Objects/Page_OrangeHRM/input"), Employee_Fullname): Text 'Corey Hogan' is set on object 'Object Repository/Employee-Onboarding/Employee_Personal_Details_Objects/Page_OrangeHRM/input'

27-12-2024T07:56:06 - [MESSAGE][PASSED] - Text 'Corey Hogan' is set on object 'Object Repository/Employee-Onboarding/Employee_Personal_Details_Objects/Page_OrangeHRM/input'

27-12-2024T07:56:06 - [TEST_STEP][PASSED] - click(findTestObject("Object Repository/Employee-Onboarding/Employee_Personal_Details_Objects/Page_OrangeHRM/button_Search")): Object: 'Object Repository/Employee-Onboarding/Employee_Personal_Details_Objects/Page_OrangeHRM/button_Search' is clicked on

27-12-2024T07:56:06 - [MESSAGE][PASSED] - Object: 'Object Repository/Employee-Onboarding/Employee_Personal_Details_Objects/Page_OrangeHRM/button_Search' is clicked on

27-12-2024T07:56:06 - [TEST_STEP][PASSED] - click(findTestObject("Object Repository/Employee-Onboarding/Employee_Personal_Details_Objects/Page_OrangeHRM/div_0034008")): Object: 'Object Repository/Employee-Onboarding/Employee_Personal_Details_Objects/Page_OrangeHRM/div_0034008' is clicked on

27-12-2024T07:56:08 - [MESSAGE][PASSED] - Object: 'Object Repository/Employee-Onboarding/Employee_Personal_Details_Objects/Page_OrangeHRM/div_0034008' is clicked on

27-12-2024T07:56:08 - [TEST_STEP][PASSED] - click(findTestObject("Object Repository/Employee-Onboarding/Employee_Personal_Details_Objects/Page_OrangeHRM/a_Personal Details")): Object: 'Object Repository/Employee-Onboarding/Employee_Personal_Details_Objects/Page_OrangeHRM/a_Personal Details' is clicked on

27-12-2024T07:56:10 - [MESSAGE][PASSED] - Object: 'Object Repository/Employee-Onboarding/Employee_Personal_Details_Objects/Page_OrangeHRM/a_Personal Details' is clicked on

27-12-2024T07:56:10 - [TEST_STEP][PASSED] - setText(findTestObject("Object Repository/Employee-Onboarding/Employee_Personal_Details_Objects/Page_OrangeHRM/input_concat(Driver, , s License Number)_ox_6ab805"), Driving_License_Number): Text 'ZPKQC1RP5Q' is set on object 'Object Repository/Employee-Onboarding/Employee_Personal_Details_Objects/Page_OrangeHRM/input_concat(Driver, , s License Number)_ox_6ab805'

27-12-2024T07:56:13 - [MESSAGE][PASSED] - Text 'ZPKQC1RP5Q' is set on object 'Object Repository/Employee-Onboarding/Employee_Personal_Details_Objects/Page_OrangeHRM/input_concat(Driver, , s License Number)_ox_6ab805'

27-12-2024T07:56:13 - [TEST_STEP][PASSED] - setText(findTestObject("Object Repository/Employee-Onboarding/Employee_Personal_Details_Objects/Page_OrangeHRM/input_License Expiry Date_oxd-input oxd-inp_5d7d79"), License_Expiry_Date): Text '2025-12-12' is set on object 'Object Repository/Employee-Onboarding/Employee_Personal_Details_Objects/Page_OrangeHRM/input_License Expiry Date_oxd-input oxd-inp_5d7d79'

27-12-2024T07:56:14 - [MESSAGE][PASSED] - Text '2025-12-12' is set on object 'Object Repository/Employee-Onboarding/Employee_Personal_Details_Objects/Page_OrangeHRM/input_License Expiry Date_oxd-input oxd-inp_5d7d79'

27-12-2024T07:56:14 - [TEST_STEP][PASSED] - click(findTestObject("Object Repository/Employee-Onboarding/Employee_Personal_Details_Objects/Page_OrangeHRM/div_-- Select --")): Object: 'Object Repository/Employee-Onboarding/Employee_Personal_Details_Objects/Page_OrangeHRM/div_-- Select --' is clicked on

27-12-2024T07:56:14 - [MESSAGE][PASSED] - Object: 'Object Repository/Employee-Onboarding/Employee_Personal_Details_Objects/Page_OrangeHRM/div_-- Select --' is clicked on

27-12-2024T07:56:14 - [TEST_STEP][PASSED] - click(findTestObject("Employee-Onboarding/Employee_Salary_Detail_Objects/Page_OrangeHRM/custom_object_for_dropdown", ["value":Employee_Nationality])): Object: 'Object Repository/Employee-Onboarding/Employee_Salary_Detail_Objects/Page_OrangeHRM/custom_object_for_dropdown' is clicked on

27-12-2024T07:56:14 - [MESSAGE][PASSED] - Object: 'Object Repository/Employee-Onboarding/Employee_Salary_Detail_Objects/Page_OrangeHRM/custom_object_for_dropdown' is clicked on

27-12-2024T07:56:14 - [TEST_STEP][PASSED] - click(findTestObject("Object Repository/Employee-Onboarding/Employee_Personal_Details_Objects/Page_OrangeHRM/div_-- Select --_1")): Object: 'Object Repository/Employee-Onboarding/Employee_Personal_Details_Objects/Page_OrangeHRM/div_-- Select --_1' is clicked on

27-12-2024T07:56:15 - [MESSAGE][PASSED] - Object: 'Object Repository/Employee-Onboarding/Employee_Personal_Details_Objects/Page_OrangeHRM/div_-- Select --_1' is clicked on

27-12-2024T07:56:15 - [TEST_STEP][PASSED] - click(findTestObject("Employee-Onboarding/Employee_Salary_Detail_Objects/Page_OrangeHRM/custom_object_for_dropdown", ["value":Employee_Marital_Status])): Object: 'Object Repository/Employee-Onboarding/Employee_Salary_Detail_Objects/Page_OrangeHRM/custom_object_for_dropdown' is clicked on

27-12-2024T07:56:15 - [MESSAGE][PASSED] - Object: 'Object Repository/Employee-Onboarding/Employee_Salary_Detail_Objects/Page_OrangeHRM/custom_object_for_dropdown' is clicked on

27-12-2024T07:56:15 - [TEST_STEP][PASSED] - setText(findTestObject("Object Repository/Employee-Onboarding/Employee_Personal_Details_Objects/Page_OrangeHRM/input_Date of Birth_oxd-input oxd-input--focus"), Employee_DOB): Text '1967-01-08' is set on object 'Object Repository/Employee-Onboarding/Employee_Personal_Details_Objects/Page_OrangeHRM/input_Date of Birth_oxd-input oxd-input--focus'

27-12-2024T07:56:16 - [MESSAGE][PASSED] - Text '1967-01-08' is set on object 'Object Repository/Employee-Onboarding/Employee_Personal_Details_Objects/Page_OrangeHRM/input_Date of Birth_oxd-input oxd-input--focus'

27-12-2024T07:56:16 - [TEST_STEP][PASSED] - click(findTestObject("Object Repository/Employee-Onboarding/Employee_Personal_Details_Objects/Page_OrangeHRM/span_Male_oxd-radio-input oxd-radio-input--_b0de6e")): Object: 'Object Repository/Employee-Onboarding/Employee_Personal_Details_Objects/Page_OrangeHRM/span_Male_oxd-radio-input oxd-radio-input--_b0de6e' is clicked on

27-12-2024T07:56:16 - [MESSAGE][PASSED] - Object: 'Object Repository/Employee-Onboarding/Employee_Personal_Details_Objects/Page_OrangeHRM/span_Male_oxd-radio-input oxd-radio-input--_b0de6e' is clicked on

27-12-2024T07:56:16 - [TEST_STEP][PASSED] - click(findTestObject("Object Repository/Employee-Onboarding/Employee_Personal_Details_Objects/Page_OrangeHRM/button_Save")): Object: 'Object Repository/Employee-Onboarding/Employee_Personal_Details_Objects/Page_OrangeHRM/button_Save' is clicked on

27-12-2024T07:56:16 - [MESSAGE][PASSED] - Object: 'Object Repository/Employee-Onboarding/Employee_Personal_Details_Objects/Page_OrangeHRM/button_Save' is clicked on]]></system-out>
         <system-err><![CDATA[]]></system-err>
      </testcase>
      <testcase name="Test Cases/Employee_Onboarding/TC_Employee_Person_Details" time="15.155" classname="Test Cases/Employee_Onboarding/TC_Employee_Person_Details" status="PASSED">
         <system-out><![CDATA[27-12-2024T07:56:16 - [TEST_CASE][PASSED] - Test Cases/Employee_Onboarding/TC_Employee_Person_Details: Test Cases/Employee_Onboarding/TC_Employee_Person_Details

27-12-2024T07:56:16 - [TEST_STEP][PASSED] - click(findTestObject("Object Repository/Employee-Onboarding/Employee_Personal_Details_Objects/Page_OrangeHRM/span_PIM")): Object: 'Object Repository/Employee-Onboarding/Employee_Personal_Details_Objects/Page_OrangeHRM/span_PIM' is clicked on

27-12-2024T07:56:18 - [MESSAGE][PASSED] - Object: 'Object Repository/Employee-Onboarding/Employee_Personal_Details_Objects/Page_OrangeHRM/span_PIM' is clicked on

27-12-2024T07:56:18 - [TEST_STEP][PASSED] - setText(findTestObject("Object Repository/Employee-Onboarding/Employee_Personal_Details_Objects/Page_OrangeHRM/input"), Employee_Fullname): Text 'James King' is set on object 'Object Repository/Employee-Onboarding/Employee_Personal_Details_Objects/Page_OrangeHRM/input'

27-12-2024T07:56:21 - [MESSAGE][PASSED] - Text 'James King' is set on object 'Object Repository/Employee-Onboarding/Employee_Personal_Details_Objects/Page_OrangeHRM/input'

27-12-2024T07:56:21 - [TEST_STEP][PASSED] - click(findTestObject("Object Repository/Employee-Onboarding/Employee_Personal_Details_Objects/Page_OrangeHRM/button_Search")): Object: 'Object Repository/Employee-Onboarding/Employee_Personal_Details_Objects/Page_OrangeHRM/button_Search' is clicked on

27-12-2024T07:56:21 - [MESSAGE][PASSED] - Object: 'Object Repository/Employee-Onboarding/Employee_Personal_Details_Objects/Page_OrangeHRM/button_Search' is clicked on

27-12-2024T07:56:21 - [TEST_STEP][PASSED] - click(findTestObject("Object Repository/Employee-Onboarding/Employee_Personal_Details_Objects/Page_OrangeHRM/div_0034008")): Object: 'Object Repository/Employee-Onboarding/Employee_Personal_Details_Objects/Page_OrangeHRM/div_0034008' is clicked on

27-12-2024T07:56:22 - [MESSAGE][PASSED] - Object: 'Object Repository/Employee-Onboarding/Employee_Personal_Details_Objects/Page_OrangeHRM/div_0034008' is clicked on

27-12-2024T07:56:22 - [TEST_STEP][PASSED] - click(findTestObject("Object Repository/Employee-Onboarding/Employee_Personal_Details_Objects/Page_OrangeHRM/a_Personal Details")): Object: 'Object Repository/Employee-Onboarding/Employee_Personal_Details_Objects/Page_OrangeHRM/a_Personal Details' is clicked on

27-12-2024T07:56:26 - [MESSAGE][PASSED] - Object: 'Object Repository/Employee-Onboarding/Employee_Personal_Details_Objects/Page_OrangeHRM/a_Personal Details' is clicked on

27-12-2024T07:56:26 - [TEST_STEP][PASSED] - setText(findTestObject("Object Repository/Employee-Onboarding/Employee_Personal_Details_Objects/Page_OrangeHRM/input_concat(Driver, , s License Number)_ox_6ab805"), Driving_License_Number): Text 'WWSHEA478I' is set on object 'Object Repository/Employee-Onboarding/Employee_Personal_Details_Objects/Page_OrangeHRM/input_concat(Driver, , s License Number)_ox_6ab805'

27-12-2024T07:56:28 - [MESSAGE][PASSED] - Text 'WWSHEA478I' is set on object 'Object Repository/Employee-Onboarding/Employee_Personal_Details_Objects/Page_OrangeHRM/input_concat(Driver, , s License Number)_ox_6ab805'

27-12-2024T07:56:28 - [TEST_STEP][PASSED] - setText(findTestObject("Object Repository/Employee-Onboarding/Employee_Personal_Details_Objects/Page_OrangeHRM/input_License Expiry Date_oxd-input oxd-inp_5d7d79"), License_Expiry_Date): Text '2025-12-12' is set on object 'Object Repository/Employee-Onboarding/Employee_Personal_Details_Objects/Page_OrangeHRM/input_License Expiry Date_oxd-input oxd-inp_5d7d79'

27-12-2024T07:56:29 - [MESSAGE][PASSED] - Text '2025-12-12' is set on object 'Object Repository/Employee-Onboarding/Employee_Personal_Details_Objects/Page_OrangeHRM/input_License Expiry Date_oxd-input oxd-inp_5d7d79'

27-12-2024T07:56:29 - [TEST_STEP][PASSED] - click(findTestObject("Object Repository/Employee-Onboarding/Employee_Personal_Details_Objects/Page_OrangeHRM/div_-- Select --")): Object: 'Object Repository/Employee-Onboarding/Employee_Personal_Details_Objects/Page_OrangeHRM/div_-- Select --' is clicked on

27-12-2024T07:56:29 - [MESSAGE][PASSED] - Object: 'Object Repository/Employee-Onboarding/Employee_Personal_Details_Objects/Page_OrangeHRM/div_-- Select --' is clicked on

27-12-2024T07:56:29 - [TEST_STEP][PASSED] - click(findTestObject("Employee-Onboarding/Employee_Salary_Detail_Objects/Page_OrangeHRM/custom_object_for_dropdown", ["value":Employee_Nationality])): Object: 'Object Repository/Employee-Onboarding/Employee_Salary_Detail_Objects/Page_OrangeHRM/custom_object_for_dropdown' is clicked on

27-12-2024T07:56:29 - [MESSAGE][PASSED] - Object: 'Object Repository/Employee-Onboarding/Employee_Salary_Detail_Objects/Page_OrangeHRM/custom_object_for_dropdown' is clicked on

27-12-2024T07:56:29 - [TEST_STEP][PASSED] - click(findTestObject("Object Repository/Employee-Onboarding/Employee_Personal_Details_Objects/Page_OrangeHRM/div_-- Select --_1")): Object: 'Object Repository/Employee-Onboarding/Employee_Personal_Details_Objects/Page_OrangeHRM/div_-- Select --_1' is clicked on

27-12-2024T07:56:30 - [MESSAGE][PASSED] - Object: 'Object Repository/Employee-Onboarding/Employee_Personal_Details_Objects/Page_OrangeHRM/div_-- Select --_1' is clicked on

27-12-2024T07:56:30 - [TEST_STEP][PASSED] - click(findTestObject("Employee-Onboarding/Employee_Salary_Detail_Objects/Page_OrangeHRM/custom_object_for_dropdown", ["value":Employee_Marital_Status])): Object: 'Object Repository/Employee-Onboarding/Employee_Salary_Detail_Objects/Page_OrangeHRM/custom_object_for_dropdown' is clicked on

27-12-2024T07:56:30 - [MESSAGE][PASSED] - Object: 'Object Repository/Employee-Onboarding/Employee_Salary_Detail_Objects/Page_OrangeHRM/custom_object_for_dropdown' is clicked on

27-12-2024T07:56:30 - [TEST_STEP][PASSED] - setText(findTestObject("Object Repository/Employee-Onboarding/Employee_Personal_Details_Objects/Page_OrangeHRM/input_Date of Birth_oxd-input oxd-input--focus"), Employee_DOB): Text '1974-05-22' is set on object 'Object Repository/Employee-Onboarding/Employee_Personal_Details_Objects/Page_OrangeHRM/input_Date of Birth_oxd-input oxd-input--focus'

27-12-2024T07:56:31 - [MESSAGE][PASSED] - Text '1974-05-22' is set on object 'Object Repository/Employee-Onboarding/Employee_Personal_Details_Objects/Page_OrangeHRM/input_Date of Birth_oxd-input oxd-input--focus'

27-12-2024T07:56:31 - [TEST_STEP][PASSED] - click(findTestObject("Object Repository/Employee-Onboarding/Employee_Personal_Details_Objects/Page_OrangeHRM/span_Male_oxd-radio-input oxd-radio-input--_b0de6e")): Object: 'Object Repository/Employee-Onboarding/Employee_Personal_Details_Objects/Page_OrangeHRM/span_Male_oxd-radio-input oxd-radio-input--_b0de6e' is clicked on

27-12-2024T07:56:31 - [MESSAGE][PASSED] - Object: 'Object Repository/Employee-Onboarding/Employee_Personal_Details_Objects/Page_OrangeHRM/span_Male_oxd-radio-input oxd-radio-input--_b0de6e' is clicked on

27-12-2024T07:56:31 - [TEST_STEP][PASSED] - click(findTestObject("Object Repository/Employee-Onboarding/Employee_Personal_Details_Objects/Page_OrangeHRM/button_Save")): Object: 'Object Repository/Employee-Onboarding/Employee_Personal_Details_Objects/Page_OrangeHRM/button_Save' is clicked on

27-12-2024T07:56:32 - [MESSAGE][PASSED] - Object: 'Object Repository/Employee-Onboarding/Employee_Personal_Details_Objects/Page_OrangeHRM/button_Save' is clicked on]]></system-out>
         <system-err><![CDATA[]]></system-err>
      </testcase>
      <testcase name="Test Cases/Employee_Onboarding/TC_Employee_Person_Details" time="14.8" classname="Test Cases/Employee_Onboarding/TC_Employee_Person_Details" status="PASSED">
         <system-out><![CDATA[27-12-2024T07:56:32 - [TEST_CASE][PASSED] - Test Cases/Employee_Onboarding/TC_Employee_Person_Details: Test Cases/Employee_Onboarding/TC_Employee_Person_Details

27-12-2024T07:56:32 - [TEST_STEP][PASSED] - click(findTestObject("Object Repository/Employee-Onboarding/Employee_Personal_Details_Objects/Page_OrangeHRM/span_PIM")): Object: 'Object Repository/Employee-Onboarding/Employee_Personal_Details_Objects/Page_OrangeHRM/span_PIM' is clicked on

27-12-2024T07:56:34 - [MESSAGE][PASSED] - Object: 'Object Repository/Employee-Onboarding/Employee_Personal_Details_Objects/Page_OrangeHRM/span_PIM' is clicked on

27-12-2024T07:56:34 - [TEST_STEP][PASSED] - setText(findTestObject("Object Repository/Employee-Onboarding/Employee_Personal_Details_Objects/Page_OrangeHRM/input"), Employee_Fullname): Text 'Eduardo Moran' is set on object 'Object Repository/Employee-Onboarding/Employee_Personal_Details_Objects/Page_OrangeHRM/input'

27-12-2024T07:56:36 - [MESSAGE][PASSED] - Text 'Eduardo Moran' is set on object 'Object Repository/Employee-Onboarding/Employee_Personal_Details_Objects/Page_OrangeHRM/input'

27-12-2024T07:56:36 - [TEST_STEP][PASSED] - click(findTestObject("Object Repository/Employee-Onboarding/Employee_Personal_Details_Objects/Page_OrangeHRM/button_Search")): Object: 'Object Repository/Employee-Onboarding/Employee_Personal_Details_Objects/Page_OrangeHRM/button_Search' is clicked on

27-12-2024T07:56:36 - [MESSAGE][PASSED] - Object: 'Object Repository/Employee-Onboarding/Employee_Personal_Details_Objects/Page_OrangeHRM/button_Search' is clicked on

27-12-2024T07:56:36 - [TEST_STEP][PASSED] - click(findTestObject("Object Repository/Employee-Onboarding/Employee_Personal_Details_Objects/Page_OrangeHRM/div_0034008")): Object: 'Object Repository/Employee-Onboarding/Employee_Personal_Details_Objects/Page_OrangeHRM/div_0034008' is clicked on

27-12-2024T07:56:38 - [MESSAGE][PASSED] - Object: 'Object Repository/Employee-Onboarding/Employee_Personal_Details_Objects/Page_OrangeHRM/div_0034008' is clicked on

27-12-2024T07:56:38 - [TEST_STEP][PASSED] - click(findTestObject("Object Repository/Employee-Onboarding/Employee_Personal_Details_Objects/Page_OrangeHRM/a_Personal Details")): Object: 'Object Repository/Employee-Onboarding/Employee_Personal_Details_Objects/Page_OrangeHRM/a_Personal Details' is clicked on

27-12-2024T07:56:40 - [MESSAGE][PASSED] - Object: 'Object Repository/Employee-Onboarding/Employee_Personal_Details_Objects/Page_OrangeHRM/a_Personal Details' is clicked on

27-12-2024T07:56:40 - [TEST_STEP][PASSED] - setText(findTestObject("Object Repository/Employee-Onboarding/Employee_Personal_Details_Objects/Page_OrangeHRM/input_concat(Driver, , s License Number)_ox_6ab805"), Driving_License_Number): Text '50PC3K2VC5' is set on object 'Object Repository/Employee-Onboarding/Employee_Personal_Details_Objects/Page_OrangeHRM/input_concat(Driver, , s License Number)_ox_6ab805'

27-12-2024T07:56:43 - [MESSAGE][PASSED] - Text '50PC3K2VC5' is set on object 'Object Repository/Employee-Onboarding/Employee_Personal_Details_Objects/Page_OrangeHRM/input_concat(Driver, , s License Number)_ox_6ab805'

27-12-2024T07:56:43 - [TEST_STEP][PASSED] - setText(findTestObject("Object Repository/Employee-Onboarding/Employee_Personal_Details_Objects/Page_OrangeHRM/input_License Expiry Date_oxd-input oxd-inp_5d7d79"), License_Expiry_Date): Text '2025-12-12' is set on object 'Object Repository/Employee-Onboarding/Employee_Personal_Details_Objects/Page_OrangeHRM/input_License Expiry Date_oxd-input oxd-inp_5d7d79'

27-12-2024T07:56:44 - [MESSAGE][PASSED] - Text '2025-12-12' is set on object 'Object Repository/Employee-Onboarding/Employee_Personal_Details_Objects/Page_OrangeHRM/input_License Expiry Date_oxd-input oxd-inp_5d7d79'

27-12-2024T07:56:44 - [TEST_STEP][PASSED] - click(findTestObject("Object Repository/Employee-Onboarding/Employee_Personal_Details_Objects/Page_OrangeHRM/div_-- Select --")): Object: 'Object Repository/Employee-Onboarding/Employee_Personal_Details_Objects/Page_OrangeHRM/div_-- Select --' is clicked on

27-12-2024T07:56:44 - [MESSAGE][PASSED] - Object: 'Object Repository/Employee-Onboarding/Employee_Personal_Details_Objects/Page_OrangeHRM/div_-- Select --' is clicked on

27-12-2024T07:56:44 - [TEST_STEP][PASSED] - click(findTestObject("Employee-Onboarding/Employee_Salary_Detail_Objects/Page_OrangeHRM/custom_object_for_dropdown", ["value":Employee_Nationality])): Object: 'Object Repository/Employee-Onboarding/Employee_Salary_Detail_Objects/Page_OrangeHRM/custom_object_for_dropdown' is clicked on

27-12-2024T07:56:44 - [MESSAGE][PASSED] - Object: 'Object Repository/Employee-Onboarding/Employee_Salary_Detail_Objects/Page_OrangeHRM/custom_object_for_dropdown' is clicked on

27-12-2024T07:56:44 - [TEST_STEP][PASSED] - click(findTestObject("Object Repository/Employee-Onboarding/Employee_Personal_Details_Objects/Page_OrangeHRM/div_-- Select --_1")): Object: 'Object Repository/Employee-Onboarding/Employee_Personal_Details_Objects/Page_OrangeHRM/div_-- Select --_1' is clicked on

27-12-2024T07:56:45 - [MESSAGE][PASSED] - Object: 'Object Repository/Employee-Onboarding/Employee_Personal_Details_Objects/Page_OrangeHRM/div_-- Select --_1' is clicked on

27-12-2024T07:56:45 - [TEST_STEP][PASSED] - click(findTestObject("Employee-Onboarding/Employee_Salary_Detail_Objects/Page_OrangeHRM/custom_object_for_dropdown", ["value":Employee_Marital_Status])): Object: 'Object Repository/Employee-Onboarding/Employee_Salary_Detail_Objects/Page_OrangeHRM/custom_object_for_dropdown' is clicked on

27-12-2024T07:56:45 - [MESSAGE][PASSED] - Object: 'Object Repository/Employee-Onboarding/Employee_Salary_Detail_Objects/Page_OrangeHRM/custom_object_for_dropdown' is clicked on

27-12-2024T07:56:45 - [TEST_STEP][PASSED] - setText(findTestObject("Object Repository/Employee-Onboarding/Employee_Personal_Details_Objects/Page_OrangeHRM/input_Date of Birth_oxd-input oxd-input--focus"), Employee_DOB): Text '1995-09-08' is set on object 'Object Repository/Employee-Onboarding/Employee_Personal_Details_Objects/Page_OrangeHRM/input_Date of Birth_oxd-input oxd-input--focus'

27-12-2024T07:56:46 - [MESSAGE][PASSED] - Text '1995-09-08' is set on object 'Object Repository/Employee-Onboarding/Employee_Personal_Details_Objects/Page_OrangeHRM/input_Date of Birth_oxd-input oxd-input--focus'

27-12-2024T07:56:46 - [TEST_STEP][PASSED] - click(findTestObject("Object Repository/Employee-Onboarding/Employee_Personal_Details_Objects/Page_OrangeHRM/span_Male_oxd-radio-input oxd-radio-input--_b0de6e")): Object: 'Object Repository/Employee-Onboarding/Employee_Personal_Details_Objects/Page_OrangeHRM/span_Male_oxd-radio-input oxd-radio-input--_b0de6e' is clicked on

27-12-2024T07:56:46 - [MESSAGE][PASSED] - Object: 'Object Repository/Employee-Onboarding/Employee_Personal_Details_Objects/Page_OrangeHRM/span_Male_oxd-radio-input oxd-radio-input--_b0de6e' is clicked on

27-12-2024T07:56:46 - [TEST_STEP][PASSED] - click(findTestObject("Object Repository/Employee-Onboarding/Employee_Personal_Details_Objects/Page_OrangeHRM/button_Save")): Object: 'Object Repository/Employee-Onboarding/Employee_Personal_Details_Objects/Page_OrangeHRM/button_Save' is clicked on

27-12-2024T07:56:46 - [MESSAGE][PASSED] - Object: 'Object Repository/Employee-Onboarding/Employee_Personal_Details_Objects/Page_OrangeHRM/button_Save' is clicked on]]></system-out>
         <system-err><![CDATA[]]></system-err>
      </testcase>
      <testcase name="Test Cases/Employee_Onboarding/TC_Employee_Person_Details" time="14.903" classname="Test Cases/Employee_Onboarding/TC_Employee_Person_Details" status="PASSED">
         <system-out><![CDATA[27-12-2024T07:56:46 - [TEST_CASE][PASSED] - Test Cases/Employee_Onboarding/TC_Employee_Person_Details: Test Cases/Employee_Onboarding/TC_Employee_Person_Details

27-12-2024T07:56:46 - [TEST_STEP][PASSED] - click(findTestObject("Object Repository/Employee-Onboarding/Employee_Personal_Details_Objects/Page_OrangeHRM/span_PIM")): Object: 'Object Repository/Employee-Onboarding/Employee_Personal_Details_Objects/Page_OrangeHRM/span_PIM' is clicked on

27-12-2024T07:56:48 - [MESSAGE][PASSED] - Object: 'Object Repository/Employee-Onboarding/Employee_Personal_Details_Objects/Page_OrangeHRM/span_PIM' is clicked on

27-12-2024T07:56:48 - [TEST_STEP][PASSED] - setText(findTestObject("Object Repository/Employee-Onboarding/Employee_Personal_Details_Objects/Page_OrangeHRM/input"), Employee_Fullname): Text 'Jennifer Anderson' is set on object 'Object Repository/Employee-Onboarding/Employee_Personal_Details_Objects/Page_OrangeHRM/input'

27-12-2024T07:56:51 - [MESSAGE][PASSED] - Text 'Jennifer Anderson' is set on object 'Object Repository/Employee-Onboarding/Employee_Personal_Details_Objects/Page_OrangeHRM/input'

27-12-2024T07:56:51 - [TEST_STEP][PASSED] - click(findTestObject("Object Repository/Employee-Onboarding/Employee_Personal_Details_Objects/Page_OrangeHRM/button_Search")): Object: 'Object Repository/Employee-Onboarding/Employee_Personal_Details_Objects/Page_OrangeHRM/button_Search' is clicked on

27-12-2024T07:56:51 - [MESSAGE][PASSED] - Object: 'Object Repository/Employee-Onboarding/Employee_Personal_Details_Objects/Page_OrangeHRM/button_Search' is clicked on

27-12-2024T07:56:51 - [TEST_STEP][PASSED] - click(findTestObject("Object Repository/Employee-Onboarding/Employee_Personal_Details_Objects/Page_OrangeHRM/div_0034008")): Object: 'Object Repository/Employee-Onboarding/Employee_Personal_Details_Objects/Page_OrangeHRM/div_0034008' is clicked on

27-12-2024T07:56:52 - [MESSAGE][PASSED] - Object: 'Object Repository/Employee-Onboarding/Employee_Personal_Details_Objects/Page_OrangeHRM/div_0034008' is clicked on

27-12-2024T07:56:52 - [TEST_STEP][PASSED] - click(findTestObject("Object Repository/Employee-Onboarding/Employee_Personal_Details_Objects/Page_OrangeHRM/a_Personal Details")): Object: 'Object Repository/Employee-Onboarding/Employee_Personal_Details_Objects/Page_OrangeHRM/a_Personal Details' is clicked on

27-12-2024T07:56:55 - [MESSAGE][PASSED] - Object: 'Object Repository/Employee-Onboarding/Employee_Personal_Details_Objects/Page_OrangeHRM/a_Personal Details' is clicked on

27-12-2024T07:56:55 - [TEST_STEP][PASSED] - setText(findTestObject("Object Repository/Employee-Onboarding/Employee_Personal_Details_Objects/Page_OrangeHRM/input_concat(Driver, , s License Number)_ox_6ab805"), Driving_License_Number): Text '8LFHKLTK5U' is set on object 'Object Repository/Employee-Onboarding/Employee_Personal_Details_Objects/Page_OrangeHRM/input_concat(Driver, , s License Number)_ox_6ab805'

27-12-2024T07:56:58 - [MESSAGE][PASSED] - Text '8LFHKLTK5U' is set on object 'Object Repository/Employee-Onboarding/Employee_Personal_Details_Objects/Page_OrangeHRM/input_concat(Driver, , s License Number)_ox_6ab805'

27-12-2024T07:56:58 - [TEST_STEP][PASSED] - setText(findTestObject("Object Repository/Employee-Onboarding/Employee_Personal_Details_Objects/Page_OrangeHRM/input_License Expiry Date_oxd-input oxd-inp_5d7d79"), License_Expiry_Date): Text '2025-12-12' is set on object 'Object Repository/Employee-Onboarding/Employee_Personal_Details_Objects/Page_OrangeHRM/input_License Expiry Date_oxd-input oxd-inp_5d7d79'

27-12-2024T07:56:58 - [MESSAGE][PASSED] - Text '2025-12-12' is set on object 'Object Repository/Employee-Onboarding/Employee_Personal_Details_Objects/Page_OrangeHRM/input_License Expiry Date_oxd-input oxd-inp_5d7d79'

27-12-2024T07:56:58 - [TEST_STEP][PASSED] - click(findTestObject("Object Repository/Employee-Onboarding/Employee_Personal_Details_Objects/Page_OrangeHRM/div_-- Select --")): Object: 'Object Repository/Employee-Onboarding/Employee_Personal_Details_Objects/Page_OrangeHRM/div_-- Select --' is clicked on

27-12-2024T07:56:59 - [MESSAGE][PASSED] - Object: 'Object Repository/Employee-Onboarding/Employee_Personal_Details_Objects/Page_OrangeHRM/div_-- Select --' is clicked on

27-12-2024T07:56:59 - [TEST_STEP][PASSED] - click(findTestObject("Employee-Onboarding/Employee_Salary_Detail_Objects/Page_OrangeHRM/custom_object_for_dropdown", ["value":Employee_Nationality])): Object: 'Object Repository/Employee-Onboarding/Employee_Salary_Detail_Objects/Page_OrangeHRM/custom_object_for_dropdown' is clicked on

27-12-2024T07:56:59 - [MESSAGE][PASSED] - Object: 'Object Repository/Employee-Onboarding/Employee_Salary_Detail_Objects/Page_OrangeHRM/custom_object_for_dropdown' is clicked on

27-12-2024T07:56:59 - [TEST_STEP][PASSED] - click(findTestObject("Object Repository/Employee-Onboarding/Employee_Personal_Details_Objects/Page_OrangeHRM/div_-- Select --_1")): Object: 'Object Repository/Employee-Onboarding/Employee_Personal_Details_Objects/Page_OrangeHRM/div_-- Select --_1' is clicked on

27-12-2024T07:57:00 - [MESSAGE][PASSED] - Object: 'Object Repository/Employee-Onboarding/Employee_Personal_Details_Objects/Page_OrangeHRM/div_-- Select --_1' is clicked on

27-12-2024T07:57:00 - [TEST_STEP][PASSED] - click(findTestObject("Employee-Onboarding/Employee_Salary_Detail_Objects/Page_OrangeHRM/custom_object_for_dropdown", ["value":Employee_Marital_Status])): Object: 'Object Repository/Employee-Onboarding/Employee_Salary_Detail_Objects/Page_OrangeHRM/custom_object_for_dropdown' is clicked on

27-12-2024T07:57:00 - [MESSAGE][PASSED] - Object: 'Object Repository/Employee-Onboarding/Employee_Salary_Detail_Objects/Page_OrangeHRM/custom_object_for_dropdown' is clicked on

27-12-2024T07:57:00 - [TEST_STEP][PASSED] - setText(findTestObject("Object Repository/Employee-Onboarding/Employee_Personal_Details_Objects/Page_OrangeHRM/input_Date of Birth_oxd-input oxd-input--focus"), Employee_DOB): Text '2006-02-02' is set on object 'Object Repository/Employee-Onboarding/Employee_Personal_Details_Objects/Page_OrangeHRM/input_Date of Birth_oxd-input oxd-input--focus'

27-12-2024T07:57:01 - [MESSAGE][PASSED] - Text '2006-02-02' is set on object 'Object Repository/Employee-Onboarding/Employee_Personal_Details_Objects/Page_OrangeHRM/input_Date of Birth_oxd-input oxd-input--focus'

27-12-2024T07:57:01 - [TEST_STEP][PASSED] - click(findTestObject("Object Repository/Employee-Onboarding/Employee_Personal_Details_Objects/Page_OrangeHRM/span_Male_oxd-radio-input oxd-radio-input--_b0de6e")): Object: 'Object Repository/Employee-Onboarding/Employee_Personal_Details_Objects/Page_OrangeHRM/span_Male_oxd-radio-input oxd-radio-input--_b0de6e' is clicked on

27-12-2024T07:57:01 - [MESSAGE][PASSED] - Object: 'Object Repository/Employee-Onboarding/Employee_Personal_Details_Objects/Page_OrangeHRM/span_Male_oxd-radio-input oxd-radio-input--_b0de6e' is clicked on

27-12-2024T07:57:01 - [TEST_STEP][PASSED] - click(findTestObject("Object Repository/Employee-Onboarding/Employee_Personal_Details_Objects/Page_OrangeHRM/button_Save")): Object: 'Object Repository/Employee-Onboarding/Employee_Personal_Details_Objects/Page_OrangeHRM/button_Save' is clicked on

27-12-2024T07:57:01 - [MESSAGE][PASSED] - Object: 'Object Repository/Employee-Onboarding/Employee_Personal_Details_Objects/Page_OrangeHRM/button_Save' is clicked on]]></system-out>
         <system-err><![CDATA[]]></system-err>
      </testcase>
      <testcase name="Test Cases/Employee_Onboarding/TC_Employee_Person_Details" time="15.423" classname="Test Cases/Employee_Onboarding/TC_Employee_Person_Details" status="PASSED">
         <system-out><![CDATA[27-12-2024T07:57:01 - [TEST_CASE][PASSED] - Test Cases/Employee_Onboarding/TC_Employee_Person_Details: Test Cases/Employee_Onboarding/TC_Employee_Person_Details

27-12-2024T07:57:01 - [TEST_STEP][PASSED] - click(findTestObject("Object Repository/Employee-Onboarding/Employee_Personal_Details_Objects/Page_OrangeHRM/span_PIM")): Object: 'Object Repository/Employee-Onboarding/Employee_Personal_Details_Objects/Page_OrangeHRM/span_PIM' is clicked on

27-12-2024T07:57:03 - [MESSAGE][PASSED] - Object: 'Object Repository/Employee-Onboarding/Employee_Personal_Details_Objects/Page_OrangeHRM/span_PIM' is clicked on

27-12-2024T07:57:03 - [TEST_STEP][PASSED] - setText(findTestObject("Object Repository/Employee-Onboarding/Employee_Personal_Details_Objects/Page_OrangeHRM/input"), Employee_Fullname): Text 'Connie Jones' is set on object 'Object Repository/Employee-Onboarding/Employee_Personal_Details_Objects/Page_OrangeHRM/input'

27-12-2024T07:57:05 - [MESSAGE][PASSED] - Text 'Connie Jones' is set on object 'Object Repository/Employee-Onboarding/Employee_Personal_Details_Objects/Page_OrangeHRM/input'

27-12-2024T07:57:05 - [TEST_STEP][PASSED] - click(findTestObject("Object Repository/Employee-Onboarding/Employee_Personal_Details_Objects/Page_OrangeHRM/button_Search")): Object: 'Object Repository/Employee-Onboarding/Employee_Personal_Details_Objects/Page_OrangeHRM/button_Search' is clicked on

27-12-2024T07:57:06 - [MESSAGE][PASSED] - Object: 'Object Repository/Employee-Onboarding/Employee_Personal_Details_Objects/Page_OrangeHRM/button_Search' is clicked on

27-12-2024T07:57:06 - [TEST_STEP][PASSED] - click(findTestObject("Object Repository/Employee-Onboarding/Employee_Personal_Details_Objects/Page_OrangeHRM/div_0034008")): Object: 'Object Repository/Employee-Onboarding/Employee_Personal_Details_Objects/Page_OrangeHRM/div_0034008' is clicked on

27-12-2024T07:57:07 - [MESSAGE][PASSED] - Object: 'Object Repository/Employee-Onboarding/Employee_Personal_Details_Objects/Page_OrangeHRM/div_0034008' is clicked on

27-12-2024T07:57:07 - [TEST_STEP][PASSED] - click(findTestObject("Object Repository/Employee-Onboarding/Employee_Personal_Details_Objects/Page_OrangeHRM/a_Personal Details")): Object: 'Object Repository/Employee-Onboarding/Employee_Personal_Details_Objects/Page_OrangeHRM/a_Personal Details' is clicked on

27-12-2024T07:57:11 - [MESSAGE][PASSED] - Object: 'Object Repository/Employee-Onboarding/Employee_Personal_Details_Objects/Page_OrangeHRM/a_Personal Details' is clicked on

27-12-2024T07:57:11 - [TEST_STEP][PASSED] - setText(findTestObject("Object Repository/Employee-Onboarding/Employee_Personal_Details_Objects/Page_OrangeHRM/input_concat(Driver, , s License Number)_ox_6ab805"), Driving_License_Number): Text 'GTP4X3CUUK' is set on object 'Object Repository/Employee-Onboarding/Employee_Personal_Details_Objects/Page_OrangeHRM/input_concat(Driver, , s License Number)_ox_6ab805'

27-12-2024T07:57:13 - [MESSAGE][PASSED] - Text 'GTP4X3CUUK' is set on object 'Object Repository/Employee-Onboarding/Employee_Personal_Details_Objects/Page_OrangeHRM/input_concat(Driver, , s License Number)_ox_6ab805'

27-12-2024T07:57:13 - [TEST_STEP][PASSED] - setText(findTestObject("Object Repository/Employee-Onboarding/Employee_Personal_Details_Objects/Page_OrangeHRM/input_License Expiry Date_oxd-input oxd-inp_5d7d79"), License_Expiry_Date): Text '2025-12-12' is set on object 'Object Repository/Employee-Onboarding/Employee_Personal_Details_Objects/Page_OrangeHRM/input_License Expiry Date_oxd-input oxd-inp_5d7d79'

27-12-2024T07:57:14 - [MESSAGE][PASSED] - Text '2025-12-12' is set on object 'Object Repository/Employee-Onboarding/Employee_Personal_Details_Objects/Page_OrangeHRM/input_License Expiry Date_oxd-input oxd-inp_5d7d79'

27-12-2024T07:57:14 - [TEST_STEP][PASSED] - click(findTestObject("Object Repository/Employee-Onboarding/Employee_Personal_Details_Objects/Page_OrangeHRM/div_-- Select --")): Object: 'Object Repository/Employee-Onboarding/Employee_Personal_Details_Objects/Page_OrangeHRM/div_-- Select --' is clicked on

27-12-2024T07:57:14 - [MESSAGE][PASSED] - Object: 'Object Repository/Employee-Onboarding/Employee_Personal_Details_Objects/Page_OrangeHRM/div_-- Select --' is clicked on

27-12-2024T07:57:14 - [TEST_STEP][PASSED] - click(findTestObject("Employee-Onboarding/Employee_Salary_Detail_Objects/Page_OrangeHRM/custom_object_for_dropdown", ["value":Employee_Nationality])): Object: 'Object Repository/Employee-Onboarding/Employee_Salary_Detail_Objects/Page_OrangeHRM/custom_object_for_dropdown' is clicked on

27-12-2024T07:57:15 - [MESSAGE][PASSED] - Object: 'Object Repository/Employee-Onboarding/Employee_Salary_Detail_Objects/Page_OrangeHRM/custom_object_for_dropdown' is clicked on

27-12-2024T07:57:15 - [TEST_STEP][PASSED] - click(findTestObject("Object Repository/Employee-Onboarding/Employee_Personal_Details_Objects/Page_OrangeHRM/div_-- Select --_1")): Object: 'Object Repository/Employee-Onboarding/Employee_Personal_Details_Objects/Page_OrangeHRM/div_-- Select --_1' is clicked on

27-12-2024T07:57:15 - [MESSAGE][PASSED] - Object: 'Object Repository/Employee-Onboarding/Employee_Personal_Details_Objects/Page_OrangeHRM/div_-- Select --_1' is clicked on

27-12-2024T07:57:15 - [TEST_STEP][PASSED] - click(findTestObject("Employee-Onboarding/Employee_Salary_Detail_Objects/Page_OrangeHRM/custom_object_for_dropdown", ["value":Employee_Marital_Status])): Object: 'Object Repository/Employee-Onboarding/Employee_Salary_Detail_Objects/Page_OrangeHRM/custom_object_for_dropdown' is clicked on

27-12-2024T07:57:16 - [MESSAGE][PASSED] - Object: 'Object Repository/Employee-Onboarding/Employee_Salary_Detail_Objects/Page_OrangeHRM/custom_object_for_dropdown' is clicked on

27-12-2024T07:57:16 - [TEST_STEP][PASSED] - setText(findTestObject("Object Repository/Employee-Onboarding/Employee_Personal_Details_Objects/Page_OrangeHRM/input_Date of Birth_oxd-input oxd-input--focus"), Employee_DOB): Text '2005-09-18' is set on object 'Object Repository/Employee-Onboarding/Employee_Personal_Details_Objects/Page_OrangeHRM/input_Date of Birth_oxd-input oxd-input--focus'

27-12-2024T07:57:16 - [MESSAGE][PASSED] - Text '2005-09-18' is set on object 'Object Repository/Employee-Onboarding/Employee_Personal_Details_Objects/Page_OrangeHRM/input_Date of Birth_oxd-input oxd-input--focus'

27-12-2024T07:57:16 - [TEST_STEP][PASSED] - click(findTestObject("Object Repository/Employee-Onboarding/Employee_Personal_Details_Objects/Page_OrangeHRM/span_Male_oxd-radio-input oxd-radio-input--_b0de6e")): Object: 'Object Repository/Employee-Onboarding/Employee_Personal_Details_Objects/Page_OrangeHRM/span_Male_oxd-radio-input oxd-radio-input--_b0de6e' is clicked on

27-12-2024T07:57:17 - [MESSAGE][PASSED] - Object: 'Object Repository/Employee-Onboarding/Employee_Personal_Details_Objects/Page_OrangeHRM/span_Male_oxd-radio-input oxd-radio-input--_b0de6e' is clicked on

27-12-2024T07:57:17 - [TEST_STEP][PASSED] - click(findTestObject("Object Repository/Employee-Onboarding/Employee_Personal_Details_Objects/Page_OrangeHRM/button_Save")): Object: 'Object Repository/Employee-Onboarding/Employee_Personal_Details_Objects/Page_OrangeHRM/button_Save' is clicked on

27-12-2024T07:57:17 - [MESSAGE][PASSED] - Object: 'Object Repository/Employee-Onboarding/Employee_Personal_Details_Objects/Page_OrangeHRM/button_Save' is clicked on]]></system-out>
         <system-err><![CDATA[]]></system-err>
      </testcase>
      <testcase name="Test Cases/Employee_Onboarding/TC_Employee_Person_Details" time="14.848" classname="Test Cases/Employee_Onboarding/TC_Employee_Person_Details" status="PASSED">
         <system-out><![CDATA[27-12-2024T07:57:17 - [TEST_CASE][PASSED] - Test Cases/Employee_Onboarding/TC_Employee_Person_Details: Test Cases/Employee_Onboarding/TC_Employee_Person_Details

27-12-2024T07:57:17 - [TEST_STEP][PASSED] - click(findTestObject("Object Repository/Employee-Onboarding/Employee_Personal_Details_Objects/Page_OrangeHRM/span_PIM")): Object: 'Object Repository/Employee-Onboarding/Employee_Personal_Details_Objects/Page_OrangeHRM/span_PIM' is clicked on

27-12-2024T07:57:19 - [MESSAGE][PASSED] - Object: 'Object Repository/Employee-Onboarding/Employee_Personal_Details_Objects/Page_OrangeHRM/span_PIM' is clicked on

27-12-2024T07:57:19 - [TEST_STEP][PASSED] - setText(findTestObject("Object Repository/Employee-Onboarding/Employee_Personal_Details_Objects/Page_OrangeHRM/input"), Employee_Fullname): Text 'Victor Shelton' is set on object 'Object Repository/Employee-Onboarding/Employee_Personal_Details_Objects/Page_OrangeHRM/input'

27-12-2024T07:57:21 - [MESSAGE][PASSED] - Text 'Victor Shelton' is set on object 'Object Repository/Employee-Onboarding/Employee_Personal_Details_Objects/Page_OrangeHRM/input'

27-12-2024T07:57:21 - [TEST_STEP][PASSED] - click(findTestObject("Object Repository/Employee-Onboarding/Employee_Personal_Details_Objects/Page_OrangeHRM/button_Search")): Object: 'Object Repository/Employee-Onboarding/Employee_Personal_Details_Objects/Page_OrangeHRM/button_Search' is clicked on

27-12-2024T07:57:21 - [MESSAGE][PASSED] - Object: 'Object Repository/Employee-Onboarding/Employee_Personal_Details_Objects/Page_OrangeHRM/button_Search' is clicked on

27-12-2024T07:57:21 - [TEST_STEP][PASSED] - click(findTestObject("Object Repository/Employee-Onboarding/Employee_Personal_Details_Objects/Page_OrangeHRM/div_0034008")): Object: 'Object Repository/Employee-Onboarding/Employee_Personal_Details_Objects/Page_OrangeHRM/div_0034008' is clicked on

27-12-2024T07:57:23 - [MESSAGE][PASSED] - Object: 'Object Repository/Employee-Onboarding/Employee_Personal_Details_Objects/Page_OrangeHRM/div_0034008' is clicked on

27-12-2024T07:57:23 - [TEST_STEP][PASSED] - click(findTestObject("Object Repository/Employee-Onboarding/Employee_Personal_Details_Objects/Page_OrangeHRM/a_Personal Details")): Object: 'Object Repository/Employee-Onboarding/Employee_Personal_Details_Objects/Page_OrangeHRM/a_Personal Details' is clicked on

27-12-2024T07:57:26 - [MESSAGE][PASSED] - Object: 'Object Repository/Employee-Onboarding/Employee_Personal_Details_Objects/Page_OrangeHRM/a_Personal Details' is clicked on

27-12-2024T07:57:26 - [TEST_STEP][PASSED] - setText(findTestObject("Object Repository/Employee-Onboarding/Employee_Personal_Details_Objects/Page_OrangeHRM/input_concat(Driver, , s License Number)_ox_6ab805"), Driving_License_Number): Text 'JFZQL5O7IG' is set on object 'Object Repository/Employee-Onboarding/Employee_Personal_Details_Objects/Page_OrangeHRM/input_concat(Driver, , s License Number)_ox_6ab805'

27-12-2024T07:57:28 - [MESSAGE][PASSED] - Text 'JFZQL5O7IG' is set on object 'Object Repository/Employee-Onboarding/Employee_Personal_Details_Objects/Page_OrangeHRM/input_concat(Driver, , s License Number)_ox_6ab805'

27-12-2024T07:57:28 - [TEST_STEP][PASSED] - setText(findTestObject("Object Repository/Employee-Onboarding/Employee_Personal_Details_Objects/Page_OrangeHRM/input_License Expiry Date_oxd-input oxd-inp_5d7d79"), License_Expiry_Date): Text '2025-12-12' is set on object 'Object Repository/Employee-Onboarding/Employee_Personal_Details_Objects/Page_OrangeHRM/input_License Expiry Date_oxd-input oxd-inp_5d7d79'

27-12-2024T07:57:29 - [MESSAGE][PASSED] - Text '2025-12-12' is set on object 'Object Repository/Employee-Onboarding/Employee_Personal_Details_Objects/Page_OrangeHRM/input_License Expiry Date_oxd-input oxd-inp_5d7d79'

27-12-2024T07:57:29 - [TEST_STEP][PASSED] - click(findTestObject("Object Repository/Employee-Onboarding/Employee_Personal_Details_Objects/Page_OrangeHRM/div_-- Select --")): Object: 'Object Repository/Employee-Onboarding/Employee_Personal_Details_Objects/Page_OrangeHRM/div_-- Select --' is clicked on

27-12-2024T07:57:29 - [MESSAGE][PASSED] - Object: 'Object Repository/Employee-Onboarding/Employee_Personal_Details_Objects/Page_OrangeHRM/div_-- Select --' is clicked on

27-12-2024T07:57:29 - [TEST_STEP][PASSED] - click(findTestObject("Employee-Onboarding/Employee_Salary_Detail_Objects/Page_OrangeHRM/custom_object_for_dropdown", ["value":Employee_Nationality])): Object: 'Object Repository/Employee-Onboarding/Employee_Salary_Detail_Objects/Page_OrangeHRM/custom_object_for_dropdown' is clicked on

27-12-2024T07:57:30 - [MESSAGE][PASSED] - Object: 'Object Repository/Employee-Onboarding/Employee_Salary_Detail_Objects/Page_OrangeHRM/custom_object_for_dropdown' is clicked on

27-12-2024T07:57:30 - [TEST_STEP][PASSED] - click(findTestObject("Object Repository/Employee-Onboarding/Employee_Personal_Details_Objects/Page_OrangeHRM/div_-- Select --_1")): Object: 'Object Repository/Employee-Onboarding/Employee_Personal_Details_Objects/Page_OrangeHRM/div_-- Select --_1' is clicked on

27-12-2024T07:57:30 - [MESSAGE][PASSED] - Object: 'Object Repository/Employee-Onboarding/Employee_Personal_Details_Objects/Page_OrangeHRM/div_-- Select --_1' is clicked on

27-12-2024T07:57:30 - [TEST_STEP][PASSED] - click(findTestObject("Employee-Onboarding/Employee_Salary_Detail_Objects/Page_OrangeHRM/custom_object_for_dropdown", ["value":Employee_Marital_Status])): Object: 'Object Repository/Employee-Onboarding/Employee_Salary_Detail_Objects/Page_OrangeHRM/custom_object_for_dropdown' is clicked on

27-12-2024T07:57:30 - [MESSAGE][PASSED] - Object: 'Object Repository/Employee-Onboarding/Employee_Salary_Detail_Objects/Page_OrangeHRM/custom_object_for_dropdown' is clicked on

27-12-2024T07:57:30 - [TEST_STEP][PASSED] - setText(findTestObject("Object Repository/Employee-Onboarding/Employee_Personal_Details_Objects/Page_OrangeHRM/input_Date of Birth_oxd-input oxd-input--focus"), Employee_DOB): Text '1966-08-05' is set on object 'Object Repository/Employee-Onboarding/Employee_Personal_Details_Objects/Page_OrangeHRM/input_Date of Birth_oxd-input oxd-input--focus'

27-12-2024T07:57:31 - [MESSAGE][PASSED] - Text '1966-08-05' is set on object 'Object Repository/Employee-Onboarding/Employee_Personal_Details_Objects/Page_OrangeHRM/input_Date of Birth_oxd-input oxd-input--focus'

27-12-2024T07:57:31 - [TEST_STEP][PASSED] - click(findTestObject("Object Repository/Employee-Onboarding/Employee_Personal_Details_Objects/Page_OrangeHRM/span_Male_oxd-radio-input oxd-radio-input--_b0de6e")): Object: 'Object Repository/Employee-Onboarding/Employee_Personal_Details_Objects/Page_OrangeHRM/span_Male_oxd-radio-input oxd-radio-input--_b0de6e' is clicked on

27-12-2024T07:57:31 - [MESSAGE][PASSED] - Object: 'Object Repository/Employee-Onboarding/Employee_Personal_Details_Objects/Page_OrangeHRM/span_Male_oxd-radio-input oxd-radio-input--_b0de6e' is clicked on

27-12-2024T07:57:31 - [TEST_STEP][PASSED] - click(findTestObject("Object Repository/Employee-Onboarding/Employee_Personal_Details_Objects/Page_OrangeHRM/button_Save")): Object: 'Object Repository/Employee-Onboarding/Employee_Personal_Details_Objects/Page_OrangeHRM/button_Save' is clicked on

27-12-2024T07:57:32 - [MESSAGE][PASSED] - Object: 'Object Repository/Employee-Onboarding/Employee_Personal_Details_Objects/Page_OrangeHRM/button_Save' is clicked on]]></system-out>
         <system-err><![CDATA[]]></system-err>
      </testcase>
      <testcase name="Test Cases/Employee_Onboarding/TC_Employee_Person_Details" time="14.97" classname="Test Cases/Employee_Onboarding/TC_Employee_Person_Details" status="PASSED">
         <system-out><![CDATA[27-12-2024T07:57:32 - [TEST_CASE][PASSED] - Test Cases/Employee_Onboarding/TC_Employee_Person_Details: Test Cases/Employee_Onboarding/TC_Employee_Person_Details

27-12-2024T07:57:32 - [TEST_STEP][PASSED] - click(findTestObject("Object Repository/Employee-Onboarding/Employee_Personal_Details_Objects/Page_OrangeHRM/span_PIM")): Object: 'Object Repository/Employee-Onboarding/Employee_Personal_Details_Objects/Page_OrangeHRM/span_PIM' is clicked on

27-12-2024T07:57:34 - [MESSAGE][PASSED] - Object: 'Object Repository/Employee-Onboarding/Employee_Personal_Details_Objects/Page_OrangeHRM/span_PIM' is clicked on

27-12-2024T07:57:34 - [TEST_STEP][PASSED] - setText(findTestObject("Object Repository/Employee-Onboarding/Employee_Personal_Details_Objects/Page_OrangeHRM/input"), Employee_Fullname): Text 'Angela King' is set on object 'Object Repository/Employee-Onboarding/Employee_Personal_Details_Objects/Page_OrangeHRM/input'

27-12-2024T07:57:36 - [MESSAGE][PASSED] - Text 'Angela King' is set on object 'Object Repository/Employee-Onboarding/Employee_Personal_Details_Objects/Page_OrangeHRM/input'

27-12-2024T07:57:36 - [TEST_STEP][PASSED] - click(findTestObject("Object Repository/Employee-Onboarding/Employee_Personal_Details_Objects/Page_OrangeHRM/button_Search")): Object: 'Object Repository/Employee-Onboarding/Employee_Personal_Details_Objects/Page_OrangeHRM/button_Search' is clicked on

27-12-2024T07:57:36 - [MESSAGE][PASSED] - Object: 'Object Repository/Employee-Onboarding/Employee_Personal_Details_Objects/Page_OrangeHRM/button_Search' is clicked on

27-12-2024T07:57:36 - [TEST_STEP][PASSED] - click(findTestObject("Object Repository/Employee-Onboarding/Employee_Personal_Details_Objects/Page_OrangeHRM/div_0034008")): Object: 'Object Repository/Employee-Onboarding/Employee_Personal_Details_Objects/Page_OrangeHRM/div_0034008' is clicked on

27-12-2024T07:57:38 - [MESSAGE][PASSED] - Object: 'Object Repository/Employee-Onboarding/Employee_Personal_Details_Objects/Page_OrangeHRM/div_0034008' is clicked on

27-12-2024T07:57:38 - [TEST_STEP][PASSED] - click(findTestObject("Object Repository/Employee-Onboarding/Employee_Personal_Details_Objects/Page_OrangeHRM/a_Personal Details")): Object: 'Object Repository/Employee-Onboarding/Employee_Personal_Details_Objects/Page_OrangeHRM/a_Personal Details' is clicked on

27-12-2024T07:57:41 - [MESSAGE][PASSED] - Object: 'Object Repository/Employee-Onboarding/Employee_Personal_Details_Objects/Page_OrangeHRM/a_Personal Details' is clicked on

27-12-2024T07:57:41 - [TEST_STEP][PASSED] - setText(findTestObject("Object Repository/Employee-Onboarding/Employee_Personal_Details_Objects/Page_OrangeHRM/input_concat(Driver, , s License Number)_ox_6ab805"), Driving_License_Number): Text 'CVQE0CTV9M' is set on object 'Object Repository/Employee-Onboarding/Employee_Personal_Details_Objects/Page_OrangeHRM/input_concat(Driver, , s License Number)_ox_6ab805'

27-12-2024T07:57:43 - [MESSAGE][PASSED] - Text 'CVQE0CTV9M' is set on object 'Object Repository/Employee-Onboarding/Employee_Personal_Details_Objects/Page_OrangeHRM/input_concat(Driver, , s License Number)_ox_6ab805'

27-12-2024T07:57:43 - [TEST_STEP][PASSED] - setText(findTestObject("Object Repository/Employee-Onboarding/Employee_Personal_Details_Objects/Page_OrangeHRM/input_License Expiry Date_oxd-input oxd-inp_5d7d79"), License_Expiry_Date): Text '2025-12-12' is set on object 'Object Repository/Employee-Onboarding/Employee_Personal_Details_Objects/Page_OrangeHRM/input_License Expiry Date_oxd-input oxd-inp_5d7d79'

27-12-2024T07:57:44 - [MESSAGE][PASSED] - Text '2025-12-12' is set on object 'Object Repository/Employee-Onboarding/Employee_Personal_Details_Objects/Page_OrangeHRM/input_License Expiry Date_oxd-input oxd-inp_5d7d79'

27-12-2024T07:57:44 - [TEST_STEP][PASSED] - click(findTestObject("Object Repository/Employee-Onboarding/Employee_Personal_Details_Objects/Page_OrangeHRM/div_-- Select --")): Object: 'Object Repository/Employee-Onboarding/Employee_Personal_Details_Objects/Page_OrangeHRM/div_-- Select --' is clicked on

27-12-2024T07:57:44 - [MESSAGE][PASSED] - Object: 'Object Repository/Employee-Onboarding/Employee_Personal_Details_Objects/Page_OrangeHRM/div_-- Select --' is clicked on

27-12-2024T07:57:44 - [TEST_STEP][PASSED] - click(findTestObject("Employee-Onboarding/Employee_Salary_Detail_Objects/Page_OrangeHRM/custom_object_for_dropdown", ["value":Employee_Nationality])): Object: 'Object Repository/Employee-Onboarding/Employee_Salary_Detail_Objects/Page_OrangeHRM/custom_object_for_dropdown' is clicked on

27-12-2024T07:57:45 - [MESSAGE][PASSED] - Object: 'Object Repository/Employee-Onboarding/Employee_Salary_Detail_Objects/Page_OrangeHRM/custom_object_for_dropdown' is clicked on

27-12-2024T07:57:45 - [TEST_STEP][PASSED] - click(findTestObject("Object Repository/Employee-Onboarding/Employee_Personal_Details_Objects/Page_OrangeHRM/div_-- Select --_1")): Object: 'Object Repository/Employee-Onboarding/Employee_Personal_Details_Objects/Page_OrangeHRM/div_-- Select --_1' is clicked on

27-12-2024T07:57:45 - [MESSAGE][PASSED] - Object: 'Object Repository/Employee-Onboarding/Employee_Personal_Details_Objects/Page_OrangeHRM/div_-- Select --_1' is clicked on

27-12-2024T07:57:45 - [TEST_STEP][PASSED] - click(findTestObject("Employee-Onboarding/Employee_Salary_Detail_Objects/Page_OrangeHRM/custom_object_for_dropdown", ["value":Employee_Marital_Status])): Object: 'Object Repository/Employee-Onboarding/Employee_Salary_Detail_Objects/Page_OrangeHRM/custom_object_for_dropdown' is clicked on

27-12-2024T07:57:45 - [MESSAGE][PASSED] - Object: 'Object Repository/Employee-Onboarding/Employee_Salary_Detail_Objects/Page_OrangeHRM/custom_object_for_dropdown' is clicked on

27-12-2024T07:57:45 - [TEST_STEP][PASSED] - setText(findTestObject("Object Repository/Employee-Onboarding/Employee_Personal_Details_Objects/Page_OrangeHRM/input_Date of Birth_oxd-input oxd-input--focus"), Employee_DOB): Text '1968-05-01' is set on object 'Object Repository/Employee-Onboarding/Employee_Personal_Details_Objects/Page_OrangeHRM/input_Date of Birth_oxd-input oxd-input--focus'

27-12-2024T07:57:46 - [MESSAGE][PASSED] - Text '1968-05-01' is set on object 'Object Repository/Employee-Onboarding/Employee_Personal_Details_Objects/Page_OrangeHRM/input_Date of Birth_oxd-input oxd-input--focus'

27-12-2024T07:57:46 - [TEST_STEP][PASSED] - click(findTestObject("Object Repository/Employee-Onboarding/Employee_Personal_Details_Objects/Page_OrangeHRM/span_Male_oxd-radio-input oxd-radio-input--_b0de6e")): Object: 'Object Repository/Employee-Onboarding/Employee_Personal_Details_Objects/Page_OrangeHRM/span_Male_oxd-radio-input oxd-radio-input--_b0de6e' is clicked on

27-12-2024T07:57:46 - [MESSAGE][PASSED] - Object: 'Object Repository/Employee-Onboarding/Employee_Personal_Details_Objects/Page_OrangeHRM/span_Male_oxd-radio-input oxd-radio-input--_b0de6e' is clicked on

27-12-2024T07:57:46 - [TEST_STEP][PASSED] - click(findTestObject("Object Repository/Employee-Onboarding/Employee_Personal_Details_Objects/Page_OrangeHRM/button_Save")): Object: 'Object Repository/Employee-Onboarding/Employee_Personal_Details_Objects/Page_OrangeHRM/button_Save' is clicked on

27-12-2024T07:57:47 - [MESSAGE][PASSED] - Object: 'Object Repository/Employee-Onboarding/Employee_Personal_Details_Objects/Page_OrangeHRM/button_Save' is clicked on]]></system-out>
         <system-err><![CDATA[]]></system-err>
      </testcase>
      <testcase name="Test Cases/Employee_Onboarding/TC_Employee_Person_Details" time="15.42" classname="Test Cases/Employee_Onboarding/TC_Employee_Person_Details" status="PASSED">
         <system-out><![CDATA[27-12-2024T07:57:47 - [TEST_CASE][PASSED] - Test Cases/Employee_Onboarding/TC_Employee_Person_Details: Test Cases/Employee_Onboarding/TC_Employee_Person_Details

27-12-2024T07:57:47 - [TEST_STEP][PASSED] - click(findTestObject("Object Repository/Employee-Onboarding/Employee_Personal_Details_Objects/Page_OrangeHRM/span_PIM")): Object: 'Object Repository/Employee-Onboarding/Employee_Personal_Details_Objects/Page_OrangeHRM/span_PIM' is clicked on

27-12-2024T07:57:49 - [MESSAGE][PASSED] - Object: 'Object Repository/Employee-Onboarding/Employee_Personal_Details_Objects/Page_OrangeHRM/span_PIM' is clicked on

27-12-2024T07:57:49 - [TEST_STEP][PASSED] - setText(findTestObject("Object Repository/Employee-Onboarding/Employee_Personal_Details_Objects/Page_OrangeHRM/input"), Employee_Fullname): Text 'Deborah Coleman' is set on object 'Object Repository/Employee-Onboarding/Employee_Personal_Details_Objects/Page_OrangeHRM/input'

27-12-2024T07:57:51 - [MESSAGE][PASSED] - Text 'Deborah Coleman' is set on object 'Object Repository/Employee-Onboarding/Employee_Personal_Details_Objects/Page_OrangeHRM/input'

27-12-2024T07:57:51 - [TEST_STEP][PASSED] - click(findTestObject("Object Repository/Employee-Onboarding/Employee_Personal_Details_Objects/Page_OrangeHRM/button_Search")): Object: 'Object Repository/Employee-Onboarding/Employee_Personal_Details_Objects/Page_OrangeHRM/button_Search' is clicked on

27-12-2024T07:57:51 - [MESSAGE][PASSED] - Object: 'Object Repository/Employee-Onboarding/Employee_Personal_Details_Objects/Page_OrangeHRM/button_Search' is clicked on

27-12-2024T07:57:51 - [TEST_STEP][PASSED] - click(findTestObject("Object Repository/Employee-Onboarding/Employee_Personal_Details_Objects/Page_OrangeHRM/div_0034008")): Object: 'Object Repository/Employee-Onboarding/Employee_Personal_Details_Objects/Page_OrangeHRM/div_0034008' is clicked on

27-12-2024T07:57:53 - [MESSAGE][PASSED] - Object: 'Object Repository/Employee-Onboarding/Employee_Personal_Details_Objects/Page_OrangeHRM/div_0034008' is clicked on

27-12-2024T07:57:53 - [TEST_STEP][PASSED] - click(findTestObject("Object Repository/Employee-Onboarding/Employee_Personal_Details_Objects/Page_OrangeHRM/a_Personal Details")): Object: 'Object Repository/Employee-Onboarding/Employee_Personal_Details_Objects/Page_OrangeHRM/a_Personal Details' is clicked on

27-12-2024T07:57:56 - [MESSAGE][PASSED] - Object: 'Object Repository/Employee-Onboarding/Employee_Personal_Details_Objects/Page_OrangeHRM/a_Personal Details' is clicked on

27-12-2024T07:57:56 - [TEST_STEP][PASSED] - setText(findTestObject("Object Repository/Employee-Onboarding/Employee_Personal_Details_Objects/Page_OrangeHRM/input_concat(Driver, , s License Number)_ox_6ab805"), Driving_License_Number): Text 'LZAPBYEH6Y' is set on object 'Object Repository/Employee-Onboarding/Employee_Personal_Details_Objects/Page_OrangeHRM/input_concat(Driver, , s License Number)_ox_6ab805'

27-12-2024T07:57:59 - [MESSAGE][PASSED] - Text 'LZAPBYEH6Y' is set on object 'Object Repository/Employee-Onboarding/Employee_Personal_Details_Objects/Page_OrangeHRM/input_concat(Driver, , s License Number)_ox_6ab805'

27-12-2024T07:57:59 - [TEST_STEP][PASSED] - setText(findTestObject("Object Repository/Employee-Onboarding/Employee_Personal_Details_Objects/Page_OrangeHRM/input_License Expiry Date_oxd-input oxd-inp_5d7d79"), License_Expiry_Date): Text '2025-12-12' is set on object 'Object Repository/Employee-Onboarding/Employee_Personal_Details_Objects/Page_OrangeHRM/input_License Expiry Date_oxd-input oxd-inp_5d7d79'

27-12-2024T07:57:59 - [MESSAGE][PASSED] - Text '2025-12-12' is set on object 'Object Repository/Employee-Onboarding/Employee_Personal_Details_Objects/Page_OrangeHRM/input_License Expiry Date_oxd-input oxd-inp_5d7d79'

27-12-2024T07:57:59 - [TEST_STEP][PASSED] - click(findTestObject("Object Repository/Employee-Onboarding/Employee_Personal_Details_Objects/Page_OrangeHRM/div_-- Select --")): Object: 'Object Repository/Employee-Onboarding/Employee_Personal_Details_Objects/Page_OrangeHRM/div_-- Select --' is clicked on

27-12-2024T07:57:59 - [MESSAGE][PASSED] - Object: 'Object Repository/Employee-Onboarding/Employee_Personal_Details_Objects/Page_OrangeHRM/div_-- Select --' is clicked on

27-12-2024T07:57:59 - [TEST_STEP][PASSED] - click(findTestObject("Employee-Onboarding/Employee_Salary_Detail_Objects/Page_OrangeHRM/custom_object_for_dropdown", ["value":Employee_Nationality])): Object: 'Object Repository/Employee-Onboarding/Employee_Salary_Detail_Objects/Page_OrangeHRM/custom_object_for_dropdown' is clicked on

27-12-2024T07:58:00 - [MESSAGE][PASSED] - Object: 'Object Repository/Employee-Onboarding/Employee_Salary_Detail_Objects/Page_OrangeHRM/custom_object_for_dropdown' is clicked on

27-12-2024T07:58:00 - [TEST_STEP][PASSED] - click(findTestObject("Object Repository/Employee-Onboarding/Employee_Personal_Details_Objects/Page_OrangeHRM/div_-- Select --_1")): Object: 'Object Repository/Employee-Onboarding/Employee_Personal_Details_Objects/Page_OrangeHRM/div_-- Select --_1' is clicked on

27-12-2024T07:58:00 - [MESSAGE][PASSED] - Object: 'Object Repository/Employee-Onboarding/Employee_Personal_Details_Objects/Page_OrangeHRM/div_-- Select --_1' is clicked on

27-12-2024T07:58:00 - [TEST_STEP][PASSED] - click(findTestObject("Employee-Onboarding/Employee_Salary_Detail_Objects/Page_OrangeHRM/custom_object_for_dropdown", ["value":Employee_Marital_Status])): Object: 'Object Repository/Employee-Onboarding/Employee_Salary_Detail_Objects/Page_OrangeHRM/custom_object_for_dropdown' is clicked on

27-12-2024T07:58:01 - [MESSAGE][PASSED] - Object: 'Object Repository/Employee-Onboarding/Employee_Salary_Detail_Objects/Page_OrangeHRM/custom_object_for_dropdown' is clicked on

27-12-2024T07:58:01 - [TEST_STEP][PASSED] - setText(findTestObject("Object Repository/Employee-Onboarding/Employee_Personal_Details_Objects/Page_OrangeHRM/input_Date of Birth_oxd-input oxd-input--focus"), Employee_DOB): Text '1982-07-24' is set on object 'Object Repository/Employee-Onboarding/Employee_Personal_Details_Objects/Page_OrangeHRM/input_Date of Birth_oxd-input oxd-input--focus'

27-12-2024T07:58:02 - [MESSAGE][PASSED] - Text '1982-07-24' is set on object 'Object Repository/Employee-Onboarding/Employee_Personal_Details_Objects/Page_OrangeHRM/input_Date of Birth_oxd-input oxd-input--focus'

27-12-2024T07:58:02 - [TEST_STEP][PASSED] - click(findTestObject("Object Repository/Employee-Onboarding/Employee_Personal_Details_Objects/Page_OrangeHRM/span_Male_oxd-radio-input oxd-radio-input--_b0de6e")): Object: 'Object Repository/Employee-Onboarding/Employee_Personal_Details_Objects/Page_OrangeHRM/span_Male_oxd-radio-input oxd-radio-input--_b0de6e' is clicked on

27-12-2024T07:58:02 - [MESSAGE][PASSED] - Object: 'Object Repository/Employee-Onboarding/Employee_Personal_Details_Objects/Page_OrangeHRM/span_Male_oxd-radio-input oxd-radio-input--_b0de6e' is clicked on

27-12-2024T07:58:02 - [TEST_STEP][PASSED] - click(findTestObject("Object Repository/Employee-Onboarding/Employee_Personal_Details_Objects/Page_OrangeHRM/button_Save")): Object: 'Object Repository/Employee-Onboarding/Employee_Personal_Details_Objects/Page_OrangeHRM/button_Save' is clicked on

27-12-2024T07:58:02 - [MESSAGE][PASSED] - Object: 'Object Repository/Employee-Onboarding/Employee_Personal_Details_Objects/Page_OrangeHRM/button_Save' is clicked on]]></system-out>
         <system-err><![CDATA[]]></system-err>
      </testcase>
      <testcase name="Test Cases/Employee_Onboarding/TC_Employee_Person_Details" time="14.635" classname="Test Cases/Employee_Onboarding/TC_Employee_Person_Details" status="PASSED">
         <system-out><![CDATA[27-12-2024T07:58:02 - [TEST_CASE][PASSED] - Test Cases/Employee_Onboarding/TC_Employee_Person_Details: Test Cases/Employee_Onboarding/TC_Employee_Person_Details

27-12-2024T07:58:02 - [TEST_STEP][PASSED] - click(findTestObject("Object Repository/Employee-Onboarding/Employee_Personal_Details_Objects/Page_OrangeHRM/span_PIM")): Object: 'Object Repository/Employee-Onboarding/Employee_Personal_Details_Objects/Page_OrangeHRM/span_PIM' is clicked on

27-12-2024T07:58:04 - [MESSAGE][PASSED] - Object: 'Object Repository/Employee-Onboarding/Employee_Personal_Details_Objects/Page_OrangeHRM/span_PIM' is clicked on

27-12-2024T07:58:04 - [TEST_STEP][PASSED] - setText(findTestObject("Object Repository/Employee-Onboarding/Employee_Personal_Details_Objects/Page_OrangeHRM/input"), Employee_Fullname): Text 'Chad Hogan' is set on object 'Object Repository/Employee-Onboarding/Employee_Personal_Details_Objects/Page_OrangeHRM/input'

27-12-2024T07:58:06 - [MESSAGE][PASSED] - Text 'Chad Hogan' is set on object 'Object Repository/Employee-Onboarding/Employee_Personal_Details_Objects/Page_OrangeHRM/input'

27-12-2024T07:58:06 - [TEST_STEP][PASSED] - click(findTestObject("Object Repository/Employee-Onboarding/Employee_Personal_Details_Objects/Page_OrangeHRM/button_Search")): Object: 'Object Repository/Employee-Onboarding/Employee_Personal_Details_Objects/Page_OrangeHRM/button_Search' is clicked on

27-12-2024T07:58:06 - [MESSAGE][PASSED] - Object: 'Object Repository/Employee-Onboarding/Employee_Personal_Details_Objects/Page_OrangeHRM/button_Search' is clicked on

27-12-2024T07:58:06 - [TEST_STEP][PASSED] - click(findTestObject("Object Repository/Employee-Onboarding/Employee_Personal_Details_Objects/Page_OrangeHRM/div_0034008")): Object: 'Object Repository/Employee-Onboarding/Employee_Personal_Details_Objects/Page_OrangeHRM/div_0034008' is clicked on

27-12-2024T07:58:08 - [MESSAGE][PASSED] - Object: 'Object Repository/Employee-Onboarding/Employee_Personal_Details_Objects/Page_OrangeHRM/div_0034008' is clicked on

27-12-2024T07:58:08 - [TEST_STEP][PASSED] - click(findTestObject("Object Repository/Employee-Onboarding/Employee_Personal_Details_Objects/Page_OrangeHRM/a_Personal Details")): Object: 'Object Repository/Employee-Onboarding/Employee_Personal_Details_Objects/Page_OrangeHRM/a_Personal Details' is clicked on

27-12-2024T07:58:11 - [MESSAGE][PASSED] - Object: 'Object Repository/Employee-Onboarding/Employee_Personal_Details_Objects/Page_OrangeHRM/a_Personal Details' is clicked on

27-12-2024T07:58:11 - [TEST_STEP][PASSED] - setText(findTestObject("Object Repository/Employee-Onboarding/Employee_Personal_Details_Objects/Page_OrangeHRM/input_concat(Driver, , s License Number)_ox_6ab805"), Driving_License_Number): Text '53VTFN5OQF' is set on object 'Object Repository/Employee-Onboarding/Employee_Personal_Details_Objects/Page_OrangeHRM/input_concat(Driver, , s License Number)_ox_6ab805'

27-12-2024T07:58:13 - [MESSAGE][PASSED] - Text '53VTFN5OQF' is set on object 'Object Repository/Employee-Onboarding/Employee_Personal_Details_Objects/Page_OrangeHRM/input_concat(Driver, , s License Number)_ox_6ab805'

27-12-2024T07:58:13 - [TEST_STEP][PASSED] - setText(findTestObject("Object Repository/Employee-Onboarding/Employee_Personal_Details_Objects/Page_OrangeHRM/input_License Expiry Date_oxd-input oxd-inp_5d7d79"), License_Expiry_Date): Text '2025-12-12' is set on object 'Object Repository/Employee-Onboarding/Employee_Personal_Details_Objects/Page_OrangeHRM/input_License Expiry Date_oxd-input oxd-inp_5d7d79'

27-12-2024T07:58:14 - [MESSAGE][PASSED] - Text '2025-12-12' is set on object 'Object Repository/Employee-Onboarding/Employee_Personal_Details_Objects/Page_OrangeHRM/input_License Expiry Date_oxd-input oxd-inp_5d7d79'

27-12-2024T07:58:14 - [TEST_STEP][PASSED] - click(findTestObject("Object Repository/Employee-Onboarding/Employee_Personal_Details_Objects/Page_OrangeHRM/div_-- Select --")): Object: 'Object Repository/Employee-Onboarding/Employee_Personal_Details_Objects/Page_OrangeHRM/div_-- Select --' is clicked on

27-12-2024T07:58:14 - [MESSAGE][PASSED] - Object: 'Object Repository/Employee-Onboarding/Employee_Personal_Details_Objects/Page_OrangeHRM/div_-- Select --' is clicked on

27-12-2024T07:58:14 - [TEST_STEP][PASSED] - click(findTestObject("Employee-Onboarding/Employee_Salary_Detail_Objects/Page_OrangeHRM/custom_object_for_dropdown", ["value":Employee_Nationality])): Object: 'Object Repository/Employee-Onboarding/Employee_Salary_Detail_Objects/Page_OrangeHRM/custom_object_for_dropdown' is clicked on

27-12-2024T07:58:15 - [MESSAGE][PASSED] - Object: 'Object Repository/Employee-Onboarding/Employee_Salary_Detail_Objects/Page_OrangeHRM/custom_object_for_dropdown' is clicked on

27-12-2024T07:58:15 - [TEST_STEP][PASSED] - click(findTestObject("Object Repository/Employee-Onboarding/Employee_Personal_Details_Objects/Page_OrangeHRM/div_-- Select --_1")): Object: 'Object Repository/Employee-Onboarding/Employee_Personal_Details_Objects/Page_OrangeHRM/div_-- Select --_1' is clicked on

27-12-2024T07:58:15 - [MESSAGE][PASSED] - Object: 'Object Repository/Employee-Onboarding/Employee_Personal_Details_Objects/Page_OrangeHRM/div_-- Select --_1' is clicked on

27-12-2024T07:58:15 - [TEST_STEP][PASSED] - click(findTestObject("Employee-Onboarding/Employee_Salary_Detail_Objects/Page_OrangeHRM/custom_object_for_dropdown", ["value":Employee_Marital_Status])): Object: 'Object Repository/Employee-Onboarding/Employee_Salary_Detail_Objects/Page_OrangeHRM/custom_object_for_dropdown' is clicked on

27-12-2024T07:58:16 - [MESSAGE][PASSED] - Object: 'Object Repository/Employee-Onboarding/Employee_Salary_Detail_Objects/Page_OrangeHRM/custom_object_for_dropdown' is clicked on

27-12-2024T07:58:16 - [TEST_STEP][PASSED] - setText(findTestObject("Object Repository/Employee-Onboarding/Employee_Personal_Details_Objects/Page_OrangeHRM/input_Date of Birth_oxd-input oxd-input--focus"), Employee_DOB): Text '1995-11-29' is set on object 'Object Repository/Employee-Onboarding/Employee_Personal_Details_Objects/Page_OrangeHRM/input_Date of Birth_oxd-input oxd-input--focus'

27-12-2024T07:58:16 - [MESSAGE][PASSED] - Text '1995-11-29' is set on object 'Object Repository/Employee-Onboarding/Employee_Personal_Details_Objects/Page_OrangeHRM/input_Date of Birth_oxd-input oxd-input--focus'

27-12-2024T07:58:16 - [TEST_STEP][PASSED] - click(findTestObject("Object Repository/Employee-Onboarding/Employee_Personal_Details_Objects/Page_OrangeHRM/span_Male_oxd-radio-input oxd-radio-input--_b0de6e")): Object: 'Object Repository/Employee-Onboarding/Employee_Personal_Details_Objects/Page_OrangeHRM/span_Male_oxd-radio-input oxd-radio-input--_b0de6e' is clicked on

27-12-2024T07:58:16 - [MESSAGE][PASSED] - Object: 'Object Repository/Employee-Onboarding/Employee_Personal_Details_Objects/Page_OrangeHRM/span_Male_oxd-radio-input oxd-radio-input--_b0de6e' is clicked on

27-12-2024T07:58:16 - [TEST_STEP][PASSED] - click(findTestObject("Object Repository/Employee-Onboarding/Employee_Personal_Details_Objects/Page_OrangeHRM/button_Save")): Object: 'Object Repository/Employee-Onboarding/Employee_Personal_Details_Objects/Page_OrangeHRM/button_Save' is clicked on

27-12-2024T07:58:17 - [MESSAGE][PASSED] - Object: 'Object Repository/Employee-Onboarding/Employee_Personal_Details_Objects/Page_OrangeHRM/button_Save' is clicked on]]></system-out>
         <system-err><![CDATA[]]></system-err>
      </testcase>
      <testcase name="Test Cases/Employee_Onboarding/TC_Employee_Person_Details" time="14.997" classname="Test Cases/Employee_Onboarding/TC_Employee_Person_Details" status="PASSED">
         <system-out><![CDATA[27-12-2024T07:58:17 - [TEST_CASE][PASSED] - Test Cases/Employee_Onboarding/TC_Employee_Person_Details: Test Cases/Employee_Onboarding/TC_Employee_Person_Details

27-12-2024T07:58:17 - [TEST_STEP][PASSED] - click(findTestObject("Object Repository/Employee-Onboarding/Employee_Personal_Details_Objects/Page_OrangeHRM/span_PIM")): Object: 'Object Repository/Employee-Onboarding/Employee_Personal_Details_Objects/Page_OrangeHRM/span_PIM' is clicked on

27-12-2024T07:58:19 - [MESSAGE][PASSED] - Object: 'Object Repository/Employee-Onboarding/Employee_Personal_Details_Objects/Page_OrangeHRM/span_PIM' is clicked on

27-12-2024T07:58:19 - [TEST_STEP][PASSED] - setText(findTestObject("Object Repository/Employee-Onboarding/Employee_Personal_Details_Objects/Page_OrangeHRM/input"), Employee_Fullname): Text 'Sara Young' is set on object 'Object Repository/Employee-Onboarding/Employee_Personal_Details_Objects/Page_OrangeHRM/input'

27-12-2024T07:58:21 - [MESSAGE][PASSED] - Text 'Sara Young' is set on object 'Object Repository/Employee-Onboarding/Employee_Personal_Details_Objects/Page_OrangeHRM/input'

27-12-2024T07:58:21 - [TEST_STEP][PASSED] - click(findTestObject("Object Repository/Employee-Onboarding/Employee_Personal_Details_Objects/Page_OrangeHRM/button_Search")): Object: 'Object Repository/Employee-Onboarding/Employee_Personal_Details_Objects/Page_OrangeHRM/button_Search' is clicked on

27-12-2024T07:58:21 - [MESSAGE][PASSED] - Object: 'Object Repository/Employee-Onboarding/Employee_Personal_Details_Objects/Page_OrangeHRM/button_Search' is clicked on

27-12-2024T07:58:21 - [TEST_STEP][PASSED] - click(findTestObject("Object Repository/Employee-Onboarding/Employee_Personal_Details_Objects/Page_OrangeHRM/div_0034008")): Object: 'Object Repository/Employee-Onboarding/Employee_Personal_Details_Objects/Page_OrangeHRM/div_0034008' is clicked on

27-12-2024T07:58:23 - [MESSAGE][PASSED] - Object: 'Object Repository/Employee-Onboarding/Employee_Personal_Details_Objects/Page_OrangeHRM/div_0034008' is clicked on

27-12-2024T07:58:23 - [TEST_STEP][PASSED] - click(findTestObject("Object Repository/Employee-Onboarding/Employee_Personal_Details_Objects/Page_OrangeHRM/a_Personal Details")): Object: 'Object Repository/Employee-Onboarding/Employee_Personal_Details_Objects/Page_OrangeHRM/a_Personal Details' is clicked on

27-12-2024T07:58:26 - [MESSAGE][PASSED] - Object: 'Object Repository/Employee-Onboarding/Employee_Personal_Details_Objects/Page_OrangeHRM/a_Personal Details' is clicked on

27-12-2024T07:58:26 - [TEST_STEP][PASSED] - setText(findTestObject("Object Repository/Employee-Onboarding/Employee_Personal_Details_Objects/Page_OrangeHRM/input_concat(Driver, , s License Number)_ox_6ab805"), Driving_License_Number): Text 'NAWFB5KMMB' is set on object 'Object Repository/Employee-Onboarding/Employee_Personal_Details_Objects/Page_OrangeHRM/input_concat(Driver, , s License Number)_ox_6ab805'

27-12-2024T07:58:28 - [MESSAGE][PASSED] - Text 'NAWFB5KMMB' is set on object 'Object Repository/Employee-Onboarding/Employee_Personal_Details_Objects/Page_OrangeHRM/input_concat(Driver, , s License Number)_ox_6ab805'

27-12-2024T07:58:28 - [TEST_STEP][PASSED] - setText(findTestObject("Object Repository/Employee-Onboarding/Employee_Personal_Details_Objects/Page_OrangeHRM/input_License Expiry Date_oxd-input oxd-inp_5d7d79"), License_Expiry_Date): Text '2025-12-12' is set on object 'Object Repository/Employee-Onboarding/Employee_Personal_Details_Objects/Page_OrangeHRM/input_License Expiry Date_oxd-input oxd-inp_5d7d79'

27-12-2024T07:58:29 - [MESSAGE][PASSED] - Text '2025-12-12' is set on object 'Object Repository/Employee-Onboarding/Employee_Personal_Details_Objects/Page_OrangeHRM/input_License Expiry Date_oxd-input oxd-inp_5d7d79'

27-12-2024T07:58:29 - [TEST_STEP][PASSED] - click(findTestObject("Object Repository/Employee-Onboarding/Employee_Personal_Details_Objects/Page_OrangeHRM/div_-- Select --")): Object: 'Object Repository/Employee-Onboarding/Employee_Personal_Details_Objects/Page_OrangeHRM/div_-- Select --' is clicked on

27-12-2024T07:58:29 - [MESSAGE][PASSED] - Object: 'Object Repository/Employee-Onboarding/Employee_Personal_Details_Objects/Page_OrangeHRM/div_-- Select --' is clicked on

27-12-2024T07:58:29 - [TEST_STEP][PASSED] - click(findTestObject("Employee-Onboarding/Employee_Salary_Detail_Objects/Page_OrangeHRM/custom_object_for_dropdown", ["value":Employee_Nationality])): Object: 'Object Repository/Employee-Onboarding/Employee_Salary_Detail_Objects/Page_OrangeHRM/custom_object_for_dropdown' is clicked on

27-12-2024T07:58:30 - [MESSAGE][PASSED] - Object: 'Object Repository/Employee-Onboarding/Employee_Salary_Detail_Objects/Page_OrangeHRM/custom_object_for_dropdown' is clicked on

27-12-2024T07:58:30 - [TEST_STEP][PASSED] - click(findTestObject("Object Repository/Employee-Onboarding/Employee_Personal_Details_Objects/Page_OrangeHRM/div_-- Select --_1")): Object: 'Object Repository/Employee-Onboarding/Employee_Personal_Details_Objects/Page_OrangeHRM/div_-- Select --_1' is clicked on

27-12-2024T07:58:30 - [MESSAGE][PASSED] - Object: 'Object Repository/Employee-Onboarding/Employee_Personal_Details_Objects/Page_OrangeHRM/div_-- Select --_1' is clicked on

27-12-2024T07:58:30 - [TEST_STEP][PASSED] - click(findTestObject("Employee-Onboarding/Employee_Salary_Detail_Objects/Page_OrangeHRM/custom_object_for_dropdown", ["value":Employee_Marital_Status])): Object: 'Object Repository/Employee-Onboarding/Employee_Salary_Detail_Objects/Page_OrangeHRM/custom_object_for_dropdown' is clicked on

27-12-2024T07:58:31 - [MESSAGE][PASSED] - Object: 'Object Repository/Employee-Onboarding/Employee_Salary_Detail_Objects/Page_OrangeHRM/custom_object_for_dropdown' is clicked on

27-12-2024T07:58:31 - [TEST_STEP][PASSED] - setText(findTestObject("Object Repository/Employee-Onboarding/Employee_Personal_Details_Objects/Page_OrangeHRM/input_Date of Birth_oxd-input oxd-input--focus"), Employee_DOB): Text '2003-11-30' is set on object 'Object Repository/Employee-Onboarding/Employee_Personal_Details_Objects/Page_OrangeHRM/input_Date of Birth_oxd-input oxd-input--focus'

27-12-2024T07:58:31 - [MESSAGE][PASSED] - Text '2003-11-30' is set on object 'Object Repository/Employee-Onboarding/Employee_Personal_Details_Objects/Page_OrangeHRM/input_Date of Birth_oxd-input oxd-input--focus'

27-12-2024T07:58:31 - [TEST_STEP][PASSED] - click(findTestObject("Object Repository/Employee-Onboarding/Employee_Personal_Details_Objects/Page_OrangeHRM/span_Male_oxd-radio-input oxd-radio-input--_b0de6e")): Object: 'Object Repository/Employee-Onboarding/Employee_Personal_Details_Objects/Page_OrangeHRM/span_Male_oxd-radio-input oxd-radio-input--_b0de6e' is clicked on

27-12-2024T07:58:31 - [MESSAGE][PASSED] - Object: 'Object Repository/Employee-Onboarding/Employee_Personal_Details_Objects/Page_OrangeHRM/span_Male_oxd-radio-input oxd-radio-input--_b0de6e' is clicked on

27-12-2024T07:58:31 - [TEST_STEP][PASSED] - click(findTestObject("Object Repository/Employee-Onboarding/Employee_Personal_Details_Objects/Page_OrangeHRM/button_Save")): Object: 'Object Repository/Employee-Onboarding/Employee_Personal_Details_Objects/Page_OrangeHRM/button_Save' is clicked on

27-12-2024T07:58:32 - [MESSAGE][PASSED] - Object: 'Object Repository/Employee-Onboarding/Employee_Personal_Details_Objects/Page_OrangeHRM/button_Save' is clicked on]]></system-out>
         <system-err><![CDATA[]]></system-err>
      </testcase>
      <testcase name="Test Cases/Employee_Onboarding/TC_Employee_Person_Details" time="14.999" classname="Test Cases/Employee_Onboarding/TC_Employee_Person_Details" status="PASSED">
         <system-out><![CDATA[27-12-2024T07:58:32 - [TEST_CASE][PASSED] - Test Cases/Employee_Onboarding/TC_Employee_Person_Details: Test Cases/Employee_Onboarding/TC_Employee_Person_Details

27-12-2024T07:58:32 - [TEST_STEP][PASSED] - click(findTestObject("Object Repository/Employee-Onboarding/Employee_Personal_Details_Objects/Page_OrangeHRM/span_PIM")): Object: 'Object Repository/Employee-Onboarding/Employee_Personal_Details_Objects/Page_OrangeHRM/span_PIM' is clicked on

27-12-2024T07:58:34 - [MESSAGE][PASSED] - Object: 'Object Repository/Employee-Onboarding/Employee_Personal_Details_Objects/Page_OrangeHRM/span_PIM' is clicked on

27-12-2024T07:58:34 - [TEST_STEP][PASSED] - setText(findTestObject("Object Repository/Employee-Onboarding/Employee_Personal_Details_Objects/Page_OrangeHRM/input"), Employee_Fullname): Text 'David Jackson' is set on object 'Object Repository/Employee-Onboarding/Employee_Personal_Details_Objects/Page_OrangeHRM/input'

27-12-2024T07:58:36 - [MESSAGE][PASSED] - Text 'David Jackson' is set on object 'Object Repository/Employee-Onboarding/Employee_Personal_Details_Objects/Page_OrangeHRM/input'

27-12-2024T07:58:36 - [TEST_STEP][PASSED] - click(findTestObject("Object Repository/Employee-Onboarding/Employee_Personal_Details_Objects/Page_OrangeHRM/button_Search")): Object: 'Object Repository/Employee-Onboarding/Employee_Personal_Details_Objects/Page_OrangeHRM/button_Search' is clicked on

27-12-2024T07:58:36 - [MESSAGE][PASSED] - Object: 'Object Repository/Employee-Onboarding/Employee_Personal_Details_Objects/Page_OrangeHRM/button_Search' is clicked on

27-12-2024T07:58:36 - [TEST_STEP][PASSED] - click(findTestObject("Object Repository/Employee-Onboarding/Employee_Personal_Details_Objects/Page_OrangeHRM/div_0034008")): Object: 'Object Repository/Employee-Onboarding/Employee_Personal_Details_Objects/Page_OrangeHRM/div_0034008' is clicked on

27-12-2024T07:58:38 - [MESSAGE][PASSED] - Object: 'Object Repository/Employee-Onboarding/Employee_Personal_Details_Objects/Page_OrangeHRM/div_0034008' is clicked on

27-12-2024T07:58:38 - [TEST_STEP][PASSED] - click(findTestObject("Object Repository/Employee-Onboarding/Employee_Personal_Details_Objects/Page_OrangeHRM/a_Personal Details")): Object: 'Object Repository/Employee-Onboarding/Employee_Personal_Details_Objects/Page_OrangeHRM/a_Personal Details' is clicked on

27-12-2024T07:58:41 - [MESSAGE][PASSED] - Object: 'Object Repository/Employee-Onboarding/Employee_Personal_Details_Objects/Page_OrangeHRM/a_Personal Details' is clicked on

27-12-2024T07:58:41 - [TEST_STEP][PASSED] - setText(findTestObject("Object Repository/Employee-Onboarding/Employee_Personal_Details_Objects/Page_OrangeHRM/input_concat(Driver, , s License Number)_ox_6ab805"), Driving_License_Number): Text 'VMH9O8GHPR' is set on object 'Object Repository/Employee-Onboarding/Employee_Personal_Details_Objects/Page_OrangeHRM/input_concat(Driver, , s License Number)_ox_6ab805'

27-12-2024T07:58:43 - [MESSAGE][PASSED] - Text 'VMH9O8GHPR' is set on object 'Object Repository/Employee-Onboarding/Employee_Personal_Details_Objects/Page_OrangeHRM/input_concat(Driver, , s License Number)_ox_6ab805'

27-12-2024T07:58:43 - [TEST_STEP][PASSED] - setText(findTestObject("Object Repository/Employee-Onboarding/Employee_Personal_Details_Objects/Page_OrangeHRM/input_License Expiry Date_oxd-input oxd-inp_5d7d79"), License_Expiry_Date): Text '2025-12-12' is set on object 'Object Repository/Employee-Onboarding/Employee_Personal_Details_Objects/Page_OrangeHRM/input_License Expiry Date_oxd-input oxd-inp_5d7d79'

27-12-2024T07:58:44 - [MESSAGE][PASSED] - Text '2025-12-12' is set on object 'Object Repository/Employee-Onboarding/Employee_Personal_Details_Objects/Page_OrangeHRM/input_License Expiry Date_oxd-input oxd-inp_5d7d79'

27-12-2024T07:58:44 - [TEST_STEP][PASSED] - click(findTestObject("Object Repository/Employee-Onboarding/Employee_Personal_Details_Objects/Page_OrangeHRM/div_-- Select --")): Object: 'Object Repository/Employee-Onboarding/Employee_Personal_Details_Objects/Page_OrangeHRM/div_-- Select --' is clicked on

27-12-2024T07:58:44 - [MESSAGE][PASSED] - Object: 'Object Repository/Employee-Onboarding/Employee_Personal_Details_Objects/Page_OrangeHRM/div_-- Select --' is clicked on

27-12-2024T07:58:44 - [TEST_STEP][PASSED] - click(findTestObject("Employee-Onboarding/Employee_Salary_Detail_Objects/Page_OrangeHRM/custom_object_for_dropdown", ["value":Employee_Nationality])): Object: 'Object Repository/Employee-Onboarding/Employee_Salary_Detail_Objects/Page_OrangeHRM/custom_object_for_dropdown' is clicked on

27-12-2024T07:58:45 - [MESSAGE][PASSED] - Object: 'Object Repository/Employee-Onboarding/Employee_Salary_Detail_Objects/Page_OrangeHRM/custom_object_for_dropdown' is clicked on

27-12-2024T07:58:45 - [TEST_STEP][PASSED] - click(findTestObject("Object Repository/Employee-Onboarding/Employee_Personal_Details_Objects/Page_OrangeHRM/div_-- Select --_1")): Object: 'Object Repository/Employee-Onboarding/Employee_Personal_Details_Objects/Page_OrangeHRM/div_-- Select --_1' is clicked on

27-12-2024T07:58:45 - [MESSAGE][PASSED] - Object: 'Object Repository/Employee-Onboarding/Employee_Personal_Details_Objects/Page_OrangeHRM/div_-- Select --_1' is clicked on

27-12-2024T07:58:45 - [TEST_STEP][PASSED] - click(findTestObject("Employee-Onboarding/Employee_Salary_Detail_Objects/Page_OrangeHRM/custom_object_for_dropdown", ["value":Employee_Marital_Status])): Object: 'Object Repository/Employee-Onboarding/Employee_Salary_Detail_Objects/Page_OrangeHRM/custom_object_for_dropdown' is clicked on

27-12-2024T07:58:46 - [MESSAGE][PASSED] - Object: 'Object Repository/Employee-Onboarding/Employee_Salary_Detail_Objects/Page_OrangeHRM/custom_object_for_dropdown' is clicked on

27-12-2024T07:58:46 - [TEST_STEP][PASSED] - setText(findTestObject("Object Repository/Employee-Onboarding/Employee_Personal_Details_Objects/Page_OrangeHRM/input_Date of Birth_oxd-input oxd-input--focus"), Employee_DOB): Text '1987-01-18' is set on object 'Object Repository/Employee-Onboarding/Employee_Personal_Details_Objects/Page_OrangeHRM/input_Date of Birth_oxd-input oxd-input--focus'

27-12-2024T07:58:46 - [MESSAGE][PASSED] - Text '1987-01-18' is set on object 'Object Repository/Employee-Onboarding/Employee_Personal_Details_Objects/Page_OrangeHRM/input_Date of Birth_oxd-input oxd-input--focus'

27-12-2024T07:58:46 - [TEST_STEP][PASSED] - click(findTestObject("Object Repository/Employee-Onboarding/Employee_Personal_Details_Objects/Page_OrangeHRM/span_Male_oxd-radio-input oxd-radio-input--_b0de6e")): Object: 'Object Repository/Employee-Onboarding/Employee_Personal_Details_Objects/Page_OrangeHRM/span_Male_oxd-radio-input oxd-radio-input--_b0de6e' is clicked on

27-12-2024T07:58:46 - [MESSAGE][PASSED] - Object: 'Object Repository/Employee-Onboarding/Employee_Personal_Details_Objects/Page_OrangeHRM/span_Male_oxd-radio-input oxd-radio-input--_b0de6e' is clicked on

27-12-2024T07:58:46 - [TEST_STEP][PASSED] - click(findTestObject("Object Repository/Employee-Onboarding/Employee_Personal_Details_Objects/Page_OrangeHRM/button_Save")): Object: 'Object Repository/Employee-Onboarding/Employee_Personal_Details_Objects/Page_OrangeHRM/button_Save' is clicked on

27-12-2024T07:58:47 - [MESSAGE][PASSED] - Object: 'Object Repository/Employee-Onboarding/Employee_Personal_Details_Objects/Page_OrangeHRM/button_Save' is clicked on]]></system-out>
         <system-err><![CDATA[]]></system-err>
      </testcase>
      <testcase name="Test Cases/Employee_Onboarding/TC_Employee_Person_Details" time="15.267" classname="Test Cases/Employee_Onboarding/TC_Employee_Person_Details" status="PASSED">
         <system-out><![CDATA[27-12-2024T07:58:47 - [TEST_CASE][PASSED] - Test Cases/Employee_Onboarding/TC_Employee_Person_Details: Test Cases/Employee_Onboarding/TC_Employee_Person_Details

27-12-2024T07:58:47 - [TEST_STEP][PASSED] - click(findTestObject("Object Repository/Employee-Onboarding/Employee_Personal_Details_Objects/Page_OrangeHRM/span_PIM")): Object: 'Object Repository/Employee-Onboarding/Employee_Personal_Details_Objects/Page_OrangeHRM/span_PIM' is clicked on

27-12-2024T07:58:49 - [MESSAGE][PASSED] - Object: 'Object Repository/Employee-Onboarding/Employee_Personal_Details_Objects/Page_OrangeHRM/span_PIM' is clicked on

27-12-2024T07:58:49 - [TEST_STEP][PASSED] - setText(findTestObject("Object Repository/Employee-Onboarding/Employee_Personal_Details_Objects/Page_OrangeHRM/input"), Employee_Fullname): Text 'Sarah Zhang' is set on object 'Object Repository/Employee-Onboarding/Employee_Personal_Details_Objects/Page_OrangeHRM/input'

27-12-2024T07:58:51 - [MESSAGE][PASSED] - Text 'Sarah Zhang' is set on object 'Object Repository/Employee-Onboarding/Employee_Personal_Details_Objects/Page_OrangeHRM/input'

27-12-2024T07:58:51 - [TEST_STEP][PASSED] - click(findTestObject("Object Repository/Employee-Onboarding/Employee_Personal_Details_Objects/Page_OrangeHRM/button_Search")): Object: 'Object Repository/Employee-Onboarding/Employee_Personal_Details_Objects/Page_OrangeHRM/button_Search' is clicked on

27-12-2024T07:58:51 - [MESSAGE][PASSED] - Object: 'Object Repository/Employee-Onboarding/Employee_Personal_Details_Objects/Page_OrangeHRM/button_Search' is clicked on

27-12-2024T07:58:51 - [TEST_STEP][PASSED] - click(findTestObject("Object Repository/Employee-Onboarding/Employee_Personal_Details_Objects/Page_OrangeHRM/div_0034008")): Object: 'Object Repository/Employee-Onboarding/Employee_Personal_Details_Objects/Page_OrangeHRM/div_0034008' is clicked on

27-12-2024T07:58:53 - [MESSAGE][PASSED] - Object: 'Object Repository/Employee-Onboarding/Employee_Personal_Details_Objects/Page_OrangeHRM/div_0034008' is clicked on

27-12-2024T07:58:53 - [TEST_STEP][PASSED] - click(findTestObject("Object Repository/Employee-Onboarding/Employee_Personal_Details_Objects/Page_OrangeHRM/a_Personal Details")): Object: 'Object Repository/Employee-Onboarding/Employee_Personal_Details_Objects/Page_OrangeHRM/a_Personal Details' is clicked on

27-12-2024T07:58:56 - [MESSAGE][PASSED] - Object: 'Object Repository/Employee-Onboarding/Employee_Personal_Details_Objects/Page_OrangeHRM/a_Personal Details' is clicked on

27-12-2024T07:58:56 - [TEST_STEP][PASSED] - setText(findTestObject("Object Repository/Employee-Onboarding/Employee_Personal_Details_Objects/Page_OrangeHRM/input_concat(Driver, , s License Number)_ox_6ab805"), Driving_License_Number): Text 'S1J7UIHATV' is set on object 'Object Repository/Employee-Onboarding/Employee_Personal_Details_Objects/Page_OrangeHRM/input_concat(Driver, , s License Number)_ox_6ab805'

27-12-2024T07:58:59 - [MESSAGE][PASSED] - Text 'S1J7UIHATV' is set on object 'Object Repository/Employee-Onboarding/Employee_Personal_Details_Objects/Page_OrangeHRM/input_concat(Driver, , s License Number)_ox_6ab805'

27-12-2024T07:58:59 - [TEST_STEP][PASSED] - setText(findTestObject("Object Repository/Employee-Onboarding/Employee_Personal_Details_Objects/Page_OrangeHRM/input_License Expiry Date_oxd-input oxd-inp_5d7d79"), License_Expiry_Date): Text '2025-12-12' is set on object 'Object Repository/Employee-Onboarding/Employee_Personal_Details_Objects/Page_OrangeHRM/input_License Expiry Date_oxd-input oxd-inp_5d7d79'

27-12-2024T07:58:59 - [MESSAGE][PASSED] - Text '2025-12-12' is set on object 'Object Repository/Employee-Onboarding/Employee_Personal_Details_Objects/Page_OrangeHRM/input_License Expiry Date_oxd-input oxd-inp_5d7d79'

27-12-2024T07:58:59 - [TEST_STEP][PASSED] - click(findTestObject("Object Repository/Employee-Onboarding/Employee_Personal_Details_Objects/Page_OrangeHRM/div_-- Select --")): Object: 'Object Repository/Employee-Onboarding/Employee_Personal_Details_Objects/Page_OrangeHRM/div_-- Select --' is clicked on

27-12-2024T07:58:59 - [MESSAGE][PASSED] - Object: 'Object Repository/Employee-Onboarding/Employee_Personal_Details_Objects/Page_OrangeHRM/div_-- Select --' is clicked on

27-12-2024T07:58:59 - [TEST_STEP][PASSED] - click(findTestObject("Employee-Onboarding/Employee_Salary_Detail_Objects/Page_OrangeHRM/custom_object_for_dropdown", ["value":Employee_Nationality])): Object: 'Object Repository/Employee-Onboarding/Employee_Salary_Detail_Objects/Page_OrangeHRM/custom_object_for_dropdown' is clicked on

27-12-2024T07:59:00 - [MESSAGE][PASSED] - Object: 'Object Repository/Employee-Onboarding/Employee_Salary_Detail_Objects/Page_OrangeHRM/custom_object_for_dropdown' is clicked on

27-12-2024T07:59:00 - [TEST_STEP][PASSED] - click(findTestObject("Object Repository/Employee-Onboarding/Employee_Personal_Details_Objects/Page_OrangeHRM/div_-- Select --_1")): Object: 'Object Repository/Employee-Onboarding/Employee_Personal_Details_Objects/Page_OrangeHRM/div_-- Select --_1' is clicked on

27-12-2024T07:59:00 - [MESSAGE][PASSED] - Object: 'Object Repository/Employee-Onboarding/Employee_Personal_Details_Objects/Page_OrangeHRM/div_-- Select --_1' is clicked on

27-12-2024T07:59:00 - [TEST_STEP][PASSED] - click(findTestObject("Employee-Onboarding/Employee_Salary_Detail_Objects/Page_OrangeHRM/custom_object_for_dropdown", ["value":Employee_Marital_Status])): Object: 'Object Repository/Employee-Onboarding/Employee_Salary_Detail_Objects/Page_OrangeHRM/custom_object_for_dropdown' is clicked on

27-12-2024T07:59:01 - [MESSAGE][PASSED] - Object: 'Object Repository/Employee-Onboarding/Employee_Salary_Detail_Objects/Page_OrangeHRM/custom_object_for_dropdown' is clicked on

27-12-2024T07:59:01 - [TEST_STEP][PASSED] - setText(findTestObject("Object Repository/Employee-Onboarding/Employee_Personal_Details_Objects/Page_OrangeHRM/input_Date of Birth_oxd-input oxd-input--focus"), Employee_DOB): Text '2005-09-10' is set on object 'Object Repository/Employee-Onboarding/Employee_Personal_Details_Objects/Page_OrangeHRM/input_Date of Birth_oxd-input oxd-input--focus'

27-12-2024T07:59:02 - [MESSAGE][PASSED] - Text '2005-09-10' is set on object 'Object Repository/Employee-Onboarding/Employee_Personal_Details_Objects/Page_OrangeHRM/input_Date of Birth_oxd-input oxd-input--focus'

27-12-2024T07:59:02 - [TEST_STEP][PASSED] - click(findTestObject("Object Repository/Employee-Onboarding/Employee_Personal_Details_Objects/Page_OrangeHRM/span_Male_oxd-radio-input oxd-radio-input--_b0de6e")): Object: 'Object Repository/Employee-Onboarding/Employee_Personal_Details_Objects/Page_OrangeHRM/span_Male_oxd-radio-input oxd-radio-input--_b0de6e' is clicked on

27-12-2024T07:59:02 - [MESSAGE][PASSED] - Object: 'Object Repository/Employee-Onboarding/Employee_Personal_Details_Objects/Page_OrangeHRM/span_Male_oxd-radio-input oxd-radio-input--_b0de6e' is clicked on

27-12-2024T07:59:02 - [TEST_STEP][PASSED] - click(findTestObject("Object Repository/Employee-Onboarding/Employee_Personal_Details_Objects/Page_OrangeHRM/button_Save")): Object: 'Object Repository/Employee-Onboarding/Employee_Personal_Details_Objects/Page_OrangeHRM/button_Save' is clicked on

27-12-2024T07:59:02 - [MESSAGE][PASSED] - Object: 'Object Repository/Employee-Onboarding/Employee_Personal_Details_Objects/Page_OrangeHRM/button_Save' is clicked on]]></system-out>
         <system-err><![CDATA[]]></system-err>
      </testcase>
      <testcase name="Test Cases/Employee_Onboarding/TC_Employee_Person_Details" time="14.845" classname="Test Cases/Employee_Onboarding/TC_Employee_Person_Details" status="PASSED">
         <system-out><![CDATA[27-12-2024T07:59:02 - [TEST_CASE][PASSED] - Test Cases/Employee_Onboarding/TC_Employee_Person_Details: Test Cases/Employee_Onboarding/TC_Employee_Person_Details

27-12-2024T07:59:02 - [TEST_STEP][PASSED] - click(findTestObject("Object Repository/Employee-Onboarding/Employee_Personal_Details_Objects/Page_OrangeHRM/span_PIM")): Object: 'Object Repository/Employee-Onboarding/Employee_Personal_Details_Objects/Page_OrangeHRM/span_PIM' is clicked on

27-12-2024T07:59:04 - [MESSAGE][PASSED] - Object: 'Object Repository/Employee-Onboarding/Employee_Personal_Details_Objects/Page_OrangeHRM/span_PIM' is clicked on

27-12-2024T07:59:04 - [TEST_STEP][PASSED] - setText(findTestObject("Object Repository/Employee-Onboarding/Employee_Personal_Details_Objects/Page_OrangeHRM/input"), Employee_Fullname): Text 'Rick King' is set on object 'Object Repository/Employee-Onboarding/Employee_Personal_Details_Objects/Page_OrangeHRM/input'

27-12-2024T07:59:06 - [MESSAGE][PASSED] - Text 'Rick King' is set on object 'Object Repository/Employee-Onboarding/Employee_Personal_Details_Objects/Page_OrangeHRM/input'

27-12-2024T07:59:06 - [TEST_STEP][PASSED] - click(findTestObject("Object Repository/Employee-Onboarding/Employee_Personal_Details_Objects/Page_OrangeHRM/button_Search")): Object: 'Object Repository/Employee-Onboarding/Employee_Personal_Details_Objects/Page_OrangeHRM/button_Search' is clicked on

27-12-2024T07:59:07 - [MESSAGE][PASSED] - Object: 'Object Repository/Employee-Onboarding/Employee_Personal_Details_Objects/Page_OrangeHRM/button_Search' is clicked on

27-12-2024T07:59:07 - [TEST_STEP][PASSED] - click(findTestObject("Object Repository/Employee-Onboarding/Employee_Personal_Details_Objects/Page_OrangeHRM/div_0034008")): Object: 'Object Repository/Employee-Onboarding/Employee_Personal_Details_Objects/Page_OrangeHRM/div_0034008' is clicked on

27-12-2024T07:59:08 - [MESSAGE][PASSED] - Object: 'Object Repository/Employee-Onboarding/Employee_Personal_Details_Objects/Page_OrangeHRM/div_0034008' is clicked on

27-12-2024T07:59:08 - [TEST_STEP][PASSED] - click(findTestObject("Object Repository/Employee-Onboarding/Employee_Personal_Details_Objects/Page_OrangeHRM/a_Personal Details")): Object: 'Object Repository/Employee-Onboarding/Employee_Personal_Details_Objects/Page_OrangeHRM/a_Personal Details' is clicked on

27-12-2024T07:59:11 - [MESSAGE][PASSED] - Object: 'Object Repository/Employee-Onboarding/Employee_Personal_Details_Objects/Page_OrangeHRM/a_Personal Details' is clicked on

27-12-2024T07:59:11 - [TEST_STEP][PASSED] - setText(findTestObject("Object Repository/Employee-Onboarding/Employee_Personal_Details_Objects/Page_OrangeHRM/input_concat(Driver, , s License Number)_ox_6ab805"), Driving_License_Number): Text 'Q3Z86AHSYR' is set on object 'Object Repository/Employee-Onboarding/Employee_Personal_Details_Objects/Page_OrangeHRM/input_concat(Driver, , s License Number)_ox_6ab805'

27-12-2024T07:59:14 - [MESSAGE][PASSED] - Text 'Q3Z86AHSYR' is set on object 'Object Repository/Employee-Onboarding/Employee_Personal_Details_Objects/Page_OrangeHRM/input_concat(Driver, , s License Number)_ox_6ab805'

27-12-2024T07:59:14 - [TEST_STEP][PASSED] - setText(findTestObject("Object Repository/Employee-Onboarding/Employee_Personal_Details_Objects/Page_OrangeHRM/input_License Expiry Date_oxd-input oxd-inp_5d7d79"), License_Expiry_Date): Text '2025-12-12' is set on object 'Object Repository/Employee-Onboarding/Employee_Personal_Details_Objects/Page_OrangeHRM/input_License Expiry Date_oxd-input oxd-inp_5d7d79'

27-12-2024T07:59:14 - [MESSAGE][PASSED] - Text '2025-12-12' is set on object 'Object Repository/Employee-Onboarding/Employee_Personal_Details_Objects/Page_OrangeHRM/input_License Expiry Date_oxd-input oxd-inp_5d7d79'

27-12-2024T07:59:14 - [TEST_STEP][PASSED] - click(findTestObject("Object Repository/Employee-Onboarding/Employee_Personal_Details_Objects/Page_OrangeHRM/div_-- Select --")): Object: 'Object Repository/Employee-Onboarding/Employee_Personal_Details_Objects/Page_OrangeHRM/div_-- Select --' is clicked on

27-12-2024T07:59:14 - [MESSAGE][PASSED] - Object: 'Object Repository/Employee-Onboarding/Employee_Personal_Details_Objects/Page_OrangeHRM/div_-- Select --' is clicked on

27-12-2024T07:59:14 - [TEST_STEP][PASSED] - click(findTestObject("Employee-Onboarding/Employee_Salary_Detail_Objects/Page_OrangeHRM/custom_object_for_dropdown", ["value":Employee_Nationality])): Object: 'Object Repository/Employee-Onboarding/Employee_Salary_Detail_Objects/Page_OrangeHRM/custom_object_for_dropdown' is clicked on

27-12-2024T07:59:15 - [MESSAGE][PASSED] - Object: 'Object Repository/Employee-Onboarding/Employee_Salary_Detail_Objects/Page_OrangeHRM/custom_object_for_dropdown' is clicked on

27-12-2024T07:59:15 - [TEST_STEP][PASSED] - click(findTestObject("Object Repository/Employee-Onboarding/Employee_Personal_Details_Objects/Page_OrangeHRM/div_-- Select --_1")): Object: 'Object Repository/Employee-Onboarding/Employee_Personal_Details_Objects/Page_OrangeHRM/div_-- Select --_1' is clicked on

27-12-2024T07:59:15 - [MESSAGE][PASSED] - Object: 'Object Repository/Employee-Onboarding/Employee_Personal_Details_Objects/Page_OrangeHRM/div_-- Select --_1' is clicked on

27-12-2024T07:59:15 - [TEST_STEP][PASSED] - click(findTestObject("Employee-Onboarding/Employee_Salary_Detail_Objects/Page_OrangeHRM/custom_object_for_dropdown", ["value":Employee_Marital_Status])): Object: 'Object Repository/Employee-Onboarding/Employee_Salary_Detail_Objects/Page_OrangeHRM/custom_object_for_dropdown' is clicked on

27-12-2024T07:59:16 - [MESSAGE][PASSED] - Object: 'Object Repository/Employee-Onboarding/Employee_Salary_Detail_Objects/Page_OrangeHRM/custom_object_for_dropdown' is clicked on

27-12-2024T07:59:16 - [TEST_STEP][PASSED] - setText(findTestObject("Object Repository/Employee-Onboarding/Employee_Personal_Details_Objects/Page_OrangeHRM/input_Date of Birth_oxd-input oxd-input--focus"), Employee_DOB): Text '1980-03-30' is set on object 'Object Repository/Employee-Onboarding/Employee_Personal_Details_Objects/Page_OrangeHRM/input_Date of Birth_oxd-input oxd-input--focus'

27-12-2024T07:59:16 - [MESSAGE][PASSED] - Text '1980-03-30' is set on object 'Object Repository/Employee-Onboarding/Employee_Personal_Details_Objects/Page_OrangeHRM/input_Date of Birth_oxd-input oxd-input--focus'

27-12-2024T07:59:16 - [TEST_STEP][PASSED] - click(findTestObject("Object Repository/Employee-Onboarding/Employee_Personal_Details_Objects/Page_OrangeHRM/span_Male_oxd-radio-input oxd-radio-input--_b0de6e")): Object: 'Object Repository/Employee-Onboarding/Employee_Personal_Details_Objects/Page_OrangeHRM/span_Male_oxd-radio-input oxd-radio-input--_b0de6e' is clicked on

27-12-2024T07:59:17 - [MESSAGE][PASSED] - Object: 'Object Repository/Employee-Onboarding/Employee_Personal_Details_Objects/Page_OrangeHRM/span_Male_oxd-radio-input oxd-radio-input--_b0de6e' is clicked on

27-12-2024T07:59:17 - [TEST_STEP][PASSED] - click(findTestObject("Object Repository/Employee-Onboarding/Employee_Personal_Details_Objects/Page_OrangeHRM/button_Save")): Object: 'Object Repository/Employee-Onboarding/Employee_Personal_Details_Objects/Page_OrangeHRM/button_Save' is clicked on

27-12-2024T07:59:17 - [MESSAGE][PASSED] - Object: 'Object Repository/Employee-Onboarding/Employee_Personal_Details_Objects/Page_OrangeHRM/button_Save' is clicked on]]></system-out>
         <system-err><![CDATA[]]></system-err>
      </testcase>
      <testcase name="Test Cases/Employee_Onboarding/TC_Employee_Person_Details" time="15.46" classname="Test Cases/Employee_Onboarding/TC_Employee_Person_Details" status="PASSED">
         <system-out><![CDATA[27-12-2024T07:59:17 - [TEST_CASE][PASSED] - Test Cases/Employee_Onboarding/TC_Employee_Person_Details: Test Cases/Employee_Onboarding/TC_Employee_Person_Details

27-12-2024T07:59:17 - [TEST_STEP][PASSED] - click(findTestObject("Object Repository/Employee-Onboarding/Employee_Personal_Details_Objects/Page_OrangeHRM/span_PIM")): Object: 'Object Repository/Employee-Onboarding/Employee_Personal_Details_Objects/Page_OrangeHRM/span_PIM' is clicked on

27-12-2024T07:59:19 - [MESSAGE][PASSED] - Object: 'Object Repository/Employee-Onboarding/Employee_Personal_Details_Objects/Page_OrangeHRM/span_PIM' is clicked on

27-12-2024T07:59:19 - [TEST_STEP][PASSED] - setText(findTestObject("Object Repository/Employee-Onboarding/Employee_Personal_Details_Objects/Page_OrangeHRM/input"), Employee_Fullname): Text 'Leslie Phelps' is set on object 'Object Repository/Employee-Onboarding/Employee_Personal_Details_Objects/Page_OrangeHRM/input'

27-12-2024T07:59:21 - [MESSAGE][PASSED] - Text 'Leslie Phelps' is set on object 'Object Repository/Employee-Onboarding/Employee_Personal_Details_Objects/Page_OrangeHRM/input'

27-12-2024T07:59:21 - [TEST_STEP][PASSED] - click(findTestObject("Object Repository/Employee-Onboarding/Employee_Personal_Details_Objects/Page_OrangeHRM/button_Search")): Object: 'Object Repository/Employee-Onboarding/Employee_Personal_Details_Objects/Page_OrangeHRM/button_Search' is clicked on

27-12-2024T07:59:22 - [MESSAGE][PASSED] - Object: 'Object Repository/Employee-Onboarding/Employee_Personal_Details_Objects/Page_OrangeHRM/button_Search' is clicked on

27-12-2024T07:59:22 - [TEST_STEP][PASSED] - click(findTestObject("Object Repository/Employee-Onboarding/Employee_Personal_Details_Objects/Page_OrangeHRM/div_0034008")): Object: 'Object Repository/Employee-Onboarding/Employee_Personal_Details_Objects/Page_OrangeHRM/div_0034008' is clicked on

27-12-2024T07:59:23 - [MESSAGE][PASSED] - Object: 'Object Repository/Employee-Onboarding/Employee_Personal_Details_Objects/Page_OrangeHRM/div_0034008' is clicked on

27-12-2024T07:59:23 - [TEST_STEP][PASSED] - click(findTestObject("Object Repository/Employee-Onboarding/Employee_Personal_Details_Objects/Page_OrangeHRM/a_Personal Details")): Object: 'Object Repository/Employee-Onboarding/Employee_Personal_Details_Objects/Page_OrangeHRM/a_Personal Details' is clicked on

27-12-2024T07:59:26 - [MESSAGE][PASSED] - Object: 'Object Repository/Employee-Onboarding/Employee_Personal_Details_Objects/Page_OrangeHRM/a_Personal Details' is clicked on

27-12-2024T07:59:26 - [TEST_STEP][PASSED] - setText(findTestObject("Object Repository/Employee-Onboarding/Employee_Personal_Details_Objects/Page_OrangeHRM/input_concat(Driver, , s License Number)_ox_6ab805"), Driving_License_Number): Text '26KD9XQNXD' is set on object 'Object Repository/Employee-Onboarding/Employee_Personal_Details_Objects/Page_OrangeHRM/input_concat(Driver, , s License Number)_ox_6ab805'

27-12-2024T07:59:29 - [MESSAGE][PASSED] - Text '26KD9XQNXD' is set on object 'Object Repository/Employee-Onboarding/Employee_Personal_Details_Objects/Page_OrangeHRM/input_concat(Driver, , s License Number)_ox_6ab805'

27-12-2024T07:59:29 - [TEST_STEP][PASSED] - setText(findTestObject("Object Repository/Employee-Onboarding/Employee_Personal_Details_Objects/Page_OrangeHRM/input_License Expiry Date_oxd-input oxd-inp_5d7d79"), License_Expiry_Date): Text '2025-12-12' is set on object 'Object Repository/Employee-Onboarding/Employee_Personal_Details_Objects/Page_OrangeHRM/input_License Expiry Date_oxd-input oxd-inp_5d7d79'

27-12-2024T07:59:29 - [MESSAGE][PASSED] - Text '2025-12-12' is set on object 'Object Repository/Employee-Onboarding/Employee_Personal_Details_Objects/Page_OrangeHRM/input_License Expiry Date_oxd-input oxd-inp_5d7d79'

27-12-2024T07:59:29 - [TEST_STEP][PASSED] - click(findTestObject("Object Repository/Employee-Onboarding/Employee_Personal_Details_Objects/Page_OrangeHRM/div_-- Select --")): Object: 'Object Repository/Employee-Onboarding/Employee_Personal_Details_Objects/Page_OrangeHRM/div_-- Select --' is clicked on

27-12-2024T07:59:30 - [MESSAGE][PASSED] - Object: 'Object Repository/Employee-Onboarding/Employee_Personal_Details_Objects/Page_OrangeHRM/div_-- Select --' is clicked on

27-12-2024T07:59:30 - [TEST_STEP][PASSED] - click(findTestObject("Employee-Onboarding/Employee_Salary_Detail_Objects/Page_OrangeHRM/custom_object_for_dropdown", ["value":Employee_Nationality])): Object: 'Object Repository/Employee-Onboarding/Employee_Salary_Detail_Objects/Page_OrangeHRM/custom_object_for_dropdown' is clicked on

27-12-2024T07:59:30 - [MESSAGE][PASSED] - Object: 'Object Repository/Employee-Onboarding/Employee_Salary_Detail_Objects/Page_OrangeHRM/custom_object_for_dropdown' is clicked on

27-12-2024T07:59:30 - [TEST_STEP][PASSED] - click(findTestObject("Object Repository/Employee-Onboarding/Employee_Personal_Details_Objects/Page_OrangeHRM/div_-- Select --_1")): Object: 'Object Repository/Employee-Onboarding/Employee_Personal_Details_Objects/Page_OrangeHRM/div_-- Select --_1' is clicked on

27-12-2024T07:59:31 - [MESSAGE][PASSED] - Object: 'Object Repository/Employee-Onboarding/Employee_Personal_Details_Objects/Page_OrangeHRM/div_-- Select --_1' is clicked on

27-12-2024T07:59:31 - [TEST_STEP][PASSED] - click(findTestObject("Employee-Onboarding/Employee_Salary_Detail_Objects/Page_OrangeHRM/custom_object_for_dropdown", ["value":Employee_Marital_Status])): Object: 'Object Repository/Employee-Onboarding/Employee_Salary_Detail_Objects/Page_OrangeHRM/custom_object_for_dropdown' is clicked on

27-12-2024T07:59:31 - [MESSAGE][PASSED] - Object: 'Object Repository/Employee-Onboarding/Employee_Salary_Detail_Objects/Page_OrangeHRM/custom_object_for_dropdown' is clicked on

27-12-2024T07:59:31 - [TEST_STEP][PASSED] - setText(findTestObject("Object Repository/Employee-Onboarding/Employee_Personal_Details_Objects/Page_OrangeHRM/input_Date of Birth_oxd-input oxd-input--focus"), Employee_DOB): Text '1976-07-27' is set on object 'Object Repository/Employee-Onboarding/Employee_Personal_Details_Objects/Page_OrangeHRM/input_Date of Birth_oxd-input oxd-input--focus'

27-12-2024T07:59:32 - [MESSAGE][PASSED] - Text '1976-07-27' is set on object 'Object Repository/Employee-Onboarding/Employee_Personal_Details_Objects/Page_OrangeHRM/input_Date of Birth_oxd-input oxd-input--focus'

27-12-2024T07:59:32 - [TEST_STEP][PASSED] - click(findTestObject("Object Repository/Employee-Onboarding/Employee_Personal_Details_Objects/Page_OrangeHRM/span_Male_oxd-radio-input oxd-radio-input--_b0de6e")): Object: 'Object Repository/Employee-Onboarding/Employee_Personal_Details_Objects/Page_OrangeHRM/span_Male_oxd-radio-input oxd-radio-input--_b0de6e' is clicked on

27-12-2024T07:59:32 - [MESSAGE][PASSED] - Object: 'Object Repository/Employee-Onboarding/Employee_Personal_Details_Objects/Page_OrangeHRM/span_Male_oxd-radio-input oxd-radio-input--_b0de6e' is clicked on

27-12-2024T07:59:32 - [TEST_STEP][PASSED] - click(findTestObject("Object Repository/Employee-Onboarding/Employee_Personal_Details_Objects/Page_OrangeHRM/button_Save")): Object: 'Object Repository/Employee-Onboarding/Employee_Personal_Details_Objects/Page_OrangeHRM/button_Save' is clicked on

27-12-2024T07:59:32 - [MESSAGE][PASSED] - Object: 'Object Repository/Employee-Onboarding/Employee_Personal_Details_Objects/Page_OrangeHRM/button_Save' is clicked on]]></system-out>
         <system-err><![CDATA[]]></system-err>
      </testcase>
      <testcase name="Test Cases/Employee_Onboarding/TC_Employee_Person_Details" time="14.822" classname="Test Cases/Employee_Onboarding/TC_Employee_Person_Details" status="PASSED">
         <system-out><![CDATA[27-12-2024T07:59:32 - [TEST_CASE][PASSED] - Test Cases/Employee_Onboarding/TC_Employee_Person_Details: Test Cases/Employee_Onboarding/TC_Employee_Person_Details

27-12-2024T07:59:32 - [TEST_STEP][PASSED] - click(findTestObject("Object Repository/Employee-Onboarding/Employee_Personal_Details_Objects/Page_OrangeHRM/span_PIM")): Object: 'Object Repository/Employee-Onboarding/Employee_Personal_Details_Objects/Page_OrangeHRM/span_PIM' is clicked on

27-12-2024T07:59:34 - [MESSAGE][PASSED] - Object: 'Object Repository/Employee-Onboarding/Employee_Personal_Details_Objects/Page_OrangeHRM/span_PIM' is clicked on

27-12-2024T07:59:34 - [TEST_STEP][PASSED] - setText(findTestObject("Object Repository/Employee-Onboarding/Employee_Personal_Details_Objects/Page_OrangeHRM/input"), Employee_Fullname): Text 'Dominique Davis' is set on object 'Object Repository/Employee-Onboarding/Employee_Personal_Details_Objects/Page_OrangeHRM/input'

27-12-2024T07:59:36 - [MESSAGE][PASSED] - Text 'Dominique Davis' is set on object 'Object Repository/Employee-Onboarding/Employee_Personal_Details_Objects/Page_OrangeHRM/input'

27-12-2024T07:59:36 - [TEST_STEP][PASSED] - click(findTestObject("Object Repository/Employee-Onboarding/Employee_Personal_Details_Objects/Page_OrangeHRM/button_Search")): Object: 'Object Repository/Employee-Onboarding/Employee_Personal_Details_Objects/Page_OrangeHRM/button_Search' is clicked on

27-12-2024T07:59:37 - [MESSAGE][PASSED] - Object: 'Object Repository/Employee-Onboarding/Employee_Personal_Details_Objects/Page_OrangeHRM/button_Search' is clicked on

27-12-2024T07:59:37 - [TEST_STEP][PASSED] - click(findTestObject("Object Repository/Employee-Onboarding/Employee_Personal_Details_Objects/Page_OrangeHRM/div_0034008")): Object: 'Object Repository/Employee-Onboarding/Employee_Personal_Details_Objects/Page_OrangeHRM/div_0034008' is clicked on

27-12-2024T07:59:38 - [MESSAGE][PASSED] - Object: 'Object Repository/Employee-Onboarding/Employee_Personal_Details_Objects/Page_OrangeHRM/div_0034008' is clicked on

27-12-2024T07:59:38 - [TEST_STEP][PASSED] - click(findTestObject("Object Repository/Employee-Onboarding/Employee_Personal_Details_Objects/Page_OrangeHRM/a_Personal Details")): Object: 'Object Repository/Employee-Onboarding/Employee_Personal_Details_Objects/Page_OrangeHRM/a_Personal Details' is clicked on

27-12-2024T07:59:41 - [MESSAGE][PASSED] - Object: 'Object Repository/Employee-Onboarding/Employee_Personal_Details_Objects/Page_OrangeHRM/a_Personal Details' is clicked on

27-12-2024T07:59:41 - [TEST_STEP][PASSED] - setText(findTestObject("Object Repository/Employee-Onboarding/Employee_Personal_Details_Objects/Page_OrangeHRM/input_concat(Driver, , s License Number)_ox_6ab805"), Driving_License_Number): Text 'VVK4IGQ2RV' is set on object 'Object Repository/Employee-Onboarding/Employee_Personal_Details_Objects/Page_OrangeHRM/input_concat(Driver, , s License Number)_ox_6ab805'

27-12-2024T07:59:44 - [MESSAGE][PASSED] - Text 'VVK4IGQ2RV' is set on object 'Object Repository/Employee-Onboarding/Employee_Personal_Details_Objects/Page_OrangeHRM/input_concat(Driver, , s License Number)_ox_6ab805'

27-12-2024T07:59:44 - [TEST_STEP][PASSED] - setText(findTestObject("Object Repository/Employee-Onboarding/Employee_Personal_Details_Objects/Page_OrangeHRM/input_License Expiry Date_oxd-input oxd-inp_5d7d79"), License_Expiry_Date): Text '2025-12-12' is set on object 'Object Repository/Employee-Onboarding/Employee_Personal_Details_Objects/Page_OrangeHRM/input_License Expiry Date_oxd-input oxd-inp_5d7d79'

27-12-2024T07:59:44 - [MESSAGE][PASSED] - Text '2025-12-12' is set on object 'Object Repository/Employee-Onboarding/Employee_Personal_Details_Objects/Page_OrangeHRM/input_License Expiry Date_oxd-input oxd-inp_5d7d79'

27-12-2024T07:59:44 - [TEST_STEP][PASSED] - click(findTestObject("Object Repository/Employee-Onboarding/Employee_Personal_Details_Objects/Page_OrangeHRM/div_-- Select --")): Object: 'Object Repository/Employee-Onboarding/Employee_Personal_Details_Objects/Page_OrangeHRM/div_-- Select --' is clicked on

27-12-2024T07:59:45 - [MESSAGE][PASSED] - Object: 'Object Repository/Employee-Onboarding/Employee_Personal_Details_Objects/Page_OrangeHRM/div_-- Select --' is clicked on

27-12-2024T07:59:45 - [TEST_STEP][PASSED] - click(findTestObject("Employee-Onboarding/Employee_Salary_Detail_Objects/Page_OrangeHRM/custom_object_for_dropdown", ["value":Employee_Nationality])): Object: 'Object Repository/Employee-Onboarding/Employee_Salary_Detail_Objects/Page_OrangeHRM/custom_object_for_dropdown' is clicked on

27-12-2024T07:59:45 - [MESSAGE][PASSED] - Object: 'Object Repository/Employee-Onboarding/Employee_Salary_Detail_Objects/Page_OrangeHRM/custom_object_for_dropdown' is clicked on

27-12-2024T07:59:45 - [TEST_STEP][PASSED] - click(findTestObject("Object Repository/Employee-Onboarding/Employee_Personal_Details_Objects/Page_OrangeHRM/div_-- Select --_1")): Object: 'Object Repository/Employee-Onboarding/Employee_Personal_Details_Objects/Page_OrangeHRM/div_-- Select --_1' is clicked on

27-12-2024T07:59:46 - [MESSAGE][PASSED] - Object: 'Object Repository/Employee-Onboarding/Employee_Personal_Details_Objects/Page_OrangeHRM/div_-- Select --_1' is clicked on

27-12-2024T07:59:46 - [TEST_STEP][PASSED] - click(findTestObject("Employee-Onboarding/Employee_Salary_Detail_Objects/Page_OrangeHRM/custom_object_for_dropdown", ["value":Employee_Marital_Status])): Object: 'Object Repository/Employee-Onboarding/Employee_Salary_Detail_Objects/Page_OrangeHRM/custom_object_for_dropdown' is clicked on

27-12-2024T07:59:46 - [MESSAGE][PASSED] - Object: 'Object Repository/Employee-Onboarding/Employee_Salary_Detail_Objects/Page_OrangeHRM/custom_object_for_dropdown' is clicked on

27-12-2024T07:59:46 - [TEST_STEP][PASSED] - setText(findTestObject("Object Repository/Employee-Onboarding/Employee_Personal_Details_Objects/Page_OrangeHRM/input_Date of Birth_oxd-input oxd-input--focus"), Employee_DOB): Text '1985-01-19' is set on object 'Object Repository/Employee-Onboarding/Employee_Personal_Details_Objects/Page_OrangeHRM/input_Date of Birth_oxd-input oxd-input--focus'

27-12-2024T07:59:47 - [MESSAGE][PASSED] - Text '1985-01-19' is set on object 'Object Repository/Employee-Onboarding/Employee_Personal_Details_Objects/Page_OrangeHRM/input_Date of Birth_oxd-input oxd-input--focus'

27-12-2024T07:59:47 - [TEST_STEP][PASSED] - click(findTestObject("Object Repository/Employee-Onboarding/Employee_Personal_Details_Objects/Page_OrangeHRM/span_Male_oxd-radio-input oxd-radio-input--_b0de6e")): Object: 'Object Repository/Employee-Onboarding/Employee_Personal_Details_Objects/Page_OrangeHRM/span_Male_oxd-radio-input oxd-radio-input--_b0de6e' is clicked on

27-12-2024T07:59:47 - [MESSAGE][PASSED] - Object: 'Object Repository/Employee-Onboarding/Employee_Personal_Details_Objects/Page_OrangeHRM/span_Male_oxd-radio-input oxd-radio-input--_b0de6e' is clicked on

27-12-2024T07:59:47 - [TEST_STEP][PASSED] - click(findTestObject("Object Repository/Employee-Onboarding/Employee_Personal_Details_Objects/Page_OrangeHRM/button_Save")): Object: 'Object Repository/Employee-Onboarding/Employee_Personal_Details_Objects/Page_OrangeHRM/button_Save' is clicked on

27-12-2024T07:59:47 - [MESSAGE][PASSED] - Object: 'Object Repository/Employee-Onboarding/Employee_Personal_Details_Objects/Page_OrangeHRM/button_Save' is clicked on]]></system-out>
         <system-err><![CDATA[]]></system-err>
      </testcase>
      <testcase name="Test Cases/Employee_Onboarding/TC_Employee_Person_Details" time="14.686" classname="Test Cases/Employee_Onboarding/TC_Employee_Person_Details" status="PASSED">
         <system-out><![CDATA[27-12-2024T07:59:47 - [TEST_CASE][PASSED] - Test Cases/Employee_Onboarding/TC_Employee_Person_Details: Test Cases/Employee_Onboarding/TC_Employee_Person_Details

27-12-2024T07:59:47 - [TEST_STEP][PASSED] - click(findTestObject("Object Repository/Employee-Onboarding/Employee_Personal_Details_Objects/Page_OrangeHRM/span_PIM")): Object: 'Object Repository/Employee-Onboarding/Employee_Personal_Details_Objects/Page_OrangeHRM/span_PIM' is clicked on

27-12-2024T07:59:49 - [MESSAGE][PASSED] - Object: 'Object Repository/Employee-Onboarding/Employee_Personal_Details_Objects/Page_OrangeHRM/span_PIM' is clicked on

27-12-2024T07:59:49 - [TEST_STEP][PASSED] - setText(findTestObject("Object Repository/Employee-Onboarding/Employee_Personal_Details_Objects/Page_OrangeHRM/input"), Employee_Fullname): Text 'Richard Miranda' is set on object 'Object Repository/Employee-Onboarding/Employee_Personal_Details_Objects/Page_OrangeHRM/input'

27-12-2024T07:59:51 - [MESSAGE][PASSED] - Text 'Richard Miranda' is set on object 'Object Repository/Employee-Onboarding/Employee_Personal_Details_Objects/Page_OrangeHRM/input'

27-12-2024T07:59:51 - [TEST_STEP][PASSED] - click(findTestObject("Object Repository/Employee-Onboarding/Employee_Personal_Details_Objects/Page_OrangeHRM/button_Search")): Object: 'Object Repository/Employee-Onboarding/Employee_Personal_Details_Objects/Page_OrangeHRM/button_Search' is clicked on

27-12-2024T07:59:51 - [MESSAGE][PASSED] - Object: 'Object Repository/Employee-Onboarding/Employee_Personal_Details_Objects/Page_OrangeHRM/button_Search' is clicked on

27-12-2024T07:59:51 - [TEST_STEP][PASSED] - click(findTestObject("Object Repository/Employee-Onboarding/Employee_Personal_Details_Objects/Page_OrangeHRM/div_0034008")): Object: 'Object Repository/Employee-Onboarding/Employee_Personal_Details_Objects/Page_OrangeHRM/div_0034008' is clicked on

27-12-2024T07:59:53 - [MESSAGE][PASSED] - Object: 'Object Repository/Employee-Onboarding/Employee_Personal_Details_Objects/Page_OrangeHRM/div_0034008' is clicked on

27-12-2024T07:59:53 - [TEST_STEP][PASSED] - click(findTestObject("Object Repository/Employee-Onboarding/Employee_Personal_Details_Objects/Page_OrangeHRM/a_Personal Details")): Object: 'Object Repository/Employee-Onboarding/Employee_Personal_Details_Objects/Page_OrangeHRM/a_Personal Details' is clicked on

27-12-2024T07:59:56 - [MESSAGE][PASSED] - Object: 'Object Repository/Employee-Onboarding/Employee_Personal_Details_Objects/Page_OrangeHRM/a_Personal Details' is clicked on

27-12-2024T07:59:56 - [TEST_STEP][PASSED] - setText(findTestObject("Object Repository/Employee-Onboarding/Employee_Personal_Details_Objects/Page_OrangeHRM/input_concat(Driver, , s License Number)_ox_6ab805"), Driving_License_Number): Text '2GFNOXCNBD' is set on object 'Object Repository/Employee-Onboarding/Employee_Personal_Details_Objects/Page_OrangeHRM/input_concat(Driver, , s License Number)_ox_6ab805'

27-12-2024T07:59:59 - [MESSAGE][PASSED] - Text '2GFNOXCNBD' is set on object 'Object Repository/Employee-Onboarding/Employee_Personal_Details_Objects/Page_OrangeHRM/input_concat(Driver, , s License Number)_ox_6ab805'

27-12-2024T07:59:59 - [TEST_STEP][PASSED] - setText(findTestObject("Object Repository/Employee-Onboarding/Employee_Personal_Details_Objects/Page_OrangeHRM/input_License Expiry Date_oxd-input oxd-inp_5d7d79"), License_Expiry_Date): Text '2025-12-12' is set on object 'Object Repository/Employee-Onboarding/Employee_Personal_Details_Objects/Page_OrangeHRM/input_License Expiry Date_oxd-input oxd-inp_5d7d79'

27-12-2024T07:59:59 - [MESSAGE][PASSED] - Text '2025-12-12' is set on object 'Object Repository/Employee-Onboarding/Employee_Personal_Details_Objects/Page_OrangeHRM/input_License Expiry Date_oxd-input oxd-inp_5d7d79'

27-12-2024T07:59:59 - [TEST_STEP][PASSED] - click(findTestObject("Object Repository/Employee-Onboarding/Employee_Personal_Details_Objects/Page_OrangeHRM/div_-- Select --")): Object: 'Object Repository/Employee-Onboarding/Employee_Personal_Details_Objects/Page_OrangeHRM/div_-- Select --' is clicked on

27-12-2024T07:59:59 - [MESSAGE][PASSED] - Object: 'Object Repository/Employee-Onboarding/Employee_Personal_Details_Objects/Page_OrangeHRM/div_-- Select --' is clicked on

27-12-2024T07:59:59 - [TEST_STEP][PASSED] - click(findTestObject("Employee-Onboarding/Employee_Salary_Detail_Objects/Page_OrangeHRM/custom_object_for_dropdown", ["value":Employee_Nationality])): Object: 'Object Repository/Employee-Onboarding/Employee_Salary_Detail_Objects/Page_OrangeHRM/custom_object_for_dropdown' is clicked on

27-12-2024T08:00:00 - [MESSAGE][PASSED] - Object: 'Object Repository/Employee-Onboarding/Employee_Salary_Detail_Objects/Page_OrangeHRM/custom_object_for_dropdown' is clicked on

27-12-2024T08:00:00 - [TEST_STEP][PASSED] - click(findTestObject("Object Repository/Employee-Onboarding/Employee_Personal_Details_Objects/Page_OrangeHRM/div_-- Select --_1")): Object: 'Object Repository/Employee-Onboarding/Employee_Personal_Details_Objects/Page_OrangeHRM/div_-- Select --_1' is clicked on

27-12-2024T08:00:00 - [MESSAGE][PASSED] - Object: 'Object Repository/Employee-Onboarding/Employee_Personal_Details_Objects/Page_OrangeHRM/div_-- Select --_1' is clicked on

27-12-2024T08:00:00 - [TEST_STEP][PASSED] - click(findTestObject("Employee-Onboarding/Employee_Salary_Detail_Objects/Page_OrangeHRM/custom_object_for_dropdown", ["value":Employee_Marital_Status])): Object: 'Object Repository/Employee-Onboarding/Employee_Salary_Detail_Objects/Page_OrangeHRM/custom_object_for_dropdown' is clicked on

27-12-2024T08:00:01 - [MESSAGE][PASSED] - Object: 'Object Repository/Employee-Onboarding/Employee_Salary_Detail_Objects/Page_OrangeHRM/custom_object_for_dropdown' is clicked on

27-12-2024T08:00:01 - [TEST_STEP][PASSED] - setText(findTestObject("Object Repository/Employee-Onboarding/Employee_Personal_Details_Objects/Page_OrangeHRM/input_Date of Birth_oxd-input oxd-input--focus"), Employee_DOB): Text '1975-02-02' is set on object 'Object Repository/Employee-Onboarding/Employee_Personal_Details_Objects/Page_OrangeHRM/input_Date of Birth_oxd-input oxd-input--focus'

27-12-2024T08:00:01 - [MESSAGE][PASSED] - Text '1975-02-02' is set on object 'Object Repository/Employee-Onboarding/Employee_Personal_Details_Objects/Page_OrangeHRM/input_Date of Birth_oxd-input oxd-input--focus'

27-12-2024T08:00:01 - [TEST_STEP][PASSED] - click(findTestObject("Object Repository/Employee-Onboarding/Employee_Personal_Details_Objects/Page_OrangeHRM/span_Male_oxd-radio-input oxd-radio-input--_b0de6e")): Object: 'Object Repository/Employee-Onboarding/Employee_Personal_Details_Objects/Page_OrangeHRM/span_Male_oxd-radio-input oxd-radio-input--_b0de6e' is clicked on

27-12-2024T08:00:02 - [MESSAGE][PASSED] - Object: 'Object Repository/Employee-Onboarding/Employee_Personal_Details_Objects/Page_OrangeHRM/span_Male_oxd-radio-input oxd-radio-input--_b0de6e' is clicked on

27-12-2024T08:00:02 - [TEST_STEP][PASSED] - click(findTestObject("Object Repository/Employee-Onboarding/Employee_Personal_Details_Objects/Page_OrangeHRM/button_Save")): Object: 'Object Repository/Employee-Onboarding/Employee_Personal_Details_Objects/Page_OrangeHRM/button_Save' is clicked on

27-12-2024T08:00:02 - [MESSAGE][PASSED] - Object: 'Object Repository/Employee-Onboarding/Employee_Personal_Details_Objects/Page_OrangeHRM/button_Save' is clicked on]]></system-out>
         <system-err><![CDATA[]]></system-err>
      </testcase>
      <testcase name="Test Cases/Employee_Onboarding/TC_Employee_Person_Details" time="14.874" classname="Test Cases/Employee_Onboarding/TC_Employee_Person_Details" status="PASSED">
         <system-out><![CDATA[27-12-2024T08:00:02 - [TEST_CASE][PASSED] - Test Cases/Employee_Onboarding/TC_Employee_Person_Details: Test Cases/Employee_Onboarding/TC_Employee_Person_Details

27-12-2024T08:00:02 - [TEST_STEP][PASSED] - click(findTestObject("Object Repository/Employee-Onboarding/Employee_Personal_Details_Objects/Page_OrangeHRM/span_PIM")): Object: 'Object Repository/Employee-Onboarding/Employee_Personal_Details_Objects/Page_OrangeHRM/span_PIM' is clicked on

27-12-2024T08:00:04 - [MESSAGE][PASSED] - Object: 'Object Repository/Employee-Onboarding/Employee_Personal_Details_Objects/Page_OrangeHRM/span_PIM' is clicked on

27-12-2024T08:00:04 - [TEST_STEP][PASSED] - setText(findTestObject("Object Repository/Employee-Onboarding/Employee_Personal_Details_Objects/Page_OrangeHRM/input"), Employee_Fullname): Text 'Jaime Ferguson' is set on object 'Object Repository/Employee-Onboarding/Employee_Personal_Details_Objects/Page_OrangeHRM/input'

27-12-2024T08:00:06 - [MESSAGE][PASSED] - Text 'Jaime Ferguson' is set on object 'Object Repository/Employee-Onboarding/Employee_Personal_Details_Objects/Page_OrangeHRM/input'

27-12-2024T08:00:06 - [TEST_STEP][PASSED] - click(findTestObject("Object Repository/Employee-Onboarding/Employee_Personal_Details_Objects/Page_OrangeHRM/button_Search")): Object: 'Object Repository/Employee-Onboarding/Employee_Personal_Details_Objects/Page_OrangeHRM/button_Search' is clicked on

27-12-2024T08:00:06 - [MESSAGE][PASSED] - Object: 'Object Repository/Employee-Onboarding/Employee_Personal_Details_Objects/Page_OrangeHRM/button_Search' is clicked on

27-12-2024T08:00:06 - [TEST_STEP][PASSED] - click(findTestObject("Object Repository/Employee-Onboarding/Employee_Personal_Details_Objects/Page_OrangeHRM/div_0034008")): Object: 'Object Repository/Employee-Onboarding/Employee_Personal_Details_Objects/Page_OrangeHRM/div_0034008' is clicked on

27-12-2024T08:00:08 - [MESSAGE][PASSED] - Object: 'Object Repository/Employee-Onboarding/Employee_Personal_Details_Objects/Page_OrangeHRM/div_0034008' is clicked on

27-12-2024T08:00:08 - [TEST_STEP][PASSED] - click(findTestObject("Object Repository/Employee-Onboarding/Employee_Personal_Details_Objects/Page_OrangeHRM/a_Personal Details")): Object: 'Object Repository/Employee-Onboarding/Employee_Personal_Details_Objects/Page_OrangeHRM/a_Personal Details' is clicked on

27-12-2024T08:00:11 - [MESSAGE][PASSED] - Object: 'Object Repository/Employee-Onboarding/Employee_Personal_Details_Objects/Page_OrangeHRM/a_Personal Details' is clicked on

27-12-2024T08:00:11 - [TEST_STEP][PASSED] - setText(findTestObject("Object Repository/Employee-Onboarding/Employee_Personal_Details_Objects/Page_OrangeHRM/input_concat(Driver, , s License Number)_ox_6ab805"), Driving_License_Number): Text '0IS6PTJSQM' is set on object 'Object Repository/Employee-Onboarding/Employee_Personal_Details_Objects/Page_OrangeHRM/input_concat(Driver, , s License Number)_ox_6ab805'

27-12-2024T08:00:13 - [MESSAGE][PASSED] - Text '0IS6PTJSQM' is set on object 'Object Repository/Employee-Onboarding/Employee_Personal_Details_Objects/Page_OrangeHRM/input_concat(Driver, , s License Number)_ox_6ab805'

27-12-2024T08:00:13 - [TEST_STEP][PASSED] - setText(findTestObject("Object Repository/Employee-Onboarding/Employee_Personal_Details_Objects/Page_OrangeHRM/input_License Expiry Date_oxd-input oxd-inp_5d7d79"), License_Expiry_Date): Text '2025-12-12' is set on object 'Object Repository/Employee-Onboarding/Employee_Personal_Details_Objects/Page_OrangeHRM/input_License Expiry Date_oxd-input oxd-inp_5d7d79'

27-12-2024T08:00:14 - [MESSAGE][PASSED] - Text '2025-12-12' is set on object 'Object Repository/Employee-Onboarding/Employee_Personal_Details_Objects/Page_OrangeHRM/input_License Expiry Date_oxd-input oxd-inp_5d7d79'

27-12-2024T08:00:14 - [TEST_STEP][PASSED] - click(findTestObject("Object Repository/Employee-Onboarding/Employee_Personal_Details_Objects/Page_OrangeHRM/div_-- Select --")): Object: 'Object Repository/Employee-Onboarding/Employee_Personal_Details_Objects/Page_OrangeHRM/div_-- Select --' is clicked on

27-12-2024T08:00:14 - [MESSAGE][PASSED] - Object: 'Object Repository/Employee-Onboarding/Employee_Personal_Details_Objects/Page_OrangeHRM/div_-- Select --' is clicked on

27-12-2024T08:00:14 - [TEST_STEP][PASSED] - click(findTestObject("Employee-Onboarding/Employee_Salary_Detail_Objects/Page_OrangeHRM/custom_object_for_dropdown", ["value":Employee_Nationality])): Object: 'Object Repository/Employee-Onboarding/Employee_Salary_Detail_Objects/Page_OrangeHRM/custom_object_for_dropdown' is clicked on

27-12-2024T08:00:15 - [MESSAGE][PASSED] - Object: 'Object Repository/Employee-Onboarding/Employee_Salary_Detail_Objects/Page_OrangeHRM/custom_object_for_dropdown' is clicked on

27-12-2024T08:00:15 - [TEST_STEP][PASSED] - click(findTestObject("Object Repository/Employee-Onboarding/Employee_Personal_Details_Objects/Page_OrangeHRM/div_-- Select --_1")): Object: 'Object Repository/Employee-Onboarding/Employee_Personal_Details_Objects/Page_OrangeHRM/div_-- Select --_1' is clicked on

27-12-2024T08:00:15 - [MESSAGE][PASSED] - Object: 'Object Repository/Employee-Onboarding/Employee_Personal_Details_Objects/Page_OrangeHRM/div_-- Select --_1' is clicked on

27-12-2024T08:00:15 - [TEST_STEP][PASSED] - click(findTestObject("Employee-Onboarding/Employee_Salary_Detail_Objects/Page_OrangeHRM/custom_object_for_dropdown", ["value":Employee_Marital_Status])): Object: 'Object Repository/Employee-Onboarding/Employee_Salary_Detail_Objects/Page_OrangeHRM/custom_object_for_dropdown' is clicked on

27-12-2024T08:00:16 - [MESSAGE][PASSED] - Object: 'Object Repository/Employee-Onboarding/Employee_Salary_Detail_Objects/Page_OrangeHRM/custom_object_for_dropdown' is clicked on

27-12-2024T08:00:16 - [TEST_STEP][PASSED] - setText(findTestObject("Object Repository/Employee-Onboarding/Employee_Personal_Details_Objects/Page_OrangeHRM/input_Date of Birth_oxd-input oxd-input--focus"), Employee_DOB): Text '1993-12-03' is set on object 'Object Repository/Employee-Onboarding/Employee_Personal_Details_Objects/Page_OrangeHRM/input_Date of Birth_oxd-input oxd-input--focus'

27-12-2024T08:00:16 - [MESSAGE][PASSED] - Text '1993-12-03' is set on object 'Object Repository/Employee-Onboarding/Employee_Personal_Details_Objects/Page_OrangeHRM/input_Date of Birth_oxd-input oxd-input--focus'

27-12-2024T08:00:16 - [TEST_STEP][PASSED] - click(findTestObject("Object Repository/Employee-Onboarding/Employee_Personal_Details_Objects/Page_OrangeHRM/span_Male_oxd-radio-input oxd-radio-input--_b0de6e")): Object: 'Object Repository/Employee-Onboarding/Employee_Personal_Details_Objects/Page_OrangeHRM/span_Male_oxd-radio-input oxd-radio-input--_b0de6e' is clicked on

27-12-2024T08:00:16 - [MESSAGE][PASSED] - Object: 'Object Repository/Employee-Onboarding/Employee_Personal_Details_Objects/Page_OrangeHRM/span_Male_oxd-radio-input oxd-radio-input--_b0de6e' is clicked on

27-12-2024T08:00:16 - [TEST_STEP][PASSED] - click(findTestObject("Object Repository/Employee-Onboarding/Employee_Personal_Details_Objects/Page_OrangeHRM/button_Save")): Object: 'Object Repository/Employee-Onboarding/Employee_Personal_Details_Objects/Page_OrangeHRM/button_Save' is clicked on

27-12-2024T08:00:17 - [MESSAGE][PASSED] - Object: 'Object Repository/Employee-Onboarding/Employee_Personal_Details_Objects/Page_OrangeHRM/button_Save' is clicked on]]></system-out>
         <system-err><![CDATA[]]></system-err>
      </testcase>
      <testcase name="Test Cases/Employee_Onboarding/TC_Employee_Person_Details" time="14.811" classname="Test Cases/Employee_Onboarding/TC_Employee_Person_Details" status="PASSED">
         <system-out><![CDATA[27-12-2024T08:00:17 - [TEST_CASE][PASSED] - Test Cases/Employee_Onboarding/TC_Employee_Person_Details: Test Cases/Employee_Onboarding/TC_Employee_Person_Details

27-12-2024T08:00:17 - [TEST_STEP][PASSED] - click(findTestObject("Object Repository/Employee-Onboarding/Employee_Personal_Details_Objects/Page_OrangeHRM/span_PIM")): Object: 'Object Repository/Employee-Onboarding/Employee_Personal_Details_Objects/Page_OrangeHRM/span_PIM' is clicked on

27-12-2024T08:00:19 - [MESSAGE][PASSED] - Object: 'Object Repository/Employee-Onboarding/Employee_Personal_Details_Objects/Page_OrangeHRM/span_PIM' is clicked on

27-12-2024T08:00:19 - [TEST_STEP][PASSED] - setText(findTestObject("Object Repository/Employee-Onboarding/Employee_Personal_Details_Objects/Page_OrangeHRM/input"), Employee_Fullname): Text 'Jose Barnes' is set on object 'Object Repository/Employee-Onboarding/Employee_Personal_Details_Objects/Page_OrangeHRM/input'

27-12-2024T08:00:21 - [MESSAGE][PASSED] - Text 'Jose Barnes' is set on object 'Object Repository/Employee-Onboarding/Employee_Personal_Details_Objects/Page_OrangeHRM/input'

27-12-2024T08:00:21 - [TEST_STEP][PASSED] - click(findTestObject("Object Repository/Employee-Onboarding/Employee_Personal_Details_Objects/Page_OrangeHRM/button_Search")): Object: 'Object Repository/Employee-Onboarding/Employee_Personal_Details_Objects/Page_OrangeHRM/button_Search' is clicked on

27-12-2024T08:00:21 - [MESSAGE][PASSED] - Object: 'Object Repository/Employee-Onboarding/Employee_Personal_Details_Objects/Page_OrangeHRM/button_Search' is clicked on

27-12-2024T08:00:21 - [TEST_STEP][PASSED] - click(findTestObject("Object Repository/Employee-Onboarding/Employee_Personal_Details_Objects/Page_OrangeHRM/div_0034008")): Object: 'Object Repository/Employee-Onboarding/Employee_Personal_Details_Objects/Page_OrangeHRM/div_0034008' is clicked on

27-12-2024T08:00:22 - [MESSAGE][PASSED] - Object: 'Object Repository/Employee-Onboarding/Employee_Personal_Details_Objects/Page_OrangeHRM/div_0034008' is clicked on

27-12-2024T08:00:22 - [TEST_STEP][PASSED] - click(findTestObject("Object Repository/Employee-Onboarding/Employee_Personal_Details_Objects/Page_OrangeHRM/a_Personal Details")): Object: 'Object Repository/Employee-Onboarding/Employee_Personal_Details_Objects/Page_OrangeHRM/a_Personal Details' is clicked on

27-12-2024T08:00:26 - [MESSAGE][PASSED] - Object: 'Object Repository/Employee-Onboarding/Employee_Personal_Details_Objects/Page_OrangeHRM/a_Personal Details' is clicked on

27-12-2024T08:00:26 - [TEST_STEP][PASSED] - setText(findTestObject("Object Repository/Employee-Onboarding/Employee_Personal_Details_Objects/Page_OrangeHRM/input_concat(Driver, , s License Number)_ox_6ab805"), Driving_License_Number): Text 'J7QUSZFFCH' is set on object 'Object Repository/Employee-Onboarding/Employee_Personal_Details_Objects/Page_OrangeHRM/input_concat(Driver, , s License Number)_ox_6ab805'

27-12-2024T08:00:28 - [MESSAGE][PASSED] - Text 'J7QUSZFFCH' is set on object 'Object Repository/Employee-Onboarding/Employee_Personal_Details_Objects/Page_OrangeHRM/input_concat(Driver, , s License Number)_ox_6ab805'

27-12-2024T08:00:28 - [TEST_STEP][PASSED] - setText(findTestObject("Object Repository/Employee-Onboarding/Employee_Personal_Details_Objects/Page_OrangeHRM/input_License Expiry Date_oxd-input oxd-inp_5d7d79"), License_Expiry_Date): Text '2025-12-12' is set on object 'Object Repository/Employee-Onboarding/Employee_Personal_Details_Objects/Page_OrangeHRM/input_License Expiry Date_oxd-input oxd-inp_5d7d79'

27-12-2024T08:00:29 - [MESSAGE][PASSED] - Text '2025-12-12' is set on object 'Object Repository/Employee-Onboarding/Employee_Personal_Details_Objects/Page_OrangeHRM/input_License Expiry Date_oxd-input oxd-inp_5d7d79'

27-12-2024T08:00:29 - [TEST_STEP][PASSED] - click(findTestObject("Object Repository/Employee-Onboarding/Employee_Personal_Details_Objects/Page_OrangeHRM/div_-- Select --")): Object: 'Object Repository/Employee-Onboarding/Employee_Personal_Details_Objects/Page_OrangeHRM/div_-- Select --' is clicked on

27-12-2024T08:00:29 - [MESSAGE][PASSED] - Object: 'Object Repository/Employee-Onboarding/Employee_Personal_Details_Objects/Page_OrangeHRM/div_-- Select --' is clicked on

27-12-2024T08:00:29 - [TEST_STEP][PASSED] - click(findTestObject("Employee-Onboarding/Employee_Salary_Detail_Objects/Page_OrangeHRM/custom_object_for_dropdown", ["value":Employee_Nationality])): Object: 'Object Repository/Employee-Onboarding/Employee_Salary_Detail_Objects/Page_OrangeHRM/custom_object_for_dropdown' is clicked on

27-12-2024T08:00:29 - [MESSAGE][PASSED] - Object: 'Object Repository/Employee-Onboarding/Employee_Salary_Detail_Objects/Page_OrangeHRM/custom_object_for_dropdown' is clicked on

27-12-2024T08:00:29 - [TEST_STEP][PASSED] - click(findTestObject("Object Repository/Employee-Onboarding/Employee_Personal_Details_Objects/Page_OrangeHRM/div_-- Select --_1")): Object: 'Object Repository/Employee-Onboarding/Employee_Personal_Details_Objects/Page_OrangeHRM/div_-- Select --_1' is clicked on

27-12-2024T08:00:30 - [MESSAGE][PASSED] - Object: 'Object Repository/Employee-Onboarding/Employee_Personal_Details_Objects/Page_OrangeHRM/div_-- Select --_1' is clicked on

27-12-2024T08:00:30 - [TEST_STEP][PASSED] - click(findTestObject("Employee-Onboarding/Employee_Salary_Detail_Objects/Page_OrangeHRM/custom_object_for_dropdown", ["value":Employee_Marital_Status])): Object: 'Object Repository/Employee-Onboarding/Employee_Salary_Detail_Objects/Page_OrangeHRM/custom_object_for_dropdown' is clicked on

27-12-2024T08:00:30 - [MESSAGE][PASSED] - Object: 'Object Repository/Employee-Onboarding/Employee_Salary_Detail_Objects/Page_OrangeHRM/custom_object_for_dropdown' is clicked on

27-12-2024T08:00:30 - [TEST_STEP][PASSED] - setText(findTestObject("Object Repository/Employee-Onboarding/Employee_Personal_Details_Objects/Page_OrangeHRM/input_Date of Birth_oxd-input oxd-input--focus"), Employee_DOB): Text '1964-04-05' is set on object 'Object Repository/Employee-Onboarding/Employee_Personal_Details_Objects/Page_OrangeHRM/input_Date of Birth_oxd-input oxd-input--focus'

27-12-2024T08:00:31 - [MESSAGE][PASSED] - Text '1964-04-05' is set on object 'Object Repository/Employee-Onboarding/Employee_Personal_Details_Objects/Page_OrangeHRM/input_Date of Birth_oxd-input oxd-input--focus'

27-12-2024T08:00:31 - [TEST_STEP][PASSED] - click(findTestObject("Object Repository/Employee-Onboarding/Employee_Personal_Details_Objects/Page_OrangeHRM/span_Male_oxd-radio-input oxd-radio-input--_b0de6e")): Object: 'Object Repository/Employee-Onboarding/Employee_Personal_Details_Objects/Page_OrangeHRM/span_Male_oxd-radio-input oxd-radio-input--_b0de6e' is clicked on

27-12-2024T08:00:31 - [MESSAGE][PASSED] - Object: 'Object Repository/Employee-Onboarding/Employee_Personal_Details_Objects/Page_OrangeHRM/span_Male_oxd-radio-input oxd-radio-input--_b0de6e' is clicked on

27-12-2024T08:00:31 - [TEST_STEP][PASSED] - click(findTestObject("Object Repository/Employee-Onboarding/Employee_Personal_Details_Objects/Page_OrangeHRM/button_Save")): Object: 'Object Repository/Employee-Onboarding/Employee_Personal_Details_Objects/Page_OrangeHRM/button_Save' is clicked on

27-12-2024T08:00:32 - [MESSAGE][PASSED] - Object: 'Object Repository/Employee-Onboarding/Employee_Personal_Details_Objects/Page_OrangeHRM/button_Save' is clicked on]]></system-out>
         <system-err><![CDATA[]]></system-err>
      </testcase>
      <testcase name="Test Cases/Employee_Onboarding/TC_Employee_Person_Details" time="15.023" classname="Test Cases/Employee_Onboarding/TC_Employee_Person_Details" status="PASSED">
         <system-out><![CDATA[27-12-2024T08:00:32 - [TEST_CASE][PASSED] - Test Cases/Employee_Onboarding/TC_Employee_Person_Details: Test Cases/Employee_Onboarding/TC_Employee_Person_Details

27-12-2024T08:00:32 - [TEST_STEP][PASSED] - click(findTestObject("Object Repository/Employee-Onboarding/Employee_Personal_Details_Objects/Page_OrangeHRM/span_PIM")): Object: 'Object Repository/Employee-Onboarding/Employee_Personal_Details_Objects/Page_OrangeHRM/span_PIM' is clicked on

27-12-2024T08:00:33 - [MESSAGE][PASSED] - Object: 'Object Repository/Employee-Onboarding/Employee_Personal_Details_Objects/Page_OrangeHRM/span_PIM' is clicked on

27-12-2024T08:00:33 - [TEST_STEP][PASSED] - setText(findTestObject("Object Repository/Employee-Onboarding/Employee_Personal_Details_Objects/Page_OrangeHRM/input"), Employee_Fullname): Text 'Jamie Reed' is set on object 'Object Repository/Employee-Onboarding/Employee_Personal_Details_Objects/Page_OrangeHRM/input'

27-12-2024T08:00:35 - [MESSAGE][PASSED] - Text 'Jamie Reed' is set on object 'Object Repository/Employee-Onboarding/Employee_Personal_Details_Objects/Page_OrangeHRM/input'

27-12-2024T08:00:35 - [TEST_STEP][PASSED] - click(findTestObject("Object Repository/Employee-Onboarding/Employee_Personal_Details_Objects/Page_OrangeHRM/button_Search")): Object: 'Object Repository/Employee-Onboarding/Employee_Personal_Details_Objects/Page_OrangeHRM/button_Search' is clicked on

27-12-2024T08:00:36 - [MESSAGE][PASSED] - Object: 'Object Repository/Employee-Onboarding/Employee_Personal_Details_Objects/Page_OrangeHRM/button_Search' is clicked on

27-12-2024T08:00:36 - [TEST_STEP][PASSED] - click(findTestObject("Object Repository/Employee-Onboarding/Employee_Personal_Details_Objects/Page_OrangeHRM/div_0034008")): Object: 'Object Repository/Employee-Onboarding/Employee_Personal_Details_Objects/Page_OrangeHRM/div_0034008' is clicked on

27-12-2024T08:00:37 - [MESSAGE][PASSED] - Object: 'Object Repository/Employee-Onboarding/Employee_Personal_Details_Objects/Page_OrangeHRM/div_0034008' is clicked on

27-12-2024T08:00:37 - [TEST_STEP][PASSED] - click(findTestObject("Object Repository/Employee-Onboarding/Employee_Personal_Details_Objects/Page_OrangeHRM/a_Personal Details")): Object: 'Object Repository/Employee-Onboarding/Employee_Personal_Details_Objects/Page_OrangeHRM/a_Personal Details' is clicked on

27-12-2024T08:00:40 - [MESSAGE][PASSED] - Object: 'Object Repository/Employee-Onboarding/Employee_Personal_Details_Objects/Page_OrangeHRM/a_Personal Details' is clicked on

27-12-2024T08:00:40 - [TEST_STEP][PASSED] - setText(findTestObject("Object Repository/Employee-Onboarding/Employee_Personal_Details_Objects/Page_OrangeHRM/input_concat(Driver, , s License Number)_ox_6ab805"), Driving_License_Number): Text '63HC64JSOV' is set on object 'Object Repository/Employee-Onboarding/Employee_Personal_Details_Objects/Page_OrangeHRM/input_concat(Driver, , s License Number)_ox_6ab805'

27-12-2024T08:00:43 - [MESSAGE][PASSED] - Text '63HC64JSOV' is set on object 'Object Repository/Employee-Onboarding/Employee_Personal_Details_Objects/Page_OrangeHRM/input_concat(Driver, , s License Number)_ox_6ab805'

27-12-2024T08:00:43 - [TEST_STEP][PASSED] - setText(findTestObject("Object Repository/Employee-Onboarding/Employee_Personal_Details_Objects/Page_OrangeHRM/input_License Expiry Date_oxd-input oxd-inp_5d7d79"), License_Expiry_Date): Text '2025-12-12' is set on object 'Object Repository/Employee-Onboarding/Employee_Personal_Details_Objects/Page_OrangeHRM/input_License Expiry Date_oxd-input oxd-inp_5d7d79'

27-12-2024T08:00:44 - [MESSAGE][PASSED] - Text '2025-12-12' is set on object 'Object Repository/Employee-Onboarding/Employee_Personal_Details_Objects/Page_OrangeHRM/input_License Expiry Date_oxd-input oxd-inp_5d7d79'

27-12-2024T08:00:44 - [TEST_STEP][PASSED] - click(findTestObject("Object Repository/Employee-Onboarding/Employee_Personal_Details_Objects/Page_OrangeHRM/div_-- Select --")): Object: 'Object Repository/Employee-Onboarding/Employee_Personal_Details_Objects/Page_OrangeHRM/div_-- Select --' is clicked on

27-12-2024T08:00:44 - [MESSAGE][PASSED] - Object: 'Object Repository/Employee-Onboarding/Employee_Personal_Details_Objects/Page_OrangeHRM/div_-- Select --' is clicked on

27-12-2024T08:00:44 - [TEST_STEP][PASSED] - click(findTestObject("Employee-Onboarding/Employee_Salary_Detail_Objects/Page_OrangeHRM/custom_object_for_dropdown", ["value":Employee_Nationality])): Object: 'Object Repository/Employee-Onboarding/Employee_Salary_Detail_Objects/Page_OrangeHRM/custom_object_for_dropdown' is clicked on

27-12-2024T08:00:44 - [MESSAGE][PASSED] - Object: 'Object Repository/Employee-Onboarding/Employee_Salary_Detail_Objects/Page_OrangeHRM/custom_object_for_dropdown' is clicked on

27-12-2024T08:00:44 - [TEST_STEP][PASSED] - click(findTestObject("Object Repository/Employee-Onboarding/Employee_Personal_Details_Objects/Page_OrangeHRM/div_-- Select --_1")): Object: 'Object Repository/Employee-Onboarding/Employee_Personal_Details_Objects/Page_OrangeHRM/div_-- Select --_1' is clicked on

27-12-2024T08:00:45 - [MESSAGE][PASSED] - Object: 'Object Repository/Employee-Onboarding/Employee_Personal_Details_Objects/Page_OrangeHRM/div_-- Select --_1' is clicked on

27-12-2024T08:00:45 - [TEST_STEP][PASSED] - click(findTestObject("Employee-Onboarding/Employee_Salary_Detail_Objects/Page_OrangeHRM/custom_object_for_dropdown", ["value":Employee_Marital_Status])): Object: 'Object Repository/Employee-Onboarding/Employee_Salary_Detail_Objects/Page_OrangeHRM/custom_object_for_dropdown' is clicked on

27-12-2024T08:00:45 - [MESSAGE][PASSED] - Object: 'Object Repository/Employee-Onboarding/Employee_Salary_Detail_Objects/Page_OrangeHRM/custom_object_for_dropdown' is clicked on

27-12-2024T08:00:45 - [TEST_STEP][PASSED] - setText(findTestObject("Object Repository/Employee-Onboarding/Employee_Personal_Details_Objects/Page_OrangeHRM/input_Date of Birth_oxd-input oxd-input--focus"), Employee_DOB): Text '2004-12-25' is set on object 'Object Repository/Employee-Onboarding/Employee_Personal_Details_Objects/Page_OrangeHRM/input_Date of Birth_oxd-input oxd-input--focus'

27-12-2024T08:00:46 - [MESSAGE][PASSED] - Text '2004-12-25' is set on object 'Object Repository/Employee-Onboarding/Employee_Personal_Details_Objects/Page_OrangeHRM/input_Date of Birth_oxd-input oxd-input--focus'

27-12-2024T08:00:46 - [TEST_STEP][PASSED] - click(findTestObject("Object Repository/Employee-Onboarding/Employee_Personal_Details_Objects/Page_OrangeHRM/span_Male_oxd-radio-input oxd-radio-input--_b0de6e")): Object: 'Object Repository/Employee-Onboarding/Employee_Personal_Details_Objects/Page_OrangeHRM/span_Male_oxd-radio-input oxd-radio-input--_b0de6e' is clicked on

27-12-2024T08:00:46 - [MESSAGE][PASSED] - Object: 'Object Repository/Employee-Onboarding/Employee_Personal_Details_Objects/Page_OrangeHRM/span_Male_oxd-radio-input oxd-radio-input--_b0de6e' is clicked on

27-12-2024T08:00:46 - [TEST_STEP][PASSED] - click(findTestObject("Object Repository/Employee-Onboarding/Employee_Personal_Details_Objects/Page_OrangeHRM/button_Save")): Object: 'Object Repository/Employee-Onboarding/Employee_Personal_Details_Objects/Page_OrangeHRM/button_Save' is clicked on

27-12-2024T08:00:47 - [MESSAGE][PASSED] - Object: 'Object Repository/Employee-Onboarding/Employee_Personal_Details_Objects/Page_OrangeHRM/button_Save' is clicked on]]></system-out>
         <system-err><![CDATA[]]></system-err>
      </testcase>
      <testcase name="Test Cases/Employee_Onboarding/TC_Employee_Person_Details" time="14.906" classname="Test Cases/Employee_Onboarding/TC_Employee_Person_Details" status="PASSED">
         <system-out><![CDATA[27-12-2024T08:00:47 - [TEST_CASE][PASSED] - Test Cases/Employee_Onboarding/TC_Employee_Person_Details: Test Cases/Employee_Onboarding/TC_Employee_Person_Details

27-12-2024T08:00:47 - [TEST_STEP][PASSED] - click(findTestObject("Object Repository/Employee-Onboarding/Employee_Personal_Details_Objects/Page_OrangeHRM/span_PIM")): Object: 'Object Repository/Employee-Onboarding/Employee_Personal_Details_Objects/Page_OrangeHRM/span_PIM' is clicked on

27-12-2024T08:00:48 - [MESSAGE][PASSED] - Object: 'Object Repository/Employee-Onboarding/Employee_Personal_Details_Objects/Page_OrangeHRM/span_PIM' is clicked on

27-12-2024T08:00:48 - [TEST_STEP][PASSED] - setText(findTestObject("Object Repository/Employee-Onboarding/Employee_Personal_Details_Objects/Page_OrangeHRM/input"), Employee_Fullname): Text 'Joseph Thomas' is set on object 'Object Repository/Employee-Onboarding/Employee_Personal_Details_Objects/Page_OrangeHRM/input'

27-12-2024T08:00:51 - [MESSAGE][PASSED] - Text 'Joseph Thomas' is set on object 'Object Repository/Employee-Onboarding/Employee_Personal_Details_Objects/Page_OrangeHRM/input'

27-12-2024T08:00:51 - [TEST_STEP][PASSED] - click(findTestObject("Object Repository/Employee-Onboarding/Employee_Personal_Details_Objects/Page_OrangeHRM/button_Search")): Object: 'Object Repository/Employee-Onboarding/Employee_Personal_Details_Objects/Page_OrangeHRM/button_Search' is clicked on

27-12-2024T08:00:51 - [MESSAGE][PASSED] - Object: 'Object Repository/Employee-Onboarding/Employee_Personal_Details_Objects/Page_OrangeHRM/button_Search' is clicked on

27-12-2024T08:00:51 - [TEST_STEP][PASSED] - click(findTestObject("Object Repository/Employee-Onboarding/Employee_Personal_Details_Objects/Page_OrangeHRM/div_0034008")): Object: 'Object Repository/Employee-Onboarding/Employee_Personal_Details_Objects/Page_OrangeHRM/div_0034008' is clicked on

27-12-2024T08:00:52 - [MESSAGE][PASSED] - Object: 'Object Repository/Employee-Onboarding/Employee_Personal_Details_Objects/Page_OrangeHRM/div_0034008' is clicked on

27-12-2024T08:00:52 - [TEST_STEP][PASSED] - click(findTestObject("Object Repository/Employee-Onboarding/Employee_Personal_Details_Objects/Page_OrangeHRM/a_Personal Details")): Object: 'Object Repository/Employee-Onboarding/Employee_Personal_Details_Objects/Page_OrangeHRM/a_Personal Details' is clicked on

27-12-2024T08:00:55 - [MESSAGE][PASSED] - Object: 'Object Repository/Employee-Onboarding/Employee_Personal_Details_Objects/Page_OrangeHRM/a_Personal Details' is clicked on

27-12-2024T08:00:55 - [TEST_STEP][PASSED] - setText(findTestObject("Object Repository/Employee-Onboarding/Employee_Personal_Details_Objects/Page_OrangeHRM/input_concat(Driver, , s License Number)_ox_6ab805"), Driving_License_Number): Text 'KP6OLD4J7S' is set on object 'Object Repository/Employee-Onboarding/Employee_Personal_Details_Objects/Page_OrangeHRM/input_concat(Driver, , s License Number)_ox_6ab805'

27-12-2024T08:00:58 - [MESSAGE][PASSED] - Text 'KP6OLD4J7S' is set on object 'Object Repository/Employee-Onboarding/Employee_Personal_Details_Objects/Page_OrangeHRM/input_concat(Driver, , s License Number)_ox_6ab805'

27-12-2024T08:00:58 - [TEST_STEP][PASSED] - setText(findTestObject("Object Repository/Employee-Onboarding/Employee_Personal_Details_Objects/Page_OrangeHRM/input_License Expiry Date_oxd-input oxd-inp_5d7d79"), License_Expiry_Date): Text '2025-12-12' is set on object 'Object Repository/Employee-Onboarding/Employee_Personal_Details_Objects/Page_OrangeHRM/input_License Expiry Date_oxd-input oxd-inp_5d7d79'

27-12-2024T08:00:59 - [MESSAGE][PASSED] - Text '2025-12-12' is set on object 'Object Repository/Employee-Onboarding/Employee_Personal_Details_Objects/Page_OrangeHRM/input_License Expiry Date_oxd-input oxd-inp_5d7d79'

27-12-2024T08:00:59 - [TEST_STEP][PASSED] - click(findTestObject("Object Repository/Employee-Onboarding/Employee_Personal_Details_Objects/Page_OrangeHRM/div_-- Select --")): Object: 'Object Repository/Employee-Onboarding/Employee_Personal_Details_Objects/Page_OrangeHRM/div_-- Select --' is clicked on

27-12-2024T08:00:59 - [MESSAGE][PASSED] - Object: 'Object Repository/Employee-Onboarding/Employee_Personal_Details_Objects/Page_OrangeHRM/div_-- Select --' is clicked on

27-12-2024T08:00:59 - [TEST_STEP][PASSED] - click(findTestObject("Employee-Onboarding/Employee_Salary_Detail_Objects/Page_OrangeHRM/custom_object_for_dropdown", ["value":Employee_Nationality])): Object: 'Object Repository/Employee-Onboarding/Employee_Salary_Detail_Objects/Page_OrangeHRM/custom_object_for_dropdown' is clicked on

27-12-2024T08:00:59 - [MESSAGE][PASSED] - Object: 'Object Repository/Employee-Onboarding/Employee_Salary_Detail_Objects/Page_OrangeHRM/custom_object_for_dropdown' is clicked on

27-12-2024T08:00:59 - [TEST_STEP][PASSED] - click(findTestObject("Object Repository/Employee-Onboarding/Employee_Personal_Details_Objects/Page_OrangeHRM/div_-- Select --_1")): Object: 'Object Repository/Employee-Onboarding/Employee_Personal_Details_Objects/Page_OrangeHRM/div_-- Select --_1' is clicked on

27-12-2024T08:01:00 - [MESSAGE][PASSED] - Object: 'Object Repository/Employee-Onboarding/Employee_Personal_Details_Objects/Page_OrangeHRM/div_-- Select --_1' is clicked on

27-12-2024T08:01:00 - [TEST_STEP][PASSED] - click(findTestObject("Employee-Onboarding/Employee_Salary_Detail_Objects/Page_OrangeHRM/custom_object_for_dropdown", ["value":Employee_Marital_Status])): Object: 'Object Repository/Employee-Onboarding/Employee_Salary_Detail_Objects/Page_OrangeHRM/custom_object_for_dropdown' is clicked on

27-12-2024T08:01:00 - [MESSAGE][PASSED] - Object: 'Object Repository/Employee-Onboarding/Employee_Salary_Detail_Objects/Page_OrangeHRM/custom_object_for_dropdown' is clicked on

27-12-2024T08:01:00 - [TEST_STEP][PASSED] - setText(findTestObject("Object Repository/Employee-Onboarding/Employee_Personal_Details_Objects/Page_OrangeHRM/input_Date of Birth_oxd-input oxd-input--focus"), Employee_DOB): Text '1971-08-30' is set on object 'Object Repository/Employee-Onboarding/Employee_Personal_Details_Objects/Page_OrangeHRM/input_Date of Birth_oxd-input oxd-input--focus'

27-12-2024T08:01:01 - [MESSAGE][PASSED] - Text '1971-08-30' is set on object 'Object Repository/Employee-Onboarding/Employee_Personal_Details_Objects/Page_OrangeHRM/input_Date of Birth_oxd-input oxd-input--focus'

27-12-2024T08:01:01 - [TEST_STEP][PASSED] - click(findTestObject("Object Repository/Employee-Onboarding/Employee_Personal_Details_Objects/Page_OrangeHRM/span_Male_oxd-radio-input oxd-radio-input--_b0de6e")): Object: 'Object Repository/Employee-Onboarding/Employee_Personal_Details_Objects/Page_OrangeHRM/span_Male_oxd-radio-input oxd-radio-input--_b0de6e' is clicked on

27-12-2024T08:01:01 - [MESSAGE][PASSED] - Object: 'Object Repository/Employee-Onboarding/Employee_Personal_Details_Objects/Page_OrangeHRM/span_Male_oxd-radio-input oxd-radio-input--_b0de6e' is clicked on

27-12-2024T08:01:01 - [TEST_STEP][PASSED] - click(findTestObject("Object Repository/Employee-Onboarding/Employee_Personal_Details_Objects/Page_OrangeHRM/button_Save")): Object: 'Object Repository/Employee-Onboarding/Employee_Personal_Details_Objects/Page_OrangeHRM/button_Save' is clicked on

27-12-2024T08:01:02 - [MESSAGE][PASSED] - Object: 'Object Repository/Employee-Onboarding/Employee_Personal_Details_Objects/Page_OrangeHRM/button_Save' is clicked on]]></system-out>
         <system-err><![CDATA[]]></system-err>
      </testcase>
      <testcase name="Test Cases/Employee_Onboarding/TC_Employee_Person_Details" time="14.935" classname="Test Cases/Employee_Onboarding/TC_Employee_Person_Details" status="PASSED">
         <system-out><![CDATA[27-12-2024T08:01:02 - [TEST_CASE][PASSED] - Test Cases/Employee_Onboarding/TC_Employee_Person_Details: Test Cases/Employee_Onboarding/TC_Employee_Person_Details

27-12-2024T08:01:02 - [TEST_STEP][PASSED] - click(findTestObject("Object Repository/Employee-Onboarding/Employee_Personal_Details_Objects/Page_OrangeHRM/span_PIM")): Object: 'Object Repository/Employee-Onboarding/Employee_Personal_Details_Objects/Page_OrangeHRM/span_PIM' is clicked on

27-12-2024T08:01:03 - [MESSAGE][PASSED] - Object: 'Object Repository/Employee-Onboarding/Employee_Personal_Details_Objects/Page_OrangeHRM/span_PIM' is clicked on

27-12-2024T08:01:03 - [TEST_STEP][PASSED] - setText(findTestObject("Object Repository/Employee-Onboarding/Employee_Personal_Details_Objects/Page_OrangeHRM/input"), Employee_Fullname): Text 'Kelly Mcbride' is set on object 'Object Repository/Employee-Onboarding/Employee_Personal_Details_Objects/Page_OrangeHRM/input'

27-12-2024T08:01:06 - [MESSAGE][PASSED] - Text 'Kelly Mcbride' is set on object 'Object Repository/Employee-Onboarding/Employee_Personal_Details_Objects/Page_OrangeHRM/input'

27-12-2024T08:01:06 - [TEST_STEP][PASSED] - click(findTestObject("Object Repository/Employee-Onboarding/Employee_Personal_Details_Objects/Page_OrangeHRM/button_Search")): Object: 'Object Repository/Employee-Onboarding/Employee_Personal_Details_Objects/Page_OrangeHRM/button_Search' is clicked on

27-12-2024T08:01:06 - [MESSAGE][PASSED] - Object: 'Object Repository/Employee-Onboarding/Employee_Personal_Details_Objects/Page_OrangeHRM/button_Search' is clicked on

27-12-2024T08:01:06 - [TEST_STEP][PASSED] - click(findTestObject("Object Repository/Employee-Onboarding/Employee_Personal_Details_Objects/Page_OrangeHRM/div_0034008")): Object: 'Object Repository/Employee-Onboarding/Employee_Personal_Details_Objects/Page_OrangeHRM/div_0034008' is clicked on

27-12-2024T08:01:08 - [MESSAGE][PASSED] - Object: 'Object Repository/Employee-Onboarding/Employee_Personal_Details_Objects/Page_OrangeHRM/div_0034008' is clicked on

27-12-2024T08:01:08 - [TEST_STEP][PASSED] - click(findTestObject("Object Repository/Employee-Onboarding/Employee_Personal_Details_Objects/Page_OrangeHRM/a_Personal Details")): Object: 'Object Repository/Employee-Onboarding/Employee_Personal_Details_Objects/Page_OrangeHRM/a_Personal Details' is clicked on

27-12-2024T08:01:10 - [MESSAGE][PASSED] - Object: 'Object Repository/Employee-Onboarding/Employee_Personal_Details_Objects/Page_OrangeHRM/a_Personal Details' is clicked on

27-12-2024T08:01:10 - [TEST_STEP][PASSED] - setText(findTestObject("Object Repository/Employee-Onboarding/Employee_Personal_Details_Objects/Page_OrangeHRM/input_concat(Driver, , s License Number)_ox_6ab805"), Driving_License_Number): Text 'UUYEWUYFZA' is set on object 'Object Repository/Employee-Onboarding/Employee_Personal_Details_Objects/Page_OrangeHRM/input_concat(Driver, , s License Number)_ox_6ab805'

27-12-2024T08:01:13 - [MESSAGE][PASSED] - Text 'UUYEWUYFZA' is set on object 'Object Repository/Employee-Onboarding/Employee_Personal_Details_Objects/Page_OrangeHRM/input_concat(Driver, , s License Number)_ox_6ab805'

27-12-2024T08:01:13 - [TEST_STEP][PASSED] - setText(findTestObject("Object Repository/Employee-Onboarding/Employee_Personal_Details_Objects/Page_OrangeHRM/input_License Expiry Date_oxd-input oxd-inp_5d7d79"), License_Expiry_Date): Text '2025-12-12' is set on object 'Object Repository/Employee-Onboarding/Employee_Personal_Details_Objects/Page_OrangeHRM/input_License Expiry Date_oxd-input oxd-inp_5d7d79'

27-12-2024T08:01:14 - [MESSAGE][PASSED] - Text '2025-12-12' is set on object 'Object Repository/Employee-Onboarding/Employee_Personal_Details_Objects/Page_OrangeHRM/input_License Expiry Date_oxd-input oxd-inp_5d7d79'

27-12-2024T08:01:14 - [TEST_STEP][PASSED] - click(findTestObject("Object Repository/Employee-Onboarding/Employee_Personal_Details_Objects/Page_OrangeHRM/div_-- Select --")): Object: 'Object Repository/Employee-Onboarding/Employee_Personal_Details_Objects/Page_OrangeHRM/div_-- Select --' is clicked on

27-12-2024T08:01:14 - [MESSAGE][PASSED] - Object: 'Object Repository/Employee-Onboarding/Employee_Personal_Details_Objects/Page_OrangeHRM/div_-- Select --' is clicked on

27-12-2024T08:01:14 - [TEST_STEP][PASSED] - click(findTestObject("Employee-Onboarding/Employee_Salary_Detail_Objects/Page_OrangeHRM/custom_object_for_dropdown", ["value":Employee_Nationality])): Object: 'Object Repository/Employee-Onboarding/Employee_Salary_Detail_Objects/Page_OrangeHRM/custom_object_for_dropdown' is clicked on

27-12-2024T08:01:14 - [MESSAGE][PASSED] - Object: 'Object Repository/Employee-Onboarding/Employee_Salary_Detail_Objects/Page_OrangeHRM/custom_object_for_dropdown' is clicked on

27-12-2024T08:01:14 - [TEST_STEP][PASSED] - click(findTestObject("Object Repository/Employee-Onboarding/Employee_Personal_Details_Objects/Page_OrangeHRM/div_-- Select --_1")): Object: 'Object Repository/Employee-Onboarding/Employee_Personal_Details_Objects/Page_OrangeHRM/div_-- Select --_1' is clicked on

27-12-2024T08:01:15 - [MESSAGE][PASSED] - Object: 'Object Repository/Employee-Onboarding/Employee_Personal_Details_Objects/Page_OrangeHRM/div_-- Select --_1' is clicked on

27-12-2024T08:01:15 - [TEST_STEP][PASSED] - click(findTestObject("Employee-Onboarding/Employee_Salary_Detail_Objects/Page_OrangeHRM/custom_object_for_dropdown", ["value":Employee_Marital_Status])): Object: 'Object Repository/Employee-Onboarding/Employee_Salary_Detail_Objects/Page_OrangeHRM/custom_object_for_dropdown' is clicked on

27-12-2024T08:01:15 - [MESSAGE][PASSED] - Object: 'Object Repository/Employee-Onboarding/Employee_Salary_Detail_Objects/Page_OrangeHRM/custom_object_for_dropdown' is clicked on

27-12-2024T08:01:15 - [TEST_STEP][PASSED] - setText(findTestObject("Object Repository/Employee-Onboarding/Employee_Personal_Details_Objects/Page_OrangeHRM/input_Date of Birth_oxd-input oxd-input--focus"), Employee_DOB): Text '2001-07-29' is set on object 'Object Repository/Employee-Onboarding/Employee_Personal_Details_Objects/Page_OrangeHRM/input_Date of Birth_oxd-input oxd-input--focus'

27-12-2024T08:01:16 - [MESSAGE][PASSED] - Text '2001-07-29' is set on object 'Object Repository/Employee-Onboarding/Employee_Personal_Details_Objects/Page_OrangeHRM/input_Date of Birth_oxd-input oxd-input--focus'

27-12-2024T08:01:16 - [TEST_STEP][PASSED] - click(findTestObject("Object Repository/Employee-Onboarding/Employee_Personal_Details_Objects/Page_OrangeHRM/span_Male_oxd-radio-input oxd-radio-input--_b0de6e")): Object: 'Object Repository/Employee-Onboarding/Employee_Personal_Details_Objects/Page_OrangeHRM/span_Male_oxd-radio-input oxd-radio-input--_b0de6e' is clicked on

27-12-2024T08:01:16 - [MESSAGE][PASSED] - Object: 'Object Repository/Employee-Onboarding/Employee_Personal_Details_Objects/Page_OrangeHRM/span_Male_oxd-radio-input oxd-radio-input--_b0de6e' is clicked on

27-12-2024T08:01:16 - [TEST_STEP][PASSED] - click(findTestObject("Object Repository/Employee-Onboarding/Employee_Personal_Details_Objects/Page_OrangeHRM/button_Save")): Object: 'Object Repository/Employee-Onboarding/Employee_Personal_Details_Objects/Page_OrangeHRM/button_Save' is clicked on

27-12-2024T08:01:16 - [MESSAGE][PASSED] - Object: 'Object Repository/Employee-Onboarding/Employee_Personal_Details_Objects/Page_OrangeHRM/button_Save' is clicked on]]></system-out>
         <system-err><![CDATA[]]></system-err>
      </testcase>
      <testcase name="Test Cases/Employee_Onboarding/TC_Employee_Person_Details" time="15.208" classname="Test Cases/Employee_Onboarding/TC_Employee_Person_Details" status="PASSED">
         <system-out><![CDATA[27-12-2024T08:01:17 - [TEST_CASE][PASSED] - Test Cases/Employee_Onboarding/TC_Employee_Person_Details: Test Cases/Employee_Onboarding/TC_Employee_Person_Details

27-12-2024T08:01:17 - [TEST_STEP][PASSED] - click(findTestObject("Object Repository/Employee-Onboarding/Employee_Personal_Details_Objects/Page_OrangeHRM/span_PIM")): Object: 'Object Repository/Employee-Onboarding/Employee_Personal_Details_Objects/Page_OrangeHRM/span_PIM' is clicked on

27-12-2024T08:01:18 - [MESSAGE][PASSED] - Object: 'Object Repository/Employee-Onboarding/Employee_Personal_Details_Objects/Page_OrangeHRM/span_PIM' is clicked on

27-12-2024T08:01:18 - [TEST_STEP][PASSED] - setText(findTestObject("Object Repository/Employee-Onboarding/Employee_Personal_Details_Objects/Page_OrangeHRM/input"), Employee_Fullname): Text 'Walter Mason' is set on object 'Object Repository/Employee-Onboarding/Employee_Personal_Details_Objects/Page_OrangeHRM/input'

27-12-2024T08:01:20 - [MESSAGE][PASSED] - Text 'Walter Mason' is set on object 'Object Repository/Employee-Onboarding/Employee_Personal_Details_Objects/Page_OrangeHRM/input'

27-12-2024T08:01:20 - [TEST_STEP][PASSED] - click(findTestObject("Object Repository/Employee-Onboarding/Employee_Personal_Details_Objects/Page_OrangeHRM/button_Search")): Object: 'Object Repository/Employee-Onboarding/Employee_Personal_Details_Objects/Page_OrangeHRM/button_Search' is clicked on

27-12-2024T08:01:21 - [MESSAGE][PASSED] - Object: 'Object Repository/Employee-Onboarding/Employee_Personal_Details_Objects/Page_OrangeHRM/button_Search' is clicked on

27-12-2024T08:01:21 - [TEST_STEP][PASSED] - click(findTestObject("Object Repository/Employee-Onboarding/Employee_Personal_Details_Objects/Page_OrangeHRM/div_0034008")): Object: 'Object Repository/Employee-Onboarding/Employee_Personal_Details_Objects/Page_OrangeHRM/div_0034008' is clicked on

27-12-2024T08:01:23 - [MESSAGE][PASSED] - Object: 'Object Repository/Employee-Onboarding/Employee_Personal_Details_Objects/Page_OrangeHRM/div_0034008' is clicked on

27-12-2024T08:01:23 - [TEST_STEP][PASSED] - click(findTestObject("Object Repository/Employee-Onboarding/Employee_Personal_Details_Objects/Page_OrangeHRM/a_Personal Details")): Object: 'Object Repository/Employee-Onboarding/Employee_Personal_Details_Objects/Page_OrangeHRM/a_Personal Details' is clicked on

27-12-2024T08:01:26 - [MESSAGE][PASSED] - Object: 'Object Repository/Employee-Onboarding/Employee_Personal_Details_Objects/Page_OrangeHRM/a_Personal Details' is clicked on

27-12-2024T08:01:26 - [TEST_STEP][PASSED] - setText(findTestObject("Object Repository/Employee-Onboarding/Employee_Personal_Details_Objects/Page_OrangeHRM/input_concat(Driver, , s License Number)_ox_6ab805"), Driving_License_Number): Text 'GK3YSS303Z' is set on object 'Object Repository/Employee-Onboarding/Employee_Personal_Details_Objects/Page_OrangeHRM/input_concat(Driver, , s License Number)_ox_6ab805'

27-12-2024T08:01:28 - [MESSAGE][PASSED] - Text 'GK3YSS303Z' is set on object 'Object Repository/Employee-Onboarding/Employee_Personal_Details_Objects/Page_OrangeHRM/input_concat(Driver, , s License Number)_ox_6ab805'

27-12-2024T08:01:28 - [TEST_STEP][PASSED] - setText(findTestObject("Object Repository/Employee-Onboarding/Employee_Personal_Details_Objects/Page_OrangeHRM/input_License Expiry Date_oxd-input oxd-inp_5d7d79"), License_Expiry_Date): Text '2025-12-12' is set on object 'Object Repository/Employee-Onboarding/Employee_Personal_Details_Objects/Page_OrangeHRM/input_License Expiry Date_oxd-input oxd-inp_5d7d79'

27-12-2024T08:01:29 - [MESSAGE][PASSED] - Text '2025-12-12' is set on object 'Object Repository/Employee-Onboarding/Employee_Personal_Details_Objects/Page_OrangeHRM/input_License Expiry Date_oxd-input oxd-inp_5d7d79'

27-12-2024T08:01:29 - [TEST_STEP][PASSED] - click(findTestObject("Object Repository/Employee-Onboarding/Employee_Personal_Details_Objects/Page_OrangeHRM/div_-- Select --")): Object: 'Object Repository/Employee-Onboarding/Employee_Personal_Details_Objects/Page_OrangeHRM/div_-- Select --' is clicked on

27-12-2024T08:01:29 - [MESSAGE][PASSED] - Object: 'Object Repository/Employee-Onboarding/Employee_Personal_Details_Objects/Page_OrangeHRM/div_-- Select --' is clicked on

27-12-2024T08:01:29 - [TEST_STEP][PASSED] - click(findTestObject("Employee-Onboarding/Employee_Salary_Detail_Objects/Page_OrangeHRM/custom_object_for_dropdown", ["value":Employee_Nationality])): Object: 'Object Repository/Employee-Onboarding/Employee_Salary_Detail_Objects/Page_OrangeHRM/custom_object_for_dropdown' is clicked on

27-12-2024T08:01:30 - [MESSAGE][PASSED] - Object: 'Object Repository/Employee-Onboarding/Employee_Salary_Detail_Objects/Page_OrangeHRM/custom_object_for_dropdown' is clicked on

27-12-2024T08:01:30 - [TEST_STEP][PASSED] - click(findTestObject("Object Repository/Employee-Onboarding/Employee_Personal_Details_Objects/Page_OrangeHRM/div_-- Select --_1")): Object: 'Object Repository/Employee-Onboarding/Employee_Personal_Details_Objects/Page_OrangeHRM/div_-- Select --_1' is clicked on

27-12-2024T08:01:30 - [MESSAGE][PASSED] - Object: 'Object Repository/Employee-Onboarding/Employee_Personal_Details_Objects/Page_OrangeHRM/div_-- Select --_1' is clicked on

27-12-2024T08:01:30 - [TEST_STEP][PASSED] - click(findTestObject("Employee-Onboarding/Employee_Salary_Detail_Objects/Page_OrangeHRM/custom_object_for_dropdown", ["value":Employee_Marital_Status])): Object: 'Object Repository/Employee-Onboarding/Employee_Salary_Detail_Objects/Page_OrangeHRM/custom_object_for_dropdown' is clicked on

27-12-2024T08:01:31 - [MESSAGE][PASSED] - Object: 'Object Repository/Employee-Onboarding/Employee_Salary_Detail_Objects/Page_OrangeHRM/custom_object_for_dropdown' is clicked on

27-12-2024T08:01:31 - [TEST_STEP][PASSED] - setText(findTestObject("Object Repository/Employee-Onboarding/Employee_Personal_Details_Objects/Page_OrangeHRM/input_Date of Birth_oxd-input oxd-input--focus"), Employee_DOB): Text '1996-04-06' is set on object 'Object Repository/Employee-Onboarding/Employee_Personal_Details_Objects/Page_OrangeHRM/input_Date of Birth_oxd-input oxd-input--focus'

27-12-2024T08:01:31 - [MESSAGE][PASSED] - Text '1996-04-06' is set on object 'Object Repository/Employee-Onboarding/Employee_Personal_Details_Objects/Page_OrangeHRM/input_Date of Birth_oxd-input oxd-input--focus'

27-12-2024T08:01:31 - [TEST_STEP][PASSED] - click(findTestObject("Object Repository/Employee-Onboarding/Employee_Personal_Details_Objects/Page_OrangeHRM/span_Male_oxd-radio-input oxd-radio-input--_b0de6e")): Object: 'Object Repository/Employee-Onboarding/Employee_Personal_Details_Objects/Page_OrangeHRM/span_Male_oxd-radio-input oxd-radio-input--_b0de6e' is clicked on

27-12-2024T08:01:31 - [MESSAGE][PASSED] - Object: 'Object Repository/Employee-Onboarding/Employee_Personal_Details_Objects/Page_OrangeHRM/span_Male_oxd-radio-input oxd-radio-input--_b0de6e' is clicked on

27-12-2024T08:01:31 - [TEST_STEP][PASSED] - click(findTestObject("Object Repository/Employee-Onboarding/Employee_Personal_Details_Objects/Page_OrangeHRM/button_Save")): Object: 'Object Repository/Employee-Onboarding/Employee_Personal_Details_Objects/Page_OrangeHRM/button_Save' is clicked on

27-12-2024T08:01:32 - [MESSAGE][PASSED] - Object: 'Object Repository/Employee-Onboarding/Employee_Personal_Details_Objects/Page_OrangeHRM/button_Save' is clicked on]]></system-out>
         <system-err><![CDATA[]]></system-err>
      </testcase>
      <testcase name="Test Cases/Employee_Onboarding/TC_Employee_Person_Details" time="15.143" classname="Test Cases/Employee_Onboarding/TC_Employee_Person_Details" status="PASSED">
         <system-out><![CDATA[27-12-2024T08:01:32 - [TEST_CASE][PASSED] - Test Cases/Employee_Onboarding/TC_Employee_Person_Details: Test Cases/Employee_Onboarding/TC_Employee_Person_Details

27-12-2024T08:01:32 - [TEST_STEP][PASSED] - click(findTestObject("Object Repository/Employee-Onboarding/Employee_Personal_Details_Objects/Page_OrangeHRM/span_PIM")): Object: 'Object Repository/Employee-Onboarding/Employee_Personal_Details_Objects/Page_OrangeHRM/span_PIM' is clicked on

27-12-2024T08:01:34 - [MESSAGE][PASSED] - Object: 'Object Repository/Employee-Onboarding/Employee_Personal_Details_Objects/Page_OrangeHRM/span_PIM' is clicked on

27-12-2024T08:01:34 - [TEST_STEP][PASSED] - setText(findTestObject("Object Repository/Employee-Onboarding/Employee_Personal_Details_Objects/Page_OrangeHRM/input"), Employee_Fullname): Text 'Sara Burns' is set on object 'Object Repository/Employee-Onboarding/Employee_Personal_Details_Objects/Page_OrangeHRM/input'

27-12-2024T08:01:36 - [MESSAGE][PASSED] - Text 'Sara Burns' is set on object 'Object Repository/Employee-Onboarding/Employee_Personal_Details_Objects/Page_OrangeHRM/input'

27-12-2024T08:01:36 - [TEST_STEP][PASSED] - click(findTestObject("Object Repository/Employee-Onboarding/Employee_Personal_Details_Objects/Page_OrangeHRM/button_Search")): Object: 'Object Repository/Employee-Onboarding/Employee_Personal_Details_Objects/Page_OrangeHRM/button_Search' is clicked on

27-12-2024T08:01:36 - [MESSAGE][PASSED] - Object: 'Object Repository/Employee-Onboarding/Employee_Personal_Details_Objects/Page_OrangeHRM/button_Search' is clicked on

27-12-2024T08:01:36 - [TEST_STEP][PASSED] - click(findTestObject("Object Repository/Employee-Onboarding/Employee_Personal_Details_Objects/Page_OrangeHRM/div_0034008")): Object: 'Object Repository/Employee-Onboarding/Employee_Personal_Details_Objects/Page_OrangeHRM/div_0034008' is clicked on

27-12-2024T08:01:38 - [MESSAGE][PASSED] - Object: 'Object Repository/Employee-Onboarding/Employee_Personal_Details_Objects/Page_OrangeHRM/div_0034008' is clicked on

27-12-2024T08:01:38 - [TEST_STEP][PASSED] - click(findTestObject("Object Repository/Employee-Onboarding/Employee_Personal_Details_Objects/Page_OrangeHRM/a_Personal Details")): Object: 'Object Repository/Employee-Onboarding/Employee_Personal_Details_Objects/Page_OrangeHRM/a_Personal Details' is clicked on

27-12-2024T08:01:41 - [MESSAGE][PASSED] - Object: 'Object Repository/Employee-Onboarding/Employee_Personal_Details_Objects/Page_OrangeHRM/a_Personal Details' is clicked on

27-12-2024T08:01:41 - [TEST_STEP][PASSED] - setText(findTestObject("Object Repository/Employee-Onboarding/Employee_Personal_Details_Objects/Page_OrangeHRM/input_concat(Driver, , s License Number)_ox_6ab805"), Driving_License_Number): Text 'YGRCKLQWRK' is set on object 'Object Repository/Employee-Onboarding/Employee_Personal_Details_Objects/Page_OrangeHRM/input_concat(Driver, , s License Number)_ox_6ab805'

27-12-2024T08:01:44 - [MESSAGE][PASSED] - Text 'YGRCKLQWRK' is set on object 'Object Repository/Employee-Onboarding/Employee_Personal_Details_Objects/Page_OrangeHRM/input_concat(Driver, , s License Number)_ox_6ab805'

27-12-2024T08:01:44 - [TEST_STEP][PASSED] - setText(findTestObject("Object Repository/Employee-Onboarding/Employee_Personal_Details_Objects/Page_OrangeHRM/input_License Expiry Date_oxd-input oxd-inp_5d7d79"), License_Expiry_Date): Text '2025-12-12' is set on object 'Object Repository/Employee-Onboarding/Employee_Personal_Details_Objects/Page_OrangeHRM/input_License Expiry Date_oxd-input oxd-inp_5d7d79'

27-12-2024T08:01:44 - [MESSAGE][PASSED] - Text '2025-12-12' is set on object 'Object Repository/Employee-Onboarding/Employee_Personal_Details_Objects/Page_OrangeHRM/input_License Expiry Date_oxd-input oxd-inp_5d7d79'

27-12-2024T08:01:44 - [TEST_STEP][PASSED] - click(findTestObject("Object Repository/Employee-Onboarding/Employee_Personal_Details_Objects/Page_OrangeHRM/div_-- Select --")): Object: 'Object Repository/Employee-Onboarding/Employee_Personal_Details_Objects/Page_OrangeHRM/div_-- Select --' is clicked on

27-12-2024T08:01:44 - [MESSAGE][PASSED] - Object: 'Object Repository/Employee-Onboarding/Employee_Personal_Details_Objects/Page_OrangeHRM/div_-- Select --' is clicked on

27-12-2024T08:01:44 - [TEST_STEP][PASSED] - click(findTestObject("Employee-Onboarding/Employee_Salary_Detail_Objects/Page_OrangeHRM/custom_object_for_dropdown", ["value":Employee_Nationality])): Object: 'Object Repository/Employee-Onboarding/Employee_Salary_Detail_Objects/Page_OrangeHRM/custom_object_for_dropdown' is clicked on

27-12-2024T08:01:45 - [MESSAGE][PASSED] - Object: 'Object Repository/Employee-Onboarding/Employee_Salary_Detail_Objects/Page_OrangeHRM/custom_object_for_dropdown' is clicked on

27-12-2024T08:01:45 - [TEST_STEP][PASSED] - click(findTestObject("Object Repository/Employee-Onboarding/Employee_Personal_Details_Objects/Page_OrangeHRM/div_-- Select --_1")): Object: 'Object Repository/Employee-Onboarding/Employee_Personal_Details_Objects/Page_OrangeHRM/div_-- Select --_1' is clicked on

27-12-2024T08:01:45 - [MESSAGE][PASSED] - Object: 'Object Repository/Employee-Onboarding/Employee_Personal_Details_Objects/Page_OrangeHRM/div_-- Select --_1' is clicked on

27-12-2024T08:01:45 - [TEST_STEP][PASSED] - click(findTestObject("Employee-Onboarding/Employee_Salary_Detail_Objects/Page_OrangeHRM/custom_object_for_dropdown", ["value":Employee_Marital_Status])): Object: 'Object Repository/Employee-Onboarding/Employee_Salary_Detail_Objects/Page_OrangeHRM/custom_object_for_dropdown' is clicked on

27-12-2024T08:01:46 - [MESSAGE][PASSED] - Object: 'Object Repository/Employee-Onboarding/Employee_Salary_Detail_Objects/Page_OrangeHRM/custom_object_for_dropdown' is clicked on

27-12-2024T08:01:46 - [TEST_STEP][PASSED] - setText(findTestObject("Object Repository/Employee-Onboarding/Employee_Personal_Details_Objects/Page_OrangeHRM/input_Date of Birth_oxd-input oxd-input--focus"), Employee_DOB): Text '1970-12-16' is set on object 'Object Repository/Employee-Onboarding/Employee_Personal_Details_Objects/Page_OrangeHRM/input_Date of Birth_oxd-input oxd-input--focus'

27-12-2024T08:01:46 - [MESSAGE][PASSED] - Text '1970-12-16' is set on object 'Object Repository/Employee-Onboarding/Employee_Personal_Details_Objects/Page_OrangeHRM/input_Date of Birth_oxd-input oxd-input--focus'

27-12-2024T08:01:46 - [TEST_STEP][PASSED] - click(findTestObject("Object Repository/Employee-Onboarding/Employee_Personal_Details_Objects/Page_OrangeHRM/span_Male_oxd-radio-input oxd-radio-input--_b0de6e")): Object: 'Object Repository/Employee-Onboarding/Employee_Personal_Details_Objects/Page_OrangeHRM/span_Male_oxd-radio-input oxd-radio-input--_b0de6e' is clicked on

27-12-2024T08:01:47 - [MESSAGE][PASSED] - Object: 'Object Repository/Employee-Onboarding/Employee_Personal_Details_Objects/Page_OrangeHRM/span_Male_oxd-radio-input oxd-radio-input--_b0de6e' is clicked on

27-12-2024T08:01:47 - [TEST_STEP][PASSED] - click(findTestObject("Object Repository/Employee-Onboarding/Employee_Personal_Details_Objects/Page_OrangeHRM/button_Save")): Object: 'Object Repository/Employee-Onboarding/Employee_Personal_Details_Objects/Page_OrangeHRM/button_Save' is clicked on

27-12-2024T08:01:47 - [MESSAGE][PASSED] - Object: 'Object Repository/Employee-Onboarding/Employee_Personal_Details_Objects/Page_OrangeHRM/button_Save' is clicked on]]></system-out>
         <system-err><![CDATA[]]></system-err>
      </testcase>
      <testcase name="Test Cases/Employee_Onboarding/TC_Employee_Person_Details" time="14.937" classname="Test Cases/Employee_Onboarding/TC_Employee_Person_Details" status="PASSED">
         <system-out><![CDATA[27-12-2024T08:01:47 - [TEST_CASE][PASSED] - Test Cases/Employee_Onboarding/TC_Employee_Person_Details: Test Cases/Employee_Onboarding/TC_Employee_Person_Details

27-12-2024T08:01:47 - [TEST_STEP][PASSED] - click(findTestObject("Object Repository/Employee-Onboarding/Employee_Personal_Details_Objects/Page_OrangeHRM/span_PIM")): Object: 'Object Repository/Employee-Onboarding/Employee_Personal_Details_Objects/Page_OrangeHRM/span_PIM' is clicked on

27-12-2024T08:01:49 - [MESSAGE][PASSED] - Object: 'Object Repository/Employee-Onboarding/Employee_Personal_Details_Objects/Page_OrangeHRM/span_PIM' is clicked on

27-12-2024T08:01:49 - [TEST_STEP][PASSED] - setText(findTestObject("Object Repository/Employee-Onboarding/Employee_Personal_Details_Objects/Page_OrangeHRM/input"), Employee_Fullname): Text 'Angela Baker' is set on object 'Object Repository/Employee-Onboarding/Employee_Personal_Details_Objects/Page_OrangeHRM/input'

27-12-2024T08:01:51 - [MESSAGE][PASSED] - Text 'Angela Baker' is set on object 'Object Repository/Employee-Onboarding/Employee_Personal_Details_Objects/Page_OrangeHRM/input'

27-12-2024T08:01:51 - [TEST_STEP][PASSED] - click(findTestObject("Object Repository/Employee-Onboarding/Employee_Personal_Details_Objects/Page_OrangeHRM/button_Search")): Object: 'Object Repository/Employee-Onboarding/Employee_Personal_Details_Objects/Page_OrangeHRM/button_Search' is clicked on

27-12-2024T08:01:51 - [MESSAGE][PASSED] - Object: 'Object Repository/Employee-Onboarding/Employee_Personal_Details_Objects/Page_OrangeHRM/button_Search' is clicked on

27-12-2024T08:01:51 - [TEST_STEP][PASSED] - click(findTestObject("Object Repository/Employee-Onboarding/Employee_Personal_Details_Objects/Page_OrangeHRM/div_0034008")): Object: 'Object Repository/Employee-Onboarding/Employee_Personal_Details_Objects/Page_OrangeHRM/div_0034008' is clicked on

27-12-2024T08:01:53 - [MESSAGE][PASSED] - Object: 'Object Repository/Employee-Onboarding/Employee_Personal_Details_Objects/Page_OrangeHRM/div_0034008' is clicked on

27-12-2024T08:01:53 - [TEST_STEP][PASSED] - click(findTestObject("Object Repository/Employee-Onboarding/Employee_Personal_Details_Objects/Page_OrangeHRM/a_Personal Details")): Object: 'Object Repository/Employee-Onboarding/Employee_Personal_Details_Objects/Page_OrangeHRM/a_Personal Details' is clicked on

27-12-2024T08:01:56 - [MESSAGE][PASSED] - Object: 'Object Repository/Employee-Onboarding/Employee_Personal_Details_Objects/Page_OrangeHRM/a_Personal Details' is clicked on

27-12-2024T08:01:56 - [TEST_STEP][PASSED] - setText(findTestObject("Object Repository/Employee-Onboarding/Employee_Personal_Details_Objects/Page_OrangeHRM/input_concat(Driver, , s License Number)_ox_6ab805"), Driving_License_Number): Text 'YNXNSVPQQI' is set on object 'Object Repository/Employee-Onboarding/Employee_Personal_Details_Objects/Page_OrangeHRM/input_concat(Driver, , s License Number)_ox_6ab805'

27-12-2024T08:01:58 - [MESSAGE][PASSED] - Text 'YNXNSVPQQI' is set on object 'Object Repository/Employee-Onboarding/Employee_Personal_Details_Objects/Page_OrangeHRM/input_concat(Driver, , s License Number)_ox_6ab805'

27-12-2024T08:01:58 - [TEST_STEP][PASSED] - setText(findTestObject("Object Repository/Employee-Onboarding/Employee_Personal_Details_Objects/Page_OrangeHRM/input_License Expiry Date_oxd-input oxd-inp_5d7d79"), License_Expiry_Date): Text '2025-12-12' is set on object 'Object Repository/Employee-Onboarding/Employee_Personal_Details_Objects/Page_OrangeHRM/input_License Expiry Date_oxd-input oxd-inp_5d7d79'

27-12-2024T08:01:59 - [MESSAGE][PASSED] - Text '2025-12-12' is set on object 'Object Repository/Employee-Onboarding/Employee_Personal_Details_Objects/Page_OrangeHRM/input_License Expiry Date_oxd-input oxd-inp_5d7d79'

27-12-2024T08:01:59 - [TEST_STEP][PASSED] - click(findTestObject("Object Repository/Employee-Onboarding/Employee_Personal_Details_Objects/Page_OrangeHRM/div_-- Select --")): Object: 'Object Repository/Employee-Onboarding/Employee_Personal_Details_Objects/Page_OrangeHRM/div_-- Select --' is clicked on

27-12-2024T08:01:59 - [MESSAGE][PASSED] - Object: 'Object Repository/Employee-Onboarding/Employee_Personal_Details_Objects/Page_OrangeHRM/div_-- Select --' is clicked on

27-12-2024T08:01:59 - [TEST_STEP][PASSED] - click(findTestObject("Employee-Onboarding/Employee_Salary_Detail_Objects/Page_OrangeHRM/custom_object_for_dropdown", ["value":Employee_Nationality])): Object: 'Object Repository/Employee-Onboarding/Employee_Salary_Detail_Objects/Page_OrangeHRM/custom_object_for_dropdown' is clicked on

27-12-2024T08:02:00 - [MESSAGE][PASSED] - Object: 'Object Repository/Employee-Onboarding/Employee_Salary_Detail_Objects/Page_OrangeHRM/custom_object_for_dropdown' is clicked on

27-12-2024T08:02:00 - [TEST_STEP][PASSED] - click(findTestObject("Object Repository/Employee-Onboarding/Employee_Personal_Details_Objects/Page_OrangeHRM/div_-- Select --_1")): Object: 'Object Repository/Employee-Onboarding/Employee_Personal_Details_Objects/Page_OrangeHRM/div_-- Select --_1' is clicked on

27-12-2024T08:02:00 - [MESSAGE][PASSED] - Object: 'Object Repository/Employee-Onboarding/Employee_Personal_Details_Objects/Page_OrangeHRM/div_-- Select --_1' is clicked on

27-12-2024T08:02:00 - [TEST_STEP][PASSED] - click(findTestObject("Employee-Onboarding/Employee_Salary_Detail_Objects/Page_OrangeHRM/custom_object_for_dropdown", ["value":Employee_Marital_Status])): Object: 'Object Repository/Employee-Onboarding/Employee_Salary_Detail_Objects/Page_OrangeHRM/custom_object_for_dropdown' is clicked on

27-12-2024T08:02:01 - [MESSAGE][PASSED] - Object: 'Object Repository/Employee-Onboarding/Employee_Salary_Detail_Objects/Page_OrangeHRM/custom_object_for_dropdown' is clicked on

27-12-2024T08:02:01 - [TEST_STEP][PASSED] - setText(findTestObject("Object Repository/Employee-Onboarding/Employee_Personal_Details_Objects/Page_OrangeHRM/input_Date of Birth_oxd-input oxd-input--focus"), Employee_DOB): Text '1980-12-26' is set on object 'Object Repository/Employee-Onboarding/Employee_Personal_Details_Objects/Page_OrangeHRM/input_Date of Birth_oxd-input oxd-input--focus'

27-12-2024T08:02:01 - [MESSAGE][PASSED] - Text '1980-12-26' is set on object 'Object Repository/Employee-Onboarding/Employee_Personal_Details_Objects/Page_OrangeHRM/input_Date of Birth_oxd-input oxd-input--focus'

27-12-2024T08:02:01 - [TEST_STEP][PASSED] - click(findTestObject("Object Repository/Employee-Onboarding/Employee_Personal_Details_Objects/Page_OrangeHRM/span_Male_oxd-radio-input oxd-radio-input--_b0de6e")): Object: 'Object Repository/Employee-Onboarding/Employee_Personal_Details_Objects/Page_OrangeHRM/span_Male_oxd-radio-input oxd-radio-input--_b0de6e' is clicked on

27-12-2024T08:02:02 - [MESSAGE][PASSED] - Object: 'Object Repository/Employee-Onboarding/Employee_Personal_Details_Objects/Page_OrangeHRM/span_Male_oxd-radio-input oxd-radio-input--_b0de6e' is clicked on

27-12-2024T08:02:02 - [TEST_STEP][PASSED] - click(findTestObject("Object Repository/Employee-Onboarding/Employee_Personal_Details_Objects/Page_OrangeHRM/button_Save")): Object: 'Object Repository/Employee-Onboarding/Employee_Personal_Details_Objects/Page_OrangeHRM/button_Save' is clicked on

27-12-2024T08:02:02 - [MESSAGE][PASSED] - Object: 'Object Repository/Employee-Onboarding/Employee_Personal_Details_Objects/Page_OrangeHRM/button_Save' is clicked on]]></system-out>
         <system-err><![CDATA[]]></system-err>
      </testcase>
      <testcase name="Test Cases/Employee_Onboarding/TC_Employee_Person_Details" time="15.219" classname="Test Cases/Employee_Onboarding/TC_Employee_Person_Details" status="PASSED">
         <system-out><![CDATA[27-12-2024T08:02:02 - [TEST_CASE][PASSED] - Test Cases/Employee_Onboarding/TC_Employee_Person_Details: Test Cases/Employee_Onboarding/TC_Employee_Person_Details

27-12-2024T08:02:02 - [TEST_STEP][PASSED] - click(findTestObject("Object Repository/Employee-Onboarding/Employee_Personal_Details_Objects/Page_OrangeHRM/span_PIM")): Object: 'Object Repository/Employee-Onboarding/Employee_Personal_Details_Objects/Page_OrangeHRM/span_PIM' is clicked on

27-12-2024T08:02:04 - [MESSAGE][PASSED] - Object: 'Object Repository/Employee-Onboarding/Employee_Personal_Details_Objects/Page_OrangeHRM/span_PIM' is clicked on

27-12-2024T08:02:04 - [TEST_STEP][PASSED] - setText(findTestObject("Object Repository/Employee-Onboarding/Employee_Personal_Details_Objects/Page_OrangeHRM/input"), Employee_Fullname): Text 'Connie Jones' is set on object 'Object Repository/Employee-Onboarding/Employee_Personal_Details_Objects/Page_OrangeHRM/input'

27-12-2024T08:02:06 - [MESSAGE][PASSED] - Text 'Connie Jones' is set on object 'Object Repository/Employee-Onboarding/Employee_Personal_Details_Objects/Page_OrangeHRM/input'

27-12-2024T08:02:06 - [TEST_STEP][PASSED] - click(findTestObject("Object Repository/Employee-Onboarding/Employee_Personal_Details_Objects/Page_OrangeHRM/button_Search")): Object: 'Object Repository/Employee-Onboarding/Employee_Personal_Details_Objects/Page_OrangeHRM/button_Search' is clicked on

27-12-2024T08:02:06 - [MESSAGE][PASSED] - Object: 'Object Repository/Employee-Onboarding/Employee_Personal_Details_Objects/Page_OrangeHRM/button_Search' is clicked on

27-12-2024T08:02:06 - [TEST_STEP][PASSED] - click(findTestObject("Object Repository/Employee-Onboarding/Employee_Personal_Details_Objects/Page_OrangeHRM/div_0034008")): Object: 'Object Repository/Employee-Onboarding/Employee_Personal_Details_Objects/Page_OrangeHRM/div_0034008' is clicked on

27-12-2024T08:02:08 - [MESSAGE][PASSED] - Object: 'Object Repository/Employee-Onboarding/Employee_Personal_Details_Objects/Page_OrangeHRM/div_0034008' is clicked on

27-12-2024T08:02:08 - [TEST_STEP][PASSED] - click(findTestObject("Object Repository/Employee-Onboarding/Employee_Personal_Details_Objects/Page_OrangeHRM/a_Personal Details")): Object: 'Object Repository/Employee-Onboarding/Employee_Personal_Details_Objects/Page_OrangeHRM/a_Personal Details' is clicked on

27-12-2024T08:02:11 - [MESSAGE][PASSED] - Object: 'Object Repository/Employee-Onboarding/Employee_Personal_Details_Objects/Page_OrangeHRM/a_Personal Details' is clicked on

27-12-2024T08:02:11 - [TEST_STEP][PASSED] - setText(findTestObject("Object Repository/Employee-Onboarding/Employee_Personal_Details_Objects/Page_OrangeHRM/input_concat(Driver, , s License Number)_ox_6ab805"), Driving_License_Number): Text '8A832WC65H' is set on object 'Object Repository/Employee-Onboarding/Employee_Personal_Details_Objects/Page_OrangeHRM/input_concat(Driver, , s License Number)_ox_6ab805'

27-12-2024T08:02:13 - [MESSAGE][PASSED] - Text '8A832WC65H' is set on object 'Object Repository/Employee-Onboarding/Employee_Personal_Details_Objects/Page_OrangeHRM/input_concat(Driver, , s License Number)_ox_6ab805'

27-12-2024T08:02:13 - [TEST_STEP][PASSED] - setText(findTestObject("Object Repository/Employee-Onboarding/Employee_Personal_Details_Objects/Page_OrangeHRM/input_License Expiry Date_oxd-input oxd-inp_5d7d79"), License_Expiry_Date): Text '2025-12-12' is set on object 'Object Repository/Employee-Onboarding/Employee_Personal_Details_Objects/Page_OrangeHRM/input_License Expiry Date_oxd-input oxd-inp_5d7d79'

27-12-2024T08:02:14 - [MESSAGE][PASSED] - Text '2025-12-12' is set on object 'Object Repository/Employee-Onboarding/Employee_Personal_Details_Objects/Page_OrangeHRM/input_License Expiry Date_oxd-input oxd-inp_5d7d79'

27-12-2024T08:02:14 - [TEST_STEP][PASSED] - click(findTestObject("Object Repository/Employee-Onboarding/Employee_Personal_Details_Objects/Page_OrangeHRM/div_-- Select --")): Object: 'Object Repository/Employee-Onboarding/Employee_Personal_Details_Objects/Page_OrangeHRM/div_-- Select --' is clicked on

27-12-2024T08:02:14 - [MESSAGE][PASSED] - Object: 'Object Repository/Employee-Onboarding/Employee_Personal_Details_Objects/Page_OrangeHRM/div_-- Select --' is clicked on

27-12-2024T08:02:14 - [TEST_STEP][PASSED] - click(findTestObject("Employee-Onboarding/Employee_Salary_Detail_Objects/Page_OrangeHRM/custom_object_for_dropdown", ["value":Employee_Nationality])): Object: 'Object Repository/Employee-Onboarding/Employee_Salary_Detail_Objects/Page_OrangeHRM/custom_object_for_dropdown' is clicked on

27-12-2024T08:02:15 - [MESSAGE][PASSED] - Object: 'Object Repository/Employee-Onboarding/Employee_Salary_Detail_Objects/Page_OrangeHRM/custom_object_for_dropdown' is clicked on

27-12-2024T08:02:15 - [TEST_STEP][PASSED] - click(findTestObject("Object Repository/Employee-Onboarding/Employee_Personal_Details_Objects/Page_OrangeHRM/div_-- Select --_1")): Object: 'Object Repository/Employee-Onboarding/Employee_Personal_Details_Objects/Page_OrangeHRM/div_-- Select --_1' is clicked on

27-12-2024T08:02:15 - [MESSAGE][PASSED] - Object: 'Object Repository/Employee-Onboarding/Employee_Personal_Details_Objects/Page_OrangeHRM/div_-- Select --_1' is clicked on

27-12-2024T08:02:15 - [TEST_STEP][PASSED] - click(findTestObject("Employee-Onboarding/Employee_Salary_Detail_Objects/Page_OrangeHRM/custom_object_for_dropdown", ["value":Employee_Marital_Status])): Object: 'Object Repository/Employee-Onboarding/Employee_Salary_Detail_Objects/Page_OrangeHRM/custom_object_for_dropdown' is clicked on

27-12-2024T08:02:16 - [MESSAGE][PASSED] - Object: 'Object Repository/Employee-Onboarding/Employee_Salary_Detail_Objects/Page_OrangeHRM/custom_object_for_dropdown' is clicked on

27-12-2024T08:02:16 - [TEST_STEP][PASSED] - setText(findTestObject("Object Repository/Employee-Onboarding/Employee_Personal_Details_Objects/Page_OrangeHRM/input_Date of Birth_oxd-input oxd-input--focus"), Employee_DOB): Text '1967-06-08' is set on object 'Object Repository/Employee-Onboarding/Employee_Personal_Details_Objects/Page_OrangeHRM/input_Date of Birth_oxd-input oxd-input--focus'

27-12-2024T08:02:16 - [MESSAGE][PASSED] - Text '1967-06-08' is set on object 'Object Repository/Employee-Onboarding/Employee_Personal_Details_Objects/Page_OrangeHRM/input_Date of Birth_oxd-input oxd-input--focus'

27-12-2024T08:02:16 - [TEST_STEP][PASSED] - click(findTestObject("Object Repository/Employee-Onboarding/Employee_Personal_Details_Objects/Page_OrangeHRM/span_Male_oxd-radio-input oxd-radio-input--_b0de6e")): Object: 'Object Repository/Employee-Onboarding/Employee_Personal_Details_Objects/Page_OrangeHRM/span_Male_oxd-radio-input oxd-radio-input--_b0de6e' is clicked on

27-12-2024T08:02:17 - [MESSAGE][PASSED] - Object: 'Object Repository/Employee-Onboarding/Employee_Personal_Details_Objects/Page_OrangeHRM/span_Male_oxd-radio-input oxd-radio-input--_b0de6e' is clicked on

27-12-2024T08:02:17 - [TEST_STEP][PASSED] - click(findTestObject("Object Repository/Employee-Onboarding/Employee_Personal_Details_Objects/Page_OrangeHRM/button_Save")): Object: 'Object Repository/Employee-Onboarding/Employee_Personal_Details_Objects/Page_OrangeHRM/button_Save' is clicked on

27-12-2024T08:02:17 - [MESSAGE][PASSED] - Object: 'Object Repository/Employee-Onboarding/Employee_Personal_Details_Objects/Page_OrangeHRM/button_Save' is clicked on]]></system-out>
         <system-err><![CDATA[]]></system-err>
      </testcase>
      <testcase name="Test Cases/Employee_Onboarding/TC_Employee_Person_Details" time="14.384" classname="Test Cases/Employee_Onboarding/TC_Employee_Person_Details" status="PASSED">
         <system-out><![CDATA[27-12-2024T08:02:17 - [TEST_CASE][PASSED] - Test Cases/Employee_Onboarding/TC_Employee_Person_Details: Test Cases/Employee_Onboarding/TC_Employee_Person_Details

27-12-2024T08:02:17 - [TEST_STEP][PASSED] - click(findTestObject("Object Repository/Employee-Onboarding/Employee_Personal_Details_Objects/Page_OrangeHRM/span_PIM")): Object: 'Object Repository/Employee-Onboarding/Employee_Personal_Details_Objects/Page_OrangeHRM/span_PIM' is clicked on

27-12-2024T08:02:18 - [MESSAGE][PASSED] - Object: 'Object Repository/Employee-Onboarding/Employee_Personal_Details_Objects/Page_OrangeHRM/span_PIM' is clicked on

27-12-2024T08:02:18 - [TEST_STEP][PASSED] - setText(findTestObject("Object Repository/Employee-Onboarding/Employee_Personal_Details_Objects/Page_OrangeHRM/input"), Employee_Fullname): Text 'Jimmy Wilson' is set on object 'Object Repository/Employee-Onboarding/Employee_Personal_Details_Objects/Page_OrangeHRM/input'

27-12-2024T08:02:20 - [MESSAGE][PASSED] - Text 'Jimmy Wilson' is set on object 'Object Repository/Employee-Onboarding/Employee_Personal_Details_Objects/Page_OrangeHRM/input'

27-12-2024T08:02:20 - [TEST_STEP][PASSED] - click(findTestObject("Object Repository/Employee-Onboarding/Employee_Personal_Details_Objects/Page_OrangeHRM/button_Search")): Object: 'Object Repository/Employee-Onboarding/Employee_Personal_Details_Objects/Page_OrangeHRM/button_Search' is clicked on

27-12-2024T08:02:21 - [MESSAGE][PASSED] - Object: 'Object Repository/Employee-Onboarding/Employee_Personal_Details_Objects/Page_OrangeHRM/button_Search' is clicked on

27-12-2024T08:02:21 - [TEST_STEP][PASSED] - click(findTestObject("Object Repository/Employee-Onboarding/Employee_Personal_Details_Objects/Page_OrangeHRM/div_0034008")): Object: 'Object Repository/Employee-Onboarding/Employee_Personal_Details_Objects/Page_OrangeHRM/div_0034008' is clicked on

27-12-2024T08:02:22 - [MESSAGE][PASSED] - Object: 'Object Repository/Employee-Onboarding/Employee_Personal_Details_Objects/Page_OrangeHRM/div_0034008' is clicked on

27-12-2024T08:02:22 - [TEST_STEP][PASSED] - click(findTestObject("Object Repository/Employee-Onboarding/Employee_Personal_Details_Objects/Page_OrangeHRM/a_Personal Details")): Object: 'Object Repository/Employee-Onboarding/Employee_Personal_Details_Objects/Page_OrangeHRM/a_Personal Details' is clicked on

27-12-2024T08:02:25 - [MESSAGE][PASSED] - Object: 'Object Repository/Employee-Onboarding/Employee_Personal_Details_Objects/Page_OrangeHRM/a_Personal Details' is clicked on

27-12-2024T08:02:25 - [TEST_STEP][PASSED] - setText(findTestObject("Object Repository/Employee-Onboarding/Employee_Personal_Details_Objects/Page_OrangeHRM/input_concat(Driver, , s License Number)_ox_6ab805"), Driving_License_Number): Text 'G0KACLIV37' is set on object 'Object Repository/Employee-Onboarding/Employee_Personal_Details_Objects/Page_OrangeHRM/input_concat(Driver, , s License Number)_ox_6ab805'

27-12-2024T08:02:28 - [MESSAGE][PASSED] - Text 'G0KACLIV37' is set on object 'Object Repository/Employee-Onboarding/Employee_Personal_Details_Objects/Page_OrangeHRM/input_concat(Driver, , s License Number)_ox_6ab805'

27-12-2024T08:02:28 - [TEST_STEP][PASSED] - setText(findTestObject("Object Repository/Employee-Onboarding/Employee_Personal_Details_Objects/Page_OrangeHRM/input_License Expiry Date_oxd-input oxd-inp_5d7d79"), License_Expiry_Date): Text '2025-12-12' is set on object 'Object Repository/Employee-Onboarding/Employee_Personal_Details_Objects/Page_OrangeHRM/input_License Expiry Date_oxd-input oxd-inp_5d7d79'

27-12-2024T08:02:29 - [MESSAGE][PASSED] - Text '2025-12-12' is set on object 'Object Repository/Employee-Onboarding/Employee_Personal_Details_Objects/Page_OrangeHRM/input_License Expiry Date_oxd-input oxd-inp_5d7d79'

27-12-2024T08:02:29 - [TEST_STEP][PASSED] - click(findTestObject("Object Repository/Employee-Onboarding/Employee_Personal_Details_Objects/Page_OrangeHRM/div_-- Select --")): Object: 'Object Repository/Employee-Onboarding/Employee_Personal_Details_Objects/Page_OrangeHRM/div_-- Select --' is clicked on

27-12-2024T08:02:29 - [MESSAGE][PASSED] - Object: 'Object Repository/Employee-Onboarding/Employee_Personal_Details_Objects/Page_OrangeHRM/div_-- Select --' is clicked on

27-12-2024T08:02:29 - [TEST_STEP][PASSED] - click(findTestObject("Employee-Onboarding/Employee_Salary_Detail_Objects/Page_OrangeHRM/custom_object_for_dropdown", ["value":Employee_Nationality])): Object: 'Object Repository/Employee-Onboarding/Employee_Salary_Detail_Objects/Page_OrangeHRM/custom_object_for_dropdown' is clicked on

27-12-2024T08:02:29 - [MESSAGE][PASSED] - Object: 'Object Repository/Employee-Onboarding/Employee_Salary_Detail_Objects/Page_OrangeHRM/custom_object_for_dropdown' is clicked on

27-12-2024T08:02:29 - [TEST_STEP][PASSED] - click(findTestObject("Object Repository/Employee-Onboarding/Employee_Personal_Details_Objects/Page_OrangeHRM/div_-- Select --_1")): Object: 'Object Repository/Employee-Onboarding/Employee_Personal_Details_Objects/Page_OrangeHRM/div_-- Select --_1' is clicked on

27-12-2024T08:02:30 - [MESSAGE][PASSED] - Object: 'Object Repository/Employee-Onboarding/Employee_Personal_Details_Objects/Page_OrangeHRM/div_-- Select --_1' is clicked on

27-12-2024T08:02:30 - [TEST_STEP][PASSED] - click(findTestObject("Employee-Onboarding/Employee_Salary_Detail_Objects/Page_OrangeHRM/custom_object_for_dropdown", ["value":Employee_Marital_Status])): Object: 'Object Repository/Employee-Onboarding/Employee_Salary_Detail_Objects/Page_OrangeHRM/custom_object_for_dropdown' is clicked on

27-12-2024T08:02:30 - [MESSAGE][PASSED] - Object: 'Object Repository/Employee-Onboarding/Employee_Salary_Detail_Objects/Page_OrangeHRM/custom_object_for_dropdown' is clicked on

27-12-2024T08:02:30 - [TEST_STEP][PASSED] - setText(findTestObject("Object Repository/Employee-Onboarding/Employee_Personal_Details_Objects/Page_OrangeHRM/input_Date of Birth_oxd-input oxd-input--focus"), Employee_DOB): Text '1968-12-10' is set on object 'Object Repository/Employee-Onboarding/Employee_Personal_Details_Objects/Page_OrangeHRM/input_Date of Birth_oxd-input oxd-input--focus'

27-12-2024T08:02:31 - [MESSAGE][PASSED] - Text '1968-12-10' is set on object 'Object Repository/Employee-Onboarding/Employee_Personal_Details_Objects/Page_OrangeHRM/input_Date of Birth_oxd-input oxd-input--focus'

27-12-2024T08:02:31 - [TEST_STEP][PASSED] - click(findTestObject("Object Repository/Employee-Onboarding/Employee_Personal_Details_Objects/Page_OrangeHRM/span_Male_oxd-radio-input oxd-radio-input--_b0de6e")): Object: 'Object Repository/Employee-Onboarding/Employee_Personal_Details_Objects/Page_OrangeHRM/span_Male_oxd-radio-input oxd-radio-input--_b0de6e' is clicked on

27-12-2024T08:02:31 - [MESSAGE][PASSED] - Object: 'Object Repository/Employee-Onboarding/Employee_Personal_Details_Objects/Page_OrangeHRM/span_Male_oxd-radio-input oxd-radio-input--_b0de6e' is clicked on

27-12-2024T08:02:31 - [TEST_STEP][PASSED] - click(findTestObject("Object Repository/Employee-Onboarding/Employee_Personal_Details_Objects/Page_OrangeHRM/button_Save")): Object: 'Object Repository/Employee-Onboarding/Employee_Personal_Details_Objects/Page_OrangeHRM/button_Save' is clicked on

27-12-2024T08:02:31 - [MESSAGE][PASSED] - Object: 'Object Repository/Employee-Onboarding/Employee_Personal_Details_Objects/Page_OrangeHRM/button_Save' is clicked on]]></system-out>
         <system-err><![CDATA[]]></system-err>
      </testcase>
      <testcase name="Test Cases/Employee_Onboarding/TC_Employee_Person_Details" time="14.933" classname="Test Cases/Employee_Onboarding/TC_Employee_Person_Details" status="PASSED">
         <system-out><![CDATA[27-12-2024T08:02:31 - [TEST_CASE][PASSED] - Test Cases/Employee_Onboarding/TC_Employee_Person_Details: Test Cases/Employee_Onboarding/TC_Employee_Person_Details

27-12-2024T08:02:31 - [TEST_STEP][PASSED] - click(findTestObject("Object Repository/Employee-Onboarding/Employee_Personal_Details_Objects/Page_OrangeHRM/span_PIM")): Object: 'Object Repository/Employee-Onboarding/Employee_Personal_Details_Objects/Page_OrangeHRM/span_PIM' is clicked on

27-12-2024T08:02:33 - [MESSAGE][PASSED] - Object: 'Object Repository/Employee-Onboarding/Employee_Personal_Details_Objects/Page_OrangeHRM/span_PIM' is clicked on

27-12-2024T08:02:33 - [TEST_STEP][PASSED] - setText(findTestObject("Object Repository/Employee-Onboarding/Employee_Personal_Details_Objects/Page_OrangeHRM/input"), Employee_Fullname): Text 'Susan Anderson' is set on object 'Object Repository/Employee-Onboarding/Employee_Personal_Details_Objects/Page_OrangeHRM/input'

27-12-2024T08:02:35 - [MESSAGE][PASSED] - Text 'Susan Anderson' is set on object 'Object Repository/Employee-Onboarding/Employee_Personal_Details_Objects/Page_OrangeHRM/input'

27-12-2024T08:02:35 - [TEST_STEP][PASSED] - click(findTestObject("Object Repository/Employee-Onboarding/Employee_Personal_Details_Objects/Page_OrangeHRM/button_Search")): Object: 'Object Repository/Employee-Onboarding/Employee_Personal_Details_Objects/Page_OrangeHRM/button_Search' is clicked on

27-12-2024T08:02:36 - [MESSAGE][PASSED] - Object: 'Object Repository/Employee-Onboarding/Employee_Personal_Details_Objects/Page_OrangeHRM/button_Search' is clicked on

27-12-2024T08:02:36 - [TEST_STEP][PASSED] - click(findTestObject("Object Repository/Employee-Onboarding/Employee_Personal_Details_Objects/Page_OrangeHRM/div_0034008")): Object: 'Object Repository/Employee-Onboarding/Employee_Personal_Details_Objects/Page_OrangeHRM/div_0034008' is clicked on

27-12-2024T08:02:37 - [MESSAGE][PASSED] - Object: 'Object Repository/Employee-Onboarding/Employee_Personal_Details_Objects/Page_OrangeHRM/div_0034008' is clicked on

27-12-2024T08:02:37 - [TEST_STEP][PASSED] - click(findTestObject("Object Repository/Employee-Onboarding/Employee_Personal_Details_Objects/Page_OrangeHRM/a_Personal Details")): Object: 'Object Repository/Employee-Onboarding/Employee_Personal_Details_Objects/Page_OrangeHRM/a_Personal Details' is clicked on

27-12-2024T08:02:40 - [MESSAGE][PASSED] - Object: 'Object Repository/Employee-Onboarding/Employee_Personal_Details_Objects/Page_OrangeHRM/a_Personal Details' is clicked on

27-12-2024T08:02:40 - [TEST_STEP][PASSED] - setText(findTestObject("Object Repository/Employee-Onboarding/Employee_Personal_Details_Objects/Page_OrangeHRM/input_concat(Driver, , s License Number)_ox_6ab805"), Driving_License_Number): Text '0VMFRKQGYU' is set on object 'Object Repository/Employee-Onboarding/Employee_Personal_Details_Objects/Page_OrangeHRM/input_concat(Driver, , s License Number)_ox_6ab805'

27-12-2024T08:02:43 - [MESSAGE][PASSED] - Text '0VMFRKQGYU' is set on object 'Object Repository/Employee-Onboarding/Employee_Personal_Details_Objects/Page_OrangeHRM/input_concat(Driver, , s License Number)_ox_6ab805'

27-12-2024T08:02:43 - [TEST_STEP][PASSED] - setText(findTestObject("Object Repository/Employee-Onboarding/Employee_Personal_Details_Objects/Page_OrangeHRM/input_License Expiry Date_oxd-input oxd-inp_5d7d79"), License_Expiry_Date): Text '2025-12-12' is set on object 'Object Repository/Employee-Onboarding/Employee_Personal_Details_Objects/Page_OrangeHRM/input_License Expiry Date_oxd-input oxd-inp_5d7d79'

27-12-2024T08:02:44 - [MESSAGE][PASSED] - Text '2025-12-12' is set on object 'Object Repository/Employee-Onboarding/Employee_Personal_Details_Objects/Page_OrangeHRM/input_License Expiry Date_oxd-input oxd-inp_5d7d79'

27-12-2024T08:02:44 - [TEST_STEP][PASSED] - click(findTestObject("Object Repository/Employee-Onboarding/Employee_Personal_Details_Objects/Page_OrangeHRM/div_-- Select --")): Object: 'Object Repository/Employee-Onboarding/Employee_Personal_Details_Objects/Page_OrangeHRM/div_-- Select --' is clicked on

27-12-2024T08:02:44 - [MESSAGE][PASSED] - Object: 'Object Repository/Employee-Onboarding/Employee_Personal_Details_Objects/Page_OrangeHRM/div_-- Select --' is clicked on

27-12-2024T08:02:44 - [TEST_STEP][PASSED] - click(findTestObject("Employee-Onboarding/Employee_Salary_Detail_Objects/Page_OrangeHRM/custom_object_for_dropdown", ["value":Employee_Nationality])): Object: 'Object Repository/Employee-Onboarding/Employee_Salary_Detail_Objects/Page_OrangeHRM/custom_object_for_dropdown' is clicked on

27-12-2024T08:02:44 - [MESSAGE][PASSED] - Object: 'Object Repository/Employee-Onboarding/Employee_Salary_Detail_Objects/Page_OrangeHRM/custom_object_for_dropdown' is clicked on

27-12-2024T08:02:44 - [TEST_STEP][PASSED] - click(findTestObject("Object Repository/Employee-Onboarding/Employee_Personal_Details_Objects/Page_OrangeHRM/div_-- Select --_1")): Object: 'Object Repository/Employee-Onboarding/Employee_Personal_Details_Objects/Page_OrangeHRM/div_-- Select --_1' is clicked on

27-12-2024T08:02:45 - [MESSAGE][PASSED] - Object: 'Object Repository/Employee-Onboarding/Employee_Personal_Details_Objects/Page_OrangeHRM/div_-- Select --_1' is clicked on

27-12-2024T08:02:45 - [TEST_STEP][PASSED] - click(findTestObject("Employee-Onboarding/Employee_Salary_Detail_Objects/Page_OrangeHRM/custom_object_for_dropdown", ["value":Employee_Marital_Status])): Object: 'Object Repository/Employee-Onboarding/Employee_Salary_Detail_Objects/Page_OrangeHRM/custom_object_for_dropdown' is clicked on

27-12-2024T08:02:45 - [MESSAGE][PASSED] - Object: 'Object Repository/Employee-Onboarding/Employee_Salary_Detail_Objects/Page_OrangeHRM/custom_object_for_dropdown' is clicked on

27-12-2024T08:02:45 - [TEST_STEP][PASSED] - setText(findTestObject("Object Repository/Employee-Onboarding/Employee_Personal_Details_Objects/Page_OrangeHRM/input_Date of Birth_oxd-input oxd-input--focus"), Employee_DOB): Text '1971-02-05' is set on object 'Object Repository/Employee-Onboarding/Employee_Personal_Details_Objects/Page_OrangeHRM/input_Date of Birth_oxd-input oxd-input--focus'

27-12-2024T08:02:46 - [MESSAGE][PASSED] - Text '1971-02-05' is set on object 'Object Repository/Employee-Onboarding/Employee_Personal_Details_Objects/Page_OrangeHRM/input_Date of Birth_oxd-input oxd-input--focus'

27-12-2024T08:02:46 - [TEST_STEP][PASSED] - click(findTestObject("Object Repository/Employee-Onboarding/Employee_Personal_Details_Objects/Page_OrangeHRM/span_Male_oxd-radio-input oxd-radio-input--_b0de6e")): Object: 'Object Repository/Employee-Onboarding/Employee_Personal_Details_Objects/Page_OrangeHRM/span_Male_oxd-radio-input oxd-radio-input--_b0de6e' is clicked on

27-12-2024T08:02:46 - [MESSAGE][PASSED] - Object: 'Object Repository/Employee-Onboarding/Employee_Personal_Details_Objects/Page_OrangeHRM/span_Male_oxd-radio-input oxd-radio-input--_b0de6e' is clicked on

27-12-2024T08:02:46 - [TEST_STEP][PASSED] - click(findTestObject("Object Repository/Employee-Onboarding/Employee_Personal_Details_Objects/Page_OrangeHRM/button_Save")): Object: 'Object Repository/Employee-Onboarding/Employee_Personal_Details_Objects/Page_OrangeHRM/button_Save' is clicked on

27-12-2024T08:02:46 - [MESSAGE][PASSED] - Object: 'Object Repository/Employee-Onboarding/Employee_Personal_Details_Objects/Page_OrangeHRM/button_Save' is clicked on]]></system-out>
         <system-err><![CDATA[]]></system-err>
      </testcase>
      <testcase name="Test Cases/Employee_Onboarding/TC_Employee_Person_Details" time="14.387" classname="Test Cases/Employee_Onboarding/TC_Employee_Person_Details" status="PASSED">
         <system-out><![CDATA[27-12-2024T08:02:46 - [TEST_CASE][PASSED] - Test Cases/Employee_Onboarding/TC_Employee_Person_Details: Test Cases/Employee_Onboarding/TC_Employee_Person_Details

27-12-2024T08:02:46 - [TEST_STEP][PASSED] - click(findTestObject("Object Repository/Employee-Onboarding/Employee_Personal_Details_Objects/Page_OrangeHRM/span_PIM")): Object: 'Object Repository/Employee-Onboarding/Employee_Personal_Details_Objects/Page_OrangeHRM/span_PIM' is clicked on

27-12-2024T08:02:48 - [MESSAGE][PASSED] - Object: 'Object Repository/Employee-Onboarding/Employee_Personal_Details_Objects/Page_OrangeHRM/span_PIM' is clicked on

27-12-2024T08:02:48 - [TEST_STEP][PASSED] - setText(findTestObject("Object Repository/Employee-Onboarding/Employee_Personal_Details_Objects/Page_OrangeHRM/input"), Employee_Fullname): Text 'James Harrington' is set on object 'Object Repository/Employee-Onboarding/Employee_Personal_Details_Objects/Page_OrangeHRM/input'

27-12-2024T08:02:50 - [MESSAGE][PASSED] - Text 'James Harrington' is set on object 'Object Repository/Employee-Onboarding/Employee_Personal_Details_Objects/Page_OrangeHRM/input'

27-12-2024T08:02:50 - [TEST_STEP][PASSED] - click(findTestObject("Object Repository/Employee-Onboarding/Employee_Personal_Details_Objects/Page_OrangeHRM/button_Search")): Object: 'Object Repository/Employee-Onboarding/Employee_Personal_Details_Objects/Page_OrangeHRM/button_Search' is clicked on

27-12-2024T08:02:51 - [MESSAGE][PASSED] - Object: 'Object Repository/Employee-Onboarding/Employee_Personal_Details_Objects/Page_OrangeHRM/button_Search' is clicked on

27-12-2024T08:02:51 - [TEST_STEP][PASSED] - click(findTestObject("Object Repository/Employee-Onboarding/Employee_Personal_Details_Objects/Page_OrangeHRM/div_0034008")): Object: 'Object Repository/Employee-Onboarding/Employee_Personal_Details_Objects/Page_OrangeHRM/div_0034008' is clicked on

27-12-2024T08:02:52 - [MESSAGE][PASSED] - Object: 'Object Repository/Employee-Onboarding/Employee_Personal_Details_Objects/Page_OrangeHRM/div_0034008' is clicked on

27-12-2024T08:02:52 - [TEST_STEP][PASSED] - click(findTestObject("Object Repository/Employee-Onboarding/Employee_Personal_Details_Objects/Page_OrangeHRM/a_Personal Details")): Object: 'Object Repository/Employee-Onboarding/Employee_Personal_Details_Objects/Page_OrangeHRM/a_Personal Details' is clicked on

27-12-2024T08:02:55 - [MESSAGE][PASSED] - Object: 'Object Repository/Employee-Onboarding/Employee_Personal_Details_Objects/Page_OrangeHRM/a_Personal Details' is clicked on

27-12-2024T08:02:55 - [TEST_STEP][PASSED] - setText(findTestObject("Object Repository/Employee-Onboarding/Employee_Personal_Details_Objects/Page_OrangeHRM/input_concat(Driver, , s License Number)_ox_6ab805"), Driving_License_Number): Text 'GL46Q6X0U3' is set on object 'Object Repository/Employee-Onboarding/Employee_Personal_Details_Objects/Page_OrangeHRM/input_concat(Driver, , s License Number)_ox_6ab805'

27-12-2024T08:02:57 - [MESSAGE][PASSED] - Text 'GL46Q6X0U3' is set on object 'Object Repository/Employee-Onboarding/Employee_Personal_Details_Objects/Page_OrangeHRM/input_concat(Driver, , s License Number)_ox_6ab805'

27-12-2024T08:02:57 - [TEST_STEP][PASSED] - setText(findTestObject("Object Repository/Employee-Onboarding/Employee_Personal_Details_Objects/Page_OrangeHRM/input_License Expiry Date_oxd-input oxd-inp_5d7d79"), License_Expiry_Date): Text '2025-12-12' is set on object 'Object Repository/Employee-Onboarding/Employee_Personal_Details_Objects/Page_OrangeHRM/input_License Expiry Date_oxd-input oxd-inp_5d7d79'

27-12-2024T08:02:58 - [MESSAGE][PASSED] - Text '2025-12-12' is set on object 'Object Repository/Employee-Onboarding/Employee_Personal_Details_Objects/Page_OrangeHRM/input_License Expiry Date_oxd-input oxd-inp_5d7d79'

27-12-2024T08:02:58 - [TEST_STEP][PASSED] - click(findTestObject("Object Repository/Employee-Onboarding/Employee_Personal_Details_Objects/Page_OrangeHRM/div_-- Select --")): Object: 'Object Repository/Employee-Onboarding/Employee_Personal_Details_Objects/Page_OrangeHRM/div_-- Select --' is clicked on

27-12-2024T08:02:58 - [MESSAGE][PASSED] - Object: 'Object Repository/Employee-Onboarding/Employee_Personal_Details_Objects/Page_OrangeHRM/div_-- Select --' is clicked on

27-12-2024T08:02:58 - [TEST_STEP][PASSED] - click(findTestObject("Employee-Onboarding/Employee_Salary_Detail_Objects/Page_OrangeHRM/custom_object_for_dropdown", ["value":Employee_Nationality])): Object: 'Object Repository/Employee-Onboarding/Employee_Salary_Detail_Objects/Page_OrangeHRM/custom_object_for_dropdown' is clicked on

27-12-2024T08:02:59 - [MESSAGE][PASSED] - Object: 'Object Repository/Employee-Onboarding/Employee_Salary_Detail_Objects/Page_OrangeHRM/custom_object_for_dropdown' is clicked on

27-12-2024T08:02:59 - [TEST_STEP][PASSED] - click(findTestObject("Object Repository/Employee-Onboarding/Employee_Personal_Details_Objects/Page_OrangeHRM/div_-- Select --_1")): Object: 'Object Repository/Employee-Onboarding/Employee_Personal_Details_Objects/Page_OrangeHRM/div_-- Select --_1' is clicked on

27-12-2024T08:02:59 - [MESSAGE][PASSED] - Object: 'Object Repository/Employee-Onboarding/Employee_Personal_Details_Objects/Page_OrangeHRM/div_-- Select --_1' is clicked on

27-12-2024T08:02:59 - [TEST_STEP][PASSED] - click(findTestObject("Employee-Onboarding/Employee_Salary_Detail_Objects/Page_OrangeHRM/custom_object_for_dropdown", ["value":Employee_Marital_Status])): Object: 'Object Repository/Employee-Onboarding/Employee_Salary_Detail_Objects/Page_OrangeHRM/custom_object_for_dropdown' is clicked on

27-12-2024T08:03:00 - [MESSAGE][PASSED] - Object: 'Object Repository/Employee-Onboarding/Employee_Salary_Detail_Objects/Page_OrangeHRM/custom_object_for_dropdown' is clicked on

27-12-2024T08:03:00 - [TEST_STEP][PASSED] - setText(findTestObject("Object Repository/Employee-Onboarding/Employee_Personal_Details_Objects/Page_OrangeHRM/input_Date of Birth_oxd-input oxd-input--focus"), Employee_DOB): Text '1977-05-04' is set on object 'Object Repository/Employee-Onboarding/Employee_Personal_Details_Objects/Page_OrangeHRM/input_Date of Birth_oxd-input oxd-input--focus'

27-12-2024T08:03:00 - [MESSAGE][PASSED] - Text '1977-05-04' is set on object 'Object Repository/Employee-Onboarding/Employee_Personal_Details_Objects/Page_OrangeHRM/input_Date of Birth_oxd-input oxd-input--focus'

27-12-2024T08:03:00 - [TEST_STEP][PASSED] - click(findTestObject("Object Repository/Employee-Onboarding/Employee_Personal_Details_Objects/Page_OrangeHRM/span_Male_oxd-radio-input oxd-radio-input--_b0de6e")): Object: 'Object Repository/Employee-Onboarding/Employee_Personal_Details_Objects/Page_OrangeHRM/span_Male_oxd-radio-input oxd-radio-input--_b0de6e' is clicked on

27-12-2024T08:03:01 - [MESSAGE][PASSED] - Object: 'Object Repository/Employee-Onboarding/Employee_Personal_Details_Objects/Page_OrangeHRM/span_Male_oxd-radio-input oxd-radio-input--_b0de6e' is clicked on

27-12-2024T08:03:01 - [TEST_STEP][PASSED] - click(findTestObject("Object Repository/Employee-Onboarding/Employee_Personal_Details_Objects/Page_OrangeHRM/button_Save")): Object: 'Object Repository/Employee-Onboarding/Employee_Personal_Details_Objects/Page_OrangeHRM/button_Save' is clicked on

27-12-2024T08:03:01 - [MESSAGE][PASSED] - Object: 'Object Repository/Employee-Onboarding/Employee_Personal_Details_Objects/Page_OrangeHRM/button_Save' is clicked on]]></system-out>
         <system-err><![CDATA[]]></system-err>
      </testcase>
      <testcase name="Test Cases/Employee_Onboarding/TC_Employee_Person_Details" time="15.278" classname="Test Cases/Employee_Onboarding/TC_Employee_Person_Details" status="PASSED">
         <system-out><![CDATA[27-12-2024T08:03:01 - [TEST_CASE][PASSED] - Test Cases/Employee_Onboarding/TC_Employee_Person_Details: Test Cases/Employee_Onboarding/TC_Employee_Person_Details

27-12-2024T08:03:01 - [TEST_STEP][PASSED] - click(findTestObject("Object Repository/Employee-Onboarding/Employee_Personal_Details_Objects/Page_OrangeHRM/span_PIM")): Object: 'Object Repository/Employee-Onboarding/Employee_Personal_Details_Objects/Page_OrangeHRM/span_PIM' is clicked on

27-12-2024T08:03:03 - [MESSAGE][PASSED] - Object: 'Object Repository/Employee-Onboarding/Employee_Personal_Details_Objects/Page_OrangeHRM/span_PIM' is clicked on

27-12-2024T08:03:03 - [TEST_STEP][PASSED] - setText(findTestObject("Object Repository/Employee-Onboarding/Employee_Personal_Details_Objects/Page_OrangeHRM/input"), Employee_Fullname): Text 'Erica Rogers' is set on object 'Object Repository/Employee-Onboarding/Employee_Personal_Details_Objects/Page_OrangeHRM/input'

27-12-2024T08:03:05 - [MESSAGE][PASSED] - Text 'Erica Rogers' is set on object 'Object Repository/Employee-Onboarding/Employee_Personal_Details_Objects/Page_OrangeHRM/input'

27-12-2024T08:03:05 - [TEST_STEP][PASSED] - click(findTestObject("Object Repository/Employee-Onboarding/Employee_Personal_Details_Objects/Page_OrangeHRM/button_Search")): Object: 'Object Repository/Employee-Onboarding/Employee_Personal_Details_Objects/Page_OrangeHRM/button_Search' is clicked on

27-12-2024T08:03:05 - [MESSAGE][PASSED] - Object: 'Object Repository/Employee-Onboarding/Employee_Personal_Details_Objects/Page_OrangeHRM/button_Search' is clicked on

27-12-2024T08:03:05 - [TEST_STEP][PASSED] - click(findTestObject("Object Repository/Employee-Onboarding/Employee_Personal_Details_Objects/Page_OrangeHRM/div_0034008")): Object: 'Object Repository/Employee-Onboarding/Employee_Personal_Details_Objects/Page_OrangeHRM/div_0034008' is clicked on

27-12-2024T08:03:07 - [MESSAGE][PASSED] - Object: 'Object Repository/Employee-Onboarding/Employee_Personal_Details_Objects/Page_OrangeHRM/div_0034008' is clicked on

27-12-2024T08:03:07 - [TEST_STEP][PASSED] - click(findTestObject("Object Repository/Employee-Onboarding/Employee_Personal_Details_Objects/Page_OrangeHRM/a_Personal Details")): Object: 'Object Repository/Employee-Onboarding/Employee_Personal_Details_Objects/Page_OrangeHRM/a_Personal Details' is clicked on

27-12-2024T08:03:10 - [MESSAGE][PASSED] - Object: 'Object Repository/Employee-Onboarding/Employee_Personal_Details_Objects/Page_OrangeHRM/a_Personal Details' is clicked on

27-12-2024T08:03:10 - [TEST_STEP][PASSED] - setText(findTestObject("Object Repository/Employee-Onboarding/Employee_Personal_Details_Objects/Page_OrangeHRM/input_concat(Driver, , s License Number)_ox_6ab805"), Driving_License_Number): Text '5A15F7P0LO' is set on object 'Object Repository/Employee-Onboarding/Employee_Personal_Details_Objects/Page_OrangeHRM/input_concat(Driver, , s License Number)_ox_6ab805'

27-12-2024T08:03:13 - [MESSAGE][PASSED] - Text '5A15F7P0LO' is set on object 'Object Repository/Employee-Onboarding/Employee_Personal_Details_Objects/Page_OrangeHRM/input_concat(Driver, , s License Number)_ox_6ab805'

27-12-2024T08:03:13 - [TEST_STEP][PASSED] - setText(findTestObject("Object Repository/Employee-Onboarding/Employee_Personal_Details_Objects/Page_OrangeHRM/input_License Expiry Date_oxd-input oxd-inp_5d7d79"), License_Expiry_Date): Text '2025-12-12' is set on object 'Object Repository/Employee-Onboarding/Employee_Personal_Details_Objects/Page_OrangeHRM/input_License Expiry Date_oxd-input oxd-inp_5d7d79'

27-12-2024T08:03:13 - [MESSAGE][PASSED] - Text '2025-12-12' is set on object 'Object Repository/Employee-Onboarding/Employee_Personal_Details_Objects/Page_OrangeHRM/input_License Expiry Date_oxd-input oxd-inp_5d7d79'

27-12-2024T08:03:13 - [TEST_STEP][PASSED] - click(findTestObject("Object Repository/Employee-Onboarding/Employee_Personal_Details_Objects/Page_OrangeHRM/div_-- Select --")): Object: 'Object Repository/Employee-Onboarding/Employee_Personal_Details_Objects/Page_OrangeHRM/div_-- Select --' is clicked on

27-12-2024T08:03:14 - [MESSAGE][PASSED] - Object: 'Object Repository/Employee-Onboarding/Employee_Personal_Details_Objects/Page_OrangeHRM/div_-- Select --' is clicked on

27-12-2024T08:03:14 - [TEST_STEP][PASSED] - click(findTestObject("Employee-Onboarding/Employee_Salary_Detail_Objects/Page_OrangeHRM/custom_object_for_dropdown", ["value":Employee_Nationality])): Object: 'Object Repository/Employee-Onboarding/Employee_Salary_Detail_Objects/Page_OrangeHRM/custom_object_for_dropdown' is clicked on

27-12-2024T08:03:14 - [MESSAGE][PASSED] - Object: 'Object Repository/Employee-Onboarding/Employee_Salary_Detail_Objects/Page_OrangeHRM/custom_object_for_dropdown' is clicked on

27-12-2024T08:03:14 - [TEST_STEP][PASSED] - click(findTestObject("Object Repository/Employee-Onboarding/Employee_Personal_Details_Objects/Page_OrangeHRM/div_-- Select --_1")): Object: 'Object Repository/Employee-Onboarding/Employee_Personal_Details_Objects/Page_OrangeHRM/div_-- Select --_1' is clicked on

27-12-2024T08:03:14 - [MESSAGE][PASSED] - Object: 'Object Repository/Employee-Onboarding/Employee_Personal_Details_Objects/Page_OrangeHRM/div_-- Select --_1' is clicked on

27-12-2024T08:03:14 - [TEST_STEP][PASSED] - click(findTestObject("Employee-Onboarding/Employee_Salary_Detail_Objects/Page_OrangeHRM/custom_object_for_dropdown", ["value":Employee_Marital_Status])): Object: 'Object Repository/Employee-Onboarding/Employee_Salary_Detail_Objects/Page_OrangeHRM/custom_object_for_dropdown' is clicked on

27-12-2024T08:03:15 - [MESSAGE][PASSED] - Object: 'Object Repository/Employee-Onboarding/Employee_Salary_Detail_Objects/Page_OrangeHRM/custom_object_for_dropdown' is clicked on

27-12-2024T08:03:15 - [TEST_STEP][PASSED] - setText(findTestObject("Object Repository/Employee-Onboarding/Employee_Personal_Details_Objects/Page_OrangeHRM/input_Date of Birth_oxd-input oxd-input--focus"), Employee_DOB): Text '1966-12-15' is set on object 'Object Repository/Employee-Onboarding/Employee_Personal_Details_Objects/Page_OrangeHRM/input_Date of Birth_oxd-input oxd-input--focus'

27-12-2024T08:03:16 - [MESSAGE][PASSED] - Text '1966-12-15' is set on object 'Object Repository/Employee-Onboarding/Employee_Personal_Details_Objects/Page_OrangeHRM/input_Date of Birth_oxd-input oxd-input--focus'

27-12-2024T08:03:16 - [TEST_STEP][PASSED] - click(findTestObject("Object Repository/Employee-Onboarding/Employee_Personal_Details_Objects/Page_OrangeHRM/span_Male_oxd-radio-input oxd-radio-input--_b0de6e")): Object: 'Object Repository/Employee-Onboarding/Employee_Personal_Details_Objects/Page_OrangeHRM/span_Male_oxd-radio-input oxd-radio-input--_b0de6e' is clicked on

27-12-2024T08:03:16 - [MESSAGE][PASSED] - Object: 'Object Repository/Employee-Onboarding/Employee_Personal_Details_Objects/Page_OrangeHRM/span_Male_oxd-radio-input oxd-radio-input--_b0de6e' is clicked on

27-12-2024T08:03:16 - [TEST_STEP][PASSED] - click(findTestObject("Object Repository/Employee-Onboarding/Employee_Personal_Details_Objects/Page_OrangeHRM/button_Save")): Object: 'Object Repository/Employee-Onboarding/Employee_Personal_Details_Objects/Page_OrangeHRM/button_Save' is clicked on

27-12-2024T08:03:16 - [MESSAGE][PASSED] - Object: 'Object Repository/Employee-Onboarding/Employee_Personal_Details_Objects/Page_OrangeHRM/button_Save' is clicked on]]></system-out>
         <system-err><![CDATA[]]></system-err>
      </testcase>
      <testcase name="Test Cases/Employee_Onboarding/TC_Employee_Person_Details" time="14.922" classname="Test Cases/Employee_Onboarding/TC_Employee_Person_Details" status="PASSED">
         <system-out><![CDATA[27-12-2024T08:03:16 - [TEST_CASE][PASSED] - Test Cases/Employee_Onboarding/TC_Employee_Person_Details: Test Cases/Employee_Onboarding/TC_Employee_Person_Details

27-12-2024T08:03:16 - [TEST_STEP][PASSED] - click(findTestObject("Object Repository/Employee-Onboarding/Employee_Personal_Details_Objects/Page_OrangeHRM/span_PIM")): Object: 'Object Repository/Employee-Onboarding/Employee_Personal_Details_Objects/Page_OrangeHRM/span_PIM' is clicked on

27-12-2024T08:03:18 - [MESSAGE][PASSED] - Object: 'Object Repository/Employee-Onboarding/Employee_Personal_Details_Objects/Page_OrangeHRM/span_PIM' is clicked on

27-12-2024T08:03:18 - [TEST_STEP][PASSED] - setText(findTestObject("Object Repository/Employee-Onboarding/Employee_Personal_Details_Objects/Page_OrangeHRM/input"), Employee_Fullname): Text 'Karen Gonzales' is set on object 'Object Repository/Employee-Onboarding/Employee_Personal_Details_Objects/Page_OrangeHRM/input'

27-12-2024T08:03:20 - [MESSAGE][PASSED] - Text 'Karen Gonzales' is set on object 'Object Repository/Employee-Onboarding/Employee_Personal_Details_Objects/Page_OrangeHRM/input'

27-12-2024T08:03:20 - [TEST_STEP][PASSED] - click(findTestObject("Object Repository/Employee-Onboarding/Employee_Personal_Details_Objects/Page_OrangeHRM/button_Search")): Object: 'Object Repository/Employee-Onboarding/Employee_Personal_Details_Objects/Page_OrangeHRM/button_Search' is clicked on

27-12-2024T08:03:21 - [MESSAGE][PASSED] - Object: 'Object Repository/Employee-Onboarding/Employee_Personal_Details_Objects/Page_OrangeHRM/button_Search' is clicked on

27-12-2024T08:03:21 - [TEST_STEP][PASSED] - click(findTestObject("Object Repository/Employee-Onboarding/Employee_Personal_Details_Objects/Page_OrangeHRM/div_0034008")): Object: 'Object Repository/Employee-Onboarding/Employee_Personal_Details_Objects/Page_OrangeHRM/div_0034008' is clicked on

27-12-2024T08:03:22 - [MESSAGE][PASSED] - Object: 'Object Repository/Employee-Onboarding/Employee_Personal_Details_Objects/Page_OrangeHRM/div_0034008' is clicked on

27-12-2024T08:03:22 - [TEST_STEP][PASSED] - click(findTestObject("Object Repository/Employee-Onboarding/Employee_Personal_Details_Objects/Page_OrangeHRM/a_Personal Details")): Object: 'Object Repository/Employee-Onboarding/Employee_Personal_Details_Objects/Page_OrangeHRM/a_Personal Details' is clicked on

27-12-2024T08:03:25 - [MESSAGE][PASSED] - Object: 'Object Repository/Employee-Onboarding/Employee_Personal_Details_Objects/Page_OrangeHRM/a_Personal Details' is clicked on

27-12-2024T08:03:25 - [TEST_STEP][PASSED] - setText(findTestObject("Object Repository/Employee-Onboarding/Employee_Personal_Details_Objects/Page_OrangeHRM/input_concat(Driver, , s License Number)_ox_6ab805"), Driving_License_Number): Text 'RZABJGDLCF' is set on object 'Object Repository/Employee-Onboarding/Employee_Personal_Details_Objects/Page_OrangeHRM/input_concat(Driver, , s License Number)_ox_6ab805'

27-12-2024T08:03:28 - [MESSAGE][PASSED] - Text 'RZABJGDLCF' is set on object 'Object Repository/Employee-Onboarding/Employee_Personal_Details_Objects/Page_OrangeHRM/input_concat(Driver, , s License Number)_ox_6ab805'

27-12-2024T08:03:28 - [TEST_STEP][PASSED] - setText(findTestObject("Object Repository/Employee-Onboarding/Employee_Personal_Details_Objects/Page_OrangeHRM/input_License Expiry Date_oxd-input oxd-inp_5d7d79"), License_Expiry_Date): Text '2025-12-12' is set on object 'Object Repository/Employee-Onboarding/Employee_Personal_Details_Objects/Page_OrangeHRM/input_License Expiry Date_oxd-input oxd-inp_5d7d79'

27-12-2024T08:03:28 - [MESSAGE][PASSED] - Text '2025-12-12' is set on object 'Object Repository/Employee-Onboarding/Employee_Personal_Details_Objects/Page_OrangeHRM/input_License Expiry Date_oxd-input oxd-inp_5d7d79'

27-12-2024T08:03:28 - [TEST_STEP][PASSED] - click(findTestObject("Object Repository/Employee-Onboarding/Employee_Personal_Details_Objects/Page_OrangeHRM/div_-- Select --")): Object: 'Object Repository/Employee-Onboarding/Employee_Personal_Details_Objects/Page_OrangeHRM/div_-- Select --' is clicked on

27-12-2024T08:03:28 - [MESSAGE][PASSED] - Object: 'Object Repository/Employee-Onboarding/Employee_Personal_Details_Objects/Page_OrangeHRM/div_-- Select --' is clicked on

27-12-2024T08:03:28 - [TEST_STEP][PASSED] - click(findTestObject("Employee-Onboarding/Employee_Salary_Detail_Objects/Page_OrangeHRM/custom_object_for_dropdown", ["value":Employee_Nationality])): Object: 'Object Repository/Employee-Onboarding/Employee_Salary_Detail_Objects/Page_OrangeHRM/custom_object_for_dropdown' is clicked on

27-12-2024T08:03:29 - [MESSAGE][PASSED] - Object: 'Object Repository/Employee-Onboarding/Employee_Salary_Detail_Objects/Page_OrangeHRM/custom_object_for_dropdown' is clicked on

27-12-2024T08:03:29 - [TEST_STEP][PASSED] - click(findTestObject("Object Repository/Employee-Onboarding/Employee_Personal_Details_Objects/Page_OrangeHRM/div_-- Select --_1")): Object: 'Object Repository/Employee-Onboarding/Employee_Personal_Details_Objects/Page_OrangeHRM/div_-- Select --_1' is clicked on

27-12-2024T08:03:29 - [MESSAGE][PASSED] - Object: 'Object Repository/Employee-Onboarding/Employee_Personal_Details_Objects/Page_OrangeHRM/div_-- Select --_1' is clicked on

27-12-2024T08:03:29 - [TEST_STEP][PASSED] - click(findTestObject("Employee-Onboarding/Employee_Salary_Detail_Objects/Page_OrangeHRM/custom_object_for_dropdown", ["value":Employee_Marital_Status])): Object: 'Object Repository/Employee-Onboarding/Employee_Salary_Detail_Objects/Page_OrangeHRM/custom_object_for_dropdown' is clicked on

27-12-2024T08:03:30 - [MESSAGE][PASSED] - Object: 'Object Repository/Employee-Onboarding/Employee_Salary_Detail_Objects/Page_OrangeHRM/custom_object_for_dropdown' is clicked on

27-12-2024T08:03:30 - [TEST_STEP][PASSED] - setText(findTestObject("Object Repository/Employee-Onboarding/Employee_Personal_Details_Objects/Page_OrangeHRM/input_Date of Birth_oxd-input oxd-input--focus"), Employee_DOB): Text '1998-05-09' is set on object 'Object Repository/Employee-Onboarding/Employee_Personal_Details_Objects/Page_OrangeHRM/input_Date of Birth_oxd-input oxd-input--focus'

27-12-2024T08:03:31 - [MESSAGE][PASSED] - Text '1998-05-09' is set on object 'Object Repository/Employee-Onboarding/Employee_Personal_Details_Objects/Page_OrangeHRM/input_Date of Birth_oxd-input oxd-input--focus'

27-12-2024T08:03:31 - [TEST_STEP][PASSED] - click(findTestObject("Object Repository/Employee-Onboarding/Employee_Personal_Details_Objects/Page_OrangeHRM/span_Male_oxd-radio-input oxd-radio-input--_b0de6e")): Object: 'Object Repository/Employee-Onboarding/Employee_Personal_Details_Objects/Page_OrangeHRM/span_Male_oxd-radio-input oxd-radio-input--_b0de6e' is clicked on

27-12-2024T08:03:31 - [MESSAGE][PASSED] - Object: 'Object Repository/Employee-Onboarding/Employee_Personal_Details_Objects/Page_OrangeHRM/span_Male_oxd-radio-input oxd-radio-input--_b0de6e' is clicked on

27-12-2024T08:03:31 - [TEST_STEP][PASSED] - click(findTestObject("Object Repository/Employee-Onboarding/Employee_Personal_Details_Objects/Page_OrangeHRM/button_Save")): Object: 'Object Repository/Employee-Onboarding/Employee_Personal_Details_Objects/Page_OrangeHRM/button_Save' is clicked on

27-12-2024T08:03:31 - [MESSAGE][PASSED] - Object: 'Object Repository/Employee-Onboarding/Employee_Personal_Details_Objects/Page_OrangeHRM/button_Save' is clicked on]]></system-out>
         <system-err><![CDATA[]]></system-err>
      </testcase>
      <testcase name="Test Cases/Employee_Onboarding/TC_Employee_Person_Details" time="14.464" classname="Test Cases/Employee_Onboarding/TC_Employee_Person_Details" status="PASSED">
         <system-out><![CDATA[27-12-2024T08:03:31 - [TEST_CASE][PASSED] - Test Cases/Employee_Onboarding/TC_Employee_Person_Details: Test Cases/Employee_Onboarding/TC_Employee_Person_Details

27-12-2024T08:03:31 - [TEST_STEP][PASSED] - click(findTestObject("Object Repository/Employee-Onboarding/Employee_Personal_Details_Objects/Page_OrangeHRM/span_PIM")): Object: 'Object Repository/Employee-Onboarding/Employee_Personal_Details_Objects/Page_OrangeHRM/span_PIM' is clicked on

27-12-2024T08:03:33 - [MESSAGE][PASSED] - Object: 'Object Repository/Employee-Onboarding/Employee_Personal_Details_Objects/Page_OrangeHRM/span_PIM' is clicked on

27-12-2024T08:03:33 - [TEST_STEP][PASSED] - setText(findTestObject("Object Repository/Employee-Onboarding/Employee_Personal_Details_Objects/Page_OrangeHRM/input"), Employee_Fullname): Text 'Sarah Wilson' is set on object 'Object Repository/Employee-Onboarding/Employee_Personal_Details_Objects/Page_OrangeHRM/input'

27-12-2024T08:03:35 - [MESSAGE][PASSED] - Text 'Sarah Wilson' is set on object 'Object Repository/Employee-Onboarding/Employee_Personal_Details_Objects/Page_OrangeHRM/input'

27-12-2024T08:03:35 - [TEST_STEP][PASSED] - click(findTestObject("Object Repository/Employee-Onboarding/Employee_Personal_Details_Objects/Page_OrangeHRM/button_Search")): Object: 'Object Repository/Employee-Onboarding/Employee_Personal_Details_Objects/Page_OrangeHRM/button_Search' is clicked on

27-12-2024T08:03:35 - [MESSAGE][PASSED] - Object: 'Object Repository/Employee-Onboarding/Employee_Personal_Details_Objects/Page_OrangeHRM/button_Search' is clicked on

27-12-2024T08:03:35 - [TEST_STEP][PASSED] - click(findTestObject("Object Repository/Employee-Onboarding/Employee_Personal_Details_Objects/Page_OrangeHRM/div_0034008")): Object: 'Object Repository/Employee-Onboarding/Employee_Personal_Details_Objects/Page_OrangeHRM/div_0034008' is clicked on

27-12-2024T08:03:37 - [MESSAGE][PASSED] - Object: 'Object Repository/Employee-Onboarding/Employee_Personal_Details_Objects/Page_OrangeHRM/div_0034008' is clicked on

27-12-2024T08:03:37 - [TEST_STEP][PASSED] - click(findTestObject("Object Repository/Employee-Onboarding/Employee_Personal_Details_Objects/Page_OrangeHRM/a_Personal Details")): Object: 'Object Repository/Employee-Onboarding/Employee_Personal_Details_Objects/Page_OrangeHRM/a_Personal Details' is clicked on

27-12-2024T08:03:40 - [MESSAGE][PASSED] - Object: 'Object Repository/Employee-Onboarding/Employee_Personal_Details_Objects/Page_OrangeHRM/a_Personal Details' is clicked on

27-12-2024T08:03:40 - [TEST_STEP][PASSED] - setText(findTestObject("Object Repository/Employee-Onboarding/Employee_Personal_Details_Objects/Page_OrangeHRM/input_concat(Driver, , s License Number)_ox_6ab805"), Driving_License_Number): Text 'J13JKENPZD' is set on object 'Object Repository/Employee-Onboarding/Employee_Personal_Details_Objects/Page_OrangeHRM/input_concat(Driver, , s License Number)_ox_6ab805'

27-12-2024T08:03:42 - [MESSAGE][PASSED] - Text 'J13JKENPZD' is set on object 'Object Repository/Employee-Onboarding/Employee_Personal_Details_Objects/Page_OrangeHRM/input_concat(Driver, , s License Number)_ox_6ab805'

27-12-2024T08:03:42 - [TEST_STEP][PASSED] - setText(findTestObject("Object Repository/Employee-Onboarding/Employee_Personal_Details_Objects/Page_OrangeHRM/input_License Expiry Date_oxd-input oxd-inp_5d7d79"), License_Expiry_Date): Text '2025-12-12' is set on object 'Object Repository/Employee-Onboarding/Employee_Personal_Details_Objects/Page_OrangeHRM/input_License Expiry Date_oxd-input oxd-inp_5d7d79'

27-12-2024T08:03:43 - [MESSAGE][PASSED] - Text '2025-12-12' is set on object 'Object Repository/Employee-Onboarding/Employee_Personal_Details_Objects/Page_OrangeHRM/input_License Expiry Date_oxd-input oxd-inp_5d7d79'

27-12-2024T08:03:43 - [TEST_STEP][PASSED] - click(findTestObject("Object Repository/Employee-Onboarding/Employee_Personal_Details_Objects/Page_OrangeHRM/div_-- Select --")): Object: 'Object Repository/Employee-Onboarding/Employee_Personal_Details_Objects/Page_OrangeHRM/div_-- Select --' is clicked on

27-12-2024T08:03:43 - [MESSAGE][PASSED] - Object: 'Object Repository/Employee-Onboarding/Employee_Personal_Details_Objects/Page_OrangeHRM/div_-- Select --' is clicked on

27-12-2024T08:03:43 - [TEST_STEP][PASSED] - click(findTestObject("Employee-Onboarding/Employee_Salary_Detail_Objects/Page_OrangeHRM/custom_object_for_dropdown", ["value":Employee_Nationality])): Object: 'Object Repository/Employee-Onboarding/Employee_Salary_Detail_Objects/Page_OrangeHRM/custom_object_for_dropdown' is clicked on

27-12-2024T08:03:43 - [MESSAGE][PASSED] - Object: 'Object Repository/Employee-Onboarding/Employee_Salary_Detail_Objects/Page_OrangeHRM/custom_object_for_dropdown' is clicked on

27-12-2024T08:03:43 - [TEST_STEP][PASSED] - click(findTestObject("Object Repository/Employee-Onboarding/Employee_Personal_Details_Objects/Page_OrangeHRM/div_-- Select --_1")): Object: 'Object Repository/Employee-Onboarding/Employee_Personal_Details_Objects/Page_OrangeHRM/div_-- Select --_1' is clicked on

27-12-2024T08:03:44 - [MESSAGE][PASSED] - Object: 'Object Repository/Employee-Onboarding/Employee_Personal_Details_Objects/Page_OrangeHRM/div_-- Select --_1' is clicked on

27-12-2024T08:03:44 - [TEST_STEP][PASSED] - click(findTestObject("Employee-Onboarding/Employee_Salary_Detail_Objects/Page_OrangeHRM/custom_object_for_dropdown", ["value":Employee_Marital_Status])): Object: 'Object Repository/Employee-Onboarding/Employee_Salary_Detail_Objects/Page_OrangeHRM/custom_object_for_dropdown' is clicked on

27-12-2024T08:03:44 - [MESSAGE][PASSED] - Object: 'Object Repository/Employee-Onboarding/Employee_Salary_Detail_Objects/Page_OrangeHRM/custom_object_for_dropdown' is clicked on

27-12-2024T08:03:44 - [TEST_STEP][PASSED] - setText(findTestObject("Object Repository/Employee-Onboarding/Employee_Personal_Details_Objects/Page_OrangeHRM/input_Date of Birth_oxd-input oxd-input--focus"), Employee_DOB): Text '1990-07-12' is set on object 'Object Repository/Employee-Onboarding/Employee_Personal_Details_Objects/Page_OrangeHRM/input_Date of Birth_oxd-input oxd-input--focus'

27-12-2024T08:03:45 - [MESSAGE][PASSED] - Text '1990-07-12' is set on object 'Object Repository/Employee-Onboarding/Employee_Personal_Details_Objects/Page_OrangeHRM/input_Date of Birth_oxd-input oxd-input--focus'

27-12-2024T08:03:45 - [TEST_STEP][PASSED] - click(findTestObject("Object Repository/Employee-Onboarding/Employee_Personal_Details_Objects/Page_OrangeHRM/span_Male_oxd-radio-input oxd-radio-input--_b0de6e")): Object: 'Object Repository/Employee-Onboarding/Employee_Personal_Details_Objects/Page_OrangeHRM/span_Male_oxd-radio-input oxd-radio-input--_b0de6e' is clicked on

27-12-2024T08:03:45 - [MESSAGE][PASSED] - Object: 'Object Repository/Employee-Onboarding/Employee_Personal_Details_Objects/Page_OrangeHRM/span_Male_oxd-radio-input oxd-radio-input--_b0de6e' is clicked on

27-12-2024T08:03:45 - [TEST_STEP][PASSED] - click(findTestObject("Object Repository/Employee-Onboarding/Employee_Personal_Details_Objects/Page_OrangeHRM/button_Save")): Object: 'Object Repository/Employee-Onboarding/Employee_Personal_Details_Objects/Page_OrangeHRM/button_Save' is clicked on

27-12-2024T08:03:45 - [MESSAGE][PASSED] - Object: 'Object Repository/Employee-Onboarding/Employee_Personal_Details_Objects/Page_OrangeHRM/button_Save' is clicked on]]></system-out>
         <system-err><![CDATA[]]></system-err>
      </testcase>
      <testcase name="Test Cases/Employee_Onboarding/TC_Employee_Person_Details" time="14.883" classname="Test Cases/Employee_Onboarding/TC_Employee_Person_Details" status="PASSED">
         <system-out><![CDATA[27-12-2024T08:03:46 - [TEST_CASE][PASSED] - Test Cases/Employee_Onboarding/TC_Employee_Person_Details: Test Cases/Employee_Onboarding/TC_Employee_Person_Details

27-12-2024T08:03:46 - [TEST_STEP][PASSED] - click(findTestObject("Object Repository/Employee-Onboarding/Employee_Personal_Details_Objects/Page_OrangeHRM/span_PIM")): Object: 'Object Repository/Employee-Onboarding/Employee_Personal_Details_Objects/Page_OrangeHRM/span_PIM' is clicked on

27-12-2024T08:03:47 - [MESSAGE][PASSED] - Object: 'Object Repository/Employee-Onboarding/Employee_Personal_Details_Objects/Page_OrangeHRM/span_PIM' is clicked on

27-12-2024T08:03:47 - [TEST_STEP][PASSED] - setText(findTestObject("Object Repository/Employee-Onboarding/Employee_Personal_Details_Objects/Page_OrangeHRM/input"), Employee_Fullname): Text 'Roy Fischer' is set on object 'Object Repository/Employee-Onboarding/Employee_Personal_Details_Objects/Page_OrangeHRM/input'

27-12-2024T08:03:49 - [MESSAGE][PASSED] - Text 'Roy Fischer' is set on object 'Object Repository/Employee-Onboarding/Employee_Personal_Details_Objects/Page_OrangeHRM/input'

27-12-2024T08:03:49 - [TEST_STEP][PASSED] - click(findTestObject("Object Repository/Employee-Onboarding/Employee_Personal_Details_Objects/Page_OrangeHRM/button_Search")): Object: 'Object Repository/Employee-Onboarding/Employee_Personal_Details_Objects/Page_OrangeHRM/button_Search' is clicked on

27-12-2024T08:03:50 - [MESSAGE][PASSED] - Object: 'Object Repository/Employee-Onboarding/Employee_Personal_Details_Objects/Page_OrangeHRM/button_Search' is clicked on

27-12-2024T08:03:50 - [TEST_STEP][PASSED] - click(findTestObject("Object Repository/Employee-Onboarding/Employee_Personal_Details_Objects/Page_OrangeHRM/div_0034008")): Object: 'Object Repository/Employee-Onboarding/Employee_Personal_Details_Objects/Page_OrangeHRM/div_0034008' is clicked on

27-12-2024T08:03:51 - [MESSAGE][PASSED] - Object: 'Object Repository/Employee-Onboarding/Employee_Personal_Details_Objects/Page_OrangeHRM/div_0034008' is clicked on

27-12-2024T08:03:51 - [TEST_STEP][PASSED] - click(findTestObject("Object Repository/Employee-Onboarding/Employee_Personal_Details_Objects/Page_OrangeHRM/a_Personal Details")): Object: 'Object Repository/Employee-Onboarding/Employee_Personal_Details_Objects/Page_OrangeHRM/a_Personal Details' is clicked on

27-12-2024T08:03:54 - [MESSAGE][PASSED] - Object: 'Object Repository/Employee-Onboarding/Employee_Personal_Details_Objects/Page_OrangeHRM/a_Personal Details' is clicked on

27-12-2024T08:03:54 - [TEST_STEP][PASSED] - setText(findTestObject("Object Repository/Employee-Onboarding/Employee_Personal_Details_Objects/Page_OrangeHRM/input_concat(Driver, , s License Number)_ox_6ab805"), Driving_License_Number): Text '3UTGMVUS4O' is set on object 'Object Repository/Employee-Onboarding/Employee_Personal_Details_Objects/Page_OrangeHRM/input_concat(Driver, , s License Number)_ox_6ab805'

27-12-2024T08:03:57 - [MESSAGE][PASSED] - Text '3UTGMVUS4O' is set on object 'Object Repository/Employee-Onboarding/Employee_Personal_Details_Objects/Page_OrangeHRM/input_concat(Driver, , s License Number)_ox_6ab805'

27-12-2024T08:03:57 - [TEST_STEP][PASSED] - setText(findTestObject("Object Repository/Employee-Onboarding/Employee_Personal_Details_Objects/Page_OrangeHRM/input_License Expiry Date_oxd-input oxd-inp_5d7d79"), License_Expiry_Date): Text '2025-12-12' is set on object 'Object Repository/Employee-Onboarding/Employee_Personal_Details_Objects/Page_OrangeHRM/input_License Expiry Date_oxd-input oxd-inp_5d7d79'

27-12-2024T08:03:58 - [MESSAGE][PASSED] - Text '2025-12-12' is set on object 'Object Repository/Employee-Onboarding/Employee_Personal_Details_Objects/Page_OrangeHRM/input_License Expiry Date_oxd-input oxd-inp_5d7d79'

27-12-2024T08:03:58 - [TEST_STEP][PASSED] - click(findTestObject("Object Repository/Employee-Onboarding/Employee_Personal_Details_Objects/Page_OrangeHRM/div_-- Select --")): Object: 'Object Repository/Employee-Onboarding/Employee_Personal_Details_Objects/Page_OrangeHRM/div_-- Select --' is clicked on

27-12-2024T08:03:58 - [MESSAGE][PASSED] - Object: 'Object Repository/Employee-Onboarding/Employee_Personal_Details_Objects/Page_OrangeHRM/div_-- Select --' is clicked on

27-12-2024T08:03:58 - [TEST_STEP][PASSED] - click(findTestObject("Employee-Onboarding/Employee_Salary_Detail_Objects/Page_OrangeHRM/custom_object_for_dropdown", ["value":Employee_Nationality])): Object: 'Object Repository/Employee-Onboarding/Employee_Salary_Detail_Objects/Page_OrangeHRM/custom_object_for_dropdown' is clicked on

27-12-2024T08:03:58 - [MESSAGE][PASSED] - Object: 'Object Repository/Employee-Onboarding/Employee_Salary_Detail_Objects/Page_OrangeHRM/custom_object_for_dropdown' is clicked on

27-12-2024T08:03:58 - [TEST_STEP][PASSED] - click(findTestObject("Object Repository/Employee-Onboarding/Employee_Personal_Details_Objects/Page_OrangeHRM/div_-- Select --_1")): Object: 'Object Repository/Employee-Onboarding/Employee_Personal_Details_Objects/Page_OrangeHRM/div_-- Select --_1' is clicked on

27-12-2024T08:03:59 - [MESSAGE][PASSED] - Object: 'Object Repository/Employee-Onboarding/Employee_Personal_Details_Objects/Page_OrangeHRM/div_-- Select --_1' is clicked on

27-12-2024T08:03:59 - [TEST_STEP][PASSED] - click(findTestObject("Employee-Onboarding/Employee_Salary_Detail_Objects/Page_OrangeHRM/custom_object_for_dropdown", ["value":Employee_Marital_Status])): Object: 'Object Repository/Employee-Onboarding/Employee_Salary_Detail_Objects/Page_OrangeHRM/custom_object_for_dropdown' is clicked on

27-12-2024T08:03:59 - [MESSAGE][PASSED] - Object: 'Object Repository/Employee-Onboarding/Employee_Salary_Detail_Objects/Page_OrangeHRM/custom_object_for_dropdown' is clicked on

27-12-2024T08:03:59 - [TEST_STEP][PASSED] - setText(findTestObject("Object Repository/Employee-Onboarding/Employee_Personal_Details_Objects/Page_OrangeHRM/input_Date of Birth_oxd-input oxd-input--focus"), Employee_DOB): Text '1982-11-21' is set on object 'Object Repository/Employee-Onboarding/Employee_Personal_Details_Objects/Page_OrangeHRM/input_Date of Birth_oxd-input oxd-input--focus'

27-12-2024T08:04:00 - [MESSAGE][PASSED] - Text '1982-11-21' is set on object 'Object Repository/Employee-Onboarding/Employee_Personal_Details_Objects/Page_OrangeHRM/input_Date of Birth_oxd-input oxd-input--focus'

27-12-2024T08:04:00 - [TEST_STEP][PASSED] - click(findTestObject("Object Repository/Employee-Onboarding/Employee_Personal_Details_Objects/Page_OrangeHRM/span_Male_oxd-radio-input oxd-radio-input--_b0de6e")): Object: 'Object Repository/Employee-Onboarding/Employee_Personal_Details_Objects/Page_OrangeHRM/span_Male_oxd-radio-input oxd-radio-input--_b0de6e' is clicked on

27-12-2024T08:04:00 - [MESSAGE][PASSED] - Object: 'Object Repository/Employee-Onboarding/Employee_Personal_Details_Objects/Page_OrangeHRM/span_Male_oxd-radio-input oxd-radio-input--_b0de6e' is clicked on

27-12-2024T08:04:00 - [TEST_STEP][PASSED] - click(findTestObject("Object Repository/Employee-Onboarding/Employee_Personal_Details_Objects/Page_OrangeHRM/button_Save")): Object: 'Object Repository/Employee-Onboarding/Employee_Personal_Details_Objects/Page_OrangeHRM/button_Save' is clicked on

27-12-2024T08:04:00 - [MESSAGE][PASSED] - Object: 'Object Repository/Employee-Onboarding/Employee_Personal_Details_Objects/Page_OrangeHRM/button_Save' is clicked on]]></system-out>
         <system-err><![CDATA[]]></system-err>
      </testcase>
      <testcase name="Test Cases/Employee_Onboarding/TC_Employee_Person_Details" time="14.891" classname="Test Cases/Employee_Onboarding/TC_Employee_Person_Details" status="PASSED">
         <system-out><![CDATA[27-12-2024T08:04:00 - [TEST_CASE][PASSED] - Test Cases/Employee_Onboarding/TC_Employee_Person_Details: Test Cases/Employee_Onboarding/TC_Employee_Person_Details

27-12-2024T08:04:00 - [TEST_STEP][PASSED] - click(findTestObject("Object Repository/Employee-Onboarding/Employee_Personal_Details_Objects/Page_OrangeHRM/span_PIM")): Object: 'Object Repository/Employee-Onboarding/Employee_Personal_Details_Objects/Page_OrangeHRM/span_PIM' is clicked on

27-12-2024T08:04:02 - [MESSAGE][PASSED] - Object: 'Object Repository/Employee-Onboarding/Employee_Personal_Details_Objects/Page_OrangeHRM/span_PIM' is clicked on

27-12-2024T08:04:02 - [TEST_STEP][PASSED] - setText(findTestObject("Object Repository/Employee-Onboarding/Employee_Personal_Details_Objects/Page_OrangeHRM/input"), Employee_Fullname): Text 'Sarah Vasquez' is set on object 'Object Repository/Employee-Onboarding/Employee_Personal_Details_Objects/Page_OrangeHRM/input'

27-12-2024T08:04:04 - [MESSAGE][PASSED] - Text 'Sarah Vasquez' is set on object 'Object Repository/Employee-Onboarding/Employee_Personal_Details_Objects/Page_OrangeHRM/input'

27-12-2024T08:04:04 - [TEST_STEP][PASSED] - click(findTestObject("Object Repository/Employee-Onboarding/Employee_Personal_Details_Objects/Page_OrangeHRM/button_Search")): Object: 'Object Repository/Employee-Onboarding/Employee_Personal_Details_Objects/Page_OrangeHRM/button_Search' is clicked on

27-12-2024T08:04:05 - [MESSAGE][PASSED] - Object: 'Object Repository/Employee-Onboarding/Employee_Personal_Details_Objects/Page_OrangeHRM/button_Search' is clicked on

27-12-2024T08:04:05 - [TEST_STEP][PASSED] - click(findTestObject("Object Repository/Employee-Onboarding/Employee_Personal_Details_Objects/Page_OrangeHRM/div_0034008")): Object: 'Object Repository/Employee-Onboarding/Employee_Personal_Details_Objects/Page_OrangeHRM/div_0034008' is clicked on

27-12-2024T08:04:06 - [MESSAGE][PASSED] - Object: 'Object Repository/Employee-Onboarding/Employee_Personal_Details_Objects/Page_OrangeHRM/div_0034008' is clicked on

27-12-2024T08:04:06 - [TEST_STEP][PASSED] - click(findTestObject("Object Repository/Employee-Onboarding/Employee_Personal_Details_Objects/Page_OrangeHRM/a_Personal Details")): Object: 'Object Repository/Employee-Onboarding/Employee_Personal_Details_Objects/Page_OrangeHRM/a_Personal Details' is clicked on

27-12-2024T08:04:09 - [MESSAGE][PASSED] - Object: 'Object Repository/Employee-Onboarding/Employee_Personal_Details_Objects/Page_OrangeHRM/a_Personal Details' is clicked on

27-12-2024T08:04:09 - [TEST_STEP][PASSED] - setText(findTestObject("Object Repository/Employee-Onboarding/Employee_Personal_Details_Objects/Page_OrangeHRM/input_concat(Driver, , s License Number)_ox_6ab805"), Driving_License_Number): Text 'CKWTJPTFS2' is set on object 'Object Repository/Employee-Onboarding/Employee_Personal_Details_Objects/Page_OrangeHRM/input_concat(Driver, , s License Number)_ox_6ab805'

27-12-2024T08:04:12 - [MESSAGE][PASSED] - Text 'CKWTJPTFS2' is set on object 'Object Repository/Employee-Onboarding/Employee_Personal_Details_Objects/Page_OrangeHRM/input_concat(Driver, , s License Number)_ox_6ab805'

27-12-2024T08:04:12 - [TEST_STEP][PASSED] - setText(findTestObject("Object Repository/Employee-Onboarding/Employee_Personal_Details_Objects/Page_OrangeHRM/input_License Expiry Date_oxd-input oxd-inp_5d7d79"), License_Expiry_Date): Text '2025-12-12' is set on object 'Object Repository/Employee-Onboarding/Employee_Personal_Details_Objects/Page_OrangeHRM/input_License Expiry Date_oxd-input oxd-inp_5d7d79'

27-12-2024T08:04:12 - [MESSAGE][PASSED] - Text '2025-12-12' is set on object 'Object Repository/Employee-Onboarding/Employee_Personal_Details_Objects/Page_OrangeHRM/input_License Expiry Date_oxd-input oxd-inp_5d7d79'

27-12-2024T08:04:12 - [TEST_STEP][PASSED] - click(findTestObject("Object Repository/Employee-Onboarding/Employee_Personal_Details_Objects/Page_OrangeHRM/div_-- Select --")): Object: 'Object Repository/Employee-Onboarding/Employee_Personal_Details_Objects/Page_OrangeHRM/div_-- Select --' is clicked on

27-12-2024T08:04:13 - [MESSAGE][PASSED] - Object: 'Object Repository/Employee-Onboarding/Employee_Personal_Details_Objects/Page_OrangeHRM/div_-- Select --' is clicked on

27-12-2024T08:04:13 - [TEST_STEP][PASSED] - click(findTestObject("Employee-Onboarding/Employee_Salary_Detail_Objects/Page_OrangeHRM/custom_object_for_dropdown", ["value":Employee_Nationality])): Object: 'Object Repository/Employee-Onboarding/Employee_Salary_Detail_Objects/Page_OrangeHRM/custom_object_for_dropdown' is clicked on

27-12-2024T08:04:13 - [MESSAGE][PASSED] - Object: 'Object Repository/Employee-Onboarding/Employee_Salary_Detail_Objects/Page_OrangeHRM/custom_object_for_dropdown' is clicked on

27-12-2024T08:04:13 - [TEST_STEP][PASSED] - click(findTestObject("Object Repository/Employee-Onboarding/Employee_Personal_Details_Objects/Page_OrangeHRM/div_-- Select --_1")): Object: 'Object Repository/Employee-Onboarding/Employee_Personal_Details_Objects/Page_OrangeHRM/div_-- Select --_1' is clicked on

27-12-2024T08:04:14 - [MESSAGE][PASSED] - Object: 'Object Repository/Employee-Onboarding/Employee_Personal_Details_Objects/Page_OrangeHRM/div_-- Select --_1' is clicked on

27-12-2024T08:04:14 - [TEST_STEP][PASSED] - click(findTestObject("Employee-Onboarding/Employee_Salary_Detail_Objects/Page_OrangeHRM/custom_object_for_dropdown", ["value":Employee_Marital_Status])): Object: 'Object Repository/Employee-Onboarding/Employee_Salary_Detail_Objects/Page_OrangeHRM/custom_object_for_dropdown' is clicked on

27-12-2024T08:04:14 - [MESSAGE][PASSED] - Object: 'Object Repository/Employee-Onboarding/Employee_Salary_Detail_Objects/Page_OrangeHRM/custom_object_for_dropdown' is clicked on

27-12-2024T08:04:14 - [TEST_STEP][PASSED] - setText(findTestObject("Object Repository/Employee-Onboarding/Employee_Personal_Details_Objects/Page_OrangeHRM/input_Date of Birth_oxd-input oxd-input--focus"), Employee_DOB): Text '1970-11-30' is set on object 'Object Repository/Employee-Onboarding/Employee_Personal_Details_Objects/Page_OrangeHRM/input_Date of Birth_oxd-input oxd-input--focus'

27-12-2024T08:04:15 - [MESSAGE][PASSED] - Text '1970-11-30' is set on object 'Object Repository/Employee-Onboarding/Employee_Personal_Details_Objects/Page_OrangeHRM/input_Date of Birth_oxd-input oxd-input--focus'

27-12-2024T08:04:15 - [TEST_STEP][PASSED] - click(findTestObject("Object Repository/Employee-Onboarding/Employee_Personal_Details_Objects/Page_OrangeHRM/span_Male_oxd-radio-input oxd-radio-input--_b0de6e")): Object: 'Object Repository/Employee-Onboarding/Employee_Personal_Details_Objects/Page_OrangeHRM/span_Male_oxd-radio-input oxd-radio-input--_b0de6e' is clicked on

27-12-2024T08:04:15 - [MESSAGE][PASSED] - Object: 'Object Repository/Employee-Onboarding/Employee_Personal_Details_Objects/Page_OrangeHRM/span_Male_oxd-radio-input oxd-radio-input--_b0de6e' is clicked on

27-12-2024T08:04:15 - [TEST_STEP][PASSED] - click(findTestObject("Object Repository/Employee-Onboarding/Employee_Personal_Details_Objects/Page_OrangeHRM/button_Save")): Object: 'Object Repository/Employee-Onboarding/Employee_Personal_Details_Objects/Page_OrangeHRM/button_Save' is clicked on

27-12-2024T08:04:15 - [MESSAGE][PASSED] - Object: 'Object Repository/Employee-Onboarding/Employee_Personal_Details_Objects/Page_OrangeHRM/button_Save' is clicked on]]></system-out>
         <system-err><![CDATA[]]></system-err>
      </testcase>
      <testcase name="Test Cases/Employee_Onboarding/TC_Employee_Person_Details" time="16.318" classname="Test Cases/Employee_Onboarding/TC_Employee_Person_Details" status="PASSED">
         <system-out><![CDATA[27-12-2024T08:04:15 - [TEST_CASE][PASSED] - Test Cases/Employee_Onboarding/TC_Employee_Person_Details: Test Cases/Employee_Onboarding/TC_Employee_Person_Details

27-12-2024T08:04:15 - [TEST_STEP][PASSED] - click(findTestObject("Object Repository/Employee-Onboarding/Employee_Personal_Details_Objects/Page_OrangeHRM/span_PIM")): Object: 'Object Repository/Employee-Onboarding/Employee_Personal_Details_Objects/Page_OrangeHRM/span_PIM' is clicked on

27-12-2024T08:04:17 - [MESSAGE][PASSED] - Object: 'Object Repository/Employee-Onboarding/Employee_Personal_Details_Objects/Page_OrangeHRM/span_PIM' is clicked on

27-12-2024T08:04:17 - [TEST_STEP][PASSED] - setText(findTestObject("Object Repository/Employee-Onboarding/Employee_Personal_Details_Objects/Page_OrangeHRM/input"), Employee_Fullname): Text 'Margaret Williams' is set on object 'Object Repository/Employee-Onboarding/Employee_Personal_Details_Objects/Page_OrangeHRM/input'

27-12-2024T08:04:19 - [MESSAGE][PASSED] - Text 'Margaret Williams' is set on object 'Object Repository/Employee-Onboarding/Employee_Personal_Details_Objects/Page_OrangeHRM/input'

27-12-2024T08:04:19 - [TEST_STEP][PASSED] - click(findTestObject("Object Repository/Employee-Onboarding/Employee_Personal_Details_Objects/Page_OrangeHRM/button_Search")): Object: 'Object Repository/Employee-Onboarding/Employee_Personal_Details_Objects/Page_OrangeHRM/button_Search' is clicked on

27-12-2024T08:04:20 - [MESSAGE][PASSED] - Object: 'Object Repository/Employee-Onboarding/Employee_Personal_Details_Objects/Page_OrangeHRM/button_Search' is clicked on

27-12-2024T08:04:20 - [TEST_STEP][PASSED] - click(findTestObject("Object Repository/Employee-Onboarding/Employee_Personal_Details_Objects/Page_OrangeHRM/div_0034008")): Object: 'Object Repository/Employee-Onboarding/Employee_Personal_Details_Objects/Page_OrangeHRM/div_0034008' is clicked on

27-12-2024T08:04:21 - [MESSAGE][PASSED] - Object: 'Object Repository/Employee-Onboarding/Employee_Personal_Details_Objects/Page_OrangeHRM/div_0034008' is clicked on

27-12-2024T08:04:21 - [TEST_STEP][PASSED] - click(findTestObject("Object Repository/Employee-Onboarding/Employee_Personal_Details_Objects/Page_OrangeHRM/a_Personal Details")): Object: 'Object Repository/Employee-Onboarding/Employee_Personal_Details_Objects/Page_OrangeHRM/a_Personal Details' is clicked on

27-12-2024T08:04:24 - [MESSAGE][PASSED] - Object: 'Object Repository/Employee-Onboarding/Employee_Personal_Details_Objects/Page_OrangeHRM/a_Personal Details' is clicked on

27-12-2024T08:04:24 - [TEST_STEP][PASSED] - setText(findTestObject("Object Repository/Employee-Onboarding/Employee_Personal_Details_Objects/Page_OrangeHRM/input_concat(Driver, , s License Number)_ox_6ab805"), Driving_License_Number): Text '2VKYEG7036' is set on object 'Object Repository/Employee-Onboarding/Employee_Personal_Details_Objects/Page_OrangeHRM/input_concat(Driver, , s License Number)_ox_6ab805'

27-12-2024T08:04:28 - [MESSAGE][PASSED] - Text '2VKYEG7036' is set on object 'Object Repository/Employee-Onboarding/Employee_Personal_Details_Objects/Page_OrangeHRM/input_concat(Driver, , s License Number)_ox_6ab805'

27-12-2024T08:04:28 - [TEST_STEP][PASSED] - setText(findTestObject("Object Repository/Employee-Onboarding/Employee_Personal_Details_Objects/Page_OrangeHRM/input_License Expiry Date_oxd-input oxd-inp_5d7d79"), License_Expiry_Date): Text '2025-12-12' is set on object 'Object Repository/Employee-Onboarding/Employee_Personal_Details_Objects/Page_OrangeHRM/input_License Expiry Date_oxd-input oxd-inp_5d7d79'

27-12-2024T08:04:29 - [MESSAGE][PASSED] - Text '2025-12-12' is set on object 'Object Repository/Employee-Onboarding/Employee_Personal_Details_Objects/Page_OrangeHRM/input_License Expiry Date_oxd-input oxd-inp_5d7d79'

27-12-2024T08:04:29 - [TEST_STEP][PASSED] - click(findTestObject("Object Repository/Employee-Onboarding/Employee_Personal_Details_Objects/Page_OrangeHRM/div_-- Select --")): Object: 'Object Repository/Employee-Onboarding/Employee_Personal_Details_Objects/Page_OrangeHRM/div_-- Select --' is clicked on

27-12-2024T08:04:29 - [MESSAGE][PASSED] - Object: 'Object Repository/Employee-Onboarding/Employee_Personal_Details_Objects/Page_OrangeHRM/div_-- Select --' is clicked on

27-12-2024T08:04:29 - [TEST_STEP][PASSED] - click(findTestObject("Employee-Onboarding/Employee_Salary_Detail_Objects/Page_OrangeHRM/custom_object_for_dropdown", ["value":Employee_Nationality])): Object: 'Object Repository/Employee-Onboarding/Employee_Salary_Detail_Objects/Page_OrangeHRM/custom_object_for_dropdown' is clicked on

27-12-2024T08:04:29 - [MESSAGE][PASSED] - Object: 'Object Repository/Employee-Onboarding/Employee_Salary_Detail_Objects/Page_OrangeHRM/custom_object_for_dropdown' is clicked on

27-12-2024T08:04:29 - [TEST_STEP][PASSED] - click(findTestObject("Object Repository/Employee-Onboarding/Employee_Personal_Details_Objects/Page_OrangeHRM/div_-- Select --_1")): Object: 'Object Repository/Employee-Onboarding/Employee_Personal_Details_Objects/Page_OrangeHRM/div_-- Select --_1' is clicked on

27-12-2024T08:04:30 - [MESSAGE][PASSED] - Object: 'Object Repository/Employee-Onboarding/Employee_Personal_Details_Objects/Page_OrangeHRM/div_-- Select --_1' is clicked on

27-12-2024T08:04:30 - [TEST_STEP][PASSED] - click(findTestObject("Employee-Onboarding/Employee_Salary_Detail_Objects/Page_OrangeHRM/custom_object_for_dropdown", ["value":Employee_Marital_Status])): Object: 'Object Repository/Employee-Onboarding/Employee_Salary_Detail_Objects/Page_OrangeHRM/custom_object_for_dropdown' is clicked on

27-12-2024T08:04:30 - [MESSAGE][PASSED] - Object: 'Object Repository/Employee-Onboarding/Employee_Salary_Detail_Objects/Page_OrangeHRM/custom_object_for_dropdown' is clicked on

27-12-2024T08:04:30 - [TEST_STEP][PASSED] - setText(findTestObject("Object Repository/Employee-Onboarding/Employee_Personal_Details_Objects/Page_OrangeHRM/input_Date of Birth_oxd-input oxd-input--focus"), Employee_DOB): Text '1969-10-02' is set on object 'Object Repository/Employee-Onboarding/Employee_Personal_Details_Objects/Page_OrangeHRM/input_Date of Birth_oxd-input oxd-input--focus'

27-12-2024T08:04:31 - [MESSAGE][PASSED] - Text '1969-10-02' is set on object 'Object Repository/Employee-Onboarding/Employee_Personal_Details_Objects/Page_OrangeHRM/input_Date of Birth_oxd-input oxd-input--focus'

27-12-2024T08:04:31 - [TEST_STEP][PASSED] - click(findTestObject("Object Repository/Employee-Onboarding/Employee_Personal_Details_Objects/Page_OrangeHRM/span_Male_oxd-radio-input oxd-radio-input--_b0de6e")): Object: 'Object Repository/Employee-Onboarding/Employee_Personal_Details_Objects/Page_OrangeHRM/span_Male_oxd-radio-input oxd-radio-input--_b0de6e' is clicked on

27-12-2024T08:04:31 - [MESSAGE][PASSED] - Object: 'Object Repository/Employee-Onboarding/Employee_Personal_Details_Objects/Page_OrangeHRM/span_Male_oxd-radio-input oxd-radio-input--_b0de6e' is clicked on

27-12-2024T08:04:31 - [TEST_STEP][PASSED] - click(findTestObject("Object Repository/Employee-Onboarding/Employee_Personal_Details_Objects/Page_OrangeHRM/button_Save")): Object: 'Object Repository/Employee-Onboarding/Employee_Personal_Details_Objects/Page_OrangeHRM/button_Save' is clicked on

27-12-2024T08:04:32 - [MESSAGE][PASSED] - Object: 'Object Repository/Employee-Onboarding/Employee_Personal_Details_Objects/Page_OrangeHRM/button_Save' is clicked on]]></system-out>
         <system-err><![CDATA[]]></system-err>
      </testcase>
      <testcase name="Test Cases/Employee_Onboarding/TC_Employee_Person_Details" time="15.162" classname="Test Cases/Employee_Onboarding/TC_Employee_Person_Details" status="PASSED">
         <system-out><![CDATA[27-12-2024T08:04:32 - [TEST_CASE][PASSED] - Test Cases/Employee_Onboarding/TC_Employee_Person_Details: Test Cases/Employee_Onboarding/TC_Employee_Person_Details

27-12-2024T08:04:32 - [TEST_STEP][PASSED] - click(findTestObject("Object Repository/Employee-Onboarding/Employee_Personal_Details_Objects/Page_OrangeHRM/span_PIM")): Object: 'Object Repository/Employee-Onboarding/Employee_Personal_Details_Objects/Page_OrangeHRM/span_PIM' is clicked on

27-12-2024T08:04:34 - [MESSAGE][PASSED] - Object: 'Object Repository/Employee-Onboarding/Employee_Personal_Details_Objects/Page_OrangeHRM/span_PIM' is clicked on

27-12-2024T08:04:34 - [TEST_STEP][PASSED] - setText(findTestObject("Object Repository/Employee-Onboarding/Employee_Personal_Details_Objects/Page_OrangeHRM/input"), Employee_Fullname): Text 'Cody Rose' is set on object 'Object Repository/Employee-Onboarding/Employee_Personal_Details_Objects/Page_OrangeHRM/input'

27-12-2024T08:04:36 - [MESSAGE][PASSED] - Text 'Cody Rose' is set on object 'Object Repository/Employee-Onboarding/Employee_Personal_Details_Objects/Page_OrangeHRM/input'

27-12-2024T08:04:36 - [TEST_STEP][PASSED] - click(findTestObject("Object Repository/Employee-Onboarding/Employee_Personal_Details_Objects/Page_OrangeHRM/button_Search")): Object: 'Object Repository/Employee-Onboarding/Employee_Personal_Details_Objects/Page_OrangeHRM/button_Search' is clicked on

27-12-2024T08:04:36 - [MESSAGE][PASSED] - Object: 'Object Repository/Employee-Onboarding/Employee_Personal_Details_Objects/Page_OrangeHRM/button_Search' is clicked on

27-12-2024T08:04:36 - [TEST_STEP][PASSED] - click(findTestObject("Object Repository/Employee-Onboarding/Employee_Personal_Details_Objects/Page_OrangeHRM/div_0034008")): Object: 'Object Repository/Employee-Onboarding/Employee_Personal_Details_Objects/Page_OrangeHRM/div_0034008' is clicked on

27-12-2024T08:04:38 - [MESSAGE][PASSED] - Object: 'Object Repository/Employee-Onboarding/Employee_Personal_Details_Objects/Page_OrangeHRM/div_0034008' is clicked on

27-12-2024T08:04:38 - [TEST_STEP][PASSED] - click(findTestObject("Object Repository/Employee-Onboarding/Employee_Personal_Details_Objects/Page_OrangeHRM/a_Personal Details")): Object: 'Object Repository/Employee-Onboarding/Employee_Personal_Details_Objects/Page_OrangeHRM/a_Personal Details' is clicked on

27-12-2024T08:04:41 - [MESSAGE][PASSED] - Object: 'Object Repository/Employee-Onboarding/Employee_Personal_Details_Objects/Page_OrangeHRM/a_Personal Details' is clicked on

27-12-2024T08:04:41 - [TEST_STEP][PASSED] - setText(findTestObject("Object Repository/Employee-Onboarding/Employee_Personal_Details_Objects/Page_OrangeHRM/input_concat(Driver, , s License Number)_ox_6ab805"), Driving_License_Number): Text 'ER51XC0OFM' is set on object 'Object Repository/Employee-Onboarding/Employee_Personal_Details_Objects/Page_OrangeHRM/input_concat(Driver, , s License Number)_ox_6ab805'

27-12-2024T08:04:43 - [MESSAGE][PASSED] - Text 'ER51XC0OFM' is set on object 'Object Repository/Employee-Onboarding/Employee_Personal_Details_Objects/Page_OrangeHRM/input_concat(Driver, , s License Number)_ox_6ab805'

27-12-2024T08:04:43 - [TEST_STEP][PASSED] - setText(findTestObject("Object Repository/Employee-Onboarding/Employee_Personal_Details_Objects/Page_OrangeHRM/input_License Expiry Date_oxd-input oxd-inp_5d7d79"), License_Expiry_Date): Text '2025-12-12' is set on object 'Object Repository/Employee-Onboarding/Employee_Personal_Details_Objects/Page_OrangeHRM/input_License Expiry Date_oxd-input oxd-inp_5d7d79'

27-12-2024T08:04:44 - [MESSAGE][PASSED] - Text '2025-12-12' is set on object 'Object Repository/Employee-Onboarding/Employee_Personal_Details_Objects/Page_OrangeHRM/input_License Expiry Date_oxd-input oxd-inp_5d7d79'

27-12-2024T08:04:44 - [TEST_STEP][PASSED] - click(findTestObject("Object Repository/Employee-Onboarding/Employee_Personal_Details_Objects/Page_OrangeHRM/div_-- Select --")): Object: 'Object Repository/Employee-Onboarding/Employee_Personal_Details_Objects/Page_OrangeHRM/div_-- Select --' is clicked on

27-12-2024T08:04:44 - [MESSAGE][PASSED] - Object: 'Object Repository/Employee-Onboarding/Employee_Personal_Details_Objects/Page_OrangeHRM/div_-- Select --' is clicked on

27-12-2024T08:04:44 - [TEST_STEP][PASSED] - click(findTestObject("Employee-Onboarding/Employee_Salary_Detail_Objects/Page_OrangeHRM/custom_object_for_dropdown", ["value":Employee_Nationality])): Object: 'Object Repository/Employee-Onboarding/Employee_Salary_Detail_Objects/Page_OrangeHRM/custom_object_for_dropdown' is clicked on

27-12-2024T08:04:45 - [MESSAGE][PASSED] - Object: 'Object Repository/Employee-Onboarding/Employee_Salary_Detail_Objects/Page_OrangeHRM/custom_object_for_dropdown' is clicked on

27-12-2024T08:04:45 - [TEST_STEP][PASSED] - click(findTestObject("Object Repository/Employee-Onboarding/Employee_Personal_Details_Objects/Page_OrangeHRM/div_-- Select --_1")): Object: 'Object Repository/Employee-Onboarding/Employee_Personal_Details_Objects/Page_OrangeHRM/div_-- Select --_1' is clicked on

27-12-2024T08:04:45 - [MESSAGE][PASSED] - Object: 'Object Repository/Employee-Onboarding/Employee_Personal_Details_Objects/Page_OrangeHRM/div_-- Select --_1' is clicked on

27-12-2024T08:04:45 - [TEST_STEP][PASSED] - click(findTestObject("Employee-Onboarding/Employee_Salary_Detail_Objects/Page_OrangeHRM/custom_object_for_dropdown", ["value":Employee_Marital_Status])): Object: 'Object Repository/Employee-Onboarding/Employee_Salary_Detail_Objects/Page_OrangeHRM/custom_object_for_dropdown' is clicked on

27-12-2024T08:04:46 - [MESSAGE][PASSED] - Object: 'Object Repository/Employee-Onboarding/Employee_Salary_Detail_Objects/Page_OrangeHRM/custom_object_for_dropdown' is clicked on

27-12-2024T08:04:46 - [TEST_STEP][PASSED] - setText(findTestObject("Object Repository/Employee-Onboarding/Employee_Personal_Details_Objects/Page_OrangeHRM/input_Date of Birth_oxd-input oxd-input--focus"), Employee_DOB): Text '1998-01-30' is set on object 'Object Repository/Employee-Onboarding/Employee_Personal_Details_Objects/Page_OrangeHRM/input_Date of Birth_oxd-input oxd-input--focus'

27-12-2024T08:04:46 - [MESSAGE][PASSED] - Text '1998-01-30' is set on object 'Object Repository/Employee-Onboarding/Employee_Personal_Details_Objects/Page_OrangeHRM/input_Date of Birth_oxd-input oxd-input--focus'

27-12-2024T08:04:46 - [TEST_STEP][PASSED] - click(findTestObject("Object Repository/Employee-Onboarding/Employee_Personal_Details_Objects/Page_OrangeHRM/span_Male_oxd-radio-input oxd-radio-input--_b0de6e")): Object: 'Object Repository/Employee-Onboarding/Employee_Personal_Details_Objects/Page_OrangeHRM/span_Male_oxd-radio-input oxd-radio-input--_b0de6e' is clicked on

27-12-2024T08:04:47 - [MESSAGE][PASSED] - Object: 'Object Repository/Employee-Onboarding/Employee_Personal_Details_Objects/Page_OrangeHRM/span_Male_oxd-radio-input oxd-radio-input--_b0de6e' is clicked on

27-12-2024T08:04:47 - [TEST_STEP][PASSED] - click(findTestObject("Object Repository/Employee-Onboarding/Employee_Personal_Details_Objects/Page_OrangeHRM/button_Save")): Object: 'Object Repository/Employee-Onboarding/Employee_Personal_Details_Objects/Page_OrangeHRM/button_Save' is clicked on

27-12-2024T08:04:47 - [MESSAGE][PASSED] - Object: 'Object Repository/Employee-Onboarding/Employee_Personal_Details_Objects/Page_OrangeHRM/button_Save' is clicked on]]></system-out>
         <system-err><![CDATA[]]></system-err>
      </testcase>
      <testcase name="Test Cases/Employee_Onboarding/TC_Employee_Person_Details" time="15.135" classname="Test Cases/Employee_Onboarding/TC_Employee_Person_Details" status="PASSED">
         <system-out><![CDATA[27-12-2024T08:04:47 - [TEST_CASE][PASSED] - Test Cases/Employee_Onboarding/TC_Employee_Person_Details: Test Cases/Employee_Onboarding/TC_Employee_Person_Details

27-12-2024T08:04:47 - [TEST_STEP][PASSED] - click(findTestObject("Object Repository/Employee-Onboarding/Employee_Personal_Details_Objects/Page_OrangeHRM/span_PIM")): Object: 'Object Repository/Employee-Onboarding/Employee_Personal_Details_Objects/Page_OrangeHRM/span_PIM' is clicked on

27-12-2024T08:04:49 - [MESSAGE][PASSED] - Object: 'Object Repository/Employee-Onboarding/Employee_Personal_Details_Objects/Page_OrangeHRM/span_PIM' is clicked on

27-12-2024T08:04:49 - [TEST_STEP][PASSED] - setText(findTestObject("Object Repository/Employee-Onboarding/Employee_Personal_Details_Objects/Page_OrangeHRM/input"), Employee_Fullname): Text 'David Carroll' is set on object 'Object Repository/Employee-Onboarding/Employee_Personal_Details_Objects/Page_OrangeHRM/input'

27-12-2024T08:04:51 - [MESSAGE][PASSED] - Text 'David Carroll' is set on object 'Object Repository/Employee-Onboarding/Employee_Personal_Details_Objects/Page_OrangeHRM/input'

27-12-2024T08:04:51 - [TEST_STEP][PASSED] - click(findTestObject("Object Repository/Employee-Onboarding/Employee_Personal_Details_Objects/Page_OrangeHRM/button_Search")): Object: 'Object Repository/Employee-Onboarding/Employee_Personal_Details_Objects/Page_OrangeHRM/button_Search' is clicked on

27-12-2024T08:04:51 - [MESSAGE][PASSED] - Object: 'Object Repository/Employee-Onboarding/Employee_Personal_Details_Objects/Page_OrangeHRM/button_Search' is clicked on

27-12-2024T08:04:51 - [TEST_STEP][PASSED] - click(findTestObject("Object Repository/Employee-Onboarding/Employee_Personal_Details_Objects/Page_OrangeHRM/div_0034008")): Object: 'Object Repository/Employee-Onboarding/Employee_Personal_Details_Objects/Page_OrangeHRM/div_0034008' is clicked on

27-12-2024T08:04:53 - [MESSAGE][PASSED] - Object: 'Object Repository/Employee-Onboarding/Employee_Personal_Details_Objects/Page_OrangeHRM/div_0034008' is clicked on

27-12-2024T08:04:53 - [TEST_STEP][PASSED] - click(findTestObject("Object Repository/Employee-Onboarding/Employee_Personal_Details_Objects/Page_OrangeHRM/a_Personal Details")): Object: 'Object Repository/Employee-Onboarding/Employee_Personal_Details_Objects/Page_OrangeHRM/a_Personal Details' is clicked on

27-12-2024T08:04:55 - [MESSAGE][PASSED] - Object: 'Object Repository/Employee-Onboarding/Employee_Personal_Details_Objects/Page_OrangeHRM/a_Personal Details' is clicked on

27-12-2024T08:04:55 - [TEST_STEP][PASSED] - setText(findTestObject("Object Repository/Employee-Onboarding/Employee_Personal_Details_Objects/Page_OrangeHRM/input_concat(Driver, , s License Number)_ox_6ab805"), Driving_License_Number): Text 'UOKW25WSZV' is set on object 'Object Repository/Employee-Onboarding/Employee_Personal_Details_Objects/Page_OrangeHRM/input_concat(Driver, , s License Number)_ox_6ab805'

27-12-2024T08:04:59 - [MESSAGE][PASSED] - Text 'UOKW25WSZV' is set on object 'Object Repository/Employee-Onboarding/Employee_Personal_Details_Objects/Page_OrangeHRM/input_concat(Driver, , s License Number)_ox_6ab805'

27-12-2024T08:04:59 - [TEST_STEP][PASSED] - setText(findTestObject("Object Repository/Employee-Onboarding/Employee_Personal_Details_Objects/Page_OrangeHRM/input_License Expiry Date_oxd-input oxd-inp_5d7d79"), License_Expiry_Date): Text '2025-12-12' is set on object 'Object Repository/Employee-Onboarding/Employee_Personal_Details_Objects/Page_OrangeHRM/input_License Expiry Date_oxd-input oxd-inp_5d7d79'

27-12-2024T08:04:59 - [MESSAGE][PASSED] - Text '2025-12-12' is set on object 'Object Repository/Employee-Onboarding/Employee_Personal_Details_Objects/Page_OrangeHRM/input_License Expiry Date_oxd-input oxd-inp_5d7d79'

27-12-2024T08:04:59 - [TEST_STEP][PASSED] - click(findTestObject("Object Repository/Employee-Onboarding/Employee_Personal_Details_Objects/Page_OrangeHRM/div_-- Select --")): Object: 'Object Repository/Employee-Onboarding/Employee_Personal_Details_Objects/Page_OrangeHRM/div_-- Select --' is clicked on

27-12-2024T08:04:59 - [MESSAGE][PASSED] - Object: 'Object Repository/Employee-Onboarding/Employee_Personal_Details_Objects/Page_OrangeHRM/div_-- Select --' is clicked on

27-12-2024T08:04:59 - [TEST_STEP][PASSED] - click(findTestObject("Employee-Onboarding/Employee_Salary_Detail_Objects/Page_OrangeHRM/custom_object_for_dropdown", ["value":Employee_Nationality])): Object: 'Object Repository/Employee-Onboarding/Employee_Salary_Detail_Objects/Page_OrangeHRM/custom_object_for_dropdown' is clicked on

27-12-2024T08:05:00 - [MESSAGE][PASSED] - Object: 'Object Repository/Employee-Onboarding/Employee_Salary_Detail_Objects/Page_OrangeHRM/custom_object_for_dropdown' is clicked on

27-12-2024T08:05:00 - [TEST_STEP][PASSED] - click(findTestObject("Object Repository/Employee-Onboarding/Employee_Personal_Details_Objects/Page_OrangeHRM/div_-- Select --_1")): Object: 'Object Repository/Employee-Onboarding/Employee_Personal_Details_Objects/Page_OrangeHRM/div_-- Select --_1' is clicked on

27-12-2024T08:05:00 - [MESSAGE][PASSED] - Object: 'Object Repository/Employee-Onboarding/Employee_Personal_Details_Objects/Page_OrangeHRM/div_-- Select --_1' is clicked on

27-12-2024T08:05:00 - [TEST_STEP][PASSED] - click(findTestObject("Employee-Onboarding/Employee_Salary_Detail_Objects/Page_OrangeHRM/custom_object_for_dropdown", ["value":Employee_Marital_Status])): Object: 'Object Repository/Employee-Onboarding/Employee_Salary_Detail_Objects/Page_OrangeHRM/custom_object_for_dropdown' is clicked on

27-12-2024T08:05:01 - [MESSAGE][PASSED] - Object: 'Object Repository/Employee-Onboarding/Employee_Salary_Detail_Objects/Page_OrangeHRM/custom_object_for_dropdown' is clicked on

27-12-2024T08:05:01 - [TEST_STEP][PASSED] - setText(findTestObject("Object Repository/Employee-Onboarding/Employee_Personal_Details_Objects/Page_OrangeHRM/input_Date of Birth_oxd-input oxd-input--focus"), Employee_DOB): Text '2000-08-21' is set on object 'Object Repository/Employee-Onboarding/Employee_Personal_Details_Objects/Page_OrangeHRM/input_Date of Birth_oxd-input oxd-input--focus'

27-12-2024T08:05:01 - [MESSAGE][PASSED] - Text '2000-08-21' is set on object 'Object Repository/Employee-Onboarding/Employee_Personal_Details_Objects/Page_OrangeHRM/input_Date of Birth_oxd-input oxd-input--focus'

27-12-2024T08:05:01 - [TEST_STEP][PASSED] - click(findTestObject("Object Repository/Employee-Onboarding/Employee_Personal_Details_Objects/Page_OrangeHRM/span_Male_oxd-radio-input oxd-radio-input--_b0de6e")): Object: 'Object Repository/Employee-Onboarding/Employee_Personal_Details_Objects/Page_OrangeHRM/span_Male_oxd-radio-input oxd-radio-input--_b0de6e' is clicked on

27-12-2024T08:05:02 - [MESSAGE][PASSED] - Object: 'Object Repository/Employee-Onboarding/Employee_Personal_Details_Objects/Page_OrangeHRM/span_Male_oxd-radio-input oxd-radio-input--_b0de6e' is clicked on

27-12-2024T08:05:02 - [TEST_STEP][PASSED] - click(findTestObject("Object Repository/Employee-Onboarding/Employee_Personal_Details_Objects/Page_OrangeHRM/button_Save")): Object: 'Object Repository/Employee-Onboarding/Employee_Personal_Details_Objects/Page_OrangeHRM/button_Save' is clicked on

27-12-2024T08:05:02 - [MESSAGE][PASSED] - Object: 'Object Repository/Employee-Onboarding/Employee_Personal_Details_Objects/Page_OrangeHRM/button_Save' is clicked on]]></system-out>
         <system-err><![CDATA[]]></system-err>
      </testcase>
      <testcase name="Test Cases/Employee_Onboarding/TC_Employee_Person_Details" time="15.568" classname="Test Cases/Employee_Onboarding/TC_Employee_Person_Details" status="PASSED">
         <system-out><![CDATA[27-12-2024T08:05:02 - [TEST_CASE][PASSED] - Test Cases/Employee_Onboarding/TC_Employee_Person_Details: Test Cases/Employee_Onboarding/TC_Employee_Person_Details

27-12-2024T08:05:02 - [TEST_STEP][PASSED] - click(findTestObject("Object Repository/Employee-Onboarding/Employee_Personal_Details_Objects/Page_OrangeHRM/span_PIM")): Object: 'Object Repository/Employee-Onboarding/Employee_Personal_Details_Objects/Page_OrangeHRM/span_PIM' is clicked on

27-12-2024T08:05:04 - [MESSAGE][PASSED] - Object: 'Object Repository/Employee-Onboarding/Employee_Personal_Details_Objects/Page_OrangeHRM/span_PIM' is clicked on

27-12-2024T08:05:04 - [TEST_STEP][PASSED] - setText(findTestObject("Object Repository/Employee-Onboarding/Employee_Personal_Details_Objects/Page_OrangeHRM/input"), Employee_Fullname): Text 'Kari Scott' is set on object 'Object Repository/Employee-Onboarding/Employee_Personal_Details_Objects/Page_OrangeHRM/input'

27-12-2024T08:05:06 - [MESSAGE][PASSED] - Text 'Kari Scott' is set on object 'Object Repository/Employee-Onboarding/Employee_Personal_Details_Objects/Page_OrangeHRM/input'

27-12-2024T08:05:06 - [TEST_STEP][PASSED] - click(findTestObject("Object Repository/Employee-Onboarding/Employee_Personal_Details_Objects/Page_OrangeHRM/button_Search")): Object: 'Object Repository/Employee-Onboarding/Employee_Personal_Details_Objects/Page_OrangeHRM/button_Search' is clicked on

27-12-2024T08:05:06 - [MESSAGE][PASSED] - Object: 'Object Repository/Employee-Onboarding/Employee_Personal_Details_Objects/Page_OrangeHRM/button_Search' is clicked on

27-12-2024T08:05:06 - [TEST_STEP][PASSED] - click(findTestObject("Object Repository/Employee-Onboarding/Employee_Personal_Details_Objects/Page_OrangeHRM/div_0034008")): Object: 'Object Repository/Employee-Onboarding/Employee_Personal_Details_Objects/Page_OrangeHRM/div_0034008' is clicked on

27-12-2024T08:05:08 - [MESSAGE][PASSED] - Object: 'Object Repository/Employee-Onboarding/Employee_Personal_Details_Objects/Page_OrangeHRM/div_0034008' is clicked on

27-12-2024T08:05:08 - [TEST_STEP][PASSED] - click(findTestObject("Object Repository/Employee-Onboarding/Employee_Personal_Details_Objects/Page_OrangeHRM/a_Personal Details")): Object: 'Object Repository/Employee-Onboarding/Employee_Personal_Details_Objects/Page_OrangeHRM/a_Personal Details' is clicked on

27-12-2024T08:05:11 - [MESSAGE][PASSED] - Object: 'Object Repository/Employee-Onboarding/Employee_Personal_Details_Objects/Page_OrangeHRM/a_Personal Details' is clicked on

27-12-2024T08:05:11 - [TEST_STEP][PASSED] - setText(findTestObject("Object Repository/Employee-Onboarding/Employee_Personal_Details_Objects/Page_OrangeHRM/input_concat(Driver, , s License Number)_ox_6ab805"), Driving_License_Number): Text 'XBLPUWR8PX' is set on object 'Object Repository/Employee-Onboarding/Employee_Personal_Details_Objects/Page_OrangeHRM/input_concat(Driver, , s License Number)_ox_6ab805'

27-12-2024T08:05:14 - [MESSAGE][PASSED] - Text 'XBLPUWR8PX' is set on object 'Object Repository/Employee-Onboarding/Employee_Personal_Details_Objects/Page_OrangeHRM/input_concat(Driver, , s License Number)_ox_6ab805'

27-12-2024T08:05:14 - [TEST_STEP][PASSED] - setText(findTestObject("Object Repository/Employee-Onboarding/Employee_Personal_Details_Objects/Page_OrangeHRM/input_License Expiry Date_oxd-input oxd-inp_5d7d79"), License_Expiry_Date): Text '2025-12-12' is set on object 'Object Repository/Employee-Onboarding/Employee_Personal_Details_Objects/Page_OrangeHRM/input_License Expiry Date_oxd-input oxd-inp_5d7d79'

27-12-2024T08:05:15 - [MESSAGE][PASSED] - Text '2025-12-12' is set on object 'Object Repository/Employee-Onboarding/Employee_Personal_Details_Objects/Page_OrangeHRM/input_License Expiry Date_oxd-input oxd-inp_5d7d79'

27-12-2024T08:05:15 - [TEST_STEP][PASSED] - click(findTestObject("Object Repository/Employee-Onboarding/Employee_Personal_Details_Objects/Page_OrangeHRM/div_-- Select --")): Object: 'Object Repository/Employee-Onboarding/Employee_Personal_Details_Objects/Page_OrangeHRM/div_-- Select --' is clicked on

27-12-2024T08:05:15 - [MESSAGE][PASSED] - Object: 'Object Repository/Employee-Onboarding/Employee_Personal_Details_Objects/Page_OrangeHRM/div_-- Select --' is clicked on

27-12-2024T08:05:15 - [TEST_STEP][PASSED] - click(findTestObject("Employee-Onboarding/Employee_Salary_Detail_Objects/Page_OrangeHRM/custom_object_for_dropdown", ["value":Employee_Nationality])): Object: 'Object Repository/Employee-Onboarding/Employee_Salary_Detail_Objects/Page_OrangeHRM/custom_object_for_dropdown' is clicked on

27-12-2024T08:05:15 - [MESSAGE][PASSED] - Object: 'Object Repository/Employee-Onboarding/Employee_Salary_Detail_Objects/Page_OrangeHRM/custom_object_for_dropdown' is clicked on

27-12-2024T08:05:15 - [TEST_STEP][PASSED] - click(findTestObject("Object Repository/Employee-Onboarding/Employee_Personal_Details_Objects/Page_OrangeHRM/div_-- Select --_1")): Object: 'Object Repository/Employee-Onboarding/Employee_Personal_Details_Objects/Page_OrangeHRM/div_-- Select --_1' is clicked on

27-12-2024T08:05:16 - [MESSAGE][PASSED] - Object: 'Object Repository/Employee-Onboarding/Employee_Personal_Details_Objects/Page_OrangeHRM/div_-- Select --_1' is clicked on

27-12-2024T08:05:16 - [TEST_STEP][PASSED] - click(findTestObject("Employee-Onboarding/Employee_Salary_Detail_Objects/Page_OrangeHRM/custom_object_for_dropdown", ["value":Employee_Marital_Status])): Object: 'Object Repository/Employee-Onboarding/Employee_Salary_Detail_Objects/Page_OrangeHRM/custom_object_for_dropdown' is clicked on

27-12-2024T08:05:16 - [MESSAGE][PASSED] - Object: 'Object Repository/Employee-Onboarding/Employee_Salary_Detail_Objects/Page_OrangeHRM/custom_object_for_dropdown' is clicked on

27-12-2024T08:05:16 - [TEST_STEP][PASSED] - setText(findTestObject("Object Repository/Employee-Onboarding/Employee_Personal_Details_Objects/Page_OrangeHRM/input_Date of Birth_oxd-input oxd-input--focus"), Employee_DOB): Text '1992-07-15' is set on object 'Object Repository/Employee-Onboarding/Employee_Personal_Details_Objects/Page_OrangeHRM/input_Date of Birth_oxd-input oxd-input--focus'

27-12-2024T08:05:17 - [MESSAGE][PASSED] - Text '1992-07-15' is set on object 'Object Repository/Employee-Onboarding/Employee_Personal_Details_Objects/Page_OrangeHRM/input_Date of Birth_oxd-input oxd-input--focus'

27-12-2024T08:05:17 - [TEST_STEP][PASSED] - click(findTestObject("Object Repository/Employee-Onboarding/Employee_Personal_Details_Objects/Page_OrangeHRM/span_Male_oxd-radio-input oxd-radio-input--_b0de6e")): Object: 'Object Repository/Employee-Onboarding/Employee_Personal_Details_Objects/Page_OrangeHRM/span_Male_oxd-radio-input oxd-radio-input--_b0de6e' is clicked on

27-12-2024T08:05:17 - [MESSAGE][PASSED] - Object: 'Object Repository/Employee-Onboarding/Employee_Personal_Details_Objects/Page_OrangeHRM/span_Male_oxd-radio-input oxd-radio-input--_b0de6e' is clicked on

27-12-2024T08:05:17 - [TEST_STEP][PASSED] - click(findTestObject("Object Repository/Employee-Onboarding/Employee_Personal_Details_Objects/Page_OrangeHRM/button_Save")): Object: 'Object Repository/Employee-Onboarding/Employee_Personal_Details_Objects/Page_OrangeHRM/button_Save' is clicked on

27-12-2024T08:05:18 - [MESSAGE][PASSED] - Object: 'Object Repository/Employee-Onboarding/Employee_Personal_Details_Objects/Page_OrangeHRM/button_Save' is clicked on]]></system-out>
         <system-err><![CDATA[]]></system-err>
      </testcase>
      <testcase name="Test Cases/Employee_Onboarding/TC_Employee_Person_Details" time="15.263" classname="Test Cases/Employee_Onboarding/TC_Employee_Person_Details" status="PASSED">
         <system-out><![CDATA[27-12-2024T08:05:18 - [TEST_CASE][PASSED] - Test Cases/Employee_Onboarding/TC_Employee_Person_Details: Test Cases/Employee_Onboarding/TC_Employee_Person_Details

27-12-2024T08:05:18 - [TEST_STEP][PASSED] - click(findTestObject("Object Repository/Employee-Onboarding/Employee_Personal_Details_Objects/Page_OrangeHRM/span_PIM")): Object: 'Object Repository/Employee-Onboarding/Employee_Personal_Details_Objects/Page_OrangeHRM/span_PIM' is clicked on

27-12-2024T08:05:19 - [MESSAGE][PASSED] - Object: 'Object Repository/Employee-Onboarding/Employee_Personal_Details_Objects/Page_OrangeHRM/span_PIM' is clicked on

27-12-2024T08:05:19 - [TEST_STEP][PASSED] - setText(findTestObject("Object Repository/Employee-Onboarding/Employee_Personal_Details_Objects/Page_OrangeHRM/input"), Employee_Fullname): Text 'Zachary Dean' is set on object 'Object Repository/Employee-Onboarding/Employee_Personal_Details_Objects/Page_OrangeHRM/input'

27-12-2024T08:05:22 - [MESSAGE][PASSED] - Text 'Zachary Dean' is set on object 'Object Repository/Employee-Onboarding/Employee_Personal_Details_Objects/Page_OrangeHRM/input'

27-12-2024T08:05:22 - [TEST_STEP][PASSED] - click(findTestObject("Object Repository/Employee-Onboarding/Employee_Personal_Details_Objects/Page_OrangeHRM/button_Search")): Object: 'Object Repository/Employee-Onboarding/Employee_Personal_Details_Objects/Page_OrangeHRM/button_Search' is clicked on

27-12-2024T08:05:22 - [MESSAGE][PASSED] - Object: 'Object Repository/Employee-Onboarding/Employee_Personal_Details_Objects/Page_OrangeHRM/button_Search' is clicked on

27-12-2024T08:05:22 - [TEST_STEP][PASSED] - click(findTestObject("Object Repository/Employee-Onboarding/Employee_Personal_Details_Objects/Page_OrangeHRM/div_0034008")): Object: 'Object Repository/Employee-Onboarding/Employee_Personal_Details_Objects/Page_OrangeHRM/div_0034008' is clicked on

27-12-2024T08:05:24 - [MESSAGE][PASSED] - Object: 'Object Repository/Employee-Onboarding/Employee_Personal_Details_Objects/Page_OrangeHRM/div_0034008' is clicked on

27-12-2024T08:05:24 - [TEST_STEP][PASSED] - click(findTestObject("Object Repository/Employee-Onboarding/Employee_Personal_Details_Objects/Page_OrangeHRM/a_Personal Details")): Object: 'Object Repository/Employee-Onboarding/Employee_Personal_Details_Objects/Page_OrangeHRM/a_Personal Details' is clicked on

27-12-2024T08:05:27 - [MESSAGE][PASSED] - Object: 'Object Repository/Employee-Onboarding/Employee_Personal_Details_Objects/Page_OrangeHRM/a_Personal Details' is clicked on

27-12-2024T08:05:27 - [TEST_STEP][PASSED] - setText(findTestObject("Object Repository/Employee-Onboarding/Employee_Personal_Details_Objects/Page_OrangeHRM/input_concat(Driver, , s License Number)_ox_6ab805"), Driving_License_Number): Text 'W9KAWK9ZSP' is set on object 'Object Repository/Employee-Onboarding/Employee_Personal_Details_Objects/Page_OrangeHRM/input_concat(Driver, , s License Number)_ox_6ab805'

27-12-2024T08:05:29 - [MESSAGE][PASSED] - Text 'W9KAWK9ZSP' is set on object 'Object Repository/Employee-Onboarding/Employee_Personal_Details_Objects/Page_OrangeHRM/input_concat(Driver, , s License Number)_ox_6ab805'

27-12-2024T08:05:29 - [TEST_STEP][PASSED] - setText(findTestObject("Object Repository/Employee-Onboarding/Employee_Personal_Details_Objects/Page_OrangeHRM/input_License Expiry Date_oxd-input oxd-inp_5d7d79"), License_Expiry_Date): Text '2025-12-12' is set on object 'Object Repository/Employee-Onboarding/Employee_Personal_Details_Objects/Page_OrangeHRM/input_License Expiry Date_oxd-input oxd-inp_5d7d79'

27-12-2024T08:05:30 - [MESSAGE][PASSED] - Text '2025-12-12' is set on object 'Object Repository/Employee-Onboarding/Employee_Personal_Details_Objects/Page_OrangeHRM/input_License Expiry Date_oxd-input oxd-inp_5d7d79'

27-12-2024T08:05:30 - [TEST_STEP][PASSED] - click(findTestObject("Object Repository/Employee-Onboarding/Employee_Personal_Details_Objects/Page_OrangeHRM/div_-- Select --")): Object: 'Object Repository/Employee-Onboarding/Employee_Personal_Details_Objects/Page_OrangeHRM/div_-- Select --' is clicked on

27-12-2024T08:05:30 - [MESSAGE][PASSED] - Object: 'Object Repository/Employee-Onboarding/Employee_Personal_Details_Objects/Page_OrangeHRM/div_-- Select --' is clicked on

27-12-2024T08:05:30 - [TEST_STEP][PASSED] - click(findTestObject("Employee-Onboarding/Employee_Salary_Detail_Objects/Page_OrangeHRM/custom_object_for_dropdown", ["value":Employee_Nationality])): Object: 'Object Repository/Employee-Onboarding/Employee_Salary_Detail_Objects/Page_OrangeHRM/custom_object_for_dropdown' is clicked on

27-12-2024T08:05:31 - [MESSAGE][PASSED] - Object: 'Object Repository/Employee-Onboarding/Employee_Salary_Detail_Objects/Page_OrangeHRM/custom_object_for_dropdown' is clicked on

27-12-2024T08:05:31 - [TEST_STEP][PASSED] - click(findTestObject("Object Repository/Employee-Onboarding/Employee_Personal_Details_Objects/Page_OrangeHRM/div_-- Select --_1")): Object: 'Object Repository/Employee-Onboarding/Employee_Personal_Details_Objects/Page_OrangeHRM/div_-- Select --_1' is clicked on

27-12-2024T08:05:31 - [MESSAGE][PASSED] - Object: 'Object Repository/Employee-Onboarding/Employee_Personal_Details_Objects/Page_OrangeHRM/div_-- Select --_1' is clicked on

27-12-2024T08:05:31 - [TEST_STEP][PASSED] - click(findTestObject("Employee-Onboarding/Employee_Salary_Detail_Objects/Page_OrangeHRM/custom_object_for_dropdown", ["value":Employee_Marital_Status])): Object: 'Object Repository/Employee-Onboarding/Employee_Salary_Detail_Objects/Page_OrangeHRM/custom_object_for_dropdown' is clicked on

27-12-2024T08:05:32 - [MESSAGE][PASSED] - Object: 'Object Repository/Employee-Onboarding/Employee_Salary_Detail_Objects/Page_OrangeHRM/custom_object_for_dropdown' is clicked on

27-12-2024T08:05:32 - [TEST_STEP][PASSED] - setText(findTestObject("Object Repository/Employee-Onboarding/Employee_Personal_Details_Objects/Page_OrangeHRM/input_Date of Birth_oxd-input oxd-input--focus"), Employee_DOB): Text '2002-12-16' is set on object 'Object Repository/Employee-Onboarding/Employee_Personal_Details_Objects/Page_OrangeHRM/input_Date of Birth_oxd-input oxd-input--focus'

27-12-2024T08:05:32 - [MESSAGE][PASSED] - Text '2002-12-16' is set on object 'Object Repository/Employee-Onboarding/Employee_Personal_Details_Objects/Page_OrangeHRM/input_Date of Birth_oxd-input oxd-input--focus'

27-12-2024T08:05:32 - [TEST_STEP][PASSED] - click(findTestObject("Object Repository/Employee-Onboarding/Employee_Personal_Details_Objects/Page_OrangeHRM/span_Male_oxd-radio-input oxd-radio-input--_b0de6e")): Object: 'Object Repository/Employee-Onboarding/Employee_Personal_Details_Objects/Page_OrangeHRM/span_Male_oxd-radio-input oxd-radio-input--_b0de6e' is clicked on

27-12-2024T08:05:33 - [MESSAGE][PASSED] - Object: 'Object Repository/Employee-Onboarding/Employee_Personal_Details_Objects/Page_OrangeHRM/span_Male_oxd-radio-input oxd-radio-input--_b0de6e' is clicked on

27-12-2024T08:05:33 - [TEST_STEP][PASSED] - click(findTestObject("Object Repository/Employee-Onboarding/Employee_Personal_Details_Objects/Page_OrangeHRM/button_Save")): Object: 'Object Repository/Employee-Onboarding/Employee_Personal_Details_Objects/Page_OrangeHRM/button_Save' is clicked on

27-12-2024T08:05:33 - [MESSAGE][PASSED] - Object: 'Object Repository/Employee-Onboarding/Employee_Personal_Details_Objects/Page_OrangeHRM/button_Save' is clicked on]]></system-out>
         <system-err><![CDATA[]]></system-err>
      </testcase>
      <testcase name="Test Cases/Employee_Onboarding/TC_Employee_Person_Details" time="15.304" classname="Test Cases/Employee_Onboarding/TC_Employee_Person_Details" status="PASSED">
         <system-out><![CDATA[27-12-2024T08:05:33 - [TEST_CASE][PASSED] - Test Cases/Employee_Onboarding/TC_Employee_Person_Details: Test Cases/Employee_Onboarding/TC_Employee_Person_Details

27-12-2024T08:05:33 - [TEST_STEP][PASSED] - click(findTestObject("Object Repository/Employee-Onboarding/Employee_Personal_Details_Objects/Page_OrangeHRM/span_PIM")): Object: 'Object Repository/Employee-Onboarding/Employee_Personal_Details_Objects/Page_OrangeHRM/span_PIM' is clicked on

27-12-2024T08:05:35 - [MESSAGE][PASSED] - Object: 'Object Repository/Employee-Onboarding/Employee_Personal_Details_Objects/Page_OrangeHRM/span_PIM' is clicked on

27-12-2024T08:05:35 - [TEST_STEP][PASSED] - setText(findTestObject("Object Repository/Employee-Onboarding/Employee_Personal_Details_Objects/Page_OrangeHRM/input"), Employee_Fullname): Text 'Gary Smith' is set on object 'Object Repository/Employee-Onboarding/Employee_Personal_Details_Objects/Page_OrangeHRM/input'

27-12-2024T08:05:37 - [MESSAGE][PASSED] - Text 'Gary Smith' is set on object 'Object Repository/Employee-Onboarding/Employee_Personal_Details_Objects/Page_OrangeHRM/input'

27-12-2024T08:05:37 - [TEST_STEP][PASSED] - click(findTestObject("Object Repository/Employee-Onboarding/Employee_Personal_Details_Objects/Page_OrangeHRM/button_Search")): Object: 'Object Repository/Employee-Onboarding/Employee_Personal_Details_Objects/Page_OrangeHRM/button_Search' is clicked on

27-12-2024T08:05:37 - [MESSAGE][PASSED] - Object: 'Object Repository/Employee-Onboarding/Employee_Personal_Details_Objects/Page_OrangeHRM/button_Search' is clicked on

27-12-2024T08:05:37 - [TEST_STEP][PASSED] - click(findTestObject("Object Repository/Employee-Onboarding/Employee_Personal_Details_Objects/Page_OrangeHRM/div_0034008")): Object: 'Object Repository/Employee-Onboarding/Employee_Personal_Details_Objects/Page_OrangeHRM/div_0034008' is clicked on

27-12-2024T08:05:39 - [MESSAGE][PASSED] - Object: 'Object Repository/Employee-Onboarding/Employee_Personal_Details_Objects/Page_OrangeHRM/div_0034008' is clicked on

27-12-2024T08:05:39 - [TEST_STEP][PASSED] - click(findTestObject("Object Repository/Employee-Onboarding/Employee_Personal_Details_Objects/Page_OrangeHRM/a_Personal Details")): Object: 'Object Repository/Employee-Onboarding/Employee_Personal_Details_Objects/Page_OrangeHRM/a_Personal Details' is clicked on

27-12-2024T08:05:42 - [MESSAGE][PASSED] - Object: 'Object Repository/Employee-Onboarding/Employee_Personal_Details_Objects/Page_OrangeHRM/a_Personal Details' is clicked on

27-12-2024T08:05:42 - [TEST_STEP][PASSED] - setText(findTestObject("Object Repository/Employee-Onboarding/Employee_Personal_Details_Objects/Page_OrangeHRM/input_concat(Driver, , s License Number)_ox_6ab805"), Driving_License_Number): Text 'IBNK0CXXJF' is set on object 'Object Repository/Employee-Onboarding/Employee_Personal_Details_Objects/Page_OrangeHRM/input_concat(Driver, , s License Number)_ox_6ab805'

27-12-2024T08:05:45 - [MESSAGE][PASSED] - Text 'IBNK0CXXJF' is set on object 'Object Repository/Employee-Onboarding/Employee_Personal_Details_Objects/Page_OrangeHRM/input_concat(Driver, , s License Number)_ox_6ab805'

27-12-2024T08:05:45 - [TEST_STEP][PASSED] - setText(findTestObject("Object Repository/Employee-Onboarding/Employee_Personal_Details_Objects/Page_OrangeHRM/input_License Expiry Date_oxd-input oxd-inp_5d7d79"), License_Expiry_Date): Text '2025-12-12' is set on object 'Object Repository/Employee-Onboarding/Employee_Personal_Details_Objects/Page_OrangeHRM/input_License Expiry Date_oxd-input oxd-inp_5d7d79'

27-12-2024T08:05:45 - [MESSAGE][PASSED] - Text '2025-12-12' is set on object 'Object Repository/Employee-Onboarding/Employee_Personal_Details_Objects/Page_OrangeHRM/input_License Expiry Date_oxd-input oxd-inp_5d7d79'

27-12-2024T08:05:45 - [TEST_STEP][PASSED] - click(findTestObject("Object Repository/Employee-Onboarding/Employee_Personal_Details_Objects/Page_OrangeHRM/div_-- Select --")): Object: 'Object Repository/Employee-Onboarding/Employee_Personal_Details_Objects/Page_OrangeHRM/div_-- Select --' is clicked on

27-12-2024T08:05:46 - [MESSAGE][PASSED] - Object: 'Object Repository/Employee-Onboarding/Employee_Personal_Details_Objects/Page_OrangeHRM/div_-- Select --' is clicked on

27-12-2024T08:05:46 - [TEST_STEP][PASSED] - click(findTestObject("Employee-Onboarding/Employee_Salary_Detail_Objects/Page_OrangeHRM/custom_object_for_dropdown", ["value":Employee_Nationality])): Object: 'Object Repository/Employee-Onboarding/Employee_Salary_Detail_Objects/Page_OrangeHRM/custom_object_for_dropdown' is clicked on

27-12-2024T08:05:46 - [MESSAGE][PASSED] - Object: 'Object Repository/Employee-Onboarding/Employee_Salary_Detail_Objects/Page_OrangeHRM/custom_object_for_dropdown' is clicked on

27-12-2024T08:05:46 - [TEST_STEP][PASSED] - click(findTestObject("Object Repository/Employee-Onboarding/Employee_Personal_Details_Objects/Page_OrangeHRM/div_-- Select --_1")): Object: 'Object Repository/Employee-Onboarding/Employee_Personal_Details_Objects/Page_OrangeHRM/div_-- Select --_1' is clicked on

27-12-2024T08:05:46 - [MESSAGE][PASSED] - Object: 'Object Repository/Employee-Onboarding/Employee_Personal_Details_Objects/Page_OrangeHRM/div_-- Select --_1' is clicked on

27-12-2024T08:05:46 - [TEST_STEP][PASSED] - click(findTestObject("Employee-Onboarding/Employee_Salary_Detail_Objects/Page_OrangeHRM/custom_object_for_dropdown", ["value":Employee_Marital_Status])): Object: 'Object Repository/Employee-Onboarding/Employee_Salary_Detail_Objects/Page_OrangeHRM/custom_object_for_dropdown' is clicked on

27-12-2024T08:05:47 - [MESSAGE][PASSED] - Object: 'Object Repository/Employee-Onboarding/Employee_Salary_Detail_Objects/Page_OrangeHRM/custom_object_for_dropdown' is clicked on

27-12-2024T08:05:47 - [TEST_STEP][PASSED] - setText(findTestObject("Object Repository/Employee-Onboarding/Employee_Personal_Details_Objects/Page_OrangeHRM/input_Date of Birth_oxd-input oxd-input--focus"), Employee_DOB): Text '1989-02-16' is set on object 'Object Repository/Employee-Onboarding/Employee_Personal_Details_Objects/Page_OrangeHRM/input_Date of Birth_oxd-input oxd-input--focus'

27-12-2024T08:05:48 - [MESSAGE][PASSED] - Text '1989-02-16' is set on object 'Object Repository/Employee-Onboarding/Employee_Personal_Details_Objects/Page_OrangeHRM/input_Date of Birth_oxd-input oxd-input--focus'

27-12-2024T08:05:48 - [TEST_STEP][PASSED] - click(findTestObject("Object Repository/Employee-Onboarding/Employee_Personal_Details_Objects/Page_OrangeHRM/span_Male_oxd-radio-input oxd-radio-input--_b0de6e")): Object: 'Object Repository/Employee-Onboarding/Employee_Personal_Details_Objects/Page_OrangeHRM/span_Male_oxd-radio-input oxd-radio-input--_b0de6e' is clicked on

27-12-2024T08:05:48 - [MESSAGE][PASSED] - Object: 'Object Repository/Employee-Onboarding/Employee_Personal_Details_Objects/Page_OrangeHRM/span_Male_oxd-radio-input oxd-radio-input--_b0de6e' is clicked on

27-12-2024T08:05:48 - [TEST_STEP][PASSED] - click(findTestObject("Object Repository/Employee-Onboarding/Employee_Personal_Details_Objects/Page_OrangeHRM/button_Save")): Object: 'Object Repository/Employee-Onboarding/Employee_Personal_Details_Objects/Page_OrangeHRM/button_Save' is clicked on

27-12-2024T08:05:48 - [MESSAGE][PASSED] - Object: 'Object Repository/Employee-Onboarding/Employee_Personal_Details_Objects/Page_OrangeHRM/button_Save' is clicked on]]></system-out>
         <system-err><![CDATA[]]></system-err>
      </testcase>
      <testcase name="Test Cases/Employee_Onboarding/TC_Employee_Person_Details" time="14.777" classname="Test Cases/Employee_Onboarding/TC_Employee_Person_Details" status="PASSED">
         <system-out><![CDATA[27-12-2024T08:05:48 - [TEST_CASE][PASSED] - Test Cases/Employee_Onboarding/TC_Employee_Person_Details: Test Cases/Employee_Onboarding/TC_Employee_Person_Details

27-12-2024T08:05:48 - [TEST_STEP][PASSED] - click(findTestObject("Object Repository/Employee-Onboarding/Employee_Personal_Details_Objects/Page_OrangeHRM/span_PIM")): Object: 'Object Repository/Employee-Onboarding/Employee_Personal_Details_Objects/Page_OrangeHRM/span_PIM' is clicked on

27-12-2024T08:05:50 - [MESSAGE][PASSED] - Object: 'Object Repository/Employee-Onboarding/Employee_Personal_Details_Objects/Page_OrangeHRM/span_PIM' is clicked on

27-12-2024T08:05:50 - [TEST_STEP][PASSED] - setText(findTestObject("Object Repository/Employee-Onboarding/Employee_Personal_Details_Objects/Page_OrangeHRM/input"), Employee_Fullname): Text 'Frank Berg' is set on object 'Object Repository/Employee-Onboarding/Employee_Personal_Details_Objects/Page_OrangeHRM/input'

27-12-2024T08:05:52 - [MESSAGE][PASSED] - Text 'Frank Berg' is set on object 'Object Repository/Employee-Onboarding/Employee_Personal_Details_Objects/Page_OrangeHRM/input'

27-12-2024T08:05:52 - [TEST_STEP][PASSED] - click(findTestObject("Object Repository/Employee-Onboarding/Employee_Personal_Details_Objects/Page_OrangeHRM/button_Search")): Object: 'Object Repository/Employee-Onboarding/Employee_Personal_Details_Objects/Page_OrangeHRM/button_Search' is clicked on

27-12-2024T08:05:53 - [MESSAGE][PASSED] - Object: 'Object Repository/Employee-Onboarding/Employee_Personal_Details_Objects/Page_OrangeHRM/button_Search' is clicked on

27-12-2024T08:05:53 - [TEST_STEP][PASSED] - click(findTestObject("Object Repository/Employee-Onboarding/Employee_Personal_Details_Objects/Page_OrangeHRM/div_0034008")): Object: 'Object Repository/Employee-Onboarding/Employee_Personal_Details_Objects/Page_OrangeHRM/div_0034008' is clicked on

27-12-2024T08:05:54 - [MESSAGE][PASSED] - Object: 'Object Repository/Employee-Onboarding/Employee_Personal_Details_Objects/Page_OrangeHRM/div_0034008' is clicked on

27-12-2024T08:05:54 - [TEST_STEP][PASSED] - click(findTestObject("Object Repository/Employee-Onboarding/Employee_Personal_Details_Objects/Page_OrangeHRM/a_Personal Details")): Object: 'Object Repository/Employee-Onboarding/Employee_Personal_Details_Objects/Page_OrangeHRM/a_Personal Details' is clicked on

27-12-2024T08:05:57 - [MESSAGE][PASSED] - Object: 'Object Repository/Employee-Onboarding/Employee_Personal_Details_Objects/Page_OrangeHRM/a_Personal Details' is clicked on

27-12-2024T08:05:57 - [TEST_STEP][PASSED] - setText(findTestObject("Object Repository/Employee-Onboarding/Employee_Personal_Details_Objects/Page_OrangeHRM/input_concat(Driver, , s License Number)_ox_6ab805"), Driving_License_Number): Text 'DZDH6FNKX2' is set on object 'Object Repository/Employee-Onboarding/Employee_Personal_Details_Objects/Page_OrangeHRM/input_concat(Driver, , s License Number)_ox_6ab805'

27-12-2024T08:06:00 - [MESSAGE][PASSED] - Text 'DZDH6FNKX2' is set on object 'Object Repository/Employee-Onboarding/Employee_Personal_Details_Objects/Page_OrangeHRM/input_concat(Driver, , s License Number)_ox_6ab805'

27-12-2024T08:06:00 - [TEST_STEP][PASSED] - setText(findTestObject("Object Repository/Employee-Onboarding/Employee_Personal_Details_Objects/Page_OrangeHRM/input_License Expiry Date_oxd-input oxd-inp_5d7d79"), License_Expiry_Date): Text '2025-12-12' is set on object 'Object Repository/Employee-Onboarding/Employee_Personal_Details_Objects/Page_OrangeHRM/input_License Expiry Date_oxd-input oxd-inp_5d7d79'

27-12-2024T08:06:00 - [MESSAGE][PASSED] - Text '2025-12-12' is set on object 'Object Repository/Employee-Onboarding/Employee_Personal_Details_Objects/Page_OrangeHRM/input_License Expiry Date_oxd-input oxd-inp_5d7d79'

27-12-2024T08:06:00 - [TEST_STEP][PASSED] - click(findTestObject("Object Repository/Employee-Onboarding/Employee_Personal_Details_Objects/Page_OrangeHRM/div_-- Select --")): Object: 'Object Repository/Employee-Onboarding/Employee_Personal_Details_Objects/Page_OrangeHRM/div_-- Select --' is clicked on

27-12-2024T08:06:00 - [MESSAGE][PASSED] - Object: 'Object Repository/Employee-Onboarding/Employee_Personal_Details_Objects/Page_OrangeHRM/div_-- Select --' is clicked on

27-12-2024T08:06:00 - [TEST_STEP][PASSED] - click(findTestObject("Employee-Onboarding/Employee_Salary_Detail_Objects/Page_OrangeHRM/custom_object_for_dropdown", ["value":Employee_Nationality])): Object: 'Object Repository/Employee-Onboarding/Employee_Salary_Detail_Objects/Page_OrangeHRM/custom_object_for_dropdown' is clicked on

27-12-2024T08:06:01 - [MESSAGE][PASSED] - Object: 'Object Repository/Employee-Onboarding/Employee_Salary_Detail_Objects/Page_OrangeHRM/custom_object_for_dropdown' is clicked on

27-12-2024T08:06:01 - [TEST_STEP][PASSED] - click(findTestObject("Object Repository/Employee-Onboarding/Employee_Personal_Details_Objects/Page_OrangeHRM/div_-- Select --_1")): Object: 'Object Repository/Employee-Onboarding/Employee_Personal_Details_Objects/Page_OrangeHRM/div_-- Select --_1' is clicked on

27-12-2024T08:06:01 - [MESSAGE][PASSED] - Object: 'Object Repository/Employee-Onboarding/Employee_Personal_Details_Objects/Page_OrangeHRM/div_-- Select --_1' is clicked on

27-12-2024T08:06:01 - [TEST_STEP][PASSED] - click(findTestObject("Employee-Onboarding/Employee_Salary_Detail_Objects/Page_OrangeHRM/custom_object_for_dropdown", ["value":Employee_Marital_Status])): Object: 'Object Repository/Employee-Onboarding/Employee_Salary_Detail_Objects/Page_OrangeHRM/custom_object_for_dropdown' is clicked on

27-12-2024T08:06:02 - [MESSAGE][PASSED] - Object: 'Object Repository/Employee-Onboarding/Employee_Salary_Detail_Objects/Page_OrangeHRM/custom_object_for_dropdown' is clicked on

27-12-2024T08:06:02 - [TEST_STEP][PASSED] - setText(findTestObject("Object Repository/Employee-Onboarding/Employee_Personal_Details_Objects/Page_OrangeHRM/input_Date of Birth_oxd-input oxd-input--focus"), Employee_DOB): Text '1980-04-08' is set on object 'Object Repository/Employee-Onboarding/Employee_Personal_Details_Objects/Page_OrangeHRM/input_Date of Birth_oxd-input oxd-input--focus'

27-12-2024T08:06:02 - [MESSAGE][PASSED] - Text '1980-04-08' is set on object 'Object Repository/Employee-Onboarding/Employee_Personal_Details_Objects/Page_OrangeHRM/input_Date of Birth_oxd-input oxd-input--focus'

27-12-2024T08:06:02 - [TEST_STEP][PASSED] - click(findTestObject("Object Repository/Employee-Onboarding/Employee_Personal_Details_Objects/Page_OrangeHRM/span_Male_oxd-radio-input oxd-radio-input--_b0de6e")): Object: 'Object Repository/Employee-Onboarding/Employee_Personal_Details_Objects/Page_OrangeHRM/span_Male_oxd-radio-input oxd-radio-input--_b0de6e' is clicked on

27-12-2024T08:06:03 - [MESSAGE][PASSED] - Object: 'Object Repository/Employee-Onboarding/Employee_Personal_Details_Objects/Page_OrangeHRM/span_Male_oxd-radio-input oxd-radio-input--_b0de6e' is clicked on

27-12-2024T08:06:03 - [TEST_STEP][PASSED] - click(findTestObject("Object Repository/Employee-Onboarding/Employee_Personal_Details_Objects/Page_OrangeHRM/button_Save")): Object: 'Object Repository/Employee-Onboarding/Employee_Personal_Details_Objects/Page_OrangeHRM/button_Save' is clicked on

27-12-2024T08:06:03 - [MESSAGE][PASSED] - Object: 'Object Repository/Employee-Onboarding/Employee_Personal_Details_Objects/Page_OrangeHRM/button_Save' is clicked on]]></system-out>
         <system-err><![CDATA[]]></system-err>
      </testcase>
      <testcase name="Test Cases/Employee_Onboarding/TC_Employee_Person_Details" time="15.099" classname="Test Cases/Employee_Onboarding/TC_Employee_Person_Details" status="PASSED">
         <system-out><![CDATA[27-12-2024T08:06:03 - [TEST_CASE][PASSED] - Test Cases/Employee_Onboarding/TC_Employee_Person_Details: Test Cases/Employee_Onboarding/TC_Employee_Person_Details

27-12-2024T08:06:03 - [TEST_STEP][PASSED] - click(findTestObject("Object Repository/Employee-Onboarding/Employee_Personal_Details_Objects/Page_OrangeHRM/span_PIM")): Object: 'Object Repository/Employee-Onboarding/Employee_Personal_Details_Objects/Page_OrangeHRM/span_PIM' is clicked on

27-12-2024T08:06:05 - [MESSAGE][PASSED] - Object: 'Object Repository/Employee-Onboarding/Employee_Personal_Details_Objects/Page_OrangeHRM/span_PIM' is clicked on

27-12-2024T08:06:05 - [TEST_STEP][PASSED] - setText(findTestObject("Object Repository/Employee-Onboarding/Employee_Personal_Details_Objects/Page_OrangeHRM/input"), Employee_Fullname): Text 'William Gonzalez' is set on object 'Object Repository/Employee-Onboarding/Employee_Personal_Details_Objects/Page_OrangeHRM/input'

27-12-2024T08:06:07 - [MESSAGE][PASSED] - Text 'William Gonzalez' is set on object 'Object Repository/Employee-Onboarding/Employee_Personal_Details_Objects/Page_OrangeHRM/input'

27-12-2024T08:06:07 - [TEST_STEP][PASSED] - click(findTestObject("Object Repository/Employee-Onboarding/Employee_Personal_Details_Objects/Page_OrangeHRM/button_Search")): Object: 'Object Repository/Employee-Onboarding/Employee_Personal_Details_Objects/Page_OrangeHRM/button_Search' is clicked on

27-12-2024T08:06:07 - [MESSAGE][PASSED] - Object: 'Object Repository/Employee-Onboarding/Employee_Personal_Details_Objects/Page_OrangeHRM/button_Search' is clicked on

27-12-2024T08:06:07 - [TEST_STEP][PASSED] - click(findTestObject("Object Repository/Employee-Onboarding/Employee_Personal_Details_Objects/Page_OrangeHRM/div_0034008")): Object: 'Object Repository/Employee-Onboarding/Employee_Personal_Details_Objects/Page_OrangeHRM/div_0034008' is clicked on

27-12-2024T08:06:09 - [MESSAGE][PASSED] - Object: 'Object Repository/Employee-Onboarding/Employee_Personal_Details_Objects/Page_OrangeHRM/div_0034008' is clicked on

27-12-2024T08:06:09 - [TEST_STEP][PASSED] - click(findTestObject("Object Repository/Employee-Onboarding/Employee_Personal_Details_Objects/Page_OrangeHRM/a_Personal Details")): Object: 'Object Repository/Employee-Onboarding/Employee_Personal_Details_Objects/Page_OrangeHRM/a_Personal Details' is clicked on

27-12-2024T08:06:12 - [MESSAGE][PASSED] - Object: 'Object Repository/Employee-Onboarding/Employee_Personal_Details_Objects/Page_OrangeHRM/a_Personal Details' is clicked on

27-12-2024T08:06:12 - [TEST_STEP][PASSED] - setText(findTestObject("Object Repository/Employee-Onboarding/Employee_Personal_Details_Objects/Page_OrangeHRM/input_concat(Driver, , s License Number)_ox_6ab805"), Driving_License_Number): Text '1SAZU9DMHN' is set on object 'Object Repository/Employee-Onboarding/Employee_Personal_Details_Objects/Page_OrangeHRM/input_concat(Driver, , s License Number)_ox_6ab805'

27-12-2024T08:06:15 - [MESSAGE][PASSED] - Text '1SAZU9DMHN' is set on object 'Object Repository/Employee-Onboarding/Employee_Personal_Details_Objects/Page_OrangeHRM/input_concat(Driver, , s License Number)_ox_6ab805'

27-12-2024T08:06:15 - [TEST_STEP][PASSED] - setText(findTestObject("Object Repository/Employee-Onboarding/Employee_Personal_Details_Objects/Page_OrangeHRM/input_License Expiry Date_oxd-input oxd-inp_5d7d79"), License_Expiry_Date): Text '2025-12-12' is set on object 'Object Repository/Employee-Onboarding/Employee_Personal_Details_Objects/Page_OrangeHRM/input_License Expiry Date_oxd-input oxd-inp_5d7d79'

27-12-2024T08:06:15 - [MESSAGE][PASSED] - Text '2025-12-12' is set on object 'Object Repository/Employee-Onboarding/Employee_Personal_Details_Objects/Page_OrangeHRM/input_License Expiry Date_oxd-input oxd-inp_5d7d79'

27-12-2024T08:06:15 - [TEST_STEP][PASSED] - click(findTestObject("Object Repository/Employee-Onboarding/Employee_Personal_Details_Objects/Page_OrangeHRM/div_-- Select --")): Object: 'Object Repository/Employee-Onboarding/Employee_Personal_Details_Objects/Page_OrangeHRM/div_-- Select --' is clicked on

27-12-2024T08:06:15 - [MESSAGE][PASSED] - Object: 'Object Repository/Employee-Onboarding/Employee_Personal_Details_Objects/Page_OrangeHRM/div_-- Select --' is clicked on

27-12-2024T08:06:15 - [TEST_STEP][PASSED] - click(findTestObject("Employee-Onboarding/Employee_Salary_Detail_Objects/Page_OrangeHRM/custom_object_for_dropdown", ["value":Employee_Nationality])): Object: 'Object Repository/Employee-Onboarding/Employee_Salary_Detail_Objects/Page_OrangeHRM/custom_object_for_dropdown' is clicked on

27-12-2024T08:06:16 - [MESSAGE][PASSED] - Object: 'Object Repository/Employee-Onboarding/Employee_Salary_Detail_Objects/Page_OrangeHRM/custom_object_for_dropdown' is clicked on

27-12-2024T08:06:16 - [TEST_STEP][PASSED] - click(findTestObject("Object Repository/Employee-Onboarding/Employee_Personal_Details_Objects/Page_OrangeHRM/div_-- Select --_1")): Object: 'Object Repository/Employee-Onboarding/Employee_Personal_Details_Objects/Page_OrangeHRM/div_-- Select --_1' is clicked on

27-12-2024T08:06:16 - [MESSAGE][PASSED] - Object: 'Object Repository/Employee-Onboarding/Employee_Personal_Details_Objects/Page_OrangeHRM/div_-- Select --_1' is clicked on

27-12-2024T08:06:16 - [TEST_STEP][PASSED] - click(findTestObject("Employee-Onboarding/Employee_Salary_Detail_Objects/Page_OrangeHRM/custom_object_for_dropdown", ["value":Employee_Marital_Status])): Object: 'Object Repository/Employee-Onboarding/Employee_Salary_Detail_Objects/Page_OrangeHRM/custom_object_for_dropdown' is clicked on

27-12-2024T08:06:17 - [MESSAGE][PASSED] - Object: 'Object Repository/Employee-Onboarding/Employee_Salary_Detail_Objects/Page_OrangeHRM/custom_object_for_dropdown' is clicked on

27-12-2024T08:06:17 - [TEST_STEP][PASSED] - setText(findTestObject("Object Repository/Employee-Onboarding/Employee_Personal_Details_Objects/Page_OrangeHRM/input_Date of Birth_oxd-input oxd-input--focus"), Employee_DOB): Text '1987-07-01' is set on object 'Object Repository/Employee-Onboarding/Employee_Personal_Details_Objects/Page_OrangeHRM/input_Date of Birth_oxd-input oxd-input--focus'

27-12-2024T08:06:17 - [MESSAGE][PASSED] - Text '1987-07-01' is set on object 'Object Repository/Employee-Onboarding/Employee_Personal_Details_Objects/Page_OrangeHRM/input_Date of Birth_oxd-input oxd-input--focus'

27-12-2024T08:06:17 - [TEST_STEP][PASSED] - click(findTestObject("Object Repository/Employee-Onboarding/Employee_Personal_Details_Objects/Page_OrangeHRM/span_Male_oxd-radio-input oxd-radio-input--_b0de6e")): Object: 'Object Repository/Employee-Onboarding/Employee_Personal_Details_Objects/Page_OrangeHRM/span_Male_oxd-radio-input oxd-radio-input--_b0de6e' is clicked on

27-12-2024T08:06:18 - [MESSAGE][PASSED] - Object: 'Object Repository/Employee-Onboarding/Employee_Personal_Details_Objects/Page_OrangeHRM/span_Male_oxd-radio-input oxd-radio-input--_b0de6e' is clicked on

27-12-2024T08:06:18 - [TEST_STEP][PASSED] - click(findTestObject("Object Repository/Employee-Onboarding/Employee_Personal_Details_Objects/Page_OrangeHRM/button_Save")): Object: 'Object Repository/Employee-Onboarding/Employee_Personal_Details_Objects/Page_OrangeHRM/button_Save' is clicked on

27-12-2024T08:06:18 - [MESSAGE][PASSED] - Object: 'Object Repository/Employee-Onboarding/Employee_Personal_Details_Objects/Page_OrangeHRM/button_Save' is clicked on]]></system-out>
         <system-err><![CDATA[]]></system-err>
      </testcase>
      <testcase name="Test Cases/Employee_Onboarding/TC_Employee_Person_Details" time="15.067" classname="Test Cases/Employee_Onboarding/TC_Employee_Person_Details" status="PASSED">
         <system-out><![CDATA[27-12-2024T08:06:18 - [TEST_CASE][PASSED] - Test Cases/Employee_Onboarding/TC_Employee_Person_Details: Test Cases/Employee_Onboarding/TC_Employee_Person_Details

27-12-2024T08:06:18 - [TEST_STEP][PASSED] - click(findTestObject("Object Repository/Employee-Onboarding/Employee_Personal_Details_Objects/Page_OrangeHRM/span_PIM")): Object: 'Object Repository/Employee-Onboarding/Employee_Personal_Details_Objects/Page_OrangeHRM/span_PIM' is clicked on

27-12-2024T08:06:20 - [MESSAGE][PASSED] - Object: 'Object Repository/Employee-Onboarding/Employee_Personal_Details_Objects/Page_OrangeHRM/span_PIM' is clicked on

27-12-2024T08:06:20 - [TEST_STEP][PASSED] - setText(findTestObject("Object Repository/Employee-Onboarding/Employee_Personal_Details_Objects/Page_OrangeHRM/input"), Employee_Fullname): Text 'Rebekah Herrera' is set on object 'Object Repository/Employee-Onboarding/Employee_Personal_Details_Objects/Page_OrangeHRM/input'

27-12-2024T08:06:22 - [MESSAGE][PASSED] - Text 'Rebekah Herrera' is set on object 'Object Repository/Employee-Onboarding/Employee_Personal_Details_Objects/Page_OrangeHRM/input'

27-12-2024T08:06:22 - [TEST_STEP][PASSED] - click(findTestObject("Object Repository/Employee-Onboarding/Employee_Personal_Details_Objects/Page_OrangeHRM/button_Search")): Object: 'Object Repository/Employee-Onboarding/Employee_Personal_Details_Objects/Page_OrangeHRM/button_Search' is clicked on

27-12-2024T08:06:22 - [MESSAGE][PASSED] - Object: 'Object Repository/Employee-Onboarding/Employee_Personal_Details_Objects/Page_OrangeHRM/button_Search' is clicked on

27-12-2024T08:06:22 - [TEST_STEP][PASSED] - click(findTestObject("Object Repository/Employee-Onboarding/Employee_Personal_Details_Objects/Page_OrangeHRM/div_0034008")): Object: 'Object Repository/Employee-Onboarding/Employee_Personal_Details_Objects/Page_OrangeHRM/div_0034008' is clicked on

27-12-2024T08:06:24 - [MESSAGE][PASSED] - Object: 'Object Repository/Employee-Onboarding/Employee_Personal_Details_Objects/Page_OrangeHRM/div_0034008' is clicked on

27-12-2024T08:06:24 - [TEST_STEP][PASSED] - click(findTestObject("Object Repository/Employee-Onboarding/Employee_Personal_Details_Objects/Page_OrangeHRM/a_Personal Details")): Object: 'Object Repository/Employee-Onboarding/Employee_Personal_Details_Objects/Page_OrangeHRM/a_Personal Details' is clicked on

27-12-2024T08:06:27 - [MESSAGE][PASSED] - Object: 'Object Repository/Employee-Onboarding/Employee_Personal_Details_Objects/Page_OrangeHRM/a_Personal Details' is clicked on

27-12-2024T08:06:27 - [TEST_STEP][PASSED] - setText(findTestObject("Object Repository/Employee-Onboarding/Employee_Personal_Details_Objects/Page_OrangeHRM/input_concat(Driver, , s License Number)_ox_6ab805"), Driving_License_Number): Text 'V4DUOQMG9S' is set on object 'Object Repository/Employee-Onboarding/Employee_Personal_Details_Objects/Page_OrangeHRM/input_concat(Driver, , s License Number)_ox_6ab805'

27-12-2024T08:06:30 - [MESSAGE][PASSED] - Text 'V4DUOQMG9S' is set on object 'Object Repository/Employee-Onboarding/Employee_Personal_Details_Objects/Page_OrangeHRM/input_concat(Driver, , s License Number)_ox_6ab805'

27-12-2024T08:06:30 - [TEST_STEP][PASSED] - setText(findTestObject("Object Repository/Employee-Onboarding/Employee_Personal_Details_Objects/Page_OrangeHRM/input_License Expiry Date_oxd-input oxd-inp_5d7d79"), License_Expiry_Date): Text '2025-12-12' is set on object 'Object Repository/Employee-Onboarding/Employee_Personal_Details_Objects/Page_OrangeHRM/input_License Expiry Date_oxd-input oxd-inp_5d7d79'

27-12-2024T08:06:30 - [MESSAGE][PASSED] - Text '2025-12-12' is set on object 'Object Repository/Employee-Onboarding/Employee_Personal_Details_Objects/Page_OrangeHRM/input_License Expiry Date_oxd-input oxd-inp_5d7d79'

27-12-2024T08:06:30 - [TEST_STEP][PASSED] - click(findTestObject("Object Repository/Employee-Onboarding/Employee_Personal_Details_Objects/Page_OrangeHRM/div_-- Select --")): Object: 'Object Repository/Employee-Onboarding/Employee_Personal_Details_Objects/Page_OrangeHRM/div_-- Select --' is clicked on

27-12-2024T08:06:30 - [MESSAGE][PASSED] - Object: 'Object Repository/Employee-Onboarding/Employee_Personal_Details_Objects/Page_OrangeHRM/div_-- Select --' is clicked on

27-12-2024T08:06:30 - [TEST_STEP][PASSED] - click(findTestObject("Employee-Onboarding/Employee_Salary_Detail_Objects/Page_OrangeHRM/custom_object_for_dropdown", ["value":Employee_Nationality])): Object: 'Object Repository/Employee-Onboarding/Employee_Salary_Detail_Objects/Page_OrangeHRM/custom_object_for_dropdown' is clicked on

27-12-2024T08:06:31 - [MESSAGE][PASSED] - Object: 'Object Repository/Employee-Onboarding/Employee_Salary_Detail_Objects/Page_OrangeHRM/custom_object_for_dropdown' is clicked on

27-12-2024T08:06:31 - [TEST_STEP][PASSED] - click(findTestObject("Object Repository/Employee-Onboarding/Employee_Personal_Details_Objects/Page_OrangeHRM/div_-- Select --_1")): Object: 'Object Repository/Employee-Onboarding/Employee_Personal_Details_Objects/Page_OrangeHRM/div_-- Select --_1' is clicked on

27-12-2024T08:06:31 - [MESSAGE][PASSED] - Object: 'Object Repository/Employee-Onboarding/Employee_Personal_Details_Objects/Page_OrangeHRM/div_-- Select --_1' is clicked on

27-12-2024T08:06:31 - [TEST_STEP][PASSED] - click(findTestObject("Employee-Onboarding/Employee_Salary_Detail_Objects/Page_OrangeHRM/custom_object_for_dropdown", ["value":Employee_Marital_Status])): Object: 'Object Repository/Employee-Onboarding/Employee_Salary_Detail_Objects/Page_OrangeHRM/custom_object_for_dropdown' is clicked on

27-12-2024T08:06:32 - [MESSAGE][PASSED] - Object: 'Object Repository/Employee-Onboarding/Employee_Salary_Detail_Objects/Page_OrangeHRM/custom_object_for_dropdown' is clicked on

27-12-2024T08:06:32 - [TEST_STEP][PASSED] - setText(findTestObject("Object Repository/Employee-Onboarding/Employee_Personal_Details_Objects/Page_OrangeHRM/input_Date of Birth_oxd-input oxd-input--focus"), Employee_DOB): Text '1991-01-15' is set on object 'Object Repository/Employee-Onboarding/Employee_Personal_Details_Objects/Page_OrangeHRM/input_Date of Birth_oxd-input oxd-input--focus'

27-12-2024T08:06:33 - [MESSAGE][PASSED] - Text '1991-01-15' is set on object 'Object Repository/Employee-Onboarding/Employee_Personal_Details_Objects/Page_OrangeHRM/input_Date of Birth_oxd-input oxd-input--focus'

27-12-2024T08:06:33 - [TEST_STEP][PASSED] - click(findTestObject("Object Repository/Employee-Onboarding/Employee_Personal_Details_Objects/Page_OrangeHRM/span_Male_oxd-radio-input oxd-radio-input--_b0de6e")): Object: 'Object Repository/Employee-Onboarding/Employee_Personal_Details_Objects/Page_OrangeHRM/span_Male_oxd-radio-input oxd-radio-input--_b0de6e' is clicked on

27-12-2024T08:06:33 - [MESSAGE][PASSED] - Object: 'Object Repository/Employee-Onboarding/Employee_Personal_Details_Objects/Page_OrangeHRM/span_Male_oxd-radio-input oxd-radio-input--_b0de6e' is clicked on

27-12-2024T08:06:33 - [TEST_STEP][PASSED] - click(findTestObject("Object Repository/Employee-Onboarding/Employee_Personal_Details_Objects/Page_OrangeHRM/button_Save")): Object: 'Object Repository/Employee-Onboarding/Employee_Personal_Details_Objects/Page_OrangeHRM/button_Save' is clicked on

27-12-2024T08:06:33 - [MESSAGE][PASSED] - Object: 'Object Repository/Employee-Onboarding/Employee_Personal_Details_Objects/Page_OrangeHRM/button_Save' is clicked on]]></system-out>
         <system-err><![CDATA[]]></system-err>
      </testcase>
      <testcase name="Test Cases/Employee_Onboarding/TC_Employee_Person_Details" time="15.004" classname="Test Cases/Employee_Onboarding/TC_Employee_Person_Details" status="PASSED">
         <system-out><![CDATA[27-12-2024T08:06:33 - [TEST_CASE][PASSED] - Test Cases/Employee_Onboarding/TC_Employee_Person_Details: Test Cases/Employee_Onboarding/TC_Employee_Person_Details

27-12-2024T08:06:33 - [TEST_STEP][PASSED] - click(findTestObject("Object Repository/Employee-Onboarding/Employee_Personal_Details_Objects/Page_OrangeHRM/span_PIM")): Object: 'Object Repository/Employee-Onboarding/Employee_Personal_Details_Objects/Page_OrangeHRM/span_PIM' is clicked on

27-12-2024T08:06:35 - [MESSAGE][PASSED] - Object: 'Object Repository/Employee-Onboarding/Employee_Personal_Details_Objects/Page_OrangeHRM/span_PIM' is clicked on

27-12-2024T08:06:35 - [TEST_STEP][PASSED] - setText(findTestObject("Object Repository/Employee-Onboarding/Employee_Personal_Details_Objects/Page_OrangeHRM/input"), Employee_Fullname): Text 'Sara Hall' is set on object 'Object Repository/Employee-Onboarding/Employee_Personal_Details_Objects/Page_OrangeHRM/input'

27-12-2024T08:06:37 - [MESSAGE][PASSED] - Text 'Sara Hall' is set on object 'Object Repository/Employee-Onboarding/Employee_Personal_Details_Objects/Page_OrangeHRM/input'

27-12-2024T08:06:37 - [TEST_STEP][PASSED] - click(findTestObject("Object Repository/Employee-Onboarding/Employee_Personal_Details_Objects/Page_OrangeHRM/button_Search")): Object: 'Object Repository/Employee-Onboarding/Employee_Personal_Details_Objects/Page_OrangeHRM/button_Search' is clicked on

27-12-2024T08:06:38 - [MESSAGE][PASSED] - Object: 'Object Repository/Employee-Onboarding/Employee_Personal_Details_Objects/Page_OrangeHRM/button_Search' is clicked on

27-12-2024T08:06:38 - [TEST_STEP][PASSED] - click(findTestObject("Object Repository/Employee-Onboarding/Employee_Personal_Details_Objects/Page_OrangeHRM/div_0034008")): Object: 'Object Repository/Employee-Onboarding/Employee_Personal_Details_Objects/Page_OrangeHRM/div_0034008' is clicked on

27-12-2024T08:06:39 - [MESSAGE][PASSED] - Object: 'Object Repository/Employee-Onboarding/Employee_Personal_Details_Objects/Page_OrangeHRM/div_0034008' is clicked on

27-12-2024T08:06:39 - [TEST_STEP][PASSED] - click(findTestObject("Object Repository/Employee-Onboarding/Employee_Personal_Details_Objects/Page_OrangeHRM/a_Personal Details")): Object: 'Object Repository/Employee-Onboarding/Employee_Personal_Details_Objects/Page_OrangeHRM/a_Personal Details' is clicked on

27-12-2024T08:06:42 - [MESSAGE][PASSED] - Object: 'Object Repository/Employee-Onboarding/Employee_Personal_Details_Objects/Page_OrangeHRM/a_Personal Details' is clicked on

27-12-2024T08:06:42 - [TEST_STEP][PASSED] - setText(findTestObject("Object Repository/Employee-Onboarding/Employee_Personal_Details_Objects/Page_OrangeHRM/input_concat(Driver, , s License Number)_ox_6ab805"), Driving_License_Number): Text 'N7JK8E5XFO' is set on object 'Object Repository/Employee-Onboarding/Employee_Personal_Details_Objects/Page_OrangeHRM/input_concat(Driver, , s License Number)_ox_6ab805'

27-12-2024T08:06:45 - [MESSAGE][PASSED] - Text 'N7JK8E5XFO' is set on object 'Object Repository/Employee-Onboarding/Employee_Personal_Details_Objects/Page_OrangeHRM/input_concat(Driver, , s License Number)_ox_6ab805'

27-12-2024T08:06:45 - [TEST_STEP][PASSED] - setText(findTestObject("Object Repository/Employee-Onboarding/Employee_Personal_Details_Objects/Page_OrangeHRM/input_License Expiry Date_oxd-input oxd-inp_5d7d79"), License_Expiry_Date): Text '2025-12-12' is set on object 'Object Repository/Employee-Onboarding/Employee_Personal_Details_Objects/Page_OrangeHRM/input_License Expiry Date_oxd-input oxd-inp_5d7d79'

27-12-2024T08:06:45 - [MESSAGE][PASSED] - Text '2025-12-12' is set on object 'Object Repository/Employee-Onboarding/Employee_Personal_Details_Objects/Page_OrangeHRM/input_License Expiry Date_oxd-input oxd-inp_5d7d79'

27-12-2024T08:06:45 - [TEST_STEP][PASSED] - click(findTestObject("Object Repository/Employee-Onboarding/Employee_Personal_Details_Objects/Page_OrangeHRM/div_-- Select --")): Object: 'Object Repository/Employee-Onboarding/Employee_Personal_Details_Objects/Page_OrangeHRM/div_-- Select --' is clicked on

27-12-2024T08:06:46 - [MESSAGE][PASSED] - Object: 'Object Repository/Employee-Onboarding/Employee_Personal_Details_Objects/Page_OrangeHRM/div_-- Select --' is clicked on

27-12-2024T08:06:46 - [TEST_STEP][PASSED] - click(findTestObject("Employee-Onboarding/Employee_Salary_Detail_Objects/Page_OrangeHRM/custom_object_for_dropdown", ["value":Employee_Nationality])): Object: 'Object Repository/Employee-Onboarding/Employee_Salary_Detail_Objects/Page_OrangeHRM/custom_object_for_dropdown' is clicked on

27-12-2024T08:06:46 - [MESSAGE][PASSED] - Object: 'Object Repository/Employee-Onboarding/Employee_Salary_Detail_Objects/Page_OrangeHRM/custom_object_for_dropdown' is clicked on

27-12-2024T08:06:46 - [TEST_STEP][PASSED] - click(findTestObject("Object Repository/Employee-Onboarding/Employee_Personal_Details_Objects/Page_OrangeHRM/div_-- Select --_1")): Object: 'Object Repository/Employee-Onboarding/Employee_Personal_Details_Objects/Page_OrangeHRM/div_-- Select --_1' is clicked on

27-12-2024T08:06:46 - [MESSAGE][PASSED] - Object: 'Object Repository/Employee-Onboarding/Employee_Personal_Details_Objects/Page_OrangeHRM/div_-- Select --_1' is clicked on

27-12-2024T08:06:46 - [TEST_STEP][PASSED] - click(findTestObject("Employee-Onboarding/Employee_Salary_Detail_Objects/Page_OrangeHRM/custom_object_for_dropdown", ["value":Employee_Marital_Status])): Object: 'Object Repository/Employee-Onboarding/Employee_Salary_Detail_Objects/Page_OrangeHRM/custom_object_for_dropdown' is clicked on

27-12-2024T08:06:47 - [MESSAGE][PASSED] - Object: 'Object Repository/Employee-Onboarding/Employee_Salary_Detail_Objects/Page_OrangeHRM/custom_object_for_dropdown' is clicked on

27-12-2024T08:06:47 - [TEST_STEP][PASSED] - setText(findTestObject("Object Repository/Employee-Onboarding/Employee_Personal_Details_Objects/Page_OrangeHRM/input_Date of Birth_oxd-input oxd-input--focus"), Employee_DOB): Text '2006-10-25' is set on object 'Object Repository/Employee-Onboarding/Employee_Personal_Details_Objects/Page_OrangeHRM/input_Date of Birth_oxd-input oxd-input--focus'

27-12-2024T08:06:48 - [MESSAGE][PASSED] - Text '2006-10-25' is set on object 'Object Repository/Employee-Onboarding/Employee_Personal_Details_Objects/Page_OrangeHRM/input_Date of Birth_oxd-input oxd-input--focus'

27-12-2024T08:06:48 - [TEST_STEP][PASSED] - click(findTestObject("Object Repository/Employee-Onboarding/Employee_Personal_Details_Objects/Page_OrangeHRM/span_Male_oxd-radio-input oxd-radio-input--_b0de6e")): Object: 'Object Repository/Employee-Onboarding/Employee_Personal_Details_Objects/Page_OrangeHRM/span_Male_oxd-radio-input oxd-radio-input--_b0de6e' is clicked on

27-12-2024T08:06:48 - [MESSAGE][PASSED] - Object: 'Object Repository/Employee-Onboarding/Employee_Personal_Details_Objects/Page_OrangeHRM/span_Male_oxd-radio-input oxd-radio-input--_b0de6e' is clicked on

27-12-2024T08:06:48 - [TEST_STEP][PASSED] - click(findTestObject("Object Repository/Employee-Onboarding/Employee_Personal_Details_Objects/Page_OrangeHRM/button_Save")): Object: 'Object Repository/Employee-Onboarding/Employee_Personal_Details_Objects/Page_OrangeHRM/button_Save' is clicked on

27-12-2024T08:06:48 - [MESSAGE][PASSED] - Object: 'Object Repository/Employee-Onboarding/Employee_Personal_Details_Objects/Page_OrangeHRM/button_Save' is clicked on]]></system-out>
         <system-err><![CDATA[]]></system-err>
      </testcase>
      <testcase name="Test Cases/Employee_Onboarding/TC_Employee_Person_Details" time="15.006" classname="Test Cases/Employee_Onboarding/TC_Employee_Person_Details" status="PASSED">
         <system-out><![CDATA[27-12-2024T08:06:48 - [TEST_CASE][PASSED] - Test Cases/Employee_Onboarding/TC_Employee_Person_Details: Test Cases/Employee_Onboarding/TC_Employee_Person_Details

27-12-2024T08:06:48 - [TEST_STEP][PASSED] - click(findTestObject("Object Repository/Employee-Onboarding/Employee_Personal_Details_Objects/Page_OrangeHRM/span_PIM")): Object: 'Object Repository/Employee-Onboarding/Employee_Personal_Details_Objects/Page_OrangeHRM/span_PIM' is clicked on

27-12-2024T08:06:50 - [MESSAGE][PASSED] - Object: 'Object Repository/Employee-Onboarding/Employee_Personal_Details_Objects/Page_OrangeHRM/span_PIM' is clicked on

27-12-2024T08:06:50 - [TEST_STEP][PASSED] - setText(findTestObject("Object Repository/Employee-Onboarding/Employee_Personal_Details_Objects/Page_OrangeHRM/input"), Employee_Fullname): Text 'Melinda Duarte' is set on object 'Object Repository/Employee-Onboarding/Employee_Personal_Details_Objects/Page_OrangeHRM/input'

27-12-2024T08:06:52 - [MESSAGE][PASSED] - Text 'Melinda Duarte' is set on object 'Object Repository/Employee-Onboarding/Employee_Personal_Details_Objects/Page_OrangeHRM/input'

27-12-2024T08:06:52 - [TEST_STEP][PASSED] - click(findTestObject("Object Repository/Employee-Onboarding/Employee_Personal_Details_Objects/Page_OrangeHRM/button_Search")): Object: 'Object Repository/Employee-Onboarding/Employee_Personal_Details_Objects/Page_OrangeHRM/button_Search' is clicked on

27-12-2024T08:06:52 - [MESSAGE][PASSED] - Object: 'Object Repository/Employee-Onboarding/Employee_Personal_Details_Objects/Page_OrangeHRM/button_Search' is clicked on

27-12-2024T08:06:52 - [TEST_STEP][PASSED] - click(findTestObject("Object Repository/Employee-Onboarding/Employee_Personal_Details_Objects/Page_OrangeHRM/div_0034008")): Object: 'Object Repository/Employee-Onboarding/Employee_Personal_Details_Objects/Page_OrangeHRM/div_0034008' is clicked on

27-12-2024T08:06:54 - [MESSAGE][PASSED] - Object: 'Object Repository/Employee-Onboarding/Employee_Personal_Details_Objects/Page_OrangeHRM/div_0034008' is clicked on

27-12-2024T08:06:54 - [TEST_STEP][PASSED] - click(findTestObject("Object Repository/Employee-Onboarding/Employee_Personal_Details_Objects/Page_OrangeHRM/a_Personal Details")): Object: 'Object Repository/Employee-Onboarding/Employee_Personal_Details_Objects/Page_OrangeHRM/a_Personal Details' is clicked on

27-12-2024T08:06:57 - [MESSAGE][PASSED] - Object: 'Object Repository/Employee-Onboarding/Employee_Personal_Details_Objects/Page_OrangeHRM/a_Personal Details' is clicked on

27-12-2024T08:06:57 - [TEST_STEP][PASSED] - setText(findTestObject("Object Repository/Employee-Onboarding/Employee_Personal_Details_Objects/Page_OrangeHRM/input_concat(Driver, , s License Number)_ox_6ab805"), Driving_License_Number): Text 'XGATJVTJ3E' is set on object 'Object Repository/Employee-Onboarding/Employee_Personal_Details_Objects/Page_OrangeHRM/input_concat(Driver, , s License Number)_ox_6ab805'

27-12-2024T08:07:00 - [MESSAGE][PASSED] - Text 'XGATJVTJ3E' is set on object 'Object Repository/Employee-Onboarding/Employee_Personal_Details_Objects/Page_OrangeHRM/input_concat(Driver, , s License Number)_ox_6ab805'

27-12-2024T08:07:00 - [TEST_STEP][PASSED] - setText(findTestObject("Object Repository/Employee-Onboarding/Employee_Personal_Details_Objects/Page_OrangeHRM/input_License Expiry Date_oxd-input oxd-inp_5d7d79"), License_Expiry_Date): Text '2025-12-12' is set on object 'Object Repository/Employee-Onboarding/Employee_Personal_Details_Objects/Page_OrangeHRM/input_License Expiry Date_oxd-input oxd-inp_5d7d79'

27-12-2024T08:07:00 - [MESSAGE][PASSED] - Text '2025-12-12' is set on object 'Object Repository/Employee-Onboarding/Employee_Personal_Details_Objects/Page_OrangeHRM/input_License Expiry Date_oxd-input oxd-inp_5d7d79'

27-12-2024T08:07:00 - [TEST_STEP][PASSED] - click(findTestObject("Object Repository/Employee-Onboarding/Employee_Personal_Details_Objects/Page_OrangeHRM/div_-- Select --")): Object: 'Object Repository/Employee-Onboarding/Employee_Personal_Details_Objects/Page_OrangeHRM/div_-- Select --' is clicked on

27-12-2024T08:07:01 - [MESSAGE][PASSED] - Object: 'Object Repository/Employee-Onboarding/Employee_Personal_Details_Objects/Page_OrangeHRM/div_-- Select --' is clicked on

27-12-2024T08:07:01 - [TEST_STEP][PASSED] - click(findTestObject("Employee-Onboarding/Employee_Salary_Detail_Objects/Page_OrangeHRM/custom_object_for_dropdown", ["value":Employee_Nationality])): Object: 'Object Repository/Employee-Onboarding/Employee_Salary_Detail_Objects/Page_OrangeHRM/custom_object_for_dropdown' is clicked on

27-12-2024T08:07:01 - [MESSAGE][PASSED] - Object: 'Object Repository/Employee-Onboarding/Employee_Salary_Detail_Objects/Page_OrangeHRM/custom_object_for_dropdown' is clicked on

27-12-2024T08:07:01 - [TEST_STEP][PASSED] - click(findTestObject("Object Repository/Employee-Onboarding/Employee_Personal_Details_Objects/Page_OrangeHRM/div_-- Select --_1")): Object: 'Object Repository/Employee-Onboarding/Employee_Personal_Details_Objects/Page_OrangeHRM/div_-- Select --_1' is clicked on

27-12-2024T08:07:01 - [MESSAGE][PASSED] - Object: 'Object Repository/Employee-Onboarding/Employee_Personal_Details_Objects/Page_OrangeHRM/div_-- Select --_1' is clicked on

27-12-2024T08:07:01 - [TEST_STEP][PASSED] - click(findTestObject("Employee-Onboarding/Employee_Salary_Detail_Objects/Page_OrangeHRM/custom_object_for_dropdown", ["value":Employee_Marital_Status])): Object: 'Object Repository/Employee-Onboarding/Employee_Salary_Detail_Objects/Page_OrangeHRM/custom_object_for_dropdown' is clicked on

27-12-2024T08:07:02 - [MESSAGE][PASSED] - Object: 'Object Repository/Employee-Onboarding/Employee_Salary_Detail_Objects/Page_OrangeHRM/custom_object_for_dropdown' is clicked on

27-12-2024T08:07:02 - [TEST_STEP][PASSED] - setText(findTestObject("Object Repository/Employee-Onboarding/Employee_Personal_Details_Objects/Page_OrangeHRM/input_Date of Birth_oxd-input oxd-input--focus"), Employee_DOB): Text '1967-03-18' is set on object 'Object Repository/Employee-Onboarding/Employee_Personal_Details_Objects/Page_OrangeHRM/input_Date of Birth_oxd-input oxd-input--focus'

27-12-2024T08:07:03 - [MESSAGE][PASSED] - Text '1967-03-18' is set on object 'Object Repository/Employee-Onboarding/Employee_Personal_Details_Objects/Page_OrangeHRM/input_Date of Birth_oxd-input oxd-input--focus'

27-12-2024T08:07:03 - [TEST_STEP][PASSED] - click(findTestObject("Object Repository/Employee-Onboarding/Employee_Personal_Details_Objects/Page_OrangeHRM/span_Male_oxd-radio-input oxd-radio-input--_b0de6e")): Object: 'Object Repository/Employee-Onboarding/Employee_Personal_Details_Objects/Page_OrangeHRM/span_Male_oxd-radio-input oxd-radio-input--_b0de6e' is clicked on

27-12-2024T08:07:03 - [MESSAGE][PASSED] - Object: 'Object Repository/Employee-Onboarding/Employee_Personal_Details_Objects/Page_OrangeHRM/span_Male_oxd-radio-input oxd-radio-input--_b0de6e' is clicked on

27-12-2024T08:07:03 - [TEST_STEP][PASSED] - click(findTestObject("Object Repository/Employee-Onboarding/Employee_Personal_Details_Objects/Page_OrangeHRM/button_Save")): Object: 'Object Repository/Employee-Onboarding/Employee_Personal_Details_Objects/Page_OrangeHRM/button_Save' is clicked on

27-12-2024T08:07:03 - [MESSAGE][PASSED] - Object: 'Object Repository/Employee-Onboarding/Employee_Personal_Details_Objects/Page_OrangeHRM/button_Save' is clicked on]]></system-out>
         <system-err><![CDATA[]]></system-err>
      </testcase>
      <testcase name="Test Cases/Employee_Onboarding/TC_Employee_Person_Details" time="15.385" classname="Test Cases/Employee_Onboarding/TC_Employee_Person_Details" status="PASSED">
         <system-out><![CDATA[27-12-2024T08:07:03 - [TEST_CASE][PASSED] - Test Cases/Employee_Onboarding/TC_Employee_Person_Details: Test Cases/Employee_Onboarding/TC_Employee_Person_Details

27-12-2024T08:07:03 - [TEST_STEP][PASSED] - click(findTestObject("Object Repository/Employee-Onboarding/Employee_Personal_Details_Objects/Page_OrangeHRM/span_PIM")): Object: 'Object Repository/Employee-Onboarding/Employee_Personal_Details_Objects/Page_OrangeHRM/span_PIM' is clicked on

27-12-2024T08:07:05 - [MESSAGE][PASSED] - Object: 'Object Repository/Employee-Onboarding/Employee_Personal_Details_Objects/Page_OrangeHRM/span_PIM' is clicked on

27-12-2024T08:07:05 - [TEST_STEP][PASSED] - setText(findTestObject("Object Repository/Employee-Onboarding/Employee_Personal_Details_Objects/Page_OrangeHRM/input"), Employee_Fullname): Text 'Meghan Cruz' is set on object 'Object Repository/Employee-Onboarding/Employee_Personal_Details_Objects/Page_OrangeHRM/input'

27-12-2024T08:07:07 - [MESSAGE][PASSED] - Text 'Meghan Cruz' is set on object 'Object Repository/Employee-Onboarding/Employee_Personal_Details_Objects/Page_OrangeHRM/input'

27-12-2024T08:07:07 - [TEST_STEP][PASSED] - click(findTestObject("Object Repository/Employee-Onboarding/Employee_Personal_Details_Objects/Page_OrangeHRM/button_Search")): Object: 'Object Repository/Employee-Onboarding/Employee_Personal_Details_Objects/Page_OrangeHRM/button_Search' is clicked on

27-12-2024T08:07:08 - [MESSAGE][PASSED] - Object: 'Object Repository/Employee-Onboarding/Employee_Personal_Details_Objects/Page_OrangeHRM/button_Search' is clicked on

27-12-2024T08:07:08 - [TEST_STEP][PASSED] - click(findTestObject("Object Repository/Employee-Onboarding/Employee_Personal_Details_Objects/Page_OrangeHRM/div_0034008")): Object: 'Object Repository/Employee-Onboarding/Employee_Personal_Details_Objects/Page_OrangeHRM/div_0034008' is clicked on

27-12-2024T08:07:09 - [MESSAGE][PASSED] - Object: 'Object Repository/Employee-Onboarding/Employee_Personal_Details_Objects/Page_OrangeHRM/div_0034008' is clicked on

27-12-2024T08:07:09 - [TEST_STEP][PASSED] - click(findTestObject("Object Repository/Employee-Onboarding/Employee_Personal_Details_Objects/Page_OrangeHRM/a_Personal Details")): Object: 'Object Repository/Employee-Onboarding/Employee_Personal_Details_Objects/Page_OrangeHRM/a_Personal Details' is clicked on

27-12-2024T08:07:12 - [MESSAGE][PASSED] - Object: 'Object Repository/Employee-Onboarding/Employee_Personal_Details_Objects/Page_OrangeHRM/a_Personal Details' is clicked on

27-12-2024T08:07:12 - [TEST_STEP][PASSED] - setText(findTestObject("Object Repository/Employee-Onboarding/Employee_Personal_Details_Objects/Page_OrangeHRM/input_concat(Driver, , s License Number)_ox_6ab805"), Driving_License_Number): Text 'GUUHFDLVLC' is set on object 'Object Repository/Employee-Onboarding/Employee_Personal_Details_Objects/Page_OrangeHRM/input_concat(Driver, , s License Number)_ox_6ab805'

27-12-2024T08:07:15 - [MESSAGE][PASSED] - Text 'GUUHFDLVLC' is set on object 'Object Repository/Employee-Onboarding/Employee_Personal_Details_Objects/Page_OrangeHRM/input_concat(Driver, , s License Number)_ox_6ab805'

27-12-2024T08:07:15 - [TEST_STEP][PASSED] - setText(findTestObject("Object Repository/Employee-Onboarding/Employee_Personal_Details_Objects/Page_OrangeHRM/input_License Expiry Date_oxd-input oxd-inp_5d7d79"), License_Expiry_Date): Text '2025-12-12' is set on object 'Object Repository/Employee-Onboarding/Employee_Personal_Details_Objects/Page_OrangeHRM/input_License Expiry Date_oxd-input oxd-inp_5d7d79'

27-12-2024T08:07:16 - [MESSAGE][PASSED] - Text '2025-12-12' is set on object 'Object Repository/Employee-Onboarding/Employee_Personal_Details_Objects/Page_OrangeHRM/input_License Expiry Date_oxd-input oxd-inp_5d7d79'

27-12-2024T08:07:16 - [TEST_STEP][PASSED] - click(findTestObject("Object Repository/Employee-Onboarding/Employee_Personal_Details_Objects/Page_OrangeHRM/div_-- Select --")): Object: 'Object Repository/Employee-Onboarding/Employee_Personal_Details_Objects/Page_OrangeHRM/div_-- Select --' is clicked on

27-12-2024T08:07:16 - [MESSAGE][PASSED] - Object: 'Object Repository/Employee-Onboarding/Employee_Personal_Details_Objects/Page_OrangeHRM/div_-- Select --' is clicked on

27-12-2024T08:07:16 - [TEST_STEP][PASSED] - click(findTestObject("Employee-Onboarding/Employee_Salary_Detail_Objects/Page_OrangeHRM/custom_object_for_dropdown", ["value":Employee_Nationality])): Object: 'Object Repository/Employee-Onboarding/Employee_Salary_Detail_Objects/Page_OrangeHRM/custom_object_for_dropdown' is clicked on

27-12-2024T08:07:16 - [MESSAGE][PASSED] - Object: 'Object Repository/Employee-Onboarding/Employee_Salary_Detail_Objects/Page_OrangeHRM/custom_object_for_dropdown' is clicked on

27-12-2024T08:07:16 - [TEST_STEP][PASSED] - click(findTestObject("Object Repository/Employee-Onboarding/Employee_Personal_Details_Objects/Page_OrangeHRM/div_-- Select --_1")): Object: 'Object Repository/Employee-Onboarding/Employee_Personal_Details_Objects/Page_OrangeHRM/div_-- Select --_1' is clicked on

27-12-2024T08:07:17 - [MESSAGE][PASSED] - Object: 'Object Repository/Employee-Onboarding/Employee_Personal_Details_Objects/Page_OrangeHRM/div_-- Select --_1' is clicked on

27-12-2024T08:07:17 - [TEST_STEP][PASSED] - click(findTestObject("Employee-Onboarding/Employee_Salary_Detail_Objects/Page_OrangeHRM/custom_object_for_dropdown", ["value":Employee_Marital_Status])): Object: 'Object Repository/Employee-Onboarding/Employee_Salary_Detail_Objects/Page_OrangeHRM/custom_object_for_dropdown' is clicked on

27-12-2024T08:07:17 - [MESSAGE][PASSED] - Object: 'Object Repository/Employee-Onboarding/Employee_Salary_Detail_Objects/Page_OrangeHRM/custom_object_for_dropdown' is clicked on

27-12-2024T08:07:17 - [TEST_STEP][PASSED] - setText(findTestObject("Object Repository/Employee-Onboarding/Employee_Personal_Details_Objects/Page_OrangeHRM/input_Date of Birth_oxd-input oxd-input--focus"), Employee_DOB): Text '1990-05-09' is set on object 'Object Repository/Employee-Onboarding/Employee_Personal_Details_Objects/Page_OrangeHRM/input_Date of Birth_oxd-input oxd-input--focus'

27-12-2024T08:07:18 - [MESSAGE][PASSED] - Text '1990-05-09' is set on object 'Object Repository/Employee-Onboarding/Employee_Personal_Details_Objects/Page_OrangeHRM/input_Date of Birth_oxd-input oxd-input--focus'

27-12-2024T08:07:18 - [TEST_STEP][PASSED] - click(findTestObject("Object Repository/Employee-Onboarding/Employee_Personal_Details_Objects/Page_OrangeHRM/span_Male_oxd-radio-input oxd-radio-input--_b0de6e")): Object: 'Object Repository/Employee-Onboarding/Employee_Personal_Details_Objects/Page_OrangeHRM/span_Male_oxd-radio-input oxd-radio-input--_b0de6e' is clicked on

27-12-2024T08:07:18 - [MESSAGE][PASSED] - Object: 'Object Repository/Employee-Onboarding/Employee_Personal_Details_Objects/Page_OrangeHRM/span_Male_oxd-radio-input oxd-radio-input--_b0de6e' is clicked on

27-12-2024T08:07:18 - [TEST_STEP][PASSED] - click(findTestObject("Object Repository/Employee-Onboarding/Employee_Personal_Details_Objects/Page_OrangeHRM/button_Save")): Object: 'Object Repository/Employee-Onboarding/Employee_Personal_Details_Objects/Page_OrangeHRM/button_Save' is clicked on

27-12-2024T08:07:19 - [MESSAGE][PASSED] - Object: 'Object Repository/Employee-Onboarding/Employee_Personal_Details_Objects/Page_OrangeHRM/button_Save' is clicked on]]></system-out>
         <system-err><![CDATA[]]></system-err>
      </testcase>
      <testcase name="Test Cases/Employee_Onboarding/TC_Employee_Person_Details" time="15.301" classname="Test Cases/Employee_Onboarding/TC_Employee_Person_Details" status="PASSED">
         <system-out><![CDATA[27-12-2024T08:07:19 - [TEST_CASE][PASSED] - Test Cases/Employee_Onboarding/TC_Employee_Person_Details: Test Cases/Employee_Onboarding/TC_Employee_Person_Details

27-12-2024T08:07:19 - [TEST_STEP][PASSED] - click(findTestObject("Object Repository/Employee-Onboarding/Employee_Personal_Details_Objects/Page_OrangeHRM/span_PIM")): Object: 'Object Repository/Employee-Onboarding/Employee_Personal_Details_Objects/Page_OrangeHRM/span_PIM' is clicked on

27-12-2024T08:07:21 - [MESSAGE][PASSED] - Object: 'Object Repository/Employee-Onboarding/Employee_Personal_Details_Objects/Page_OrangeHRM/span_PIM' is clicked on

27-12-2024T08:07:21 - [TEST_STEP][PASSED] - setText(findTestObject("Object Repository/Employee-Onboarding/Employee_Personal_Details_Objects/Page_OrangeHRM/input"), Employee_Fullname): Text 'Erik Lewis' is set on object 'Object Repository/Employee-Onboarding/Employee_Personal_Details_Objects/Page_OrangeHRM/input'

27-12-2024T08:07:23 - [MESSAGE][PASSED] - Text 'Erik Lewis' is set on object 'Object Repository/Employee-Onboarding/Employee_Personal_Details_Objects/Page_OrangeHRM/input'

27-12-2024T08:07:23 - [TEST_STEP][PASSED] - click(findTestObject("Object Repository/Employee-Onboarding/Employee_Personal_Details_Objects/Page_OrangeHRM/button_Search")): Object: 'Object Repository/Employee-Onboarding/Employee_Personal_Details_Objects/Page_OrangeHRM/button_Search' is clicked on

27-12-2024T08:07:23 - [MESSAGE][PASSED] - Object: 'Object Repository/Employee-Onboarding/Employee_Personal_Details_Objects/Page_OrangeHRM/button_Search' is clicked on

27-12-2024T08:07:23 - [TEST_STEP][PASSED] - click(findTestObject("Object Repository/Employee-Onboarding/Employee_Personal_Details_Objects/Page_OrangeHRM/div_0034008")): Object: 'Object Repository/Employee-Onboarding/Employee_Personal_Details_Objects/Page_OrangeHRM/div_0034008' is clicked on

27-12-2024T08:07:25 - [MESSAGE][PASSED] - Object: 'Object Repository/Employee-Onboarding/Employee_Personal_Details_Objects/Page_OrangeHRM/div_0034008' is clicked on

27-12-2024T08:07:25 - [TEST_STEP][PASSED] - click(findTestObject("Object Repository/Employee-Onboarding/Employee_Personal_Details_Objects/Page_OrangeHRM/a_Personal Details")): Object: 'Object Repository/Employee-Onboarding/Employee_Personal_Details_Objects/Page_OrangeHRM/a_Personal Details' is clicked on

27-12-2024T08:07:28 - [MESSAGE][PASSED] - Object: 'Object Repository/Employee-Onboarding/Employee_Personal_Details_Objects/Page_OrangeHRM/a_Personal Details' is clicked on

27-12-2024T08:07:28 - [TEST_STEP][PASSED] - setText(findTestObject("Object Repository/Employee-Onboarding/Employee_Personal_Details_Objects/Page_OrangeHRM/input_concat(Driver, , s License Number)_ox_6ab805"), Driving_License_Number): Text 'SKJR2MW4WW' is set on object 'Object Repository/Employee-Onboarding/Employee_Personal_Details_Objects/Page_OrangeHRM/input_concat(Driver, , s License Number)_ox_6ab805'

27-12-2024T08:07:30 - [MESSAGE][PASSED] - Text 'SKJR2MW4WW' is set on object 'Object Repository/Employee-Onboarding/Employee_Personal_Details_Objects/Page_OrangeHRM/input_concat(Driver, , s License Number)_ox_6ab805'

27-12-2024T08:07:30 - [TEST_STEP][PASSED] - setText(findTestObject("Object Repository/Employee-Onboarding/Employee_Personal_Details_Objects/Page_OrangeHRM/input_License Expiry Date_oxd-input oxd-inp_5d7d79"), License_Expiry_Date): Text '2025-12-12' is set on object 'Object Repository/Employee-Onboarding/Employee_Personal_Details_Objects/Page_OrangeHRM/input_License Expiry Date_oxd-input oxd-inp_5d7d79'

27-12-2024T08:07:31 - [MESSAGE][PASSED] - Text '2025-12-12' is set on object 'Object Repository/Employee-Onboarding/Employee_Personal_Details_Objects/Page_OrangeHRM/input_License Expiry Date_oxd-input oxd-inp_5d7d79'

27-12-2024T08:07:31 - [TEST_STEP][PASSED] - click(findTestObject("Object Repository/Employee-Onboarding/Employee_Personal_Details_Objects/Page_OrangeHRM/div_-- Select --")): Object: 'Object Repository/Employee-Onboarding/Employee_Personal_Details_Objects/Page_OrangeHRM/div_-- Select --' is clicked on

27-12-2024T08:07:31 - [MESSAGE][PASSED] - Object: 'Object Repository/Employee-Onboarding/Employee_Personal_Details_Objects/Page_OrangeHRM/div_-- Select --' is clicked on

27-12-2024T08:07:31 - [TEST_STEP][PASSED] - click(findTestObject("Employee-Onboarding/Employee_Salary_Detail_Objects/Page_OrangeHRM/custom_object_for_dropdown", ["value":Employee_Nationality])): Object: 'Object Repository/Employee-Onboarding/Employee_Salary_Detail_Objects/Page_OrangeHRM/custom_object_for_dropdown' is clicked on

27-12-2024T08:07:32 - [MESSAGE][PASSED] - Object: 'Object Repository/Employee-Onboarding/Employee_Salary_Detail_Objects/Page_OrangeHRM/custom_object_for_dropdown' is clicked on

27-12-2024T08:07:32 - [TEST_STEP][PASSED] - click(findTestObject("Object Repository/Employee-Onboarding/Employee_Personal_Details_Objects/Page_OrangeHRM/div_-- Select --_1")): Object: 'Object Repository/Employee-Onboarding/Employee_Personal_Details_Objects/Page_OrangeHRM/div_-- Select --_1' is clicked on

27-12-2024T08:07:32 - [MESSAGE][PASSED] - Object: 'Object Repository/Employee-Onboarding/Employee_Personal_Details_Objects/Page_OrangeHRM/div_-- Select --_1' is clicked on

27-12-2024T08:07:32 - [TEST_STEP][PASSED] - click(findTestObject("Employee-Onboarding/Employee_Salary_Detail_Objects/Page_OrangeHRM/custom_object_for_dropdown", ["value":Employee_Marital_Status])): Object: 'Object Repository/Employee-Onboarding/Employee_Salary_Detail_Objects/Page_OrangeHRM/custom_object_for_dropdown' is clicked on

27-12-2024T08:07:33 - [MESSAGE][PASSED] - Object: 'Object Repository/Employee-Onboarding/Employee_Salary_Detail_Objects/Page_OrangeHRM/custom_object_for_dropdown' is clicked on

27-12-2024T08:07:33 - [TEST_STEP][PASSED] - setText(findTestObject("Object Repository/Employee-Onboarding/Employee_Personal_Details_Objects/Page_OrangeHRM/input_Date of Birth_oxd-input oxd-input--focus"), Employee_DOB): Text '1993-06-01' is set on object 'Object Repository/Employee-Onboarding/Employee_Personal_Details_Objects/Page_OrangeHRM/input_Date of Birth_oxd-input oxd-input--focus'

27-12-2024T08:07:33 - [MESSAGE][PASSED] - Text '1993-06-01' is set on object 'Object Repository/Employee-Onboarding/Employee_Personal_Details_Objects/Page_OrangeHRM/input_Date of Birth_oxd-input oxd-input--focus'

27-12-2024T08:07:33 - [TEST_STEP][PASSED] - click(findTestObject("Object Repository/Employee-Onboarding/Employee_Personal_Details_Objects/Page_OrangeHRM/span_Male_oxd-radio-input oxd-radio-input--_b0de6e")): Object: 'Object Repository/Employee-Onboarding/Employee_Personal_Details_Objects/Page_OrangeHRM/span_Male_oxd-radio-input oxd-radio-input--_b0de6e' is clicked on

27-12-2024T08:07:34 - [MESSAGE][PASSED] - Object: 'Object Repository/Employee-Onboarding/Employee_Personal_Details_Objects/Page_OrangeHRM/span_Male_oxd-radio-input oxd-radio-input--_b0de6e' is clicked on

27-12-2024T08:07:34 - [TEST_STEP][PASSED] - click(findTestObject("Object Repository/Employee-Onboarding/Employee_Personal_Details_Objects/Page_OrangeHRM/button_Save")): Object: 'Object Repository/Employee-Onboarding/Employee_Personal_Details_Objects/Page_OrangeHRM/button_Save' is clicked on

27-12-2024T08:07:34 - [MESSAGE][PASSED] - Object: 'Object Repository/Employee-Onboarding/Employee_Personal_Details_Objects/Page_OrangeHRM/button_Save' is clicked on]]></system-out>
         <system-err><![CDATA[]]></system-err>
      </testcase>
      <testcase name="Test Cases/Employee_Onboarding/TC_Employee_Person_Details" time="15.111" classname="Test Cases/Employee_Onboarding/TC_Employee_Person_Details" status="PASSED">
         <system-out><![CDATA[27-12-2024T08:07:34 - [TEST_CASE][PASSED] - Test Cases/Employee_Onboarding/TC_Employee_Person_Details: Test Cases/Employee_Onboarding/TC_Employee_Person_Details

27-12-2024T08:07:34 - [TEST_STEP][PASSED] - click(findTestObject("Object Repository/Employee-Onboarding/Employee_Personal_Details_Objects/Page_OrangeHRM/span_PIM")): Object: 'Object Repository/Employee-Onboarding/Employee_Personal_Details_Objects/Page_OrangeHRM/span_PIM' is clicked on

27-12-2024T08:07:36 - [MESSAGE][PASSED] - Object: 'Object Repository/Employee-Onboarding/Employee_Personal_Details_Objects/Page_OrangeHRM/span_PIM' is clicked on

27-12-2024T08:07:36 - [TEST_STEP][PASSED] - setText(findTestObject("Object Repository/Employee-Onboarding/Employee_Personal_Details_Objects/Page_OrangeHRM/input"), Employee_Fullname): Text 'Vicki Michael' is set on object 'Object Repository/Employee-Onboarding/Employee_Personal_Details_Objects/Page_OrangeHRM/input'

27-12-2024T08:07:38 - [MESSAGE][PASSED] - Text 'Vicki Michael' is set on object 'Object Repository/Employee-Onboarding/Employee_Personal_Details_Objects/Page_OrangeHRM/input'

27-12-2024T08:07:38 - [TEST_STEP][PASSED] - click(findTestObject("Object Repository/Employee-Onboarding/Employee_Personal_Details_Objects/Page_OrangeHRM/button_Search")): Object: 'Object Repository/Employee-Onboarding/Employee_Personal_Details_Objects/Page_OrangeHRM/button_Search' is clicked on

27-12-2024T08:07:38 - [MESSAGE][PASSED] - Object: 'Object Repository/Employee-Onboarding/Employee_Personal_Details_Objects/Page_OrangeHRM/button_Search' is clicked on

27-12-2024T08:07:38 - [TEST_STEP][PASSED] - click(findTestObject("Object Repository/Employee-Onboarding/Employee_Personal_Details_Objects/Page_OrangeHRM/div_0034008")): Object: 'Object Repository/Employee-Onboarding/Employee_Personal_Details_Objects/Page_OrangeHRM/div_0034008' is clicked on

27-12-2024T08:07:40 - [MESSAGE][PASSED] - Object: 'Object Repository/Employee-Onboarding/Employee_Personal_Details_Objects/Page_OrangeHRM/div_0034008' is clicked on

27-12-2024T08:07:40 - [TEST_STEP][PASSED] - click(findTestObject("Object Repository/Employee-Onboarding/Employee_Personal_Details_Objects/Page_OrangeHRM/a_Personal Details")): Object: 'Object Repository/Employee-Onboarding/Employee_Personal_Details_Objects/Page_OrangeHRM/a_Personal Details' is clicked on

27-12-2024T08:07:43 - [MESSAGE][PASSED] - Object: 'Object Repository/Employee-Onboarding/Employee_Personal_Details_Objects/Page_OrangeHRM/a_Personal Details' is clicked on

27-12-2024T08:07:43 - [TEST_STEP][PASSED] - setText(findTestObject("Object Repository/Employee-Onboarding/Employee_Personal_Details_Objects/Page_OrangeHRM/input_concat(Driver, , s License Number)_ox_6ab805"), Driving_License_Number): Text 'BAAX0F33H4' is set on object 'Object Repository/Employee-Onboarding/Employee_Personal_Details_Objects/Page_OrangeHRM/input_concat(Driver, , s License Number)_ox_6ab805'

27-12-2024T08:07:46 - [MESSAGE][PASSED] - Text 'BAAX0F33H4' is set on object 'Object Repository/Employee-Onboarding/Employee_Personal_Details_Objects/Page_OrangeHRM/input_concat(Driver, , s License Number)_ox_6ab805'

27-12-2024T08:07:46 - [TEST_STEP][PASSED] - setText(findTestObject("Object Repository/Employee-Onboarding/Employee_Personal_Details_Objects/Page_OrangeHRM/input_License Expiry Date_oxd-input oxd-inp_5d7d79"), License_Expiry_Date): Text '2025-12-12' is set on object 'Object Repository/Employee-Onboarding/Employee_Personal_Details_Objects/Page_OrangeHRM/input_License Expiry Date_oxd-input oxd-inp_5d7d79'

27-12-2024T08:07:46 - [MESSAGE][PASSED] - Text '2025-12-12' is set on object 'Object Repository/Employee-Onboarding/Employee_Personal_Details_Objects/Page_OrangeHRM/input_License Expiry Date_oxd-input oxd-inp_5d7d79'

27-12-2024T08:07:46 - [TEST_STEP][PASSED] - click(findTestObject("Object Repository/Employee-Onboarding/Employee_Personal_Details_Objects/Page_OrangeHRM/div_-- Select --")): Object: 'Object Repository/Employee-Onboarding/Employee_Personal_Details_Objects/Page_OrangeHRM/div_-- Select --' is clicked on

27-12-2024T08:07:46 - [MESSAGE][PASSED] - Object: 'Object Repository/Employee-Onboarding/Employee_Personal_Details_Objects/Page_OrangeHRM/div_-- Select --' is clicked on

27-12-2024T08:07:46 - [TEST_STEP][PASSED] - click(findTestObject("Employee-Onboarding/Employee_Salary_Detail_Objects/Page_OrangeHRM/custom_object_for_dropdown", ["value":Employee_Nationality])): Object: 'Object Repository/Employee-Onboarding/Employee_Salary_Detail_Objects/Page_OrangeHRM/custom_object_for_dropdown' is clicked on

27-12-2024T08:07:47 - [MESSAGE][PASSED] - Object: 'Object Repository/Employee-Onboarding/Employee_Salary_Detail_Objects/Page_OrangeHRM/custom_object_for_dropdown' is clicked on

27-12-2024T08:07:47 - [TEST_STEP][PASSED] - click(findTestObject("Object Repository/Employee-Onboarding/Employee_Personal_Details_Objects/Page_OrangeHRM/div_-- Select --_1")): Object: 'Object Repository/Employee-Onboarding/Employee_Personal_Details_Objects/Page_OrangeHRM/div_-- Select --_1' is clicked on

27-12-2024T08:07:47 - [MESSAGE][PASSED] - Object: 'Object Repository/Employee-Onboarding/Employee_Personal_Details_Objects/Page_OrangeHRM/div_-- Select --_1' is clicked on

27-12-2024T08:07:47 - [TEST_STEP][PASSED] - click(findTestObject("Employee-Onboarding/Employee_Salary_Detail_Objects/Page_OrangeHRM/custom_object_for_dropdown", ["value":Employee_Marital_Status])): Object: 'Object Repository/Employee-Onboarding/Employee_Salary_Detail_Objects/Page_OrangeHRM/custom_object_for_dropdown' is clicked on

27-12-2024T08:07:48 - [MESSAGE][PASSED] - Object: 'Object Repository/Employee-Onboarding/Employee_Salary_Detail_Objects/Page_OrangeHRM/custom_object_for_dropdown' is clicked on

27-12-2024T08:07:48 - [TEST_STEP][PASSED] - setText(findTestObject("Object Repository/Employee-Onboarding/Employee_Personal_Details_Objects/Page_OrangeHRM/input_Date of Birth_oxd-input oxd-input--focus"), Employee_DOB): Text '1989-04-01' is set on object 'Object Repository/Employee-Onboarding/Employee_Personal_Details_Objects/Page_OrangeHRM/input_Date of Birth_oxd-input oxd-input--focus'

27-12-2024T08:07:48 - [MESSAGE][PASSED] - Text '1989-04-01' is set on object 'Object Repository/Employee-Onboarding/Employee_Personal_Details_Objects/Page_OrangeHRM/input_Date of Birth_oxd-input oxd-input--focus'

27-12-2024T08:07:48 - [TEST_STEP][PASSED] - click(findTestObject("Object Repository/Employee-Onboarding/Employee_Personal_Details_Objects/Page_OrangeHRM/span_Male_oxd-radio-input oxd-radio-input--_b0de6e")): Object: 'Object Repository/Employee-Onboarding/Employee_Personal_Details_Objects/Page_OrangeHRM/span_Male_oxd-radio-input oxd-radio-input--_b0de6e' is clicked on

27-12-2024T08:07:49 - [MESSAGE][PASSED] - Object: 'Object Repository/Employee-Onboarding/Employee_Personal_Details_Objects/Page_OrangeHRM/span_Male_oxd-radio-input oxd-radio-input--_b0de6e' is clicked on

27-12-2024T08:07:49 - [TEST_STEP][PASSED] - click(findTestObject("Object Repository/Employee-Onboarding/Employee_Personal_Details_Objects/Page_OrangeHRM/button_Save")): Object: 'Object Repository/Employee-Onboarding/Employee_Personal_Details_Objects/Page_OrangeHRM/button_Save' is clicked on

27-12-2024T08:07:49 - [MESSAGE][PASSED] - Object: 'Object Repository/Employee-Onboarding/Employee_Personal_Details_Objects/Page_OrangeHRM/button_Save' is clicked on]]></system-out>
         <system-err><![CDATA[]]></system-err>
      </testcase>
      <testcase name="Test Cases/Employee_Onboarding/TC_Employee_Person_Details" time="14.832" classname="Test Cases/Employee_Onboarding/TC_Employee_Person_Details" status="PASSED">
         <system-out><![CDATA[27-12-2024T08:07:49 - [TEST_CASE][PASSED] - Test Cases/Employee_Onboarding/TC_Employee_Person_Details: Test Cases/Employee_Onboarding/TC_Employee_Person_Details

27-12-2024T08:07:49 - [TEST_STEP][PASSED] - click(findTestObject("Object Repository/Employee-Onboarding/Employee_Personal_Details_Objects/Page_OrangeHRM/span_PIM")): Object: 'Object Repository/Employee-Onboarding/Employee_Personal_Details_Objects/Page_OrangeHRM/span_PIM' is clicked on

27-12-2024T08:07:51 - [MESSAGE][PASSED] - Object: 'Object Repository/Employee-Onboarding/Employee_Personal_Details_Objects/Page_OrangeHRM/span_PIM' is clicked on

27-12-2024T08:07:51 - [TEST_STEP][PASSED] - setText(findTestObject("Object Repository/Employee-Onboarding/Employee_Personal_Details_Objects/Page_OrangeHRM/input"), Employee_Fullname): Text 'Laura Carter' is set on object 'Object Repository/Employee-Onboarding/Employee_Personal_Details_Objects/Page_OrangeHRM/input'

27-12-2024T08:07:53 - [MESSAGE][PASSED] - Text 'Laura Carter' is set on object 'Object Repository/Employee-Onboarding/Employee_Personal_Details_Objects/Page_OrangeHRM/input'

27-12-2024T08:07:53 - [TEST_STEP][PASSED] - click(findTestObject("Object Repository/Employee-Onboarding/Employee_Personal_Details_Objects/Page_OrangeHRM/button_Search")): Object: 'Object Repository/Employee-Onboarding/Employee_Personal_Details_Objects/Page_OrangeHRM/button_Search' is clicked on

27-12-2024T08:07:53 - [MESSAGE][PASSED] - Object: 'Object Repository/Employee-Onboarding/Employee_Personal_Details_Objects/Page_OrangeHRM/button_Search' is clicked on

27-12-2024T08:07:53 - [TEST_STEP][PASSED] - click(findTestObject("Object Repository/Employee-Onboarding/Employee_Personal_Details_Objects/Page_OrangeHRM/div_0034008")): Object: 'Object Repository/Employee-Onboarding/Employee_Personal_Details_Objects/Page_OrangeHRM/div_0034008' is clicked on

27-12-2024T08:07:55 - [MESSAGE][PASSED] - Object: 'Object Repository/Employee-Onboarding/Employee_Personal_Details_Objects/Page_OrangeHRM/div_0034008' is clicked on

27-12-2024T08:07:55 - [TEST_STEP][PASSED] - click(findTestObject("Object Repository/Employee-Onboarding/Employee_Personal_Details_Objects/Page_OrangeHRM/a_Personal Details")): Object: 'Object Repository/Employee-Onboarding/Employee_Personal_Details_Objects/Page_OrangeHRM/a_Personal Details' is clicked on

27-12-2024T08:07:58 - [MESSAGE][PASSED] - Object: 'Object Repository/Employee-Onboarding/Employee_Personal_Details_Objects/Page_OrangeHRM/a_Personal Details' is clicked on

27-12-2024T08:07:58 - [TEST_STEP][PASSED] - setText(findTestObject("Object Repository/Employee-Onboarding/Employee_Personal_Details_Objects/Page_OrangeHRM/input_concat(Driver, , s License Number)_ox_6ab805"), Driving_License_Number): Text 'QWAOXE4LDN' is set on object 'Object Repository/Employee-Onboarding/Employee_Personal_Details_Objects/Page_OrangeHRM/input_concat(Driver, , s License Number)_ox_6ab805'

27-12-2024T08:08:00 - [MESSAGE][PASSED] - Text 'QWAOXE4LDN' is set on object 'Object Repository/Employee-Onboarding/Employee_Personal_Details_Objects/Page_OrangeHRM/input_concat(Driver, , s License Number)_ox_6ab805'

27-12-2024T08:08:00 - [TEST_STEP][PASSED] - setText(findTestObject("Object Repository/Employee-Onboarding/Employee_Personal_Details_Objects/Page_OrangeHRM/input_License Expiry Date_oxd-input oxd-inp_5d7d79"), License_Expiry_Date): Text '2025-12-12' is set on object 'Object Repository/Employee-Onboarding/Employee_Personal_Details_Objects/Page_OrangeHRM/input_License Expiry Date_oxd-input oxd-inp_5d7d79'

27-12-2024T08:08:01 - [MESSAGE][PASSED] - Text '2025-12-12' is set on object 'Object Repository/Employee-Onboarding/Employee_Personal_Details_Objects/Page_OrangeHRM/input_License Expiry Date_oxd-input oxd-inp_5d7d79'

27-12-2024T08:08:01 - [TEST_STEP][PASSED] - click(findTestObject("Object Repository/Employee-Onboarding/Employee_Personal_Details_Objects/Page_OrangeHRM/div_-- Select --")): Object: 'Object Repository/Employee-Onboarding/Employee_Personal_Details_Objects/Page_OrangeHRM/div_-- Select --' is clicked on

27-12-2024T08:08:01 - [MESSAGE][PASSED] - Object: 'Object Repository/Employee-Onboarding/Employee_Personal_Details_Objects/Page_OrangeHRM/div_-- Select --' is clicked on

27-12-2024T08:08:01 - [TEST_STEP][PASSED] - click(findTestObject("Employee-Onboarding/Employee_Salary_Detail_Objects/Page_OrangeHRM/custom_object_for_dropdown", ["value":Employee_Nationality])): Object: 'Object Repository/Employee-Onboarding/Employee_Salary_Detail_Objects/Page_OrangeHRM/custom_object_for_dropdown' is clicked on

27-12-2024T08:08:02 - [MESSAGE][PASSED] - Object: 'Object Repository/Employee-Onboarding/Employee_Salary_Detail_Objects/Page_OrangeHRM/custom_object_for_dropdown' is clicked on

27-12-2024T08:08:02 - [TEST_STEP][PASSED] - click(findTestObject("Object Repository/Employee-Onboarding/Employee_Personal_Details_Objects/Page_OrangeHRM/div_-- Select --_1")): Object: 'Object Repository/Employee-Onboarding/Employee_Personal_Details_Objects/Page_OrangeHRM/div_-- Select --_1' is clicked on

27-12-2024T08:08:02 - [MESSAGE][PASSED] - Object: 'Object Repository/Employee-Onboarding/Employee_Personal_Details_Objects/Page_OrangeHRM/div_-- Select --_1' is clicked on

27-12-2024T08:08:02 - [TEST_STEP][PASSED] - click(findTestObject("Employee-Onboarding/Employee_Salary_Detail_Objects/Page_OrangeHRM/custom_object_for_dropdown", ["value":Employee_Marital_Status])): Object: 'Object Repository/Employee-Onboarding/Employee_Salary_Detail_Objects/Page_OrangeHRM/custom_object_for_dropdown' is clicked on

27-12-2024T08:08:03 - [MESSAGE][PASSED] - Object: 'Object Repository/Employee-Onboarding/Employee_Salary_Detail_Objects/Page_OrangeHRM/custom_object_for_dropdown' is clicked on

27-12-2024T08:08:03 - [TEST_STEP][PASSED] - setText(findTestObject("Object Repository/Employee-Onboarding/Employee_Personal_Details_Objects/Page_OrangeHRM/input_Date of Birth_oxd-input oxd-input--focus"), Employee_DOB): Text '2001-03-18' is set on object 'Object Repository/Employee-Onboarding/Employee_Personal_Details_Objects/Page_OrangeHRM/input_Date of Birth_oxd-input oxd-input--focus'

27-12-2024T08:08:03 - [MESSAGE][PASSED] - Text '2001-03-18' is set on object 'Object Repository/Employee-Onboarding/Employee_Personal_Details_Objects/Page_OrangeHRM/input_Date of Birth_oxd-input oxd-input--focus'

27-12-2024T08:08:03 - [TEST_STEP][PASSED] - click(findTestObject("Object Repository/Employee-Onboarding/Employee_Personal_Details_Objects/Page_OrangeHRM/span_Male_oxd-radio-input oxd-radio-input--_b0de6e")): Object: 'Object Repository/Employee-Onboarding/Employee_Personal_Details_Objects/Page_OrangeHRM/span_Male_oxd-radio-input oxd-radio-input--_b0de6e' is clicked on

27-12-2024T08:08:04 - [MESSAGE][PASSED] - Object: 'Object Repository/Employee-Onboarding/Employee_Personal_Details_Objects/Page_OrangeHRM/span_Male_oxd-radio-input oxd-radio-input--_b0de6e' is clicked on

27-12-2024T08:08:04 - [TEST_STEP][PASSED] - click(findTestObject("Object Repository/Employee-Onboarding/Employee_Personal_Details_Objects/Page_OrangeHRM/button_Save")): Object: 'Object Repository/Employee-Onboarding/Employee_Personal_Details_Objects/Page_OrangeHRM/button_Save' is clicked on

27-12-2024T08:08:04 - [MESSAGE][PASSED] - Object: 'Object Repository/Employee-Onboarding/Employee_Personal_Details_Objects/Page_OrangeHRM/button_Save' is clicked on]]></system-out>
         <system-err><![CDATA[]]></system-err>
      </testcase>
      <testcase name="Test Cases/Employee_Onboarding/TC_Employee_Person_Details" time="15.654" classname="Test Cases/Employee_Onboarding/TC_Employee_Person_Details" status="PASSED">
         <system-out><![CDATA[27-12-2024T08:08:04 - [TEST_CASE][PASSED] - Test Cases/Employee_Onboarding/TC_Employee_Person_Details: Test Cases/Employee_Onboarding/TC_Employee_Person_Details

27-12-2024T08:08:04 - [TEST_STEP][PASSED] - click(findTestObject("Object Repository/Employee-Onboarding/Employee_Personal_Details_Objects/Page_OrangeHRM/span_PIM")): Object: 'Object Repository/Employee-Onboarding/Employee_Personal_Details_Objects/Page_OrangeHRM/span_PIM' is clicked on

27-12-2024T08:08:06 - [MESSAGE][PASSED] - Object: 'Object Repository/Employee-Onboarding/Employee_Personal_Details_Objects/Page_OrangeHRM/span_PIM' is clicked on

27-12-2024T08:08:06 - [TEST_STEP][PASSED] - setText(findTestObject("Object Repository/Employee-Onboarding/Employee_Personal_Details_Objects/Page_OrangeHRM/input"), Employee_Fullname): Text 'Nathaniel Douglas' is set on object 'Object Repository/Employee-Onboarding/Employee_Personal_Details_Objects/Page_OrangeHRM/input'

27-12-2024T08:08:08 - [MESSAGE][PASSED] - Text 'Nathaniel Douglas' is set on object 'Object Repository/Employee-Onboarding/Employee_Personal_Details_Objects/Page_OrangeHRM/input'

27-12-2024T08:08:08 - [TEST_STEP][PASSED] - click(findTestObject("Object Repository/Employee-Onboarding/Employee_Personal_Details_Objects/Page_OrangeHRM/button_Search")): Object: 'Object Repository/Employee-Onboarding/Employee_Personal_Details_Objects/Page_OrangeHRM/button_Search' is clicked on

27-12-2024T08:08:08 - [MESSAGE][PASSED] - Object: 'Object Repository/Employee-Onboarding/Employee_Personal_Details_Objects/Page_OrangeHRM/button_Search' is clicked on

27-12-2024T08:08:08 - [TEST_STEP][PASSED] - click(findTestObject("Object Repository/Employee-Onboarding/Employee_Personal_Details_Objects/Page_OrangeHRM/div_0034008")): Object: 'Object Repository/Employee-Onboarding/Employee_Personal_Details_Objects/Page_OrangeHRM/div_0034008' is clicked on

27-12-2024T08:08:10 - [MESSAGE][PASSED] - Object: 'Object Repository/Employee-Onboarding/Employee_Personal_Details_Objects/Page_OrangeHRM/div_0034008' is clicked on

27-12-2024T08:08:10 - [TEST_STEP][PASSED] - click(findTestObject("Object Repository/Employee-Onboarding/Employee_Personal_Details_Objects/Page_OrangeHRM/a_Personal Details")): Object: 'Object Repository/Employee-Onboarding/Employee_Personal_Details_Objects/Page_OrangeHRM/a_Personal Details' is clicked on

27-12-2024T08:08:13 - [MESSAGE][PASSED] - Object: 'Object Repository/Employee-Onboarding/Employee_Personal_Details_Objects/Page_OrangeHRM/a_Personal Details' is clicked on

27-12-2024T08:08:13 - [TEST_STEP][PASSED] - setText(findTestObject("Object Repository/Employee-Onboarding/Employee_Personal_Details_Objects/Page_OrangeHRM/input_concat(Driver, , s License Number)_ox_6ab805"), Driving_License_Number): Text 'BRECM2F769' is set on object 'Object Repository/Employee-Onboarding/Employee_Personal_Details_Objects/Page_OrangeHRM/input_concat(Driver, , s License Number)_ox_6ab805'

27-12-2024T08:08:16 - [MESSAGE][PASSED] - Text 'BRECM2F769' is set on object 'Object Repository/Employee-Onboarding/Employee_Personal_Details_Objects/Page_OrangeHRM/input_concat(Driver, , s License Number)_ox_6ab805'

27-12-2024T08:08:16 - [TEST_STEP][PASSED] - setText(findTestObject("Object Repository/Employee-Onboarding/Employee_Personal_Details_Objects/Page_OrangeHRM/input_License Expiry Date_oxd-input oxd-inp_5d7d79"), License_Expiry_Date): Text '2025-12-12' is set on object 'Object Repository/Employee-Onboarding/Employee_Personal_Details_Objects/Page_OrangeHRM/input_License Expiry Date_oxd-input oxd-inp_5d7d79'

27-12-2024T08:08:17 - [MESSAGE][PASSED] - Text '2025-12-12' is set on object 'Object Repository/Employee-Onboarding/Employee_Personal_Details_Objects/Page_OrangeHRM/input_License Expiry Date_oxd-input oxd-inp_5d7d79'

27-12-2024T08:08:17 - [TEST_STEP][PASSED] - click(findTestObject("Object Repository/Employee-Onboarding/Employee_Personal_Details_Objects/Page_OrangeHRM/div_-- Select --")): Object: 'Object Repository/Employee-Onboarding/Employee_Personal_Details_Objects/Page_OrangeHRM/div_-- Select --' is clicked on

27-12-2024T08:08:17 - [MESSAGE][PASSED] - Object: 'Object Repository/Employee-Onboarding/Employee_Personal_Details_Objects/Page_OrangeHRM/div_-- Select --' is clicked on

27-12-2024T08:08:17 - [TEST_STEP][PASSED] - click(findTestObject("Employee-Onboarding/Employee_Salary_Detail_Objects/Page_OrangeHRM/custom_object_for_dropdown", ["value":Employee_Nationality])): Object: 'Object Repository/Employee-Onboarding/Employee_Salary_Detail_Objects/Page_OrangeHRM/custom_object_for_dropdown' is clicked on

27-12-2024T08:08:17 - [MESSAGE][PASSED] - Object: 'Object Repository/Employee-Onboarding/Employee_Salary_Detail_Objects/Page_OrangeHRM/custom_object_for_dropdown' is clicked on

27-12-2024T08:08:17 - [TEST_STEP][PASSED] - click(findTestObject("Object Repository/Employee-Onboarding/Employee_Personal_Details_Objects/Page_OrangeHRM/div_-- Select --_1")): Object: 'Object Repository/Employee-Onboarding/Employee_Personal_Details_Objects/Page_OrangeHRM/div_-- Select --_1' is clicked on

27-12-2024T08:08:18 - [MESSAGE][PASSED] - Object: 'Object Repository/Employee-Onboarding/Employee_Personal_Details_Objects/Page_OrangeHRM/div_-- Select --_1' is clicked on

27-12-2024T08:08:18 - [TEST_STEP][PASSED] - click(findTestObject("Employee-Onboarding/Employee_Salary_Detail_Objects/Page_OrangeHRM/custom_object_for_dropdown", ["value":Employee_Marital_Status])): Object: 'Object Repository/Employee-Onboarding/Employee_Salary_Detail_Objects/Page_OrangeHRM/custom_object_for_dropdown' is clicked on

27-12-2024T08:08:18 - [MESSAGE][PASSED] - Object: 'Object Repository/Employee-Onboarding/Employee_Salary_Detail_Objects/Page_OrangeHRM/custom_object_for_dropdown' is clicked on

27-12-2024T08:08:18 - [TEST_STEP][PASSED] - setText(findTestObject("Object Repository/Employee-Onboarding/Employee_Personal_Details_Objects/Page_OrangeHRM/input_Date of Birth_oxd-input oxd-input--focus"), Employee_DOB): Text '2005-01-03' is set on object 'Object Repository/Employee-Onboarding/Employee_Personal_Details_Objects/Page_OrangeHRM/input_Date of Birth_oxd-input oxd-input--focus'

27-12-2024T08:08:19 - [MESSAGE][PASSED] - Text '2005-01-03' is set on object 'Object Repository/Employee-Onboarding/Employee_Personal_Details_Objects/Page_OrangeHRM/input_Date of Birth_oxd-input oxd-input--focus'

27-12-2024T08:08:19 - [TEST_STEP][PASSED] - click(findTestObject("Object Repository/Employee-Onboarding/Employee_Personal_Details_Objects/Page_OrangeHRM/span_Male_oxd-radio-input oxd-radio-input--_b0de6e")): Object: 'Object Repository/Employee-Onboarding/Employee_Personal_Details_Objects/Page_OrangeHRM/span_Male_oxd-radio-input oxd-radio-input--_b0de6e' is clicked on

27-12-2024T08:08:19 - [MESSAGE][PASSED] - Object: 'Object Repository/Employee-Onboarding/Employee_Personal_Details_Objects/Page_OrangeHRM/span_Male_oxd-radio-input oxd-radio-input--_b0de6e' is clicked on

27-12-2024T08:08:19 - [TEST_STEP][PASSED] - click(findTestObject("Object Repository/Employee-Onboarding/Employee_Personal_Details_Objects/Page_OrangeHRM/button_Save")): Object: 'Object Repository/Employee-Onboarding/Employee_Personal_Details_Objects/Page_OrangeHRM/button_Save' is clicked on

27-12-2024T08:08:19 - [MESSAGE][PASSED] - Object: 'Object Repository/Employee-Onboarding/Employee_Personal_Details_Objects/Page_OrangeHRM/button_Save' is clicked on]]></system-out>
         <system-err><![CDATA[]]></system-err>
      </testcase>
      <testcase name="Test Cases/Employee_Onboarding/TC_Employee_Person_Details" time="14.969" classname="Test Cases/Employee_Onboarding/TC_Employee_Person_Details" status="PASSED">
         <system-out><![CDATA[27-12-2024T08:08:19 - [TEST_CASE][PASSED] - Test Cases/Employee_Onboarding/TC_Employee_Person_Details: Test Cases/Employee_Onboarding/TC_Employee_Person_Details

27-12-2024T08:08:19 - [TEST_STEP][PASSED] - click(findTestObject("Object Repository/Employee-Onboarding/Employee_Personal_Details_Objects/Page_OrangeHRM/span_PIM")): Object: 'Object Repository/Employee-Onboarding/Employee_Personal_Details_Objects/Page_OrangeHRM/span_PIM' is clicked on

27-12-2024T08:08:21 - [MESSAGE][PASSED] - Object: 'Object Repository/Employee-Onboarding/Employee_Personal_Details_Objects/Page_OrangeHRM/span_PIM' is clicked on

27-12-2024T08:08:21 - [TEST_STEP][PASSED] - setText(findTestObject("Object Repository/Employee-Onboarding/Employee_Personal_Details_Objects/Page_OrangeHRM/input"), Employee_Fullname): Text 'Tyler Bailey' is set on object 'Object Repository/Employee-Onboarding/Employee_Personal_Details_Objects/Page_OrangeHRM/input'

27-12-2024T08:08:23 - [MESSAGE][PASSED] - Text 'Tyler Bailey' is set on object 'Object Repository/Employee-Onboarding/Employee_Personal_Details_Objects/Page_OrangeHRM/input'

27-12-2024T08:08:23 - [TEST_STEP][PASSED] - click(findTestObject("Object Repository/Employee-Onboarding/Employee_Personal_Details_Objects/Page_OrangeHRM/button_Search")): Object: 'Object Repository/Employee-Onboarding/Employee_Personal_Details_Objects/Page_OrangeHRM/button_Search' is clicked on

27-12-2024T08:08:24 - [MESSAGE][PASSED] - Object: 'Object Repository/Employee-Onboarding/Employee_Personal_Details_Objects/Page_OrangeHRM/button_Search' is clicked on

27-12-2024T08:08:24 - [TEST_STEP][PASSED] - click(findTestObject("Object Repository/Employee-Onboarding/Employee_Personal_Details_Objects/Page_OrangeHRM/div_0034008")): Object: 'Object Repository/Employee-Onboarding/Employee_Personal_Details_Objects/Page_OrangeHRM/div_0034008' is clicked on

27-12-2024T08:08:25 - [MESSAGE][PASSED] - Object: 'Object Repository/Employee-Onboarding/Employee_Personal_Details_Objects/Page_OrangeHRM/div_0034008' is clicked on

27-12-2024T08:08:25 - [TEST_STEP][PASSED] - click(findTestObject("Object Repository/Employee-Onboarding/Employee_Personal_Details_Objects/Page_OrangeHRM/a_Personal Details")): Object: 'Object Repository/Employee-Onboarding/Employee_Personal_Details_Objects/Page_OrangeHRM/a_Personal Details' is clicked on

27-12-2024T08:08:28 - [MESSAGE][PASSED] - Object: 'Object Repository/Employee-Onboarding/Employee_Personal_Details_Objects/Page_OrangeHRM/a_Personal Details' is clicked on

27-12-2024T08:08:28 - [TEST_STEP][PASSED] - setText(findTestObject("Object Repository/Employee-Onboarding/Employee_Personal_Details_Objects/Page_OrangeHRM/input_concat(Driver, , s License Number)_ox_6ab805"), Driving_License_Number): Text 'F5YQ0201S0' is set on object 'Object Repository/Employee-Onboarding/Employee_Personal_Details_Objects/Page_OrangeHRM/input_concat(Driver, , s License Number)_ox_6ab805'

27-12-2024T08:08:31 - [MESSAGE][PASSED] - Text 'F5YQ0201S0' is set on object 'Object Repository/Employee-Onboarding/Employee_Personal_Details_Objects/Page_OrangeHRM/input_concat(Driver, , s License Number)_ox_6ab805'

27-12-2024T08:08:31 - [TEST_STEP][PASSED] - setText(findTestObject("Object Repository/Employee-Onboarding/Employee_Personal_Details_Objects/Page_OrangeHRM/input_License Expiry Date_oxd-input oxd-inp_5d7d79"), License_Expiry_Date): Text '2025-12-12' is set on object 'Object Repository/Employee-Onboarding/Employee_Personal_Details_Objects/Page_OrangeHRM/input_License Expiry Date_oxd-input oxd-inp_5d7d79'

27-12-2024T08:08:32 - [MESSAGE][PASSED] - Text '2025-12-12' is set on object 'Object Repository/Employee-Onboarding/Employee_Personal_Details_Objects/Page_OrangeHRM/input_License Expiry Date_oxd-input oxd-inp_5d7d79'

27-12-2024T08:08:32 - [TEST_STEP][PASSED] - click(findTestObject("Object Repository/Employee-Onboarding/Employee_Personal_Details_Objects/Page_OrangeHRM/div_-- Select --")): Object: 'Object Repository/Employee-Onboarding/Employee_Personal_Details_Objects/Page_OrangeHRM/div_-- Select --' is clicked on

27-12-2024T08:08:32 - [MESSAGE][PASSED] - Object: 'Object Repository/Employee-Onboarding/Employee_Personal_Details_Objects/Page_OrangeHRM/div_-- Select --' is clicked on

27-12-2024T08:08:32 - [TEST_STEP][PASSED] - click(findTestObject("Employee-Onboarding/Employee_Salary_Detail_Objects/Page_OrangeHRM/custom_object_for_dropdown", ["value":Employee_Nationality])): Object: 'Object Repository/Employee-Onboarding/Employee_Salary_Detail_Objects/Page_OrangeHRM/custom_object_for_dropdown' is clicked on

27-12-2024T08:08:32 - [MESSAGE][PASSED] - Object: 'Object Repository/Employee-Onboarding/Employee_Salary_Detail_Objects/Page_OrangeHRM/custom_object_for_dropdown' is clicked on

27-12-2024T08:08:32 - [TEST_STEP][PASSED] - click(findTestObject("Object Repository/Employee-Onboarding/Employee_Personal_Details_Objects/Page_OrangeHRM/div_-- Select --_1")): Object: 'Object Repository/Employee-Onboarding/Employee_Personal_Details_Objects/Page_OrangeHRM/div_-- Select --_1' is clicked on

27-12-2024T08:08:33 - [MESSAGE][PASSED] - Object: 'Object Repository/Employee-Onboarding/Employee_Personal_Details_Objects/Page_OrangeHRM/div_-- Select --_1' is clicked on

27-12-2024T08:08:33 - [TEST_STEP][PASSED] - click(findTestObject("Employee-Onboarding/Employee_Salary_Detail_Objects/Page_OrangeHRM/custom_object_for_dropdown", ["value":Employee_Marital_Status])): Object: 'Object Repository/Employee-Onboarding/Employee_Salary_Detail_Objects/Page_OrangeHRM/custom_object_for_dropdown' is clicked on

27-12-2024T08:08:33 - [MESSAGE][PASSED] - Object: 'Object Repository/Employee-Onboarding/Employee_Salary_Detail_Objects/Page_OrangeHRM/custom_object_for_dropdown' is clicked on

27-12-2024T08:08:33 - [TEST_STEP][PASSED] - setText(findTestObject("Object Repository/Employee-Onboarding/Employee_Personal_Details_Objects/Page_OrangeHRM/input_Date of Birth_oxd-input oxd-input--focus"), Employee_DOB): Text '2006-04-26' is set on object 'Object Repository/Employee-Onboarding/Employee_Personal_Details_Objects/Page_OrangeHRM/input_Date of Birth_oxd-input oxd-input--focus'

27-12-2024T08:08:34 - [MESSAGE][PASSED] - Text '2006-04-26' is set on object 'Object Repository/Employee-Onboarding/Employee_Personal_Details_Objects/Page_OrangeHRM/input_Date of Birth_oxd-input oxd-input--focus'

27-12-2024T08:08:34 - [TEST_STEP][PASSED] - click(findTestObject("Object Repository/Employee-Onboarding/Employee_Personal_Details_Objects/Page_OrangeHRM/span_Male_oxd-radio-input oxd-radio-input--_b0de6e")): Object: 'Object Repository/Employee-Onboarding/Employee_Personal_Details_Objects/Page_OrangeHRM/span_Male_oxd-radio-input oxd-radio-input--_b0de6e' is clicked on

27-12-2024T08:08:34 - [MESSAGE][PASSED] - Object: 'Object Repository/Employee-Onboarding/Employee_Personal_Details_Objects/Page_OrangeHRM/span_Male_oxd-radio-input oxd-radio-input--_b0de6e' is clicked on

27-12-2024T08:08:34 - [TEST_STEP][PASSED] - click(findTestObject("Object Repository/Employee-Onboarding/Employee_Personal_Details_Objects/Page_OrangeHRM/button_Save")): Object: 'Object Repository/Employee-Onboarding/Employee_Personal_Details_Objects/Page_OrangeHRM/button_Save' is clicked on

27-12-2024T08:08:34 - [MESSAGE][PASSED] - Object: 'Object Repository/Employee-Onboarding/Employee_Personal_Details_Objects/Page_OrangeHRM/button_Save' is clicked on]]></system-out>
         <system-err><![CDATA[]]></system-err>
      </testcase>
      <testcase name="Test Cases/Employee_Onboarding/TC_Employee_Person_Details" time="14.974" classname="Test Cases/Employee_Onboarding/TC_Employee_Person_Details" status="PASSED">
         <system-out><![CDATA[27-12-2024T08:08:34 - [TEST_CASE][PASSED] - Test Cases/Employee_Onboarding/TC_Employee_Person_Details: Test Cases/Employee_Onboarding/TC_Employee_Person_Details

27-12-2024T08:08:34 - [TEST_STEP][PASSED] - click(findTestObject("Object Repository/Employee-Onboarding/Employee_Personal_Details_Objects/Page_OrangeHRM/span_PIM")): Object: 'Object Repository/Employee-Onboarding/Employee_Personal_Details_Objects/Page_OrangeHRM/span_PIM' is clicked on

27-12-2024T08:08:36 - [MESSAGE][PASSED] - Object: 'Object Repository/Employee-Onboarding/Employee_Personal_Details_Objects/Page_OrangeHRM/span_PIM' is clicked on

27-12-2024T08:08:36 - [TEST_STEP][PASSED] - setText(findTestObject("Object Repository/Employee-Onboarding/Employee_Personal_Details_Objects/Page_OrangeHRM/input"), Employee_Fullname): Text 'Alexis Collins' is set on object 'Object Repository/Employee-Onboarding/Employee_Personal_Details_Objects/Page_OrangeHRM/input'

27-12-2024T08:08:38 - [MESSAGE][PASSED] - Text 'Alexis Collins' is set on object 'Object Repository/Employee-Onboarding/Employee_Personal_Details_Objects/Page_OrangeHRM/input'

27-12-2024T08:08:38 - [TEST_STEP][PASSED] - click(findTestObject("Object Repository/Employee-Onboarding/Employee_Personal_Details_Objects/Page_OrangeHRM/button_Search")): Object: 'Object Repository/Employee-Onboarding/Employee_Personal_Details_Objects/Page_OrangeHRM/button_Search' is clicked on

27-12-2024T08:08:39 - [MESSAGE][PASSED] - Object: 'Object Repository/Employee-Onboarding/Employee_Personal_Details_Objects/Page_OrangeHRM/button_Search' is clicked on

27-12-2024T08:08:39 - [TEST_STEP][PASSED] - click(findTestObject("Object Repository/Employee-Onboarding/Employee_Personal_Details_Objects/Page_OrangeHRM/div_0034008")): Object: 'Object Repository/Employee-Onboarding/Employee_Personal_Details_Objects/Page_OrangeHRM/div_0034008' is clicked on

27-12-2024T08:08:40 - [MESSAGE][PASSED] - Object: 'Object Repository/Employee-Onboarding/Employee_Personal_Details_Objects/Page_OrangeHRM/div_0034008' is clicked on

27-12-2024T08:08:40 - [TEST_STEP][PASSED] - click(findTestObject("Object Repository/Employee-Onboarding/Employee_Personal_Details_Objects/Page_OrangeHRM/a_Personal Details")): Object: 'Object Repository/Employee-Onboarding/Employee_Personal_Details_Objects/Page_OrangeHRM/a_Personal Details' is clicked on

27-12-2024T08:08:44 - [MESSAGE][PASSED] - Object: 'Object Repository/Employee-Onboarding/Employee_Personal_Details_Objects/Page_OrangeHRM/a_Personal Details' is clicked on

27-12-2024T08:08:44 - [TEST_STEP][PASSED] - setText(findTestObject("Object Repository/Employee-Onboarding/Employee_Personal_Details_Objects/Page_OrangeHRM/input_concat(Driver, , s License Number)_ox_6ab805"), Driving_License_Number): Text 'J2OSZHI13Q' is set on object 'Object Repository/Employee-Onboarding/Employee_Personal_Details_Objects/Page_OrangeHRM/input_concat(Driver, , s License Number)_ox_6ab805'

27-12-2024T08:08:46 - [MESSAGE][PASSED] - Text 'J2OSZHI13Q' is set on object 'Object Repository/Employee-Onboarding/Employee_Personal_Details_Objects/Page_OrangeHRM/input_concat(Driver, , s License Number)_ox_6ab805'

27-12-2024T08:08:46 - [TEST_STEP][PASSED] - setText(findTestObject("Object Repository/Employee-Onboarding/Employee_Personal_Details_Objects/Page_OrangeHRM/input_License Expiry Date_oxd-input oxd-inp_5d7d79"), License_Expiry_Date): Text '2025-12-12' is set on object 'Object Repository/Employee-Onboarding/Employee_Personal_Details_Objects/Page_OrangeHRM/input_License Expiry Date_oxd-input oxd-inp_5d7d79'

27-12-2024T08:08:47 - [MESSAGE][PASSED] - Text '2025-12-12' is set on object 'Object Repository/Employee-Onboarding/Employee_Personal_Details_Objects/Page_OrangeHRM/input_License Expiry Date_oxd-input oxd-inp_5d7d79'

27-12-2024T08:08:47 - [TEST_STEP][PASSED] - click(findTestObject("Object Repository/Employee-Onboarding/Employee_Personal_Details_Objects/Page_OrangeHRM/div_-- Select --")): Object: 'Object Repository/Employee-Onboarding/Employee_Personal_Details_Objects/Page_OrangeHRM/div_-- Select --' is clicked on

27-12-2024T08:08:47 - [MESSAGE][PASSED] - Object: 'Object Repository/Employee-Onboarding/Employee_Personal_Details_Objects/Page_OrangeHRM/div_-- Select --' is clicked on

27-12-2024T08:08:47 - [TEST_STEP][PASSED] - click(findTestObject("Employee-Onboarding/Employee_Salary_Detail_Objects/Page_OrangeHRM/custom_object_for_dropdown", ["value":Employee_Nationality])): Object: 'Object Repository/Employee-Onboarding/Employee_Salary_Detail_Objects/Page_OrangeHRM/custom_object_for_dropdown' is clicked on

27-12-2024T08:08:47 - [MESSAGE][PASSED] - Object: 'Object Repository/Employee-Onboarding/Employee_Salary_Detail_Objects/Page_OrangeHRM/custom_object_for_dropdown' is clicked on

27-12-2024T08:08:47 - [TEST_STEP][PASSED] - click(findTestObject("Object Repository/Employee-Onboarding/Employee_Personal_Details_Objects/Page_OrangeHRM/div_-- Select --_1")): Object: 'Object Repository/Employee-Onboarding/Employee_Personal_Details_Objects/Page_OrangeHRM/div_-- Select --_1' is clicked on

27-12-2024T08:08:48 - [MESSAGE][PASSED] - Object: 'Object Repository/Employee-Onboarding/Employee_Personal_Details_Objects/Page_OrangeHRM/div_-- Select --_1' is clicked on

27-12-2024T08:08:48 - [TEST_STEP][PASSED] - click(findTestObject("Employee-Onboarding/Employee_Salary_Detail_Objects/Page_OrangeHRM/custom_object_for_dropdown", ["value":Employee_Marital_Status])): Object: 'Object Repository/Employee-Onboarding/Employee_Salary_Detail_Objects/Page_OrangeHRM/custom_object_for_dropdown' is clicked on

27-12-2024T08:08:48 - [MESSAGE][PASSED] - Object: 'Object Repository/Employee-Onboarding/Employee_Salary_Detail_Objects/Page_OrangeHRM/custom_object_for_dropdown' is clicked on

27-12-2024T08:08:48 - [TEST_STEP][PASSED] - setText(findTestObject("Object Repository/Employee-Onboarding/Employee_Personal_Details_Objects/Page_OrangeHRM/input_Date of Birth_oxd-input oxd-input--focus"), Employee_DOB): Text '1969-07-22' is set on object 'Object Repository/Employee-Onboarding/Employee_Personal_Details_Objects/Page_OrangeHRM/input_Date of Birth_oxd-input oxd-input--focus'

27-12-2024T08:08:49 - [MESSAGE][PASSED] - Text '1969-07-22' is set on object 'Object Repository/Employee-Onboarding/Employee_Personal_Details_Objects/Page_OrangeHRM/input_Date of Birth_oxd-input oxd-input--focus'

27-12-2024T08:08:49 - [TEST_STEP][PASSED] - click(findTestObject("Object Repository/Employee-Onboarding/Employee_Personal_Details_Objects/Page_OrangeHRM/span_Male_oxd-radio-input oxd-radio-input--_b0de6e")): Object: 'Object Repository/Employee-Onboarding/Employee_Personal_Details_Objects/Page_OrangeHRM/span_Male_oxd-radio-input oxd-radio-input--_b0de6e' is clicked on

27-12-2024T08:08:49 - [MESSAGE][PASSED] - Object: 'Object Repository/Employee-Onboarding/Employee_Personal_Details_Objects/Page_OrangeHRM/span_Male_oxd-radio-input oxd-radio-input--_b0de6e' is clicked on

27-12-2024T08:08:49 - [TEST_STEP][PASSED] - click(findTestObject("Object Repository/Employee-Onboarding/Employee_Personal_Details_Objects/Page_OrangeHRM/button_Save")): Object: 'Object Repository/Employee-Onboarding/Employee_Personal_Details_Objects/Page_OrangeHRM/button_Save' is clicked on

27-12-2024T08:08:49 - [MESSAGE][PASSED] - Object: 'Object Repository/Employee-Onboarding/Employee_Personal_Details_Objects/Page_OrangeHRM/button_Save' is clicked on]]></system-out>
         <system-err><![CDATA[]]></system-err>
      </testcase>
      <testcase name="Test Cases/Employee_Onboarding/TC_Employee_Person_Details" time="16.24" classname="Test Cases/Employee_Onboarding/TC_Employee_Person_Details" status="PASSED">
         <system-out><![CDATA[27-12-2024T08:08:49 - [TEST_CASE][PASSED] - Test Cases/Employee_Onboarding/TC_Employee_Person_Details: Test Cases/Employee_Onboarding/TC_Employee_Person_Details

27-12-2024T08:08:49 - [TEST_STEP][PASSED] - click(findTestObject("Object Repository/Employee-Onboarding/Employee_Personal_Details_Objects/Page_OrangeHRM/span_PIM")): Object: 'Object Repository/Employee-Onboarding/Employee_Personal_Details_Objects/Page_OrangeHRM/span_PIM' is clicked on

27-12-2024T08:08:51 - [MESSAGE][PASSED] - Object: 'Object Repository/Employee-Onboarding/Employee_Personal_Details_Objects/Page_OrangeHRM/span_PIM' is clicked on

27-12-2024T08:08:51 - [TEST_STEP][PASSED] - setText(findTestObject("Object Repository/Employee-Onboarding/Employee_Personal_Details_Objects/Page_OrangeHRM/input"), Employee_Fullname): Text 'Jessica Malone' is set on object 'Object Repository/Employee-Onboarding/Employee_Personal_Details_Objects/Page_OrangeHRM/input'

27-12-2024T08:08:53 - [MESSAGE][PASSED] - Text 'Jessica Malone' is set on object 'Object Repository/Employee-Onboarding/Employee_Personal_Details_Objects/Page_OrangeHRM/input'

27-12-2024T08:08:53 - [TEST_STEP][PASSED] - click(findTestObject("Object Repository/Employee-Onboarding/Employee_Personal_Details_Objects/Page_OrangeHRM/button_Search")): Object: 'Object Repository/Employee-Onboarding/Employee_Personal_Details_Objects/Page_OrangeHRM/button_Search' is clicked on

27-12-2024T08:08:54 - [MESSAGE][PASSED] - Object: 'Object Repository/Employee-Onboarding/Employee_Personal_Details_Objects/Page_OrangeHRM/button_Search' is clicked on

27-12-2024T08:08:54 - [TEST_STEP][PASSED] - click(findTestObject("Object Repository/Employee-Onboarding/Employee_Personal_Details_Objects/Page_OrangeHRM/div_0034008")): Object: 'Object Repository/Employee-Onboarding/Employee_Personal_Details_Objects/Page_OrangeHRM/div_0034008' is clicked on

27-12-2024T08:08:55 - [MESSAGE][PASSED] - Object: 'Object Repository/Employee-Onboarding/Employee_Personal_Details_Objects/Page_OrangeHRM/div_0034008' is clicked on

27-12-2024T08:08:55 - [TEST_STEP][PASSED] - click(findTestObject("Object Repository/Employee-Onboarding/Employee_Personal_Details_Objects/Page_OrangeHRM/a_Personal Details")): Object: 'Object Repository/Employee-Onboarding/Employee_Personal_Details_Objects/Page_OrangeHRM/a_Personal Details' is clicked on

27-12-2024T08:08:59 - [MESSAGE][PASSED] - Object: 'Object Repository/Employee-Onboarding/Employee_Personal_Details_Objects/Page_OrangeHRM/a_Personal Details' is clicked on

27-12-2024T08:08:59 - [TEST_STEP][PASSED] - setText(findTestObject("Object Repository/Employee-Onboarding/Employee_Personal_Details_Objects/Page_OrangeHRM/input_concat(Driver, , s License Number)_ox_6ab805"), Driving_License_Number): Text 'G1O8ZD9T2V' is set on object 'Object Repository/Employee-Onboarding/Employee_Personal_Details_Objects/Page_OrangeHRM/input_concat(Driver, , s License Number)_ox_6ab805'

27-12-2024T08:09:02 - [MESSAGE][PASSED] - Text 'G1O8ZD9T2V' is set on object 'Object Repository/Employee-Onboarding/Employee_Personal_Details_Objects/Page_OrangeHRM/input_concat(Driver, , s License Number)_ox_6ab805'

27-12-2024T08:09:02 - [TEST_STEP][PASSED] - setText(findTestObject("Object Repository/Employee-Onboarding/Employee_Personal_Details_Objects/Page_OrangeHRM/input_License Expiry Date_oxd-input oxd-inp_5d7d79"), License_Expiry_Date): Text '2025-12-12' is set on object 'Object Repository/Employee-Onboarding/Employee_Personal_Details_Objects/Page_OrangeHRM/input_License Expiry Date_oxd-input oxd-inp_5d7d79'

27-12-2024T08:09:03 - [MESSAGE][PASSED] - Text '2025-12-12' is set on object 'Object Repository/Employee-Onboarding/Employee_Personal_Details_Objects/Page_OrangeHRM/input_License Expiry Date_oxd-input oxd-inp_5d7d79'

27-12-2024T08:09:03 - [TEST_STEP][PASSED] - click(findTestObject("Object Repository/Employee-Onboarding/Employee_Personal_Details_Objects/Page_OrangeHRM/div_-- Select --")): Object: 'Object Repository/Employee-Onboarding/Employee_Personal_Details_Objects/Page_OrangeHRM/div_-- Select --' is clicked on

27-12-2024T08:09:03 - [MESSAGE][PASSED] - Object: 'Object Repository/Employee-Onboarding/Employee_Personal_Details_Objects/Page_OrangeHRM/div_-- Select --' is clicked on

27-12-2024T08:09:03 - [TEST_STEP][PASSED] - click(findTestObject("Employee-Onboarding/Employee_Salary_Detail_Objects/Page_OrangeHRM/custom_object_for_dropdown", ["value":Employee_Nationality])): Object: 'Object Repository/Employee-Onboarding/Employee_Salary_Detail_Objects/Page_OrangeHRM/custom_object_for_dropdown' is clicked on

27-12-2024T08:09:04 - [MESSAGE][PASSED] - Object: 'Object Repository/Employee-Onboarding/Employee_Salary_Detail_Objects/Page_OrangeHRM/custom_object_for_dropdown' is clicked on

27-12-2024T08:09:04 - [TEST_STEP][PASSED] - click(findTestObject("Object Repository/Employee-Onboarding/Employee_Personal_Details_Objects/Page_OrangeHRM/div_-- Select --_1")): Object: 'Object Repository/Employee-Onboarding/Employee_Personal_Details_Objects/Page_OrangeHRM/div_-- Select --_1' is clicked on

27-12-2024T08:09:04 - [MESSAGE][PASSED] - Object: 'Object Repository/Employee-Onboarding/Employee_Personal_Details_Objects/Page_OrangeHRM/div_-- Select --_1' is clicked on

27-12-2024T08:09:04 - [TEST_STEP][PASSED] - click(findTestObject("Employee-Onboarding/Employee_Salary_Detail_Objects/Page_OrangeHRM/custom_object_for_dropdown", ["value":Employee_Marital_Status])): Object: 'Object Repository/Employee-Onboarding/Employee_Salary_Detail_Objects/Page_OrangeHRM/custom_object_for_dropdown' is clicked on

27-12-2024T08:09:04 - [MESSAGE][PASSED] - Object: 'Object Repository/Employee-Onboarding/Employee_Salary_Detail_Objects/Page_OrangeHRM/custom_object_for_dropdown' is clicked on

27-12-2024T08:09:04 - [TEST_STEP][PASSED] - setText(findTestObject("Object Repository/Employee-Onboarding/Employee_Personal_Details_Objects/Page_OrangeHRM/input_Date of Birth_oxd-input oxd-input--focus"), Employee_DOB): Text '1980-05-14' is set on object 'Object Repository/Employee-Onboarding/Employee_Personal_Details_Objects/Page_OrangeHRM/input_Date of Birth_oxd-input oxd-input--focus'

27-12-2024T08:09:05 - [MESSAGE][PASSED] - Text '1980-05-14' is set on object 'Object Repository/Employee-Onboarding/Employee_Personal_Details_Objects/Page_OrangeHRM/input_Date of Birth_oxd-input oxd-input--focus'

27-12-2024T08:09:05 - [TEST_STEP][PASSED] - click(findTestObject("Object Repository/Employee-Onboarding/Employee_Personal_Details_Objects/Page_OrangeHRM/span_Male_oxd-radio-input oxd-radio-input--_b0de6e")): Object: 'Object Repository/Employee-Onboarding/Employee_Personal_Details_Objects/Page_OrangeHRM/span_Male_oxd-radio-input oxd-radio-input--_b0de6e' is clicked on

27-12-2024T08:09:05 - [MESSAGE][PASSED] - Object: 'Object Repository/Employee-Onboarding/Employee_Personal_Details_Objects/Page_OrangeHRM/span_Male_oxd-radio-input oxd-radio-input--_b0de6e' is clicked on

27-12-2024T08:09:05 - [TEST_STEP][PASSED] - click(findTestObject("Object Repository/Employee-Onboarding/Employee_Personal_Details_Objects/Page_OrangeHRM/button_Save")): Object: 'Object Repository/Employee-Onboarding/Employee_Personal_Details_Objects/Page_OrangeHRM/button_Save' is clicked on

27-12-2024T08:09:06 - [MESSAGE][PASSED] - Object: 'Object Repository/Employee-Onboarding/Employee_Personal_Details_Objects/Page_OrangeHRM/button_Save' is clicked on]]></system-out>
         <system-err><![CDATA[]]></system-err>
      </testcase>
      <system-out><![CDATA[27-12-2024T07:43:31 - [TEST_SUITE][PASSED] - TS_Employee_Person_Details: Test Cases/Employee_Onboarding/TC_Employee_Person_Details]]></system-out>
      <system-err><![CDATA[]]></system-err>
   </testsuite>
</testsuites>
