<?xml version="1.0" encoding="UTF-8"?>
<testsuites name="TS_Employee_Onboarding" time="1159.243" tests="101" failures="0" errors="0">
   <testsuite name="TS_Employee_Onboarding" tests="101" failures="0" errors="0" time="1159.243" skipped="0" timestamp="26-12-2024T18:40:30" hostname="mahtabsiddique - localhost" id="Test Suites/Employee_Onboarding/TS_Employee_Onboarding">
      <properties>
         <property name="deviceName" value=""/>
         <property name="devicePlatform"/>
         <property name="logFolder" value="/Users/mahtabsiddique/git/orange/orangeHRM_Automation/Reports/20241226_184025/Employee_Onboarding/TS_Employee_Onboarding/20241226_184026"/>
         <property name="logFiles" value="/Users/mahtabsiddique/git/orange/orangeHRM_Automation/Reports/20241226_184025/Employee_Onboarding/TS_Employee_Onboarding/20241226_184026/execution0.log"/>
         <property name="attachments" value=""/>
         <property name="hostName" value="mahtabsiddique - localhost"/>
         <property name="os" value="Mac OS X 64bit"/>
         <property name="katalonVersion" value="10.0.1.223"/>
         <property name="browser" value="Chrome 131.0.0.0"/>
         <property name="hostAddress" value="127.0.0.1"/>
         <property name="sessionId" value="236bf8b8a57d626d78f23cc03134ea16"/>
         <property name="seleniumVersion" value="4.22.0"/>
         <property name="proxyInformation" value="ProxyInformation { proxyOption=NO_PROXY, proxyServerType=HTTP, username=, password=********, proxyServerAddress=, proxyServerPort=0, executionList=&quot;&quot;, isApplyToDesiredCapabilities=true }"/>
         <property name="platform" value="Mac OS X"/>
      </properties>
      <testcase name="Test Cases/Employee_Onboarding/TC_Employee_Login" time="8.437" classname="Test Cases/Employee_Onboarding/TC_Employee_Login" status="PASSED">
         <system-out><![CDATA[26-12-2024T18:40:30 - [TEST_CASE][PASSED] - Test Cases/Employee_Onboarding/TC_Employee_Login: Test Cases/Employee_Onboarding/TC_Employee_Login

26-12-2024T18:40:31 - [TEST_STEP][PASSED] - comment("Step 1: Open a new browser instance"): Step 1: Open a new browser instance

26-12-2024T18:40:31 - [MESSAGE][INFO] - Step 1: Open a new browser instance

26-12-2024T18:40:31 - [TEST_STEP][PASSED] - openBrowser(""): Browser is opened with url: ''

26-12-2024T18:40:31 - [MESSAGE][INFO] - Starting 'Chrome' driver

26-12-2024T18:40:31 - [MESSAGE][INFO] - Action delay is set to 0 milliseconds

26-12-2024T18:40:32 - [MESSAGE][PASSED] - Browser is opened with url: ''

26-12-2024T18:40:32 - [TEST_STEP][PASSED] - comment("Step 2: Navigate to the OrangeHRM login page"): Step 2: Navigate to the OrangeHRM login page

26-12-2024T18:40:32 - [MESSAGE][INFO] - Step 2: Navigate to the OrangeHRM login page

26-12-2024T18:40:32 - [TEST_STEP][PASSED] - navigateToUrl(URL): Navigate to 'http://orange.katalon.com/web/index.php/auth/login' successfully

26-12-2024T18:40:36 - [MESSAGE][PASSED] - Navigate to 'http://orange.katalon.com/web/index.php/auth/login' successfully

26-12-2024T18:40:36 - [TEST_STEP][PASSED] - comment("Step 3: Enter the username into the username input field"): Step 3: Enter the username into the username input field

26-12-2024T18:40:36 - [MESSAGE][INFO] - Step 3: Enter the username into the username input field

26-12-2024T18:40:36 - [TEST_STEP][PASSED] - setText(findTestObject("Object Repository/Employee-Onboarding/Page_OrangeHRM/input_Username_username"), Username): Text 'mahtab' is set on object 'Object Repository/Employee-Onboarding/Page_OrangeHRM/input_Username_username'

26-12-2024T18:40:37 - [MESSAGE][PASSED] - Text 'mahtab' is set on object 'Object Repository/Employee-Onboarding/Page_OrangeHRM/input_Username_username'

26-12-2024T18:40:37 - [TEST_STEP][PASSED] - comment("Step 4: Enter the encrypted password into the password input field"): Step 4: Enter the encrypted password into the password input field

26-12-2024T18:40:37 - [MESSAGE][INFO] - Step 4: Enter the encrypted password into the password input field

26-12-2024T18:40:37 - [TEST_STEP][PASSED] - setEncryptedText(findTestObject("Object Repository/Employee-Onboarding/Page_OrangeHRM/input_Password_password"), Password): Text ****** has been set on object 'Object Repository/Employee-Onboarding/Page_OrangeHRM/input_Password_password'

26-12-2024T18:40:37 - [MESSAGE][PASSED] - Text ****** has been set on object 'Object Repository/Employee-Onboarding/Page_OrangeHRM/input_Password_password'

26-12-2024T18:40:37 - [TEST_STEP][PASSED] - comment("Step 5: Click the login button to submit the login form"): Step 5: Click the login button to submit the login form

26-12-2024T18:40:37 - [MESSAGE][INFO] - Step 5: Click the login button to submit the login form

26-12-2024T18:40:37 - [TEST_STEP][PASSED] - click(findTestObject("Object Repository/Employee-Onboarding/Page_OrangeHRM/button_Login")): Object: 'Object Repository/Employee-Onboarding/Page_OrangeHRM/button_Login' is clicked on

26-12-2024T18:40:39 - [MESSAGE][PASSED] - Object: 'Object Repository/Employee-Onboarding/Page_OrangeHRM/button_Login' is clicked on]]></system-out>
         <system-err><![CDATA[]]></system-err>
      </testcase>
      <testcase name="Test Cases/Employee_Onboarding/TC_Employee_Onboarding" time="13.333" classname="Test Cases/Employee_Onboarding/TC_Employee_Onboarding" status="PASSED">
         <system-out><![CDATA[26-12-2024T18:40:39 - [TEST_CASE][PASSED] - Test Cases/Employee_Onboarding/TC_Employee_Onboarding: Test Cases/Employee_Onboarding/TC_Employee_Onboarding

26-12-2024T18:40:39 - [TEST_STEP][PASSED] - comment("Step 1: Click on the PIM module link"): Step 1: Click on the PIM module link

26-12-2024T18:40:39 - [MESSAGE][INFO] - Step 1: Click on the PIM module link

26-12-2024T18:40:39 - [TEST_STEP][PASSED] - click(findTestObject("Object Repository/Employee-Onboarding/Page_OrangeHRM/a_PIM")): Object: 'Object Repository/Employee-Onboarding/Page_OrangeHRM/a_PIM' is clicked on

26-12-2024T18:40:42 - [MESSAGE][PASSED] - Object: 'Object Repository/Employee-Onboarding/Page_OrangeHRM/a_PIM' is clicked on

26-12-2024T18:40:42 - [TEST_STEP][PASSED] - comment("Step 2: Click the "Add" button to add a new employee"): Step 2: Click the "Add" button to add a new employee

26-12-2024T18:40:42 - [MESSAGE][INFO] - Step 2: Click the "Add" button to add a new employee

26-12-2024T18:40:42 - [TEST_STEP][PASSED] - click(findTestObject("Object Repository/Employee-Onboarding/Page_OrangeHRM/button_Add")): Object: 'Object Repository/Employee-Onboarding/Page_OrangeHRM/button_Add' is clicked on

26-12-2024T18:40:45 - [MESSAGE][PASSED] - Object: 'Object Repository/Employee-Onboarding/Page_OrangeHRM/button_Add' is clicked on

26-12-2024T18:40:45 - [TEST_STEP][PASSED] - comment("Step 3: Focus on the "First Name" input field"): Step 3: Focus on the "First Name" input field

26-12-2024T18:40:45 - [MESSAGE][INFO] - Step 3: Focus on the "First Name" input field

26-12-2024T18:40:45 - [TEST_STEP][PASSED] - click(findTestObject("Object Repository/Employee-Onboarding/Page_OrangeHRM/input_Employee Full Name_firstName")): Object: 'Object Repository/Employee-Onboarding/Page_OrangeHRM/input_Employee Full Name_firstName' is clicked on

26-12-2024T18:40:46 - [MESSAGE][PASSED] - Object: 'Object Repository/Employee-Onboarding/Page_OrangeHRM/input_Employee Full Name_firstName' is clicked on

26-12-2024T18:40:46 - [TEST_STEP][PASSED] - comment("Step 4: Enter the employee's first name"): Step 4: Enter the employee's first name

26-12-2024T18:40:46 - [MESSAGE][INFO] - Step 4: Enter the employee's first name

26-12-2024T18:40:46 - [TEST_STEP][PASSED] - setText(findTestObject("Object Repository/Employee-Onboarding/Page_OrangeHRM/input_Employee Full Name_firstName"), Firstname): Text 'Sandra' is set on object 'Object Repository/Employee-Onboarding/Page_OrangeHRM/input_Employee Full Name_firstName'

26-12-2024T18:40:47 - [MESSAGE][PASSED] - Text 'Sandra' is set on object 'Object Repository/Employee-Onboarding/Page_OrangeHRM/input_Employee Full Name_firstName'

26-12-2024T18:40:47 - [TEST_STEP][PASSED] - comment("Step 5: Enter the employee's last name"): Step 5: Enter the employee's last name

26-12-2024T18:40:47 - [MESSAGE][INFO] - Step 5: Enter the employee's last name

26-12-2024T18:40:47 - [TEST_STEP][PASSED] - setText(findTestObject("Object Repository/Employee-Onboarding/Page_OrangeHRM/input_Employee Full Name_lastName"), Lastname): Text 'Barber' is set on object 'Object Repository/Employee-Onboarding/Page_OrangeHRM/input_Employee Full Name_lastName'

26-12-2024T18:40:47 - [MESSAGE][PASSED] - Text 'Barber' is set on object 'Object Repository/Employee-Onboarding/Page_OrangeHRM/input_Employee Full Name_lastName'

26-12-2024T18:40:47 - [TEST_STEP][PASSED] - comment("Step 6: Clear the default value in the "Employee ID" field"): Step 6: Clear the default value in the "Employee ID" field

26-12-2024T18:40:47 - [MESSAGE][INFO] - Step 6: Clear the default value in the "Employee ID" field

26-12-2024T18:40:47 - [TEST_STEP][PASSED] - clearText(findTestObject("Object Repository/Employee-Onboarding/Page_OrangeHRM/input_Employee Id_oxd-input oxd-input--focus")): Text of object 'Object Repository/Employee-Onboarding/Page_OrangeHRM/input_Employee Id_oxd-input oxd-input--focus' is cleared

26-12-2024T18:40:47 - [MESSAGE][PASSED] - Text of object 'Object Repository/Employee-Onboarding/Page_OrangeHRM/input_Employee Id_oxd-input oxd-input--focus' is cleared

26-12-2024T18:40:47 - [TEST_STEP][PASSED] - comment("Step 7: Set the employee ID field with a new value"): Step 7: Set the employee ID field with a new value

26-12-2024T18:40:47 - [MESSAGE][INFO] - Step 7: Set the employee ID field with a new value

26-12-2024T18:40:47 - [TEST_STEP][PASSED] - setText(findTestObject("Object Repository/Employee-Onboarding/Page_OrangeHRM/input_Employee Id_oxd-input oxd-input--focus"), ""): Text '' is set on object 'Object Repository/Employee-Onboarding/Page_OrangeHRM/input_Employee Id_oxd-input oxd-input--focus'

26-12-2024T18:40:48 - [MESSAGE][PASSED] - Text '' is set on object 'Object Repository/Employee-Onboarding/Page_OrangeHRM/input_Employee Id_oxd-input oxd-input--focus'

26-12-2024T18:40:48 - [TEST_STEP][PASSED] - comment("Step 8: Toggle the switch related to the Employee ID"): Step 8: Toggle the switch related to the Employee ID

26-12-2024T18:40:48 - [MESSAGE][INFO] - Step 8: Toggle the switch related to the Employee ID

26-12-2024T18:40:48 - [TEST_STEP][PASSED] - click(findTestObject("Object Repository/Employee-Onboarding/Page_OrangeHRM/span_Employee Id_oxd-switch-input oxd-switc_efe210")): Object: 'Object Repository/Employee-Onboarding/Page_OrangeHRM/span_Employee Id_oxd-switch-input oxd-switc_efe210' is clicked on

26-12-2024T18:40:48 - [MESSAGE][PASSED] - Object: 'Object Repository/Employee-Onboarding/Page_OrangeHRM/span_Employee Id_oxd-switch-input oxd-switc_efe210' is clicked on

26-12-2024T18:40:48 - [TEST_STEP][PASSED] - comment("Step 9: Retrieve the entered first name and convert it to lowercase"): Step 9: Retrieve the entered first name and convert it to lowercase

26-12-2024T18:40:48 - [MESSAGE][INFO] - Step 9: Retrieve the entered first name and convert it to lowercase

26-12-2024T18:40:48 - [TEST_STEP][PASSED] - firstname = getAttribute(findTestObject("Object Repository/Employee-Onboarding/Page_OrangeHRM/input_Employee Full Name_firstName"), "value").toLowerCase(): Attribute 'value' of object 'Object Repository/Employee-Onboarding/Page_OrangeHRM/input_Employee Full Name_firstName' is: 'Sandra'

26-12-2024T18:40:49 - [MESSAGE][PASSED] - Attribute 'value' of object 'Object Repository/Employee-Onboarding/Page_OrangeHRM/input_Employee Full Name_firstName' is: 'Sandra'

26-12-2024T18:40:49 - [TEST_STEP][PASSED] - comment("Step 10: Retrieve the entered last name and convert it to lowercase"): Step 10: Retrieve the entered last name and convert it to lowercase

26-12-2024T18:40:49 - [MESSAGE][INFO] - Step 10: Retrieve the entered last name and convert it to lowercase

26-12-2024T18:40:49 - [TEST_STEP][PASSED] - lastname = getAttribute(findTestObject("Object Repository/Employee-Onboarding/Page_OrangeHRM/input_Employee Full Name_lastName"), "value").toLowerCase(): Attribute 'value' of object 'Object Repository/Employee-Onboarding/Page_OrangeHRM/input_Employee Full Name_lastName' is: 'Barber'

26-12-2024T18:40:49 - [MESSAGE][PASSED] - Attribute 'value' of object 'Object Repository/Employee-Onboarding/Page_OrangeHRM/input_Employee Full Name_lastName' is: 'Barber'

26-12-2024T18:40:49 - [TEST_STEP][PASSED] - comment("Step 11: Concatenate the first and last names to generate a username"): Step 11: Concatenate the first and last names to generate a username

26-12-2024T18:40:49 - [MESSAGE][INFO] - Step 11: Concatenate the first and last names to generate a username

26-12-2024T18:40:49 - [TEST_STEP][PASSED] - username = firstname + "." + lastname: null

26-12-2024T18:40:49 - [TEST_STEP][PASSED] - comment("Step 12: Set the username field with the generated username"): Step 12: Set the username field with the generated username

26-12-2024T18:40:49 - [MESSAGE][INFO] - Step 12: Set the username field with the generated username

26-12-2024T18:40:49 - [TEST_STEP][PASSED] - setText(findTestObject("Object Repository/Employee-Onboarding/Page_OrangeHRM/input_Username_oxd-input oxd-input--focus"), username): Text 'sandra.barber' is set on object 'Object Repository/Employee-Onboarding/Page_OrangeHRM/input_Username_oxd-input oxd-input--focus'

26-12-2024T18:40:49 - [MESSAGE][PASSED] - Text 'sandra.barber' is set on object 'Object Repository/Employee-Onboarding/Page_OrangeHRM/input_Username_oxd-input oxd-input--focus'

26-12-2024T18:40:49 - [TEST_STEP][PASSED] - comment("Step 13: Enter an encrypted password into the password field"): Step 13: Enter an encrypted password into the password field

26-12-2024T18:40:49 - [MESSAGE][INFO] - Step 13: Enter an encrypted password into the password field

26-12-2024T18:40:49 - [TEST_STEP][PASSED] - setEncryptedText(findTestObject("Object Repository/Employee-Onboarding/Page_OrangeHRM/input_Password_oxd-input oxd-input--active"), EmployeePassword): Text ****** has been set on object 'Object Repository/Employee-Onboarding/Page_OrangeHRM/input_Password_oxd-input oxd-input--active'

26-12-2024T18:40:50 - [MESSAGE][PASSED] - Text ****** has been set on object 'Object Repository/Employee-Onboarding/Page_OrangeHRM/input_Password_oxd-input oxd-input--active'

26-12-2024T18:40:50 - [TEST_STEP][PASSED] - comment("Step 14: Enter an encrypted password into the confirm password field"): Step 14: Enter an encrypted password into the confirm password field

26-12-2024T18:40:50 - [MESSAGE][INFO] - Step 14: Enter an encrypted password into the confirm password field

26-12-2024T18:40:50 - [TEST_STEP][PASSED] - setEncryptedText(findTestObject("Object Repository/Employee-Onboarding/Page_OrangeHRM/input_Confirm Password_oxd-input oxd-input-_a3aecb"), EmployeePassword): Text ****** has been set on object 'Object Repository/Employee-Onboarding/Page_OrangeHRM/input_Confirm Password_oxd-input oxd-input-_a3aecb'

26-12-2024T18:40:50 - [MESSAGE][PASSED] - Text ****** has been set on object 'Object Repository/Employee-Onboarding/Page_OrangeHRM/input_Confirm Password_oxd-input oxd-input-_a3aecb'

26-12-2024T18:40:50 - [TEST_STEP][PASSED] - comment("Step 15: Click the "Save" button to finalize adding the new employee"): Step 15: Click the "Save" button to finalize adding the new employee

26-12-2024T18:40:50 - [MESSAGE][INFO] - Step 15: Click the "Save" button to finalize adding the new employee

26-12-2024T18:40:50 - [TEST_STEP][PASSED] - click(findTestObject("Object Repository/Employee-Onboarding/Page_OrangeHRM/button_Save")): Object: 'Object Repository/Employee-Onboarding/Page_OrangeHRM/button_Save' is clicked on

26-12-2024T18:40:50 - [MESSAGE][PASSED] - Object: 'Object Repository/Employee-Onboarding/Page_OrangeHRM/button_Save' is clicked on

26-12-2024T18:40:50 - [TEST_STEP][PASSED] - delay(2): Delayed 2 second(s)

26-12-2024T18:40:52 - [MESSAGE][PASSED] - Delayed 2 second(s)]]></system-out>
         <system-err><![CDATA[]]></system-err>
      </testcase>
      <testcase name="Test Cases/Employee_Onboarding/TC_Employee_Onboarding" time="12.097" classname="Test Cases/Employee_Onboarding/TC_Employee_Onboarding" status="PASSED">
         <system-out><![CDATA[26-12-2024T18:40:52 - [TEST_CASE][PASSED] - Test Cases/Employee_Onboarding/TC_Employee_Onboarding: Test Cases/Employee_Onboarding/TC_Employee_Onboarding

26-12-2024T18:40:52 - [TEST_STEP][PASSED] - comment("Step 1: Click on the PIM module link"): Step 1: Click on the PIM module link

26-12-2024T18:40:52 - [MESSAGE][INFO] - Step 1: Click on the PIM module link

26-12-2024T18:40:52 - [TEST_STEP][PASSED] - click(findTestObject("Object Repository/Employee-Onboarding/Page_OrangeHRM/a_PIM")): Object: 'Object Repository/Employee-Onboarding/Page_OrangeHRM/a_PIM' is clicked on

26-12-2024T18:40:54 - [MESSAGE][PASSED] - Object: 'Object Repository/Employee-Onboarding/Page_OrangeHRM/a_PIM' is clicked on

26-12-2024T18:40:54 - [TEST_STEP][PASSED] - comment("Step 2: Click the "Add" button to add a new employee"): Step 2: Click the "Add" button to add a new employee

26-12-2024T18:40:54 - [MESSAGE][INFO] - Step 2: Click the "Add" button to add a new employee

26-12-2024T18:40:54 - [TEST_STEP][PASSED] - click(findTestObject("Object Repository/Employee-Onboarding/Page_OrangeHRM/button_Add")): Object: 'Object Repository/Employee-Onboarding/Page_OrangeHRM/button_Add' is clicked on

26-12-2024T18:40:57 - [MESSAGE][PASSED] - Object: 'Object Repository/Employee-Onboarding/Page_OrangeHRM/button_Add' is clicked on

26-12-2024T18:40:57 - [TEST_STEP][PASSED] - comment("Step 3: Focus on the "First Name" input field"): Step 3: Focus on the "First Name" input field

26-12-2024T18:40:57 - [MESSAGE][INFO] - Step 3: Focus on the "First Name" input field

26-12-2024T18:40:57 - [TEST_STEP][PASSED] - click(findTestObject("Object Repository/Employee-Onboarding/Page_OrangeHRM/input_Employee Full Name_firstName")): Object: 'Object Repository/Employee-Onboarding/Page_OrangeHRM/input_Employee Full Name_firstName' is clicked on

26-12-2024T18:40:58 - [MESSAGE][PASSED] - Object: 'Object Repository/Employee-Onboarding/Page_OrangeHRM/input_Employee Full Name_firstName' is clicked on

26-12-2024T18:40:58 - [TEST_STEP][PASSED] - comment("Step 4: Enter the employee's first name"): Step 4: Enter the employee's first name

26-12-2024T18:40:58 - [MESSAGE][INFO] - Step 4: Enter the employee's first name

26-12-2024T18:40:58 - [TEST_STEP][PASSED] - setText(findTestObject("Object Repository/Employee-Onboarding/Page_OrangeHRM/input_Employee Full Name_firstName"), Firstname): Text 'Amy' is set on object 'Object Repository/Employee-Onboarding/Page_OrangeHRM/input_Employee Full Name_firstName'

26-12-2024T18:40:59 - [MESSAGE][PASSED] - Text 'Amy' is set on object 'Object Repository/Employee-Onboarding/Page_OrangeHRM/input_Employee Full Name_firstName'

26-12-2024T18:40:59 - [TEST_STEP][PASSED] - comment("Step 5: Enter the employee's last name"): Step 5: Enter the employee's last name

26-12-2024T18:40:59 - [MESSAGE][INFO] - Step 5: Enter the employee's last name

26-12-2024T18:40:59 - [TEST_STEP][PASSED] - setText(findTestObject("Object Repository/Employee-Onboarding/Page_OrangeHRM/input_Employee Full Name_lastName"), Lastname): Text 'Gonzalez' is set on object 'Object Repository/Employee-Onboarding/Page_OrangeHRM/input_Employee Full Name_lastName'

26-12-2024T18:40:59 - [MESSAGE][PASSED] - Text 'Gonzalez' is set on object 'Object Repository/Employee-Onboarding/Page_OrangeHRM/input_Employee Full Name_lastName'

26-12-2024T18:40:59 - [TEST_STEP][PASSED] - comment("Step 6: Clear the default value in the "Employee ID" field"): Step 6: Clear the default value in the "Employee ID" field

26-12-2024T18:40:59 - [MESSAGE][INFO] - Step 6: Clear the default value in the "Employee ID" field

26-12-2024T18:40:59 - [TEST_STEP][PASSED] - clearText(findTestObject("Object Repository/Employee-Onboarding/Page_OrangeHRM/input_Employee Id_oxd-input oxd-input--focus")): Text of object 'Object Repository/Employee-Onboarding/Page_OrangeHRM/input_Employee Id_oxd-input oxd-input--focus' is cleared

26-12-2024T18:41:00 - [MESSAGE][PASSED] - Text of object 'Object Repository/Employee-Onboarding/Page_OrangeHRM/input_Employee Id_oxd-input oxd-input--focus' is cleared

26-12-2024T18:41:00 - [TEST_STEP][PASSED] - comment("Step 7: Set the employee ID field with a new value"): Step 7: Set the employee ID field with a new value

26-12-2024T18:41:00 - [MESSAGE][INFO] - Step 7: Set the employee ID field with a new value

26-12-2024T18:41:00 - [TEST_STEP][PASSED] - setText(findTestObject("Object Repository/Employee-Onboarding/Page_OrangeHRM/input_Employee Id_oxd-input oxd-input--focus"), ""): Text '' is set on object 'Object Repository/Employee-Onboarding/Page_OrangeHRM/input_Employee Id_oxd-input oxd-input--focus'

26-12-2024T18:41:00 - [MESSAGE][PASSED] - Text '' is set on object 'Object Repository/Employee-Onboarding/Page_OrangeHRM/input_Employee Id_oxd-input oxd-input--focus'

26-12-2024T18:41:00 - [TEST_STEP][PASSED] - comment("Step 8: Toggle the switch related to the Employee ID"): Step 8: Toggle the switch related to the Employee ID

26-12-2024T18:41:00 - [MESSAGE][INFO] - Step 8: Toggle the switch related to the Employee ID

26-12-2024T18:41:00 - [TEST_STEP][PASSED] - click(findTestObject("Object Repository/Employee-Onboarding/Page_OrangeHRM/span_Employee Id_oxd-switch-input oxd-switc_efe210")): Object: 'Object Repository/Employee-Onboarding/Page_OrangeHRM/span_Employee Id_oxd-switch-input oxd-switc_efe210' is clicked on

26-12-2024T18:41:00 - [MESSAGE][PASSED] - Object: 'Object Repository/Employee-Onboarding/Page_OrangeHRM/span_Employee Id_oxd-switch-input oxd-switc_efe210' is clicked on

26-12-2024T18:41:00 - [TEST_STEP][PASSED] - comment("Step 9: Retrieve the entered first name and convert it to lowercase"): Step 9: Retrieve the entered first name and convert it to lowercase

26-12-2024T18:41:00 - [MESSAGE][INFO] - Step 9: Retrieve the entered first name and convert it to lowercase

26-12-2024T18:41:00 - [TEST_STEP][PASSED] - firstname = getAttribute(findTestObject("Object Repository/Employee-Onboarding/Page_OrangeHRM/input_Employee Full Name_firstName"), "value").toLowerCase(): Attribute 'value' of object 'Object Repository/Employee-Onboarding/Page_OrangeHRM/input_Employee Full Name_firstName' is: 'Amy'

26-12-2024T18:41:01 - [MESSAGE][PASSED] - Attribute 'value' of object 'Object Repository/Employee-Onboarding/Page_OrangeHRM/input_Employee Full Name_firstName' is: 'Amy'

26-12-2024T18:41:01 - [TEST_STEP][PASSED] - comment("Step 10: Retrieve the entered last name and convert it to lowercase"): Step 10: Retrieve the entered last name and convert it to lowercase

26-12-2024T18:41:01 - [MESSAGE][INFO] - Step 10: Retrieve the entered last name and convert it to lowercase

26-12-2024T18:41:01 - [TEST_STEP][PASSED] - lastname = getAttribute(findTestObject("Object Repository/Employee-Onboarding/Page_OrangeHRM/input_Employee Full Name_lastName"), "value").toLowerCase(): Attribute 'value' of object 'Object Repository/Employee-Onboarding/Page_OrangeHRM/input_Employee Full Name_lastName' is: 'Gonzalez'

26-12-2024T18:41:01 - [MESSAGE][PASSED] - Attribute 'value' of object 'Object Repository/Employee-Onboarding/Page_OrangeHRM/input_Employee Full Name_lastName' is: 'Gonzalez'

26-12-2024T18:41:01 - [TEST_STEP][PASSED] - comment("Step 11: Concatenate the first and last names to generate a username"): Step 11: Concatenate the first and last names to generate a username

26-12-2024T18:41:01 - [MESSAGE][INFO] - Step 11: Concatenate the first and last names to generate a username

26-12-2024T18:41:01 - [TEST_STEP][PASSED] - username = firstname + "." + lastname: null

26-12-2024T18:41:01 - [TEST_STEP][PASSED] - comment("Step 12: Set the username field with the generated username"): Step 12: Set the username field with the generated username

26-12-2024T18:41:01 - [MESSAGE][INFO] - Step 12: Set the username field with the generated username

26-12-2024T18:41:01 - [TEST_STEP][PASSED] - setText(findTestObject("Object Repository/Employee-Onboarding/Page_OrangeHRM/input_Username_oxd-input oxd-input--focus"), username): Text 'amy.gonzalez' is set on object 'Object Repository/Employee-Onboarding/Page_OrangeHRM/input_Username_oxd-input oxd-input--focus'

26-12-2024T18:41:02 - [MESSAGE][PASSED] - Text 'amy.gonzalez' is set on object 'Object Repository/Employee-Onboarding/Page_OrangeHRM/input_Username_oxd-input oxd-input--focus'

26-12-2024T18:41:02 - [TEST_STEP][PASSED] - comment("Step 13: Enter an encrypted password into the password field"): Step 13: Enter an encrypted password into the password field

26-12-2024T18:41:02 - [MESSAGE][INFO] - Step 13: Enter an encrypted password into the password field

26-12-2024T18:41:02 - [TEST_STEP][PASSED] - setEncryptedText(findTestObject("Object Repository/Employee-Onboarding/Page_OrangeHRM/input_Password_oxd-input oxd-input--active"), EmployeePassword): Text ****** has been set on object 'Object Repository/Employee-Onboarding/Page_OrangeHRM/input_Password_oxd-input oxd-input--active'

26-12-2024T18:41:02 - [MESSAGE][PASSED] - Text ****** has been set on object 'Object Repository/Employee-Onboarding/Page_OrangeHRM/input_Password_oxd-input oxd-input--active'

26-12-2024T18:41:02 - [TEST_STEP][PASSED] - comment("Step 14: Enter an encrypted password into the confirm password field"): Step 14: Enter an encrypted password into the confirm password field

26-12-2024T18:41:02 - [MESSAGE][INFO] - Step 14: Enter an encrypted password into the confirm password field

26-12-2024T18:41:02 - [TEST_STEP][PASSED] - setEncryptedText(findTestObject("Object Repository/Employee-Onboarding/Page_OrangeHRM/input_Confirm Password_oxd-input oxd-input-_a3aecb"), EmployeePassword): Text ****** has been set on object 'Object Repository/Employee-Onboarding/Page_OrangeHRM/input_Confirm Password_oxd-input oxd-input-_a3aecb'

26-12-2024T18:41:02 - [MESSAGE][PASSED] - Text ****** has been set on object 'Object Repository/Employee-Onboarding/Page_OrangeHRM/input_Confirm Password_oxd-input oxd-input-_a3aecb'

26-12-2024T18:41:02 - [TEST_STEP][PASSED] - comment("Step 15: Click the "Save" button to finalize adding the new employee"): Step 15: Click the "Save" button to finalize adding the new employee

26-12-2024T18:41:02 - [MESSAGE][INFO] - Step 15: Click the "Save" button to finalize adding the new employee

26-12-2024T18:41:02 - [TEST_STEP][PASSED] - click(findTestObject("Object Repository/Employee-Onboarding/Page_OrangeHRM/button_Save")): Object: 'Object Repository/Employee-Onboarding/Page_OrangeHRM/button_Save' is clicked on

26-12-2024T18:41:02 - [MESSAGE][PASSED] - Object: 'Object Repository/Employee-Onboarding/Page_OrangeHRM/button_Save' is clicked on

26-12-2024T18:41:02 - [TEST_STEP][PASSED] - delay(2): Delayed 2 second(s)

26-12-2024T18:41:04 - [MESSAGE][PASSED] - Delayed 2 second(s)]]></system-out>
         <system-err><![CDATA[]]></system-err>
      </testcase>
      <testcase name="Test Cases/Employee_Onboarding/TC_Employee_Onboarding" time="11.001" classname="Test Cases/Employee_Onboarding/TC_Employee_Onboarding" status="PASSED">
         <system-out><![CDATA[26-12-2024T18:41:04 - [TEST_CASE][PASSED] - Test Cases/Employee_Onboarding/TC_Employee_Onboarding: Test Cases/Employee_Onboarding/TC_Employee_Onboarding

26-12-2024T18:41:04 - [TEST_STEP][PASSED] - comment("Step 1: Click on the PIM module link"): Step 1: Click on the PIM module link

26-12-2024T18:41:04 - [MESSAGE][INFO] - Step 1: Click on the PIM module link

26-12-2024T18:41:04 - [TEST_STEP][PASSED] - click(findTestObject("Object Repository/Employee-Onboarding/Page_OrangeHRM/a_PIM")): Object: 'Object Repository/Employee-Onboarding/Page_OrangeHRM/a_PIM' is clicked on

26-12-2024T18:41:06 - [MESSAGE][PASSED] - Object: 'Object Repository/Employee-Onboarding/Page_OrangeHRM/a_PIM' is clicked on

26-12-2024T18:41:06 - [TEST_STEP][PASSED] - comment("Step 2: Click the "Add" button to add a new employee"): Step 2: Click the "Add" button to add a new employee

26-12-2024T18:41:06 - [MESSAGE][INFO] - Step 2: Click the "Add" button to add a new employee

26-12-2024T18:41:06 - [TEST_STEP][PASSED] - click(findTestObject("Object Repository/Employee-Onboarding/Page_OrangeHRM/button_Add")): Object: 'Object Repository/Employee-Onboarding/Page_OrangeHRM/button_Add' is clicked on

26-12-2024T18:41:08 - [MESSAGE][PASSED] - Object: 'Object Repository/Employee-Onboarding/Page_OrangeHRM/button_Add' is clicked on

26-12-2024T18:41:08 - [TEST_STEP][PASSED] - comment("Step 3: Focus on the "First Name" input field"): Step 3: Focus on the "First Name" input field

26-12-2024T18:41:08 - [MESSAGE][INFO] - Step 3: Focus on the "First Name" input field

26-12-2024T18:41:08 - [TEST_STEP][PASSED] - click(findTestObject("Object Repository/Employee-Onboarding/Page_OrangeHRM/input_Employee Full Name_firstName")): Object: 'Object Repository/Employee-Onboarding/Page_OrangeHRM/input_Employee Full Name_firstName' is clicked on

26-12-2024T18:41:09 - [MESSAGE][PASSED] - Object: 'Object Repository/Employee-Onboarding/Page_OrangeHRM/input_Employee Full Name_firstName' is clicked on

26-12-2024T18:41:09 - [TEST_STEP][PASSED] - comment("Step 4: Enter the employee's first name"): Step 4: Enter the employee's first name

26-12-2024T18:41:09 - [MESSAGE][INFO] - Step 4: Enter the employee's first name

26-12-2024T18:41:09 - [TEST_STEP][PASSED] - setText(findTestObject("Object Repository/Employee-Onboarding/Page_OrangeHRM/input_Employee Full Name_firstName"), Firstname): Text 'Richard' is set on object 'Object Repository/Employee-Onboarding/Page_OrangeHRM/input_Employee Full Name_firstName'

26-12-2024T18:41:10 - [MESSAGE][PASSED] - Text 'Richard' is set on object 'Object Repository/Employee-Onboarding/Page_OrangeHRM/input_Employee Full Name_firstName'

26-12-2024T18:41:10 - [TEST_STEP][PASSED] - comment("Step 5: Enter the employee's last name"): Step 5: Enter the employee's last name

26-12-2024T18:41:10 - [MESSAGE][INFO] - Step 5: Enter the employee's last name

26-12-2024T18:41:10 - [TEST_STEP][PASSED] - setText(findTestObject("Object Repository/Employee-Onboarding/Page_OrangeHRM/input_Employee Full Name_lastName"), Lastname): Text 'Johnson' is set on object 'Object Repository/Employee-Onboarding/Page_OrangeHRM/input_Employee Full Name_lastName'

26-12-2024T18:41:10 - [MESSAGE][PASSED] - Text 'Johnson' is set on object 'Object Repository/Employee-Onboarding/Page_OrangeHRM/input_Employee Full Name_lastName'

26-12-2024T18:41:10 - [TEST_STEP][PASSED] - comment("Step 6: Clear the default value in the "Employee ID" field"): Step 6: Clear the default value in the "Employee ID" field

26-12-2024T18:41:10 - [MESSAGE][INFO] - Step 6: Clear the default value in the "Employee ID" field

26-12-2024T18:41:10 - [TEST_STEP][PASSED] - clearText(findTestObject("Object Repository/Employee-Onboarding/Page_OrangeHRM/input_Employee Id_oxd-input oxd-input--focus")): Text of object 'Object Repository/Employee-Onboarding/Page_OrangeHRM/input_Employee Id_oxd-input oxd-input--focus' is cleared

26-12-2024T18:41:11 - [MESSAGE][PASSED] - Text of object 'Object Repository/Employee-Onboarding/Page_OrangeHRM/input_Employee Id_oxd-input oxd-input--focus' is cleared

26-12-2024T18:41:11 - [TEST_STEP][PASSED] - comment("Step 7: Set the employee ID field with a new value"): Step 7: Set the employee ID field with a new value

26-12-2024T18:41:11 - [MESSAGE][INFO] - Step 7: Set the employee ID field with a new value

26-12-2024T18:41:11 - [TEST_STEP][PASSED] - setText(findTestObject("Object Repository/Employee-Onboarding/Page_OrangeHRM/input_Employee Id_oxd-input oxd-input--focus"), ""): Text '' is set on object 'Object Repository/Employee-Onboarding/Page_OrangeHRM/input_Employee Id_oxd-input oxd-input--focus'

26-12-2024T18:41:11 - [MESSAGE][PASSED] - Text '' is set on object 'Object Repository/Employee-Onboarding/Page_OrangeHRM/input_Employee Id_oxd-input oxd-input--focus'

26-12-2024T18:41:11 - [TEST_STEP][PASSED] - comment("Step 8: Toggle the switch related to the Employee ID"): Step 8: Toggle the switch related to the Employee ID

26-12-2024T18:41:11 - [MESSAGE][INFO] - Step 8: Toggle the switch related to the Employee ID

26-12-2024T18:41:11 - [TEST_STEP][PASSED] - click(findTestObject("Object Repository/Employee-Onboarding/Page_OrangeHRM/span_Employee Id_oxd-switch-input oxd-switc_efe210")): Object: 'Object Repository/Employee-Onboarding/Page_OrangeHRM/span_Employee Id_oxd-switch-input oxd-switc_efe210' is clicked on

26-12-2024T18:41:11 - [MESSAGE][PASSED] - Object: 'Object Repository/Employee-Onboarding/Page_OrangeHRM/span_Employee Id_oxd-switch-input oxd-switc_efe210' is clicked on

26-12-2024T18:41:11 - [TEST_STEP][PASSED] - comment("Step 9: Retrieve the entered first name and convert it to lowercase"): Step 9: Retrieve the entered first name and convert it to lowercase

26-12-2024T18:41:11 - [MESSAGE][INFO] - Step 9: Retrieve the entered first name and convert it to lowercase

26-12-2024T18:41:11 - [TEST_STEP][PASSED] - firstname = getAttribute(findTestObject("Object Repository/Employee-Onboarding/Page_OrangeHRM/input_Employee Full Name_firstName"), "value").toLowerCase(): Attribute 'value' of object 'Object Repository/Employee-Onboarding/Page_OrangeHRM/input_Employee Full Name_firstName' is: 'Richard'

26-12-2024T18:41:12 - [MESSAGE][PASSED] - Attribute 'value' of object 'Object Repository/Employee-Onboarding/Page_OrangeHRM/input_Employee Full Name_firstName' is: 'Richard'

26-12-2024T18:41:12 - [TEST_STEP][PASSED] - comment("Step 10: Retrieve the entered last name and convert it to lowercase"): Step 10: Retrieve the entered last name and convert it to lowercase

26-12-2024T18:41:12 - [MESSAGE][INFO] - Step 10: Retrieve the entered last name and convert it to lowercase

26-12-2024T18:41:12 - [TEST_STEP][PASSED] - lastname = getAttribute(findTestObject("Object Repository/Employee-Onboarding/Page_OrangeHRM/input_Employee Full Name_lastName"), "value").toLowerCase(): Attribute 'value' of object 'Object Repository/Employee-Onboarding/Page_OrangeHRM/input_Employee Full Name_lastName' is: 'Johnson'

26-12-2024T18:41:12 - [MESSAGE][PASSED] - Attribute 'value' of object 'Object Repository/Employee-Onboarding/Page_OrangeHRM/input_Employee Full Name_lastName' is: 'Johnson'

26-12-2024T18:41:12 - [TEST_STEP][PASSED] - comment("Step 11: Concatenate the first and last names to generate a username"): Step 11: Concatenate the first and last names to generate a username

26-12-2024T18:41:12 - [MESSAGE][INFO] - Step 11: Concatenate the first and last names to generate a username

26-12-2024T18:41:12 - [TEST_STEP][PASSED] - username = firstname + "." + lastname: null

26-12-2024T18:41:12 - [TEST_STEP][PASSED] - comment("Step 12: Set the username field with the generated username"): Step 12: Set the username field with the generated username

26-12-2024T18:41:12 - [MESSAGE][INFO] - Step 12: Set the username field with the generated username

26-12-2024T18:41:12 - [TEST_STEP][PASSED] - setText(findTestObject("Object Repository/Employee-Onboarding/Page_OrangeHRM/input_Username_oxd-input oxd-input--focus"), username): Text 'richard.johnson' is set on object 'Object Repository/Employee-Onboarding/Page_OrangeHRM/input_Username_oxd-input oxd-input--focus'

26-12-2024T18:41:13 - [MESSAGE][PASSED] - Text 'richard.johnson' is set on object 'Object Repository/Employee-Onboarding/Page_OrangeHRM/input_Username_oxd-input oxd-input--focus'

26-12-2024T18:41:13 - [TEST_STEP][PASSED] - comment("Step 13: Enter an encrypted password into the password field"): Step 13: Enter an encrypted password into the password field

26-12-2024T18:41:13 - [MESSAGE][INFO] - Step 13: Enter an encrypted password into the password field

26-12-2024T18:41:13 - [TEST_STEP][PASSED] - setEncryptedText(findTestObject("Object Repository/Employee-Onboarding/Page_OrangeHRM/input_Password_oxd-input oxd-input--active"), EmployeePassword): Text ****** has been set on object 'Object Repository/Employee-Onboarding/Page_OrangeHRM/input_Password_oxd-input oxd-input--active'

26-12-2024T18:41:13 - [MESSAGE][PASSED] - Text ****** has been set on object 'Object Repository/Employee-Onboarding/Page_OrangeHRM/input_Password_oxd-input oxd-input--active'

26-12-2024T18:41:13 - [TEST_STEP][PASSED] - comment("Step 14: Enter an encrypted password into the confirm password field"): Step 14: Enter an encrypted password into the confirm password field

26-12-2024T18:41:13 - [MESSAGE][INFO] - Step 14: Enter an encrypted password into the confirm password field

26-12-2024T18:41:13 - [TEST_STEP][PASSED] - setEncryptedText(findTestObject("Object Repository/Employee-Onboarding/Page_OrangeHRM/input_Confirm Password_oxd-input oxd-input-_a3aecb"), EmployeePassword): Text ****** has been set on object 'Object Repository/Employee-Onboarding/Page_OrangeHRM/input_Confirm Password_oxd-input oxd-input-_a3aecb'

26-12-2024T18:41:13 - [MESSAGE][PASSED] - Text ****** has been set on object 'Object Repository/Employee-Onboarding/Page_OrangeHRM/input_Confirm Password_oxd-input oxd-input-_a3aecb'

26-12-2024T18:41:13 - [TEST_STEP][PASSED] - comment("Step 15: Click the "Save" button to finalize adding the new employee"): Step 15: Click the "Save" button to finalize adding the new employee

26-12-2024T18:41:13 - [MESSAGE][INFO] - Step 15: Click the "Save" button to finalize adding the new employee

26-12-2024T18:41:13 - [TEST_STEP][PASSED] - click(findTestObject("Object Repository/Employee-Onboarding/Page_OrangeHRM/button_Save")): Object: 'Object Repository/Employee-Onboarding/Page_OrangeHRM/button_Save' is clicked on

26-12-2024T18:41:13 - [MESSAGE][PASSED] - Object: 'Object Repository/Employee-Onboarding/Page_OrangeHRM/button_Save' is clicked on

26-12-2024T18:41:13 - [TEST_STEP][PASSED] - delay(2): Delayed 2 second(s)

26-12-2024T18:41:15 - [MESSAGE][PASSED] - Delayed 2 second(s)]]></system-out>
         <system-err><![CDATA[]]></system-err>
      </testcase>
      <testcase name="Test Cases/Employee_Onboarding/TC_Employee_Onboarding" time="11.85" classname="Test Cases/Employee_Onboarding/TC_Employee_Onboarding" status="PASSED">
         <system-out><![CDATA[26-12-2024T18:41:15 - [TEST_CASE][PASSED] - Test Cases/Employee_Onboarding/TC_Employee_Onboarding: Test Cases/Employee_Onboarding/TC_Employee_Onboarding

26-12-2024T18:41:15 - [TEST_STEP][PASSED] - comment("Step 1: Click on the PIM module link"): Step 1: Click on the PIM module link

26-12-2024T18:41:15 - [MESSAGE][INFO] - Step 1: Click on the PIM module link

26-12-2024T18:41:15 - [TEST_STEP][PASSED] - click(findTestObject("Object Repository/Employee-Onboarding/Page_OrangeHRM/a_PIM")): Object: 'Object Repository/Employee-Onboarding/Page_OrangeHRM/a_PIM' is clicked on

26-12-2024T18:41:17 - [MESSAGE][PASSED] - Object: 'Object Repository/Employee-Onboarding/Page_OrangeHRM/a_PIM' is clicked on

26-12-2024T18:41:17 - [TEST_STEP][PASSED] - comment("Step 2: Click the "Add" button to add a new employee"): Step 2: Click the "Add" button to add a new employee

26-12-2024T18:41:17 - [MESSAGE][INFO] - Step 2: Click the "Add" button to add a new employee

26-12-2024T18:41:17 - [TEST_STEP][PASSED] - click(findTestObject("Object Repository/Employee-Onboarding/Page_OrangeHRM/button_Add")): Object: 'Object Repository/Employee-Onboarding/Page_OrangeHRM/button_Add' is clicked on

26-12-2024T18:41:20 - [MESSAGE][PASSED] - Object: 'Object Repository/Employee-Onboarding/Page_OrangeHRM/button_Add' is clicked on

26-12-2024T18:41:20 - [TEST_STEP][PASSED] - comment("Step 3: Focus on the "First Name" input field"): Step 3: Focus on the "First Name" input field

26-12-2024T18:41:20 - [MESSAGE][INFO] - Step 3: Focus on the "First Name" input field

26-12-2024T18:41:20 - [TEST_STEP][PASSED] - click(findTestObject("Object Repository/Employee-Onboarding/Page_OrangeHRM/input_Employee Full Name_firstName")): Object: 'Object Repository/Employee-Onboarding/Page_OrangeHRM/input_Employee Full Name_firstName' is clicked on

26-12-2024T18:41:21 - [MESSAGE][PASSED] - Object: 'Object Repository/Employee-Onboarding/Page_OrangeHRM/input_Employee Full Name_firstName' is clicked on

26-12-2024T18:41:21 - [TEST_STEP][PASSED] - comment("Step 4: Enter the employee's first name"): Step 4: Enter the employee's first name

26-12-2024T18:41:21 - [MESSAGE][INFO] - Step 4: Enter the employee's first name

26-12-2024T18:41:21 - [TEST_STEP][PASSED] - setText(findTestObject("Object Repository/Employee-Onboarding/Page_OrangeHRM/input_Employee Full Name_firstName"), Firstname): Text 'Jerry' is set on object 'Object Repository/Employee-Onboarding/Page_OrangeHRM/input_Employee Full Name_firstName'

26-12-2024T18:41:22 - [MESSAGE][PASSED] - Text 'Jerry' is set on object 'Object Repository/Employee-Onboarding/Page_OrangeHRM/input_Employee Full Name_firstName'

26-12-2024T18:41:22 - [TEST_STEP][PASSED] - comment("Step 5: Enter the employee's last name"): Step 5: Enter the employee's last name

26-12-2024T18:41:22 - [MESSAGE][INFO] - Step 5: Enter the employee's last name

26-12-2024T18:41:22 - [TEST_STEP][PASSED] - setText(findTestObject("Object Repository/Employee-Onboarding/Page_OrangeHRM/input_Employee Full Name_lastName"), Lastname): Text 'Arellano' is set on object 'Object Repository/Employee-Onboarding/Page_OrangeHRM/input_Employee Full Name_lastName'

26-12-2024T18:41:22 - [MESSAGE][PASSED] - Text 'Arellano' is set on object 'Object Repository/Employee-Onboarding/Page_OrangeHRM/input_Employee Full Name_lastName'

26-12-2024T18:41:22 - [TEST_STEP][PASSED] - comment("Step 6: Clear the default value in the "Employee ID" field"): Step 6: Clear the default value in the "Employee ID" field

26-12-2024T18:41:22 - [MESSAGE][INFO] - Step 6: Clear the default value in the "Employee ID" field

26-12-2024T18:41:22 - [TEST_STEP][PASSED] - clearText(findTestObject("Object Repository/Employee-Onboarding/Page_OrangeHRM/input_Employee Id_oxd-input oxd-input--focus")): Text of object 'Object Repository/Employee-Onboarding/Page_OrangeHRM/input_Employee Id_oxd-input oxd-input--focus' is cleared

26-12-2024T18:41:23 - [MESSAGE][PASSED] - Text of object 'Object Repository/Employee-Onboarding/Page_OrangeHRM/input_Employee Id_oxd-input oxd-input--focus' is cleared

26-12-2024T18:41:23 - [TEST_STEP][PASSED] - comment("Step 7: Set the employee ID field with a new value"): Step 7: Set the employee ID field with a new value

26-12-2024T18:41:23 - [MESSAGE][INFO] - Step 7: Set the employee ID field with a new value

26-12-2024T18:41:23 - [TEST_STEP][PASSED] - setText(findTestObject("Object Repository/Employee-Onboarding/Page_OrangeHRM/input_Employee Id_oxd-input oxd-input--focus"), ""): Text '' is set on object 'Object Repository/Employee-Onboarding/Page_OrangeHRM/input_Employee Id_oxd-input oxd-input--focus'

26-12-2024T18:41:23 - [MESSAGE][PASSED] - Text '' is set on object 'Object Repository/Employee-Onboarding/Page_OrangeHRM/input_Employee Id_oxd-input oxd-input--focus'

26-12-2024T18:41:23 - [TEST_STEP][PASSED] - comment("Step 8: Toggle the switch related to the Employee ID"): Step 8: Toggle the switch related to the Employee ID

26-12-2024T18:41:23 - [MESSAGE][INFO] - Step 8: Toggle the switch related to the Employee ID

26-12-2024T18:41:23 - [TEST_STEP][PASSED] - click(findTestObject("Object Repository/Employee-Onboarding/Page_OrangeHRM/span_Employee Id_oxd-switch-input oxd-switc_efe210")): Object: 'Object Repository/Employee-Onboarding/Page_OrangeHRM/span_Employee Id_oxd-switch-input oxd-switc_efe210' is clicked on

26-12-2024T18:41:23 - [MESSAGE][PASSED] - Object: 'Object Repository/Employee-Onboarding/Page_OrangeHRM/span_Employee Id_oxd-switch-input oxd-switc_efe210' is clicked on

26-12-2024T18:41:23 - [TEST_STEP][PASSED] - comment("Step 9: Retrieve the entered first name and convert it to lowercase"): Step 9: Retrieve the entered first name and convert it to lowercase

26-12-2024T18:41:23 - [MESSAGE][INFO] - Step 9: Retrieve the entered first name and convert it to lowercase

26-12-2024T18:41:23 - [TEST_STEP][PASSED] - firstname = getAttribute(findTestObject("Object Repository/Employee-Onboarding/Page_OrangeHRM/input_Employee Full Name_firstName"), "value").toLowerCase(): Attribute 'value' of object 'Object Repository/Employee-Onboarding/Page_OrangeHRM/input_Employee Full Name_firstName' is: 'Jerry'

26-12-2024T18:41:24 - [MESSAGE][PASSED] - Attribute 'value' of object 'Object Repository/Employee-Onboarding/Page_OrangeHRM/input_Employee Full Name_firstName' is: 'Jerry'

26-12-2024T18:41:24 - [TEST_STEP][PASSED] - comment("Step 10: Retrieve the entered last name and convert it to lowercase"): Step 10: Retrieve the entered last name and convert it to lowercase

26-12-2024T18:41:24 - [MESSAGE][INFO] - Step 10: Retrieve the entered last name and convert it to lowercase

26-12-2024T18:41:24 - [TEST_STEP][PASSED] - lastname = getAttribute(findTestObject("Object Repository/Employee-Onboarding/Page_OrangeHRM/input_Employee Full Name_lastName"), "value").toLowerCase(): Attribute 'value' of object 'Object Repository/Employee-Onboarding/Page_OrangeHRM/input_Employee Full Name_lastName' is: 'Arellano'

26-12-2024T18:41:24 - [MESSAGE][PASSED] - Attribute 'value' of object 'Object Repository/Employee-Onboarding/Page_OrangeHRM/input_Employee Full Name_lastName' is: 'Arellano'

26-12-2024T18:41:24 - [TEST_STEP][PASSED] - comment("Step 11: Concatenate the first and last names to generate a username"): Step 11: Concatenate the first and last names to generate a username

26-12-2024T18:41:24 - [MESSAGE][INFO] - Step 11: Concatenate the first and last names to generate a username

26-12-2024T18:41:24 - [TEST_STEP][PASSED] - username = firstname + "." + lastname: null

26-12-2024T18:41:24 - [TEST_STEP][PASSED] - comment("Step 12: Set the username field with the generated username"): Step 12: Set the username field with the generated username

26-12-2024T18:41:24 - [MESSAGE][INFO] - Step 12: Set the username field with the generated username

26-12-2024T18:41:24 - [TEST_STEP][PASSED] - setText(findTestObject("Object Repository/Employee-Onboarding/Page_OrangeHRM/input_Username_oxd-input oxd-input--focus"), username): Text 'jerry.arellano' is set on object 'Object Repository/Employee-Onboarding/Page_OrangeHRM/input_Username_oxd-input oxd-input--focus'

26-12-2024T18:41:24 - [MESSAGE][PASSED] - Text 'jerry.arellano' is set on object 'Object Repository/Employee-Onboarding/Page_OrangeHRM/input_Username_oxd-input oxd-input--focus'

26-12-2024T18:41:24 - [TEST_STEP][PASSED] - comment("Step 13: Enter an encrypted password into the password field"): Step 13: Enter an encrypted password into the password field

26-12-2024T18:41:24 - [MESSAGE][INFO] - Step 13: Enter an encrypted password into the password field

26-12-2024T18:41:24 - [TEST_STEP][PASSED] - setEncryptedText(findTestObject("Object Repository/Employee-Onboarding/Page_OrangeHRM/input_Password_oxd-input oxd-input--active"), EmployeePassword): Text ****** has been set on object 'Object Repository/Employee-Onboarding/Page_OrangeHRM/input_Password_oxd-input oxd-input--active'

26-12-2024T18:41:25 - [MESSAGE][PASSED] - Text ****** has been set on object 'Object Repository/Employee-Onboarding/Page_OrangeHRM/input_Password_oxd-input oxd-input--active'

26-12-2024T18:41:25 - [TEST_STEP][PASSED] - comment("Step 14: Enter an encrypted password into the confirm password field"): Step 14: Enter an encrypted password into the confirm password field

26-12-2024T18:41:25 - [MESSAGE][INFO] - Step 14: Enter an encrypted password into the confirm password field

26-12-2024T18:41:25 - [TEST_STEP][PASSED] - setEncryptedText(findTestObject("Object Repository/Employee-Onboarding/Page_OrangeHRM/input_Confirm Password_oxd-input oxd-input-_a3aecb"), EmployeePassword): Text ****** has been set on object 'Object Repository/Employee-Onboarding/Page_OrangeHRM/input_Confirm Password_oxd-input oxd-input-_a3aecb'

26-12-2024T18:41:25 - [MESSAGE][PASSED] - Text ****** has been set on object 'Object Repository/Employee-Onboarding/Page_OrangeHRM/input_Confirm Password_oxd-input oxd-input-_a3aecb'

26-12-2024T18:41:25 - [TEST_STEP][PASSED] - comment("Step 15: Click the "Save" button to finalize adding the new employee"): Step 15: Click the "Save" button to finalize adding the new employee

26-12-2024T18:41:25 - [MESSAGE][INFO] - Step 15: Click the "Save" button to finalize adding the new employee

26-12-2024T18:41:25 - [TEST_STEP][PASSED] - click(findTestObject("Object Repository/Employee-Onboarding/Page_OrangeHRM/button_Save")): Object: 'Object Repository/Employee-Onboarding/Page_OrangeHRM/button_Save' is clicked on

26-12-2024T18:41:25 - [MESSAGE][PASSED] - Object: 'Object Repository/Employee-Onboarding/Page_OrangeHRM/button_Save' is clicked on

26-12-2024T18:41:25 - [TEST_STEP][PASSED] - delay(2): Delayed 2 second(s)

26-12-2024T18:41:27 - [MESSAGE][PASSED] - Delayed 2 second(s)]]></system-out>
         <system-err><![CDATA[]]></system-err>
      </testcase>
      <testcase name="Test Cases/Employee_Onboarding/TC_Employee_Onboarding" time="11.179" classname="Test Cases/Employee_Onboarding/TC_Employee_Onboarding" status="PASSED">
         <system-out><![CDATA[26-12-2024T18:41:27 - [TEST_CASE][PASSED] - Test Cases/Employee_Onboarding/TC_Employee_Onboarding: Test Cases/Employee_Onboarding/TC_Employee_Onboarding

26-12-2024T18:41:27 - [TEST_STEP][PASSED] - comment("Step 1: Click on the PIM module link"): Step 1: Click on the PIM module link

26-12-2024T18:41:27 - [MESSAGE][INFO] - Step 1: Click on the PIM module link

26-12-2024T18:41:27 - [TEST_STEP][PASSED] - click(findTestObject("Object Repository/Employee-Onboarding/Page_OrangeHRM/a_PIM")): Object: 'Object Repository/Employee-Onboarding/Page_OrangeHRM/a_PIM' is clicked on

26-12-2024T18:41:29 - [MESSAGE][PASSED] - Object: 'Object Repository/Employee-Onboarding/Page_OrangeHRM/a_PIM' is clicked on

26-12-2024T18:41:29 - [TEST_STEP][PASSED] - comment("Step 2: Click the "Add" button to add a new employee"): Step 2: Click the "Add" button to add a new employee

26-12-2024T18:41:29 - [MESSAGE][INFO] - Step 2: Click the "Add" button to add a new employee

26-12-2024T18:41:29 - [TEST_STEP][PASSED] - click(findTestObject("Object Repository/Employee-Onboarding/Page_OrangeHRM/button_Add")): Object: 'Object Repository/Employee-Onboarding/Page_OrangeHRM/button_Add' is clicked on

26-12-2024T18:41:31 - [MESSAGE][PASSED] - Object: 'Object Repository/Employee-Onboarding/Page_OrangeHRM/button_Add' is clicked on

26-12-2024T18:41:31 - [TEST_STEP][PASSED] - comment("Step 3: Focus on the "First Name" input field"): Step 3: Focus on the "First Name" input field

26-12-2024T18:41:31 - [MESSAGE][INFO] - Step 3: Focus on the "First Name" input field

26-12-2024T18:41:31 - [TEST_STEP][PASSED] - click(findTestObject("Object Repository/Employee-Onboarding/Page_OrangeHRM/input_Employee Full Name_firstName")): Object: 'Object Repository/Employee-Onboarding/Page_OrangeHRM/input_Employee Full Name_firstName' is clicked on

26-12-2024T18:41:33 - [MESSAGE][PASSED] - Object: 'Object Repository/Employee-Onboarding/Page_OrangeHRM/input_Employee Full Name_firstName' is clicked on

26-12-2024T18:41:33 - [TEST_STEP][PASSED] - comment("Step 4: Enter the employee's first name"): Step 4: Enter the employee's first name

26-12-2024T18:41:33 - [MESSAGE][INFO] - Step 4: Enter the employee's first name

26-12-2024T18:41:33 - [TEST_STEP][PASSED] - setText(findTestObject("Object Repository/Employee-Onboarding/Page_OrangeHRM/input_Employee Full Name_firstName"), Firstname): Text 'Janice' is set on object 'Object Repository/Employee-Onboarding/Page_OrangeHRM/input_Employee Full Name_firstName'

26-12-2024T18:41:33 - [MESSAGE][PASSED] - Text 'Janice' is set on object 'Object Repository/Employee-Onboarding/Page_OrangeHRM/input_Employee Full Name_firstName'

26-12-2024T18:41:33 - [TEST_STEP][PASSED] - comment("Step 5: Enter the employee's last name"): Step 5: Enter the employee's last name

26-12-2024T18:41:33 - [MESSAGE][INFO] - Step 5: Enter the employee's last name

26-12-2024T18:41:33 - [TEST_STEP][PASSED] - setText(findTestObject("Object Repository/Employee-Onboarding/Page_OrangeHRM/input_Employee Full Name_lastName"), Lastname): Text 'James' is set on object 'Object Repository/Employee-Onboarding/Page_OrangeHRM/input_Employee Full Name_lastName'

26-12-2024T18:41:34 - [MESSAGE][PASSED] - Text 'James' is set on object 'Object Repository/Employee-Onboarding/Page_OrangeHRM/input_Employee Full Name_lastName'

26-12-2024T18:41:34 - [TEST_STEP][PASSED] - comment("Step 6: Clear the default value in the "Employee ID" field"): Step 6: Clear the default value in the "Employee ID" field

26-12-2024T18:41:34 - [MESSAGE][INFO] - Step 6: Clear the default value in the "Employee ID" field

26-12-2024T18:41:34 - [TEST_STEP][PASSED] - clearText(findTestObject("Object Repository/Employee-Onboarding/Page_OrangeHRM/input_Employee Id_oxd-input oxd-input--focus")): Text of object 'Object Repository/Employee-Onboarding/Page_OrangeHRM/input_Employee Id_oxd-input oxd-input--focus' is cleared

26-12-2024T18:41:34 - [MESSAGE][PASSED] - Text of object 'Object Repository/Employee-Onboarding/Page_OrangeHRM/input_Employee Id_oxd-input oxd-input--focus' is cleared

26-12-2024T18:41:34 - [TEST_STEP][PASSED] - comment("Step 7: Set the employee ID field with a new value"): Step 7: Set the employee ID field with a new value

26-12-2024T18:41:34 - [MESSAGE][INFO] - Step 7: Set the employee ID field with a new value

26-12-2024T18:41:34 - [TEST_STEP][PASSED] - setText(findTestObject("Object Repository/Employee-Onboarding/Page_OrangeHRM/input_Employee Id_oxd-input oxd-input--focus"), ""): Text '' is set on object 'Object Repository/Employee-Onboarding/Page_OrangeHRM/input_Employee Id_oxd-input oxd-input--focus'

26-12-2024T18:41:34 - [MESSAGE][PASSED] - Text '' is set on object 'Object Repository/Employee-Onboarding/Page_OrangeHRM/input_Employee Id_oxd-input oxd-input--focus'

26-12-2024T18:41:34 - [TEST_STEP][PASSED] - comment("Step 8: Toggle the switch related to the Employee ID"): Step 8: Toggle the switch related to the Employee ID

26-12-2024T18:41:34 - [MESSAGE][INFO] - Step 8: Toggle the switch related to the Employee ID

26-12-2024T18:41:34 - [TEST_STEP][PASSED] - click(findTestObject("Object Repository/Employee-Onboarding/Page_OrangeHRM/span_Employee Id_oxd-switch-input oxd-switc_efe210")): Object: 'Object Repository/Employee-Onboarding/Page_OrangeHRM/span_Employee Id_oxd-switch-input oxd-switc_efe210' is clicked on

26-12-2024T18:41:35 - [MESSAGE][PASSED] - Object: 'Object Repository/Employee-Onboarding/Page_OrangeHRM/span_Employee Id_oxd-switch-input oxd-switc_efe210' is clicked on

26-12-2024T18:41:35 - [TEST_STEP][PASSED] - comment("Step 9: Retrieve the entered first name and convert it to lowercase"): Step 9: Retrieve the entered first name and convert it to lowercase

26-12-2024T18:41:35 - [MESSAGE][INFO] - Step 9: Retrieve the entered first name and convert it to lowercase

26-12-2024T18:41:35 - [TEST_STEP][PASSED] - firstname = getAttribute(findTestObject("Object Repository/Employee-Onboarding/Page_OrangeHRM/input_Employee Full Name_firstName"), "value").toLowerCase(): Attribute 'value' of object 'Object Repository/Employee-Onboarding/Page_OrangeHRM/input_Employee Full Name_firstName' is: 'Janice'

26-12-2024T18:41:35 - [MESSAGE][PASSED] - Attribute 'value' of object 'Object Repository/Employee-Onboarding/Page_OrangeHRM/input_Employee Full Name_firstName' is: 'Janice'

26-12-2024T18:41:35 - [TEST_STEP][PASSED] - comment("Step 10: Retrieve the entered last name and convert it to lowercase"): Step 10: Retrieve the entered last name and convert it to lowercase

26-12-2024T18:41:35 - [MESSAGE][INFO] - Step 10: Retrieve the entered last name and convert it to lowercase

26-12-2024T18:41:35 - [TEST_STEP][PASSED] - lastname = getAttribute(findTestObject("Object Repository/Employee-Onboarding/Page_OrangeHRM/input_Employee Full Name_lastName"), "value").toLowerCase(): Attribute 'value' of object 'Object Repository/Employee-Onboarding/Page_OrangeHRM/input_Employee Full Name_lastName' is: 'James'

26-12-2024T18:41:35 - [MESSAGE][PASSED] - Attribute 'value' of object 'Object Repository/Employee-Onboarding/Page_OrangeHRM/input_Employee Full Name_lastName' is: 'James'

26-12-2024T18:41:35 - [TEST_STEP][PASSED] - comment("Step 11: Concatenate the first and last names to generate a username"): Step 11: Concatenate the first and last names to generate a username

26-12-2024T18:41:35 - [MESSAGE][INFO] - Step 11: Concatenate the first and last names to generate a username

26-12-2024T18:41:35 - [TEST_STEP][PASSED] - username = firstname + "." + lastname: null

26-12-2024T18:41:35 - [TEST_STEP][PASSED] - comment("Step 12: Set the username field with the generated username"): Step 12: Set the username field with the generated username

26-12-2024T18:41:35 - [MESSAGE][INFO] - Step 12: Set the username field with the generated username

26-12-2024T18:41:35 - [TEST_STEP][PASSED] - setText(findTestObject("Object Repository/Employee-Onboarding/Page_OrangeHRM/input_Username_oxd-input oxd-input--focus"), username): Text 'janice.james' is set on object 'Object Repository/Employee-Onboarding/Page_OrangeHRM/input_Username_oxd-input oxd-input--focus'

26-12-2024T18:41:36 - [MESSAGE][PASSED] - Text 'janice.james' is set on object 'Object Repository/Employee-Onboarding/Page_OrangeHRM/input_Username_oxd-input oxd-input--focus'

26-12-2024T18:41:36 - [TEST_STEP][PASSED] - comment("Step 13: Enter an encrypted password into the password field"): Step 13: Enter an encrypted password into the password field

26-12-2024T18:41:36 - [MESSAGE][INFO] - Step 13: Enter an encrypted password into the password field

26-12-2024T18:41:36 - [TEST_STEP][PASSED] - setEncryptedText(findTestObject("Object Repository/Employee-Onboarding/Page_OrangeHRM/input_Password_oxd-input oxd-input--active"), EmployeePassword): Text ****** has been set on object 'Object Repository/Employee-Onboarding/Page_OrangeHRM/input_Password_oxd-input oxd-input--active'

26-12-2024T18:41:36 - [MESSAGE][PASSED] - Text ****** has been set on object 'Object Repository/Employee-Onboarding/Page_OrangeHRM/input_Password_oxd-input oxd-input--active'

26-12-2024T18:41:36 - [TEST_STEP][PASSED] - comment("Step 14: Enter an encrypted password into the confirm password field"): Step 14: Enter an encrypted password into the confirm password field

26-12-2024T18:41:36 - [MESSAGE][INFO] - Step 14: Enter an encrypted password into the confirm password field

26-12-2024T18:41:36 - [TEST_STEP][PASSED] - setEncryptedText(findTestObject("Object Repository/Employee-Onboarding/Page_OrangeHRM/input_Confirm Password_oxd-input oxd-input-_a3aecb"), EmployeePassword): Text ****** has been set on object 'Object Repository/Employee-Onboarding/Page_OrangeHRM/input_Confirm Password_oxd-input oxd-input-_a3aecb'

26-12-2024T18:41:36 - [MESSAGE][PASSED] - Text ****** has been set on object 'Object Repository/Employee-Onboarding/Page_OrangeHRM/input_Confirm Password_oxd-input oxd-input-_a3aecb'

26-12-2024T18:41:36 - [TEST_STEP][PASSED] - comment("Step 15: Click the "Save" button to finalize adding the new employee"): Step 15: Click the "Save" button to finalize adding the new employee

26-12-2024T18:41:36 - [MESSAGE][INFO] - Step 15: Click the "Save" button to finalize adding the new employee

26-12-2024T18:41:36 - [TEST_STEP][PASSED] - click(findTestObject("Object Repository/Employee-Onboarding/Page_OrangeHRM/button_Save")): Object: 'Object Repository/Employee-Onboarding/Page_OrangeHRM/button_Save' is clicked on

26-12-2024T18:41:36 - [MESSAGE][PASSED] - Object: 'Object Repository/Employee-Onboarding/Page_OrangeHRM/button_Save' is clicked on

26-12-2024T18:41:36 - [TEST_STEP][PASSED] - delay(2): Delayed 2 second(s)

26-12-2024T18:41:38 - [MESSAGE][PASSED] - Delayed 2 second(s)]]></system-out>
         <system-err><![CDATA[]]></system-err>
      </testcase>
      <testcase name="Test Cases/Employee_Onboarding/TC_Employee_Onboarding" time="10.973" classname="Test Cases/Employee_Onboarding/TC_Employee_Onboarding" status="PASSED">
         <system-out><![CDATA[26-12-2024T18:41:38 - [TEST_CASE][PASSED] - Test Cases/Employee_Onboarding/TC_Employee_Onboarding: Test Cases/Employee_Onboarding/TC_Employee_Onboarding

26-12-2024T18:41:38 - [TEST_STEP][PASSED] - comment("Step 1: Click on the PIM module link"): Step 1: Click on the PIM module link

26-12-2024T18:41:38 - [MESSAGE][INFO] - Step 1: Click on the PIM module link

26-12-2024T18:41:38 - [TEST_STEP][PASSED] - click(findTestObject("Object Repository/Employee-Onboarding/Page_OrangeHRM/a_PIM")): Object: 'Object Repository/Employee-Onboarding/Page_OrangeHRM/a_PIM' is clicked on

26-12-2024T18:41:40 - [MESSAGE][PASSED] - Object: 'Object Repository/Employee-Onboarding/Page_OrangeHRM/a_PIM' is clicked on

26-12-2024T18:41:40 - [TEST_STEP][PASSED] - comment("Step 2: Click the "Add" button to add a new employee"): Step 2: Click the "Add" button to add a new employee

26-12-2024T18:41:40 - [MESSAGE][INFO] - Step 2: Click the "Add" button to add a new employee

26-12-2024T18:41:40 - [TEST_STEP][PASSED] - click(findTestObject("Object Repository/Employee-Onboarding/Page_OrangeHRM/button_Add")): Object: 'Object Repository/Employee-Onboarding/Page_OrangeHRM/button_Add' is clicked on

26-12-2024T18:41:42 - [MESSAGE][PASSED] - Object: 'Object Repository/Employee-Onboarding/Page_OrangeHRM/button_Add' is clicked on

26-12-2024T18:41:42 - [TEST_STEP][PASSED] - comment("Step 3: Focus on the "First Name" input field"): Step 3: Focus on the "First Name" input field

26-12-2024T18:41:42 - [MESSAGE][INFO] - Step 3: Focus on the "First Name" input field

26-12-2024T18:41:42 - [TEST_STEP][PASSED] - click(findTestObject("Object Repository/Employee-Onboarding/Page_OrangeHRM/input_Employee Full Name_firstName")): Object: 'Object Repository/Employee-Onboarding/Page_OrangeHRM/input_Employee Full Name_firstName' is clicked on

26-12-2024T18:41:44 - [MESSAGE][PASSED] - Object: 'Object Repository/Employee-Onboarding/Page_OrangeHRM/input_Employee Full Name_firstName' is clicked on

26-12-2024T18:41:44 - [TEST_STEP][PASSED] - comment("Step 4: Enter the employee's first name"): Step 4: Enter the employee's first name

26-12-2024T18:41:44 - [MESSAGE][INFO] - Step 4: Enter the employee's first name

26-12-2024T18:41:44 - [TEST_STEP][PASSED] - setText(findTestObject("Object Repository/Employee-Onboarding/Page_OrangeHRM/input_Employee Full Name_firstName"), Firstname): Text 'Amy' is set on object 'Object Repository/Employee-Onboarding/Page_OrangeHRM/input_Employee Full Name_firstName'

26-12-2024T18:41:44 - [MESSAGE][PASSED] - Text 'Amy' is set on object 'Object Repository/Employee-Onboarding/Page_OrangeHRM/input_Employee Full Name_firstName'

26-12-2024T18:41:44 - [TEST_STEP][PASSED] - comment("Step 5: Enter the employee's last name"): Step 5: Enter the employee's last name

26-12-2024T18:41:44 - [MESSAGE][INFO] - Step 5: Enter the employee's last name

26-12-2024T18:41:44 - [TEST_STEP][PASSED] - setText(findTestObject("Object Repository/Employee-Onboarding/Page_OrangeHRM/input_Employee Full Name_lastName"), Lastname): Text 'Lucero' is set on object 'Object Repository/Employee-Onboarding/Page_OrangeHRM/input_Employee Full Name_lastName'

26-12-2024T18:41:45 - [MESSAGE][PASSED] - Text 'Lucero' is set on object 'Object Repository/Employee-Onboarding/Page_OrangeHRM/input_Employee Full Name_lastName'

26-12-2024T18:41:45 - [TEST_STEP][PASSED] - comment("Step 6: Clear the default value in the "Employee ID" field"): Step 6: Clear the default value in the "Employee ID" field

26-12-2024T18:41:45 - [MESSAGE][INFO] - Step 6: Clear the default value in the "Employee ID" field

26-12-2024T18:41:45 - [TEST_STEP][PASSED] - clearText(findTestObject("Object Repository/Employee-Onboarding/Page_OrangeHRM/input_Employee Id_oxd-input oxd-input--focus")): Text of object 'Object Repository/Employee-Onboarding/Page_OrangeHRM/input_Employee Id_oxd-input oxd-input--focus' is cleared

26-12-2024T18:41:45 - [MESSAGE][PASSED] - Text of object 'Object Repository/Employee-Onboarding/Page_OrangeHRM/input_Employee Id_oxd-input oxd-input--focus' is cleared

26-12-2024T18:41:45 - [TEST_STEP][PASSED] - comment("Step 7: Set the employee ID field with a new value"): Step 7: Set the employee ID field with a new value

26-12-2024T18:41:45 - [MESSAGE][INFO] - Step 7: Set the employee ID field with a new value

26-12-2024T18:41:45 - [TEST_STEP][PASSED] - setText(findTestObject("Object Repository/Employee-Onboarding/Page_OrangeHRM/input_Employee Id_oxd-input oxd-input--focus"), ""): Text '' is set on object 'Object Repository/Employee-Onboarding/Page_OrangeHRM/input_Employee Id_oxd-input oxd-input--focus'

26-12-2024T18:41:45 - [MESSAGE][PASSED] - Text '' is set on object 'Object Repository/Employee-Onboarding/Page_OrangeHRM/input_Employee Id_oxd-input oxd-input--focus'

26-12-2024T18:41:45 - [TEST_STEP][PASSED] - comment("Step 8: Toggle the switch related to the Employee ID"): Step 8: Toggle the switch related to the Employee ID

26-12-2024T18:41:45 - [MESSAGE][INFO] - Step 8: Toggle the switch related to the Employee ID

26-12-2024T18:41:45 - [TEST_STEP][PASSED] - click(findTestObject("Object Repository/Employee-Onboarding/Page_OrangeHRM/span_Employee Id_oxd-switch-input oxd-switc_efe210")): Object: 'Object Repository/Employee-Onboarding/Page_OrangeHRM/span_Employee Id_oxd-switch-input oxd-switc_efe210' is clicked on

26-12-2024T18:41:45 - [MESSAGE][PASSED] - Object: 'Object Repository/Employee-Onboarding/Page_OrangeHRM/span_Employee Id_oxd-switch-input oxd-switc_efe210' is clicked on

26-12-2024T18:41:45 - [TEST_STEP][PASSED] - comment("Step 9: Retrieve the entered first name and convert it to lowercase"): Step 9: Retrieve the entered first name and convert it to lowercase

26-12-2024T18:41:45 - [MESSAGE][INFO] - Step 9: Retrieve the entered first name and convert it to lowercase

26-12-2024T18:41:45 - [TEST_STEP][PASSED] - firstname = getAttribute(findTestObject("Object Repository/Employee-Onboarding/Page_OrangeHRM/input_Employee Full Name_firstName"), "value").toLowerCase(): Attribute 'value' of object 'Object Repository/Employee-Onboarding/Page_OrangeHRM/input_Employee Full Name_firstName' is: 'Amy'

26-12-2024T18:41:46 - [MESSAGE][PASSED] - Attribute 'value' of object 'Object Repository/Employee-Onboarding/Page_OrangeHRM/input_Employee Full Name_firstName' is: 'Amy'

26-12-2024T18:41:46 - [TEST_STEP][PASSED] - comment("Step 10: Retrieve the entered last name and convert it to lowercase"): Step 10: Retrieve the entered last name and convert it to lowercase

26-12-2024T18:41:46 - [MESSAGE][INFO] - Step 10: Retrieve the entered last name and convert it to lowercase

26-12-2024T18:41:46 - [TEST_STEP][PASSED] - lastname = getAttribute(findTestObject("Object Repository/Employee-Onboarding/Page_OrangeHRM/input_Employee Full Name_lastName"), "value").toLowerCase(): Attribute 'value' of object 'Object Repository/Employee-Onboarding/Page_OrangeHRM/input_Employee Full Name_lastName' is: 'Lucero'

26-12-2024T18:41:46 - [MESSAGE][PASSED] - Attribute 'value' of object 'Object Repository/Employee-Onboarding/Page_OrangeHRM/input_Employee Full Name_lastName' is: 'Lucero'

26-12-2024T18:41:46 - [TEST_STEP][PASSED] - comment("Step 11: Concatenate the first and last names to generate a username"): Step 11: Concatenate the first and last names to generate a username

26-12-2024T18:41:46 - [MESSAGE][INFO] - Step 11: Concatenate the first and last names to generate a username

26-12-2024T18:41:46 - [TEST_STEP][PASSED] - username = firstname + "." + lastname: null

26-12-2024T18:41:46 - [TEST_STEP][PASSED] - comment("Step 12: Set the username field with the generated username"): Step 12: Set the username field with the generated username

26-12-2024T18:41:46 - [MESSAGE][INFO] - Step 12: Set the username field with the generated username

26-12-2024T18:41:46 - [TEST_STEP][PASSED] - setText(findTestObject("Object Repository/Employee-Onboarding/Page_OrangeHRM/input_Username_oxd-input oxd-input--focus"), username): Text 'amy.lucero' is set on object 'Object Repository/Employee-Onboarding/Page_OrangeHRM/input_Username_oxd-input oxd-input--focus'

26-12-2024T18:41:47 - [MESSAGE][PASSED] - Text 'amy.lucero' is set on object 'Object Repository/Employee-Onboarding/Page_OrangeHRM/input_Username_oxd-input oxd-input--focus'

26-12-2024T18:41:47 - [TEST_STEP][PASSED] - comment("Step 13: Enter an encrypted password into the password field"): Step 13: Enter an encrypted password into the password field

26-12-2024T18:41:47 - [MESSAGE][INFO] - Step 13: Enter an encrypted password into the password field

26-12-2024T18:41:47 - [TEST_STEP][PASSED] - setEncryptedText(findTestObject("Object Repository/Employee-Onboarding/Page_OrangeHRM/input_Password_oxd-input oxd-input--active"), EmployeePassword): Text ****** has been set on object 'Object Repository/Employee-Onboarding/Page_OrangeHRM/input_Password_oxd-input oxd-input--active'

26-12-2024T18:41:47 - [MESSAGE][PASSED] - Text ****** has been set on object 'Object Repository/Employee-Onboarding/Page_OrangeHRM/input_Password_oxd-input oxd-input--active'

26-12-2024T18:41:47 - [TEST_STEP][PASSED] - comment("Step 14: Enter an encrypted password into the confirm password field"): Step 14: Enter an encrypted password into the confirm password field

26-12-2024T18:41:47 - [MESSAGE][INFO] - Step 14: Enter an encrypted password into the confirm password field

26-12-2024T18:41:47 - [TEST_STEP][PASSED] - setEncryptedText(findTestObject("Object Repository/Employee-Onboarding/Page_OrangeHRM/input_Confirm Password_oxd-input oxd-input-_a3aecb"), EmployeePassword): Text ****** has been set on object 'Object Repository/Employee-Onboarding/Page_OrangeHRM/input_Confirm Password_oxd-input oxd-input-_a3aecb'

26-12-2024T18:41:47 - [MESSAGE][PASSED] - Text ****** has been set on object 'Object Repository/Employee-Onboarding/Page_OrangeHRM/input_Confirm Password_oxd-input oxd-input-_a3aecb'

26-12-2024T18:41:47 - [TEST_STEP][PASSED] - comment("Step 15: Click the "Save" button to finalize adding the new employee"): Step 15: Click the "Save" button to finalize adding the new employee

26-12-2024T18:41:47 - [MESSAGE][INFO] - Step 15: Click the "Save" button to finalize adding the new employee

26-12-2024T18:41:47 - [TEST_STEP][PASSED] - click(findTestObject("Object Repository/Employee-Onboarding/Page_OrangeHRM/button_Save")): Object: 'Object Repository/Employee-Onboarding/Page_OrangeHRM/button_Save' is clicked on

26-12-2024T18:41:47 - [MESSAGE][PASSED] - Object: 'Object Repository/Employee-Onboarding/Page_OrangeHRM/button_Save' is clicked on

26-12-2024T18:41:47 - [TEST_STEP][PASSED] - delay(2): Delayed 2 second(s)

26-12-2024T18:41:49 - [MESSAGE][PASSED] - Delayed 2 second(s)]]></system-out>
         <system-err><![CDATA[]]></system-err>
      </testcase>
      <testcase name="Test Cases/Employee_Onboarding/TC_Employee_Onboarding" time="11.415" classname="Test Cases/Employee_Onboarding/TC_Employee_Onboarding" status="PASSED">
         <system-out><![CDATA[26-12-2024T18:41:49 - [TEST_CASE][PASSED] - Test Cases/Employee_Onboarding/TC_Employee_Onboarding: Test Cases/Employee_Onboarding/TC_Employee_Onboarding

26-12-2024T18:41:49 - [TEST_STEP][PASSED] - comment("Step 1: Click on the PIM module link"): Step 1: Click on the PIM module link

26-12-2024T18:41:49 - [MESSAGE][INFO] - Step 1: Click on the PIM module link

26-12-2024T18:41:49 - [TEST_STEP][PASSED] - click(findTestObject("Object Repository/Employee-Onboarding/Page_OrangeHRM/a_PIM")): Object: 'Object Repository/Employee-Onboarding/Page_OrangeHRM/a_PIM' is clicked on

26-12-2024T18:41:51 - [MESSAGE][PASSED] - Object: 'Object Repository/Employee-Onboarding/Page_OrangeHRM/a_PIM' is clicked on

26-12-2024T18:41:51 - [TEST_STEP][PASSED] - comment("Step 2: Click the "Add" button to add a new employee"): Step 2: Click the "Add" button to add a new employee

26-12-2024T18:41:51 - [MESSAGE][INFO] - Step 2: Click the "Add" button to add a new employee

26-12-2024T18:41:51 - [TEST_STEP][PASSED] - click(findTestObject("Object Repository/Employee-Onboarding/Page_OrangeHRM/button_Add")): Object: 'Object Repository/Employee-Onboarding/Page_OrangeHRM/button_Add' is clicked on

26-12-2024T18:41:54 - [MESSAGE][PASSED] - Object: 'Object Repository/Employee-Onboarding/Page_OrangeHRM/button_Add' is clicked on

26-12-2024T18:41:54 - [TEST_STEP][PASSED] - comment("Step 3: Focus on the "First Name" input field"): Step 3: Focus on the "First Name" input field

26-12-2024T18:41:54 - [MESSAGE][INFO] - Step 3: Focus on the "First Name" input field

26-12-2024T18:41:54 - [TEST_STEP][PASSED] - click(findTestObject("Object Repository/Employee-Onboarding/Page_OrangeHRM/input_Employee Full Name_firstName")): Object: 'Object Repository/Employee-Onboarding/Page_OrangeHRM/input_Employee Full Name_firstName' is clicked on

26-12-2024T18:41:55 - [MESSAGE][PASSED] - Object: 'Object Repository/Employee-Onboarding/Page_OrangeHRM/input_Employee Full Name_firstName' is clicked on

26-12-2024T18:41:55 - [TEST_STEP][PASSED] - comment("Step 4: Enter the employee's first name"): Step 4: Enter the employee's first name

26-12-2024T18:41:55 - [MESSAGE][INFO] - Step 4: Enter the employee's first name

26-12-2024T18:41:55 - [TEST_STEP][PASSED] - setText(findTestObject("Object Repository/Employee-Onboarding/Page_OrangeHRM/input_Employee Full Name_firstName"), Firstname): Text 'Amanda' is set on object 'Object Repository/Employee-Onboarding/Page_OrangeHRM/input_Employee Full Name_firstName'

26-12-2024T18:41:55 - [MESSAGE][PASSED] - Text 'Amanda' is set on object 'Object Repository/Employee-Onboarding/Page_OrangeHRM/input_Employee Full Name_firstName'

26-12-2024T18:41:55 - [TEST_STEP][PASSED] - comment("Step 5: Enter the employee's last name"): Step 5: Enter the employee's last name

26-12-2024T18:41:55 - [MESSAGE][INFO] - Step 5: Enter the employee's last name

26-12-2024T18:41:55 - [TEST_STEP][PASSED] - setText(findTestObject("Object Repository/Employee-Onboarding/Page_OrangeHRM/input_Employee Full Name_lastName"), Lastname): Text 'Guzman' is set on object 'Object Repository/Employee-Onboarding/Page_OrangeHRM/input_Employee Full Name_lastName'

26-12-2024T18:41:56 - [MESSAGE][PASSED] - Text 'Guzman' is set on object 'Object Repository/Employee-Onboarding/Page_OrangeHRM/input_Employee Full Name_lastName'

26-12-2024T18:41:56 - [TEST_STEP][PASSED] - comment("Step 6: Clear the default value in the "Employee ID" field"): Step 6: Clear the default value in the "Employee ID" field

26-12-2024T18:41:56 - [MESSAGE][INFO] - Step 6: Clear the default value in the "Employee ID" field

26-12-2024T18:41:56 - [TEST_STEP][PASSED] - clearText(findTestObject("Object Repository/Employee-Onboarding/Page_OrangeHRM/input_Employee Id_oxd-input oxd-input--focus")): Text of object 'Object Repository/Employee-Onboarding/Page_OrangeHRM/input_Employee Id_oxd-input oxd-input--focus' is cleared

26-12-2024T18:41:56 - [MESSAGE][PASSED] - Text of object 'Object Repository/Employee-Onboarding/Page_OrangeHRM/input_Employee Id_oxd-input oxd-input--focus' is cleared

26-12-2024T18:41:56 - [TEST_STEP][PASSED] - comment("Step 7: Set the employee ID field with a new value"): Step 7: Set the employee ID field with a new value

26-12-2024T18:41:56 - [MESSAGE][INFO] - Step 7: Set the employee ID field with a new value

26-12-2024T18:41:56 - [TEST_STEP][PASSED] - setText(findTestObject("Object Repository/Employee-Onboarding/Page_OrangeHRM/input_Employee Id_oxd-input oxd-input--focus"), ""): Text '' is set on object 'Object Repository/Employee-Onboarding/Page_OrangeHRM/input_Employee Id_oxd-input oxd-input--focus'

26-12-2024T18:41:57 - [MESSAGE][PASSED] - Text '' is set on object 'Object Repository/Employee-Onboarding/Page_OrangeHRM/input_Employee Id_oxd-input oxd-input--focus'

26-12-2024T18:41:57 - [TEST_STEP][PASSED] - comment("Step 8: Toggle the switch related to the Employee ID"): Step 8: Toggle the switch related to the Employee ID

26-12-2024T18:41:57 - [MESSAGE][INFO] - Step 8: Toggle the switch related to the Employee ID

26-12-2024T18:41:57 - [TEST_STEP][PASSED] - click(findTestObject("Object Repository/Employee-Onboarding/Page_OrangeHRM/span_Employee Id_oxd-switch-input oxd-switc_efe210")): Object: 'Object Repository/Employee-Onboarding/Page_OrangeHRM/span_Employee Id_oxd-switch-input oxd-switc_efe210' is clicked on

26-12-2024T18:41:57 - [MESSAGE][PASSED] - Object: 'Object Repository/Employee-Onboarding/Page_OrangeHRM/span_Employee Id_oxd-switch-input oxd-switc_efe210' is clicked on

26-12-2024T18:41:57 - [TEST_STEP][PASSED] - comment("Step 9: Retrieve the entered first name and convert it to lowercase"): Step 9: Retrieve the entered first name and convert it to lowercase

26-12-2024T18:41:57 - [MESSAGE][INFO] - Step 9: Retrieve the entered first name and convert it to lowercase

26-12-2024T18:41:57 - [TEST_STEP][PASSED] - firstname = getAttribute(findTestObject("Object Repository/Employee-Onboarding/Page_OrangeHRM/input_Employee Full Name_firstName"), "value").toLowerCase(): Attribute 'value' of object 'Object Repository/Employee-Onboarding/Page_OrangeHRM/input_Employee Full Name_firstName' is: 'Amanda'

26-12-2024T18:41:57 - [MESSAGE][PASSED] - Attribute 'value' of object 'Object Repository/Employee-Onboarding/Page_OrangeHRM/input_Employee Full Name_firstName' is: 'Amanda'

26-12-2024T18:41:57 - [TEST_STEP][PASSED] - comment("Step 10: Retrieve the entered last name and convert it to lowercase"): Step 10: Retrieve the entered last name and convert it to lowercase

26-12-2024T18:41:57 - [MESSAGE][INFO] - Step 10: Retrieve the entered last name and convert it to lowercase

26-12-2024T18:41:57 - [TEST_STEP][PASSED] - lastname = getAttribute(findTestObject("Object Repository/Employee-Onboarding/Page_OrangeHRM/input_Employee Full Name_lastName"), "value").toLowerCase(): Attribute 'value' of object 'Object Repository/Employee-Onboarding/Page_OrangeHRM/input_Employee Full Name_lastName' is: 'Guzman'

26-12-2024T18:41:58 - [MESSAGE][PASSED] - Attribute 'value' of object 'Object Repository/Employee-Onboarding/Page_OrangeHRM/input_Employee Full Name_lastName' is: 'Guzman'

26-12-2024T18:41:58 - [TEST_STEP][PASSED] - comment("Step 11: Concatenate the first and last names to generate a username"): Step 11: Concatenate the first and last names to generate a username

26-12-2024T18:41:58 - [MESSAGE][INFO] - Step 11: Concatenate the first and last names to generate a username

26-12-2024T18:41:58 - [TEST_STEP][PASSED] - username = firstname + "." + lastname: null

26-12-2024T18:41:58 - [TEST_STEP][PASSED] - comment("Step 12: Set the username field with the generated username"): Step 12: Set the username field with the generated username

26-12-2024T18:41:58 - [MESSAGE][INFO] - Step 12: Set the username field with the generated username

26-12-2024T18:41:58 - [TEST_STEP][PASSED] - setText(findTestObject("Object Repository/Employee-Onboarding/Page_OrangeHRM/input_Username_oxd-input oxd-input--focus"), username): Text 'amanda.guzman' is set on object 'Object Repository/Employee-Onboarding/Page_OrangeHRM/input_Username_oxd-input oxd-input--focus'

26-12-2024T18:41:58 - [MESSAGE][PASSED] - Text 'amanda.guzman' is set on object 'Object Repository/Employee-Onboarding/Page_OrangeHRM/input_Username_oxd-input oxd-input--focus'

26-12-2024T18:41:58 - [TEST_STEP][PASSED] - comment("Step 13: Enter an encrypted password into the password field"): Step 13: Enter an encrypted password into the password field

26-12-2024T18:41:58 - [MESSAGE][INFO] - Step 13: Enter an encrypted password into the password field

26-12-2024T18:41:58 - [TEST_STEP][PASSED] - setEncryptedText(findTestObject("Object Repository/Employee-Onboarding/Page_OrangeHRM/input_Password_oxd-input oxd-input--active"), EmployeePassword): Text ****** has been set on object 'Object Repository/Employee-Onboarding/Page_OrangeHRM/input_Password_oxd-input oxd-input--active'

26-12-2024T18:41:58 - [MESSAGE][PASSED] - Text ****** has been set on object 'Object Repository/Employee-Onboarding/Page_OrangeHRM/input_Password_oxd-input oxd-input--active'

26-12-2024T18:41:58 - [TEST_STEP][PASSED] - comment("Step 14: Enter an encrypted password into the confirm password field"): Step 14: Enter an encrypted password into the confirm password field

26-12-2024T18:41:58 - [MESSAGE][INFO] - Step 14: Enter an encrypted password into the confirm password field

26-12-2024T18:41:58 - [TEST_STEP][PASSED] - setEncryptedText(findTestObject("Object Repository/Employee-Onboarding/Page_OrangeHRM/input_Confirm Password_oxd-input oxd-input-_a3aecb"), EmployeePassword): Text ****** has been set on object 'Object Repository/Employee-Onboarding/Page_OrangeHRM/input_Confirm Password_oxd-input oxd-input-_a3aecb'

26-12-2024T18:41:59 - [MESSAGE][PASSED] - Text ****** has been set on object 'Object Repository/Employee-Onboarding/Page_OrangeHRM/input_Confirm Password_oxd-input oxd-input-_a3aecb'

26-12-2024T18:41:59 - [TEST_STEP][PASSED] - comment("Step 15: Click the "Save" button to finalize adding the new employee"): Step 15: Click the "Save" button to finalize adding the new employee

26-12-2024T18:41:59 - [MESSAGE][INFO] - Step 15: Click the "Save" button to finalize adding the new employee

26-12-2024T18:41:59 - [TEST_STEP][PASSED] - click(findTestObject("Object Repository/Employee-Onboarding/Page_OrangeHRM/button_Save")): Object: 'Object Repository/Employee-Onboarding/Page_OrangeHRM/button_Save' is clicked on

26-12-2024T18:41:59 - [MESSAGE][PASSED] - Object: 'Object Repository/Employee-Onboarding/Page_OrangeHRM/button_Save' is clicked on

26-12-2024T18:41:59 - [TEST_STEP][PASSED] - delay(2): Delayed 2 second(s)

26-12-2024T18:42:01 - [MESSAGE][PASSED] - Delayed 2 second(s)]]></system-out>
         <system-err><![CDATA[]]></system-err>
      </testcase>
      <testcase name="Test Cases/Employee_Onboarding/TC_Employee_Onboarding" time="11.653" classname="Test Cases/Employee_Onboarding/TC_Employee_Onboarding" status="PASSED">
         <system-out><![CDATA[26-12-2024T18:42:01 - [TEST_CASE][PASSED] - Test Cases/Employee_Onboarding/TC_Employee_Onboarding: Test Cases/Employee_Onboarding/TC_Employee_Onboarding

26-12-2024T18:42:01 - [TEST_STEP][PASSED] - comment("Step 1: Click on the PIM module link"): Step 1: Click on the PIM module link

26-12-2024T18:42:01 - [MESSAGE][INFO] - Step 1: Click on the PIM module link

26-12-2024T18:42:01 - [TEST_STEP][PASSED] - click(findTestObject("Object Repository/Employee-Onboarding/Page_OrangeHRM/a_PIM")): Object: 'Object Repository/Employee-Onboarding/Page_OrangeHRM/a_PIM' is clicked on

26-12-2024T18:42:03 - [MESSAGE][PASSED] - Object: 'Object Repository/Employee-Onboarding/Page_OrangeHRM/a_PIM' is clicked on

26-12-2024T18:42:03 - [TEST_STEP][PASSED] - comment("Step 2: Click the "Add" button to add a new employee"): Step 2: Click the "Add" button to add a new employee

26-12-2024T18:42:03 - [MESSAGE][INFO] - Step 2: Click the "Add" button to add a new employee

26-12-2024T18:42:03 - [TEST_STEP][PASSED] - click(findTestObject("Object Repository/Employee-Onboarding/Page_OrangeHRM/button_Add")): Object: 'Object Repository/Employee-Onboarding/Page_OrangeHRM/button_Add' is clicked on

26-12-2024T18:42:05 - [MESSAGE][PASSED] - Object: 'Object Repository/Employee-Onboarding/Page_OrangeHRM/button_Add' is clicked on

26-12-2024T18:42:05 - [TEST_STEP][PASSED] - comment("Step 3: Focus on the "First Name" input field"): Step 3: Focus on the "First Name" input field

26-12-2024T18:42:05 - [MESSAGE][INFO] - Step 3: Focus on the "First Name" input field

26-12-2024T18:42:05 - [TEST_STEP][PASSED] - click(findTestObject("Object Repository/Employee-Onboarding/Page_OrangeHRM/input_Employee Full Name_firstName")): Object: 'Object Repository/Employee-Onboarding/Page_OrangeHRM/input_Employee Full Name_firstName' is clicked on

26-12-2024T18:42:07 - [MESSAGE][PASSED] - Object: 'Object Repository/Employee-Onboarding/Page_OrangeHRM/input_Employee Full Name_firstName' is clicked on

26-12-2024T18:42:07 - [TEST_STEP][PASSED] - comment("Step 4: Enter the employee's first name"): Step 4: Enter the employee's first name

26-12-2024T18:42:07 - [MESSAGE][INFO] - Step 4: Enter the employee's first name

26-12-2024T18:42:07 - [TEST_STEP][PASSED] - setText(findTestObject("Object Repository/Employee-Onboarding/Page_OrangeHRM/input_Employee Full Name_firstName"), Firstname): Text 'Stephanie' is set on object 'Object Repository/Employee-Onboarding/Page_OrangeHRM/input_Employee Full Name_firstName'

26-12-2024T18:42:07 - [MESSAGE][PASSED] - Text 'Stephanie' is set on object 'Object Repository/Employee-Onboarding/Page_OrangeHRM/input_Employee Full Name_firstName'

26-12-2024T18:42:07 - [TEST_STEP][PASSED] - comment("Step 5: Enter the employee's last name"): Step 5: Enter the employee's last name

26-12-2024T18:42:07 - [MESSAGE][INFO] - Step 5: Enter the employee's last name

26-12-2024T18:42:07 - [TEST_STEP][PASSED] - setText(findTestObject("Object Repository/Employee-Onboarding/Page_OrangeHRM/input_Employee Full Name_lastName"), Lastname): Text 'Russell' is set on object 'Object Repository/Employee-Onboarding/Page_OrangeHRM/input_Employee Full Name_lastName'

26-12-2024T18:42:08 - [MESSAGE][PASSED] - Text 'Russell' is set on object 'Object Repository/Employee-Onboarding/Page_OrangeHRM/input_Employee Full Name_lastName'

26-12-2024T18:42:08 - [TEST_STEP][PASSED] - comment("Step 6: Clear the default value in the "Employee ID" field"): Step 6: Clear the default value in the "Employee ID" field

26-12-2024T18:42:08 - [MESSAGE][INFO] - Step 6: Clear the default value in the "Employee ID" field

26-12-2024T18:42:08 - [TEST_STEP][PASSED] - clearText(findTestObject("Object Repository/Employee-Onboarding/Page_OrangeHRM/input_Employee Id_oxd-input oxd-input--focus")): Text of object 'Object Repository/Employee-Onboarding/Page_OrangeHRM/input_Employee Id_oxd-input oxd-input--focus' is cleared

26-12-2024T18:42:08 - [MESSAGE][PASSED] - Text of object 'Object Repository/Employee-Onboarding/Page_OrangeHRM/input_Employee Id_oxd-input oxd-input--focus' is cleared

26-12-2024T18:42:08 - [TEST_STEP][PASSED] - comment("Step 7: Set the employee ID field with a new value"): Step 7: Set the employee ID field with a new value

26-12-2024T18:42:08 - [MESSAGE][INFO] - Step 7: Set the employee ID field with a new value

26-12-2024T18:42:08 - [TEST_STEP][PASSED] - setText(findTestObject("Object Repository/Employee-Onboarding/Page_OrangeHRM/input_Employee Id_oxd-input oxd-input--focus"), ""): Text '' is set on object 'Object Repository/Employee-Onboarding/Page_OrangeHRM/input_Employee Id_oxd-input oxd-input--focus'

26-12-2024T18:42:08 - [MESSAGE][PASSED] - Text '' is set on object 'Object Repository/Employee-Onboarding/Page_OrangeHRM/input_Employee Id_oxd-input oxd-input--focus'

26-12-2024T18:42:08 - [TEST_STEP][PASSED] - comment("Step 8: Toggle the switch related to the Employee ID"): Step 8: Toggle the switch related to the Employee ID

26-12-2024T18:42:08 - [MESSAGE][INFO] - Step 8: Toggle the switch related to the Employee ID

26-12-2024T18:42:08 - [TEST_STEP][PASSED] - click(findTestObject("Object Repository/Employee-Onboarding/Page_OrangeHRM/span_Employee Id_oxd-switch-input oxd-switc_efe210")): Object: 'Object Repository/Employee-Onboarding/Page_OrangeHRM/span_Employee Id_oxd-switch-input oxd-switc_efe210' is clicked on

26-12-2024T18:42:09 - [MESSAGE][PASSED] - Object: 'Object Repository/Employee-Onboarding/Page_OrangeHRM/span_Employee Id_oxd-switch-input oxd-switc_efe210' is clicked on

26-12-2024T18:42:09 - [TEST_STEP][PASSED] - comment("Step 9: Retrieve the entered first name and convert it to lowercase"): Step 9: Retrieve the entered first name and convert it to lowercase

26-12-2024T18:42:09 - [MESSAGE][INFO] - Step 9: Retrieve the entered first name and convert it to lowercase

26-12-2024T18:42:09 - [TEST_STEP][PASSED] - firstname = getAttribute(findTestObject("Object Repository/Employee-Onboarding/Page_OrangeHRM/input_Employee Full Name_firstName"), "value").toLowerCase(): Attribute 'value' of object 'Object Repository/Employee-Onboarding/Page_OrangeHRM/input_Employee Full Name_firstName' is: 'Stephanie'

26-12-2024T18:42:09 - [MESSAGE][PASSED] - Attribute 'value' of object 'Object Repository/Employee-Onboarding/Page_OrangeHRM/input_Employee Full Name_firstName' is: 'Stephanie'

26-12-2024T18:42:09 - [TEST_STEP][PASSED] - comment("Step 10: Retrieve the entered last name and convert it to lowercase"): Step 10: Retrieve the entered last name and convert it to lowercase

26-12-2024T18:42:09 - [MESSAGE][INFO] - Step 10: Retrieve the entered last name and convert it to lowercase

26-12-2024T18:42:09 - [TEST_STEP][PASSED] - lastname = getAttribute(findTestObject("Object Repository/Employee-Onboarding/Page_OrangeHRM/input_Employee Full Name_lastName"), "value").toLowerCase(): Attribute 'value' of object 'Object Repository/Employee-Onboarding/Page_OrangeHRM/input_Employee Full Name_lastName' is: 'Russell'

26-12-2024T18:42:09 - [MESSAGE][PASSED] - Attribute 'value' of object 'Object Repository/Employee-Onboarding/Page_OrangeHRM/input_Employee Full Name_lastName' is: 'Russell'

26-12-2024T18:42:09 - [TEST_STEP][PASSED] - comment("Step 11: Concatenate the first and last names to generate a username"): Step 11: Concatenate the first and last names to generate a username

26-12-2024T18:42:09 - [MESSAGE][INFO] - Step 11: Concatenate the first and last names to generate a username

26-12-2024T18:42:09 - [TEST_STEP][PASSED] - username = firstname + "." + lastname: null

26-12-2024T18:42:09 - [TEST_STEP][PASSED] - comment("Step 12: Set the username field with the generated username"): Step 12: Set the username field with the generated username

26-12-2024T18:42:09 - [MESSAGE][INFO] - Step 12: Set the username field with the generated username

26-12-2024T18:42:09 - [TEST_STEP][PASSED] - setText(findTestObject("Object Repository/Employee-Onboarding/Page_OrangeHRM/input_Username_oxd-input oxd-input--focus"), username): Text 'stephanie.russell' is set on object 'Object Repository/Employee-Onboarding/Page_OrangeHRM/input_Username_oxd-input oxd-input--focus'

26-12-2024T18:42:10 - [MESSAGE][PASSED] - Text 'stephanie.russell' is set on object 'Object Repository/Employee-Onboarding/Page_OrangeHRM/input_Username_oxd-input oxd-input--focus'

26-12-2024T18:42:10 - [TEST_STEP][PASSED] - comment("Step 13: Enter an encrypted password into the password field"): Step 13: Enter an encrypted password into the password field

26-12-2024T18:42:10 - [MESSAGE][INFO] - Step 13: Enter an encrypted password into the password field

26-12-2024T18:42:10 - [TEST_STEP][PASSED] - setEncryptedText(findTestObject("Object Repository/Employee-Onboarding/Page_OrangeHRM/input_Password_oxd-input oxd-input--active"), EmployeePassword): Text ****** has been set on object 'Object Repository/Employee-Onboarding/Page_OrangeHRM/input_Password_oxd-input oxd-input--active'

26-12-2024T18:42:10 - [MESSAGE][PASSED] - Text ****** has been set on object 'Object Repository/Employee-Onboarding/Page_OrangeHRM/input_Password_oxd-input oxd-input--active'

26-12-2024T18:42:10 - [TEST_STEP][PASSED] - comment("Step 14: Enter an encrypted password into the confirm password field"): Step 14: Enter an encrypted password into the confirm password field

26-12-2024T18:42:10 - [MESSAGE][INFO] - Step 14: Enter an encrypted password into the confirm password field

26-12-2024T18:42:10 - [TEST_STEP][PASSED] - setEncryptedText(findTestObject("Object Repository/Employee-Onboarding/Page_OrangeHRM/input_Confirm Password_oxd-input oxd-input-_a3aecb"), EmployeePassword): Text ****** has been set on object 'Object Repository/Employee-Onboarding/Page_OrangeHRM/input_Confirm Password_oxd-input oxd-input-_a3aecb'

26-12-2024T18:42:11 - [MESSAGE][PASSED] - Text ****** has been set on object 'Object Repository/Employee-Onboarding/Page_OrangeHRM/input_Confirm Password_oxd-input oxd-input-_a3aecb'

26-12-2024T18:42:11 - [TEST_STEP][PASSED] - comment("Step 15: Click the "Save" button to finalize adding the new employee"): Step 15: Click the "Save" button to finalize adding the new employee

26-12-2024T18:42:11 - [MESSAGE][INFO] - Step 15: Click the "Save" button to finalize adding the new employee

26-12-2024T18:42:11 - [TEST_STEP][PASSED] - click(findTestObject("Object Repository/Employee-Onboarding/Page_OrangeHRM/button_Save")): Object: 'Object Repository/Employee-Onboarding/Page_OrangeHRM/button_Save' is clicked on

26-12-2024T18:42:11 - [MESSAGE][PASSED] - Object: 'Object Repository/Employee-Onboarding/Page_OrangeHRM/button_Save' is clicked on

26-12-2024T18:42:11 - [TEST_STEP][PASSED] - delay(2): Delayed 2 second(s)

26-12-2024T18:42:13 - [MESSAGE][PASSED] - Delayed 2 second(s)]]></system-out>
         <system-err><![CDATA[]]></system-err>
      </testcase>
      <testcase name="Test Cases/Employee_Onboarding/TC_Employee_Onboarding" time="11.273" classname="Test Cases/Employee_Onboarding/TC_Employee_Onboarding" status="PASSED">
         <system-out><![CDATA[26-12-2024T18:42:13 - [TEST_CASE][PASSED] - Test Cases/Employee_Onboarding/TC_Employee_Onboarding: Test Cases/Employee_Onboarding/TC_Employee_Onboarding

26-12-2024T18:42:13 - [TEST_STEP][PASSED] - comment("Step 1: Click on the PIM module link"): Step 1: Click on the PIM module link

26-12-2024T18:42:13 - [MESSAGE][INFO] - Step 1: Click on the PIM module link

26-12-2024T18:42:13 - [TEST_STEP][PASSED] - click(findTestObject("Object Repository/Employee-Onboarding/Page_OrangeHRM/a_PIM")): Object: 'Object Repository/Employee-Onboarding/Page_OrangeHRM/a_PIM' is clicked on

26-12-2024T18:42:14 - [MESSAGE][PASSED] - Object: 'Object Repository/Employee-Onboarding/Page_OrangeHRM/a_PIM' is clicked on

26-12-2024T18:42:14 - [TEST_STEP][PASSED] - comment("Step 2: Click the "Add" button to add a new employee"): Step 2: Click the "Add" button to add a new employee

26-12-2024T18:42:14 - [MESSAGE][INFO] - Step 2: Click the "Add" button to add a new employee

26-12-2024T18:42:14 - [TEST_STEP][PASSED] - click(findTestObject("Object Repository/Employee-Onboarding/Page_OrangeHRM/button_Add")): Object: 'Object Repository/Employee-Onboarding/Page_OrangeHRM/button_Add' is clicked on

26-12-2024T18:42:17 - [MESSAGE][PASSED] - Object: 'Object Repository/Employee-Onboarding/Page_OrangeHRM/button_Add' is clicked on

26-12-2024T18:42:17 - [TEST_STEP][PASSED] - comment("Step 3: Focus on the "First Name" input field"): Step 3: Focus on the "First Name" input field

26-12-2024T18:42:17 - [MESSAGE][INFO] - Step 3: Focus on the "First Name" input field

26-12-2024T18:42:17 - [TEST_STEP][PASSED] - click(findTestObject("Object Repository/Employee-Onboarding/Page_OrangeHRM/input_Employee Full Name_firstName")): Object: 'Object Repository/Employee-Onboarding/Page_OrangeHRM/input_Employee Full Name_firstName' is clicked on

26-12-2024T18:42:18 - [MESSAGE][PASSED] - Object: 'Object Repository/Employee-Onboarding/Page_OrangeHRM/input_Employee Full Name_firstName' is clicked on

26-12-2024T18:42:18 - [TEST_STEP][PASSED] - comment("Step 4: Enter the employee's first name"): Step 4: Enter the employee's first name

26-12-2024T18:42:18 - [MESSAGE][INFO] - Step 4: Enter the employee's first name

26-12-2024T18:42:18 - [TEST_STEP][PASSED] - setText(findTestObject("Object Repository/Employee-Onboarding/Page_OrangeHRM/input_Employee Full Name_firstName"), Firstname): Text 'Amanda' is set on object 'Object Repository/Employee-Onboarding/Page_OrangeHRM/input_Employee Full Name_firstName'

26-12-2024T18:42:18 - [MESSAGE][PASSED] - Text 'Amanda' is set on object 'Object Repository/Employee-Onboarding/Page_OrangeHRM/input_Employee Full Name_firstName'

26-12-2024T18:42:18 - [TEST_STEP][PASSED] - comment("Step 5: Enter the employee's last name"): Step 5: Enter the employee's last name

26-12-2024T18:42:18 - [MESSAGE][INFO] - Step 5: Enter the employee's last name

26-12-2024T18:42:18 - [TEST_STEP][PASSED] - setText(findTestObject("Object Repository/Employee-Onboarding/Page_OrangeHRM/input_Employee Full Name_lastName"), Lastname): Text 'Jordan' is set on object 'Object Repository/Employee-Onboarding/Page_OrangeHRM/input_Employee Full Name_lastName'

26-12-2024T18:42:19 - [MESSAGE][PASSED] - Text 'Jordan' is set on object 'Object Repository/Employee-Onboarding/Page_OrangeHRM/input_Employee Full Name_lastName'

26-12-2024T18:42:19 - [TEST_STEP][PASSED] - comment("Step 6: Clear the default value in the "Employee ID" field"): Step 6: Clear the default value in the "Employee ID" field

26-12-2024T18:42:19 - [MESSAGE][INFO] - Step 6: Clear the default value in the "Employee ID" field

26-12-2024T18:42:19 - [TEST_STEP][PASSED] - clearText(findTestObject("Object Repository/Employee-Onboarding/Page_OrangeHRM/input_Employee Id_oxd-input oxd-input--focus")): Text of object 'Object Repository/Employee-Onboarding/Page_OrangeHRM/input_Employee Id_oxd-input oxd-input--focus' is cleared

26-12-2024T18:42:19 - [MESSAGE][PASSED] - Text of object 'Object Repository/Employee-Onboarding/Page_OrangeHRM/input_Employee Id_oxd-input oxd-input--focus' is cleared

26-12-2024T18:42:19 - [TEST_STEP][PASSED] - comment("Step 7: Set the employee ID field with a new value"): Step 7: Set the employee ID field with a new value

26-12-2024T18:42:19 - [MESSAGE][INFO] - Step 7: Set the employee ID field with a new value

26-12-2024T18:42:19 - [TEST_STEP][PASSED] - setText(findTestObject("Object Repository/Employee-Onboarding/Page_OrangeHRM/input_Employee Id_oxd-input oxd-input--focus"), ""): Text '' is set on object 'Object Repository/Employee-Onboarding/Page_OrangeHRM/input_Employee Id_oxd-input oxd-input--focus'

26-12-2024T18:42:20 - [MESSAGE][PASSED] - Text '' is set on object 'Object Repository/Employee-Onboarding/Page_OrangeHRM/input_Employee Id_oxd-input oxd-input--focus'

26-12-2024T18:42:20 - [TEST_STEP][PASSED] - comment("Step 8: Toggle the switch related to the Employee ID"): Step 8: Toggle the switch related to the Employee ID

26-12-2024T18:42:20 - [MESSAGE][INFO] - Step 8: Toggle the switch related to the Employee ID

26-12-2024T18:42:20 - [TEST_STEP][PASSED] - click(findTestObject("Object Repository/Employee-Onboarding/Page_OrangeHRM/span_Employee Id_oxd-switch-input oxd-switc_efe210")): Object: 'Object Repository/Employee-Onboarding/Page_OrangeHRM/span_Employee Id_oxd-switch-input oxd-switc_efe210' is clicked on

26-12-2024T18:42:20 - [MESSAGE][PASSED] - Object: 'Object Repository/Employee-Onboarding/Page_OrangeHRM/span_Employee Id_oxd-switch-input oxd-switc_efe210' is clicked on

26-12-2024T18:42:20 - [TEST_STEP][PASSED] - comment("Step 9: Retrieve the entered first name and convert it to lowercase"): Step 9: Retrieve the entered first name and convert it to lowercase

26-12-2024T18:42:20 - [MESSAGE][INFO] - Step 9: Retrieve the entered first name and convert it to lowercase

26-12-2024T18:42:20 - [TEST_STEP][PASSED] - firstname = getAttribute(findTestObject("Object Repository/Employee-Onboarding/Page_OrangeHRM/input_Employee Full Name_firstName"), "value").toLowerCase(): Attribute 'value' of object 'Object Repository/Employee-Onboarding/Page_OrangeHRM/input_Employee Full Name_firstName' is: 'Amanda'

26-12-2024T18:42:20 - [MESSAGE][PASSED] - Attribute 'value' of object 'Object Repository/Employee-Onboarding/Page_OrangeHRM/input_Employee Full Name_firstName' is: 'Amanda'

26-12-2024T18:42:20 - [TEST_STEP][PASSED] - comment("Step 10: Retrieve the entered last name and convert it to lowercase"): Step 10: Retrieve the entered last name and convert it to lowercase

26-12-2024T18:42:20 - [MESSAGE][INFO] - Step 10: Retrieve the entered last name and convert it to lowercase

26-12-2024T18:42:20 - [TEST_STEP][PASSED] - lastname = getAttribute(findTestObject("Object Repository/Employee-Onboarding/Page_OrangeHRM/input_Employee Full Name_lastName"), "value").toLowerCase(): Attribute 'value' of object 'Object Repository/Employee-Onboarding/Page_OrangeHRM/input_Employee Full Name_lastName' is: 'Jordan'

26-12-2024T18:42:21 - [MESSAGE][PASSED] - Attribute 'value' of object 'Object Repository/Employee-Onboarding/Page_OrangeHRM/input_Employee Full Name_lastName' is: 'Jordan'

26-12-2024T18:42:21 - [TEST_STEP][PASSED] - comment("Step 11: Concatenate the first and last names to generate a username"): Step 11: Concatenate the first and last names to generate a username

26-12-2024T18:42:21 - [MESSAGE][INFO] - Step 11: Concatenate the first and last names to generate a username

26-12-2024T18:42:21 - [TEST_STEP][PASSED] - username = firstname + "." + lastname: null

26-12-2024T18:42:21 - [TEST_STEP][PASSED] - comment("Step 12: Set the username field with the generated username"): Step 12: Set the username field with the generated username

26-12-2024T18:42:21 - [MESSAGE][INFO] - Step 12: Set the username field with the generated username

26-12-2024T18:42:21 - [TEST_STEP][PASSED] - setText(findTestObject("Object Repository/Employee-Onboarding/Page_OrangeHRM/input_Username_oxd-input oxd-input--focus"), username): Text 'amanda.jordan' is set on object 'Object Repository/Employee-Onboarding/Page_OrangeHRM/input_Username_oxd-input oxd-input--focus'

26-12-2024T18:42:21 - [MESSAGE][PASSED] - Text 'amanda.jordan' is set on object 'Object Repository/Employee-Onboarding/Page_OrangeHRM/input_Username_oxd-input oxd-input--focus'

26-12-2024T18:42:21 - [TEST_STEP][PASSED] - comment("Step 13: Enter an encrypted password into the password field"): Step 13: Enter an encrypted password into the password field

26-12-2024T18:42:21 - [MESSAGE][INFO] - Step 13: Enter an encrypted password into the password field

26-12-2024T18:42:21 - [TEST_STEP][PASSED] - setEncryptedText(findTestObject("Object Repository/Employee-Onboarding/Page_OrangeHRM/input_Password_oxd-input oxd-input--active"), EmployeePassword): Text ****** has been set on object 'Object Repository/Employee-Onboarding/Page_OrangeHRM/input_Password_oxd-input oxd-input--active'

26-12-2024T18:42:21 - [MESSAGE][PASSED] - Text ****** has been set on object 'Object Repository/Employee-Onboarding/Page_OrangeHRM/input_Password_oxd-input oxd-input--active'

26-12-2024T18:42:21 - [TEST_STEP][PASSED] - comment("Step 14: Enter an encrypted password into the confirm password field"): Step 14: Enter an encrypted password into the confirm password field

26-12-2024T18:42:21 - [MESSAGE][INFO] - Step 14: Enter an encrypted password into the confirm password field

26-12-2024T18:42:21 - [TEST_STEP][PASSED] - setEncryptedText(findTestObject("Object Repository/Employee-Onboarding/Page_OrangeHRM/input_Confirm Password_oxd-input oxd-input-_a3aecb"), EmployeePassword): Text ****** has been set on object 'Object Repository/Employee-Onboarding/Page_OrangeHRM/input_Confirm Password_oxd-input oxd-input-_a3aecb'

26-12-2024T18:42:22 - [MESSAGE][PASSED] - Text ****** has been set on object 'Object Repository/Employee-Onboarding/Page_OrangeHRM/input_Confirm Password_oxd-input oxd-input-_a3aecb'

26-12-2024T18:42:22 - [TEST_STEP][PASSED] - comment("Step 15: Click the "Save" button to finalize adding the new employee"): Step 15: Click the "Save" button to finalize adding the new employee

26-12-2024T18:42:22 - [MESSAGE][INFO] - Step 15: Click the "Save" button to finalize adding the new employee

26-12-2024T18:42:22 - [TEST_STEP][PASSED] - click(findTestObject("Object Repository/Employee-Onboarding/Page_OrangeHRM/button_Save")): Object: 'Object Repository/Employee-Onboarding/Page_OrangeHRM/button_Save' is clicked on

26-12-2024T18:42:22 - [MESSAGE][PASSED] - Object: 'Object Repository/Employee-Onboarding/Page_OrangeHRM/button_Save' is clicked on

26-12-2024T18:42:22 - [TEST_STEP][PASSED] - delay(2): Delayed 2 second(s)

26-12-2024T18:42:24 - [MESSAGE][PASSED] - Delayed 2 second(s)]]></system-out>
         <system-err><![CDATA[]]></system-err>
      </testcase>
      <testcase name="Test Cases/Employee_Onboarding/TC_Employee_Onboarding" time="11.099" classname="Test Cases/Employee_Onboarding/TC_Employee_Onboarding" status="PASSED">
         <system-out><![CDATA[26-12-2024T18:42:24 - [TEST_CASE][PASSED] - Test Cases/Employee_Onboarding/TC_Employee_Onboarding: Test Cases/Employee_Onboarding/TC_Employee_Onboarding

26-12-2024T18:42:24 - [TEST_STEP][PASSED] - comment("Step 1: Click on the PIM module link"): Step 1: Click on the PIM module link

26-12-2024T18:42:24 - [MESSAGE][INFO] - Step 1: Click on the PIM module link

26-12-2024T18:42:24 - [TEST_STEP][PASSED] - click(findTestObject("Object Repository/Employee-Onboarding/Page_OrangeHRM/a_PIM")): Object: 'Object Repository/Employee-Onboarding/Page_OrangeHRM/a_PIM' is clicked on

26-12-2024T18:42:26 - [MESSAGE][PASSED] - Object: 'Object Repository/Employee-Onboarding/Page_OrangeHRM/a_PIM' is clicked on

26-12-2024T18:42:26 - [TEST_STEP][PASSED] - comment("Step 2: Click the "Add" button to add a new employee"): Step 2: Click the "Add" button to add a new employee

26-12-2024T18:42:26 - [MESSAGE][INFO] - Step 2: Click the "Add" button to add a new employee

26-12-2024T18:42:26 - [TEST_STEP][PASSED] - click(findTestObject("Object Repository/Employee-Onboarding/Page_OrangeHRM/button_Add")): Object: 'Object Repository/Employee-Onboarding/Page_OrangeHRM/button_Add' is clicked on

26-12-2024T18:42:28 - [MESSAGE][PASSED] - Object: 'Object Repository/Employee-Onboarding/Page_OrangeHRM/button_Add' is clicked on

26-12-2024T18:42:28 - [TEST_STEP][PASSED] - comment("Step 3: Focus on the "First Name" input field"): Step 3: Focus on the "First Name" input field

26-12-2024T18:42:28 - [MESSAGE][INFO] - Step 3: Focus on the "First Name" input field

26-12-2024T18:42:28 - [TEST_STEP][PASSED] - click(findTestObject("Object Repository/Employee-Onboarding/Page_OrangeHRM/input_Employee Full Name_firstName")): Object: 'Object Repository/Employee-Onboarding/Page_OrangeHRM/input_Employee Full Name_firstName' is clicked on

26-12-2024T18:42:29 - [MESSAGE][PASSED] - Object: 'Object Repository/Employee-Onboarding/Page_OrangeHRM/input_Employee Full Name_firstName' is clicked on

26-12-2024T18:42:29 - [TEST_STEP][PASSED] - comment("Step 4: Enter the employee's first name"): Step 4: Enter the employee's first name

26-12-2024T18:42:29 - [MESSAGE][INFO] - Step 4: Enter the employee's first name

26-12-2024T18:42:29 - [TEST_STEP][PASSED] - setText(findTestObject("Object Repository/Employee-Onboarding/Page_OrangeHRM/input_Employee Full Name_firstName"), Firstname): Text 'Ronald' is set on object 'Object Repository/Employee-Onboarding/Page_OrangeHRM/input_Employee Full Name_firstName'

26-12-2024T18:42:30 - [MESSAGE][PASSED] - Text 'Ronald' is set on object 'Object Repository/Employee-Onboarding/Page_OrangeHRM/input_Employee Full Name_firstName'

26-12-2024T18:42:30 - [TEST_STEP][PASSED] - comment("Step 5: Enter the employee's last name"): Step 5: Enter the employee's last name

26-12-2024T18:42:30 - [MESSAGE][INFO] - Step 5: Enter the employee's last name

26-12-2024T18:42:30 - [TEST_STEP][PASSED] - setText(findTestObject("Object Repository/Employee-Onboarding/Page_OrangeHRM/input_Employee Full Name_lastName"), Lastname): Text 'Robertson' is set on object 'Object Repository/Employee-Onboarding/Page_OrangeHRM/input_Employee Full Name_lastName'

26-12-2024T18:42:30 - [MESSAGE][PASSED] - Text 'Robertson' is set on object 'Object Repository/Employee-Onboarding/Page_OrangeHRM/input_Employee Full Name_lastName'

26-12-2024T18:42:30 - [TEST_STEP][PASSED] - comment("Step 6: Clear the default value in the "Employee ID" field"): Step 6: Clear the default value in the "Employee ID" field

26-12-2024T18:42:30 - [MESSAGE][INFO] - Step 6: Clear the default value in the "Employee ID" field

26-12-2024T18:42:30 - [TEST_STEP][PASSED] - clearText(findTestObject("Object Repository/Employee-Onboarding/Page_OrangeHRM/input_Employee Id_oxd-input oxd-input--focus")): Text of object 'Object Repository/Employee-Onboarding/Page_OrangeHRM/input_Employee Id_oxd-input oxd-input--focus' is cleared

26-12-2024T18:42:30 - [MESSAGE][PASSED] - Text of object 'Object Repository/Employee-Onboarding/Page_OrangeHRM/input_Employee Id_oxd-input oxd-input--focus' is cleared

26-12-2024T18:42:30 - [TEST_STEP][PASSED] - comment("Step 7: Set the employee ID field with a new value"): Step 7: Set the employee ID field with a new value

26-12-2024T18:42:30 - [MESSAGE][INFO] - Step 7: Set the employee ID field with a new value

26-12-2024T18:42:30 - [TEST_STEP][PASSED] - setText(findTestObject("Object Repository/Employee-Onboarding/Page_OrangeHRM/input_Employee Id_oxd-input oxd-input--focus"), ""): Text '' is set on object 'Object Repository/Employee-Onboarding/Page_OrangeHRM/input_Employee Id_oxd-input oxd-input--focus'

26-12-2024T18:42:31 - [MESSAGE][PASSED] - Text '' is set on object 'Object Repository/Employee-Onboarding/Page_OrangeHRM/input_Employee Id_oxd-input oxd-input--focus'

26-12-2024T18:42:31 - [TEST_STEP][PASSED] - comment("Step 8: Toggle the switch related to the Employee ID"): Step 8: Toggle the switch related to the Employee ID

26-12-2024T18:42:31 - [MESSAGE][INFO] - Step 8: Toggle the switch related to the Employee ID

26-12-2024T18:42:31 - [TEST_STEP][PASSED] - click(findTestObject("Object Repository/Employee-Onboarding/Page_OrangeHRM/span_Employee Id_oxd-switch-input oxd-switc_efe210")): Object: 'Object Repository/Employee-Onboarding/Page_OrangeHRM/span_Employee Id_oxd-switch-input oxd-switc_efe210' is clicked on

26-12-2024T18:42:31 - [MESSAGE][PASSED] - Object: 'Object Repository/Employee-Onboarding/Page_OrangeHRM/span_Employee Id_oxd-switch-input oxd-switc_efe210' is clicked on

26-12-2024T18:42:31 - [TEST_STEP][PASSED] - comment("Step 9: Retrieve the entered first name and convert it to lowercase"): Step 9: Retrieve the entered first name and convert it to lowercase

26-12-2024T18:42:31 - [MESSAGE][INFO] - Step 9: Retrieve the entered first name and convert it to lowercase

26-12-2024T18:42:31 - [TEST_STEP][PASSED] - firstname = getAttribute(findTestObject("Object Repository/Employee-Onboarding/Page_OrangeHRM/input_Employee Full Name_firstName"), "value").toLowerCase(): Attribute 'value' of object 'Object Repository/Employee-Onboarding/Page_OrangeHRM/input_Employee Full Name_firstName' is: 'Ronald'

26-12-2024T18:42:31 - [MESSAGE][PASSED] - Attribute 'value' of object 'Object Repository/Employee-Onboarding/Page_OrangeHRM/input_Employee Full Name_firstName' is: 'Ronald'

26-12-2024T18:42:31 - [TEST_STEP][PASSED] - comment("Step 10: Retrieve the entered last name and convert it to lowercase"): Step 10: Retrieve the entered last name and convert it to lowercase

26-12-2024T18:42:31 - [MESSAGE][INFO] - Step 10: Retrieve the entered last name and convert it to lowercase

26-12-2024T18:42:31 - [TEST_STEP][PASSED] - lastname = getAttribute(findTestObject("Object Repository/Employee-Onboarding/Page_OrangeHRM/input_Employee Full Name_lastName"), "value").toLowerCase(): Attribute 'value' of object 'Object Repository/Employee-Onboarding/Page_OrangeHRM/input_Employee Full Name_lastName' is: 'Robertson'

26-12-2024T18:42:32 - [MESSAGE][PASSED] - Attribute 'value' of object 'Object Repository/Employee-Onboarding/Page_OrangeHRM/input_Employee Full Name_lastName' is: 'Robertson'

26-12-2024T18:42:32 - [TEST_STEP][PASSED] - comment("Step 11: Concatenate the first and last names to generate a username"): Step 11: Concatenate the first and last names to generate a username

26-12-2024T18:42:32 - [MESSAGE][INFO] - Step 11: Concatenate the first and last names to generate a username

26-12-2024T18:42:32 - [TEST_STEP][PASSED] - username = firstname + "." + lastname: null

26-12-2024T18:42:32 - [TEST_STEP][PASSED] - comment("Step 12: Set the username field with the generated username"): Step 12: Set the username field with the generated username

26-12-2024T18:42:32 - [MESSAGE][INFO] - Step 12: Set the username field with the generated username

26-12-2024T18:42:32 - [TEST_STEP][PASSED] - setText(findTestObject("Object Repository/Employee-Onboarding/Page_OrangeHRM/input_Username_oxd-input oxd-input--focus"), username): Text 'ronald.robertson' is set on object 'Object Repository/Employee-Onboarding/Page_OrangeHRM/input_Username_oxd-input oxd-input--focus'

26-12-2024T18:42:32 - [MESSAGE][PASSED] - Text 'ronald.robertson' is set on object 'Object Repository/Employee-Onboarding/Page_OrangeHRM/input_Username_oxd-input oxd-input--focus'

26-12-2024T18:42:32 - [TEST_STEP][PASSED] - comment("Step 13: Enter an encrypted password into the password field"): Step 13: Enter an encrypted password into the password field

26-12-2024T18:42:32 - [MESSAGE][INFO] - Step 13: Enter an encrypted password into the password field

26-12-2024T18:42:32 - [TEST_STEP][PASSED] - setEncryptedText(findTestObject("Object Repository/Employee-Onboarding/Page_OrangeHRM/input_Password_oxd-input oxd-input--active"), EmployeePassword): Text ****** has been set on object 'Object Repository/Employee-Onboarding/Page_OrangeHRM/input_Password_oxd-input oxd-input--active'

26-12-2024T18:42:32 - [MESSAGE][PASSED] - Text ****** has been set on object 'Object Repository/Employee-Onboarding/Page_OrangeHRM/input_Password_oxd-input oxd-input--active'

26-12-2024T18:42:32 - [TEST_STEP][PASSED] - comment("Step 14: Enter an encrypted password into the confirm password field"): Step 14: Enter an encrypted password into the confirm password field

26-12-2024T18:42:32 - [MESSAGE][INFO] - Step 14: Enter an encrypted password into the confirm password field

26-12-2024T18:42:32 - [TEST_STEP][PASSED] - setEncryptedText(findTestObject("Object Repository/Employee-Onboarding/Page_OrangeHRM/input_Confirm Password_oxd-input oxd-input-_a3aecb"), EmployeePassword): Text ****** has been set on object 'Object Repository/Employee-Onboarding/Page_OrangeHRM/input_Confirm Password_oxd-input oxd-input-_a3aecb'

26-12-2024T18:42:33 - [MESSAGE][PASSED] - Text ****** has been set on object 'Object Repository/Employee-Onboarding/Page_OrangeHRM/input_Confirm Password_oxd-input oxd-input-_a3aecb'

26-12-2024T18:42:33 - [TEST_STEP][PASSED] - comment("Step 15: Click the "Save" button to finalize adding the new employee"): Step 15: Click the "Save" button to finalize adding the new employee

26-12-2024T18:42:33 - [MESSAGE][INFO] - Step 15: Click the "Save" button to finalize adding the new employee

26-12-2024T18:42:33 - [TEST_STEP][PASSED] - click(findTestObject("Object Repository/Employee-Onboarding/Page_OrangeHRM/button_Save")): Object: 'Object Repository/Employee-Onboarding/Page_OrangeHRM/button_Save' is clicked on

26-12-2024T18:42:33 - [MESSAGE][PASSED] - Object: 'Object Repository/Employee-Onboarding/Page_OrangeHRM/button_Save' is clicked on

26-12-2024T18:42:33 - [TEST_STEP][PASSED] - delay(2): Delayed 2 second(s)

26-12-2024T18:42:35 - [MESSAGE][PASSED] - Delayed 2 second(s)]]></system-out>
         <system-err><![CDATA[]]></system-err>
      </testcase>
      <testcase name="Test Cases/Employee_Onboarding/TC_Employee_Onboarding" time="11.203" classname="Test Cases/Employee_Onboarding/TC_Employee_Onboarding" status="PASSED">
         <system-out><![CDATA[26-12-2024T18:42:35 - [TEST_CASE][PASSED] - Test Cases/Employee_Onboarding/TC_Employee_Onboarding: Test Cases/Employee_Onboarding/TC_Employee_Onboarding

26-12-2024T18:42:35 - [TEST_STEP][PASSED] - comment("Step 1: Click on the PIM module link"): Step 1: Click on the PIM module link

26-12-2024T18:42:35 - [MESSAGE][INFO] - Step 1: Click on the PIM module link

26-12-2024T18:42:35 - [TEST_STEP][PASSED] - click(findTestObject("Object Repository/Employee-Onboarding/Page_OrangeHRM/a_PIM")): Object: 'Object Repository/Employee-Onboarding/Page_OrangeHRM/a_PIM' is clicked on

26-12-2024T18:42:37 - [MESSAGE][PASSED] - Object: 'Object Repository/Employee-Onboarding/Page_OrangeHRM/a_PIM' is clicked on

26-12-2024T18:42:37 - [TEST_STEP][PASSED] - comment("Step 2: Click the "Add" button to add a new employee"): Step 2: Click the "Add" button to add a new employee

26-12-2024T18:42:37 - [MESSAGE][INFO] - Step 2: Click the "Add" button to add a new employee

26-12-2024T18:42:37 - [TEST_STEP][PASSED] - click(findTestObject("Object Repository/Employee-Onboarding/Page_OrangeHRM/button_Add")): Object: 'Object Repository/Employee-Onboarding/Page_OrangeHRM/button_Add' is clicked on

26-12-2024T18:42:39 - [MESSAGE][PASSED] - Object: 'Object Repository/Employee-Onboarding/Page_OrangeHRM/button_Add' is clicked on

26-12-2024T18:42:39 - [TEST_STEP][PASSED] - comment("Step 3: Focus on the "First Name" input field"): Step 3: Focus on the "First Name" input field

26-12-2024T18:42:39 - [MESSAGE][INFO] - Step 3: Focus on the "First Name" input field

26-12-2024T18:42:39 - [TEST_STEP][PASSED] - click(findTestObject("Object Repository/Employee-Onboarding/Page_OrangeHRM/input_Employee Full Name_firstName")): Object: 'Object Repository/Employee-Onboarding/Page_OrangeHRM/input_Employee Full Name_firstName' is clicked on

26-12-2024T18:42:40 - [MESSAGE][PASSED] - Object: 'Object Repository/Employee-Onboarding/Page_OrangeHRM/input_Employee Full Name_firstName' is clicked on

26-12-2024T18:42:40 - [TEST_STEP][PASSED] - comment("Step 4: Enter the employee's first name"): Step 4: Enter the employee's first name

26-12-2024T18:42:40 - [MESSAGE][INFO] - Step 4: Enter the employee's first name

26-12-2024T18:42:40 - [TEST_STEP][PASSED] - setText(findTestObject("Object Repository/Employee-Onboarding/Page_OrangeHRM/input_Employee Full Name_firstName"), Firstname): Text 'Jeremy' is set on object 'Object Repository/Employee-Onboarding/Page_OrangeHRM/input_Employee Full Name_firstName'

26-12-2024T18:42:41 - [MESSAGE][PASSED] - Text 'Jeremy' is set on object 'Object Repository/Employee-Onboarding/Page_OrangeHRM/input_Employee Full Name_firstName'

26-12-2024T18:42:41 - [TEST_STEP][PASSED] - comment("Step 5: Enter the employee's last name"): Step 5: Enter the employee's last name

26-12-2024T18:42:41 - [MESSAGE][INFO] - Step 5: Enter the employee's last name

26-12-2024T18:42:41 - [TEST_STEP][PASSED] - setText(findTestObject("Object Repository/Employee-Onboarding/Page_OrangeHRM/input_Employee Full Name_lastName"), Lastname): Text 'Jones' is set on object 'Object Repository/Employee-Onboarding/Page_OrangeHRM/input_Employee Full Name_lastName'

26-12-2024T18:42:41 - [MESSAGE][PASSED] - Text 'Jones' is set on object 'Object Repository/Employee-Onboarding/Page_OrangeHRM/input_Employee Full Name_lastName'

26-12-2024T18:42:41 - [TEST_STEP][PASSED] - comment("Step 6: Clear the default value in the "Employee ID" field"): Step 6: Clear the default value in the "Employee ID" field

26-12-2024T18:42:41 - [MESSAGE][INFO] - Step 6: Clear the default value in the "Employee ID" field

26-12-2024T18:42:41 - [TEST_STEP][PASSED] - clearText(findTestObject("Object Repository/Employee-Onboarding/Page_OrangeHRM/input_Employee Id_oxd-input oxd-input--focus")): Text of object 'Object Repository/Employee-Onboarding/Page_OrangeHRM/input_Employee Id_oxd-input oxd-input--focus' is cleared

26-12-2024T18:42:42 - [MESSAGE][PASSED] - Text of object 'Object Repository/Employee-Onboarding/Page_OrangeHRM/input_Employee Id_oxd-input oxd-input--focus' is cleared

26-12-2024T18:42:42 - [TEST_STEP][PASSED] - comment("Step 7: Set the employee ID field with a new value"): Step 7: Set the employee ID field with a new value

26-12-2024T18:42:42 - [MESSAGE][INFO] - Step 7: Set the employee ID field with a new value

26-12-2024T18:42:42 - [TEST_STEP][PASSED] - setText(findTestObject("Object Repository/Employee-Onboarding/Page_OrangeHRM/input_Employee Id_oxd-input oxd-input--focus"), ""): Text '' is set on object 'Object Repository/Employee-Onboarding/Page_OrangeHRM/input_Employee Id_oxd-input oxd-input--focus'

26-12-2024T18:42:42 - [MESSAGE][PASSED] - Text '' is set on object 'Object Repository/Employee-Onboarding/Page_OrangeHRM/input_Employee Id_oxd-input oxd-input--focus'

26-12-2024T18:42:42 - [TEST_STEP][PASSED] - comment("Step 8: Toggle the switch related to the Employee ID"): Step 8: Toggle the switch related to the Employee ID

26-12-2024T18:42:42 - [MESSAGE][INFO] - Step 8: Toggle the switch related to the Employee ID

26-12-2024T18:42:42 - [TEST_STEP][PASSED] - click(findTestObject("Object Repository/Employee-Onboarding/Page_OrangeHRM/span_Employee Id_oxd-switch-input oxd-switc_efe210")): Object: 'Object Repository/Employee-Onboarding/Page_OrangeHRM/span_Employee Id_oxd-switch-input oxd-switc_efe210' is clicked on

26-12-2024T18:42:42 - [MESSAGE][PASSED] - Object: 'Object Repository/Employee-Onboarding/Page_OrangeHRM/span_Employee Id_oxd-switch-input oxd-switc_efe210' is clicked on

26-12-2024T18:42:42 - [TEST_STEP][PASSED] - comment("Step 9: Retrieve the entered first name and convert it to lowercase"): Step 9: Retrieve the entered first name and convert it to lowercase

26-12-2024T18:42:42 - [MESSAGE][INFO] - Step 9: Retrieve the entered first name and convert it to lowercase

26-12-2024T18:42:42 - [TEST_STEP][PASSED] - firstname = getAttribute(findTestObject("Object Repository/Employee-Onboarding/Page_OrangeHRM/input_Employee Full Name_firstName"), "value").toLowerCase(): Attribute 'value' of object 'Object Repository/Employee-Onboarding/Page_OrangeHRM/input_Employee Full Name_firstName' is: 'Jeremy'

26-12-2024T18:42:43 - [MESSAGE][PASSED] - Attribute 'value' of object 'Object Repository/Employee-Onboarding/Page_OrangeHRM/input_Employee Full Name_firstName' is: 'Jeremy'

26-12-2024T18:42:43 - [TEST_STEP][PASSED] - comment("Step 10: Retrieve the entered last name and convert it to lowercase"): Step 10: Retrieve the entered last name and convert it to lowercase

26-12-2024T18:42:43 - [MESSAGE][INFO] - Step 10: Retrieve the entered last name and convert it to lowercase

26-12-2024T18:42:43 - [TEST_STEP][PASSED] - lastname = getAttribute(findTestObject("Object Repository/Employee-Onboarding/Page_OrangeHRM/input_Employee Full Name_lastName"), "value").toLowerCase(): Attribute 'value' of object 'Object Repository/Employee-Onboarding/Page_OrangeHRM/input_Employee Full Name_lastName' is: 'Jones'

26-12-2024T18:42:43 - [MESSAGE][PASSED] - Attribute 'value' of object 'Object Repository/Employee-Onboarding/Page_OrangeHRM/input_Employee Full Name_lastName' is: 'Jones'

26-12-2024T18:42:43 - [TEST_STEP][PASSED] - comment("Step 11: Concatenate the first and last names to generate a username"): Step 11: Concatenate the first and last names to generate a username

26-12-2024T18:42:43 - [MESSAGE][INFO] - Step 11: Concatenate the first and last names to generate a username

26-12-2024T18:42:43 - [TEST_STEP][PASSED] - username = firstname + "." + lastname: null

26-12-2024T18:42:43 - [TEST_STEP][PASSED] - comment("Step 12: Set the username field with the generated username"): Step 12: Set the username field with the generated username

26-12-2024T18:42:43 - [MESSAGE][INFO] - Step 12: Set the username field with the generated username

26-12-2024T18:42:43 - [TEST_STEP][PASSED] - setText(findTestObject("Object Repository/Employee-Onboarding/Page_OrangeHRM/input_Username_oxd-input oxd-input--focus"), username): Text 'jeremy.jones' is set on object 'Object Repository/Employee-Onboarding/Page_OrangeHRM/input_Username_oxd-input oxd-input--focus'

26-12-2024T18:42:43 - [MESSAGE][PASSED] - Text 'jeremy.jones' is set on object 'Object Repository/Employee-Onboarding/Page_OrangeHRM/input_Username_oxd-input oxd-input--focus'

26-12-2024T18:42:43 - [TEST_STEP][PASSED] - comment("Step 13: Enter an encrypted password into the password field"): Step 13: Enter an encrypted password into the password field

26-12-2024T18:42:43 - [MESSAGE][INFO] - Step 13: Enter an encrypted password into the password field

26-12-2024T18:42:43 - [TEST_STEP][PASSED] - setEncryptedText(findTestObject("Object Repository/Employee-Onboarding/Page_OrangeHRM/input_Password_oxd-input oxd-input--active"), EmployeePassword): Text ****** has been set on object 'Object Repository/Employee-Onboarding/Page_OrangeHRM/input_Password_oxd-input oxd-input--active'

26-12-2024T18:42:44 - [MESSAGE][PASSED] - Text ****** has been set on object 'Object Repository/Employee-Onboarding/Page_OrangeHRM/input_Password_oxd-input oxd-input--active'

26-12-2024T18:42:44 - [TEST_STEP][PASSED] - comment("Step 14: Enter an encrypted password into the confirm password field"): Step 14: Enter an encrypted password into the confirm password field

26-12-2024T18:42:44 - [MESSAGE][INFO] - Step 14: Enter an encrypted password into the confirm password field

26-12-2024T18:42:44 - [TEST_STEP][PASSED] - setEncryptedText(findTestObject("Object Repository/Employee-Onboarding/Page_OrangeHRM/input_Confirm Password_oxd-input oxd-input-_a3aecb"), EmployeePassword): Text ****** has been set on object 'Object Repository/Employee-Onboarding/Page_OrangeHRM/input_Confirm Password_oxd-input oxd-input-_a3aecb'

26-12-2024T18:42:44 - [MESSAGE][PASSED] - Text ****** has been set on object 'Object Repository/Employee-Onboarding/Page_OrangeHRM/input_Confirm Password_oxd-input oxd-input-_a3aecb'

26-12-2024T18:42:44 - [TEST_STEP][PASSED] - comment("Step 15: Click the "Save" button to finalize adding the new employee"): Step 15: Click the "Save" button to finalize adding the new employee

26-12-2024T18:42:44 - [MESSAGE][INFO] - Step 15: Click the "Save" button to finalize adding the new employee

26-12-2024T18:42:44 - [TEST_STEP][PASSED] - click(findTestObject("Object Repository/Employee-Onboarding/Page_OrangeHRM/button_Save")): Object: 'Object Repository/Employee-Onboarding/Page_OrangeHRM/button_Save' is clicked on

26-12-2024T18:42:44 - [MESSAGE][PASSED] - Object: 'Object Repository/Employee-Onboarding/Page_OrangeHRM/button_Save' is clicked on

26-12-2024T18:42:44 - [TEST_STEP][PASSED] - delay(2): Delayed 2 second(s)

26-12-2024T18:42:46 - [MESSAGE][PASSED] - Delayed 2 second(s)]]></system-out>
         <system-err><![CDATA[]]></system-err>
      </testcase>
      <testcase name="Test Cases/Employee_Onboarding/TC_Employee_Onboarding" time="11.347" classname="Test Cases/Employee_Onboarding/TC_Employee_Onboarding" status="PASSED">
         <system-out><![CDATA[26-12-2024T18:42:46 - [TEST_CASE][PASSED] - Test Cases/Employee_Onboarding/TC_Employee_Onboarding: Test Cases/Employee_Onboarding/TC_Employee_Onboarding

26-12-2024T18:42:46 - [TEST_STEP][PASSED] - comment("Step 1: Click on the PIM module link"): Step 1: Click on the PIM module link

26-12-2024T18:42:46 - [MESSAGE][INFO] - Step 1: Click on the PIM module link

26-12-2024T18:42:46 - [TEST_STEP][PASSED] - click(findTestObject("Object Repository/Employee-Onboarding/Page_OrangeHRM/a_PIM")): Object: 'Object Repository/Employee-Onboarding/Page_OrangeHRM/a_PIM' is clicked on

26-12-2024T18:42:48 - [MESSAGE][PASSED] - Object: 'Object Repository/Employee-Onboarding/Page_OrangeHRM/a_PIM' is clicked on

26-12-2024T18:42:48 - [TEST_STEP][PASSED] - comment("Step 2: Click the "Add" button to add a new employee"): Step 2: Click the "Add" button to add a new employee

26-12-2024T18:42:48 - [MESSAGE][INFO] - Step 2: Click the "Add" button to add a new employee

26-12-2024T18:42:48 - [TEST_STEP][PASSED] - click(findTestObject("Object Repository/Employee-Onboarding/Page_OrangeHRM/button_Add")): Object: 'Object Repository/Employee-Onboarding/Page_OrangeHRM/button_Add' is clicked on

26-12-2024T18:42:50 - [MESSAGE][PASSED] - Object: 'Object Repository/Employee-Onboarding/Page_OrangeHRM/button_Add' is clicked on

26-12-2024T18:42:50 - [TEST_STEP][PASSED] - comment("Step 3: Focus on the "First Name" input field"): Step 3: Focus on the "First Name" input field

26-12-2024T18:42:50 - [MESSAGE][INFO] - Step 3: Focus on the "First Name" input field

26-12-2024T18:42:50 - [TEST_STEP][PASSED] - click(findTestObject("Object Repository/Employee-Onboarding/Page_OrangeHRM/input_Employee Full Name_firstName")): Object: 'Object Repository/Employee-Onboarding/Page_OrangeHRM/input_Employee Full Name_firstName' is clicked on

26-12-2024T18:42:52 - [MESSAGE][PASSED] - Object: 'Object Repository/Employee-Onboarding/Page_OrangeHRM/input_Employee Full Name_firstName' is clicked on

26-12-2024T18:42:52 - [TEST_STEP][PASSED] - comment("Step 4: Enter the employee's first name"): Step 4: Enter the employee's first name

26-12-2024T18:42:52 - [MESSAGE][INFO] - Step 4: Enter the employee's first name

26-12-2024T18:42:52 - [TEST_STEP][PASSED] - setText(findTestObject("Object Repository/Employee-Onboarding/Page_OrangeHRM/input_Employee Full Name_firstName"), Firstname): Text 'Ruben' is set on object 'Object Repository/Employee-Onboarding/Page_OrangeHRM/input_Employee Full Name_firstName'

26-12-2024T18:42:52 - [MESSAGE][PASSED] - Text 'Ruben' is set on object 'Object Repository/Employee-Onboarding/Page_OrangeHRM/input_Employee Full Name_firstName'

26-12-2024T18:42:52 - [TEST_STEP][PASSED] - comment("Step 5: Enter the employee's last name"): Step 5: Enter the employee's last name

26-12-2024T18:42:52 - [MESSAGE][INFO] - Step 5: Enter the employee's last name

26-12-2024T18:42:52 - [TEST_STEP][PASSED] - setText(findTestObject("Object Repository/Employee-Onboarding/Page_OrangeHRM/input_Employee Full Name_lastName"), Lastname): Text 'Collins' is set on object 'Object Repository/Employee-Onboarding/Page_OrangeHRM/input_Employee Full Name_lastName'

26-12-2024T18:42:53 - [MESSAGE][PASSED] - Text 'Collins' is set on object 'Object Repository/Employee-Onboarding/Page_OrangeHRM/input_Employee Full Name_lastName'

26-12-2024T18:42:53 - [TEST_STEP][PASSED] - comment("Step 6: Clear the default value in the "Employee ID" field"): Step 6: Clear the default value in the "Employee ID" field

26-12-2024T18:42:53 - [MESSAGE][INFO] - Step 6: Clear the default value in the "Employee ID" field

26-12-2024T18:42:53 - [TEST_STEP][PASSED] - clearText(findTestObject("Object Repository/Employee-Onboarding/Page_OrangeHRM/input_Employee Id_oxd-input oxd-input--focus")): Text of object 'Object Repository/Employee-Onboarding/Page_OrangeHRM/input_Employee Id_oxd-input oxd-input--focus' is cleared

26-12-2024T18:42:53 - [MESSAGE][PASSED] - Text of object 'Object Repository/Employee-Onboarding/Page_OrangeHRM/input_Employee Id_oxd-input oxd-input--focus' is cleared

26-12-2024T18:42:53 - [TEST_STEP][PASSED] - comment("Step 7: Set the employee ID field with a new value"): Step 7: Set the employee ID field with a new value

26-12-2024T18:42:53 - [MESSAGE][INFO] - Step 7: Set the employee ID field with a new value

26-12-2024T18:42:53 - [TEST_STEP][PASSED] - setText(findTestObject("Object Repository/Employee-Onboarding/Page_OrangeHRM/input_Employee Id_oxd-input oxd-input--focus"), ""): Text '' is set on object 'Object Repository/Employee-Onboarding/Page_OrangeHRM/input_Employee Id_oxd-input oxd-input--focus'

26-12-2024T18:42:53 - [MESSAGE][PASSED] - Text '' is set on object 'Object Repository/Employee-Onboarding/Page_OrangeHRM/input_Employee Id_oxd-input oxd-input--focus'

26-12-2024T18:42:53 - [TEST_STEP][PASSED] - comment("Step 8: Toggle the switch related to the Employee ID"): Step 8: Toggle the switch related to the Employee ID

26-12-2024T18:42:53 - [MESSAGE][INFO] - Step 8: Toggle the switch related to the Employee ID

26-12-2024T18:42:53 - [TEST_STEP][PASSED] - click(findTestObject("Object Repository/Employee-Onboarding/Page_OrangeHRM/span_Employee Id_oxd-switch-input oxd-switc_efe210")): Object: 'Object Repository/Employee-Onboarding/Page_OrangeHRM/span_Employee Id_oxd-switch-input oxd-switc_efe210' is clicked on

26-12-2024T18:42:54 - [MESSAGE][PASSED] - Object: 'Object Repository/Employee-Onboarding/Page_OrangeHRM/span_Employee Id_oxd-switch-input oxd-switc_efe210' is clicked on

26-12-2024T18:42:54 - [TEST_STEP][PASSED] - comment("Step 9: Retrieve the entered first name and convert it to lowercase"): Step 9: Retrieve the entered first name and convert it to lowercase

26-12-2024T18:42:54 - [MESSAGE][INFO] - Step 9: Retrieve the entered first name and convert it to lowercase

26-12-2024T18:42:54 - [TEST_STEP][PASSED] - firstname = getAttribute(findTestObject("Object Repository/Employee-Onboarding/Page_OrangeHRM/input_Employee Full Name_firstName"), "value").toLowerCase(): Attribute 'value' of object 'Object Repository/Employee-Onboarding/Page_OrangeHRM/input_Employee Full Name_firstName' is: 'Ruben'

26-12-2024T18:42:54 - [MESSAGE][PASSED] - Attribute 'value' of object 'Object Repository/Employee-Onboarding/Page_OrangeHRM/input_Employee Full Name_firstName' is: 'Ruben'

26-12-2024T18:42:54 - [TEST_STEP][PASSED] - comment("Step 10: Retrieve the entered last name and convert it to lowercase"): Step 10: Retrieve the entered last name and convert it to lowercase

26-12-2024T18:42:54 - [MESSAGE][INFO] - Step 10: Retrieve the entered last name and convert it to lowercase

26-12-2024T18:42:54 - [TEST_STEP][PASSED] - lastname = getAttribute(findTestObject("Object Repository/Employee-Onboarding/Page_OrangeHRM/input_Employee Full Name_lastName"), "value").toLowerCase(): Attribute 'value' of object 'Object Repository/Employee-Onboarding/Page_OrangeHRM/input_Employee Full Name_lastName' is: 'Collins'

26-12-2024T18:42:54 - [MESSAGE][PASSED] - Attribute 'value' of object 'Object Repository/Employee-Onboarding/Page_OrangeHRM/input_Employee Full Name_lastName' is: 'Collins'

26-12-2024T18:42:54 - [TEST_STEP][PASSED] - comment("Step 11: Concatenate the first and last names to generate a username"): Step 11: Concatenate the first and last names to generate a username

26-12-2024T18:42:54 - [MESSAGE][INFO] - Step 11: Concatenate the first and last names to generate a username

26-12-2024T18:42:54 - [TEST_STEP][PASSED] - username = firstname + "." + lastname: null

26-12-2024T18:42:54 - [TEST_STEP][PASSED] - comment("Step 12: Set the username field with the generated username"): Step 12: Set the username field with the generated username

26-12-2024T18:42:54 - [MESSAGE][INFO] - Step 12: Set the username field with the generated username

26-12-2024T18:42:54 - [TEST_STEP][PASSED] - setText(findTestObject("Object Repository/Employee-Onboarding/Page_OrangeHRM/input_Username_oxd-input oxd-input--focus"), username): Text 'ruben.collins' is set on object 'Object Repository/Employee-Onboarding/Page_OrangeHRM/input_Username_oxd-input oxd-input--focus'

26-12-2024T18:42:55 - [MESSAGE][PASSED] - Text 'ruben.collins' is set on object 'Object Repository/Employee-Onboarding/Page_OrangeHRM/input_Username_oxd-input oxd-input--focus'

26-12-2024T18:42:55 - [TEST_STEP][PASSED] - comment("Step 13: Enter an encrypted password into the password field"): Step 13: Enter an encrypted password into the password field

26-12-2024T18:42:55 - [MESSAGE][INFO] - Step 13: Enter an encrypted password into the password field

26-12-2024T18:42:55 - [TEST_STEP][PASSED] - setEncryptedText(findTestObject("Object Repository/Employee-Onboarding/Page_OrangeHRM/input_Password_oxd-input oxd-input--active"), EmployeePassword): Text ****** has been set on object 'Object Repository/Employee-Onboarding/Page_OrangeHRM/input_Password_oxd-input oxd-input--active'

26-12-2024T18:42:55 - [MESSAGE][PASSED] - Text ****** has been set on object 'Object Repository/Employee-Onboarding/Page_OrangeHRM/input_Password_oxd-input oxd-input--active'

26-12-2024T18:42:55 - [TEST_STEP][PASSED] - comment("Step 14: Enter an encrypted password into the confirm password field"): Step 14: Enter an encrypted password into the confirm password field

26-12-2024T18:42:55 - [MESSAGE][INFO] - Step 14: Enter an encrypted password into the confirm password field

26-12-2024T18:42:55 - [TEST_STEP][PASSED] - setEncryptedText(findTestObject("Object Repository/Employee-Onboarding/Page_OrangeHRM/input_Confirm Password_oxd-input oxd-input-_a3aecb"), EmployeePassword): Text ****** has been set on object 'Object Repository/Employee-Onboarding/Page_OrangeHRM/input_Confirm Password_oxd-input oxd-input-_a3aecb'

26-12-2024T18:42:56 - [MESSAGE][PASSED] - Text ****** has been set on object 'Object Repository/Employee-Onboarding/Page_OrangeHRM/input_Confirm Password_oxd-input oxd-input-_a3aecb'

26-12-2024T18:42:56 - [TEST_STEP][PASSED] - comment("Step 15: Click the "Save" button to finalize adding the new employee"): Step 15: Click the "Save" button to finalize adding the new employee

26-12-2024T18:42:56 - [MESSAGE][INFO] - Step 15: Click the "Save" button to finalize adding the new employee

26-12-2024T18:42:56 - [TEST_STEP][PASSED] - click(findTestObject("Object Repository/Employee-Onboarding/Page_OrangeHRM/button_Save")): Object: 'Object Repository/Employee-Onboarding/Page_OrangeHRM/button_Save' is clicked on

26-12-2024T18:42:56 - [MESSAGE][PASSED] - Object: 'Object Repository/Employee-Onboarding/Page_OrangeHRM/button_Save' is clicked on

26-12-2024T18:42:56 - [TEST_STEP][PASSED] - delay(2): Delayed 2 second(s)

26-12-2024T18:42:58 - [MESSAGE][PASSED] - Delayed 2 second(s)]]></system-out>
         <system-err><![CDATA[]]></system-err>
      </testcase>
      <testcase name="Test Cases/Employee_Onboarding/TC_Employee_Onboarding" time="11.021" classname="Test Cases/Employee_Onboarding/TC_Employee_Onboarding" status="PASSED">
         <system-out><![CDATA[26-12-2024T18:42:58 - [TEST_CASE][PASSED] - Test Cases/Employee_Onboarding/TC_Employee_Onboarding: Test Cases/Employee_Onboarding/TC_Employee_Onboarding

26-12-2024T18:42:58 - [TEST_STEP][PASSED] - comment("Step 1: Click on the PIM module link"): Step 1: Click on the PIM module link

26-12-2024T18:42:58 - [MESSAGE][INFO] - Step 1: Click on the PIM module link

26-12-2024T18:42:58 - [TEST_STEP][PASSED] - click(findTestObject("Object Repository/Employee-Onboarding/Page_OrangeHRM/a_PIM")): Object: 'Object Repository/Employee-Onboarding/Page_OrangeHRM/a_PIM' is clicked on

26-12-2024T18:42:59 - [MESSAGE][PASSED] - Object: 'Object Repository/Employee-Onboarding/Page_OrangeHRM/a_PIM' is clicked on

26-12-2024T18:42:59 - [TEST_STEP][PASSED] - comment("Step 2: Click the "Add" button to add a new employee"): Step 2: Click the "Add" button to add a new employee

26-12-2024T18:42:59 - [MESSAGE][INFO] - Step 2: Click the "Add" button to add a new employee

26-12-2024T18:42:59 - [TEST_STEP][PASSED] - click(findTestObject("Object Repository/Employee-Onboarding/Page_OrangeHRM/button_Add")): Object: 'Object Repository/Employee-Onboarding/Page_OrangeHRM/button_Add' is clicked on

26-12-2024T18:43:01 - [MESSAGE][PASSED] - Object: 'Object Repository/Employee-Onboarding/Page_OrangeHRM/button_Add' is clicked on

26-12-2024T18:43:01 - [TEST_STEP][PASSED] - comment("Step 3: Focus on the "First Name" input field"): Step 3: Focus on the "First Name" input field

26-12-2024T18:43:01 - [MESSAGE][INFO] - Step 3: Focus on the "First Name" input field

26-12-2024T18:43:01 - [TEST_STEP][PASSED] - click(findTestObject("Object Repository/Employee-Onboarding/Page_OrangeHRM/input_Employee Full Name_firstName")): Object: 'Object Repository/Employee-Onboarding/Page_OrangeHRM/input_Employee Full Name_firstName' is clicked on

26-12-2024T18:43:03 - [MESSAGE][PASSED] - Object: 'Object Repository/Employee-Onboarding/Page_OrangeHRM/input_Employee Full Name_firstName' is clicked on

26-12-2024T18:43:03 - [TEST_STEP][PASSED] - comment("Step 4: Enter the employee's first name"): Step 4: Enter the employee's first name

26-12-2024T18:43:03 - [MESSAGE][INFO] - Step 4: Enter the employee's first name

26-12-2024T18:43:03 - [TEST_STEP][PASSED] - setText(findTestObject("Object Repository/Employee-Onboarding/Page_OrangeHRM/input_Employee Full Name_firstName"), Firstname): Text 'Erin' is set on object 'Object Repository/Employee-Onboarding/Page_OrangeHRM/input_Employee Full Name_firstName'

26-12-2024T18:43:03 - [MESSAGE][PASSED] - Text 'Erin' is set on object 'Object Repository/Employee-Onboarding/Page_OrangeHRM/input_Employee Full Name_firstName'

26-12-2024T18:43:03 - [TEST_STEP][PASSED] - comment("Step 5: Enter the employee's last name"): Step 5: Enter the employee's last name

26-12-2024T18:43:03 - [MESSAGE][INFO] - Step 5: Enter the employee's last name

26-12-2024T18:43:03 - [TEST_STEP][PASSED] - setText(findTestObject("Object Repository/Employee-Onboarding/Page_OrangeHRM/input_Employee Full Name_lastName"), Lastname): Text 'Ferguson' is set on object 'Object Repository/Employee-Onboarding/Page_OrangeHRM/input_Employee Full Name_lastName'

26-12-2024T18:43:04 - [MESSAGE][PASSED] - Text 'Ferguson' is set on object 'Object Repository/Employee-Onboarding/Page_OrangeHRM/input_Employee Full Name_lastName'

26-12-2024T18:43:04 - [TEST_STEP][PASSED] - comment("Step 6: Clear the default value in the "Employee ID" field"): Step 6: Clear the default value in the "Employee ID" field

26-12-2024T18:43:04 - [MESSAGE][INFO] - Step 6: Clear the default value in the "Employee ID" field

26-12-2024T18:43:04 - [TEST_STEP][PASSED] - clearText(findTestObject("Object Repository/Employee-Onboarding/Page_OrangeHRM/input_Employee Id_oxd-input oxd-input--focus")): Text of object 'Object Repository/Employee-Onboarding/Page_OrangeHRM/input_Employee Id_oxd-input oxd-input--focus' is cleared

26-12-2024T18:43:04 - [MESSAGE][PASSED] - Text of object 'Object Repository/Employee-Onboarding/Page_OrangeHRM/input_Employee Id_oxd-input oxd-input--focus' is cleared

26-12-2024T18:43:04 - [TEST_STEP][PASSED] - comment("Step 7: Set the employee ID field with a new value"): Step 7: Set the employee ID field with a new value

26-12-2024T18:43:04 - [MESSAGE][INFO] - Step 7: Set the employee ID field with a new value

26-12-2024T18:43:04 - [TEST_STEP][PASSED] - setText(findTestObject("Object Repository/Employee-Onboarding/Page_OrangeHRM/input_Employee Id_oxd-input oxd-input--focus"), ""): Text '' is set on object 'Object Repository/Employee-Onboarding/Page_OrangeHRM/input_Employee Id_oxd-input oxd-input--focus'

26-12-2024T18:43:04 - [MESSAGE][PASSED] - Text '' is set on object 'Object Repository/Employee-Onboarding/Page_OrangeHRM/input_Employee Id_oxd-input oxd-input--focus'

26-12-2024T18:43:04 - [TEST_STEP][PASSED] - comment("Step 8: Toggle the switch related to the Employee ID"): Step 8: Toggle the switch related to the Employee ID

26-12-2024T18:43:04 - [MESSAGE][INFO] - Step 8: Toggle the switch related to the Employee ID

26-12-2024T18:43:04 - [TEST_STEP][PASSED] - click(findTestObject("Object Repository/Employee-Onboarding/Page_OrangeHRM/span_Employee Id_oxd-switch-input oxd-switc_efe210")): Object: 'Object Repository/Employee-Onboarding/Page_OrangeHRM/span_Employee Id_oxd-switch-input oxd-switc_efe210' is clicked on

26-12-2024T18:43:05 - [MESSAGE][PASSED] - Object: 'Object Repository/Employee-Onboarding/Page_OrangeHRM/span_Employee Id_oxd-switch-input oxd-switc_efe210' is clicked on

26-12-2024T18:43:05 - [TEST_STEP][PASSED] - comment("Step 9: Retrieve the entered first name and convert it to lowercase"): Step 9: Retrieve the entered first name and convert it to lowercase

26-12-2024T18:43:05 - [MESSAGE][INFO] - Step 9: Retrieve the entered first name and convert it to lowercase

26-12-2024T18:43:05 - [TEST_STEP][PASSED] - firstname = getAttribute(findTestObject("Object Repository/Employee-Onboarding/Page_OrangeHRM/input_Employee Full Name_firstName"), "value").toLowerCase(): Attribute 'value' of object 'Object Repository/Employee-Onboarding/Page_OrangeHRM/input_Employee Full Name_firstName' is: 'Erin'

26-12-2024T18:43:05 - [MESSAGE][PASSED] - Attribute 'value' of object 'Object Repository/Employee-Onboarding/Page_OrangeHRM/input_Employee Full Name_firstName' is: 'Erin'

26-12-2024T18:43:05 - [TEST_STEP][PASSED] - comment("Step 10: Retrieve the entered last name and convert it to lowercase"): Step 10: Retrieve the entered last name and convert it to lowercase

26-12-2024T18:43:05 - [MESSAGE][INFO] - Step 10: Retrieve the entered last name and convert it to lowercase

26-12-2024T18:43:05 - [TEST_STEP][PASSED] - lastname = getAttribute(findTestObject("Object Repository/Employee-Onboarding/Page_OrangeHRM/input_Employee Full Name_lastName"), "value").toLowerCase(): Attribute 'value' of object 'Object Repository/Employee-Onboarding/Page_OrangeHRM/input_Employee Full Name_lastName' is: 'Ferguson'

26-12-2024T18:43:05 - [MESSAGE][PASSED] - Attribute 'value' of object 'Object Repository/Employee-Onboarding/Page_OrangeHRM/input_Employee Full Name_lastName' is: 'Ferguson'

26-12-2024T18:43:05 - [TEST_STEP][PASSED] - comment("Step 11: Concatenate the first and last names to generate a username"): Step 11: Concatenate the first and last names to generate a username

26-12-2024T18:43:05 - [MESSAGE][INFO] - Step 11: Concatenate the first and last names to generate a username

26-12-2024T18:43:05 - [TEST_STEP][PASSED] - username = firstname + "." + lastname: null

26-12-2024T18:43:05 - [TEST_STEP][PASSED] - comment("Step 12: Set the username field with the generated username"): Step 12: Set the username field with the generated username

26-12-2024T18:43:05 - [MESSAGE][INFO] - Step 12: Set the username field with the generated username

26-12-2024T18:43:05 - [TEST_STEP][PASSED] - setText(findTestObject("Object Repository/Employee-Onboarding/Page_OrangeHRM/input_Username_oxd-input oxd-input--focus"), username): Text 'erin.ferguson' is set on object 'Object Repository/Employee-Onboarding/Page_OrangeHRM/input_Username_oxd-input oxd-input--focus'

26-12-2024T18:43:06 - [MESSAGE][PASSED] - Text 'erin.ferguson' is set on object 'Object Repository/Employee-Onboarding/Page_OrangeHRM/input_Username_oxd-input oxd-input--focus'

26-12-2024T18:43:06 - [TEST_STEP][PASSED] - comment("Step 13: Enter an encrypted password into the password field"): Step 13: Enter an encrypted password into the password field

26-12-2024T18:43:06 - [MESSAGE][INFO] - Step 13: Enter an encrypted password into the password field

26-12-2024T18:43:06 - [TEST_STEP][PASSED] - setEncryptedText(findTestObject("Object Repository/Employee-Onboarding/Page_OrangeHRM/input_Password_oxd-input oxd-input--active"), EmployeePassword): Text ****** has been set on object 'Object Repository/Employee-Onboarding/Page_OrangeHRM/input_Password_oxd-input oxd-input--active'

26-12-2024T18:43:06 - [MESSAGE][PASSED] - Text ****** has been set on object 'Object Repository/Employee-Onboarding/Page_OrangeHRM/input_Password_oxd-input oxd-input--active'

26-12-2024T18:43:06 - [TEST_STEP][PASSED] - comment("Step 14: Enter an encrypted password into the confirm password field"): Step 14: Enter an encrypted password into the confirm password field

26-12-2024T18:43:06 - [MESSAGE][INFO] - Step 14: Enter an encrypted password into the confirm password field

26-12-2024T18:43:06 - [TEST_STEP][PASSED] - setEncryptedText(findTestObject("Object Repository/Employee-Onboarding/Page_OrangeHRM/input_Confirm Password_oxd-input oxd-input-_a3aecb"), EmployeePassword): Text ****** has been set on object 'Object Repository/Employee-Onboarding/Page_OrangeHRM/input_Confirm Password_oxd-input oxd-input-_a3aecb'

26-12-2024T18:43:07 - [MESSAGE][PASSED] - Text ****** has been set on object 'Object Repository/Employee-Onboarding/Page_OrangeHRM/input_Confirm Password_oxd-input oxd-input-_a3aecb'

26-12-2024T18:43:07 - [TEST_STEP][PASSED] - comment("Step 15: Click the "Save" button to finalize adding the new employee"): Step 15: Click the "Save" button to finalize adding the new employee

26-12-2024T18:43:07 - [MESSAGE][INFO] - Step 15: Click the "Save" button to finalize adding the new employee

26-12-2024T18:43:07 - [TEST_STEP][PASSED] - click(findTestObject("Object Repository/Employee-Onboarding/Page_OrangeHRM/button_Save")): Object: 'Object Repository/Employee-Onboarding/Page_OrangeHRM/button_Save' is clicked on

26-12-2024T18:43:07 - [MESSAGE][PASSED] - Object: 'Object Repository/Employee-Onboarding/Page_OrangeHRM/button_Save' is clicked on

26-12-2024T18:43:07 - [TEST_STEP][PASSED] - delay(2): Delayed 2 second(s)

26-12-2024T18:43:09 - [MESSAGE][PASSED] - Delayed 2 second(s)]]></system-out>
         <system-err><![CDATA[]]></system-err>
      </testcase>
      <testcase name="Test Cases/Employee_Onboarding/TC_Employee_Onboarding" time="10.858" classname="Test Cases/Employee_Onboarding/TC_Employee_Onboarding" status="PASSED">
         <system-out><![CDATA[26-12-2024T18:43:09 - [TEST_CASE][PASSED] - Test Cases/Employee_Onboarding/TC_Employee_Onboarding: Test Cases/Employee_Onboarding/TC_Employee_Onboarding

26-12-2024T18:43:09 - [TEST_STEP][PASSED] - comment("Step 1: Click on the PIM module link"): Step 1: Click on the PIM module link

26-12-2024T18:43:09 - [MESSAGE][INFO] - Step 1: Click on the PIM module link

26-12-2024T18:43:09 - [TEST_STEP][PASSED] - click(findTestObject("Object Repository/Employee-Onboarding/Page_OrangeHRM/a_PIM")): Object: 'Object Repository/Employee-Onboarding/Page_OrangeHRM/a_PIM' is clicked on

26-12-2024T18:43:10 - [MESSAGE][PASSED] - Object: 'Object Repository/Employee-Onboarding/Page_OrangeHRM/a_PIM' is clicked on

26-12-2024T18:43:10 - [TEST_STEP][PASSED] - comment("Step 2: Click the "Add" button to add a new employee"): Step 2: Click the "Add" button to add a new employee

26-12-2024T18:43:10 - [MESSAGE][INFO] - Step 2: Click the "Add" button to add a new employee

26-12-2024T18:43:10 - [TEST_STEP][PASSED] - click(findTestObject("Object Repository/Employee-Onboarding/Page_OrangeHRM/button_Add")): Object: 'Object Repository/Employee-Onboarding/Page_OrangeHRM/button_Add' is clicked on

26-12-2024T18:43:12 - [MESSAGE][PASSED] - Object: 'Object Repository/Employee-Onboarding/Page_OrangeHRM/button_Add' is clicked on

26-12-2024T18:43:12 - [TEST_STEP][PASSED] - comment("Step 3: Focus on the "First Name" input field"): Step 3: Focus on the "First Name" input field

26-12-2024T18:43:12 - [MESSAGE][INFO] - Step 3: Focus on the "First Name" input field

26-12-2024T18:43:12 - [TEST_STEP][PASSED] - click(findTestObject("Object Repository/Employee-Onboarding/Page_OrangeHRM/input_Employee Full Name_firstName")): Object: 'Object Repository/Employee-Onboarding/Page_OrangeHRM/input_Employee Full Name_firstName' is clicked on

26-12-2024T18:43:14 - [MESSAGE][PASSED] - Object: 'Object Repository/Employee-Onboarding/Page_OrangeHRM/input_Employee Full Name_firstName' is clicked on

26-12-2024T18:43:14 - [TEST_STEP][PASSED] - comment("Step 4: Enter the employee's first name"): Step 4: Enter the employee's first name

26-12-2024T18:43:14 - [MESSAGE][INFO] - Step 4: Enter the employee's first name

26-12-2024T18:43:14 - [TEST_STEP][PASSED] - setText(findTestObject("Object Repository/Employee-Onboarding/Page_OrangeHRM/input_Employee Full Name_firstName"), Firstname): Text 'Jennifer' is set on object 'Object Repository/Employee-Onboarding/Page_OrangeHRM/input_Employee Full Name_firstName'

26-12-2024T18:43:14 - [MESSAGE][PASSED] - Text 'Jennifer' is set on object 'Object Repository/Employee-Onboarding/Page_OrangeHRM/input_Employee Full Name_firstName'

26-12-2024T18:43:14 - [TEST_STEP][PASSED] - comment("Step 5: Enter the employee's last name"): Step 5: Enter the employee's last name

26-12-2024T18:43:14 - [MESSAGE][INFO] - Step 5: Enter the employee's last name

26-12-2024T18:43:14 - [TEST_STEP][PASSED] - setText(findTestObject("Object Repository/Employee-Onboarding/Page_OrangeHRM/input_Employee Full Name_lastName"), Lastname): Text 'Miles' is set on object 'Object Repository/Employee-Onboarding/Page_OrangeHRM/input_Employee Full Name_lastName'

26-12-2024T18:43:15 - [MESSAGE][PASSED] - Text 'Miles' is set on object 'Object Repository/Employee-Onboarding/Page_OrangeHRM/input_Employee Full Name_lastName'

26-12-2024T18:43:15 - [TEST_STEP][PASSED] - comment("Step 6: Clear the default value in the "Employee ID" field"): Step 6: Clear the default value in the "Employee ID" field

26-12-2024T18:43:15 - [MESSAGE][INFO] - Step 6: Clear the default value in the "Employee ID" field

26-12-2024T18:43:15 - [TEST_STEP][PASSED] - clearText(findTestObject("Object Repository/Employee-Onboarding/Page_OrangeHRM/input_Employee Id_oxd-input oxd-input--focus")): Text of object 'Object Repository/Employee-Onboarding/Page_OrangeHRM/input_Employee Id_oxd-input oxd-input--focus' is cleared

26-12-2024T18:43:15 - [MESSAGE][PASSED] - Text of object 'Object Repository/Employee-Onboarding/Page_OrangeHRM/input_Employee Id_oxd-input oxd-input--focus' is cleared

26-12-2024T18:43:15 - [TEST_STEP][PASSED] - comment("Step 7: Set the employee ID field with a new value"): Step 7: Set the employee ID field with a new value

26-12-2024T18:43:15 - [MESSAGE][INFO] - Step 7: Set the employee ID field with a new value

26-12-2024T18:43:15 - [TEST_STEP][PASSED] - setText(findTestObject("Object Repository/Employee-Onboarding/Page_OrangeHRM/input_Employee Id_oxd-input oxd-input--focus"), ""): Text '' is set on object 'Object Repository/Employee-Onboarding/Page_OrangeHRM/input_Employee Id_oxd-input oxd-input--focus'

26-12-2024T18:43:15 - [MESSAGE][PASSED] - Text '' is set on object 'Object Repository/Employee-Onboarding/Page_OrangeHRM/input_Employee Id_oxd-input oxd-input--focus'

26-12-2024T18:43:15 - [TEST_STEP][PASSED] - comment("Step 8: Toggle the switch related to the Employee ID"): Step 8: Toggle the switch related to the Employee ID

26-12-2024T18:43:15 - [MESSAGE][INFO] - Step 8: Toggle the switch related to the Employee ID

26-12-2024T18:43:15 - [TEST_STEP][PASSED] - click(findTestObject("Object Repository/Employee-Onboarding/Page_OrangeHRM/span_Employee Id_oxd-switch-input oxd-switc_efe210")): Object: 'Object Repository/Employee-Onboarding/Page_OrangeHRM/span_Employee Id_oxd-switch-input oxd-switc_efe210' is clicked on

26-12-2024T18:43:16 - [MESSAGE][PASSED] - Object: 'Object Repository/Employee-Onboarding/Page_OrangeHRM/span_Employee Id_oxd-switch-input oxd-switc_efe210' is clicked on

26-12-2024T18:43:16 - [TEST_STEP][PASSED] - comment("Step 9: Retrieve the entered first name and convert it to lowercase"): Step 9: Retrieve the entered first name and convert it to lowercase

26-12-2024T18:43:16 - [MESSAGE][INFO] - Step 9: Retrieve the entered first name and convert it to lowercase

26-12-2024T18:43:16 - [TEST_STEP][PASSED] - firstname = getAttribute(findTestObject("Object Repository/Employee-Onboarding/Page_OrangeHRM/input_Employee Full Name_firstName"), "value").toLowerCase(): Attribute 'value' of object 'Object Repository/Employee-Onboarding/Page_OrangeHRM/input_Employee Full Name_firstName' is: 'Jennifer'

26-12-2024T18:43:16 - [MESSAGE][PASSED] - Attribute 'value' of object 'Object Repository/Employee-Onboarding/Page_OrangeHRM/input_Employee Full Name_firstName' is: 'Jennifer'

26-12-2024T18:43:16 - [TEST_STEP][PASSED] - comment("Step 10: Retrieve the entered last name and convert it to lowercase"): Step 10: Retrieve the entered last name and convert it to lowercase

26-12-2024T18:43:16 - [MESSAGE][INFO] - Step 10: Retrieve the entered last name and convert it to lowercase

26-12-2024T18:43:16 - [TEST_STEP][PASSED] - lastname = getAttribute(findTestObject("Object Repository/Employee-Onboarding/Page_OrangeHRM/input_Employee Full Name_lastName"), "value").toLowerCase(): Attribute 'value' of object 'Object Repository/Employee-Onboarding/Page_OrangeHRM/input_Employee Full Name_lastName' is: 'Miles'

26-12-2024T18:43:16 - [MESSAGE][PASSED] - Attribute 'value' of object 'Object Repository/Employee-Onboarding/Page_OrangeHRM/input_Employee Full Name_lastName' is: 'Miles'

26-12-2024T18:43:16 - [TEST_STEP][PASSED] - comment("Step 11: Concatenate the first and last names to generate a username"): Step 11: Concatenate the first and last names to generate a username

26-12-2024T18:43:16 - [MESSAGE][INFO] - Step 11: Concatenate the first and last names to generate a username

26-12-2024T18:43:16 - [TEST_STEP][PASSED] - username = firstname + "." + lastname: null

26-12-2024T18:43:16 - [TEST_STEP][PASSED] - comment("Step 12: Set the username field with the generated username"): Step 12: Set the username field with the generated username

26-12-2024T18:43:16 - [MESSAGE][INFO] - Step 12: Set the username field with the generated username

26-12-2024T18:43:16 - [TEST_STEP][PASSED] - setText(findTestObject("Object Repository/Employee-Onboarding/Page_OrangeHRM/input_Username_oxd-input oxd-input--focus"), username): Text 'jennifer.miles' is set on object 'Object Repository/Employee-Onboarding/Page_OrangeHRM/input_Username_oxd-input oxd-input--focus'

26-12-2024T18:43:17 - [MESSAGE][PASSED] - Text 'jennifer.miles' is set on object 'Object Repository/Employee-Onboarding/Page_OrangeHRM/input_Username_oxd-input oxd-input--focus'

26-12-2024T18:43:17 - [TEST_STEP][PASSED] - comment("Step 13: Enter an encrypted password into the password field"): Step 13: Enter an encrypted password into the password field

26-12-2024T18:43:17 - [MESSAGE][INFO] - Step 13: Enter an encrypted password into the password field

26-12-2024T18:43:17 - [TEST_STEP][PASSED] - setEncryptedText(findTestObject("Object Repository/Employee-Onboarding/Page_OrangeHRM/input_Password_oxd-input oxd-input--active"), EmployeePassword): Text ****** has been set on object 'Object Repository/Employee-Onboarding/Page_OrangeHRM/input_Password_oxd-input oxd-input--active'

26-12-2024T18:43:17 - [MESSAGE][PASSED] - Text ****** has been set on object 'Object Repository/Employee-Onboarding/Page_OrangeHRM/input_Password_oxd-input oxd-input--active'

26-12-2024T18:43:17 - [TEST_STEP][PASSED] - comment("Step 14: Enter an encrypted password into the confirm password field"): Step 14: Enter an encrypted password into the confirm password field

26-12-2024T18:43:17 - [MESSAGE][INFO] - Step 14: Enter an encrypted password into the confirm password field

26-12-2024T18:43:17 - [TEST_STEP][PASSED] - setEncryptedText(findTestObject("Object Repository/Employee-Onboarding/Page_OrangeHRM/input_Confirm Password_oxd-input oxd-input-_a3aecb"), EmployeePassword): Text ****** has been set on object 'Object Repository/Employee-Onboarding/Page_OrangeHRM/input_Confirm Password_oxd-input oxd-input-_a3aecb'

26-12-2024T18:43:17 - [MESSAGE][PASSED] - Text ****** has been set on object 'Object Repository/Employee-Onboarding/Page_OrangeHRM/input_Confirm Password_oxd-input oxd-input-_a3aecb'

26-12-2024T18:43:17 - [TEST_STEP][PASSED] - comment("Step 15: Click the "Save" button to finalize adding the new employee"): Step 15: Click the "Save" button to finalize adding the new employee

26-12-2024T18:43:17 - [MESSAGE][INFO] - Step 15: Click the "Save" button to finalize adding the new employee

26-12-2024T18:43:17 - [TEST_STEP][PASSED] - click(findTestObject("Object Repository/Employee-Onboarding/Page_OrangeHRM/button_Save")): Object: 'Object Repository/Employee-Onboarding/Page_OrangeHRM/button_Save' is clicked on

26-12-2024T18:43:18 - [MESSAGE][PASSED] - Object: 'Object Repository/Employee-Onboarding/Page_OrangeHRM/button_Save' is clicked on

26-12-2024T18:43:18 - [TEST_STEP][PASSED] - delay(2): Delayed 2 second(s)

26-12-2024T18:43:20 - [MESSAGE][PASSED] - Delayed 2 second(s)]]></system-out>
         <system-err><![CDATA[]]></system-err>
      </testcase>
      <testcase name="Test Cases/Employee_Onboarding/TC_Employee_Onboarding" time="11.128" classname="Test Cases/Employee_Onboarding/TC_Employee_Onboarding" status="PASSED">
         <system-out><![CDATA[26-12-2024T18:43:20 - [TEST_CASE][PASSED] - Test Cases/Employee_Onboarding/TC_Employee_Onboarding: Test Cases/Employee_Onboarding/TC_Employee_Onboarding

26-12-2024T18:43:20 - [TEST_STEP][PASSED] - comment("Step 1: Click on the PIM module link"): Step 1: Click on the PIM module link

26-12-2024T18:43:20 - [MESSAGE][INFO] - Step 1: Click on the PIM module link

26-12-2024T18:43:20 - [TEST_STEP][PASSED] - click(findTestObject("Object Repository/Employee-Onboarding/Page_OrangeHRM/a_PIM")): Object: 'Object Repository/Employee-Onboarding/Page_OrangeHRM/a_PIM' is clicked on

26-12-2024T18:43:21 - [MESSAGE][PASSED] - Object: 'Object Repository/Employee-Onboarding/Page_OrangeHRM/a_PIM' is clicked on

26-12-2024T18:43:21 - [TEST_STEP][PASSED] - comment("Step 2: Click the "Add" button to add a new employee"): Step 2: Click the "Add" button to add a new employee

26-12-2024T18:43:21 - [MESSAGE][INFO] - Step 2: Click the "Add" button to add a new employee

26-12-2024T18:43:21 - [TEST_STEP][PASSED] - click(findTestObject("Object Repository/Employee-Onboarding/Page_OrangeHRM/button_Add")): Object: 'Object Repository/Employee-Onboarding/Page_OrangeHRM/button_Add' is clicked on

26-12-2024T18:43:23 - [MESSAGE][PASSED] - Object: 'Object Repository/Employee-Onboarding/Page_OrangeHRM/button_Add' is clicked on

26-12-2024T18:43:23 - [TEST_STEP][PASSED] - comment("Step 3: Focus on the "First Name" input field"): Step 3: Focus on the "First Name" input field

26-12-2024T18:43:23 - [MESSAGE][INFO] - Step 3: Focus on the "First Name" input field

26-12-2024T18:43:23 - [TEST_STEP][PASSED] - click(findTestObject("Object Repository/Employee-Onboarding/Page_OrangeHRM/input_Employee Full Name_firstName")): Object: 'Object Repository/Employee-Onboarding/Page_OrangeHRM/input_Employee Full Name_firstName' is clicked on

26-12-2024T18:43:25 - [MESSAGE][PASSED] - Object: 'Object Repository/Employee-Onboarding/Page_OrangeHRM/input_Employee Full Name_firstName' is clicked on

26-12-2024T18:43:25 - [TEST_STEP][PASSED] - comment("Step 4: Enter the employee's first name"): Step 4: Enter the employee's first name

26-12-2024T18:43:25 - [MESSAGE][INFO] - Step 4: Enter the employee's first name

26-12-2024T18:43:25 - [TEST_STEP][PASSED] - setText(findTestObject("Object Repository/Employee-Onboarding/Page_OrangeHRM/input_Employee Full Name_firstName"), Firstname): Text 'Rebecca' is set on object 'Object Repository/Employee-Onboarding/Page_OrangeHRM/input_Employee Full Name_firstName'

26-12-2024T18:43:25 - [MESSAGE][PASSED] - Text 'Rebecca' is set on object 'Object Repository/Employee-Onboarding/Page_OrangeHRM/input_Employee Full Name_firstName'

26-12-2024T18:43:25 - [TEST_STEP][PASSED] - comment("Step 5: Enter the employee's last name"): Step 5: Enter the employee's last name

26-12-2024T18:43:25 - [MESSAGE][INFO] - Step 5: Enter the employee's last name

26-12-2024T18:43:25 - [TEST_STEP][PASSED] - setText(findTestObject("Object Repository/Employee-Onboarding/Page_OrangeHRM/input_Employee Full Name_lastName"), Lastname): Text 'Gutierrez' is set on object 'Object Repository/Employee-Onboarding/Page_OrangeHRM/input_Employee Full Name_lastName'

26-12-2024T18:43:26 - [MESSAGE][PASSED] - Text 'Gutierrez' is set on object 'Object Repository/Employee-Onboarding/Page_OrangeHRM/input_Employee Full Name_lastName'

26-12-2024T18:43:26 - [TEST_STEP][PASSED] - comment("Step 6: Clear the default value in the "Employee ID" field"): Step 6: Clear the default value in the "Employee ID" field

26-12-2024T18:43:26 - [MESSAGE][INFO] - Step 6: Clear the default value in the "Employee ID" field

26-12-2024T18:43:26 - [TEST_STEP][PASSED] - clearText(findTestObject("Object Repository/Employee-Onboarding/Page_OrangeHRM/input_Employee Id_oxd-input oxd-input--focus")): Text of object 'Object Repository/Employee-Onboarding/Page_OrangeHRM/input_Employee Id_oxd-input oxd-input--focus' is cleared

26-12-2024T18:43:26 - [MESSAGE][PASSED] - Text of object 'Object Repository/Employee-Onboarding/Page_OrangeHRM/input_Employee Id_oxd-input oxd-input--focus' is cleared

26-12-2024T18:43:26 - [TEST_STEP][PASSED] - comment("Step 7: Set the employee ID field with a new value"): Step 7: Set the employee ID field with a new value

26-12-2024T18:43:26 - [MESSAGE][INFO] - Step 7: Set the employee ID field with a new value

26-12-2024T18:43:26 - [TEST_STEP][PASSED] - setText(findTestObject("Object Repository/Employee-Onboarding/Page_OrangeHRM/input_Employee Id_oxd-input oxd-input--focus"), ""): Text '' is set on object 'Object Repository/Employee-Onboarding/Page_OrangeHRM/input_Employee Id_oxd-input oxd-input--focus'

26-12-2024T18:43:27 - [MESSAGE][PASSED] - Text '' is set on object 'Object Repository/Employee-Onboarding/Page_OrangeHRM/input_Employee Id_oxd-input oxd-input--focus'

26-12-2024T18:43:27 - [TEST_STEP][PASSED] - comment("Step 8: Toggle the switch related to the Employee ID"): Step 8: Toggle the switch related to the Employee ID

26-12-2024T18:43:27 - [MESSAGE][INFO] - Step 8: Toggle the switch related to the Employee ID

26-12-2024T18:43:27 - [TEST_STEP][PASSED] - click(findTestObject("Object Repository/Employee-Onboarding/Page_OrangeHRM/span_Employee Id_oxd-switch-input oxd-switc_efe210")): Object: 'Object Repository/Employee-Onboarding/Page_OrangeHRM/span_Employee Id_oxd-switch-input oxd-switc_efe210' is clicked on

26-12-2024T18:43:27 - [MESSAGE][PASSED] - Object: 'Object Repository/Employee-Onboarding/Page_OrangeHRM/span_Employee Id_oxd-switch-input oxd-switc_efe210' is clicked on

26-12-2024T18:43:27 - [TEST_STEP][PASSED] - comment("Step 9: Retrieve the entered first name and convert it to lowercase"): Step 9: Retrieve the entered first name and convert it to lowercase

26-12-2024T18:43:27 - [MESSAGE][INFO] - Step 9: Retrieve the entered first name and convert it to lowercase

26-12-2024T18:43:27 - [TEST_STEP][PASSED] - firstname = getAttribute(findTestObject("Object Repository/Employee-Onboarding/Page_OrangeHRM/input_Employee Full Name_firstName"), "value").toLowerCase(): Attribute 'value' of object 'Object Repository/Employee-Onboarding/Page_OrangeHRM/input_Employee Full Name_firstName' is: 'Rebecca'

26-12-2024T18:43:27 - [MESSAGE][PASSED] - Attribute 'value' of object 'Object Repository/Employee-Onboarding/Page_OrangeHRM/input_Employee Full Name_firstName' is: 'Rebecca'

26-12-2024T18:43:27 - [TEST_STEP][PASSED] - comment("Step 10: Retrieve the entered last name and convert it to lowercase"): Step 10: Retrieve the entered last name and convert it to lowercase

26-12-2024T18:43:27 - [MESSAGE][INFO] - Step 10: Retrieve the entered last name and convert it to lowercase

26-12-2024T18:43:27 - [TEST_STEP][PASSED] - lastname = getAttribute(findTestObject("Object Repository/Employee-Onboarding/Page_OrangeHRM/input_Employee Full Name_lastName"), "value").toLowerCase(): Attribute 'value' of object 'Object Repository/Employee-Onboarding/Page_OrangeHRM/input_Employee Full Name_lastName' is: 'Gutierrez'

26-12-2024T18:43:27 - [MESSAGE][PASSED] - Attribute 'value' of object 'Object Repository/Employee-Onboarding/Page_OrangeHRM/input_Employee Full Name_lastName' is: 'Gutierrez'

26-12-2024T18:43:27 - [TEST_STEP][PASSED] - comment("Step 11: Concatenate the first and last names to generate a username"): Step 11: Concatenate the first and last names to generate a username

26-12-2024T18:43:27 - [MESSAGE][INFO] - Step 11: Concatenate the first and last names to generate a username

26-12-2024T18:43:27 - [TEST_STEP][PASSED] - username = firstname + "." + lastname: null

26-12-2024T18:43:27 - [TEST_STEP][PASSED] - comment("Step 12: Set the username field with the generated username"): Step 12: Set the username field with the generated username

26-12-2024T18:43:27 - [MESSAGE][INFO] - Step 12: Set the username field with the generated username

26-12-2024T18:43:27 - [TEST_STEP][PASSED] - setText(findTestObject("Object Repository/Employee-Onboarding/Page_OrangeHRM/input_Username_oxd-input oxd-input--focus"), username): Text 'rebecca.gutierrez' is set on object 'Object Repository/Employee-Onboarding/Page_OrangeHRM/input_Username_oxd-input oxd-input--focus'

26-12-2024T18:43:28 - [MESSAGE][PASSED] - Text 'rebecca.gutierrez' is set on object 'Object Repository/Employee-Onboarding/Page_OrangeHRM/input_Username_oxd-input oxd-input--focus'

26-12-2024T18:43:28 - [TEST_STEP][PASSED] - comment("Step 13: Enter an encrypted password into the password field"): Step 13: Enter an encrypted password into the password field

26-12-2024T18:43:28 - [MESSAGE][INFO] - Step 13: Enter an encrypted password into the password field

26-12-2024T18:43:28 - [TEST_STEP][PASSED] - setEncryptedText(findTestObject("Object Repository/Employee-Onboarding/Page_OrangeHRM/input_Password_oxd-input oxd-input--active"), EmployeePassword): Text ****** has been set on object 'Object Repository/Employee-Onboarding/Page_OrangeHRM/input_Password_oxd-input oxd-input--active'

26-12-2024T18:43:28 - [MESSAGE][PASSED] - Text ****** has been set on object 'Object Repository/Employee-Onboarding/Page_OrangeHRM/input_Password_oxd-input oxd-input--active'

26-12-2024T18:43:28 - [TEST_STEP][PASSED] - comment("Step 14: Enter an encrypted password into the confirm password field"): Step 14: Enter an encrypted password into the confirm password field

26-12-2024T18:43:28 - [MESSAGE][INFO] - Step 14: Enter an encrypted password into the confirm password field

26-12-2024T18:43:28 - [TEST_STEP][PASSED] - setEncryptedText(findTestObject("Object Repository/Employee-Onboarding/Page_OrangeHRM/input_Confirm Password_oxd-input oxd-input-_a3aecb"), EmployeePassword): Text ****** has been set on object 'Object Repository/Employee-Onboarding/Page_OrangeHRM/input_Confirm Password_oxd-input oxd-input-_a3aecb'

26-12-2024T18:43:29 - [MESSAGE][PASSED] - Text ****** has been set on object 'Object Repository/Employee-Onboarding/Page_OrangeHRM/input_Confirm Password_oxd-input oxd-input-_a3aecb'

26-12-2024T18:43:29 - [TEST_STEP][PASSED] - comment("Step 15: Click the "Save" button to finalize adding the new employee"): Step 15: Click the "Save" button to finalize adding the new employee

26-12-2024T18:43:29 - [MESSAGE][INFO] - Step 15: Click the "Save" button to finalize adding the new employee

26-12-2024T18:43:29 - [TEST_STEP][PASSED] - click(findTestObject("Object Repository/Employee-Onboarding/Page_OrangeHRM/button_Save")): Object: 'Object Repository/Employee-Onboarding/Page_OrangeHRM/button_Save' is clicked on

26-12-2024T18:43:29 - [MESSAGE][PASSED] - Object: 'Object Repository/Employee-Onboarding/Page_OrangeHRM/button_Save' is clicked on

26-12-2024T18:43:29 - [TEST_STEP][PASSED] - delay(2): Delayed 2 second(s)

26-12-2024T18:43:31 - [MESSAGE][PASSED] - Delayed 2 second(s)]]></system-out>
         <system-err><![CDATA[]]></system-err>
      </testcase>
      <testcase name="Test Cases/Employee_Onboarding/TC_Employee_Onboarding" time="11.978" classname="Test Cases/Employee_Onboarding/TC_Employee_Onboarding" status="PASSED">
         <system-out><![CDATA[26-12-2024T18:43:31 - [TEST_CASE][PASSED] - Test Cases/Employee_Onboarding/TC_Employee_Onboarding: Test Cases/Employee_Onboarding/TC_Employee_Onboarding

26-12-2024T18:43:31 - [TEST_STEP][PASSED] - comment("Step 1: Click on the PIM module link"): Step 1: Click on the PIM module link

26-12-2024T18:43:31 - [MESSAGE][INFO] - Step 1: Click on the PIM module link

26-12-2024T18:43:31 - [TEST_STEP][PASSED] - click(findTestObject("Object Repository/Employee-Onboarding/Page_OrangeHRM/a_PIM")): Object: 'Object Repository/Employee-Onboarding/Page_OrangeHRM/a_PIM' is clicked on

26-12-2024T18:43:33 - [MESSAGE][PASSED] - Object: 'Object Repository/Employee-Onboarding/Page_OrangeHRM/a_PIM' is clicked on

26-12-2024T18:43:33 - [TEST_STEP][PASSED] - comment("Step 2: Click the "Add" button to add a new employee"): Step 2: Click the "Add" button to add a new employee

26-12-2024T18:43:33 - [MESSAGE][INFO] - Step 2: Click the "Add" button to add a new employee

26-12-2024T18:43:33 - [TEST_STEP][PASSED] - click(findTestObject("Object Repository/Employee-Onboarding/Page_OrangeHRM/button_Add")): Object: 'Object Repository/Employee-Onboarding/Page_OrangeHRM/button_Add' is clicked on

26-12-2024T18:43:35 - [MESSAGE][PASSED] - Object: 'Object Repository/Employee-Onboarding/Page_OrangeHRM/button_Add' is clicked on

26-12-2024T18:43:35 - [TEST_STEP][PASSED] - comment("Step 3: Focus on the "First Name" input field"): Step 3: Focus on the "First Name" input field

26-12-2024T18:43:35 - [MESSAGE][INFO] - Step 3: Focus on the "First Name" input field

26-12-2024T18:43:35 - [TEST_STEP][PASSED] - click(findTestObject("Object Repository/Employee-Onboarding/Page_OrangeHRM/input_Employee Full Name_firstName")): Object: 'Object Repository/Employee-Onboarding/Page_OrangeHRM/input_Employee Full Name_firstName' is clicked on

26-12-2024T18:43:37 - [MESSAGE][PASSED] - Object: 'Object Repository/Employee-Onboarding/Page_OrangeHRM/input_Employee Full Name_firstName' is clicked on

26-12-2024T18:43:37 - [TEST_STEP][PASSED] - comment("Step 4: Enter the employee's first name"): Step 4: Enter the employee's first name

26-12-2024T18:43:37 - [MESSAGE][INFO] - Step 4: Enter the employee's first name

26-12-2024T18:43:37 - [TEST_STEP][PASSED] - setText(findTestObject("Object Repository/Employee-Onboarding/Page_OrangeHRM/input_Employee Full Name_firstName"), Firstname): Text 'Elizabeth' is set on object 'Object Repository/Employee-Onboarding/Page_OrangeHRM/input_Employee Full Name_firstName'

26-12-2024T18:43:37 - [MESSAGE][PASSED] - Text 'Elizabeth' is set on object 'Object Repository/Employee-Onboarding/Page_OrangeHRM/input_Employee Full Name_firstName'

26-12-2024T18:43:37 - [TEST_STEP][PASSED] - comment("Step 5: Enter the employee's last name"): Step 5: Enter the employee's last name

26-12-2024T18:43:37 - [MESSAGE][INFO] - Step 5: Enter the employee's last name

26-12-2024T18:43:37 - [TEST_STEP][PASSED] - setText(findTestObject("Object Repository/Employee-Onboarding/Page_OrangeHRM/input_Employee Full Name_lastName"), Lastname): Text 'Ruiz' is set on object 'Object Repository/Employee-Onboarding/Page_OrangeHRM/input_Employee Full Name_lastName'

26-12-2024T18:43:38 - [MESSAGE][PASSED] - Text 'Ruiz' is set on object 'Object Repository/Employee-Onboarding/Page_OrangeHRM/input_Employee Full Name_lastName'

26-12-2024T18:43:38 - [TEST_STEP][PASSED] - comment("Step 6: Clear the default value in the "Employee ID" field"): Step 6: Clear the default value in the "Employee ID" field

26-12-2024T18:43:38 - [MESSAGE][INFO] - Step 6: Clear the default value in the "Employee ID" field

26-12-2024T18:43:38 - [TEST_STEP][PASSED] - clearText(findTestObject("Object Repository/Employee-Onboarding/Page_OrangeHRM/input_Employee Id_oxd-input oxd-input--focus")): Text of object 'Object Repository/Employee-Onboarding/Page_OrangeHRM/input_Employee Id_oxd-input oxd-input--focus' is cleared

26-12-2024T18:43:38 - [MESSAGE][PASSED] - Text of object 'Object Repository/Employee-Onboarding/Page_OrangeHRM/input_Employee Id_oxd-input oxd-input--focus' is cleared

26-12-2024T18:43:38 - [TEST_STEP][PASSED] - comment("Step 7: Set the employee ID field with a new value"): Step 7: Set the employee ID field with a new value

26-12-2024T18:43:38 - [MESSAGE][INFO] - Step 7: Set the employee ID field with a new value

26-12-2024T18:43:38 - [TEST_STEP][PASSED] - setText(findTestObject("Object Repository/Employee-Onboarding/Page_OrangeHRM/input_Employee Id_oxd-input oxd-input--focus"), ""): Text '' is set on object 'Object Repository/Employee-Onboarding/Page_OrangeHRM/input_Employee Id_oxd-input oxd-input--focus'

26-12-2024T18:43:38 - [MESSAGE][PASSED] - Text '' is set on object 'Object Repository/Employee-Onboarding/Page_OrangeHRM/input_Employee Id_oxd-input oxd-input--focus'

26-12-2024T18:43:38 - [TEST_STEP][PASSED] - comment("Step 8: Toggle the switch related to the Employee ID"): Step 8: Toggle the switch related to the Employee ID

26-12-2024T18:43:38 - [MESSAGE][INFO] - Step 8: Toggle the switch related to the Employee ID

26-12-2024T18:43:38 - [TEST_STEP][PASSED] - click(findTestObject("Object Repository/Employee-Onboarding/Page_OrangeHRM/span_Employee Id_oxd-switch-input oxd-switc_efe210")): Object: 'Object Repository/Employee-Onboarding/Page_OrangeHRM/span_Employee Id_oxd-switch-input oxd-switc_efe210' is clicked on

26-12-2024T18:43:39 - [MESSAGE][PASSED] - Object: 'Object Repository/Employee-Onboarding/Page_OrangeHRM/span_Employee Id_oxd-switch-input oxd-switc_efe210' is clicked on

26-12-2024T18:43:39 - [TEST_STEP][PASSED] - comment("Step 9: Retrieve the entered first name and convert it to lowercase"): Step 9: Retrieve the entered first name and convert it to lowercase

26-12-2024T18:43:39 - [MESSAGE][INFO] - Step 9: Retrieve the entered first name and convert it to lowercase

26-12-2024T18:43:39 - [TEST_STEP][PASSED] - firstname = getAttribute(findTestObject("Object Repository/Employee-Onboarding/Page_OrangeHRM/input_Employee Full Name_firstName"), "value").toLowerCase(): Attribute 'value' of object 'Object Repository/Employee-Onboarding/Page_OrangeHRM/input_Employee Full Name_firstName' is: 'Elizabeth'

26-12-2024T18:43:39 - [MESSAGE][PASSED] - Attribute 'value' of object 'Object Repository/Employee-Onboarding/Page_OrangeHRM/input_Employee Full Name_firstName' is: 'Elizabeth'

26-12-2024T18:43:39 - [TEST_STEP][PASSED] - comment("Step 10: Retrieve the entered last name and convert it to lowercase"): Step 10: Retrieve the entered last name and convert it to lowercase

26-12-2024T18:43:39 - [MESSAGE][INFO] - Step 10: Retrieve the entered last name and convert it to lowercase

26-12-2024T18:43:39 - [TEST_STEP][PASSED] - lastname = getAttribute(findTestObject("Object Repository/Employee-Onboarding/Page_OrangeHRM/input_Employee Full Name_lastName"), "value").toLowerCase(): Attribute 'value' of object 'Object Repository/Employee-Onboarding/Page_OrangeHRM/input_Employee Full Name_lastName' is: 'Ruiz'

26-12-2024T18:43:39 - [MESSAGE][PASSED] - Attribute 'value' of object 'Object Repository/Employee-Onboarding/Page_OrangeHRM/input_Employee Full Name_lastName' is: 'Ruiz'

26-12-2024T18:43:39 - [TEST_STEP][PASSED] - comment("Step 11: Concatenate the first and last names to generate a username"): Step 11: Concatenate the first and last names to generate a username

26-12-2024T18:43:39 - [MESSAGE][INFO] - Step 11: Concatenate the first and last names to generate a username

26-12-2024T18:43:39 - [TEST_STEP][PASSED] - username = firstname + "." + lastname: null

26-12-2024T18:43:39 - [TEST_STEP][PASSED] - comment("Step 12: Set the username field with the generated username"): Step 12: Set the username field with the generated username

26-12-2024T18:43:39 - [MESSAGE][INFO] - Step 12: Set the username field with the generated username

26-12-2024T18:43:39 - [TEST_STEP][PASSED] - setText(findTestObject("Object Repository/Employee-Onboarding/Page_OrangeHRM/input_Username_oxd-input oxd-input--focus"), username): Text 'elizabeth.ruiz' is set on object 'Object Repository/Employee-Onboarding/Page_OrangeHRM/input_Username_oxd-input oxd-input--focus'

26-12-2024T18:43:40 - [MESSAGE][PASSED] - Text 'elizabeth.ruiz' is set on object 'Object Repository/Employee-Onboarding/Page_OrangeHRM/input_Username_oxd-input oxd-input--focus'

26-12-2024T18:43:40 - [TEST_STEP][PASSED] - comment("Step 13: Enter an encrypted password into the password field"): Step 13: Enter an encrypted password into the password field

26-12-2024T18:43:40 - [MESSAGE][INFO] - Step 13: Enter an encrypted password into the password field

26-12-2024T18:43:40 - [TEST_STEP][PASSED] - setEncryptedText(findTestObject("Object Repository/Employee-Onboarding/Page_OrangeHRM/input_Password_oxd-input oxd-input--active"), EmployeePassword): Text ****** has been set on object 'Object Repository/Employee-Onboarding/Page_OrangeHRM/input_Password_oxd-input oxd-input--active'

26-12-2024T18:43:40 - [MESSAGE][PASSED] - Text ****** has been set on object 'Object Repository/Employee-Onboarding/Page_OrangeHRM/input_Password_oxd-input oxd-input--active'

26-12-2024T18:43:40 - [TEST_STEP][PASSED] - comment("Step 14: Enter an encrypted password into the confirm password field"): Step 14: Enter an encrypted password into the confirm password field

26-12-2024T18:43:40 - [MESSAGE][INFO] - Step 14: Enter an encrypted password into the confirm password field

26-12-2024T18:43:40 - [TEST_STEP][PASSED] - setEncryptedText(findTestObject("Object Repository/Employee-Onboarding/Page_OrangeHRM/input_Confirm Password_oxd-input oxd-input-_a3aecb"), EmployeePassword): Text ****** has been set on object 'Object Repository/Employee-Onboarding/Page_OrangeHRM/input_Confirm Password_oxd-input oxd-input-_a3aecb'

26-12-2024T18:43:41 - [MESSAGE][PASSED] - Text ****** has been set on object 'Object Repository/Employee-Onboarding/Page_OrangeHRM/input_Confirm Password_oxd-input oxd-input-_a3aecb'

26-12-2024T18:43:41 - [TEST_STEP][PASSED] - comment("Step 15: Click the "Save" button to finalize adding the new employee"): Step 15: Click the "Save" button to finalize adding the new employee

26-12-2024T18:43:41 - [MESSAGE][INFO] - Step 15: Click the "Save" button to finalize adding the new employee

26-12-2024T18:43:41 - [TEST_STEP][PASSED] - click(findTestObject("Object Repository/Employee-Onboarding/Page_OrangeHRM/button_Save")): Object: 'Object Repository/Employee-Onboarding/Page_OrangeHRM/button_Save' is clicked on

26-12-2024T18:43:41 - [MESSAGE][PASSED] - Object: 'Object Repository/Employee-Onboarding/Page_OrangeHRM/button_Save' is clicked on

26-12-2024T18:43:41 - [TEST_STEP][PASSED] - delay(2): Delayed 2 second(s)

26-12-2024T18:43:43 - [MESSAGE][PASSED] - Delayed 2 second(s)]]></system-out>
         <system-err><![CDATA[]]></system-err>
      </testcase>
      <testcase name="Test Cases/Employee_Onboarding/TC_Employee_Onboarding" time="11.612" classname="Test Cases/Employee_Onboarding/TC_Employee_Onboarding" status="PASSED">
         <system-out><![CDATA[26-12-2024T18:43:43 - [TEST_CASE][PASSED] - Test Cases/Employee_Onboarding/TC_Employee_Onboarding: Test Cases/Employee_Onboarding/TC_Employee_Onboarding

26-12-2024T18:43:43 - [TEST_STEP][PASSED] - comment("Step 1: Click on the PIM module link"): Step 1: Click on the PIM module link

26-12-2024T18:43:43 - [MESSAGE][INFO] - Step 1: Click on the PIM module link

26-12-2024T18:43:43 - [TEST_STEP][PASSED] - click(findTestObject("Object Repository/Employee-Onboarding/Page_OrangeHRM/a_PIM")): Object: 'Object Repository/Employee-Onboarding/Page_OrangeHRM/a_PIM' is clicked on

26-12-2024T18:43:44 - [MESSAGE][PASSED] - Object: 'Object Repository/Employee-Onboarding/Page_OrangeHRM/a_PIM' is clicked on

26-12-2024T18:43:44 - [TEST_STEP][PASSED] - comment("Step 2: Click the "Add" button to add a new employee"): Step 2: Click the "Add" button to add a new employee

26-12-2024T18:43:44 - [MESSAGE][INFO] - Step 2: Click the "Add" button to add a new employee

26-12-2024T18:43:44 - [TEST_STEP][PASSED] - click(findTestObject("Object Repository/Employee-Onboarding/Page_OrangeHRM/button_Add")): Object: 'Object Repository/Employee-Onboarding/Page_OrangeHRM/button_Add' is clicked on

26-12-2024T18:43:47 - [MESSAGE][PASSED] - Object: 'Object Repository/Employee-Onboarding/Page_OrangeHRM/button_Add' is clicked on

26-12-2024T18:43:47 - [TEST_STEP][PASSED] - comment("Step 3: Focus on the "First Name" input field"): Step 3: Focus on the "First Name" input field

26-12-2024T18:43:47 - [MESSAGE][INFO] - Step 3: Focus on the "First Name" input field

26-12-2024T18:43:47 - [TEST_STEP][PASSED] - click(findTestObject("Object Repository/Employee-Onboarding/Page_OrangeHRM/input_Employee Full Name_firstName")): Object: 'Object Repository/Employee-Onboarding/Page_OrangeHRM/input_Employee Full Name_firstName' is clicked on

26-12-2024T18:43:48 - [MESSAGE][PASSED] - Object: 'Object Repository/Employee-Onboarding/Page_OrangeHRM/input_Employee Full Name_firstName' is clicked on

26-12-2024T18:43:48 - [TEST_STEP][PASSED] - comment("Step 4: Enter the employee's first name"): Step 4: Enter the employee's first name

26-12-2024T18:43:48 - [MESSAGE][INFO] - Step 4: Enter the employee's first name

26-12-2024T18:43:48 - [TEST_STEP][PASSED] - setText(findTestObject("Object Repository/Employee-Onboarding/Page_OrangeHRM/input_Employee Full Name_firstName"), Firstname): Text 'Emily' is set on object 'Object Repository/Employee-Onboarding/Page_OrangeHRM/input_Employee Full Name_firstName'

26-12-2024T18:43:49 - [MESSAGE][PASSED] - Text 'Emily' is set on object 'Object Repository/Employee-Onboarding/Page_OrangeHRM/input_Employee Full Name_firstName'

26-12-2024T18:43:49 - [TEST_STEP][PASSED] - comment("Step 5: Enter the employee's last name"): Step 5: Enter the employee's last name

26-12-2024T18:43:49 - [MESSAGE][INFO] - Step 5: Enter the employee's last name

26-12-2024T18:43:49 - [TEST_STEP][PASSED] - setText(findTestObject("Object Repository/Employee-Onboarding/Page_OrangeHRM/input_Employee Full Name_lastName"), Lastname): Text 'Khan' is set on object 'Object Repository/Employee-Onboarding/Page_OrangeHRM/input_Employee Full Name_lastName'

26-12-2024T18:43:49 - [MESSAGE][PASSED] - Text 'Khan' is set on object 'Object Repository/Employee-Onboarding/Page_OrangeHRM/input_Employee Full Name_lastName'

26-12-2024T18:43:49 - [TEST_STEP][PASSED] - comment("Step 6: Clear the default value in the "Employee ID" field"): Step 6: Clear the default value in the "Employee ID" field

26-12-2024T18:43:49 - [MESSAGE][INFO] - Step 6: Clear the default value in the "Employee ID" field

26-12-2024T18:43:49 - [TEST_STEP][PASSED] - clearText(findTestObject("Object Repository/Employee-Onboarding/Page_OrangeHRM/input_Employee Id_oxd-input oxd-input--focus")): Text of object 'Object Repository/Employee-Onboarding/Page_OrangeHRM/input_Employee Id_oxd-input oxd-input--focus' is cleared

26-12-2024T18:43:50 - [MESSAGE][PASSED] - Text of object 'Object Repository/Employee-Onboarding/Page_OrangeHRM/input_Employee Id_oxd-input oxd-input--focus' is cleared

26-12-2024T18:43:50 - [TEST_STEP][PASSED] - comment("Step 7: Set the employee ID field with a new value"): Step 7: Set the employee ID field with a new value

26-12-2024T18:43:50 - [MESSAGE][INFO] - Step 7: Set the employee ID field with a new value

26-12-2024T18:43:50 - [TEST_STEP][PASSED] - setText(findTestObject("Object Repository/Employee-Onboarding/Page_OrangeHRM/input_Employee Id_oxd-input oxd-input--focus"), ""): Text '' is set on object 'Object Repository/Employee-Onboarding/Page_OrangeHRM/input_Employee Id_oxd-input oxd-input--focus'

26-12-2024T18:43:50 - [MESSAGE][PASSED] - Text '' is set on object 'Object Repository/Employee-Onboarding/Page_OrangeHRM/input_Employee Id_oxd-input oxd-input--focus'

26-12-2024T18:43:50 - [TEST_STEP][PASSED] - comment("Step 8: Toggle the switch related to the Employee ID"): Step 8: Toggle the switch related to the Employee ID

26-12-2024T18:43:50 - [MESSAGE][INFO] - Step 8: Toggle the switch related to the Employee ID

26-12-2024T18:43:50 - [TEST_STEP][PASSED] - click(findTestObject("Object Repository/Employee-Onboarding/Page_OrangeHRM/span_Employee Id_oxd-switch-input oxd-switc_efe210")): Object: 'Object Repository/Employee-Onboarding/Page_OrangeHRM/span_Employee Id_oxd-switch-input oxd-switc_efe210' is clicked on

26-12-2024T18:43:50 - [MESSAGE][PASSED] - Object: 'Object Repository/Employee-Onboarding/Page_OrangeHRM/span_Employee Id_oxd-switch-input oxd-switc_efe210' is clicked on

26-12-2024T18:43:50 - [TEST_STEP][PASSED] - comment("Step 9: Retrieve the entered first name and convert it to lowercase"): Step 9: Retrieve the entered first name and convert it to lowercase

26-12-2024T18:43:50 - [MESSAGE][INFO] - Step 9: Retrieve the entered first name and convert it to lowercase

26-12-2024T18:43:50 - [TEST_STEP][PASSED] - firstname = getAttribute(findTestObject("Object Repository/Employee-Onboarding/Page_OrangeHRM/input_Employee Full Name_firstName"), "value").toLowerCase(): Attribute 'value' of object 'Object Repository/Employee-Onboarding/Page_OrangeHRM/input_Employee Full Name_firstName' is: 'Emily'

26-12-2024T18:43:51 - [MESSAGE][PASSED] - Attribute 'value' of object 'Object Repository/Employee-Onboarding/Page_OrangeHRM/input_Employee Full Name_firstName' is: 'Emily'

26-12-2024T18:43:51 - [TEST_STEP][PASSED] - comment("Step 10: Retrieve the entered last name and convert it to lowercase"): Step 10: Retrieve the entered last name and convert it to lowercase

26-12-2024T18:43:51 - [MESSAGE][INFO] - Step 10: Retrieve the entered last name and convert it to lowercase

26-12-2024T18:43:51 - [TEST_STEP][PASSED] - lastname = getAttribute(findTestObject("Object Repository/Employee-Onboarding/Page_OrangeHRM/input_Employee Full Name_lastName"), "value").toLowerCase(): Attribute 'value' of object 'Object Repository/Employee-Onboarding/Page_OrangeHRM/input_Employee Full Name_lastName' is: 'Khan'

26-12-2024T18:43:51 - [MESSAGE][PASSED] - Attribute 'value' of object 'Object Repository/Employee-Onboarding/Page_OrangeHRM/input_Employee Full Name_lastName' is: 'Khan'

26-12-2024T18:43:51 - [TEST_STEP][PASSED] - comment("Step 11: Concatenate the first and last names to generate a username"): Step 11: Concatenate the first and last names to generate a username

26-12-2024T18:43:51 - [MESSAGE][INFO] - Step 11: Concatenate the first and last names to generate a username

26-12-2024T18:43:51 - [TEST_STEP][PASSED] - username = firstname + "." + lastname: null

26-12-2024T18:43:51 - [TEST_STEP][PASSED] - comment("Step 12: Set the username field with the generated username"): Step 12: Set the username field with the generated username

26-12-2024T18:43:51 - [MESSAGE][INFO] - Step 12: Set the username field with the generated username

26-12-2024T18:43:51 - [TEST_STEP][PASSED] - setText(findTestObject("Object Repository/Employee-Onboarding/Page_OrangeHRM/input_Username_oxd-input oxd-input--focus"), username): Text 'emily.khan' is set on object 'Object Repository/Employee-Onboarding/Page_OrangeHRM/input_Username_oxd-input oxd-input--focus'

26-12-2024T18:43:52 - [MESSAGE][PASSED] - Text 'emily.khan' is set on object 'Object Repository/Employee-Onboarding/Page_OrangeHRM/input_Username_oxd-input oxd-input--focus'

26-12-2024T18:43:52 - [TEST_STEP][PASSED] - comment("Step 13: Enter an encrypted password into the password field"): Step 13: Enter an encrypted password into the password field

26-12-2024T18:43:52 - [MESSAGE][INFO] - Step 13: Enter an encrypted password into the password field

26-12-2024T18:43:52 - [TEST_STEP][PASSED] - setEncryptedText(findTestObject("Object Repository/Employee-Onboarding/Page_OrangeHRM/input_Password_oxd-input oxd-input--active"), EmployeePassword): Text ****** has been set on object 'Object Repository/Employee-Onboarding/Page_OrangeHRM/input_Password_oxd-input oxd-input--active'

26-12-2024T18:43:52 - [MESSAGE][PASSED] - Text ****** has been set on object 'Object Repository/Employee-Onboarding/Page_OrangeHRM/input_Password_oxd-input oxd-input--active'

26-12-2024T18:43:52 - [TEST_STEP][PASSED] - comment("Step 14: Enter an encrypted password into the confirm password field"): Step 14: Enter an encrypted password into the confirm password field

26-12-2024T18:43:52 - [MESSAGE][INFO] - Step 14: Enter an encrypted password into the confirm password field

26-12-2024T18:43:52 - [TEST_STEP][PASSED] - setEncryptedText(findTestObject("Object Repository/Employee-Onboarding/Page_OrangeHRM/input_Confirm Password_oxd-input oxd-input-_a3aecb"), EmployeePassword): Text ****** has been set on object 'Object Repository/Employee-Onboarding/Page_OrangeHRM/input_Confirm Password_oxd-input oxd-input-_a3aecb'

26-12-2024T18:43:52 - [MESSAGE][PASSED] - Text ****** has been set on object 'Object Repository/Employee-Onboarding/Page_OrangeHRM/input_Confirm Password_oxd-input oxd-input-_a3aecb'

26-12-2024T18:43:52 - [TEST_STEP][PASSED] - comment("Step 15: Click the "Save" button to finalize adding the new employee"): Step 15: Click the "Save" button to finalize adding the new employee

26-12-2024T18:43:52 - [MESSAGE][INFO] - Step 15: Click the "Save" button to finalize adding the new employee

26-12-2024T18:43:52 - [TEST_STEP][PASSED] - click(findTestObject("Object Repository/Employee-Onboarding/Page_OrangeHRM/button_Save")): Object: 'Object Repository/Employee-Onboarding/Page_OrangeHRM/button_Save' is clicked on

26-12-2024T18:43:52 - [MESSAGE][PASSED] - Object: 'Object Repository/Employee-Onboarding/Page_OrangeHRM/button_Save' is clicked on

26-12-2024T18:43:52 - [TEST_STEP][PASSED] - delay(2): Delayed 2 second(s)

26-12-2024T18:43:54 - [MESSAGE][PASSED] - Delayed 2 second(s)]]></system-out>
         <system-err><![CDATA[]]></system-err>
      </testcase>
      <testcase name="Test Cases/Employee_Onboarding/TC_Employee_Onboarding" time="10.936" classname="Test Cases/Employee_Onboarding/TC_Employee_Onboarding" status="PASSED">
         <system-out><![CDATA[26-12-2024T18:43:54 - [TEST_CASE][PASSED] - Test Cases/Employee_Onboarding/TC_Employee_Onboarding: Test Cases/Employee_Onboarding/TC_Employee_Onboarding

26-12-2024T18:43:54 - [TEST_STEP][PASSED] - comment("Step 1: Click on the PIM module link"): Step 1: Click on the PIM module link

26-12-2024T18:43:54 - [MESSAGE][INFO] - Step 1: Click on the PIM module link

26-12-2024T18:43:54 - [TEST_STEP][PASSED] - click(findTestObject("Object Repository/Employee-Onboarding/Page_OrangeHRM/a_PIM")): Object: 'Object Repository/Employee-Onboarding/Page_OrangeHRM/a_PIM' is clicked on

26-12-2024T18:43:56 - [MESSAGE][PASSED] - Object: 'Object Repository/Employee-Onboarding/Page_OrangeHRM/a_PIM' is clicked on

26-12-2024T18:43:56 - [TEST_STEP][PASSED] - comment("Step 2: Click the "Add" button to add a new employee"): Step 2: Click the "Add" button to add a new employee

26-12-2024T18:43:56 - [MESSAGE][INFO] - Step 2: Click the "Add" button to add a new employee

26-12-2024T18:43:56 - [TEST_STEP][PASSED] - click(findTestObject("Object Repository/Employee-Onboarding/Page_OrangeHRM/button_Add")): Object: 'Object Repository/Employee-Onboarding/Page_OrangeHRM/button_Add' is clicked on

26-12-2024T18:43:58 - [MESSAGE][PASSED] - Object: 'Object Repository/Employee-Onboarding/Page_OrangeHRM/button_Add' is clicked on

26-12-2024T18:43:58 - [TEST_STEP][PASSED] - comment("Step 3: Focus on the "First Name" input field"): Step 3: Focus on the "First Name" input field

26-12-2024T18:43:58 - [MESSAGE][INFO] - Step 3: Focus on the "First Name" input field

26-12-2024T18:43:58 - [TEST_STEP][PASSED] - click(findTestObject("Object Repository/Employee-Onboarding/Page_OrangeHRM/input_Employee Full Name_firstName")): Object: 'Object Repository/Employee-Onboarding/Page_OrangeHRM/input_Employee Full Name_firstName' is clicked on

26-12-2024T18:43:59 - [MESSAGE][PASSED] - Object: 'Object Repository/Employee-Onboarding/Page_OrangeHRM/input_Employee Full Name_firstName' is clicked on

26-12-2024T18:43:59 - [TEST_STEP][PASSED] - comment("Step 4: Enter the employee's first name"): Step 4: Enter the employee's first name

26-12-2024T18:43:59 - [MESSAGE][INFO] - Step 4: Enter the employee's first name

26-12-2024T18:43:59 - [TEST_STEP][PASSED] - setText(findTestObject("Object Repository/Employee-Onboarding/Page_OrangeHRM/input_Employee Full Name_firstName"), Firstname): Text 'Sierra' is set on object 'Object Repository/Employee-Onboarding/Page_OrangeHRM/input_Employee Full Name_firstName'

26-12-2024T18:44:00 - [MESSAGE][PASSED] - Text 'Sierra' is set on object 'Object Repository/Employee-Onboarding/Page_OrangeHRM/input_Employee Full Name_firstName'

26-12-2024T18:44:00 - [TEST_STEP][PASSED] - comment("Step 5: Enter the employee's last name"): Step 5: Enter the employee's last name

26-12-2024T18:44:00 - [MESSAGE][INFO] - Step 5: Enter the employee's last name

26-12-2024T18:44:00 - [TEST_STEP][PASSED] - setText(findTestObject("Object Repository/Employee-Onboarding/Page_OrangeHRM/input_Employee Full Name_lastName"), Lastname): Text 'Bridges' is set on object 'Object Repository/Employee-Onboarding/Page_OrangeHRM/input_Employee Full Name_lastName'

26-12-2024T18:44:00 - [MESSAGE][PASSED] - Text 'Bridges' is set on object 'Object Repository/Employee-Onboarding/Page_OrangeHRM/input_Employee Full Name_lastName'

26-12-2024T18:44:00 - [TEST_STEP][PASSED] - comment("Step 6: Clear the default value in the "Employee ID" field"): Step 6: Clear the default value in the "Employee ID" field

26-12-2024T18:44:00 - [MESSAGE][INFO] - Step 6: Clear the default value in the "Employee ID" field

26-12-2024T18:44:00 - [TEST_STEP][PASSED] - clearText(findTestObject("Object Repository/Employee-Onboarding/Page_OrangeHRM/input_Employee Id_oxd-input oxd-input--focus")): Text of object 'Object Repository/Employee-Onboarding/Page_OrangeHRM/input_Employee Id_oxd-input oxd-input--focus' is cleared

26-12-2024T18:44:01 - [MESSAGE][PASSED] - Text of object 'Object Repository/Employee-Onboarding/Page_OrangeHRM/input_Employee Id_oxd-input oxd-input--focus' is cleared

26-12-2024T18:44:01 - [TEST_STEP][PASSED] - comment("Step 7: Set the employee ID field with a new value"): Step 7: Set the employee ID field with a new value

26-12-2024T18:44:01 - [MESSAGE][INFO] - Step 7: Set the employee ID field with a new value

26-12-2024T18:44:01 - [TEST_STEP][PASSED] - setText(findTestObject("Object Repository/Employee-Onboarding/Page_OrangeHRM/input_Employee Id_oxd-input oxd-input--focus"), ""): Text '' is set on object 'Object Repository/Employee-Onboarding/Page_OrangeHRM/input_Employee Id_oxd-input oxd-input--focus'

26-12-2024T18:44:01 - [MESSAGE][PASSED] - Text '' is set on object 'Object Repository/Employee-Onboarding/Page_OrangeHRM/input_Employee Id_oxd-input oxd-input--focus'

26-12-2024T18:44:01 - [TEST_STEP][PASSED] - comment("Step 8: Toggle the switch related to the Employee ID"): Step 8: Toggle the switch related to the Employee ID

26-12-2024T18:44:01 - [MESSAGE][INFO] - Step 8: Toggle the switch related to the Employee ID

26-12-2024T18:44:01 - [TEST_STEP][PASSED] - click(findTestObject("Object Repository/Employee-Onboarding/Page_OrangeHRM/span_Employee Id_oxd-switch-input oxd-switc_efe210")): Object: 'Object Repository/Employee-Onboarding/Page_OrangeHRM/span_Employee Id_oxd-switch-input oxd-switc_efe210' is clicked on

26-12-2024T18:44:01 - [MESSAGE][PASSED] - Object: 'Object Repository/Employee-Onboarding/Page_OrangeHRM/span_Employee Id_oxd-switch-input oxd-switc_efe210' is clicked on

26-12-2024T18:44:01 - [TEST_STEP][PASSED] - comment("Step 9: Retrieve the entered first name and convert it to lowercase"): Step 9: Retrieve the entered first name and convert it to lowercase

26-12-2024T18:44:01 - [MESSAGE][INFO] - Step 9: Retrieve the entered first name and convert it to lowercase

26-12-2024T18:44:01 - [TEST_STEP][PASSED] - firstname = getAttribute(findTestObject("Object Repository/Employee-Onboarding/Page_OrangeHRM/input_Employee Full Name_firstName"), "value").toLowerCase(): Attribute 'value' of object 'Object Repository/Employee-Onboarding/Page_OrangeHRM/input_Employee Full Name_firstName' is: 'Sierra'

26-12-2024T18:44:02 - [MESSAGE][PASSED] - Attribute 'value' of object 'Object Repository/Employee-Onboarding/Page_OrangeHRM/input_Employee Full Name_firstName' is: 'Sierra'

26-12-2024T18:44:02 - [TEST_STEP][PASSED] - comment("Step 10: Retrieve the entered last name and convert it to lowercase"): Step 10: Retrieve the entered last name and convert it to lowercase

26-12-2024T18:44:02 - [MESSAGE][INFO] - Step 10: Retrieve the entered last name and convert it to lowercase

26-12-2024T18:44:02 - [TEST_STEP][PASSED] - lastname = getAttribute(findTestObject("Object Repository/Employee-Onboarding/Page_OrangeHRM/input_Employee Full Name_lastName"), "value").toLowerCase(): Attribute 'value' of object 'Object Repository/Employee-Onboarding/Page_OrangeHRM/input_Employee Full Name_lastName' is: 'Bridges'

26-12-2024T18:44:02 - [MESSAGE][PASSED] - Attribute 'value' of object 'Object Repository/Employee-Onboarding/Page_OrangeHRM/input_Employee Full Name_lastName' is: 'Bridges'

26-12-2024T18:44:02 - [TEST_STEP][PASSED] - comment("Step 11: Concatenate the first and last names to generate a username"): Step 11: Concatenate the first and last names to generate a username

26-12-2024T18:44:02 - [MESSAGE][INFO] - Step 11: Concatenate the first and last names to generate a username

26-12-2024T18:44:02 - [TEST_STEP][PASSED] - username = firstname + "." + lastname: null

26-12-2024T18:44:02 - [TEST_STEP][PASSED] - comment("Step 12: Set the username field with the generated username"): Step 12: Set the username field with the generated username

26-12-2024T18:44:02 - [MESSAGE][INFO] - Step 12: Set the username field with the generated username

26-12-2024T18:44:02 - [TEST_STEP][PASSED] - setText(findTestObject("Object Repository/Employee-Onboarding/Page_OrangeHRM/input_Username_oxd-input oxd-input--focus"), username): Text 'sierra.bridges' is set on object 'Object Repository/Employee-Onboarding/Page_OrangeHRM/input_Username_oxd-input oxd-input--focus'

26-12-2024T18:44:02 - [MESSAGE][PASSED] - Text 'sierra.bridges' is set on object 'Object Repository/Employee-Onboarding/Page_OrangeHRM/input_Username_oxd-input oxd-input--focus'

26-12-2024T18:44:02 - [TEST_STEP][PASSED] - comment("Step 13: Enter an encrypted password into the password field"): Step 13: Enter an encrypted password into the password field

26-12-2024T18:44:02 - [MESSAGE][INFO] - Step 13: Enter an encrypted password into the password field

26-12-2024T18:44:02 - [TEST_STEP][PASSED] - setEncryptedText(findTestObject("Object Repository/Employee-Onboarding/Page_OrangeHRM/input_Password_oxd-input oxd-input--active"), EmployeePassword): Text ****** has been set on object 'Object Repository/Employee-Onboarding/Page_OrangeHRM/input_Password_oxd-input oxd-input--active'

26-12-2024T18:44:03 - [MESSAGE][PASSED] - Text ****** has been set on object 'Object Repository/Employee-Onboarding/Page_OrangeHRM/input_Password_oxd-input oxd-input--active'

26-12-2024T18:44:03 - [TEST_STEP][PASSED] - comment("Step 14: Enter an encrypted password into the confirm password field"): Step 14: Enter an encrypted password into the confirm password field

26-12-2024T18:44:03 - [MESSAGE][INFO] - Step 14: Enter an encrypted password into the confirm password field

26-12-2024T18:44:03 - [TEST_STEP][PASSED] - setEncryptedText(findTestObject("Object Repository/Employee-Onboarding/Page_OrangeHRM/input_Confirm Password_oxd-input oxd-input-_a3aecb"), EmployeePassword): Text ****** has been set on object 'Object Repository/Employee-Onboarding/Page_OrangeHRM/input_Confirm Password_oxd-input oxd-input-_a3aecb'

26-12-2024T18:44:03 - [MESSAGE][PASSED] - Text ****** has been set on object 'Object Repository/Employee-Onboarding/Page_OrangeHRM/input_Confirm Password_oxd-input oxd-input-_a3aecb'

26-12-2024T18:44:03 - [TEST_STEP][PASSED] - comment("Step 15: Click the "Save" button to finalize adding the new employee"): Step 15: Click the "Save" button to finalize adding the new employee

26-12-2024T18:44:03 - [MESSAGE][INFO] - Step 15: Click the "Save" button to finalize adding the new employee

26-12-2024T18:44:03 - [TEST_STEP][PASSED] - click(findTestObject("Object Repository/Employee-Onboarding/Page_OrangeHRM/button_Save")): Object: 'Object Repository/Employee-Onboarding/Page_OrangeHRM/button_Save' is clicked on

26-12-2024T18:44:03 - [MESSAGE][PASSED] - Object: 'Object Repository/Employee-Onboarding/Page_OrangeHRM/button_Save' is clicked on

26-12-2024T18:44:03 - [TEST_STEP][PASSED] - delay(2): Delayed 2 second(s)

26-12-2024T18:44:05 - [MESSAGE][PASSED] - Delayed 2 second(s)]]></system-out>
         <system-err><![CDATA[]]></system-err>
      </testcase>
      <testcase name="Test Cases/Employee_Onboarding/TC_Employee_Onboarding" time="11.013" classname="Test Cases/Employee_Onboarding/TC_Employee_Onboarding" status="PASSED">
         <system-out><![CDATA[26-12-2024T18:44:05 - [TEST_CASE][PASSED] - Test Cases/Employee_Onboarding/TC_Employee_Onboarding: Test Cases/Employee_Onboarding/TC_Employee_Onboarding

26-12-2024T18:44:05 - [TEST_STEP][PASSED] - comment("Step 1: Click on the PIM module link"): Step 1: Click on the PIM module link

26-12-2024T18:44:05 - [MESSAGE][INFO] - Step 1: Click on the PIM module link

26-12-2024T18:44:05 - [TEST_STEP][PASSED] - click(findTestObject("Object Repository/Employee-Onboarding/Page_OrangeHRM/a_PIM")): Object: 'Object Repository/Employee-Onboarding/Page_OrangeHRM/a_PIM' is clicked on

26-12-2024T18:44:07 - [MESSAGE][PASSED] - Object: 'Object Repository/Employee-Onboarding/Page_OrangeHRM/a_PIM' is clicked on

26-12-2024T18:44:07 - [TEST_STEP][PASSED] - comment("Step 2: Click the "Add" button to add a new employee"): Step 2: Click the "Add" button to add a new employee

26-12-2024T18:44:07 - [MESSAGE][INFO] - Step 2: Click the "Add" button to add a new employee

26-12-2024T18:44:07 - [TEST_STEP][PASSED] - click(findTestObject("Object Repository/Employee-Onboarding/Page_OrangeHRM/button_Add")): Object: 'Object Repository/Employee-Onboarding/Page_OrangeHRM/button_Add' is clicked on

26-12-2024T18:44:09 - [MESSAGE][PASSED] - Object: 'Object Repository/Employee-Onboarding/Page_OrangeHRM/button_Add' is clicked on

26-12-2024T18:44:09 - [TEST_STEP][PASSED] - comment("Step 3: Focus on the "First Name" input field"): Step 3: Focus on the "First Name" input field

26-12-2024T18:44:09 - [MESSAGE][INFO] - Step 3: Focus on the "First Name" input field

26-12-2024T18:44:09 - [TEST_STEP][PASSED] - click(findTestObject("Object Repository/Employee-Onboarding/Page_OrangeHRM/input_Employee Full Name_firstName")): Object: 'Object Repository/Employee-Onboarding/Page_OrangeHRM/input_Employee Full Name_firstName' is clicked on

26-12-2024T18:44:10 - [MESSAGE][PASSED] - Object: 'Object Repository/Employee-Onboarding/Page_OrangeHRM/input_Employee Full Name_firstName' is clicked on

26-12-2024T18:44:10 - [TEST_STEP][PASSED] - comment("Step 4: Enter the employee's first name"): Step 4: Enter the employee's first name

26-12-2024T18:44:10 - [MESSAGE][INFO] - Step 4: Enter the employee's first name

26-12-2024T18:44:10 - [TEST_STEP][PASSED] - setText(findTestObject("Object Repository/Employee-Onboarding/Page_OrangeHRM/input_Employee Full Name_firstName"), Firstname): Text 'Danielle' is set on object 'Object Repository/Employee-Onboarding/Page_OrangeHRM/input_Employee Full Name_firstName'

26-12-2024T18:44:11 - [MESSAGE][PASSED] - Text 'Danielle' is set on object 'Object Repository/Employee-Onboarding/Page_OrangeHRM/input_Employee Full Name_firstName'

26-12-2024T18:44:11 - [TEST_STEP][PASSED] - comment("Step 5: Enter the employee's last name"): Step 5: Enter the employee's last name

26-12-2024T18:44:11 - [MESSAGE][INFO] - Step 5: Enter the employee's last name

26-12-2024T18:44:11 - [TEST_STEP][PASSED] - setText(findTestObject("Object Repository/Employee-Onboarding/Page_OrangeHRM/input_Employee Full Name_lastName"), Lastname): Text 'Dyer' is set on object 'Object Repository/Employee-Onboarding/Page_OrangeHRM/input_Employee Full Name_lastName'

26-12-2024T18:44:11 - [MESSAGE][PASSED] - Text 'Dyer' is set on object 'Object Repository/Employee-Onboarding/Page_OrangeHRM/input_Employee Full Name_lastName'

26-12-2024T18:44:11 - [TEST_STEP][PASSED] - comment("Step 6: Clear the default value in the "Employee ID" field"): Step 6: Clear the default value in the "Employee ID" field

26-12-2024T18:44:11 - [MESSAGE][INFO] - Step 6: Clear the default value in the "Employee ID" field

26-12-2024T18:44:11 - [TEST_STEP][PASSED] - clearText(findTestObject("Object Repository/Employee-Onboarding/Page_OrangeHRM/input_Employee Id_oxd-input oxd-input--focus")): Text of object 'Object Repository/Employee-Onboarding/Page_OrangeHRM/input_Employee Id_oxd-input oxd-input--focus' is cleared

26-12-2024T18:44:12 - [MESSAGE][PASSED] - Text of object 'Object Repository/Employee-Onboarding/Page_OrangeHRM/input_Employee Id_oxd-input oxd-input--focus' is cleared

26-12-2024T18:44:12 - [TEST_STEP][PASSED] - comment("Step 7: Set the employee ID field with a new value"): Step 7: Set the employee ID field with a new value

26-12-2024T18:44:12 - [MESSAGE][INFO] - Step 7: Set the employee ID field with a new value

26-12-2024T18:44:12 - [TEST_STEP][PASSED] - setText(findTestObject("Object Repository/Employee-Onboarding/Page_OrangeHRM/input_Employee Id_oxd-input oxd-input--focus"), ""): Text '' is set on object 'Object Repository/Employee-Onboarding/Page_OrangeHRM/input_Employee Id_oxd-input oxd-input--focus'

26-12-2024T18:44:12 - [MESSAGE][PASSED] - Text '' is set on object 'Object Repository/Employee-Onboarding/Page_OrangeHRM/input_Employee Id_oxd-input oxd-input--focus'

26-12-2024T18:44:12 - [TEST_STEP][PASSED] - comment("Step 8: Toggle the switch related to the Employee ID"): Step 8: Toggle the switch related to the Employee ID

26-12-2024T18:44:12 - [MESSAGE][INFO] - Step 8: Toggle the switch related to the Employee ID

26-12-2024T18:44:12 - [TEST_STEP][PASSED] - click(findTestObject("Object Repository/Employee-Onboarding/Page_OrangeHRM/span_Employee Id_oxd-switch-input oxd-switc_efe210")): Object: 'Object Repository/Employee-Onboarding/Page_OrangeHRM/span_Employee Id_oxd-switch-input oxd-switc_efe210' is clicked on

26-12-2024T18:44:12 - [MESSAGE][PASSED] - Object: 'Object Repository/Employee-Onboarding/Page_OrangeHRM/span_Employee Id_oxd-switch-input oxd-switc_efe210' is clicked on

26-12-2024T18:44:12 - [TEST_STEP][PASSED] - comment("Step 9: Retrieve the entered first name and convert it to lowercase"): Step 9: Retrieve the entered first name and convert it to lowercase

26-12-2024T18:44:12 - [MESSAGE][INFO] - Step 9: Retrieve the entered first name and convert it to lowercase

26-12-2024T18:44:12 - [TEST_STEP][PASSED] - firstname = getAttribute(findTestObject("Object Repository/Employee-Onboarding/Page_OrangeHRM/input_Employee Full Name_firstName"), "value").toLowerCase(): Attribute 'value' of object 'Object Repository/Employee-Onboarding/Page_OrangeHRM/input_Employee Full Name_firstName' is: 'Danielle'

26-12-2024T18:44:13 - [MESSAGE][PASSED] - Attribute 'value' of object 'Object Repository/Employee-Onboarding/Page_OrangeHRM/input_Employee Full Name_firstName' is: 'Danielle'

26-12-2024T18:44:13 - [TEST_STEP][PASSED] - comment("Step 10: Retrieve the entered last name and convert it to lowercase"): Step 10: Retrieve the entered last name and convert it to lowercase

26-12-2024T18:44:13 - [MESSAGE][INFO] - Step 10: Retrieve the entered last name and convert it to lowercase

26-12-2024T18:44:13 - [TEST_STEP][PASSED] - lastname = getAttribute(findTestObject("Object Repository/Employee-Onboarding/Page_OrangeHRM/input_Employee Full Name_lastName"), "value").toLowerCase(): Attribute 'value' of object 'Object Repository/Employee-Onboarding/Page_OrangeHRM/input_Employee Full Name_lastName' is: 'Dyer'

26-12-2024T18:44:13 - [MESSAGE][PASSED] - Attribute 'value' of object 'Object Repository/Employee-Onboarding/Page_OrangeHRM/input_Employee Full Name_lastName' is: 'Dyer'

26-12-2024T18:44:13 - [TEST_STEP][PASSED] - comment("Step 11: Concatenate the first and last names to generate a username"): Step 11: Concatenate the first and last names to generate a username

26-12-2024T18:44:13 - [MESSAGE][INFO] - Step 11: Concatenate the first and last names to generate a username

26-12-2024T18:44:13 - [TEST_STEP][PASSED] - username = firstname + "." + lastname: null

26-12-2024T18:44:13 - [TEST_STEP][PASSED] - comment("Step 12: Set the username field with the generated username"): Step 12: Set the username field with the generated username

26-12-2024T18:44:13 - [MESSAGE][INFO] - Step 12: Set the username field with the generated username

26-12-2024T18:44:13 - [TEST_STEP][PASSED] - setText(findTestObject("Object Repository/Employee-Onboarding/Page_OrangeHRM/input_Username_oxd-input oxd-input--focus"), username): Text 'danielle.dyer' is set on object 'Object Repository/Employee-Onboarding/Page_OrangeHRM/input_Username_oxd-input oxd-input--focus'

26-12-2024T18:44:14 - [MESSAGE][PASSED] - Text 'danielle.dyer' is set on object 'Object Repository/Employee-Onboarding/Page_OrangeHRM/input_Username_oxd-input oxd-input--focus'

26-12-2024T18:44:14 - [TEST_STEP][PASSED] - comment("Step 13: Enter an encrypted password into the password field"): Step 13: Enter an encrypted password into the password field

26-12-2024T18:44:14 - [MESSAGE][INFO] - Step 13: Enter an encrypted password into the password field

26-12-2024T18:44:14 - [TEST_STEP][PASSED] - setEncryptedText(findTestObject("Object Repository/Employee-Onboarding/Page_OrangeHRM/input_Password_oxd-input oxd-input--active"), EmployeePassword): Text ****** has been set on object 'Object Repository/Employee-Onboarding/Page_OrangeHRM/input_Password_oxd-input oxd-input--active'

26-12-2024T18:44:14 - [MESSAGE][PASSED] - Text ****** has been set on object 'Object Repository/Employee-Onboarding/Page_OrangeHRM/input_Password_oxd-input oxd-input--active'

26-12-2024T18:44:14 - [TEST_STEP][PASSED] - comment("Step 14: Enter an encrypted password into the confirm password field"): Step 14: Enter an encrypted password into the confirm password field

26-12-2024T18:44:14 - [MESSAGE][INFO] - Step 14: Enter an encrypted password into the confirm password field

26-12-2024T18:44:14 - [TEST_STEP][PASSED] - setEncryptedText(findTestObject("Object Repository/Employee-Onboarding/Page_OrangeHRM/input_Confirm Password_oxd-input oxd-input-_a3aecb"), EmployeePassword): Text ****** has been set on object 'Object Repository/Employee-Onboarding/Page_OrangeHRM/input_Confirm Password_oxd-input oxd-input-_a3aecb'

26-12-2024T18:44:14 - [MESSAGE][PASSED] - Text ****** has been set on object 'Object Repository/Employee-Onboarding/Page_OrangeHRM/input_Confirm Password_oxd-input oxd-input-_a3aecb'

26-12-2024T18:44:14 - [TEST_STEP][PASSED] - comment("Step 15: Click the "Save" button to finalize adding the new employee"): Step 15: Click the "Save" button to finalize adding the new employee

26-12-2024T18:44:14 - [MESSAGE][INFO] - Step 15: Click the "Save" button to finalize adding the new employee

26-12-2024T18:44:14 - [TEST_STEP][PASSED] - click(findTestObject("Object Repository/Employee-Onboarding/Page_OrangeHRM/button_Save")): Object: 'Object Repository/Employee-Onboarding/Page_OrangeHRM/button_Save' is clicked on

26-12-2024T18:44:14 - [MESSAGE][PASSED] - Object: 'Object Repository/Employee-Onboarding/Page_OrangeHRM/button_Save' is clicked on

26-12-2024T18:44:14 - [TEST_STEP][PASSED] - delay(2): Delayed 2 second(s)

26-12-2024T18:44:16 - [MESSAGE][PASSED] - Delayed 2 second(s)]]></system-out>
         <system-err><![CDATA[]]></system-err>
      </testcase>
      <testcase name="Test Cases/Employee_Onboarding/TC_Employee_Onboarding" time="11.082" classname="Test Cases/Employee_Onboarding/TC_Employee_Onboarding" status="PASSED">
         <system-out><![CDATA[26-12-2024T18:44:16 - [TEST_CASE][PASSED] - Test Cases/Employee_Onboarding/TC_Employee_Onboarding: Test Cases/Employee_Onboarding/TC_Employee_Onboarding

26-12-2024T18:44:16 - [TEST_STEP][PASSED] - comment("Step 1: Click on the PIM module link"): Step 1: Click on the PIM module link

26-12-2024T18:44:16 - [MESSAGE][INFO] - Step 1: Click on the PIM module link

26-12-2024T18:44:16 - [TEST_STEP][PASSED] - click(findTestObject("Object Repository/Employee-Onboarding/Page_OrangeHRM/a_PIM")): Object: 'Object Repository/Employee-Onboarding/Page_OrangeHRM/a_PIM' is clicked on

26-12-2024T18:44:18 - [MESSAGE][PASSED] - Object: 'Object Repository/Employee-Onboarding/Page_OrangeHRM/a_PIM' is clicked on

26-12-2024T18:44:18 - [TEST_STEP][PASSED] - comment("Step 2: Click the "Add" button to add a new employee"): Step 2: Click the "Add" button to add a new employee

26-12-2024T18:44:18 - [MESSAGE][INFO] - Step 2: Click the "Add" button to add a new employee

26-12-2024T18:44:18 - [TEST_STEP][PASSED] - click(findTestObject("Object Repository/Employee-Onboarding/Page_OrangeHRM/button_Add")): Object: 'Object Repository/Employee-Onboarding/Page_OrangeHRM/button_Add' is clicked on

26-12-2024T18:44:20 - [MESSAGE][PASSED] - Object: 'Object Repository/Employee-Onboarding/Page_OrangeHRM/button_Add' is clicked on

26-12-2024T18:44:20 - [TEST_STEP][PASSED] - comment("Step 3: Focus on the "First Name" input field"): Step 3: Focus on the "First Name" input field

26-12-2024T18:44:20 - [MESSAGE][INFO] - Step 3: Focus on the "First Name" input field

26-12-2024T18:44:20 - [TEST_STEP][PASSED] - click(findTestObject("Object Repository/Employee-Onboarding/Page_OrangeHRM/input_Employee Full Name_firstName")): Object: 'Object Repository/Employee-Onboarding/Page_OrangeHRM/input_Employee Full Name_firstName' is clicked on

26-12-2024T18:44:21 - [MESSAGE][PASSED] - Object: 'Object Repository/Employee-Onboarding/Page_OrangeHRM/input_Employee Full Name_firstName' is clicked on

26-12-2024T18:44:21 - [TEST_STEP][PASSED] - comment("Step 4: Enter the employee's first name"): Step 4: Enter the employee's first name

26-12-2024T18:44:21 - [MESSAGE][INFO] - Step 4: Enter the employee's first name

26-12-2024T18:44:21 - [TEST_STEP][PASSED] - setText(findTestObject("Object Repository/Employee-Onboarding/Page_OrangeHRM/input_Employee Full Name_firstName"), Firstname): Text 'Meghan' is set on object 'Object Repository/Employee-Onboarding/Page_OrangeHRM/input_Employee Full Name_firstName'

26-12-2024T18:44:22 - [MESSAGE][PASSED] - Text 'Meghan' is set on object 'Object Repository/Employee-Onboarding/Page_OrangeHRM/input_Employee Full Name_firstName'

26-12-2024T18:44:22 - [TEST_STEP][PASSED] - comment("Step 5: Enter the employee's last name"): Step 5: Enter the employee's last name

26-12-2024T18:44:22 - [MESSAGE][INFO] - Step 5: Enter the employee's last name

26-12-2024T18:44:22 - [TEST_STEP][PASSED] - setText(findTestObject("Object Repository/Employee-Onboarding/Page_OrangeHRM/input_Employee Full Name_lastName"), Lastname): Text 'Graham' is set on object 'Object Repository/Employee-Onboarding/Page_OrangeHRM/input_Employee Full Name_lastName'

26-12-2024T18:44:22 - [MESSAGE][PASSED] - Text 'Graham' is set on object 'Object Repository/Employee-Onboarding/Page_OrangeHRM/input_Employee Full Name_lastName'

26-12-2024T18:44:22 - [TEST_STEP][PASSED] - comment("Step 6: Clear the default value in the "Employee ID" field"): Step 6: Clear the default value in the "Employee ID" field

26-12-2024T18:44:22 - [MESSAGE][INFO] - Step 6: Clear the default value in the "Employee ID" field

26-12-2024T18:44:22 - [TEST_STEP][PASSED] - clearText(findTestObject("Object Repository/Employee-Onboarding/Page_OrangeHRM/input_Employee Id_oxd-input oxd-input--focus")): Text of object 'Object Repository/Employee-Onboarding/Page_OrangeHRM/input_Employee Id_oxd-input oxd-input--focus' is cleared

26-12-2024T18:44:23 - [MESSAGE][PASSED] - Text of object 'Object Repository/Employee-Onboarding/Page_OrangeHRM/input_Employee Id_oxd-input oxd-input--focus' is cleared

26-12-2024T18:44:23 - [TEST_STEP][PASSED] - comment("Step 7: Set the employee ID field with a new value"): Step 7: Set the employee ID field with a new value

26-12-2024T18:44:23 - [MESSAGE][INFO] - Step 7: Set the employee ID field with a new value

26-12-2024T18:44:23 - [TEST_STEP][PASSED] - setText(findTestObject("Object Repository/Employee-Onboarding/Page_OrangeHRM/input_Employee Id_oxd-input oxd-input--focus"), ""): Text '' is set on object 'Object Repository/Employee-Onboarding/Page_OrangeHRM/input_Employee Id_oxd-input oxd-input--focus'

26-12-2024T18:44:23 - [MESSAGE][PASSED] - Text '' is set on object 'Object Repository/Employee-Onboarding/Page_OrangeHRM/input_Employee Id_oxd-input oxd-input--focus'

26-12-2024T18:44:23 - [TEST_STEP][PASSED] - comment("Step 8: Toggle the switch related to the Employee ID"): Step 8: Toggle the switch related to the Employee ID

26-12-2024T18:44:23 - [MESSAGE][INFO] - Step 8: Toggle the switch related to the Employee ID

26-12-2024T18:44:23 - [TEST_STEP][PASSED] - click(findTestObject("Object Repository/Employee-Onboarding/Page_OrangeHRM/span_Employee Id_oxd-switch-input oxd-switc_efe210")): Object: 'Object Repository/Employee-Onboarding/Page_OrangeHRM/span_Employee Id_oxd-switch-input oxd-switc_efe210' is clicked on

26-12-2024T18:44:23 - [MESSAGE][PASSED] - Object: 'Object Repository/Employee-Onboarding/Page_OrangeHRM/span_Employee Id_oxd-switch-input oxd-switc_efe210' is clicked on

26-12-2024T18:44:23 - [TEST_STEP][PASSED] - comment("Step 9: Retrieve the entered first name and convert it to lowercase"): Step 9: Retrieve the entered first name and convert it to lowercase

26-12-2024T18:44:23 - [MESSAGE][INFO] - Step 9: Retrieve the entered first name and convert it to lowercase

26-12-2024T18:44:23 - [TEST_STEP][PASSED] - firstname = getAttribute(findTestObject("Object Repository/Employee-Onboarding/Page_OrangeHRM/input_Employee Full Name_firstName"), "value").toLowerCase(): Attribute 'value' of object 'Object Repository/Employee-Onboarding/Page_OrangeHRM/input_Employee Full Name_firstName' is: 'Meghan'

26-12-2024T18:44:24 - [MESSAGE][PASSED] - Attribute 'value' of object 'Object Repository/Employee-Onboarding/Page_OrangeHRM/input_Employee Full Name_firstName' is: 'Meghan'

26-12-2024T18:44:24 - [TEST_STEP][PASSED] - comment("Step 10: Retrieve the entered last name and convert it to lowercase"): Step 10: Retrieve the entered last name and convert it to lowercase

26-12-2024T18:44:24 - [MESSAGE][INFO] - Step 10: Retrieve the entered last name and convert it to lowercase

26-12-2024T18:44:24 - [TEST_STEP][PASSED] - lastname = getAttribute(findTestObject("Object Repository/Employee-Onboarding/Page_OrangeHRM/input_Employee Full Name_lastName"), "value").toLowerCase(): Attribute 'value' of object 'Object Repository/Employee-Onboarding/Page_OrangeHRM/input_Employee Full Name_lastName' is: 'Graham'

26-12-2024T18:44:24 - [MESSAGE][PASSED] - Attribute 'value' of object 'Object Repository/Employee-Onboarding/Page_OrangeHRM/input_Employee Full Name_lastName' is: 'Graham'

26-12-2024T18:44:24 - [TEST_STEP][PASSED] - comment("Step 11: Concatenate the first and last names to generate a username"): Step 11: Concatenate the first and last names to generate a username

26-12-2024T18:44:24 - [MESSAGE][INFO] - Step 11: Concatenate the first and last names to generate a username

26-12-2024T18:44:24 - [TEST_STEP][PASSED] - username = firstname + "." + lastname: null

26-12-2024T18:44:24 - [TEST_STEP][PASSED] - comment("Step 12: Set the username field with the generated username"): Step 12: Set the username field with the generated username

26-12-2024T18:44:24 - [MESSAGE][INFO] - Step 12: Set the username field with the generated username

26-12-2024T18:44:24 - [TEST_STEP][PASSED] - setText(findTestObject("Object Repository/Employee-Onboarding/Page_OrangeHRM/input_Username_oxd-input oxd-input--focus"), username): Text 'meghan.graham' is set on object 'Object Repository/Employee-Onboarding/Page_OrangeHRM/input_Username_oxd-input oxd-input--focus'

26-12-2024T18:44:25 - [MESSAGE][PASSED] - Text 'meghan.graham' is set on object 'Object Repository/Employee-Onboarding/Page_OrangeHRM/input_Username_oxd-input oxd-input--focus'

26-12-2024T18:44:25 - [TEST_STEP][PASSED] - comment("Step 13: Enter an encrypted password into the password field"): Step 13: Enter an encrypted password into the password field

26-12-2024T18:44:25 - [MESSAGE][INFO] - Step 13: Enter an encrypted password into the password field

26-12-2024T18:44:25 - [TEST_STEP][PASSED] - setEncryptedText(findTestObject("Object Repository/Employee-Onboarding/Page_OrangeHRM/input_Password_oxd-input oxd-input--active"), EmployeePassword): Text ****** has been set on object 'Object Repository/Employee-Onboarding/Page_OrangeHRM/input_Password_oxd-input oxd-input--active'

26-12-2024T18:44:25 - [MESSAGE][PASSED] - Text ****** has been set on object 'Object Repository/Employee-Onboarding/Page_OrangeHRM/input_Password_oxd-input oxd-input--active'

26-12-2024T18:44:25 - [TEST_STEP][PASSED] - comment("Step 14: Enter an encrypted password into the confirm password field"): Step 14: Enter an encrypted password into the confirm password field

26-12-2024T18:44:25 - [MESSAGE][INFO] - Step 14: Enter an encrypted password into the confirm password field

26-12-2024T18:44:25 - [TEST_STEP][PASSED] - setEncryptedText(findTestObject("Object Repository/Employee-Onboarding/Page_OrangeHRM/input_Confirm Password_oxd-input oxd-input-_a3aecb"), EmployeePassword): Text ****** has been set on object 'Object Repository/Employee-Onboarding/Page_OrangeHRM/input_Confirm Password_oxd-input oxd-input-_a3aecb'

26-12-2024T18:44:25 - [MESSAGE][PASSED] - Text ****** has been set on object 'Object Repository/Employee-Onboarding/Page_OrangeHRM/input_Confirm Password_oxd-input oxd-input-_a3aecb'

26-12-2024T18:44:25 - [TEST_STEP][PASSED] - comment("Step 15: Click the "Save" button to finalize adding the new employee"): Step 15: Click the "Save" button to finalize adding the new employee

26-12-2024T18:44:25 - [MESSAGE][INFO] - Step 15: Click the "Save" button to finalize adding the new employee

26-12-2024T18:44:25 - [TEST_STEP][PASSED] - click(findTestObject("Object Repository/Employee-Onboarding/Page_OrangeHRM/button_Save")): Object: 'Object Repository/Employee-Onboarding/Page_OrangeHRM/button_Save' is clicked on

26-12-2024T18:44:25 - [MESSAGE][PASSED] - Object: 'Object Repository/Employee-Onboarding/Page_OrangeHRM/button_Save' is clicked on

26-12-2024T18:44:25 - [TEST_STEP][PASSED] - delay(2): Delayed 2 second(s)

26-12-2024T18:44:27 - [MESSAGE][PASSED] - Delayed 2 second(s)]]></system-out>
         <system-err><![CDATA[]]></system-err>
      </testcase>
      <testcase name="Test Cases/Employee_Onboarding/TC_Employee_Onboarding" time="11.243" classname="Test Cases/Employee_Onboarding/TC_Employee_Onboarding" status="PASSED">
         <system-out><![CDATA[26-12-2024T18:44:27 - [TEST_CASE][PASSED] - Test Cases/Employee_Onboarding/TC_Employee_Onboarding: Test Cases/Employee_Onboarding/TC_Employee_Onboarding

26-12-2024T18:44:27 - [TEST_STEP][PASSED] - comment("Step 1: Click on the PIM module link"): Step 1: Click on the PIM module link

26-12-2024T18:44:27 - [MESSAGE][INFO] - Step 1: Click on the PIM module link

26-12-2024T18:44:27 - [TEST_STEP][PASSED] - click(findTestObject("Object Repository/Employee-Onboarding/Page_OrangeHRM/a_PIM")): Object: 'Object Repository/Employee-Onboarding/Page_OrangeHRM/a_PIM' is clicked on

26-12-2024T18:44:29 - [MESSAGE][PASSED] - Object: 'Object Repository/Employee-Onboarding/Page_OrangeHRM/a_PIM' is clicked on

26-12-2024T18:44:29 - [TEST_STEP][PASSED] - comment("Step 2: Click the "Add" button to add a new employee"): Step 2: Click the "Add" button to add a new employee

26-12-2024T18:44:29 - [MESSAGE][INFO] - Step 2: Click the "Add" button to add a new employee

26-12-2024T18:44:29 - [TEST_STEP][PASSED] - click(findTestObject("Object Repository/Employee-Onboarding/Page_OrangeHRM/button_Add")): Object: 'Object Repository/Employee-Onboarding/Page_OrangeHRM/button_Add' is clicked on

26-12-2024T18:44:31 - [MESSAGE][PASSED] - Object: 'Object Repository/Employee-Onboarding/Page_OrangeHRM/button_Add' is clicked on

26-12-2024T18:44:31 - [TEST_STEP][PASSED] - comment("Step 3: Focus on the "First Name" input field"): Step 3: Focus on the "First Name" input field

26-12-2024T18:44:31 - [MESSAGE][INFO] - Step 3: Focus on the "First Name" input field

26-12-2024T18:44:31 - [TEST_STEP][PASSED] - click(findTestObject("Object Repository/Employee-Onboarding/Page_OrangeHRM/input_Employee Full Name_firstName")): Object: 'Object Repository/Employee-Onboarding/Page_OrangeHRM/input_Employee Full Name_firstName' is clicked on

26-12-2024T18:44:33 - [MESSAGE][PASSED] - Object: 'Object Repository/Employee-Onboarding/Page_OrangeHRM/input_Employee Full Name_firstName' is clicked on

26-12-2024T18:44:33 - [TEST_STEP][PASSED] - comment("Step 4: Enter the employee's first name"): Step 4: Enter the employee's first name

26-12-2024T18:44:33 - [MESSAGE][INFO] - Step 4: Enter the employee's first name

26-12-2024T18:44:33 - [TEST_STEP][PASSED] - setText(findTestObject("Object Repository/Employee-Onboarding/Page_OrangeHRM/input_Employee Full Name_firstName"), Firstname): Text 'Jeffrey' is set on object 'Object Repository/Employee-Onboarding/Page_OrangeHRM/input_Employee Full Name_firstName'

26-12-2024T18:44:33 - [MESSAGE][PASSED] - Text 'Jeffrey' is set on object 'Object Repository/Employee-Onboarding/Page_OrangeHRM/input_Employee Full Name_firstName'

26-12-2024T18:44:33 - [TEST_STEP][PASSED] - comment("Step 5: Enter the employee's last name"): Step 5: Enter the employee's last name

26-12-2024T18:44:33 - [MESSAGE][INFO] - Step 5: Enter the employee's last name

26-12-2024T18:44:33 - [TEST_STEP][PASSED] - setText(findTestObject("Object Repository/Employee-Onboarding/Page_OrangeHRM/input_Employee Full Name_lastName"), Lastname): Text 'Mejia' is set on object 'Object Repository/Employee-Onboarding/Page_OrangeHRM/input_Employee Full Name_lastName'

26-12-2024T18:44:34 - [MESSAGE][PASSED] - Text 'Mejia' is set on object 'Object Repository/Employee-Onboarding/Page_OrangeHRM/input_Employee Full Name_lastName'

26-12-2024T18:44:34 - [TEST_STEP][PASSED] - comment("Step 6: Clear the default value in the "Employee ID" field"): Step 6: Clear the default value in the "Employee ID" field

26-12-2024T18:44:34 - [MESSAGE][INFO] - Step 6: Clear the default value in the "Employee ID" field

26-12-2024T18:44:34 - [TEST_STEP][PASSED] - clearText(findTestObject("Object Repository/Employee-Onboarding/Page_OrangeHRM/input_Employee Id_oxd-input oxd-input--focus")): Text of object 'Object Repository/Employee-Onboarding/Page_OrangeHRM/input_Employee Id_oxd-input oxd-input--focus' is cleared

26-12-2024T18:44:34 - [MESSAGE][PASSED] - Text of object 'Object Repository/Employee-Onboarding/Page_OrangeHRM/input_Employee Id_oxd-input oxd-input--focus' is cleared

26-12-2024T18:44:34 - [TEST_STEP][PASSED] - comment("Step 7: Set the employee ID field with a new value"): Step 7: Set the employee ID field with a new value

26-12-2024T18:44:34 - [MESSAGE][INFO] - Step 7: Set the employee ID field with a new value

26-12-2024T18:44:34 - [TEST_STEP][PASSED] - setText(findTestObject("Object Repository/Employee-Onboarding/Page_OrangeHRM/input_Employee Id_oxd-input oxd-input--focus"), ""): Text '' is set on object 'Object Repository/Employee-Onboarding/Page_OrangeHRM/input_Employee Id_oxd-input oxd-input--focus'

26-12-2024T18:44:34 - [MESSAGE][PASSED] - Text '' is set on object 'Object Repository/Employee-Onboarding/Page_OrangeHRM/input_Employee Id_oxd-input oxd-input--focus'

26-12-2024T18:44:34 - [TEST_STEP][PASSED] - comment("Step 8: Toggle the switch related to the Employee ID"): Step 8: Toggle the switch related to the Employee ID

26-12-2024T18:44:34 - [MESSAGE][INFO] - Step 8: Toggle the switch related to the Employee ID

26-12-2024T18:44:34 - [TEST_STEP][PASSED] - click(findTestObject("Object Repository/Employee-Onboarding/Page_OrangeHRM/span_Employee Id_oxd-switch-input oxd-switc_efe210")): Object: 'Object Repository/Employee-Onboarding/Page_OrangeHRM/span_Employee Id_oxd-switch-input oxd-switc_efe210' is clicked on

26-12-2024T18:44:35 - [MESSAGE][PASSED] - Object: 'Object Repository/Employee-Onboarding/Page_OrangeHRM/span_Employee Id_oxd-switch-input oxd-switc_efe210' is clicked on

26-12-2024T18:44:35 - [TEST_STEP][PASSED] - comment("Step 9: Retrieve the entered first name and convert it to lowercase"): Step 9: Retrieve the entered first name and convert it to lowercase

26-12-2024T18:44:35 - [MESSAGE][INFO] - Step 9: Retrieve the entered first name and convert it to lowercase

26-12-2024T18:44:35 - [TEST_STEP][PASSED] - firstname = getAttribute(findTestObject("Object Repository/Employee-Onboarding/Page_OrangeHRM/input_Employee Full Name_firstName"), "value").toLowerCase(): Attribute 'value' of object 'Object Repository/Employee-Onboarding/Page_OrangeHRM/input_Employee Full Name_firstName' is: 'Jeffrey'

26-12-2024T18:44:35 - [MESSAGE][PASSED] - Attribute 'value' of object 'Object Repository/Employee-Onboarding/Page_OrangeHRM/input_Employee Full Name_firstName' is: 'Jeffrey'

26-12-2024T18:44:35 - [TEST_STEP][PASSED] - comment("Step 10: Retrieve the entered last name and convert it to lowercase"): Step 10: Retrieve the entered last name and convert it to lowercase

26-12-2024T18:44:35 - [MESSAGE][INFO] - Step 10: Retrieve the entered last name and convert it to lowercase

26-12-2024T18:44:35 - [TEST_STEP][PASSED] - lastname = getAttribute(findTestObject("Object Repository/Employee-Onboarding/Page_OrangeHRM/input_Employee Full Name_lastName"), "value").toLowerCase(): Attribute 'value' of object 'Object Repository/Employee-Onboarding/Page_OrangeHRM/input_Employee Full Name_lastName' is: 'Mejia'

26-12-2024T18:44:35 - [MESSAGE][PASSED] - Attribute 'value' of object 'Object Repository/Employee-Onboarding/Page_OrangeHRM/input_Employee Full Name_lastName' is: 'Mejia'

26-12-2024T18:44:35 - [TEST_STEP][PASSED] - comment("Step 11: Concatenate the first and last names to generate a username"): Step 11: Concatenate the first and last names to generate a username

26-12-2024T18:44:35 - [MESSAGE][INFO] - Step 11: Concatenate the first and last names to generate a username

26-12-2024T18:44:35 - [TEST_STEP][PASSED] - username = firstname + "." + lastname: null

26-12-2024T18:44:35 - [TEST_STEP][PASSED] - comment("Step 12: Set the username field with the generated username"): Step 12: Set the username field with the generated username

26-12-2024T18:44:35 - [MESSAGE][INFO] - Step 12: Set the username field with the generated username

26-12-2024T18:44:35 - [TEST_STEP][PASSED] - setText(findTestObject("Object Repository/Employee-Onboarding/Page_OrangeHRM/input_Username_oxd-input oxd-input--focus"), username): Text 'jeffrey.mejia' is set on object 'Object Repository/Employee-Onboarding/Page_OrangeHRM/input_Username_oxd-input oxd-input--focus'

26-12-2024T18:44:36 - [MESSAGE][PASSED] - Text 'jeffrey.mejia' is set on object 'Object Repository/Employee-Onboarding/Page_OrangeHRM/input_Username_oxd-input oxd-input--focus'

26-12-2024T18:44:36 - [TEST_STEP][PASSED] - comment("Step 13: Enter an encrypted password into the password field"): Step 13: Enter an encrypted password into the password field

26-12-2024T18:44:36 - [MESSAGE][INFO] - Step 13: Enter an encrypted password into the password field

26-12-2024T18:44:36 - [TEST_STEP][PASSED] - setEncryptedText(findTestObject("Object Repository/Employee-Onboarding/Page_OrangeHRM/input_Password_oxd-input oxd-input--active"), EmployeePassword): Text ****** has been set on object 'Object Repository/Employee-Onboarding/Page_OrangeHRM/input_Password_oxd-input oxd-input--active'

26-12-2024T18:44:36 - [MESSAGE][PASSED] - Text ****** has been set on object 'Object Repository/Employee-Onboarding/Page_OrangeHRM/input_Password_oxd-input oxd-input--active'

26-12-2024T18:44:36 - [TEST_STEP][PASSED] - comment("Step 14: Enter an encrypted password into the confirm password field"): Step 14: Enter an encrypted password into the confirm password field

26-12-2024T18:44:36 - [MESSAGE][INFO] - Step 14: Enter an encrypted password into the confirm password field

26-12-2024T18:44:36 - [TEST_STEP][PASSED] - setEncryptedText(findTestObject("Object Repository/Employee-Onboarding/Page_OrangeHRM/input_Confirm Password_oxd-input oxd-input-_a3aecb"), EmployeePassword): Text ****** has been set on object 'Object Repository/Employee-Onboarding/Page_OrangeHRM/input_Confirm Password_oxd-input oxd-input-_a3aecb'

26-12-2024T18:44:37 - [MESSAGE][PASSED] - Text ****** has been set on object 'Object Repository/Employee-Onboarding/Page_OrangeHRM/input_Confirm Password_oxd-input oxd-input-_a3aecb'

26-12-2024T18:44:37 - [TEST_STEP][PASSED] - comment("Step 15: Click the "Save" button to finalize adding the new employee"): Step 15: Click the "Save" button to finalize adding the new employee

26-12-2024T18:44:37 - [MESSAGE][INFO] - Step 15: Click the "Save" button to finalize adding the new employee

26-12-2024T18:44:37 - [TEST_STEP][PASSED] - click(findTestObject("Object Repository/Employee-Onboarding/Page_OrangeHRM/button_Save")): Object: 'Object Repository/Employee-Onboarding/Page_OrangeHRM/button_Save' is clicked on

26-12-2024T18:44:37 - [MESSAGE][PASSED] - Object: 'Object Repository/Employee-Onboarding/Page_OrangeHRM/button_Save' is clicked on

26-12-2024T18:44:37 - [TEST_STEP][PASSED] - delay(2): Delayed 2 second(s)

26-12-2024T18:44:39 - [MESSAGE][PASSED] - Delayed 2 second(s)]]></system-out>
         <system-err><![CDATA[]]></system-err>
      </testcase>
      <testcase name="Test Cases/Employee_Onboarding/TC_Employee_Onboarding" time="11.44" classname="Test Cases/Employee_Onboarding/TC_Employee_Onboarding" status="PASSED">
         <system-out><![CDATA[26-12-2024T18:44:39 - [TEST_CASE][PASSED] - Test Cases/Employee_Onboarding/TC_Employee_Onboarding: Test Cases/Employee_Onboarding/TC_Employee_Onboarding

26-12-2024T18:44:39 - [TEST_STEP][PASSED] - comment("Step 1: Click on the PIM module link"): Step 1: Click on the PIM module link

26-12-2024T18:44:39 - [MESSAGE][INFO] - Step 1: Click on the PIM module link

26-12-2024T18:44:39 - [TEST_STEP][PASSED] - click(findTestObject("Object Repository/Employee-Onboarding/Page_OrangeHRM/a_PIM")): Object: 'Object Repository/Employee-Onboarding/Page_OrangeHRM/a_PIM' is clicked on

26-12-2024T18:44:41 - [MESSAGE][PASSED] - Object: 'Object Repository/Employee-Onboarding/Page_OrangeHRM/a_PIM' is clicked on

26-12-2024T18:44:41 - [TEST_STEP][PASSED] - comment("Step 2: Click the "Add" button to add a new employee"): Step 2: Click the "Add" button to add a new employee

26-12-2024T18:44:41 - [MESSAGE][INFO] - Step 2: Click the "Add" button to add a new employee

26-12-2024T18:44:41 - [TEST_STEP][PASSED] - click(findTestObject("Object Repository/Employee-Onboarding/Page_OrangeHRM/button_Add")): Object: 'Object Repository/Employee-Onboarding/Page_OrangeHRM/button_Add' is clicked on

26-12-2024T18:44:43 - [MESSAGE][PASSED] - Object: 'Object Repository/Employee-Onboarding/Page_OrangeHRM/button_Add' is clicked on

26-12-2024T18:44:43 - [TEST_STEP][PASSED] - comment("Step 3: Focus on the "First Name" input field"): Step 3: Focus on the "First Name" input field

26-12-2024T18:44:43 - [MESSAGE][INFO] - Step 3: Focus on the "First Name" input field

26-12-2024T18:44:43 - [TEST_STEP][PASSED] - click(findTestObject("Object Repository/Employee-Onboarding/Page_OrangeHRM/input_Employee Full Name_firstName")): Object: 'Object Repository/Employee-Onboarding/Page_OrangeHRM/input_Employee Full Name_firstName' is clicked on

26-12-2024T18:44:44 - [MESSAGE][PASSED] - Object: 'Object Repository/Employee-Onboarding/Page_OrangeHRM/input_Employee Full Name_firstName' is clicked on

26-12-2024T18:44:44 - [TEST_STEP][PASSED] - comment("Step 4: Enter the employee's first name"): Step 4: Enter the employee's first name

26-12-2024T18:44:44 - [MESSAGE][INFO] - Step 4: Enter the employee's first name

26-12-2024T18:44:44 - [TEST_STEP][PASSED] - setText(findTestObject("Object Repository/Employee-Onboarding/Page_OrangeHRM/input_Employee Full Name_firstName"), Firstname): Text 'John' is set on object 'Object Repository/Employee-Onboarding/Page_OrangeHRM/input_Employee Full Name_firstName'

26-12-2024T18:44:45 - [MESSAGE][PASSED] - Text 'John' is set on object 'Object Repository/Employee-Onboarding/Page_OrangeHRM/input_Employee Full Name_firstName'

26-12-2024T18:44:45 - [TEST_STEP][PASSED] - comment("Step 5: Enter the employee's last name"): Step 5: Enter the employee's last name

26-12-2024T18:44:45 - [MESSAGE][INFO] - Step 5: Enter the employee's last name

26-12-2024T18:44:45 - [TEST_STEP][PASSED] - setText(findTestObject("Object Repository/Employee-Onboarding/Page_OrangeHRM/input_Employee Full Name_lastName"), Lastname): Text 'Neal' is set on object 'Object Repository/Employee-Onboarding/Page_OrangeHRM/input_Employee Full Name_lastName'

26-12-2024T18:44:45 - [MESSAGE][PASSED] - Text 'Neal' is set on object 'Object Repository/Employee-Onboarding/Page_OrangeHRM/input_Employee Full Name_lastName'

26-12-2024T18:44:45 - [TEST_STEP][PASSED] - comment("Step 6: Clear the default value in the "Employee ID" field"): Step 6: Clear the default value in the "Employee ID" field

26-12-2024T18:44:45 - [MESSAGE][INFO] - Step 6: Clear the default value in the "Employee ID" field

26-12-2024T18:44:45 - [TEST_STEP][PASSED] - clearText(findTestObject("Object Repository/Employee-Onboarding/Page_OrangeHRM/input_Employee Id_oxd-input oxd-input--focus")): Text of object 'Object Repository/Employee-Onboarding/Page_OrangeHRM/input_Employee Id_oxd-input oxd-input--focus' is cleared

26-12-2024T18:44:45 - [MESSAGE][PASSED] - Text of object 'Object Repository/Employee-Onboarding/Page_OrangeHRM/input_Employee Id_oxd-input oxd-input--focus' is cleared

26-12-2024T18:44:45 - [TEST_STEP][PASSED] - comment("Step 7: Set the employee ID field with a new value"): Step 7: Set the employee ID field with a new value

26-12-2024T18:44:45 - [MESSAGE][INFO] - Step 7: Set the employee ID field with a new value

26-12-2024T18:44:45 - [TEST_STEP][PASSED] - setText(findTestObject("Object Repository/Employee-Onboarding/Page_OrangeHRM/input_Employee Id_oxd-input oxd-input--focus"), ""): Text '' is set on object 'Object Repository/Employee-Onboarding/Page_OrangeHRM/input_Employee Id_oxd-input oxd-input--focus'

26-12-2024T18:44:46 - [MESSAGE][PASSED] - Text '' is set on object 'Object Repository/Employee-Onboarding/Page_OrangeHRM/input_Employee Id_oxd-input oxd-input--focus'

26-12-2024T18:44:46 - [TEST_STEP][PASSED] - comment("Step 8: Toggle the switch related to the Employee ID"): Step 8: Toggle the switch related to the Employee ID

26-12-2024T18:44:46 - [MESSAGE][INFO] - Step 8: Toggle the switch related to the Employee ID

26-12-2024T18:44:46 - [TEST_STEP][PASSED] - click(findTestObject("Object Repository/Employee-Onboarding/Page_OrangeHRM/span_Employee Id_oxd-switch-input oxd-switc_efe210")): Object: 'Object Repository/Employee-Onboarding/Page_OrangeHRM/span_Employee Id_oxd-switch-input oxd-switc_efe210' is clicked on

26-12-2024T18:44:46 - [MESSAGE][PASSED] - Object: 'Object Repository/Employee-Onboarding/Page_OrangeHRM/span_Employee Id_oxd-switch-input oxd-switc_efe210' is clicked on

26-12-2024T18:44:46 - [TEST_STEP][PASSED] - comment("Step 9: Retrieve the entered first name and convert it to lowercase"): Step 9: Retrieve the entered first name and convert it to lowercase

26-12-2024T18:44:46 - [MESSAGE][INFO] - Step 9: Retrieve the entered first name and convert it to lowercase

26-12-2024T18:44:46 - [TEST_STEP][PASSED] - firstname = getAttribute(findTestObject("Object Repository/Employee-Onboarding/Page_OrangeHRM/input_Employee Full Name_firstName"), "value").toLowerCase(): Attribute 'value' of object 'Object Repository/Employee-Onboarding/Page_OrangeHRM/input_Employee Full Name_firstName' is: 'John'

26-12-2024T18:44:47 - [MESSAGE][PASSED] - Attribute 'value' of object 'Object Repository/Employee-Onboarding/Page_OrangeHRM/input_Employee Full Name_firstName' is: 'John'

26-12-2024T18:44:47 - [TEST_STEP][PASSED] - comment("Step 10: Retrieve the entered last name and convert it to lowercase"): Step 10: Retrieve the entered last name and convert it to lowercase

26-12-2024T18:44:47 - [MESSAGE][INFO] - Step 10: Retrieve the entered last name and convert it to lowercase

26-12-2024T18:44:47 - [TEST_STEP][PASSED] - lastname = getAttribute(findTestObject("Object Repository/Employee-Onboarding/Page_OrangeHRM/input_Employee Full Name_lastName"), "value").toLowerCase(): Attribute 'value' of object 'Object Repository/Employee-Onboarding/Page_OrangeHRM/input_Employee Full Name_lastName' is: 'Neal'

26-12-2024T18:44:47 - [MESSAGE][PASSED] - Attribute 'value' of object 'Object Repository/Employee-Onboarding/Page_OrangeHRM/input_Employee Full Name_lastName' is: 'Neal'

26-12-2024T18:44:47 - [TEST_STEP][PASSED] - comment("Step 11: Concatenate the first and last names to generate a username"): Step 11: Concatenate the first and last names to generate a username

26-12-2024T18:44:47 - [MESSAGE][INFO] - Step 11: Concatenate the first and last names to generate a username

26-12-2024T18:44:47 - [TEST_STEP][PASSED] - username = firstname + "." + lastname: null

26-12-2024T18:44:47 - [TEST_STEP][PASSED] - comment("Step 12: Set the username field with the generated username"): Step 12: Set the username field with the generated username

26-12-2024T18:44:47 - [MESSAGE][INFO] - Step 12: Set the username field with the generated username

26-12-2024T18:44:47 - [TEST_STEP][PASSED] - setText(findTestObject("Object Repository/Employee-Onboarding/Page_OrangeHRM/input_Username_oxd-input oxd-input--focus"), username): Text 'john.neal' is set on object 'Object Repository/Employee-Onboarding/Page_OrangeHRM/input_Username_oxd-input oxd-input--focus'

26-12-2024T18:44:47 - [MESSAGE][PASSED] - Text 'john.neal' is set on object 'Object Repository/Employee-Onboarding/Page_OrangeHRM/input_Username_oxd-input oxd-input--focus'

26-12-2024T18:44:47 - [TEST_STEP][PASSED] - comment("Step 13: Enter an encrypted password into the password field"): Step 13: Enter an encrypted password into the password field

26-12-2024T18:44:47 - [MESSAGE][INFO] - Step 13: Enter an encrypted password into the password field

26-12-2024T18:44:47 - [TEST_STEP][PASSED] - setEncryptedText(findTestObject("Object Repository/Employee-Onboarding/Page_OrangeHRM/input_Password_oxd-input oxd-input--active"), EmployeePassword): Text ****** has been set on object 'Object Repository/Employee-Onboarding/Page_OrangeHRM/input_Password_oxd-input oxd-input--active'

26-12-2024T18:44:48 - [MESSAGE][PASSED] - Text ****** has been set on object 'Object Repository/Employee-Onboarding/Page_OrangeHRM/input_Password_oxd-input oxd-input--active'

26-12-2024T18:44:48 - [TEST_STEP][PASSED] - comment("Step 14: Enter an encrypted password into the confirm password field"): Step 14: Enter an encrypted password into the confirm password field

26-12-2024T18:44:48 - [MESSAGE][INFO] - Step 14: Enter an encrypted password into the confirm password field

26-12-2024T18:44:48 - [TEST_STEP][PASSED] - setEncryptedText(findTestObject("Object Repository/Employee-Onboarding/Page_OrangeHRM/input_Confirm Password_oxd-input oxd-input-_a3aecb"), EmployeePassword): Text ****** has been set on object 'Object Repository/Employee-Onboarding/Page_OrangeHRM/input_Confirm Password_oxd-input oxd-input-_a3aecb'

26-12-2024T18:44:48 - [MESSAGE][PASSED] - Text ****** has been set on object 'Object Repository/Employee-Onboarding/Page_OrangeHRM/input_Confirm Password_oxd-input oxd-input-_a3aecb'

26-12-2024T18:44:48 - [TEST_STEP][PASSED] - comment("Step 15: Click the "Save" button to finalize adding the new employee"): Step 15: Click the "Save" button to finalize adding the new employee

26-12-2024T18:44:48 - [MESSAGE][INFO] - Step 15: Click the "Save" button to finalize adding the new employee

26-12-2024T18:44:48 - [TEST_STEP][PASSED] - click(findTestObject("Object Repository/Employee-Onboarding/Page_OrangeHRM/button_Save")): Object: 'Object Repository/Employee-Onboarding/Page_OrangeHRM/button_Save' is clicked on

26-12-2024T18:44:48 - [MESSAGE][PASSED] - Object: 'Object Repository/Employee-Onboarding/Page_OrangeHRM/button_Save' is clicked on

26-12-2024T18:44:48 - [TEST_STEP][PASSED] - delay(2): Delayed 2 second(s)

26-12-2024T18:44:50 - [MESSAGE][PASSED] - Delayed 2 second(s)]]></system-out>
         <system-err><![CDATA[]]></system-err>
      </testcase>
      <testcase name="Test Cases/Employee_Onboarding/TC_Employee_Onboarding" time="11.587" classname="Test Cases/Employee_Onboarding/TC_Employee_Onboarding" status="PASSED">
         <system-out><![CDATA[26-12-2024T18:44:50 - [TEST_CASE][PASSED] - Test Cases/Employee_Onboarding/TC_Employee_Onboarding: Test Cases/Employee_Onboarding/TC_Employee_Onboarding

26-12-2024T18:44:50 - [TEST_STEP][PASSED] - comment("Step 1: Click on the PIM module link"): Step 1: Click on the PIM module link

26-12-2024T18:44:50 - [MESSAGE][INFO] - Step 1: Click on the PIM module link

26-12-2024T18:44:50 - [TEST_STEP][PASSED] - click(findTestObject("Object Repository/Employee-Onboarding/Page_OrangeHRM/a_PIM")): Object: 'Object Repository/Employee-Onboarding/Page_OrangeHRM/a_PIM' is clicked on

26-12-2024T18:44:52 - [MESSAGE][PASSED] - Object: 'Object Repository/Employee-Onboarding/Page_OrangeHRM/a_PIM' is clicked on

26-12-2024T18:44:52 - [TEST_STEP][PASSED] - comment("Step 2: Click the "Add" button to add a new employee"): Step 2: Click the "Add" button to add a new employee

26-12-2024T18:44:52 - [MESSAGE][INFO] - Step 2: Click the "Add" button to add a new employee

26-12-2024T18:44:52 - [TEST_STEP][PASSED] - click(findTestObject("Object Repository/Employee-Onboarding/Page_OrangeHRM/button_Add")): Object: 'Object Repository/Employee-Onboarding/Page_OrangeHRM/button_Add' is clicked on

26-12-2024T18:44:54 - [MESSAGE][PASSED] - Object: 'Object Repository/Employee-Onboarding/Page_OrangeHRM/button_Add' is clicked on

26-12-2024T18:44:54 - [TEST_STEP][PASSED] - comment("Step 3: Focus on the "First Name" input field"): Step 3: Focus on the "First Name" input field

26-12-2024T18:44:54 - [MESSAGE][INFO] - Step 3: Focus on the "First Name" input field

26-12-2024T18:44:54 - [TEST_STEP][PASSED] - click(findTestObject("Object Repository/Employee-Onboarding/Page_OrangeHRM/input_Employee Full Name_firstName")): Object: 'Object Repository/Employee-Onboarding/Page_OrangeHRM/input_Employee Full Name_firstName' is clicked on

26-12-2024T18:44:56 - [MESSAGE][PASSED] - Object: 'Object Repository/Employee-Onboarding/Page_OrangeHRM/input_Employee Full Name_firstName' is clicked on

26-12-2024T18:44:56 - [TEST_STEP][PASSED] - comment("Step 4: Enter the employee's first name"): Step 4: Enter the employee's first name

26-12-2024T18:44:56 - [MESSAGE][INFO] - Step 4: Enter the employee's first name

26-12-2024T18:44:56 - [TEST_STEP][PASSED] - setText(findTestObject("Object Repository/Employee-Onboarding/Page_OrangeHRM/input_Employee Full Name_firstName"), Firstname): Text 'Michael' is set on object 'Object Repository/Employee-Onboarding/Page_OrangeHRM/input_Employee Full Name_firstName'

26-12-2024T18:44:56 - [MESSAGE][PASSED] - Text 'Michael' is set on object 'Object Repository/Employee-Onboarding/Page_OrangeHRM/input_Employee Full Name_firstName'

26-12-2024T18:44:56 - [TEST_STEP][PASSED] - comment("Step 5: Enter the employee's last name"): Step 5: Enter the employee's last name

26-12-2024T18:44:56 - [MESSAGE][INFO] - Step 5: Enter the employee's last name

26-12-2024T18:44:56 - [TEST_STEP][PASSED] - setText(findTestObject("Object Repository/Employee-Onboarding/Page_OrangeHRM/input_Employee Full Name_lastName"), Lastname): Text 'Williams' is set on object 'Object Repository/Employee-Onboarding/Page_OrangeHRM/input_Employee Full Name_lastName'

26-12-2024T18:44:57 - [MESSAGE][PASSED] - Text 'Williams' is set on object 'Object Repository/Employee-Onboarding/Page_OrangeHRM/input_Employee Full Name_lastName'

26-12-2024T18:44:57 - [TEST_STEP][PASSED] - comment("Step 6: Clear the default value in the "Employee ID" field"): Step 6: Clear the default value in the "Employee ID" field

26-12-2024T18:44:57 - [MESSAGE][INFO] - Step 6: Clear the default value in the "Employee ID" field

26-12-2024T18:44:57 - [TEST_STEP][PASSED] - clearText(findTestObject("Object Repository/Employee-Onboarding/Page_OrangeHRM/input_Employee Id_oxd-input oxd-input--focus")): Text of object 'Object Repository/Employee-Onboarding/Page_OrangeHRM/input_Employee Id_oxd-input oxd-input--focus' is cleared

26-12-2024T18:44:57 - [MESSAGE][PASSED] - Text of object 'Object Repository/Employee-Onboarding/Page_OrangeHRM/input_Employee Id_oxd-input oxd-input--focus' is cleared

26-12-2024T18:44:57 - [TEST_STEP][PASSED] - comment("Step 7: Set the employee ID field with a new value"): Step 7: Set the employee ID field with a new value

26-12-2024T18:44:57 - [MESSAGE][INFO] - Step 7: Set the employee ID field with a new value

26-12-2024T18:44:57 - [TEST_STEP][PASSED] - setText(findTestObject("Object Repository/Employee-Onboarding/Page_OrangeHRM/input_Employee Id_oxd-input oxd-input--focus"), ""): Text '' is set on object 'Object Repository/Employee-Onboarding/Page_OrangeHRM/input_Employee Id_oxd-input oxd-input--focus'

26-12-2024T18:44:58 - [MESSAGE][PASSED] - Text '' is set on object 'Object Repository/Employee-Onboarding/Page_OrangeHRM/input_Employee Id_oxd-input oxd-input--focus'

26-12-2024T18:44:58 - [TEST_STEP][PASSED] - comment("Step 8: Toggle the switch related to the Employee ID"): Step 8: Toggle the switch related to the Employee ID

26-12-2024T18:44:58 - [MESSAGE][INFO] - Step 8: Toggle the switch related to the Employee ID

26-12-2024T18:44:58 - [TEST_STEP][PASSED] - click(findTestObject("Object Repository/Employee-Onboarding/Page_OrangeHRM/span_Employee Id_oxd-switch-input oxd-switc_efe210")): Object: 'Object Repository/Employee-Onboarding/Page_OrangeHRM/span_Employee Id_oxd-switch-input oxd-switc_efe210' is clicked on

26-12-2024T18:44:58 - [MESSAGE][PASSED] - Object: 'Object Repository/Employee-Onboarding/Page_OrangeHRM/span_Employee Id_oxd-switch-input oxd-switc_efe210' is clicked on

26-12-2024T18:44:58 - [TEST_STEP][PASSED] - comment("Step 9: Retrieve the entered first name and convert it to lowercase"): Step 9: Retrieve the entered first name and convert it to lowercase

26-12-2024T18:44:58 - [MESSAGE][INFO] - Step 9: Retrieve the entered first name and convert it to lowercase

26-12-2024T18:44:58 - [TEST_STEP][PASSED] - firstname = getAttribute(findTestObject("Object Repository/Employee-Onboarding/Page_OrangeHRM/input_Employee Full Name_firstName"), "value").toLowerCase(): Attribute 'value' of object 'Object Repository/Employee-Onboarding/Page_OrangeHRM/input_Employee Full Name_firstName' is: 'Michael'

26-12-2024T18:44:58 - [MESSAGE][PASSED] - Attribute 'value' of object 'Object Repository/Employee-Onboarding/Page_OrangeHRM/input_Employee Full Name_firstName' is: 'Michael'

26-12-2024T18:44:58 - [TEST_STEP][PASSED] - comment("Step 10: Retrieve the entered last name and convert it to lowercase"): Step 10: Retrieve the entered last name and convert it to lowercase

26-12-2024T18:44:58 - [MESSAGE][INFO] - Step 10: Retrieve the entered last name and convert it to lowercase

26-12-2024T18:44:58 - [TEST_STEP][PASSED] - lastname = getAttribute(findTestObject("Object Repository/Employee-Onboarding/Page_OrangeHRM/input_Employee Full Name_lastName"), "value").toLowerCase(): Attribute 'value' of object 'Object Repository/Employee-Onboarding/Page_OrangeHRM/input_Employee Full Name_lastName' is: 'Williams'

26-12-2024T18:44:58 - [MESSAGE][PASSED] - Attribute 'value' of object 'Object Repository/Employee-Onboarding/Page_OrangeHRM/input_Employee Full Name_lastName' is: 'Williams'

26-12-2024T18:44:58 - [TEST_STEP][PASSED] - comment("Step 11: Concatenate the first and last names to generate a username"): Step 11: Concatenate the first and last names to generate a username

26-12-2024T18:44:58 - [MESSAGE][INFO] - Step 11: Concatenate the first and last names to generate a username

26-12-2024T18:44:58 - [TEST_STEP][PASSED] - username = firstname + "." + lastname: null

26-12-2024T18:44:58 - [TEST_STEP][PASSED] - comment("Step 12: Set the username field with the generated username"): Step 12: Set the username field with the generated username

26-12-2024T18:44:58 - [MESSAGE][INFO] - Step 12: Set the username field with the generated username

26-12-2024T18:44:58 - [TEST_STEP][PASSED] - setText(findTestObject("Object Repository/Employee-Onboarding/Page_OrangeHRM/input_Username_oxd-input oxd-input--focus"), username): Text 'michael.williams' is set on object 'Object Repository/Employee-Onboarding/Page_OrangeHRM/input_Username_oxd-input oxd-input--focus'

26-12-2024T18:44:59 - [MESSAGE][PASSED] - Text 'michael.williams' is set on object 'Object Repository/Employee-Onboarding/Page_OrangeHRM/input_Username_oxd-input oxd-input--focus'

26-12-2024T18:44:59 - [TEST_STEP][PASSED] - comment("Step 13: Enter an encrypted password into the password field"): Step 13: Enter an encrypted password into the password field

26-12-2024T18:44:59 - [MESSAGE][INFO] - Step 13: Enter an encrypted password into the password field

26-12-2024T18:44:59 - [TEST_STEP][PASSED] - setEncryptedText(findTestObject("Object Repository/Employee-Onboarding/Page_OrangeHRM/input_Password_oxd-input oxd-input--active"), EmployeePassword): Text ****** has been set on object 'Object Repository/Employee-Onboarding/Page_OrangeHRM/input_Password_oxd-input oxd-input--active'

26-12-2024T18:44:59 - [MESSAGE][PASSED] - Text ****** has been set on object 'Object Repository/Employee-Onboarding/Page_OrangeHRM/input_Password_oxd-input oxd-input--active'

26-12-2024T18:44:59 - [TEST_STEP][PASSED] - comment("Step 14: Enter an encrypted password into the confirm password field"): Step 14: Enter an encrypted password into the confirm password field

26-12-2024T18:44:59 - [MESSAGE][INFO] - Step 14: Enter an encrypted password into the confirm password field

26-12-2024T18:44:59 - [TEST_STEP][PASSED] - setEncryptedText(findTestObject("Object Repository/Employee-Onboarding/Page_OrangeHRM/input_Confirm Password_oxd-input oxd-input-_a3aecb"), EmployeePassword): Text ****** has been set on object 'Object Repository/Employee-Onboarding/Page_OrangeHRM/input_Confirm Password_oxd-input oxd-input-_a3aecb'

26-12-2024T18:45:00 - [MESSAGE][PASSED] - Text ****** has been set on object 'Object Repository/Employee-Onboarding/Page_OrangeHRM/input_Confirm Password_oxd-input oxd-input-_a3aecb'

26-12-2024T18:45:00 - [TEST_STEP][PASSED] - comment("Step 15: Click the "Save" button to finalize adding the new employee"): Step 15: Click the "Save" button to finalize adding the new employee

26-12-2024T18:45:00 - [MESSAGE][INFO] - Step 15: Click the "Save" button to finalize adding the new employee

26-12-2024T18:45:00 - [TEST_STEP][PASSED] - click(findTestObject("Object Repository/Employee-Onboarding/Page_OrangeHRM/button_Save")): Object: 'Object Repository/Employee-Onboarding/Page_OrangeHRM/button_Save' is clicked on

26-12-2024T18:45:00 - [MESSAGE][PASSED] - Object: 'Object Repository/Employee-Onboarding/Page_OrangeHRM/button_Save' is clicked on

26-12-2024T18:45:00 - [TEST_STEP][PASSED] - delay(2): Delayed 2 second(s)

26-12-2024T18:45:02 - [MESSAGE][PASSED] - Delayed 2 second(s)]]></system-out>
         <system-err><![CDATA[]]></system-err>
      </testcase>
      <testcase name="Test Cases/Employee_Onboarding/TC_Employee_Onboarding" time="11.165" classname="Test Cases/Employee_Onboarding/TC_Employee_Onboarding" status="PASSED">
         <system-out><![CDATA[26-12-2024T18:45:02 - [TEST_CASE][PASSED] - Test Cases/Employee_Onboarding/TC_Employee_Onboarding: Test Cases/Employee_Onboarding/TC_Employee_Onboarding

26-12-2024T18:45:02 - [TEST_STEP][PASSED] - comment("Step 1: Click on the PIM module link"): Step 1: Click on the PIM module link

26-12-2024T18:45:02 - [MESSAGE][INFO] - Step 1: Click on the PIM module link

26-12-2024T18:45:02 - [TEST_STEP][PASSED] - click(findTestObject("Object Repository/Employee-Onboarding/Page_OrangeHRM/a_PIM")): Object: 'Object Repository/Employee-Onboarding/Page_OrangeHRM/a_PIM' is clicked on

26-12-2024T18:45:03 - [MESSAGE][PASSED] - Object: 'Object Repository/Employee-Onboarding/Page_OrangeHRM/a_PIM' is clicked on

26-12-2024T18:45:03 - [TEST_STEP][PASSED] - comment("Step 2: Click the "Add" button to add a new employee"): Step 2: Click the "Add" button to add a new employee

26-12-2024T18:45:03 - [MESSAGE][INFO] - Step 2: Click the "Add" button to add a new employee

26-12-2024T18:45:03 - [TEST_STEP][PASSED] - click(findTestObject("Object Repository/Employee-Onboarding/Page_OrangeHRM/button_Add")): Object: 'Object Repository/Employee-Onboarding/Page_OrangeHRM/button_Add' is clicked on

26-12-2024T18:45:06 - [MESSAGE][PASSED] - Object: 'Object Repository/Employee-Onboarding/Page_OrangeHRM/button_Add' is clicked on

26-12-2024T18:45:06 - [TEST_STEP][PASSED] - comment("Step 3: Focus on the "First Name" input field"): Step 3: Focus on the "First Name" input field

26-12-2024T18:45:06 - [MESSAGE][INFO] - Step 3: Focus on the "First Name" input field

26-12-2024T18:45:06 - [TEST_STEP][PASSED] - click(findTestObject("Object Repository/Employee-Onboarding/Page_OrangeHRM/input_Employee Full Name_firstName")): Object: 'Object Repository/Employee-Onboarding/Page_OrangeHRM/input_Employee Full Name_firstName' is clicked on

26-12-2024T18:45:07 - [MESSAGE][PASSED] - Object: 'Object Repository/Employee-Onboarding/Page_OrangeHRM/input_Employee Full Name_firstName' is clicked on

26-12-2024T18:45:07 - [TEST_STEP][PASSED] - comment("Step 4: Enter the employee's first name"): Step 4: Enter the employee's first name

26-12-2024T18:45:07 - [MESSAGE][INFO] - Step 4: Enter the employee's first name

26-12-2024T18:45:07 - [TEST_STEP][PASSED] - setText(findTestObject("Object Repository/Employee-Onboarding/Page_OrangeHRM/input_Employee Full Name_firstName"), Firstname): Text 'Yvonne' is set on object 'Object Repository/Employee-Onboarding/Page_OrangeHRM/input_Employee Full Name_firstName'

26-12-2024T18:45:08 - [MESSAGE][PASSED] - Text 'Yvonne' is set on object 'Object Repository/Employee-Onboarding/Page_OrangeHRM/input_Employee Full Name_firstName'

26-12-2024T18:45:08 - [TEST_STEP][PASSED] - comment("Step 5: Enter the employee's last name"): Step 5: Enter the employee's last name

26-12-2024T18:45:08 - [MESSAGE][INFO] - Step 5: Enter the employee's last name

26-12-2024T18:45:08 - [TEST_STEP][PASSED] - setText(findTestObject("Object Repository/Employee-Onboarding/Page_OrangeHRM/input_Employee Full Name_lastName"), Lastname): Text 'Dunn' is set on object 'Object Repository/Employee-Onboarding/Page_OrangeHRM/input_Employee Full Name_lastName'

26-12-2024T18:45:08 - [MESSAGE][PASSED] - Text 'Dunn' is set on object 'Object Repository/Employee-Onboarding/Page_OrangeHRM/input_Employee Full Name_lastName'

26-12-2024T18:45:08 - [TEST_STEP][PASSED] - comment("Step 6: Clear the default value in the "Employee ID" field"): Step 6: Clear the default value in the "Employee ID" field

26-12-2024T18:45:08 - [MESSAGE][INFO] - Step 6: Clear the default value in the "Employee ID" field

26-12-2024T18:45:08 - [TEST_STEP][PASSED] - clearText(findTestObject("Object Repository/Employee-Onboarding/Page_OrangeHRM/input_Employee Id_oxd-input oxd-input--focus")): Text of object 'Object Repository/Employee-Onboarding/Page_OrangeHRM/input_Employee Id_oxd-input oxd-input--focus' is cleared

26-12-2024T18:45:08 - [MESSAGE][PASSED] - Text of object 'Object Repository/Employee-Onboarding/Page_OrangeHRM/input_Employee Id_oxd-input oxd-input--focus' is cleared

26-12-2024T18:45:08 - [TEST_STEP][PASSED] - comment("Step 7: Set the employee ID field with a new value"): Step 7: Set the employee ID field with a new value

26-12-2024T18:45:08 - [MESSAGE][INFO] - Step 7: Set the employee ID field with a new value

26-12-2024T18:45:08 - [TEST_STEP][PASSED] - setText(findTestObject("Object Repository/Employee-Onboarding/Page_OrangeHRM/input_Employee Id_oxd-input oxd-input--focus"), ""): Text '' is set on object 'Object Repository/Employee-Onboarding/Page_OrangeHRM/input_Employee Id_oxd-input oxd-input--focus'

26-12-2024T18:45:09 - [MESSAGE][PASSED] - Text '' is set on object 'Object Repository/Employee-Onboarding/Page_OrangeHRM/input_Employee Id_oxd-input oxd-input--focus'

26-12-2024T18:45:09 - [TEST_STEP][PASSED] - comment("Step 8: Toggle the switch related to the Employee ID"): Step 8: Toggle the switch related to the Employee ID

26-12-2024T18:45:09 - [MESSAGE][INFO] - Step 8: Toggle the switch related to the Employee ID

26-12-2024T18:45:09 - [TEST_STEP][PASSED] - click(findTestObject("Object Repository/Employee-Onboarding/Page_OrangeHRM/span_Employee Id_oxd-switch-input oxd-switc_efe210")): Object: 'Object Repository/Employee-Onboarding/Page_OrangeHRM/span_Employee Id_oxd-switch-input oxd-switc_efe210' is clicked on

26-12-2024T18:45:09 - [MESSAGE][PASSED] - Object: 'Object Repository/Employee-Onboarding/Page_OrangeHRM/span_Employee Id_oxd-switch-input oxd-switc_efe210' is clicked on

26-12-2024T18:45:09 - [TEST_STEP][PASSED] - comment("Step 9: Retrieve the entered first name and convert it to lowercase"): Step 9: Retrieve the entered first name and convert it to lowercase

26-12-2024T18:45:09 - [MESSAGE][INFO] - Step 9: Retrieve the entered first name and convert it to lowercase

26-12-2024T18:45:09 - [TEST_STEP][PASSED] - firstname = getAttribute(findTestObject("Object Repository/Employee-Onboarding/Page_OrangeHRM/input_Employee Full Name_firstName"), "value").toLowerCase(): Attribute 'value' of object 'Object Repository/Employee-Onboarding/Page_OrangeHRM/input_Employee Full Name_firstName' is: 'Yvonne'

26-12-2024T18:45:09 - [MESSAGE][PASSED] - Attribute 'value' of object 'Object Repository/Employee-Onboarding/Page_OrangeHRM/input_Employee Full Name_firstName' is: 'Yvonne'

26-12-2024T18:45:09 - [TEST_STEP][PASSED] - comment("Step 10: Retrieve the entered last name and convert it to lowercase"): Step 10: Retrieve the entered last name and convert it to lowercase

26-12-2024T18:45:09 - [MESSAGE][INFO] - Step 10: Retrieve the entered last name and convert it to lowercase

26-12-2024T18:45:09 - [TEST_STEP][PASSED] - lastname = getAttribute(findTestObject("Object Repository/Employee-Onboarding/Page_OrangeHRM/input_Employee Full Name_lastName"), "value").toLowerCase(): Attribute 'value' of object 'Object Repository/Employee-Onboarding/Page_OrangeHRM/input_Employee Full Name_lastName' is: 'Dunn'

26-12-2024T18:45:10 - [MESSAGE][PASSED] - Attribute 'value' of object 'Object Repository/Employee-Onboarding/Page_OrangeHRM/input_Employee Full Name_lastName' is: 'Dunn'

26-12-2024T18:45:10 - [TEST_STEP][PASSED] - comment("Step 11: Concatenate the first and last names to generate a username"): Step 11: Concatenate the first and last names to generate a username

26-12-2024T18:45:10 - [MESSAGE][INFO] - Step 11: Concatenate the first and last names to generate a username

26-12-2024T18:45:10 - [TEST_STEP][PASSED] - username = firstname + "." + lastname: null

26-12-2024T18:45:10 - [TEST_STEP][PASSED] - comment("Step 12: Set the username field with the generated username"): Step 12: Set the username field with the generated username

26-12-2024T18:45:10 - [MESSAGE][INFO] - Step 12: Set the username field with the generated username

26-12-2024T18:45:10 - [TEST_STEP][PASSED] - setText(findTestObject("Object Repository/Employee-Onboarding/Page_OrangeHRM/input_Username_oxd-input oxd-input--focus"), username): Text 'yvonne.dunn' is set on object 'Object Repository/Employee-Onboarding/Page_OrangeHRM/input_Username_oxd-input oxd-input--focus'

26-12-2024T18:45:10 - [MESSAGE][PASSED] - Text 'yvonne.dunn' is set on object 'Object Repository/Employee-Onboarding/Page_OrangeHRM/input_Username_oxd-input oxd-input--focus'

26-12-2024T18:45:10 - [TEST_STEP][PASSED] - comment("Step 13: Enter an encrypted password into the password field"): Step 13: Enter an encrypted password into the password field

26-12-2024T18:45:10 - [MESSAGE][INFO] - Step 13: Enter an encrypted password into the password field

26-12-2024T18:45:10 - [TEST_STEP][PASSED] - setEncryptedText(findTestObject("Object Repository/Employee-Onboarding/Page_OrangeHRM/input_Password_oxd-input oxd-input--active"), EmployeePassword): Text ****** has been set on object 'Object Repository/Employee-Onboarding/Page_OrangeHRM/input_Password_oxd-input oxd-input--active'

26-12-2024T18:45:10 - [MESSAGE][PASSED] - Text ****** has been set on object 'Object Repository/Employee-Onboarding/Page_OrangeHRM/input_Password_oxd-input oxd-input--active'

26-12-2024T18:45:10 - [TEST_STEP][PASSED] - comment("Step 14: Enter an encrypted password into the confirm password field"): Step 14: Enter an encrypted password into the confirm password field

26-12-2024T18:45:10 - [MESSAGE][INFO] - Step 14: Enter an encrypted password into the confirm password field

26-12-2024T18:45:10 - [TEST_STEP][PASSED] - setEncryptedText(findTestObject("Object Repository/Employee-Onboarding/Page_OrangeHRM/input_Confirm Password_oxd-input oxd-input-_a3aecb"), EmployeePassword): Text ****** has been set on object 'Object Repository/Employee-Onboarding/Page_OrangeHRM/input_Confirm Password_oxd-input oxd-input-_a3aecb'

26-12-2024T18:45:11 - [MESSAGE][PASSED] - Text ****** has been set on object 'Object Repository/Employee-Onboarding/Page_OrangeHRM/input_Confirm Password_oxd-input oxd-input-_a3aecb'

26-12-2024T18:45:11 - [TEST_STEP][PASSED] - comment("Step 15: Click the "Save" button to finalize adding the new employee"): Step 15: Click the "Save" button to finalize adding the new employee

26-12-2024T18:45:11 - [MESSAGE][INFO] - Step 15: Click the "Save" button to finalize adding the new employee

26-12-2024T18:45:11 - [TEST_STEP][PASSED] - click(findTestObject("Object Repository/Employee-Onboarding/Page_OrangeHRM/button_Save")): Object: 'Object Repository/Employee-Onboarding/Page_OrangeHRM/button_Save' is clicked on

26-12-2024T18:45:11 - [MESSAGE][PASSED] - Object: 'Object Repository/Employee-Onboarding/Page_OrangeHRM/button_Save' is clicked on

26-12-2024T18:45:11 - [TEST_STEP][PASSED] - delay(2): Delayed 2 second(s)

26-12-2024T18:45:13 - [MESSAGE][PASSED] - Delayed 2 second(s)]]></system-out>
         <system-err><![CDATA[]]></system-err>
      </testcase>
      <testcase name="Test Cases/Employee_Onboarding/TC_Employee_Onboarding" time="11.283" classname="Test Cases/Employee_Onboarding/TC_Employee_Onboarding" status="PASSED">
         <system-out><![CDATA[26-12-2024T18:45:13 - [TEST_CASE][PASSED] - Test Cases/Employee_Onboarding/TC_Employee_Onboarding: Test Cases/Employee_Onboarding/TC_Employee_Onboarding

26-12-2024T18:45:13 - [TEST_STEP][PASSED] - comment("Step 1: Click on the PIM module link"): Step 1: Click on the PIM module link

26-12-2024T18:45:13 - [MESSAGE][INFO] - Step 1: Click on the PIM module link

26-12-2024T18:45:13 - [TEST_STEP][PASSED] - click(findTestObject("Object Repository/Employee-Onboarding/Page_OrangeHRM/a_PIM")): Object: 'Object Repository/Employee-Onboarding/Page_OrangeHRM/a_PIM' is clicked on

26-12-2024T18:45:15 - [MESSAGE][PASSED] - Object: 'Object Repository/Employee-Onboarding/Page_OrangeHRM/a_PIM' is clicked on

26-12-2024T18:45:15 - [TEST_STEP][PASSED] - comment("Step 2: Click the "Add" button to add a new employee"): Step 2: Click the "Add" button to add a new employee

26-12-2024T18:45:15 - [MESSAGE][INFO] - Step 2: Click the "Add" button to add a new employee

26-12-2024T18:45:15 - [TEST_STEP][PASSED] - click(findTestObject("Object Repository/Employee-Onboarding/Page_OrangeHRM/button_Add")): Object: 'Object Repository/Employee-Onboarding/Page_OrangeHRM/button_Add' is clicked on

26-12-2024T18:45:17 - [MESSAGE][PASSED] - Object: 'Object Repository/Employee-Onboarding/Page_OrangeHRM/button_Add' is clicked on

26-12-2024T18:45:17 - [TEST_STEP][PASSED] - comment("Step 3: Focus on the "First Name" input field"): Step 3: Focus on the "First Name" input field

26-12-2024T18:45:17 - [MESSAGE][INFO] - Step 3: Focus on the "First Name" input field

26-12-2024T18:45:17 - [TEST_STEP][PASSED] - click(findTestObject("Object Repository/Employee-Onboarding/Page_OrangeHRM/input_Employee Full Name_firstName")): Object: 'Object Repository/Employee-Onboarding/Page_OrangeHRM/input_Employee Full Name_firstName' is clicked on

26-12-2024T18:45:18 - [MESSAGE][PASSED] - Object: 'Object Repository/Employee-Onboarding/Page_OrangeHRM/input_Employee Full Name_firstName' is clicked on

26-12-2024T18:45:18 - [TEST_STEP][PASSED] - comment("Step 4: Enter the employee's first name"): Step 4: Enter the employee's first name

26-12-2024T18:45:18 - [MESSAGE][INFO] - Step 4: Enter the employee's first name

26-12-2024T18:45:18 - [TEST_STEP][PASSED] - setText(findTestObject("Object Repository/Employee-Onboarding/Page_OrangeHRM/input_Employee Full Name_firstName"), Firstname): Text 'Mathew' is set on object 'Object Repository/Employee-Onboarding/Page_OrangeHRM/input_Employee Full Name_firstName'

26-12-2024T18:45:19 - [MESSAGE][PASSED] - Text 'Mathew' is set on object 'Object Repository/Employee-Onboarding/Page_OrangeHRM/input_Employee Full Name_firstName'

26-12-2024T18:45:19 - [TEST_STEP][PASSED] - comment("Step 5: Enter the employee's last name"): Step 5: Enter the employee's last name

26-12-2024T18:45:19 - [MESSAGE][INFO] - Step 5: Enter the employee's last name

26-12-2024T18:45:19 - [TEST_STEP][PASSED] - setText(findTestObject("Object Repository/Employee-Onboarding/Page_OrangeHRM/input_Employee Full Name_lastName"), Lastname): Text 'Schneider' is set on object 'Object Repository/Employee-Onboarding/Page_OrangeHRM/input_Employee Full Name_lastName'

26-12-2024T18:45:19 - [MESSAGE][PASSED] - Text 'Schneider' is set on object 'Object Repository/Employee-Onboarding/Page_OrangeHRM/input_Employee Full Name_lastName'

26-12-2024T18:45:19 - [TEST_STEP][PASSED] - comment("Step 6: Clear the default value in the "Employee ID" field"): Step 6: Clear the default value in the "Employee ID" field

26-12-2024T18:45:19 - [MESSAGE][INFO] - Step 6: Clear the default value in the "Employee ID" field

26-12-2024T18:45:19 - [TEST_STEP][PASSED] - clearText(findTestObject("Object Repository/Employee-Onboarding/Page_OrangeHRM/input_Employee Id_oxd-input oxd-input--focus")): Text of object 'Object Repository/Employee-Onboarding/Page_OrangeHRM/input_Employee Id_oxd-input oxd-input--focus' is cleared

26-12-2024T18:45:20 - [MESSAGE][PASSED] - Text of object 'Object Repository/Employee-Onboarding/Page_OrangeHRM/input_Employee Id_oxd-input oxd-input--focus' is cleared

26-12-2024T18:45:20 - [TEST_STEP][PASSED] - comment("Step 7: Set the employee ID field with a new value"): Step 7: Set the employee ID field with a new value

26-12-2024T18:45:20 - [MESSAGE][INFO] - Step 7: Set the employee ID field with a new value

26-12-2024T18:45:20 - [TEST_STEP][PASSED] - setText(findTestObject("Object Repository/Employee-Onboarding/Page_OrangeHRM/input_Employee Id_oxd-input oxd-input--focus"), ""): Text '' is set on object 'Object Repository/Employee-Onboarding/Page_OrangeHRM/input_Employee Id_oxd-input oxd-input--focus'

26-12-2024T18:45:20 - [MESSAGE][PASSED] - Text '' is set on object 'Object Repository/Employee-Onboarding/Page_OrangeHRM/input_Employee Id_oxd-input oxd-input--focus'

26-12-2024T18:45:20 - [TEST_STEP][PASSED] - comment("Step 8: Toggle the switch related to the Employee ID"): Step 8: Toggle the switch related to the Employee ID

26-12-2024T18:45:20 - [MESSAGE][INFO] - Step 8: Toggle the switch related to the Employee ID

26-12-2024T18:45:20 - [TEST_STEP][PASSED] - click(findTestObject("Object Repository/Employee-Onboarding/Page_OrangeHRM/span_Employee Id_oxd-switch-input oxd-switc_efe210")): Object: 'Object Repository/Employee-Onboarding/Page_OrangeHRM/span_Employee Id_oxd-switch-input oxd-switc_efe210' is clicked on

26-12-2024T18:45:20 - [MESSAGE][PASSED] - Object: 'Object Repository/Employee-Onboarding/Page_OrangeHRM/span_Employee Id_oxd-switch-input oxd-switc_efe210' is clicked on

26-12-2024T18:45:20 - [TEST_STEP][PASSED] - comment("Step 9: Retrieve the entered first name and convert it to lowercase"): Step 9: Retrieve the entered first name and convert it to lowercase

26-12-2024T18:45:20 - [MESSAGE][INFO] - Step 9: Retrieve the entered first name and convert it to lowercase

26-12-2024T18:45:20 - [TEST_STEP][PASSED] - firstname = getAttribute(findTestObject("Object Repository/Employee-Onboarding/Page_OrangeHRM/input_Employee Full Name_firstName"), "value").toLowerCase(): Attribute 'value' of object 'Object Repository/Employee-Onboarding/Page_OrangeHRM/input_Employee Full Name_firstName' is: 'Mathew'

26-12-2024T18:45:21 - [MESSAGE][PASSED] - Attribute 'value' of object 'Object Repository/Employee-Onboarding/Page_OrangeHRM/input_Employee Full Name_firstName' is: 'Mathew'

26-12-2024T18:45:21 - [TEST_STEP][PASSED] - comment("Step 10: Retrieve the entered last name and convert it to lowercase"): Step 10: Retrieve the entered last name and convert it to lowercase

26-12-2024T18:45:21 - [MESSAGE][INFO] - Step 10: Retrieve the entered last name and convert it to lowercase

26-12-2024T18:45:21 - [TEST_STEP][PASSED] - lastname = getAttribute(findTestObject("Object Repository/Employee-Onboarding/Page_OrangeHRM/input_Employee Full Name_lastName"), "value").toLowerCase(): Attribute 'value' of object 'Object Repository/Employee-Onboarding/Page_OrangeHRM/input_Employee Full Name_lastName' is: 'Schneider'

26-12-2024T18:45:21 - [MESSAGE][PASSED] - Attribute 'value' of object 'Object Repository/Employee-Onboarding/Page_OrangeHRM/input_Employee Full Name_lastName' is: 'Schneider'

26-12-2024T18:45:21 - [TEST_STEP][PASSED] - comment("Step 11: Concatenate the first and last names to generate a username"): Step 11: Concatenate the first and last names to generate a username

26-12-2024T18:45:21 - [MESSAGE][INFO] - Step 11: Concatenate the first and last names to generate a username

26-12-2024T18:45:21 - [TEST_STEP][PASSED] - username = firstname + "." + lastname: null

26-12-2024T18:45:21 - [TEST_STEP][PASSED] - comment("Step 12: Set the username field with the generated username"): Step 12: Set the username field with the generated username

26-12-2024T18:45:21 - [MESSAGE][INFO] - Step 12: Set the username field with the generated username

26-12-2024T18:45:21 - [TEST_STEP][PASSED] - setText(findTestObject("Object Repository/Employee-Onboarding/Page_OrangeHRM/input_Username_oxd-input oxd-input--focus"), username): Text 'mathew.schneider' is set on object 'Object Repository/Employee-Onboarding/Page_OrangeHRM/input_Username_oxd-input oxd-input--focus'

26-12-2024T18:45:21 - [MESSAGE][PASSED] - Text 'mathew.schneider' is set on object 'Object Repository/Employee-Onboarding/Page_OrangeHRM/input_Username_oxd-input oxd-input--focus'

26-12-2024T18:45:21 - [TEST_STEP][PASSED] - comment("Step 13: Enter an encrypted password into the password field"): Step 13: Enter an encrypted password into the password field

26-12-2024T18:45:21 - [MESSAGE][INFO] - Step 13: Enter an encrypted password into the password field

26-12-2024T18:45:21 - [TEST_STEP][PASSED] - setEncryptedText(findTestObject("Object Repository/Employee-Onboarding/Page_OrangeHRM/input_Password_oxd-input oxd-input--active"), EmployeePassword): Text ****** has been set on object 'Object Repository/Employee-Onboarding/Page_OrangeHRM/input_Password_oxd-input oxd-input--active'

26-12-2024T18:45:22 - [MESSAGE][PASSED] - Text ****** has been set on object 'Object Repository/Employee-Onboarding/Page_OrangeHRM/input_Password_oxd-input oxd-input--active'

26-12-2024T18:45:22 - [TEST_STEP][PASSED] - comment("Step 14: Enter an encrypted password into the confirm password field"): Step 14: Enter an encrypted password into the confirm password field

26-12-2024T18:45:22 - [MESSAGE][INFO] - Step 14: Enter an encrypted password into the confirm password field

26-12-2024T18:45:22 - [TEST_STEP][PASSED] - setEncryptedText(findTestObject("Object Repository/Employee-Onboarding/Page_OrangeHRM/input_Confirm Password_oxd-input oxd-input-_a3aecb"), EmployeePassword): Text ****** has been set on object 'Object Repository/Employee-Onboarding/Page_OrangeHRM/input_Confirm Password_oxd-input oxd-input-_a3aecb'

26-12-2024T18:45:22 - [MESSAGE][PASSED] - Text ****** has been set on object 'Object Repository/Employee-Onboarding/Page_OrangeHRM/input_Confirm Password_oxd-input oxd-input-_a3aecb'

26-12-2024T18:45:22 - [TEST_STEP][PASSED] - comment("Step 15: Click the "Save" button to finalize adding the new employee"): Step 15: Click the "Save" button to finalize adding the new employee

26-12-2024T18:45:22 - [MESSAGE][INFO] - Step 15: Click the "Save" button to finalize adding the new employee

26-12-2024T18:45:22 - [TEST_STEP][PASSED] - click(findTestObject("Object Repository/Employee-Onboarding/Page_OrangeHRM/button_Save")): Object: 'Object Repository/Employee-Onboarding/Page_OrangeHRM/button_Save' is clicked on

26-12-2024T18:45:22 - [MESSAGE][PASSED] - Object: 'Object Repository/Employee-Onboarding/Page_OrangeHRM/button_Save' is clicked on

26-12-2024T18:45:22 - [TEST_STEP][PASSED] - delay(2): Delayed 2 second(s)

26-12-2024T18:45:24 - [MESSAGE][PASSED] - Delayed 2 second(s)]]></system-out>
         <system-err><![CDATA[]]></system-err>
      </testcase>
      <testcase name="Test Cases/Employee_Onboarding/TC_Employee_Onboarding" time="11.318" classname="Test Cases/Employee_Onboarding/TC_Employee_Onboarding" status="PASSED">
         <system-out><![CDATA[26-12-2024T18:45:24 - [TEST_CASE][PASSED] - Test Cases/Employee_Onboarding/TC_Employee_Onboarding: Test Cases/Employee_Onboarding/TC_Employee_Onboarding

26-12-2024T18:45:24 - [TEST_STEP][PASSED] - comment("Step 1: Click on the PIM module link"): Step 1: Click on the PIM module link

26-12-2024T18:45:24 - [MESSAGE][INFO] - Step 1: Click on the PIM module link

26-12-2024T18:45:24 - [TEST_STEP][PASSED] - click(findTestObject("Object Repository/Employee-Onboarding/Page_OrangeHRM/a_PIM")): Object: 'Object Repository/Employee-Onboarding/Page_OrangeHRM/a_PIM' is clicked on

26-12-2024T18:45:26 - [MESSAGE][PASSED] - Object: 'Object Repository/Employee-Onboarding/Page_OrangeHRM/a_PIM' is clicked on

26-12-2024T18:45:26 - [TEST_STEP][PASSED] - comment("Step 2: Click the "Add" button to add a new employee"): Step 2: Click the "Add" button to add a new employee

26-12-2024T18:45:26 - [MESSAGE][INFO] - Step 2: Click the "Add" button to add a new employee

26-12-2024T18:45:26 - [TEST_STEP][PASSED] - click(findTestObject("Object Repository/Employee-Onboarding/Page_OrangeHRM/button_Add")): Object: 'Object Repository/Employee-Onboarding/Page_OrangeHRM/button_Add' is clicked on

26-12-2024T18:45:28 - [MESSAGE][PASSED] - Object: 'Object Repository/Employee-Onboarding/Page_OrangeHRM/button_Add' is clicked on

26-12-2024T18:45:28 - [TEST_STEP][PASSED] - comment("Step 3: Focus on the "First Name" input field"): Step 3: Focus on the "First Name" input field

26-12-2024T18:45:28 - [MESSAGE][INFO] - Step 3: Focus on the "First Name" input field

26-12-2024T18:45:28 - [TEST_STEP][PASSED] - click(findTestObject("Object Repository/Employee-Onboarding/Page_OrangeHRM/input_Employee Full Name_firstName")): Object: 'Object Repository/Employee-Onboarding/Page_OrangeHRM/input_Employee Full Name_firstName' is clicked on

26-12-2024T18:45:30 - [MESSAGE][PASSED] - Object: 'Object Repository/Employee-Onboarding/Page_OrangeHRM/input_Employee Full Name_firstName' is clicked on

26-12-2024T18:45:30 - [TEST_STEP][PASSED] - comment("Step 4: Enter the employee's first name"): Step 4: Enter the employee's first name

26-12-2024T18:45:30 - [MESSAGE][INFO] - Step 4: Enter the employee's first name

26-12-2024T18:45:30 - [TEST_STEP][PASSED] - setText(findTestObject("Object Repository/Employee-Onboarding/Page_OrangeHRM/input_Employee Full Name_firstName"), Firstname): Text 'Deborah' is set on object 'Object Repository/Employee-Onboarding/Page_OrangeHRM/input_Employee Full Name_firstName'

26-12-2024T18:45:30 - [MESSAGE][PASSED] - Text 'Deborah' is set on object 'Object Repository/Employee-Onboarding/Page_OrangeHRM/input_Employee Full Name_firstName'

26-12-2024T18:45:30 - [TEST_STEP][PASSED] - comment("Step 5: Enter the employee's last name"): Step 5: Enter the employee's last name

26-12-2024T18:45:30 - [MESSAGE][INFO] - Step 5: Enter the employee's last name

26-12-2024T18:45:30 - [TEST_STEP][PASSED] - setText(findTestObject("Object Repository/Employee-Onboarding/Page_OrangeHRM/input_Employee Full Name_lastName"), Lastname): Text 'Church' is set on object 'Object Repository/Employee-Onboarding/Page_OrangeHRM/input_Employee Full Name_lastName'

26-12-2024T18:45:31 - [MESSAGE][PASSED] - Text 'Church' is set on object 'Object Repository/Employee-Onboarding/Page_OrangeHRM/input_Employee Full Name_lastName'

26-12-2024T18:45:31 - [TEST_STEP][PASSED] - comment("Step 6: Clear the default value in the "Employee ID" field"): Step 6: Clear the default value in the "Employee ID" field

26-12-2024T18:45:31 - [MESSAGE][INFO] - Step 6: Clear the default value in the "Employee ID" field

26-12-2024T18:45:31 - [TEST_STEP][PASSED] - clearText(findTestObject("Object Repository/Employee-Onboarding/Page_OrangeHRM/input_Employee Id_oxd-input oxd-input--focus")): Text of object 'Object Repository/Employee-Onboarding/Page_OrangeHRM/input_Employee Id_oxd-input oxd-input--focus' is cleared

26-12-2024T18:45:31 - [MESSAGE][PASSED] - Text of object 'Object Repository/Employee-Onboarding/Page_OrangeHRM/input_Employee Id_oxd-input oxd-input--focus' is cleared

26-12-2024T18:45:31 - [TEST_STEP][PASSED] - comment("Step 7: Set the employee ID field with a new value"): Step 7: Set the employee ID field with a new value

26-12-2024T18:45:31 - [MESSAGE][INFO] - Step 7: Set the employee ID field with a new value

26-12-2024T18:45:31 - [TEST_STEP][PASSED] - setText(findTestObject("Object Repository/Employee-Onboarding/Page_OrangeHRM/input_Employee Id_oxd-input oxd-input--focus"), ""): Text '' is set on object 'Object Repository/Employee-Onboarding/Page_OrangeHRM/input_Employee Id_oxd-input oxd-input--focus'

26-12-2024T18:45:31 - [MESSAGE][PASSED] - Text '' is set on object 'Object Repository/Employee-Onboarding/Page_OrangeHRM/input_Employee Id_oxd-input oxd-input--focus'

26-12-2024T18:45:31 - [TEST_STEP][PASSED] - comment("Step 8: Toggle the switch related to the Employee ID"): Step 8: Toggle the switch related to the Employee ID

26-12-2024T18:45:31 - [MESSAGE][INFO] - Step 8: Toggle the switch related to the Employee ID

26-12-2024T18:45:31 - [TEST_STEP][PASSED] - click(findTestObject("Object Repository/Employee-Onboarding/Page_OrangeHRM/span_Employee Id_oxd-switch-input oxd-switc_efe210")): Object: 'Object Repository/Employee-Onboarding/Page_OrangeHRM/span_Employee Id_oxd-switch-input oxd-switc_efe210' is clicked on

26-12-2024T18:45:32 - [MESSAGE][PASSED] - Object: 'Object Repository/Employee-Onboarding/Page_OrangeHRM/span_Employee Id_oxd-switch-input oxd-switc_efe210' is clicked on

26-12-2024T18:45:32 - [TEST_STEP][PASSED] - comment("Step 9: Retrieve the entered first name and convert it to lowercase"): Step 9: Retrieve the entered first name and convert it to lowercase

26-12-2024T18:45:32 - [MESSAGE][INFO] - Step 9: Retrieve the entered first name and convert it to lowercase

26-12-2024T18:45:32 - [TEST_STEP][PASSED] - firstname = getAttribute(findTestObject("Object Repository/Employee-Onboarding/Page_OrangeHRM/input_Employee Full Name_firstName"), "value").toLowerCase(): Attribute 'value' of object 'Object Repository/Employee-Onboarding/Page_OrangeHRM/input_Employee Full Name_firstName' is: 'Deborah'

26-12-2024T18:45:32 - [MESSAGE][PASSED] - Attribute 'value' of object 'Object Repository/Employee-Onboarding/Page_OrangeHRM/input_Employee Full Name_firstName' is: 'Deborah'

26-12-2024T18:45:32 - [TEST_STEP][PASSED] - comment("Step 10: Retrieve the entered last name and convert it to lowercase"): Step 10: Retrieve the entered last name and convert it to lowercase

26-12-2024T18:45:32 - [MESSAGE][INFO] - Step 10: Retrieve the entered last name and convert it to lowercase

26-12-2024T18:45:32 - [TEST_STEP][PASSED] - lastname = getAttribute(findTestObject("Object Repository/Employee-Onboarding/Page_OrangeHRM/input_Employee Full Name_lastName"), "value").toLowerCase(): Attribute 'value' of object 'Object Repository/Employee-Onboarding/Page_OrangeHRM/input_Employee Full Name_lastName' is: 'Church'

26-12-2024T18:45:32 - [MESSAGE][PASSED] - Attribute 'value' of object 'Object Repository/Employee-Onboarding/Page_OrangeHRM/input_Employee Full Name_lastName' is: 'Church'

26-12-2024T18:45:32 - [TEST_STEP][PASSED] - comment("Step 11: Concatenate the first and last names to generate a username"): Step 11: Concatenate the first and last names to generate a username

26-12-2024T18:45:32 - [MESSAGE][INFO] - Step 11: Concatenate the first and last names to generate a username

26-12-2024T18:45:32 - [TEST_STEP][PASSED] - username = firstname + "." + lastname: null

26-12-2024T18:45:32 - [TEST_STEP][PASSED] - comment("Step 12: Set the username field with the generated username"): Step 12: Set the username field with the generated username

26-12-2024T18:45:32 - [MESSAGE][INFO] - Step 12: Set the username field with the generated username

26-12-2024T18:45:32 - [TEST_STEP][PASSED] - setText(findTestObject("Object Repository/Employee-Onboarding/Page_OrangeHRM/input_Username_oxd-input oxd-input--focus"), username): Text 'deborah.church' is set on object 'Object Repository/Employee-Onboarding/Page_OrangeHRM/input_Username_oxd-input oxd-input--focus'

26-12-2024T18:45:33 - [MESSAGE][PASSED] - Text 'deborah.church' is set on object 'Object Repository/Employee-Onboarding/Page_OrangeHRM/input_Username_oxd-input oxd-input--focus'

26-12-2024T18:45:33 - [TEST_STEP][PASSED] - comment("Step 13: Enter an encrypted password into the password field"): Step 13: Enter an encrypted password into the password field

26-12-2024T18:45:33 - [MESSAGE][INFO] - Step 13: Enter an encrypted password into the password field

26-12-2024T18:45:33 - [TEST_STEP][PASSED] - setEncryptedText(findTestObject("Object Repository/Employee-Onboarding/Page_OrangeHRM/input_Password_oxd-input oxd-input--active"), EmployeePassword): Text ****** has been set on object 'Object Repository/Employee-Onboarding/Page_OrangeHRM/input_Password_oxd-input oxd-input--active'

26-12-2024T18:45:33 - [MESSAGE][PASSED] - Text ****** has been set on object 'Object Repository/Employee-Onboarding/Page_OrangeHRM/input_Password_oxd-input oxd-input--active'

26-12-2024T18:45:33 - [TEST_STEP][PASSED] - comment("Step 14: Enter an encrypted password into the confirm password field"): Step 14: Enter an encrypted password into the confirm password field

26-12-2024T18:45:33 - [MESSAGE][INFO] - Step 14: Enter an encrypted password into the confirm password field

26-12-2024T18:45:33 - [TEST_STEP][PASSED] - setEncryptedText(findTestObject("Object Repository/Employee-Onboarding/Page_OrangeHRM/input_Confirm Password_oxd-input oxd-input-_a3aecb"), EmployeePassword): Text ****** has been set on object 'Object Repository/Employee-Onboarding/Page_OrangeHRM/input_Confirm Password_oxd-input oxd-input-_a3aecb'

26-12-2024T18:45:34 - [MESSAGE][PASSED] - Text ****** has been set on object 'Object Repository/Employee-Onboarding/Page_OrangeHRM/input_Confirm Password_oxd-input oxd-input-_a3aecb'

26-12-2024T18:45:34 - [TEST_STEP][PASSED] - comment("Step 15: Click the "Save" button to finalize adding the new employee"): Step 15: Click the "Save" button to finalize adding the new employee

26-12-2024T18:45:34 - [MESSAGE][INFO] - Step 15: Click the "Save" button to finalize adding the new employee

26-12-2024T18:45:34 - [TEST_STEP][PASSED] - click(findTestObject("Object Repository/Employee-Onboarding/Page_OrangeHRM/button_Save")): Object: 'Object Repository/Employee-Onboarding/Page_OrangeHRM/button_Save' is clicked on

26-12-2024T18:45:34 - [MESSAGE][PASSED] - Object: 'Object Repository/Employee-Onboarding/Page_OrangeHRM/button_Save' is clicked on

26-12-2024T18:45:34 - [TEST_STEP][PASSED] - delay(2): Delayed 2 second(s)

26-12-2024T18:45:36 - [MESSAGE][PASSED] - Delayed 2 second(s)]]></system-out>
         <system-err><![CDATA[]]></system-err>
      </testcase>
      <testcase name="Test Cases/Employee_Onboarding/TC_Employee_Onboarding" time="11.101" classname="Test Cases/Employee_Onboarding/TC_Employee_Onboarding" status="PASSED">
         <system-out><![CDATA[26-12-2024T18:45:36 - [TEST_CASE][PASSED] - Test Cases/Employee_Onboarding/TC_Employee_Onboarding: Test Cases/Employee_Onboarding/TC_Employee_Onboarding

26-12-2024T18:45:36 - [TEST_STEP][PASSED] - comment("Step 1: Click on the PIM module link"): Step 1: Click on the PIM module link

26-12-2024T18:45:36 - [MESSAGE][INFO] - Step 1: Click on the PIM module link

26-12-2024T18:45:36 - [TEST_STEP][PASSED] - click(findTestObject("Object Repository/Employee-Onboarding/Page_OrangeHRM/a_PIM")): Object: 'Object Repository/Employee-Onboarding/Page_OrangeHRM/a_PIM' is clicked on

26-12-2024T18:45:37 - [MESSAGE][PASSED] - Object: 'Object Repository/Employee-Onboarding/Page_OrangeHRM/a_PIM' is clicked on

26-12-2024T18:45:37 - [TEST_STEP][PASSED] - comment("Step 2: Click the "Add" button to add a new employee"): Step 2: Click the "Add" button to add a new employee

26-12-2024T18:45:37 - [MESSAGE][INFO] - Step 2: Click the "Add" button to add a new employee

26-12-2024T18:45:37 - [TEST_STEP][PASSED] - click(findTestObject("Object Repository/Employee-Onboarding/Page_OrangeHRM/button_Add")): Object: 'Object Repository/Employee-Onboarding/Page_OrangeHRM/button_Add' is clicked on

26-12-2024T18:45:39 - [MESSAGE][PASSED] - Object: 'Object Repository/Employee-Onboarding/Page_OrangeHRM/button_Add' is clicked on

26-12-2024T18:45:39 - [TEST_STEP][PASSED] - comment("Step 3: Focus on the "First Name" input field"): Step 3: Focus on the "First Name" input field

26-12-2024T18:45:39 - [MESSAGE][INFO] - Step 3: Focus on the "First Name" input field

26-12-2024T18:45:39 - [TEST_STEP][PASSED] - click(findTestObject("Object Repository/Employee-Onboarding/Page_OrangeHRM/input_Employee Full Name_firstName")): Object: 'Object Repository/Employee-Onboarding/Page_OrangeHRM/input_Employee Full Name_firstName' is clicked on

26-12-2024T18:45:41 - [MESSAGE][PASSED] - Object: 'Object Repository/Employee-Onboarding/Page_OrangeHRM/input_Employee Full Name_firstName' is clicked on

26-12-2024T18:45:41 - [TEST_STEP][PASSED] - comment("Step 4: Enter the employee's first name"): Step 4: Enter the employee's first name

26-12-2024T18:45:41 - [MESSAGE][INFO] - Step 4: Enter the employee's first name

26-12-2024T18:45:41 - [TEST_STEP][PASSED] - setText(findTestObject("Object Repository/Employee-Onboarding/Page_OrangeHRM/input_Employee Full Name_firstName"), Firstname): Text 'Kelly' is set on object 'Object Repository/Employee-Onboarding/Page_OrangeHRM/input_Employee Full Name_firstName'

26-12-2024T18:45:41 - [MESSAGE][PASSED] - Text 'Kelly' is set on object 'Object Repository/Employee-Onboarding/Page_OrangeHRM/input_Employee Full Name_firstName'

26-12-2024T18:45:41 - [TEST_STEP][PASSED] - comment("Step 5: Enter the employee's last name"): Step 5: Enter the employee's last name

26-12-2024T18:45:41 - [MESSAGE][INFO] - Step 5: Enter the employee's last name

26-12-2024T18:45:41 - [TEST_STEP][PASSED] - setText(findTestObject("Object Repository/Employee-Onboarding/Page_OrangeHRM/input_Employee Full Name_lastName"), Lastname): Text 'Walsh' is set on object 'Object Repository/Employee-Onboarding/Page_OrangeHRM/input_Employee Full Name_lastName'

26-12-2024T18:45:42 - [MESSAGE][PASSED] - Text 'Walsh' is set on object 'Object Repository/Employee-Onboarding/Page_OrangeHRM/input_Employee Full Name_lastName'

26-12-2024T18:45:42 - [TEST_STEP][PASSED] - comment("Step 6: Clear the default value in the "Employee ID" field"): Step 6: Clear the default value in the "Employee ID" field

26-12-2024T18:45:42 - [MESSAGE][INFO] - Step 6: Clear the default value in the "Employee ID" field

26-12-2024T18:45:42 - [TEST_STEP][PASSED] - clearText(findTestObject("Object Repository/Employee-Onboarding/Page_OrangeHRM/input_Employee Id_oxd-input oxd-input--focus")): Text of object 'Object Repository/Employee-Onboarding/Page_OrangeHRM/input_Employee Id_oxd-input oxd-input--focus' is cleared

26-12-2024T18:45:42 - [MESSAGE][PASSED] - Text of object 'Object Repository/Employee-Onboarding/Page_OrangeHRM/input_Employee Id_oxd-input oxd-input--focus' is cleared

26-12-2024T18:45:42 - [TEST_STEP][PASSED] - comment("Step 7: Set the employee ID field with a new value"): Step 7: Set the employee ID field with a new value

26-12-2024T18:45:42 - [MESSAGE][INFO] - Step 7: Set the employee ID field with a new value

26-12-2024T18:45:42 - [TEST_STEP][PASSED] - setText(findTestObject("Object Repository/Employee-Onboarding/Page_OrangeHRM/input_Employee Id_oxd-input oxd-input--focus"), ""): Text '' is set on object 'Object Repository/Employee-Onboarding/Page_OrangeHRM/input_Employee Id_oxd-input oxd-input--focus'

26-12-2024T18:45:43 - [MESSAGE][PASSED] - Text '' is set on object 'Object Repository/Employee-Onboarding/Page_OrangeHRM/input_Employee Id_oxd-input oxd-input--focus'

26-12-2024T18:45:43 - [TEST_STEP][PASSED] - comment("Step 8: Toggle the switch related to the Employee ID"): Step 8: Toggle the switch related to the Employee ID

26-12-2024T18:45:43 - [MESSAGE][INFO] - Step 8: Toggle the switch related to the Employee ID

26-12-2024T18:45:43 - [TEST_STEP][PASSED] - click(findTestObject("Object Repository/Employee-Onboarding/Page_OrangeHRM/span_Employee Id_oxd-switch-input oxd-switc_efe210")): Object: 'Object Repository/Employee-Onboarding/Page_OrangeHRM/span_Employee Id_oxd-switch-input oxd-switc_efe210' is clicked on

26-12-2024T18:45:43 - [MESSAGE][PASSED] - Object: 'Object Repository/Employee-Onboarding/Page_OrangeHRM/span_Employee Id_oxd-switch-input oxd-switc_efe210' is clicked on

26-12-2024T18:45:43 - [TEST_STEP][PASSED] - comment("Step 9: Retrieve the entered first name and convert it to lowercase"): Step 9: Retrieve the entered first name and convert it to lowercase

26-12-2024T18:45:43 - [MESSAGE][INFO] - Step 9: Retrieve the entered first name and convert it to lowercase

26-12-2024T18:45:43 - [TEST_STEP][PASSED] - firstname = getAttribute(findTestObject("Object Repository/Employee-Onboarding/Page_OrangeHRM/input_Employee Full Name_firstName"), "value").toLowerCase(): Attribute 'value' of object 'Object Repository/Employee-Onboarding/Page_OrangeHRM/input_Employee Full Name_firstName' is: 'Kelly'

26-12-2024T18:45:43 - [MESSAGE][PASSED] - Attribute 'value' of object 'Object Repository/Employee-Onboarding/Page_OrangeHRM/input_Employee Full Name_firstName' is: 'Kelly'

26-12-2024T18:45:43 - [TEST_STEP][PASSED] - comment("Step 10: Retrieve the entered last name and convert it to lowercase"): Step 10: Retrieve the entered last name and convert it to lowercase

26-12-2024T18:45:43 - [MESSAGE][INFO] - Step 10: Retrieve the entered last name and convert it to lowercase

26-12-2024T18:45:43 - [TEST_STEP][PASSED] - lastname = getAttribute(findTestObject("Object Repository/Employee-Onboarding/Page_OrangeHRM/input_Employee Full Name_lastName"), "value").toLowerCase(): Attribute 'value' of object 'Object Repository/Employee-Onboarding/Page_OrangeHRM/input_Employee Full Name_lastName' is: 'Walsh'

26-12-2024T18:45:43 - [MESSAGE][PASSED] - Attribute 'value' of object 'Object Repository/Employee-Onboarding/Page_OrangeHRM/input_Employee Full Name_lastName' is: 'Walsh'

26-12-2024T18:45:43 - [TEST_STEP][PASSED] - comment("Step 11: Concatenate the first and last names to generate a username"): Step 11: Concatenate the first and last names to generate a username

26-12-2024T18:45:43 - [MESSAGE][INFO] - Step 11: Concatenate the first and last names to generate a username

26-12-2024T18:45:43 - [TEST_STEP][PASSED] - username = firstname + "." + lastname: null

26-12-2024T18:45:43 - [TEST_STEP][PASSED] - comment("Step 12: Set the username field with the generated username"): Step 12: Set the username field with the generated username

26-12-2024T18:45:43 - [MESSAGE][INFO] - Step 12: Set the username field with the generated username

26-12-2024T18:45:43 - [TEST_STEP][PASSED] - setText(findTestObject("Object Repository/Employee-Onboarding/Page_OrangeHRM/input_Username_oxd-input oxd-input--focus"), username): Text 'kelly.walsh' is set on object 'Object Repository/Employee-Onboarding/Page_OrangeHRM/input_Username_oxd-input oxd-input--focus'

26-12-2024T18:45:44 - [MESSAGE][PASSED] - Text 'kelly.walsh' is set on object 'Object Repository/Employee-Onboarding/Page_OrangeHRM/input_Username_oxd-input oxd-input--focus'

26-12-2024T18:45:44 - [TEST_STEP][PASSED] - comment("Step 13: Enter an encrypted password into the password field"): Step 13: Enter an encrypted password into the password field

26-12-2024T18:45:44 - [MESSAGE][INFO] - Step 13: Enter an encrypted password into the password field

26-12-2024T18:45:44 - [TEST_STEP][PASSED] - setEncryptedText(findTestObject("Object Repository/Employee-Onboarding/Page_OrangeHRM/input_Password_oxd-input oxd-input--active"), EmployeePassword): Text ****** has been set on object 'Object Repository/Employee-Onboarding/Page_OrangeHRM/input_Password_oxd-input oxd-input--active'

26-12-2024T18:45:44 - [MESSAGE][PASSED] - Text ****** has been set on object 'Object Repository/Employee-Onboarding/Page_OrangeHRM/input_Password_oxd-input oxd-input--active'

26-12-2024T18:45:44 - [TEST_STEP][PASSED] - comment("Step 14: Enter an encrypted password into the confirm password field"): Step 14: Enter an encrypted password into the confirm password field

26-12-2024T18:45:44 - [MESSAGE][INFO] - Step 14: Enter an encrypted password into the confirm password field

26-12-2024T18:45:44 - [TEST_STEP][PASSED] - setEncryptedText(findTestObject("Object Repository/Employee-Onboarding/Page_OrangeHRM/input_Confirm Password_oxd-input oxd-input-_a3aecb"), EmployeePassword): Text ****** has been set on object 'Object Repository/Employee-Onboarding/Page_OrangeHRM/input_Confirm Password_oxd-input oxd-input-_a3aecb'

26-12-2024T18:45:45 - [MESSAGE][PASSED] - Text ****** has been set on object 'Object Repository/Employee-Onboarding/Page_OrangeHRM/input_Confirm Password_oxd-input oxd-input-_a3aecb'

26-12-2024T18:45:45 - [TEST_STEP][PASSED] - comment("Step 15: Click the "Save" button to finalize adding the new employee"): Step 15: Click the "Save" button to finalize adding the new employee

26-12-2024T18:45:45 - [MESSAGE][INFO] - Step 15: Click the "Save" button to finalize adding the new employee

26-12-2024T18:45:45 - [TEST_STEP][PASSED] - click(findTestObject("Object Repository/Employee-Onboarding/Page_OrangeHRM/button_Save")): Object: 'Object Repository/Employee-Onboarding/Page_OrangeHRM/button_Save' is clicked on

26-12-2024T18:45:45 - [MESSAGE][PASSED] - Object: 'Object Repository/Employee-Onboarding/Page_OrangeHRM/button_Save' is clicked on

26-12-2024T18:45:45 - [TEST_STEP][PASSED] - delay(2): Delayed 2 second(s)

26-12-2024T18:45:47 - [MESSAGE][PASSED] - Delayed 2 second(s)]]></system-out>
         <system-err><![CDATA[]]></system-err>
      </testcase>
      <testcase name="Test Cases/Employee_Onboarding/TC_Employee_Onboarding" time="10.851" classname="Test Cases/Employee_Onboarding/TC_Employee_Onboarding" status="PASSED">
         <system-out><![CDATA[26-12-2024T18:45:47 - [TEST_CASE][PASSED] - Test Cases/Employee_Onboarding/TC_Employee_Onboarding: Test Cases/Employee_Onboarding/TC_Employee_Onboarding

26-12-2024T18:45:47 - [TEST_STEP][PASSED] - comment("Step 1: Click on the PIM module link"): Step 1: Click on the PIM module link

26-12-2024T18:45:47 - [MESSAGE][INFO] - Step 1: Click on the PIM module link

26-12-2024T18:45:47 - [TEST_STEP][PASSED] - click(findTestObject("Object Repository/Employee-Onboarding/Page_OrangeHRM/a_PIM")): Object: 'Object Repository/Employee-Onboarding/Page_OrangeHRM/a_PIM' is clicked on

26-12-2024T18:45:48 - [MESSAGE][PASSED] - Object: 'Object Repository/Employee-Onboarding/Page_OrangeHRM/a_PIM' is clicked on

26-12-2024T18:45:48 - [TEST_STEP][PASSED] - comment("Step 2: Click the "Add" button to add a new employee"): Step 2: Click the "Add" button to add a new employee

26-12-2024T18:45:48 - [MESSAGE][INFO] - Step 2: Click the "Add" button to add a new employee

26-12-2024T18:45:48 - [TEST_STEP][PASSED] - click(findTestObject("Object Repository/Employee-Onboarding/Page_OrangeHRM/button_Add")): Object: 'Object Repository/Employee-Onboarding/Page_OrangeHRM/button_Add' is clicked on

26-12-2024T18:45:50 - [MESSAGE][PASSED] - Object: 'Object Repository/Employee-Onboarding/Page_OrangeHRM/button_Add' is clicked on

26-12-2024T18:45:50 - [TEST_STEP][PASSED] - comment("Step 3: Focus on the "First Name" input field"): Step 3: Focus on the "First Name" input field

26-12-2024T18:45:50 - [MESSAGE][INFO] - Step 3: Focus on the "First Name" input field

26-12-2024T18:45:50 - [TEST_STEP][PASSED] - click(findTestObject("Object Repository/Employee-Onboarding/Page_OrangeHRM/input_Employee Full Name_firstName")): Object: 'Object Repository/Employee-Onboarding/Page_OrangeHRM/input_Employee Full Name_firstName' is clicked on

26-12-2024T18:45:52 - [MESSAGE][PASSED] - Object: 'Object Repository/Employee-Onboarding/Page_OrangeHRM/input_Employee Full Name_firstName' is clicked on

26-12-2024T18:45:52 - [TEST_STEP][PASSED] - comment("Step 4: Enter the employee's first name"): Step 4: Enter the employee's first name

26-12-2024T18:45:52 - [MESSAGE][INFO] - Step 4: Enter the employee's first name

26-12-2024T18:45:52 - [TEST_STEP][PASSED] - setText(findTestObject("Object Repository/Employee-Onboarding/Page_OrangeHRM/input_Employee Full Name_firstName"), Firstname): Text 'Sandra' is set on object 'Object Repository/Employee-Onboarding/Page_OrangeHRM/input_Employee Full Name_firstName'

26-12-2024T18:45:52 - [MESSAGE][PASSED] - Text 'Sandra' is set on object 'Object Repository/Employee-Onboarding/Page_OrangeHRM/input_Employee Full Name_firstName'

26-12-2024T18:45:52 - [TEST_STEP][PASSED] - comment("Step 5: Enter the employee's last name"): Step 5: Enter the employee's last name

26-12-2024T18:45:52 - [MESSAGE][INFO] - Step 5: Enter the employee's last name

26-12-2024T18:45:52 - [TEST_STEP][PASSED] - setText(findTestObject("Object Repository/Employee-Onboarding/Page_OrangeHRM/input_Employee Full Name_lastName"), Lastname): Text 'Howard' is set on object 'Object Repository/Employee-Onboarding/Page_OrangeHRM/input_Employee Full Name_lastName'

26-12-2024T18:45:53 - [MESSAGE][PASSED] - Text 'Howard' is set on object 'Object Repository/Employee-Onboarding/Page_OrangeHRM/input_Employee Full Name_lastName'

26-12-2024T18:45:53 - [TEST_STEP][PASSED] - comment("Step 6: Clear the default value in the "Employee ID" field"): Step 6: Clear the default value in the "Employee ID" field

26-12-2024T18:45:53 - [MESSAGE][INFO] - Step 6: Clear the default value in the "Employee ID" field

26-12-2024T18:45:53 - [TEST_STEP][PASSED] - clearText(findTestObject("Object Repository/Employee-Onboarding/Page_OrangeHRM/input_Employee Id_oxd-input oxd-input--focus")): Text of object 'Object Repository/Employee-Onboarding/Page_OrangeHRM/input_Employee Id_oxd-input oxd-input--focus' is cleared

26-12-2024T18:45:53 - [MESSAGE][PASSED] - Text of object 'Object Repository/Employee-Onboarding/Page_OrangeHRM/input_Employee Id_oxd-input oxd-input--focus' is cleared

26-12-2024T18:45:53 - [TEST_STEP][PASSED] - comment("Step 7: Set the employee ID field with a new value"): Step 7: Set the employee ID field with a new value

26-12-2024T18:45:53 - [MESSAGE][INFO] - Step 7: Set the employee ID field with a new value

26-12-2024T18:45:53 - [TEST_STEP][PASSED] - setText(findTestObject("Object Repository/Employee-Onboarding/Page_OrangeHRM/input_Employee Id_oxd-input oxd-input--focus"), ""): Text '' is set on object 'Object Repository/Employee-Onboarding/Page_OrangeHRM/input_Employee Id_oxd-input oxd-input--focus'

26-12-2024T18:45:53 - [MESSAGE][PASSED] - Text '' is set on object 'Object Repository/Employee-Onboarding/Page_OrangeHRM/input_Employee Id_oxd-input oxd-input--focus'

26-12-2024T18:45:53 - [TEST_STEP][PASSED] - comment("Step 8: Toggle the switch related to the Employee ID"): Step 8: Toggle the switch related to the Employee ID

26-12-2024T18:45:53 - [MESSAGE][INFO] - Step 8: Toggle the switch related to the Employee ID

26-12-2024T18:45:53 - [TEST_STEP][PASSED] - click(findTestObject("Object Repository/Employee-Onboarding/Page_OrangeHRM/span_Employee Id_oxd-switch-input oxd-switc_efe210")): Object: 'Object Repository/Employee-Onboarding/Page_OrangeHRM/span_Employee Id_oxd-switch-input oxd-switc_efe210' is clicked on

26-12-2024T18:45:54 - [MESSAGE][PASSED] - Object: 'Object Repository/Employee-Onboarding/Page_OrangeHRM/span_Employee Id_oxd-switch-input oxd-switc_efe210' is clicked on

26-12-2024T18:45:54 - [TEST_STEP][PASSED] - comment("Step 9: Retrieve the entered first name and convert it to lowercase"): Step 9: Retrieve the entered first name and convert it to lowercase

26-12-2024T18:45:54 - [MESSAGE][INFO] - Step 9: Retrieve the entered first name and convert it to lowercase

26-12-2024T18:45:54 - [TEST_STEP][PASSED] - firstname = getAttribute(findTestObject("Object Repository/Employee-Onboarding/Page_OrangeHRM/input_Employee Full Name_firstName"), "value").toLowerCase(): Attribute 'value' of object 'Object Repository/Employee-Onboarding/Page_OrangeHRM/input_Employee Full Name_firstName' is: 'Sandra'

26-12-2024T18:45:54 - [MESSAGE][PASSED] - Attribute 'value' of object 'Object Repository/Employee-Onboarding/Page_OrangeHRM/input_Employee Full Name_firstName' is: 'Sandra'

26-12-2024T18:45:54 - [TEST_STEP][PASSED] - comment("Step 10: Retrieve the entered last name and convert it to lowercase"): Step 10: Retrieve the entered last name and convert it to lowercase

26-12-2024T18:45:54 - [MESSAGE][INFO] - Step 10: Retrieve the entered last name and convert it to lowercase

26-12-2024T18:45:54 - [TEST_STEP][PASSED] - lastname = getAttribute(findTestObject("Object Repository/Employee-Onboarding/Page_OrangeHRM/input_Employee Full Name_lastName"), "value").toLowerCase(): Attribute 'value' of object 'Object Repository/Employee-Onboarding/Page_OrangeHRM/input_Employee Full Name_lastName' is: 'Howard'

26-12-2024T18:45:54 - [MESSAGE][PASSED] - Attribute 'value' of object 'Object Repository/Employee-Onboarding/Page_OrangeHRM/input_Employee Full Name_lastName' is: 'Howard'

26-12-2024T18:45:54 - [TEST_STEP][PASSED] - comment("Step 11: Concatenate the first and last names to generate a username"): Step 11: Concatenate the first and last names to generate a username

26-12-2024T18:45:54 - [MESSAGE][INFO] - Step 11: Concatenate the first and last names to generate a username

26-12-2024T18:45:54 - [TEST_STEP][PASSED] - username = firstname + "." + lastname: null

26-12-2024T18:45:54 - [TEST_STEP][PASSED] - comment("Step 12: Set the username field with the generated username"): Step 12: Set the username field with the generated username

26-12-2024T18:45:54 - [MESSAGE][INFO] - Step 12: Set the username field with the generated username

26-12-2024T18:45:54 - [TEST_STEP][PASSED] - setText(findTestObject("Object Repository/Employee-Onboarding/Page_OrangeHRM/input_Username_oxd-input oxd-input--focus"), username): Text 'sandra.howard' is set on object 'Object Repository/Employee-Onboarding/Page_OrangeHRM/input_Username_oxd-input oxd-input--focus'

26-12-2024T18:45:55 - [MESSAGE][PASSED] - Text 'sandra.howard' is set on object 'Object Repository/Employee-Onboarding/Page_OrangeHRM/input_Username_oxd-input oxd-input--focus'

26-12-2024T18:45:55 - [TEST_STEP][PASSED] - comment("Step 13: Enter an encrypted password into the password field"): Step 13: Enter an encrypted password into the password field

26-12-2024T18:45:55 - [MESSAGE][INFO] - Step 13: Enter an encrypted password into the password field

26-12-2024T18:45:55 - [TEST_STEP][PASSED] - setEncryptedText(findTestObject("Object Repository/Employee-Onboarding/Page_OrangeHRM/input_Password_oxd-input oxd-input--active"), EmployeePassword): Text ****** has been set on object 'Object Repository/Employee-Onboarding/Page_OrangeHRM/input_Password_oxd-input oxd-input--active'

26-12-2024T18:45:55 - [MESSAGE][PASSED] - Text ****** has been set on object 'Object Repository/Employee-Onboarding/Page_OrangeHRM/input_Password_oxd-input oxd-input--active'

26-12-2024T18:45:55 - [TEST_STEP][PASSED] - comment("Step 14: Enter an encrypted password into the confirm password field"): Step 14: Enter an encrypted password into the confirm password field

26-12-2024T18:45:55 - [MESSAGE][INFO] - Step 14: Enter an encrypted password into the confirm password field

26-12-2024T18:45:55 - [TEST_STEP][PASSED] - setEncryptedText(findTestObject("Object Repository/Employee-Onboarding/Page_OrangeHRM/input_Confirm Password_oxd-input oxd-input-_a3aecb"), EmployeePassword): Text ****** has been set on object 'Object Repository/Employee-Onboarding/Page_OrangeHRM/input_Confirm Password_oxd-input oxd-input-_a3aecb'

26-12-2024T18:45:56 - [MESSAGE][PASSED] - Text ****** has been set on object 'Object Repository/Employee-Onboarding/Page_OrangeHRM/input_Confirm Password_oxd-input oxd-input-_a3aecb'

26-12-2024T18:45:56 - [TEST_STEP][PASSED] - comment("Step 15: Click the "Save" button to finalize adding the new employee"): Step 15: Click the "Save" button to finalize adding the new employee

26-12-2024T18:45:56 - [MESSAGE][INFO] - Step 15: Click the "Save" button to finalize adding the new employee

26-12-2024T18:45:56 - [TEST_STEP][PASSED] - click(findTestObject("Object Repository/Employee-Onboarding/Page_OrangeHRM/button_Save")): Object: 'Object Repository/Employee-Onboarding/Page_OrangeHRM/button_Save' is clicked on

26-12-2024T18:45:56 - [MESSAGE][PASSED] - Object: 'Object Repository/Employee-Onboarding/Page_OrangeHRM/button_Save' is clicked on

26-12-2024T18:45:56 - [TEST_STEP][PASSED] - delay(2): Delayed 2 second(s)

26-12-2024T18:45:58 - [MESSAGE][PASSED] - Delayed 2 second(s)]]></system-out>
         <system-err><![CDATA[]]></system-err>
      </testcase>
      <testcase name="Test Cases/Employee_Onboarding/TC_Employee_Onboarding" time="11.42" classname="Test Cases/Employee_Onboarding/TC_Employee_Onboarding" status="PASSED">
         <system-out><![CDATA[26-12-2024T18:45:58 - [TEST_CASE][PASSED] - Test Cases/Employee_Onboarding/TC_Employee_Onboarding: Test Cases/Employee_Onboarding/TC_Employee_Onboarding

26-12-2024T18:45:58 - [TEST_STEP][PASSED] - comment("Step 1: Click on the PIM module link"): Step 1: Click on the PIM module link

26-12-2024T18:45:58 - [MESSAGE][INFO] - Step 1: Click on the PIM module link

26-12-2024T18:45:58 - [TEST_STEP][PASSED] - click(findTestObject("Object Repository/Employee-Onboarding/Page_OrangeHRM/a_PIM")): Object: 'Object Repository/Employee-Onboarding/Page_OrangeHRM/a_PIM' is clicked on

26-12-2024T18:45:59 - [MESSAGE][PASSED] - Object: 'Object Repository/Employee-Onboarding/Page_OrangeHRM/a_PIM' is clicked on

26-12-2024T18:45:59 - [TEST_STEP][PASSED] - comment("Step 2: Click the "Add" button to add a new employee"): Step 2: Click the "Add" button to add a new employee

26-12-2024T18:45:59 - [MESSAGE][INFO] - Step 2: Click the "Add" button to add a new employee

26-12-2024T18:45:59 - [TEST_STEP][PASSED] - click(findTestObject("Object Repository/Employee-Onboarding/Page_OrangeHRM/button_Add")): Object: 'Object Repository/Employee-Onboarding/Page_OrangeHRM/button_Add' is clicked on

26-12-2024T18:46:02 - [MESSAGE][PASSED] - Object: 'Object Repository/Employee-Onboarding/Page_OrangeHRM/button_Add' is clicked on

26-12-2024T18:46:02 - [TEST_STEP][PASSED] - comment("Step 3: Focus on the "First Name" input field"): Step 3: Focus on the "First Name" input field

26-12-2024T18:46:02 - [MESSAGE][INFO] - Step 3: Focus on the "First Name" input field

26-12-2024T18:46:02 - [TEST_STEP][PASSED] - click(findTestObject("Object Repository/Employee-Onboarding/Page_OrangeHRM/input_Employee Full Name_firstName")): Object: 'Object Repository/Employee-Onboarding/Page_OrangeHRM/input_Employee Full Name_firstName' is clicked on

26-12-2024T18:46:03 - [MESSAGE][PASSED] - Object: 'Object Repository/Employee-Onboarding/Page_OrangeHRM/input_Employee Full Name_firstName' is clicked on

26-12-2024T18:46:03 - [TEST_STEP][PASSED] - comment("Step 4: Enter the employee's first name"): Step 4: Enter the employee's first name

26-12-2024T18:46:03 - [MESSAGE][INFO] - Step 4: Enter the employee's first name

26-12-2024T18:46:03 - [TEST_STEP][PASSED] - setText(findTestObject("Object Repository/Employee-Onboarding/Page_OrangeHRM/input_Employee Full Name_firstName"), Firstname): Text 'Nancy' is set on object 'Object Repository/Employee-Onboarding/Page_OrangeHRM/input_Employee Full Name_firstName'

26-12-2024T18:46:04 - [MESSAGE][PASSED] - Text 'Nancy' is set on object 'Object Repository/Employee-Onboarding/Page_OrangeHRM/input_Employee Full Name_firstName'

26-12-2024T18:46:04 - [TEST_STEP][PASSED] - comment("Step 5: Enter the employee's last name"): Step 5: Enter the employee's last name

26-12-2024T18:46:04 - [MESSAGE][INFO] - Step 5: Enter the employee's last name

26-12-2024T18:46:04 - [TEST_STEP][PASSED] - setText(findTestObject("Object Repository/Employee-Onboarding/Page_OrangeHRM/input_Employee Full Name_lastName"), Lastname): Text 'Brennan' is set on object 'Object Repository/Employee-Onboarding/Page_OrangeHRM/input_Employee Full Name_lastName'

26-12-2024T18:46:04 - [MESSAGE][PASSED] - Text 'Brennan' is set on object 'Object Repository/Employee-Onboarding/Page_OrangeHRM/input_Employee Full Name_lastName'

26-12-2024T18:46:04 - [TEST_STEP][PASSED] - comment("Step 6: Clear the default value in the "Employee ID" field"): Step 6: Clear the default value in the "Employee ID" field

26-12-2024T18:46:04 - [MESSAGE][INFO] - Step 6: Clear the default value in the "Employee ID" field

26-12-2024T18:46:04 - [TEST_STEP][PASSED] - clearText(findTestObject("Object Repository/Employee-Onboarding/Page_OrangeHRM/input_Employee Id_oxd-input oxd-input--focus")): Text of object 'Object Repository/Employee-Onboarding/Page_OrangeHRM/input_Employee Id_oxd-input oxd-input--focus' is cleared

26-12-2024T18:46:04 - [MESSAGE][PASSED] - Text of object 'Object Repository/Employee-Onboarding/Page_OrangeHRM/input_Employee Id_oxd-input oxd-input--focus' is cleared

26-12-2024T18:46:04 - [TEST_STEP][PASSED] - comment("Step 7: Set the employee ID field with a new value"): Step 7: Set the employee ID field with a new value

26-12-2024T18:46:04 - [MESSAGE][INFO] - Step 7: Set the employee ID field with a new value

26-12-2024T18:46:04 - [TEST_STEP][PASSED] - setText(findTestObject("Object Repository/Employee-Onboarding/Page_OrangeHRM/input_Employee Id_oxd-input oxd-input--focus"), ""): Text '' is set on object 'Object Repository/Employee-Onboarding/Page_OrangeHRM/input_Employee Id_oxd-input oxd-input--focus'

26-12-2024T18:46:05 - [MESSAGE][PASSED] - Text '' is set on object 'Object Repository/Employee-Onboarding/Page_OrangeHRM/input_Employee Id_oxd-input oxd-input--focus'

26-12-2024T18:46:05 - [TEST_STEP][PASSED] - comment("Step 8: Toggle the switch related to the Employee ID"): Step 8: Toggle the switch related to the Employee ID

26-12-2024T18:46:05 - [MESSAGE][INFO] - Step 8: Toggle the switch related to the Employee ID

26-12-2024T18:46:05 - [TEST_STEP][PASSED] - click(findTestObject("Object Repository/Employee-Onboarding/Page_OrangeHRM/span_Employee Id_oxd-switch-input oxd-switc_efe210")): Object: 'Object Repository/Employee-Onboarding/Page_OrangeHRM/span_Employee Id_oxd-switch-input oxd-switc_efe210' is clicked on

26-12-2024T18:46:05 - [MESSAGE][PASSED] - Object: 'Object Repository/Employee-Onboarding/Page_OrangeHRM/span_Employee Id_oxd-switch-input oxd-switc_efe210' is clicked on

26-12-2024T18:46:05 - [TEST_STEP][PASSED] - comment("Step 9: Retrieve the entered first name and convert it to lowercase"): Step 9: Retrieve the entered first name and convert it to lowercase

26-12-2024T18:46:05 - [MESSAGE][INFO] - Step 9: Retrieve the entered first name and convert it to lowercase

26-12-2024T18:46:05 - [TEST_STEP][PASSED] - firstname = getAttribute(findTestObject("Object Repository/Employee-Onboarding/Page_OrangeHRM/input_Employee Full Name_firstName"), "value").toLowerCase(): Attribute 'value' of object 'Object Repository/Employee-Onboarding/Page_OrangeHRM/input_Employee Full Name_firstName' is: 'Nancy'

26-12-2024T18:46:06 - [MESSAGE][PASSED] - Attribute 'value' of object 'Object Repository/Employee-Onboarding/Page_OrangeHRM/input_Employee Full Name_firstName' is: 'Nancy'

26-12-2024T18:46:06 - [TEST_STEP][PASSED] - comment("Step 10: Retrieve the entered last name and convert it to lowercase"): Step 10: Retrieve the entered last name and convert it to lowercase

26-12-2024T18:46:06 - [MESSAGE][INFO] - Step 10: Retrieve the entered last name and convert it to lowercase

26-12-2024T18:46:06 - [TEST_STEP][PASSED] - lastname = getAttribute(findTestObject("Object Repository/Employee-Onboarding/Page_OrangeHRM/input_Employee Full Name_lastName"), "value").toLowerCase(): Attribute 'value' of object 'Object Repository/Employee-Onboarding/Page_OrangeHRM/input_Employee Full Name_lastName' is: 'Brennan'

26-12-2024T18:46:06 - [MESSAGE][PASSED] - Attribute 'value' of object 'Object Repository/Employee-Onboarding/Page_OrangeHRM/input_Employee Full Name_lastName' is: 'Brennan'

26-12-2024T18:46:06 - [TEST_STEP][PASSED] - comment("Step 11: Concatenate the first and last names to generate a username"): Step 11: Concatenate the first and last names to generate a username

26-12-2024T18:46:06 - [MESSAGE][INFO] - Step 11: Concatenate the first and last names to generate a username

26-12-2024T18:46:06 - [TEST_STEP][PASSED] - username = firstname + "." + lastname: null

26-12-2024T18:46:06 - [TEST_STEP][PASSED] - comment("Step 12: Set the username field with the generated username"): Step 12: Set the username field with the generated username

26-12-2024T18:46:06 - [MESSAGE][INFO] - Step 12: Set the username field with the generated username

26-12-2024T18:46:06 - [TEST_STEP][PASSED] - setText(findTestObject("Object Repository/Employee-Onboarding/Page_OrangeHRM/input_Username_oxd-input oxd-input--focus"), username): Text 'nancy.brennan' is set on object 'Object Repository/Employee-Onboarding/Page_OrangeHRM/input_Username_oxd-input oxd-input--focus'

26-12-2024T18:46:06 - [MESSAGE][PASSED] - Text 'nancy.brennan' is set on object 'Object Repository/Employee-Onboarding/Page_OrangeHRM/input_Username_oxd-input oxd-input--focus'

26-12-2024T18:46:06 - [TEST_STEP][PASSED] - comment("Step 13: Enter an encrypted password into the password field"): Step 13: Enter an encrypted password into the password field

26-12-2024T18:46:06 - [MESSAGE][INFO] - Step 13: Enter an encrypted password into the password field

26-12-2024T18:46:06 - [TEST_STEP][PASSED] - setEncryptedText(findTestObject("Object Repository/Employee-Onboarding/Page_OrangeHRM/input_Password_oxd-input oxd-input--active"), EmployeePassword): Text ****** has been set on object 'Object Repository/Employee-Onboarding/Page_OrangeHRM/input_Password_oxd-input oxd-input--active'

26-12-2024T18:46:07 - [MESSAGE][PASSED] - Text ****** has been set on object 'Object Repository/Employee-Onboarding/Page_OrangeHRM/input_Password_oxd-input oxd-input--active'

26-12-2024T18:46:07 - [TEST_STEP][PASSED] - comment("Step 14: Enter an encrypted password into the confirm password field"): Step 14: Enter an encrypted password into the confirm password field

26-12-2024T18:46:07 - [MESSAGE][INFO] - Step 14: Enter an encrypted password into the confirm password field

26-12-2024T18:46:07 - [TEST_STEP][PASSED] - setEncryptedText(findTestObject("Object Repository/Employee-Onboarding/Page_OrangeHRM/input_Confirm Password_oxd-input oxd-input-_a3aecb"), EmployeePassword): Text ****** has been set on object 'Object Repository/Employee-Onboarding/Page_OrangeHRM/input_Confirm Password_oxd-input oxd-input-_a3aecb'

26-12-2024T18:46:07 - [MESSAGE][PASSED] - Text ****** has been set on object 'Object Repository/Employee-Onboarding/Page_OrangeHRM/input_Confirm Password_oxd-input oxd-input-_a3aecb'

26-12-2024T18:46:07 - [TEST_STEP][PASSED] - comment("Step 15: Click the "Save" button to finalize adding the new employee"): Step 15: Click the "Save" button to finalize adding the new employee

26-12-2024T18:46:07 - [MESSAGE][INFO] - Step 15: Click the "Save" button to finalize adding the new employee

26-12-2024T18:46:07 - [TEST_STEP][PASSED] - click(findTestObject("Object Repository/Employee-Onboarding/Page_OrangeHRM/button_Save")): Object: 'Object Repository/Employee-Onboarding/Page_OrangeHRM/button_Save' is clicked on

26-12-2024T18:46:07 - [MESSAGE][PASSED] - Object: 'Object Repository/Employee-Onboarding/Page_OrangeHRM/button_Save' is clicked on

26-12-2024T18:46:07 - [TEST_STEP][PASSED] - delay(2): Delayed 2 second(s)

26-12-2024T18:46:09 - [MESSAGE][PASSED] - Delayed 2 second(s)]]></system-out>
         <system-err><![CDATA[]]></system-err>
      </testcase>
      <testcase name="Test Cases/Employee_Onboarding/TC_Employee_Onboarding" time="12.165" classname="Test Cases/Employee_Onboarding/TC_Employee_Onboarding" status="PASSED">
         <system-out><![CDATA[26-12-2024T18:46:09 - [TEST_CASE][PASSED] - Test Cases/Employee_Onboarding/TC_Employee_Onboarding: Test Cases/Employee_Onboarding/TC_Employee_Onboarding

26-12-2024T18:46:09 - [TEST_STEP][PASSED] - comment("Step 1: Click on the PIM module link"): Step 1: Click on the PIM module link

26-12-2024T18:46:09 - [MESSAGE][INFO] - Step 1: Click on the PIM module link

26-12-2024T18:46:09 - [TEST_STEP][PASSED] - click(findTestObject("Object Repository/Employee-Onboarding/Page_OrangeHRM/a_PIM")): Object: 'Object Repository/Employee-Onboarding/Page_OrangeHRM/a_PIM' is clicked on

26-12-2024T18:46:12 - [MESSAGE][PASSED] - Object: 'Object Repository/Employee-Onboarding/Page_OrangeHRM/a_PIM' is clicked on

26-12-2024T18:46:12 - [TEST_STEP][PASSED] - comment("Step 2: Click the "Add" button to add a new employee"): Step 2: Click the "Add" button to add a new employee

26-12-2024T18:46:12 - [MESSAGE][INFO] - Step 2: Click the "Add" button to add a new employee

26-12-2024T18:46:12 - [TEST_STEP][PASSED] - click(findTestObject("Object Repository/Employee-Onboarding/Page_OrangeHRM/button_Add")): Object: 'Object Repository/Employee-Onboarding/Page_OrangeHRM/button_Add' is clicked on

26-12-2024T18:46:14 - [MESSAGE][PASSED] - Object: 'Object Repository/Employee-Onboarding/Page_OrangeHRM/button_Add' is clicked on

26-12-2024T18:46:14 - [TEST_STEP][PASSED] - comment("Step 3: Focus on the "First Name" input field"): Step 3: Focus on the "First Name" input field

26-12-2024T18:46:14 - [MESSAGE][INFO] - Step 3: Focus on the "First Name" input field

26-12-2024T18:46:14 - [TEST_STEP][PASSED] - click(findTestObject("Object Repository/Employee-Onboarding/Page_OrangeHRM/input_Employee Full Name_firstName")): Object: 'Object Repository/Employee-Onboarding/Page_OrangeHRM/input_Employee Full Name_firstName' is clicked on

26-12-2024T18:46:15 - [MESSAGE][PASSED] - Object: 'Object Repository/Employee-Onboarding/Page_OrangeHRM/input_Employee Full Name_firstName' is clicked on

26-12-2024T18:46:15 - [TEST_STEP][PASSED] - comment("Step 4: Enter the employee's first name"): Step 4: Enter the employee's first name

26-12-2024T18:46:15 - [MESSAGE][INFO] - Step 4: Enter the employee's first name

26-12-2024T18:46:15 - [TEST_STEP][PASSED] - setText(findTestObject("Object Repository/Employee-Onboarding/Page_OrangeHRM/input_Employee Full Name_firstName"), Firstname): Text 'Nathan' is set on object 'Object Repository/Employee-Onboarding/Page_OrangeHRM/input_Employee Full Name_firstName'

26-12-2024T18:46:16 - [MESSAGE][PASSED] - Text 'Nathan' is set on object 'Object Repository/Employee-Onboarding/Page_OrangeHRM/input_Employee Full Name_firstName'

26-12-2024T18:46:16 - [TEST_STEP][PASSED] - comment("Step 5: Enter the employee's last name"): Step 5: Enter the employee's last name

26-12-2024T18:46:16 - [MESSAGE][INFO] - Step 5: Enter the employee's last name

26-12-2024T18:46:16 - [TEST_STEP][PASSED] - setText(findTestObject("Object Repository/Employee-Onboarding/Page_OrangeHRM/input_Employee Full Name_lastName"), Lastname): Text 'Warren' is set on object 'Object Repository/Employee-Onboarding/Page_OrangeHRM/input_Employee Full Name_lastName'

26-12-2024T18:46:16 - [MESSAGE][PASSED] - Text 'Warren' is set on object 'Object Repository/Employee-Onboarding/Page_OrangeHRM/input_Employee Full Name_lastName'

26-12-2024T18:46:16 - [TEST_STEP][PASSED] - comment("Step 6: Clear the default value in the "Employee ID" field"): Step 6: Clear the default value in the "Employee ID" field

26-12-2024T18:46:16 - [MESSAGE][INFO] - Step 6: Clear the default value in the "Employee ID" field

26-12-2024T18:46:16 - [TEST_STEP][PASSED] - clearText(findTestObject("Object Repository/Employee-Onboarding/Page_OrangeHRM/input_Employee Id_oxd-input oxd-input--focus")): Text of object 'Object Repository/Employee-Onboarding/Page_OrangeHRM/input_Employee Id_oxd-input oxd-input--focus' is cleared

26-12-2024T18:46:17 - [MESSAGE][PASSED] - Text of object 'Object Repository/Employee-Onboarding/Page_OrangeHRM/input_Employee Id_oxd-input oxd-input--focus' is cleared

26-12-2024T18:46:17 - [TEST_STEP][PASSED] - comment("Step 7: Set the employee ID field with a new value"): Step 7: Set the employee ID field with a new value

26-12-2024T18:46:17 - [MESSAGE][INFO] - Step 7: Set the employee ID field with a new value

26-12-2024T18:46:17 - [TEST_STEP][PASSED] - setText(findTestObject("Object Repository/Employee-Onboarding/Page_OrangeHRM/input_Employee Id_oxd-input oxd-input--focus"), ""): Text '' is set on object 'Object Repository/Employee-Onboarding/Page_OrangeHRM/input_Employee Id_oxd-input oxd-input--focus'

26-12-2024T18:46:17 - [MESSAGE][PASSED] - Text '' is set on object 'Object Repository/Employee-Onboarding/Page_OrangeHRM/input_Employee Id_oxd-input oxd-input--focus'

26-12-2024T18:46:17 - [TEST_STEP][PASSED] - comment("Step 8: Toggle the switch related to the Employee ID"): Step 8: Toggle the switch related to the Employee ID

26-12-2024T18:46:17 - [MESSAGE][INFO] - Step 8: Toggle the switch related to the Employee ID

26-12-2024T18:46:17 - [TEST_STEP][PASSED] - click(findTestObject("Object Repository/Employee-Onboarding/Page_OrangeHRM/span_Employee Id_oxd-switch-input oxd-switc_efe210")): Object: 'Object Repository/Employee-Onboarding/Page_OrangeHRM/span_Employee Id_oxd-switch-input oxd-switc_efe210' is clicked on

26-12-2024T18:46:17 - [MESSAGE][PASSED] - Object: 'Object Repository/Employee-Onboarding/Page_OrangeHRM/span_Employee Id_oxd-switch-input oxd-switc_efe210' is clicked on

26-12-2024T18:46:17 - [TEST_STEP][PASSED] - comment("Step 9: Retrieve the entered first name and convert it to lowercase"): Step 9: Retrieve the entered first name and convert it to lowercase

26-12-2024T18:46:17 - [MESSAGE][INFO] - Step 9: Retrieve the entered first name and convert it to lowercase

26-12-2024T18:46:17 - [TEST_STEP][PASSED] - firstname = getAttribute(findTestObject("Object Repository/Employee-Onboarding/Page_OrangeHRM/input_Employee Full Name_firstName"), "value").toLowerCase(): Attribute 'value' of object 'Object Repository/Employee-Onboarding/Page_OrangeHRM/input_Employee Full Name_firstName' is: 'Nathan'

26-12-2024T18:46:18 - [MESSAGE][PASSED] - Attribute 'value' of object 'Object Repository/Employee-Onboarding/Page_OrangeHRM/input_Employee Full Name_firstName' is: 'Nathan'

26-12-2024T18:46:18 - [TEST_STEP][PASSED] - comment("Step 10: Retrieve the entered last name and convert it to lowercase"): Step 10: Retrieve the entered last name and convert it to lowercase

26-12-2024T18:46:18 - [MESSAGE][INFO] - Step 10: Retrieve the entered last name and convert it to lowercase

26-12-2024T18:46:18 - [TEST_STEP][PASSED] - lastname = getAttribute(findTestObject("Object Repository/Employee-Onboarding/Page_OrangeHRM/input_Employee Full Name_lastName"), "value").toLowerCase(): Attribute 'value' of object 'Object Repository/Employee-Onboarding/Page_OrangeHRM/input_Employee Full Name_lastName' is: 'Warren'

26-12-2024T18:46:18 - [MESSAGE][PASSED] - Attribute 'value' of object 'Object Repository/Employee-Onboarding/Page_OrangeHRM/input_Employee Full Name_lastName' is: 'Warren'

26-12-2024T18:46:18 - [TEST_STEP][PASSED] - comment("Step 11: Concatenate the first and last names to generate a username"): Step 11: Concatenate the first and last names to generate a username

26-12-2024T18:46:18 - [MESSAGE][INFO] - Step 11: Concatenate the first and last names to generate a username

26-12-2024T18:46:18 - [TEST_STEP][PASSED] - username = firstname + "." + lastname: null

26-12-2024T18:46:18 - [TEST_STEP][PASSED] - comment("Step 12: Set the username field with the generated username"): Step 12: Set the username field with the generated username

26-12-2024T18:46:18 - [MESSAGE][INFO] - Step 12: Set the username field with the generated username

26-12-2024T18:46:18 - [TEST_STEP][PASSED] - setText(findTestObject("Object Repository/Employee-Onboarding/Page_OrangeHRM/input_Username_oxd-input oxd-input--focus"), username): Text 'nathan.warren' is set on object 'Object Repository/Employee-Onboarding/Page_OrangeHRM/input_Username_oxd-input oxd-input--focus'

26-12-2024T18:46:18 - [MESSAGE][PASSED] - Text 'nathan.warren' is set on object 'Object Repository/Employee-Onboarding/Page_OrangeHRM/input_Username_oxd-input oxd-input--focus'

26-12-2024T18:46:18 - [TEST_STEP][PASSED] - comment("Step 13: Enter an encrypted password into the password field"): Step 13: Enter an encrypted password into the password field

26-12-2024T18:46:18 - [MESSAGE][INFO] - Step 13: Enter an encrypted password into the password field

26-12-2024T18:46:18 - [TEST_STEP][PASSED] - setEncryptedText(findTestObject("Object Repository/Employee-Onboarding/Page_OrangeHRM/input_Password_oxd-input oxd-input--active"), EmployeePassword): Text ****** has been set on object 'Object Repository/Employee-Onboarding/Page_OrangeHRM/input_Password_oxd-input oxd-input--active'

26-12-2024T18:46:19 - [MESSAGE][PASSED] - Text ****** has been set on object 'Object Repository/Employee-Onboarding/Page_OrangeHRM/input_Password_oxd-input oxd-input--active'

26-12-2024T18:46:19 - [TEST_STEP][PASSED] - comment("Step 14: Enter an encrypted password into the confirm password field"): Step 14: Enter an encrypted password into the confirm password field

26-12-2024T18:46:19 - [MESSAGE][INFO] - Step 14: Enter an encrypted password into the confirm password field

26-12-2024T18:46:19 - [TEST_STEP][PASSED] - setEncryptedText(findTestObject("Object Repository/Employee-Onboarding/Page_OrangeHRM/input_Confirm Password_oxd-input oxd-input-_a3aecb"), EmployeePassword): Text ****** has been set on object 'Object Repository/Employee-Onboarding/Page_OrangeHRM/input_Confirm Password_oxd-input oxd-input-_a3aecb'

26-12-2024T18:46:19 - [MESSAGE][PASSED] - Text ****** has been set on object 'Object Repository/Employee-Onboarding/Page_OrangeHRM/input_Confirm Password_oxd-input oxd-input-_a3aecb'

26-12-2024T18:46:19 - [TEST_STEP][PASSED] - comment("Step 15: Click the "Save" button to finalize adding the new employee"): Step 15: Click the "Save" button to finalize adding the new employee

26-12-2024T18:46:19 - [MESSAGE][INFO] - Step 15: Click the "Save" button to finalize adding the new employee

26-12-2024T18:46:19 - [TEST_STEP][PASSED] - click(findTestObject("Object Repository/Employee-Onboarding/Page_OrangeHRM/button_Save")): Object: 'Object Repository/Employee-Onboarding/Page_OrangeHRM/button_Save' is clicked on

26-12-2024T18:46:19 - [MESSAGE][PASSED] - Object: 'Object Repository/Employee-Onboarding/Page_OrangeHRM/button_Save' is clicked on

26-12-2024T18:46:19 - [TEST_STEP][PASSED] - delay(2): Delayed 2 second(s)

26-12-2024T18:46:21 - [MESSAGE][PASSED] - Delayed 2 second(s)]]></system-out>
         <system-err><![CDATA[]]></system-err>
      </testcase>
      <testcase name="Test Cases/Employee_Onboarding/TC_Employee_Onboarding" time="11.165" classname="Test Cases/Employee_Onboarding/TC_Employee_Onboarding" status="PASSED">
         <system-out><![CDATA[26-12-2024T18:46:21 - [TEST_CASE][PASSED] - Test Cases/Employee_Onboarding/TC_Employee_Onboarding: Test Cases/Employee_Onboarding/TC_Employee_Onboarding

26-12-2024T18:46:21 - [TEST_STEP][PASSED] - comment("Step 1: Click on the PIM module link"): Step 1: Click on the PIM module link

26-12-2024T18:46:21 - [MESSAGE][INFO] - Step 1: Click on the PIM module link

26-12-2024T18:46:21 - [TEST_STEP][PASSED] - click(findTestObject("Object Repository/Employee-Onboarding/Page_OrangeHRM/a_PIM")): Object: 'Object Repository/Employee-Onboarding/Page_OrangeHRM/a_PIM' is clicked on

26-12-2024T18:46:23 - [MESSAGE][PASSED] - Object: 'Object Repository/Employee-Onboarding/Page_OrangeHRM/a_PIM' is clicked on

26-12-2024T18:46:23 - [TEST_STEP][PASSED] - comment("Step 2: Click the "Add" button to add a new employee"): Step 2: Click the "Add" button to add a new employee

26-12-2024T18:46:23 - [MESSAGE][INFO] - Step 2: Click the "Add" button to add a new employee

26-12-2024T18:46:23 - [TEST_STEP][PASSED] - click(findTestObject("Object Repository/Employee-Onboarding/Page_OrangeHRM/button_Add")): Object: 'Object Repository/Employee-Onboarding/Page_OrangeHRM/button_Add' is clicked on

26-12-2024T18:46:25 - [MESSAGE][PASSED] - Object: 'Object Repository/Employee-Onboarding/Page_OrangeHRM/button_Add' is clicked on

26-12-2024T18:46:25 - [TEST_STEP][PASSED] - comment("Step 3: Focus on the "First Name" input field"): Step 3: Focus on the "First Name" input field

26-12-2024T18:46:25 - [MESSAGE][INFO] - Step 3: Focus on the "First Name" input field

26-12-2024T18:46:25 - [TEST_STEP][PASSED] - click(findTestObject("Object Repository/Employee-Onboarding/Page_OrangeHRM/input_Employee Full Name_firstName")): Object: 'Object Repository/Employee-Onboarding/Page_OrangeHRM/input_Employee Full Name_firstName' is clicked on

26-12-2024T18:46:27 - [MESSAGE][PASSED] - Object: 'Object Repository/Employee-Onboarding/Page_OrangeHRM/input_Employee Full Name_firstName' is clicked on

26-12-2024T18:46:27 - [TEST_STEP][PASSED] - comment("Step 4: Enter the employee's first name"): Step 4: Enter the employee's first name

26-12-2024T18:46:27 - [MESSAGE][INFO] - Step 4: Enter the employee's first name

26-12-2024T18:46:27 - [TEST_STEP][PASSED] - setText(findTestObject("Object Repository/Employee-Onboarding/Page_OrangeHRM/input_Employee Full Name_firstName"), Firstname): Text 'Keith' is set on object 'Object Repository/Employee-Onboarding/Page_OrangeHRM/input_Employee Full Name_firstName'

26-12-2024T18:46:27 - [MESSAGE][PASSED] - Text 'Keith' is set on object 'Object Repository/Employee-Onboarding/Page_OrangeHRM/input_Employee Full Name_firstName'

26-12-2024T18:46:27 - [TEST_STEP][PASSED] - comment("Step 5: Enter the employee's last name"): Step 5: Enter the employee's last name

26-12-2024T18:46:27 - [MESSAGE][INFO] - Step 5: Enter the employee's last name

26-12-2024T18:46:27 - [TEST_STEP][PASSED] - setText(findTestObject("Object Repository/Employee-Onboarding/Page_OrangeHRM/input_Employee Full Name_lastName"), Lastname): Text 'Delgado' is set on object 'Object Repository/Employee-Onboarding/Page_OrangeHRM/input_Employee Full Name_lastName'

26-12-2024T18:46:28 - [MESSAGE][PASSED] - Text 'Delgado' is set on object 'Object Repository/Employee-Onboarding/Page_OrangeHRM/input_Employee Full Name_lastName'

26-12-2024T18:46:28 - [TEST_STEP][PASSED] - comment("Step 6: Clear the default value in the "Employee ID" field"): Step 6: Clear the default value in the "Employee ID" field

26-12-2024T18:46:28 - [MESSAGE][INFO] - Step 6: Clear the default value in the "Employee ID" field

26-12-2024T18:46:28 - [TEST_STEP][PASSED] - clearText(findTestObject("Object Repository/Employee-Onboarding/Page_OrangeHRM/input_Employee Id_oxd-input oxd-input--focus")): Text of object 'Object Repository/Employee-Onboarding/Page_OrangeHRM/input_Employee Id_oxd-input oxd-input--focus' is cleared

26-12-2024T18:46:28 - [MESSAGE][PASSED] - Text of object 'Object Repository/Employee-Onboarding/Page_OrangeHRM/input_Employee Id_oxd-input oxd-input--focus' is cleared

26-12-2024T18:46:28 - [TEST_STEP][PASSED] - comment("Step 7: Set the employee ID field with a new value"): Step 7: Set the employee ID field with a new value

26-12-2024T18:46:28 - [MESSAGE][INFO] - Step 7: Set the employee ID field with a new value

26-12-2024T18:46:28 - [TEST_STEP][PASSED] - setText(findTestObject("Object Repository/Employee-Onboarding/Page_OrangeHRM/input_Employee Id_oxd-input oxd-input--focus"), ""): Text '' is set on object 'Object Repository/Employee-Onboarding/Page_OrangeHRM/input_Employee Id_oxd-input oxd-input--focus'

26-12-2024T18:46:28 - [MESSAGE][PASSED] - Text '' is set on object 'Object Repository/Employee-Onboarding/Page_OrangeHRM/input_Employee Id_oxd-input oxd-input--focus'

26-12-2024T18:46:28 - [TEST_STEP][PASSED] - comment("Step 8: Toggle the switch related to the Employee ID"): Step 8: Toggle the switch related to the Employee ID

26-12-2024T18:46:28 - [MESSAGE][INFO] - Step 8: Toggle the switch related to the Employee ID

26-12-2024T18:46:28 - [TEST_STEP][PASSED] - click(findTestObject("Object Repository/Employee-Onboarding/Page_OrangeHRM/span_Employee Id_oxd-switch-input oxd-switc_efe210")): Object: 'Object Repository/Employee-Onboarding/Page_OrangeHRM/span_Employee Id_oxd-switch-input oxd-switc_efe210' is clicked on

26-12-2024T18:46:29 - [MESSAGE][PASSED] - Object: 'Object Repository/Employee-Onboarding/Page_OrangeHRM/span_Employee Id_oxd-switch-input oxd-switc_efe210' is clicked on

26-12-2024T18:46:29 - [TEST_STEP][PASSED] - comment("Step 9: Retrieve the entered first name and convert it to lowercase"): Step 9: Retrieve the entered first name and convert it to lowercase

26-12-2024T18:46:29 - [MESSAGE][INFO] - Step 9: Retrieve the entered first name and convert it to lowercase

26-12-2024T18:46:29 - [TEST_STEP][PASSED] - firstname = getAttribute(findTestObject("Object Repository/Employee-Onboarding/Page_OrangeHRM/input_Employee Full Name_firstName"), "value").toLowerCase(): Attribute 'value' of object 'Object Repository/Employee-Onboarding/Page_OrangeHRM/input_Employee Full Name_firstName' is: 'Keith'

26-12-2024T18:46:29 - [MESSAGE][PASSED] - Attribute 'value' of object 'Object Repository/Employee-Onboarding/Page_OrangeHRM/input_Employee Full Name_firstName' is: 'Keith'

26-12-2024T18:46:29 - [TEST_STEP][PASSED] - comment("Step 10: Retrieve the entered last name and convert it to lowercase"): Step 10: Retrieve the entered last name and convert it to lowercase

26-12-2024T18:46:29 - [MESSAGE][INFO] - Step 10: Retrieve the entered last name and convert it to lowercase

26-12-2024T18:46:29 - [TEST_STEP][PASSED] - lastname = getAttribute(findTestObject("Object Repository/Employee-Onboarding/Page_OrangeHRM/input_Employee Full Name_lastName"), "value").toLowerCase(): Attribute 'value' of object 'Object Repository/Employee-Onboarding/Page_OrangeHRM/input_Employee Full Name_lastName' is: 'Delgado'

26-12-2024T18:46:29 - [MESSAGE][PASSED] - Attribute 'value' of object 'Object Repository/Employee-Onboarding/Page_OrangeHRM/input_Employee Full Name_lastName' is: 'Delgado'

26-12-2024T18:46:29 - [TEST_STEP][PASSED] - comment("Step 11: Concatenate the first and last names to generate a username"): Step 11: Concatenate the first and last names to generate a username

26-12-2024T18:46:29 - [MESSAGE][INFO] - Step 11: Concatenate the first and last names to generate a username

26-12-2024T18:46:29 - [TEST_STEP][PASSED] - username = firstname + "." + lastname: null

26-12-2024T18:46:29 - [TEST_STEP][PASSED] - comment("Step 12: Set the username field with the generated username"): Step 12: Set the username field with the generated username

26-12-2024T18:46:29 - [MESSAGE][INFO] - Step 12: Set the username field with the generated username

26-12-2024T18:46:29 - [TEST_STEP][PASSED] - setText(findTestObject("Object Repository/Employee-Onboarding/Page_OrangeHRM/input_Username_oxd-input oxd-input--focus"), username): Text 'keith.delgado' is set on object 'Object Repository/Employee-Onboarding/Page_OrangeHRM/input_Username_oxd-input oxd-input--focus'

26-12-2024T18:46:30 - [MESSAGE][PASSED] - Text 'keith.delgado' is set on object 'Object Repository/Employee-Onboarding/Page_OrangeHRM/input_Username_oxd-input oxd-input--focus'

26-12-2024T18:46:30 - [TEST_STEP][PASSED] - comment("Step 13: Enter an encrypted password into the password field"): Step 13: Enter an encrypted password into the password field

26-12-2024T18:46:30 - [MESSAGE][INFO] - Step 13: Enter an encrypted password into the password field

26-12-2024T18:46:30 - [TEST_STEP][PASSED] - setEncryptedText(findTestObject("Object Repository/Employee-Onboarding/Page_OrangeHRM/input_Password_oxd-input oxd-input--active"), EmployeePassword): Text ****** has been set on object 'Object Repository/Employee-Onboarding/Page_OrangeHRM/input_Password_oxd-input oxd-input--active'

26-12-2024T18:46:30 - [MESSAGE][PASSED] - Text ****** has been set on object 'Object Repository/Employee-Onboarding/Page_OrangeHRM/input_Password_oxd-input oxd-input--active'

26-12-2024T18:46:30 - [TEST_STEP][PASSED] - comment("Step 14: Enter an encrypted password into the confirm password field"): Step 14: Enter an encrypted password into the confirm password field

26-12-2024T18:46:30 - [MESSAGE][INFO] - Step 14: Enter an encrypted password into the confirm password field

26-12-2024T18:46:30 - [TEST_STEP][PASSED] - setEncryptedText(findTestObject("Object Repository/Employee-Onboarding/Page_OrangeHRM/input_Confirm Password_oxd-input oxd-input-_a3aecb"), EmployeePassword): Text ****** has been set on object 'Object Repository/Employee-Onboarding/Page_OrangeHRM/input_Confirm Password_oxd-input oxd-input-_a3aecb'

26-12-2024T18:46:30 - [MESSAGE][PASSED] - Text ****** has been set on object 'Object Repository/Employee-Onboarding/Page_OrangeHRM/input_Confirm Password_oxd-input oxd-input-_a3aecb'

26-12-2024T18:46:30 - [TEST_STEP][PASSED] - comment("Step 15: Click the "Save" button to finalize adding the new employee"): Step 15: Click the "Save" button to finalize adding the new employee

26-12-2024T18:46:30 - [MESSAGE][INFO] - Step 15: Click the "Save" button to finalize adding the new employee

26-12-2024T18:46:30 - [TEST_STEP][PASSED] - click(findTestObject("Object Repository/Employee-Onboarding/Page_OrangeHRM/button_Save")): Object: 'Object Repository/Employee-Onboarding/Page_OrangeHRM/button_Save' is clicked on

26-12-2024T18:46:30 - [MESSAGE][PASSED] - Object: 'Object Repository/Employee-Onboarding/Page_OrangeHRM/button_Save' is clicked on

26-12-2024T18:46:30 - [TEST_STEP][PASSED] - delay(2): Delayed 2 second(s)

26-12-2024T18:46:32 - [MESSAGE][PASSED] - Delayed 2 second(s)]]></system-out>
         <system-err><![CDATA[]]></system-err>
      </testcase>
      <testcase name="Test Cases/Employee_Onboarding/TC_Employee_Onboarding" time="11.757" classname="Test Cases/Employee_Onboarding/TC_Employee_Onboarding" status="PASSED">
         <system-out><![CDATA[26-12-2024T18:46:32 - [TEST_CASE][PASSED] - Test Cases/Employee_Onboarding/TC_Employee_Onboarding: Test Cases/Employee_Onboarding/TC_Employee_Onboarding

26-12-2024T18:46:32 - [TEST_STEP][PASSED] - comment("Step 1: Click on the PIM module link"): Step 1: Click on the PIM module link

26-12-2024T18:46:32 - [MESSAGE][INFO] - Step 1: Click on the PIM module link

26-12-2024T18:46:32 - [TEST_STEP][PASSED] - click(findTestObject("Object Repository/Employee-Onboarding/Page_OrangeHRM/a_PIM")): Object: 'Object Repository/Employee-Onboarding/Page_OrangeHRM/a_PIM' is clicked on

26-12-2024T18:46:34 - [MESSAGE][PASSED] - Object: 'Object Repository/Employee-Onboarding/Page_OrangeHRM/a_PIM' is clicked on

26-12-2024T18:46:34 - [TEST_STEP][PASSED] - comment("Step 2: Click the "Add" button to add a new employee"): Step 2: Click the "Add" button to add a new employee

26-12-2024T18:46:34 - [MESSAGE][INFO] - Step 2: Click the "Add" button to add a new employee

26-12-2024T18:46:34 - [TEST_STEP][PASSED] - click(findTestObject("Object Repository/Employee-Onboarding/Page_OrangeHRM/button_Add")): Object: 'Object Repository/Employee-Onboarding/Page_OrangeHRM/button_Add' is clicked on

26-12-2024T18:46:37 - [MESSAGE][PASSED] - Object: 'Object Repository/Employee-Onboarding/Page_OrangeHRM/button_Add' is clicked on

26-12-2024T18:46:37 - [TEST_STEP][PASSED] - comment("Step 3: Focus on the "First Name" input field"): Step 3: Focus on the "First Name" input field

26-12-2024T18:46:37 - [MESSAGE][INFO] - Step 3: Focus on the "First Name" input field

26-12-2024T18:46:37 - [TEST_STEP][PASSED] - click(findTestObject("Object Repository/Employee-Onboarding/Page_OrangeHRM/input_Employee Full Name_firstName")): Object: 'Object Repository/Employee-Onboarding/Page_OrangeHRM/input_Employee Full Name_firstName' is clicked on

26-12-2024T18:46:38 - [MESSAGE][PASSED] - Object: 'Object Repository/Employee-Onboarding/Page_OrangeHRM/input_Employee Full Name_firstName' is clicked on

26-12-2024T18:46:38 - [TEST_STEP][PASSED] - comment("Step 4: Enter the employee's first name"): Step 4: Enter the employee's first name

26-12-2024T18:46:38 - [MESSAGE][INFO] - Step 4: Enter the employee's first name

26-12-2024T18:46:38 - [TEST_STEP][PASSED] - setText(findTestObject("Object Repository/Employee-Onboarding/Page_OrangeHRM/input_Employee Full Name_firstName"), Firstname): Text 'Victor' is set on object 'Object Repository/Employee-Onboarding/Page_OrangeHRM/input_Employee Full Name_firstName'

26-12-2024T18:46:39 - [MESSAGE][PASSED] - Text 'Victor' is set on object 'Object Repository/Employee-Onboarding/Page_OrangeHRM/input_Employee Full Name_firstName'

26-12-2024T18:46:39 - [TEST_STEP][PASSED] - comment("Step 5: Enter the employee's last name"): Step 5: Enter the employee's last name

26-12-2024T18:46:39 - [MESSAGE][INFO] - Step 5: Enter the employee's last name

26-12-2024T18:46:39 - [TEST_STEP][PASSED] - setText(findTestObject("Object Repository/Employee-Onboarding/Page_OrangeHRM/input_Employee Full Name_lastName"), Lastname): Text 'Mclaughlin' is set on object 'Object Repository/Employee-Onboarding/Page_OrangeHRM/input_Employee Full Name_lastName'

26-12-2024T18:46:39 - [MESSAGE][PASSED] - Text 'Mclaughlin' is set on object 'Object Repository/Employee-Onboarding/Page_OrangeHRM/input_Employee Full Name_lastName'

26-12-2024T18:46:39 - [TEST_STEP][PASSED] - comment("Step 6: Clear the default value in the "Employee ID" field"): Step 6: Clear the default value in the "Employee ID" field

26-12-2024T18:46:39 - [MESSAGE][INFO] - Step 6: Clear the default value in the "Employee ID" field

26-12-2024T18:46:39 - [TEST_STEP][PASSED] - clearText(findTestObject("Object Repository/Employee-Onboarding/Page_OrangeHRM/input_Employee Id_oxd-input oxd-input--focus")): Text of object 'Object Repository/Employee-Onboarding/Page_OrangeHRM/input_Employee Id_oxd-input oxd-input--focus' is cleared

26-12-2024T18:46:40 - [MESSAGE][PASSED] - Text of object 'Object Repository/Employee-Onboarding/Page_OrangeHRM/input_Employee Id_oxd-input oxd-input--focus' is cleared

26-12-2024T18:46:40 - [TEST_STEP][PASSED] - comment("Step 7: Set the employee ID field with a new value"): Step 7: Set the employee ID field with a new value

26-12-2024T18:46:40 - [MESSAGE][INFO] - Step 7: Set the employee ID field with a new value

26-12-2024T18:46:40 - [TEST_STEP][PASSED] - setText(findTestObject("Object Repository/Employee-Onboarding/Page_OrangeHRM/input_Employee Id_oxd-input oxd-input--focus"), ""): Text '' is set on object 'Object Repository/Employee-Onboarding/Page_OrangeHRM/input_Employee Id_oxd-input oxd-input--focus'

26-12-2024T18:46:40 - [MESSAGE][PASSED] - Text '' is set on object 'Object Repository/Employee-Onboarding/Page_OrangeHRM/input_Employee Id_oxd-input oxd-input--focus'

26-12-2024T18:46:40 - [TEST_STEP][PASSED] - comment("Step 8: Toggle the switch related to the Employee ID"): Step 8: Toggle the switch related to the Employee ID

26-12-2024T18:46:40 - [MESSAGE][INFO] - Step 8: Toggle the switch related to the Employee ID

26-12-2024T18:46:40 - [TEST_STEP][PASSED] - click(findTestObject("Object Repository/Employee-Onboarding/Page_OrangeHRM/span_Employee Id_oxd-switch-input oxd-switc_efe210")): Object: 'Object Repository/Employee-Onboarding/Page_OrangeHRM/span_Employee Id_oxd-switch-input oxd-switc_efe210' is clicked on

26-12-2024T18:46:40 - [MESSAGE][PASSED] - Object: 'Object Repository/Employee-Onboarding/Page_OrangeHRM/span_Employee Id_oxd-switch-input oxd-switc_efe210' is clicked on

26-12-2024T18:46:40 - [TEST_STEP][PASSED] - comment("Step 9: Retrieve the entered first name and convert it to lowercase"): Step 9: Retrieve the entered first name and convert it to lowercase

26-12-2024T18:46:40 - [MESSAGE][INFO] - Step 9: Retrieve the entered first name and convert it to lowercase

26-12-2024T18:46:40 - [TEST_STEP][PASSED] - firstname = getAttribute(findTestObject("Object Repository/Employee-Onboarding/Page_OrangeHRM/input_Employee Full Name_firstName"), "value").toLowerCase(): Attribute 'value' of object 'Object Repository/Employee-Onboarding/Page_OrangeHRM/input_Employee Full Name_firstName' is: 'Victor'

26-12-2024T18:46:41 - [MESSAGE][PASSED] - Attribute 'value' of object 'Object Repository/Employee-Onboarding/Page_OrangeHRM/input_Employee Full Name_firstName' is: 'Victor'

26-12-2024T18:46:41 - [TEST_STEP][PASSED] - comment("Step 10: Retrieve the entered last name and convert it to lowercase"): Step 10: Retrieve the entered last name and convert it to lowercase

26-12-2024T18:46:41 - [MESSAGE][INFO] - Step 10: Retrieve the entered last name and convert it to lowercase

26-12-2024T18:46:41 - [TEST_STEP][PASSED] - lastname = getAttribute(findTestObject("Object Repository/Employee-Onboarding/Page_OrangeHRM/input_Employee Full Name_lastName"), "value").toLowerCase(): Attribute 'value' of object 'Object Repository/Employee-Onboarding/Page_OrangeHRM/input_Employee Full Name_lastName' is: 'Mclaughlin'

26-12-2024T18:46:41 - [MESSAGE][PASSED] - Attribute 'value' of object 'Object Repository/Employee-Onboarding/Page_OrangeHRM/input_Employee Full Name_lastName' is: 'Mclaughlin'

26-12-2024T18:46:41 - [TEST_STEP][PASSED] - comment("Step 11: Concatenate the first and last names to generate a username"): Step 11: Concatenate the first and last names to generate a username

26-12-2024T18:46:41 - [MESSAGE][INFO] - Step 11: Concatenate the first and last names to generate a username

26-12-2024T18:46:41 - [TEST_STEP][PASSED] - username = firstname + "." + lastname: null

26-12-2024T18:46:41 - [TEST_STEP][PASSED] - comment("Step 12: Set the username field with the generated username"): Step 12: Set the username field with the generated username

26-12-2024T18:46:41 - [MESSAGE][INFO] - Step 12: Set the username field with the generated username

26-12-2024T18:46:41 - [TEST_STEP][PASSED] - setText(findTestObject("Object Repository/Employee-Onboarding/Page_OrangeHRM/input_Username_oxd-input oxd-input--focus"), username): Text 'victor.mclaughlin' is set on object 'Object Repository/Employee-Onboarding/Page_OrangeHRM/input_Username_oxd-input oxd-input--focus'

26-12-2024T18:46:41 - [MESSAGE][PASSED] - Text 'victor.mclaughlin' is set on object 'Object Repository/Employee-Onboarding/Page_OrangeHRM/input_Username_oxd-input oxd-input--focus'

26-12-2024T18:46:41 - [TEST_STEP][PASSED] - comment("Step 13: Enter an encrypted password into the password field"): Step 13: Enter an encrypted password into the password field

26-12-2024T18:46:41 - [MESSAGE][INFO] - Step 13: Enter an encrypted password into the password field

26-12-2024T18:46:41 - [TEST_STEP][PASSED] - setEncryptedText(findTestObject("Object Repository/Employee-Onboarding/Page_OrangeHRM/input_Password_oxd-input oxd-input--active"), EmployeePassword): Text ****** has been set on object 'Object Repository/Employee-Onboarding/Page_OrangeHRM/input_Password_oxd-input oxd-input--active'

26-12-2024T18:46:42 - [MESSAGE][PASSED] - Text ****** has been set on object 'Object Repository/Employee-Onboarding/Page_OrangeHRM/input_Password_oxd-input oxd-input--active'

26-12-2024T18:46:42 - [TEST_STEP][PASSED] - comment("Step 14: Enter an encrypted password into the confirm password field"): Step 14: Enter an encrypted password into the confirm password field

26-12-2024T18:46:42 - [MESSAGE][INFO] - Step 14: Enter an encrypted password into the confirm password field

26-12-2024T18:46:42 - [TEST_STEP][PASSED] - setEncryptedText(findTestObject("Object Repository/Employee-Onboarding/Page_OrangeHRM/input_Confirm Password_oxd-input oxd-input-_a3aecb"), EmployeePassword): Text ****** has been set on object 'Object Repository/Employee-Onboarding/Page_OrangeHRM/input_Confirm Password_oxd-input oxd-input-_a3aecb'

26-12-2024T18:46:42 - [MESSAGE][PASSED] - Text ****** has been set on object 'Object Repository/Employee-Onboarding/Page_OrangeHRM/input_Confirm Password_oxd-input oxd-input-_a3aecb'

26-12-2024T18:46:42 - [TEST_STEP][PASSED] - comment("Step 15: Click the "Save" button to finalize adding the new employee"): Step 15: Click the "Save" button to finalize adding the new employee

26-12-2024T18:46:42 - [MESSAGE][INFO] - Step 15: Click the "Save" button to finalize adding the new employee

26-12-2024T18:46:42 - [TEST_STEP][PASSED] - click(findTestObject("Object Repository/Employee-Onboarding/Page_OrangeHRM/button_Save")): Object: 'Object Repository/Employee-Onboarding/Page_OrangeHRM/button_Save' is clicked on

26-12-2024T18:46:42 - [MESSAGE][PASSED] - Object: 'Object Repository/Employee-Onboarding/Page_OrangeHRM/button_Save' is clicked on

26-12-2024T18:46:42 - [TEST_STEP][PASSED] - delay(2): Delayed 2 second(s)

26-12-2024T18:46:44 - [MESSAGE][PASSED] - Delayed 2 second(s)]]></system-out>
         <system-err><![CDATA[]]></system-err>
      </testcase>
      <testcase name="Test Cases/Employee_Onboarding/TC_Employee_Onboarding" time="11.677" classname="Test Cases/Employee_Onboarding/TC_Employee_Onboarding" status="PASSED">
         <system-out><![CDATA[26-12-2024T18:46:44 - [TEST_CASE][PASSED] - Test Cases/Employee_Onboarding/TC_Employee_Onboarding: Test Cases/Employee_Onboarding/TC_Employee_Onboarding

26-12-2024T18:46:44 - [TEST_STEP][PASSED] - comment("Step 1: Click on the PIM module link"): Step 1: Click on the PIM module link

26-12-2024T18:46:44 - [MESSAGE][INFO] - Step 1: Click on the PIM module link

26-12-2024T18:46:44 - [TEST_STEP][PASSED] - click(findTestObject("Object Repository/Employee-Onboarding/Page_OrangeHRM/a_PIM")): Object: 'Object Repository/Employee-Onboarding/Page_OrangeHRM/a_PIM' is clicked on

26-12-2024T18:46:46 - [MESSAGE][PASSED] - Object: 'Object Repository/Employee-Onboarding/Page_OrangeHRM/a_PIM' is clicked on

26-12-2024T18:46:46 - [TEST_STEP][PASSED] - comment("Step 2: Click the "Add" button to add a new employee"): Step 2: Click the "Add" button to add a new employee

26-12-2024T18:46:46 - [MESSAGE][INFO] - Step 2: Click the "Add" button to add a new employee

26-12-2024T18:46:46 - [TEST_STEP][PASSED] - click(findTestObject("Object Repository/Employee-Onboarding/Page_OrangeHRM/button_Add")): Object: 'Object Repository/Employee-Onboarding/Page_OrangeHRM/button_Add' is clicked on

26-12-2024T18:46:48 - [MESSAGE][PASSED] - Object: 'Object Repository/Employee-Onboarding/Page_OrangeHRM/button_Add' is clicked on

26-12-2024T18:46:48 - [TEST_STEP][PASSED] - comment("Step 3: Focus on the "First Name" input field"): Step 3: Focus on the "First Name" input field

26-12-2024T18:46:48 - [MESSAGE][INFO] - Step 3: Focus on the "First Name" input field

26-12-2024T18:46:48 - [TEST_STEP][PASSED] - click(findTestObject("Object Repository/Employee-Onboarding/Page_OrangeHRM/input_Employee Full Name_firstName")): Object: 'Object Repository/Employee-Onboarding/Page_OrangeHRM/input_Employee Full Name_firstName' is clicked on

26-12-2024T18:46:50 - [MESSAGE][PASSED] - Object: 'Object Repository/Employee-Onboarding/Page_OrangeHRM/input_Employee Full Name_firstName' is clicked on

26-12-2024T18:46:50 - [TEST_STEP][PASSED] - comment("Step 4: Enter the employee's first name"): Step 4: Enter the employee's first name

26-12-2024T18:46:50 - [MESSAGE][INFO] - Step 4: Enter the employee's first name

26-12-2024T18:46:50 - [TEST_STEP][PASSED] - setText(findTestObject("Object Repository/Employee-Onboarding/Page_OrangeHRM/input_Employee Full Name_firstName"), Firstname): Text 'Grace' is set on object 'Object Repository/Employee-Onboarding/Page_OrangeHRM/input_Employee Full Name_firstName'

26-12-2024T18:46:50 - [MESSAGE][PASSED] - Text 'Grace' is set on object 'Object Repository/Employee-Onboarding/Page_OrangeHRM/input_Employee Full Name_firstName'

26-12-2024T18:46:50 - [TEST_STEP][PASSED] - comment("Step 5: Enter the employee's last name"): Step 5: Enter the employee's last name

26-12-2024T18:46:50 - [MESSAGE][INFO] - Step 5: Enter the employee's last name

26-12-2024T18:46:50 - [TEST_STEP][PASSED] - setText(findTestObject("Object Repository/Employee-Onboarding/Page_OrangeHRM/input_Employee Full Name_lastName"), Lastname): Text 'Sims' is set on object 'Object Repository/Employee-Onboarding/Page_OrangeHRM/input_Employee Full Name_lastName'

26-12-2024T18:46:51 - [MESSAGE][PASSED] - Text 'Sims' is set on object 'Object Repository/Employee-Onboarding/Page_OrangeHRM/input_Employee Full Name_lastName'

26-12-2024T18:46:51 - [TEST_STEP][PASSED] - comment("Step 6: Clear the default value in the "Employee ID" field"): Step 6: Clear the default value in the "Employee ID" field

26-12-2024T18:46:51 - [MESSAGE][INFO] - Step 6: Clear the default value in the "Employee ID" field

26-12-2024T18:46:51 - [TEST_STEP][PASSED] - clearText(findTestObject("Object Repository/Employee-Onboarding/Page_OrangeHRM/input_Employee Id_oxd-input oxd-input--focus")): Text of object 'Object Repository/Employee-Onboarding/Page_OrangeHRM/input_Employee Id_oxd-input oxd-input--focus' is cleared

26-12-2024T18:46:51 - [MESSAGE][PASSED] - Text of object 'Object Repository/Employee-Onboarding/Page_OrangeHRM/input_Employee Id_oxd-input oxd-input--focus' is cleared

26-12-2024T18:46:51 - [TEST_STEP][PASSED] - comment("Step 7: Set the employee ID field with a new value"): Step 7: Set the employee ID field with a new value

26-12-2024T18:46:51 - [MESSAGE][INFO] - Step 7: Set the employee ID field with a new value

26-12-2024T18:46:51 - [TEST_STEP][PASSED] - setText(findTestObject("Object Repository/Employee-Onboarding/Page_OrangeHRM/input_Employee Id_oxd-input oxd-input--focus"), ""): Text '' is set on object 'Object Repository/Employee-Onboarding/Page_OrangeHRM/input_Employee Id_oxd-input oxd-input--focus'

26-12-2024T18:46:52 - [MESSAGE][PASSED] - Text '' is set on object 'Object Repository/Employee-Onboarding/Page_OrangeHRM/input_Employee Id_oxd-input oxd-input--focus'

26-12-2024T18:46:52 - [TEST_STEP][PASSED] - comment("Step 8: Toggle the switch related to the Employee ID"): Step 8: Toggle the switch related to the Employee ID

26-12-2024T18:46:52 - [MESSAGE][INFO] - Step 8: Toggle the switch related to the Employee ID

26-12-2024T18:46:52 - [TEST_STEP][PASSED] - click(findTestObject("Object Repository/Employee-Onboarding/Page_OrangeHRM/span_Employee Id_oxd-switch-input oxd-switc_efe210")): Object: 'Object Repository/Employee-Onboarding/Page_OrangeHRM/span_Employee Id_oxd-switch-input oxd-switc_efe210' is clicked on

26-12-2024T18:46:52 - [MESSAGE][PASSED] - Object: 'Object Repository/Employee-Onboarding/Page_OrangeHRM/span_Employee Id_oxd-switch-input oxd-switc_efe210' is clicked on

26-12-2024T18:46:52 - [TEST_STEP][PASSED] - comment("Step 9: Retrieve the entered first name and convert it to lowercase"): Step 9: Retrieve the entered first name and convert it to lowercase

26-12-2024T18:46:52 - [MESSAGE][INFO] - Step 9: Retrieve the entered first name and convert it to lowercase

26-12-2024T18:46:52 - [TEST_STEP][PASSED] - firstname = getAttribute(findTestObject("Object Repository/Employee-Onboarding/Page_OrangeHRM/input_Employee Full Name_firstName"), "value").toLowerCase(): Attribute 'value' of object 'Object Repository/Employee-Onboarding/Page_OrangeHRM/input_Employee Full Name_firstName' is: 'Grace'

26-12-2024T18:46:52 - [MESSAGE][PASSED] - Attribute 'value' of object 'Object Repository/Employee-Onboarding/Page_OrangeHRM/input_Employee Full Name_firstName' is: 'Grace'

26-12-2024T18:46:52 - [TEST_STEP][PASSED] - comment("Step 10: Retrieve the entered last name and convert it to lowercase"): Step 10: Retrieve the entered last name and convert it to lowercase

26-12-2024T18:46:52 - [MESSAGE][INFO] - Step 10: Retrieve the entered last name and convert it to lowercase

26-12-2024T18:46:52 - [TEST_STEP][PASSED] - lastname = getAttribute(findTestObject("Object Repository/Employee-Onboarding/Page_OrangeHRM/input_Employee Full Name_lastName"), "value").toLowerCase(): Attribute 'value' of object 'Object Repository/Employee-Onboarding/Page_OrangeHRM/input_Employee Full Name_lastName' is: 'Sims'

26-12-2024T18:46:53 - [MESSAGE][PASSED] - Attribute 'value' of object 'Object Repository/Employee-Onboarding/Page_OrangeHRM/input_Employee Full Name_lastName' is: 'Sims'

26-12-2024T18:46:53 - [TEST_STEP][PASSED] - comment("Step 11: Concatenate the first and last names to generate a username"): Step 11: Concatenate the first and last names to generate a username

26-12-2024T18:46:53 - [MESSAGE][INFO] - Step 11: Concatenate the first and last names to generate a username

26-12-2024T18:46:53 - [TEST_STEP][PASSED] - username = firstname + "." + lastname: null

26-12-2024T18:46:53 - [TEST_STEP][PASSED] - comment("Step 12: Set the username field with the generated username"): Step 12: Set the username field with the generated username

26-12-2024T18:46:53 - [MESSAGE][INFO] - Step 12: Set the username field with the generated username

26-12-2024T18:46:53 - [TEST_STEP][PASSED] - setText(findTestObject("Object Repository/Employee-Onboarding/Page_OrangeHRM/input_Username_oxd-input oxd-input--focus"), username): Text 'grace.sims' is set on object 'Object Repository/Employee-Onboarding/Page_OrangeHRM/input_Username_oxd-input oxd-input--focus'

26-12-2024T18:46:53 - [MESSAGE][PASSED] - Text 'grace.sims' is set on object 'Object Repository/Employee-Onboarding/Page_OrangeHRM/input_Username_oxd-input oxd-input--focus'

26-12-2024T18:46:53 - [TEST_STEP][PASSED] - comment("Step 13: Enter an encrypted password into the password field"): Step 13: Enter an encrypted password into the password field

26-12-2024T18:46:53 - [MESSAGE][INFO] - Step 13: Enter an encrypted password into the password field

26-12-2024T18:46:53 - [TEST_STEP][PASSED] - setEncryptedText(findTestObject("Object Repository/Employee-Onboarding/Page_OrangeHRM/input_Password_oxd-input oxd-input--active"), EmployeePassword): Text ****** has been set on object 'Object Repository/Employee-Onboarding/Page_OrangeHRM/input_Password_oxd-input oxd-input--active'

26-12-2024T18:46:53 - [MESSAGE][PASSED] - Text ****** has been set on object 'Object Repository/Employee-Onboarding/Page_OrangeHRM/input_Password_oxd-input oxd-input--active'

26-12-2024T18:46:53 - [TEST_STEP][PASSED] - comment("Step 14: Enter an encrypted password into the confirm password field"): Step 14: Enter an encrypted password into the confirm password field

26-12-2024T18:46:53 - [MESSAGE][INFO] - Step 14: Enter an encrypted password into the confirm password field

26-12-2024T18:46:53 - [TEST_STEP][PASSED] - setEncryptedText(findTestObject("Object Repository/Employee-Onboarding/Page_OrangeHRM/input_Confirm Password_oxd-input oxd-input-_a3aecb"), EmployeePassword): Text ****** has been set on object 'Object Repository/Employee-Onboarding/Page_OrangeHRM/input_Confirm Password_oxd-input oxd-input-_a3aecb'

26-12-2024T18:46:54 - [MESSAGE][PASSED] - Text ****** has been set on object 'Object Repository/Employee-Onboarding/Page_OrangeHRM/input_Confirm Password_oxd-input oxd-input-_a3aecb'

26-12-2024T18:46:54 - [TEST_STEP][PASSED] - comment("Step 15: Click the "Save" button to finalize adding the new employee"): Step 15: Click the "Save" button to finalize adding the new employee

26-12-2024T18:46:54 - [MESSAGE][INFO] - Step 15: Click the "Save" button to finalize adding the new employee

26-12-2024T18:46:54 - [TEST_STEP][PASSED] - click(findTestObject("Object Repository/Employee-Onboarding/Page_OrangeHRM/button_Save")): Object: 'Object Repository/Employee-Onboarding/Page_OrangeHRM/button_Save' is clicked on

26-12-2024T18:46:54 - [MESSAGE][PASSED] - Object: 'Object Repository/Employee-Onboarding/Page_OrangeHRM/button_Save' is clicked on

26-12-2024T18:46:54 - [TEST_STEP][PASSED] - delay(2): Delayed 2 second(s)

26-12-2024T18:46:56 - [MESSAGE][PASSED] - Delayed 2 second(s)]]></system-out>
         <system-err><![CDATA[]]></system-err>
      </testcase>
      <testcase name="Test Cases/Employee_Onboarding/TC_Employee_Onboarding" time="11.73" classname="Test Cases/Employee_Onboarding/TC_Employee_Onboarding" status="PASSED">
         <system-out><![CDATA[26-12-2024T18:46:56 - [TEST_CASE][PASSED] - Test Cases/Employee_Onboarding/TC_Employee_Onboarding: Test Cases/Employee_Onboarding/TC_Employee_Onboarding

26-12-2024T18:46:56 - [TEST_STEP][PASSED] - comment("Step 1: Click on the PIM module link"): Step 1: Click on the PIM module link

26-12-2024T18:46:56 - [MESSAGE][INFO] - Step 1: Click on the PIM module link

26-12-2024T18:46:56 - [TEST_STEP][PASSED] - click(findTestObject("Object Repository/Employee-Onboarding/Page_OrangeHRM/a_PIM")): Object: 'Object Repository/Employee-Onboarding/Page_OrangeHRM/a_PIM' is clicked on

26-12-2024T18:46:58 - [MESSAGE][PASSED] - Object: 'Object Repository/Employee-Onboarding/Page_OrangeHRM/a_PIM' is clicked on

26-12-2024T18:46:58 - [TEST_STEP][PASSED] - comment("Step 2: Click the "Add" button to add a new employee"): Step 2: Click the "Add" button to add a new employee

26-12-2024T18:46:58 - [MESSAGE][INFO] - Step 2: Click the "Add" button to add a new employee

26-12-2024T18:46:58 - [TEST_STEP][PASSED] - click(findTestObject("Object Repository/Employee-Onboarding/Page_OrangeHRM/button_Add")): Object: 'Object Repository/Employee-Onboarding/Page_OrangeHRM/button_Add' is clicked on

26-12-2024T18:47:00 - [MESSAGE][PASSED] - Object: 'Object Repository/Employee-Onboarding/Page_OrangeHRM/button_Add' is clicked on

26-12-2024T18:47:00 - [TEST_STEP][PASSED] - comment("Step 3: Focus on the "First Name" input field"): Step 3: Focus on the "First Name" input field

26-12-2024T18:47:00 - [MESSAGE][INFO] - Step 3: Focus on the "First Name" input field

26-12-2024T18:47:00 - [TEST_STEP][PASSED] - click(findTestObject("Object Repository/Employee-Onboarding/Page_OrangeHRM/input_Employee Full Name_firstName")): Object: 'Object Repository/Employee-Onboarding/Page_OrangeHRM/input_Employee Full Name_firstName' is clicked on

26-12-2024T18:47:02 - [MESSAGE][PASSED] - Object: 'Object Repository/Employee-Onboarding/Page_OrangeHRM/input_Employee Full Name_firstName' is clicked on

26-12-2024T18:47:02 - [TEST_STEP][PASSED] - comment("Step 4: Enter the employee's first name"): Step 4: Enter the employee's first name

26-12-2024T18:47:02 - [MESSAGE][INFO] - Step 4: Enter the employee's first name

26-12-2024T18:47:02 - [TEST_STEP][PASSED] - setText(findTestObject("Object Repository/Employee-Onboarding/Page_OrangeHRM/input_Employee Full Name_firstName"), Firstname): Text 'Rodney' is set on object 'Object Repository/Employee-Onboarding/Page_OrangeHRM/input_Employee Full Name_firstName'

26-12-2024T18:47:02 - [MESSAGE][PASSED] - Text 'Rodney' is set on object 'Object Repository/Employee-Onboarding/Page_OrangeHRM/input_Employee Full Name_firstName'

26-12-2024T18:47:02 - [TEST_STEP][PASSED] - comment("Step 5: Enter the employee's last name"): Step 5: Enter the employee's last name

26-12-2024T18:47:02 - [MESSAGE][INFO] - Step 5: Enter the employee's last name

26-12-2024T18:47:02 - [TEST_STEP][PASSED] - setText(findTestObject("Object Repository/Employee-Onboarding/Page_OrangeHRM/input_Employee Full Name_lastName"), Lastname): Text 'Williams' is set on object 'Object Repository/Employee-Onboarding/Page_OrangeHRM/input_Employee Full Name_lastName'

26-12-2024T18:47:03 - [MESSAGE][PASSED] - Text 'Williams' is set on object 'Object Repository/Employee-Onboarding/Page_OrangeHRM/input_Employee Full Name_lastName'

26-12-2024T18:47:03 - [TEST_STEP][PASSED] - comment("Step 6: Clear the default value in the "Employee ID" field"): Step 6: Clear the default value in the "Employee ID" field

26-12-2024T18:47:03 - [MESSAGE][INFO] - Step 6: Clear the default value in the "Employee ID" field

26-12-2024T18:47:03 - [TEST_STEP][PASSED] - clearText(findTestObject("Object Repository/Employee-Onboarding/Page_OrangeHRM/input_Employee Id_oxd-input oxd-input--focus")): Text of object 'Object Repository/Employee-Onboarding/Page_OrangeHRM/input_Employee Id_oxd-input oxd-input--focus' is cleared

26-12-2024T18:47:03 - [MESSAGE][PASSED] - Text of object 'Object Repository/Employee-Onboarding/Page_OrangeHRM/input_Employee Id_oxd-input oxd-input--focus' is cleared

26-12-2024T18:47:03 - [TEST_STEP][PASSED] - comment("Step 7: Set the employee ID field with a new value"): Step 7: Set the employee ID field with a new value

26-12-2024T18:47:03 - [MESSAGE][INFO] - Step 7: Set the employee ID field with a new value

26-12-2024T18:47:03 - [TEST_STEP][PASSED] - setText(findTestObject("Object Repository/Employee-Onboarding/Page_OrangeHRM/input_Employee Id_oxd-input oxd-input--focus"), ""): Text '' is set on object 'Object Repository/Employee-Onboarding/Page_OrangeHRM/input_Employee Id_oxd-input oxd-input--focus'

26-12-2024T18:47:03 - [MESSAGE][PASSED] - Text '' is set on object 'Object Repository/Employee-Onboarding/Page_OrangeHRM/input_Employee Id_oxd-input oxd-input--focus'

26-12-2024T18:47:03 - [TEST_STEP][PASSED] - comment("Step 8: Toggle the switch related to the Employee ID"): Step 8: Toggle the switch related to the Employee ID

26-12-2024T18:47:03 - [MESSAGE][INFO] - Step 8: Toggle the switch related to the Employee ID

26-12-2024T18:47:03 - [TEST_STEP][PASSED] - click(findTestObject("Object Repository/Employee-Onboarding/Page_OrangeHRM/span_Employee Id_oxd-switch-input oxd-switc_efe210")): Object: 'Object Repository/Employee-Onboarding/Page_OrangeHRM/span_Employee Id_oxd-switch-input oxd-switc_efe210' is clicked on

26-12-2024T18:47:04 - [MESSAGE][PASSED] - Object: 'Object Repository/Employee-Onboarding/Page_OrangeHRM/span_Employee Id_oxd-switch-input oxd-switc_efe210' is clicked on

26-12-2024T18:47:04 - [TEST_STEP][PASSED] - comment("Step 9: Retrieve the entered first name and convert it to lowercase"): Step 9: Retrieve the entered first name and convert it to lowercase

26-12-2024T18:47:04 - [MESSAGE][INFO] - Step 9: Retrieve the entered first name and convert it to lowercase

26-12-2024T18:47:04 - [TEST_STEP][PASSED] - firstname = getAttribute(findTestObject("Object Repository/Employee-Onboarding/Page_OrangeHRM/input_Employee Full Name_firstName"), "value").toLowerCase(): Attribute 'value' of object 'Object Repository/Employee-Onboarding/Page_OrangeHRM/input_Employee Full Name_firstName' is: 'Rodney'

26-12-2024T18:47:04 - [MESSAGE][PASSED] - Attribute 'value' of object 'Object Repository/Employee-Onboarding/Page_OrangeHRM/input_Employee Full Name_firstName' is: 'Rodney'

26-12-2024T18:47:04 - [TEST_STEP][PASSED] - comment("Step 10: Retrieve the entered last name and convert it to lowercase"): Step 10: Retrieve the entered last name and convert it to lowercase

26-12-2024T18:47:04 - [MESSAGE][INFO] - Step 10: Retrieve the entered last name and convert it to lowercase

26-12-2024T18:47:04 - [TEST_STEP][PASSED] - lastname = getAttribute(findTestObject("Object Repository/Employee-Onboarding/Page_OrangeHRM/input_Employee Full Name_lastName"), "value").toLowerCase(): Attribute 'value' of object 'Object Repository/Employee-Onboarding/Page_OrangeHRM/input_Employee Full Name_lastName' is: 'Williams'

26-12-2024T18:47:04 - [MESSAGE][PASSED] - Attribute 'value' of object 'Object Repository/Employee-Onboarding/Page_OrangeHRM/input_Employee Full Name_lastName' is: 'Williams'

26-12-2024T18:47:04 - [TEST_STEP][PASSED] - comment("Step 11: Concatenate the first and last names to generate a username"): Step 11: Concatenate the first and last names to generate a username

26-12-2024T18:47:04 - [MESSAGE][INFO] - Step 11: Concatenate the first and last names to generate a username

26-12-2024T18:47:04 - [TEST_STEP][PASSED] - username = firstname + "." + lastname: null

26-12-2024T18:47:04 - [TEST_STEP][PASSED] - comment("Step 12: Set the username field with the generated username"): Step 12: Set the username field with the generated username

26-12-2024T18:47:04 - [MESSAGE][INFO] - Step 12: Set the username field with the generated username

26-12-2024T18:47:04 - [TEST_STEP][PASSED] - setText(findTestObject("Object Repository/Employee-Onboarding/Page_OrangeHRM/input_Username_oxd-input oxd-input--focus"), username): Text 'rodney.williams' is set on object 'Object Repository/Employee-Onboarding/Page_OrangeHRM/input_Username_oxd-input oxd-input--focus'

26-12-2024T18:47:05 - [MESSAGE][PASSED] - Text 'rodney.williams' is set on object 'Object Repository/Employee-Onboarding/Page_OrangeHRM/input_Username_oxd-input oxd-input--focus'

26-12-2024T18:47:05 - [TEST_STEP][PASSED] - comment("Step 13: Enter an encrypted password into the password field"): Step 13: Enter an encrypted password into the password field

26-12-2024T18:47:05 - [MESSAGE][INFO] - Step 13: Enter an encrypted password into the password field

26-12-2024T18:47:05 - [TEST_STEP][PASSED] - setEncryptedText(findTestObject("Object Repository/Employee-Onboarding/Page_OrangeHRM/input_Password_oxd-input oxd-input--active"), EmployeePassword): Text ****** has been set on object 'Object Repository/Employee-Onboarding/Page_OrangeHRM/input_Password_oxd-input oxd-input--active'

26-12-2024T18:47:05 - [MESSAGE][PASSED] - Text ****** has been set on object 'Object Repository/Employee-Onboarding/Page_OrangeHRM/input_Password_oxd-input oxd-input--active'

26-12-2024T18:47:05 - [TEST_STEP][PASSED] - comment("Step 14: Enter an encrypted password into the confirm password field"): Step 14: Enter an encrypted password into the confirm password field

26-12-2024T18:47:05 - [MESSAGE][INFO] - Step 14: Enter an encrypted password into the confirm password field

26-12-2024T18:47:05 - [TEST_STEP][PASSED] - setEncryptedText(findTestObject("Object Repository/Employee-Onboarding/Page_OrangeHRM/input_Confirm Password_oxd-input oxd-input-_a3aecb"), EmployeePassword): Text ****** has been set on object 'Object Repository/Employee-Onboarding/Page_OrangeHRM/input_Confirm Password_oxd-input oxd-input-_a3aecb'

26-12-2024T18:47:06 - [MESSAGE][PASSED] - Text ****** has been set on object 'Object Repository/Employee-Onboarding/Page_OrangeHRM/input_Confirm Password_oxd-input oxd-input-_a3aecb'

26-12-2024T18:47:06 - [TEST_STEP][PASSED] - comment("Step 15: Click the "Save" button to finalize adding the new employee"): Step 15: Click the "Save" button to finalize adding the new employee

26-12-2024T18:47:06 - [MESSAGE][INFO] - Step 15: Click the "Save" button to finalize adding the new employee

26-12-2024T18:47:06 - [TEST_STEP][PASSED] - click(findTestObject("Object Repository/Employee-Onboarding/Page_OrangeHRM/button_Save")): Object: 'Object Repository/Employee-Onboarding/Page_OrangeHRM/button_Save' is clicked on

26-12-2024T18:47:06 - [MESSAGE][PASSED] - Object: 'Object Repository/Employee-Onboarding/Page_OrangeHRM/button_Save' is clicked on

26-12-2024T18:47:06 - [TEST_STEP][PASSED] - delay(2): Delayed 2 second(s)

26-12-2024T18:47:08 - [MESSAGE][PASSED] - Delayed 2 second(s)]]></system-out>
         <system-err><![CDATA[]]></system-err>
      </testcase>
      <testcase name="Test Cases/Employee_Onboarding/TC_Employee_Onboarding" time="11.078" classname="Test Cases/Employee_Onboarding/TC_Employee_Onboarding" status="PASSED">
         <system-out><![CDATA[26-12-2024T18:47:08 - [TEST_CASE][PASSED] - Test Cases/Employee_Onboarding/TC_Employee_Onboarding: Test Cases/Employee_Onboarding/TC_Employee_Onboarding

26-12-2024T18:47:08 - [TEST_STEP][PASSED] - comment("Step 1: Click on the PIM module link"): Step 1: Click on the PIM module link

26-12-2024T18:47:08 - [MESSAGE][INFO] - Step 1: Click on the PIM module link

26-12-2024T18:47:08 - [TEST_STEP][PASSED] - click(findTestObject("Object Repository/Employee-Onboarding/Page_OrangeHRM/a_PIM")): Object: 'Object Repository/Employee-Onboarding/Page_OrangeHRM/a_PIM' is clicked on

26-12-2024T18:47:09 - [MESSAGE][PASSED] - Object: 'Object Repository/Employee-Onboarding/Page_OrangeHRM/a_PIM' is clicked on

26-12-2024T18:47:09 - [TEST_STEP][PASSED] - comment("Step 2: Click the "Add" button to add a new employee"): Step 2: Click the "Add" button to add a new employee

26-12-2024T18:47:09 - [MESSAGE][INFO] - Step 2: Click the "Add" button to add a new employee

26-12-2024T18:47:09 - [TEST_STEP][PASSED] - click(findTestObject("Object Repository/Employee-Onboarding/Page_OrangeHRM/button_Add")): Object: 'Object Repository/Employee-Onboarding/Page_OrangeHRM/button_Add' is clicked on

26-12-2024T18:47:11 - [MESSAGE][PASSED] - Object: 'Object Repository/Employee-Onboarding/Page_OrangeHRM/button_Add' is clicked on

26-12-2024T18:47:11 - [TEST_STEP][PASSED] - comment("Step 3: Focus on the "First Name" input field"): Step 3: Focus on the "First Name" input field

26-12-2024T18:47:11 - [MESSAGE][INFO] - Step 3: Focus on the "First Name" input field

26-12-2024T18:47:11 - [TEST_STEP][PASSED] - click(findTestObject("Object Repository/Employee-Onboarding/Page_OrangeHRM/input_Employee Full Name_firstName")): Object: 'Object Repository/Employee-Onboarding/Page_OrangeHRM/input_Employee Full Name_firstName' is clicked on

26-12-2024T18:47:13 - [MESSAGE][PASSED] - Object: 'Object Repository/Employee-Onboarding/Page_OrangeHRM/input_Employee Full Name_firstName' is clicked on

26-12-2024T18:47:13 - [TEST_STEP][PASSED] - comment("Step 4: Enter the employee's first name"): Step 4: Enter the employee's first name

26-12-2024T18:47:13 - [MESSAGE][INFO] - Step 4: Enter the employee's first name

26-12-2024T18:47:13 - [TEST_STEP][PASSED] - setText(findTestObject("Object Repository/Employee-Onboarding/Page_OrangeHRM/input_Employee Full Name_firstName"), Firstname): Text 'Marie' is set on object 'Object Repository/Employee-Onboarding/Page_OrangeHRM/input_Employee Full Name_firstName'

26-12-2024T18:47:13 - [MESSAGE][PASSED] - Text 'Marie' is set on object 'Object Repository/Employee-Onboarding/Page_OrangeHRM/input_Employee Full Name_firstName'

26-12-2024T18:47:13 - [TEST_STEP][PASSED] - comment("Step 5: Enter the employee's last name"): Step 5: Enter the employee's last name

26-12-2024T18:47:13 - [MESSAGE][INFO] - Step 5: Enter the employee's last name

26-12-2024T18:47:13 - [TEST_STEP][PASSED] - setText(findTestObject("Object Repository/Employee-Onboarding/Page_OrangeHRM/input_Employee Full Name_lastName"), Lastname): Text 'Harrison' is set on object 'Object Repository/Employee-Onboarding/Page_OrangeHRM/input_Employee Full Name_lastName'

26-12-2024T18:47:14 - [MESSAGE][PASSED] - Text 'Harrison' is set on object 'Object Repository/Employee-Onboarding/Page_OrangeHRM/input_Employee Full Name_lastName'

26-12-2024T18:47:14 - [TEST_STEP][PASSED] - comment("Step 6: Clear the default value in the "Employee ID" field"): Step 6: Clear the default value in the "Employee ID" field

26-12-2024T18:47:14 - [MESSAGE][INFO] - Step 6: Clear the default value in the "Employee ID" field

26-12-2024T18:47:14 - [TEST_STEP][PASSED] - clearText(findTestObject("Object Repository/Employee-Onboarding/Page_OrangeHRM/input_Employee Id_oxd-input oxd-input--focus")): Text of object 'Object Repository/Employee-Onboarding/Page_OrangeHRM/input_Employee Id_oxd-input oxd-input--focus' is cleared

26-12-2024T18:47:14 - [MESSAGE][PASSED] - Text of object 'Object Repository/Employee-Onboarding/Page_OrangeHRM/input_Employee Id_oxd-input oxd-input--focus' is cleared

26-12-2024T18:47:14 - [TEST_STEP][PASSED] - comment("Step 7: Set the employee ID field with a new value"): Step 7: Set the employee ID field with a new value

26-12-2024T18:47:14 - [MESSAGE][INFO] - Step 7: Set the employee ID field with a new value

26-12-2024T18:47:14 - [TEST_STEP][PASSED] - setText(findTestObject("Object Repository/Employee-Onboarding/Page_OrangeHRM/input_Employee Id_oxd-input oxd-input--focus"), ""): Text '' is set on object 'Object Repository/Employee-Onboarding/Page_OrangeHRM/input_Employee Id_oxd-input oxd-input--focus'

26-12-2024T18:47:15 - [MESSAGE][PASSED] - Text '' is set on object 'Object Repository/Employee-Onboarding/Page_OrangeHRM/input_Employee Id_oxd-input oxd-input--focus'

26-12-2024T18:47:15 - [TEST_STEP][PASSED] - comment("Step 8: Toggle the switch related to the Employee ID"): Step 8: Toggle the switch related to the Employee ID

26-12-2024T18:47:15 - [MESSAGE][INFO] - Step 8: Toggle the switch related to the Employee ID

26-12-2024T18:47:15 - [TEST_STEP][PASSED] - click(findTestObject("Object Repository/Employee-Onboarding/Page_OrangeHRM/span_Employee Id_oxd-switch-input oxd-switc_efe210")): Object: 'Object Repository/Employee-Onboarding/Page_OrangeHRM/span_Employee Id_oxd-switch-input oxd-switc_efe210' is clicked on

26-12-2024T18:47:15 - [MESSAGE][PASSED] - Object: 'Object Repository/Employee-Onboarding/Page_OrangeHRM/span_Employee Id_oxd-switch-input oxd-switc_efe210' is clicked on

26-12-2024T18:47:15 - [TEST_STEP][PASSED] - comment("Step 9: Retrieve the entered first name and convert it to lowercase"): Step 9: Retrieve the entered first name and convert it to lowercase

26-12-2024T18:47:15 - [MESSAGE][INFO] - Step 9: Retrieve the entered first name and convert it to lowercase

26-12-2024T18:47:15 - [TEST_STEP][PASSED] - firstname = getAttribute(findTestObject("Object Repository/Employee-Onboarding/Page_OrangeHRM/input_Employee Full Name_firstName"), "value").toLowerCase(): Attribute 'value' of object 'Object Repository/Employee-Onboarding/Page_OrangeHRM/input_Employee Full Name_firstName' is: 'Marie'

26-12-2024T18:47:15 - [MESSAGE][PASSED] - Attribute 'value' of object 'Object Repository/Employee-Onboarding/Page_OrangeHRM/input_Employee Full Name_firstName' is: 'Marie'

26-12-2024T18:47:15 - [TEST_STEP][PASSED] - comment("Step 10: Retrieve the entered last name and convert it to lowercase"): Step 10: Retrieve the entered last name and convert it to lowercase

26-12-2024T18:47:15 - [MESSAGE][INFO] - Step 10: Retrieve the entered last name and convert it to lowercase

26-12-2024T18:47:15 - [TEST_STEP][PASSED] - lastname = getAttribute(findTestObject("Object Repository/Employee-Onboarding/Page_OrangeHRM/input_Employee Full Name_lastName"), "value").toLowerCase(): Attribute 'value' of object 'Object Repository/Employee-Onboarding/Page_OrangeHRM/input_Employee Full Name_lastName' is: 'Harrison'

26-12-2024T18:47:16 - [MESSAGE][PASSED] - Attribute 'value' of object 'Object Repository/Employee-Onboarding/Page_OrangeHRM/input_Employee Full Name_lastName' is: 'Harrison'

26-12-2024T18:47:16 - [TEST_STEP][PASSED] - comment("Step 11: Concatenate the first and last names to generate a username"): Step 11: Concatenate the first and last names to generate a username

26-12-2024T18:47:16 - [MESSAGE][INFO] - Step 11: Concatenate the first and last names to generate a username

26-12-2024T18:47:16 - [TEST_STEP][PASSED] - username = firstname + "." + lastname: null

26-12-2024T18:47:16 - [TEST_STEP][PASSED] - comment("Step 12: Set the username field with the generated username"): Step 12: Set the username field with the generated username

26-12-2024T18:47:16 - [MESSAGE][INFO] - Step 12: Set the username field with the generated username

26-12-2024T18:47:16 - [TEST_STEP][PASSED] - setText(findTestObject("Object Repository/Employee-Onboarding/Page_OrangeHRM/input_Username_oxd-input oxd-input--focus"), username): Text 'marie.harrison' is set on object 'Object Repository/Employee-Onboarding/Page_OrangeHRM/input_Username_oxd-input oxd-input--focus'

26-12-2024T18:47:16 - [MESSAGE][PASSED] - Text 'marie.harrison' is set on object 'Object Repository/Employee-Onboarding/Page_OrangeHRM/input_Username_oxd-input oxd-input--focus'

26-12-2024T18:47:16 - [TEST_STEP][PASSED] - comment("Step 13: Enter an encrypted password into the password field"): Step 13: Enter an encrypted password into the password field

26-12-2024T18:47:16 - [MESSAGE][INFO] - Step 13: Enter an encrypted password into the password field

26-12-2024T18:47:16 - [TEST_STEP][PASSED] - setEncryptedText(findTestObject("Object Repository/Employee-Onboarding/Page_OrangeHRM/input_Password_oxd-input oxd-input--active"), EmployeePassword): Text ****** has been set on object 'Object Repository/Employee-Onboarding/Page_OrangeHRM/input_Password_oxd-input oxd-input--active'

26-12-2024T18:47:16 - [MESSAGE][PASSED] - Text ****** has been set on object 'Object Repository/Employee-Onboarding/Page_OrangeHRM/input_Password_oxd-input oxd-input--active'

26-12-2024T18:47:16 - [TEST_STEP][PASSED] - comment("Step 14: Enter an encrypted password into the confirm password field"): Step 14: Enter an encrypted password into the confirm password field

26-12-2024T18:47:16 - [MESSAGE][INFO] - Step 14: Enter an encrypted password into the confirm password field

26-12-2024T18:47:16 - [TEST_STEP][PASSED] - setEncryptedText(findTestObject("Object Repository/Employee-Onboarding/Page_OrangeHRM/input_Confirm Password_oxd-input oxd-input-_a3aecb"), EmployeePassword): Text ****** has been set on object 'Object Repository/Employee-Onboarding/Page_OrangeHRM/input_Confirm Password_oxd-input oxd-input-_a3aecb'

26-12-2024T18:47:17 - [MESSAGE][PASSED] - Text ****** has been set on object 'Object Repository/Employee-Onboarding/Page_OrangeHRM/input_Confirm Password_oxd-input oxd-input-_a3aecb'

26-12-2024T18:47:17 - [TEST_STEP][PASSED] - comment("Step 15: Click the "Save" button to finalize adding the new employee"): Step 15: Click the "Save" button to finalize adding the new employee

26-12-2024T18:47:17 - [MESSAGE][INFO] - Step 15: Click the "Save" button to finalize adding the new employee

26-12-2024T18:47:17 - [TEST_STEP][PASSED] - click(findTestObject("Object Repository/Employee-Onboarding/Page_OrangeHRM/button_Save")): Object: 'Object Repository/Employee-Onboarding/Page_OrangeHRM/button_Save' is clicked on

26-12-2024T18:47:17 - [MESSAGE][PASSED] - Object: 'Object Repository/Employee-Onboarding/Page_OrangeHRM/button_Save' is clicked on

26-12-2024T18:47:17 - [TEST_STEP][PASSED] - delay(2): Delayed 2 second(s)

26-12-2024T18:47:19 - [MESSAGE][PASSED] - Delayed 2 second(s)]]></system-out>
         <system-err><![CDATA[]]></system-err>
      </testcase>
      <testcase name="Test Cases/Employee_Onboarding/TC_Employee_Onboarding" time="11.916" classname="Test Cases/Employee_Onboarding/TC_Employee_Onboarding" status="PASSED">
         <system-out><![CDATA[26-12-2024T18:47:19 - [TEST_CASE][PASSED] - Test Cases/Employee_Onboarding/TC_Employee_Onboarding: Test Cases/Employee_Onboarding/TC_Employee_Onboarding

26-12-2024T18:47:19 - [TEST_STEP][PASSED] - comment("Step 1: Click on the PIM module link"): Step 1: Click on the PIM module link

26-12-2024T18:47:19 - [MESSAGE][INFO] - Step 1: Click on the PIM module link

26-12-2024T18:47:19 - [TEST_STEP][PASSED] - click(findTestObject("Object Repository/Employee-Onboarding/Page_OrangeHRM/a_PIM")): Object: 'Object Repository/Employee-Onboarding/Page_OrangeHRM/a_PIM' is clicked on

26-12-2024T18:47:20 - [MESSAGE][PASSED] - Object: 'Object Repository/Employee-Onboarding/Page_OrangeHRM/a_PIM' is clicked on

26-12-2024T18:47:20 - [TEST_STEP][PASSED] - comment("Step 2: Click the "Add" button to add a new employee"): Step 2: Click the "Add" button to add a new employee

26-12-2024T18:47:20 - [MESSAGE][INFO] - Step 2: Click the "Add" button to add a new employee

26-12-2024T18:47:20 - [TEST_STEP][PASSED] - click(findTestObject("Object Repository/Employee-Onboarding/Page_OrangeHRM/button_Add")): Object: 'Object Repository/Employee-Onboarding/Page_OrangeHRM/button_Add' is clicked on

26-12-2024T18:47:24 - [MESSAGE][PASSED] - Object: 'Object Repository/Employee-Onboarding/Page_OrangeHRM/button_Add' is clicked on

26-12-2024T18:47:24 - [TEST_STEP][PASSED] - comment("Step 3: Focus on the "First Name" input field"): Step 3: Focus on the "First Name" input field

26-12-2024T18:47:24 - [MESSAGE][INFO] - Step 3: Focus on the "First Name" input field

26-12-2024T18:47:24 - [TEST_STEP][PASSED] - click(findTestObject("Object Repository/Employee-Onboarding/Page_OrangeHRM/input_Employee Full Name_firstName")): Object: 'Object Repository/Employee-Onboarding/Page_OrangeHRM/input_Employee Full Name_firstName' is clicked on

26-12-2024T18:47:25 - [MESSAGE][PASSED] - Object: 'Object Repository/Employee-Onboarding/Page_OrangeHRM/input_Employee Full Name_firstName' is clicked on

26-12-2024T18:47:25 - [TEST_STEP][PASSED] - comment("Step 4: Enter the employee's first name"): Step 4: Enter the employee's first name

26-12-2024T18:47:25 - [MESSAGE][INFO] - Step 4: Enter the employee's first name

26-12-2024T18:47:25 - [TEST_STEP][PASSED] - setText(findTestObject("Object Repository/Employee-Onboarding/Page_OrangeHRM/input_Employee Full Name_firstName"), Firstname): Text 'Steven' is set on object 'Object Repository/Employee-Onboarding/Page_OrangeHRM/input_Employee Full Name_firstName'

26-12-2024T18:47:25 - [MESSAGE][PASSED] - Text 'Steven' is set on object 'Object Repository/Employee-Onboarding/Page_OrangeHRM/input_Employee Full Name_firstName'

26-12-2024T18:47:25 - [TEST_STEP][PASSED] - comment("Step 5: Enter the employee's last name"): Step 5: Enter the employee's last name

26-12-2024T18:47:25 - [MESSAGE][INFO] - Step 5: Enter the employee's last name

26-12-2024T18:47:25 - [TEST_STEP][PASSED] - setText(findTestObject("Object Repository/Employee-Onboarding/Page_OrangeHRM/input_Employee Full Name_lastName"), Lastname): Text 'Tate' is set on object 'Object Repository/Employee-Onboarding/Page_OrangeHRM/input_Employee Full Name_lastName'

26-12-2024T18:47:26 - [MESSAGE][PASSED] - Text 'Tate' is set on object 'Object Repository/Employee-Onboarding/Page_OrangeHRM/input_Employee Full Name_lastName'

26-12-2024T18:47:26 - [TEST_STEP][PASSED] - comment("Step 6: Clear the default value in the "Employee ID" field"): Step 6: Clear the default value in the "Employee ID" field

26-12-2024T18:47:26 - [MESSAGE][INFO] - Step 6: Clear the default value in the "Employee ID" field

26-12-2024T18:47:26 - [TEST_STEP][PASSED] - clearText(findTestObject("Object Repository/Employee-Onboarding/Page_OrangeHRM/input_Employee Id_oxd-input oxd-input--focus")): Text of object 'Object Repository/Employee-Onboarding/Page_OrangeHRM/input_Employee Id_oxd-input oxd-input--focus' is cleared

26-12-2024T18:47:26 - [MESSAGE][PASSED] - Text of object 'Object Repository/Employee-Onboarding/Page_OrangeHRM/input_Employee Id_oxd-input oxd-input--focus' is cleared

26-12-2024T18:47:26 - [TEST_STEP][PASSED] - comment("Step 7: Set the employee ID field with a new value"): Step 7: Set the employee ID field with a new value

26-12-2024T18:47:26 - [MESSAGE][INFO] - Step 7: Set the employee ID field with a new value

26-12-2024T18:47:26 - [TEST_STEP][PASSED] - setText(findTestObject("Object Repository/Employee-Onboarding/Page_OrangeHRM/input_Employee Id_oxd-input oxd-input--focus"), ""): Text '' is set on object 'Object Repository/Employee-Onboarding/Page_OrangeHRM/input_Employee Id_oxd-input oxd-input--focus'

26-12-2024T18:47:27 - [MESSAGE][PASSED] - Text '' is set on object 'Object Repository/Employee-Onboarding/Page_OrangeHRM/input_Employee Id_oxd-input oxd-input--focus'

26-12-2024T18:47:27 - [TEST_STEP][PASSED] - comment("Step 8: Toggle the switch related to the Employee ID"): Step 8: Toggle the switch related to the Employee ID

26-12-2024T18:47:27 - [MESSAGE][INFO] - Step 8: Toggle the switch related to the Employee ID

26-12-2024T18:47:27 - [TEST_STEP][PASSED] - click(findTestObject("Object Repository/Employee-Onboarding/Page_OrangeHRM/span_Employee Id_oxd-switch-input oxd-switc_efe210")): Object: 'Object Repository/Employee-Onboarding/Page_OrangeHRM/span_Employee Id_oxd-switch-input oxd-switc_efe210' is clicked on

26-12-2024T18:47:27 - [MESSAGE][PASSED] - Object: 'Object Repository/Employee-Onboarding/Page_OrangeHRM/span_Employee Id_oxd-switch-input oxd-switc_efe210' is clicked on

26-12-2024T18:47:27 - [TEST_STEP][PASSED] - comment("Step 9: Retrieve the entered first name and convert it to lowercase"): Step 9: Retrieve the entered first name and convert it to lowercase

26-12-2024T18:47:27 - [MESSAGE][INFO] - Step 9: Retrieve the entered first name and convert it to lowercase

26-12-2024T18:47:27 - [TEST_STEP][PASSED] - firstname = getAttribute(findTestObject("Object Repository/Employee-Onboarding/Page_OrangeHRM/input_Employee Full Name_firstName"), "value").toLowerCase(): Attribute 'value' of object 'Object Repository/Employee-Onboarding/Page_OrangeHRM/input_Employee Full Name_firstName' is: 'Steven'

26-12-2024T18:47:27 - [MESSAGE][PASSED] - Attribute 'value' of object 'Object Repository/Employee-Onboarding/Page_OrangeHRM/input_Employee Full Name_firstName' is: 'Steven'

26-12-2024T18:47:27 - [TEST_STEP][PASSED] - comment("Step 10: Retrieve the entered last name and convert it to lowercase"): Step 10: Retrieve the entered last name and convert it to lowercase

26-12-2024T18:47:27 - [MESSAGE][INFO] - Step 10: Retrieve the entered last name and convert it to lowercase

26-12-2024T18:47:27 - [TEST_STEP][PASSED] - lastname = getAttribute(findTestObject("Object Repository/Employee-Onboarding/Page_OrangeHRM/input_Employee Full Name_lastName"), "value").toLowerCase(): Attribute 'value' of object 'Object Repository/Employee-Onboarding/Page_OrangeHRM/input_Employee Full Name_lastName' is: 'Tate'

26-12-2024T18:47:27 - [MESSAGE][PASSED] - Attribute 'value' of object 'Object Repository/Employee-Onboarding/Page_OrangeHRM/input_Employee Full Name_lastName' is: 'Tate'

26-12-2024T18:47:27 - [TEST_STEP][PASSED] - comment("Step 11: Concatenate the first and last names to generate a username"): Step 11: Concatenate the first and last names to generate a username

26-12-2024T18:47:27 - [MESSAGE][INFO] - Step 11: Concatenate the first and last names to generate a username

26-12-2024T18:47:27 - [TEST_STEP][PASSED] - username = firstname + "." + lastname: null

26-12-2024T18:47:27 - [TEST_STEP][PASSED] - comment("Step 12: Set the username field with the generated username"): Step 12: Set the username field with the generated username

26-12-2024T18:47:27 - [MESSAGE][INFO] - Step 12: Set the username field with the generated username

26-12-2024T18:47:27 - [TEST_STEP][PASSED] - setText(findTestObject("Object Repository/Employee-Onboarding/Page_OrangeHRM/input_Username_oxd-input oxd-input--focus"), username): Text 'steven.tate' is set on object 'Object Repository/Employee-Onboarding/Page_OrangeHRM/input_Username_oxd-input oxd-input--focus'

26-12-2024T18:47:28 - [MESSAGE][PASSED] - Text 'steven.tate' is set on object 'Object Repository/Employee-Onboarding/Page_OrangeHRM/input_Username_oxd-input oxd-input--focus'

26-12-2024T18:47:28 - [TEST_STEP][PASSED] - comment("Step 13: Enter an encrypted password into the password field"): Step 13: Enter an encrypted password into the password field

26-12-2024T18:47:28 - [MESSAGE][INFO] - Step 13: Enter an encrypted password into the password field

26-12-2024T18:47:28 - [TEST_STEP][PASSED] - setEncryptedText(findTestObject("Object Repository/Employee-Onboarding/Page_OrangeHRM/input_Password_oxd-input oxd-input--active"), EmployeePassword): Text ****** has been set on object 'Object Repository/Employee-Onboarding/Page_OrangeHRM/input_Password_oxd-input oxd-input--active'

26-12-2024T18:47:28 - [MESSAGE][PASSED] - Text ****** has been set on object 'Object Repository/Employee-Onboarding/Page_OrangeHRM/input_Password_oxd-input oxd-input--active'

26-12-2024T18:47:28 - [TEST_STEP][PASSED] - comment("Step 14: Enter an encrypted password into the confirm password field"): Step 14: Enter an encrypted password into the confirm password field

26-12-2024T18:47:28 - [MESSAGE][INFO] - Step 14: Enter an encrypted password into the confirm password field

26-12-2024T18:47:28 - [TEST_STEP][PASSED] - setEncryptedText(findTestObject("Object Repository/Employee-Onboarding/Page_OrangeHRM/input_Confirm Password_oxd-input oxd-input-_a3aecb"), EmployeePassword): Text ****** has been set on object 'Object Repository/Employee-Onboarding/Page_OrangeHRM/input_Confirm Password_oxd-input oxd-input-_a3aecb'

26-12-2024T18:47:29 - [MESSAGE][PASSED] - Text ****** has been set on object 'Object Repository/Employee-Onboarding/Page_OrangeHRM/input_Confirm Password_oxd-input oxd-input-_a3aecb'

26-12-2024T18:47:29 - [TEST_STEP][PASSED] - comment("Step 15: Click the "Save" button to finalize adding the new employee"): Step 15: Click the "Save" button to finalize adding the new employee

26-12-2024T18:47:29 - [MESSAGE][INFO] - Step 15: Click the "Save" button to finalize adding the new employee

26-12-2024T18:47:29 - [TEST_STEP][PASSED] - click(findTestObject("Object Repository/Employee-Onboarding/Page_OrangeHRM/button_Save")): Object: 'Object Repository/Employee-Onboarding/Page_OrangeHRM/button_Save' is clicked on

26-12-2024T18:47:29 - [MESSAGE][PASSED] - Object: 'Object Repository/Employee-Onboarding/Page_OrangeHRM/button_Save' is clicked on

26-12-2024T18:47:29 - [TEST_STEP][PASSED] - delay(2): Delayed 2 second(s)

26-12-2024T18:47:31 - [MESSAGE][PASSED] - Delayed 2 second(s)]]></system-out>
         <system-err><![CDATA[]]></system-err>
      </testcase>
      <testcase name="Test Cases/Employee_Onboarding/TC_Employee_Onboarding" time="11.043" classname="Test Cases/Employee_Onboarding/TC_Employee_Onboarding" status="PASSED">
         <system-out><![CDATA[26-12-2024T18:47:31 - [TEST_CASE][PASSED] - Test Cases/Employee_Onboarding/TC_Employee_Onboarding: Test Cases/Employee_Onboarding/TC_Employee_Onboarding

26-12-2024T18:47:31 - [TEST_STEP][PASSED] - comment("Step 1: Click on the PIM module link"): Step 1: Click on the PIM module link

26-12-2024T18:47:31 - [MESSAGE][INFO] - Step 1: Click on the PIM module link

26-12-2024T18:47:31 - [TEST_STEP][PASSED] - click(findTestObject("Object Repository/Employee-Onboarding/Page_OrangeHRM/a_PIM")): Object: 'Object Repository/Employee-Onboarding/Page_OrangeHRM/a_PIM' is clicked on

26-12-2024T18:47:32 - [MESSAGE][PASSED] - Object: 'Object Repository/Employee-Onboarding/Page_OrangeHRM/a_PIM' is clicked on

26-12-2024T18:47:32 - [TEST_STEP][PASSED] - comment("Step 2: Click the "Add" button to add a new employee"): Step 2: Click the "Add" button to add a new employee

26-12-2024T18:47:32 - [MESSAGE][INFO] - Step 2: Click the "Add" button to add a new employee

26-12-2024T18:47:32 - [TEST_STEP][PASSED] - click(findTestObject("Object Repository/Employee-Onboarding/Page_OrangeHRM/button_Add")): Object: 'Object Repository/Employee-Onboarding/Page_OrangeHRM/button_Add' is clicked on

26-12-2024T18:47:34 - [MESSAGE][PASSED] - Object: 'Object Repository/Employee-Onboarding/Page_OrangeHRM/button_Add' is clicked on

26-12-2024T18:47:34 - [TEST_STEP][PASSED] - comment("Step 3: Focus on the "First Name" input field"): Step 3: Focus on the "First Name" input field

26-12-2024T18:47:34 - [MESSAGE][INFO] - Step 3: Focus on the "First Name" input field

26-12-2024T18:47:34 - [TEST_STEP][PASSED] - click(findTestObject("Object Repository/Employee-Onboarding/Page_OrangeHRM/input_Employee Full Name_firstName")): Object: 'Object Repository/Employee-Onboarding/Page_OrangeHRM/input_Employee Full Name_firstName' is clicked on

26-12-2024T18:47:36 - [MESSAGE][PASSED] - Object: 'Object Repository/Employee-Onboarding/Page_OrangeHRM/input_Employee Full Name_firstName' is clicked on

26-12-2024T18:47:36 - [TEST_STEP][PASSED] - comment("Step 4: Enter the employee's first name"): Step 4: Enter the employee's first name

26-12-2024T18:47:36 - [MESSAGE][INFO] - Step 4: Enter the employee's first name

26-12-2024T18:47:36 - [TEST_STEP][PASSED] - setText(findTestObject("Object Repository/Employee-Onboarding/Page_OrangeHRM/input_Employee Full Name_firstName"), Firstname): Text 'Jeffrey' is set on object 'Object Repository/Employee-Onboarding/Page_OrangeHRM/input_Employee Full Name_firstName'

26-12-2024T18:47:36 - [MESSAGE][PASSED] - Text 'Jeffrey' is set on object 'Object Repository/Employee-Onboarding/Page_OrangeHRM/input_Employee Full Name_firstName'

26-12-2024T18:47:36 - [TEST_STEP][PASSED] - comment("Step 5: Enter the employee's last name"): Step 5: Enter the employee's last name

26-12-2024T18:47:36 - [MESSAGE][INFO] - Step 5: Enter the employee's last name

26-12-2024T18:47:36 - [TEST_STEP][PASSED] - setText(findTestObject("Object Repository/Employee-Onboarding/Page_OrangeHRM/input_Employee Full Name_lastName"), Lastname): Text 'Mercado' is set on object 'Object Repository/Employee-Onboarding/Page_OrangeHRM/input_Employee Full Name_lastName'

26-12-2024T18:47:37 - [MESSAGE][PASSED] - Text 'Mercado' is set on object 'Object Repository/Employee-Onboarding/Page_OrangeHRM/input_Employee Full Name_lastName'

26-12-2024T18:47:37 - [TEST_STEP][PASSED] - comment("Step 6: Clear the default value in the "Employee ID" field"): Step 6: Clear the default value in the "Employee ID" field

26-12-2024T18:47:37 - [MESSAGE][INFO] - Step 6: Clear the default value in the "Employee ID" field

26-12-2024T18:47:37 - [TEST_STEP][PASSED] - clearText(findTestObject("Object Repository/Employee-Onboarding/Page_OrangeHRM/input_Employee Id_oxd-input oxd-input--focus")): Text of object 'Object Repository/Employee-Onboarding/Page_OrangeHRM/input_Employee Id_oxd-input oxd-input--focus' is cleared

26-12-2024T18:47:37 - [MESSAGE][PASSED] - Text of object 'Object Repository/Employee-Onboarding/Page_OrangeHRM/input_Employee Id_oxd-input oxd-input--focus' is cleared

26-12-2024T18:47:37 - [TEST_STEP][PASSED] - comment("Step 7: Set the employee ID field with a new value"): Step 7: Set the employee ID field with a new value

26-12-2024T18:47:37 - [MESSAGE][INFO] - Step 7: Set the employee ID field with a new value

26-12-2024T18:47:37 - [TEST_STEP][PASSED] - setText(findTestObject("Object Repository/Employee-Onboarding/Page_OrangeHRM/input_Employee Id_oxd-input oxd-input--focus"), ""): Text '' is set on object 'Object Repository/Employee-Onboarding/Page_OrangeHRM/input_Employee Id_oxd-input oxd-input--focus'

26-12-2024T18:47:38 - [MESSAGE][PASSED] - Text '' is set on object 'Object Repository/Employee-Onboarding/Page_OrangeHRM/input_Employee Id_oxd-input oxd-input--focus'

26-12-2024T18:47:38 - [TEST_STEP][PASSED] - comment("Step 8: Toggle the switch related to the Employee ID"): Step 8: Toggle the switch related to the Employee ID

26-12-2024T18:47:38 - [MESSAGE][INFO] - Step 8: Toggle the switch related to the Employee ID

26-12-2024T18:47:38 - [TEST_STEP][PASSED] - click(findTestObject("Object Repository/Employee-Onboarding/Page_OrangeHRM/span_Employee Id_oxd-switch-input oxd-switc_efe210")): Object: 'Object Repository/Employee-Onboarding/Page_OrangeHRM/span_Employee Id_oxd-switch-input oxd-switc_efe210' is clicked on

26-12-2024T18:47:38 - [MESSAGE][PASSED] - Object: 'Object Repository/Employee-Onboarding/Page_OrangeHRM/span_Employee Id_oxd-switch-input oxd-switc_efe210' is clicked on

26-12-2024T18:47:38 - [TEST_STEP][PASSED] - comment("Step 9: Retrieve the entered first name and convert it to lowercase"): Step 9: Retrieve the entered first name and convert it to lowercase

26-12-2024T18:47:38 - [MESSAGE][INFO] - Step 9: Retrieve the entered first name and convert it to lowercase

26-12-2024T18:47:38 - [TEST_STEP][PASSED] - firstname = getAttribute(findTestObject("Object Repository/Employee-Onboarding/Page_OrangeHRM/input_Employee Full Name_firstName"), "value").toLowerCase(): Attribute 'value' of object 'Object Repository/Employee-Onboarding/Page_OrangeHRM/input_Employee Full Name_firstName' is: 'Jeffrey'

26-12-2024T18:47:38 - [MESSAGE][PASSED] - Attribute 'value' of object 'Object Repository/Employee-Onboarding/Page_OrangeHRM/input_Employee Full Name_firstName' is: 'Jeffrey'

26-12-2024T18:47:38 - [TEST_STEP][PASSED] - comment("Step 10: Retrieve the entered last name and convert it to lowercase"): Step 10: Retrieve the entered last name and convert it to lowercase

26-12-2024T18:47:38 - [MESSAGE][INFO] - Step 10: Retrieve the entered last name and convert it to lowercase

26-12-2024T18:47:38 - [TEST_STEP][PASSED] - lastname = getAttribute(findTestObject("Object Repository/Employee-Onboarding/Page_OrangeHRM/input_Employee Full Name_lastName"), "value").toLowerCase(): Attribute 'value' of object 'Object Repository/Employee-Onboarding/Page_OrangeHRM/input_Employee Full Name_lastName' is: 'Mercado'

26-12-2024T18:47:39 - [MESSAGE][PASSED] - Attribute 'value' of object 'Object Repository/Employee-Onboarding/Page_OrangeHRM/input_Employee Full Name_lastName' is: 'Mercado'

26-12-2024T18:47:39 - [TEST_STEP][PASSED] - comment("Step 11: Concatenate the first and last names to generate a username"): Step 11: Concatenate the first and last names to generate a username

26-12-2024T18:47:39 - [MESSAGE][INFO] - Step 11: Concatenate the first and last names to generate a username

26-12-2024T18:47:39 - [TEST_STEP][PASSED] - username = firstname + "." + lastname: null

26-12-2024T18:47:39 - [TEST_STEP][PASSED] - comment("Step 12: Set the username field with the generated username"): Step 12: Set the username field with the generated username

26-12-2024T18:47:39 - [MESSAGE][INFO] - Step 12: Set the username field with the generated username

26-12-2024T18:47:39 - [TEST_STEP][PASSED] - setText(findTestObject("Object Repository/Employee-Onboarding/Page_OrangeHRM/input_Username_oxd-input oxd-input--focus"), username): Text 'jeffrey.mercado' is set on object 'Object Repository/Employee-Onboarding/Page_OrangeHRM/input_Username_oxd-input oxd-input--focus'

26-12-2024T18:47:39 - [MESSAGE][PASSED] - Text 'jeffrey.mercado' is set on object 'Object Repository/Employee-Onboarding/Page_OrangeHRM/input_Username_oxd-input oxd-input--focus'

26-12-2024T18:47:39 - [TEST_STEP][PASSED] - comment("Step 13: Enter an encrypted password into the password field"): Step 13: Enter an encrypted password into the password field

26-12-2024T18:47:39 - [MESSAGE][INFO] - Step 13: Enter an encrypted password into the password field

26-12-2024T18:47:39 - [TEST_STEP][PASSED] - setEncryptedText(findTestObject("Object Repository/Employee-Onboarding/Page_OrangeHRM/input_Password_oxd-input oxd-input--active"), EmployeePassword): Text ****** has been set on object 'Object Repository/Employee-Onboarding/Page_OrangeHRM/input_Password_oxd-input oxd-input--active'

26-12-2024T18:47:39 - [MESSAGE][PASSED] - Text ****** has been set on object 'Object Repository/Employee-Onboarding/Page_OrangeHRM/input_Password_oxd-input oxd-input--active'

26-12-2024T18:47:39 - [TEST_STEP][PASSED] - comment("Step 14: Enter an encrypted password into the confirm password field"): Step 14: Enter an encrypted password into the confirm password field

26-12-2024T18:47:39 - [MESSAGE][INFO] - Step 14: Enter an encrypted password into the confirm password field

26-12-2024T18:47:39 - [TEST_STEP][PASSED] - setEncryptedText(findTestObject("Object Repository/Employee-Onboarding/Page_OrangeHRM/input_Confirm Password_oxd-input oxd-input-_a3aecb"), EmployeePassword): Text ****** has been set on object 'Object Repository/Employee-Onboarding/Page_OrangeHRM/input_Confirm Password_oxd-input oxd-input-_a3aecb'

26-12-2024T18:47:40 - [MESSAGE][PASSED] - Text ****** has been set on object 'Object Repository/Employee-Onboarding/Page_OrangeHRM/input_Confirm Password_oxd-input oxd-input-_a3aecb'

26-12-2024T18:47:40 - [TEST_STEP][PASSED] - comment("Step 15: Click the "Save" button to finalize adding the new employee"): Step 15: Click the "Save" button to finalize adding the new employee

26-12-2024T18:47:40 - [MESSAGE][INFO] - Step 15: Click the "Save" button to finalize adding the new employee

26-12-2024T18:47:40 - [TEST_STEP][PASSED] - click(findTestObject("Object Repository/Employee-Onboarding/Page_OrangeHRM/button_Save")): Object: 'Object Repository/Employee-Onboarding/Page_OrangeHRM/button_Save' is clicked on

26-12-2024T18:47:40 - [MESSAGE][PASSED] - Object: 'Object Repository/Employee-Onboarding/Page_OrangeHRM/button_Save' is clicked on

26-12-2024T18:47:40 - [TEST_STEP][PASSED] - delay(2): Delayed 2 second(s)

26-12-2024T18:47:42 - [MESSAGE][PASSED] - Delayed 2 second(s)]]></system-out>
         <system-err><![CDATA[]]></system-err>
      </testcase>
      <testcase name="Test Cases/Employee_Onboarding/TC_Employee_Onboarding" time="11.562" classname="Test Cases/Employee_Onboarding/TC_Employee_Onboarding" status="PASSED">
         <system-out><![CDATA[26-12-2024T18:47:42 - [TEST_CASE][PASSED] - Test Cases/Employee_Onboarding/TC_Employee_Onboarding: Test Cases/Employee_Onboarding/TC_Employee_Onboarding

26-12-2024T18:47:42 - [TEST_STEP][PASSED] - comment("Step 1: Click on the PIM module link"): Step 1: Click on the PIM module link

26-12-2024T18:47:42 - [MESSAGE][INFO] - Step 1: Click on the PIM module link

26-12-2024T18:47:42 - [TEST_STEP][PASSED] - click(findTestObject("Object Repository/Employee-Onboarding/Page_OrangeHRM/a_PIM")): Object: 'Object Repository/Employee-Onboarding/Page_OrangeHRM/a_PIM' is clicked on

26-12-2024T18:47:44 - [MESSAGE][PASSED] - Object: 'Object Repository/Employee-Onboarding/Page_OrangeHRM/a_PIM' is clicked on

26-12-2024T18:47:44 - [TEST_STEP][PASSED] - comment("Step 2: Click the "Add" button to add a new employee"): Step 2: Click the "Add" button to add a new employee

26-12-2024T18:47:44 - [MESSAGE][INFO] - Step 2: Click the "Add" button to add a new employee

26-12-2024T18:47:44 - [TEST_STEP][PASSED] - click(findTestObject("Object Repository/Employee-Onboarding/Page_OrangeHRM/button_Add")): Object: 'Object Repository/Employee-Onboarding/Page_OrangeHRM/button_Add' is clicked on

26-12-2024T18:47:46 - [MESSAGE][PASSED] - Object: 'Object Repository/Employee-Onboarding/Page_OrangeHRM/button_Add' is clicked on

26-12-2024T18:47:46 - [TEST_STEP][PASSED] - comment("Step 3: Focus on the "First Name" input field"): Step 3: Focus on the "First Name" input field

26-12-2024T18:47:46 - [MESSAGE][INFO] - Step 3: Focus on the "First Name" input field

26-12-2024T18:47:46 - [TEST_STEP][PASSED] - click(findTestObject("Object Repository/Employee-Onboarding/Page_OrangeHRM/input_Employee Full Name_firstName")): Object: 'Object Repository/Employee-Onboarding/Page_OrangeHRM/input_Employee Full Name_firstName' is clicked on

26-12-2024T18:47:47 - [MESSAGE][PASSED] - Object: 'Object Repository/Employee-Onboarding/Page_OrangeHRM/input_Employee Full Name_firstName' is clicked on

26-12-2024T18:47:47 - [TEST_STEP][PASSED] - comment("Step 4: Enter the employee's first name"): Step 4: Enter the employee's first name

26-12-2024T18:47:47 - [MESSAGE][INFO] - Step 4: Enter the employee's first name

26-12-2024T18:47:47 - [TEST_STEP][PASSED] - setText(findTestObject("Object Repository/Employee-Onboarding/Page_OrangeHRM/input_Employee Full Name_firstName"), Firstname): Text 'Zachary' is set on object 'Object Repository/Employee-Onboarding/Page_OrangeHRM/input_Employee Full Name_firstName'

26-12-2024T18:47:48 - [MESSAGE][PASSED] - Text 'Zachary' is set on object 'Object Repository/Employee-Onboarding/Page_OrangeHRM/input_Employee Full Name_firstName'

26-12-2024T18:47:48 - [TEST_STEP][PASSED] - comment("Step 5: Enter the employee's last name"): Step 5: Enter the employee's last name

26-12-2024T18:47:48 - [MESSAGE][INFO] - Step 5: Enter the employee's last name

26-12-2024T18:47:48 - [TEST_STEP][PASSED] - setText(findTestObject("Object Repository/Employee-Onboarding/Page_OrangeHRM/input_Employee Full Name_lastName"), Lastname): Text 'Martin' is set on object 'Object Repository/Employee-Onboarding/Page_OrangeHRM/input_Employee Full Name_lastName'

26-12-2024T18:47:48 - [MESSAGE][PASSED] - Text 'Martin' is set on object 'Object Repository/Employee-Onboarding/Page_OrangeHRM/input_Employee Full Name_lastName'

26-12-2024T18:47:48 - [TEST_STEP][PASSED] - comment("Step 6: Clear the default value in the "Employee ID" field"): Step 6: Clear the default value in the "Employee ID" field

26-12-2024T18:47:48 - [MESSAGE][INFO] - Step 6: Clear the default value in the "Employee ID" field

26-12-2024T18:47:48 - [TEST_STEP][PASSED] - clearText(findTestObject("Object Repository/Employee-Onboarding/Page_OrangeHRM/input_Employee Id_oxd-input oxd-input--focus")): Text of object 'Object Repository/Employee-Onboarding/Page_OrangeHRM/input_Employee Id_oxd-input oxd-input--focus' is cleared

26-12-2024T18:47:49 - [MESSAGE][PASSED] - Text of object 'Object Repository/Employee-Onboarding/Page_OrangeHRM/input_Employee Id_oxd-input oxd-input--focus' is cleared

26-12-2024T18:47:49 - [TEST_STEP][PASSED] - comment("Step 7: Set the employee ID field with a new value"): Step 7: Set the employee ID field with a new value

26-12-2024T18:47:49 - [MESSAGE][INFO] - Step 7: Set the employee ID field with a new value

26-12-2024T18:47:49 - [TEST_STEP][PASSED] - setText(findTestObject("Object Repository/Employee-Onboarding/Page_OrangeHRM/input_Employee Id_oxd-input oxd-input--focus"), ""): Text '' is set on object 'Object Repository/Employee-Onboarding/Page_OrangeHRM/input_Employee Id_oxd-input oxd-input--focus'

26-12-2024T18:47:49 - [MESSAGE][PASSED] - Text '' is set on object 'Object Repository/Employee-Onboarding/Page_OrangeHRM/input_Employee Id_oxd-input oxd-input--focus'

26-12-2024T18:47:49 - [TEST_STEP][PASSED] - comment("Step 8: Toggle the switch related to the Employee ID"): Step 8: Toggle the switch related to the Employee ID

26-12-2024T18:47:49 - [MESSAGE][INFO] - Step 8: Toggle the switch related to the Employee ID

26-12-2024T18:47:49 - [TEST_STEP][PASSED] - click(findTestObject("Object Repository/Employee-Onboarding/Page_OrangeHRM/span_Employee Id_oxd-switch-input oxd-switc_efe210")): Object: 'Object Repository/Employee-Onboarding/Page_OrangeHRM/span_Employee Id_oxd-switch-input oxd-switc_efe210' is clicked on

26-12-2024T18:47:49 - [MESSAGE][PASSED] - Object: 'Object Repository/Employee-Onboarding/Page_OrangeHRM/span_Employee Id_oxd-switch-input oxd-switc_efe210' is clicked on

26-12-2024T18:47:49 - [TEST_STEP][PASSED] - comment("Step 9: Retrieve the entered first name and convert it to lowercase"): Step 9: Retrieve the entered first name and convert it to lowercase

26-12-2024T18:47:49 - [MESSAGE][INFO] - Step 9: Retrieve the entered first name and convert it to lowercase

26-12-2024T18:47:49 - [TEST_STEP][PASSED] - firstname = getAttribute(findTestObject("Object Repository/Employee-Onboarding/Page_OrangeHRM/input_Employee Full Name_firstName"), "value").toLowerCase(): Attribute 'value' of object 'Object Repository/Employee-Onboarding/Page_OrangeHRM/input_Employee Full Name_firstName' is: 'Zachary'

26-12-2024T18:47:50 - [MESSAGE][PASSED] - Attribute 'value' of object 'Object Repository/Employee-Onboarding/Page_OrangeHRM/input_Employee Full Name_firstName' is: 'Zachary'

26-12-2024T18:47:50 - [TEST_STEP][PASSED] - comment("Step 10: Retrieve the entered last name and convert it to lowercase"): Step 10: Retrieve the entered last name and convert it to lowercase

26-12-2024T18:47:50 - [MESSAGE][INFO] - Step 10: Retrieve the entered last name and convert it to lowercase

26-12-2024T18:47:50 - [TEST_STEP][PASSED] - lastname = getAttribute(findTestObject("Object Repository/Employee-Onboarding/Page_OrangeHRM/input_Employee Full Name_lastName"), "value").toLowerCase(): Attribute 'value' of object 'Object Repository/Employee-Onboarding/Page_OrangeHRM/input_Employee Full Name_lastName' is: 'Martin'

26-12-2024T18:47:50 - [MESSAGE][PASSED] - Attribute 'value' of object 'Object Repository/Employee-Onboarding/Page_OrangeHRM/input_Employee Full Name_lastName' is: 'Martin'

26-12-2024T18:47:50 - [TEST_STEP][PASSED] - comment("Step 11: Concatenate the first and last names to generate a username"): Step 11: Concatenate the first and last names to generate a username

26-12-2024T18:47:50 - [MESSAGE][INFO] - Step 11: Concatenate the first and last names to generate a username

26-12-2024T18:47:50 - [TEST_STEP][PASSED] - username = firstname + "." + lastname: null

26-12-2024T18:47:50 - [TEST_STEP][PASSED] - comment("Step 12: Set the username field with the generated username"): Step 12: Set the username field with the generated username

26-12-2024T18:47:50 - [MESSAGE][INFO] - Step 12: Set the username field with the generated username

26-12-2024T18:47:50 - [TEST_STEP][PASSED] - setText(findTestObject("Object Repository/Employee-Onboarding/Page_OrangeHRM/input_Username_oxd-input oxd-input--focus"), username): Text 'zachary.martin' is set on object 'Object Repository/Employee-Onboarding/Page_OrangeHRM/input_Username_oxd-input oxd-input--focus'

26-12-2024T18:47:51 - [MESSAGE][PASSED] - Text 'zachary.martin' is set on object 'Object Repository/Employee-Onboarding/Page_OrangeHRM/input_Username_oxd-input oxd-input--focus'

26-12-2024T18:47:51 - [TEST_STEP][PASSED] - comment("Step 13: Enter an encrypted password into the password field"): Step 13: Enter an encrypted password into the password field

26-12-2024T18:47:51 - [MESSAGE][INFO] - Step 13: Enter an encrypted password into the password field

26-12-2024T18:47:51 - [TEST_STEP][PASSED] - setEncryptedText(findTestObject("Object Repository/Employee-Onboarding/Page_OrangeHRM/input_Password_oxd-input oxd-input--active"), EmployeePassword): Text ****** has been set on object 'Object Repository/Employee-Onboarding/Page_OrangeHRM/input_Password_oxd-input oxd-input--active'

26-12-2024T18:47:51 - [MESSAGE][PASSED] - Text ****** has been set on object 'Object Repository/Employee-Onboarding/Page_OrangeHRM/input_Password_oxd-input oxd-input--active'

26-12-2024T18:47:51 - [TEST_STEP][PASSED] - comment("Step 14: Enter an encrypted password into the confirm password field"): Step 14: Enter an encrypted password into the confirm password field

26-12-2024T18:47:51 - [MESSAGE][INFO] - Step 14: Enter an encrypted password into the confirm password field

26-12-2024T18:47:51 - [TEST_STEP][PASSED] - setEncryptedText(findTestObject("Object Repository/Employee-Onboarding/Page_OrangeHRM/input_Confirm Password_oxd-input oxd-input-_a3aecb"), EmployeePassword): Text ****** has been set on object 'Object Repository/Employee-Onboarding/Page_OrangeHRM/input_Confirm Password_oxd-input oxd-input-_a3aecb'

26-12-2024T18:47:51 - [MESSAGE][PASSED] - Text ****** has been set on object 'Object Repository/Employee-Onboarding/Page_OrangeHRM/input_Confirm Password_oxd-input oxd-input-_a3aecb'

26-12-2024T18:47:51 - [TEST_STEP][PASSED] - comment("Step 15: Click the "Save" button to finalize adding the new employee"): Step 15: Click the "Save" button to finalize adding the new employee

26-12-2024T18:47:51 - [MESSAGE][INFO] - Step 15: Click the "Save" button to finalize adding the new employee

26-12-2024T18:47:51 - [TEST_STEP][PASSED] - click(findTestObject("Object Repository/Employee-Onboarding/Page_OrangeHRM/button_Save")): Object: 'Object Repository/Employee-Onboarding/Page_OrangeHRM/button_Save' is clicked on

26-12-2024T18:47:51 - [MESSAGE][PASSED] - Object: 'Object Repository/Employee-Onboarding/Page_OrangeHRM/button_Save' is clicked on

26-12-2024T18:47:51 - [TEST_STEP][PASSED] - delay(2): Delayed 2 second(s)

26-12-2024T18:47:53 - [MESSAGE][PASSED] - Delayed 2 second(s)]]></system-out>
         <system-err><![CDATA[]]></system-err>
      </testcase>
      <testcase name="Test Cases/Employee_Onboarding/TC_Employee_Onboarding" time="11.391" classname="Test Cases/Employee_Onboarding/TC_Employee_Onboarding" status="PASSED">
         <system-out><![CDATA[26-12-2024T18:47:53 - [TEST_CASE][PASSED] - Test Cases/Employee_Onboarding/TC_Employee_Onboarding: Test Cases/Employee_Onboarding/TC_Employee_Onboarding

26-12-2024T18:47:53 - [TEST_STEP][PASSED] - comment("Step 1: Click on the PIM module link"): Step 1: Click on the PIM module link

26-12-2024T18:47:53 - [MESSAGE][INFO] - Step 1: Click on the PIM module link

26-12-2024T18:47:53 - [TEST_STEP][PASSED] - click(findTestObject("Object Repository/Employee-Onboarding/Page_OrangeHRM/a_PIM")): Object: 'Object Repository/Employee-Onboarding/Page_OrangeHRM/a_PIM' is clicked on

26-12-2024T18:47:55 - [MESSAGE][PASSED] - Object: 'Object Repository/Employee-Onboarding/Page_OrangeHRM/a_PIM' is clicked on

26-12-2024T18:47:55 - [TEST_STEP][PASSED] - comment("Step 2: Click the "Add" button to add a new employee"): Step 2: Click the "Add" button to add a new employee

26-12-2024T18:47:55 - [MESSAGE][INFO] - Step 2: Click the "Add" button to add a new employee

26-12-2024T18:47:55 - [TEST_STEP][PASSED] - click(findTestObject("Object Repository/Employee-Onboarding/Page_OrangeHRM/button_Add")): Object: 'Object Repository/Employee-Onboarding/Page_OrangeHRM/button_Add' is clicked on

26-12-2024T18:47:57 - [MESSAGE][PASSED] - Object: 'Object Repository/Employee-Onboarding/Page_OrangeHRM/button_Add' is clicked on

26-12-2024T18:47:57 - [TEST_STEP][PASSED] - comment("Step 3: Focus on the "First Name" input field"): Step 3: Focus on the "First Name" input field

26-12-2024T18:47:57 - [MESSAGE][INFO] - Step 3: Focus on the "First Name" input field

26-12-2024T18:47:57 - [TEST_STEP][PASSED] - click(findTestObject("Object Repository/Employee-Onboarding/Page_OrangeHRM/input_Employee Full Name_firstName")): Object: 'Object Repository/Employee-Onboarding/Page_OrangeHRM/input_Employee Full Name_firstName' is clicked on

26-12-2024T18:47:59 - [MESSAGE][PASSED] - Object: 'Object Repository/Employee-Onboarding/Page_OrangeHRM/input_Employee Full Name_firstName' is clicked on

26-12-2024T18:47:59 - [TEST_STEP][PASSED] - comment("Step 4: Enter the employee's first name"): Step 4: Enter the employee's first name

26-12-2024T18:47:59 - [MESSAGE][INFO] - Step 4: Enter the employee's first name

26-12-2024T18:47:59 - [TEST_STEP][PASSED] - setText(findTestObject("Object Repository/Employee-Onboarding/Page_OrangeHRM/input_Employee Full Name_firstName"), Firstname): Text 'Terry' is set on object 'Object Repository/Employee-Onboarding/Page_OrangeHRM/input_Employee Full Name_firstName'

26-12-2024T18:47:59 - [MESSAGE][PASSED] - Text 'Terry' is set on object 'Object Repository/Employee-Onboarding/Page_OrangeHRM/input_Employee Full Name_firstName'

26-12-2024T18:47:59 - [TEST_STEP][PASSED] - comment("Step 5: Enter the employee's last name"): Step 5: Enter the employee's last name

26-12-2024T18:47:59 - [MESSAGE][INFO] - Step 5: Enter the employee's last name

26-12-2024T18:47:59 - [TEST_STEP][PASSED] - setText(findTestObject("Object Repository/Employee-Onboarding/Page_OrangeHRM/input_Employee Full Name_lastName"), Lastname): Text 'Barnes' is set on object 'Object Repository/Employee-Onboarding/Page_OrangeHRM/input_Employee Full Name_lastName'

26-12-2024T18:48:00 - [MESSAGE][PASSED] - Text 'Barnes' is set on object 'Object Repository/Employee-Onboarding/Page_OrangeHRM/input_Employee Full Name_lastName'

26-12-2024T18:48:00 - [TEST_STEP][PASSED] - comment("Step 6: Clear the default value in the "Employee ID" field"): Step 6: Clear the default value in the "Employee ID" field

26-12-2024T18:48:00 - [MESSAGE][INFO] - Step 6: Clear the default value in the "Employee ID" field

26-12-2024T18:48:00 - [TEST_STEP][PASSED] - clearText(findTestObject("Object Repository/Employee-Onboarding/Page_OrangeHRM/input_Employee Id_oxd-input oxd-input--focus")): Text of object 'Object Repository/Employee-Onboarding/Page_OrangeHRM/input_Employee Id_oxd-input oxd-input--focus' is cleared

26-12-2024T18:48:00 - [MESSAGE][PASSED] - Text of object 'Object Repository/Employee-Onboarding/Page_OrangeHRM/input_Employee Id_oxd-input oxd-input--focus' is cleared

26-12-2024T18:48:00 - [TEST_STEP][PASSED] - comment("Step 7: Set the employee ID field with a new value"): Step 7: Set the employee ID field with a new value

26-12-2024T18:48:00 - [MESSAGE][INFO] - Step 7: Set the employee ID field with a new value

26-12-2024T18:48:00 - [TEST_STEP][PASSED] - setText(findTestObject("Object Repository/Employee-Onboarding/Page_OrangeHRM/input_Employee Id_oxd-input oxd-input--focus"), ""): Text '' is set on object 'Object Repository/Employee-Onboarding/Page_OrangeHRM/input_Employee Id_oxd-input oxd-input--focus'

26-12-2024T18:48:01 - [MESSAGE][PASSED] - Text '' is set on object 'Object Repository/Employee-Onboarding/Page_OrangeHRM/input_Employee Id_oxd-input oxd-input--focus'

26-12-2024T18:48:01 - [TEST_STEP][PASSED] - comment("Step 8: Toggle the switch related to the Employee ID"): Step 8: Toggle the switch related to the Employee ID

26-12-2024T18:48:01 - [MESSAGE][INFO] - Step 8: Toggle the switch related to the Employee ID

26-12-2024T18:48:01 - [TEST_STEP][PASSED] - click(findTestObject("Object Repository/Employee-Onboarding/Page_OrangeHRM/span_Employee Id_oxd-switch-input oxd-switc_efe210")): Object: 'Object Repository/Employee-Onboarding/Page_OrangeHRM/span_Employee Id_oxd-switch-input oxd-switc_efe210' is clicked on

26-12-2024T18:48:01 - [MESSAGE][PASSED] - Object: 'Object Repository/Employee-Onboarding/Page_OrangeHRM/span_Employee Id_oxd-switch-input oxd-switc_efe210' is clicked on

26-12-2024T18:48:01 - [TEST_STEP][PASSED] - comment("Step 9: Retrieve the entered first name and convert it to lowercase"): Step 9: Retrieve the entered first name and convert it to lowercase

26-12-2024T18:48:01 - [MESSAGE][INFO] - Step 9: Retrieve the entered first name and convert it to lowercase

26-12-2024T18:48:01 - [TEST_STEP][PASSED] - firstname = getAttribute(findTestObject("Object Repository/Employee-Onboarding/Page_OrangeHRM/input_Employee Full Name_firstName"), "value").toLowerCase(): Attribute 'value' of object 'Object Repository/Employee-Onboarding/Page_OrangeHRM/input_Employee Full Name_firstName' is: 'Terry'

26-12-2024T18:48:01 - [MESSAGE][PASSED] - Attribute 'value' of object 'Object Repository/Employee-Onboarding/Page_OrangeHRM/input_Employee Full Name_firstName' is: 'Terry'

26-12-2024T18:48:01 - [TEST_STEP][PASSED] - comment("Step 10: Retrieve the entered last name and convert it to lowercase"): Step 10: Retrieve the entered last name and convert it to lowercase

26-12-2024T18:48:01 - [MESSAGE][INFO] - Step 10: Retrieve the entered last name and convert it to lowercase

26-12-2024T18:48:01 - [TEST_STEP][PASSED] - lastname = getAttribute(findTestObject("Object Repository/Employee-Onboarding/Page_OrangeHRM/input_Employee Full Name_lastName"), "value").toLowerCase(): Attribute 'value' of object 'Object Repository/Employee-Onboarding/Page_OrangeHRM/input_Employee Full Name_lastName' is: 'Barnes'

26-12-2024T18:48:02 - [MESSAGE][PASSED] - Attribute 'value' of object 'Object Repository/Employee-Onboarding/Page_OrangeHRM/input_Employee Full Name_lastName' is: 'Barnes'

26-12-2024T18:48:02 - [TEST_STEP][PASSED] - comment("Step 11: Concatenate the first and last names to generate a username"): Step 11: Concatenate the first and last names to generate a username

26-12-2024T18:48:02 - [MESSAGE][INFO] - Step 11: Concatenate the first and last names to generate a username

26-12-2024T18:48:02 - [TEST_STEP][PASSED] - username = firstname + "." + lastname: null

26-12-2024T18:48:02 - [TEST_STEP][PASSED] - comment("Step 12: Set the username field with the generated username"): Step 12: Set the username field with the generated username

26-12-2024T18:48:02 - [MESSAGE][INFO] - Step 12: Set the username field with the generated username

26-12-2024T18:48:02 - [TEST_STEP][PASSED] - setText(findTestObject("Object Repository/Employee-Onboarding/Page_OrangeHRM/input_Username_oxd-input oxd-input--focus"), username): Text 'terry.barnes' is set on object 'Object Repository/Employee-Onboarding/Page_OrangeHRM/input_Username_oxd-input oxd-input--focus'

26-12-2024T18:48:02 - [MESSAGE][PASSED] - Text 'terry.barnes' is set on object 'Object Repository/Employee-Onboarding/Page_OrangeHRM/input_Username_oxd-input oxd-input--focus'

26-12-2024T18:48:02 - [TEST_STEP][PASSED] - comment("Step 13: Enter an encrypted password into the password field"): Step 13: Enter an encrypted password into the password field

26-12-2024T18:48:02 - [MESSAGE][INFO] - Step 13: Enter an encrypted password into the password field

26-12-2024T18:48:02 - [TEST_STEP][PASSED] - setEncryptedText(findTestObject("Object Repository/Employee-Onboarding/Page_OrangeHRM/input_Password_oxd-input oxd-input--active"), EmployeePassword): Text ****** has been set on object 'Object Repository/Employee-Onboarding/Page_OrangeHRM/input_Password_oxd-input oxd-input--active'

26-12-2024T18:48:02 - [MESSAGE][PASSED] - Text ****** has been set on object 'Object Repository/Employee-Onboarding/Page_OrangeHRM/input_Password_oxd-input oxd-input--active'

26-12-2024T18:48:02 - [TEST_STEP][PASSED] - comment("Step 14: Enter an encrypted password into the confirm password field"): Step 14: Enter an encrypted password into the confirm password field

26-12-2024T18:48:02 - [MESSAGE][INFO] - Step 14: Enter an encrypted password into the confirm password field

26-12-2024T18:48:02 - [TEST_STEP][PASSED] - setEncryptedText(findTestObject("Object Repository/Employee-Onboarding/Page_OrangeHRM/input_Confirm Password_oxd-input oxd-input-_a3aecb"), EmployeePassword): Text ****** has been set on object 'Object Repository/Employee-Onboarding/Page_OrangeHRM/input_Confirm Password_oxd-input oxd-input-_a3aecb'

26-12-2024T18:48:03 - [MESSAGE][PASSED] - Text ****** has been set on object 'Object Repository/Employee-Onboarding/Page_OrangeHRM/input_Confirm Password_oxd-input oxd-input-_a3aecb'

26-12-2024T18:48:03 - [TEST_STEP][PASSED] - comment("Step 15: Click the "Save" button to finalize adding the new employee"): Step 15: Click the "Save" button to finalize adding the new employee

26-12-2024T18:48:03 - [MESSAGE][INFO] - Step 15: Click the "Save" button to finalize adding the new employee

26-12-2024T18:48:03 - [TEST_STEP][PASSED] - click(findTestObject("Object Repository/Employee-Onboarding/Page_OrangeHRM/button_Save")): Object: 'Object Repository/Employee-Onboarding/Page_OrangeHRM/button_Save' is clicked on

26-12-2024T18:48:03 - [MESSAGE][PASSED] - Object: 'Object Repository/Employee-Onboarding/Page_OrangeHRM/button_Save' is clicked on

26-12-2024T18:48:03 - [TEST_STEP][PASSED] - delay(2): Delayed 2 second(s)

26-12-2024T18:48:05 - [MESSAGE][PASSED] - Delayed 2 second(s)]]></system-out>
         <system-err><![CDATA[]]></system-err>
      </testcase>
      <testcase name="Test Cases/Employee_Onboarding/TC_Employee_Onboarding" time="11.573" classname="Test Cases/Employee_Onboarding/TC_Employee_Onboarding" status="PASSED">
         <system-out><![CDATA[26-12-2024T18:48:05 - [TEST_CASE][PASSED] - Test Cases/Employee_Onboarding/TC_Employee_Onboarding: Test Cases/Employee_Onboarding/TC_Employee_Onboarding

26-12-2024T18:48:05 - [TEST_STEP][PASSED] - comment("Step 1: Click on the PIM module link"): Step 1: Click on the PIM module link

26-12-2024T18:48:05 - [MESSAGE][INFO] - Step 1: Click on the PIM module link

26-12-2024T18:48:05 - [TEST_STEP][PASSED] - click(findTestObject("Object Repository/Employee-Onboarding/Page_OrangeHRM/a_PIM")): Object: 'Object Repository/Employee-Onboarding/Page_OrangeHRM/a_PIM' is clicked on

26-12-2024T18:48:06 - [MESSAGE][PASSED] - Object: 'Object Repository/Employee-Onboarding/Page_OrangeHRM/a_PIM' is clicked on

26-12-2024T18:48:06 - [TEST_STEP][PASSED] - comment("Step 2: Click the "Add" button to add a new employee"): Step 2: Click the "Add" button to add a new employee

26-12-2024T18:48:06 - [MESSAGE][INFO] - Step 2: Click the "Add" button to add a new employee

26-12-2024T18:48:06 - [TEST_STEP][PASSED] - click(findTestObject("Object Repository/Employee-Onboarding/Page_OrangeHRM/button_Add")): Object: 'Object Repository/Employee-Onboarding/Page_OrangeHRM/button_Add' is clicked on

26-12-2024T18:48:09 - [MESSAGE][PASSED] - Object: 'Object Repository/Employee-Onboarding/Page_OrangeHRM/button_Add' is clicked on

26-12-2024T18:48:09 - [TEST_STEP][PASSED] - comment("Step 3: Focus on the "First Name" input field"): Step 3: Focus on the "First Name" input field

26-12-2024T18:48:09 - [MESSAGE][INFO] - Step 3: Focus on the "First Name" input field

26-12-2024T18:48:09 - [TEST_STEP][PASSED] - click(findTestObject("Object Repository/Employee-Onboarding/Page_OrangeHRM/input_Employee Full Name_firstName")): Object: 'Object Repository/Employee-Onboarding/Page_OrangeHRM/input_Employee Full Name_firstName' is clicked on

26-12-2024T18:48:10 - [MESSAGE][PASSED] - Object: 'Object Repository/Employee-Onboarding/Page_OrangeHRM/input_Employee Full Name_firstName' is clicked on

26-12-2024T18:48:10 - [TEST_STEP][PASSED] - comment("Step 4: Enter the employee's first name"): Step 4: Enter the employee's first name

26-12-2024T18:48:10 - [MESSAGE][INFO] - Step 4: Enter the employee's first name

26-12-2024T18:48:10 - [TEST_STEP][PASSED] - setText(findTestObject("Object Repository/Employee-Onboarding/Page_OrangeHRM/input_Employee Full Name_firstName"), Firstname): Text 'Michelle' is set on object 'Object Repository/Employee-Onboarding/Page_OrangeHRM/input_Employee Full Name_firstName'

26-12-2024T18:48:11 - [MESSAGE][PASSED] - Text 'Michelle' is set on object 'Object Repository/Employee-Onboarding/Page_OrangeHRM/input_Employee Full Name_firstName'

26-12-2024T18:48:11 - [TEST_STEP][PASSED] - comment("Step 5: Enter the employee's last name"): Step 5: Enter the employee's last name

26-12-2024T18:48:11 - [MESSAGE][INFO] - Step 5: Enter the employee's last name

26-12-2024T18:48:11 - [TEST_STEP][PASSED] - setText(findTestObject("Object Repository/Employee-Onboarding/Page_OrangeHRM/input_Employee Full Name_lastName"), Lastname): Text 'Washington' is set on object 'Object Repository/Employee-Onboarding/Page_OrangeHRM/input_Employee Full Name_lastName'

26-12-2024T18:48:11 - [MESSAGE][PASSED] - Text 'Washington' is set on object 'Object Repository/Employee-Onboarding/Page_OrangeHRM/input_Employee Full Name_lastName'

26-12-2024T18:48:11 - [TEST_STEP][PASSED] - comment("Step 6: Clear the default value in the "Employee ID" field"): Step 6: Clear the default value in the "Employee ID" field

26-12-2024T18:48:11 - [MESSAGE][INFO] - Step 6: Clear the default value in the "Employee ID" field

26-12-2024T18:48:11 - [TEST_STEP][PASSED] - clearText(findTestObject("Object Repository/Employee-Onboarding/Page_OrangeHRM/input_Employee Id_oxd-input oxd-input--focus")): Text of object 'Object Repository/Employee-Onboarding/Page_OrangeHRM/input_Employee Id_oxd-input oxd-input--focus' is cleared

26-12-2024T18:48:12 - [MESSAGE][PASSED] - Text of object 'Object Repository/Employee-Onboarding/Page_OrangeHRM/input_Employee Id_oxd-input oxd-input--focus' is cleared

26-12-2024T18:48:12 - [TEST_STEP][PASSED] - comment("Step 7: Set the employee ID field with a new value"): Step 7: Set the employee ID field with a new value

26-12-2024T18:48:12 - [MESSAGE][INFO] - Step 7: Set the employee ID field with a new value

26-12-2024T18:48:12 - [TEST_STEP][PASSED] - setText(findTestObject("Object Repository/Employee-Onboarding/Page_OrangeHRM/input_Employee Id_oxd-input oxd-input--focus"), ""): Text '' is set on object 'Object Repository/Employee-Onboarding/Page_OrangeHRM/input_Employee Id_oxd-input oxd-input--focus'

26-12-2024T18:48:12 - [MESSAGE][PASSED] - Text '' is set on object 'Object Repository/Employee-Onboarding/Page_OrangeHRM/input_Employee Id_oxd-input oxd-input--focus'

26-12-2024T18:48:12 - [TEST_STEP][PASSED] - comment("Step 8: Toggle the switch related to the Employee ID"): Step 8: Toggle the switch related to the Employee ID

26-12-2024T18:48:12 - [MESSAGE][INFO] - Step 8: Toggle the switch related to the Employee ID

26-12-2024T18:48:12 - [TEST_STEP][PASSED] - click(findTestObject("Object Repository/Employee-Onboarding/Page_OrangeHRM/span_Employee Id_oxd-switch-input oxd-switc_efe210")): Object: 'Object Repository/Employee-Onboarding/Page_OrangeHRM/span_Employee Id_oxd-switch-input oxd-switc_efe210' is clicked on

26-12-2024T18:48:12 - [MESSAGE][PASSED] - Object: 'Object Repository/Employee-Onboarding/Page_OrangeHRM/span_Employee Id_oxd-switch-input oxd-switc_efe210' is clicked on

26-12-2024T18:48:12 - [TEST_STEP][PASSED] - comment("Step 9: Retrieve the entered first name and convert it to lowercase"): Step 9: Retrieve the entered first name and convert it to lowercase

26-12-2024T18:48:12 - [MESSAGE][INFO] - Step 9: Retrieve the entered first name and convert it to lowercase

26-12-2024T18:48:12 - [TEST_STEP][PASSED] - firstname = getAttribute(findTestObject("Object Repository/Employee-Onboarding/Page_OrangeHRM/input_Employee Full Name_firstName"), "value").toLowerCase(): Attribute 'value' of object 'Object Repository/Employee-Onboarding/Page_OrangeHRM/input_Employee Full Name_firstName' is: 'Michelle'

26-12-2024T18:48:13 - [MESSAGE][PASSED] - Attribute 'value' of object 'Object Repository/Employee-Onboarding/Page_OrangeHRM/input_Employee Full Name_firstName' is: 'Michelle'

26-12-2024T18:48:13 - [TEST_STEP][PASSED] - comment("Step 10: Retrieve the entered last name and convert it to lowercase"): Step 10: Retrieve the entered last name and convert it to lowercase

26-12-2024T18:48:13 - [MESSAGE][INFO] - Step 10: Retrieve the entered last name and convert it to lowercase

26-12-2024T18:48:13 - [TEST_STEP][PASSED] - lastname = getAttribute(findTestObject("Object Repository/Employee-Onboarding/Page_OrangeHRM/input_Employee Full Name_lastName"), "value").toLowerCase(): Attribute 'value' of object 'Object Repository/Employee-Onboarding/Page_OrangeHRM/input_Employee Full Name_lastName' is: 'Washington'

26-12-2024T18:48:13 - [MESSAGE][PASSED] - Attribute 'value' of object 'Object Repository/Employee-Onboarding/Page_OrangeHRM/input_Employee Full Name_lastName' is: 'Washington'

26-12-2024T18:48:13 - [TEST_STEP][PASSED] - comment("Step 11: Concatenate the first and last names to generate a username"): Step 11: Concatenate the first and last names to generate a username

26-12-2024T18:48:13 - [MESSAGE][INFO] - Step 11: Concatenate the first and last names to generate a username

26-12-2024T18:48:13 - [TEST_STEP][PASSED] - username = firstname + "." + lastname: null

26-12-2024T18:48:13 - [TEST_STEP][PASSED] - comment("Step 12: Set the username field with the generated username"): Step 12: Set the username field with the generated username

26-12-2024T18:48:13 - [MESSAGE][INFO] - Step 12: Set the username field with the generated username

26-12-2024T18:48:13 - [TEST_STEP][PASSED] - setText(findTestObject("Object Repository/Employee-Onboarding/Page_OrangeHRM/input_Username_oxd-input oxd-input--focus"), username): Text 'michelle.washington' is set on object 'Object Repository/Employee-Onboarding/Page_OrangeHRM/input_Username_oxd-input oxd-input--focus'

26-12-2024T18:48:14 - [MESSAGE][PASSED] - Text 'michelle.washington' is set on object 'Object Repository/Employee-Onboarding/Page_OrangeHRM/input_Username_oxd-input oxd-input--focus'

26-12-2024T18:48:14 - [TEST_STEP][PASSED] - comment("Step 13: Enter an encrypted password into the password field"): Step 13: Enter an encrypted password into the password field

26-12-2024T18:48:14 - [MESSAGE][INFO] - Step 13: Enter an encrypted password into the password field

26-12-2024T18:48:14 - [TEST_STEP][PASSED] - setEncryptedText(findTestObject("Object Repository/Employee-Onboarding/Page_OrangeHRM/input_Password_oxd-input oxd-input--active"), EmployeePassword): Text ****** has been set on object 'Object Repository/Employee-Onboarding/Page_OrangeHRM/input_Password_oxd-input oxd-input--active'

26-12-2024T18:48:14 - [MESSAGE][PASSED] - Text ****** has been set on object 'Object Repository/Employee-Onboarding/Page_OrangeHRM/input_Password_oxd-input oxd-input--active'

26-12-2024T18:48:14 - [TEST_STEP][PASSED] - comment("Step 14: Enter an encrypted password into the confirm password field"): Step 14: Enter an encrypted password into the confirm password field

26-12-2024T18:48:14 - [MESSAGE][INFO] - Step 14: Enter an encrypted password into the confirm password field

26-12-2024T18:48:14 - [TEST_STEP][PASSED] - setEncryptedText(findTestObject("Object Repository/Employee-Onboarding/Page_OrangeHRM/input_Confirm Password_oxd-input oxd-input-_a3aecb"), EmployeePassword): Text ****** has been set on object 'Object Repository/Employee-Onboarding/Page_OrangeHRM/input_Confirm Password_oxd-input oxd-input-_a3aecb'

26-12-2024T18:48:14 - [MESSAGE][PASSED] - Text ****** has been set on object 'Object Repository/Employee-Onboarding/Page_OrangeHRM/input_Confirm Password_oxd-input oxd-input-_a3aecb'

26-12-2024T18:48:14 - [TEST_STEP][PASSED] - comment("Step 15: Click the "Save" button to finalize adding the new employee"): Step 15: Click the "Save" button to finalize adding the new employee

26-12-2024T18:48:14 - [MESSAGE][INFO] - Step 15: Click the "Save" button to finalize adding the new employee

26-12-2024T18:48:14 - [TEST_STEP][PASSED] - click(findTestObject("Object Repository/Employee-Onboarding/Page_OrangeHRM/button_Save")): Object: 'Object Repository/Employee-Onboarding/Page_OrangeHRM/button_Save' is clicked on

26-12-2024T18:48:14 - [MESSAGE][PASSED] - Object: 'Object Repository/Employee-Onboarding/Page_OrangeHRM/button_Save' is clicked on

26-12-2024T18:48:14 - [TEST_STEP][PASSED] - delay(2): Delayed 2 second(s)

26-12-2024T18:48:16 - [MESSAGE][PASSED] - Delayed 2 second(s)]]></system-out>
         <system-err><![CDATA[]]></system-err>
      </testcase>
      <testcase name="Test Cases/Employee_Onboarding/TC_Employee_Onboarding" time="11.519" classname="Test Cases/Employee_Onboarding/TC_Employee_Onboarding" status="PASSED">
         <system-out><![CDATA[26-12-2024T18:48:16 - [TEST_CASE][PASSED] - Test Cases/Employee_Onboarding/TC_Employee_Onboarding: Test Cases/Employee_Onboarding/TC_Employee_Onboarding

26-12-2024T18:48:16 - [TEST_STEP][PASSED] - comment("Step 1: Click on the PIM module link"): Step 1: Click on the PIM module link

26-12-2024T18:48:16 - [MESSAGE][INFO] - Step 1: Click on the PIM module link

26-12-2024T18:48:16 - [TEST_STEP][PASSED] - click(findTestObject("Object Repository/Employee-Onboarding/Page_OrangeHRM/a_PIM")): Object: 'Object Repository/Employee-Onboarding/Page_OrangeHRM/a_PIM' is clicked on

26-12-2024T18:48:18 - [MESSAGE][PASSED] - Object: 'Object Repository/Employee-Onboarding/Page_OrangeHRM/a_PIM' is clicked on

26-12-2024T18:48:18 - [TEST_STEP][PASSED] - comment("Step 2: Click the "Add" button to add a new employee"): Step 2: Click the "Add" button to add a new employee

26-12-2024T18:48:18 - [MESSAGE][INFO] - Step 2: Click the "Add" button to add a new employee

26-12-2024T18:48:18 - [TEST_STEP][PASSED] - click(findTestObject("Object Repository/Employee-Onboarding/Page_OrangeHRM/button_Add")): Object: 'Object Repository/Employee-Onboarding/Page_OrangeHRM/button_Add' is clicked on

26-12-2024T18:48:21 - [MESSAGE][PASSED] - Object: 'Object Repository/Employee-Onboarding/Page_OrangeHRM/button_Add' is clicked on

26-12-2024T18:48:21 - [TEST_STEP][PASSED] - comment("Step 3: Focus on the "First Name" input field"): Step 3: Focus on the "First Name" input field

26-12-2024T18:48:21 - [MESSAGE][INFO] - Step 3: Focus on the "First Name" input field

26-12-2024T18:48:21 - [TEST_STEP][PASSED] - click(findTestObject("Object Repository/Employee-Onboarding/Page_OrangeHRM/input_Employee Full Name_firstName")): Object: 'Object Repository/Employee-Onboarding/Page_OrangeHRM/input_Employee Full Name_firstName' is clicked on

26-12-2024T18:48:22 - [MESSAGE][PASSED] - Object: 'Object Repository/Employee-Onboarding/Page_OrangeHRM/input_Employee Full Name_firstName' is clicked on

26-12-2024T18:48:22 - [TEST_STEP][PASSED] - comment("Step 4: Enter the employee's first name"): Step 4: Enter the employee's first name

26-12-2024T18:48:22 - [MESSAGE][INFO] - Step 4: Enter the employee's first name

26-12-2024T18:48:22 - [TEST_STEP][PASSED] - setText(findTestObject("Object Repository/Employee-Onboarding/Page_OrangeHRM/input_Employee Full Name_firstName"), Firstname): Text 'Paul' is set on object 'Object Repository/Employee-Onboarding/Page_OrangeHRM/input_Employee Full Name_firstName'

26-12-2024T18:48:22 - [MESSAGE][PASSED] - Text 'Paul' is set on object 'Object Repository/Employee-Onboarding/Page_OrangeHRM/input_Employee Full Name_firstName'

26-12-2024T18:48:22 - [TEST_STEP][PASSED] - comment("Step 5: Enter the employee's last name"): Step 5: Enter the employee's last name

26-12-2024T18:48:22 - [MESSAGE][INFO] - Step 5: Enter the employee's last name

26-12-2024T18:48:22 - [TEST_STEP][PASSED] - setText(findTestObject("Object Repository/Employee-Onboarding/Page_OrangeHRM/input_Employee Full Name_lastName"), Lastname): Text 'Colon' is set on object 'Object Repository/Employee-Onboarding/Page_OrangeHRM/input_Employee Full Name_lastName'

26-12-2024T18:48:23 - [MESSAGE][PASSED] - Text 'Colon' is set on object 'Object Repository/Employee-Onboarding/Page_OrangeHRM/input_Employee Full Name_lastName'

26-12-2024T18:48:23 - [TEST_STEP][PASSED] - comment("Step 6: Clear the default value in the "Employee ID" field"): Step 6: Clear the default value in the "Employee ID" field

26-12-2024T18:48:23 - [MESSAGE][INFO] - Step 6: Clear the default value in the "Employee ID" field

26-12-2024T18:48:23 - [TEST_STEP][PASSED] - clearText(findTestObject("Object Repository/Employee-Onboarding/Page_OrangeHRM/input_Employee Id_oxd-input oxd-input--focus")): Text of object 'Object Repository/Employee-Onboarding/Page_OrangeHRM/input_Employee Id_oxd-input oxd-input--focus' is cleared

26-12-2024T18:48:23 - [MESSAGE][PASSED] - Text of object 'Object Repository/Employee-Onboarding/Page_OrangeHRM/input_Employee Id_oxd-input oxd-input--focus' is cleared

26-12-2024T18:48:23 - [TEST_STEP][PASSED] - comment("Step 7: Set the employee ID field with a new value"): Step 7: Set the employee ID field with a new value

26-12-2024T18:48:23 - [MESSAGE][INFO] - Step 7: Set the employee ID field with a new value

26-12-2024T18:48:23 - [TEST_STEP][PASSED] - setText(findTestObject("Object Repository/Employee-Onboarding/Page_OrangeHRM/input_Employee Id_oxd-input oxd-input--focus"), ""): Text '' is set on object 'Object Repository/Employee-Onboarding/Page_OrangeHRM/input_Employee Id_oxd-input oxd-input--focus'

26-12-2024T18:48:24 - [MESSAGE][PASSED] - Text '' is set on object 'Object Repository/Employee-Onboarding/Page_OrangeHRM/input_Employee Id_oxd-input oxd-input--focus'

26-12-2024T18:48:24 - [TEST_STEP][PASSED] - comment("Step 8: Toggle the switch related to the Employee ID"): Step 8: Toggle the switch related to the Employee ID

26-12-2024T18:48:24 - [MESSAGE][INFO] - Step 8: Toggle the switch related to the Employee ID

26-12-2024T18:48:24 - [TEST_STEP][PASSED] - click(findTestObject("Object Repository/Employee-Onboarding/Page_OrangeHRM/span_Employee Id_oxd-switch-input oxd-switc_efe210")): Object: 'Object Repository/Employee-Onboarding/Page_OrangeHRM/span_Employee Id_oxd-switch-input oxd-switc_efe210' is clicked on

26-12-2024T18:48:24 - [MESSAGE][PASSED] - Object: 'Object Repository/Employee-Onboarding/Page_OrangeHRM/span_Employee Id_oxd-switch-input oxd-switc_efe210' is clicked on

26-12-2024T18:48:24 - [TEST_STEP][PASSED] - comment("Step 9: Retrieve the entered first name and convert it to lowercase"): Step 9: Retrieve the entered first name and convert it to lowercase

26-12-2024T18:48:24 - [MESSAGE][INFO] - Step 9: Retrieve the entered first name and convert it to lowercase

26-12-2024T18:48:24 - [TEST_STEP][PASSED] - firstname = getAttribute(findTestObject("Object Repository/Employee-Onboarding/Page_OrangeHRM/input_Employee Full Name_firstName"), "value").toLowerCase(): Attribute 'value' of object 'Object Repository/Employee-Onboarding/Page_OrangeHRM/input_Employee Full Name_firstName' is: 'Paul'

26-12-2024T18:48:24 - [MESSAGE][PASSED] - Attribute 'value' of object 'Object Repository/Employee-Onboarding/Page_OrangeHRM/input_Employee Full Name_firstName' is: 'Paul'

26-12-2024T18:48:24 - [TEST_STEP][PASSED] - comment("Step 10: Retrieve the entered last name and convert it to lowercase"): Step 10: Retrieve the entered last name and convert it to lowercase

26-12-2024T18:48:24 - [MESSAGE][INFO] - Step 10: Retrieve the entered last name and convert it to lowercase

26-12-2024T18:48:24 - [TEST_STEP][PASSED] - lastname = getAttribute(findTestObject("Object Repository/Employee-Onboarding/Page_OrangeHRM/input_Employee Full Name_lastName"), "value").toLowerCase(): Attribute 'value' of object 'Object Repository/Employee-Onboarding/Page_OrangeHRM/input_Employee Full Name_lastName' is: 'Colon'

26-12-2024T18:48:25 - [MESSAGE][PASSED] - Attribute 'value' of object 'Object Repository/Employee-Onboarding/Page_OrangeHRM/input_Employee Full Name_lastName' is: 'Colon'

26-12-2024T18:48:25 - [TEST_STEP][PASSED] - comment("Step 11: Concatenate the first and last names to generate a username"): Step 11: Concatenate the first and last names to generate a username

26-12-2024T18:48:25 - [MESSAGE][INFO] - Step 11: Concatenate the first and last names to generate a username

26-12-2024T18:48:25 - [TEST_STEP][PASSED] - username = firstname + "." + lastname: null

26-12-2024T18:48:25 - [TEST_STEP][PASSED] - comment("Step 12: Set the username field with the generated username"): Step 12: Set the username field with the generated username

26-12-2024T18:48:25 - [MESSAGE][INFO] - Step 12: Set the username field with the generated username

26-12-2024T18:48:25 - [TEST_STEP][PASSED] - setText(findTestObject("Object Repository/Employee-Onboarding/Page_OrangeHRM/input_Username_oxd-input oxd-input--focus"), username): Text 'paul.colon' is set on object 'Object Repository/Employee-Onboarding/Page_OrangeHRM/input_Username_oxd-input oxd-input--focus'

26-12-2024T18:48:25 - [MESSAGE][PASSED] - Text 'paul.colon' is set on object 'Object Repository/Employee-Onboarding/Page_OrangeHRM/input_Username_oxd-input oxd-input--focus'

26-12-2024T18:48:25 - [TEST_STEP][PASSED] - comment("Step 13: Enter an encrypted password into the password field"): Step 13: Enter an encrypted password into the password field

26-12-2024T18:48:25 - [MESSAGE][INFO] - Step 13: Enter an encrypted password into the password field

26-12-2024T18:48:25 - [TEST_STEP][PASSED] - setEncryptedText(findTestObject("Object Repository/Employee-Onboarding/Page_OrangeHRM/input_Password_oxd-input oxd-input--active"), EmployeePassword): Text ****** has been set on object 'Object Repository/Employee-Onboarding/Page_OrangeHRM/input_Password_oxd-input oxd-input--active'

26-12-2024T18:48:25 - [MESSAGE][PASSED] - Text ****** has been set on object 'Object Repository/Employee-Onboarding/Page_OrangeHRM/input_Password_oxd-input oxd-input--active'

26-12-2024T18:48:25 - [TEST_STEP][PASSED] - comment("Step 14: Enter an encrypted password into the confirm password field"): Step 14: Enter an encrypted password into the confirm password field

26-12-2024T18:48:25 - [MESSAGE][INFO] - Step 14: Enter an encrypted password into the confirm password field

26-12-2024T18:48:25 - [TEST_STEP][PASSED] - setEncryptedText(findTestObject("Object Repository/Employee-Onboarding/Page_OrangeHRM/input_Confirm Password_oxd-input oxd-input-_a3aecb"), EmployeePassword): Text ****** has been set on object 'Object Repository/Employee-Onboarding/Page_OrangeHRM/input_Confirm Password_oxd-input oxd-input-_a3aecb'

26-12-2024T18:48:26 - [MESSAGE][PASSED] - Text ****** has been set on object 'Object Repository/Employee-Onboarding/Page_OrangeHRM/input_Confirm Password_oxd-input oxd-input-_a3aecb'

26-12-2024T18:48:26 - [TEST_STEP][PASSED] - comment("Step 15: Click the "Save" button to finalize adding the new employee"): Step 15: Click the "Save" button to finalize adding the new employee

26-12-2024T18:48:26 - [MESSAGE][INFO] - Step 15: Click the "Save" button to finalize adding the new employee

26-12-2024T18:48:26 - [TEST_STEP][PASSED] - click(findTestObject("Object Repository/Employee-Onboarding/Page_OrangeHRM/button_Save")): Object: 'Object Repository/Employee-Onboarding/Page_OrangeHRM/button_Save' is clicked on

26-12-2024T18:48:26 - [MESSAGE][PASSED] - Object: 'Object Repository/Employee-Onboarding/Page_OrangeHRM/button_Save' is clicked on

26-12-2024T18:48:26 - [TEST_STEP][PASSED] - delay(2): Delayed 2 second(s)

26-12-2024T18:48:28 - [MESSAGE][PASSED] - Delayed 2 second(s)]]></system-out>
         <system-err><![CDATA[]]></system-err>
      </testcase>
      <testcase name="Test Cases/Employee_Onboarding/TC_Employee_Onboarding" time="12.027" classname="Test Cases/Employee_Onboarding/TC_Employee_Onboarding" status="PASSED">
         <system-out><![CDATA[26-12-2024T18:48:28 - [TEST_CASE][PASSED] - Test Cases/Employee_Onboarding/TC_Employee_Onboarding: Test Cases/Employee_Onboarding/TC_Employee_Onboarding

26-12-2024T18:48:28 - [TEST_STEP][PASSED] - comment("Step 1: Click on the PIM module link"): Step 1: Click on the PIM module link

26-12-2024T18:48:28 - [MESSAGE][INFO] - Step 1: Click on the PIM module link

26-12-2024T18:48:28 - [TEST_STEP][PASSED] - click(findTestObject("Object Repository/Employee-Onboarding/Page_OrangeHRM/a_PIM")): Object: 'Object Repository/Employee-Onboarding/Page_OrangeHRM/a_PIM' is clicked on

26-12-2024T18:48:30 - [MESSAGE][PASSED] - Object: 'Object Repository/Employee-Onboarding/Page_OrangeHRM/a_PIM' is clicked on

26-12-2024T18:48:30 - [TEST_STEP][PASSED] - comment("Step 2: Click the "Add" button to add a new employee"): Step 2: Click the "Add" button to add a new employee

26-12-2024T18:48:30 - [MESSAGE][INFO] - Step 2: Click the "Add" button to add a new employee

26-12-2024T18:48:30 - [TEST_STEP][PASSED] - click(findTestObject("Object Repository/Employee-Onboarding/Page_OrangeHRM/button_Add")): Object: 'Object Repository/Employee-Onboarding/Page_OrangeHRM/button_Add' is clicked on

26-12-2024T18:48:33 - [MESSAGE][PASSED] - Object: 'Object Repository/Employee-Onboarding/Page_OrangeHRM/button_Add' is clicked on

26-12-2024T18:48:33 - [TEST_STEP][PASSED] - comment("Step 3: Focus on the "First Name" input field"): Step 3: Focus on the "First Name" input field

26-12-2024T18:48:33 - [MESSAGE][INFO] - Step 3: Focus on the "First Name" input field

26-12-2024T18:48:33 - [TEST_STEP][PASSED] - click(findTestObject("Object Repository/Employee-Onboarding/Page_OrangeHRM/input_Employee Full Name_firstName")): Object: 'Object Repository/Employee-Onboarding/Page_OrangeHRM/input_Employee Full Name_firstName' is clicked on

26-12-2024T18:48:34 - [MESSAGE][PASSED] - Object: 'Object Repository/Employee-Onboarding/Page_OrangeHRM/input_Employee Full Name_firstName' is clicked on

26-12-2024T18:48:34 - [TEST_STEP][PASSED] - comment("Step 4: Enter the employee's first name"): Step 4: Enter the employee's first name

26-12-2024T18:48:34 - [MESSAGE][INFO] - Step 4: Enter the employee's first name

26-12-2024T18:48:34 - [TEST_STEP][PASSED] - setText(findTestObject("Object Repository/Employee-Onboarding/Page_OrangeHRM/input_Employee Full Name_firstName"), Firstname): Text 'Amanda' is set on object 'Object Repository/Employee-Onboarding/Page_OrangeHRM/input_Employee Full Name_firstName'

26-12-2024T18:48:35 - [MESSAGE][PASSED] - Text 'Amanda' is set on object 'Object Repository/Employee-Onboarding/Page_OrangeHRM/input_Employee Full Name_firstName'

26-12-2024T18:48:35 - [TEST_STEP][PASSED] - comment("Step 5: Enter the employee's last name"): Step 5: Enter the employee's last name

26-12-2024T18:48:35 - [MESSAGE][INFO] - Step 5: Enter the employee's last name

26-12-2024T18:48:35 - [TEST_STEP][PASSED] - setText(findTestObject("Object Repository/Employee-Onboarding/Page_OrangeHRM/input_Employee Full Name_lastName"), Lastname): Text 'Howe' is set on object 'Object Repository/Employee-Onboarding/Page_OrangeHRM/input_Employee Full Name_lastName'

26-12-2024T18:48:35 - [MESSAGE][PASSED] - Text 'Howe' is set on object 'Object Repository/Employee-Onboarding/Page_OrangeHRM/input_Employee Full Name_lastName'

26-12-2024T18:48:35 - [TEST_STEP][PASSED] - comment("Step 6: Clear the default value in the "Employee ID" field"): Step 6: Clear the default value in the "Employee ID" field

26-12-2024T18:48:35 - [MESSAGE][INFO] - Step 6: Clear the default value in the "Employee ID" field

26-12-2024T18:48:35 - [TEST_STEP][PASSED] - clearText(findTestObject("Object Repository/Employee-Onboarding/Page_OrangeHRM/input_Employee Id_oxd-input oxd-input--focus")): Text of object 'Object Repository/Employee-Onboarding/Page_OrangeHRM/input_Employee Id_oxd-input oxd-input--focus' is cleared

26-12-2024T18:48:35 - [MESSAGE][PASSED] - Text of object 'Object Repository/Employee-Onboarding/Page_OrangeHRM/input_Employee Id_oxd-input oxd-input--focus' is cleared

26-12-2024T18:48:35 - [TEST_STEP][PASSED] - comment("Step 7: Set the employee ID field with a new value"): Step 7: Set the employee ID field with a new value

26-12-2024T18:48:35 - [MESSAGE][INFO] - Step 7: Set the employee ID field with a new value

26-12-2024T18:48:35 - [TEST_STEP][PASSED] - setText(findTestObject("Object Repository/Employee-Onboarding/Page_OrangeHRM/input_Employee Id_oxd-input oxd-input--focus"), ""): Text '' is set on object 'Object Repository/Employee-Onboarding/Page_OrangeHRM/input_Employee Id_oxd-input oxd-input--focus'

26-12-2024T18:48:36 - [MESSAGE][PASSED] - Text '' is set on object 'Object Repository/Employee-Onboarding/Page_OrangeHRM/input_Employee Id_oxd-input oxd-input--focus'

26-12-2024T18:48:36 - [TEST_STEP][PASSED] - comment("Step 8: Toggle the switch related to the Employee ID"): Step 8: Toggle the switch related to the Employee ID

26-12-2024T18:48:36 - [MESSAGE][INFO] - Step 8: Toggle the switch related to the Employee ID

26-12-2024T18:48:36 - [TEST_STEP][PASSED] - click(findTestObject("Object Repository/Employee-Onboarding/Page_OrangeHRM/span_Employee Id_oxd-switch-input oxd-switc_efe210")): Object: 'Object Repository/Employee-Onboarding/Page_OrangeHRM/span_Employee Id_oxd-switch-input oxd-switc_efe210' is clicked on

26-12-2024T18:48:36 - [MESSAGE][PASSED] - Object: 'Object Repository/Employee-Onboarding/Page_OrangeHRM/span_Employee Id_oxd-switch-input oxd-switc_efe210' is clicked on

26-12-2024T18:48:36 - [TEST_STEP][PASSED] - comment("Step 9: Retrieve the entered first name and convert it to lowercase"): Step 9: Retrieve the entered first name and convert it to lowercase

26-12-2024T18:48:36 - [MESSAGE][INFO] - Step 9: Retrieve the entered first name and convert it to lowercase

26-12-2024T18:48:36 - [TEST_STEP][PASSED] - firstname = getAttribute(findTestObject("Object Repository/Employee-Onboarding/Page_OrangeHRM/input_Employee Full Name_firstName"), "value").toLowerCase(): Attribute 'value' of object 'Object Repository/Employee-Onboarding/Page_OrangeHRM/input_Employee Full Name_firstName' is: 'Amanda'

26-12-2024T18:48:36 - [MESSAGE][PASSED] - Attribute 'value' of object 'Object Repository/Employee-Onboarding/Page_OrangeHRM/input_Employee Full Name_firstName' is: 'Amanda'

26-12-2024T18:48:36 - [TEST_STEP][PASSED] - comment("Step 10: Retrieve the entered last name and convert it to lowercase"): Step 10: Retrieve the entered last name and convert it to lowercase

26-12-2024T18:48:36 - [MESSAGE][INFO] - Step 10: Retrieve the entered last name and convert it to lowercase

26-12-2024T18:48:36 - [TEST_STEP][PASSED] - lastname = getAttribute(findTestObject("Object Repository/Employee-Onboarding/Page_OrangeHRM/input_Employee Full Name_lastName"), "value").toLowerCase(): Attribute 'value' of object 'Object Repository/Employee-Onboarding/Page_OrangeHRM/input_Employee Full Name_lastName' is: 'Howe'

26-12-2024T18:48:37 - [MESSAGE][PASSED] - Attribute 'value' of object 'Object Repository/Employee-Onboarding/Page_OrangeHRM/input_Employee Full Name_lastName' is: 'Howe'

26-12-2024T18:48:37 - [TEST_STEP][PASSED] - comment("Step 11: Concatenate the first and last names to generate a username"): Step 11: Concatenate the first and last names to generate a username

26-12-2024T18:48:37 - [MESSAGE][INFO] - Step 11: Concatenate the first and last names to generate a username

26-12-2024T18:48:37 - [TEST_STEP][PASSED] - username = firstname + "." + lastname: null

26-12-2024T18:48:37 - [TEST_STEP][PASSED] - comment("Step 12: Set the username field with the generated username"): Step 12: Set the username field with the generated username

26-12-2024T18:48:37 - [MESSAGE][INFO] - Step 12: Set the username field with the generated username

26-12-2024T18:48:37 - [TEST_STEP][PASSED] - setText(findTestObject("Object Repository/Employee-Onboarding/Page_OrangeHRM/input_Username_oxd-input oxd-input--focus"), username): Text 'amanda.howe' is set on object 'Object Repository/Employee-Onboarding/Page_OrangeHRM/input_Username_oxd-input oxd-input--focus'

26-12-2024T18:48:37 - [MESSAGE][PASSED] - Text 'amanda.howe' is set on object 'Object Repository/Employee-Onboarding/Page_OrangeHRM/input_Username_oxd-input oxd-input--focus'

26-12-2024T18:48:37 - [TEST_STEP][PASSED] - comment("Step 13: Enter an encrypted password into the password field"): Step 13: Enter an encrypted password into the password field

26-12-2024T18:48:37 - [MESSAGE][INFO] - Step 13: Enter an encrypted password into the password field

26-12-2024T18:48:37 - [TEST_STEP][PASSED] - setEncryptedText(findTestObject("Object Repository/Employee-Onboarding/Page_OrangeHRM/input_Password_oxd-input oxd-input--active"), EmployeePassword): Text ****** has been set on object 'Object Repository/Employee-Onboarding/Page_OrangeHRM/input_Password_oxd-input oxd-input--active'

26-12-2024T18:48:37 - [MESSAGE][PASSED] - Text ****** has been set on object 'Object Repository/Employee-Onboarding/Page_OrangeHRM/input_Password_oxd-input oxd-input--active'

26-12-2024T18:48:37 - [TEST_STEP][PASSED] - comment("Step 14: Enter an encrypted password into the confirm password field"): Step 14: Enter an encrypted password into the confirm password field

26-12-2024T18:48:37 - [MESSAGE][INFO] - Step 14: Enter an encrypted password into the confirm password field

26-12-2024T18:48:37 - [TEST_STEP][PASSED] - setEncryptedText(findTestObject("Object Repository/Employee-Onboarding/Page_OrangeHRM/input_Confirm Password_oxd-input oxd-input-_a3aecb"), EmployeePassword): Text ****** has been set on object 'Object Repository/Employee-Onboarding/Page_OrangeHRM/input_Confirm Password_oxd-input oxd-input-_a3aecb'

26-12-2024T18:48:38 - [MESSAGE][PASSED] - Text ****** has been set on object 'Object Repository/Employee-Onboarding/Page_OrangeHRM/input_Confirm Password_oxd-input oxd-input-_a3aecb'

26-12-2024T18:48:38 - [TEST_STEP][PASSED] - comment("Step 15: Click the "Save" button to finalize adding the new employee"): Step 15: Click the "Save" button to finalize adding the new employee

26-12-2024T18:48:38 - [MESSAGE][INFO] - Step 15: Click the "Save" button to finalize adding the new employee

26-12-2024T18:48:38 - [TEST_STEP][PASSED] - click(findTestObject("Object Repository/Employee-Onboarding/Page_OrangeHRM/button_Save")): Object: 'Object Repository/Employee-Onboarding/Page_OrangeHRM/button_Save' is clicked on

26-12-2024T18:48:38 - [MESSAGE][PASSED] - Object: 'Object Repository/Employee-Onboarding/Page_OrangeHRM/button_Save' is clicked on

26-12-2024T18:48:38 - [TEST_STEP][PASSED] - delay(2): Delayed 2 second(s)

26-12-2024T18:48:40 - [MESSAGE][PASSED] - Delayed 2 second(s)]]></system-out>
         <system-err><![CDATA[]]></system-err>
      </testcase>
      <testcase name="Test Cases/Employee_Onboarding/TC_Employee_Onboarding" time="11.135" classname="Test Cases/Employee_Onboarding/TC_Employee_Onboarding" status="PASSED">
         <system-out><![CDATA[26-12-2024T18:48:40 - [TEST_CASE][PASSED] - Test Cases/Employee_Onboarding/TC_Employee_Onboarding: Test Cases/Employee_Onboarding/TC_Employee_Onboarding

26-12-2024T18:48:40 - [TEST_STEP][PASSED] - comment("Step 1: Click on the PIM module link"): Step 1: Click on the PIM module link

26-12-2024T18:48:40 - [MESSAGE][INFO] - Step 1: Click on the PIM module link

26-12-2024T18:48:40 - [TEST_STEP][PASSED] - click(findTestObject("Object Repository/Employee-Onboarding/Page_OrangeHRM/a_PIM")): Object: 'Object Repository/Employee-Onboarding/Page_OrangeHRM/a_PIM' is clicked on

26-12-2024T18:48:42 - [MESSAGE][PASSED] - Object: 'Object Repository/Employee-Onboarding/Page_OrangeHRM/a_PIM' is clicked on

26-12-2024T18:48:42 - [TEST_STEP][PASSED] - comment("Step 2: Click the "Add" button to add a new employee"): Step 2: Click the "Add" button to add a new employee

26-12-2024T18:48:42 - [MESSAGE][INFO] - Step 2: Click the "Add" button to add a new employee

26-12-2024T18:48:42 - [TEST_STEP][PASSED] - click(findTestObject("Object Repository/Employee-Onboarding/Page_OrangeHRM/button_Add")): Object: 'Object Repository/Employee-Onboarding/Page_OrangeHRM/button_Add' is clicked on

26-12-2024T18:48:44 - [MESSAGE][PASSED] - Object: 'Object Repository/Employee-Onboarding/Page_OrangeHRM/button_Add' is clicked on

26-12-2024T18:48:44 - [TEST_STEP][PASSED] - comment("Step 3: Focus on the "First Name" input field"): Step 3: Focus on the "First Name" input field

26-12-2024T18:48:44 - [MESSAGE][INFO] - Step 3: Focus on the "First Name" input field

26-12-2024T18:48:44 - [TEST_STEP][PASSED] - click(findTestObject("Object Repository/Employee-Onboarding/Page_OrangeHRM/input_Employee Full Name_firstName")): Object: 'Object Repository/Employee-Onboarding/Page_OrangeHRM/input_Employee Full Name_firstName' is clicked on

26-12-2024T18:48:45 - [MESSAGE][PASSED] - Object: 'Object Repository/Employee-Onboarding/Page_OrangeHRM/input_Employee Full Name_firstName' is clicked on

26-12-2024T18:48:45 - [TEST_STEP][PASSED] - comment("Step 4: Enter the employee's first name"): Step 4: Enter the employee's first name

26-12-2024T18:48:45 - [MESSAGE][INFO] - Step 4: Enter the employee's first name

26-12-2024T18:48:45 - [TEST_STEP][PASSED] - setText(findTestObject("Object Repository/Employee-Onboarding/Page_OrangeHRM/input_Employee Full Name_firstName"), Firstname): Text 'Caleb' is set on object 'Object Repository/Employee-Onboarding/Page_OrangeHRM/input_Employee Full Name_firstName'

26-12-2024T18:48:46 - [MESSAGE][PASSED] - Text 'Caleb' is set on object 'Object Repository/Employee-Onboarding/Page_OrangeHRM/input_Employee Full Name_firstName'

26-12-2024T18:48:46 - [TEST_STEP][PASSED] - comment("Step 5: Enter the employee's last name"): Step 5: Enter the employee's last name

26-12-2024T18:48:46 - [MESSAGE][INFO] - Step 5: Enter the employee's last name

26-12-2024T18:48:46 - [TEST_STEP][PASSED] - setText(findTestObject("Object Repository/Employee-Onboarding/Page_OrangeHRM/input_Employee Full Name_lastName"), Lastname): Text 'Garner' is set on object 'Object Repository/Employee-Onboarding/Page_OrangeHRM/input_Employee Full Name_lastName'

26-12-2024T18:48:46 - [MESSAGE][PASSED] - Text 'Garner' is set on object 'Object Repository/Employee-Onboarding/Page_OrangeHRM/input_Employee Full Name_lastName'

26-12-2024T18:48:46 - [TEST_STEP][PASSED] - comment("Step 6: Clear the default value in the "Employee ID" field"): Step 6: Clear the default value in the "Employee ID" field

26-12-2024T18:48:46 - [MESSAGE][INFO] - Step 6: Clear the default value in the "Employee ID" field

26-12-2024T18:48:46 - [TEST_STEP][PASSED] - clearText(findTestObject("Object Repository/Employee-Onboarding/Page_OrangeHRM/input_Employee Id_oxd-input oxd-input--focus")): Text of object 'Object Repository/Employee-Onboarding/Page_OrangeHRM/input_Employee Id_oxd-input oxd-input--focus' is cleared

26-12-2024T18:48:46 - [MESSAGE][PASSED] - Text of object 'Object Repository/Employee-Onboarding/Page_OrangeHRM/input_Employee Id_oxd-input oxd-input--focus' is cleared

26-12-2024T18:48:46 - [TEST_STEP][PASSED] - comment("Step 7: Set the employee ID field with a new value"): Step 7: Set the employee ID field with a new value

26-12-2024T18:48:46 - [MESSAGE][INFO] - Step 7: Set the employee ID field with a new value

26-12-2024T18:48:46 - [TEST_STEP][PASSED] - setText(findTestObject("Object Repository/Employee-Onboarding/Page_OrangeHRM/input_Employee Id_oxd-input oxd-input--focus"), ""): Text '' is set on object 'Object Repository/Employee-Onboarding/Page_OrangeHRM/input_Employee Id_oxd-input oxd-input--focus'

26-12-2024T18:48:47 - [MESSAGE][PASSED] - Text '' is set on object 'Object Repository/Employee-Onboarding/Page_OrangeHRM/input_Employee Id_oxd-input oxd-input--focus'

26-12-2024T18:48:47 - [TEST_STEP][PASSED] - comment("Step 8: Toggle the switch related to the Employee ID"): Step 8: Toggle the switch related to the Employee ID

26-12-2024T18:48:47 - [MESSAGE][INFO] - Step 8: Toggle the switch related to the Employee ID

26-12-2024T18:48:47 - [TEST_STEP][PASSED] - click(findTestObject("Object Repository/Employee-Onboarding/Page_OrangeHRM/span_Employee Id_oxd-switch-input oxd-switc_efe210")): Object: 'Object Repository/Employee-Onboarding/Page_OrangeHRM/span_Employee Id_oxd-switch-input oxd-switc_efe210' is clicked on

26-12-2024T18:48:47 - [MESSAGE][PASSED] - Object: 'Object Repository/Employee-Onboarding/Page_OrangeHRM/span_Employee Id_oxd-switch-input oxd-switc_efe210' is clicked on

26-12-2024T18:48:47 - [TEST_STEP][PASSED] - comment("Step 9: Retrieve the entered first name and convert it to lowercase"): Step 9: Retrieve the entered first name and convert it to lowercase

26-12-2024T18:48:47 - [MESSAGE][INFO] - Step 9: Retrieve the entered first name and convert it to lowercase

26-12-2024T18:48:47 - [TEST_STEP][PASSED] - firstname = getAttribute(findTestObject("Object Repository/Employee-Onboarding/Page_OrangeHRM/input_Employee Full Name_firstName"), "value").toLowerCase(): Attribute 'value' of object 'Object Repository/Employee-Onboarding/Page_OrangeHRM/input_Employee Full Name_firstName' is: 'Caleb'

26-12-2024T18:48:48 - [MESSAGE][PASSED] - Attribute 'value' of object 'Object Repository/Employee-Onboarding/Page_OrangeHRM/input_Employee Full Name_firstName' is: 'Caleb'

26-12-2024T18:48:48 - [TEST_STEP][PASSED] - comment("Step 10: Retrieve the entered last name and convert it to lowercase"): Step 10: Retrieve the entered last name and convert it to lowercase

26-12-2024T18:48:48 - [MESSAGE][INFO] - Step 10: Retrieve the entered last name and convert it to lowercase

26-12-2024T18:48:48 - [TEST_STEP][PASSED] - lastname = getAttribute(findTestObject("Object Repository/Employee-Onboarding/Page_OrangeHRM/input_Employee Full Name_lastName"), "value").toLowerCase(): Attribute 'value' of object 'Object Repository/Employee-Onboarding/Page_OrangeHRM/input_Employee Full Name_lastName' is: 'Garner'

26-12-2024T18:48:48 - [MESSAGE][PASSED] - Attribute 'value' of object 'Object Repository/Employee-Onboarding/Page_OrangeHRM/input_Employee Full Name_lastName' is: 'Garner'

26-12-2024T18:48:48 - [TEST_STEP][PASSED] - comment("Step 11: Concatenate the first and last names to generate a username"): Step 11: Concatenate the first and last names to generate a username

26-12-2024T18:48:48 - [MESSAGE][INFO] - Step 11: Concatenate the first and last names to generate a username

26-12-2024T18:48:48 - [TEST_STEP][PASSED] - username = firstname + "." + lastname: null

26-12-2024T18:48:48 - [TEST_STEP][PASSED] - comment("Step 12: Set the username field with the generated username"): Step 12: Set the username field with the generated username

26-12-2024T18:48:48 - [MESSAGE][INFO] - Step 12: Set the username field with the generated username

26-12-2024T18:48:48 - [TEST_STEP][PASSED] - setText(findTestObject("Object Repository/Employee-Onboarding/Page_OrangeHRM/input_Username_oxd-input oxd-input--focus"), username): Text 'caleb.garner' is set on object 'Object Repository/Employee-Onboarding/Page_OrangeHRM/input_Username_oxd-input oxd-input--focus'

26-12-2024T18:48:48 - [MESSAGE][PASSED] - Text 'caleb.garner' is set on object 'Object Repository/Employee-Onboarding/Page_OrangeHRM/input_Username_oxd-input oxd-input--focus'

26-12-2024T18:48:48 - [TEST_STEP][PASSED] - comment("Step 13: Enter an encrypted password into the password field"): Step 13: Enter an encrypted password into the password field

26-12-2024T18:48:48 - [MESSAGE][INFO] - Step 13: Enter an encrypted password into the password field

26-12-2024T18:48:48 - [TEST_STEP][PASSED] - setEncryptedText(findTestObject("Object Repository/Employee-Onboarding/Page_OrangeHRM/input_Password_oxd-input oxd-input--active"), EmployeePassword): Text ****** has been set on object 'Object Repository/Employee-Onboarding/Page_OrangeHRM/input_Password_oxd-input oxd-input--active'

26-12-2024T18:48:49 - [MESSAGE][PASSED] - Text ****** has been set on object 'Object Repository/Employee-Onboarding/Page_OrangeHRM/input_Password_oxd-input oxd-input--active'

26-12-2024T18:48:49 - [TEST_STEP][PASSED] - comment("Step 14: Enter an encrypted password into the confirm password field"): Step 14: Enter an encrypted password into the confirm password field

26-12-2024T18:48:49 - [MESSAGE][INFO] - Step 14: Enter an encrypted password into the confirm password field

26-12-2024T18:48:49 - [TEST_STEP][PASSED] - setEncryptedText(findTestObject("Object Repository/Employee-Onboarding/Page_OrangeHRM/input_Confirm Password_oxd-input oxd-input-_a3aecb"), EmployeePassword): Text ****** has been set on object 'Object Repository/Employee-Onboarding/Page_OrangeHRM/input_Confirm Password_oxd-input oxd-input-_a3aecb'

26-12-2024T18:48:49 - [MESSAGE][PASSED] - Text ****** has been set on object 'Object Repository/Employee-Onboarding/Page_OrangeHRM/input_Confirm Password_oxd-input oxd-input-_a3aecb'

26-12-2024T18:48:49 - [TEST_STEP][PASSED] - comment("Step 15: Click the "Save" button to finalize adding the new employee"): Step 15: Click the "Save" button to finalize adding the new employee

26-12-2024T18:48:49 - [MESSAGE][INFO] - Step 15: Click the "Save" button to finalize adding the new employee

26-12-2024T18:48:49 - [TEST_STEP][PASSED] - click(findTestObject("Object Repository/Employee-Onboarding/Page_OrangeHRM/button_Save")): Object: 'Object Repository/Employee-Onboarding/Page_OrangeHRM/button_Save' is clicked on

26-12-2024T18:48:49 - [MESSAGE][PASSED] - Object: 'Object Repository/Employee-Onboarding/Page_OrangeHRM/button_Save' is clicked on

26-12-2024T18:48:49 - [TEST_STEP][PASSED] - delay(2): Delayed 2 second(s)

26-12-2024T18:48:51 - [MESSAGE][PASSED] - Delayed 2 second(s)]]></system-out>
         <system-err><![CDATA[]]></system-err>
      </testcase>
      <testcase name="Test Cases/Employee_Onboarding/TC_Employee_Onboarding" time="11.156" classname="Test Cases/Employee_Onboarding/TC_Employee_Onboarding" status="PASSED">
         <system-out><![CDATA[26-12-2024T18:48:51 - [TEST_CASE][PASSED] - Test Cases/Employee_Onboarding/TC_Employee_Onboarding: Test Cases/Employee_Onboarding/TC_Employee_Onboarding

26-12-2024T18:48:51 - [TEST_STEP][PASSED] - comment("Step 1: Click on the PIM module link"): Step 1: Click on the PIM module link

26-12-2024T18:48:51 - [MESSAGE][INFO] - Step 1: Click on the PIM module link

26-12-2024T18:48:51 - [TEST_STEP][PASSED] - click(findTestObject("Object Repository/Employee-Onboarding/Page_OrangeHRM/a_PIM")): Object: 'Object Repository/Employee-Onboarding/Page_OrangeHRM/a_PIM' is clicked on

26-12-2024T18:48:53 - [MESSAGE][PASSED] - Object: 'Object Repository/Employee-Onboarding/Page_OrangeHRM/a_PIM' is clicked on

26-12-2024T18:48:53 - [TEST_STEP][PASSED] - comment("Step 2: Click the "Add" button to add a new employee"): Step 2: Click the "Add" button to add a new employee

26-12-2024T18:48:53 - [MESSAGE][INFO] - Step 2: Click the "Add" button to add a new employee

26-12-2024T18:48:53 - [TEST_STEP][PASSED] - click(findTestObject("Object Repository/Employee-Onboarding/Page_OrangeHRM/button_Add")): Object: 'Object Repository/Employee-Onboarding/Page_OrangeHRM/button_Add' is clicked on

26-12-2024T18:48:55 - [MESSAGE][PASSED] - Object: 'Object Repository/Employee-Onboarding/Page_OrangeHRM/button_Add' is clicked on

26-12-2024T18:48:55 - [TEST_STEP][PASSED] - comment("Step 3: Focus on the "First Name" input field"): Step 3: Focus on the "First Name" input field

26-12-2024T18:48:55 - [MESSAGE][INFO] - Step 3: Focus on the "First Name" input field

26-12-2024T18:48:55 - [TEST_STEP][PASSED] - click(findTestObject("Object Repository/Employee-Onboarding/Page_OrangeHRM/input_Employee Full Name_firstName")): Object: 'Object Repository/Employee-Onboarding/Page_OrangeHRM/input_Employee Full Name_firstName' is clicked on

26-12-2024T18:48:56 - [MESSAGE][PASSED] - Object: 'Object Repository/Employee-Onboarding/Page_OrangeHRM/input_Employee Full Name_firstName' is clicked on

26-12-2024T18:48:56 - [TEST_STEP][PASSED] - comment("Step 4: Enter the employee's first name"): Step 4: Enter the employee's first name

26-12-2024T18:48:56 - [MESSAGE][INFO] - Step 4: Enter the employee's first name

26-12-2024T18:48:56 - [TEST_STEP][PASSED] - setText(findTestObject("Object Repository/Employee-Onboarding/Page_OrangeHRM/input_Employee Full Name_firstName"), Firstname): Text 'Kevin' is set on object 'Object Repository/Employee-Onboarding/Page_OrangeHRM/input_Employee Full Name_firstName'

26-12-2024T18:48:57 - [MESSAGE][PASSED] - Text 'Kevin' is set on object 'Object Repository/Employee-Onboarding/Page_OrangeHRM/input_Employee Full Name_firstName'

26-12-2024T18:48:57 - [TEST_STEP][PASSED] - comment("Step 5: Enter the employee's last name"): Step 5: Enter the employee's last name

26-12-2024T18:48:57 - [MESSAGE][INFO] - Step 5: Enter the employee's last name

26-12-2024T18:48:57 - [TEST_STEP][PASSED] - setText(findTestObject("Object Repository/Employee-Onboarding/Page_OrangeHRM/input_Employee Full Name_lastName"), Lastname): Text 'Ryan' is set on object 'Object Repository/Employee-Onboarding/Page_OrangeHRM/input_Employee Full Name_lastName'

26-12-2024T18:48:57 - [MESSAGE][PASSED] - Text 'Ryan' is set on object 'Object Repository/Employee-Onboarding/Page_OrangeHRM/input_Employee Full Name_lastName'

26-12-2024T18:48:57 - [TEST_STEP][PASSED] - comment("Step 6: Clear the default value in the "Employee ID" field"): Step 6: Clear the default value in the "Employee ID" field

26-12-2024T18:48:57 - [MESSAGE][INFO] - Step 6: Clear the default value in the "Employee ID" field

26-12-2024T18:48:57 - [TEST_STEP][PASSED] - clearText(findTestObject("Object Repository/Employee-Onboarding/Page_OrangeHRM/input_Employee Id_oxd-input oxd-input--focus")): Text of object 'Object Repository/Employee-Onboarding/Page_OrangeHRM/input_Employee Id_oxd-input oxd-input--focus' is cleared

26-12-2024T18:48:58 - [MESSAGE][PASSED] - Text of object 'Object Repository/Employee-Onboarding/Page_OrangeHRM/input_Employee Id_oxd-input oxd-input--focus' is cleared

26-12-2024T18:48:58 - [TEST_STEP][PASSED] - comment("Step 7: Set the employee ID field with a new value"): Step 7: Set the employee ID field with a new value

26-12-2024T18:48:58 - [MESSAGE][INFO] - Step 7: Set the employee ID field with a new value

26-12-2024T18:48:58 - [TEST_STEP][PASSED] - setText(findTestObject("Object Repository/Employee-Onboarding/Page_OrangeHRM/input_Employee Id_oxd-input oxd-input--focus"), ""): Text '' is set on object 'Object Repository/Employee-Onboarding/Page_OrangeHRM/input_Employee Id_oxd-input oxd-input--focus'

26-12-2024T18:48:58 - [MESSAGE][PASSED] - Text '' is set on object 'Object Repository/Employee-Onboarding/Page_OrangeHRM/input_Employee Id_oxd-input oxd-input--focus'

26-12-2024T18:48:58 - [TEST_STEP][PASSED] - comment("Step 8: Toggle the switch related to the Employee ID"): Step 8: Toggle the switch related to the Employee ID

26-12-2024T18:48:58 - [MESSAGE][INFO] - Step 8: Toggle the switch related to the Employee ID

26-12-2024T18:48:58 - [TEST_STEP][PASSED] - click(findTestObject("Object Repository/Employee-Onboarding/Page_OrangeHRM/span_Employee Id_oxd-switch-input oxd-switc_efe210")): Object: 'Object Repository/Employee-Onboarding/Page_OrangeHRM/span_Employee Id_oxd-switch-input oxd-switc_efe210' is clicked on

26-12-2024T18:48:58 - [MESSAGE][PASSED] - Object: 'Object Repository/Employee-Onboarding/Page_OrangeHRM/span_Employee Id_oxd-switch-input oxd-switc_efe210' is clicked on

26-12-2024T18:48:58 - [TEST_STEP][PASSED] - comment("Step 9: Retrieve the entered first name and convert it to lowercase"): Step 9: Retrieve the entered first name and convert it to lowercase

26-12-2024T18:48:58 - [MESSAGE][INFO] - Step 9: Retrieve the entered first name and convert it to lowercase

26-12-2024T18:48:58 - [TEST_STEP][PASSED] - firstname = getAttribute(findTestObject("Object Repository/Employee-Onboarding/Page_OrangeHRM/input_Employee Full Name_firstName"), "value").toLowerCase(): Attribute 'value' of object 'Object Repository/Employee-Onboarding/Page_OrangeHRM/input_Employee Full Name_firstName' is: 'Kevin'

26-12-2024T18:48:59 - [MESSAGE][PASSED] - Attribute 'value' of object 'Object Repository/Employee-Onboarding/Page_OrangeHRM/input_Employee Full Name_firstName' is: 'Kevin'

26-12-2024T18:48:59 - [TEST_STEP][PASSED] - comment("Step 10: Retrieve the entered last name and convert it to lowercase"): Step 10: Retrieve the entered last name and convert it to lowercase

26-12-2024T18:48:59 - [MESSAGE][INFO] - Step 10: Retrieve the entered last name and convert it to lowercase

26-12-2024T18:48:59 - [TEST_STEP][PASSED] - lastname = getAttribute(findTestObject("Object Repository/Employee-Onboarding/Page_OrangeHRM/input_Employee Full Name_lastName"), "value").toLowerCase(): Attribute 'value' of object 'Object Repository/Employee-Onboarding/Page_OrangeHRM/input_Employee Full Name_lastName' is: 'Ryan'

26-12-2024T18:48:59 - [MESSAGE][PASSED] - Attribute 'value' of object 'Object Repository/Employee-Onboarding/Page_OrangeHRM/input_Employee Full Name_lastName' is: 'Ryan'

26-12-2024T18:48:59 - [TEST_STEP][PASSED] - comment("Step 11: Concatenate the first and last names to generate a username"): Step 11: Concatenate the first and last names to generate a username

26-12-2024T18:48:59 - [MESSAGE][INFO] - Step 11: Concatenate the first and last names to generate a username

26-12-2024T18:48:59 - [TEST_STEP][PASSED] - username = firstname + "." + lastname: null

26-12-2024T18:48:59 - [TEST_STEP][PASSED] - comment("Step 12: Set the username field with the generated username"): Step 12: Set the username field with the generated username

26-12-2024T18:48:59 - [MESSAGE][INFO] - Step 12: Set the username field with the generated username

26-12-2024T18:48:59 - [TEST_STEP][PASSED] - setText(findTestObject("Object Repository/Employee-Onboarding/Page_OrangeHRM/input_Username_oxd-input oxd-input--focus"), username): Text 'kevin.ryan' is set on object 'Object Repository/Employee-Onboarding/Page_OrangeHRM/input_Username_oxd-input oxd-input--focus'

26-12-2024T18:49:00 - [MESSAGE][PASSED] - Text 'kevin.ryan' is set on object 'Object Repository/Employee-Onboarding/Page_OrangeHRM/input_Username_oxd-input oxd-input--focus'

26-12-2024T18:49:00 - [TEST_STEP][PASSED] - comment("Step 13: Enter an encrypted password into the password field"): Step 13: Enter an encrypted password into the password field

26-12-2024T18:49:00 - [MESSAGE][INFO] - Step 13: Enter an encrypted password into the password field

26-12-2024T18:49:00 - [TEST_STEP][PASSED] - setEncryptedText(findTestObject("Object Repository/Employee-Onboarding/Page_OrangeHRM/input_Password_oxd-input oxd-input--active"), EmployeePassword): Text ****** has been set on object 'Object Repository/Employee-Onboarding/Page_OrangeHRM/input_Password_oxd-input oxd-input--active'

26-12-2024T18:49:00 - [MESSAGE][PASSED] - Text ****** has been set on object 'Object Repository/Employee-Onboarding/Page_OrangeHRM/input_Password_oxd-input oxd-input--active'

26-12-2024T18:49:00 - [TEST_STEP][PASSED] - comment("Step 14: Enter an encrypted password into the confirm password field"): Step 14: Enter an encrypted password into the confirm password field

26-12-2024T18:49:00 - [MESSAGE][INFO] - Step 14: Enter an encrypted password into the confirm password field

26-12-2024T18:49:00 - [TEST_STEP][PASSED] - setEncryptedText(findTestObject("Object Repository/Employee-Onboarding/Page_OrangeHRM/input_Confirm Password_oxd-input oxd-input-_a3aecb"), EmployeePassword): Text ****** has been set on object 'Object Repository/Employee-Onboarding/Page_OrangeHRM/input_Confirm Password_oxd-input oxd-input-_a3aecb'

26-12-2024T18:49:00 - [MESSAGE][PASSED] - Text ****** has been set on object 'Object Repository/Employee-Onboarding/Page_OrangeHRM/input_Confirm Password_oxd-input oxd-input-_a3aecb'

26-12-2024T18:49:00 - [TEST_STEP][PASSED] - comment("Step 15: Click the "Save" button to finalize adding the new employee"): Step 15: Click the "Save" button to finalize adding the new employee

26-12-2024T18:49:00 - [MESSAGE][INFO] - Step 15: Click the "Save" button to finalize adding the new employee

26-12-2024T18:49:00 - [TEST_STEP][PASSED] - click(findTestObject("Object Repository/Employee-Onboarding/Page_OrangeHRM/button_Save")): Object: 'Object Repository/Employee-Onboarding/Page_OrangeHRM/button_Save' is clicked on

26-12-2024T18:49:00 - [MESSAGE][PASSED] - Object: 'Object Repository/Employee-Onboarding/Page_OrangeHRM/button_Save' is clicked on

26-12-2024T18:49:00 - [TEST_STEP][PASSED] - delay(2): Delayed 2 second(s)

26-12-2024T18:49:02 - [MESSAGE][PASSED] - Delayed 2 second(s)]]></system-out>
         <system-err><![CDATA[]]></system-err>
      </testcase>
      <testcase name="Test Cases/Employee_Onboarding/TC_Employee_Onboarding" time="11.225" classname="Test Cases/Employee_Onboarding/TC_Employee_Onboarding" status="PASSED">
         <system-out><![CDATA[26-12-2024T18:49:02 - [TEST_CASE][PASSED] - Test Cases/Employee_Onboarding/TC_Employee_Onboarding: Test Cases/Employee_Onboarding/TC_Employee_Onboarding

26-12-2024T18:49:02 - [TEST_STEP][PASSED] - comment("Step 1: Click on the PIM module link"): Step 1: Click on the PIM module link

26-12-2024T18:49:02 - [MESSAGE][INFO] - Step 1: Click on the PIM module link

26-12-2024T18:49:02 - [TEST_STEP][PASSED] - click(findTestObject("Object Repository/Employee-Onboarding/Page_OrangeHRM/a_PIM")): Object: 'Object Repository/Employee-Onboarding/Page_OrangeHRM/a_PIM' is clicked on

26-12-2024T18:49:04 - [MESSAGE][PASSED] - Object: 'Object Repository/Employee-Onboarding/Page_OrangeHRM/a_PIM' is clicked on

26-12-2024T18:49:04 - [TEST_STEP][PASSED] - comment("Step 2: Click the "Add" button to add a new employee"): Step 2: Click the "Add" button to add a new employee

26-12-2024T18:49:04 - [MESSAGE][INFO] - Step 2: Click the "Add" button to add a new employee

26-12-2024T18:49:04 - [TEST_STEP][PASSED] - click(findTestObject("Object Repository/Employee-Onboarding/Page_OrangeHRM/button_Add")): Object: 'Object Repository/Employee-Onboarding/Page_OrangeHRM/button_Add' is clicked on

26-12-2024T18:49:06 - [MESSAGE][PASSED] - Object: 'Object Repository/Employee-Onboarding/Page_OrangeHRM/button_Add' is clicked on

26-12-2024T18:49:06 - [TEST_STEP][PASSED] - comment("Step 3: Focus on the "First Name" input field"): Step 3: Focus on the "First Name" input field

26-12-2024T18:49:06 - [MESSAGE][INFO] - Step 3: Focus on the "First Name" input field

26-12-2024T18:49:06 - [TEST_STEP][PASSED] - click(findTestObject("Object Repository/Employee-Onboarding/Page_OrangeHRM/input_Employee Full Name_firstName")): Object: 'Object Repository/Employee-Onboarding/Page_OrangeHRM/input_Employee Full Name_firstName' is clicked on

26-12-2024T18:49:08 - [MESSAGE][PASSED] - Object: 'Object Repository/Employee-Onboarding/Page_OrangeHRM/input_Employee Full Name_firstName' is clicked on

26-12-2024T18:49:08 - [TEST_STEP][PASSED] - comment("Step 4: Enter the employee's first name"): Step 4: Enter the employee's first name

26-12-2024T18:49:08 - [MESSAGE][INFO] - Step 4: Enter the employee's first name

26-12-2024T18:49:08 - [TEST_STEP][PASSED] - setText(findTestObject("Object Repository/Employee-Onboarding/Page_OrangeHRM/input_Employee Full Name_firstName"), Firstname): Text 'Billy' is set on object 'Object Repository/Employee-Onboarding/Page_OrangeHRM/input_Employee Full Name_firstName'

26-12-2024T18:49:08 - [MESSAGE][PASSED] - Text 'Billy' is set on object 'Object Repository/Employee-Onboarding/Page_OrangeHRM/input_Employee Full Name_firstName'

26-12-2024T18:49:08 - [TEST_STEP][PASSED] - comment("Step 5: Enter the employee's last name"): Step 5: Enter the employee's last name

26-12-2024T18:49:08 - [MESSAGE][INFO] - Step 5: Enter the employee's last name

26-12-2024T18:49:08 - [TEST_STEP][PASSED] - setText(findTestObject("Object Repository/Employee-Onboarding/Page_OrangeHRM/input_Employee Full Name_lastName"), Lastname): Text 'Barker' is set on object 'Object Repository/Employee-Onboarding/Page_OrangeHRM/input_Employee Full Name_lastName'

26-12-2024T18:49:09 - [MESSAGE][PASSED] - Text 'Barker' is set on object 'Object Repository/Employee-Onboarding/Page_OrangeHRM/input_Employee Full Name_lastName'

26-12-2024T18:49:09 - [TEST_STEP][PASSED] - comment("Step 6: Clear the default value in the "Employee ID" field"): Step 6: Clear the default value in the "Employee ID" field

26-12-2024T18:49:09 - [MESSAGE][INFO] - Step 6: Clear the default value in the "Employee ID" field

26-12-2024T18:49:09 - [TEST_STEP][PASSED] - clearText(findTestObject("Object Repository/Employee-Onboarding/Page_OrangeHRM/input_Employee Id_oxd-input oxd-input--focus")): Text of object 'Object Repository/Employee-Onboarding/Page_OrangeHRM/input_Employee Id_oxd-input oxd-input--focus' is cleared

26-12-2024T18:49:09 - [MESSAGE][PASSED] - Text of object 'Object Repository/Employee-Onboarding/Page_OrangeHRM/input_Employee Id_oxd-input oxd-input--focus' is cleared

26-12-2024T18:49:09 - [TEST_STEP][PASSED] - comment("Step 7: Set the employee ID field with a new value"): Step 7: Set the employee ID field with a new value

26-12-2024T18:49:09 - [MESSAGE][INFO] - Step 7: Set the employee ID field with a new value

26-12-2024T18:49:09 - [TEST_STEP][PASSED] - setText(findTestObject("Object Repository/Employee-Onboarding/Page_OrangeHRM/input_Employee Id_oxd-input oxd-input--focus"), ""): Text '' is set on object 'Object Repository/Employee-Onboarding/Page_OrangeHRM/input_Employee Id_oxd-input oxd-input--focus'

26-12-2024T18:49:09 - [MESSAGE][PASSED] - Text '' is set on object 'Object Repository/Employee-Onboarding/Page_OrangeHRM/input_Employee Id_oxd-input oxd-input--focus'

26-12-2024T18:49:09 - [TEST_STEP][PASSED] - comment("Step 8: Toggle the switch related to the Employee ID"): Step 8: Toggle the switch related to the Employee ID

26-12-2024T18:49:09 - [MESSAGE][INFO] - Step 8: Toggle the switch related to the Employee ID

26-12-2024T18:49:09 - [TEST_STEP][PASSED] - click(findTestObject("Object Repository/Employee-Onboarding/Page_OrangeHRM/span_Employee Id_oxd-switch-input oxd-switc_efe210")): Object: 'Object Repository/Employee-Onboarding/Page_OrangeHRM/span_Employee Id_oxd-switch-input oxd-switc_efe210' is clicked on

26-12-2024T18:49:10 - [MESSAGE][PASSED] - Object: 'Object Repository/Employee-Onboarding/Page_OrangeHRM/span_Employee Id_oxd-switch-input oxd-switc_efe210' is clicked on

26-12-2024T18:49:10 - [TEST_STEP][PASSED] - comment("Step 9: Retrieve the entered first name and convert it to lowercase"): Step 9: Retrieve the entered first name and convert it to lowercase

26-12-2024T18:49:10 - [MESSAGE][INFO] - Step 9: Retrieve the entered first name and convert it to lowercase

26-12-2024T18:49:10 - [TEST_STEP][PASSED] - firstname = getAttribute(findTestObject("Object Repository/Employee-Onboarding/Page_OrangeHRM/input_Employee Full Name_firstName"), "value").toLowerCase(): Attribute 'value' of object 'Object Repository/Employee-Onboarding/Page_OrangeHRM/input_Employee Full Name_firstName' is: 'Billy'

26-12-2024T18:49:10 - [MESSAGE][PASSED] - Attribute 'value' of object 'Object Repository/Employee-Onboarding/Page_OrangeHRM/input_Employee Full Name_firstName' is: 'Billy'

26-12-2024T18:49:10 - [TEST_STEP][PASSED] - comment("Step 10: Retrieve the entered last name and convert it to lowercase"): Step 10: Retrieve the entered last name and convert it to lowercase

26-12-2024T18:49:10 - [MESSAGE][INFO] - Step 10: Retrieve the entered last name and convert it to lowercase

26-12-2024T18:49:10 - [TEST_STEP][PASSED] - lastname = getAttribute(findTestObject("Object Repository/Employee-Onboarding/Page_OrangeHRM/input_Employee Full Name_lastName"), "value").toLowerCase(): Attribute 'value' of object 'Object Repository/Employee-Onboarding/Page_OrangeHRM/input_Employee Full Name_lastName' is: 'Barker'

26-12-2024T18:49:10 - [MESSAGE][PASSED] - Attribute 'value' of object 'Object Repository/Employee-Onboarding/Page_OrangeHRM/input_Employee Full Name_lastName' is: 'Barker'

26-12-2024T18:49:10 - [TEST_STEP][PASSED] - comment("Step 11: Concatenate the first and last names to generate a username"): Step 11: Concatenate the first and last names to generate a username

26-12-2024T18:49:10 - [MESSAGE][INFO] - Step 11: Concatenate the first and last names to generate a username

26-12-2024T18:49:10 - [TEST_STEP][PASSED] - username = firstname + "." + lastname: null

26-12-2024T18:49:10 - [TEST_STEP][PASSED] - comment("Step 12: Set the username field with the generated username"): Step 12: Set the username field with the generated username

26-12-2024T18:49:10 - [MESSAGE][INFO] - Step 12: Set the username field with the generated username

26-12-2024T18:49:10 - [TEST_STEP][PASSED] - setText(findTestObject("Object Repository/Employee-Onboarding/Page_OrangeHRM/input_Username_oxd-input oxd-input--focus"), username): Text 'billy.barker' is set on object 'Object Repository/Employee-Onboarding/Page_OrangeHRM/input_Username_oxd-input oxd-input--focus'

26-12-2024T18:49:11 - [MESSAGE][PASSED] - Text 'billy.barker' is set on object 'Object Repository/Employee-Onboarding/Page_OrangeHRM/input_Username_oxd-input oxd-input--focus'

26-12-2024T18:49:11 - [TEST_STEP][PASSED] - comment("Step 13: Enter an encrypted password into the password field"): Step 13: Enter an encrypted password into the password field

26-12-2024T18:49:11 - [MESSAGE][INFO] - Step 13: Enter an encrypted password into the password field

26-12-2024T18:49:11 - [TEST_STEP][PASSED] - setEncryptedText(findTestObject("Object Repository/Employee-Onboarding/Page_OrangeHRM/input_Password_oxd-input oxd-input--active"), EmployeePassword): Text ****** has been set on object 'Object Repository/Employee-Onboarding/Page_OrangeHRM/input_Password_oxd-input oxd-input--active'

26-12-2024T18:49:11 - [MESSAGE][PASSED] - Text ****** has been set on object 'Object Repository/Employee-Onboarding/Page_OrangeHRM/input_Password_oxd-input oxd-input--active'

26-12-2024T18:49:11 - [TEST_STEP][PASSED] - comment("Step 14: Enter an encrypted password into the confirm password field"): Step 14: Enter an encrypted password into the confirm password field

26-12-2024T18:49:11 - [MESSAGE][INFO] - Step 14: Enter an encrypted password into the confirm password field

26-12-2024T18:49:11 - [TEST_STEP][PASSED] - setEncryptedText(findTestObject("Object Repository/Employee-Onboarding/Page_OrangeHRM/input_Confirm Password_oxd-input oxd-input-_a3aecb"), EmployeePassword): Text ****** has been set on object 'Object Repository/Employee-Onboarding/Page_OrangeHRM/input_Confirm Password_oxd-input oxd-input-_a3aecb'

26-12-2024T18:49:12 - [MESSAGE][PASSED] - Text ****** has been set on object 'Object Repository/Employee-Onboarding/Page_OrangeHRM/input_Confirm Password_oxd-input oxd-input-_a3aecb'

26-12-2024T18:49:12 - [TEST_STEP][PASSED] - comment("Step 15: Click the "Save" button to finalize adding the new employee"): Step 15: Click the "Save" button to finalize adding the new employee

26-12-2024T18:49:12 - [MESSAGE][INFO] - Step 15: Click the "Save" button to finalize adding the new employee

26-12-2024T18:49:12 - [TEST_STEP][PASSED] - click(findTestObject("Object Repository/Employee-Onboarding/Page_OrangeHRM/button_Save")): Object: 'Object Repository/Employee-Onboarding/Page_OrangeHRM/button_Save' is clicked on

26-12-2024T18:49:12 - [MESSAGE][PASSED] - Object: 'Object Repository/Employee-Onboarding/Page_OrangeHRM/button_Save' is clicked on

26-12-2024T18:49:12 - [TEST_STEP][PASSED] - delay(2): Delayed 2 second(s)

26-12-2024T18:49:14 - [MESSAGE][PASSED] - Delayed 2 second(s)]]></system-out>
         <system-err><![CDATA[]]></system-err>
      </testcase>
      <testcase name="Test Cases/Employee_Onboarding/TC_Employee_Onboarding" time="11.223" classname="Test Cases/Employee_Onboarding/TC_Employee_Onboarding" status="PASSED">
         <system-out><![CDATA[26-12-2024T18:49:14 - [TEST_CASE][PASSED] - Test Cases/Employee_Onboarding/TC_Employee_Onboarding: Test Cases/Employee_Onboarding/TC_Employee_Onboarding

26-12-2024T18:49:14 - [TEST_STEP][PASSED] - comment("Step 1: Click on the PIM module link"): Step 1: Click on the PIM module link

26-12-2024T18:49:14 - [MESSAGE][INFO] - Step 1: Click on the PIM module link

26-12-2024T18:49:14 - [TEST_STEP][PASSED] - click(findTestObject("Object Repository/Employee-Onboarding/Page_OrangeHRM/a_PIM")): Object: 'Object Repository/Employee-Onboarding/Page_OrangeHRM/a_PIM' is clicked on

26-12-2024T18:49:15 - [MESSAGE][PASSED] - Object: 'Object Repository/Employee-Onboarding/Page_OrangeHRM/a_PIM' is clicked on

26-12-2024T18:49:15 - [TEST_STEP][PASSED] - comment("Step 2: Click the "Add" button to add a new employee"): Step 2: Click the "Add" button to add a new employee

26-12-2024T18:49:15 - [MESSAGE][INFO] - Step 2: Click the "Add" button to add a new employee

26-12-2024T18:49:15 - [TEST_STEP][PASSED] - click(findTestObject("Object Repository/Employee-Onboarding/Page_OrangeHRM/button_Add")): Object: 'Object Repository/Employee-Onboarding/Page_OrangeHRM/button_Add' is clicked on

26-12-2024T18:49:17 - [MESSAGE][PASSED] - Object: 'Object Repository/Employee-Onboarding/Page_OrangeHRM/button_Add' is clicked on

26-12-2024T18:49:17 - [TEST_STEP][PASSED] - comment("Step 3: Focus on the "First Name" input field"): Step 3: Focus on the "First Name" input field

26-12-2024T18:49:17 - [MESSAGE][INFO] - Step 3: Focus on the "First Name" input field

26-12-2024T18:49:17 - [TEST_STEP][PASSED] - click(findTestObject("Object Repository/Employee-Onboarding/Page_OrangeHRM/input_Employee Full Name_firstName")): Object: 'Object Repository/Employee-Onboarding/Page_OrangeHRM/input_Employee Full Name_firstName' is clicked on

26-12-2024T18:49:19 - [MESSAGE][PASSED] - Object: 'Object Repository/Employee-Onboarding/Page_OrangeHRM/input_Employee Full Name_firstName' is clicked on

26-12-2024T18:49:19 - [TEST_STEP][PASSED] - comment("Step 4: Enter the employee's first name"): Step 4: Enter the employee's first name

26-12-2024T18:49:19 - [MESSAGE][INFO] - Step 4: Enter the employee's first name

26-12-2024T18:49:19 - [TEST_STEP][PASSED] - setText(findTestObject("Object Repository/Employee-Onboarding/Page_OrangeHRM/input_Employee Full Name_firstName"), Firstname): Text 'Michael' is set on object 'Object Repository/Employee-Onboarding/Page_OrangeHRM/input_Employee Full Name_firstName'

26-12-2024T18:49:19 - [MESSAGE][PASSED] - Text 'Michael' is set on object 'Object Repository/Employee-Onboarding/Page_OrangeHRM/input_Employee Full Name_firstName'

26-12-2024T18:49:19 - [TEST_STEP][PASSED] - comment("Step 5: Enter the employee's last name"): Step 5: Enter the employee's last name

26-12-2024T18:49:19 - [MESSAGE][INFO] - Step 5: Enter the employee's last name

26-12-2024T18:49:19 - [TEST_STEP][PASSED] - setText(findTestObject("Object Repository/Employee-Onboarding/Page_OrangeHRM/input_Employee Full Name_lastName"), Lastname): Text 'Adams' is set on object 'Object Repository/Employee-Onboarding/Page_OrangeHRM/input_Employee Full Name_lastName'

26-12-2024T18:49:20 - [MESSAGE][PASSED] - Text 'Adams' is set on object 'Object Repository/Employee-Onboarding/Page_OrangeHRM/input_Employee Full Name_lastName'

26-12-2024T18:49:20 - [TEST_STEP][PASSED] - comment("Step 6: Clear the default value in the "Employee ID" field"): Step 6: Clear the default value in the "Employee ID" field

26-12-2024T18:49:20 - [MESSAGE][INFO] - Step 6: Clear the default value in the "Employee ID" field

26-12-2024T18:49:20 - [TEST_STEP][PASSED] - clearText(findTestObject("Object Repository/Employee-Onboarding/Page_OrangeHRM/input_Employee Id_oxd-input oxd-input--focus")): Text of object 'Object Repository/Employee-Onboarding/Page_OrangeHRM/input_Employee Id_oxd-input oxd-input--focus' is cleared

26-12-2024T18:49:20 - [MESSAGE][PASSED] - Text of object 'Object Repository/Employee-Onboarding/Page_OrangeHRM/input_Employee Id_oxd-input oxd-input--focus' is cleared

26-12-2024T18:49:20 - [TEST_STEP][PASSED] - comment("Step 7: Set the employee ID field with a new value"): Step 7: Set the employee ID field with a new value

26-12-2024T18:49:20 - [MESSAGE][INFO] - Step 7: Set the employee ID field with a new value

26-12-2024T18:49:20 - [TEST_STEP][PASSED] - setText(findTestObject("Object Repository/Employee-Onboarding/Page_OrangeHRM/input_Employee Id_oxd-input oxd-input--focus"), ""): Text '' is set on object 'Object Repository/Employee-Onboarding/Page_OrangeHRM/input_Employee Id_oxd-input oxd-input--focus'

26-12-2024T18:49:21 - [MESSAGE][PASSED] - Text '' is set on object 'Object Repository/Employee-Onboarding/Page_OrangeHRM/input_Employee Id_oxd-input oxd-input--focus'

26-12-2024T18:49:21 - [TEST_STEP][PASSED] - comment("Step 8: Toggle the switch related to the Employee ID"): Step 8: Toggle the switch related to the Employee ID

26-12-2024T18:49:21 - [MESSAGE][INFO] - Step 8: Toggle the switch related to the Employee ID

26-12-2024T18:49:21 - [TEST_STEP][PASSED] - click(findTestObject("Object Repository/Employee-Onboarding/Page_OrangeHRM/span_Employee Id_oxd-switch-input oxd-switc_efe210")): Object: 'Object Repository/Employee-Onboarding/Page_OrangeHRM/span_Employee Id_oxd-switch-input oxd-switc_efe210' is clicked on

26-12-2024T18:49:21 - [MESSAGE][PASSED] - Object: 'Object Repository/Employee-Onboarding/Page_OrangeHRM/span_Employee Id_oxd-switch-input oxd-switc_efe210' is clicked on

26-12-2024T18:49:21 - [TEST_STEP][PASSED] - comment("Step 9: Retrieve the entered first name and convert it to lowercase"): Step 9: Retrieve the entered first name and convert it to lowercase

26-12-2024T18:49:21 - [MESSAGE][INFO] - Step 9: Retrieve the entered first name and convert it to lowercase

26-12-2024T18:49:21 - [TEST_STEP][PASSED] - firstname = getAttribute(findTestObject("Object Repository/Employee-Onboarding/Page_OrangeHRM/input_Employee Full Name_firstName"), "value").toLowerCase(): Attribute 'value' of object 'Object Repository/Employee-Onboarding/Page_OrangeHRM/input_Employee Full Name_firstName' is: 'Michael'

26-12-2024T18:49:21 - [MESSAGE][PASSED] - Attribute 'value' of object 'Object Repository/Employee-Onboarding/Page_OrangeHRM/input_Employee Full Name_firstName' is: 'Michael'

26-12-2024T18:49:21 - [TEST_STEP][PASSED] - comment("Step 10: Retrieve the entered last name and convert it to lowercase"): Step 10: Retrieve the entered last name and convert it to lowercase

26-12-2024T18:49:21 - [MESSAGE][INFO] - Step 10: Retrieve the entered last name and convert it to lowercase

26-12-2024T18:49:21 - [TEST_STEP][PASSED] - lastname = getAttribute(findTestObject("Object Repository/Employee-Onboarding/Page_OrangeHRM/input_Employee Full Name_lastName"), "value").toLowerCase(): Attribute 'value' of object 'Object Repository/Employee-Onboarding/Page_OrangeHRM/input_Employee Full Name_lastName' is: 'Adams'

26-12-2024T18:49:22 - [MESSAGE][PASSED] - Attribute 'value' of object 'Object Repository/Employee-Onboarding/Page_OrangeHRM/input_Employee Full Name_lastName' is: 'Adams'

26-12-2024T18:49:22 - [TEST_STEP][PASSED] - comment("Step 11: Concatenate the first and last names to generate a username"): Step 11: Concatenate the first and last names to generate a username

26-12-2024T18:49:22 - [MESSAGE][INFO] - Step 11: Concatenate the first and last names to generate a username

26-12-2024T18:49:22 - [TEST_STEP][PASSED] - username = firstname + "." + lastname: null

26-12-2024T18:49:22 - [TEST_STEP][PASSED] - comment("Step 12: Set the username field with the generated username"): Step 12: Set the username field with the generated username

26-12-2024T18:49:22 - [MESSAGE][INFO] - Step 12: Set the username field with the generated username

26-12-2024T18:49:22 - [TEST_STEP][PASSED] - setText(findTestObject("Object Repository/Employee-Onboarding/Page_OrangeHRM/input_Username_oxd-input oxd-input--focus"), username): Text 'michael.adams' is set on object 'Object Repository/Employee-Onboarding/Page_OrangeHRM/input_Username_oxd-input oxd-input--focus'

26-12-2024T18:49:22 - [MESSAGE][PASSED] - Text 'michael.adams' is set on object 'Object Repository/Employee-Onboarding/Page_OrangeHRM/input_Username_oxd-input oxd-input--focus'

26-12-2024T18:49:22 - [TEST_STEP][PASSED] - comment("Step 13: Enter an encrypted password into the password field"): Step 13: Enter an encrypted password into the password field

26-12-2024T18:49:22 - [MESSAGE][INFO] - Step 13: Enter an encrypted password into the password field

26-12-2024T18:49:22 - [TEST_STEP][PASSED] - setEncryptedText(findTestObject("Object Repository/Employee-Onboarding/Page_OrangeHRM/input_Password_oxd-input oxd-input--active"), EmployeePassword): Text ****** has been set on object 'Object Repository/Employee-Onboarding/Page_OrangeHRM/input_Password_oxd-input oxd-input--active'

26-12-2024T18:49:22 - [MESSAGE][PASSED] - Text ****** has been set on object 'Object Repository/Employee-Onboarding/Page_OrangeHRM/input_Password_oxd-input oxd-input--active'

26-12-2024T18:49:22 - [TEST_STEP][PASSED] - comment("Step 14: Enter an encrypted password into the confirm password field"): Step 14: Enter an encrypted password into the confirm password field

26-12-2024T18:49:22 - [MESSAGE][INFO] - Step 14: Enter an encrypted password into the confirm password field

26-12-2024T18:49:22 - [TEST_STEP][PASSED] - setEncryptedText(findTestObject("Object Repository/Employee-Onboarding/Page_OrangeHRM/input_Confirm Password_oxd-input oxd-input-_a3aecb"), EmployeePassword): Text ****** has been set on object 'Object Repository/Employee-Onboarding/Page_OrangeHRM/input_Confirm Password_oxd-input oxd-input-_a3aecb'

26-12-2024T18:49:23 - [MESSAGE][PASSED] - Text ****** has been set on object 'Object Repository/Employee-Onboarding/Page_OrangeHRM/input_Confirm Password_oxd-input oxd-input-_a3aecb'

26-12-2024T18:49:23 - [TEST_STEP][PASSED] - comment("Step 15: Click the "Save" button to finalize adding the new employee"): Step 15: Click the "Save" button to finalize adding the new employee

26-12-2024T18:49:23 - [MESSAGE][INFO] - Step 15: Click the "Save" button to finalize adding the new employee

26-12-2024T18:49:23 - [TEST_STEP][PASSED] - click(findTestObject("Object Repository/Employee-Onboarding/Page_OrangeHRM/button_Save")): Object: 'Object Repository/Employee-Onboarding/Page_OrangeHRM/button_Save' is clicked on

26-12-2024T18:49:23 - [MESSAGE][PASSED] - Object: 'Object Repository/Employee-Onboarding/Page_OrangeHRM/button_Save' is clicked on

26-12-2024T18:49:23 - [TEST_STEP][PASSED] - delay(2): Delayed 2 second(s)

26-12-2024T18:49:25 - [MESSAGE][PASSED] - Delayed 2 second(s)]]></system-out>
         <system-err><![CDATA[]]></system-err>
      </testcase>
      <testcase name="Test Cases/Employee_Onboarding/TC_Employee_Onboarding" time="11.117" classname="Test Cases/Employee_Onboarding/TC_Employee_Onboarding" status="PASSED">
         <system-out><![CDATA[26-12-2024T18:49:25 - [TEST_CASE][PASSED] - Test Cases/Employee_Onboarding/TC_Employee_Onboarding: Test Cases/Employee_Onboarding/TC_Employee_Onboarding

26-12-2024T18:49:25 - [TEST_STEP][PASSED] - comment("Step 1: Click on the PIM module link"): Step 1: Click on the PIM module link

26-12-2024T18:49:25 - [MESSAGE][INFO] - Step 1: Click on the PIM module link

26-12-2024T18:49:25 - [TEST_STEP][PASSED] - click(findTestObject("Object Repository/Employee-Onboarding/Page_OrangeHRM/a_PIM")): Object: 'Object Repository/Employee-Onboarding/Page_OrangeHRM/a_PIM' is clicked on

26-12-2024T18:49:26 - [MESSAGE][PASSED] - Object: 'Object Repository/Employee-Onboarding/Page_OrangeHRM/a_PIM' is clicked on

26-12-2024T18:49:26 - [TEST_STEP][PASSED] - comment("Step 2: Click the "Add" button to add a new employee"): Step 2: Click the "Add" button to add a new employee

26-12-2024T18:49:26 - [MESSAGE][INFO] - Step 2: Click the "Add" button to add a new employee

26-12-2024T18:49:26 - [TEST_STEP][PASSED] - click(findTestObject("Object Repository/Employee-Onboarding/Page_OrangeHRM/button_Add")): Object: 'Object Repository/Employee-Onboarding/Page_OrangeHRM/button_Add' is clicked on

26-12-2024T18:49:28 - [MESSAGE][PASSED] - Object: 'Object Repository/Employee-Onboarding/Page_OrangeHRM/button_Add' is clicked on

26-12-2024T18:49:28 - [TEST_STEP][PASSED] - comment("Step 3: Focus on the "First Name" input field"): Step 3: Focus on the "First Name" input field

26-12-2024T18:49:29 - [MESSAGE][INFO] - Step 3: Focus on the "First Name" input field

26-12-2024T18:49:29 - [TEST_STEP][PASSED] - click(findTestObject("Object Repository/Employee-Onboarding/Page_OrangeHRM/input_Employee Full Name_firstName")): Object: 'Object Repository/Employee-Onboarding/Page_OrangeHRM/input_Employee Full Name_firstName' is clicked on

26-12-2024T18:49:30 - [MESSAGE][PASSED] - Object: 'Object Repository/Employee-Onboarding/Page_OrangeHRM/input_Employee Full Name_firstName' is clicked on

26-12-2024T18:49:30 - [TEST_STEP][PASSED] - comment("Step 4: Enter the employee's first name"): Step 4: Enter the employee's first name

26-12-2024T18:49:30 - [MESSAGE][INFO] - Step 4: Enter the employee's first name

26-12-2024T18:49:30 - [TEST_STEP][PASSED] - setText(findTestObject("Object Repository/Employee-Onboarding/Page_OrangeHRM/input_Employee Full Name_firstName"), Firstname): Text 'Frank' is set on object 'Object Repository/Employee-Onboarding/Page_OrangeHRM/input_Employee Full Name_firstName'

26-12-2024T18:49:31 - [MESSAGE][PASSED] - Text 'Frank' is set on object 'Object Repository/Employee-Onboarding/Page_OrangeHRM/input_Employee Full Name_firstName'

26-12-2024T18:49:31 - [TEST_STEP][PASSED] - comment("Step 5: Enter the employee's last name"): Step 5: Enter the employee's last name

26-12-2024T18:49:31 - [MESSAGE][INFO] - Step 5: Enter the employee's last name

26-12-2024T18:49:31 - [TEST_STEP][PASSED] - setText(findTestObject("Object Repository/Employee-Onboarding/Page_OrangeHRM/input_Employee Full Name_lastName"), Lastname): Text 'Huynh' is set on object 'Object Repository/Employee-Onboarding/Page_OrangeHRM/input_Employee Full Name_lastName'

26-12-2024T18:49:31 - [MESSAGE][PASSED] - Text 'Huynh' is set on object 'Object Repository/Employee-Onboarding/Page_OrangeHRM/input_Employee Full Name_lastName'

26-12-2024T18:49:31 - [TEST_STEP][PASSED] - comment("Step 6: Clear the default value in the "Employee ID" field"): Step 6: Clear the default value in the "Employee ID" field

26-12-2024T18:49:31 - [MESSAGE][INFO] - Step 6: Clear the default value in the "Employee ID" field

26-12-2024T18:49:31 - [TEST_STEP][PASSED] - clearText(findTestObject("Object Repository/Employee-Onboarding/Page_OrangeHRM/input_Employee Id_oxd-input oxd-input--focus")): Text of object 'Object Repository/Employee-Onboarding/Page_OrangeHRM/input_Employee Id_oxd-input oxd-input--focus' is cleared

26-12-2024T18:49:31 - [MESSAGE][PASSED] - Text of object 'Object Repository/Employee-Onboarding/Page_OrangeHRM/input_Employee Id_oxd-input oxd-input--focus' is cleared

26-12-2024T18:49:31 - [TEST_STEP][PASSED] - comment("Step 7: Set the employee ID field with a new value"): Step 7: Set the employee ID field with a new value

26-12-2024T18:49:31 - [MESSAGE][INFO] - Step 7: Set the employee ID field with a new value

26-12-2024T18:49:31 - [TEST_STEP][PASSED] - setText(findTestObject("Object Repository/Employee-Onboarding/Page_OrangeHRM/input_Employee Id_oxd-input oxd-input--focus"), ""): Text '' is set on object 'Object Repository/Employee-Onboarding/Page_OrangeHRM/input_Employee Id_oxd-input oxd-input--focus'

26-12-2024T18:49:32 - [MESSAGE][PASSED] - Text '' is set on object 'Object Repository/Employee-Onboarding/Page_OrangeHRM/input_Employee Id_oxd-input oxd-input--focus'

26-12-2024T18:49:32 - [TEST_STEP][PASSED] - comment("Step 8: Toggle the switch related to the Employee ID"): Step 8: Toggle the switch related to the Employee ID

26-12-2024T18:49:32 - [MESSAGE][INFO] - Step 8: Toggle the switch related to the Employee ID

26-12-2024T18:49:32 - [TEST_STEP][PASSED] - click(findTestObject("Object Repository/Employee-Onboarding/Page_OrangeHRM/span_Employee Id_oxd-switch-input oxd-switc_efe210")): Object: 'Object Repository/Employee-Onboarding/Page_OrangeHRM/span_Employee Id_oxd-switch-input oxd-switc_efe210' is clicked on

26-12-2024T18:49:32 - [MESSAGE][PASSED] - Object: 'Object Repository/Employee-Onboarding/Page_OrangeHRM/span_Employee Id_oxd-switch-input oxd-switc_efe210' is clicked on

26-12-2024T18:49:32 - [TEST_STEP][PASSED] - comment("Step 9: Retrieve the entered first name and convert it to lowercase"): Step 9: Retrieve the entered first name and convert it to lowercase

26-12-2024T18:49:32 - [MESSAGE][INFO] - Step 9: Retrieve the entered first name and convert it to lowercase

26-12-2024T18:49:32 - [TEST_STEP][PASSED] - firstname = getAttribute(findTestObject("Object Repository/Employee-Onboarding/Page_OrangeHRM/input_Employee Full Name_firstName"), "value").toLowerCase(): Attribute 'value' of object 'Object Repository/Employee-Onboarding/Page_OrangeHRM/input_Employee Full Name_firstName' is: 'Frank'

26-12-2024T18:49:32 - [MESSAGE][PASSED] - Attribute 'value' of object 'Object Repository/Employee-Onboarding/Page_OrangeHRM/input_Employee Full Name_firstName' is: 'Frank'

26-12-2024T18:49:32 - [TEST_STEP][PASSED] - comment("Step 10: Retrieve the entered last name and convert it to lowercase"): Step 10: Retrieve the entered last name and convert it to lowercase

26-12-2024T18:49:32 - [MESSAGE][INFO] - Step 10: Retrieve the entered last name and convert it to lowercase

26-12-2024T18:49:32 - [TEST_STEP][PASSED] - lastname = getAttribute(findTestObject("Object Repository/Employee-Onboarding/Page_OrangeHRM/input_Employee Full Name_lastName"), "value").toLowerCase(): Attribute 'value' of object 'Object Repository/Employee-Onboarding/Page_OrangeHRM/input_Employee Full Name_lastName' is: 'Huynh'

26-12-2024T18:49:33 - [MESSAGE][PASSED] - Attribute 'value' of object 'Object Repository/Employee-Onboarding/Page_OrangeHRM/input_Employee Full Name_lastName' is: 'Huynh'

26-12-2024T18:49:33 - [TEST_STEP][PASSED] - comment("Step 11: Concatenate the first and last names to generate a username"): Step 11: Concatenate the first and last names to generate a username

26-12-2024T18:49:33 - [MESSAGE][INFO] - Step 11: Concatenate the first and last names to generate a username

26-12-2024T18:49:33 - [TEST_STEP][PASSED] - username = firstname + "." + lastname: null

26-12-2024T18:49:33 - [TEST_STEP][PASSED] - comment("Step 12: Set the username field with the generated username"): Step 12: Set the username field with the generated username

26-12-2024T18:49:33 - [MESSAGE][INFO] - Step 12: Set the username field with the generated username

26-12-2024T18:49:33 - [TEST_STEP][PASSED] - setText(findTestObject("Object Repository/Employee-Onboarding/Page_OrangeHRM/input_Username_oxd-input oxd-input--focus"), username): Text 'frank.huynh' is set on object 'Object Repository/Employee-Onboarding/Page_OrangeHRM/input_Username_oxd-input oxd-input--focus'

26-12-2024T18:49:33 - [MESSAGE][PASSED] - Text 'frank.huynh' is set on object 'Object Repository/Employee-Onboarding/Page_OrangeHRM/input_Username_oxd-input oxd-input--focus'

26-12-2024T18:49:33 - [TEST_STEP][PASSED] - comment("Step 13: Enter an encrypted password into the password field"): Step 13: Enter an encrypted password into the password field

26-12-2024T18:49:33 - [MESSAGE][INFO] - Step 13: Enter an encrypted password into the password field

26-12-2024T18:49:33 - [TEST_STEP][PASSED] - setEncryptedText(findTestObject("Object Repository/Employee-Onboarding/Page_OrangeHRM/input_Password_oxd-input oxd-input--active"), EmployeePassword): Text ****** has been set on object 'Object Repository/Employee-Onboarding/Page_OrangeHRM/input_Password_oxd-input oxd-input--active'

26-12-2024T18:49:33 - [MESSAGE][PASSED] - Text ****** has been set on object 'Object Repository/Employee-Onboarding/Page_OrangeHRM/input_Password_oxd-input oxd-input--active'

26-12-2024T18:49:33 - [TEST_STEP][PASSED] - comment("Step 14: Enter an encrypted password into the confirm password field"): Step 14: Enter an encrypted password into the confirm password field

26-12-2024T18:49:33 - [MESSAGE][INFO] - Step 14: Enter an encrypted password into the confirm password field

26-12-2024T18:49:33 - [TEST_STEP][PASSED] - setEncryptedText(findTestObject("Object Repository/Employee-Onboarding/Page_OrangeHRM/input_Confirm Password_oxd-input oxd-input-_a3aecb"), EmployeePassword): Text ****** has been set on object 'Object Repository/Employee-Onboarding/Page_OrangeHRM/input_Confirm Password_oxd-input oxd-input-_a3aecb'

26-12-2024T18:49:34 - [MESSAGE][PASSED] - Text ****** has been set on object 'Object Repository/Employee-Onboarding/Page_OrangeHRM/input_Confirm Password_oxd-input oxd-input-_a3aecb'

26-12-2024T18:49:34 - [TEST_STEP][PASSED] - comment("Step 15: Click the "Save" button to finalize adding the new employee"): Step 15: Click the "Save" button to finalize adding the new employee

26-12-2024T18:49:34 - [MESSAGE][INFO] - Step 15: Click the "Save" button to finalize adding the new employee

26-12-2024T18:49:34 - [TEST_STEP][PASSED] - click(findTestObject("Object Repository/Employee-Onboarding/Page_OrangeHRM/button_Save")): Object: 'Object Repository/Employee-Onboarding/Page_OrangeHRM/button_Save' is clicked on

26-12-2024T18:49:34 - [MESSAGE][PASSED] - Object: 'Object Repository/Employee-Onboarding/Page_OrangeHRM/button_Save' is clicked on

26-12-2024T18:49:34 - [TEST_STEP][PASSED] - delay(2): Delayed 2 second(s)

26-12-2024T18:49:36 - [MESSAGE][PASSED] - Delayed 2 second(s)]]></system-out>
         <system-err><![CDATA[]]></system-err>
      </testcase>
      <testcase name="Test Cases/Employee_Onboarding/TC_Employee_Onboarding" time="11.46" classname="Test Cases/Employee_Onboarding/TC_Employee_Onboarding" status="PASSED">
         <system-out><![CDATA[26-12-2024T18:49:36 - [TEST_CASE][PASSED] - Test Cases/Employee_Onboarding/TC_Employee_Onboarding: Test Cases/Employee_Onboarding/TC_Employee_Onboarding

26-12-2024T18:49:36 - [TEST_STEP][PASSED] - comment("Step 1: Click on the PIM module link"): Step 1: Click on the PIM module link

26-12-2024T18:49:36 - [MESSAGE][INFO] - Step 1: Click on the PIM module link

26-12-2024T18:49:36 - [TEST_STEP][PASSED] - click(findTestObject("Object Repository/Employee-Onboarding/Page_OrangeHRM/a_PIM")): Object: 'Object Repository/Employee-Onboarding/Page_OrangeHRM/a_PIM' is clicked on

26-12-2024T18:49:37 - [MESSAGE][PASSED] - Object: 'Object Repository/Employee-Onboarding/Page_OrangeHRM/a_PIM' is clicked on

26-12-2024T18:49:37 - [TEST_STEP][PASSED] - comment("Step 2: Click the "Add" button to add a new employee"): Step 2: Click the "Add" button to add a new employee

26-12-2024T18:49:37 - [MESSAGE][INFO] - Step 2: Click the "Add" button to add a new employee

26-12-2024T18:49:37 - [TEST_STEP][PASSED] - click(findTestObject("Object Repository/Employee-Onboarding/Page_OrangeHRM/button_Add")): Object: 'Object Repository/Employee-Onboarding/Page_OrangeHRM/button_Add' is clicked on

26-12-2024T18:49:40 - [MESSAGE][PASSED] - Object: 'Object Repository/Employee-Onboarding/Page_OrangeHRM/button_Add' is clicked on

26-12-2024T18:49:40 - [TEST_STEP][PASSED] - comment("Step 3: Focus on the "First Name" input field"): Step 3: Focus on the "First Name" input field

26-12-2024T18:49:40 - [MESSAGE][INFO] - Step 3: Focus on the "First Name" input field

26-12-2024T18:49:40 - [TEST_STEP][PASSED] - click(findTestObject("Object Repository/Employee-Onboarding/Page_OrangeHRM/input_Employee Full Name_firstName")): Object: 'Object Repository/Employee-Onboarding/Page_OrangeHRM/input_Employee Full Name_firstName' is clicked on

26-12-2024T18:49:42 - [MESSAGE][PASSED] - Object: 'Object Repository/Employee-Onboarding/Page_OrangeHRM/input_Employee Full Name_firstName' is clicked on

26-12-2024T18:49:42 - [TEST_STEP][PASSED] - comment("Step 4: Enter the employee's first name"): Step 4: Enter the employee's first name

26-12-2024T18:49:42 - [MESSAGE][INFO] - Step 4: Enter the employee's first name

26-12-2024T18:49:42 - [TEST_STEP][PASSED] - setText(findTestObject("Object Repository/Employee-Onboarding/Page_OrangeHRM/input_Employee Full Name_firstName"), Firstname): Text 'Nicholas' is set on object 'Object Repository/Employee-Onboarding/Page_OrangeHRM/input_Employee Full Name_firstName'

26-12-2024T18:49:42 - [MESSAGE][PASSED] - Text 'Nicholas' is set on object 'Object Repository/Employee-Onboarding/Page_OrangeHRM/input_Employee Full Name_firstName'

26-12-2024T18:49:42 - [TEST_STEP][PASSED] - comment("Step 5: Enter the employee's last name"): Step 5: Enter the employee's last name

26-12-2024T18:49:42 - [MESSAGE][INFO] - Step 5: Enter the employee's last name

26-12-2024T18:49:42 - [TEST_STEP][PASSED] - setText(findTestObject("Object Repository/Employee-Onboarding/Page_OrangeHRM/input_Employee Full Name_lastName"), Lastname): Text 'Williams' is set on object 'Object Repository/Employee-Onboarding/Page_OrangeHRM/input_Employee Full Name_lastName'

26-12-2024T18:49:42 - [MESSAGE][PASSED] - Text 'Williams' is set on object 'Object Repository/Employee-Onboarding/Page_OrangeHRM/input_Employee Full Name_lastName'

26-12-2024T18:49:42 - [TEST_STEP][PASSED] - comment("Step 6: Clear the default value in the "Employee ID" field"): Step 6: Clear the default value in the "Employee ID" field

26-12-2024T18:49:42 - [MESSAGE][INFO] - Step 6: Clear the default value in the "Employee ID" field

26-12-2024T18:49:42 - [TEST_STEP][PASSED] - clearText(findTestObject("Object Repository/Employee-Onboarding/Page_OrangeHRM/input_Employee Id_oxd-input oxd-input--focus")): Text of object 'Object Repository/Employee-Onboarding/Page_OrangeHRM/input_Employee Id_oxd-input oxd-input--focus' is cleared

26-12-2024T18:49:43 - [MESSAGE][PASSED] - Text of object 'Object Repository/Employee-Onboarding/Page_OrangeHRM/input_Employee Id_oxd-input oxd-input--focus' is cleared

26-12-2024T18:49:43 - [TEST_STEP][PASSED] - comment("Step 7: Set the employee ID field with a new value"): Step 7: Set the employee ID field with a new value

26-12-2024T18:49:43 - [MESSAGE][INFO] - Step 7: Set the employee ID field with a new value

26-12-2024T18:49:43 - [TEST_STEP][PASSED] - setText(findTestObject("Object Repository/Employee-Onboarding/Page_OrangeHRM/input_Employee Id_oxd-input oxd-input--focus"), ""): Text '' is set on object 'Object Repository/Employee-Onboarding/Page_OrangeHRM/input_Employee Id_oxd-input oxd-input--focus'

26-12-2024T18:49:43 - [MESSAGE][PASSED] - Text '' is set on object 'Object Repository/Employee-Onboarding/Page_OrangeHRM/input_Employee Id_oxd-input oxd-input--focus'

26-12-2024T18:49:43 - [TEST_STEP][PASSED] - comment("Step 8: Toggle the switch related to the Employee ID"): Step 8: Toggle the switch related to the Employee ID

26-12-2024T18:49:43 - [MESSAGE][INFO] - Step 8: Toggle the switch related to the Employee ID

26-12-2024T18:49:43 - [TEST_STEP][PASSED] - click(findTestObject("Object Repository/Employee-Onboarding/Page_OrangeHRM/span_Employee Id_oxd-switch-input oxd-switc_efe210")): Object: 'Object Repository/Employee-Onboarding/Page_OrangeHRM/span_Employee Id_oxd-switch-input oxd-switc_efe210' is clicked on

26-12-2024T18:49:43 - [MESSAGE][PASSED] - Object: 'Object Repository/Employee-Onboarding/Page_OrangeHRM/span_Employee Id_oxd-switch-input oxd-switc_efe210' is clicked on

26-12-2024T18:49:43 - [TEST_STEP][PASSED] - comment("Step 9: Retrieve the entered first name and convert it to lowercase"): Step 9: Retrieve the entered first name and convert it to lowercase

26-12-2024T18:49:43 - [MESSAGE][INFO] - Step 9: Retrieve the entered first name and convert it to lowercase

26-12-2024T18:49:43 - [TEST_STEP][PASSED] - firstname = getAttribute(findTestObject("Object Repository/Employee-Onboarding/Page_OrangeHRM/input_Employee Full Name_firstName"), "value").toLowerCase(): Attribute 'value' of object 'Object Repository/Employee-Onboarding/Page_OrangeHRM/input_Employee Full Name_firstName' is: 'Nicholas'

26-12-2024T18:49:44 - [MESSAGE][PASSED] - Attribute 'value' of object 'Object Repository/Employee-Onboarding/Page_OrangeHRM/input_Employee Full Name_firstName' is: 'Nicholas'

26-12-2024T18:49:44 - [TEST_STEP][PASSED] - comment("Step 10: Retrieve the entered last name and convert it to lowercase"): Step 10: Retrieve the entered last name and convert it to lowercase

26-12-2024T18:49:44 - [MESSAGE][INFO] - Step 10: Retrieve the entered last name and convert it to lowercase

26-12-2024T18:49:44 - [TEST_STEP][PASSED] - lastname = getAttribute(findTestObject("Object Repository/Employee-Onboarding/Page_OrangeHRM/input_Employee Full Name_lastName"), "value").toLowerCase(): Attribute 'value' of object 'Object Repository/Employee-Onboarding/Page_OrangeHRM/input_Employee Full Name_lastName' is: 'Williams'

26-12-2024T18:49:44 - [MESSAGE][PASSED] - Attribute 'value' of object 'Object Repository/Employee-Onboarding/Page_OrangeHRM/input_Employee Full Name_lastName' is: 'Williams'

26-12-2024T18:49:44 - [TEST_STEP][PASSED] - comment("Step 11: Concatenate the first and last names to generate a username"): Step 11: Concatenate the first and last names to generate a username

26-12-2024T18:49:44 - [MESSAGE][INFO] - Step 11: Concatenate the first and last names to generate a username

26-12-2024T18:49:44 - [TEST_STEP][PASSED] - username = firstname + "." + lastname: null

26-12-2024T18:49:44 - [TEST_STEP][PASSED] - comment("Step 12: Set the username field with the generated username"): Step 12: Set the username field with the generated username

26-12-2024T18:49:44 - [MESSAGE][INFO] - Step 12: Set the username field with the generated username

26-12-2024T18:49:44 - [TEST_STEP][PASSED] - setText(findTestObject("Object Repository/Employee-Onboarding/Page_OrangeHRM/input_Username_oxd-input oxd-input--focus"), username): Text 'nicholas.williams' is set on object 'Object Repository/Employee-Onboarding/Page_OrangeHRM/input_Username_oxd-input oxd-input--focus'

26-12-2024T18:49:45 - [MESSAGE][PASSED] - Text 'nicholas.williams' is set on object 'Object Repository/Employee-Onboarding/Page_OrangeHRM/input_Username_oxd-input oxd-input--focus'

26-12-2024T18:49:45 - [TEST_STEP][PASSED] - comment("Step 13: Enter an encrypted password into the password field"): Step 13: Enter an encrypted password into the password field

26-12-2024T18:49:45 - [MESSAGE][INFO] - Step 13: Enter an encrypted password into the password field

26-12-2024T18:49:45 - [TEST_STEP][PASSED] - setEncryptedText(findTestObject("Object Repository/Employee-Onboarding/Page_OrangeHRM/input_Password_oxd-input oxd-input--active"), EmployeePassword): Text ****** has been set on object 'Object Repository/Employee-Onboarding/Page_OrangeHRM/input_Password_oxd-input oxd-input--active'

26-12-2024T18:49:45 - [MESSAGE][PASSED] - Text ****** has been set on object 'Object Repository/Employee-Onboarding/Page_OrangeHRM/input_Password_oxd-input oxd-input--active'

26-12-2024T18:49:45 - [TEST_STEP][PASSED] - comment("Step 14: Enter an encrypted password into the confirm password field"): Step 14: Enter an encrypted password into the confirm password field

26-12-2024T18:49:45 - [MESSAGE][INFO] - Step 14: Enter an encrypted password into the confirm password field

26-12-2024T18:49:45 - [TEST_STEP][PASSED] - setEncryptedText(findTestObject("Object Repository/Employee-Onboarding/Page_OrangeHRM/input_Confirm Password_oxd-input oxd-input-_a3aecb"), EmployeePassword): Text ****** has been set on object 'Object Repository/Employee-Onboarding/Page_OrangeHRM/input_Confirm Password_oxd-input oxd-input-_a3aecb'

26-12-2024T18:49:45 - [MESSAGE][PASSED] - Text ****** has been set on object 'Object Repository/Employee-Onboarding/Page_OrangeHRM/input_Confirm Password_oxd-input oxd-input-_a3aecb'

26-12-2024T18:49:45 - [TEST_STEP][PASSED] - comment("Step 15: Click the "Save" button to finalize adding the new employee"): Step 15: Click the "Save" button to finalize adding the new employee

26-12-2024T18:49:45 - [MESSAGE][INFO] - Step 15: Click the "Save" button to finalize adding the new employee

26-12-2024T18:49:45 - [TEST_STEP][PASSED] - click(findTestObject("Object Repository/Employee-Onboarding/Page_OrangeHRM/button_Save")): Object: 'Object Repository/Employee-Onboarding/Page_OrangeHRM/button_Save' is clicked on

26-12-2024T18:49:45 - [MESSAGE][PASSED] - Object: 'Object Repository/Employee-Onboarding/Page_OrangeHRM/button_Save' is clicked on

26-12-2024T18:49:45 - [TEST_STEP][PASSED] - delay(2): Delayed 2 second(s)

26-12-2024T18:49:47 - [MESSAGE][PASSED] - Delayed 2 second(s)]]></system-out>
         <system-err><![CDATA[]]></system-err>
      </testcase>
      <testcase name="Test Cases/Employee_Onboarding/TC_Employee_Onboarding" time="11.711" classname="Test Cases/Employee_Onboarding/TC_Employee_Onboarding" status="PASSED">
         <system-out><![CDATA[26-12-2024T18:49:47 - [TEST_CASE][PASSED] - Test Cases/Employee_Onboarding/TC_Employee_Onboarding: Test Cases/Employee_Onboarding/TC_Employee_Onboarding

26-12-2024T18:49:47 - [TEST_STEP][PASSED] - comment("Step 1: Click on the PIM module link"): Step 1: Click on the PIM module link

26-12-2024T18:49:47 - [MESSAGE][INFO] - Step 1: Click on the PIM module link

26-12-2024T18:49:47 - [TEST_STEP][PASSED] - click(findTestObject("Object Repository/Employee-Onboarding/Page_OrangeHRM/a_PIM")): Object: 'Object Repository/Employee-Onboarding/Page_OrangeHRM/a_PIM' is clicked on

26-12-2024T18:49:49 - [MESSAGE][PASSED] - Object: 'Object Repository/Employee-Onboarding/Page_OrangeHRM/a_PIM' is clicked on

26-12-2024T18:49:49 - [TEST_STEP][PASSED] - comment("Step 2: Click the "Add" button to add a new employee"): Step 2: Click the "Add" button to add a new employee

26-12-2024T18:49:49 - [MESSAGE][INFO] - Step 2: Click the "Add" button to add a new employee

26-12-2024T18:49:49 - [TEST_STEP][PASSED] - click(findTestObject("Object Repository/Employee-Onboarding/Page_OrangeHRM/button_Add")): Object: 'Object Repository/Employee-Onboarding/Page_OrangeHRM/button_Add' is clicked on

26-12-2024T18:49:52 - [MESSAGE][PASSED] - Object: 'Object Repository/Employee-Onboarding/Page_OrangeHRM/button_Add' is clicked on

26-12-2024T18:49:52 - [TEST_STEP][PASSED] - comment("Step 3: Focus on the "First Name" input field"): Step 3: Focus on the "First Name" input field

26-12-2024T18:49:52 - [MESSAGE][INFO] - Step 3: Focus on the "First Name" input field

26-12-2024T18:49:52 - [TEST_STEP][PASSED] - click(findTestObject("Object Repository/Employee-Onboarding/Page_OrangeHRM/input_Employee Full Name_firstName")): Object: 'Object Repository/Employee-Onboarding/Page_OrangeHRM/input_Employee Full Name_firstName' is clicked on

26-12-2024T18:49:53 - [MESSAGE][PASSED] - Object: 'Object Repository/Employee-Onboarding/Page_OrangeHRM/input_Employee Full Name_firstName' is clicked on

26-12-2024T18:49:53 - [TEST_STEP][PASSED] - comment("Step 4: Enter the employee's first name"): Step 4: Enter the employee's first name

26-12-2024T18:49:53 - [MESSAGE][INFO] - Step 4: Enter the employee's first name

26-12-2024T18:49:53 - [TEST_STEP][PASSED] - setText(findTestObject("Object Repository/Employee-Onboarding/Page_OrangeHRM/input_Employee Full Name_firstName"), Firstname): Text 'Corey' is set on object 'Object Repository/Employee-Onboarding/Page_OrangeHRM/input_Employee Full Name_firstName'

26-12-2024T18:49:54 - [MESSAGE][PASSED] - Text 'Corey' is set on object 'Object Repository/Employee-Onboarding/Page_OrangeHRM/input_Employee Full Name_firstName'

26-12-2024T18:49:54 - [TEST_STEP][PASSED] - comment("Step 5: Enter the employee's last name"): Step 5: Enter the employee's last name

26-12-2024T18:49:54 - [MESSAGE][INFO] - Step 5: Enter the employee's last name

26-12-2024T18:49:54 - [TEST_STEP][PASSED] - setText(findTestObject("Object Repository/Employee-Onboarding/Page_OrangeHRM/input_Employee Full Name_lastName"), Lastname): Text 'Hogan' is set on object 'Object Repository/Employee-Onboarding/Page_OrangeHRM/input_Employee Full Name_lastName'

26-12-2024T18:49:54 - [MESSAGE][PASSED] - Text 'Hogan' is set on object 'Object Repository/Employee-Onboarding/Page_OrangeHRM/input_Employee Full Name_lastName'

26-12-2024T18:49:54 - [TEST_STEP][PASSED] - comment("Step 6: Clear the default value in the "Employee ID" field"): Step 6: Clear the default value in the "Employee ID" field

26-12-2024T18:49:54 - [MESSAGE][INFO] - Step 6: Clear the default value in the "Employee ID" field

26-12-2024T18:49:54 - [TEST_STEP][PASSED] - clearText(findTestObject("Object Repository/Employee-Onboarding/Page_OrangeHRM/input_Employee Id_oxd-input oxd-input--focus")): Text of object 'Object Repository/Employee-Onboarding/Page_OrangeHRM/input_Employee Id_oxd-input oxd-input--focus' is cleared

26-12-2024T18:49:54 - [MESSAGE][PASSED] - Text of object 'Object Repository/Employee-Onboarding/Page_OrangeHRM/input_Employee Id_oxd-input oxd-input--focus' is cleared

26-12-2024T18:49:54 - [TEST_STEP][PASSED] - comment("Step 7: Set the employee ID field with a new value"): Step 7: Set the employee ID field with a new value

26-12-2024T18:49:54 - [MESSAGE][INFO] - Step 7: Set the employee ID field with a new value

26-12-2024T18:49:54 - [TEST_STEP][PASSED] - setText(findTestObject("Object Repository/Employee-Onboarding/Page_OrangeHRM/input_Employee Id_oxd-input oxd-input--focus"), ""): Text '' is set on object 'Object Repository/Employee-Onboarding/Page_OrangeHRM/input_Employee Id_oxd-input oxd-input--focus'

26-12-2024T18:49:55 - [MESSAGE][PASSED] - Text '' is set on object 'Object Repository/Employee-Onboarding/Page_OrangeHRM/input_Employee Id_oxd-input oxd-input--focus'

26-12-2024T18:49:55 - [TEST_STEP][PASSED] - comment("Step 8: Toggle the switch related to the Employee ID"): Step 8: Toggle the switch related to the Employee ID

26-12-2024T18:49:55 - [MESSAGE][INFO] - Step 8: Toggle the switch related to the Employee ID

26-12-2024T18:49:55 - [TEST_STEP][PASSED] - click(findTestObject("Object Repository/Employee-Onboarding/Page_OrangeHRM/span_Employee Id_oxd-switch-input oxd-switc_efe210")): Object: 'Object Repository/Employee-Onboarding/Page_OrangeHRM/span_Employee Id_oxd-switch-input oxd-switc_efe210' is clicked on

26-12-2024T18:49:55 - [MESSAGE][PASSED] - Object: 'Object Repository/Employee-Onboarding/Page_OrangeHRM/span_Employee Id_oxd-switch-input oxd-switc_efe210' is clicked on

26-12-2024T18:49:55 - [TEST_STEP][PASSED] - comment("Step 9: Retrieve the entered first name and convert it to lowercase"): Step 9: Retrieve the entered first name and convert it to lowercase

26-12-2024T18:49:55 - [MESSAGE][INFO] - Step 9: Retrieve the entered first name and convert it to lowercase

26-12-2024T18:49:55 - [TEST_STEP][PASSED] - firstname = getAttribute(findTestObject("Object Repository/Employee-Onboarding/Page_OrangeHRM/input_Employee Full Name_firstName"), "value").toLowerCase(): Attribute 'value' of object 'Object Repository/Employee-Onboarding/Page_OrangeHRM/input_Employee Full Name_firstName' is: 'Corey'

26-12-2024T18:49:56 - [MESSAGE][PASSED] - Attribute 'value' of object 'Object Repository/Employee-Onboarding/Page_OrangeHRM/input_Employee Full Name_firstName' is: 'Corey'

26-12-2024T18:49:56 - [TEST_STEP][PASSED] - comment("Step 10: Retrieve the entered last name and convert it to lowercase"): Step 10: Retrieve the entered last name and convert it to lowercase

26-12-2024T18:49:56 - [MESSAGE][INFO] - Step 10: Retrieve the entered last name and convert it to lowercase

26-12-2024T18:49:56 - [TEST_STEP][PASSED] - lastname = getAttribute(findTestObject("Object Repository/Employee-Onboarding/Page_OrangeHRM/input_Employee Full Name_lastName"), "value").toLowerCase(): Attribute 'value' of object 'Object Repository/Employee-Onboarding/Page_OrangeHRM/input_Employee Full Name_lastName' is: 'Hogan'

26-12-2024T18:49:56 - [MESSAGE][PASSED] - Attribute 'value' of object 'Object Repository/Employee-Onboarding/Page_OrangeHRM/input_Employee Full Name_lastName' is: 'Hogan'

26-12-2024T18:49:56 - [TEST_STEP][PASSED] - comment("Step 11: Concatenate the first and last names to generate a username"): Step 11: Concatenate the first and last names to generate a username

26-12-2024T18:49:56 - [MESSAGE][INFO] - Step 11: Concatenate the first and last names to generate a username

26-12-2024T18:49:56 - [TEST_STEP][PASSED] - username = firstname + "." + lastname: null

26-12-2024T18:49:56 - [TEST_STEP][PASSED] - comment("Step 12: Set the username field with the generated username"): Step 12: Set the username field with the generated username

26-12-2024T18:49:56 - [MESSAGE][INFO] - Step 12: Set the username field with the generated username

26-12-2024T18:49:56 - [TEST_STEP][PASSED] - setText(findTestObject("Object Repository/Employee-Onboarding/Page_OrangeHRM/input_Username_oxd-input oxd-input--focus"), username): Text 'corey.hogan' is set on object 'Object Repository/Employee-Onboarding/Page_OrangeHRM/input_Username_oxd-input oxd-input--focus'

26-12-2024T18:49:56 - [MESSAGE][PASSED] - Text 'corey.hogan' is set on object 'Object Repository/Employee-Onboarding/Page_OrangeHRM/input_Username_oxd-input oxd-input--focus'

26-12-2024T18:49:56 - [TEST_STEP][PASSED] - comment("Step 13: Enter an encrypted password into the password field"): Step 13: Enter an encrypted password into the password field

26-12-2024T18:49:56 - [MESSAGE][INFO] - Step 13: Enter an encrypted password into the password field

26-12-2024T18:49:56 - [TEST_STEP][PASSED] - setEncryptedText(findTestObject("Object Repository/Employee-Onboarding/Page_OrangeHRM/input_Password_oxd-input oxd-input--active"), EmployeePassword): Text ****** has been set on object 'Object Repository/Employee-Onboarding/Page_OrangeHRM/input_Password_oxd-input oxd-input--active'

26-12-2024T18:49:57 - [MESSAGE][PASSED] - Text ****** has been set on object 'Object Repository/Employee-Onboarding/Page_OrangeHRM/input_Password_oxd-input oxd-input--active'

26-12-2024T18:49:57 - [TEST_STEP][PASSED] - comment("Step 14: Enter an encrypted password into the confirm password field"): Step 14: Enter an encrypted password into the confirm password field

26-12-2024T18:49:57 - [MESSAGE][INFO] - Step 14: Enter an encrypted password into the confirm password field

26-12-2024T18:49:57 - [TEST_STEP][PASSED] - setEncryptedText(findTestObject("Object Repository/Employee-Onboarding/Page_OrangeHRM/input_Confirm Password_oxd-input oxd-input-_a3aecb"), EmployeePassword): Text ****** has been set on object 'Object Repository/Employee-Onboarding/Page_OrangeHRM/input_Confirm Password_oxd-input oxd-input-_a3aecb'

26-12-2024T18:49:57 - [MESSAGE][PASSED] - Text ****** has been set on object 'Object Repository/Employee-Onboarding/Page_OrangeHRM/input_Confirm Password_oxd-input oxd-input-_a3aecb'

26-12-2024T18:49:57 - [TEST_STEP][PASSED] - comment("Step 15: Click the "Save" button to finalize adding the new employee"): Step 15: Click the "Save" button to finalize adding the new employee

26-12-2024T18:49:57 - [MESSAGE][INFO] - Step 15: Click the "Save" button to finalize adding the new employee

26-12-2024T18:49:57 - [TEST_STEP][PASSED] - click(findTestObject("Object Repository/Employee-Onboarding/Page_OrangeHRM/button_Save")): Object: 'Object Repository/Employee-Onboarding/Page_OrangeHRM/button_Save' is clicked on

26-12-2024T18:49:57 - [MESSAGE][PASSED] - Object: 'Object Repository/Employee-Onboarding/Page_OrangeHRM/button_Save' is clicked on

26-12-2024T18:49:57 - [TEST_STEP][PASSED] - delay(2): Delayed 2 second(s)

26-12-2024T18:49:59 - [MESSAGE][PASSED] - Delayed 2 second(s)]]></system-out>
         <system-err><![CDATA[]]></system-err>
      </testcase>
      <testcase name="Test Cases/Employee_Onboarding/TC_Employee_Onboarding" time="12.208" classname="Test Cases/Employee_Onboarding/TC_Employee_Onboarding" status="PASSED">
         <system-out><![CDATA[26-12-2024T18:49:59 - [TEST_CASE][PASSED] - Test Cases/Employee_Onboarding/TC_Employee_Onboarding: Test Cases/Employee_Onboarding/TC_Employee_Onboarding

26-12-2024T18:49:59 - [TEST_STEP][PASSED] - comment("Step 1: Click on the PIM module link"): Step 1: Click on the PIM module link

26-12-2024T18:49:59 - [MESSAGE][INFO] - Step 1: Click on the PIM module link

26-12-2024T18:49:59 - [TEST_STEP][PASSED] - click(findTestObject("Object Repository/Employee-Onboarding/Page_OrangeHRM/a_PIM")): Object: 'Object Repository/Employee-Onboarding/Page_OrangeHRM/a_PIM' is clicked on

26-12-2024T18:50:01 - [MESSAGE][PASSED] - Object: 'Object Repository/Employee-Onboarding/Page_OrangeHRM/a_PIM' is clicked on

26-12-2024T18:50:01 - [TEST_STEP][PASSED] - comment("Step 2: Click the "Add" button to add a new employee"): Step 2: Click the "Add" button to add a new employee

26-12-2024T18:50:01 - [MESSAGE][INFO] - Step 2: Click the "Add" button to add a new employee

26-12-2024T18:50:01 - [TEST_STEP][PASSED] - click(findTestObject("Object Repository/Employee-Onboarding/Page_OrangeHRM/button_Add")): Object: 'Object Repository/Employee-Onboarding/Page_OrangeHRM/button_Add' is clicked on

26-12-2024T18:50:04 - [MESSAGE][PASSED] - Object: 'Object Repository/Employee-Onboarding/Page_OrangeHRM/button_Add' is clicked on

26-12-2024T18:50:04 - [TEST_STEP][PASSED] - comment("Step 3: Focus on the "First Name" input field"): Step 3: Focus on the "First Name" input field

26-12-2024T18:50:04 - [MESSAGE][INFO] - Step 3: Focus on the "First Name" input field

26-12-2024T18:50:04 - [TEST_STEP][PASSED] - click(findTestObject("Object Repository/Employee-Onboarding/Page_OrangeHRM/input_Employee Full Name_firstName")): Object: 'Object Repository/Employee-Onboarding/Page_OrangeHRM/input_Employee Full Name_firstName' is clicked on

26-12-2024T18:50:05 - [MESSAGE][PASSED] - Object: 'Object Repository/Employee-Onboarding/Page_OrangeHRM/input_Employee Full Name_firstName' is clicked on

26-12-2024T18:50:05 - [TEST_STEP][PASSED] - comment("Step 4: Enter the employee's first name"): Step 4: Enter the employee's first name

26-12-2024T18:50:05 - [MESSAGE][INFO] - Step 4: Enter the employee's first name

26-12-2024T18:50:05 - [TEST_STEP][PASSED] - setText(findTestObject("Object Repository/Employee-Onboarding/Page_OrangeHRM/input_Employee Full Name_firstName"), Firstname): Text 'James' is set on object 'Object Repository/Employee-Onboarding/Page_OrangeHRM/input_Employee Full Name_firstName'

26-12-2024T18:50:06 - [MESSAGE][PASSED] - Text 'James' is set on object 'Object Repository/Employee-Onboarding/Page_OrangeHRM/input_Employee Full Name_firstName'

26-12-2024T18:50:06 - [TEST_STEP][PASSED] - comment("Step 5: Enter the employee's last name"): Step 5: Enter the employee's last name

26-12-2024T18:50:06 - [MESSAGE][INFO] - Step 5: Enter the employee's last name

26-12-2024T18:50:06 - [TEST_STEP][PASSED] - setText(findTestObject("Object Repository/Employee-Onboarding/Page_OrangeHRM/input_Employee Full Name_lastName"), Lastname): Text 'King' is set on object 'Object Repository/Employee-Onboarding/Page_OrangeHRM/input_Employee Full Name_lastName'

26-12-2024T18:50:06 - [MESSAGE][PASSED] - Text 'King' is set on object 'Object Repository/Employee-Onboarding/Page_OrangeHRM/input_Employee Full Name_lastName'

26-12-2024T18:50:06 - [TEST_STEP][PASSED] - comment("Step 6: Clear the default value in the "Employee ID" field"): Step 6: Clear the default value in the "Employee ID" field

26-12-2024T18:50:06 - [MESSAGE][INFO] - Step 6: Clear the default value in the "Employee ID" field

26-12-2024T18:50:06 - [TEST_STEP][PASSED] - clearText(findTestObject("Object Repository/Employee-Onboarding/Page_OrangeHRM/input_Employee Id_oxd-input oxd-input--focus")): Text of object 'Object Repository/Employee-Onboarding/Page_OrangeHRM/input_Employee Id_oxd-input oxd-input--focus' is cleared

26-12-2024T18:50:07 - [MESSAGE][PASSED] - Text of object 'Object Repository/Employee-Onboarding/Page_OrangeHRM/input_Employee Id_oxd-input oxd-input--focus' is cleared

26-12-2024T18:50:07 - [TEST_STEP][PASSED] - comment("Step 7: Set the employee ID field with a new value"): Step 7: Set the employee ID field with a new value

26-12-2024T18:50:07 - [MESSAGE][INFO] - Step 7: Set the employee ID field with a new value

26-12-2024T18:50:07 - [TEST_STEP][PASSED] - setText(findTestObject("Object Repository/Employee-Onboarding/Page_OrangeHRM/input_Employee Id_oxd-input oxd-input--focus"), ""): Text '' is set on object 'Object Repository/Employee-Onboarding/Page_OrangeHRM/input_Employee Id_oxd-input oxd-input--focus'

26-12-2024T18:50:07 - [MESSAGE][PASSED] - Text '' is set on object 'Object Repository/Employee-Onboarding/Page_OrangeHRM/input_Employee Id_oxd-input oxd-input--focus'

26-12-2024T18:50:07 - [TEST_STEP][PASSED] - comment("Step 8: Toggle the switch related to the Employee ID"): Step 8: Toggle the switch related to the Employee ID

26-12-2024T18:50:07 - [MESSAGE][INFO] - Step 8: Toggle the switch related to the Employee ID

26-12-2024T18:50:07 - [TEST_STEP][PASSED] - click(findTestObject("Object Repository/Employee-Onboarding/Page_OrangeHRM/span_Employee Id_oxd-switch-input oxd-switc_efe210")): Object: 'Object Repository/Employee-Onboarding/Page_OrangeHRM/span_Employee Id_oxd-switch-input oxd-switc_efe210' is clicked on

26-12-2024T18:50:07 - [MESSAGE][PASSED] - Object: 'Object Repository/Employee-Onboarding/Page_OrangeHRM/span_Employee Id_oxd-switch-input oxd-switc_efe210' is clicked on

26-12-2024T18:50:07 - [TEST_STEP][PASSED] - comment("Step 9: Retrieve the entered first name and convert it to lowercase"): Step 9: Retrieve the entered first name and convert it to lowercase

26-12-2024T18:50:07 - [MESSAGE][INFO] - Step 9: Retrieve the entered first name and convert it to lowercase

26-12-2024T18:50:07 - [TEST_STEP][PASSED] - firstname = getAttribute(findTestObject("Object Repository/Employee-Onboarding/Page_OrangeHRM/input_Employee Full Name_firstName"), "value").toLowerCase(): Attribute 'value' of object 'Object Repository/Employee-Onboarding/Page_OrangeHRM/input_Employee Full Name_firstName' is: 'James'

26-12-2024T18:50:08 - [MESSAGE][PASSED] - Attribute 'value' of object 'Object Repository/Employee-Onboarding/Page_OrangeHRM/input_Employee Full Name_firstName' is: 'James'

26-12-2024T18:50:08 - [TEST_STEP][PASSED] - comment("Step 10: Retrieve the entered last name and convert it to lowercase"): Step 10: Retrieve the entered last name and convert it to lowercase

26-12-2024T18:50:08 - [MESSAGE][INFO] - Step 10: Retrieve the entered last name and convert it to lowercase

26-12-2024T18:50:08 - [TEST_STEP][PASSED] - lastname = getAttribute(findTestObject("Object Repository/Employee-Onboarding/Page_OrangeHRM/input_Employee Full Name_lastName"), "value").toLowerCase(): Attribute 'value' of object 'Object Repository/Employee-Onboarding/Page_OrangeHRM/input_Employee Full Name_lastName' is: 'King'

26-12-2024T18:50:08 - [MESSAGE][PASSED] - Attribute 'value' of object 'Object Repository/Employee-Onboarding/Page_OrangeHRM/input_Employee Full Name_lastName' is: 'King'

26-12-2024T18:50:08 - [TEST_STEP][PASSED] - comment("Step 11: Concatenate the first and last names to generate a username"): Step 11: Concatenate the first and last names to generate a username

26-12-2024T18:50:08 - [MESSAGE][INFO] - Step 11: Concatenate the first and last names to generate a username

26-12-2024T18:50:08 - [TEST_STEP][PASSED] - username = firstname + "." + lastname: null

26-12-2024T18:50:08 - [TEST_STEP][PASSED] - comment("Step 12: Set the username field with the generated username"): Step 12: Set the username field with the generated username

26-12-2024T18:50:08 - [MESSAGE][INFO] - Step 12: Set the username field with the generated username

26-12-2024T18:50:08 - [TEST_STEP][PASSED] - setText(findTestObject("Object Repository/Employee-Onboarding/Page_OrangeHRM/input_Username_oxd-input oxd-input--focus"), username): Text 'james.king' is set on object 'Object Repository/Employee-Onboarding/Page_OrangeHRM/input_Username_oxd-input oxd-input--focus'

26-12-2024T18:50:09 - [MESSAGE][PASSED] - Text 'james.king' is set on object 'Object Repository/Employee-Onboarding/Page_OrangeHRM/input_Username_oxd-input oxd-input--focus'

26-12-2024T18:50:09 - [TEST_STEP][PASSED] - comment("Step 13: Enter an encrypted password into the password field"): Step 13: Enter an encrypted password into the password field

26-12-2024T18:50:09 - [MESSAGE][INFO] - Step 13: Enter an encrypted password into the password field

26-12-2024T18:50:09 - [TEST_STEP][PASSED] - setEncryptedText(findTestObject("Object Repository/Employee-Onboarding/Page_OrangeHRM/input_Password_oxd-input oxd-input--active"), EmployeePassword): Text ****** has been set on object 'Object Repository/Employee-Onboarding/Page_OrangeHRM/input_Password_oxd-input oxd-input--active'

26-12-2024T18:50:09 - [MESSAGE][PASSED] - Text ****** has been set on object 'Object Repository/Employee-Onboarding/Page_OrangeHRM/input_Password_oxd-input oxd-input--active'

26-12-2024T18:50:09 - [TEST_STEP][PASSED] - comment("Step 14: Enter an encrypted password into the confirm password field"): Step 14: Enter an encrypted password into the confirm password field

26-12-2024T18:50:09 - [MESSAGE][INFO] - Step 14: Enter an encrypted password into the confirm password field

26-12-2024T18:50:09 - [TEST_STEP][PASSED] - setEncryptedText(findTestObject("Object Repository/Employee-Onboarding/Page_OrangeHRM/input_Confirm Password_oxd-input oxd-input-_a3aecb"), EmployeePassword): Text ****** has been set on object 'Object Repository/Employee-Onboarding/Page_OrangeHRM/input_Confirm Password_oxd-input oxd-input-_a3aecb'

26-12-2024T18:50:09 - [MESSAGE][PASSED] - Text ****** has been set on object 'Object Repository/Employee-Onboarding/Page_OrangeHRM/input_Confirm Password_oxd-input oxd-input-_a3aecb'

26-12-2024T18:50:09 - [TEST_STEP][PASSED] - comment("Step 15: Click the "Save" button to finalize adding the new employee"): Step 15: Click the "Save" button to finalize adding the new employee

26-12-2024T18:50:09 - [MESSAGE][INFO] - Step 15: Click the "Save" button to finalize adding the new employee

26-12-2024T18:50:09 - [TEST_STEP][PASSED] - click(findTestObject("Object Repository/Employee-Onboarding/Page_OrangeHRM/button_Save")): Object: 'Object Repository/Employee-Onboarding/Page_OrangeHRM/button_Save' is clicked on

26-12-2024T18:50:09 - [MESSAGE][PASSED] - Object: 'Object Repository/Employee-Onboarding/Page_OrangeHRM/button_Save' is clicked on

26-12-2024T18:50:09 - [TEST_STEP][PASSED] - delay(2): Delayed 2 second(s)

26-12-2024T18:50:11 - [MESSAGE][PASSED] - Delayed 2 second(s)]]></system-out>
         <system-err><![CDATA[]]></system-err>
      </testcase>
      <testcase name="Test Cases/Employee_Onboarding/TC_Employee_Onboarding" time="11.426" classname="Test Cases/Employee_Onboarding/TC_Employee_Onboarding" status="PASSED">
         <system-out><![CDATA[26-12-2024T18:50:11 - [TEST_CASE][PASSED] - Test Cases/Employee_Onboarding/TC_Employee_Onboarding: Test Cases/Employee_Onboarding/TC_Employee_Onboarding

26-12-2024T18:50:11 - [TEST_STEP][PASSED] - comment("Step 1: Click on the PIM module link"): Step 1: Click on the PIM module link

26-12-2024T18:50:11 - [MESSAGE][INFO] - Step 1: Click on the PIM module link

26-12-2024T18:50:11 - [TEST_STEP][PASSED] - click(findTestObject("Object Repository/Employee-Onboarding/Page_OrangeHRM/a_PIM")): Object: 'Object Repository/Employee-Onboarding/Page_OrangeHRM/a_PIM' is clicked on

26-12-2024T18:50:13 - [MESSAGE][PASSED] - Object: 'Object Repository/Employee-Onboarding/Page_OrangeHRM/a_PIM' is clicked on

26-12-2024T18:50:13 - [TEST_STEP][PASSED] - comment("Step 2: Click the "Add" button to add a new employee"): Step 2: Click the "Add" button to add a new employee

26-12-2024T18:50:13 - [MESSAGE][INFO] - Step 2: Click the "Add" button to add a new employee

26-12-2024T18:50:13 - [TEST_STEP][PASSED] - click(findTestObject("Object Repository/Employee-Onboarding/Page_OrangeHRM/button_Add")): Object: 'Object Repository/Employee-Onboarding/Page_OrangeHRM/button_Add' is clicked on

26-12-2024T18:50:15 - [MESSAGE][PASSED] - Object: 'Object Repository/Employee-Onboarding/Page_OrangeHRM/button_Add' is clicked on

26-12-2024T18:50:15 - [TEST_STEP][PASSED] - comment("Step 3: Focus on the "First Name" input field"): Step 3: Focus on the "First Name" input field

26-12-2024T18:50:15 - [MESSAGE][INFO] - Step 3: Focus on the "First Name" input field

26-12-2024T18:50:15 - [TEST_STEP][PASSED] - click(findTestObject("Object Repository/Employee-Onboarding/Page_OrangeHRM/input_Employee Full Name_firstName")): Object: 'Object Repository/Employee-Onboarding/Page_OrangeHRM/input_Employee Full Name_firstName' is clicked on

26-12-2024T18:50:17 - [MESSAGE][PASSED] - Object: 'Object Repository/Employee-Onboarding/Page_OrangeHRM/input_Employee Full Name_firstName' is clicked on

26-12-2024T18:50:17 - [TEST_STEP][PASSED] - comment("Step 4: Enter the employee's first name"): Step 4: Enter the employee's first name

26-12-2024T18:50:17 - [MESSAGE][INFO] - Step 4: Enter the employee's first name

26-12-2024T18:50:17 - [TEST_STEP][PASSED] - setText(findTestObject("Object Repository/Employee-Onboarding/Page_OrangeHRM/input_Employee Full Name_firstName"), Firstname): Text 'Eduardo' is set on object 'Object Repository/Employee-Onboarding/Page_OrangeHRM/input_Employee Full Name_firstName'

26-12-2024T18:50:17 - [MESSAGE][PASSED] - Text 'Eduardo' is set on object 'Object Repository/Employee-Onboarding/Page_OrangeHRM/input_Employee Full Name_firstName'

26-12-2024T18:50:17 - [TEST_STEP][PASSED] - comment("Step 5: Enter the employee's last name"): Step 5: Enter the employee's last name

26-12-2024T18:50:17 - [MESSAGE][INFO] - Step 5: Enter the employee's last name

26-12-2024T18:50:17 - [TEST_STEP][PASSED] - setText(findTestObject("Object Repository/Employee-Onboarding/Page_OrangeHRM/input_Employee Full Name_lastName"), Lastname): Text 'Moran' is set on object 'Object Repository/Employee-Onboarding/Page_OrangeHRM/input_Employee Full Name_lastName'

26-12-2024T18:50:18 - [MESSAGE][PASSED] - Text 'Moran' is set on object 'Object Repository/Employee-Onboarding/Page_OrangeHRM/input_Employee Full Name_lastName'

26-12-2024T18:50:18 - [TEST_STEP][PASSED] - comment("Step 6: Clear the default value in the "Employee ID" field"): Step 6: Clear the default value in the "Employee ID" field

26-12-2024T18:50:18 - [MESSAGE][INFO] - Step 6: Clear the default value in the "Employee ID" field

26-12-2024T18:50:18 - [TEST_STEP][PASSED] - clearText(findTestObject("Object Repository/Employee-Onboarding/Page_OrangeHRM/input_Employee Id_oxd-input oxd-input--focus")): Text of object 'Object Repository/Employee-Onboarding/Page_OrangeHRM/input_Employee Id_oxd-input oxd-input--focus' is cleared

26-12-2024T18:50:18 - [MESSAGE][PASSED] - Text of object 'Object Repository/Employee-Onboarding/Page_OrangeHRM/input_Employee Id_oxd-input oxd-input--focus' is cleared

26-12-2024T18:50:18 - [TEST_STEP][PASSED] - comment("Step 7: Set the employee ID field with a new value"): Step 7: Set the employee ID field with a new value

26-12-2024T18:50:18 - [MESSAGE][INFO] - Step 7: Set the employee ID field with a new value

26-12-2024T18:50:18 - [TEST_STEP][PASSED] - setText(findTestObject("Object Repository/Employee-Onboarding/Page_OrangeHRM/input_Employee Id_oxd-input oxd-input--focus"), ""): Text '' is set on object 'Object Repository/Employee-Onboarding/Page_OrangeHRM/input_Employee Id_oxd-input oxd-input--focus'

26-12-2024T18:50:19 - [MESSAGE][PASSED] - Text '' is set on object 'Object Repository/Employee-Onboarding/Page_OrangeHRM/input_Employee Id_oxd-input oxd-input--focus'

26-12-2024T18:50:19 - [TEST_STEP][PASSED] - comment("Step 8: Toggle the switch related to the Employee ID"): Step 8: Toggle the switch related to the Employee ID

26-12-2024T18:50:19 - [MESSAGE][INFO] - Step 8: Toggle the switch related to the Employee ID

26-12-2024T18:50:19 - [TEST_STEP][PASSED] - click(findTestObject("Object Repository/Employee-Onboarding/Page_OrangeHRM/span_Employee Id_oxd-switch-input oxd-switc_efe210")): Object: 'Object Repository/Employee-Onboarding/Page_OrangeHRM/span_Employee Id_oxd-switch-input oxd-switc_efe210' is clicked on

26-12-2024T18:50:19 - [MESSAGE][PASSED] - Object: 'Object Repository/Employee-Onboarding/Page_OrangeHRM/span_Employee Id_oxd-switch-input oxd-switc_efe210' is clicked on

26-12-2024T18:50:19 - [TEST_STEP][PASSED] - comment("Step 9: Retrieve the entered first name and convert it to lowercase"): Step 9: Retrieve the entered first name and convert it to lowercase

26-12-2024T18:50:19 - [MESSAGE][INFO] - Step 9: Retrieve the entered first name and convert it to lowercase

26-12-2024T18:50:19 - [TEST_STEP][PASSED] - firstname = getAttribute(findTestObject("Object Repository/Employee-Onboarding/Page_OrangeHRM/input_Employee Full Name_firstName"), "value").toLowerCase(): Attribute 'value' of object 'Object Repository/Employee-Onboarding/Page_OrangeHRM/input_Employee Full Name_firstName' is: 'Eduardo'

26-12-2024T18:50:19 - [MESSAGE][PASSED] - Attribute 'value' of object 'Object Repository/Employee-Onboarding/Page_OrangeHRM/input_Employee Full Name_firstName' is: 'Eduardo'

26-12-2024T18:50:19 - [TEST_STEP][PASSED] - comment("Step 10: Retrieve the entered last name and convert it to lowercase"): Step 10: Retrieve the entered last name and convert it to lowercase

26-12-2024T18:50:19 - [MESSAGE][INFO] - Step 10: Retrieve the entered last name and convert it to lowercase

26-12-2024T18:50:19 - [TEST_STEP][PASSED] - lastname = getAttribute(findTestObject("Object Repository/Employee-Onboarding/Page_OrangeHRM/input_Employee Full Name_lastName"), "value").toLowerCase(): Attribute 'value' of object 'Object Repository/Employee-Onboarding/Page_OrangeHRM/input_Employee Full Name_lastName' is: 'Moran'

26-12-2024T18:50:20 - [MESSAGE][PASSED] - Attribute 'value' of object 'Object Repository/Employee-Onboarding/Page_OrangeHRM/input_Employee Full Name_lastName' is: 'Moran'

26-12-2024T18:50:20 - [TEST_STEP][PASSED] - comment("Step 11: Concatenate the first and last names to generate a username"): Step 11: Concatenate the first and last names to generate a username

26-12-2024T18:50:20 - [MESSAGE][INFO] - Step 11: Concatenate the first and last names to generate a username

26-12-2024T18:50:20 - [TEST_STEP][PASSED] - username = firstname + "." + lastname: null

26-12-2024T18:50:20 - [TEST_STEP][PASSED] - comment("Step 12: Set the username field with the generated username"): Step 12: Set the username field with the generated username

26-12-2024T18:50:20 - [MESSAGE][INFO] - Step 12: Set the username field with the generated username

26-12-2024T18:50:20 - [TEST_STEP][PASSED] - setText(findTestObject("Object Repository/Employee-Onboarding/Page_OrangeHRM/input_Username_oxd-input oxd-input--focus"), username): Text 'eduardo.moran' is set on object 'Object Repository/Employee-Onboarding/Page_OrangeHRM/input_Username_oxd-input oxd-input--focus'

26-12-2024T18:50:20 - [MESSAGE][PASSED] - Text 'eduardo.moran' is set on object 'Object Repository/Employee-Onboarding/Page_OrangeHRM/input_Username_oxd-input oxd-input--focus'

26-12-2024T18:50:20 - [TEST_STEP][PASSED] - comment("Step 13: Enter an encrypted password into the password field"): Step 13: Enter an encrypted password into the password field

26-12-2024T18:50:20 - [MESSAGE][INFO] - Step 13: Enter an encrypted password into the password field

26-12-2024T18:50:20 - [TEST_STEP][PASSED] - setEncryptedText(findTestObject("Object Repository/Employee-Onboarding/Page_OrangeHRM/input_Password_oxd-input oxd-input--active"), EmployeePassword): Text ****** has been set on object 'Object Repository/Employee-Onboarding/Page_OrangeHRM/input_Password_oxd-input oxd-input--active'

26-12-2024T18:50:20 - [MESSAGE][PASSED] - Text ****** has been set on object 'Object Repository/Employee-Onboarding/Page_OrangeHRM/input_Password_oxd-input oxd-input--active'

26-12-2024T18:50:20 - [TEST_STEP][PASSED] - comment("Step 14: Enter an encrypted password into the confirm password field"): Step 14: Enter an encrypted password into the confirm password field

26-12-2024T18:50:20 - [MESSAGE][INFO] - Step 14: Enter an encrypted password into the confirm password field

26-12-2024T18:50:20 - [TEST_STEP][PASSED] - setEncryptedText(findTestObject("Object Repository/Employee-Onboarding/Page_OrangeHRM/input_Confirm Password_oxd-input oxd-input-_a3aecb"), EmployeePassword): Text ****** has been set on object 'Object Repository/Employee-Onboarding/Page_OrangeHRM/input_Confirm Password_oxd-input oxd-input-_a3aecb'

26-12-2024T18:50:21 - [MESSAGE][PASSED] - Text ****** has been set on object 'Object Repository/Employee-Onboarding/Page_OrangeHRM/input_Confirm Password_oxd-input oxd-input-_a3aecb'

26-12-2024T18:50:21 - [TEST_STEP][PASSED] - comment("Step 15: Click the "Save" button to finalize adding the new employee"): Step 15: Click the "Save" button to finalize adding the new employee

26-12-2024T18:50:21 - [MESSAGE][INFO] - Step 15: Click the "Save" button to finalize adding the new employee

26-12-2024T18:50:21 - [TEST_STEP][PASSED] - click(findTestObject("Object Repository/Employee-Onboarding/Page_OrangeHRM/button_Save")): Object: 'Object Repository/Employee-Onboarding/Page_OrangeHRM/button_Save' is clicked on

26-12-2024T18:50:21 - [MESSAGE][PASSED] - Object: 'Object Repository/Employee-Onboarding/Page_OrangeHRM/button_Save' is clicked on

26-12-2024T18:50:21 - [TEST_STEP][PASSED] - delay(2): Delayed 2 second(s)

26-12-2024T18:50:23 - [MESSAGE][PASSED] - Delayed 2 second(s)]]></system-out>
         <system-err><![CDATA[]]></system-err>
      </testcase>
      <testcase name="Test Cases/Employee_Onboarding/TC_Employee_Onboarding" time="11.123" classname="Test Cases/Employee_Onboarding/TC_Employee_Onboarding" status="PASSED">
         <system-out><![CDATA[26-12-2024T18:50:23 - [TEST_CASE][PASSED] - Test Cases/Employee_Onboarding/TC_Employee_Onboarding: Test Cases/Employee_Onboarding/TC_Employee_Onboarding

26-12-2024T18:50:23 - [TEST_STEP][PASSED] - comment("Step 1: Click on the PIM module link"): Step 1: Click on the PIM module link

26-12-2024T18:50:23 - [MESSAGE][INFO] - Step 1: Click on the PIM module link

26-12-2024T18:50:23 - [TEST_STEP][PASSED] - click(findTestObject("Object Repository/Employee-Onboarding/Page_OrangeHRM/a_PIM")): Object: 'Object Repository/Employee-Onboarding/Page_OrangeHRM/a_PIM' is clicked on

26-12-2024T18:50:25 - [MESSAGE][PASSED] - Object: 'Object Repository/Employee-Onboarding/Page_OrangeHRM/a_PIM' is clicked on

26-12-2024T18:50:25 - [TEST_STEP][PASSED] - comment("Step 2: Click the "Add" button to add a new employee"): Step 2: Click the "Add" button to add a new employee

26-12-2024T18:50:25 - [MESSAGE][INFO] - Step 2: Click the "Add" button to add a new employee

26-12-2024T18:50:25 - [TEST_STEP][PASSED] - click(findTestObject("Object Repository/Employee-Onboarding/Page_OrangeHRM/button_Add")): Object: 'Object Repository/Employee-Onboarding/Page_OrangeHRM/button_Add' is clicked on

26-12-2024T18:50:27 - [MESSAGE][PASSED] - Object: 'Object Repository/Employee-Onboarding/Page_OrangeHRM/button_Add' is clicked on

26-12-2024T18:50:27 - [TEST_STEP][PASSED] - comment("Step 3: Focus on the "First Name" input field"): Step 3: Focus on the "First Name" input field

26-12-2024T18:50:27 - [MESSAGE][INFO] - Step 3: Focus on the "First Name" input field

26-12-2024T18:50:27 - [TEST_STEP][PASSED] - click(findTestObject("Object Repository/Employee-Onboarding/Page_OrangeHRM/input_Employee Full Name_firstName")): Object: 'Object Repository/Employee-Onboarding/Page_OrangeHRM/input_Employee Full Name_firstName' is clicked on

26-12-2024T18:50:28 - [MESSAGE][PASSED] - Object: 'Object Repository/Employee-Onboarding/Page_OrangeHRM/input_Employee Full Name_firstName' is clicked on

26-12-2024T18:50:28 - [TEST_STEP][PASSED] - comment("Step 4: Enter the employee's first name"): Step 4: Enter the employee's first name

26-12-2024T18:50:28 - [MESSAGE][INFO] - Step 4: Enter the employee's first name

26-12-2024T18:50:28 - [TEST_STEP][PASSED] - setText(findTestObject("Object Repository/Employee-Onboarding/Page_OrangeHRM/input_Employee Full Name_firstName"), Firstname): Text 'Jennifer' is set on object 'Object Repository/Employee-Onboarding/Page_OrangeHRM/input_Employee Full Name_firstName'

26-12-2024T18:50:29 - [MESSAGE][PASSED] - Text 'Jennifer' is set on object 'Object Repository/Employee-Onboarding/Page_OrangeHRM/input_Employee Full Name_firstName'

26-12-2024T18:50:29 - [TEST_STEP][PASSED] - comment("Step 5: Enter the employee's last name"): Step 5: Enter the employee's last name

26-12-2024T18:50:29 - [MESSAGE][INFO] - Step 5: Enter the employee's last name

26-12-2024T18:50:29 - [TEST_STEP][PASSED] - setText(findTestObject("Object Repository/Employee-Onboarding/Page_OrangeHRM/input_Employee Full Name_lastName"), Lastname): Text 'Anderson' is set on object 'Object Repository/Employee-Onboarding/Page_OrangeHRM/input_Employee Full Name_lastName'

26-12-2024T18:50:29 - [MESSAGE][PASSED] - Text 'Anderson' is set on object 'Object Repository/Employee-Onboarding/Page_OrangeHRM/input_Employee Full Name_lastName'

26-12-2024T18:50:29 - [TEST_STEP][PASSED] - comment("Step 6: Clear the default value in the "Employee ID" field"): Step 6: Clear the default value in the "Employee ID" field

26-12-2024T18:50:29 - [MESSAGE][INFO] - Step 6: Clear the default value in the "Employee ID" field

26-12-2024T18:50:29 - [TEST_STEP][PASSED] - clearText(findTestObject("Object Repository/Employee-Onboarding/Page_OrangeHRM/input_Employee Id_oxd-input oxd-input--focus")): Text of object 'Object Repository/Employee-Onboarding/Page_OrangeHRM/input_Employee Id_oxd-input oxd-input--focus' is cleared

26-12-2024T18:50:29 - [MESSAGE][PASSED] - Text of object 'Object Repository/Employee-Onboarding/Page_OrangeHRM/input_Employee Id_oxd-input oxd-input--focus' is cleared

26-12-2024T18:50:29 - [TEST_STEP][PASSED] - comment("Step 7: Set the employee ID field with a new value"): Step 7: Set the employee ID field with a new value

26-12-2024T18:50:29 - [MESSAGE][INFO] - Step 7: Set the employee ID field with a new value

26-12-2024T18:50:29 - [TEST_STEP][PASSED] - setText(findTestObject("Object Repository/Employee-Onboarding/Page_OrangeHRM/input_Employee Id_oxd-input oxd-input--focus"), ""): Text '' is set on object 'Object Repository/Employee-Onboarding/Page_OrangeHRM/input_Employee Id_oxd-input oxd-input--focus'

26-12-2024T18:50:30 - [MESSAGE][PASSED] - Text '' is set on object 'Object Repository/Employee-Onboarding/Page_OrangeHRM/input_Employee Id_oxd-input oxd-input--focus'

26-12-2024T18:50:30 - [TEST_STEP][PASSED] - comment("Step 8: Toggle the switch related to the Employee ID"): Step 8: Toggle the switch related to the Employee ID

26-12-2024T18:50:30 - [MESSAGE][INFO] - Step 8: Toggle the switch related to the Employee ID

26-12-2024T18:50:30 - [TEST_STEP][PASSED] - click(findTestObject("Object Repository/Employee-Onboarding/Page_OrangeHRM/span_Employee Id_oxd-switch-input oxd-switc_efe210")): Object: 'Object Repository/Employee-Onboarding/Page_OrangeHRM/span_Employee Id_oxd-switch-input oxd-switc_efe210' is clicked on

26-12-2024T18:50:30 - [MESSAGE][PASSED] - Object: 'Object Repository/Employee-Onboarding/Page_OrangeHRM/span_Employee Id_oxd-switch-input oxd-switc_efe210' is clicked on

26-12-2024T18:50:30 - [TEST_STEP][PASSED] - comment("Step 9: Retrieve the entered first name and convert it to lowercase"): Step 9: Retrieve the entered first name and convert it to lowercase

26-12-2024T18:50:30 - [MESSAGE][INFO] - Step 9: Retrieve the entered first name and convert it to lowercase

26-12-2024T18:50:30 - [TEST_STEP][PASSED] - firstname = getAttribute(findTestObject("Object Repository/Employee-Onboarding/Page_OrangeHRM/input_Employee Full Name_firstName"), "value").toLowerCase(): Attribute 'value' of object 'Object Repository/Employee-Onboarding/Page_OrangeHRM/input_Employee Full Name_firstName' is: 'Jennifer'

26-12-2024T18:50:30 - [MESSAGE][PASSED] - Attribute 'value' of object 'Object Repository/Employee-Onboarding/Page_OrangeHRM/input_Employee Full Name_firstName' is: 'Jennifer'

26-12-2024T18:50:30 - [TEST_STEP][PASSED] - comment("Step 10: Retrieve the entered last name and convert it to lowercase"): Step 10: Retrieve the entered last name and convert it to lowercase

26-12-2024T18:50:30 - [MESSAGE][INFO] - Step 10: Retrieve the entered last name and convert it to lowercase

26-12-2024T18:50:30 - [TEST_STEP][PASSED] - lastname = getAttribute(findTestObject("Object Repository/Employee-Onboarding/Page_OrangeHRM/input_Employee Full Name_lastName"), "value").toLowerCase(): Attribute 'value' of object 'Object Repository/Employee-Onboarding/Page_OrangeHRM/input_Employee Full Name_lastName' is: 'Anderson'

26-12-2024T18:50:31 - [MESSAGE][PASSED] - Attribute 'value' of object 'Object Repository/Employee-Onboarding/Page_OrangeHRM/input_Employee Full Name_lastName' is: 'Anderson'

26-12-2024T18:50:31 - [TEST_STEP][PASSED] - comment("Step 11: Concatenate the first and last names to generate a username"): Step 11: Concatenate the first and last names to generate a username

26-12-2024T18:50:31 - [MESSAGE][INFO] - Step 11: Concatenate the first and last names to generate a username

26-12-2024T18:50:31 - [TEST_STEP][PASSED] - username = firstname + "." + lastname: null

26-12-2024T18:50:31 - [TEST_STEP][PASSED] - comment("Step 12: Set the username field with the generated username"): Step 12: Set the username field with the generated username

26-12-2024T18:50:31 - [MESSAGE][INFO] - Step 12: Set the username field with the generated username

26-12-2024T18:50:31 - [TEST_STEP][PASSED] - setText(findTestObject("Object Repository/Employee-Onboarding/Page_OrangeHRM/input_Username_oxd-input oxd-input--focus"), username): Text 'jennifer.anderson' is set on object 'Object Repository/Employee-Onboarding/Page_OrangeHRM/input_Username_oxd-input oxd-input--focus'

26-12-2024T18:50:31 - [MESSAGE][PASSED] - Text 'jennifer.anderson' is set on object 'Object Repository/Employee-Onboarding/Page_OrangeHRM/input_Username_oxd-input oxd-input--focus'

26-12-2024T18:50:31 - [TEST_STEP][PASSED] - comment("Step 13: Enter an encrypted password into the password field"): Step 13: Enter an encrypted password into the password field

26-12-2024T18:50:31 - [MESSAGE][INFO] - Step 13: Enter an encrypted password into the password field

26-12-2024T18:50:31 - [TEST_STEP][PASSED] - setEncryptedText(findTestObject("Object Repository/Employee-Onboarding/Page_OrangeHRM/input_Password_oxd-input oxd-input--active"), EmployeePassword): Text ****** has been set on object 'Object Repository/Employee-Onboarding/Page_OrangeHRM/input_Password_oxd-input oxd-input--active'

26-12-2024T18:50:31 - [MESSAGE][PASSED] - Text ****** has been set on object 'Object Repository/Employee-Onboarding/Page_OrangeHRM/input_Password_oxd-input oxd-input--active'

26-12-2024T18:50:31 - [TEST_STEP][PASSED] - comment("Step 14: Enter an encrypted password into the confirm password field"): Step 14: Enter an encrypted password into the confirm password field

26-12-2024T18:50:31 - [MESSAGE][INFO] - Step 14: Enter an encrypted password into the confirm password field

26-12-2024T18:50:31 - [TEST_STEP][PASSED] - setEncryptedText(findTestObject("Object Repository/Employee-Onboarding/Page_OrangeHRM/input_Confirm Password_oxd-input oxd-input-_a3aecb"), EmployeePassword): Text ****** has been set on object 'Object Repository/Employee-Onboarding/Page_OrangeHRM/input_Confirm Password_oxd-input oxd-input-_a3aecb'

26-12-2024T18:50:32 - [MESSAGE][PASSED] - Text ****** has been set on object 'Object Repository/Employee-Onboarding/Page_OrangeHRM/input_Confirm Password_oxd-input oxd-input-_a3aecb'

26-12-2024T18:50:32 - [TEST_STEP][PASSED] - comment("Step 15: Click the "Save" button to finalize adding the new employee"): Step 15: Click the "Save" button to finalize adding the new employee

26-12-2024T18:50:32 - [MESSAGE][INFO] - Step 15: Click the "Save" button to finalize adding the new employee

26-12-2024T18:50:32 - [TEST_STEP][PASSED] - click(findTestObject("Object Repository/Employee-Onboarding/Page_OrangeHRM/button_Save")): Object: 'Object Repository/Employee-Onboarding/Page_OrangeHRM/button_Save' is clicked on

26-12-2024T18:50:32 - [MESSAGE][PASSED] - Object: 'Object Repository/Employee-Onboarding/Page_OrangeHRM/button_Save' is clicked on

26-12-2024T18:50:32 - [TEST_STEP][PASSED] - delay(2): Delayed 2 second(s)

26-12-2024T18:50:34 - [MESSAGE][PASSED] - Delayed 2 second(s)]]></system-out>
         <system-err><![CDATA[]]></system-err>
      </testcase>
      <testcase name="Test Cases/Employee_Onboarding/TC_Employee_Onboarding" time="11.271" classname="Test Cases/Employee_Onboarding/TC_Employee_Onboarding" status="PASSED">
         <system-out><![CDATA[26-12-2024T18:50:34 - [TEST_CASE][PASSED] - Test Cases/Employee_Onboarding/TC_Employee_Onboarding: Test Cases/Employee_Onboarding/TC_Employee_Onboarding

26-12-2024T18:50:34 - [TEST_STEP][PASSED] - comment("Step 1: Click on the PIM module link"): Step 1: Click on the PIM module link

26-12-2024T18:50:34 - [MESSAGE][INFO] - Step 1: Click on the PIM module link

26-12-2024T18:50:34 - [TEST_STEP][PASSED] - click(findTestObject("Object Repository/Employee-Onboarding/Page_OrangeHRM/a_PIM")): Object: 'Object Repository/Employee-Onboarding/Page_OrangeHRM/a_PIM' is clicked on

26-12-2024T18:50:36 - [MESSAGE][PASSED] - Object: 'Object Repository/Employee-Onboarding/Page_OrangeHRM/a_PIM' is clicked on

26-12-2024T18:50:36 - [TEST_STEP][PASSED] - comment("Step 2: Click the "Add" button to add a new employee"): Step 2: Click the "Add" button to add a new employee

26-12-2024T18:50:36 - [MESSAGE][INFO] - Step 2: Click the "Add" button to add a new employee

26-12-2024T18:50:36 - [TEST_STEP][PASSED] - click(findTestObject("Object Repository/Employee-Onboarding/Page_OrangeHRM/button_Add")): Object: 'Object Repository/Employee-Onboarding/Page_OrangeHRM/button_Add' is clicked on

26-12-2024T18:50:38 - [MESSAGE][PASSED] - Object: 'Object Repository/Employee-Onboarding/Page_OrangeHRM/button_Add' is clicked on

26-12-2024T18:50:38 - [TEST_STEP][PASSED] - comment("Step 3: Focus on the "First Name" input field"): Step 3: Focus on the "First Name" input field

26-12-2024T18:50:38 - [MESSAGE][INFO] - Step 3: Focus on the "First Name" input field

26-12-2024T18:50:38 - [TEST_STEP][PASSED] - click(findTestObject("Object Repository/Employee-Onboarding/Page_OrangeHRM/input_Employee Full Name_firstName")): Object: 'Object Repository/Employee-Onboarding/Page_OrangeHRM/input_Employee Full Name_firstName' is clicked on

26-12-2024T18:50:39 - [MESSAGE][PASSED] - Object: 'Object Repository/Employee-Onboarding/Page_OrangeHRM/input_Employee Full Name_firstName' is clicked on

26-12-2024T18:50:39 - [TEST_STEP][PASSED] - comment("Step 4: Enter the employee's first name"): Step 4: Enter the employee's first name

26-12-2024T18:50:39 - [MESSAGE][INFO] - Step 4: Enter the employee's first name

26-12-2024T18:50:39 - [TEST_STEP][PASSED] - setText(findTestObject("Object Repository/Employee-Onboarding/Page_OrangeHRM/input_Employee Full Name_firstName"), Firstname): Text 'Connie' is set on object 'Object Repository/Employee-Onboarding/Page_OrangeHRM/input_Employee Full Name_firstName'

26-12-2024T18:50:40 - [MESSAGE][PASSED] - Text 'Connie' is set on object 'Object Repository/Employee-Onboarding/Page_OrangeHRM/input_Employee Full Name_firstName'

26-12-2024T18:50:40 - [TEST_STEP][PASSED] - comment("Step 5: Enter the employee's last name"): Step 5: Enter the employee's last name

26-12-2024T18:50:40 - [MESSAGE][INFO] - Step 5: Enter the employee's last name

26-12-2024T18:50:40 - [TEST_STEP][PASSED] - setText(findTestObject("Object Repository/Employee-Onboarding/Page_OrangeHRM/input_Employee Full Name_lastName"), Lastname): Text 'Jones' is set on object 'Object Repository/Employee-Onboarding/Page_OrangeHRM/input_Employee Full Name_lastName'

26-12-2024T18:50:40 - [MESSAGE][PASSED] - Text 'Jones' is set on object 'Object Repository/Employee-Onboarding/Page_OrangeHRM/input_Employee Full Name_lastName'

26-12-2024T18:50:40 - [TEST_STEP][PASSED] - comment("Step 6: Clear the default value in the "Employee ID" field"): Step 6: Clear the default value in the "Employee ID" field

26-12-2024T18:50:40 - [MESSAGE][INFO] - Step 6: Clear the default value in the "Employee ID" field

26-12-2024T18:50:40 - [TEST_STEP][PASSED] - clearText(findTestObject("Object Repository/Employee-Onboarding/Page_OrangeHRM/input_Employee Id_oxd-input oxd-input--focus")): Text of object 'Object Repository/Employee-Onboarding/Page_OrangeHRM/input_Employee Id_oxd-input oxd-input--focus' is cleared

26-12-2024T18:50:41 - [MESSAGE][PASSED] - Text of object 'Object Repository/Employee-Onboarding/Page_OrangeHRM/input_Employee Id_oxd-input oxd-input--focus' is cleared

26-12-2024T18:50:41 - [TEST_STEP][PASSED] - comment("Step 7: Set the employee ID field with a new value"): Step 7: Set the employee ID field with a new value

26-12-2024T18:50:41 - [MESSAGE][INFO] - Step 7: Set the employee ID field with a new value

26-12-2024T18:50:41 - [TEST_STEP][PASSED] - setText(findTestObject("Object Repository/Employee-Onboarding/Page_OrangeHRM/input_Employee Id_oxd-input oxd-input--focus"), ""): Text '' is set on object 'Object Repository/Employee-Onboarding/Page_OrangeHRM/input_Employee Id_oxd-input oxd-input--focus'

26-12-2024T18:50:41 - [MESSAGE][PASSED] - Text '' is set on object 'Object Repository/Employee-Onboarding/Page_OrangeHRM/input_Employee Id_oxd-input oxd-input--focus'

26-12-2024T18:50:41 - [TEST_STEP][PASSED] - comment("Step 8: Toggle the switch related to the Employee ID"): Step 8: Toggle the switch related to the Employee ID

26-12-2024T18:50:41 - [MESSAGE][INFO] - Step 8: Toggle the switch related to the Employee ID

26-12-2024T18:50:41 - [TEST_STEP][PASSED] - click(findTestObject("Object Repository/Employee-Onboarding/Page_OrangeHRM/span_Employee Id_oxd-switch-input oxd-switc_efe210")): Object: 'Object Repository/Employee-Onboarding/Page_OrangeHRM/span_Employee Id_oxd-switch-input oxd-switc_efe210' is clicked on

26-12-2024T18:50:41 - [MESSAGE][PASSED] - Object: 'Object Repository/Employee-Onboarding/Page_OrangeHRM/span_Employee Id_oxd-switch-input oxd-switc_efe210' is clicked on

26-12-2024T18:50:41 - [TEST_STEP][PASSED] - comment("Step 9: Retrieve the entered first name and convert it to lowercase"): Step 9: Retrieve the entered first name and convert it to lowercase

26-12-2024T18:50:41 - [MESSAGE][INFO] - Step 9: Retrieve the entered first name and convert it to lowercase

26-12-2024T18:50:41 - [TEST_STEP][PASSED] - firstname = getAttribute(findTestObject("Object Repository/Employee-Onboarding/Page_OrangeHRM/input_Employee Full Name_firstName"), "value").toLowerCase(): Attribute 'value' of object 'Object Repository/Employee-Onboarding/Page_OrangeHRM/input_Employee Full Name_firstName' is: 'Connie'

26-12-2024T18:50:42 - [MESSAGE][PASSED] - Attribute 'value' of object 'Object Repository/Employee-Onboarding/Page_OrangeHRM/input_Employee Full Name_firstName' is: 'Connie'

26-12-2024T18:50:42 - [TEST_STEP][PASSED] - comment("Step 10: Retrieve the entered last name and convert it to lowercase"): Step 10: Retrieve the entered last name and convert it to lowercase

26-12-2024T18:50:42 - [MESSAGE][INFO] - Step 10: Retrieve the entered last name and convert it to lowercase

26-12-2024T18:50:42 - [TEST_STEP][PASSED] - lastname = getAttribute(findTestObject("Object Repository/Employee-Onboarding/Page_OrangeHRM/input_Employee Full Name_lastName"), "value").toLowerCase(): Attribute 'value' of object 'Object Repository/Employee-Onboarding/Page_OrangeHRM/input_Employee Full Name_lastName' is: 'Jones'

26-12-2024T18:50:42 - [MESSAGE][PASSED] - Attribute 'value' of object 'Object Repository/Employee-Onboarding/Page_OrangeHRM/input_Employee Full Name_lastName' is: 'Jones'

26-12-2024T18:50:42 - [TEST_STEP][PASSED] - comment("Step 11: Concatenate the first and last names to generate a username"): Step 11: Concatenate the first and last names to generate a username

26-12-2024T18:50:42 - [MESSAGE][INFO] - Step 11: Concatenate the first and last names to generate a username

26-12-2024T18:50:42 - [TEST_STEP][PASSED] - username = firstname + "." + lastname: null

26-12-2024T18:50:42 - [TEST_STEP][PASSED] - comment("Step 12: Set the username field with the generated username"): Step 12: Set the username field with the generated username

26-12-2024T18:50:42 - [MESSAGE][INFO] - Step 12: Set the username field with the generated username

26-12-2024T18:50:42 - [TEST_STEP][PASSED] - setText(findTestObject("Object Repository/Employee-Onboarding/Page_OrangeHRM/input_Username_oxd-input oxd-input--focus"), username): Text 'connie.jones' is set on object 'Object Repository/Employee-Onboarding/Page_OrangeHRM/input_Username_oxd-input oxd-input--focus'

26-12-2024T18:50:42 - [MESSAGE][PASSED] - Text 'connie.jones' is set on object 'Object Repository/Employee-Onboarding/Page_OrangeHRM/input_Username_oxd-input oxd-input--focus'

26-12-2024T18:50:42 - [TEST_STEP][PASSED] - comment("Step 13: Enter an encrypted password into the password field"): Step 13: Enter an encrypted password into the password field

26-12-2024T18:50:42 - [MESSAGE][INFO] - Step 13: Enter an encrypted password into the password field

26-12-2024T18:50:42 - [TEST_STEP][PASSED] - setEncryptedText(findTestObject("Object Repository/Employee-Onboarding/Page_OrangeHRM/input_Password_oxd-input oxd-input--active"), EmployeePassword): Text ****** has been set on object 'Object Repository/Employee-Onboarding/Page_OrangeHRM/input_Password_oxd-input oxd-input--active'

26-12-2024T18:50:43 - [MESSAGE][PASSED] - Text ****** has been set on object 'Object Repository/Employee-Onboarding/Page_OrangeHRM/input_Password_oxd-input oxd-input--active'

26-12-2024T18:50:43 - [TEST_STEP][PASSED] - comment("Step 14: Enter an encrypted password into the confirm password field"): Step 14: Enter an encrypted password into the confirm password field

26-12-2024T18:50:43 - [MESSAGE][INFO] - Step 14: Enter an encrypted password into the confirm password field

26-12-2024T18:50:43 - [TEST_STEP][PASSED] - setEncryptedText(findTestObject("Object Repository/Employee-Onboarding/Page_OrangeHRM/input_Confirm Password_oxd-input oxd-input-_a3aecb"), EmployeePassword): Text ****** has been set on object 'Object Repository/Employee-Onboarding/Page_OrangeHRM/input_Confirm Password_oxd-input oxd-input-_a3aecb'

26-12-2024T18:50:43 - [MESSAGE][PASSED] - Text ****** has been set on object 'Object Repository/Employee-Onboarding/Page_OrangeHRM/input_Confirm Password_oxd-input oxd-input-_a3aecb'

26-12-2024T18:50:43 - [TEST_STEP][PASSED] - comment("Step 15: Click the "Save" button to finalize adding the new employee"): Step 15: Click the "Save" button to finalize adding the new employee

26-12-2024T18:50:43 - [MESSAGE][INFO] - Step 15: Click the "Save" button to finalize adding the new employee

26-12-2024T18:50:43 - [TEST_STEP][PASSED] - click(findTestObject("Object Repository/Employee-Onboarding/Page_OrangeHRM/button_Save")): Object: 'Object Repository/Employee-Onboarding/Page_OrangeHRM/button_Save' is clicked on

26-12-2024T18:50:43 - [MESSAGE][PASSED] - Object: 'Object Repository/Employee-Onboarding/Page_OrangeHRM/button_Save' is clicked on

26-12-2024T18:50:43 - [TEST_STEP][PASSED] - delay(2): Delayed 2 second(s)

26-12-2024T18:50:45 - [MESSAGE][PASSED] - Delayed 2 second(s)]]></system-out>
         <system-err><![CDATA[]]></system-err>
      </testcase>
      <testcase name="Test Cases/Employee_Onboarding/TC_Employee_Onboarding" time="11.436" classname="Test Cases/Employee_Onboarding/TC_Employee_Onboarding" status="PASSED">
         <system-out><![CDATA[26-12-2024T18:50:45 - [TEST_CASE][PASSED] - Test Cases/Employee_Onboarding/TC_Employee_Onboarding: Test Cases/Employee_Onboarding/TC_Employee_Onboarding

26-12-2024T18:50:45 - [TEST_STEP][PASSED] - comment("Step 1: Click on the PIM module link"): Step 1: Click on the PIM module link

26-12-2024T18:50:45 - [MESSAGE][INFO] - Step 1: Click on the PIM module link

26-12-2024T18:50:45 - [TEST_STEP][PASSED] - click(findTestObject("Object Repository/Employee-Onboarding/Page_OrangeHRM/a_PIM")): Object: 'Object Repository/Employee-Onboarding/Page_OrangeHRM/a_PIM' is clicked on

26-12-2024T18:50:47 - [MESSAGE][PASSED] - Object: 'Object Repository/Employee-Onboarding/Page_OrangeHRM/a_PIM' is clicked on

26-12-2024T18:50:47 - [TEST_STEP][PASSED] - comment("Step 2: Click the "Add" button to add a new employee"): Step 2: Click the "Add" button to add a new employee

26-12-2024T18:50:47 - [MESSAGE][INFO] - Step 2: Click the "Add" button to add a new employee

26-12-2024T18:50:47 - [TEST_STEP][PASSED] - click(findTestObject("Object Repository/Employee-Onboarding/Page_OrangeHRM/button_Add")): Object: 'Object Repository/Employee-Onboarding/Page_OrangeHRM/button_Add' is clicked on

26-12-2024T18:50:49 - [MESSAGE][PASSED] - Object: 'Object Repository/Employee-Onboarding/Page_OrangeHRM/button_Add' is clicked on

26-12-2024T18:50:49 - [TEST_STEP][PASSED] - comment("Step 3: Focus on the "First Name" input field"): Step 3: Focus on the "First Name" input field

26-12-2024T18:50:49 - [MESSAGE][INFO] - Step 3: Focus on the "First Name" input field

26-12-2024T18:50:49 - [TEST_STEP][PASSED] - click(findTestObject("Object Repository/Employee-Onboarding/Page_OrangeHRM/input_Employee Full Name_firstName")): Object: 'Object Repository/Employee-Onboarding/Page_OrangeHRM/input_Employee Full Name_firstName' is clicked on

26-12-2024T18:50:51 - [MESSAGE][PASSED] - Object: 'Object Repository/Employee-Onboarding/Page_OrangeHRM/input_Employee Full Name_firstName' is clicked on

26-12-2024T18:50:51 - [TEST_STEP][PASSED] - comment("Step 4: Enter the employee's first name"): Step 4: Enter the employee's first name

26-12-2024T18:50:51 - [MESSAGE][INFO] - Step 4: Enter the employee's first name

26-12-2024T18:50:51 - [TEST_STEP][PASSED] - setText(findTestObject("Object Repository/Employee-Onboarding/Page_OrangeHRM/input_Employee Full Name_firstName"), Firstname): Text 'Victor' is set on object 'Object Repository/Employee-Onboarding/Page_OrangeHRM/input_Employee Full Name_firstName'

26-12-2024T18:50:51 - [MESSAGE][PASSED] - Text 'Victor' is set on object 'Object Repository/Employee-Onboarding/Page_OrangeHRM/input_Employee Full Name_firstName'

26-12-2024T18:50:51 - [TEST_STEP][PASSED] - comment("Step 5: Enter the employee's last name"): Step 5: Enter the employee's last name

26-12-2024T18:50:51 - [MESSAGE][INFO] - Step 5: Enter the employee's last name

26-12-2024T18:50:51 - [TEST_STEP][PASSED] - setText(findTestObject("Object Repository/Employee-Onboarding/Page_OrangeHRM/input_Employee Full Name_lastName"), Lastname): Text 'Shelton' is set on object 'Object Repository/Employee-Onboarding/Page_OrangeHRM/input_Employee Full Name_lastName'

26-12-2024T18:50:52 - [MESSAGE][PASSED] - Text 'Shelton' is set on object 'Object Repository/Employee-Onboarding/Page_OrangeHRM/input_Employee Full Name_lastName'

26-12-2024T18:50:52 - [TEST_STEP][PASSED] - comment("Step 6: Clear the default value in the "Employee ID" field"): Step 6: Clear the default value in the "Employee ID" field

26-12-2024T18:50:52 - [MESSAGE][INFO] - Step 6: Clear the default value in the "Employee ID" field

26-12-2024T18:50:52 - [TEST_STEP][PASSED] - clearText(findTestObject("Object Repository/Employee-Onboarding/Page_OrangeHRM/input_Employee Id_oxd-input oxd-input--focus")): Text of object 'Object Repository/Employee-Onboarding/Page_OrangeHRM/input_Employee Id_oxd-input oxd-input--focus' is cleared

26-12-2024T18:50:52 - [MESSAGE][PASSED] - Text of object 'Object Repository/Employee-Onboarding/Page_OrangeHRM/input_Employee Id_oxd-input oxd-input--focus' is cleared

26-12-2024T18:50:52 - [TEST_STEP][PASSED] - comment("Step 7: Set the employee ID field with a new value"): Step 7: Set the employee ID field with a new value

26-12-2024T18:50:52 - [MESSAGE][INFO] - Step 7: Set the employee ID field with a new value

26-12-2024T18:50:52 - [TEST_STEP][PASSED] - setText(findTestObject("Object Repository/Employee-Onboarding/Page_OrangeHRM/input_Employee Id_oxd-input oxd-input--focus"), ""): Text '' is set on object 'Object Repository/Employee-Onboarding/Page_OrangeHRM/input_Employee Id_oxd-input oxd-input--focus'

26-12-2024T18:50:52 - [MESSAGE][PASSED] - Text '' is set on object 'Object Repository/Employee-Onboarding/Page_OrangeHRM/input_Employee Id_oxd-input oxd-input--focus'

26-12-2024T18:50:52 - [TEST_STEP][PASSED] - comment("Step 8: Toggle the switch related to the Employee ID"): Step 8: Toggle the switch related to the Employee ID

26-12-2024T18:50:52 - [MESSAGE][INFO] - Step 8: Toggle the switch related to the Employee ID

26-12-2024T18:50:52 - [TEST_STEP][PASSED] - click(findTestObject("Object Repository/Employee-Onboarding/Page_OrangeHRM/span_Employee Id_oxd-switch-input oxd-switc_efe210")): Object: 'Object Repository/Employee-Onboarding/Page_OrangeHRM/span_Employee Id_oxd-switch-input oxd-switc_efe210' is clicked on

26-12-2024T18:50:53 - [MESSAGE][PASSED] - Object: 'Object Repository/Employee-Onboarding/Page_OrangeHRM/span_Employee Id_oxd-switch-input oxd-switc_efe210' is clicked on

26-12-2024T18:50:53 - [TEST_STEP][PASSED] - comment("Step 9: Retrieve the entered first name and convert it to lowercase"): Step 9: Retrieve the entered first name and convert it to lowercase

26-12-2024T18:50:53 - [MESSAGE][INFO] - Step 9: Retrieve the entered first name and convert it to lowercase

26-12-2024T18:50:53 - [TEST_STEP][PASSED] - firstname = getAttribute(findTestObject("Object Repository/Employee-Onboarding/Page_OrangeHRM/input_Employee Full Name_firstName"), "value").toLowerCase(): Attribute 'value' of object 'Object Repository/Employee-Onboarding/Page_OrangeHRM/input_Employee Full Name_firstName' is: 'Victor'

26-12-2024T18:50:53 - [MESSAGE][PASSED] - Attribute 'value' of object 'Object Repository/Employee-Onboarding/Page_OrangeHRM/input_Employee Full Name_firstName' is: 'Victor'

26-12-2024T18:50:53 - [TEST_STEP][PASSED] - comment("Step 10: Retrieve the entered last name and convert it to lowercase"): Step 10: Retrieve the entered last name and convert it to lowercase

26-12-2024T18:50:53 - [MESSAGE][INFO] - Step 10: Retrieve the entered last name and convert it to lowercase

26-12-2024T18:50:53 - [TEST_STEP][PASSED] - lastname = getAttribute(findTestObject("Object Repository/Employee-Onboarding/Page_OrangeHRM/input_Employee Full Name_lastName"), "value").toLowerCase(): Attribute 'value' of object 'Object Repository/Employee-Onboarding/Page_OrangeHRM/input_Employee Full Name_lastName' is: 'Shelton'

26-12-2024T18:50:53 - [MESSAGE][PASSED] - Attribute 'value' of object 'Object Repository/Employee-Onboarding/Page_OrangeHRM/input_Employee Full Name_lastName' is: 'Shelton'

26-12-2024T18:50:53 - [TEST_STEP][PASSED] - comment("Step 11: Concatenate the first and last names to generate a username"): Step 11: Concatenate the first and last names to generate a username

26-12-2024T18:50:53 - [MESSAGE][INFO] - Step 11: Concatenate the first and last names to generate a username

26-12-2024T18:50:53 - [TEST_STEP][PASSED] - username = firstname + "." + lastname: null

26-12-2024T18:50:53 - [TEST_STEP][PASSED] - comment("Step 12: Set the username field with the generated username"): Step 12: Set the username field with the generated username

26-12-2024T18:50:53 - [MESSAGE][INFO] - Step 12: Set the username field with the generated username

26-12-2024T18:50:53 - [TEST_STEP][PASSED] - setText(findTestObject("Object Repository/Employee-Onboarding/Page_OrangeHRM/input_Username_oxd-input oxd-input--focus"), username): Text 'victor.shelton' is set on object 'Object Repository/Employee-Onboarding/Page_OrangeHRM/input_Username_oxd-input oxd-input--focus'

26-12-2024T18:50:54 - [MESSAGE][PASSED] - Text 'victor.shelton' is set on object 'Object Repository/Employee-Onboarding/Page_OrangeHRM/input_Username_oxd-input oxd-input--focus'

26-12-2024T18:50:54 - [TEST_STEP][PASSED] - comment("Step 13: Enter an encrypted password into the password field"): Step 13: Enter an encrypted password into the password field

26-12-2024T18:50:54 - [MESSAGE][INFO] - Step 13: Enter an encrypted password into the password field

26-12-2024T18:50:54 - [TEST_STEP][PASSED] - setEncryptedText(findTestObject("Object Repository/Employee-Onboarding/Page_OrangeHRM/input_Password_oxd-input oxd-input--active"), EmployeePassword): Text ****** has been set on object 'Object Repository/Employee-Onboarding/Page_OrangeHRM/input_Password_oxd-input oxd-input--active'

26-12-2024T18:50:54 - [MESSAGE][PASSED] - Text ****** has been set on object 'Object Repository/Employee-Onboarding/Page_OrangeHRM/input_Password_oxd-input oxd-input--active'

26-12-2024T18:50:54 - [TEST_STEP][PASSED] - comment("Step 14: Enter an encrypted password into the confirm password field"): Step 14: Enter an encrypted password into the confirm password field

26-12-2024T18:50:54 - [MESSAGE][INFO] - Step 14: Enter an encrypted password into the confirm password field

26-12-2024T18:50:54 - [TEST_STEP][PASSED] - setEncryptedText(findTestObject("Object Repository/Employee-Onboarding/Page_OrangeHRM/input_Confirm Password_oxd-input oxd-input-_a3aecb"), EmployeePassword): Text ****** has been set on object 'Object Repository/Employee-Onboarding/Page_OrangeHRM/input_Confirm Password_oxd-input oxd-input-_a3aecb'

26-12-2024T18:50:55 - [MESSAGE][PASSED] - Text ****** has been set on object 'Object Repository/Employee-Onboarding/Page_OrangeHRM/input_Confirm Password_oxd-input oxd-input-_a3aecb'

26-12-2024T18:50:55 - [TEST_STEP][PASSED] - comment("Step 15: Click the "Save" button to finalize adding the new employee"): Step 15: Click the "Save" button to finalize adding the new employee

26-12-2024T18:50:55 - [MESSAGE][INFO] - Step 15: Click the "Save" button to finalize adding the new employee

26-12-2024T18:50:55 - [TEST_STEP][PASSED] - click(findTestObject("Object Repository/Employee-Onboarding/Page_OrangeHRM/button_Save")): Object: 'Object Repository/Employee-Onboarding/Page_OrangeHRM/button_Save' is clicked on

26-12-2024T18:50:55 - [MESSAGE][PASSED] - Object: 'Object Repository/Employee-Onboarding/Page_OrangeHRM/button_Save' is clicked on

26-12-2024T18:50:55 - [TEST_STEP][PASSED] - delay(2): Delayed 2 second(s)

26-12-2024T18:50:57 - [MESSAGE][PASSED] - Delayed 2 second(s)]]></system-out>
         <system-err><![CDATA[]]></system-err>
      </testcase>
      <testcase name="Test Cases/Employee_Onboarding/TC_Employee_Onboarding" time="11.698" classname="Test Cases/Employee_Onboarding/TC_Employee_Onboarding" status="PASSED">
         <system-out><![CDATA[26-12-2024T18:50:57 - [TEST_CASE][PASSED] - Test Cases/Employee_Onboarding/TC_Employee_Onboarding: Test Cases/Employee_Onboarding/TC_Employee_Onboarding

26-12-2024T18:50:57 - [TEST_STEP][PASSED] - comment("Step 1: Click on the PIM module link"): Step 1: Click on the PIM module link

26-12-2024T18:50:57 - [MESSAGE][INFO] - Step 1: Click on the PIM module link

26-12-2024T18:50:57 - [TEST_STEP][PASSED] - click(findTestObject("Object Repository/Employee-Onboarding/Page_OrangeHRM/a_PIM")): Object: 'Object Repository/Employee-Onboarding/Page_OrangeHRM/a_PIM' is clicked on

26-12-2024T18:50:58 - [MESSAGE][PASSED] - Object: 'Object Repository/Employee-Onboarding/Page_OrangeHRM/a_PIM' is clicked on

26-12-2024T18:50:58 - [TEST_STEP][PASSED] - comment("Step 2: Click the "Add" button to add a new employee"): Step 2: Click the "Add" button to add a new employee

26-12-2024T18:50:58 - [MESSAGE][INFO] - Step 2: Click the "Add" button to add a new employee

26-12-2024T18:50:58 - [TEST_STEP][PASSED] - click(findTestObject("Object Repository/Employee-Onboarding/Page_OrangeHRM/button_Add")): Object: 'Object Repository/Employee-Onboarding/Page_OrangeHRM/button_Add' is clicked on

26-12-2024T18:51:01 - [MESSAGE][PASSED] - Object: 'Object Repository/Employee-Onboarding/Page_OrangeHRM/button_Add' is clicked on

26-12-2024T18:51:01 - [TEST_STEP][PASSED] - comment("Step 3: Focus on the "First Name" input field"): Step 3: Focus on the "First Name" input field

26-12-2024T18:51:01 - [MESSAGE][INFO] - Step 3: Focus on the "First Name" input field

26-12-2024T18:51:01 - [TEST_STEP][PASSED] - click(findTestObject("Object Repository/Employee-Onboarding/Page_OrangeHRM/input_Employee Full Name_firstName")): Object: 'Object Repository/Employee-Onboarding/Page_OrangeHRM/input_Employee Full Name_firstName' is clicked on

26-12-2024T18:51:03 - [MESSAGE][PASSED] - Object: 'Object Repository/Employee-Onboarding/Page_OrangeHRM/input_Employee Full Name_firstName' is clicked on

26-12-2024T18:51:03 - [TEST_STEP][PASSED] - comment("Step 4: Enter the employee's first name"): Step 4: Enter the employee's first name

26-12-2024T18:51:03 - [MESSAGE][INFO] - Step 4: Enter the employee's first name

26-12-2024T18:51:03 - [TEST_STEP][PASSED] - setText(findTestObject("Object Repository/Employee-Onboarding/Page_OrangeHRM/input_Employee Full Name_firstName"), Firstname): Text 'Angela' is set on object 'Object Repository/Employee-Onboarding/Page_OrangeHRM/input_Employee Full Name_firstName'

26-12-2024T18:51:03 - [MESSAGE][PASSED] - Text 'Angela' is set on object 'Object Repository/Employee-Onboarding/Page_OrangeHRM/input_Employee Full Name_firstName'

26-12-2024T18:51:03 - [TEST_STEP][PASSED] - comment("Step 5: Enter the employee's last name"): Step 5: Enter the employee's last name

26-12-2024T18:51:03 - [MESSAGE][INFO] - Step 5: Enter the employee's last name

26-12-2024T18:51:03 - [TEST_STEP][PASSED] - setText(findTestObject("Object Repository/Employee-Onboarding/Page_OrangeHRM/input_Employee Full Name_lastName"), Lastname): Text 'King' is set on object 'Object Repository/Employee-Onboarding/Page_OrangeHRM/input_Employee Full Name_lastName'

26-12-2024T18:51:03 - [MESSAGE][PASSED] - Text 'King' is set on object 'Object Repository/Employee-Onboarding/Page_OrangeHRM/input_Employee Full Name_lastName'

26-12-2024T18:51:03 - [TEST_STEP][PASSED] - comment("Step 6: Clear the default value in the "Employee ID" field"): Step 6: Clear the default value in the "Employee ID" field

26-12-2024T18:51:03 - [MESSAGE][INFO] - Step 6: Clear the default value in the "Employee ID" field

26-12-2024T18:51:03 - [TEST_STEP][PASSED] - clearText(findTestObject("Object Repository/Employee-Onboarding/Page_OrangeHRM/input_Employee Id_oxd-input oxd-input--focus")): Text of object 'Object Repository/Employee-Onboarding/Page_OrangeHRM/input_Employee Id_oxd-input oxd-input--focus' is cleared

26-12-2024T18:51:04 - [MESSAGE][PASSED] - Text of object 'Object Repository/Employee-Onboarding/Page_OrangeHRM/input_Employee Id_oxd-input oxd-input--focus' is cleared

26-12-2024T18:51:04 - [TEST_STEP][PASSED] - comment("Step 7: Set the employee ID field with a new value"): Step 7: Set the employee ID field with a new value

26-12-2024T18:51:04 - [MESSAGE][INFO] - Step 7: Set the employee ID field with a new value

26-12-2024T18:51:04 - [TEST_STEP][PASSED] - setText(findTestObject("Object Repository/Employee-Onboarding/Page_OrangeHRM/input_Employee Id_oxd-input oxd-input--focus"), ""): Text '' is set on object 'Object Repository/Employee-Onboarding/Page_OrangeHRM/input_Employee Id_oxd-input oxd-input--focus'

26-12-2024T18:51:04 - [MESSAGE][PASSED] - Text '' is set on object 'Object Repository/Employee-Onboarding/Page_OrangeHRM/input_Employee Id_oxd-input oxd-input--focus'

26-12-2024T18:51:04 - [TEST_STEP][PASSED] - comment("Step 8: Toggle the switch related to the Employee ID"): Step 8: Toggle the switch related to the Employee ID

26-12-2024T18:51:04 - [MESSAGE][INFO] - Step 8: Toggle the switch related to the Employee ID

26-12-2024T18:51:04 - [TEST_STEP][PASSED] - click(findTestObject("Object Repository/Employee-Onboarding/Page_OrangeHRM/span_Employee Id_oxd-switch-input oxd-switc_efe210")): Object: 'Object Repository/Employee-Onboarding/Page_OrangeHRM/span_Employee Id_oxd-switch-input oxd-switc_efe210' is clicked on

26-12-2024T18:51:04 - [MESSAGE][PASSED] - Object: 'Object Repository/Employee-Onboarding/Page_OrangeHRM/span_Employee Id_oxd-switch-input oxd-switc_efe210' is clicked on

26-12-2024T18:51:04 - [TEST_STEP][PASSED] - comment("Step 9: Retrieve the entered first name and convert it to lowercase"): Step 9: Retrieve the entered first name and convert it to lowercase

26-12-2024T18:51:04 - [MESSAGE][INFO] - Step 9: Retrieve the entered first name and convert it to lowercase

26-12-2024T18:51:04 - [TEST_STEP][PASSED] - firstname = getAttribute(findTestObject("Object Repository/Employee-Onboarding/Page_OrangeHRM/input_Employee Full Name_firstName"), "value").toLowerCase(): Attribute 'value' of object 'Object Repository/Employee-Onboarding/Page_OrangeHRM/input_Employee Full Name_firstName' is: 'Angela'

26-12-2024T18:51:05 - [MESSAGE][PASSED] - Attribute 'value' of object 'Object Repository/Employee-Onboarding/Page_OrangeHRM/input_Employee Full Name_firstName' is: 'Angela'

26-12-2024T18:51:05 - [TEST_STEP][PASSED] - comment("Step 10: Retrieve the entered last name and convert it to lowercase"): Step 10: Retrieve the entered last name and convert it to lowercase

26-12-2024T18:51:05 - [MESSAGE][INFO] - Step 10: Retrieve the entered last name and convert it to lowercase

26-12-2024T18:51:05 - [TEST_STEP][PASSED] - lastname = getAttribute(findTestObject("Object Repository/Employee-Onboarding/Page_OrangeHRM/input_Employee Full Name_lastName"), "value").toLowerCase(): Attribute 'value' of object 'Object Repository/Employee-Onboarding/Page_OrangeHRM/input_Employee Full Name_lastName' is: 'King'

26-12-2024T18:51:05 - [MESSAGE][PASSED] - Attribute 'value' of object 'Object Repository/Employee-Onboarding/Page_OrangeHRM/input_Employee Full Name_lastName' is: 'King'

26-12-2024T18:51:05 - [TEST_STEP][PASSED] - comment("Step 11: Concatenate the first and last names to generate a username"): Step 11: Concatenate the first and last names to generate a username

26-12-2024T18:51:05 - [MESSAGE][INFO] - Step 11: Concatenate the first and last names to generate a username

26-12-2024T18:51:05 - [TEST_STEP][PASSED] - username = firstname + "." + lastname: null

26-12-2024T18:51:05 - [TEST_STEP][PASSED] - comment("Step 12: Set the username field with the generated username"): Step 12: Set the username field with the generated username

26-12-2024T18:51:05 - [MESSAGE][INFO] - Step 12: Set the username field with the generated username

26-12-2024T18:51:05 - [TEST_STEP][PASSED] - setText(findTestObject("Object Repository/Employee-Onboarding/Page_OrangeHRM/input_Username_oxd-input oxd-input--focus"), username): Text 'angela.king' is set on object 'Object Repository/Employee-Onboarding/Page_OrangeHRM/input_Username_oxd-input oxd-input--focus'

26-12-2024T18:51:06 - [MESSAGE][PASSED] - Text 'angela.king' is set on object 'Object Repository/Employee-Onboarding/Page_OrangeHRM/input_Username_oxd-input oxd-input--focus'

26-12-2024T18:51:06 - [TEST_STEP][PASSED] - comment("Step 13: Enter an encrypted password into the password field"): Step 13: Enter an encrypted password into the password field

26-12-2024T18:51:06 - [MESSAGE][INFO] - Step 13: Enter an encrypted password into the password field

26-12-2024T18:51:06 - [TEST_STEP][PASSED] - setEncryptedText(findTestObject("Object Repository/Employee-Onboarding/Page_OrangeHRM/input_Password_oxd-input oxd-input--active"), EmployeePassword): Text ****** has been set on object 'Object Repository/Employee-Onboarding/Page_OrangeHRM/input_Password_oxd-input oxd-input--active'

26-12-2024T18:51:06 - [MESSAGE][PASSED] - Text ****** has been set on object 'Object Repository/Employee-Onboarding/Page_OrangeHRM/input_Password_oxd-input oxd-input--active'

26-12-2024T18:51:06 - [TEST_STEP][PASSED] - comment("Step 14: Enter an encrypted password into the confirm password field"): Step 14: Enter an encrypted password into the confirm password field

26-12-2024T18:51:06 - [MESSAGE][INFO] - Step 14: Enter an encrypted password into the confirm password field

26-12-2024T18:51:06 - [TEST_STEP][PASSED] - setEncryptedText(findTestObject("Object Repository/Employee-Onboarding/Page_OrangeHRM/input_Confirm Password_oxd-input oxd-input-_a3aecb"), EmployeePassword): Text ****** has been set on object 'Object Repository/Employee-Onboarding/Page_OrangeHRM/input_Confirm Password_oxd-input oxd-input-_a3aecb'

26-12-2024T18:51:06 - [MESSAGE][PASSED] - Text ****** has been set on object 'Object Repository/Employee-Onboarding/Page_OrangeHRM/input_Confirm Password_oxd-input oxd-input-_a3aecb'

26-12-2024T18:51:06 - [TEST_STEP][PASSED] - comment("Step 15: Click the "Save" button to finalize adding the new employee"): Step 15: Click the "Save" button to finalize adding the new employee

26-12-2024T18:51:06 - [MESSAGE][INFO] - Step 15: Click the "Save" button to finalize adding the new employee

26-12-2024T18:51:06 - [TEST_STEP][PASSED] - click(findTestObject("Object Repository/Employee-Onboarding/Page_OrangeHRM/button_Save")): Object: 'Object Repository/Employee-Onboarding/Page_OrangeHRM/button_Save' is clicked on

26-12-2024T18:51:06 - [MESSAGE][PASSED] - Object: 'Object Repository/Employee-Onboarding/Page_OrangeHRM/button_Save' is clicked on

26-12-2024T18:51:06 - [TEST_STEP][PASSED] - delay(2): Delayed 2 second(s)

26-12-2024T18:51:08 - [MESSAGE][PASSED] - Delayed 2 second(s)]]></system-out>
         <system-err><![CDATA[]]></system-err>
      </testcase>
      <testcase name="Test Cases/Employee_Onboarding/TC_Employee_Onboarding" time="11.194" classname="Test Cases/Employee_Onboarding/TC_Employee_Onboarding" status="PASSED">
         <system-out><![CDATA[26-12-2024T18:51:08 - [TEST_CASE][PASSED] - Test Cases/Employee_Onboarding/TC_Employee_Onboarding: Test Cases/Employee_Onboarding/TC_Employee_Onboarding

26-12-2024T18:51:08 - [TEST_STEP][PASSED] - comment("Step 1: Click on the PIM module link"): Step 1: Click on the PIM module link

26-12-2024T18:51:08 - [MESSAGE][INFO] - Step 1: Click on the PIM module link

26-12-2024T18:51:08 - [TEST_STEP][PASSED] - click(findTestObject("Object Repository/Employee-Onboarding/Page_OrangeHRM/a_PIM")): Object: 'Object Repository/Employee-Onboarding/Page_OrangeHRM/a_PIM' is clicked on

26-12-2024T18:51:10 - [MESSAGE][PASSED] - Object: 'Object Repository/Employee-Onboarding/Page_OrangeHRM/a_PIM' is clicked on

26-12-2024T18:51:10 - [TEST_STEP][PASSED] - comment("Step 2: Click the "Add" button to add a new employee"): Step 2: Click the "Add" button to add a new employee

26-12-2024T18:51:10 - [MESSAGE][INFO] - Step 2: Click the "Add" button to add a new employee

26-12-2024T18:51:10 - [TEST_STEP][PASSED] - click(findTestObject("Object Repository/Employee-Onboarding/Page_OrangeHRM/button_Add")): Object: 'Object Repository/Employee-Onboarding/Page_OrangeHRM/button_Add' is clicked on

26-12-2024T18:51:12 - [MESSAGE][PASSED] - Object: 'Object Repository/Employee-Onboarding/Page_OrangeHRM/button_Add' is clicked on

26-12-2024T18:51:12 - [TEST_STEP][PASSED] - comment("Step 3: Focus on the "First Name" input field"): Step 3: Focus on the "First Name" input field

26-12-2024T18:51:12 - [MESSAGE][INFO] - Step 3: Focus on the "First Name" input field

26-12-2024T18:51:12 - [TEST_STEP][PASSED] - click(findTestObject("Object Repository/Employee-Onboarding/Page_OrangeHRM/input_Employee Full Name_firstName")): Object: 'Object Repository/Employee-Onboarding/Page_OrangeHRM/input_Employee Full Name_firstName' is clicked on

26-12-2024T18:51:14 - [MESSAGE][PASSED] - Object: 'Object Repository/Employee-Onboarding/Page_OrangeHRM/input_Employee Full Name_firstName' is clicked on

26-12-2024T18:51:14 - [TEST_STEP][PASSED] - comment("Step 4: Enter the employee's first name"): Step 4: Enter the employee's first name

26-12-2024T18:51:14 - [MESSAGE][INFO] - Step 4: Enter the employee's first name

26-12-2024T18:51:14 - [TEST_STEP][PASSED] - setText(findTestObject("Object Repository/Employee-Onboarding/Page_OrangeHRM/input_Employee Full Name_firstName"), Firstname): Text 'Deborah' is set on object 'Object Repository/Employee-Onboarding/Page_OrangeHRM/input_Employee Full Name_firstName'

26-12-2024T18:51:14 - [MESSAGE][PASSED] - Text 'Deborah' is set on object 'Object Repository/Employee-Onboarding/Page_OrangeHRM/input_Employee Full Name_firstName'

26-12-2024T18:51:14 - [TEST_STEP][PASSED] - comment("Step 5: Enter the employee's last name"): Step 5: Enter the employee's last name

26-12-2024T18:51:14 - [MESSAGE][INFO] - Step 5: Enter the employee's last name

26-12-2024T18:51:14 - [TEST_STEP][PASSED] - setText(findTestObject("Object Repository/Employee-Onboarding/Page_OrangeHRM/input_Employee Full Name_lastName"), Lastname): Text 'Coleman' is set on object 'Object Repository/Employee-Onboarding/Page_OrangeHRM/input_Employee Full Name_lastName'

26-12-2024T18:51:15 - [MESSAGE][PASSED] - Text 'Coleman' is set on object 'Object Repository/Employee-Onboarding/Page_OrangeHRM/input_Employee Full Name_lastName'

26-12-2024T18:51:15 - [TEST_STEP][PASSED] - comment("Step 6: Clear the default value in the "Employee ID" field"): Step 6: Clear the default value in the "Employee ID" field

26-12-2024T18:51:15 - [MESSAGE][INFO] - Step 6: Clear the default value in the "Employee ID" field

26-12-2024T18:51:15 - [TEST_STEP][PASSED] - clearText(findTestObject("Object Repository/Employee-Onboarding/Page_OrangeHRM/input_Employee Id_oxd-input oxd-input--focus")): Text of object 'Object Repository/Employee-Onboarding/Page_OrangeHRM/input_Employee Id_oxd-input oxd-input--focus' is cleared

26-12-2024T18:51:15 - [MESSAGE][PASSED] - Text of object 'Object Repository/Employee-Onboarding/Page_OrangeHRM/input_Employee Id_oxd-input oxd-input--focus' is cleared

26-12-2024T18:51:15 - [TEST_STEP][PASSED] - comment("Step 7: Set the employee ID field with a new value"): Step 7: Set the employee ID field with a new value

26-12-2024T18:51:15 - [MESSAGE][INFO] - Step 7: Set the employee ID field with a new value

26-12-2024T18:51:15 - [TEST_STEP][PASSED] - setText(findTestObject("Object Repository/Employee-Onboarding/Page_OrangeHRM/input_Employee Id_oxd-input oxd-input--focus"), ""): Text '' is set on object 'Object Repository/Employee-Onboarding/Page_OrangeHRM/input_Employee Id_oxd-input oxd-input--focus'

26-12-2024T18:51:15 - [MESSAGE][PASSED] - Text '' is set on object 'Object Repository/Employee-Onboarding/Page_OrangeHRM/input_Employee Id_oxd-input oxd-input--focus'

26-12-2024T18:51:15 - [TEST_STEP][PASSED] - comment("Step 8: Toggle the switch related to the Employee ID"): Step 8: Toggle the switch related to the Employee ID

26-12-2024T18:51:15 - [MESSAGE][INFO] - Step 8: Toggle the switch related to the Employee ID

26-12-2024T18:51:15 - [TEST_STEP][PASSED] - click(findTestObject("Object Repository/Employee-Onboarding/Page_OrangeHRM/span_Employee Id_oxd-switch-input oxd-switc_efe210")): Object: 'Object Repository/Employee-Onboarding/Page_OrangeHRM/span_Employee Id_oxd-switch-input oxd-switc_efe210' is clicked on

26-12-2024T18:51:16 - [MESSAGE][PASSED] - Object: 'Object Repository/Employee-Onboarding/Page_OrangeHRM/span_Employee Id_oxd-switch-input oxd-switc_efe210' is clicked on

26-12-2024T18:51:16 - [TEST_STEP][PASSED] - comment("Step 9: Retrieve the entered first name and convert it to lowercase"): Step 9: Retrieve the entered first name and convert it to lowercase

26-12-2024T18:51:16 - [MESSAGE][INFO] - Step 9: Retrieve the entered first name and convert it to lowercase

26-12-2024T18:51:16 - [TEST_STEP][PASSED] - firstname = getAttribute(findTestObject("Object Repository/Employee-Onboarding/Page_OrangeHRM/input_Employee Full Name_firstName"), "value").toLowerCase(): Attribute 'value' of object 'Object Repository/Employee-Onboarding/Page_OrangeHRM/input_Employee Full Name_firstName' is: 'Deborah'

26-12-2024T18:51:16 - [MESSAGE][PASSED] - Attribute 'value' of object 'Object Repository/Employee-Onboarding/Page_OrangeHRM/input_Employee Full Name_firstName' is: 'Deborah'

26-12-2024T18:51:16 - [TEST_STEP][PASSED] - comment("Step 10: Retrieve the entered last name and convert it to lowercase"): Step 10: Retrieve the entered last name and convert it to lowercase

26-12-2024T18:51:16 - [MESSAGE][INFO] - Step 10: Retrieve the entered last name and convert it to lowercase

26-12-2024T18:51:16 - [TEST_STEP][PASSED] - lastname = getAttribute(findTestObject("Object Repository/Employee-Onboarding/Page_OrangeHRM/input_Employee Full Name_lastName"), "value").toLowerCase(): Attribute 'value' of object 'Object Repository/Employee-Onboarding/Page_OrangeHRM/input_Employee Full Name_lastName' is: 'Coleman'

26-12-2024T18:51:16 - [MESSAGE][PASSED] - Attribute 'value' of object 'Object Repository/Employee-Onboarding/Page_OrangeHRM/input_Employee Full Name_lastName' is: 'Coleman'

26-12-2024T18:51:16 - [TEST_STEP][PASSED] - comment("Step 11: Concatenate the first and last names to generate a username"): Step 11: Concatenate the first and last names to generate a username

26-12-2024T18:51:16 - [MESSAGE][INFO] - Step 11: Concatenate the first and last names to generate a username

26-12-2024T18:51:16 - [TEST_STEP][PASSED] - username = firstname + "." + lastname: null

26-12-2024T18:51:16 - [TEST_STEP][PASSED] - comment("Step 12: Set the username field with the generated username"): Step 12: Set the username field with the generated username

26-12-2024T18:51:16 - [MESSAGE][INFO] - Step 12: Set the username field with the generated username

26-12-2024T18:51:16 - [TEST_STEP][PASSED] - setText(findTestObject("Object Repository/Employee-Onboarding/Page_OrangeHRM/input_Username_oxd-input oxd-input--focus"), username): Text 'deborah.coleman' is set on object 'Object Repository/Employee-Onboarding/Page_OrangeHRM/input_Username_oxd-input oxd-input--focus'

26-12-2024T18:51:17 - [MESSAGE][PASSED] - Text 'deborah.coleman' is set on object 'Object Repository/Employee-Onboarding/Page_OrangeHRM/input_Username_oxd-input oxd-input--focus'

26-12-2024T18:51:17 - [TEST_STEP][PASSED] - comment("Step 13: Enter an encrypted password into the password field"): Step 13: Enter an encrypted password into the password field

26-12-2024T18:51:17 - [MESSAGE][INFO] - Step 13: Enter an encrypted password into the password field

26-12-2024T18:51:17 - [TEST_STEP][PASSED] - setEncryptedText(findTestObject("Object Repository/Employee-Onboarding/Page_OrangeHRM/input_Password_oxd-input oxd-input--active"), EmployeePassword): Text ****** has been set on object 'Object Repository/Employee-Onboarding/Page_OrangeHRM/input_Password_oxd-input oxd-input--active'

26-12-2024T18:51:17 - [MESSAGE][PASSED] - Text ****** has been set on object 'Object Repository/Employee-Onboarding/Page_OrangeHRM/input_Password_oxd-input oxd-input--active'

26-12-2024T18:51:17 - [TEST_STEP][PASSED] - comment("Step 14: Enter an encrypted password into the confirm password field"): Step 14: Enter an encrypted password into the confirm password field

26-12-2024T18:51:17 - [MESSAGE][INFO] - Step 14: Enter an encrypted password into the confirm password field

26-12-2024T18:51:17 - [TEST_STEP][PASSED] - setEncryptedText(findTestObject("Object Repository/Employee-Onboarding/Page_OrangeHRM/input_Confirm Password_oxd-input oxd-input-_a3aecb"), EmployeePassword): Text ****** has been set on object 'Object Repository/Employee-Onboarding/Page_OrangeHRM/input_Confirm Password_oxd-input oxd-input-_a3aecb'

26-12-2024T18:51:18 - [MESSAGE][PASSED] - Text ****** has been set on object 'Object Repository/Employee-Onboarding/Page_OrangeHRM/input_Confirm Password_oxd-input oxd-input-_a3aecb'

26-12-2024T18:51:18 - [TEST_STEP][PASSED] - comment("Step 15: Click the "Save" button to finalize adding the new employee"): Step 15: Click the "Save" button to finalize adding the new employee

26-12-2024T18:51:18 - [MESSAGE][INFO] - Step 15: Click the "Save" button to finalize adding the new employee

26-12-2024T18:51:18 - [TEST_STEP][PASSED] - click(findTestObject("Object Repository/Employee-Onboarding/Page_OrangeHRM/button_Save")): Object: 'Object Repository/Employee-Onboarding/Page_OrangeHRM/button_Save' is clicked on

26-12-2024T18:51:18 - [MESSAGE][PASSED] - Object: 'Object Repository/Employee-Onboarding/Page_OrangeHRM/button_Save' is clicked on

26-12-2024T18:51:18 - [TEST_STEP][PASSED] - delay(2): Delayed 2 second(s)

26-12-2024T18:51:20 - [MESSAGE][PASSED] - Delayed 2 second(s)]]></system-out>
         <system-err><![CDATA[]]></system-err>
      </testcase>
      <testcase name="Test Cases/Employee_Onboarding/TC_Employee_Onboarding" time="11.956" classname="Test Cases/Employee_Onboarding/TC_Employee_Onboarding" status="PASSED">
         <system-out><![CDATA[26-12-2024T18:51:20 - [TEST_CASE][PASSED] - Test Cases/Employee_Onboarding/TC_Employee_Onboarding: Test Cases/Employee_Onboarding/TC_Employee_Onboarding

26-12-2024T18:51:20 - [TEST_STEP][PASSED] - comment("Step 1: Click on the PIM module link"): Step 1: Click on the PIM module link

26-12-2024T18:51:20 - [MESSAGE][INFO] - Step 1: Click on the PIM module link

26-12-2024T18:51:20 - [TEST_STEP][PASSED] - click(findTestObject("Object Repository/Employee-Onboarding/Page_OrangeHRM/a_PIM")): Object: 'Object Repository/Employee-Onboarding/Page_OrangeHRM/a_PIM' is clicked on

26-12-2024T18:51:22 - [MESSAGE][PASSED] - Object: 'Object Repository/Employee-Onboarding/Page_OrangeHRM/a_PIM' is clicked on

26-12-2024T18:51:22 - [TEST_STEP][PASSED] - comment("Step 2: Click the "Add" button to add a new employee"): Step 2: Click the "Add" button to add a new employee

26-12-2024T18:51:22 - [MESSAGE][INFO] - Step 2: Click the "Add" button to add a new employee

26-12-2024T18:51:22 - [TEST_STEP][PASSED] - click(findTestObject("Object Repository/Employee-Onboarding/Page_OrangeHRM/button_Add")): Object: 'Object Repository/Employee-Onboarding/Page_OrangeHRM/button_Add' is clicked on

26-12-2024T18:51:24 - [MESSAGE][PASSED] - Object: 'Object Repository/Employee-Onboarding/Page_OrangeHRM/button_Add' is clicked on

26-12-2024T18:51:24 - [TEST_STEP][PASSED] - comment("Step 3: Focus on the "First Name" input field"): Step 3: Focus on the "First Name" input field

26-12-2024T18:51:24 - [MESSAGE][INFO] - Step 3: Focus on the "First Name" input field

26-12-2024T18:51:24 - [TEST_STEP][PASSED] - click(findTestObject("Object Repository/Employee-Onboarding/Page_OrangeHRM/input_Employee Full Name_firstName")): Object: 'Object Repository/Employee-Onboarding/Page_OrangeHRM/input_Employee Full Name_firstName' is clicked on

26-12-2024T18:51:26 - [MESSAGE][PASSED] - Object: 'Object Repository/Employee-Onboarding/Page_OrangeHRM/input_Employee Full Name_firstName' is clicked on

26-12-2024T18:51:26 - [TEST_STEP][PASSED] - comment("Step 4: Enter the employee's first name"): Step 4: Enter the employee's first name

26-12-2024T18:51:26 - [MESSAGE][INFO] - Step 4: Enter the employee's first name

26-12-2024T18:51:26 - [TEST_STEP][PASSED] - setText(findTestObject("Object Repository/Employee-Onboarding/Page_OrangeHRM/input_Employee Full Name_firstName"), Firstname): Text 'Chad' is set on object 'Object Repository/Employee-Onboarding/Page_OrangeHRM/input_Employee Full Name_firstName'

26-12-2024T18:51:26 - [MESSAGE][PASSED] - Text 'Chad' is set on object 'Object Repository/Employee-Onboarding/Page_OrangeHRM/input_Employee Full Name_firstName'

26-12-2024T18:51:26 - [TEST_STEP][PASSED] - comment("Step 5: Enter the employee's last name"): Step 5: Enter the employee's last name

26-12-2024T18:51:26 - [MESSAGE][INFO] - Step 5: Enter the employee's last name

26-12-2024T18:51:26 - [TEST_STEP][PASSED] - setText(findTestObject("Object Repository/Employee-Onboarding/Page_OrangeHRM/input_Employee Full Name_lastName"), Lastname): Text 'Hogan' is set on object 'Object Repository/Employee-Onboarding/Page_OrangeHRM/input_Employee Full Name_lastName'

26-12-2024T18:51:27 - [MESSAGE][PASSED] - Text 'Hogan' is set on object 'Object Repository/Employee-Onboarding/Page_OrangeHRM/input_Employee Full Name_lastName'

26-12-2024T18:51:27 - [TEST_STEP][PASSED] - comment("Step 6: Clear the default value in the "Employee ID" field"): Step 6: Clear the default value in the "Employee ID" field

26-12-2024T18:51:27 - [MESSAGE][INFO] - Step 6: Clear the default value in the "Employee ID" field

26-12-2024T18:51:27 - [TEST_STEP][PASSED] - clearText(findTestObject("Object Repository/Employee-Onboarding/Page_OrangeHRM/input_Employee Id_oxd-input oxd-input--focus")): Text of object 'Object Repository/Employee-Onboarding/Page_OrangeHRM/input_Employee Id_oxd-input oxd-input--focus' is cleared

26-12-2024T18:51:27 - [MESSAGE][PASSED] - Text of object 'Object Repository/Employee-Onboarding/Page_OrangeHRM/input_Employee Id_oxd-input oxd-input--focus' is cleared

26-12-2024T18:51:27 - [TEST_STEP][PASSED] - comment("Step 7: Set the employee ID field with a new value"): Step 7: Set the employee ID field with a new value

26-12-2024T18:51:27 - [MESSAGE][INFO] - Step 7: Set the employee ID field with a new value

26-12-2024T18:51:27 - [TEST_STEP][PASSED] - setText(findTestObject("Object Repository/Employee-Onboarding/Page_OrangeHRM/input_Employee Id_oxd-input oxd-input--focus"), ""): Text '' is set on object 'Object Repository/Employee-Onboarding/Page_OrangeHRM/input_Employee Id_oxd-input oxd-input--focus'

26-12-2024T18:51:27 - [MESSAGE][PASSED] - Text '' is set on object 'Object Repository/Employee-Onboarding/Page_OrangeHRM/input_Employee Id_oxd-input oxd-input--focus'

26-12-2024T18:51:27 - [TEST_STEP][PASSED] - comment("Step 8: Toggle the switch related to the Employee ID"): Step 8: Toggle the switch related to the Employee ID

26-12-2024T18:51:27 - [MESSAGE][INFO] - Step 8: Toggle the switch related to the Employee ID

26-12-2024T18:51:27 - [TEST_STEP][PASSED] - click(findTestObject("Object Repository/Employee-Onboarding/Page_OrangeHRM/span_Employee Id_oxd-switch-input oxd-switc_efe210")): Object: 'Object Repository/Employee-Onboarding/Page_OrangeHRM/span_Employee Id_oxd-switch-input oxd-switc_efe210' is clicked on

26-12-2024T18:51:28 - [MESSAGE][PASSED] - Object: 'Object Repository/Employee-Onboarding/Page_OrangeHRM/span_Employee Id_oxd-switch-input oxd-switc_efe210' is clicked on

26-12-2024T18:51:28 - [TEST_STEP][PASSED] - comment("Step 9: Retrieve the entered first name and convert it to lowercase"): Step 9: Retrieve the entered first name and convert it to lowercase

26-12-2024T18:51:28 - [MESSAGE][INFO] - Step 9: Retrieve the entered first name and convert it to lowercase

26-12-2024T18:51:28 - [TEST_STEP][PASSED] - firstname = getAttribute(findTestObject("Object Repository/Employee-Onboarding/Page_OrangeHRM/input_Employee Full Name_firstName"), "value").toLowerCase(): Attribute 'value' of object 'Object Repository/Employee-Onboarding/Page_OrangeHRM/input_Employee Full Name_firstName' is: 'Chad'

26-12-2024T18:51:28 - [MESSAGE][PASSED] - Attribute 'value' of object 'Object Repository/Employee-Onboarding/Page_OrangeHRM/input_Employee Full Name_firstName' is: 'Chad'

26-12-2024T18:51:28 - [TEST_STEP][PASSED] - comment("Step 10: Retrieve the entered last name and convert it to lowercase"): Step 10: Retrieve the entered last name and convert it to lowercase

26-12-2024T18:51:28 - [MESSAGE][INFO] - Step 10: Retrieve the entered last name and convert it to lowercase

26-12-2024T18:51:28 - [TEST_STEP][PASSED] - lastname = getAttribute(findTestObject("Object Repository/Employee-Onboarding/Page_OrangeHRM/input_Employee Full Name_lastName"), "value").toLowerCase(): Attribute 'value' of object 'Object Repository/Employee-Onboarding/Page_OrangeHRM/input_Employee Full Name_lastName' is: 'Hogan'

26-12-2024T18:51:28 - [MESSAGE][PASSED] - Attribute 'value' of object 'Object Repository/Employee-Onboarding/Page_OrangeHRM/input_Employee Full Name_lastName' is: 'Hogan'

26-12-2024T18:51:28 - [TEST_STEP][PASSED] - comment("Step 11: Concatenate the first and last names to generate a username"): Step 11: Concatenate the first and last names to generate a username

26-12-2024T18:51:28 - [MESSAGE][INFO] - Step 11: Concatenate the first and last names to generate a username

26-12-2024T18:51:28 - [TEST_STEP][PASSED] - username = firstname + "." + lastname: null

26-12-2024T18:51:28 - [TEST_STEP][PASSED] - comment("Step 12: Set the username field with the generated username"): Step 12: Set the username field with the generated username

26-12-2024T18:51:28 - [MESSAGE][INFO] - Step 12: Set the username field with the generated username

26-12-2024T18:51:28 - [TEST_STEP][PASSED] - setText(findTestObject("Object Repository/Employee-Onboarding/Page_OrangeHRM/input_Username_oxd-input oxd-input--focus"), username): Text 'chad.hogan' is set on object 'Object Repository/Employee-Onboarding/Page_OrangeHRM/input_Username_oxd-input oxd-input--focus'

26-12-2024T18:51:29 - [MESSAGE][PASSED] - Text 'chad.hogan' is set on object 'Object Repository/Employee-Onboarding/Page_OrangeHRM/input_Username_oxd-input oxd-input--focus'

26-12-2024T18:51:29 - [TEST_STEP][PASSED] - comment("Step 13: Enter an encrypted password into the password field"): Step 13: Enter an encrypted password into the password field

26-12-2024T18:51:29 - [MESSAGE][INFO] - Step 13: Enter an encrypted password into the password field

26-12-2024T18:51:29 - [TEST_STEP][PASSED] - setEncryptedText(findTestObject("Object Repository/Employee-Onboarding/Page_OrangeHRM/input_Password_oxd-input oxd-input--active"), EmployeePassword): Text ****** has been set on object 'Object Repository/Employee-Onboarding/Page_OrangeHRM/input_Password_oxd-input oxd-input--active'

26-12-2024T18:51:29 - [MESSAGE][PASSED] - Text ****** has been set on object 'Object Repository/Employee-Onboarding/Page_OrangeHRM/input_Password_oxd-input oxd-input--active'

26-12-2024T18:51:29 - [TEST_STEP][PASSED] - comment("Step 14: Enter an encrypted password into the confirm password field"): Step 14: Enter an encrypted password into the confirm password field

26-12-2024T18:51:29 - [MESSAGE][INFO] - Step 14: Enter an encrypted password into the confirm password field

26-12-2024T18:51:29 - [TEST_STEP][PASSED] - setEncryptedText(findTestObject("Object Repository/Employee-Onboarding/Page_OrangeHRM/input_Confirm Password_oxd-input oxd-input-_a3aecb"), EmployeePassword): Text ****** has been set on object 'Object Repository/Employee-Onboarding/Page_OrangeHRM/input_Confirm Password_oxd-input oxd-input-_a3aecb'

26-12-2024T18:51:30 - [MESSAGE][PASSED] - Text ****** has been set on object 'Object Repository/Employee-Onboarding/Page_OrangeHRM/input_Confirm Password_oxd-input oxd-input-_a3aecb'

26-12-2024T18:51:30 - [TEST_STEP][PASSED] - comment("Step 15: Click the "Save" button to finalize adding the new employee"): Step 15: Click the "Save" button to finalize adding the new employee

26-12-2024T18:51:30 - [MESSAGE][INFO] - Step 15: Click the "Save" button to finalize adding the new employee

26-12-2024T18:51:30 - [TEST_STEP][PASSED] - click(findTestObject("Object Repository/Employee-Onboarding/Page_OrangeHRM/button_Save")): Object: 'Object Repository/Employee-Onboarding/Page_OrangeHRM/button_Save' is clicked on

26-12-2024T18:51:30 - [MESSAGE][PASSED] - Object: 'Object Repository/Employee-Onboarding/Page_OrangeHRM/button_Save' is clicked on

26-12-2024T18:51:30 - [TEST_STEP][PASSED] - delay(2): Delayed 2 second(s)

26-12-2024T18:51:32 - [MESSAGE][PASSED] - Delayed 2 second(s)]]></system-out>
         <system-err><![CDATA[]]></system-err>
      </testcase>
      <testcase name="Test Cases/Employee_Onboarding/TC_Employee_Onboarding" time="11.298" classname="Test Cases/Employee_Onboarding/TC_Employee_Onboarding" status="PASSED">
         <system-out><![CDATA[26-12-2024T18:51:32 - [TEST_CASE][PASSED] - Test Cases/Employee_Onboarding/TC_Employee_Onboarding: Test Cases/Employee_Onboarding/TC_Employee_Onboarding

26-12-2024T18:51:32 - [TEST_STEP][PASSED] - comment("Step 1: Click on the PIM module link"): Step 1: Click on the PIM module link

26-12-2024T18:51:32 - [MESSAGE][INFO] - Step 1: Click on the PIM module link

26-12-2024T18:51:32 - [TEST_STEP][PASSED] - click(findTestObject("Object Repository/Employee-Onboarding/Page_OrangeHRM/a_PIM")): Object: 'Object Repository/Employee-Onboarding/Page_OrangeHRM/a_PIM' is clicked on

26-12-2024T18:51:33 - [MESSAGE][PASSED] - Object: 'Object Repository/Employee-Onboarding/Page_OrangeHRM/a_PIM' is clicked on

26-12-2024T18:51:33 - [TEST_STEP][PASSED] - comment("Step 2: Click the "Add" button to add a new employee"): Step 2: Click the "Add" button to add a new employee

26-12-2024T18:51:33 - [MESSAGE][INFO] - Step 2: Click the "Add" button to add a new employee

26-12-2024T18:51:33 - [TEST_STEP][PASSED] - click(findTestObject("Object Repository/Employee-Onboarding/Page_OrangeHRM/button_Add")): Object: 'Object Repository/Employee-Onboarding/Page_OrangeHRM/button_Add' is clicked on

26-12-2024T18:51:36 - [MESSAGE][PASSED] - Object: 'Object Repository/Employee-Onboarding/Page_OrangeHRM/button_Add' is clicked on

26-12-2024T18:51:36 - [TEST_STEP][PASSED] - comment("Step 3: Focus on the "First Name" input field"): Step 3: Focus on the "First Name" input field

26-12-2024T18:51:36 - [MESSAGE][INFO] - Step 3: Focus on the "First Name" input field

26-12-2024T18:51:36 - [TEST_STEP][PASSED] - click(findTestObject("Object Repository/Employee-Onboarding/Page_OrangeHRM/input_Employee Full Name_firstName")): Object: 'Object Repository/Employee-Onboarding/Page_OrangeHRM/input_Employee Full Name_firstName' is clicked on

26-12-2024T18:51:37 - [MESSAGE][PASSED] - Object: 'Object Repository/Employee-Onboarding/Page_OrangeHRM/input_Employee Full Name_firstName' is clicked on

26-12-2024T18:51:37 - [TEST_STEP][PASSED] - comment("Step 4: Enter the employee's first name"): Step 4: Enter the employee's first name

26-12-2024T18:51:37 - [MESSAGE][INFO] - Step 4: Enter the employee's first name

26-12-2024T18:51:37 - [TEST_STEP][PASSED] - setText(findTestObject("Object Repository/Employee-Onboarding/Page_OrangeHRM/input_Employee Full Name_firstName"), Firstname): Text 'Sara' is set on object 'Object Repository/Employee-Onboarding/Page_OrangeHRM/input_Employee Full Name_firstName'

26-12-2024T18:51:38 - [MESSAGE][PASSED] - Text 'Sara' is set on object 'Object Repository/Employee-Onboarding/Page_OrangeHRM/input_Employee Full Name_firstName'

26-12-2024T18:51:38 - [TEST_STEP][PASSED] - comment("Step 5: Enter the employee's last name"): Step 5: Enter the employee's last name

26-12-2024T18:51:38 - [MESSAGE][INFO] - Step 5: Enter the employee's last name

26-12-2024T18:51:38 - [TEST_STEP][PASSED] - setText(findTestObject("Object Repository/Employee-Onboarding/Page_OrangeHRM/input_Employee Full Name_lastName"), Lastname): Text 'Young' is set on object 'Object Repository/Employee-Onboarding/Page_OrangeHRM/input_Employee Full Name_lastName'

26-12-2024T18:51:38 - [MESSAGE][PASSED] - Text 'Young' is set on object 'Object Repository/Employee-Onboarding/Page_OrangeHRM/input_Employee Full Name_lastName'

26-12-2024T18:51:38 - [TEST_STEP][PASSED] - comment("Step 6: Clear the default value in the "Employee ID" field"): Step 6: Clear the default value in the "Employee ID" field

26-12-2024T18:51:38 - [MESSAGE][INFO] - Step 6: Clear the default value in the "Employee ID" field

26-12-2024T18:51:38 - [TEST_STEP][PASSED] - clearText(findTestObject("Object Repository/Employee-Onboarding/Page_OrangeHRM/input_Employee Id_oxd-input oxd-input--focus")): Text of object 'Object Repository/Employee-Onboarding/Page_OrangeHRM/input_Employee Id_oxd-input oxd-input--focus' is cleared

26-12-2024T18:51:38 - [MESSAGE][PASSED] - Text of object 'Object Repository/Employee-Onboarding/Page_OrangeHRM/input_Employee Id_oxd-input oxd-input--focus' is cleared

26-12-2024T18:51:38 - [TEST_STEP][PASSED] - comment("Step 7: Set the employee ID field with a new value"): Step 7: Set the employee ID field with a new value

26-12-2024T18:51:38 - [MESSAGE][INFO] - Step 7: Set the employee ID field with a new value

26-12-2024T18:51:38 - [TEST_STEP][PASSED] - setText(findTestObject("Object Repository/Employee-Onboarding/Page_OrangeHRM/input_Employee Id_oxd-input oxd-input--focus"), ""): Text '' is set on object 'Object Repository/Employee-Onboarding/Page_OrangeHRM/input_Employee Id_oxd-input oxd-input--focus'

26-12-2024T18:51:39 - [MESSAGE][PASSED] - Text '' is set on object 'Object Repository/Employee-Onboarding/Page_OrangeHRM/input_Employee Id_oxd-input oxd-input--focus'

26-12-2024T18:51:39 - [TEST_STEP][PASSED] - comment("Step 8: Toggle the switch related to the Employee ID"): Step 8: Toggle the switch related to the Employee ID

26-12-2024T18:51:39 - [MESSAGE][INFO] - Step 8: Toggle the switch related to the Employee ID

26-12-2024T18:51:39 - [TEST_STEP][PASSED] - click(findTestObject("Object Repository/Employee-Onboarding/Page_OrangeHRM/span_Employee Id_oxd-switch-input oxd-switc_efe210")): Object: 'Object Repository/Employee-Onboarding/Page_OrangeHRM/span_Employee Id_oxd-switch-input oxd-switc_efe210' is clicked on

26-12-2024T18:51:39 - [MESSAGE][PASSED] - Object: 'Object Repository/Employee-Onboarding/Page_OrangeHRM/span_Employee Id_oxd-switch-input oxd-switc_efe210' is clicked on

26-12-2024T18:51:39 - [TEST_STEP][PASSED] - comment("Step 9: Retrieve the entered first name and convert it to lowercase"): Step 9: Retrieve the entered first name and convert it to lowercase

26-12-2024T18:51:39 - [MESSAGE][INFO] - Step 9: Retrieve the entered first name and convert it to lowercase

26-12-2024T18:51:39 - [TEST_STEP][PASSED] - firstname = getAttribute(findTestObject("Object Repository/Employee-Onboarding/Page_OrangeHRM/input_Employee Full Name_firstName"), "value").toLowerCase(): Attribute 'value' of object 'Object Repository/Employee-Onboarding/Page_OrangeHRM/input_Employee Full Name_firstName' is: 'Sara'

26-12-2024T18:51:39 - [MESSAGE][PASSED] - Attribute 'value' of object 'Object Repository/Employee-Onboarding/Page_OrangeHRM/input_Employee Full Name_firstName' is: 'Sara'

26-12-2024T18:51:39 - [TEST_STEP][PASSED] - comment("Step 10: Retrieve the entered last name and convert it to lowercase"): Step 10: Retrieve the entered last name and convert it to lowercase

26-12-2024T18:51:39 - [MESSAGE][INFO] - Step 10: Retrieve the entered last name and convert it to lowercase

26-12-2024T18:51:39 - [TEST_STEP][PASSED] - lastname = getAttribute(findTestObject("Object Repository/Employee-Onboarding/Page_OrangeHRM/input_Employee Full Name_lastName"), "value").toLowerCase(): Attribute 'value' of object 'Object Repository/Employee-Onboarding/Page_OrangeHRM/input_Employee Full Name_lastName' is: 'Young'

26-12-2024T18:51:40 - [MESSAGE][PASSED] - Attribute 'value' of object 'Object Repository/Employee-Onboarding/Page_OrangeHRM/input_Employee Full Name_lastName' is: 'Young'

26-12-2024T18:51:40 - [TEST_STEP][PASSED] - comment("Step 11: Concatenate the first and last names to generate a username"): Step 11: Concatenate the first and last names to generate a username

26-12-2024T18:51:40 - [MESSAGE][INFO] - Step 11: Concatenate the first and last names to generate a username

26-12-2024T18:51:40 - [TEST_STEP][PASSED] - username = firstname + "." + lastname: null

26-12-2024T18:51:40 - [TEST_STEP][PASSED] - comment("Step 12: Set the username field with the generated username"): Step 12: Set the username field with the generated username

26-12-2024T18:51:40 - [MESSAGE][INFO] - Step 12: Set the username field with the generated username

26-12-2024T18:51:40 - [TEST_STEP][PASSED] - setText(findTestObject("Object Repository/Employee-Onboarding/Page_OrangeHRM/input_Username_oxd-input oxd-input--focus"), username): Text 'sara.young' is set on object 'Object Repository/Employee-Onboarding/Page_OrangeHRM/input_Username_oxd-input oxd-input--focus'

26-12-2024T18:51:40 - [MESSAGE][PASSED] - Text 'sara.young' is set on object 'Object Repository/Employee-Onboarding/Page_OrangeHRM/input_Username_oxd-input oxd-input--focus'

26-12-2024T18:51:40 - [TEST_STEP][PASSED] - comment("Step 13: Enter an encrypted password into the password field"): Step 13: Enter an encrypted password into the password field

26-12-2024T18:51:40 - [MESSAGE][INFO] - Step 13: Enter an encrypted password into the password field

26-12-2024T18:51:40 - [TEST_STEP][PASSED] - setEncryptedText(findTestObject("Object Repository/Employee-Onboarding/Page_OrangeHRM/input_Password_oxd-input oxd-input--active"), EmployeePassword): Text ****** has been set on object 'Object Repository/Employee-Onboarding/Page_OrangeHRM/input_Password_oxd-input oxd-input--active'

26-12-2024T18:51:40 - [MESSAGE][PASSED] - Text ****** has been set on object 'Object Repository/Employee-Onboarding/Page_OrangeHRM/input_Password_oxd-input oxd-input--active'

26-12-2024T18:51:40 - [TEST_STEP][PASSED] - comment("Step 14: Enter an encrypted password into the confirm password field"): Step 14: Enter an encrypted password into the confirm password field

26-12-2024T18:51:40 - [MESSAGE][INFO] - Step 14: Enter an encrypted password into the confirm password field

26-12-2024T18:51:40 - [TEST_STEP][PASSED] - setEncryptedText(findTestObject("Object Repository/Employee-Onboarding/Page_OrangeHRM/input_Confirm Password_oxd-input oxd-input-_a3aecb"), EmployeePassword): Text ****** has been set on object 'Object Repository/Employee-Onboarding/Page_OrangeHRM/input_Confirm Password_oxd-input oxd-input-_a3aecb'

26-12-2024T18:51:41 - [MESSAGE][PASSED] - Text ****** has been set on object 'Object Repository/Employee-Onboarding/Page_OrangeHRM/input_Confirm Password_oxd-input oxd-input-_a3aecb'

26-12-2024T18:51:41 - [TEST_STEP][PASSED] - comment("Step 15: Click the "Save" button to finalize adding the new employee"): Step 15: Click the "Save" button to finalize adding the new employee

26-12-2024T18:51:41 - [MESSAGE][INFO] - Step 15: Click the "Save" button to finalize adding the new employee

26-12-2024T18:51:41 - [TEST_STEP][PASSED] - click(findTestObject("Object Repository/Employee-Onboarding/Page_OrangeHRM/button_Save")): Object: 'Object Repository/Employee-Onboarding/Page_OrangeHRM/button_Save' is clicked on

26-12-2024T18:51:41 - [MESSAGE][PASSED] - Object: 'Object Repository/Employee-Onboarding/Page_OrangeHRM/button_Save' is clicked on

26-12-2024T18:51:41 - [TEST_STEP][PASSED] - delay(2): Delayed 2 second(s)

26-12-2024T18:51:43 - [MESSAGE][PASSED] - Delayed 2 second(s)]]></system-out>
         <system-err><![CDATA[]]></system-err>
      </testcase>
      <testcase name="Test Cases/Employee_Onboarding/TC_Employee_Onboarding" time="11.382" classname="Test Cases/Employee_Onboarding/TC_Employee_Onboarding" status="PASSED">
         <system-out><![CDATA[26-12-2024T18:51:43 - [TEST_CASE][PASSED] - Test Cases/Employee_Onboarding/TC_Employee_Onboarding: Test Cases/Employee_Onboarding/TC_Employee_Onboarding

26-12-2024T18:51:43 - [TEST_STEP][PASSED] - comment("Step 1: Click on the PIM module link"): Step 1: Click on the PIM module link

26-12-2024T18:51:43 - [MESSAGE][INFO] - Step 1: Click on the PIM module link

26-12-2024T18:51:43 - [TEST_STEP][PASSED] - click(findTestObject("Object Repository/Employee-Onboarding/Page_OrangeHRM/a_PIM")): Object: 'Object Repository/Employee-Onboarding/Page_OrangeHRM/a_PIM' is clicked on

26-12-2024T18:51:45 - [MESSAGE][PASSED] - Object: 'Object Repository/Employee-Onboarding/Page_OrangeHRM/a_PIM' is clicked on

26-12-2024T18:51:45 - [TEST_STEP][PASSED] - comment("Step 2: Click the "Add" button to add a new employee"): Step 2: Click the "Add" button to add a new employee

26-12-2024T18:51:45 - [MESSAGE][INFO] - Step 2: Click the "Add" button to add a new employee

26-12-2024T18:51:45 - [TEST_STEP][PASSED] - click(findTestObject("Object Repository/Employee-Onboarding/Page_OrangeHRM/button_Add")): Object: 'Object Repository/Employee-Onboarding/Page_OrangeHRM/button_Add' is clicked on

26-12-2024T18:51:47 - [MESSAGE][PASSED] - Object: 'Object Repository/Employee-Onboarding/Page_OrangeHRM/button_Add' is clicked on

26-12-2024T18:51:47 - [TEST_STEP][PASSED] - comment("Step 3: Focus on the "First Name" input field"): Step 3: Focus on the "First Name" input field

26-12-2024T18:51:47 - [MESSAGE][INFO] - Step 3: Focus on the "First Name" input field

26-12-2024T18:51:47 - [TEST_STEP][PASSED] - click(findTestObject("Object Repository/Employee-Onboarding/Page_OrangeHRM/input_Employee Full Name_firstName")): Object: 'Object Repository/Employee-Onboarding/Page_OrangeHRM/input_Employee Full Name_firstName' is clicked on

26-12-2024T18:51:48 - [MESSAGE][PASSED] - Object: 'Object Repository/Employee-Onboarding/Page_OrangeHRM/input_Employee Full Name_firstName' is clicked on

26-12-2024T18:51:48 - [TEST_STEP][PASSED] - comment("Step 4: Enter the employee's first name"): Step 4: Enter the employee's first name

26-12-2024T18:51:48 - [MESSAGE][INFO] - Step 4: Enter the employee's first name

26-12-2024T18:51:48 - [TEST_STEP][PASSED] - setText(findTestObject("Object Repository/Employee-Onboarding/Page_OrangeHRM/input_Employee Full Name_firstName"), Firstname): Text 'David' is set on object 'Object Repository/Employee-Onboarding/Page_OrangeHRM/input_Employee Full Name_firstName'

26-12-2024T18:51:49 - [MESSAGE][PASSED] - Text 'David' is set on object 'Object Repository/Employee-Onboarding/Page_OrangeHRM/input_Employee Full Name_firstName'

26-12-2024T18:51:49 - [TEST_STEP][PASSED] - comment("Step 5: Enter the employee's last name"): Step 5: Enter the employee's last name

26-12-2024T18:51:49 - [MESSAGE][INFO] - Step 5: Enter the employee's last name

26-12-2024T18:51:49 - [TEST_STEP][PASSED] - setText(findTestObject("Object Repository/Employee-Onboarding/Page_OrangeHRM/input_Employee Full Name_lastName"), Lastname): Text 'Jackson' is set on object 'Object Repository/Employee-Onboarding/Page_OrangeHRM/input_Employee Full Name_lastName'

26-12-2024T18:51:49 - [MESSAGE][PASSED] - Text 'Jackson' is set on object 'Object Repository/Employee-Onboarding/Page_OrangeHRM/input_Employee Full Name_lastName'

26-12-2024T18:51:49 - [TEST_STEP][PASSED] - comment("Step 6: Clear the default value in the "Employee ID" field"): Step 6: Clear the default value in the "Employee ID" field

26-12-2024T18:51:49 - [MESSAGE][INFO] - Step 6: Clear the default value in the "Employee ID" field

26-12-2024T18:51:49 - [TEST_STEP][PASSED] - clearText(findTestObject("Object Repository/Employee-Onboarding/Page_OrangeHRM/input_Employee Id_oxd-input oxd-input--focus")): Text of object 'Object Repository/Employee-Onboarding/Page_OrangeHRM/input_Employee Id_oxd-input oxd-input--focus' is cleared

26-12-2024T18:51:50 - [MESSAGE][PASSED] - Text of object 'Object Repository/Employee-Onboarding/Page_OrangeHRM/input_Employee Id_oxd-input oxd-input--focus' is cleared

26-12-2024T18:51:50 - [TEST_STEP][PASSED] - comment("Step 7: Set the employee ID field with a new value"): Step 7: Set the employee ID field with a new value

26-12-2024T18:51:50 - [MESSAGE][INFO] - Step 7: Set the employee ID field with a new value

26-12-2024T18:51:50 - [TEST_STEP][PASSED] - setText(findTestObject("Object Repository/Employee-Onboarding/Page_OrangeHRM/input_Employee Id_oxd-input oxd-input--focus"), ""): Text '' is set on object 'Object Repository/Employee-Onboarding/Page_OrangeHRM/input_Employee Id_oxd-input oxd-input--focus'

26-12-2024T18:51:50 - [MESSAGE][PASSED] - Text '' is set on object 'Object Repository/Employee-Onboarding/Page_OrangeHRM/input_Employee Id_oxd-input oxd-input--focus'

26-12-2024T18:51:50 - [TEST_STEP][PASSED] - comment("Step 8: Toggle the switch related to the Employee ID"): Step 8: Toggle the switch related to the Employee ID

26-12-2024T18:51:50 - [MESSAGE][INFO] - Step 8: Toggle the switch related to the Employee ID

26-12-2024T18:51:50 - [TEST_STEP][PASSED] - click(findTestObject("Object Repository/Employee-Onboarding/Page_OrangeHRM/span_Employee Id_oxd-switch-input oxd-switc_efe210")): Object: 'Object Repository/Employee-Onboarding/Page_OrangeHRM/span_Employee Id_oxd-switch-input oxd-switc_efe210' is clicked on

26-12-2024T18:51:50 - [MESSAGE][PASSED] - Object: 'Object Repository/Employee-Onboarding/Page_OrangeHRM/span_Employee Id_oxd-switch-input oxd-switc_efe210' is clicked on

26-12-2024T18:51:50 - [TEST_STEP][PASSED] - comment("Step 9: Retrieve the entered first name and convert it to lowercase"): Step 9: Retrieve the entered first name and convert it to lowercase

26-12-2024T18:51:50 - [MESSAGE][INFO] - Step 9: Retrieve the entered first name and convert it to lowercase

26-12-2024T18:51:50 - [TEST_STEP][PASSED] - firstname = getAttribute(findTestObject("Object Repository/Employee-Onboarding/Page_OrangeHRM/input_Employee Full Name_firstName"), "value").toLowerCase(): Attribute 'value' of object 'Object Repository/Employee-Onboarding/Page_OrangeHRM/input_Employee Full Name_firstName' is: 'David'

26-12-2024T18:51:51 - [MESSAGE][PASSED] - Attribute 'value' of object 'Object Repository/Employee-Onboarding/Page_OrangeHRM/input_Employee Full Name_firstName' is: 'David'

26-12-2024T18:51:51 - [TEST_STEP][PASSED] - comment("Step 10: Retrieve the entered last name and convert it to lowercase"): Step 10: Retrieve the entered last name and convert it to lowercase

26-12-2024T18:51:51 - [MESSAGE][INFO] - Step 10: Retrieve the entered last name and convert it to lowercase

26-12-2024T18:51:51 - [TEST_STEP][PASSED] - lastname = getAttribute(findTestObject("Object Repository/Employee-Onboarding/Page_OrangeHRM/input_Employee Full Name_lastName"), "value").toLowerCase(): Attribute 'value' of object 'Object Repository/Employee-Onboarding/Page_OrangeHRM/input_Employee Full Name_lastName' is: 'Jackson'

26-12-2024T18:51:51 - [MESSAGE][PASSED] - Attribute 'value' of object 'Object Repository/Employee-Onboarding/Page_OrangeHRM/input_Employee Full Name_lastName' is: 'Jackson'

26-12-2024T18:51:51 - [TEST_STEP][PASSED] - comment("Step 11: Concatenate the first and last names to generate a username"): Step 11: Concatenate the first and last names to generate a username

26-12-2024T18:51:51 - [MESSAGE][INFO] - Step 11: Concatenate the first and last names to generate a username

26-12-2024T18:51:51 - [TEST_STEP][PASSED] - username = firstname + "." + lastname: null

26-12-2024T18:51:51 - [TEST_STEP][PASSED] - comment("Step 12: Set the username field with the generated username"): Step 12: Set the username field with the generated username

26-12-2024T18:51:51 - [MESSAGE][INFO] - Step 12: Set the username field with the generated username

26-12-2024T18:51:51 - [TEST_STEP][PASSED] - setText(findTestObject("Object Repository/Employee-Onboarding/Page_OrangeHRM/input_Username_oxd-input oxd-input--focus"), username): Text 'david.jackson' is set on object 'Object Repository/Employee-Onboarding/Page_OrangeHRM/input_Username_oxd-input oxd-input--focus'

26-12-2024T18:51:52 - [MESSAGE][PASSED] - Text 'david.jackson' is set on object 'Object Repository/Employee-Onboarding/Page_OrangeHRM/input_Username_oxd-input oxd-input--focus'

26-12-2024T18:51:52 - [TEST_STEP][PASSED] - comment("Step 13: Enter an encrypted password into the password field"): Step 13: Enter an encrypted password into the password field

26-12-2024T18:51:52 - [MESSAGE][INFO] - Step 13: Enter an encrypted password into the password field

26-12-2024T18:51:52 - [TEST_STEP][PASSED] - setEncryptedText(findTestObject("Object Repository/Employee-Onboarding/Page_OrangeHRM/input_Password_oxd-input oxd-input--active"), EmployeePassword): Text ****** has been set on object 'Object Repository/Employee-Onboarding/Page_OrangeHRM/input_Password_oxd-input oxd-input--active'

26-12-2024T18:51:52 - [MESSAGE][PASSED] - Text ****** has been set on object 'Object Repository/Employee-Onboarding/Page_OrangeHRM/input_Password_oxd-input oxd-input--active'

26-12-2024T18:51:52 - [TEST_STEP][PASSED] - comment("Step 14: Enter an encrypted password into the confirm password field"): Step 14: Enter an encrypted password into the confirm password field

26-12-2024T18:51:52 - [MESSAGE][INFO] - Step 14: Enter an encrypted password into the confirm password field

26-12-2024T18:51:52 - [TEST_STEP][PASSED] - setEncryptedText(findTestObject("Object Repository/Employee-Onboarding/Page_OrangeHRM/input_Confirm Password_oxd-input oxd-input-_a3aecb"), EmployeePassword): Text ****** has been set on object 'Object Repository/Employee-Onboarding/Page_OrangeHRM/input_Confirm Password_oxd-input oxd-input-_a3aecb'

26-12-2024T18:51:52 - [MESSAGE][PASSED] - Text ****** has been set on object 'Object Repository/Employee-Onboarding/Page_OrangeHRM/input_Confirm Password_oxd-input oxd-input-_a3aecb'

26-12-2024T18:51:52 - [TEST_STEP][PASSED] - comment("Step 15: Click the "Save" button to finalize adding the new employee"): Step 15: Click the "Save" button to finalize adding the new employee

26-12-2024T18:51:52 - [MESSAGE][INFO] - Step 15: Click the "Save" button to finalize adding the new employee

26-12-2024T18:51:52 - [TEST_STEP][PASSED] - click(findTestObject("Object Repository/Employee-Onboarding/Page_OrangeHRM/button_Save")): Object: 'Object Repository/Employee-Onboarding/Page_OrangeHRM/button_Save' is clicked on

26-12-2024T18:51:52 - [MESSAGE][PASSED] - Object: 'Object Repository/Employee-Onboarding/Page_OrangeHRM/button_Save' is clicked on

26-12-2024T18:51:52 - [TEST_STEP][PASSED] - delay(2): Delayed 2 second(s)

26-12-2024T18:51:54 - [MESSAGE][PASSED] - Delayed 2 second(s)]]></system-out>
         <system-err><![CDATA[]]></system-err>
      </testcase>
      <testcase name="Test Cases/Employee_Onboarding/TC_Employee_Onboarding" time="12.021" classname="Test Cases/Employee_Onboarding/TC_Employee_Onboarding" status="PASSED">
         <system-out><![CDATA[26-12-2024T18:51:54 - [TEST_CASE][PASSED] - Test Cases/Employee_Onboarding/TC_Employee_Onboarding: Test Cases/Employee_Onboarding/TC_Employee_Onboarding

26-12-2024T18:51:54 - [TEST_STEP][PASSED] - comment("Step 1: Click on the PIM module link"): Step 1: Click on the PIM module link

26-12-2024T18:51:54 - [MESSAGE][INFO] - Step 1: Click on the PIM module link

26-12-2024T18:51:54 - [TEST_STEP][PASSED] - click(findTestObject("Object Repository/Employee-Onboarding/Page_OrangeHRM/a_PIM")): Object: 'Object Repository/Employee-Onboarding/Page_OrangeHRM/a_PIM' is clicked on

26-12-2024T18:51:56 - [MESSAGE][PASSED] - Object: 'Object Repository/Employee-Onboarding/Page_OrangeHRM/a_PIM' is clicked on

26-12-2024T18:51:56 - [TEST_STEP][PASSED] - comment("Step 2: Click the "Add" button to add a new employee"): Step 2: Click the "Add" button to add a new employee

26-12-2024T18:51:56 - [MESSAGE][INFO] - Step 2: Click the "Add" button to add a new employee

26-12-2024T18:51:56 - [TEST_STEP][PASSED] - click(findTestObject("Object Repository/Employee-Onboarding/Page_OrangeHRM/button_Add")): Object: 'Object Repository/Employee-Onboarding/Page_OrangeHRM/button_Add' is clicked on

26-12-2024T18:51:59 - [MESSAGE][PASSED] - Object: 'Object Repository/Employee-Onboarding/Page_OrangeHRM/button_Add' is clicked on

26-12-2024T18:51:59 - [TEST_STEP][PASSED] - comment("Step 3: Focus on the "First Name" input field"): Step 3: Focus on the "First Name" input field

26-12-2024T18:51:59 - [MESSAGE][INFO] - Step 3: Focus on the "First Name" input field

26-12-2024T18:51:59 - [TEST_STEP][PASSED] - click(findTestObject("Object Repository/Employee-Onboarding/Page_OrangeHRM/input_Employee Full Name_firstName")): Object: 'Object Repository/Employee-Onboarding/Page_OrangeHRM/input_Employee Full Name_firstName' is clicked on

26-12-2024T18:52:00 - [MESSAGE][PASSED] - Object: 'Object Repository/Employee-Onboarding/Page_OrangeHRM/input_Employee Full Name_firstName' is clicked on

26-12-2024T18:52:00 - [TEST_STEP][PASSED] - comment("Step 4: Enter the employee's first name"): Step 4: Enter the employee's first name

26-12-2024T18:52:00 - [MESSAGE][INFO] - Step 4: Enter the employee's first name

26-12-2024T18:52:00 - [TEST_STEP][PASSED] - setText(findTestObject("Object Repository/Employee-Onboarding/Page_OrangeHRM/input_Employee Full Name_firstName"), Firstname): Text 'Sarah' is set on object 'Object Repository/Employee-Onboarding/Page_OrangeHRM/input_Employee Full Name_firstName'

26-12-2024T18:52:01 - [MESSAGE][PASSED] - Text 'Sarah' is set on object 'Object Repository/Employee-Onboarding/Page_OrangeHRM/input_Employee Full Name_firstName'

26-12-2024T18:52:01 - [TEST_STEP][PASSED] - comment("Step 5: Enter the employee's last name"): Step 5: Enter the employee's last name

26-12-2024T18:52:01 - [MESSAGE][INFO] - Step 5: Enter the employee's last name

26-12-2024T18:52:01 - [TEST_STEP][PASSED] - setText(findTestObject("Object Repository/Employee-Onboarding/Page_OrangeHRM/input_Employee Full Name_lastName"), Lastname): Text 'Zhang' is set on object 'Object Repository/Employee-Onboarding/Page_OrangeHRM/input_Employee Full Name_lastName'

26-12-2024T18:52:01 - [MESSAGE][PASSED] - Text 'Zhang' is set on object 'Object Repository/Employee-Onboarding/Page_OrangeHRM/input_Employee Full Name_lastName'

26-12-2024T18:52:01 - [TEST_STEP][PASSED] - comment("Step 6: Clear the default value in the "Employee ID" field"): Step 6: Clear the default value in the "Employee ID" field

26-12-2024T18:52:01 - [MESSAGE][INFO] - Step 6: Clear the default value in the "Employee ID" field

26-12-2024T18:52:01 - [TEST_STEP][PASSED] - clearText(findTestObject("Object Repository/Employee-Onboarding/Page_OrangeHRM/input_Employee Id_oxd-input oxd-input--focus")): Text of object 'Object Repository/Employee-Onboarding/Page_OrangeHRM/input_Employee Id_oxd-input oxd-input--focus' is cleared

26-12-2024T18:52:02 - [MESSAGE][PASSED] - Text of object 'Object Repository/Employee-Onboarding/Page_OrangeHRM/input_Employee Id_oxd-input oxd-input--focus' is cleared

26-12-2024T18:52:02 - [TEST_STEP][PASSED] - comment("Step 7: Set the employee ID field with a new value"): Step 7: Set the employee ID field with a new value

26-12-2024T18:52:02 - [MESSAGE][INFO] - Step 7: Set the employee ID field with a new value

26-12-2024T18:52:02 - [TEST_STEP][PASSED] - setText(findTestObject("Object Repository/Employee-Onboarding/Page_OrangeHRM/input_Employee Id_oxd-input oxd-input--focus"), ""): Text '' is set on object 'Object Repository/Employee-Onboarding/Page_OrangeHRM/input_Employee Id_oxd-input oxd-input--focus'

26-12-2024T18:52:02 - [MESSAGE][PASSED] - Text '' is set on object 'Object Repository/Employee-Onboarding/Page_OrangeHRM/input_Employee Id_oxd-input oxd-input--focus'

26-12-2024T18:52:02 - [TEST_STEP][PASSED] - comment("Step 8: Toggle the switch related to the Employee ID"): Step 8: Toggle the switch related to the Employee ID

26-12-2024T18:52:02 - [MESSAGE][INFO] - Step 8: Toggle the switch related to the Employee ID

26-12-2024T18:52:02 - [TEST_STEP][PASSED] - click(findTestObject("Object Repository/Employee-Onboarding/Page_OrangeHRM/span_Employee Id_oxd-switch-input oxd-switc_efe210")): Object: 'Object Repository/Employee-Onboarding/Page_OrangeHRM/span_Employee Id_oxd-switch-input oxd-switc_efe210' is clicked on

26-12-2024T18:52:02 - [MESSAGE][PASSED] - Object: 'Object Repository/Employee-Onboarding/Page_OrangeHRM/span_Employee Id_oxd-switch-input oxd-switc_efe210' is clicked on

26-12-2024T18:52:02 - [TEST_STEP][PASSED] - comment("Step 9: Retrieve the entered first name and convert it to lowercase"): Step 9: Retrieve the entered first name and convert it to lowercase

26-12-2024T18:52:02 - [MESSAGE][INFO] - Step 9: Retrieve the entered first name and convert it to lowercase

26-12-2024T18:52:02 - [TEST_STEP][PASSED] - firstname = getAttribute(findTestObject("Object Repository/Employee-Onboarding/Page_OrangeHRM/input_Employee Full Name_firstName"), "value").toLowerCase(): Attribute 'value' of object 'Object Repository/Employee-Onboarding/Page_OrangeHRM/input_Employee Full Name_firstName' is: 'Sarah'

26-12-2024T18:52:03 - [MESSAGE][PASSED] - Attribute 'value' of object 'Object Repository/Employee-Onboarding/Page_OrangeHRM/input_Employee Full Name_firstName' is: 'Sarah'

26-12-2024T18:52:03 - [TEST_STEP][PASSED] - comment("Step 10: Retrieve the entered last name and convert it to lowercase"): Step 10: Retrieve the entered last name and convert it to lowercase

26-12-2024T18:52:03 - [MESSAGE][INFO] - Step 10: Retrieve the entered last name and convert it to lowercase

26-12-2024T18:52:03 - [TEST_STEP][PASSED] - lastname = getAttribute(findTestObject("Object Repository/Employee-Onboarding/Page_OrangeHRM/input_Employee Full Name_lastName"), "value").toLowerCase(): Attribute 'value' of object 'Object Repository/Employee-Onboarding/Page_OrangeHRM/input_Employee Full Name_lastName' is: 'Zhang'

26-12-2024T18:52:03 - [MESSAGE][PASSED] - Attribute 'value' of object 'Object Repository/Employee-Onboarding/Page_OrangeHRM/input_Employee Full Name_lastName' is: 'Zhang'

26-12-2024T18:52:03 - [TEST_STEP][PASSED] - comment("Step 11: Concatenate the first and last names to generate a username"): Step 11: Concatenate the first and last names to generate a username

26-12-2024T18:52:03 - [MESSAGE][INFO] - Step 11: Concatenate the first and last names to generate a username

26-12-2024T18:52:03 - [TEST_STEP][PASSED] - username = firstname + "." + lastname: null

26-12-2024T18:52:03 - [TEST_STEP][PASSED] - comment("Step 12: Set the username field with the generated username"): Step 12: Set the username field with the generated username

26-12-2024T18:52:03 - [MESSAGE][INFO] - Step 12: Set the username field with the generated username

26-12-2024T18:52:03 - [TEST_STEP][PASSED] - setText(findTestObject("Object Repository/Employee-Onboarding/Page_OrangeHRM/input_Username_oxd-input oxd-input--focus"), username): Text 'sarah.zhang' is set on object 'Object Repository/Employee-Onboarding/Page_OrangeHRM/input_Username_oxd-input oxd-input--focus'

26-12-2024T18:52:04 - [MESSAGE][PASSED] - Text 'sarah.zhang' is set on object 'Object Repository/Employee-Onboarding/Page_OrangeHRM/input_Username_oxd-input oxd-input--focus'

26-12-2024T18:52:04 - [TEST_STEP][PASSED] - comment("Step 13: Enter an encrypted password into the password field"): Step 13: Enter an encrypted password into the password field

26-12-2024T18:52:04 - [MESSAGE][INFO] - Step 13: Enter an encrypted password into the password field

26-12-2024T18:52:04 - [TEST_STEP][PASSED] - setEncryptedText(findTestObject("Object Repository/Employee-Onboarding/Page_OrangeHRM/input_Password_oxd-input oxd-input--active"), EmployeePassword): Text ****** has been set on object 'Object Repository/Employee-Onboarding/Page_OrangeHRM/input_Password_oxd-input oxd-input--active'

26-12-2024T18:52:04 - [MESSAGE][PASSED] - Text ****** has been set on object 'Object Repository/Employee-Onboarding/Page_OrangeHRM/input_Password_oxd-input oxd-input--active'

26-12-2024T18:52:04 - [TEST_STEP][PASSED] - comment("Step 14: Enter an encrypted password into the confirm password field"): Step 14: Enter an encrypted password into the confirm password field

26-12-2024T18:52:04 - [MESSAGE][INFO] - Step 14: Enter an encrypted password into the confirm password field

26-12-2024T18:52:04 - [TEST_STEP][PASSED] - setEncryptedText(findTestObject("Object Repository/Employee-Onboarding/Page_OrangeHRM/input_Confirm Password_oxd-input oxd-input-_a3aecb"), EmployeePassword): Text ****** has been set on object 'Object Repository/Employee-Onboarding/Page_OrangeHRM/input_Confirm Password_oxd-input oxd-input-_a3aecb'

26-12-2024T18:52:04 - [MESSAGE][PASSED] - Text ****** has been set on object 'Object Repository/Employee-Onboarding/Page_OrangeHRM/input_Confirm Password_oxd-input oxd-input-_a3aecb'

26-12-2024T18:52:04 - [TEST_STEP][PASSED] - comment("Step 15: Click the "Save" button to finalize adding the new employee"): Step 15: Click the "Save" button to finalize adding the new employee

26-12-2024T18:52:04 - [MESSAGE][INFO] - Step 15: Click the "Save" button to finalize adding the new employee

26-12-2024T18:52:04 - [TEST_STEP][PASSED] - click(findTestObject("Object Repository/Employee-Onboarding/Page_OrangeHRM/button_Save")): Object: 'Object Repository/Employee-Onboarding/Page_OrangeHRM/button_Save' is clicked on

26-12-2024T18:52:04 - [MESSAGE][PASSED] - Object: 'Object Repository/Employee-Onboarding/Page_OrangeHRM/button_Save' is clicked on

26-12-2024T18:52:04 - [TEST_STEP][PASSED] - delay(2): Delayed 2 second(s)

26-12-2024T18:52:06 - [MESSAGE][PASSED] - Delayed 2 second(s)]]></system-out>
         <system-err><![CDATA[]]></system-err>
      </testcase>
      <testcase name="Test Cases/Employee_Onboarding/TC_Employee_Onboarding" time="11.654" classname="Test Cases/Employee_Onboarding/TC_Employee_Onboarding" status="PASSED">
         <system-out><![CDATA[26-12-2024T18:52:06 - [TEST_CASE][PASSED] - Test Cases/Employee_Onboarding/TC_Employee_Onboarding: Test Cases/Employee_Onboarding/TC_Employee_Onboarding

26-12-2024T18:52:06 - [TEST_STEP][PASSED] - comment("Step 1: Click on the PIM module link"): Step 1: Click on the PIM module link

26-12-2024T18:52:06 - [MESSAGE][INFO] - Step 1: Click on the PIM module link

26-12-2024T18:52:06 - [TEST_STEP][PASSED] - click(findTestObject("Object Repository/Employee-Onboarding/Page_OrangeHRM/a_PIM")): Object: 'Object Repository/Employee-Onboarding/Page_OrangeHRM/a_PIM' is clicked on

26-12-2024T18:52:08 - [MESSAGE][PASSED] - Object: 'Object Repository/Employee-Onboarding/Page_OrangeHRM/a_PIM' is clicked on

26-12-2024T18:52:08 - [TEST_STEP][PASSED] - comment("Step 2: Click the "Add" button to add a new employee"): Step 2: Click the "Add" button to add a new employee

26-12-2024T18:52:08 - [MESSAGE][INFO] - Step 2: Click the "Add" button to add a new employee

26-12-2024T18:52:08 - [TEST_STEP][PASSED] - click(findTestObject("Object Repository/Employee-Onboarding/Page_OrangeHRM/button_Add")): Object: 'Object Repository/Employee-Onboarding/Page_OrangeHRM/button_Add' is clicked on

26-12-2024T18:52:11 - [MESSAGE][PASSED] - Object: 'Object Repository/Employee-Onboarding/Page_OrangeHRM/button_Add' is clicked on

26-12-2024T18:52:11 - [TEST_STEP][PASSED] - comment("Step 3: Focus on the "First Name" input field"): Step 3: Focus on the "First Name" input field

26-12-2024T18:52:11 - [MESSAGE][INFO] - Step 3: Focus on the "First Name" input field

26-12-2024T18:52:11 - [TEST_STEP][PASSED] - click(findTestObject("Object Repository/Employee-Onboarding/Page_OrangeHRM/input_Employee Full Name_firstName")): Object: 'Object Repository/Employee-Onboarding/Page_OrangeHRM/input_Employee Full Name_firstName' is clicked on

26-12-2024T18:52:12 - [MESSAGE][PASSED] - Object: 'Object Repository/Employee-Onboarding/Page_OrangeHRM/input_Employee Full Name_firstName' is clicked on

26-12-2024T18:52:12 - [TEST_STEP][PASSED] - comment("Step 4: Enter the employee's first name"): Step 4: Enter the employee's first name

26-12-2024T18:52:12 - [MESSAGE][INFO] - Step 4: Enter the employee's first name

26-12-2024T18:52:12 - [TEST_STEP][PASSED] - setText(findTestObject("Object Repository/Employee-Onboarding/Page_OrangeHRM/input_Employee Full Name_firstName"), Firstname): Text 'Rick' is set on object 'Object Repository/Employee-Onboarding/Page_OrangeHRM/input_Employee Full Name_firstName'

26-12-2024T18:52:13 - [MESSAGE][PASSED] - Text 'Rick' is set on object 'Object Repository/Employee-Onboarding/Page_OrangeHRM/input_Employee Full Name_firstName'

26-12-2024T18:52:13 - [TEST_STEP][PASSED] - comment("Step 5: Enter the employee's last name"): Step 5: Enter the employee's last name

26-12-2024T18:52:13 - [MESSAGE][INFO] - Step 5: Enter the employee's last name

26-12-2024T18:52:13 - [TEST_STEP][PASSED] - setText(findTestObject("Object Repository/Employee-Onboarding/Page_OrangeHRM/input_Employee Full Name_lastName"), Lastname): Text 'King' is set on object 'Object Repository/Employee-Onboarding/Page_OrangeHRM/input_Employee Full Name_lastName'

26-12-2024T18:52:13 - [MESSAGE][PASSED] - Text 'King' is set on object 'Object Repository/Employee-Onboarding/Page_OrangeHRM/input_Employee Full Name_lastName'

26-12-2024T18:52:13 - [TEST_STEP][PASSED] - comment("Step 6: Clear the default value in the "Employee ID" field"): Step 6: Clear the default value in the "Employee ID" field

26-12-2024T18:52:13 - [MESSAGE][INFO] - Step 6: Clear the default value in the "Employee ID" field

26-12-2024T18:52:13 - [TEST_STEP][PASSED] - clearText(findTestObject("Object Repository/Employee-Onboarding/Page_OrangeHRM/input_Employee Id_oxd-input oxd-input--focus")): Text of object 'Object Repository/Employee-Onboarding/Page_OrangeHRM/input_Employee Id_oxd-input oxd-input--focus' is cleared

26-12-2024T18:52:13 - [MESSAGE][PASSED] - Text of object 'Object Repository/Employee-Onboarding/Page_OrangeHRM/input_Employee Id_oxd-input oxd-input--focus' is cleared

26-12-2024T18:52:13 - [TEST_STEP][PASSED] - comment("Step 7: Set the employee ID field with a new value"): Step 7: Set the employee ID field with a new value

26-12-2024T18:52:13 - [MESSAGE][INFO] - Step 7: Set the employee ID field with a new value

26-12-2024T18:52:13 - [TEST_STEP][PASSED] - setText(findTestObject("Object Repository/Employee-Onboarding/Page_OrangeHRM/input_Employee Id_oxd-input oxd-input--focus"), ""): Text '' is set on object 'Object Repository/Employee-Onboarding/Page_OrangeHRM/input_Employee Id_oxd-input oxd-input--focus'

26-12-2024T18:52:14 - [MESSAGE][PASSED] - Text '' is set on object 'Object Repository/Employee-Onboarding/Page_OrangeHRM/input_Employee Id_oxd-input oxd-input--focus'

26-12-2024T18:52:14 - [TEST_STEP][PASSED] - comment("Step 8: Toggle the switch related to the Employee ID"): Step 8: Toggle the switch related to the Employee ID

26-12-2024T18:52:14 - [MESSAGE][INFO] - Step 8: Toggle the switch related to the Employee ID

26-12-2024T18:52:14 - [TEST_STEP][PASSED] - click(findTestObject("Object Repository/Employee-Onboarding/Page_OrangeHRM/span_Employee Id_oxd-switch-input oxd-switc_efe210")): Object: 'Object Repository/Employee-Onboarding/Page_OrangeHRM/span_Employee Id_oxd-switch-input oxd-switc_efe210' is clicked on

26-12-2024T18:52:14 - [MESSAGE][PASSED] - Object: 'Object Repository/Employee-Onboarding/Page_OrangeHRM/span_Employee Id_oxd-switch-input oxd-switc_efe210' is clicked on

26-12-2024T18:52:14 - [TEST_STEP][PASSED] - comment("Step 9: Retrieve the entered first name and convert it to lowercase"): Step 9: Retrieve the entered first name and convert it to lowercase

26-12-2024T18:52:14 - [MESSAGE][INFO] - Step 9: Retrieve the entered first name and convert it to lowercase

26-12-2024T18:52:14 - [TEST_STEP][PASSED] - firstname = getAttribute(findTestObject("Object Repository/Employee-Onboarding/Page_OrangeHRM/input_Employee Full Name_firstName"), "value").toLowerCase(): Attribute 'value' of object 'Object Repository/Employee-Onboarding/Page_OrangeHRM/input_Employee Full Name_firstName' is: 'Rick'

26-12-2024T18:52:15 - [MESSAGE][PASSED] - Attribute 'value' of object 'Object Repository/Employee-Onboarding/Page_OrangeHRM/input_Employee Full Name_firstName' is: 'Rick'

26-12-2024T18:52:15 - [TEST_STEP][PASSED] - comment("Step 10: Retrieve the entered last name and convert it to lowercase"): Step 10: Retrieve the entered last name and convert it to lowercase

26-12-2024T18:52:15 - [MESSAGE][INFO] - Step 10: Retrieve the entered last name and convert it to lowercase

26-12-2024T18:52:15 - [TEST_STEP][PASSED] - lastname = getAttribute(findTestObject("Object Repository/Employee-Onboarding/Page_OrangeHRM/input_Employee Full Name_lastName"), "value").toLowerCase(): Attribute 'value' of object 'Object Repository/Employee-Onboarding/Page_OrangeHRM/input_Employee Full Name_lastName' is: 'King'

26-12-2024T18:52:15 - [MESSAGE][PASSED] - Attribute 'value' of object 'Object Repository/Employee-Onboarding/Page_OrangeHRM/input_Employee Full Name_lastName' is: 'King'

26-12-2024T18:52:15 - [TEST_STEP][PASSED] - comment("Step 11: Concatenate the first and last names to generate a username"): Step 11: Concatenate the first and last names to generate a username

26-12-2024T18:52:15 - [MESSAGE][INFO] - Step 11: Concatenate the first and last names to generate a username

26-12-2024T18:52:15 - [TEST_STEP][PASSED] - username = firstname + "." + lastname: null

26-12-2024T18:52:15 - [TEST_STEP][PASSED] - comment("Step 12: Set the username field with the generated username"): Step 12: Set the username field with the generated username

26-12-2024T18:52:15 - [MESSAGE][INFO] - Step 12: Set the username field with the generated username

26-12-2024T18:52:15 - [TEST_STEP][PASSED] - setText(findTestObject("Object Repository/Employee-Onboarding/Page_OrangeHRM/input_Username_oxd-input oxd-input--focus"), username): Text 'rick.king' is set on object 'Object Repository/Employee-Onboarding/Page_OrangeHRM/input_Username_oxd-input oxd-input--focus'

26-12-2024T18:52:15 - [MESSAGE][PASSED] - Text 'rick.king' is set on object 'Object Repository/Employee-Onboarding/Page_OrangeHRM/input_Username_oxd-input oxd-input--focus'

26-12-2024T18:52:15 - [TEST_STEP][PASSED] - comment("Step 13: Enter an encrypted password into the password field"): Step 13: Enter an encrypted password into the password field

26-12-2024T18:52:15 - [MESSAGE][INFO] - Step 13: Enter an encrypted password into the password field

26-12-2024T18:52:15 - [TEST_STEP][PASSED] - setEncryptedText(findTestObject("Object Repository/Employee-Onboarding/Page_OrangeHRM/input_Password_oxd-input oxd-input--active"), EmployeePassword): Text ****** has been set on object 'Object Repository/Employee-Onboarding/Page_OrangeHRM/input_Password_oxd-input oxd-input--active'

26-12-2024T18:52:16 - [MESSAGE][PASSED] - Text ****** has been set on object 'Object Repository/Employee-Onboarding/Page_OrangeHRM/input_Password_oxd-input oxd-input--active'

26-12-2024T18:52:16 - [TEST_STEP][PASSED] - comment("Step 14: Enter an encrypted password into the confirm password field"): Step 14: Enter an encrypted password into the confirm password field

26-12-2024T18:52:16 - [MESSAGE][INFO] - Step 14: Enter an encrypted password into the confirm password field

26-12-2024T18:52:16 - [TEST_STEP][PASSED] - setEncryptedText(findTestObject("Object Repository/Employee-Onboarding/Page_OrangeHRM/input_Confirm Password_oxd-input oxd-input-_a3aecb"), EmployeePassword): Text ****** has been set on object 'Object Repository/Employee-Onboarding/Page_OrangeHRM/input_Confirm Password_oxd-input oxd-input-_a3aecb'

26-12-2024T18:52:16 - [MESSAGE][PASSED] - Text ****** has been set on object 'Object Repository/Employee-Onboarding/Page_OrangeHRM/input_Confirm Password_oxd-input oxd-input-_a3aecb'

26-12-2024T18:52:16 - [TEST_STEP][PASSED] - comment("Step 15: Click the "Save" button to finalize adding the new employee"): Step 15: Click the "Save" button to finalize adding the new employee

26-12-2024T18:52:16 - [MESSAGE][INFO] - Step 15: Click the "Save" button to finalize adding the new employee

26-12-2024T18:52:16 - [TEST_STEP][PASSED] - click(findTestObject("Object Repository/Employee-Onboarding/Page_OrangeHRM/button_Save")): Object: 'Object Repository/Employee-Onboarding/Page_OrangeHRM/button_Save' is clicked on

26-12-2024T18:52:16 - [MESSAGE][PASSED] - Object: 'Object Repository/Employee-Onboarding/Page_OrangeHRM/button_Save' is clicked on

26-12-2024T18:52:16 - [TEST_STEP][PASSED] - delay(2): Delayed 2 second(s)

26-12-2024T18:52:18 - [MESSAGE][PASSED] - Delayed 2 second(s)]]></system-out>
         <system-err><![CDATA[]]></system-err>
      </testcase>
      <testcase name="Test Cases/Employee_Onboarding/TC_Employee_Onboarding" time="11.497" classname="Test Cases/Employee_Onboarding/TC_Employee_Onboarding" status="PASSED">
         <system-out><![CDATA[26-12-2024T18:52:18 - [TEST_CASE][PASSED] - Test Cases/Employee_Onboarding/TC_Employee_Onboarding: Test Cases/Employee_Onboarding/TC_Employee_Onboarding

26-12-2024T18:52:18 - [TEST_STEP][PASSED] - comment("Step 1: Click on the PIM module link"): Step 1: Click on the PIM module link

26-12-2024T18:52:18 - [MESSAGE][INFO] - Step 1: Click on the PIM module link

26-12-2024T18:52:18 - [TEST_STEP][PASSED] - click(findTestObject("Object Repository/Employee-Onboarding/Page_OrangeHRM/a_PIM")): Object: 'Object Repository/Employee-Onboarding/Page_OrangeHRM/a_PIM' is clicked on

26-12-2024T18:52:20 - [MESSAGE][PASSED] - Object: 'Object Repository/Employee-Onboarding/Page_OrangeHRM/a_PIM' is clicked on

26-12-2024T18:52:20 - [TEST_STEP][PASSED] - comment("Step 2: Click the "Add" button to add a new employee"): Step 2: Click the "Add" button to add a new employee

26-12-2024T18:52:20 - [MESSAGE][INFO] - Step 2: Click the "Add" button to add a new employee

26-12-2024T18:52:20 - [TEST_STEP][PASSED] - click(findTestObject("Object Repository/Employee-Onboarding/Page_OrangeHRM/button_Add")): Object: 'Object Repository/Employee-Onboarding/Page_OrangeHRM/button_Add' is clicked on

26-12-2024T18:52:22 - [MESSAGE][PASSED] - Object: 'Object Repository/Employee-Onboarding/Page_OrangeHRM/button_Add' is clicked on

26-12-2024T18:52:22 - [TEST_STEP][PASSED] - comment("Step 3: Focus on the "First Name" input field"): Step 3: Focus on the "First Name" input field

26-12-2024T18:52:22 - [MESSAGE][INFO] - Step 3: Focus on the "First Name" input field

26-12-2024T18:52:22 - [TEST_STEP][PASSED] - click(findTestObject("Object Repository/Employee-Onboarding/Page_OrangeHRM/input_Employee Full Name_firstName")): Object: 'Object Repository/Employee-Onboarding/Page_OrangeHRM/input_Employee Full Name_firstName' is clicked on

26-12-2024T18:52:24 - [MESSAGE][PASSED] - Object: 'Object Repository/Employee-Onboarding/Page_OrangeHRM/input_Employee Full Name_firstName' is clicked on

26-12-2024T18:52:24 - [TEST_STEP][PASSED] - comment("Step 4: Enter the employee's first name"): Step 4: Enter the employee's first name

26-12-2024T18:52:24 - [MESSAGE][INFO] - Step 4: Enter the employee's first name

26-12-2024T18:52:24 - [TEST_STEP][PASSED] - setText(findTestObject("Object Repository/Employee-Onboarding/Page_OrangeHRM/input_Employee Full Name_firstName"), Firstname): Text 'Leslie' is set on object 'Object Repository/Employee-Onboarding/Page_OrangeHRM/input_Employee Full Name_firstName'

26-12-2024T18:52:24 - [MESSAGE][PASSED] - Text 'Leslie' is set on object 'Object Repository/Employee-Onboarding/Page_OrangeHRM/input_Employee Full Name_firstName'

26-12-2024T18:52:24 - [TEST_STEP][PASSED] - comment("Step 5: Enter the employee's last name"): Step 5: Enter the employee's last name

26-12-2024T18:52:24 - [MESSAGE][INFO] - Step 5: Enter the employee's last name

26-12-2024T18:52:24 - [TEST_STEP][PASSED] - setText(findTestObject("Object Repository/Employee-Onboarding/Page_OrangeHRM/input_Employee Full Name_lastName"), Lastname): Text 'Phelps' is set on object 'Object Repository/Employee-Onboarding/Page_OrangeHRM/input_Employee Full Name_lastName'

26-12-2024T18:52:25 - [MESSAGE][PASSED] - Text 'Phelps' is set on object 'Object Repository/Employee-Onboarding/Page_OrangeHRM/input_Employee Full Name_lastName'

26-12-2024T18:52:25 - [TEST_STEP][PASSED] - comment("Step 6: Clear the default value in the "Employee ID" field"): Step 6: Clear the default value in the "Employee ID" field

26-12-2024T18:52:25 - [MESSAGE][INFO] - Step 6: Clear the default value in the "Employee ID" field

26-12-2024T18:52:25 - [TEST_STEP][PASSED] - clearText(findTestObject("Object Repository/Employee-Onboarding/Page_OrangeHRM/input_Employee Id_oxd-input oxd-input--focus")): Text of object 'Object Repository/Employee-Onboarding/Page_OrangeHRM/input_Employee Id_oxd-input oxd-input--focus' is cleared

26-12-2024T18:52:25 - [MESSAGE][PASSED] - Text of object 'Object Repository/Employee-Onboarding/Page_OrangeHRM/input_Employee Id_oxd-input oxd-input--focus' is cleared

26-12-2024T18:52:25 - [TEST_STEP][PASSED] - comment("Step 7: Set the employee ID field with a new value"): Step 7: Set the employee ID field with a new value

26-12-2024T18:52:25 - [MESSAGE][INFO] - Step 7: Set the employee ID field with a new value

26-12-2024T18:52:25 - [TEST_STEP][PASSED] - setText(findTestObject("Object Repository/Employee-Onboarding/Page_OrangeHRM/input_Employee Id_oxd-input oxd-input--focus"), ""): Text '' is set on object 'Object Repository/Employee-Onboarding/Page_OrangeHRM/input_Employee Id_oxd-input oxd-input--focus'

26-12-2024T18:52:25 - [MESSAGE][PASSED] - Text '' is set on object 'Object Repository/Employee-Onboarding/Page_OrangeHRM/input_Employee Id_oxd-input oxd-input--focus'

26-12-2024T18:52:25 - [TEST_STEP][PASSED] - comment("Step 8: Toggle the switch related to the Employee ID"): Step 8: Toggle the switch related to the Employee ID

26-12-2024T18:52:25 - [MESSAGE][INFO] - Step 8: Toggle the switch related to the Employee ID

26-12-2024T18:52:25 - [TEST_STEP][PASSED] - click(findTestObject("Object Repository/Employee-Onboarding/Page_OrangeHRM/span_Employee Id_oxd-switch-input oxd-switc_efe210")): Object: 'Object Repository/Employee-Onboarding/Page_OrangeHRM/span_Employee Id_oxd-switch-input oxd-switc_efe210' is clicked on

26-12-2024T18:52:26 - [MESSAGE][PASSED] - Object: 'Object Repository/Employee-Onboarding/Page_OrangeHRM/span_Employee Id_oxd-switch-input oxd-switc_efe210' is clicked on

26-12-2024T18:52:26 - [TEST_STEP][PASSED] - comment("Step 9: Retrieve the entered first name and convert it to lowercase"): Step 9: Retrieve the entered first name and convert it to lowercase

26-12-2024T18:52:26 - [MESSAGE][INFO] - Step 9: Retrieve the entered first name and convert it to lowercase

26-12-2024T18:52:26 - [TEST_STEP][PASSED] - firstname = getAttribute(findTestObject("Object Repository/Employee-Onboarding/Page_OrangeHRM/input_Employee Full Name_firstName"), "value").toLowerCase(): Attribute 'value' of object 'Object Repository/Employee-Onboarding/Page_OrangeHRM/input_Employee Full Name_firstName' is: 'Leslie'

26-12-2024T18:52:26 - [MESSAGE][PASSED] - Attribute 'value' of object 'Object Repository/Employee-Onboarding/Page_OrangeHRM/input_Employee Full Name_firstName' is: 'Leslie'

26-12-2024T18:52:26 - [TEST_STEP][PASSED] - comment("Step 10: Retrieve the entered last name and convert it to lowercase"): Step 10: Retrieve the entered last name and convert it to lowercase

26-12-2024T18:52:26 - [MESSAGE][INFO] - Step 10: Retrieve the entered last name and convert it to lowercase

26-12-2024T18:52:26 - [TEST_STEP][PASSED] - lastname = getAttribute(findTestObject("Object Repository/Employee-Onboarding/Page_OrangeHRM/input_Employee Full Name_lastName"), "value").toLowerCase(): Attribute 'value' of object 'Object Repository/Employee-Onboarding/Page_OrangeHRM/input_Employee Full Name_lastName' is: 'Phelps'

26-12-2024T18:52:26 - [MESSAGE][PASSED] - Attribute 'value' of object 'Object Repository/Employee-Onboarding/Page_OrangeHRM/input_Employee Full Name_lastName' is: 'Phelps'

26-12-2024T18:52:26 - [TEST_STEP][PASSED] - comment("Step 11: Concatenate the first and last names to generate a username"): Step 11: Concatenate the first and last names to generate a username

26-12-2024T18:52:26 - [MESSAGE][INFO] - Step 11: Concatenate the first and last names to generate a username

26-12-2024T18:52:26 - [TEST_STEP][PASSED] - username = firstname + "." + lastname: null

26-12-2024T18:52:26 - [TEST_STEP][PASSED] - comment("Step 12: Set the username field with the generated username"): Step 12: Set the username field with the generated username

26-12-2024T18:52:26 - [MESSAGE][INFO] - Step 12: Set the username field with the generated username

26-12-2024T18:52:26 - [TEST_STEP][PASSED] - setText(findTestObject("Object Repository/Employee-Onboarding/Page_OrangeHRM/input_Username_oxd-input oxd-input--focus"), username): Text 'leslie.phelps' is set on object 'Object Repository/Employee-Onboarding/Page_OrangeHRM/input_Username_oxd-input oxd-input--focus'

26-12-2024T18:52:27 - [MESSAGE][PASSED] - Text 'leslie.phelps' is set on object 'Object Repository/Employee-Onboarding/Page_OrangeHRM/input_Username_oxd-input oxd-input--focus'

26-12-2024T18:52:27 - [TEST_STEP][PASSED] - comment("Step 13: Enter an encrypted password into the password field"): Step 13: Enter an encrypted password into the password field

26-12-2024T18:52:27 - [MESSAGE][INFO] - Step 13: Enter an encrypted password into the password field

26-12-2024T18:52:27 - [TEST_STEP][PASSED] - setEncryptedText(findTestObject("Object Repository/Employee-Onboarding/Page_OrangeHRM/input_Password_oxd-input oxd-input--active"), EmployeePassword): Text ****** has been set on object 'Object Repository/Employee-Onboarding/Page_OrangeHRM/input_Password_oxd-input oxd-input--active'

26-12-2024T18:52:27 - [MESSAGE][PASSED] - Text ****** has been set on object 'Object Repository/Employee-Onboarding/Page_OrangeHRM/input_Password_oxd-input oxd-input--active'

26-12-2024T18:52:27 - [TEST_STEP][PASSED] - comment("Step 14: Enter an encrypted password into the confirm password field"): Step 14: Enter an encrypted password into the confirm password field

26-12-2024T18:52:27 - [MESSAGE][INFO] - Step 14: Enter an encrypted password into the confirm password field

26-12-2024T18:52:27 - [TEST_STEP][PASSED] - setEncryptedText(findTestObject("Object Repository/Employee-Onboarding/Page_OrangeHRM/input_Confirm Password_oxd-input oxd-input-_a3aecb"), EmployeePassword): Text ****** has been set on object 'Object Repository/Employee-Onboarding/Page_OrangeHRM/input_Confirm Password_oxd-input oxd-input-_a3aecb'

26-12-2024T18:52:28 - [MESSAGE][PASSED] - Text ****** has been set on object 'Object Repository/Employee-Onboarding/Page_OrangeHRM/input_Confirm Password_oxd-input oxd-input-_a3aecb'

26-12-2024T18:52:28 - [TEST_STEP][PASSED] - comment("Step 15: Click the "Save" button to finalize adding the new employee"): Step 15: Click the "Save" button to finalize adding the new employee

26-12-2024T18:52:28 - [MESSAGE][INFO] - Step 15: Click the "Save" button to finalize adding the new employee

26-12-2024T18:52:28 - [TEST_STEP][PASSED] - click(findTestObject("Object Repository/Employee-Onboarding/Page_OrangeHRM/button_Save")): Object: 'Object Repository/Employee-Onboarding/Page_OrangeHRM/button_Save' is clicked on

26-12-2024T18:52:28 - [MESSAGE][PASSED] - Object: 'Object Repository/Employee-Onboarding/Page_OrangeHRM/button_Save' is clicked on

26-12-2024T18:52:28 - [TEST_STEP][PASSED] - delay(2): Delayed 2 second(s)

26-12-2024T18:52:30 - [MESSAGE][PASSED] - Delayed 2 second(s)]]></system-out>
         <system-err><![CDATA[]]></system-err>
      </testcase>
      <testcase name="Test Cases/Employee_Onboarding/TC_Employee_Onboarding" time="11.652" classname="Test Cases/Employee_Onboarding/TC_Employee_Onboarding" status="PASSED">
         <system-out><![CDATA[26-12-2024T18:52:30 - [TEST_CASE][PASSED] - Test Cases/Employee_Onboarding/TC_Employee_Onboarding: Test Cases/Employee_Onboarding/TC_Employee_Onboarding

26-12-2024T18:52:30 - [TEST_STEP][PASSED] - comment("Step 1: Click on the PIM module link"): Step 1: Click on the PIM module link

26-12-2024T18:52:30 - [MESSAGE][INFO] - Step 1: Click on the PIM module link

26-12-2024T18:52:30 - [TEST_STEP][PASSED] - click(findTestObject("Object Repository/Employee-Onboarding/Page_OrangeHRM/a_PIM")): Object: 'Object Repository/Employee-Onboarding/Page_OrangeHRM/a_PIM' is clicked on

26-12-2024T18:52:31 - [MESSAGE][PASSED] - Object: 'Object Repository/Employee-Onboarding/Page_OrangeHRM/a_PIM' is clicked on

26-12-2024T18:52:31 - [TEST_STEP][PASSED] - comment("Step 2: Click the "Add" button to add a new employee"): Step 2: Click the "Add" button to add a new employee

26-12-2024T18:52:31 - [MESSAGE][INFO] - Step 2: Click the "Add" button to add a new employee

26-12-2024T18:52:31 - [TEST_STEP][PASSED] - click(findTestObject("Object Repository/Employee-Onboarding/Page_OrangeHRM/button_Add")): Object: 'Object Repository/Employee-Onboarding/Page_OrangeHRM/button_Add' is clicked on

26-12-2024T18:52:34 - [MESSAGE][PASSED] - Object: 'Object Repository/Employee-Onboarding/Page_OrangeHRM/button_Add' is clicked on

26-12-2024T18:52:34 - [TEST_STEP][PASSED] - comment("Step 3: Focus on the "First Name" input field"): Step 3: Focus on the "First Name" input field

26-12-2024T18:52:34 - [MESSAGE][INFO] - Step 3: Focus on the "First Name" input field

26-12-2024T18:52:34 - [TEST_STEP][PASSED] - click(findTestObject("Object Repository/Employee-Onboarding/Page_OrangeHRM/input_Employee Full Name_firstName")): Object: 'Object Repository/Employee-Onboarding/Page_OrangeHRM/input_Employee Full Name_firstName' is clicked on

26-12-2024T18:52:35 - [MESSAGE][PASSED] - Object: 'Object Repository/Employee-Onboarding/Page_OrangeHRM/input_Employee Full Name_firstName' is clicked on

26-12-2024T18:52:35 - [TEST_STEP][PASSED] - comment("Step 4: Enter the employee's first name"): Step 4: Enter the employee's first name

26-12-2024T18:52:35 - [MESSAGE][INFO] - Step 4: Enter the employee's first name

26-12-2024T18:52:35 - [TEST_STEP][PASSED] - setText(findTestObject("Object Repository/Employee-Onboarding/Page_OrangeHRM/input_Employee Full Name_firstName"), Firstname): Text 'Dominique' is set on object 'Object Repository/Employee-Onboarding/Page_OrangeHRM/input_Employee Full Name_firstName'

26-12-2024T18:52:36 - [MESSAGE][PASSED] - Text 'Dominique' is set on object 'Object Repository/Employee-Onboarding/Page_OrangeHRM/input_Employee Full Name_firstName'

26-12-2024T18:52:36 - [TEST_STEP][PASSED] - comment("Step 5: Enter the employee's last name"): Step 5: Enter the employee's last name

26-12-2024T18:52:36 - [MESSAGE][INFO] - Step 5: Enter the employee's last name

26-12-2024T18:52:36 - [TEST_STEP][PASSED] - setText(findTestObject("Object Repository/Employee-Onboarding/Page_OrangeHRM/input_Employee Full Name_lastName"), Lastname): Text 'Davis' is set on object 'Object Repository/Employee-Onboarding/Page_OrangeHRM/input_Employee Full Name_lastName'

26-12-2024T18:52:36 - [MESSAGE][PASSED] - Text 'Davis' is set on object 'Object Repository/Employee-Onboarding/Page_OrangeHRM/input_Employee Full Name_lastName'

26-12-2024T18:52:36 - [TEST_STEP][PASSED] - comment("Step 6: Clear the default value in the "Employee ID" field"): Step 6: Clear the default value in the "Employee ID" field

26-12-2024T18:52:36 - [MESSAGE][INFO] - Step 6: Clear the default value in the "Employee ID" field

26-12-2024T18:52:36 - [TEST_STEP][PASSED] - clearText(findTestObject("Object Repository/Employee-Onboarding/Page_OrangeHRM/input_Employee Id_oxd-input oxd-input--focus")): Text of object 'Object Repository/Employee-Onboarding/Page_OrangeHRM/input_Employee Id_oxd-input oxd-input--focus' is cleared

26-12-2024T18:52:37 - [MESSAGE][PASSED] - Text of object 'Object Repository/Employee-Onboarding/Page_OrangeHRM/input_Employee Id_oxd-input oxd-input--focus' is cleared

26-12-2024T18:52:37 - [TEST_STEP][PASSED] - comment("Step 7: Set the employee ID field with a new value"): Step 7: Set the employee ID field with a new value

26-12-2024T18:52:37 - [MESSAGE][INFO] - Step 7: Set the employee ID field with a new value

26-12-2024T18:52:37 - [TEST_STEP][PASSED] - setText(findTestObject("Object Repository/Employee-Onboarding/Page_OrangeHRM/input_Employee Id_oxd-input oxd-input--focus"), ""): Text '' is set on object 'Object Repository/Employee-Onboarding/Page_OrangeHRM/input_Employee Id_oxd-input oxd-input--focus'

26-12-2024T18:52:37 - [MESSAGE][PASSED] - Text '' is set on object 'Object Repository/Employee-Onboarding/Page_OrangeHRM/input_Employee Id_oxd-input oxd-input--focus'

26-12-2024T18:52:37 - [TEST_STEP][PASSED] - comment("Step 8: Toggle the switch related to the Employee ID"): Step 8: Toggle the switch related to the Employee ID

26-12-2024T18:52:37 - [MESSAGE][INFO] - Step 8: Toggle the switch related to the Employee ID

26-12-2024T18:52:37 - [TEST_STEP][PASSED] - click(findTestObject("Object Repository/Employee-Onboarding/Page_OrangeHRM/span_Employee Id_oxd-switch-input oxd-switc_efe210")): Object: 'Object Repository/Employee-Onboarding/Page_OrangeHRM/span_Employee Id_oxd-switch-input oxd-switc_efe210' is clicked on

26-12-2024T18:52:37 - [MESSAGE][PASSED] - Object: 'Object Repository/Employee-Onboarding/Page_OrangeHRM/span_Employee Id_oxd-switch-input oxd-switc_efe210' is clicked on

26-12-2024T18:52:37 - [TEST_STEP][PASSED] - comment("Step 9: Retrieve the entered first name and convert it to lowercase"): Step 9: Retrieve the entered first name and convert it to lowercase

26-12-2024T18:52:37 - [MESSAGE][INFO] - Step 9: Retrieve the entered first name and convert it to lowercase

26-12-2024T18:52:37 - [TEST_STEP][PASSED] - firstname = getAttribute(findTestObject("Object Repository/Employee-Onboarding/Page_OrangeHRM/input_Employee Full Name_firstName"), "value").toLowerCase(): Attribute 'value' of object 'Object Repository/Employee-Onboarding/Page_OrangeHRM/input_Employee Full Name_firstName' is: 'Dominique'

26-12-2024T18:52:38 - [MESSAGE][PASSED] - Attribute 'value' of object 'Object Repository/Employee-Onboarding/Page_OrangeHRM/input_Employee Full Name_firstName' is: 'Dominique'

26-12-2024T18:52:38 - [TEST_STEP][PASSED] - comment("Step 10: Retrieve the entered last name and convert it to lowercase"): Step 10: Retrieve the entered last name and convert it to lowercase

26-12-2024T18:52:38 - [MESSAGE][INFO] - Step 10: Retrieve the entered last name and convert it to lowercase

26-12-2024T18:52:38 - [TEST_STEP][PASSED] - lastname = getAttribute(findTestObject("Object Repository/Employee-Onboarding/Page_OrangeHRM/input_Employee Full Name_lastName"), "value").toLowerCase(): Attribute 'value' of object 'Object Repository/Employee-Onboarding/Page_OrangeHRM/input_Employee Full Name_lastName' is: 'Davis'

26-12-2024T18:52:38 - [MESSAGE][PASSED] - Attribute 'value' of object 'Object Repository/Employee-Onboarding/Page_OrangeHRM/input_Employee Full Name_lastName' is: 'Davis'

26-12-2024T18:52:38 - [TEST_STEP][PASSED] - comment("Step 11: Concatenate the first and last names to generate a username"): Step 11: Concatenate the first and last names to generate a username

26-12-2024T18:52:38 - [MESSAGE][INFO] - Step 11: Concatenate the first and last names to generate a username

26-12-2024T18:52:38 - [TEST_STEP][PASSED] - username = firstname + "." + lastname: null

26-12-2024T18:52:38 - [TEST_STEP][PASSED] - comment("Step 12: Set the username field with the generated username"): Step 12: Set the username field with the generated username

26-12-2024T18:52:38 - [MESSAGE][INFO] - Step 12: Set the username field with the generated username

26-12-2024T18:52:38 - [TEST_STEP][PASSED] - setText(findTestObject("Object Repository/Employee-Onboarding/Page_OrangeHRM/input_Username_oxd-input oxd-input--focus"), username): Text 'dominique.davis' is set on object 'Object Repository/Employee-Onboarding/Page_OrangeHRM/input_Username_oxd-input oxd-input--focus'

26-12-2024T18:52:38 - [MESSAGE][PASSED] - Text 'dominique.davis' is set on object 'Object Repository/Employee-Onboarding/Page_OrangeHRM/input_Username_oxd-input oxd-input--focus'

26-12-2024T18:52:38 - [TEST_STEP][PASSED] - comment("Step 13: Enter an encrypted password into the password field"): Step 13: Enter an encrypted password into the password field

26-12-2024T18:52:38 - [MESSAGE][INFO] - Step 13: Enter an encrypted password into the password field

26-12-2024T18:52:38 - [TEST_STEP][PASSED] - setEncryptedText(findTestObject("Object Repository/Employee-Onboarding/Page_OrangeHRM/input_Password_oxd-input oxd-input--active"), EmployeePassword): Text ****** has been set on object 'Object Repository/Employee-Onboarding/Page_OrangeHRM/input_Password_oxd-input oxd-input--active'

26-12-2024T18:52:39 - [MESSAGE][PASSED] - Text ****** has been set on object 'Object Repository/Employee-Onboarding/Page_OrangeHRM/input_Password_oxd-input oxd-input--active'

26-12-2024T18:52:39 - [TEST_STEP][PASSED] - comment("Step 14: Enter an encrypted password into the confirm password field"): Step 14: Enter an encrypted password into the confirm password field

26-12-2024T18:52:39 - [MESSAGE][INFO] - Step 14: Enter an encrypted password into the confirm password field

26-12-2024T18:52:39 - [TEST_STEP][PASSED] - setEncryptedText(findTestObject("Object Repository/Employee-Onboarding/Page_OrangeHRM/input_Confirm Password_oxd-input oxd-input-_a3aecb"), EmployeePassword): Text ****** has been set on object 'Object Repository/Employee-Onboarding/Page_OrangeHRM/input_Confirm Password_oxd-input oxd-input-_a3aecb'

26-12-2024T18:52:39 - [MESSAGE][PASSED] - Text ****** has been set on object 'Object Repository/Employee-Onboarding/Page_OrangeHRM/input_Confirm Password_oxd-input oxd-input-_a3aecb'

26-12-2024T18:52:39 - [TEST_STEP][PASSED] - comment("Step 15: Click the "Save" button to finalize adding the new employee"): Step 15: Click the "Save" button to finalize adding the new employee

26-12-2024T18:52:39 - [MESSAGE][INFO] - Step 15: Click the "Save" button to finalize adding the new employee

26-12-2024T18:52:39 - [TEST_STEP][PASSED] - click(findTestObject("Object Repository/Employee-Onboarding/Page_OrangeHRM/button_Save")): Object: 'Object Repository/Employee-Onboarding/Page_OrangeHRM/button_Save' is clicked on

26-12-2024T18:52:39 - [MESSAGE][PASSED] - Object: 'Object Repository/Employee-Onboarding/Page_OrangeHRM/button_Save' is clicked on

26-12-2024T18:52:39 - [TEST_STEP][PASSED] - delay(2): Delayed 2 second(s)

26-12-2024T18:52:41 - [MESSAGE][PASSED] - Delayed 2 second(s)]]></system-out>
         <system-err><![CDATA[]]></system-err>
      </testcase>
      <testcase name="Test Cases/Employee_Onboarding/TC_Employee_Onboarding" time="11.799" classname="Test Cases/Employee_Onboarding/TC_Employee_Onboarding" status="PASSED">
         <system-out><![CDATA[26-12-2024T18:52:41 - [TEST_CASE][PASSED] - Test Cases/Employee_Onboarding/TC_Employee_Onboarding: Test Cases/Employee_Onboarding/TC_Employee_Onboarding

26-12-2024T18:52:41 - [TEST_STEP][PASSED] - comment("Step 1: Click on the PIM module link"): Step 1: Click on the PIM module link

26-12-2024T18:52:41 - [MESSAGE][INFO] - Step 1: Click on the PIM module link

26-12-2024T18:52:41 - [TEST_STEP][PASSED] - click(findTestObject("Object Repository/Employee-Onboarding/Page_OrangeHRM/a_PIM")): Object: 'Object Repository/Employee-Onboarding/Page_OrangeHRM/a_PIM' is clicked on

26-12-2024T18:52:43 - [MESSAGE][PASSED] - Object: 'Object Repository/Employee-Onboarding/Page_OrangeHRM/a_PIM' is clicked on

26-12-2024T18:52:43 - [TEST_STEP][PASSED] - comment("Step 2: Click the "Add" button to add a new employee"): Step 2: Click the "Add" button to add a new employee

26-12-2024T18:52:43 - [MESSAGE][INFO] - Step 2: Click the "Add" button to add a new employee

26-12-2024T18:52:43 - [TEST_STEP][PASSED] - click(findTestObject("Object Repository/Employee-Onboarding/Page_OrangeHRM/button_Add")): Object: 'Object Repository/Employee-Onboarding/Page_OrangeHRM/button_Add' is clicked on

26-12-2024T18:52:46 - [MESSAGE][PASSED] - Object: 'Object Repository/Employee-Onboarding/Page_OrangeHRM/button_Add' is clicked on

26-12-2024T18:52:46 - [TEST_STEP][PASSED] - comment("Step 3: Focus on the "First Name" input field"): Step 3: Focus on the "First Name" input field

26-12-2024T18:52:46 - [MESSAGE][INFO] - Step 3: Focus on the "First Name" input field

26-12-2024T18:52:46 - [TEST_STEP][PASSED] - click(findTestObject("Object Repository/Employee-Onboarding/Page_OrangeHRM/input_Employee Full Name_firstName")): Object: 'Object Repository/Employee-Onboarding/Page_OrangeHRM/input_Employee Full Name_firstName' is clicked on

26-12-2024T18:52:47 - [MESSAGE][PASSED] - Object: 'Object Repository/Employee-Onboarding/Page_OrangeHRM/input_Employee Full Name_firstName' is clicked on

26-12-2024T18:52:47 - [TEST_STEP][PASSED] - comment("Step 4: Enter the employee's first name"): Step 4: Enter the employee's first name

26-12-2024T18:52:47 - [MESSAGE][INFO] - Step 4: Enter the employee's first name

26-12-2024T18:52:47 - [TEST_STEP][PASSED] - setText(findTestObject("Object Repository/Employee-Onboarding/Page_OrangeHRM/input_Employee Full Name_firstName"), Firstname): Text 'Richard' is set on object 'Object Repository/Employee-Onboarding/Page_OrangeHRM/input_Employee Full Name_firstName'

26-12-2024T18:52:48 - [MESSAGE][PASSED] - Text 'Richard' is set on object 'Object Repository/Employee-Onboarding/Page_OrangeHRM/input_Employee Full Name_firstName'

26-12-2024T18:52:48 - [TEST_STEP][PASSED] - comment("Step 5: Enter the employee's last name"): Step 5: Enter the employee's last name

26-12-2024T18:52:48 - [MESSAGE][INFO] - Step 5: Enter the employee's last name

26-12-2024T18:52:48 - [TEST_STEP][PASSED] - setText(findTestObject("Object Repository/Employee-Onboarding/Page_OrangeHRM/input_Employee Full Name_lastName"), Lastname): Text 'Miranda' is set on object 'Object Repository/Employee-Onboarding/Page_OrangeHRM/input_Employee Full Name_lastName'

26-12-2024T18:52:48 - [MESSAGE][PASSED] - Text 'Miranda' is set on object 'Object Repository/Employee-Onboarding/Page_OrangeHRM/input_Employee Full Name_lastName'

26-12-2024T18:52:48 - [TEST_STEP][PASSED] - comment("Step 6: Clear the default value in the "Employee ID" field"): Step 6: Clear the default value in the "Employee ID" field

26-12-2024T18:52:48 - [MESSAGE][INFO] - Step 6: Clear the default value in the "Employee ID" field

26-12-2024T18:52:48 - [TEST_STEP][PASSED] - clearText(findTestObject("Object Repository/Employee-Onboarding/Page_OrangeHRM/input_Employee Id_oxd-input oxd-input--focus")): Text of object 'Object Repository/Employee-Onboarding/Page_OrangeHRM/input_Employee Id_oxd-input oxd-input--focus' is cleared

26-12-2024T18:52:48 - [MESSAGE][PASSED] - Text of object 'Object Repository/Employee-Onboarding/Page_OrangeHRM/input_Employee Id_oxd-input oxd-input--focus' is cleared

26-12-2024T18:52:48 - [TEST_STEP][PASSED] - comment("Step 7: Set the employee ID field with a new value"): Step 7: Set the employee ID field with a new value

26-12-2024T18:52:48 - [MESSAGE][INFO] - Step 7: Set the employee ID field with a new value

26-12-2024T18:52:48 - [TEST_STEP][PASSED] - setText(findTestObject("Object Repository/Employee-Onboarding/Page_OrangeHRM/input_Employee Id_oxd-input oxd-input--focus"), ""): Text '' is set on object 'Object Repository/Employee-Onboarding/Page_OrangeHRM/input_Employee Id_oxd-input oxd-input--focus'

26-12-2024T18:52:49 - [MESSAGE][PASSED] - Text '' is set on object 'Object Repository/Employee-Onboarding/Page_OrangeHRM/input_Employee Id_oxd-input oxd-input--focus'

26-12-2024T18:52:49 - [TEST_STEP][PASSED] - comment("Step 8: Toggle the switch related to the Employee ID"): Step 8: Toggle the switch related to the Employee ID

26-12-2024T18:52:49 - [MESSAGE][INFO] - Step 8: Toggle the switch related to the Employee ID

26-12-2024T18:52:49 - [TEST_STEP][PASSED] - click(findTestObject("Object Repository/Employee-Onboarding/Page_OrangeHRM/span_Employee Id_oxd-switch-input oxd-switc_efe210")): Object: 'Object Repository/Employee-Onboarding/Page_OrangeHRM/span_Employee Id_oxd-switch-input oxd-switc_efe210' is clicked on

26-12-2024T18:52:49 - [MESSAGE][PASSED] - Object: 'Object Repository/Employee-Onboarding/Page_OrangeHRM/span_Employee Id_oxd-switch-input oxd-switc_efe210' is clicked on

26-12-2024T18:52:49 - [TEST_STEP][PASSED] - comment("Step 9: Retrieve the entered first name and convert it to lowercase"): Step 9: Retrieve the entered first name and convert it to lowercase

26-12-2024T18:52:49 - [MESSAGE][INFO] - Step 9: Retrieve the entered first name and convert it to lowercase

26-12-2024T18:52:49 - [TEST_STEP][PASSED] - firstname = getAttribute(findTestObject("Object Repository/Employee-Onboarding/Page_OrangeHRM/input_Employee Full Name_firstName"), "value").toLowerCase(): Attribute 'value' of object 'Object Repository/Employee-Onboarding/Page_OrangeHRM/input_Employee Full Name_firstName' is: 'Richard'

26-12-2024T18:52:50 - [MESSAGE][PASSED] - Attribute 'value' of object 'Object Repository/Employee-Onboarding/Page_OrangeHRM/input_Employee Full Name_firstName' is: 'Richard'

26-12-2024T18:52:50 - [TEST_STEP][PASSED] - comment("Step 10: Retrieve the entered last name and convert it to lowercase"): Step 10: Retrieve the entered last name and convert it to lowercase

26-12-2024T18:52:50 - [MESSAGE][INFO] - Step 10: Retrieve the entered last name and convert it to lowercase

26-12-2024T18:52:50 - [TEST_STEP][PASSED] - lastname = getAttribute(findTestObject("Object Repository/Employee-Onboarding/Page_OrangeHRM/input_Employee Full Name_lastName"), "value").toLowerCase(): Attribute 'value' of object 'Object Repository/Employee-Onboarding/Page_OrangeHRM/input_Employee Full Name_lastName' is: 'Miranda'

26-12-2024T18:52:50 - [MESSAGE][PASSED] - Attribute 'value' of object 'Object Repository/Employee-Onboarding/Page_OrangeHRM/input_Employee Full Name_lastName' is: 'Miranda'

26-12-2024T18:52:50 - [TEST_STEP][PASSED] - comment("Step 11: Concatenate the first and last names to generate a username"): Step 11: Concatenate the first and last names to generate a username

26-12-2024T18:52:50 - [MESSAGE][INFO] - Step 11: Concatenate the first and last names to generate a username

26-12-2024T18:52:50 - [TEST_STEP][PASSED] - username = firstname + "." + lastname: null

26-12-2024T18:52:50 - [TEST_STEP][PASSED] - comment("Step 12: Set the username field with the generated username"): Step 12: Set the username field with the generated username

26-12-2024T18:52:50 - [MESSAGE][INFO] - Step 12: Set the username field with the generated username

26-12-2024T18:52:50 - [TEST_STEP][PASSED] - setText(findTestObject("Object Repository/Employee-Onboarding/Page_OrangeHRM/input_Username_oxd-input oxd-input--focus"), username): Text 'richard.miranda' is set on object 'Object Repository/Employee-Onboarding/Page_OrangeHRM/input_Username_oxd-input oxd-input--focus'

26-12-2024T18:52:50 - [MESSAGE][PASSED] - Text 'richard.miranda' is set on object 'Object Repository/Employee-Onboarding/Page_OrangeHRM/input_Username_oxd-input oxd-input--focus'

26-12-2024T18:52:50 - [TEST_STEP][PASSED] - comment("Step 13: Enter an encrypted password into the password field"): Step 13: Enter an encrypted password into the password field

26-12-2024T18:52:50 - [MESSAGE][INFO] - Step 13: Enter an encrypted password into the password field

26-12-2024T18:52:50 - [TEST_STEP][PASSED] - setEncryptedText(findTestObject("Object Repository/Employee-Onboarding/Page_OrangeHRM/input_Password_oxd-input oxd-input--active"), EmployeePassword): Text ****** has been set on object 'Object Repository/Employee-Onboarding/Page_OrangeHRM/input_Password_oxd-input oxd-input--active'

26-12-2024T18:52:51 - [MESSAGE][PASSED] - Text ****** has been set on object 'Object Repository/Employee-Onboarding/Page_OrangeHRM/input_Password_oxd-input oxd-input--active'

26-12-2024T18:52:51 - [TEST_STEP][PASSED] - comment("Step 14: Enter an encrypted password into the confirm password field"): Step 14: Enter an encrypted password into the confirm password field

26-12-2024T18:52:51 - [MESSAGE][INFO] - Step 14: Enter an encrypted password into the confirm password field

26-12-2024T18:52:51 - [TEST_STEP][PASSED] - setEncryptedText(findTestObject("Object Repository/Employee-Onboarding/Page_OrangeHRM/input_Confirm Password_oxd-input oxd-input-_a3aecb"), EmployeePassword): Text ****** has been set on object 'Object Repository/Employee-Onboarding/Page_OrangeHRM/input_Confirm Password_oxd-input oxd-input-_a3aecb'

26-12-2024T18:52:51 - [MESSAGE][PASSED] - Text ****** has been set on object 'Object Repository/Employee-Onboarding/Page_OrangeHRM/input_Confirm Password_oxd-input oxd-input-_a3aecb'

26-12-2024T18:52:51 - [TEST_STEP][PASSED] - comment("Step 15: Click the "Save" button to finalize adding the new employee"): Step 15: Click the "Save" button to finalize adding the new employee

26-12-2024T18:52:51 - [MESSAGE][INFO] - Step 15: Click the "Save" button to finalize adding the new employee

26-12-2024T18:52:51 - [TEST_STEP][PASSED] - click(findTestObject("Object Repository/Employee-Onboarding/Page_OrangeHRM/button_Save")): Object: 'Object Repository/Employee-Onboarding/Page_OrangeHRM/button_Save' is clicked on

26-12-2024T18:52:51 - [MESSAGE][PASSED] - Object: 'Object Repository/Employee-Onboarding/Page_OrangeHRM/button_Save' is clicked on

26-12-2024T18:52:51 - [TEST_STEP][PASSED] - delay(2): Delayed 2 second(s)

26-12-2024T18:52:53 - [MESSAGE][PASSED] - Delayed 2 second(s)]]></system-out>
         <system-err><![CDATA[]]></system-err>
      </testcase>
      <testcase name="Test Cases/Employee_Onboarding/TC_Employee_Onboarding" time="11.386" classname="Test Cases/Employee_Onboarding/TC_Employee_Onboarding" status="PASSED">
         <system-out><![CDATA[26-12-2024T18:52:53 - [TEST_CASE][PASSED] - Test Cases/Employee_Onboarding/TC_Employee_Onboarding: Test Cases/Employee_Onboarding/TC_Employee_Onboarding

26-12-2024T18:52:53 - [TEST_STEP][PASSED] - comment("Step 1: Click on the PIM module link"): Step 1: Click on the PIM module link

26-12-2024T18:52:53 - [MESSAGE][INFO] - Step 1: Click on the PIM module link

26-12-2024T18:52:53 - [TEST_STEP][PASSED] - click(findTestObject("Object Repository/Employee-Onboarding/Page_OrangeHRM/a_PIM")): Object: 'Object Repository/Employee-Onboarding/Page_OrangeHRM/a_PIM' is clicked on

26-12-2024T18:52:55 - [MESSAGE][PASSED] - Object: 'Object Repository/Employee-Onboarding/Page_OrangeHRM/a_PIM' is clicked on

26-12-2024T18:52:55 - [TEST_STEP][PASSED] - comment("Step 2: Click the "Add" button to add a new employee"): Step 2: Click the "Add" button to add a new employee

26-12-2024T18:52:55 - [MESSAGE][INFO] - Step 2: Click the "Add" button to add a new employee

26-12-2024T18:52:55 - [TEST_STEP][PASSED] - click(findTestObject("Object Repository/Employee-Onboarding/Page_OrangeHRM/button_Add")): Object: 'Object Repository/Employee-Onboarding/Page_OrangeHRM/button_Add' is clicked on

26-12-2024T18:52:57 - [MESSAGE][PASSED] - Object: 'Object Repository/Employee-Onboarding/Page_OrangeHRM/button_Add' is clicked on

26-12-2024T18:52:57 - [TEST_STEP][PASSED] - comment("Step 3: Focus on the "First Name" input field"): Step 3: Focus on the "First Name" input field

26-12-2024T18:52:57 - [MESSAGE][INFO] - Step 3: Focus on the "First Name" input field

26-12-2024T18:52:57 - [TEST_STEP][PASSED] - click(findTestObject("Object Repository/Employee-Onboarding/Page_OrangeHRM/input_Employee Full Name_firstName")): Object: 'Object Repository/Employee-Onboarding/Page_OrangeHRM/input_Employee Full Name_firstName' is clicked on

26-12-2024T18:52:59 - [MESSAGE][PASSED] - Object: 'Object Repository/Employee-Onboarding/Page_OrangeHRM/input_Employee Full Name_firstName' is clicked on

26-12-2024T18:52:59 - [TEST_STEP][PASSED] - comment("Step 4: Enter the employee's first name"): Step 4: Enter the employee's first name

26-12-2024T18:52:59 - [MESSAGE][INFO] - Step 4: Enter the employee's first name

26-12-2024T18:52:59 - [TEST_STEP][PASSED] - setText(findTestObject("Object Repository/Employee-Onboarding/Page_OrangeHRM/input_Employee Full Name_firstName"), Firstname): Text 'Jaime' is set on object 'Object Repository/Employee-Onboarding/Page_OrangeHRM/input_Employee Full Name_firstName'

26-12-2024T18:52:59 - [MESSAGE][PASSED] - Text 'Jaime' is set on object 'Object Repository/Employee-Onboarding/Page_OrangeHRM/input_Employee Full Name_firstName'

26-12-2024T18:52:59 - [TEST_STEP][PASSED] - comment("Step 5: Enter the employee's last name"): Step 5: Enter the employee's last name

26-12-2024T18:52:59 - [MESSAGE][INFO] - Step 5: Enter the employee's last name

26-12-2024T18:52:59 - [TEST_STEP][PASSED] - setText(findTestObject("Object Repository/Employee-Onboarding/Page_OrangeHRM/input_Employee Full Name_lastName"), Lastname): Text 'Ferguson' is set on object 'Object Repository/Employee-Onboarding/Page_OrangeHRM/input_Employee Full Name_lastName'

26-12-2024T18:53:00 - [MESSAGE][PASSED] - Text 'Ferguson' is set on object 'Object Repository/Employee-Onboarding/Page_OrangeHRM/input_Employee Full Name_lastName'

26-12-2024T18:53:00 - [TEST_STEP][PASSED] - comment("Step 6: Clear the default value in the "Employee ID" field"): Step 6: Clear the default value in the "Employee ID" field

26-12-2024T18:53:00 - [MESSAGE][INFO] - Step 6: Clear the default value in the "Employee ID" field

26-12-2024T18:53:00 - [TEST_STEP][PASSED] - clearText(findTestObject("Object Repository/Employee-Onboarding/Page_OrangeHRM/input_Employee Id_oxd-input oxd-input--focus")): Text of object 'Object Repository/Employee-Onboarding/Page_OrangeHRM/input_Employee Id_oxd-input oxd-input--focus' is cleared

26-12-2024T18:53:00 - [MESSAGE][PASSED] - Text of object 'Object Repository/Employee-Onboarding/Page_OrangeHRM/input_Employee Id_oxd-input oxd-input--focus' is cleared

26-12-2024T18:53:00 - [TEST_STEP][PASSED] - comment("Step 7: Set the employee ID field with a new value"): Step 7: Set the employee ID field with a new value

26-12-2024T18:53:00 - [MESSAGE][INFO] - Step 7: Set the employee ID field with a new value

26-12-2024T18:53:00 - [TEST_STEP][PASSED] - setText(findTestObject("Object Repository/Employee-Onboarding/Page_OrangeHRM/input_Employee Id_oxd-input oxd-input--focus"), ""): Text '' is set on object 'Object Repository/Employee-Onboarding/Page_OrangeHRM/input_Employee Id_oxd-input oxd-input--focus'

26-12-2024T18:53:00 - [MESSAGE][PASSED] - Text '' is set on object 'Object Repository/Employee-Onboarding/Page_OrangeHRM/input_Employee Id_oxd-input oxd-input--focus'

26-12-2024T18:53:00 - [TEST_STEP][PASSED] - comment("Step 8: Toggle the switch related to the Employee ID"): Step 8: Toggle the switch related to the Employee ID

26-12-2024T18:53:00 - [MESSAGE][INFO] - Step 8: Toggle the switch related to the Employee ID

26-12-2024T18:53:00 - [TEST_STEP][PASSED] - click(findTestObject("Object Repository/Employee-Onboarding/Page_OrangeHRM/span_Employee Id_oxd-switch-input oxd-switc_efe210")): Object: 'Object Repository/Employee-Onboarding/Page_OrangeHRM/span_Employee Id_oxd-switch-input oxd-switc_efe210' is clicked on

26-12-2024T18:53:01 - [MESSAGE][PASSED] - Object: 'Object Repository/Employee-Onboarding/Page_OrangeHRM/span_Employee Id_oxd-switch-input oxd-switc_efe210' is clicked on

26-12-2024T18:53:01 - [TEST_STEP][PASSED] - comment("Step 9: Retrieve the entered first name and convert it to lowercase"): Step 9: Retrieve the entered first name and convert it to lowercase

26-12-2024T18:53:01 - [MESSAGE][INFO] - Step 9: Retrieve the entered first name and convert it to lowercase

26-12-2024T18:53:01 - [TEST_STEP][PASSED] - firstname = getAttribute(findTestObject("Object Repository/Employee-Onboarding/Page_OrangeHRM/input_Employee Full Name_firstName"), "value").toLowerCase(): Attribute 'value' of object 'Object Repository/Employee-Onboarding/Page_OrangeHRM/input_Employee Full Name_firstName' is: 'Jaime'

26-12-2024T18:53:01 - [MESSAGE][PASSED] - Attribute 'value' of object 'Object Repository/Employee-Onboarding/Page_OrangeHRM/input_Employee Full Name_firstName' is: 'Jaime'

26-12-2024T18:53:01 - [TEST_STEP][PASSED] - comment("Step 10: Retrieve the entered last name and convert it to lowercase"): Step 10: Retrieve the entered last name and convert it to lowercase

26-12-2024T18:53:01 - [MESSAGE][INFO] - Step 10: Retrieve the entered last name and convert it to lowercase

26-12-2024T18:53:01 - [TEST_STEP][PASSED] - lastname = getAttribute(findTestObject("Object Repository/Employee-Onboarding/Page_OrangeHRM/input_Employee Full Name_lastName"), "value").toLowerCase(): Attribute 'value' of object 'Object Repository/Employee-Onboarding/Page_OrangeHRM/input_Employee Full Name_lastName' is: 'Ferguson'

26-12-2024T18:53:01 - [MESSAGE][PASSED] - Attribute 'value' of object 'Object Repository/Employee-Onboarding/Page_OrangeHRM/input_Employee Full Name_lastName' is: 'Ferguson'

26-12-2024T18:53:01 - [TEST_STEP][PASSED] - comment("Step 11: Concatenate the first and last names to generate a username"): Step 11: Concatenate the first and last names to generate a username

26-12-2024T18:53:01 - [MESSAGE][INFO] - Step 11: Concatenate the first and last names to generate a username

26-12-2024T18:53:01 - [TEST_STEP][PASSED] - username = firstname + "." + lastname: null

26-12-2024T18:53:01 - [TEST_STEP][PASSED] - comment("Step 12: Set the username field with the generated username"): Step 12: Set the username field with the generated username

26-12-2024T18:53:01 - [MESSAGE][INFO] - Step 12: Set the username field with the generated username

26-12-2024T18:53:01 - [TEST_STEP][PASSED] - setText(findTestObject("Object Repository/Employee-Onboarding/Page_OrangeHRM/input_Username_oxd-input oxd-input--focus"), username): Text 'jaime.ferguson' is set on object 'Object Repository/Employee-Onboarding/Page_OrangeHRM/input_Username_oxd-input oxd-input--focus'

26-12-2024T18:53:02 - [MESSAGE][PASSED] - Text 'jaime.ferguson' is set on object 'Object Repository/Employee-Onboarding/Page_OrangeHRM/input_Username_oxd-input oxd-input--focus'

26-12-2024T18:53:02 - [TEST_STEP][PASSED] - comment("Step 13: Enter an encrypted password into the password field"): Step 13: Enter an encrypted password into the password field

26-12-2024T18:53:02 - [MESSAGE][INFO] - Step 13: Enter an encrypted password into the password field

26-12-2024T18:53:02 - [TEST_STEP][PASSED] - setEncryptedText(findTestObject("Object Repository/Employee-Onboarding/Page_OrangeHRM/input_Password_oxd-input oxd-input--active"), EmployeePassword): Text ****** has been set on object 'Object Repository/Employee-Onboarding/Page_OrangeHRM/input_Password_oxd-input oxd-input--active'

26-12-2024T18:53:02 - [MESSAGE][PASSED] - Text ****** has been set on object 'Object Repository/Employee-Onboarding/Page_OrangeHRM/input_Password_oxd-input oxd-input--active'

26-12-2024T18:53:02 - [TEST_STEP][PASSED] - comment("Step 14: Enter an encrypted password into the confirm password field"): Step 14: Enter an encrypted password into the confirm password field

26-12-2024T18:53:02 - [MESSAGE][INFO] - Step 14: Enter an encrypted password into the confirm password field

26-12-2024T18:53:02 - [TEST_STEP][PASSED] - setEncryptedText(findTestObject("Object Repository/Employee-Onboarding/Page_OrangeHRM/input_Confirm Password_oxd-input oxd-input-_a3aecb"), EmployeePassword): Text ****** has been set on object 'Object Repository/Employee-Onboarding/Page_OrangeHRM/input_Confirm Password_oxd-input oxd-input-_a3aecb'

26-12-2024T18:53:02 - [MESSAGE][PASSED] - Text ****** has been set on object 'Object Repository/Employee-Onboarding/Page_OrangeHRM/input_Confirm Password_oxd-input oxd-input-_a3aecb'

26-12-2024T18:53:02 - [TEST_STEP][PASSED] - comment("Step 15: Click the "Save" button to finalize adding the new employee"): Step 15: Click the "Save" button to finalize adding the new employee

26-12-2024T18:53:02 - [MESSAGE][INFO] - Step 15: Click the "Save" button to finalize adding the new employee

26-12-2024T18:53:02 - [TEST_STEP][PASSED] - click(findTestObject("Object Repository/Employee-Onboarding/Page_OrangeHRM/button_Save")): Object: 'Object Repository/Employee-Onboarding/Page_OrangeHRM/button_Save' is clicked on

26-12-2024T18:53:02 - [MESSAGE][PASSED] - Object: 'Object Repository/Employee-Onboarding/Page_OrangeHRM/button_Save' is clicked on

26-12-2024T18:53:02 - [TEST_STEP][PASSED] - delay(2): Delayed 2 second(s)

26-12-2024T18:53:04 - [MESSAGE][PASSED] - Delayed 2 second(s)]]></system-out>
         <system-err><![CDATA[]]></system-err>
      </testcase>
      <testcase name="Test Cases/Employee_Onboarding/TC_Employee_Onboarding" time="11.791" classname="Test Cases/Employee_Onboarding/TC_Employee_Onboarding" status="PASSED">
         <system-out><![CDATA[26-12-2024T18:53:04 - [TEST_CASE][PASSED] - Test Cases/Employee_Onboarding/TC_Employee_Onboarding: Test Cases/Employee_Onboarding/TC_Employee_Onboarding

26-12-2024T18:53:04 - [TEST_STEP][PASSED] - comment("Step 1: Click on the PIM module link"): Step 1: Click on the PIM module link

26-12-2024T18:53:04 - [MESSAGE][INFO] - Step 1: Click on the PIM module link

26-12-2024T18:53:04 - [TEST_STEP][PASSED] - click(findTestObject("Object Repository/Employee-Onboarding/Page_OrangeHRM/a_PIM")): Object: 'Object Repository/Employee-Onboarding/Page_OrangeHRM/a_PIM' is clicked on

26-12-2024T18:53:06 - [MESSAGE][PASSED] - Object: 'Object Repository/Employee-Onboarding/Page_OrangeHRM/a_PIM' is clicked on

26-12-2024T18:53:06 - [TEST_STEP][PASSED] - comment("Step 2: Click the "Add" button to add a new employee"): Step 2: Click the "Add" button to add a new employee

26-12-2024T18:53:06 - [MESSAGE][INFO] - Step 2: Click the "Add" button to add a new employee

26-12-2024T18:53:06 - [TEST_STEP][PASSED] - click(findTestObject("Object Repository/Employee-Onboarding/Page_OrangeHRM/button_Add")): Object: 'Object Repository/Employee-Onboarding/Page_OrangeHRM/button_Add' is clicked on

26-12-2024T18:53:09 - [MESSAGE][PASSED] - Object: 'Object Repository/Employee-Onboarding/Page_OrangeHRM/button_Add' is clicked on

26-12-2024T18:53:09 - [TEST_STEP][PASSED] - comment("Step 3: Focus on the "First Name" input field"): Step 3: Focus on the "First Name" input field

26-12-2024T18:53:09 - [MESSAGE][INFO] - Step 3: Focus on the "First Name" input field

26-12-2024T18:53:09 - [TEST_STEP][PASSED] - click(findTestObject("Object Repository/Employee-Onboarding/Page_OrangeHRM/input_Employee Full Name_firstName")): Object: 'Object Repository/Employee-Onboarding/Page_OrangeHRM/input_Employee Full Name_firstName' is clicked on

26-12-2024T18:53:10 - [MESSAGE][PASSED] - Object: 'Object Repository/Employee-Onboarding/Page_OrangeHRM/input_Employee Full Name_firstName' is clicked on

26-12-2024T18:53:10 - [TEST_STEP][PASSED] - comment("Step 4: Enter the employee's first name"): Step 4: Enter the employee's first name

26-12-2024T18:53:10 - [MESSAGE][INFO] - Step 4: Enter the employee's first name

26-12-2024T18:53:10 - [TEST_STEP][PASSED] - setText(findTestObject("Object Repository/Employee-Onboarding/Page_OrangeHRM/input_Employee Full Name_firstName"), Firstname): Text 'Jose' is set on object 'Object Repository/Employee-Onboarding/Page_OrangeHRM/input_Employee Full Name_firstName'

26-12-2024T18:53:11 - [MESSAGE][PASSED] - Text 'Jose' is set on object 'Object Repository/Employee-Onboarding/Page_OrangeHRM/input_Employee Full Name_firstName'

26-12-2024T18:53:11 - [TEST_STEP][PASSED] - comment("Step 5: Enter the employee's last name"): Step 5: Enter the employee's last name

26-12-2024T18:53:11 - [MESSAGE][INFO] - Step 5: Enter the employee's last name

26-12-2024T18:53:11 - [TEST_STEP][PASSED] - setText(findTestObject("Object Repository/Employee-Onboarding/Page_OrangeHRM/input_Employee Full Name_lastName"), Lastname): Text 'Barnes' is set on object 'Object Repository/Employee-Onboarding/Page_OrangeHRM/input_Employee Full Name_lastName'

26-12-2024T18:53:11 - [MESSAGE][PASSED] - Text 'Barnes' is set on object 'Object Repository/Employee-Onboarding/Page_OrangeHRM/input_Employee Full Name_lastName'

26-12-2024T18:53:11 - [TEST_STEP][PASSED] - comment("Step 6: Clear the default value in the "Employee ID" field"): Step 6: Clear the default value in the "Employee ID" field

26-12-2024T18:53:11 - [MESSAGE][INFO] - Step 6: Clear the default value in the "Employee ID" field

26-12-2024T18:53:11 - [TEST_STEP][PASSED] - clearText(findTestObject("Object Repository/Employee-Onboarding/Page_OrangeHRM/input_Employee Id_oxd-input oxd-input--focus")): Text of object 'Object Repository/Employee-Onboarding/Page_OrangeHRM/input_Employee Id_oxd-input oxd-input--focus' is cleared

26-12-2024T18:53:12 - [MESSAGE][PASSED] - Text of object 'Object Repository/Employee-Onboarding/Page_OrangeHRM/input_Employee Id_oxd-input oxd-input--focus' is cleared

26-12-2024T18:53:12 - [TEST_STEP][PASSED] - comment("Step 7: Set the employee ID field with a new value"): Step 7: Set the employee ID field with a new value

26-12-2024T18:53:12 - [MESSAGE][INFO] - Step 7: Set the employee ID field with a new value

26-12-2024T18:53:12 - [TEST_STEP][PASSED] - setText(findTestObject("Object Repository/Employee-Onboarding/Page_OrangeHRM/input_Employee Id_oxd-input oxd-input--focus"), ""): Text '' is set on object 'Object Repository/Employee-Onboarding/Page_OrangeHRM/input_Employee Id_oxd-input oxd-input--focus'

26-12-2024T18:53:12 - [MESSAGE][PASSED] - Text '' is set on object 'Object Repository/Employee-Onboarding/Page_OrangeHRM/input_Employee Id_oxd-input oxd-input--focus'

26-12-2024T18:53:12 - [TEST_STEP][PASSED] - comment("Step 8: Toggle the switch related to the Employee ID"): Step 8: Toggle the switch related to the Employee ID

26-12-2024T18:53:12 - [MESSAGE][INFO] - Step 8: Toggle the switch related to the Employee ID

26-12-2024T18:53:12 - [TEST_STEP][PASSED] - click(findTestObject("Object Repository/Employee-Onboarding/Page_OrangeHRM/span_Employee Id_oxd-switch-input oxd-switc_efe210")): Object: 'Object Repository/Employee-Onboarding/Page_OrangeHRM/span_Employee Id_oxd-switch-input oxd-switc_efe210' is clicked on

26-12-2024T18:53:12 - [MESSAGE][PASSED] - Object: 'Object Repository/Employee-Onboarding/Page_OrangeHRM/span_Employee Id_oxd-switch-input oxd-switc_efe210' is clicked on

26-12-2024T18:53:12 - [TEST_STEP][PASSED] - comment("Step 9: Retrieve the entered first name and convert it to lowercase"): Step 9: Retrieve the entered first name and convert it to lowercase

26-12-2024T18:53:12 - [MESSAGE][INFO] - Step 9: Retrieve the entered first name and convert it to lowercase

26-12-2024T18:53:12 - [TEST_STEP][PASSED] - firstname = getAttribute(findTestObject("Object Repository/Employee-Onboarding/Page_OrangeHRM/input_Employee Full Name_firstName"), "value").toLowerCase(): Attribute 'value' of object 'Object Repository/Employee-Onboarding/Page_OrangeHRM/input_Employee Full Name_firstName' is: 'Jose'

26-12-2024T18:53:13 - [MESSAGE][PASSED] - Attribute 'value' of object 'Object Repository/Employee-Onboarding/Page_OrangeHRM/input_Employee Full Name_firstName' is: 'Jose'

26-12-2024T18:53:13 - [TEST_STEP][PASSED] - comment("Step 10: Retrieve the entered last name and convert it to lowercase"): Step 10: Retrieve the entered last name and convert it to lowercase

26-12-2024T18:53:13 - [MESSAGE][INFO] - Step 10: Retrieve the entered last name and convert it to lowercase

26-12-2024T18:53:13 - [TEST_STEP][PASSED] - lastname = getAttribute(findTestObject("Object Repository/Employee-Onboarding/Page_OrangeHRM/input_Employee Full Name_lastName"), "value").toLowerCase(): Attribute 'value' of object 'Object Repository/Employee-Onboarding/Page_OrangeHRM/input_Employee Full Name_lastName' is: 'Barnes'

26-12-2024T18:53:13 - [MESSAGE][PASSED] - Attribute 'value' of object 'Object Repository/Employee-Onboarding/Page_OrangeHRM/input_Employee Full Name_lastName' is: 'Barnes'

26-12-2024T18:53:13 - [TEST_STEP][PASSED] - comment("Step 11: Concatenate the first and last names to generate a username"): Step 11: Concatenate the first and last names to generate a username

26-12-2024T18:53:13 - [MESSAGE][INFO] - Step 11: Concatenate the first and last names to generate a username

26-12-2024T18:53:13 - [TEST_STEP][PASSED] - username = firstname + "." + lastname: null

26-12-2024T18:53:13 - [TEST_STEP][PASSED] - comment("Step 12: Set the username field with the generated username"): Step 12: Set the username field with the generated username

26-12-2024T18:53:13 - [MESSAGE][INFO] - Step 12: Set the username field with the generated username

26-12-2024T18:53:13 - [TEST_STEP][PASSED] - setText(findTestObject("Object Repository/Employee-Onboarding/Page_OrangeHRM/input_Username_oxd-input oxd-input--focus"), username): Text 'jose.barnes' is set on object 'Object Repository/Employee-Onboarding/Page_OrangeHRM/input_Username_oxd-input oxd-input--focus'

26-12-2024T18:53:14 - [MESSAGE][PASSED] - Text 'jose.barnes' is set on object 'Object Repository/Employee-Onboarding/Page_OrangeHRM/input_Username_oxd-input oxd-input--focus'

26-12-2024T18:53:14 - [TEST_STEP][PASSED] - comment("Step 13: Enter an encrypted password into the password field"): Step 13: Enter an encrypted password into the password field

26-12-2024T18:53:14 - [MESSAGE][INFO] - Step 13: Enter an encrypted password into the password field

26-12-2024T18:53:14 - [TEST_STEP][PASSED] - setEncryptedText(findTestObject("Object Repository/Employee-Onboarding/Page_OrangeHRM/input_Password_oxd-input oxd-input--active"), EmployeePassword): Text ****** has been set on object 'Object Repository/Employee-Onboarding/Page_OrangeHRM/input_Password_oxd-input oxd-input--active'

26-12-2024T18:53:14 - [MESSAGE][PASSED] - Text ****** has been set on object 'Object Repository/Employee-Onboarding/Page_OrangeHRM/input_Password_oxd-input oxd-input--active'

26-12-2024T18:53:14 - [TEST_STEP][PASSED] - comment("Step 14: Enter an encrypted password into the confirm password field"): Step 14: Enter an encrypted password into the confirm password field

26-12-2024T18:53:14 - [MESSAGE][INFO] - Step 14: Enter an encrypted password into the confirm password field

26-12-2024T18:53:14 - [TEST_STEP][PASSED] - setEncryptedText(findTestObject("Object Repository/Employee-Onboarding/Page_OrangeHRM/input_Confirm Password_oxd-input oxd-input-_a3aecb"), EmployeePassword): Text ****** has been set on object 'Object Repository/Employee-Onboarding/Page_OrangeHRM/input_Confirm Password_oxd-input oxd-input-_a3aecb'

26-12-2024T18:53:14 - [MESSAGE][PASSED] - Text ****** has been set on object 'Object Repository/Employee-Onboarding/Page_OrangeHRM/input_Confirm Password_oxd-input oxd-input-_a3aecb'

26-12-2024T18:53:14 - [TEST_STEP][PASSED] - comment("Step 15: Click the "Save" button to finalize adding the new employee"): Step 15: Click the "Save" button to finalize adding the new employee

26-12-2024T18:53:14 - [MESSAGE][INFO] - Step 15: Click the "Save" button to finalize adding the new employee

26-12-2024T18:53:14 - [TEST_STEP][PASSED] - click(findTestObject("Object Repository/Employee-Onboarding/Page_OrangeHRM/button_Save")): Object: 'Object Repository/Employee-Onboarding/Page_OrangeHRM/button_Save' is clicked on

26-12-2024T18:53:14 - [MESSAGE][PASSED] - Object: 'Object Repository/Employee-Onboarding/Page_OrangeHRM/button_Save' is clicked on

26-12-2024T18:53:14 - [TEST_STEP][PASSED] - delay(2): Delayed 2 second(s)

26-12-2024T18:53:16 - [MESSAGE][PASSED] - Delayed 2 second(s)]]></system-out>
         <system-err><![CDATA[]]></system-err>
      </testcase>
      <testcase name="Test Cases/Employee_Onboarding/TC_Employee_Onboarding" time="11.501" classname="Test Cases/Employee_Onboarding/TC_Employee_Onboarding" status="PASSED">
         <system-out><![CDATA[26-12-2024T18:53:16 - [TEST_CASE][PASSED] - Test Cases/Employee_Onboarding/TC_Employee_Onboarding: Test Cases/Employee_Onboarding/TC_Employee_Onboarding

26-12-2024T18:53:16 - [TEST_STEP][PASSED] - comment("Step 1: Click on the PIM module link"): Step 1: Click on the PIM module link

26-12-2024T18:53:16 - [MESSAGE][INFO] - Step 1: Click on the PIM module link

26-12-2024T18:53:16 - [TEST_STEP][PASSED] - click(findTestObject("Object Repository/Employee-Onboarding/Page_OrangeHRM/a_PIM")): Object: 'Object Repository/Employee-Onboarding/Page_OrangeHRM/a_PIM' is clicked on

26-12-2024T18:53:18 - [MESSAGE][PASSED] - Object: 'Object Repository/Employee-Onboarding/Page_OrangeHRM/a_PIM' is clicked on

26-12-2024T18:53:18 - [TEST_STEP][PASSED] - comment("Step 2: Click the "Add" button to add a new employee"): Step 2: Click the "Add" button to add a new employee

26-12-2024T18:53:18 - [MESSAGE][INFO] - Step 2: Click the "Add" button to add a new employee

26-12-2024T18:53:18 - [TEST_STEP][PASSED] - click(findTestObject("Object Repository/Employee-Onboarding/Page_OrangeHRM/button_Add")): Object: 'Object Repository/Employee-Onboarding/Page_OrangeHRM/button_Add' is clicked on

26-12-2024T18:53:20 - [MESSAGE][PASSED] - Object: 'Object Repository/Employee-Onboarding/Page_OrangeHRM/button_Add' is clicked on

26-12-2024T18:53:20 - [TEST_STEP][PASSED] - comment("Step 3: Focus on the "First Name" input field"): Step 3: Focus on the "First Name" input field

26-12-2024T18:53:20 - [MESSAGE][INFO] - Step 3: Focus on the "First Name" input field

26-12-2024T18:53:20 - [TEST_STEP][PASSED] - click(findTestObject("Object Repository/Employee-Onboarding/Page_OrangeHRM/input_Employee Full Name_firstName")): Object: 'Object Repository/Employee-Onboarding/Page_OrangeHRM/input_Employee Full Name_firstName' is clicked on

26-12-2024T18:53:22 - [MESSAGE][PASSED] - Object: 'Object Repository/Employee-Onboarding/Page_OrangeHRM/input_Employee Full Name_firstName' is clicked on

26-12-2024T18:53:22 - [TEST_STEP][PASSED] - comment("Step 4: Enter the employee's first name"): Step 4: Enter the employee's first name

26-12-2024T18:53:22 - [MESSAGE][INFO] - Step 4: Enter the employee's first name

26-12-2024T18:53:22 - [TEST_STEP][PASSED] - setText(findTestObject("Object Repository/Employee-Onboarding/Page_OrangeHRM/input_Employee Full Name_firstName"), Firstname): Text 'Jamie' is set on object 'Object Repository/Employee-Onboarding/Page_OrangeHRM/input_Employee Full Name_firstName'

26-12-2024T18:53:22 - [MESSAGE][PASSED] - Text 'Jamie' is set on object 'Object Repository/Employee-Onboarding/Page_OrangeHRM/input_Employee Full Name_firstName'

26-12-2024T18:53:22 - [TEST_STEP][PASSED] - comment("Step 5: Enter the employee's last name"): Step 5: Enter the employee's last name

26-12-2024T18:53:22 - [MESSAGE][INFO] - Step 5: Enter the employee's last name

26-12-2024T18:53:22 - [TEST_STEP][PASSED] - setText(findTestObject("Object Repository/Employee-Onboarding/Page_OrangeHRM/input_Employee Full Name_lastName"), Lastname): Text 'Reed' is set on object 'Object Repository/Employee-Onboarding/Page_OrangeHRM/input_Employee Full Name_lastName'

26-12-2024T18:53:23 - [MESSAGE][PASSED] - Text 'Reed' is set on object 'Object Repository/Employee-Onboarding/Page_OrangeHRM/input_Employee Full Name_lastName'

26-12-2024T18:53:23 - [TEST_STEP][PASSED] - comment("Step 6: Clear the default value in the "Employee ID" field"): Step 6: Clear the default value in the "Employee ID" field

26-12-2024T18:53:23 - [MESSAGE][INFO] - Step 6: Clear the default value in the "Employee ID" field

26-12-2024T18:53:23 - [TEST_STEP][PASSED] - clearText(findTestObject("Object Repository/Employee-Onboarding/Page_OrangeHRM/input_Employee Id_oxd-input oxd-input--focus")): Text of object 'Object Repository/Employee-Onboarding/Page_OrangeHRM/input_Employee Id_oxd-input oxd-input--focus' is cleared

26-12-2024T18:53:23 - [MESSAGE][PASSED] - Text of object 'Object Repository/Employee-Onboarding/Page_OrangeHRM/input_Employee Id_oxd-input oxd-input--focus' is cleared

26-12-2024T18:53:23 - [TEST_STEP][PASSED] - comment("Step 7: Set the employee ID field with a new value"): Step 7: Set the employee ID field with a new value

26-12-2024T18:53:23 - [MESSAGE][INFO] - Step 7: Set the employee ID field with a new value

26-12-2024T18:53:23 - [TEST_STEP][PASSED] - setText(findTestObject("Object Repository/Employee-Onboarding/Page_OrangeHRM/input_Employee Id_oxd-input oxd-input--focus"), ""): Text '' is set on object 'Object Repository/Employee-Onboarding/Page_OrangeHRM/input_Employee Id_oxd-input oxd-input--focus'

26-12-2024T18:53:24 - [MESSAGE][PASSED] - Text '' is set on object 'Object Repository/Employee-Onboarding/Page_OrangeHRM/input_Employee Id_oxd-input oxd-input--focus'

26-12-2024T18:53:24 - [TEST_STEP][PASSED] - comment("Step 8: Toggle the switch related to the Employee ID"): Step 8: Toggle the switch related to the Employee ID

26-12-2024T18:53:24 - [MESSAGE][INFO] - Step 8: Toggle the switch related to the Employee ID

26-12-2024T18:53:24 - [TEST_STEP][PASSED] - click(findTestObject("Object Repository/Employee-Onboarding/Page_OrangeHRM/span_Employee Id_oxd-switch-input oxd-switc_efe210")): Object: 'Object Repository/Employee-Onboarding/Page_OrangeHRM/span_Employee Id_oxd-switch-input oxd-switc_efe210' is clicked on

26-12-2024T18:53:24 - [MESSAGE][PASSED] - Object: 'Object Repository/Employee-Onboarding/Page_OrangeHRM/span_Employee Id_oxd-switch-input oxd-switc_efe210' is clicked on

26-12-2024T18:53:24 - [TEST_STEP][PASSED] - comment("Step 9: Retrieve the entered first name and convert it to lowercase"): Step 9: Retrieve the entered first name and convert it to lowercase

26-12-2024T18:53:24 - [MESSAGE][INFO] - Step 9: Retrieve the entered first name and convert it to lowercase

26-12-2024T18:53:24 - [TEST_STEP][PASSED] - firstname = getAttribute(findTestObject("Object Repository/Employee-Onboarding/Page_OrangeHRM/input_Employee Full Name_firstName"), "value").toLowerCase(): Attribute 'value' of object 'Object Repository/Employee-Onboarding/Page_OrangeHRM/input_Employee Full Name_firstName' is: 'Jamie'

26-12-2024T18:53:24 - [MESSAGE][PASSED] - Attribute 'value' of object 'Object Repository/Employee-Onboarding/Page_OrangeHRM/input_Employee Full Name_firstName' is: 'Jamie'

26-12-2024T18:53:24 - [TEST_STEP][PASSED] - comment("Step 10: Retrieve the entered last name and convert it to lowercase"): Step 10: Retrieve the entered last name and convert it to lowercase

26-12-2024T18:53:24 - [MESSAGE][INFO] - Step 10: Retrieve the entered last name and convert it to lowercase

26-12-2024T18:53:24 - [TEST_STEP][PASSED] - lastname = getAttribute(findTestObject("Object Repository/Employee-Onboarding/Page_OrangeHRM/input_Employee Full Name_lastName"), "value").toLowerCase(): Attribute 'value' of object 'Object Repository/Employee-Onboarding/Page_OrangeHRM/input_Employee Full Name_lastName' is: 'Reed'

26-12-2024T18:53:25 - [MESSAGE][PASSED] - Attribute 'value' of object 'Object Repository/Employee-Onboarding/Page_OrangeHRM/input_Employee Full Name_lastName' is: 'Reed'

26-12-2024T18:53:25 - [TEST_STEP][PASSED] - comment("Step 11: Concatenate the first and last names to generate a username"): Step 11: Concatenate the first and last names to generate a username

26-12-2024T18:53:25 - [MESSAGE][INFO] - Step 11: Concatenate the first and last names to generate a username

26-12-2024T18:53:25 - [TEST_STEP][PASSED] - username = firstname + "." + lastname: null

26-12-2024T18:53:25 - [TEST_STEP][PASSED] - comment("Step 12: Set the username field with the generated username"): Step 12: Set the username field with the generated username

26-12-2024T18:53:25 - [MESSAGE][INFO] - Step 12: Set the username field with the generated username

26-12-2024T18:53:25 - [TEST_STEP][PASSED] - setText(findTestObject("Object Repository/Employee-Onboarding/Page_OrangeHRM/input_Username_oxd-input oxd-input--focus"), username): Text 'jamie.reed' is set on object 'Object Repository/Employee-Onboarding/Page_OrangeHRM/input_Username_oxd-input oxd-input--focus'

26-12-2024T18:53:25 - [MESSAGE][PASSED] - Text 'jamie.reed' is set on object 'Object Repository/Employee-Onboarding/Page_OrangeHRM/input_Username_oxd-input oxd-input--focus'

26-12-2024T18:53:25 - [TEST_STEP][PASSED] - comment("Step 13: Enter an encrypted password into the password field"): Step 13: Enter an encrypted password into the password field

26-12-2024T18:53:25 - [MESSAGE][INFO] - Step 13: Enter an encrypted password into the password field

26-12-2024T18:53:25 - [TEST_STEP][PASSED] - setEncryptedText(findTestObject("Object Repository/Employee-Onboarding/Page_OrangeHRM/input_Password_oxd-input oxd-input--active"), EmployeePassword): Text ****** has been set on object 'Object Repository/Employee-Onboarding/Page_OrangeHRM/input_Password_oxd-input oxd-input--active'

26-12-2024T18:53:25 - [MESSAGE][PASSED] - Text ****** has been set on object 'Object Repository/Employee-Onboarding/Page_OrangeHRM/input_Password_oxd-input oxd-input--active'

26-12-2024T18:53:25 - [TEST_STEP][PASSED] - comment("Step 14: Enter an encrypted password into the confirm password field"): Step 14: Enter an encrypted password into the confirm password field

26-12-2024T18:53:25 - [MESSAGE][INFO] - Step 14: Enter an encrypted password into the confirm password field

26-12-2024T18:53:25 - [TEST_STEP][PASSED] - setEncryptedText(findTestObject("Object Repository/Employee-Onboarding/Page_OrangeHRM/input_Confirm Password_oxd-input oxd-input-_a3aecb"), EmployeePassword): Text ****** has been set on object 'Object Repository/Employee-Onboarding/Page_OrangeHRM/input_Confirm Password_oxd-input oxd-input-_a3aecb'

26-12-2024T18:53:26 - [MESSAGE][PASSED] - Text ****** has been set on object 'Object Repository/Employee-Onboarding/Page_OrangeHRM/input_Confirm Password_oxd-input oxd-input-_a3aecb'

26-12-2024T18:53:26 - [TEST_STEP][PASSED] - comment("Step 15: Click the "Save" button to finalize adding the new employee"): Step 15: Click the "Save" button to finalize adding the new employee

26-12-2024T18:53:26 - [MESSAGE][INFO] - Step 15: Click the "Save" button to finalize adding the new employee

26-12-2024T18:53:26 - [TEST_STEP][PASSED] - click(findTestObject("Object Repository/Employee-Onboarding/Page_OrangeHRM/button_Save")): Object: 'Object Repository/Employee-Onboarding/Page_OrangeHRM/button_Save' is clicked on

26-12-2024T18:53:26 - [MESSAGE][PASSED] - Object: 'Object Repository/Employee-Onboarding/Page_OrangeHRM/button_Save' is clicked on

26-12-2024T18:53:26 - [TEST_STEP][PASSED] - delay(2): Delayed 2 second(s)

26-12-2024T18:53:28 - [MESSAGE][PASSED] - Delayed 2 second(s)]]></system-out>
         <system-err><![CDATA[]]></system-err>
      </testcase>
      <testcase name="Test Cases/Employee_Onboarding/TC_Employee_Onboarding" time="11.464" classname="Test Cases/Employee_Onboarding/TC_Employee_Onboarding" status="PASSED">
         <system-out><![CDATA[26-12-2024T18:53:28 - [TEST_CASE][PASSED] - Test Cases/Employee_Onboarding/TC_Employee_Onboarding: Test Cases/Employee_Onboarding/TC_Employee_Onboarding

26-12-2024T18:53:28 - [TEST_STEP][PASSED] - comment("Step 1: Click on the PIM module link"): Step 1: Click on the PIM module link

26-12-2024T18:53:28 - [MESSAGE][INFO] - Step 1: Click on the PIM module link

26-12-2024T18:53:28 - [TEST_STEP][PASSED] - click(findTestObject("Object Repository/Employee-Onboarding/Page_OrangeHRM/a_PIM")): Object: 'Object Repository/Employee-Onboarding/Page_OrangeHRM/a_PIM' is clicked on

26-12-2024T18:53:29 - [MESSAGE][PASSED] - Object: 'Object Repository/Employee-Onboarding/Page_OrangeHRM/a_PIM' is clicked on

26-12-2024T18:53:29 - [TEST_STEP][PASSED] - comment("Step 2: Click the "Add" button to add a new employee"): Step 2: Click the "Add" button to add a new employee

26-12-2024T18:53:29 - [MESSAGE][INFO] - Step 2: Click the "Add" button to add a new employee

26-12-2024T18:53:29 - [TEST_STEP][PASSED] - click(findTestObject("Object Repository/Employee-Onboarding/Page_OrangeHRM/button_Add")): Object: 'Object Repository/Employee-Onboarding/Page_OrangeHRM/button_Add' is clicked on

26-12-2024T18:53:32 - [MESSAGE][PASSED] - Object: 'Object Repository/Employee-Onboarding/Page_OrangeHRM/button_Add' is clicked on

26-12-2024T18:53:32 - [TEST_STEP][PASSED] - comment("Step 3: Focus on the "First Name" input field"): Step 3: Focus on the "First Name" input field

26-12-2024T18:53:32 - [MESSAGE][INFO] - Step 3: Focus on the "First Name" input field

26-12-2024T18:53:32 - [TEST_STEP][PASSED] - click(findTestObject("Object Repository/Employee-Onboarding/Page_OrangeHRM/input_Employee Full Name_firstName")): Object: 'Object Repository/Employee-Onboarding/Page_OrangeHRM/input_Employee Full Name_firstName' is clicked on

26-12-2024T18:53:33 - [MESSAGE][PASSED] - Object: 'Object Repository/Employee-Onboarding/Page_OrangeHRM/input_Employee Full Name_firstName' is clicked on

26-12-2024T18:53:33 - [TEST_STEP][PASSED] - comment("Step 4: Enter the employee's first name"): Step 4: Enter the employee's first name

26-12-2024T18:53:33 - [MESSAGE][INFO] - Step 4: Enter the employee's first name

26-12-2024T18:53:33 - [TEST_STEP][PASSED] - setText(findTestObject("Object Repository/Employee-Onboarding/Page_OrangeHRM/input_Employee Full Name_firstName"), Firstname): Text 'Joseph' is set on object 'Object Repository/Employee-Onboarding/Page_OrangeHRM/input_Employee Full Name_firstName'

26-12-2024T18:53:34 - [MESSAGE][PASSED] - Text 'Joseph' is set on object 'Object Repository/Employee-Onboarding/Page_OrangeHRM/input_Employee Full Name_firstName'

26-12-2024T18:53:34 - [TEST_STEP][PASSED] - comment("Step 5: Enter the employee's last name"): Step 5: Enter the employee's last name

26-12-2024T18:53:34 - [MESSAGE][INFO] - Step 5: Enter the employee's last name

26-12-2024T18:53:34 - [TEST_STEP][PASSED] - setText(findTestObject("Object Repository/Employee-Onboarding/Page_OrangeHRM/input_Employee Full Name_lastName"), Lastname): Text 'Thomas' is set on object 'Object Repository/Employee-Onboarding/Page_OrangeHRM/input_Employee Full Name_lastName'

26-12-2024T18:53:34 - [MESSAGE][PASSED] - Text 'Thomas' is set on object 'Object Repository/Employee-Onboarding/Page_OrangeHRM/input_Employee Full Name_lastName'

26-12-2024T18:53:34 - [TEST_STEP][PASSED] - comment("Step 6: Clear the default value in the "Employee ID" field"): Step 6: Clear the default value in the "Employee ID" field

26-12-2024T18:53:34 - [MESSAGE][INFO] - Step 6: Clear the default value in the "Employee ID" field

26-12-2024T18:53:34 - [TEST_STEP][PASSED] - clearText(findTestObject("Object Repository/Employee-Onboarding/Page_OrangeHRM/input_Employee Id_oxd-input oxd-input--focus")): Text of object 'Object Repository/Employee-Onboarding/Page_OrangeHRM/input_Employee Id_oxd-input oxd-input--focus' is cleared

26-12-2024T18:53:35 - [MESSAGE][PASSED] - Text of object 'Object Repository/Employee-Onboarding/Page_OrangeHRM/input_Employee Id_oxd-input oxd-input--focus' is cleared

26-12-2024T18:53:35 - [TEST_STEP][PASSED] - comment("Step 7: Set the employee ID field with a new value"): Step 7: Set the employee ID field with a new value

26-12-2024T18:53:35 - [MESSAGE][INFO] - Step 7: Set the employee ID field with a new value

26-12-2024T18:53:35 - [TEST_STEP][PASSED] - setText(findTestObject("Object Repository/Employee-Onboarding/Page_OrangeHRM/input_Employee Id_oxd-input oxd-input--focus"), ""): Text '' is set on object 'Object Repository/Employee-Onboarding/Page_OrangeHRM/input_Employee Id_oxd-input oxd-input--focus'

26-12-2024T18:53:35 - [MESSAGE][PASSED] - Text '' is set on object 'Object Repository/Employee-Onboarding/Page_OrangeHRM/input_Employee Id_oxd-input oxd-input--focus'

26-12-2024T18:53:35 - [TEST_STEP][PASSED] - comment("Step 8: Toggle the switch related to the Employee ID"): Step 8: Toggle the switch related to the Employee ID

26-12-2024T18:53:35 - [MESSAGE][INFO] - Step 8: Toggle the switch related to the Employee ID

26-12-2024T18:53:35 - [TEST_STEP][PASSED] - click(findTestObject("Object Repository/Employee-Onboarding/Page_OrangeHRM/span_Employee Id_oxd-switch-input oxd-switc_efe210")): Object: 'Object Repository/Employee-Onboarding/Page_OrangeHRM/span_Employee Id_oxd-switch-input oxd-switc_efe210' is clicked on

26-12-2024T18:53:35 - [MESSAGE][PASSED] - Object: 'Object Repository/Employee-Onboarding/Page_OrangeHRM/span_Employee Id_oxd-switch-input oxd-switc_efe210' is clicked on

26-12-2024T18:53:35 - [TEST_STEP][PASSED] - comment("Step 9: Retrieve the entered first name and convert it to lowercase"): Step 9: Retrieve the entered first name and convert it to lowercase

26-12-2024T18:53:35 - [MESSAGE][INFO] - Step 9: Retrieve the entered first name and convert it to lowercase

26-12-2024T18:53:35 - [TEST_STEP][PASSED] - firstname = getAttribute(findTestObject("Object Repository/Employee-Onboarding/Page_OrangeHRM/input_Employee Full Name_firstName"), "value").toLowerCase(): Attribute 'value' of object 'Object Repository/Employee-Onboarding/Page_OrangeHRM/input_Employee Full Name_firstName' is: 'Joseph'

26-12-2024T18:53:36 - [MESSAGE][PASSED] - Attribute 'value' of object 'Object Repository/Employee-Onboarding/Page_OrangeHRM/input_Employee Full Name_firstName' is: 'Joseph'

26-12-2024T18:53:36 - [TEST_STEP][PASSED] - comment("Step 10: Retrieve the entered last name and convert it to lowercase"): Step 10: Retrieve the entered last name and convert it to lowercase

26-12-2024T18:53:36 - [MESSAGE][INFO] - Step 10: Retrieve the entered last name and convert it to lowercase

26-12-2024T18:53:36 - [TEST_STEP][PASSED] - lastname = getAttribute(findTestObject("Object Repository/Employee-Onboarding/Page_OrangeHRM/input_Employee Full Name_lastName"), "value").toLowerCase(): Attribute 'value' of object 'Object Repository/Employee-Onboarding/Page_OrangeHRM/input_Employee Full Name_lastName' is: 'Thomas'

26-12-2024T18:53:36 - [MESSAGE][PASSED] - Attribute 'value' of object 'Object Repository/Employee-Onboarding/Page_OrangeHRM/input_Employee Full Name_lastName' is: 'Thomas'

26-12-2024T18:53:36 - [TEST_STEP][PASSED] - comment("Step 11: Concatenate the first and last names to generate a username"): Step 11: Concatenate the first and last names to generate a username

26-12-2024T18:53:36 - [MESSAGE][INFO] - Step 11: Concatenate the first and last names to generate a username

26-12-2024T18:53:36 - [TEST_STEP][PASSED] - username = firstname + "." + lastname: null

26-12-2024T18:53:36 - [TEST_STEP][PASSED] - comment("Step 12: Set the username field with the generated username"): Step 12: Set the username field with the generated username

26-12-2024T18:53:36 - [MESSAGE][INFO] - Step 12: Set the username field with the generated username

26-12-2024T18:53:36 - [TEST_STEP][PASSED] - setText(findTestObject("Object Repository/Employee-Onboarding/Page_OrangeHRM/input_Username_oxd-input oxd-input--focus"), username): Text 'joseph.thomas' is set on object 'Object Repository/Employee-Onboarding/Page_OrangeHRM/input_Username_oxd-input oxd-input--focus'

26-12-2024T18:53:36 - [MESSAGE][PASSED] - Text 'joseph.thomas' is set on object 'Object Repository/Employee-Onboarding/Page_OrangeHRM/input_Username_oxd-input oxd-input--focus'

26-12-2024T18:53:36 - [TEST_STEP][PASSED] - comment("Step 13: Enter an encrypted password into the password field"): Step 13: Enter an encrypted password into the password field

26-12-2024T18:53:37 - [MESSAGE][INFO] - Step 13: Enter an encrypted password into the password field

26-12-2024T18:53:37 - [TEST_STEP][PASSED] - setEncryptedText(findTestObject("Object Repository/Employee-Onboarding/Page_OrangeHRM/input_Password_oxd-input oxd-input--active"), EmployeePassword): Text ****** has been set on object 'Object Repository/Employee-Onboarding/Page_OrangeHRM/input_Password_oxd-input oxd-input--active'

26-12-2024T18:53:37 - [MESSAGE][PASSED] - Text ****** has been set on object 'Object Repository/Employee-Onboarding/Page_OrangeHRM/input_Password_oxd-input oxd-input--active'

26-12-2024T18:53:37 - [TEST_STEP][PASSED] - comment("Step 14: Enter an encrypted password into the confirm password field"): Step 14: Enter an encrypted password into the confirm password field

26-12-2024T18:53:37 - [MESSAGE][INFO] - Step 14: Enter an encrypted password into the confirm password field

26-12-2024T18:53:37 - [TEST_STEP][PASSED] - setEncryptedText(findTestObject("Object Repository/Employee-Onboarding/Page_OrangeHRM/input_Confirm Password_oxd-input oxd-input-_a3aecb"), EmployeePassword): Text ****** has been set on object 'Object Repository/Employee-Onboarding/Page_OrangeHRM/input_Confirm Password_oxd-input oxd-input-_a3aecb'

26-12-2024T18:53:37 - [MESSAGE][PASSED] - Text ****** has been set on object 'Object Repository/Employee-Onboarding/Page_OrangeHRM/input_Confirm Password_oxd-input oxd-input-_a3aecb'

26-12-2024T18:53:37 - [TEST_STEP][PASSED] - comment("Step 15: Click the "Save" button to finalize adding the new employee"): Step 15: Click the "Save" button to finalize adding the new employee

26-12-2024T18:53:37 - [MESSAGE][INFO] - Step 15: Click the "Save" button to finalize adding the new employee

26-12-2024T18:53:37 - [TEST_STEP][PASSED] - click(findTestObject("Object Repository/Employee-Onboarding/Page_OrangeHRM/button_Save")): Object: 'Object Repository/Employee-Onboarding/Page_OrangeHRM/button_Save' is clicked on

26-12-2024T18:53:37 - [MESSAGE][PASSED] - Object: 'Object Repository/Employee-Onboarding/Page_OrangeHRM/button_Save' is clicked on

26-12-2024T18:53:37 - [TEST_STEP][PASSED] - delay(2): Delayed 2 second(s)

26-12-2024T18:53:39 - [MESSAGE][PASSED] - Delayed 2 second(s)]]></system-out>
         <system-err><![CDATA[]]></system-err>
      </testcase>
      <testcase name="Test Cases/Employee_Onboarding/TC_Employee_Onboarding" time="10.978" classname="Test Cases/Employee_Onboarding/TC_Employee_Onboarding" status="PASSED">
         <system-out><![CDATA[26-12-2024T18:53:39 - [TEST_CASE][PASSED] - Test Cases/Employee_Onboarding/TC_Employee_Onboarding: Test Cases/Employee_Onboarding/TC_Employee_Onboarding

26-12-2024T18:53:39 - [TEST_STEP][PASSED] - comment("Step 1: Click on the PIM module link"): Step 1: Click on the PIM module link

26-12-2024T18:53:39 - [MESSAGE][INFO] - Step 1: Click on the PIM module link

26-12-2024T18:53:39 - [TEST_STEP][PASSED] - click(findTestObject("Object Repository/Employee-Onboarding/Page_OrangeHRM/a_PIM")): Object: 'Object Repository/Employee-Onboarding/Page_OrangeHRM/a_PIM' is clicked on

26-12-2024T18:53:41 - [MESSAGE][PASSED] - Object: 'Object Repository/Employee-Onboarding/Page_OrangeHRM/a_PIM' is clicked on

26-12-2024T18:53:41 - [TEST_STEP][PASSED] - comment("Step 2: Click the "Add" button to add a new employee"): Step 2: Click the "Add" button to add a new employee

26-12-2024T18:53:41 - [MESSAGE][INFO] - Step 2: Click the "Add" button to add a new employee

26-12-2024T18:53:41 - [TEST_STEP][PASSED] - click(findTestObject("Object Repository/Employee-Onboarding/Page_OrangeHRM/button_Add")): Object: 'Object Repository/Employee-Onboarding/Page_OrangeHRM/button_Add' is clicked on

26-12-2024T18:53:43 - [MESSAGE][PASSED] - Object: 'Object Repository/Employee-Onboarding/Page_OrangeHRM/button_Add' is clicked on

26-12-2024T18:53:43 - [TEST_STEP][PASSED] - comment("Step 3: Focus on the "First Name" input field"): Step 3: Focus on the "First Name" input field

26-12-2024T18:53:43 - [MESSAGE][INFO] - Step 3: Focus on the "First Name" input field

26-12-2024T18:53:43 - [TEST_STEP][PASSED] - click(findTestObject("Object Repository/Employee-Onboarding/Page_OrangeHRM/input_Employee Full Name_firstName")): Object: 'Object Repository/Employee-Onboarding/Page_OrangeHRM/input_Employee Full Name_firstName' is clicked on

26-12-2024T18:53:44 - [MESSAGE][PASSED] - Object: 'Object Repository/Employee-Onboarding/Page_OrangeHRM/input_Employee Full Name_firstName' is clicked on

26-12-2024T18:53:44 - [TEST_STEP][PASSED] - comment("Step 4: Enter the employee's first name"): Step 4: Enter the employee's first name

26-12-2024T18:53:44 - [MESSAGE][INFO] - Step 4: Enter the employee's first name

26-12-2024T18:53:44 - [TEST_STEP][PASSED] - setText(findTestObject("Object Repository/Employee-Onboarding/Page_OrangeHRM/input_Employee Full Name_firstName"), Firstname): Text 'Kelly' is set on object 'Object Repository/Employee-Onboarding/Page_OrangeHRM/input_Employee Full Name_firstName'

26-12-2024T18:53:45 - [MESSAGE][PASSED] - Text 'Kelly' is set on object 'Object Repository/Employee-Onboarding/Page_OrangeHRM/input_Employee Full Name_firstName'

26-12-2024T18:53:45 - [TEST_STEP][PASSED] - comment("Step 5: Enter the employee's last name"): Step 5: Enter the employee's last name

26-12-2024T18:53:45 - [MESSAGE][INFO] - Step 5: Enter the employee's last name

26-12-2024T18:53:45 - [TEST_STEP][PASSED] - setText(findTestObject("Object Repository/Employee-Onboarding/Page_OrangeHRM/input_Employee Full Name_lastName"), Lastname): Text 'Mcbride' is set on object 'Object Repository/Employee-Onboarding/Page_OrangeHRM/input_Employee Full Name_lastName'

26-12-2024T18:53:45 - [MESSAGE][PASSED] - Text 'Mcbride' is set on object 'Object Repository/Employee-Onboarding/Page_OrangeHRM/input_Employee Full Name_lastName'

26-12-2024T18:53:45 - [TEST_STEP][PASSED] - comment("Step 6: Clear the default value in the "Employee ID" field"): Step 6: Clear the default value in the "Employee ID" field

26-12-2024T18:53:45 - [MESSAGE][INFO] - Step 6: Clear the default value in the "Employee ID" field

26-12-2024T18:53:45 - [TEST_STEP][PASSED] - clearText(findTestObject("Object Repository/Employee-Onboarding/Page_OrangeHRM/input_Employee Id_oxd-input oxd-input--focus")): Text of object 'Object Repository/Employee-Onboarding/Page_OrangeHRM/input_Employee Id_oxd-input oxd-input--focus' is cleared

26-12-2024T18:53:46 - [MESSAGE][PASSED] - Text of object 'Object Repository/Employee-Onboarding/Page_OrangeHRM/input_Employee Id_oxd-input oxd-input--focus' is cleared

26-12-2024T18:53:46 - [TEST_STEP][PASSED] - comment("Step 7: Set the employee ID field with a new value"): Step 7: Set the employee ID field with a new value

26-12-2024T18:53:46 - [MESSAGE][INFO] - Step 7: Set the employee ID field with a new value

26-12-2024T18:53:46 - [TEST_STEP][PASSED] - setText(findTestObject("Object Repository/Employee-Onboarding/Page_OrangeHRM/input_Employee Id_oxd-input oxd-input--focus"), ""): Text '' is set on object 'Object Repository/Employee-Onboarding/Page_OrangeHRM/input_Employee Id_oxd-input oxd-input--focus'

26-12-2024T18:53:46 - [MESSAGE][PASSED] - Text '' is set on object 'Object Repository/Employee-Onboarding/Page_OrangeHRM/input_Employee Id_oxd-input oxd-input--focus'

26-12-2024T18:53:46 - [TEST_STEP][PASSED] - comment("Step 8: Toggle the switch related to the Employee ID"): Step 8: Toggle the switch related to the Employee ID

26-12-2024T18:53:46 - [MESSAGE][INFO] - Step 8: Toggle the switch related to the Employee ID

26-12-2024T18:53:46 - [TEST_STEP][PASSED] - click(findTestObject("Object Repository/Employee-Onboarding/Page_OrangeHRM/span_Employee Id_oxd-switch-input oxd-switc_efe210")): Object: 'Object Repository/Employee-Onboarding/Page_OrangeHRM/span_Employee Id_oxd-switch-input oxd-switc_efe210' is clicked on

26-12-2024T18:53:46 - [MESSAGE][PASSED] - Object: 'Object Repository/Employee-Onboarding/Page_OrangeHRM/span_Employee Id_oxd-switch-input oxd-switc_efe210' is clicked on

26-12-2024T18:53:46 - [TEST_STEP][PASSED] - comment("Step 9: Retrieve the entered first name and convert it to lowercase"): Step 9: Retrieve the entered first name and convert it to lowercase

26-12-2024T18:53:46 - [MESSAGE][INFO] - Step 9: Retrieve the entered first name and convert it to lowercase

26-12-2024T18:53:46 - [TEST_STEP][PASSED] - firstname = getAttribute(findTestObject("Object Repository/Employee-Onboarding/Page_OrangeHRM/input_Employee Full Name_firstName"), "value").toLowerCase(): Attribute 'value' of object 'Object Repository/Employee-Onboarding/Page_OrangeHRM/input_Employee Full Name_firstName' is: 'Kelly'

26-12-2024T18:53:47 - [MESSAGE][PASSED] - Attribute 'value' of object 'Object Repository/Employee-Onboarding/Page_OrangeHRM/input_Employee Full Name_firstName' is: 'Kelly'

26-12-2024T18:53:47 - [TEST_STEP][PASSED] - comment("Step 10: Retrieve the entered last name and convert it to lowercase"): Step 10: Retrieve the entered last name and convert it to lowercase

26-12-2024T18:53:47 - [MESSAGE][INFO] - Step 10: Retrieve the entered last name and convert it to lowercase

26-12-2024T18:53:47 - [TEST_STEP][PASSED] - lastname = getAttribute(findTestObject("Object Repository/Employee-Onboarding/Page_OrangeHRM/input_Employee Full Name_lastName"), "value").toLowerCase(): Attribute 'value' of object 'Object Repository/Employee-Onboarding/Page_OrangeHRM/input_Employee Full Name_lastName' is: 'Mcbride'

26-12-2024T18:53:47 - [MESSAGE][PASSED] - Attribute 'value' of object 'Object Repository/Employee-Onboarding/Page_OrangeHRM/input_Employee Full Name_lastName' is: 'Mcbride'

26-12-2024T18:53:47 - [TEST_STEP][PASSED] - comment("Step 11: Concatenate the first and last names to generate a username"): Step 11: Concatenate the first and last names to generate a username

26-12-2024T18:53:47 - [MESSAGE][INFO] - Step 11: Concatenate the first and last names to generate a username

26-12-2024T18:53:47 - [TEST_STEP][PASSED] - username = firstname + "." + lastname: null

26-12-2024T18:53:47 - [TEST_STEP][PASSED] - comment("Step 12: Set the username field with the generated username"): Step 12: Set the username field with the generated username

26-12-2024T18:53:47 - [MESSAGE][INFO] - Step 12: Set the username field with the generated username

26-12-2024T18:53:47 - [TEST_STEP][PASSED] - setText(findTestObject("Object Repository/Employee-Onboarding/Page_OrangeHRM/input_Username_oxd-input oxd-input--focus"), username): Text 'kelly.mcbride' is set on object 'Object Repository/Employee-Onboarding/Page_OrangeHRM/input_Username_oxd-input oxd-input--focus'

26-12-2024T18:53:48 - [MESSAGE][PASSED] - Text 'kelly.mcbride' is set on object 'Object Repository/Employee-Onboarding/Page_OrangeHRM/input_Username_oxd-input oxd-input--focus'

26-12-2024T18:53:48 - [TEST_STEP][PASSED] - comment("Step 13: Enter an encrypted password into the password field"): Step 13: Enter an encrypted password into the password field

26-12-2024T18:53:48 - [MESSAGE][INFO] - Step 13: Enter an encrypted password into the password field

26-12-2024T18:53:48 - [TEST_STEP][PASSED] - setEncryptedText(findTestObject("Object Repository/Employee-Onboarding/Page_OrangeHRM/input_Password_oxd-input oxd-input--active"), EmployeePassword): Text ****** has been set on object 'Object Repository/Employee-Onboarding/Page_OrangeHRM/input_Password_oxd-input oxd-input--active'

26-12-2024T18:53:48 - [MESSAGE][PASSED] - Text ****** has been set on object 'Object Repository/Employee-Onboarding/Page_OrangeHRM/input_Password_oxd-input oxd-input--active'

26-12-2024T18:53:48 - [TEST_STEP][PASSED] - comment("Step 14: Enter an encrypted password into the confirm password field"): Step 14: Enter an encrypted password into the confirm password field

26-12-2024T18:53:48 - [MESSAGE][INFO] - Step 14: Enter an encrypted password into the confirm password field

26-12-2024T18:53:48 - [TEST_STEP][PASSED] - setEncryptedText(findTestObject("Object Repository/Employee-Onboarding/Page_OrangeHRM/input_Confirm Password_oxd-input oxd-input-_a3aecb"), EmployeePassword): Text ****** has been set on object 'Object Repository/Employee-Onboarding/Page_OrangeHRM/input_Confirm Password_oxd-input oxd-input-_a3aecb'

26-12-2024T18:53:48 - [MESSAGE][PASSED] - Text ****** has been set on object 'Object Repository/Employee-Onboarding/Page_OrangeHRM/input_Confirm Password_oxd-input oxd-input-_a3aecb'

26-12-2024T18:53:48 - [TEST_STEP][PASSED] - comment("Step 15: Click the "Save" button to finalize adding the new employee"): Step 15: Click the "Save" button to finalize adding the new employee

26-12-2024T18:53:48 - [MESSAGE][INFO] - Step 15: Click the "Save" button to finalize adding the new employee

26-12-2024T18:53:48 - [TEST_STEP][PASSED] - click(findTestObject("Object Repository/Employee-Onboarding/Page_OrangeHRM/button_Save")): Object: 'Object Repository/Employee-Onboarding/Page_OrangeHRM/button_Save' is clicked on

26-12-2024T18:53:48 - [MESSAGE][PASSED] - Object: 'Object Repository/Employee-Onboarding/Page_OrangeHRM/button_Save' is clicked on

26-12-2024T18:53:48 - [TEST_STEP][PASSED] - delay(2): Delayed 2 second(s)

26-12-2024T18:53:50 - [MESSAGE][PASSED] - Delayed 2 second(s)]]></system-out>
         <system-err><![CDATA[]]></system-err>
      </testcase>
      <testcase name="Test Cases/Employee_Onboarding/TC_Employee_Onboarding" time="11.586" classname="Test Cases/Employee_Onboarding/TC_Employee_Onboarding" status="PASSED">
         <system-out><![CDATA[26-12-2024T18:53:50 - [TEST_CASE][PASSED] - Test Cases/Employee_Onboarding/TC_Employee_Onboarding: Test Cases/Employee_Onboarding/TC_Employee_Onboarding

26-12-2024T18:53:50 - [TEST_STEP][PASSED] - comment("Step 1: Click on the PIM module link"): Step 1: Click on the PIM module link

26-12-2024T18:53:50 - [MESSAGE][INFO] - Step 1: Click on the PIM module link

26-12-2024T18:53:50 - [TEST_STEP][PASSED] - click(findTestObject("Object Repository/Employee-Onboarding/Page_OrangeHRM/a_PIM")): Object: 'Object Repository/Employee-Onboarding/Page_OrangeHRM/a_PIM' is clicked on

26-12-2024T18:53:52 - [MESSAGE][PASSED] - Object: 'Object Repository/Employee-Onboarding/Page_OrangeHRM/a_PIM' is clicked on

26-12-2024T18:53:52 - [TEST_STEP][PASSED] - comment("Step 2: Click the "Add" button to add a new employee"): Step 2: Click the "Add" button to add a new employee

26-12-2024T18:53:52 - [MESSAGE][INFO] - Step 2: Click the "Add" button to add a new employee

26-12-2024T18:53:52 - [TEST_STEP][PASSED] - click(findTestObject("Object Repository/Employee-Onboarding/Page_OrangeHRM/button_Add")): Object: 'Object Repository/Employee-Onboarding/Page_OrangeHRM/button_Add' is clicked on

26-12-2024T18:53:54 - [MESSAGE][PASSED] - Object: 'Object Repository/Employee-Onboarding/Page_OrangeHRM/button_Add' is clicked on

26-12-2024T18:53:54 - [TEST_STEP][PASSED] - comment("Step 3: Focus on the "First Name" input field"): Step 3: Focus on the "First Name" input field

26-12-2024T18:53:54 - [MESSAGE][INFO] - Step 3: Focus on the "First Name" input field

26-12-2024T18:53:54 - [TEST_STEP][PASSED] - click(findTestObject("Object Repository/Employee-Onboarding/Page_OrangeHRM/input_Employee Full Name_firstName")): Object: 'Object Repository/Employee-Onboarding/Page_OrangeHRM/input_Employee Full Name_firstName' is clicked on

26-12-2024T18:53:56 - [MESSAGE][PASSED] - Object: 'Object Repository/Employee-Onboarding/Page_OrangeHRM/input_Employee Full Name_firstName' is clicked on

26-12-2024T18:53:56 - [TEST_STEP][PASSED] - comment("Step 4: Enter the employee's first name"): Step 4: Enter the employee's first name

26-12-2024T18:53:56 - [MESSAGE][INFO] - Step 4: Enter the employee's first name

26-12-2024T18:53:56 - [TEST_STEP][PASSED] - setText(findTestObject("Object Repository/Employee-Onboarding/Page_OrangeHRM/input_Employee Full Name_firstName"), Firstname): Text 'Walter' is set on object 'Object Repository/Employee-Onboarding/Page_OrangeHRM/input_Employee Full Name_firstName'

26-12-2024T18:53:56 - [MESSAGE][PASSED] - Text 'Walter' is set on object 'Object Repository/Employee-Onboarding/Page_OrangeHRM/input_Employee Full Name_firstName'

26-12-2024T18:53:56 - [TEST_STEP][PASSED] - comment("Step 5: Enter the employee's last name"): Step 5: Enter the employee's last name

26-12-2024T18:53:56 - [MESSAGE][INFO] - Step 5: Enter the employee's last name

26-12-2024T18:53:56 - [TEST_STEP][PASSED] - setText(findTestObject("Object Repository/Employee-Onboarding/Page_OrangeHRM/input_Employee Full Name_lastName"), Lastname): Text 'Mason' is set on object 'Object Repository/Employee-Onboarding/Page_OrangeHRM/input_Employee Full Name_lastName'

26-12-2024T18:53:57 - [MESSAGE][PASSED] - Text 'Mason' is set on object 'Object Repository/Employee-Onboarding/Page_OrangeHRM/input_Employee Full Name_lastName'

26-12-2024T18:53:57 - [TEST_STEP][PASSED] - comment("Step 6: Clear the default value in the "Employee ID" field"): Step 6: Clear the default value in the "Employee ID" field

26-12-2024T18:53:57 - [MESSAGE][INFO] - Step 6: Clear the default value in the "Employee ID" field

26-12-2024T18:53:57 - [TEST_STEP][PASSED] - clearText(findTestObject("Object Repository/Employee-Onboarding/Page_OrangeHRM/input_Employee Id_oxd-input oxd-input--focus")): Text of object 'Object Repository/Employee-Onboarding/Page_OrangeHRM/input_Employee Id_oxd-input oxd-input--focus' is cleared

26-12-2024T18:53:57 - [MESSAGE][PASSED] - Text of object 'Object Repository/Employee-Onboarding/Page_OrangeHRM/input_Employee Id_oxd-input oxd-input--focus' is cleared

26-12-2024T18:53:57 - [TEST_STEP][PASSED] - comment("Step 7: Set the employee ID field with a new value"): Step 7: Set the employee ID field with a new value

26-12-2024T18:53:57 - [MESSAGE][INFO] - Step 7: Set the employee ID field with a new value

26-12-2024T18:53:57 - [TEST_STEP][PASSED] - setText(findTestObject("Object Repository/Employee-Onboarding/Page_OrangeHRM/input_Employee Id_oxd-input oxd-input--focus"), ""): Text '' is set on object 'Object Repository/Employee-Onboarding/Page_OrangeHRM/input_Employee Id_oxd-input oxd-input--focus'

26-12-2024T18:53:58 - [MESSAGE][PASSED] - Text '' is set on object 'Object Repository/Employee-Onboarding/Page_OrangeHRM/input_Employee Id_oxd-input oxd-input--focus'

26-12-2024T18:53:58 - [TEST_STEP][PASSED] - comment("Step 8: Toggle the switch related to the Employee ID"): Step 8: Toggle the switch related to the Employee ID

26-12-2024T18:53:58 - [MESSAGE][INFO] - Step 8: Toggle the switch related to the Employee ID

26-12-2024T18:53:58 - [TEST_STEP][PASSED] - click(findTestObject("Object Repository/Employee-Onboarding/Page_OrangeHRM/span_Employee Id_oxd-switch-input oxd-switc_efe210")): Object: 'Object Repository/Employee-Onboarding/Page_OrangeHRM/span_Employee Id_oxd-switch-input oxd-switc_efe210' is clicked on

26-12-2024T18:53:58 - [MESSAGE][PASSED] - Object: 'Object Repository/Employee-Onboarding/Page_OrangeHRM/span_Employee Id_oxd-switch-input oxd-switc_efe210' is clicked on

26-12-2024T18:53:58 - [TEST_STEP][PASSED] - comment("Step 9: Retrieve the entered first name and convert it to lowercase"): Step 9: Retrieve the entered first name and convert it to lowercase

26-12-2024T18:53:58 - [MESSAGE][INFO] - Step 9: Retrieve the entered first name and convert it to lowercase

26-12-2024T18:53:58 - [TEST_STEP][PASSED] - firstname = getAttribute(findTestObject("Object Repository/Employee-Onboarding/Page_OrangeHRM/input_Employee Full Name_firstName"), "value").toLowerCase(): Attribute 'value' of object 'Object Repository/Employee-Onboarding/Page_OrangeHRM/input_Employee Full Name_firstName' is: 'Walter'

26-12-2024T18:53:58 - [MESSAGE][PASSED] - Attribute 'value' of object 'Object Repository/Employee-Onboarding/Page_OrangeHRM/input_Employee Full Name_firstName' is: 'Walter'

26-12-2024T18:53:58 - [TEST_STEP][PASSED] - comment("Step 10: Retrieve the entered last name and convert it to lowercase"): Step 10: Retrieve the entered last name and convert it to lowercase

26-12-2024T18:53:58 - [MESSAGE][INFO] - Step 10: Retrieve the entered last name and convert it to lowercase

26-12-2024T18:53:58 - [TEST_STEP][PASSED] - lastname = getAttribute(findTestObject("Object Repository/Employee-Onboarding/Page_OrangeHRM/input_Employee Full Name_lastName"), "value").toLowerCase(): Attribute 'value' of object 'Object Repository/Employee-Onboarding/Page_OrangeHRM/input_Employee Full Name_lastName' is: 'Mason'

26-12-2024T18:53:59 - [MESSAGE][PASSED] - Attribute 'value' of object 'Object Repository/Employee-Onboarding/Page_OrangeHRM/input_Employee Full Name_lastName' is: 'Mason'

26-12-2024T18:53:59 - [TEST_STEP][PASSED] - comment("Step 11: Concatenate the first and last names to generate a username"): Step 11: Concatenate the first and last names to generate a username

26-12-2024T18:53:59 - [MESSAGE][INFO] - Step 11: Concatenate the first and last names to generate a username

26-12-2024T18:53:59 - [TEST_STEP][PASSED] - username = firstname + "." + lastname: null

26-12-2024T18:53:59 - [TEST_STEP][PASSED] - comment("Step 12: Set the username field with the generated username"): Step 12: Set the username field with the generated username

26-12-2024T18:53:59 - [MESSAGE][INFO] - Step 12: Set the username field with the generated username

26-12-2024T18:53:59 - [TEST_STEP][PASSED] - setText(findTestObject("Object Repository/Employee-Onboarding/Page_OrangeHRM/input_Username_oxd-input oxd-input--focus"), username): Text 'walter.mason' is set on object 'Object Repository/Employee-Onboarding/Page_OrangeHRM/input_Username_oxd-input oxd-input--focus'

26-12-2024T18:53:59 - [MESSAGE][PASSED] - Text 'walter.mason' is set on object 'Object Repository/Employee-Onboarding/Page_OrangeHRM/input_Username_oxd-input oxd-input--focus'

26-12-2024T18:53:59 - [TEST_STEP][PASSED] - comment("Step 13: Enter an encrypted password into the password field"): Step 13: Enter an encrypted password into the password field

26-12-2024T18:53:59 - [MESSAGE][INFO] - Step 13: Enter an encrypted password into the password field

26-12-2024T18:53:59 - [TEST_STEP][PASSED] - setEncryptedText(findTestObject("Object Repository/Employee-Onboarding/Page_OrangeHRM/input_Password_oxd-input oxd-input--active"), EmployeePassword): Text ****** has been set on object 'Object Repository/Employee-Onboarding/Page_OrangeHRM/input_Password_oxd-input oxd-input--active'

26-12-2024T18:53:59 - [MESSAGE][PASSED] - Text ****** has been set on object 'Object Repository/Employee-Onboarding/Page_OrangeHRM/input_Password_oxd-input oxd-input--active'

26-12-2024T18:53:59 - [TEST_STEP][PASSED] - comment("Step 14: Enter an encrypted password into the confirm password field"): Step 14: Enter an encrypted password into the confirm password field

26-12-2024T18:53:59 - [MESSAGE][INFO] - Step 14: Enter an encrypted password into the confirm password field

26-12-2024T18:53:59 - [TEST_STEP][PASSED] - setEncryptedText(findTestObject("Object Repository/Employee-Onboarding/Page_OrangeHRM/input_Confirm Password_oxd-input oxd-input-_a3aecb"), EmployeePassword): Text ****** has been set on object 'Object Repository/Employee-Onboarding/Page_OrangeHRM/input_Confirm Password_oxd-input oxd-input-_a3aecb'

26-12-2024T18:54:00 - [MESSAGE][PASSED] - Text ****** has been set on object 'Object Repository/Employee-Onboarding/Page_OrangeHRM/input_Confirm Password_oxd-input oxd-input-_a3aecb'

26-12-2024T18:54:00 - [TEST_STEP][PASSED] - comment("Step 15: Click the "Save" button to finalize adding the new employee"): Step 15: Click the "Save" button to finalize adding the new employee

26-12-2024T18:54:00 - [MESSAGE][INFO] - Step 15: Click the "Save" button to finalize adding the new employee

26-12-2024T18:54:00 - [TEST_STEP][PASSED] - click(findTestObject("Object Repository/Employee-Onboarding/Page_OrangeHRM/button_Save")): Object: 'Object Repository/Employee-Onboarding/Page_OrangeHRM/button_Save' is clicked on

26-12-2024T18:54:00 - [MESSAGE][PASSED] - Object: 'Object Repository/Employee-Onboarding/Page_OrangeHRM/button_Save' is clicked on

26-12-2024T18:54:00 - [TEST_STEP][PASSED] - delay(2): Delayed 2 second(s)

26-12-2024T18:54:02 - [MESSAGE][PASSED] - Delayed 2 second(s)]]></system-out>
         <system-err><![CDATA[]]></system-err>
      </testcase>
      <testcase name="Test Cases/Employee_Onboarding/TC_Employee_Onboarding" time="12.414" classname="Test Cases/Employee_Onboarding/TC_Employee_Onboarding" status="PASSED">
         <system-out><![CDATA[26-12-2024T18:54:02 - [TEST_CASE][PASSED] - Test Cases/Employee_Onboarding/TC_Employee_Onboarding: Test Cases/Employee_Onboarding/TC_Employee_Onboarding

26-12-2024T18:54:02 - [TEST_STEP][PASSED] - comment("Step 1: Click on the PIM module link"): Step 1: Click on the PIM module link

26-12-2024T18:54:02 - [MESSAGE][INFO] - Step 1: Click on the PIM module link

26-12-2024T18:54:02 - [TEST_STEP][PASSED] - click(findTestObject("Object Repository/Employee-Onboarding/Page_OrangeHRM/a_PIM")): Object: 'Object Repository/Employee-Onboarding/Page_OrangeHRM/a_PIM' is clicked on

26-12-2024T18:54:04 - [MESSAGE][PASSED] - Object: 'Object Repository/Employee-Onboarding/Page_OrangeHRM/a_PIM' is clicked on

26-12-2024T18:54:04 - [TEST_STEP][PASSED] - comment("Step 2: Click the "Add" button to add a new employee"): Step 2: Click the "Add" button to add a new employee

26-12-2024T18:54:04 - [MESSAGE][INFO] - Step 2: Click the "Add" button to add a new employee

26-12-2024T18:54:04 - [TEST_STEP][PASSED] - click(findTestObject("Object Repository/Employee-Onboarding/Page_OrangeHRM/button_Add")): Object: 'Object Repository/Employee-Onboarding/Page_OrangeHRM/button_Add' is clicked on

26-12-2024T18:54:07 - [MESSAGE][PASSED] - Object: 'Object Repository/Employee-Onboarding/Page_OrangeHRM/button_Add' is clicked on

26-12-2024T18:54:07 - [TEST_STEP][PASSED] - comment("Step 3: Focus on the "First Name" input field"): Step 3: Focus on the "First Name" input field

26-12-2024T18:54:07 - [MESSAGE][INFO] - Step 3: Focus on the "First Name" input field

26-12-2024T18:54:07 - [TEST_STEP][PASSED] - click(findTestObject("Object Repository/Employee-Onboarding/Page_OrangeHRM/input_Employee Full Name_firstName")): Object: 'Object Repository/Employee-Onboarding/Page_OrangeHRM/input_Employee Full Name_firstName' is clicked on

26-12-2024T18:54:08 - [MESSAGE][PASSED] - Object: 'Object Repository/Employee-Onboarding/Page_OrangeHRM/input_Employee Full Name_firstName' is clicked on

26-12-2024T18:54:08 - [TEST_STEP][PASSED] - comment("Step 4: Enter the employee's first name"): Step 4: Enter the employee's first name

26-12-2024T18:54:08 - [MESSAGE][INFO] - Step 4: Enter the employee's first name

26-12-2024T18:54:08 - [TEST_STEP][PASSED] - setText(findTestObject("Object Repository/Employee-Onboarding/Page_OrangeHRM/input_Employee Full Name_firstName"), Firstname): Text 'Sara' is set on object 'Object Repository/Employee-Onboarding/Page_OrangeHRM/input_Employee Full Name_firstName'

26-12-2024T18:54:09 - [MESSAGE][PASSED] - Text 'Sara' is set on object 'Object Repository/Employee-Onboarding/Page_OrangeHRM/input_Employee Full Name_firstName'

26-12-2024T18:54:09 - [TEST_STEP][PASSED] - comment("Step 5: Enter the employee's last name"): Step 5: Enter the employee's last name

26-12-2024T18:54:09 - [MESSAGE][INFO] - Step 5: Enter the employee's last name

26-12-2024T18:54:09 - [TEST_STEP][PASSED] - setText(findTestObject("Object Repository/Employee-Onboarding/Page_OrangeHRM/input_Employee Full Name_lastName"), Lastname): Text 'Burns' is set on object 'Object Repository/Employee-Onboarding/Page_OrangeHRM/input_Employee Full Name_lastName'

26-12-2024T18:54:09 - [MESSAGE][PASSED] - Text 'Burns' is set on object 'Object Repository/Employee-Onboarding/Page_OrangeHRM/input_Employee Full Name_lastName'

26-12-2024T18:54:09 - [TEST_STEP][PASSED] - comment("Step 6: Clear the default value in the "Employee ID" field"): Step 6: Clear the default value in the "Employee ID" field

26-12-2024T18:54:09 - [MESSAGE][INFO] - Step 6: Clear the default value in the "Employee ID" field

26-12-2024T18:54:09 - [TEST_STEP][PASSED] - clearText(findTestObject("Object Repository/Employee-Onboarding/Page_OrangeHRM/input_Employee Id_oxd-input oxd-input--focus")): Text of object 'Object Repository/Employee-Onboarding/Page_OrangeHRM/input_Employee Id_oxd-input oxd-input--focus' is cleared

26-12-2024T18:54:10 - [MESSAGE][PASSED] - Text of object 'Object Repository/Employee-Onboarding/Page_OrangeHRM/input_Employee Id_oxd-input oxd-input--focus' is cleared

26-12-2024T18:54:10 - [TEST_STEP][PASSED] - comment("Step 7: Set the employee ID field with a new value"): Step 7: Set the employee ID field with a new value

26-12-2024T18:54:10 - [MESSAGE][INFO] - Step 7: Set the employee ID field with a new value

26-12-2024T18:54:10 - [TEST_STEP][PASSED] - setText(findTestObject("Object Repository/Employee-Onboarding/Page_OrangeHRM/input_Employee Id_oxd-input oxd-input--focus"), ""): Text '' is set on object 'Object Repository/Employee-Onboarding/Page_OrangeHRM/input_Employee Id_oxd-input oxd-input--focus'

26-12-2024T18:54:10 - [MESSAGE][PASSED] - Text '' is set on object 'Object Repository/Employee-Onboarding/Page_OrangeHRM/input_Employee Id_oxd-input oxd-input--focus'

26-12-2024T18:54:10 - [TEST_STEP][PASSED] - comment("Step 8: Toggle the switch related to the Employee ID"): Step 8: Toggle the switch related to the Employee ID

26-12-2024T18:54:10 - [MESSAGE][INFO] - Step 8: Toggle the switch related to the Employee ID

26-12-2024T18:54:10 - [TEST_STEP][PASSED] - click(findTestObject("Object Repository/Employee-Onboarding/Page_OrangeHRM/span_Employee Id_oxd-switch-input oxd-switc_efe210")): Object: 'Object Repository/Employee-Onboarding/Page_OrangeHRM/span_Employee Id_oxd-switch-input oxd-switc_efe210' is clicked on

26-12-2024T18:54:10 - [MESSAGE][PASSED] - Object: 'Object Repository/Employee-Onboarding/Page_OrangeHRM/span_Employee Id_oxd-switch-input oxd-switc_efe210' is clicked on

26-12-2024T18:54:10 - [TEST_STEP][PASSED] - comment("Step 9: Retrieve the entered first name and convert it to lowercase"): Step 9: Retrieve the entered first name and convert it to lowercase

26-12-2024T18:54:10 - [MESSAGE][INFO] - Step 9: Retrieve the entered first name and convert it to lowercase

26-12-2024T18:54:10 - [TEST_STEP][PASSED] - firstname = getAttribute(findTestObject("Object Repository/Employee-Onboarding/Page_OrangeHRM/input_Employee Full Name_firstName"), "value").toLowerCase(): Attribute 'value' of object 'Object Repository/Employee-Onboarding/Page_OrangeHRM/input_Employee Full Name_firstName' is: 'Sara'

26-12-2024T18:54:11 - [MESSAGE][PASSED] - Attribute 'value' of object 'Object Repository/Employee-Onboarding/Page_OrangeHRM/input_Employee Full Name_firstName' is: 'Sara'

26-12-2024T18:54:11 - [TEST_STEP][PASSED] - comment("Step 10: Retrieve the entered last name and convert it to lowercase"): Step 10: Retrieve the entered last name and convert it to lowercase

26-12-2024T18:54:11 - [MESSAGE][INFO] - Step 10: Retrieve the entered last name and convert it to lowercase

26-12-2024T18:54:11 - [TEST_STEP][PASSED] - lastname = getAttribute(findTestObject("Object Repository/Employee-Onboarding/Page_OrangeHRM/input_Employee Full Name_lastName"), "value").toLowerCase(): Attribute 'value' of object 'Object Repository/Employee-Onboarding/Page_OrangeHRM/input_Employee Full Name_lastName' is: 'Burns'

26-12-2024T18:54:11 - [MESSAGE][PASSED] - Attribute 'value' of object 'Object Repository/Employee-Onboarding/Page_OrangeHRM/input_Employee Full Name_lastName' is: 'Burns'

26-12-2024T18:54:11 - [TEST_STEP][PASSED] - comment("Step 11: Concatenate the first and last names to generate a username"): Step 11: Concatenate the first and last names to generate a username

26-12-2024T18:54:11 - [MESSAGE][INFO] - Step 11: Concatenate the first and last names to generate a username

26-12-2024T18:54:11 - [TEST_STEP][PASSED] - username = firstname + "." + lastname: null

26-12-2024T18:54:11 - [TEST_STEP][PASSED] - comment("Step 12: Set the username field with the generated username"): Step 12: Set the username field with the generated username

26-12-2024T18:54:11 - [MESSAGE][INFO] - Step 12: Set the username field with the generated username

26-12-2024T18:54:11 - [TEST_STEP][PASSED] - setText(findTestObject("Object Repository/Employee-Onboarding/Page_OrangeHRM/input_Username_oxd-input oxd-input--focus"), username): Text 'sara.burns' is set on object 'Object Repository/Employee-Onboarding/Page_OrangeHRM/input_Username_oxd-input oxd-input--focus'

26-12-2024T18:54:12 - [MESSAGE][PASSED] - Text 'sara.burns' is set on object 'Object Repository/Employee-Onboarding/Page_OrangeHRM/input_Username_oxd-input oxd-input--focus'

26-12-2024T18:54:12 - [TEST_STEP][PASSED] - comment("Step 13: Enter an encrypted password into the password field"): Step 13: Enter an encrypted password into the password field

26-12-2024T18:54:12 - [MESSAGE][INFO] - Step 13: Enter an encrypted password into the password field

26-12-2024T18:54:12 - [TEST_STEP][PASSED] - setEncryptedText(findTestObject("Object Repository/Employee-Onboarding/Page_OrangeHRM/input_Password_oxd-input oxd-input--active"), EmployeePassword): Text ****** has been set on object 'Object Repository/Employee-Onboarding/Page_OrangeHRM/input_Password_oxd-input oxd-input--active'

26-12-2024T18:54:12 - [MESSAGE][PASSED] - Text ****** has been set on object 'Object Repository/Employee-Onboarding/Page_OrangeHRM/input_Password_oxd-input oxd-input--active'

26-12-2024T18:54:12 - [TEST_STEP][PASSED] - comment("Step 14: Enter an encrypted password into the confirm password field"): Step 14: Enter an encrypted password into the confirm password field

26-12-2024T18:54:12 - [MESSAGE][INFO] - Step 14: Enter an encrypted password into the confirm password field

26-12-2024T18:54:12 - [TEST_STEP][PASSED] - setEncryptedText(findTestObject("Object Repository/Employee-Onboarding/Page_OrangeHRM/input_Confirm Password_oxd-input oxd-input-_a3aecb"), EmployeePassword): Text ****** has been set on object 'Object Repository/Employee-Onboarding/Page_OrangeHRM/input_Confirm Password_oxd-input oxd-input-_a3aecb'

26-12-2024T18:54:12 - [MESSAGE][PASSED] - Text ****** has been set on object 'Object Repository/Employee-Onboarding/Page_OrangeHRM/input_Confirm Password_oxd-input oxd-input-_a3aecb'

26-12-2024T18:54:12 - [TEST_STEP][PASSED] - comment("Step 15: Click the "Save" button to finalize adding the new employee"): Step 15: Click the "Save" button to finalize adding the new employee

26-12-2024T18:54:12 - [MESSAGE][INFO] - Step 15: Click the "Save" button to finalize adding the new employee

26-12-2024T18:54:12 - [TEST_STEP][PASSED] - click(findTestObject("Object Repository/Employee-Onboarding/Page_OrangeHRM/button_Save")): Object: 'Object Repository/Employee-Onboarding/Page_OrangeHRM/button_Save' is clicked on

26-12-2024T18:54:12 - [MESSAGE][PASSED] - Object: 'Object Repository/Employee-Onboarding/Page_OrangeHRM/button_Save' is clicked on

26-12-2024T18:54:12 - [TEST_STEP][PASSED] - delay(2): Delayed 2 second(s)

26-12-2024T18:54:14 - [MESSAGE][PASSED] - Delayed 2 second(s)]]></system-out>
         <system-err><![CDATA[]]></system-err>
      </testcase>
      <testcase name="Test Cases/Employee_Onboarding/TC_Employee_Onboarding" time="12.136" classname="Test Cases/Employee_Onboarding/TC_Employee_Onboarding" status="PASSED">
         <system-out><![CDATA[26-12-2024T18:54:14 - [TEST_CASE][PASSED] - Test Cases/Employee_Onboarding/TC_Employee_Onboarding: Test Cases/Employee_Onboarding/TC_Employee_Onboarding

26-12-2024T18:54:14 - [TEST_STEP][PASSED] - comment("Step 1: Click on the PIM module link"): Step 1: Click on the PIM module link

26-12-2024T18:54:14 - [MESSAGE][INFO] - Step 1: Click on the PIM module link

26-12-2024T18:54:14 - [TEST_STEP][PASSED] - click(findTestObject("Object Repository/Employee-Onboarding/Page_OrangeHRM/a_PIM")): Object: 'Object Repository/Employee-Onboarding/Page_OrangeHRM/a_PIM' is clicked on

26-12-2024T18:54:16 - [MESSAGE][PASSED] - Object: 'Object Repository/Employee-Onboarding/Page_OrangeHRM/a_PIM' is clicked on

26-12-2024T18:54:16 - [TEST_STEP][PASSED] - comment("Step 2: Click the "Add" button to add a new employee"): Step 2: Click the "Add" button to add a new employee

26-12-2024T18:54:16 - [MESSAGE][INFO] - Step 2: Click the "Add" button to add a new employee

26-12-2024T18:54:16 - [TEST_STEP][PASSED] - click(findTestObject("Object Repository/Employee-Onboarding/Page_OrangeHRM/button_Add")): Object: 'Object Repository/Employee-Onboarding/Page_OrangeHRM/button_Add' is clicked on

26-12-2024T18:54:19 - [MESSAGE][PASSED] - Object: 'Object Repository/Employee-Onboarding/Page_OrangeHRM/button_Add' is clicked on

26-12-2024T18:54:19 - [TEST_STEP][PASSED] - comment("Step 3: Focus on the "First Name" input field"): Step 3: Focus on the "First Name" input field

26-12-2024T18:54:19 - [MESSAGE][INFO] - Step 3: Focus on the "First Name" input field

26-12-2024T18:54:19 - [TEST_STEP][PASSED] - click(findTestObject("Object Repository/Employee-Onboarding/Page_OrangeHRM/input_Employee Full Name_firstName")): Object: 'Object Repository/Employee-Onboarding/Page_OrangeHRM/input_Employee Full Name_firstName' is clicked on

26-12-2024T18:54:21 - [MESSAGE][PASSED] - Object: 'Object Repository/Employee-Onboarding/Page_OrangeHRM/input_Employee Full Name_firstName' is clicked on

26-12-2024T18:54:21 - [TEST_STEP][PASSED] - comment("Step 4: Enter the employee's first name"): Step 4: Enter the employee's first name

26-12-2024T18:54:21 - [MESSAGE][INFO] - Step 4: Enter the employee's first name

26-12-2024T18:54:21 - [TEST_STEP][PASSED] - setText(findTestObject("Object Repository/Employee-Onboarding/Page_OrangeHRM/input_Employee Full Name_firstName"), Firstname): Text 'Angela' is set on object 'Object Repository/Employee-Onboarding/Page_OrangeHRM/input_Employee Full Name_firstName'

26-12-2024T18:54:21 - [MESSAGE][PASSED] - Text 'Angela' is set on object 'Object Repository/Employee-Onboarding/Page_OrangeHRM/input_Employee Full Name_firstName'

26-12-2024T18:54:21 - [TEST_STEP][PASSED] - comment("Step 5: Enter the employee's last name"): Step 5: Enter the employee's last name

26-12-2024T18:54:21 - [MESSAGE][INFO] - Step 5: Enter the employee's last name

26-12-2024T18:54:21 - [TEST_STEP][PASSED] - setText(findTestObject("Object Repository/Employee-Onboarding/Page_OrangeHRM/input_Employee Full Name_lastName"), Lastname): Text 'Baker' is set on object 'Object Repository/Employee-Onboarding/Page_OrangeHRM/input_Employee Full Name_lastName'

26-12-2024T18:54:22 - [MESSAGE][PASSED] - Text 'Baker' is set on object 'Object Repository/Employee-Onboarding/Page_OrangeHRM/input_Employee Full Name_lastName'

26-12-2024T18:54:22 - [TEST_STEP][PASSED] - comment("Step 6: Clear the default value in the "Employee ID" field"): Step 6: Clear the default value in the "Employee ID" field

26-12-2024T18:54:22 - [MESSAGE][INFO] - Step 6: Clear the default value in the "Employee ID" field

26-12-2024T18:54:22 - [TEST_STEP][PASSED] - clearText(findTestObject("Object Repository/Employee-Onboarding/Page_OrangeHRM/input_Employee Id_oxd-input oxd-input--focus")): Text of object 'Object Repository/Employee-Onboarding/Page_OrangeHRM/input_Employee Id_oxd-input oxd-input--focus' is cleared

26-12-2024T18:54:22 - [MESSAGE][PASSED] - Text of object 'Object Repository/Employee-Onboarding/Page_OrangeHRM/input_Employee Id_oxd-input oxd-input--focus' is cleared

26-12-2024T18:54:22 - [TEST_STEP][PASSED] - comment("Step 7: Set the employee ID field with a new value"): Step 7: Set the employee ID field with a new value

26-12-2024T18:54:22 - [MESSAGE][INFO] - Step 7: Set the employee ID field with a new value

26-12-2024T18:54:22 - [TEST_STEP][PASSED] - setText(findTestObject("Object Repository/Employee-Onboarding/Page_OrangeHRM/input_Employee Id_oxd-input oxd-input--focus"), ""): Text '' is set on object 'Object Repository/Employee-Onboarding/Page_OrangeHRM/input_Employee Id_oxd-input oxd-input--focus'

26-12-2024T18:54:22 - [MESSAGE][PASSED] - Text '' is set on object 'Object Repository/Employee-Onboarding/Page_OrangeHRM/input_Employee Id_oxd-input oxd-input--focus'

26-12-2024T18:54:22 - [TEST_STEP][PASSED] - comment("Step 8: Toggle the switch related to the Employee ID"): Step 8: Toggle the switch related to the Employee ID

26-12-2024T18:54:22 - [MESSAGE][INFO] - Step 8: Toggle the switch related to the Employee ID

26-12-2024T18:54:22 - [TEST_STEP][PASSED] - click(findTestObject("Object Repository/Employee-Onboarding/Page_OrangeHRM/span_Employee Id_oxd-switch-input oxd-switc_efe210")): Object: 'Object Repository/Employee-Onboarding/Page_OrangeHRM/span_Employee Id_oxd-switch-input oxd-switc_efe210' is clicked on

26-12-2024T18:54:23 - [MESSAGE][PASSED] - Object: 'Object Repository/Employee-Onboarding/Page_OrangeHRM/span_Employee Id_oxd-switch-input oxd-switc_efe210' is clicked on

26-12-2024T18:54:23 - [TEST_STEP][PASSED] - comment("Step 9: Retrieve the entered first name and convert it to lowercase"): Step 9: Retrieve the entered first name and convert it to lowercase

26-12-2024T18:54:23 - [MESSAGE][INFO] - Step 9: Retrieve the entered first name and convert it to lowercase

26-12-2024T18:54:23 - [TEST_STEP][PASSED] - firstname = getAttribute(findTestObject("Object Repository/Employee-Onboarding/Page_OrangeHRM/input_Employee Full Name_firstName"), "value").toLowerCase(): Attribute 'value' of object 'Object Repository/Employee-Onboarding/Page_OrangeHRM/input_Employee Full Name_firstName' is: 'Angela'

26-12-2024T18:54:23 - [MESSAGE][PASSED] - Attribute 'value' of object 'Object Repository/Employee-Onboarding/Page_OrangeHRM/input_Employee Full Name_firstName' is: 'Angela'

26-12-2024T18:54:23 - [TEST_STEP][PASSED] - comment("Step 10: Retrieve the entered last name and convert it to lowercase"): Step 10: Retrieve the entered last name and convert it to lowercase

26-12-2024T18:54:23 - [MESSAGE][INFO] - Step 10: Retrieve the entered last name and convert it to lowercase

26-12-2024T18:54:23 - [TEST_STEP][PASSED] - lastname = getAttribute(findTestObject("Object Repository/Employee-Onboarding/Page_OrangeHRM/input_Employee Full Name_lastName"), "value").toLowerCase(): Attribute 'value' of object 'Object Repository/Employee-Onboarding/Page_OrangeHRM/input_Employee Full Name_lastName' is: 'Baker'

26-12-2024T18:54:23 - [MESSAGE][PASSED] - Attribute 'value' of object 'Object Repository/Employee-Onboarding/Page_OrangeHRM/input_Employee Full Name_lastName' is: 'Baker'

26-12-2024T18:54:23 - [TEST_STEP][PASSED] - comment("Step 11: Concatenate the first and last names to generate a username"): Step 11: Concatenate the first and last names to generate a username

26-12-2024T18:54:23 - [MESSAGE][INFO] - Step 11: Concatenate the first and last names to generate a username

26-12-2024T18:54:23 - [TEST_STEP][PASSED] - username = firstname + "." + lastname: null

26-12-2024T18:54:23 - [TEST_STEP][PASSED] - comment("Step 12: Set the username field with the generated username"): Step 12: Set the username field with the generated username

26-12-2024T18:54:23 - [MESSAGE][INFO] - Step 12: Set the username field with the generated username

26-12-2024T18:54:23 - [TEST_STEP][PASSED] - setText(findTestObject("Object Repository/Employee-Onboarding/Page_OrangeHRM/input_Username_oxd-input oxd-input--focus"), username): Text 'angela.baker' is set on object 'Object Repository/Employee-Onboarding/Page_OrangeHRM/input_Username_oxd-input oxd-input--focus'

26-12-2024T18:54:24 - [MESSAGE][PASSED] - Text 'angela.baker' is set on object 'Object Repository/Employee-Onboarding/Page_OrangeHRM/input_Username_oxd-input oxd-input--focus'

26-12-2024T18:54:24 - [TEST_STEP][PASSED] - comment("Step 13: Enter an encrypted password into the password field"): Step 13: Enter an encrypted password into the password field

26-12-2024T18:54:24 - [MESSAGE][INFO] - Step 13: Enter an encrypted password into the password field

26-12-2024T18:54:24 - [TEST_STEP][PASSED] - setEncryptedText(findTestObject("Object Repository/Employee-Onboarding/Page_OrangeHRM/input_Password_oxd-input oxd-input--active"), EmployeePassword): Text ****** has been set on object 'Object Repository/Employee-Onboarding/Page_OrangeHRM/input_Password_oxd-input oxd-input--active'

26-12-2024T18:54:24 - [MESSAGE][PASSED] - Text ****** has been set on object 'Object Repository/Employee-Onboarding/Page_OrangeHRM/input_Password_oxd-input oxd-input--active'

26-12-2024T18:54:24 - [TEST_STEP][PASSED] - comment("Step 14: Enter an encrypted password into the confirm password field"): Step 14: Enter an encrypted password into the confirm password field

26-12-2024T18:54:24 - [MESSAGE][INFO] - Step 14: Enter an encrypted password into the confirm password field

26-12-2024T18:54:24 - [TEST_STEP][PASSED] - setEncryptedText(findTestObject("Object Repository/Employee-Onboarding/Page_OrangeHRM/input_Confirm Password_oxd-input oxd-input-_a3aecb"), EmployeePassword): Text ****** has been set on object 'Object Repository/Employee-Onboarding/Page_OrangeHRM/input_Confirm Password_oxd-input oxd-input-_a3aecb'

26-12-2024T18:54:24 - [MESSAGE][PASSED] - Text ****** has been set on object 'Object Repository/Employee-Onboarding/Page_OrangeHRM/input_Confirm Password_oxd-input oxd-input-_a3aecb'

26-12-2024T18:54:24 - [TEST_STEP][PASSED] - comment("Step 15: Click the "Save" button to finalize adding the new employee"): Step 15: Click the "Save" button to finalize adding the new employee

26-12-2024T18:54:24 - [MESSAGE][INFO] - Step 15: Click the "Save" button to finalize adding the new employee

26-12-2024T18:54:24 - [TEST_STEP][PASSED] - click(findTestObject("Object Repository/Employee-Onboarding/Page_OrangeHRM/button_Save")): Object: 'Object Repository/Employee-Onboarding/Page_OrangeHRM/button_Save' is clicked on

26-12-2024T18:54:24 - [MESSAGE][PASSED] - Object: 'Object Repository/Employee-Onboarding/Page_OrangeHRM/button_Save' is clicked on

26-12-2024T18:54:24 - [TEST_STEP][PASSED] - delay(2): Delayed 2 second(s)

26-12-2024T18:54:26 - [MESSAGE][PASSED] - Delayed 2 second(s)]]></system-out>
         <system-err><![CDATA[]]></system-err>
      </testcase>
      <testcase name="Test Cases/Employee_Onboarding/TC_Employee_Onboarding" time="11.542" classname="Test Cases/Employee_Onboarding/TC_Employee_Onboarding" status="PASSED">
         <system-out><![CDATA[26-12-2024T18:54:26 - [TEST_CASE][PASSED] - Test Cases/Employee_Onboarding/TC_Employee_Onboarding: Test Cases/Employee_Onboarding/TC_Employee_Onboarding

26-12-2024T18:54:26 - [TEST_STEP][PASSED] - comment("Step 1: Click on the PIM module link"): Step 1: Click on the PIM module link

26-12-2024T18:54:26 - [MESSAGE][INFO] - Step 1: Click on the PIM module link

26-12-2024T18:54:26 - [TEST_STEP][PASSED] - click(findTestObject("Object Repository/Employee-Onboarding/Page_OrangeHRM/a_PIM")): Object: 'Object Repository/Employee-Onboarding/Page_OrangeHRM/a_PIM' is clicked on

26-12-2024T18:54:28 - [MESSAGE][PASSED] - Object: 'Object Repository/Employee-Onboarding/Page_OrangeHRM/a_PIM' is clicked on

26-12-2024T18:54:28 - [TEST_STEP][PASSED] - comment("Step 2: Click the "Add" button to add a new employee"): Step 2: Click the "Add" button to add a new employee

26-12-2024T18:54:28 - [MESSAGE][INFO] - Step 2: Click the "Add" button to add a new employee

26-12-2024T18:54:28 - [TEST_STEP][PASSED] - click(findTestObject("Object Repository/Employee-Onboarding/Page_OrangeHRM/button_Add")): Object: 'Object Repository/Employee-Onboarding/Page_OrangeHRM/button_Add' is clicked on

26-12-2024T18:54:31 - [MESSAGE][PASSED] - Object: 'Object Repository/Employee-Onboarding/Page_OrangeHRM/button_Add' is clicked on

26-12-2024T18:54:31 - [TEST_STEP][PASSED] - comment("Step 3: Focus on the "First Name" input field"): Step 3: Focus on the "First Name" input field

26-12-2024T18:54:31 - [MESSAGE][INFO] - Step 3: Focus on the "First Name" input field

26-12-2024T18:54:31 - [TEST_STEP][PASSED] - click(findTestObject("Object Repository/Employee-Onboarding/Page_OrangeHRM/input_Employee Full Name_firstName")): Object: 'Object Repository/Employee-Onboarding/Page_OrangeHRM/input_Employee Full Name_firstName' is clicked on

26-12-2024T18:54:32 - [MESSAGE][PASSED] - Object: 'Object Repository/Employee-Onboarding/Page_OrangeHRM/input_Employee Full Name_firstName' is clicked on

26-12-2024T18:54:32 - [TEST_STEP][PASSED] - comment("Step 4: Enter the employee's first name"): Step 4: Enter the employee's first name

26-12-2024T18:54:32 - [MESSAGE][INFO] - Step 4: Enter the employee's first name

26-12-2024T18:54:32 - [TEST_STEP][PASSED] - setText(findTestObject("Object Repository/Employee-Onboarding/Page_OrangeHRM/input_Employee Full Name_firstName"), Firstname): Text 'Connie' is set on object 'Object Repository/Employee-Onboarding/Page_OrangeHRM/input_Employee Full Name_firstName'

26-12-2024T18:54:33 - [MESSAGE][PASSED] - Text 'Connie' is set on object 'Object Repository/Employee-Onboarding/Page_OrangeHRM/input_Employee Full Name_firstName'

26-12-2024T18:54:33 - [TEST_STEP][PASSED] - comment("Step 5: Enter the employee's last name"): Step 5: Enter the employee's last name

26-12-2024T18:54:33 - [MESSAGE][INFO] - Step 5: Enter the employee's last name

26-12-2024T18:54:33 - [TEST_STEP][PASSED] - setText(findTestObject("Object Repository/Employee-Onboarding/Page_OrangeHRM/input_Employee Full Name_lastName"), Lastname): Text 'Jones' is set on object 'Object Repository/Employee-Onboarding/Page_OrangeHRM/input_Employee Full Name_lastName'

26-12-2024T18:54:33 - [MESSAGE][PASSED] - Text 'Jones' is set on object 'Object Repository/Employee-Onboarding/Page_OrangeHRM/input_Employee Full Name_lastName'

26-12-2024T18:54:33 - [TEST_STEP][PASSED] - comment("Step 6: Clear the default value in the "Employee ID" field"): Step 6: Clear the default value in the "Employee ID" field

26-12-2024T18:54:33 - [MESSAGE][INFO] - Step 6: Clear the default value in the "Employee ID" field

26-12-2024T18:54:33 - [TEST_STEP][PASSED] - clearText(findTestObject("Object Repository/Employee-Onboarding/Page_OrangeHRM/input_Employee Id_oxd-input oxd-input--focus")): Text of object 'Object Repository/Employee-Onboarding/Page_OrangeHRM/input_Employee Id_oxd-input oxd-input--focus' is cleared

26-12-2024T18:54:33 - [MESSAGE][PASSED] - Text of object 'Object Repository/Employee-Onboarding/Page_OrangeHRM/input_Employee Id_oxd-input oxd-input--focus' is cleared

26-12-2024T18:54:33 - [TEST_STEP][PASSED] - comment("Step 7: Set the employee ID field with a new value"): Step 7: Set the employee ID field with a new value

26-12-2024T18:54:33 - [MESSAGE][INFO] - Step 7: Set the employee ID field with a new value

26-12-2024T18:54:33 - [TEST_STEP][PASSED] - setText(findTestObject("Object Repository/Employee-Onboarding/Page_OrangeHRM/input_Employee Id_oxd-input oxd-input--focus"), ""): Text '' is set on object 'Object Repository/Employee-Onboarding/Page_OrangeHRM/input_Employee Id_oxd-input oxd-input--focus'

26-12-2024T18:54:34 - [MESSAGE][PASSED] - Text '' is set on object 'Object Repository/Employee-Onboarding/Page_OrangeHRM/input_Employee Id_oxd-input oxd-input--focus'

26-12-2024T18:54:34 - [TEST_STEP][PASSED] - comment("Step 8: Toggle the switch related to the Employee ID"): Step 8: Toggle the switch related to the Employee ID

26-12-2024T18:54:34 - [MESSAGE][INFO] - Step 8: Toggle the switch related to the Employee ID

26-12-2024T18:54:34 - [TEST_STEP][PASSED] - click(findTestObject("Object Repository/Employee-Onboarding/Page_OrangeHRM/span_Employee Id_oxd-switch-input oxd-switc_efe210")): Object: 'Object Repository/Employee-Onboarding/Page_OrangeHRM/span_Employee Id_oxd-switch-input oxd-switc_efe210' is clicked on

26-12-2024T18:54:34 - [MESSAGE][PASSED] - Object: 'Object Repository/Employee-Onboarding/Page_OrangeHRM/span_Employee Id_oxd-switch-input oxd-switc_efe210' is clicked on

26-12-2024T18:54:34 - [TEST_STEP][PASSED] - comment("Step 9: Retrieve the entered first name and convert it to lowercase"): Step 9: Retrieve the entered first name and convert it to lowercase

26-12-2024T18:54:34 - [MESSAGE][INFO] - Step 9: Retrieve the entered first name and convert it to lowercase

26-12-2024T18:54:34 - [TEST_STEP][PASSED] - firstname = getAttribute(findTestObject("Object Repository/Employee-Onboarding/Page_OrangeHRM/input_Employee Full Name_firstName"), "value").toLowerCase(): Attribute 'value' of object 'Object Repository/Employee-Onboarding/Page_OrangeHRM/input_Employee Full Name_firstName' is: 'Connie'

26-12-2024T18:54:35 - [MESSAGE][PASSED] - Attribute 'value' of object 'Object Repository/Employee-Onboarding/Page_OrangeHRM/input_Employee Full Name_firstName' is: 'Connie'

26-12-2024T18:54:35 - [TEST_STEP][PASSED] - comment("Step 10: Retrieve the entered last name and convert it to lowercase"): Step 10: Retrieve the entered last name and convert it to lowercase

26-12-2024T18:54:35 - [MESSAGE][INFO] - Step 10: Retrieve the entered last name and convert it to lowercase

26-12-2024T18:54:35 - [TEST_STEP][PASSED] - lastname = getAttribute(findTestObject("Object Repository/Employee-Onboarding/Page_OrangeHRM/input_Employee Full Name_lastName"), "value").toLowerCase(): Attribute 'value' of object 'Object Repository/Employee-Onboarding/Page_OrangeHRM/input_Employee Full Name_lastName' is: 'Jones'

26-12-2024T18:54:35 - [MESSAGE][PASSED] - Attribute 'value' of object 'Object Repository/Employee-Onboarding/Page_OrangeHRM/input_Employee Full Name_lastName' is: 'Jones'

26-12-2024T18:54:35 - [TEST_STEP][PASSED] - comment("Step 11: Concatenate the first and last names to generate a username"): Step 11: Concatenate the first and last names to generate a username

26-12-2024T18:54:35 - [MESSAGE][INFO] - Step 11: Concatenate the first and last names to generate a username

26-12-2024T18:54:35 - [TEST_STEP][PASSED] - username = firstname + "." + lastname: null

26-12-2024T18:54:35 - [TEST_STEP][PASSED] - comment("Step 12: Set the username field with the generated username"): Step 12: Set the username field with the generated username

26-12-2024T18:54:35 - [MESSAGE][INFO] - Step 12: Set the username field with the generated username

26-12-2024T18:54:35 - [TEST_STEP][PASSED] - setText(findTestObject("Object Repository/Employee-Onboarding/Page_OrangeHRM/input_Username_oxd-input oxd-input--focus"), username): Text 'connie.jones' is set on object 'Object Repository/Employee-Onboarding/Page_OrangeHRM/input_Username_oxd-input oxd-input--focus'

26-12-2024T18:54:35 - [MESSAGE][PASSED] - Text 'connie.jones' is set on object 'Object Repository/Employee-Onboarding/Page_OrangeHRM/input_Username_oxd-input oxd-input--focus'

26-12-2024T18:54:35 - [TEST_STEP][PASSED] - comment("Step 13: Enter an encrypted password into the password field"): Step 13: Enter an encrypted password into the password field

26-12-2024T18:54:35 - [MESSAGE][INFO] - Step 13: Enter an encrypted password into the password field

26-12-2024T18:54:35 - [TEST_STEP][PASSED] - setEncryptedText(findTestObject("Object Repository/Employee-Onboarding/Page_OrangeHRM/input_Password_oxd-input oxd-input--active"), EmployeePassword): Text ****** has been set on object 'Object Repository/Employee-Onboarding/Page_OrangeHRM/input_Password_oxd-input oxd-input--active'

26-12-2024T18:54:36 - [MESSAGE][PASSED] - Text ****** has been set on object 'Object Repository/Employee-Onboarding/Page_OrangeHRM/input_Password_oxd-input oxd-input--active'

26-12-2024T18:54:36 - [TEST_STEP][PASSED] - comment("Step 14: Enter an encrypted password into the confirm password field"): Step 14: Enter an encrypted password into the confirm password field

26-12-2024T18:54:36 - [MESSAGE][INFO] - Step 14: Enter an encrypted password into the confirm password field

26-12-2024T18:54:36 - [TEST_STEP][PASSED] - setEncryptedText(findTestObject("Object Repository/Employee-Onboarding/Page_OrangeHRM/input_Confirm Password_oxd-input oxd-input-_a3aecb"), EmployeePassword): Text ****** has been set on object 'Object Repository/Employee-Onboarding/Page_OrangeHRM/input_Confirm Password_oxd-input oxd-input-_a3aecb'

26-12-2024T18:54:36 - [MESSAGE][PASSED] - Text ****** has been set on object 'Object Repository/Employee-Onboarding/Page_OrangeHRM/input_Confirm Password_oxd-input oxd-input-_a3aecb'

26-12-2024T18:54:36 - [TEST_STEP][PASSED] - comment("Step 15: Click the "Save" button to finalize adding the new employee"): Step 15: Click the "Save" button to finalize adding the new employee

26-12-2024T18:54:36 - [MESSAGE][INFO] - Step 15: Click the "Save" button to finalize adding the new employee

26-12-2024T18:54:36 - [TEST_STEP][PASSED] - click(findTestObject("Object Repository/Employee-Onboarding/Page_OrangeHRM/button_Save")): Object: 'Object Repository/Employee-Onboarding/Page_OrangeHRM/button_Save' is clicked on

26-12-2024T18:54:36 - [MESSAGE][PASSED] - Object: 'Object Repository/Employee-Onboarding/Page_OrangeHRM/button_Save' is clicked on

26-12-2024T18:54:36 - [TEST_STEP][PASSED] - delay(2): Delayed 2 second(s)

26-12-2024T18:54:38 - [MESSAGE][PASSED] - Delayed 2 second(s)]]></system-out>
         <system-err><![CDATA[]]></system-err>
      </testcase>
      <testcase name="Test Cases/Employee_Onboarding/TC_Employee_Onboarding" time="10.585" classname="Test Cases/Employee_Onboarding/TC_Employee_Onboarding" status="PASSED">
         <system-out><![CDATA[26-12-2024T18:54:38 - [TEST_CASE][PASSED] - Test Cases/Employee_Onboarding/TC_Employee_Onboarding: Test Cases/Employee_Onboarding/TC_Employee_Onboarding

26-12-2024T18:54:38 - [TEST_STEP][PASSED] - comment("Step 1: Click on the PIM module link"): Step 1: Click on the PIM module link

26-12-2024T18:54:38 - [MESSAGE][INFO] - Step 1: Click on the PIM module link

26-12-2024T18:54:38 - [TEST_STEP][PASSED] - click(findTestObject("Object Repository/Employee-Onboarding/Page_OrangeHRM/a_PIM")): Object: 'Object Repository/Employee-Onboarding/Page_OrangeHRM/a_PIM' is clicked on

26-12-2024T18:54:39 - [MESSAGE][PASSED] - Object: 'Object Repository/Employee-Onboarding/Page_OrangeHRM/a_PIM' is clicked on

26-12-2024T18:54:39 - [TEST_STEP][PASSED] - comment("Step 2: Click the "Add" button to add a new employee"): Step 2: Click the "Add" button to add a new employee

26-12-2024T18:54:39 - [MESSAGE][INFO] - Step 2: Click the "Add" button to add a new employee

26-12-2024T18:54:39 - [TEST_STEP][PASSED] - click(findTestObject("Object Repository/Employee-Onboarding/Page_OrangeHRM/button_Add")): Object: 'Object Repository/Employee-Onboarding/Page_OrangeHRM/button_Add' is clicked on

26-12-2024T18:54:41 - [MESSAGE][PASSED] - Object: 'Object Repository/Employee-Onboarding/Page_OrangeHRM/button_Add' is clicked on

26-12-2024T18:54:41 - [TEST_STEP][PASSED] - comment("Step 3: Focus on the "First Name" input field"): Step 3: Focus on the "First Name" input field

26-12-2024T18:54:41 - [MESSAGE][INFO] - Step 3: Focus on the "First Name" input field

26-12-2024T18:54:41 - [TEST_STEP][PASSED] - click(findTestObject("Object Repository/Employee-Onboarding/Page_OrangeHRM/input_Employee Full Name_firstName")): Object: 'Object Repository/Employee-Onboarding/Page_OrangeHRM/input_Employee Full Name_firstName' is clicked on

26-12-2024T18:54:43 - [MESSAGE][PASSED] - Object: 'Object Repository/Employee-Onboarding/Page_OrangeHRM/input_Employee Full Name_firstName' is clicked on

26-12-2024T18:54:43 - [TEST_STEP][PASSED] - comment("Step 4: Enter the employee's first name"): Step 4: Enter the employee's first name

26-12-2024T18:54:43 - [MESSAGE][INFO] - Step 4: Enter the employee's first name

26-12-2024T18:54:43 - [TEST_STEP][PASSED] - setText(findTestObject("Object Repository/Employee-Onboarding/Page_OrangeHRM/input_Employee Full Name_firstName"), Firstname): Text 'Jimmy' is set on object 'Object Repository/Employee-Onboarding/Page_OrangeHRM/input_Employee Full Name_firstName'

26-12-2024T18:54:43 - [MESSAGE][PASSED] - Text 'Jimmy' is set on object 'Object Repository/Employee-Onboarding/Page_OrangeHRM/input_Employee Full Name_firstName'

26-12-2024T18:54:43 - [TEST_STEP][PASSED] - comment("Step 5: Enter the employee's last name"): Step 5: Enter the employee's last name

26-12-2024T18:54:43 - [MESSAGE][INFO] - Step 5: Enter the employee's last name

26-12-2024T18:54:43 - [TEST_STEP][PASSED] - setText(findTestObject("Object Repository/Employee-Onboarding/Page_OrangeHRM/input_Employee Full Name_lastName"), Lastname): Text 'Wilson' is set on object 'Object Repository/Employee-Onboarding/Page_OrangeHRM/input_Employee Full Name_lastName'

26-12-2024T18:54:44 - [MESSAGE][PASSED] - Text 'Wilson' is set on object 'Object Repository/Employee-Onboarding/Page_OrangeHRM/input_Employee Full Name_lastName'

26-12-2024T18:54:44 - [TEST_STEP][PASSED] - comment("Step 6: Clear the default value in the "Employee ID" field"): Step 6: Clear the default value in the "Employee ID" field

26-12-2024T18:54:44 - [MESSAGE][INFO] - Step 6: Clear the default value in the "Employee ID" field

26-12-2024T18:54:44 - [TEST_STEP][PASSED] - clearText(findTestObject("Object Repository/Employee-Onboarding/Page_OrangeHRM/input_Employee Id_oxd-input oxd-input--focus")): Text of object 'Object Repository/Employee-Onboarding/Page_OrangeHRM/input_Employee Id_oxd-input oxd-input--focus' is cleared

26-12-2024T18:54:44 - [MESSAGE][PASSED] - Text of object 'Object Repository/Employee-Onboarding/Page_OrangeHRM/input_Employee Id_oxd-input oxd-input--focus' is cleared

26-12-2024T18:54:44 - [TEST_STEP][PASSED] - comment("Step 7: Set the employee ID field with a new value"): Step 7: Set the employee ID field with a new value

26-12-2024T18:54:44 - [MESSAGE][INFO] - Step 7: Set the employee ID field with a new value

26-12-2024T18:54:44 - [TEST_STEP][PASSED] - setText(findTestObject("Object Repository/Employee-Onboarding/Page_OrangeHRM/input_Employee Id_oxd-input oxd-input--focus"), ""): Text '' is set on object 'Object Repository/Employee-Onboarding/Page_OrangeHRM/input_Employee Id_oxd-input oxd-input--focus'

26-12-2024T18:54:44 - [MESSAGE][PASSED] - Text '' is set on object 'Object Repository/Employee-Onboarding/Page_OrangeHRM/input_Employee Id_oxd-input oxd-input--focus'

26-12-2024T18:54:44 - [TEST_STEP][PASSED] - comment("Step 8: Toggle the switch related to the Employee ID"): Step 8: Toggle the switch related to the Employee ID

26-12-2024T18:54:44 - [MESSAGE][INFO] - Step 8: Toggle the switch related to the Employee ID

26-12-2024T18:54:44 - [TEST_STEP][PASSED] - click(findTestObject("Object Repository/Employee-Onboarding/Page_OrangeHRM/span_Employee Id_oxd-switch-input oxd-switc_efe210")): Object: 'Object Repository/Employee-Onboarding/Page_OrangeHRM/span_Employee Id_oxd-switch-input oxd-switc_efe210' is clicked on

26-12-2024T18:54:45 - [MESSAGE][PASSED] - Object: 'Object Repository/Employee-Onboarding/Page_OrangeHRM/span_Employee Id_oxd-switch-input oxd-switc_efe210' is clicked on

26-12-2024T18:54:45 - [TEST_STEP][PASSED] - comment("Step 9: Retrieve the entered first name and convert it to lowercase"): Step 9: Retrieve the entered first name and convert it to lowercase

26-12-2024T18:54:45 - [MESSAGE][INFO] - Step 9: Retrieve the entered first name and convert it to lowercase

26-12-2024T18:54:45 - [TEST_STEP][PASSED] - firstname = getAttribute(findTestObject("Object Repository/Employee-Onboarding/Page_OrangeHRM/input_Employee Full Name_firstName"), "value").toLowerCase(): Attribute 'value' of object 'Object Repository/Employee-Onboarding/Page_OrangeHRM/input_Employee Full Name_firstName' is: 'Jimmy'

26-12-2024T18:54:45 - [MESSAGE][PASSED] - Attribute 'value' of object 'Object Repository/Employee-Onboarding/Page_OrangeHRM/input_Employee Full Name_firstName' is: 'Jimmy'

26-12-2024T18:54:45 - [TEST_STEP][PASSED] - comment("Step 10: Retrieve the entered last name and convert it to lowercase"): Step 10: Retrieve the entered last name and convert it to lowercase

26-12-2024T18:54:45 - [MESSAGE][INFO] - Step 10: Retrieve the entered last name and convert it to lowercase

26-12-2024T18:54:45 - [TEST_STEP][PASSED] - lastname = getAttribute(findTestObject("Object Repository/Employee-Onboarding/Page_OrangeHRM/input_Employee Full Name_lastName"), "value").toLowerCase(): Attribute 'value' of object 'Object Repository/Employee-Onboarding/Page_OrangeHRM/input_Employee Full Name_lastName' is: 'Wilson'

26-12-2024T18:54:45 - [MESSAGE][PASSED] - Attribute 'value' of object 'Object Repository/Employee-Onboarding/Page_OrangeHRM/input_Employee Full Name_lastName' is: 'Wilson'

26-12-2024T18:54:45 - [TEST_STEP][PASSED] - comment("Step 11: Concatenate the first and last names to generate a username"): Step 11: Concatenate the first and last names to generate a username

26-12-2024T18:54:45 - [MESSAGE][INFO] - Step 11: Concatenate the first and last names to generate a username

26-12-2024T18:54:45 - [TEST_STEP][PASSED] - username = firstname + "." + lastname: null

26-12-2024T18:54:45 - [TEST_STEP][PASSED] - comment("Step 12: Set the username field with the generated username"): Step 12: Set the username field with the generated username

26-12-2024T18:54:45 - [MESSAGE][INFO] - Step 12: Set the username field with the generated username

26-12-2024T18:54:45 - [TEST_STEP][PASSED] - setText(findTestObject("Object Repository/Employee-Onboarding/Page_OrangeHRM/input_Username_oxd-input oxd-input--focus"), username): Text 'jimmy.wilson' is set on object 'Object Repository/Employee-Onboarding/Page_OrangeHRM/input_Username_oxd-input oxd-input--focus'

26-12-2024T18:54:46 - [MESSAGE][PASSED] - Text 'jimmy.wilson' is set on object 'Object Repository/Employee-Onboarding/Page_OrangeHRM/input_Username_oxd-input oxd-input--focus'

26-12-2024T18:54:46 - [TEST_STEP][PASSED] - comment("Step 13: Enter an encrypted password into the password field"): Step 13: Enter an encrypted password into the password field

26-12-2024T18:54:46 - [MESSAGE][INFO] - Step 13: Enter an encrypted password into the password field

26-12-2024T18:54:46 - [TEST_STEP][PASSED] - setEncryptedText(findTestObject("Object Repository/Employee-Onboarding/Page_OrangeHRM/input_Password_oxd-input oxd-input--active"), EmployeePassword): Text ****** has been set on object 'Object Repository/Employee-Onboarding/Page_OrangeHRM/input_Password_oxd-input oxd-input--active'

26-12-2024T18:54:46 - [MESSAGE][PASSED] - Text ****** has been set on object 'Object Repository/Employee-Onboarding/Page_OrangeHRM/input_Password_oxd-input oxd-input--active'

26-12-2024T18:54:46 - [TEST_STEP][PASSED] - comment("Step 14: Enter an encrypted password into the confirm password field"): Step 14: Enter an encrypted password into the confirm password field

26-12-2024T18:54:46 - [MESSAGE][INFO] - Step 14: Enter an encrypted password into the confirm password field

26-12-2024T18:54:46 - [TEST_STEP][PASSED] - setEncryptedText(findTestObject("Object Repository/Employee-Onboarding/Page_OrangeHRM/input_Confirm Password_oxd-input oxd-input-_a3aecb"), EmployeePassword): Text ****** has been set on object 'Object Repository/Employee-Onboarding/Page_OrangeHRM/input_Confirm Password_oxd-input oxd-input-_a3aecb'

26-12-2024T18:54:47 - [MESSAGE][PASSED] - Text ****** has been set on object 'Object Repository/Employee-Onboarding/Page_OrangeHRM/input_Confirm Password_oxd-input oxd-input-_a3aecb'

26-12-2024T18:54:47 - [TEST_STEP][PASSED] - comment("Step 15: Click the "Save" button to finalize adding the new employee"): Step 15: Click the "Save" button to finalize adding the new employee

26-12-2024T18:54:47 - [MESSAGE][INFO] - Step 15: Click the "Save" button to finalize adding the new employee

26-12-2024T18:54:47 - [TEST_STEP][PASSED] - click(findTestObject("Object Repository/Employee-Onboarding/Page_OrangeHRM/button_Save")): Object: 'Object Repository/Employee-Onboarding/Page_OrangeHRM/button_Save' is clicked on

26-12-2024T18:54:47 - [MESSAGE][PASSED] - Object: 'Object Repository/Employee-Onboarding/Page_OrangeHRM/button_Save' is clicked on

26-12-2024T18:54:47 - [TEST_STEP][PASSED] - delay(2): Delayed 2 second(s)

26-12-2024T18:54:49 - [MESSAGE][PASSED] - Delayed 2 second(s)]]></system-out>
         <system-err><![CDATA[]]></system-err>
      </testcase>
      <testcase name="Test Cases/Employee_Onboarding/TC_Employee_Onboarding" time="11.504" classname="Test Cases/Employee_Onboarding/TC_Employee_Onboarding" status="PASSED">
         <system-out><![CDATA[26-12-2024T18:54:49 - [TEST_CASE][PASSED] - Test Cases/Employee_Onboarding/TC_Employee_Onboarding: Test Cases/Employee_Onboarding/TC_Employee_Onboarding

26-12-2024T18:54:49 - [TEST_STEP][PASSED] - comment("Step 1: Click on the PIM module link"): Step 1: Click on the PIM module link

26-12-2024T18:54:49 - [MESSAGE][INFO] - Step 1: Click on the PIM module link

26-12-2024T18:54:49 - [TEST_STEP][PASSED] - click(findTestObject("Object Repository/Employee-Onboarding/Page_OrangeHRM/a_PIM")): Object: 'Object Repository/Employee-Onboarding/Page_OrangeHRM/a_PIM' is clicked on

26-12-2024T18:54:50 - [MESSAGE][PASSED] - Object: 'Object Repository/Employee-Onboarding/Page_OrangeHRM/a_PIM' is clicked on

26-12-2024T18:54:50 - [TEST_STEP][PASSED] - comment("Step 2: Click the "Add" button to add a new employee"): Step 2: Click the "Add" button to add a new employee

26-12-2024T18:54:50 - [MESSAGE][INFO] - Step 2: Click the "Add" button to add a new employee

26-12-2024T18:54:50 - [TEST_STEP][PASSED] - click(findTestObject("Object Repository/Employee-Onboarding/Page_OrangeHRM/button_Add")): Object: 'Object Repository/Employee-Onboarding/Page_OrangeHRM/button_Add' is clicked on

26-12-2024T18:54:53 - [MESSAGE][PASSED] - Object: 'Object Repository/Employee-Onboarding/Page_OrangeHRM/button_Add' is clicked on

26-12-2024T18:54:53 - [TEST_STEP][PASSED] - comment("Step 3: Focus on the "First Name" input field"): Step 3: Focus on the "First Name" input field

26-12-2024T18:54:53 - [MESSAGE][INFO] - Step 3: Focus on the "First Name" input field

26-12-2024T18:54:53 - [TEST_STEP][PASSED] - click(findTestObject("Object Repository/Employee-Onboarding/Page_OrangeHRM/input_Employee Full Name_firstName")): Object: 'Object Repository/Employee-Onboarding/Page_OrangeHRM/input_Employee Full Name_firstName' is clicked on

26-12-2024T18:54:54 - [MESSAGE][PASSED] - Object: 'Object Repository/Employee-Onboarding/Page_OrangeHRM/input_Employee Full Name_firstName' is clicked on

26-12-2024T18:54:54 - [TEST_STEP][PASSED] - comment("Step 4: Enter the employee's first name"): Step 4: Enter the employee's first name

26-12-2024T18:54:54 - [MESSAGE][INFO] - Step 4: Enter the employee's first name

26-12-2024T18:54:54 - [TEST_STEP][PASSED] - setText(findTestObject("Object Repository/Employee-Onboarding/Page_OrangeHRM/input_Employee Full Name_firstName"), Firstname): Text 'Susan' is set on object 'Object Repository/Employee-Onboarding/Page_OrangeHRM/input_Employee Full Name_firstName'

26-12-2024T18:54:55 - [MESSAGE][PASSED] - Text 'Susan' is set on object 'Object Repository/Employee-Onboarding/Page_OrangeHRM/input_Employee Full Name_firstName'

26-12-2024T18:54:55 - [TEST_STEP][PASSED] - comment("Step 5: Enter the employee's last name"): Step 5: Enter the employee's last name

26-12-2024T18:54:55 - [MESSAGE][INFO] - Step 5: Enter the employee's last name

26-12-2024T18:54:55 - [TEST_STEP][PASSED] - setText(findTestObject("Object Repository/Employee-Onboarding/Page_OrangeHRM/input_Employee Full Name_lastName"), Lastname): Text 'Anderson' is set on object 'Object Repository/Employee-Onboarding/Page_OrangeHRM/input_Employee Full Name_lastName'

26-12-2024T18:54:55 - [MESSAGE][PASSED] - Text 'Anderson' is set on object 'Object Repository/Employee-Onboarding/Page_OrangeHRM/input_Employee Full Name_lastName'

26-12-2024T18:54:55 - [TEST_STEP][PASSED] - comment("Step 6: Clear the default value in the "Employee ID" field"): Step 6: Clear the default value in the "Employee ID" field

26-12-2024T18:54:55 - [MESSAGE][INFO] - Step 6: Clear the default value in the "Employee ID" field

26-12-2024T18:54:55 - [TEST_STEP][PASSED] - clearText(findTestObject("Object Repository/Employee-Onboarding/Page_OrangeHRM/input_Employee Id_oxd-input oxd-input--focus")): Text of object 'Object Repository/Employee-Onboarding/Page_OrangeHRM/input_Employee Id_oxd-input oxd-input--focus' is cleared

26-12-2024T18:54:55 - [MESSAGE][PASSED] - Text of object 'Object Repository/Employee-Onboarding/Page_OrangeHRM/input_Employee Id_oxd-input oxd-input--focus' is cleared

26-12-2024T18:54:55 - [TEST_STEP][PASSED] - comment("Step 7: Set the employee ID field with a new value"): Step 7: Set the employee ID field with a new value

26-12-2024T18:54:55 - [MESSAGE][INFO] - Step 7: Set the employee ID field with a new value

26-12-2024T18:54:55 - [TEST_STEP][PASSED] - setText(findTestObject("Object Repository/Employee-Onboarding/Page_OrangeHRM/input_Employee Id_oxd-input oxd-input--focus"), ""): Text '' is set on object 'Object Repository/Employee-Onboarding/Page_OrangeHRM/input_Employee Id_oxd-input oxd-input--focus'

26-12-2024T18:54:56 - [MESSAGE][PASSED] - Text '' is set on object 'Object Repository/Employee-Onboarding/Page_OrangeHRM/input_Employee Id_oxd-input oxd-input--focus'

26-12-2024T18:54:56 - [TEST_STEP][PASSED] - comment("Step 8: Toggle the switch related to the Employee ID"): Step 8: Toggle the switch related to the Employee ID

26-12-2024T18:54:56 - [MESSAGE][INFO] - Step 8: Toggle the switch related to the Employee ID

26-12-2024T18:54:56 - [TEST_STEP][PASSED] - click(findTestObject("Object Repository/Employee-Onboarding/Page_OrangeHRM/span_Employee Id_oxd-switch-input oxd-switc_efe210")): Object: 'Object Repository/Employee-Onboarding/Page_OrangeHRM/span_Employee Id_oxd-switch-input oxd-switc_efe210' is clicked on

26-12-2024T18:54:56 - [MESSAGE][PASSED] - Object: 'Object Repository/Employee-Onboarding/Page_OrangeHRM/span_Employee Id_oxd-switch-input oxd-switc_efe210' is clicked on

26-12-2024T18:54:56 - [TEST_STEP][PASSED] - comment("Step 9: Retrieve the entered first name and convert it to lowercase"): Step 9: Retrieve the entered first name and convert it to lowercase

26-12-2024T18:54:56 - [MESSAGE][INFO] - Step 9: Retrieve the entered first name and convert it to lowercase

26-12-2024T18:54:56 - [TEST_STEP][PASSED] - firstname = getAttribute(findTestObject("Object Repository/Employee-Onboarding/Page_OrangeHRM/input_Employee Full Name_firstName"), "value").toLowerCase(): Attribute 'value' of object 'Object Repository/Employee-Onboarding/Page_OrangeHRM/input_Employee Full Name_firstName' is: 'Susan'

26-12-2024T18:54:57 - [MESSAGE][PASSED] - Attribute 'value' of object 'Object Repository/Employee-Onboarding/Page_OrangeHRM/input_Employee Full Name_firstName' is: 'Susan'

26-12-2024T18:54:57 - [TEST_STEP][PASSED] - comment("Step 10: Retrieve the entered last name and convert it to lowercase"): Step 10: Retrieve the entered last name and convert it to lowercase

26-12-2024T18:54:57 - [MESSAGE][INFO] - Step 10: Retrieve the entered last name and convert it to lowercase

26-12-2024T18:54:57 - [TEST_STEP][PASSED] - lastname = getAttribute(findTestObject("Object Repository/Employee-Onboarding/Page_OrangeHRM/input_Employee Full Name_lastName"), "value").toLowerCase(): Attribute 'value' of object 'Object Repository/Employee-Onboarding/Page_OrangeHRM/input_Employee Full Name_lastName' is: 'Anderson'

26-12-2024T18:54:57 - [MESSAGE][PASSED] - Attribute 'value' of object 'Object Repository/Employee-Onboarding/Page_OrangeHRM/input_Employee Full Name_lastName' is: 'Anderson'

26-12-2024T18:54:57 - [TEST_STEP][PASSED] - comment("Step 11: Concatenate the first and last names to generate a username"): Step 11: Concatenate the first and last names to generate a username

26-12-2024T18:54:57 - [MESSAGE][INFO] - Step 11: Concatenate the first and last names to generate a username

26-12-2024T18:54:57 - [TEST_STEP][PASSED] - username = firstname + "." + lastname: null

26-12-2024T18:54:57 - [TEST_STEP][PASSED] - comment("Step 12: Set the username field with the generated username"): Step 12: Set the username field with the generated username

26-12-2024T18:54:57 - [MESSAGE][INFO] - Step 12: Set the username field with the generated username

26-12-2024T18:54:57 - [TEST_STEP][PASSED] - setText(findTestObject("Object Repository/Employee-Onboarding/Page_OrangeHRM/input_Username_oxd-input oxd-input--focus"), username): Text 'susan.anderson' is set on object 'Object Repository/Employee-Onboarding/Page_OrangeHRM/input_Username_oxd-input oxd-input--focus'

26-12-2024T18:54:57 - [MESSAGE][PASSED] - Text 'susan.anderson' is set on object 'Object Repository/Employee-Onboarding/Page_OrangeHRM/input_Username_oxd-input oxd-input--focus'

26-12-2024T18:54:57 - [TEST_STEP][PASSED] - comment("Step 13: Enter an encrypted password into the password field"): Step 13: Enter an encrypted password into the password field

26-12-2024T18:54:57 - [MESSAGE][INFO] - Step 13: Enter an encrypted password into the password field

26-12-2024T18:54:57 - [TEST_STEP][PASSED] - setEncryptedText(findTestObject("Object Repository/Employee-Onboarding/Page_OrangeHRM/input_Password_oxd-input oxd-input--active"), EmployeePassword): Text ****** has been set on object 'Object Repository/Employee-Onboarding/Page_OrangeHRM/input_Password_oxd-input oxd-input--active'

26-12-2024T18:54:58 - [MESSAGE][PASSED] - Text ****** has been set on object 'Object Repository/Employee-Onboarding/Page_OrangeHRM/input_Password_oxd-input oxd-input--active'

26-12-2024T18:54:58 - [TEST_STEP][PASSED] - comment("Step 14: Enter an encrypted password into the confirm password field"): Step 14: Enter an encrypted password into the confirm password field

26-12-2024T18:54:58 - [MESSAGE][INFO] - Step 14: Enter an encrypted password into the confirm password field

26-12-2024T18:54:58 - [TEST_STEP][PASSED] - setEncryptedText(findTestObject("Object Repository/Employee-Onboarding/Page_OrangeHRM/input_Confirm Password_oxd-input oxd-input-_a3aecb"), EmployeePassword): Text ****** has been set on object 'Object Repository/Employee-Onboarding/Page_OrangeHRM/input_Confirm Password_oxd-input oxd-input-_a3aecb'

26-12-2024T18:54:58 - [MESSAGE][PASSED] - Text ****** has been set on object 'Object Repository/Employee-Onboarding/Page_OrangeHRM/input_Confirm Password_oxd-input oxd-input-_a3aecb'

26-12-2024T18:54:58 - [TEST_STEP][PASSED] - comment("Step 15: Click the "Save" button to finalize adding the new employee"): Step 15: Click the "Save" button to finalize adding the new employee

26-12-2024T18:54:58 - [MESSAGE][INFO] - Step 15: Click the "Save" button to finalize adding the new employee

26-12-2024T18:54:58 - [TEST_STEP][PASSED] - click(findTestObject("Object Repository/Employee-Onboarding/Page_OrangeHRM/button_Save")): Object: 'Object Repository/Employee-Onboarding/Page_OrangeHRM/button_Save' is clicked on

26-12-2024T18:54:58 - [MESSAGE][PASSED] - Object: 'Object Repository/Employee-Onboarding/Page_OrangeHRM/button_Save' is clicked on

26-12-2024T18:54:58 - [TEST_STEP][PASSED] - delay(2): Delayed 2 second(s)

26-12-2024T18:55:00 - [MESSAGE][PASSED] - Delayed 2 second(s)]]></system-out>
         <system-err><![CDATA[]]></system-err>
      </testcase>
      <testcase name="Test Cases/Employee_Onboarding/TC_Employee_Onboarding" time="11.529" classname="Test Cases/Employee_Onboarding/TC_Employee_Onboarding" status="PASSED">
         <system-out><![CDATA[26-12-2024T18:55:00 - [TEST_CASE][PASSED] - Test Cases/Employee_Onboarding/TC_Employee_Onboarding: Test Cases/Employee_Onboarding/TC_Employee_Onboarding

26-12-2024T18:55:00 - [TEST_STEP][PASSED] - comment("Step 1: Click on the PIM module link"): Step 1: Click on the PIM module link

26-12-2024T18:55:00 - [MESSAGE][INFO] - Step 1: Click on the PIM module link

26-12-2024T18:55:00 - [TEST_STEP][PASSED] - click(findTestObject("Object Repository/Employee-Onboarding/Page_OrangeHRM/a_PIM")): Object: 'Object Repository/Employee-Onboarding/Page_OrangeHRM/a_PIM' is clicked on

26-12-2024T18:55:02 - [MESSAGE][PASSED] - Object: 'Object Repository/Employee-Onboarding/Page_OrangeHRM/a_PIM' is clicked on

26-12-2024T18:55:02 - [TEST_STEP][PASSED] - comment("Step 2: Click the "Add" button to add a new employee"): Step 2: Click the "Add" button to add a new employee

26-12-2024T18:55:02 - [MESSAGE][INFO] - Step 2: Click the "Add" button to add a new employee

26-12-2024T18:55:02 - [TEST_STEP][PASSED] - click(findTestObject("Object Repository/Employee-Onboarding/Page_OrangeHRM/button_Add")): Object: 'Object Repository/Employee-Onboarding/Page_OrangeHRM/button_Add' is clicked on

26-12-2024T18:55:04 - [MESSAGE][PASSED] - Object: 'Object Repository/Employee-Onboarding/Page_OrangeHRM/button_Add' is clicked on

26-12-2024T18:55:04 - [TEST_STEP][PASSED] - comment("Step 3: Focus on the "First Name" input field"): Step 3: Focus on the "First Name" input field

26-12-2024T18:55:04 - [MESSAGE][INFO] - Step 3: Focus on the "First Name" input field

26-12-2024T18:55:04 - [TEST_STEP][PASSED] - click(findTestObject("Object Repository/Employee-Onboarding/Page_OrangeHRM/input_Employee Full Name_firstName")): Object: 'Object Repository/Employee-Onboarding/Page_OrangeHRM/input_Employee Full Name_firstName' is clicked on

26-12-2024T18:55:06 - [MESSAGE][PASSED] - Object: 'Object Repository/Employee-Onboarding/Page_OrangeHRM/input_Employee Full Name_firstName' is clicked on

26-12-2024T18:55:06 - [TEST_STEP][PASSED] - comment("Step 4: Enter the employee's first name"): Step 4: Enter the employee's first name

26-12-2024T18:55:06 - [MESSAGE][INFO] - Step 4: Enter the employee's first name

26-12-2024T18:55:06 - [TEST_STEP][PASSED] - setText(findTestObject("Object Repository/Employee-Onboarding/Page_OrangeHRM/input_Employee Full Name_firstName"), Firstname): Text 'James' is set on object 'Object Repository/Employee-Onboarding/Page_OrangeHRM/input_Employee Full Name_firstName'

26-12-2024T18:55:06 - [MESSAGE][PASSED] - Text 'James' is set on object 'Object Repository/Employee-Onboarding/Page_OrangeHRM/input_Employee Full Name_firstName'

26-12-2024T18:55:06 - [TEST_STEP][PASSED] - comment("Step 5: Enter the employee's last name"): Step 5: Enter the employee's last name

26-12-2024T18:55:06 - [MESSAGE][INFO] - Step 5: Enter the employee's last name

26-12-2024T18:55:06 - [TEST_STEP][PASSED] - setText(findTestObject("Object Repository/Employee-Onboarding/Page_OrangeHRM/input_Employee Full Name_lastName"), Lastname): Text 'Harrington' is set on object 'Object Repository/Employee-Onboarding/Page_OrangeHRM/input_Employee Full Name_lastName'

26-12-2024T18:55:07 - [MESSAGE][PASSED] - Text 'Harrington' is set on object 'Object Repository/Employee-Onboarding/Page_OrangeHRM/input_Employee Full Name_lastName'

26-12-2024T18:55:07 - [TEST_STEP][PASSED] - comment("Step 6: Clear the default value in the "Employee ID" field"): Step 6: Clear the default value in the "Employee ID" field

26-12-2024T18:55:07 - [MESSAGE][INFO] - Step 6: Clear the default value in the "Employee ID" field

26-12-2024T18:55:07 - [TEST_STEP][PASSED] - clearText(findTestObject("Object Repository/Employee-Onboarding/Page_OrangeHRM/input_Employee Id_oxd-input oxd-input--focus")): Text of object 'Object Repository/Employee-Onboarding/Page_OrangeHRM/input_Employee Id_oxd-input oxd-input--focus' is cleared

26-12-2024T18:55:07 - [MESSAGE][PASSED] - Text of object 'Object Repository/Employee-Onboarding/Page_OrangeHRM/input_Employee Id_oxd-input oxd-input--focus' is cleared

26-12-2024T18:55:07 - [TEST_STEP][PASSED] - comment("Step 7: Set the employee ID field with a new value"): Step 7: Set the employee ID field with a new value

26-12-2024T18:55:07 - [MESSAGE][INFO] - Step 7: Set the employee ID field with a new value

26-12-2024T18:55:07 - [TEST_STEP][PASSED] - setText(findTestObject("Object Repository/Employee-Onboarding/Page_OrangeHRM/input_Employee Id_oxd-input oxd-input--focus"), ""): Text '' is set on object 'Object Repository/Employee-Onboarding/Page_OrangeHRM/input_Employee Id_oxd-input oxd-input--focus'

26-12-2024T18:55:08 - [MESSAGE][PASSED] - Text '' is set on object 'Object Repository/Employee-Onboarding/Page_OrangeHRM/input_Employee Id_oxd-input oxd-input--focus'

26-12-2024T18:55:08 - [TEST_STEP][PASSED] - comment("Step 8: Toggle the switch related to the Employee ID"): Step 8: Toggle the switch related to the Employee ID

26-12-2024T18:55:08 - [MESSAGE][INFO] - Step 8: Toggle the switch related to the Employee ID

26-12-2024T18:55:08 - [TEST_STEP][PASSED] - click(findTestObject("Object Repository/Employee-Onboarding/Page_OrangeHRM/span_Employee Id_oxd-switch-input oxd-switc_efe210")): Object: 'Object Repository/Employee-Onboarding/Page_OrangeHRM/span_Employee Id_oxd-switch-input oxd-switc_efe210' is clicked on

26-12-2024T18:55:08 - [MESSAGE][PASSED] - Object: 'Object Repository/Employee-Onboarding/Page_OrangeHRM/span_Employee Id_oxd-switch-input oxd-switc_efe210' is clicked on

26-12-2024T18:55:08 - [TEST_STEP][PASSED] - comment("Step 9: Retrieve the entered first name and convert it to lowercase"): Step 9: Retrieve the entered first name and convert it to lowercase

26-12-2024T18:55:08 - [MESSAGE][INFO] - Step 9: Retrieve the entered first name and convert it to lowercase

26-12-2024T18:55:08 - [TEST_STEP][PASSED] - firstname = getAttribute(findTestObject("Object Repository/Employee-Onboarding/Page_OrangeHRM/input_Employee Full Name_firstName"), "value").toLowerCase(): Attribute 'value' of object 'Object Repository/Employee-Onboarding/Page_OrangeHRM/input_Employee Full Name_firstName' is: 'James'

26-12-2024T18:55:08 - [MESSAGE][PASSED] - Attribute 'value' of object 'Object Repository/Employee-Onboarding/Page_OrangeHRM/input_Employee Full Name_firstName' is: 'James'

26-12-2024T18:55:08 - [TEST_STEP][PASSED] - comment("Step 10: Retrieve the entered last name and convert it to lowercase"): Step 10: Retrieve the entered last name and convert it to lowercase

26-12-2024T18:55:08 - [MESSAGE][INFO] - Step 10: Retrieve the entered last name and convert it to lowercase

26-12-2024T18:55:08 - [TEST_STEP][PASSED] - lastname = getAttribute(findTestObject("Object Repository/Employee-Onboarding/Page_OrangeHRM/input_Employee Full Name_lastName"), "value").toLowerCase(): Attribute 'value' of object 'Object Repository/Employee-Onboarding/Page_OrangeHRM/input_Employee Full Name_lastName' is: 'Harrington'

26-12-2024T18:55:08 - [MESSAGE][PASSED] - Attribute 'value' of object 'Object Repository/Employee-Onboarding/Page_OrangeHRM/input_Employee Full Name_lastName' is: 'Harrington'

26-12-2024T18:55:08 - [TEST_STEP][PASSED] - comment("Step 11: Concatenate the first and last names to generate a username"): Step 11: Concatenate the first and last names to generate a username

26-12-2024T18:55:08 - [MESSAGE][INFO] - Step 11: Concatenate the first and last names to generate a username

26-12-2024T18:55:08 - [TEST_STEP][PASSED] - username = firstname + "." + lastname: null

26-12-2024T18:55:08 - [TEST_STEP][PASSED] - comment("Step 12: Set the username field with the generated username"): Step 12: Set the username field with the generated username

26-12-2024T18:55:08 - [MESSAGE][INFO] - Step 12: Set the username field with the generated username

26-12-2024T18:55:08 - [TEST_STEP][PASSED] - setText(findTestObject("Object Repository/Employee-Onboarding/Page_OrangeHRM/input_Username_oxd-input oxd-input--focus"), username): Text 'james.harrington' is set on object 'Object Repository/Employee-Onboarding/Page_OrangeHRM/input_Username_oxd-input oxd-input--focus'

26-12-2024T18:55:09 - [MESSAGE][PASSED] - Text 'james.harrington' is set on object 'Object Repository/Employee-Onboarding/Page_OrangeHRM/input_Username_oxd-input oxd-input--focus'

26-12-2024T18:55:09 - [TEST_STEP][PASSED] - comment("Step 13: Enter an encrypted password into the password field"): Step 13: Enter an encrypted password into the password field

26-12-2024T18:55:09 - [MESSAGE][INFO] - Step 13: Enter an encrypted password into the password field

26-12-2024T18:55:09 - [TEST_STEP][PASSED] - setEncryptedText(findTestObject("Object Repository/Employee-Onboarding/Page_OrangeHRM/input_Password_oxd-input oxd-input--active"), EmployeePassword): Text ****** has been set on object 'Object Repository/Employee-Onboarding/Page_OrangeHRM/input_Password_oxd-input oxd-input--active'

26-12-2024T18:55:09 - [MESSAGE][PASSED] - Text ****** has been set on object 'Object Repository/Employee-Onboarding/Page_OrangeHRM/input_Password_oxd-input oxd-input--active'

26-12-2024T18:55:09 - [TEST_STEP][PASSED] - comment("Step 14: Enter an encrypted password into the confirm password field"): Step 14: Enter an encrypted password into the confirm password field

26-12-2024T18:55:09 - [MESSAGE][INFO] - Step 14: Enter an encrypted password into the confirm password field

26-12-2024T18:55:09 - [TEST_STEP][PASSED] - setEncryptedText(findTestObject("Object Repository/Employee-Onboarding/Page_OrangeHRM/input_Confirm Password_oxd-input oxd-input-_a3aecb"), EmployeePassword): Text ****** has been set on object 'Object Repository/Employee-Onboarding/Page_OrangeHRM/input_Confirm Password_oxd-input oxd-input-_a3aecb'

26-12-2024T18:55:10 - [MESSAGE][PASSED] - Text ****** has been set on object 'Object Repository/Employee-Onboarding/Page_OrangeHRM/input_Confirm Password_oxd-input oxd-input-_a3aecb'

26-12-2024T18:55:10 - [TEST_STEP][PASSED] - comment("Step 15: Click the "Save" button to finalize adding the new employee"): Step 15: Click the "Save" button to finalize adding the new employee

26-12-2024T18:55:10 - [MESSAGE][INFO] - Step 15: Click the "Save" button to finalize adding the new employee

26-12-2024T18:55:10 - [TEST_STEP][PASSED] - click(findTestObject("Object Repository/Employee-Onboarding/Page_OrangeHRM/button_Save")): Object: 'Object Repository/Employee-Onboarding/Page_OrangeHRM/button_Save' is clicked on

26-12-2024T18:55:10 - [MESSAGE][PASSED] - Object: 'Object Repository/Employee-Onboarding/Page_OrangeHRM/button_Save' is clicked on

26-12-2024T18:55:10 - [TEST_STEP][PASSED] - delay(2): Delayed 2 second(s)

26-12-2024T18:55:12 - [MESSAGE][PASSED] - Delayed 2 second(s)]]></system-out>
         <system-err><![CDATA[]]></system-err>
      </testcase>
      <testcase name="Test Cases/Employee_Onboarding/TC_Employee_Onboarding" time="11.874" classname="Test Cases/Employee_Onboarding/TC_Employee_Onboarding" status="PASSED">
         <system-out><![CDATA[26-12-2024T18:55:12 - [TEST_CASE][PASSED] - Test Cases/Employee_Onboarding/TC_Employee_Onboarding: Test Cases/Employee_Onboarding/TC_Employee_Onboarding

26-12-2024T18:55:12 - [TEST_STEP][PASSED] - comment("Step 1: Click on the PIM module link"): Step 1: Click on the PIM module link

26-12-2024T18:55:12 - [MESSAGE][INFO] - Step 1: Click on the PIM module link

26-12-2024T18:55:12 - [TEST_STEP][PASSED] - click(findTestObject("Object Repository/Employee-Onboarding/Page_OrangeHRM/a_PIM")): Object: 'Object Repository/Employee-Onboarding/Page_OrangeHRM/a_PIM' is clicked on

26-12-2024T18:55:14 - [MESSAGE][PASSED] - Object: 'Object Repository/Employee-Onboarding/Page_OrangeHRM/a_PIM' is clicked on

26-12-2024T18:55:14 - [TEST_STEP][PASSED] - comment("Step 2: Click the "Add" button to add a new employee"): Step 2: Click the "Add" button to add a new employee

26-12-2024T18:55:14 - [MESSAGE][INFO] - Step 2: Click the "Add" button to add a new employee

26-12-2024T18:55:14 - [TEST_STEP][PASSED] - click(findTestObject("Object Repository/Employee-Onboarding/Page_OrangeHRM/button_Add")): Object: 'Object Repository/Employee-Onboarding/Page_OrangeHRM/button_Add' is clicked on

26-12-2024T18:55:16 - [MESSAGE][PASSED] - Object: 'Object Repository/Employee-Onboarding/Page_OrangeHRM/button_Add' is clicked on

26-12-2024T18:55:16 - [TEST_STEP][PASSED] - comment("Step 3: Focus on the "First Name" input field"): Step 3: Focus on the "First Name" input field

26-12-2024T18:55:16 - [MESSAGE][INFO] - Step 3: Focus on the "First Name" input field

26-12-2024T18:55:16 - [TEST_STEP][PASSED] - click(findTestObject("Object Repository/Employee-Onboarding/Page_OrangeHRM/input_Employee Full Name_firstName")): Object: 'Object Repository/Employee-Onboarding/Page_OrangeHRM/input_Employee Full Name_firstName' is clicked on

26-12-2024T18:55:18 - [MESSAGE][PASSED] - Object: 'Object Repository/Employee-Onboarding/Page_OrangeHRM/input_Employee Full Name_firstName' is clicked on

26-12-2024T18:55:18 - [TEST_STEP][PASSED] - comment("Step 4: Enter the employee's first name"): Step 4: Enter the employee's first name

26-12-2024T18:55:18 - [MESSAGE][INFO] - Step 4: Enter the employee's first name

26-12-2024T18:55:18 - [TEST_STEP][PASSED] - setText(findTestObject("Object Repository/Employee-Onboarding/Page_OrangeHRM/input_Employee Full Name_firstName"), Firstname): Text 'Erica' is set on object 'Object Repository/Employee-Onboarding/Page_OrangeHRM/input_Employee Full Name_firstName'

26-12-2024T18:55:18 - [MESSAGE][PASSED] - Text 'Erica' is set on object 'Object Repository/Employee-Onboarding/Page_OrangeHRM/input_Employee Full Name_firstName'

26-12-2024T18:55:18 - [TEST_STEP][PASSED] - comment("Step 5: Enter the employee's last name"): Step 5: Enter the employee's last name

26-12-2024T18:55:18 - [MESSAGE][INFO] - Step 5: Enter the employee's last name

26-12-2024T18:55:18 - [TEST_STEP][PASSED] - setText(findTestObject("Object Repository/Employee-Onboarding/Page_OrangeHRM/input_Employee Full Name_lastName"), Lastname): Text 'Rogers' is set on object 'Object Repository/Employee-Onboarding/Page_OrangeHRM/input_Employee Full Name_lastName'

26-12-2024T18:55:19 - [MESSAGE][PASSED] - Text 'Rogers' is set on object 'Object Repository/Employee-Onboarding/Page_OrangeHRM/input_Employee Full Name_lastName'

26-12-2024T18:55:19 - [TEST_STEP][PASSED] - comment("Step 6: Clear the default value in the "Employee ID" field"): Step 6: Clear the default value in the "Employee ID" field

26-12-2024T18:55:19 - [MESSAGE][INFO] - Step 6: Clear the default value in the "Employee ID" field

26-12-2024T18:55:19 - [TEST_STEP][PASSED] - clearText(findTestObject("Object Repository/Employee-Onboarding/Page_OrangeHRM/input_Employee Id_oxd-input oxd-input--focus")): Text of object 'Object Repository/Employee-Onboarding/Page_OrangeHRM/input_Employee Id_oxd-input oxd-input--focus' is cleared

26-12-2024T18:55:19 - [MESSAGE][PASSED] - Text of object 'Object Repository/Employee-Onboarding/Page_OrangeHRM/input_Employee Id_oxd-input oxd-input--focus' is cleared

26-12-2024T18:55:19 - [TEST_STEP][PASSED] - comment("Step 7: Set the employee ID field with a new value"): Step 7: Set the employee ID field with a new value

26-12-2024T18:55:19 - [MESSAGE][INFO] - Step 7: Set the employee ID field with a new value

26-12-2024T18:55:19 - [TEST_STEP][PASSED] - setText(findTestObject("Object Repository/Employee-Onboarding/Page_OrangeHRM/input_Employee Id_oxd-input oxd-input--focus"), ""): Text '' is set on object 'Object Repository/Employee-Onboarding/Page_OrangeHRM/input_Employee Id_oxd-input oxd-input--focus'

26-12-2024T18:55:19 - [MESSAGE][PASSED] - Text '' is set on object 'Object Repository/Employee-Onboarding/Page_OrangeHRM/input_Employee Id_oxd-input oxd-input--focus'

26-12-2024T18:55:19 - [TEST_STEP][PASSED] - comment("Step 8: Toggle the switch related to the Employee ID"): Step 8: Toggle the switch related to the Employee ID

26-12-2024T18:55:19 - [MESSAGE][INFO] - Step 8: Toggle the switch related to the Employee ID

26-12-2024T18:55:19 - [TEST_STEP][PASSED] - click(findTestObject("Object Repository/Employee-Onboarding/Page_OrangeHRM/span_Employee Id_oxd-switch-input oxd-switc_efe210")): Object: 'Object Repository/Employee-Onboarding/Page_OrangeHRM/span_Employee Id_oxd-switch-input oxd-switc_efe210' is clicked on

26-12-2024T18:55:20 - [MESSAGE][PASSED] - Object: 'Object Repository/Employee-Onboarding/Page_OrangeHRM/span_Employee Id_oxd-switch-input oxd-switc_efe210' is clicked on

26-12-2024T18:55:20 - [TEST_STEP][PASSED] - comment("Step 9: Retrieve the entered first name and convert it to lowercase"): Step 9: Retrieve the entered first name and convert it to lowercase

26-12-2024T18:55:20 - [MESSAGE][INFO] - Step 9: Retrieve the entered first name and convert it to lowercase

26-12-2024T18:55:20 - [TEST_STEP][PASSED] - firstname = getAttribute(findTestObject("Object Repository/Employee-Onboarding/Page_OrangeHRM/input_Employee Full Name_firstName"), "value").toLowerCase(): Attribute 'value' of object 'Object Repository/Employee-Onboarding/Page_OrangeHRM/input_Employee Full Name_firstName' is: 'Erica'

26-12-2024T18:55:20 - [MESSAGE][PASSED] - Attribute 'value' of object 'Object Repository/Employee-Onboarding/Page_OrangeHRM/input_Employee Full Name_firstName' is: 'Erica'

26-12-2024T18:55:20 - [TEST_STEP][PASSED] - comment("Step 10: Retrieve the entered last name and convert it to lowercase"): Step 10: Retrieve the entered last name and convert it to lowercase

26-12-2024T18:55:20 - [MESSAGE][INFO] - Step 10: Retrieve the entered last name and convert it to lowercase

26-12-2024T18:55:20 - [TEST_STEP][PASSED] - lastname = getAttribute(findTestObject("Object Repository/Employee-Onboarding/Page_OrangeHRM/input_Employee Full Name_lastName"), "value").toLowerCase(): Attribute 'value' of object 'Object Repository/Employee-Onboarding/Page_OrangeHRM/input_Employee Full Name_lastName' is: 'Rogers'

26-12-2024T18:55:20 - [MESSAGE][PASSED] - Attribute 'value' of object 'Object Repository/Employee-Onboarding/Page_OrangeHRM/input_Employee Full Name_lastName' is: 'Rogers'

26-12-2024T18:55:20 - [TEST_STEP][PASSED] - comment("Step 11: Concatenate the first and last names to generate a username"): Step 11: Concatenate the first and last names to generate a username

26-12-2024T18:55:20 - [MESSAGE][INFO] - Step 11: Concatenate the first and last names to generate a username

26-12-2024T18:55:20 - [TEST_STEP][PASSED] - username = firstname + "." + lastname: null

26-12-2024T18:55:20 - [TEST_STEP][PASSED] - comment("Step 12: Set the username field with the generated username"): Step 12: Set the username field with the generated username

26-12-2024T18:55:20 - [MESSAGE][INFO] - Step 12: Set the username field with the generated username

26-12-2024T18:55:20 - [TEST_STEP][PASSED] - setText(findTestObject("Object Repository/Employee-Onboarding/Page_OrangeHRM/input_Username_oxd-input oxd-input--focus"), username): Text 'erica.rogers' is set on object 'Object Repository/Employee-Onboarding/Page_OrangeHRM/input_Username_oxd-input oxd-input--focus'

26-12-2024T18:55:21 - [MESSAGE][PASSED] - Text 'erica.rogers' is set on object 'Object Repository/Employee-Onboarding/Page_OrangeHRM/input_Username_oxd-input oxd-input--focus'

26-12-2024T18:55:21 - [TEST_STEP][PASSED] - comment("Step 13: Enter an encrypted password into the password field"): Step 13: Enter an encrypted password into the password field

26-12-2024T18:55:21 - [MESSAGE][INFO] - Step 13: Enter an encrypted password into the password field

26-12-2024T18:55:21 - [TEST_STEP][PASSED] - setEncryptedText(findTestObject("Object Repository/Employee-Onboarding/Page_OrangeHRM/input_Password_oxd-input oxd-input--active"), EmployeePassword): Text ****** has been set on object 'Object Repository/Employee-Onboarding/Page_OrangeHRM/input_Password_oxd-input oxd-input--active'

26-12-2024T18:55:21 - [MESSAGE][PASSED] - Text ****** has been set on object 'Object Repository/Employee-Onboarding/Page_OrangeHRM/input_Password_oxd-input oxd-input--active'

26-12-2024T18:55:21 - [TEST_STEP][PASSED] - comment("Step 14: Enter an encrypted password into the confirm password field"): Step 14: Enter an encrypted password into the confirm password field

26-12-2024T18:55:21 - [MESSAGE][INFO] - Step 14: Enter an encrypted password into the confirm password field

26-12-2024T18:55:21 - [TEST_STEP][PASSED] - setEncryptedText(findTestObject("Object Repository/Employee-Onboarding/Page_OrangeHRM/input_Confirm Password_oxd-input oxd-input-_a3aecb"), EmployeePassword): Text ****** has been set on object 'Object Repository/Employee-Onboarding/Page_OrangeHRM/input_Confirm Password_oxd-input oxd-input-_a3aecb'

26-12-2024T18:55:22 - [MESSAGE][PASSED] - Text ****** has been set on object 'Object Repository/Employee-Onboarding/Page_OrangeHRM/input_Confirm Password_oxd-input oxd-input-_a3aecb'

26-12-2024T18:55:22 - [TEST_STEP][PASSED] - comment("Step 15: Click the "Save" button to finalize adding the new employee"): Step 15: Click the "Save" button to finalize adding the new employee

26-12-2024T18:55:22 - [MESSAGE][INFO] - Step 15: Click the "Save" button to finalize adding the new employee

26-12-2024T18:55:22 - [TEST_STEP][PASSED] - click(findTestObject("Object Repository/Employee-Onboarding/Page_OrangeHRM/button_Save")): Object: 'Object Repository/Employee-Onboarding/Page_OrangeHRM/button_Save' is clicked on

26-12-2024T18:55:22 - [MESSAGE][PASSED] - Object: 'Object Repository/Employee-Onboarding/Page_OrangeHRM/button_Save' is clicked on

26-12-2024T18:55:22 - [TEST_STEP][PASSED] - delay(2): Delayed 2 second(s)

26-12-2024T18:55:24 - [MESSAGE][PASSED] - Delayed 2 second(s)]]></system-out>
         <system-err><![CDATA[]]></system-err>
      </testcase>
      <testcase name="Test Cases/Employee_Onboarding/TC_Employee_Onboarding" time="11.363" classname="Test Cases/Employee_Onboarding/TC_Employee_Onboarding" status="PASSED">
         <system-out><![CDATA[26-12-2024T18:55:24 - [TEST_CASE][PASSED] - Test Cases/Employee_Onboarding/TC_Employee_Onboarding: Test Cases/Employee_Onboarding/TC_Employee_Onboarding

26-12-2024T18:55:24 - [TEST_STEP][PASSED] - comment("Step 1: Click on the PIM module link"): Step 1: Click on the PIM module link

26-12-2024T18:55:24 - [MESSAGE][INFO] - Step 1: Click on the PIM module link

26-12-2024T18:55:24 - [TEST_STEP][PASSED] - click(findTestObject("Object Repository/Employee-Onboarding/Page_OrangeHRM/a_PIM")): Object: 'Object Repository/Employee-Onboarding/Page_OrangeHRM/a_PIM' is clicked on

26-12-2024T18:55:25 - [MESSAGE][PASSED] - Object: 'Object Repository/Employee-Onboarding/Page_OrangeHRM/a_PIM' is clicked on

26-12-2024T18:55:25 - [TEST_STEP][PASSED] - comment("Step 2: Click the "Add" button to add a new employee"): Step 2: Click the "Add" button to add a new employee

26-12-2024T18:55:25 - [MESSAGE][INFO] - Step 2: Click the "Add" button to add a new employee

26-12-2024T18:55:25 - [TEST_STEP][PASSED] - click(findTestObject("Object Repository/Employee-Onboarding/Page_OrangeHRM/button_Add")): Object: 'Object Repository/Employee-Onboarding/Page_OrangeHRM/button_Add' is clicked on

26-12-2024T18:55:28 - [MESSAGE][PASSED] - Object: 'Object Repository/Employee-Onboarding/Page_OrangeHRM/button_Add' is clicked on

26-12-2024T18:55:28 - [TEST_STEP][PASSED] - comment("Step 3: Focus on the "First Name" input field"): Step 3: Focus on the "First Name" input field

26-12-2024T18:55:28 - [MESSAGE][INFO] - Step 3: Focus on the "First Name" input field

26-12-2024T18:55:28 - [TEST_STEP][PASSED] - click(findTestObject("Object Repository/Employee-Onboarding/Page_OrangeHRM/input_Employee Full Name_firstName")): Object: 'Object Repository/Employee-Onboarding/Page_OrangeHRM/input_Employee Full Name_firstName' is clicked on

26-12-2024T18:55:29 - [MESSAGE][PASSED] - Object: 'Object Repository/Employee-Onboarding/Page_OrangeHRM/input_Employee Full Name_firstName' is clicked on

26-12-2024T18:55:29 - [TEST_STEP][PASSED] - comment("Step 4: Enter the employee's first name"): Step 4: Enter the employee's first name

26-12-2024T18:55:29 - [MESSAGE][INFO] - Step 4: Enter the employee's first name

26-12-2024T18:55:29 - [TEST_STEP][PASSED] - setText(findTestObject("Object Repository/Employee-Onboarding/Page_OrangeHRM/input_Employee Full Name_firstName"), Firstname): Text 'Karen' is set on object 'Object Repository/Employee-Onboarding/Page_OrangeHRM/input_Employee Full Name_firstName'

26-12-2024T18:55:30 - [MESSAGE][PASSED] - Text 'Karen' is set on object 'Object Repository/Employee-Onboarding/Page_OrangeHRM/input_Employee Full Name_firstName'

26-12-2024T18:55:30 - [TEST_STEP][PASSED] - comment("Step 5: Enter the employee's last name"): Step 5: Enter the employee's last name

26-12-2024T18:55:30 - [MESSAGE][INFO] - Step 5: Enter the employee's last name

26-12-2024T18:55:30 - [TEST_STEP][PASSED] - setText(findTestObject("Object Repository/Employee-Onboarding/Page_OrangeHRM/input_Employee Full Name_lastName"), Lastname): Text 'Gonzales' is set on object 'Object Repository/Employee-Onboarding/Page_OrangeHRM/input_Employee Full Name_lastName'

26-12-2024T18:55:30 - [MESSAGE][PASSED] - Text 'Gonzales' is set on object 'Object Repository/Employee-Onboarding/Page_OrangeHRM/input_Employee Full Name_lastName'

26-12-2024T18:55:30 - [TEST_STEP][PASSED] - comment("Step 6: Clear the default value in the "Employee ID" field"): Step 6: Clear the default value in the "Employee ID" field

26-12-2024T18:55:30 - [MESSAGE][INFO] - Step 6: Clear the default value in the "Employee ID" field

26-12-2024T18:55:30 - [TEST_STEP][PASSED] - clearText(findTestObject("Object Repository/Employee-Onboarding/Page_OrangeHRM/input_Employee Id_oxd-input oxd-input--focus")): Text of object 'Object Repository/Employee-Onboarding/Page_OrangeHRM/input_Employee Id_oxd-input oxd-input--focus' is cleared

26-12-2024T18:55:30 - [MESSAGE][PASSED] - Text of object 'Object Repository/Employee-Onboarding/Page_OrangeHRM/input_Employee Id_oxd-input oxd-input--focus' is cleared

26-12-2024T18:55:30 - [TEST_STEP][PASSED] - comment("Step 7: Set the employee ID field with a new value"): Step 7: Set the employee ID field with a new value

26-12-2024T18:55:30 - [MESSAGE][INFO] - Step 7: Set the employee ID field with a new value

26-12-2024T18:55:30 - [TEST_STEP][PASSED] - setText(findTestObject("Object Repository/Employee-Onboarding/Page_OrangeHRM/input_Employee Id_oxd-input oxd-input--focus"), ""): Text '' is set on object 'Object Repository/Employee-Onboarding/Page_OrangeHRM/input_Employee Id_oxd-input oxd-input--focus'

26-12-2024T18:55:31 - [MESSAGE][PASSED] - Text '' is set on object 'Object Repository/Employee-Onboarding/Page_OrangeHRM/input_Employee Id_oxd-input oxd-input--focus'

26-12-2024T18:55:31 - [TEST_STEP][PASSED] - comment("Step 8: Toggle the switch related to the Employee ID"): Step 8: Toggle the switch related to the Employee ID

26-12-2024T18:55:31 - [MESSAGE][INFO] - Step 8: Toggle the switch related to the Employee ID

26-12-2024T18:55:31 - [TEST_STEP][PASSED] - click(findTestObject("Object Repository/Employee-Onboarding/Page_OrangeHRM/span_Employee Id_oxd-switch-input oxd-switc_efe210")): Object: 'Object Repository/Employee-Onboarding/Page_OrangeHRM/span_Employee Id_oxd-switch-input oxd-switc_efe210' is clicked on

26-12-2024T18:55:31 - [MESSAGE][PASSED] - Object: 'Object Repository/Employee-Onboarding/Page_OrangeHRM/span_Employee Id_oxd-switch-input oxd-switc_efe210' is clicked on

26-12-2024T18:55:31 - [TEST_STEP][PASSED] - comment("Step 9: Retrieve the entered first name and convert it to lowercase"): Step 9: Retrieve the entered first name and convert it to lowercase

26-12-2024T18:55:31 - [MESSAGE][INFO] - Step 9: Retrieve the entered first name and convert it to lowercase

26-12-2024T18:55:31 - [TEST_STEP][PASSED] - firstname = getAttribute(findTestObject("Object Repository/Employee-Onboarding/Page_OrangeHRM/input_Employee Full Name_firstName"), "value").toLowerCase(): Attribute 'value' of object 'Object Repository/Employee-Onboarding/Page_OrangeHRM/input_Employee Full Name_firstName' is: 'Karen'

26-12-2024T18:55:31 - [MESSAGE][PASSED] - Attribute 'value' of object 'Object Repository/Employee-Onboarding/Page_OrangeHRM/input_Employee Full Name_firstName' is: 'Karen'

26-12-2024T18:55:31 - [TEST_STEP][PASSED] - comment("Step 10: Retrieve the entered last name and convert it to lowercase"): Step 10: Retrieve the entered last name and convert it to lowercase

26-12-2024T18:55:31 - [MESSAGE][INFO] - Step 10: Retrieve the entered last name and convert it to lowercase

26-12-2024T18:55:31 - [TEST_STEP][PASSED] - lastname = getAttribute(findTestObject("Object Repository/Employee-Onboarding/Page_OrangeHRM/input_Employee Full Name_lastName"), "value").toLowerCase(): Attribute 'value' of object 'Object Repository/Employee-Onboarding/Page_OrangeHRM/input_Employee Full Name_lastName' is: 'Gonzales'

26-12-2024T18:55:32 - [MESSAGE][PASSED] - Attribute 'value' of object 'Object Repository/Employee-Onboarding/Page_OrangeHRM/input_Employee Full Name_lastName' is: 'Gonzales'

26-12-2024T18:55:32 - [TEST_STEP][PASSED] - comment("Step 11: Concatenate the first and last names to generate a username"): Step 11: Concatenate the first and last names to generate a username

26-12-2024T18:55:32 - [MESSAGE][INFO] - Step 11: Concatenate the first and last names to generate a username

26-12-2024T18:55:32 - [TEST_STEP][PASSED] - username = firstname + "." + lastname: null

26-12-2024T18:55:32 - [TEST_STEP][PASSED] - comment("Step 12: Set the username field with the generated username"): Step 12: Set the username field with the generated username

26-12-2024T18:55:32 - [MESSAGE][INFO] - Step 12: Set the username field with the generated username

26-12-2024T18:55:32 - [TEST_STEP][PASSED] - setText(findTestObject("Object Repository/Employee-Onboarding/Page_OrangeHRM/input_Username_oxd-input oxd-input--focus"), username): Text 'karen.gonzales' is set on object 'Object Repository/Employee-Onboarding/Page_OrangeHRM/input_Username_oxd-input oxd-input--focus'

26-12-2024T18:55:32 - [MESSAGE][PASSED] - Text 'karen.gonzales' is set on object 'Object Repository/Employee-Onboarding/Page_OrangeHRM/input_Username_oxd-input oxd-input--focus'

26-12-2024T18:55:32 - [TEST_STEP][PASSED] - comment("Step 13: Enter an encrypted password into the password field"): Step 13: Enter an encrypted password into the password field

26-12-2024T18:55:32 - [MESSAGE][INFO] - Step 13: Enter an encrypted password into the password field

26-12-2024T18:55:32 - [TEST_STEP][PASSED] - setEncryptedText(findTestObject("Object Repository/Employee-Onboarding/Page_OrangeHRM/input_Password_oxd-input oxd-input--active"), EmployeePassword): Text ****** has been set on object 'Object Repository/Employee-Onboarding/Page_OrangeHRM/input_Password_oxd-input oxd-input--active'

26-12-2024T18:55:32 - [MESSAGE][PASSED] - Text ****** has been set on object 'Object Repository/Employee-Onboarding/Page_OrangeHRM/input_Password_oxd-input oxd-input--active'

26-12-2024T18:55:32 - [TEST_STEP][PASSED] - comment("Step 14: Enter an encrypted password into the confirm password field"): Step 14: Enter an encrypted password into the confirm password field

26-12-2024T18:55:32 - [MESSAGE][INFO] - Step 14: Enter an encrypted password into the confirm password field

26-12-2024T18:55:32 - [TEST_STEP][PASSED] - setEncryptedText(findTestObject("Object Repository/Employee-Onboarding/Page_OrangeHRM/input_Confirm Password_oxd-input oxd-input-_a3aecb"), EmployeePassword): Text ****** has been set on object 'Object Repository/Employee-Onboarding/Page_OrangeHRM/input_Confirm Password_oxd-input oxd-input-_a3aecb'

26-12-2024T18:55:33 - [MESSAGE][PASSED] - Text ****** has been set on object 'Object Repository/Employee-Onboarding/Page_OrangeHRM/input_Confirm Password_oxd-input oxd-input-_a3aecb'

26-12-2024T18:55:33 - [TEST_STEP][PASSED] - comment("Step 15: Click the "Save" button to finalize adding the new employee"): Step 15: Click the "Save" button to finalize adding the new employee

26-12-2024T18:55:33 - [MESSAGE][INFO] - Step 15: Click the "Save" button to finalize adding the new employee

26-12-2024T18:55:33 - [TEST_STEP][PASSED] - click(findTestObject("Object Repository/Employee-Onboarding/Page_OrangeHRM/button_Save")): Object: 'Object Repository/Employee-Onboarding/Page_OrangeHRM/button_Save' is clicked on

26-12-2024T18:55:33 - [MESSAGE][PASSED] - Object: 'Object Repository/Employee-Onboarding/Page_OrangeHRM/button_Save' is clicked on

26-12-2024T18:55:33 - [TEST_STEP][PASSED] - delay(2): Delayed 2 second(s)

26-12-2024T18:55:35 - [MESSAGE][PASSED] - Delayed 2 second(s)]]></system-out>
         <system-err><![CDATA[]]></system-err>
      </testcase>
      <testcase name="Test Cases/Employee_Onboarding/TC_Employee_Onboarding" time="11.503" classname="Test Cases/Employee_Onboarding/TC_Employee_Onboarding" status="PASSED">
         <system-out><![CDATA[26-12-2024T18:55:35 - [TEST_CASE][PASSED] - Test Cases/Employee_Onboarding/TC_Employee_Onboarding: Test Cases/Employee_Onboarding/TC_Employee_Onboarding

26-12-2024T18:55:35 - [TEST_STEP][PASSED] - comment("Step 1: Click on the PIM module link"): Step 1: Click on the PIM module link

26-12-2024T18:55:35 - [MESSAGE][INFO] - Step 1: Click on the PIM module link

26-12-2024T18:55:35 - [TEST_STEP][PASSED] - click(findTestObject("Object Repository/Employee-Onboarding/Page_OrangeHRM/a_PIM")): Object: 'Object Repository/Employee-Onboarding/Page_OrangeHRM/a_PIM' is clicked on

26-12-2024T18:55:37 - [MESSAGE][PASSED] - Object: 'Object Repository/Employee-Onboarding/Page_OrangeHRM/a_PIM' is clicked on

26-12-2024T18:55:37 - [TEST_STEP][PASSED] - comment("Step 2: Click the "Add" button to add a new employee"): Step 2: Click the "Add" button to add a new employee

26-12-2024T18:55:37 - [MESSAGE][INFO] - Step 2: Click the "Add" button to add a new employee

26-12-2024T18:55:37 - [TEST_STEP][PASSED] - click(findTestObject("Object Repository/Employee-Onboarding/Page_OrangeHRM/button_Add")): Object: 'Object Repository/Employee-Onboarding/Page_OrangeHRM/button_Add' is clicked on

26-12-2024T18:55:39 - [MESSAGE][PASSED] - Object: 'Object Repository/Employee-Onboarding/Page_OrangeHRM/button_Add' is clicked on

26-12-2024T18:55:39 - [TEST_STEP][PASSED] - comment("Step 3: Focus on the "First Name" input field"): Step 3: Focus on the "First Name" input field

26-12-2024T18:55:39 - [MESSAGE][INFO] - Step 3: Focus on the "First Name" input field

26-12-2024T18:55:39 - [TEST_STEP][PASSED] - click(findTestObject("Object Repository/Employee-Onboarding/Page_OrangeHRM/input_Employee Full Name_firstName")): Object: 'Object Repository/Employee-Onboarding/Page_OrangeHRM/input_Employee Full Name_firstName' is clicked on

26-12-2024T18:55:41 - [MESSAGE][PASSED] - Object: 'Object Repository/Employee-Onboarding/Page_OrangeHRM/input_Employee Full Name_firstName' is clicked on

26-12-2024T18:55:41 - [TEST_STEP][PASSED] - comment("Step 4: Enter the employee's first name"): Step 4: Enter the employee's first name

26-12-2024T18:55:41 - [MESSAGE][INFO] - Step 4: Enter the employee's first name

26-12-2024T18:55:41 - [TEST_STEP][PASSED] - setText(findTestObject("Object Repository/Employee-Onboarding/Page_OrangeHRM/input_Employee Full Name_firstName"), Firstname): Text 'Sarah' is set on object 'Object Repository/Employee-Onboarding/Page_OrangeHRM/input_Employee Full Name_firstName'

26-12-2024T18:55:41 - [MESSAGE][PASSED] - Text 'Sarah' is set on object 'Object Repository/Employee-Onboarding/Page_OrangeHRM/input_Employee Full Name_firstName'

26-12-2024T18:55:41 - [TEST_STEP][PASSED] - comment("Step 5: Enter the employee's last name"): Step 5: Enter the employee's last name

26-12-2024T18:55:41 - [MESSAGE][INFO] - Step 5: Enter the employee's last name

26-12-2024T18:55:41 - [TEST_STEP][PASSED] - setText(findTestObject("Object Repository/Employee-Onboarding/Page_OrangeHRM/input_Employee Full Name_lastName"), Lastname): Text 'Wilson' is set on object 'Object Repository/Employee-Onboarding/Page_OrangeHRM/input_Employee Full Name_lastName'

26-12-2024T18:55:42 - [MESSAGE][PASSED] - Text 'Wilson' is set on object 'Object Repository/Employee-Onboarding/Page_OrangeHRM/input_Employee Full Name_lastName'

26-12-2024T18:55:42 - [TEST_STEP][PASSED] - comment("Step 6: Clear the default value in the "Employee ID" field"): Step 6: Clear the default value in the "Employee ID" field

26-12-2024T18:55:42 - [MESSAGE][INFO] - Step 6: Clear the default value in the "Employee ID" field

26-12-2024T18:55:42 - [TEST_STEP][PASSED] - clearText(findTestObject("Object Repository/Employee-Onboarding/Page_OrangeHRM/input_Employee Id_oxd-input oxd-input--focus")): Text of object 'Object Repository/Employee-Onboarding/Page_OrangeHRM/input_Employee Id_oxd-input oxd-input--focus' is cleared

26-12-2024T18:55:42 - [MESSAGE][PASSED] - Text of object 'Object Repository/Employee-Onboarding/Page_OrangeHRM/input_Employee Id_oxd-input oxd-input--focus' is cleared

26-12-2024T18:55:42 - [TEST_STEP][PASSED] - comment("Step 7: Set the employee ID field with a new value"): Step 7: Set the employee ID field with a new value

26-12-2024T18:55:42 - [MESSAGE][INFO] - Step 7: Set the employee ID field with a new value

26-12-2024T18:55:42 - [TEST_STEP][PASSED] - setText(findTestObject("Object Repository/Employee-Onboarding/Page_OrangeHRM/input_Employee Id_oxd-input oxd-input--focus"), ""): Text '' is set on object 'Object Repository/Employee-Onboarding/Page_OrangeHRM/input_Employee Id_oxd-input oxd-input--focus'

26-12-2024T18:55:42 - [MESSAGE][PASSED] - Text '' is set on object 'Object Repository/Employee-Onboarding/Page_OrangeHRM/input_Employee Id_oxd-input oxd-input--focus'

26-12-2024T18:55:42 - [TEST_STEP][PASSED] - comment("Step 8: Toggle the switch related to the Employee ID"): Step 8: Toggle the switch related to the Employee ID

26-12-2024T18:55:42 - [MESSAGE][INFO] - Step 8: Toggle the switch related to the Employee ID

26-12-2024T18:55:42 - [TEST_STEP][PASSED] - click(findTestObject("Object Repository/Employee-Onboarding/Page_OrangeHRM/span_Employee Id_oxd-switch-input oxd-switc_efe210")): Object: 'Object Repository/Employee-Onboarding/Page_OrangeHRM/span_Employee Id_oxd-switch-input oxd-switc_efe210' is clicked on

26-12-2024T18:55:43 - [MESSAGE][PASSED] - Object: 'Object Repository/Employee-Onboarding/Page_OrangeHRM/span_Employee Id_oxd-switch-input oxd-switc_efe210' is clicked on

26-12-2024T18:55:43 - [TEST_STEP][PASSED] - comment("Step 9: Retrieve the entered first name and convert it to lowercase"): Step 9: Retrieve the entered first name and convert it to lowercase

26-12-2024T18:55:43 - [MESSAGE][INFO] - Step 9: Retrieve the entered first name and convert it to lowercase

26-12-2024T18:55:43 - [TEST_STEP][PASSED] - firstname = getAttribute(findTestObject("Object Repository/Employee-Onboarding/Page_OrangeHRM/input_Employee Full Name_firstName"), "value").toLowerCase(): Attribute 'value' of object 'Object Repository/Employee-Onboarding/Page_OrangeHRM/input_Employee Full Name_firstName' is: 'Sarah'

26-12-2024T18:55:43 - [MESSAGE][PASSED] - Attribute 'value' of object 'Object Repository/Employee-Onboarding/Page_OrangeHRM/input_Employee Full Name_firstName' is: 'Sarah'

26-12-2024T18:55:43 - [TEST_STEP][PASSED] - comment("Step 10: Retrieve the entered last name and convert it to lowercase"): Step 10: Retrieve the entered last name and convert it to lowercase

26-12-2024T18:55:43 - [MESSAGE][INFO] - Step 10: Retrieve the entered last name and convert it to lowercase

26-12-2024T18:55:43 - [TEST_STEP][PASSED] - lastname = getAttribute(findTestObject("Object Repository/Employee-Onboarding/Page_OrangeHRM/input_Employee Full Name_lastName"), "value").toLowerCase(): Attribute 'value' of object 'Object Repository/Employee-Onboarding/Page_OrangeHRM/input_Employee Full Name_lastName' is: 'Wilson'

26-12-2024T18:55:43 - [MESSAGE][PASSED] - Attribute 'value' of object 'Object Repository/Employee-Onboarding/Page_OrangeHRM/input_Employee Full Name_lastName' is: 'Wilson'

26-12-2024T18:55:43 - [TEST_STEP][PASSED] - comment("Step 11: Concatenate the first and last names to generate a username"): Step 11: Concatenate the first and last names to generate a username

26-12-2024T18:55:43 - [MESSAGE][INFO] - Step 11: Concatenate the first and last names to generate a username

26-12-2024T18:55:43 - [TEST_STEP][PASSED] - username = firstname + "." + lastname: null

26-12-2024T18:55:43 - [TEST_STEP][PASSED] - comment("Step 12: Set the username field with the generated username"): Step 12: Set the username field with the generated username

26-12-2024T18:55:43 - [MESSAGE][INFO] - Step 12: Set the username field with the generated username

26-12-2024T18:55:43 - [TEST_STEP][PASSED] - setText(findTestObject("Object Repository/Employee-Onboarding/Page_OrangeHRM/input_Username_oxd-input oxd-input--focus"), username): Text 'sarah.wilson' is set on object 'Object Repository/Employee-Onboarding/Page_OrangeHRM/input_Username_oxd-input oxd-input--focus'

26-12-2024T18:55:44 - [MESSAGE][PASSED] - Text 'sarah.wilson' is set on object 'Object Repository/Employee-Onboarding/Page_OrangeHRM/input_Username_oxd-input oxd-input--focus'

26-12-2024T18:55:44 - [TEST_STEP][PASSED] - comment("Step 13: Enter an encrypted password into the password field"): Step 13: Enter an encrypted password into the password field

26-12-2024T18:55:44 - [MESSAGE][INFO] - Step 13: Enter an encrypted password into the password field

26-12-2024T18:55:44 - [TEST_STEP][PASSED] - setEncryptedText(findTestObject("Object Repository/Employee-Onboarding/Page_OrangeHRM/input_Password_oxd-input oxd-input--active"), EmployeePassword): Text ****** has been set on object 'Object Repository/Employee-Onboarding/Page_OrangeHRM/input_Password_oxd-input oxd-input--active'

26-12-2024T18:55:44 - [MESSAGE][PASSED] - Text ****** has been set on object 'Object Repository/Employee-Onboarding/Page_OrangeHRM/input_Password_oxd-input oxd-input--active'

26-12-2024T18:55:44 - [TEST_STEP][PASSED] - comment("Step 14: Enter an encrypted password into the confirm password field"): Step 14: Enter an encrypted password into the confirm password field

26-12-2024T18:55:44 - [MESSAGE][INFO] - Step 14: Enter an encrypted password into the confirm password field

26-12-2024T18:55:44 - [TEST_STEP][PASSED] - setEncryptedText(findTestObject("Object Repository/Employee-Onboarding/Page_OrangeHRM/input_Confirm Password_oxd-input oxd-input-_a3aecb"), EmployeePassword): Text ****** has been set on object 'Object Repository/Employee-Onboarding/Page_OrangeHRM/input_Confirm Password_oxd-input oxd-input-_a3aecb'

26-12-2024T18:55:44 - [MESSAGE][PASSED] - Text ****** has been set on object 'Object Repository/Employee-Onboarding/Page_OrangeHRM/input_Confirm Password_oxd-input oxd-input-_a3aecb'

26-12-2024T18:55:44 - [TEST_STEP][PASSED] - comment("Step 15: Click the "Save" button to finalize adding the new employee"): Step 15: Click the "Save" button to finalize adding the new employee

26-12-2024T18:55:44 - [MESSAGE][INFO] - Step 15: Click the "Save" button to finalize adding the new employee

26-12-2024T18:55:44 - [TEST_STEP][PASSED] - click(findTestObject("Object Repository/Employee-Onboarding/Page_OrangeHRM/button_Save")): Object: 'Object Repository/Employee-Onboarding/Page_OrangeHRM/button_Save' is clicked on

26-12-2024T18:55:44 - [MESSAGE][PASSED] - Object: 'Object Repository/Employee-Onboarding/Page_OrangeHRM/button_Save' is clicked on

26-12-2024T18:55:44 - [TEST_STEP][PASSED] - delay(2): Delayed 2 second(s)

26-12-2024T18:55:46 - [MESSAGE][PASSED] - Delayed 2 second(s)]]></system-out>
         <system-err><![CDATA[]]></system-err>
      </testcase>
      <testcase name="Test Cases/Employee_Onboarding/TC_Employee_Onboarding" time="11.514" classname="Test Cases/Employee_Onboarding/TC_Employee_Onboarding" status="PASSED">
         <system-out><![CDATA[26-12-2024T18:55:47 - [TEST_CASE][PASSED] - Test Cases/Employee_Onboarding/TC_Employee_Onboarding: Test Cases/Employee_Onboarding/TC_Employee_Onboarding

26-12-2024T18:55:47 - [TEST_STEP][PASSED] - comment("Step 1: Click on the PIM module link"): Step 1: Click on the PIM module link

26-12-2024T18:55:47 - [MESSAGE][INFO] - Step 1: Click on the PIM module link

26-12-2024T18:55:47 - [TEST_STEP][PASSED] - click(findTestObject("Object Repository/Employee-Onboarding/Page_OrangeHRM/a_PIM")): Object: 'Object Repository/Employee-Onboarding/Page_OrangeHRM/a_PIM' is clicked on

26-12-2024T18:55:48 - [MESSAGE][PASSED] - Object: 'Object Repository/Employee-Onboarding/Page_OrangeHRM/a_PIM' is clicked on

26-12-2024T18:55:48 - [TEST_STEP][PASSED] - comment("Step 2: Click the "Add" button to add a new employee"): Step 2: Click the "Add" button to add a new employee

26-12-2024T18:55:48 - [MESSAGE][INFO] - Step 2: Click the "Add" button to add a new employee

26-12-2024T18:55:48 - [TEST_STEP][PASSED] - click(findTestObject("Object Repository/Employee-Onboarding/Page_OrangeHRM/button_Add")): Object: 'Object Repository/Employee-Onboarding/Page_OrangeHRM/button_Add' is clicked on

26-12-2024T18:55:50 - [MESSAGE][PASSED] - Object: 'Object Repository/Employee-Onboarding/Page_OrangeHRM/button_Add' is clicked on

26-12-2024T18:55:50 - [TEST_STEP][PASSED] - comment("Step 3: Focus on the "First Name" input field"): Step 3: Focus on the "First Name" input field

26-12-2024T18:55:50 - [MESSAGE][INFO] - Step 3: Focus on the "First Name" input field

26-12-2024T18:55:50 - [TEST_STEP][PASSED] - click(findTestObject("Object Repository/Employee-Onboarding/Page_OrangeHRM/input_Employee Full Name_firstName")): Object: 'Object Repository/Employee-Onboarding/Page_OrangeHRM/input_Employee Full Name_firstName' is clicked on

26-12-2024T18:55:52 - [MESSAGE][PASSED] - Object: 'Object Repository/Employee-Onboarding/Page_OrangeHRM/input_Employee Full Name_firstName' is clicked on

26-12-2024T18:55:52 - [TEST_STEP][PASSED] - comment("Step 4: Enter the employee's first name"): Step 4: Enter the employee's first name

26-12-2024T18:55:52 - [MESSAGE][INFO] - Step 4: Enter the employee's first name

26-12-2024T18:55:52 - [TEST_STEP][PASSED] - setText(findTestObject("Object Repository/Employee-Onboarding/Page_OrangeHRM/input_Employee Full Name_firstName"), Firstname): Text 'Roy' is set on object 'Object Repository/Employee-Onboarding/Page_OrangeHRM/input_Employee Full Name_firstName'

26-12-2024T18:55:53 - [MESSAGE][PASSED] - Text 'Roy' is set on object 'Object Repository/Employee-Onboarding/Page_OrangeHRM/input_Employee Full Name_firstName'

26-12-2024T18:55:53 - [TEST_STEP][PASSED] - comment("Step 5: Enter the employee's last name"): Step 5: Enter the employee's last name

26-12-2024T18:55:53 - [MESSAGE][INFO] - Step 5: Enter the employee's last name

26-12-2024T18:55:53 - [TEST_STEP][PASSED] - setText(findTestObject("Object Repository/Employee-Onboarding/Page_OrangeHRM/input_Employee Full Name_lastName"), Lastname): Text 'Fischer' is set on object 'Object Repository/Employee-Onboarding/Page_OrangeHRM/input_Employee Full Name_lastName'

26-12-2024T18:55:53 - [MESSAGE][PASSED] - Text 'Fischer' is set on object 'Object Repository/Employee-Onboarding/Page_OrangeHRM/input_Employee Full Name_lastName'

26-12-2024T18:55:53 - [TEST_STEP][PASSED] - comment("Step 6: Clear the default value in the "Employee ID" field"): Step 6: Clear the default value in the "Employee ID" field

26-12-2024T18:55:53 - [MESSAGE][INFO] - Step 6: Clear the default value in the "Employee ID" field

26-12-2024T18:55:53 - [TEST_STEP][PASSED] - clearText(findTestObject("Object Repository/Employee-Onboarding/Page_OrangeHRM/input_Employee Id_oxd-input oxd-input--focus")): Text of object 'Object Repository/Employee-Onboarding/Page_OrangeHRM/input_Employee Id_oxd-input oxd-input--focus' is cleared

26-12-2024T18:55:53 - [MESSAGE][PASSED] - Text of object 'Object Repository/Employee-Onboarding/Page_OrangeHRM/input_Employee Id_oxd-input oxd-input--focus' is cleared

26-12-2024T18:55:53 - [TEST_STEP][PASSED] - comment("Step 7: Set the employee ID field with a new value"): Step 7: Set the employee ID field with a new value

26-12-2024T18:55:53 - [MESSAGE][INFO] - Step 7: Set the employee ID field with a new value

26-12-2024T18:55:53 - [TEST_STEP][PASSED] - setText(findTestObject("Object Repository/Employee-Onboarding/Page_OrangeHRM/input_Employee Id_oxd-input oxd-input--focus"), ""): Text '' is set on object 'Object Repository/Employee-Onboarding/Page_OrangeHRM/input_Employee Id_oxd-input oxd-input--focus'

26-12-2024T18:55:54 - [MESSAGE][PASSED] - Text '' is set on object 'Object Repository/Employee-Onboarding/Page_OrangeHRM/input_Employee Id_oxd-input oxd-input--focus'

26-12-2024T18:55:54 - [TEST_STEP][PASSED] - comment("Step 8: Toggle the switch related to the Employee ID"): Step 8: Toggle the switch related to the Employee ID

26-12-2024T18:55:54 - [MESSAGE][INFO] - Step 8: Toggle the switch related to the Employee ID

26-12-2024T18:55:54 - [TEST_STEP][PASSED] - click(findTestObject("Object Repository/Employee-Onboarding/Page_OrangeHRM/span_Employee Id_oxd-switch-input oxd-switc_efe210")): Object: 'Object Repository/Employee-Onboarding/Page_OrangeHRM/span_Employee Id_oxd-switch-input oxd-switc_efe210' is clicked on

26-12-2024T18:55:54 - [MESSAGE][PASSED] - Object: 'Object Repository/Employee-Onboarding/Page_OrangeHRM/span_Employee Id_oxd-switch-input oxd-switc_efe210' is clicked on

26-12-2024T18:55:54 - [TEST_STEP][PASSED] - comment("Step 9: Retrieve the entered first name and convert it to lowercase"): Step 9: Retrieve the entered first name and convert it to lowercase

26-12-2024T18:55:54 - [MESSAGE][INFO] - Step 9: Retrieve the entered first name and convert it to lowercase

26-12-2024T18:55:54 - [TEST_STEP][PASSED] - firstname = getAttribute(findTestObject("Object Repository/Employee-Onboarding/Page_OrangeHRM/input_Employee Full Name_firstName"), "value").toLowerCase(): Attribute 'value' of object 'Object Repository/Employee-Onboarding/Page_OrangeHRM/input_Employee Full Name_firstName' is: 'Roy'

26-12-2024T18:55:55 - [MESSAGE][PASSED] - Attribute 'value' of object 'Object Repository/Employee-Onboarding/Page_OrangeHRM/input_Employee Full Name_firstName' is: 'Roy'

26-12-2024T18:55:55 - [TEST_STEP][PASSED] - comment("Step 10: Retrieve the entered last name and convert it to lowercase"): Step 10: Retrieve the entered last name and convert it to lowercase

26-12-2024T18:55:55 - [MESSAGE][INFO] - Step 10: Retrieve the entered last name and convert it to lowercase

26-12-2024T18:55:55 - [TEST_STEP][PASSED] - lastname = getAttribute(findTestObject("Object Repository/Employee-Onboarding/Page_OrangeHRM/input_Employee Full Name_lastName"), "value").toLowerCase(): Attribute 'value' of object 'Object Repository/Employee-Onboarding/Page_OrangeHRM/input_Employee Full Name_lastName' is: 'Fischer'

26-12-2024T18:55:55 - [MESSAGE][PASSED] - Attribute 'value' of object 'Object Repository/Employee-Onboarding/Page_OrangeHRM/input_Employee Full Name_lastName' is: 'Fischer'

26-12-2024T18:55:55 - [TEST_STEP][PASSED] - comment("Step 11: Concatenate the first and last names to generate a username"): Step 11: Concatenate the first and last names to generate a username

26-12-2024T18:55:55 - [MESSAGE][INFO] - Step 11: Concatenate the first and last names to generate a username

26-12-2024T18:55:55 - [TEST_STEP][PASSED] - username = firstname + "." + lastname: null

26-12-2024T18:55:55 - [TEST_STEP][PASSED] - comment("Step 12: Set the username field with the generated username"): Step 12: Set the username field with the generated username

26-12-2024T18:55:55 - [MESSAGE][INFO] - Step 12: Set the username field with the generated username

26-12-2024T18:55:55 - [TEST_STEP][PASSED] - setText(findTestObject("Object Repository/Employee-Onboarding/Page_OrangeHRM/input_Username_oxd-input oxd-input--focus"), username): Text 'roy.fischer' is set on object 'Object Repository/Employee-Onboarding/Page_OrangeHRM/input_Username_oxd-input oxd-input--focus'

26-12-2024T18:55:55 - [MESSAGE][PASSED] - Text 'roy.fischer' is set on object 'Object Repository/Employee-Onboarding/Page_OrangeHRM/input_Username_oxd-input oxd-input--focus'

26-12-2024T18:55:55 - [TEST_STEP][PASSED] - comment("Step 13: Enter an encrypted password into the password field"): Step 13: Enter an encrypted password into the password field

26-12-2024T18:55:55 - [MESSAGE][INFO] - Step 13: Enter an encrypted password into the password field

26-12-2024T18:55:55 - [TEST_STEP][PASSED] - setEncryptedText(findTestObject("Object Repository/Employee-Onboarding/Page_OrangeHRM/input_Password_oxd-input oxd-input--active"), EmployeePassword): Text ****** has been set on object 'Object Repository/Employee-Onboarding/Page_OrangeHRM/input_Password_oxd-input oxd-input--active'

26-12-2024T18:55:56 - [MESSAGE][PASSED] - Text ****** has been set on object 'Object Repository/Employee-Onboarding/Page_OrangeHRM/input_Password_oxd-input oxd-input--active'

26-12-2024T18:55:56 - [TEST_STEP][PASSED] - comment("Step 14: Enter an encrypted password into the confirm password field"): Step 14: Enter an encrypted password into the confirm password field

26-12-2024T18:55:56 - [MESSAGE][INFO] - Step 14: Enter an encrypted password into the confirm password field

26-12-2024T18:55:56 - [TEST_STEP][PASSED] - setEncryptedText(findTestObject("Object Repository/Employee-Onboarding/Page_OrangeHRM/input_Confirm Password_oxd-input oxd-input-_a3aecb"), EmployeePassword): Text ****** has been set on object 'Object Repository/Employee-Onboarding/Page_OrangeHRM/input_Confirm Password_oxd-input oxd-input-_a3aecb'

26-12-2024T18:55:56 - [MESSAGE][PASSED] - Text ****** has been set on object 'Object Repository/Employee-Onboarding/Page_OrangeHRM/input_Confirm Password_oxd-input oxd-input-_a3aecb'

26-12-2024T18:55:56 - [TEST_STEP][PASSED] - comment("Step 15: Click the "Save" button to finalize adding the new employee"): Step 15: Click the "Save" button to finalize adding the new employee

26-12-2024T18:55:56 - [MESSAGE][INFO] - Step 15: Click the "Save" button to finalize adding the new employee

26-12-2024T18:55:56 - [TEST_STEP][PASSED] - click(findTestObject("Object Repository/Employee-Onboarding/Page_OrangeHRM/button_Save")): Object: 'Object Repository/Employee-Onboarding/Page_OrangeHRM/button_Save' is clicked on

26-12-2024T18:55:56 - [MESSAGE][PASSED] - Object: 'Object Repository/Employee-Onboarding/Page_OrangeHRM/button_Save' is clicked on

26-12-2024T18:55:56 - [TEST_STEP][PASSED] - delay(2): Delayed 2 second(s)

26-12-2024T18:55:58 - [MESSAGE][PASSED] - Delayed 2 second(s)]]></system-out>
         <system-err><![CDATA[]]></system-err>
      </testcase>
      <testcase name="Test Cases/Employee_Onboarding/TC_Employee_Onboarding" time="12.138" classname="Test Cases/Employee_Onboarding/TC_Employee_Onboarding" status="PASSED">
         <system-out><![CDATA[26-12-2024T18:55:58 - [TEST_CASE][PASSED] - Test Cases/Employee_Onboarding/TC_Employee_Onboarding: Test Cases/Employee_Onboarding/TC_Employee_Onboarding

26-12-2024T18:55:58 - [TEST_STEP][PASSED] - comment("Step 1: Click on the PIM module link"): Step 1: Click on the PIM module link

26-12-2024T18:55:58 - [MESSAGE][INFO] - Step 1: Click on the PIM module link

26-12-2024T18:55:58 - [TEST_STEP][PASSED] - click(findTestObject("Object Repository/Employee-Onboarding/Page_OrangeHRM/a_PIM")): Object: 'Object Repository/Employee-Onboarding/Page_OrangeHRM/a_PIM' is clicked on

26-12-2024T18:56:00 - [MESSAGE][PASSED] - Object: 'Object Repository/Employee-Onboarding/Page_OrangeHRM/a_PIM' is clicked on

26-12-2024T18:56:00 - [TEST_STEP][PASSED] - comment("Step 2: Click the "Add" button to add a new employee"): Step 2: Click the "Add" button to add a new employee

26-12-2024T18:56:00 - [MESSAGE][INFO] - Step 2: Click the "Add" button to add a new employee

26-12-2024T18:56:00 - [TEST_STEP][PASSED] - click(findTestObject("Object Repository/Employee-Onboarding/Page_OrangeHRM/button_Add")): Object: 'Object Repository/Employee-Onboarding/Page_OrangeHRM/button_Add' is clicked on

26-12-2024T18:56:02 - [MESSAGE][PASSED] - Object: 'Object Repository/Employee-Onboarding/Page_OrangeHRM/button_Add' is clicked on

26-12-2024T18:56:02 - [TEST_STEP][PASSED] - comment("Step 3: Focus on the "First Name" input field"): Step 3: Focus on the "First Name" input field

26-12-2024T18:56:02 - [MESSAGE][INFO] - Step 3: Focus on the "First Name" input field

26-12-2024T18:56:02 - [TEST_STEP][PASSED] - click(findTestObject("Object Repository/Employee-Onboarding/Page_OrangeHRM/input_Employee Full Name_firstName")): Object: 'Object Repository/Employee-Onboarding/Page_OrangeHRM/input_Employee Full Name_firstName' is clicked on

26-12-2024T18:56:04 - [MESSAGE][PASSED] - Object: 'Object Repository/Employee-Onboarding/Page_OrangeHRM/input_Employee Full Name_firstName' is clicked on

26-12-2024T18:56:04 - [TEST_STEP][PASSED] - comment("Step 4: Enter the employee's first name"): Step 4: Enter the employee's first name

26-12-2024T18:56:04 - [MESSAGE][INFO] - Step 4: Enter the employee's first name

26-12-2024T18:56:04 - [TEST_STEP][PASSED] - setText(findTestObject("Object Repository/Employee-Onboarding/Page_OrangeHRM/input_Employee Full Name_firstName"), Firstname): Text 'Sarah' is set on object 'Object Repository/Employee-Onboarding/Page_OrangeHRM/input_Employee Full Name_firstName'

26-12-2024T18:56:05 - [MESSAGE][PASSED] - Text 'Sarah' is set on object 'Object Repository/Employee-Onboarding/Page_OrangeHRM/input_Employee Full Name_firstName'

26-12-2024T18:56:05 - [TEST_STEP][PASSED] - comment("Step 5: Enter the employee's last name"): Step 5: Enter the employee's last name

26-12-2024T18:56:05 - [MESSAGE][INFO] - Step 5: Enter the employee's last name

26-12-2024T18:56:05 - [TEST_STEP][PASSED] - setText(findTestObject("Object Repository/Employee-Onboarding/Page_OrangeHRM/input_Employee Full Name_lastName"), Lastname): Text 'Vasquez' is set on object 'Object Repository/Employee-Onboarding/Page_OrangeHRM/input_Employee Full Name_lastName'

26-12-2024T18:56:05 - [MESSAGE][PASSED] - Text 'Vasquez' is set on object 'Object Repository/Employee-Onboarding/Page_OrangeHRM/input_Employee Full Name_lastName'

26-12-2024T18:56:05 - [TEST_STEP][PASSED] - comment("Step 6: Clear the default value in the "Employee ID" field"): Step 6: Clear the default value in the "Employee ID" field

26-12-2024T18:56:05 - [MESSAGE][INFO] - Step 6: Clear the default value in the "Employee ID" field

26-12-2024T18:56:05 - [TEST_STEP][PASSED] - clearText(findTestObject("Object Repository/Employee-Onboarding/Page_OrangeHRM/input_Employee Id_oxd-input oxd-input--focus")): Text of object 'Object Repository/Employee-Onboarding/Page_OrangeHRM/input_Employee Id_oxd-input oxd-input--focus' is cleared

26-12-2024T18:56:06 - [MESSAGE][PASSED] - Text of object 'Object Repository/Employee-Onboarding/Page_OrangeHRM/input_Employee Id_oxd-input oxd-input--focus' is cleared

26-12-2024T18:56:06 - [TEST_STEP][PASSED] - comment("Step 7: Set the employee ID field with a new value"): Step 7: Set the employee ID field with a new value

26-12-2024T18:56:06 - [MESSAGE][INFO] - Step 7: Set the employee ID field with a new value

26-12-2024T18:56:06 - [TEST_STEP][PASSED] - setText(findTestObject("Object Repository/Employee-Onboarding/Page_OrangeHRM/input_Employee Id_oxd-input oxd-input--focus"), ""): Text '' is set on object 'Object Repository/Employee-Onboarding/Page_OrangeHRM/input_Employee Id_oxd-input oxd-input--focus'

26-12-2024T18:56:06 - [MESSAGE][PASSED] - Text '' is set on object 'Object Repository/Employee-Onboarding/Page_OrangeHRM/input_Employee Id_oxd-input oxd-input--focus'

26-12-2024T18:56:06 - [TEST_STEP][PASSED] - comment("Step 8: Toggle the switch related to the Employee ID"): Step 8: Toggle the switch related to the Employee ID

26-12-2024T18:56:06 - [MESSAGE][INFO] - Step 8: Toggle the switch related to the Employee ID

26-12-2024T18:56:06 - [TEST_STEP][PASSED] - click(findTestObject("Object Repository/Employee-Onboarding/Page_OrangeHRM/span_Employee Id_oxd-switch-input oxd-switc_efe210")): Object: 'Object Repository/Employee-Onboarding/Page_OrangeHRM/span_Employee Id_oxd-switch-input oxd-switc_efe210' is clicked on

26-12-2024T18:56:06 - [MESSAGE][PASSED] - Object: 'Object Repository/Employee-Onboarding/Page_OrangeHRM/span_Employee Id_oxd-switch-input oxd-switc_efe210' is clicked on

26-12-2024T18:56:06 - [TEST_STEP][PASSED] - comment("Step 9: Retrieve the entered first name and convert it to lowercase"): Step 9: Retrieve the entered first name and convert it to lowercase

26-12-2024T18:56:06 - [MESSAGE][INFO] - Step 9: Retrieve the entered first name and convert it to lowercase

26-12-2024T18:56:06 - [TEST_STEP][PASSED] - firstname = getAttribute(findTestObject("Object Repository/Employee-Onboarding/Page_OrangeHRM/input_Employee Full Name_firstName"), "value").toLowerCase(): Attribute 'value' of object 'Object Repository/Employee-Onboarding/Page_OrangeHRM/input_Employee Full Name_firstName' is: 'Sarah'

26-12-2024T18:56:07 - [MESSAGE][PASSED] - Attribute 'value' of object 'Object Repository/Employee-Onboarding/Page_OrangeHRM/input_Employee Full Name_firstName' is: 'Sarah'

26-12-2024T18:56:07 - [TEST_STEP][PASSED] - comment("Step 10: Retrieve the entered last name and convert it to lowercase"): Step 10: Retrieve the entered last name and convert it to lowercase

26-12-2024T18:56:07 - [MESSAGE][INFO] - Step 10: Retrieve the entered last name and convert it to lowercase

26-12-2024T18:56:07 - [TEST_STEP][PASSED] - lastname = getAttribute(findTestObject("Object Repository/Employee-Onboarding/Page_OrangeHRM/input_Employee Full Name_lastName"), "value").toLowerCase(): Attribute 'value' of object 'Object Repository/Employee-Onboarding/Page_OrangeHRM/input_Employee Full Name_lastName' is: 'Vasquez'

26-12-2024T18:56:07 - [MESSAGE][PASSED] - Attribute 'value' of object 'Object Repository/Employee-Onboarding/Page_OrangeHRM/input_Employee Full Name_lastName' is: 'Vasquez'

26-12-2024T18:56:07 - [TEST_STEP][PASSED] - comment("Step 11: Concatenate the first and last names to generate a username"): Step 11: Concatenate the first and last names to generate a username

26-12-2024T18:56:07 - [MESSAGE][INFO] - Step 11: Concatenate the first and last names to generate a username

26-12-2024T18:56:07 - [TEST_STEP][PASSED] - username = firstname + "." + lastname: null

26-12-2024T18:56:07 - [TEST_STEP][PASSED] - comment("Step 12: Set the username field with the generated username"): Step 12: Set the username field with the generated username

26-12-2024T18:56:07 - [MESSAGE][INFO] - Step 12: Set the username field with the generated username

26-12-2024T18:56:07 - [TEST_STEP][PASSED] - setText(findTestObject("Object Repository/Employee-Onboarding/Page_OrangeHRM/input_Username_oxd-input oxd-input--focus"), username): Text 'sarah.vasquez' is set on object 'Object Repository/Employee-Onboarding/Page_OrangeHRM/input_Username_oxd-input oxd-input--focus'

26-12-2024T18:56:07 - [MESSAGE][PASSED] - Text 'sarah.vasquez' is set on object 'Object Repository/Employee-Onboarding/Page_OrangeHRM/input_Username_oxd-input oxd-input--focus'

26-12-2024T18:56:07 - [TEST_STEP][PASSED] - comment("Step 13: Enter an encrypted password into the password field"): Step 13: Enter an encrypted password into the password field

26-12-2024T18:56:07 - [MESSAGE][INFO] - Step 13: Enter an encrypted password into the password field

26-12-2024T18:56:07 - [TEST_STEP][PASSED] - setEncryptedText(findTestObject("Object Repository/Employee-Onboarding/Page_OrangeHRM/input_Password_oxd-input oxd-input--active"), EmployeePassword): Text ****** has been set on object 'Object Repository/Employee-Onboarding/Page_OrangeHRM/input_Password_oxd-input oxd-input--active'

26-12-2024T18:56:08 - [MESSAGE][PASSED] - Text ****** has been set on object 'Object Repository/Employee-Onboarding/Page_OrangeHRM/input_Password_oxd-input oxd-input--active'

26-12-2024T18:56:08 - [TEST_STEP][PASSED] - comment("Step 14: Enter an encrypted password into the confirm password field"): Step 14: Enter an encrypted password into the confirm password field

26-12-2024T18:56:08 - [MESSAGE][INFO] - Step 14: Enter an encrypted password into the confirm password field

26-12-2024T18:56:08 - [TEST_STEP][PASSED] - setEncryptedText(findTestObject("Object Repository/Employee-Onboarding/Page_OrangeHRM/input_Confirm Password_oxd-input oxd-input-_a3aecb"), EmployeePassword): Text ****** has been set on object 'Object Repository/Employee-Onboarding/Page_OrangeHRM/input_Confirm Password_oxd-input oxd-input-_a3aecb'

26-12-2024T18:56:08 - [MESSAGE][PASSED] - Text ****** has been set on object 'Object Repository/Employee-Onboarding/Page_OrangeHRM/input_Confirm Password_oxd-input oxd-input-_a3aecb'

26-12-2024T18:56:08 - [TEST_STEP][PASSED] - comment("Step 15: Click the "Save" button to finalize adding the new employee"): Step 15: Click the "Save" button to finalize adding the new employee

26-12-2024T18:56:08 - [MESSAGE][INFO] - Step 15: Click the "Save" button to finalize adding the new employee

26-12-2024T18:56:08 - [TEST_STEP][PASSED] - click(findTestObject("Object Repository/Employee-Onboarding/Page_OrangeHRM/button_Save")): Object: 'Object Repository/Employee-Onboarding/Page_OrangeHRM/button_Save' is clicked on

26-12-2024T18:56:08 - [MESSAGE][PASSED] - Object: 'Object Repository/Employee-Onboarding/Page_OrangeHRM/button_Save' is clicked on

26-12-2024T18:56:08 - [TEST_STEP][PASSED] - delay(2): Delayed 2 second(s)

26-12-2024T18:56:10 - [MESSAGE][PASSED] - Delayed 2 second(s)]]></system-out>
         <system-err><![CDATA[]]></system-err>
      </testcase>
      <testcase name="Test Cases/Employee_Onboarding/TC_Employee_Onboarding" time="10.923" classname="Test Cases/Employee_Onboarding/TC_Employee_Onboarding" status="PASSED">
         <system-out><![CDATA[26-12-2024T18:56:10 - [TEST_CASE][PASSED] - Test Cases/Employee_Onboarding/TC_Employee_Onboarding: Test Cases/Employee_Onboarding/TC_Employee_Onboarding

26-12-2024T18:56:10 - [TEST_STEP][PASSED] - comment("Step 1: Click on the PIM module link"): Step 1: Click on the PIM module link

26-12-2024T18:56:10 - [MESSAGE][INFO] - Step 1: Click on the PIM module link

26-12-2024T18:56:10 - [TEST_STEP][PASSED] - click(findTestObject("Object Repository/Employee-Onboarding/Page_OrangeHRM/a_PIM")): Object: 'Object Repository/Employee-Onboarding/Page_OrangeHRM/a_PIM' is clicked on

26-12-2024T18:56:12 - [MESSAGE][PASSED] - Object: 'Object Repository/Employee-Onboarding/Page_OrangeHRM/a_PIM' is clicked on

26-12-2024T18:56:12 - [TEST_STEP][PASSED] - comment("Step 2: Click the "Add" button to add a new employee"): Step 2: Click the "Add" button to add a new employee

26-12-2024T18:56:12 - [MESSAGE][INFO] - Step 2: Click the "Add" button to add a new employee

26-12-2024T18:56:12 - [TEST_STEP][PASSED] - click(findTestObject("Object Repository/Employee-Onboarding/Page_OrangeHRM/button_Add")): Object: 'Object Repository/Employee-Onboarding/Page_OrangeHRM/button_Add' is clicked on

26-12-2024T18:56:14 - [MESSAGE][PASSED] - Object: 'Object Repository/Employee-Onboarding/Page_OrangeHRM/button_Add' is clicked on

26-12-2024T18:56:14 - [TEST_STEP][PASSED] - comment("Step 3: Focus on the "First Name" input field"): Step 3: Focus on the "First Name" input field

26-12-2024T18:56:14 - [MESSAGE][INFO] - Step 3: Focus on the "First Name" input field

26-12-2024T18:56:14 - [TEST_STEP][PASSED] - click(findTestObject("Object Repository/Employee-Onboarding/Page_OrangeHRM/input_Employee Full Name_firstName")): Object: 'Object Repository/Employee-Onboarding/Page_OrangeHRM/input_Employee Full Name_firstName' is clicked on

26-12-2024T18:56:15 - [MESSAGE][PASSED] - Object: 'Object Repository/Employee-Onboarding/Page_OrangeHRM/input_Employee Full Name_firstName' is clicked on

26-12-2024T18:56:15 - [TEST_STEP][PASSED] - comment("Step 4: Enter the employee's first name"): Step 4: Enter the employee's first name

26-12-2024T18:56:15 - [MESSAGE][INFO] - Step 4: Enter the employee's first name

26-12-2024T18:56:15 - [TEST_STEP][PASSED] - setText(findTestObject("Object Repository/Employee-Onboarding/Page_OrangeHRM/input_Employee Full Name_firstName"), Firstname): Text 'Margaret' is set on object 'Object Repository/Employee-Onboarding/Page_OrangeHRM/input_Employee Full Name_firstName'

26-12-2024T18:56:16 - [MESSAGE][PASSED] - Text 'Margaret' is set on object 'Object Repository/Employee-Onboarding/Page_OrangeHRM/input_Employee Full Name_firstName'

26-12-2024T18:56:16 - [TEST_STEP][PASSED] - comment("Step 5: Enter the employee's last name"): Step 5: Enter the employee's last name

26-12-2024T18:56:16 - [MESSAGE][INFO] - Step 5: Enter the employee's last name

26-12-2024T18:56:16 - [TEST_STEP][PASSED] - setText(findTestObject("Object Repository/Employee-Onboarding/Page_OrangeHRM/input_Employee Full Name_lastName"), Lastname): Text 'Williams' is set on object 'Object Repository/Employee-Onboarding/Page_OrangeHRM/input_Employee Full Name_lastName'

26-12-2024T18:56:16 - [MESSAGE][PASSED] - Text 'Williams' is set on object 'Object Repository/Employee-Onboarding/Page_OrangeHRM/input_Employee Full Name_lastName'

26-12-2024T18:56:16 - [TEST_STEP][PASSED] - comment("Step 6: Clear the default value in the "Employee ID" field"): Step 6: Clear the default value in the "Employee ID" field

26-12-2024T18:56:16 - [MESSAGE][INFO] - Step 6: Clear the default value in the "Employee ID" field

26-12-2024T18:56:16 - [TEST_STEP][PASSED] - clearText(findTestObject("Object Repository/Employee-Onboarding/Page_OrangeHRM/input_Employee Id_oxd-input oxd-input--focus")): Text of object 'Object Repository/Employee-Onboarding/Page_OrangeHRM/input_Employee Id_oxd-input oxd-input--focus' is cleared

26-12-2024T18:56:16 - [MESSAGE][PASSED] - Text of object 'Object Repository/Employee-Onboarding/Page_OrangeHRM/input_Employee Id_oxd-input oxd-input--focus' is cleared

26-12-2024T18:56:16 - [TEST_STEP][PASSED] - comment("Step 7: Set the employee ID field with a new value"): Step 7: Set the employee ID field with a new value

26-12-2024T18:56:16 - [MESSAGE][INFO] - Step 7: Set the employee ID field with a new value

26-12-2024T18:56:16 - [TEST_STEP][PASSED] - setText(findTestObject("Object Repository/Employee-Onboarding/Page_OrangeHRM/input_Employee Id_oxd-input oxd-input--focus"), ""): Text '' is set on object 'Object Repository/Employee-Onboarding/Page_OrangeHRM/input_Employee Id_oxd-input oxd-input--focus'

26-12-2024T18:56:17 - [MESSAGE][PASSED] - Text '' is set on object 'Object Repository/Employee-Onboarding/Page_OrangeHRM/input_Employee Id_oxd-input oxd-input--focus'

26-12-2024T18:56:17 - [TEST_STEP][PASSED] - comment("Step 8: Toggle the switch related to the Employee ID"): Step 8: Toggle the switch related to the Employee ID

26-12-2024T18:56:17 - [MESSAGE][INFO] - Step 8: Toggle the switch related to the Employee ID

26-12-2024T18:56:17 - [TEST_STEP][PASSED] - click(findTestObject("Object Repository/Employee-Onboarding/Page_OrangeHRM/span_Employee Id_oxd-switch-input oxd-switc_efe210")): Object: 'Object Repository/Employee-Onboarding/Page_OrangeHRM/span_Employee Id_oxd-switch-input oxd-switc_efe210' is clicked on

26-12-2024T18:56:17 - [MESSAGE][PASSED] - Object: 'Object Repository/Employee-Onboarding/Page_OrangeHRM/span_Employee Id_oxd-switch-input oxd-switc_efe210' is clicked on

26-12-2024T18:56:17 - [TEST_STEP][PASSED] - comment("Step 9: Retrieve the entered first name and convert it to lowercase"): Step 9: Retrieve the entered first name and convert it to lowercase

26-12-2024T18:56:17 - [MESSAGE][INFO] - Step 9: Retrieve the entered first name and convert it to lowercase

26-12-2024T18:56:17 - [TEST_STEP][PASSED] - firstname = getAttribute(findTestObject("Object Repository/Employee-Onboarding/Page_OrangeHRM/input_Employee Full Name_firstName"), "value").toLowerCase(): Attribute 'value' of object 'Object Repository/Employee-Onboarding/Page_OrangeHRM/input_Employee Full Name_firstName' is: 'Margaret'

26-12-2024T18:56:18 - [MESSAGE][PASSED] - Attribute 'value' of object 'Object Repository/Employee-Onboarding/Page_OrangeHRM/input_Employee Full Name_firstName' is: 'Margaret'

26-12-2024T18:56:18 - [TEST_STEP][PASSED] - comment("Step 10: Retrieve the entered last name and convert it to lowercase"): Step 10: Retrieve the entered last name and convert it to lowercase

26-12-2024T18:56:18 - [MESSAGE][INFO] - Step 10: Retrieve the entered last name and convert it to lowercase

26-12-2024T18:56:18 - [TEST_STEP][PASSED] - lastname = getAttribute(findTestObject("Object Repository/Employee-Onboarding/Page_OrangeHRM/input_Employee Full Name_lastName"), "value").toLowerCase(): Attribute 'value' of object 'Object Repository/Employee-Onboarding/Page_OrangeHRM/input_Employee Full Name_lastName' is: 'Williams'

26-12-2024T18:56:18 - [MESSAGE][PASSED] - Attribute 'value' of object 'Object Repository/Employee-Onboarding/Page_OrangeHRM/input_Employee Full Name_lastName' is: 'Williams'

26-12-2024T18:56:18 - [TEST_STEP][PASSED] - comment("Step 11: Concatenate the first and last names to generate a username"): Step 11: Concatenate the first and last names to generate a username

26-12-2024T18:56:18 - [MESSAGE][INFO] - Step 11: Concatenate the first and last names to generate a username

26-12-2024T18:56:18 - [TEST_STEP][PASSED] - username = firstname + "." + lastname: null

26-12-2024T18:56:18 - [TEST_STEP][PASSED] - comment("Step 12: Set the username field with the generated username"): Step 12: Set the username field with the generated username

26-12-2024T18:56:18 - [MESSAGE][INFO] - Step 12: Set the username field with the generated username

26-12-2024T18:56:18 - [TEST_STEP][PASSED] - setText(findTestObject("Object Repository/Employee-Onboarding/Page_OrangeHRM/input_Username_oxd-input oxd-input--focus"), username): Text 'margaret.williams' is set on object 'Object Repository/Employee-Onboarding/Page_OrangeHRM/input_Username_oxd-input oxd-input--focus'

26-12-2024T18:56:18 - [MESSAGE][PASSED] - Text 'margaret.williams' is set on object 'Object Repository/Employee-Onboarding/Page_OrangeHRM/input_Username_oxd-input oxd-input--focus'

26-12-2024T18:56:18 - [TEST_STEP][PASSED] - comment("Step 13: Enter an encrypted password into the password field"): Step 13: Enter an encrypted password into the password field

26-12-2024T18:56:18 - [MESSAGE][INFO] - Step 13: Enter an encrypted password into the password field

26-12-2024T18:56:18 - [TEST_STEP][PASSED] - setEncryptedText(findTestObject("Object Repository/Employee-Onboarding/Page_OrangeHRM/input_Password_oxd-input oxd-input--active"), EmployeePassword): Text ****** has been set on object 'Object Repository/Employee-Onboarding/Page_OrangeHRM/input_Password_oxd-input oxd-input--active'

26-12-2024T18:56:19 - [MESSAGE][PASSED] - Text ****** has been set on object 'Object Repository/Employee-Onboarding/Page_OrangeHRM/input_Password_oxd-input oxd-input--active'

26-12-2024T18:56:19 - [TEST_STEP][PASSED] - comment("Step 14: Enter an encrypted password into the confirm password field"): Step 14: Enter an encrypted password into the confirm password field

26-12-2024T18:56:19 - [MESSAGE][INFO] - Step 14: Enter an encrypted password into the confirm password field

26-12-2024T18:56:19 - [TEST_STEP][PASSED] - setEncryptedText(findTestObject("Object Repository/Employee-Onboarding/Page_OrangeHRM/input_Confirm Password_oxd-input oxd-input-_a3aecb"), EmployeePassword): Text ****** has been set on object 'Object Repository/Employee-Onboarding/Page_OrangeHRM/input_Confirm Password_oxd-input oxd-input-_a3aecb'

26-12-2024T18:56:19 - [MESSAGE][PASSED] - Text ****** has been set on object 'Object Repository/Employee-Onboarding/Page_OrangeHRM/input_Confirm Password_oxd-input oxd-input-_a3aecb'

26-12-2024T18:56:19 - [TEST_STEP][PASSED] - comment("Step 15: Click the "Save" button to finalize adding the new employee"): Step 15: Click the "Save" button to finalize adding the new employee

26-12-2024T18:56:19 - [MESSAGE][INFO] - Step 15: Click the "Save" button to finalize adding the new employee

26-12-2024T18:56:19 - [TEST_STEP][PASSED] - click(findTestObject("Object Repository/Employee-Onboarding/Page_OrangeHRM/button_Save")): Object: 'Object Repository/Employee-Onboarding/Page_OrangeHRM/button_Save' is clicked on

26-12-2024T18:56:19 - [MESSAGE][PASSED] - Object: 'Object Repository/Employee-Onboarding/Page_OrangeHRM/button_Save' is clicked on

26-12-2024T18:56:19 - [TEST_STEP][PASSED] - delay(2): Delayed 2 second(s)

26-12-2024T18:56:21 - [MESSAGE][PASSED] - Delayed 2 second(s)]]></system-out>
         <system-err><![CDATA[]]></system-err>
      </testcase>
      <testcase name="Test Cases/Employee_Onboarding/TC_Employee_Onboarding" time="10.964" classname="Test Cases/Employee_Onboarding/TC_Employee_Onboarding" status="PASSED">
         <system-out><![CDATA[26-12-2024T18:56:21 - [TEST_CASE][PASSED] - Test Cases/Employee_Onboarding/TC_Employee_Onboarding: Test Cases/Employee_Onboarding/TC_Employee_Onboarding

26-12-2024T18:56:21 - [TEST_STEP][PASSED] - comment("Step 1: Click on the PIM module link"): Step 1: Click on the PIM module link

26-12-2024T18:56:21 - [MESSAGE][INFO] - Step 1: Click on the PIM module link

26-12-2024T18:56:21 - [TEST_STEP][PASSED] - click(findTestObject("Object Repository/Employee-Onboarding/Page_OrangeHRM/a_PIM")): Object: 'Object Repository/Employee-Onboarding/Page_OrangeHRM/a_PIM' is clicked on

26-12-2024T18:56:23 - [MESSAGE][PASSED] - Object: 'Object Repository/Employee-Onboarding/Page_OrangeHRM/a_PIM' is clicked on

26-12-2024T18:56:23 - [TEST_STEP][PASSED] - comment("Step 2: Click the "Add" button to add a new employee"): Step 2: Click the "Add" button to add a new employee

26-12-2024T18:56:23 - [MESSAGE][INFO] - Step 2: Click the "Add" button to add a new employee

26-12-2024T18:56:23 - [TEST_STEP][PASSED] - click(findTestObject("Object Repository/Employee-Onboarding/Page_OrangeHRM/button_Add")): Object: 'Object Repository/Employee-Onboarding/Page_OrangeHRM/button_Add' is clicked on

26-12-2024T18:56:25 - [MESSAGE][PASSED] - Object: 'Object Repository/Employee-Onboarding/Page_OrangeHRM/button_Add' is clicked on

26-12-2024T18:56:25 - [TEST_STEP][PASSED] - comment("Step 3: Focus on the "First Name" input field"): Step 3: Focus on the "First Name" input field

26-12-2024T18:56:25 - [MESSAGE][INFO] - Step 3: Focus on the "First Name" input field

26-12-2024T18:56:25 - [TEST_STEP][PASSED] - click(findTestObject("Object Repository/Employee-Onboarding/Page_OrangeHRM/input_Employee Full Name_firstName")): Object: 'Object Repository/Employee-Onboarding/Page_OrangeHRM/input_Employee Full Name_firstName' is clicked on

26-12-2024T18:56:26 - [MESSAGE][PASSED] - Object: 'Object Repository/Employee-Onboarding/Page_OrangeHRM/input_Employee Full Name_firstName' is clicked on

26-12-2024T18:56:26 - [TEST_STEP][PASSED] - comment("Step 4: Enter the employee's first name"): Step 4: Enter the employee's first name

26-12-2024T18:56:26 - [MESSAGE][INFO] - Step 4: Enter the employee's first name

26-12-2024T18:56:26 - [TEST_STEP][PASSED] - setText(findTestObject("Object Repository/Employee-Onboarding/Page_OrangeHRM/input_Employee Full Name_firstName"), Firstname): Text 'Cody' is set on object 'Object Repository/Employee-Onboarding/Page_OrangeHRM/input_Employee Full Name_firstName'

26-12-2024T18:56:27 - [MESSAGE][PASSED] - Text 'Cody' is set on object 'Object Repository/Employee-Onboarding/Page_OrangeHRM/input_Employee Full Name_firstName'

26-12-2024T18:56:27 - [TEST_STEP][PASSED] - comment("Step 5: Enter the employee's last name"): Step 5: Enter the employee's last name

26-12-2024T18:56:27 - [MESSAGE][INFO] - Step 5: Enter the employee's last name

26-12-2024T18:56:27 - [TEST_STEP][PASSED] - setText(findTestObject("Object Repository/Employee-Onboarding/Page_OrangeHRM/input_Employee Full Name_lastName"), Lastname): Text 'Rose' is set on object 'Object Repository/Employee-Onboarding/Page_OrangeHRM/input_Employee Full Name_lastName'

26-12-2024T18:56:27 - [MESSAGE][PASSED] - Text 'Rose' is set on object 'Object Repository/Employee-Onboarding/Page_OrangeHRM/input_Employee Full Name_lastName'

26-12-2024T18:56:27 - [TEST_STEP][PASSED] - comment("Step 6: Clear the default value in the "Employee ID" field"): Step 6: Clear the default value in the "Employee ID" field

26-12-2024T18:56:27 - [MESSAGE][INFO] - Step 6: Clear the default value in the "Employee ID" field

26-12-2024T18:56:27 - [TEST_STEP][PASSED] - clearText(findTestObject("Object Repository/Employee-Onboarding/Page_OrangeHRM/input_Employee Id_oxd-input oxd-input--focus")): Text of object 'Object Repository/Employee-Onboarding/Page_OrangeHRM/input_Employee Id_oxd-input oxd-input--focus' is cleared

26-12-2024T18:56:27 - [MESSAGE][PASSED] - Text of object 'Object Repository/Employee-Onboarding/Page_OrangeHRM/input_Employee Id_oxd-input oxd-input--focus' is cleared

26-12-2024T18:56:27 - [TEST_STEP][PASSED] - comment("Step 7: Set the employee ID field with a new value"): Step 7: Set the employee ID field with a new value

26-12-2024T18:56:27 - [MESSAGE][INFO] - Step 7: Set the employee ID field with a new value

26-12-2024T18:56:27 - [TEST_STEP][PASSED] - setText(findTestObject("Object Repository/Employee-Onboarding/Page_OrangeHRM/input_Employee Id_oxd-input oxd-input--focus"), ""): Text '' is set on object 'Object Repository/Employee-Onboarding/Page_OrangeHRM/input_Employee Id_oxd-input oxd-input--focus'

26-12-2024T18:56:28 - [MESSAGE][PASSED] - Text '' is set on object 'Object Repository/Employee-Onboarding/Page_OrangeHRM/input_Employee Id_oxd-input oxd-input--focus'

26-12-2024T18:56:28 - [TEST_STEP][PASSED] - comment("Step 8: Toggle the switch related to the Employee ID"): Step 8: Toggle the switch related to the Employee ID

26-12-2024T18:56:28 - [MESSAGE][INFO] - Step 8: Toggle the switch related to the Employee ID

26-12-2024T18:56:28 - [TEST_STEP][PASSED] - click(findTestObject("Object Repository/Employee-Onboarding/Page_OrangeHRM/span_Employee Id_oxd-switch-input oxd-switc_efe210")): Object: 'Object Repository/Employee-Onboarding/Page_OrangeHRM/span_Employee Id_oxd-switch-input oxd-switc_efe210' is clicked on

26-12-2024T18:56:28 - [MESSAGE][PASSED] - Object: 'Object Repository/Employee-Onboarding/Page_OrangeHRM/span_Employee Id_oxd-switch-input oxd-switc_efe210' is clicked on

26-12-2024T18:56:28 - [TEST_STEP][PASSED] - comment("Step 9: Retrieve the entered first name and convert it to lowercase"): Step 9: Retrieve the entered first name and convert it to lowercase

26-12-2024T18:56:28 - [MESSAGE][INFO] - Step 9: Retrieve the entered first name and convert it to lowercase

26-12-2024T18:56:28 - [TEST_STEP][PASSED] - firstname = getAttribute(findTestObject("Object Repository/Employee-Onboarding/Page_OrangeHRM/input_Employee Full Name_firstName"), "value").toLowerCase(): Attribute 'value' of object 'Object Repository/Employee-Onboarding/Page_OrangeHRM/input_Employee Full Name_firstName' is: 'Cody'

26-12-2024T18:56:29 - [MESSAGE][PASSED] - Attribute 'value' of object 'Object Repository/Employee-Onboarding/Page_OrangeHRM/input_Employee Full Name_firstName' is: 'Cody'

26-12-2024T18:56:29 - [TEST_STEP][PASSED] - comment("Step 10: Retrieve the entered last name and convert it to lowercase"): Step 10: Retrieve the entered last name and convert it to lowercase

26-12-2024T18:56:29 - [MESSAGE][INFO] - Step 10: Retrieve the entered last name and convert it to lowercase

26-12-2024T18:56:29 - [TEST_STEP][PASSED] - lastname = getAttribute(findTestObject("Object Repository/Employee-Onboarding/Page_OrangeHRM/input_Employee Full Name_lastName"), "value").toLowerCase(): Attribute 'value' of object 'Object Repository/Employee-Onboarding/Page_OrangeHRM/input_Employee Full Name_lastName' is: 'Rose'

26-12-2024T18:56:29 - [MESSAGE][PASSED] - Attribute 'value' of object 'Object Repository/Employee-Onboarding/Page_OrangeHRM/input_Employee Full Name_lastName' is: 'Rose'

26-12-2024T18:56:29 - [TEST_STEP][PASSED] - comment("Step 11: Concatenate the first and last names to generate a username"): Step 11: Concatenate the first and last names to generate a username

26-12-2024T18:56:29 - [MESSAGE][INFO] - Step 11: Concatenate the first and last names to generate a username

26-12-2024T18:56:29 - [TEST_STEP][PASSED] - username = firstname + "." + lastname: null

26-12-2024T18:56:29 - [TEST_STEP][PASSED] - comment("Step 12: Set the username field with the generated username"): Step 12: Set the username field with the generated username

26-12-2024T18:56:29 - [MESSAGE][INFO] - Step 12: Set the username field with the generated username

26-12-2024T18:56:29 - [TEST_STEP][PASSED] - setText(findTestObject("Object Repository/Employee-Onboarding/Page_OrangeHRM/input_Username_oxd-input oxd-input--focus"), username): Text 'cody.rose' is set on object 'Object Repository/Employee-Onboarding/Page_OrangeHRM/input_Username_oxd-input oxd-input--focus'

26-12-2024T18:56:29 - [MESSAGE][PASSED] - Text 'cody.rose' is set on object 'Object Repository/Employee-Onboarding/Page_OrangeHRM/input_Username_oxd-input oxd-input--focus'

26-12-2024T18:56:29 - [TEST_STEP][PASSED] - comment("Step 13: Enter an encrypted password into the password field"): Step 13: Enter an encrypted password into the password field

26-12-2024T18:56:29 - [MESSAGE][INFO] - Step 13: Enter an encrypted password into the password field

26-12-2024T18:56:29 - [TEST_STEP][PASSED] - setEncryptedText(findTestObject("Object Repository/Employee-Onboarding/Page_OrangeHRM/input_Password_oxd-input oxd-input--active"), EmployeePassword): Text ****** has been set on object 'Object Repository/Employee-Onboarding/Page_OrangeHRM/input_Password_oxd-input oxd-input--active'

26-12-2024T18:56:30 - [MESSAGE][PASSED] - Text ****** has been set on object 'Object Repository/Employee-Onboarding/Page_OrangeHRM/input_Password_oxd-input oxd-input--active'

26-12-2024T18:56:30 - [TEST_STEP][PASSED] - comment("Step 14: Enter an encrypted password into the confirm password field"): Step 14: Enter an encrypted password into the confirm password field

26-12-2024T18:56:30 - [MESSAGE][INFO] - Step 14: Enter an encrypted password into the confirm password field

26-12-2024T18:56:30 - [TEST_STEP][PASSED] - setEncryptedText(findTestObject("Object Repository/Employee-Onboarding/Page_OrangeHRM/input_Confirm Password_oxd-input oxd-input-_a3aecb"), EmployeePassword): Text ****** has been set on object 'Object Repository/Employee-Onboarding/Page_OrangeHRM/input_Confirm Password_oxd-input oxd-input-_a3aecb'

26-12-2024T18:56:30 - [MESSAGE][PASSED] - Text ****** has been set on object 'Object Repository/Employee-Onboarding/Page_OrangeHRM/input_Confirm Password_oxd-input oxd-input-_a3aecb'

26-12-2024T18:56:30 - [TEST_STEP][PASSED] - comment("Step 15: Click the "Save" button to finalize adding the new employee"): Step 15: Click the "Save" button to finalize adding the new employee

26-12-2024T18:56:30 - [MESSAGE][INFO] - Step 15: Click the "Save" button to finalize adding the new employee

26-12-2024T18:56:30 - [TEST_STEP][PASSED] - click(findTestObject("Object Repository/Employee-Onboarding/Page_OrangeHRM/button_Save")): Object: 'Object Repository/Employee-Onboarding/Page_OrangeHRM/button_Save' is clicked on

26-12-2024T18:56:30 - [MESSAGE][PASSED] - Object: 'Object Repository/Employee-Onboarding/Page_OrangeHRM/button_Save' is clicked on

26-12-2024T18:56:30 - [TEST_STEP][PASSED] - delay(2): Delayed 2 second(s)

26-12-2024T18:56:32 - [MESSAGE][PASSED] - Delayed 2 second(s)]]></system-out>
         <system-err><![CDATA[]]></system-err>
      </testcase>
      <testcase name="Test Cases/Employee_Onboarding/TC_Employee_Onboarding" time="11.039" classname="Test Cases/Employee_Onboarding/TC_Employee_Onboarding" status="PASSED">
         <system-out><![CDATA[26-12-2024T18:56:32 - [TEST_CASE][PASSED] - Test Cases/Employee_Onboarding/TC_Employee_Onboarding: Test Cases/Employee_Onboarding/TC_Employee_Onboarding

26-12-2024T18:56:32 - [TEST_STEP][PASSED] - comment("Step 1: Click on the PIM module link"): Step 1: Click on the PIM module link

26-12-2024T18:56:32 - [MESSAGE][INFO] - Step 1: Click on the PIM module link

26-12-2024T18:56:32 - [TEST_STEP][PASSED] - click(findTestObject("Object Repository/Employee-Onboarding/Page_OrangeHRM/a_PIM")): Object: 'Object Repository/Employee-Onboarding/Page_OrangeHRM/a_PIM' is clicked on

26-12-2024T18:56:34 - [MESSAGE][PASSED] - Object: 'Object Repository/Employee-Onboarding/Page_OrangeHRM/a_PIM' is clicked on

26-12-2024T18:56:34 - [TEST_STEP][PASSED] - comment("Step 2: Click the "Add" button to add a new employee"): Step 2: Click the "Add" button to add a new employee

26-12-2024T18:56:34 - [MESSAGE][INFO] - Step 2: Click the "Add" button to add a new employee

26-12-2024T18:56:34 - [TEST_STEP][PASSED] - click(findTestObject("Object Repository/Employee-Onboarding/Page_OrangeHRM/button_Add")): Object: 'Object Repository/Employee-Onboarding/Page_OrangeHRM/button_Add' is clicked on

26-12-2024T18:56:36 - [MESSAGE][PASSED] - Object: 'Object Repository/Employee-Onboarding/Page_OrangeHRM/button_Add' is clicked on

26-12-2024T18:56:36 - [TEST_STEP][PASSED] - comment("Step 3: Focus on the "First Name" input field"): Step 3: Focus on the "First Name" input field

26-12-2024T18:56:36 - [MESSAGE][INFO] - Step 3: Focus on the "First Name" input field

26-12-2024T18:56:36 - [TEST_STEP][PASSED] - click(findTestObject("Object Repository/Employee-Onboarding/Page_OrangeHRM/input_Employee Full Name_firstName")): Object: 'Object Repository/Employee-Onboarding/Page_OrangeHRM/input_Employee Full Name_firstName' is clicked on

26-12-2024T18:56:37 - [MESSAGE][PASSED] - Object: 'Object Repository/Employee-Onboarding/Page_OrangeHRM/input_Employee Full Name_firstName' is clicked on

26-12-2024T18:56:37 - [TEST_STEP][PASSED] - comment("Step 4: Enter the employee's first name"): Step 4: Enter the employee's first name

26-12-2024T18:56:37 - [MESSAGE][INFO] - Step 4: Enter the employee's first name

26-12-2024T18:56:37 - [TEST_STEP][PASSED] - setText(findTestObject("Object Repository/Employee-Onboarding/Page_OrangeHRM/input_Employee Full Name_firstName"), Firstname): Text 'David' is set on object 'Object Repository/Employee-Onboarding/Page_OrangeHRM/input_Employee Full Name_firstName'

26-12-2024T18:56:38 - [MESSAGE][PASSED] - Text 'David' is set on object 'Object Repository/Employee-Onboarding/Page_OrangeHRM/input_Employee Full Name_firstName'

26-12-2024T18:56:38 - [TEST_STEP][PASSED] - comment("Step 5: Enter the employee's last name"): Step 5: Enter the employee's last name

26-12-2024T18:56:38 - [MESSAGE][INFO] - Step 5: Enter the employee's last name

26-12-2024T18:56:38 - [TEST_STEP][PASSED] - setText(findTestObject("Object Repository/Employee-Onboarding/Page_OrangeHRM/input_Employee Full Name_lastName"), Lastname): Text 'Carroll' is set on object 'Object Repository/Employee-Onboarding/Page_OrangeHRM/input_Employee Full Name_lastName'

26-12-2024T18:56:38 - [MESSAGE][PASSED] - Text 'Carroll' is set on object 'Object Repository/Employee-Onboarding/Page_OrangeHRM/input_Employee Full Name_lastName'

26-12-2024T18:56:38 - [TEST_STEP][PASSED] - comment("Step 6: Clear the default value in the "Employee ID" field"): Step 6: Clear the default value in the "Employee ID" field

26-12-2024T18:56:38 - [MESSAGE][INFO] - Step 6: Clear the default value in the "Employee ID" field

26-12-2024T18:56:38 - [TEST_STEP][PASSED] - clearText(findTestObject("Object Repository/Employee-Onboarding/Page_OrangeHRM/input_Employee Id_oxd-input oxd-input--focus")): Text of object 'Object Repository/Employee-Onboarding/Page_OrangeHRM/input_Employee Id_oxd-input oxd-input--focus' is cleared

26-12-2024T18:56:39 - [MESSAGE][PASSED] - Text of object 'Object Repository/Employee-Onboarding/Page_OrangeHRM/input_Employee Id_oxd-input oxd-input--focus' is cleared

26-12-2024T18:56:39 - [TEST_STEP][PASSED] - comment("Step 7: Set the employee ID field with a new value"): Step 7: Set the employee ID field with a new value

26-12-2024T18:56:39 - [MESSAGE][INFO] - Step 7: Set the employee ID field with a new value

26-12-2024T18:56:39 - [TEST_STEP][PASSED] - setText(findTestObject("Object Repository/Employee-Onboarding/Page_OrangeHRM/input_Employee Id_oxd-input oxd-input--focus"), ""): Text '' is set on object 'Object Repository/Employee-Onboarding/Page_OrangeHRM/input_Employee Id_oxd-input oxd-input--focus'

26-12-2024T18:56:39 - [MESSAGE][PASSED] - Text '' is set on object 'Object Repository/Employee-Onboarding/Page_OrangeHRM/input_Employee Id_oxd-input oxd-input--focus'

26-12-2024T18:56:39 - [TEST_STEP][PASSED] - comment("Step 8: Toggle the switch related to the Employee ID"): Step 8: Toggle the switch related to the Employee ID

26-12-2024T18:56:39 - [MESSAGE][INFO] - Step 8: Toggle the switch related to the Employee ID

26-12-2024T18:56:39 - [TEST_STEP][PASSED] - click(findTestObject("Object Repository/Employee-Onboarding/Page_OrangeHRM/span_Employee Id_oxd-switch-input oxd-switc_efe210")): Object: 'Object Repository/Employee-Onboarding/Page_OrangeHRM/span_Employee Id_oxd-switch-input oxd-switc_efe210' is clicked on

26-12-2024T18:56:39 - [MESSAGE][PASSED] - Object: 'Object Repository/Employee-Onboarding/Page_OrangeHRM/span_Employee Id_oxd-switch-input oxd-switc_efe210' is clicked on

26-12-2024T18:56:39 - [TEST_STEP][PASSED] - comment("Step 9: Retrieve the entered first name and convert it to lowercase"): Step 9: Retrieve the entered first name and convert it to lowercase

26-12-2024T18:56:39 - [MESSAGE][INFO] - Step 9: Retrieve the entered first name and convert it to lowercase

26-12-2024T18:56:39 - [TEST_STEP][PASSED] - firstname = getAttribute(findTestObject("Object Repository/Employee-Onboarding/Page_OrangeHRM/input_Employee Full Name_firstName"), "value").toLowerCase(): Attribute 'value' of object 'Object Repository/Employee-Onboarding/Page_OrangeHRM/input_Employee Full Name_firstName' is: 'David'

26-12-2024T18:56:40 - [MESSAGE][PASSED] - Attribute 'value' of object 'Object Repository/Employee-Onboarding/Page_OrangeHRM/input_Employee Full Name_firstName' is: 'David'

26-12-2024T18:56:40 - [TEST_STEP][PASSED] - comment("Step 10: Retrieve the entered last name and convert it to lowercase"): Step 10: Retrieve the entered last name and convert it to lowercase

26-12-2024T18:56:40 - [MESSAGE][INFO] - Step 10: Retrieve the entered last name and convert it to lowercase

26-12-2024T18:56:40 - [TEST_STEP][PASSED] - lastname = getAttribute(findTestObject("Object Repository/Employee-Onboarding/Page_OrangeHRM/input_Employee Full Name_lastName"), "value").toLowerCase(): Attribute 'value' of object 'Object Repository/Employee-Onboarding/Page_OrangeHRM/input_Employee Full Name_lastName' is: 'Carroll'

26-12-2024T18:56:40 - [MESSAGE][PASSED] - Attribute 'value' of object 'Object Repository/Employee-Onboarding/Page_OrangeHRM/input_Employee Full Name_lastName' is: 'Carroll'

26-12-2024T18:56:40 - [TEST_STEP][PASSED] - comment("Step 11: Concatenate the first and last names to generate a username"): Step 11: Concatenate the first and last names to generate a username

26-12-2024T18:56:40 - [MESSAGE][INFO] - Step 11: Concatenate the first and last names to generate a username

26-12-2024T18:56:40 - [TEST_STEP][PASSED] - username = firstname + "." + lastname: null

26-12-2024T18:56:40 - [TEST_STEP][PASSED] - comment("Step 12: Set the username field with the generated username"): Step 12: Set the username field with the generated username

26-12-2024T18:56:40 - [MESSAGE][INFO] - Step 12: Set the username field with the generated username

26-12-2024T18:56:40 - [TEST_STEP][PASSED] - setText(findTestObject("Object Repository/Employee-Onboarding/Page_OrangeHRM/input_Username_oxd-input oxd-input--focus"), username): Text 'david.carroll' is set on object 'Object Repository/Employee-Onboarding/Page_OrangeHRM/input_Username_oxd-input oxd-input--focus'

26-12-2024T18:56:40 - [MESSAGE][PASSED] - Text 'david.carroll' is set on object 'Object Repository/Employee-Onboarding/Page_OrangeHRM/input_Username_oxd-input oxd-input--focus'

26-12-2024T18:56:40 - [TEST_STEP][PASSED] - comment("Step 13: Enter an encrypted password into the password field"): Step 13: Enter an encrypted password into the password field

26-12-2024T18:56:40 - [MESSAGE][INFO] - Step 13: Enter an encrypted password into the password field

26-12-2024T18:56:40 - [TEST_STEP][PASSED] - setEncryptedText(findTestObject("Object Repository/Employee-Onboarding/Page_OrangeHRM/input_Password_oxd-input oxd-input--active"), EmployeePassword): Text ****** has been set on object 'Object Repository/Employee-Onboarding/Page_OrangeHRM/input_Password_oxd-input oxd-input--active'

26-12-2024T18:56:41 - [MESSAGE][PASSED] - Text ****** has been set on object 'Object Repository/Employee-Onboarding/Page_OrangeHRM/input_Password_oxd-input oxd-input--active'

26-12-2024T18:56:41 - [TEST_STEP][PASSED] - comment("Step 14: Enter an encrypted password into the confirm password field"): Step 14: Enter an encrypted password into the confirm password field

26-12-2024T18:56:41 - [MESSAGE][INFO] - Step 14: Enter an encrypted password into the confirm password field

26-12-2024T18:56:41 - [TEST_STEP][PASSED] - setEncryptedText(findTestObject("Object Repository/Employee-Onboarding/Page_OrangeHRM/input_Confirm Password_oxd-input oxd-input-_a3aecb"), EmployeePassword): Text ****** has been set on object 'Object Repository/Employee-Onboarding/Page_OrangeHRM/input_Confirm Password_oxd-input oxd-input-_a3aecb'

26-12-2024T18:56:41 - [MESSAGE][PASSED] - Text ****** has been set on object 'Object Repository/Employee-Onboarding/Page_OrangeHRM/input_Confirm Password_oxd-input oxd-input-_a3aecb'

26-12-2024T18:56:41 - [TEST_STEP][PASSED] - comment("Step 15: Click the "Save" button to finalize adding the new employee"): Step 15: Click the "Save" button to finalize adding the new employee

26-12-2024T18:56:41 - [MESSAGE][INFO] - Step 15: Click the "Save" button to finalize adding the new employee

26-12-2024T18:56:41 - [TEST_STEP][PASSED] - click(findTestObject("Object Repository/Employee-Onboarding/Page_OrangeHRM/button_Save")): Object: 'Object Repository/Employee-Onboarding/Page_OrangeHRM/button_Save' is clicked on

26-12-2024T18:56:41 - [MESSAGE][PASSED] - Object: 'Object Repository/Employee-Onboarding/Page_OrangeHRM/button_Save' is clicked on

26-12-2024T18:56:41 - [TEST_STEP][PASSED] - delay(2): Delayed 2 second(s)

26-12-2024T18:56:43 - [MESSAGE][PASSED] - Delayed 2 second(s)]]></system-out>
         <system-err><![CDATA[]]></system-err>
      </testcase>
      <testcase name="Test Cases/Employee_Onboarding/TC_Employee_Onboarding" time="11.596" classname="Test Cases/Employee_Onboarding/TC_Employee_Onboarding" status="PASSED">
         <system-out><![CDATA[26-12-2024T18:56:43 - [TEST_CASE][PASSED] - Test Cases/Employee_Onboarding/TC_Employee_Onboarding: Test Cases/Employee_Onboarding/TC_Employee_Onboarding

26-12-2024T18:56:43 - [TEST_STEP][PASSED] - comment("Step 1: Click on the PIM module link"): Step 1: Click on the PIM module link

26-12-2024T18:56:43 - [MESSAGE][INFO] - Step 1: Click on the PIM module link

26-12-2024T18:56:43 - [TEST_STEP][PASSED] - click(findTestObject("Object Repository/Employee-Onboarding/Page_OrangeHRM/a_PIM")): Object: 'Object Repository/Employee-Onboarding/Page_OrangeHRM/a_PIM' is clicked on

26-12-2024T18:56:45 - [MESSAGE][PASSED] - Object: 'Object Repository/Employee-Onboarding/Page_OrangeHRM/a_PIM' is clicked on

26-12-2024T18:56:45 - [TEST_STEP][PASSED] - comment("Step 2: Click the "Add" button to add a new employee"): Step 2: Click the "Add" button to add a new employee

26-12-2024T18:56:45 - [MESSAGE][INFO] - Step 2: Click the "Add" button to add a new employee

26-12-2024T18:56:45 - [TEST_STEP][PASSED] - click(findTestObject("Object Repository/Employee-Onboarding/Page_OrangeHRM/button_Add")): Object: 'Object Repository/Employee-Onboarding/Page_OrangeHRM/button_Add' is clicked on

26-12-2024T18:56:47 - [MESSAGE][PASSED] - Object: 'Object Repository/Employee-Onboarding/Page_OrangeHRM/button_Add' is clicked on

26-12-2024T18:56:47 - [TEST_STEP][PASSED] - comment("Step 3: Focus on the "First Name" input field"): Step 3: Focus on the "First Name" input field

26-12-2024T18:56:47 - [MESSAGE][INFO] - Step 3: Focus on the "First Name" input field

26-12-2024T18:56:47 - [TEST_STEP][PASSED] - click(findTestObject("Object Repository/Employee-Onboarding/Page_OrangeHRM/input_Employee Full Name_firstName")): Object: 'Object Repository/Employee-Onboarding/Page_OrangeHRM/input_Employee Full Name_firstName' is clicked on

26-12-2024T18:56:49 - [MESSAGE][PASSED] - Object: 'Object Repository/Employee-Onboarding/Page_OrangeHRM/input_Employee Full Name_firstName' is clicked on

26-12-2024T18:56:49 - [TEST_STEP][PASSED] - comment("Step 4: Enter the employee's first name"): Step 4: Enter the employee's first name

26-12-2024T18:56:49 - [MESSAGE][INFO] - Step 4: Enter the employee's first name

26-12-2024T18:56:49 - [TEST_STEP][PASSED] - setText(findTestObject("Object Repository/Employee-Onboarding/Page_OrangeHRM/input_Employee Full Name_firstName"), Firstname): Text 'Kari' is set on object 'Object Repository/Employee-Onboarding/Page_OrangeHRM/input_Employee Full Name_firstName'

26-12-2024T18:56:49 - [MESSAGE][PASSED] - Text 'Kari' is set on object 'Object Repository/Employee-Onboarding/Page_OrangeHRM/input_Employee Full Name_firstName'

26-12-2024T18:56:49 - [TEST_STEP][PASSED] - comment("Step 5: Enter the employee's last name"): Step 5: Enter the employee's last name

26-12-2024T18:56:49 - [MESSAGE][INFO] - Step 5: Enter the employee's last name

26-12-2024T18:56:49 - [TEST_STEP][PASSED] - setText(findTestObject("Object Repository/Employee-Onboarding/Page_OrangeHRM/input_Employee Full Name_lastName"), Lastname): Text 'Scott' is set on object 'Object Repository/Employee-Onboarding/Page_OrangeHRM/input_Employee Full Name_lastName'

26-12-2024T18:56:50 - [MESSAGE][PASSED] - Text 'Scott' is set on object 'Object Repository/Employee-Onboarding/Page_OrangeHRM/input_Employee Full Name_lastName'

26-12-2024T18:56:50 - [TEST_STEP][PASSED] - comment("Step 6: Clear the default value in the "Employee ID" field"): Step 6: Clear the default value in the "Employee ID" field

26-12-2024T18:56:50 - [MESSAGE][INFO] - Step 6: Clear the default value in the "Employee ID" field

26-12-2024T18:56:50 - [TEST_STEP][PASSED] - clearText(findTestObject("Object Repository/Employee-Onboarding/Page_OrangeHRM/input_Employee Id_oxd-input oxd-input--focus")): Text of object 'Object Repository/Employee-Onboarding/Page_OrangeHRM/input_Employee Id_oxd-input oxd-input--focus' is cleared

26-12-2024T18:56:50 - [MESSAGE][PASSED] - Text of object 'Object Repository/Employee-Onboarding/Page_OrangeHRM/input_Employee Id_oxd-input oxd-input--focus' is cleared

26-12-2024T18:56:50 - [TEST_STEP][PASSED] - comment("Step 7: Set the employee ID field with a new value"): Step 7: Set the employee ID field with a new value

26-12-2024T18:56:50 - [MESSAGE][INFO] - Step 7: Set the employee ID field with a new value

26-12-2024T18:56:50 - [TEST_STEP][PASSED] - setText(findTestObject("Object Repository/Employee-Onboarding/Page_OrangeHRM/input_Employee Id_oxd-input oxd-input--focus"), ""): Text '' is set on object 'Object Repository/Employee-Onboarding/Page_OrangeHRM/input_Employee Id_oxd-input oxd-input--focus'

26-12-2024T18:56:51 - [MESSAGE][PASSED] - Text '' is set on object 'Object Repository/Employee-Onboarding/Page_OrangeHRM/input_Employee Id_oxd-input oxd-input--focus'

26-12-2024T18:56:51 - [TEST_STEP][PASSED] - comment("Step 8: Toggle the switch related to the Employee ID"): Step 8: Toggle the switch related to the Employee ID

26-12-2024T18:56:51 - [MESSAGE][INFO] - Step 8: Toggle the switch related to the Employee ID

26-12-2024T18:56:51 - [TEST_STEP][PASSED] - click(findTestObject("Object Repository/Employee-Onboarding/Page_OrangeHRM/span_Employee Id_oxd-switch-input oxd-switc_efe210")): Object: 'Object Repository/Employee-Onboarding/Page_OrangeHRM/span_Employee Id_oxd-switch-input oxd-switc_efe210' is clicked on

26-12-2024T18:56:51 - [MESSAGE][PASSED] - Object: 'Object Repository/Employee-Onboarding/Page_OrangeHRM/span_Employee Id_oxd-switch-input oxd-switc_efe210' is clicked on

26-12-2024T18:56:51 - [TEST_STEP][PASSED] - comment("Step 9: Retrieve the entered first name and convert it to lowercase"): Step 9: Retrieve the entered first name and convert it to lowercase

26-12-2024T18:56:51 - [MESSAGE][INFO] - Step 9: Retrieve the entered first name and convert it to lowercase

26-12-2024T18:56:51 - [TEST_STEP][PASSED] - firstname = getAttribute(findTestObject("Object Repository/Employee-Onboarding/Page_OrangeHRM/input_Employee Full Name_firstName"), "value").toLowerCase(): Attribute 'value' of object 'Object Repository/Employee-Onboarding/Page_OrangeHRM/input_Employee Full Name_firstName' is: 'Kari'

26-12-2024T18:56:51 - [MESSAGE][PASSED] - Attribute 'value' of object 'Object Repository/Employee-Onboarding/Page_OrangeHRM/input_Employee Full Name_firstName' is: 'Kari'

26-12-2024T18:56:51 - [TEST_STEP][PASSED] - comment("Step 10: Retrieve the entered last name and convert it to lowercase"): Step 10: Retrieve the entered last name and convert it to lowercase

26-12-2024T18:56:51 - [MESSAGE][INFO] - Step 10: Retrieve the entered last name and convert it to lowercase

26-12-2024T18:56:51 - [TEST_STEP][PASSED] - lastname = getAttribute(findTestObject("Object Repository/Employee-Onboarding/Page_OrangeHRM/input_Employee Full Name_lastName"), "value").toLowerCase(): Attribute 'value' of object 'Object Repository/Employee-Onboarding/Page_OrangeHRM/input_Employee Full Name_lastName' is: 'Scott'

26-12-2024T18:56:52 - [MESSAGE][PASSED] - Attribute 'value' of object 'Object Repository/Employee-Onboarding/Page_OrangeHRM/input_Employee Full Name_lastName' is: 'Scott'

26-12-2024T18:56:52 - [TEST_STEP][PASSED] - comment("Step 11: Concatenate the first and last names to generate a username"): Step 11: Concatenate the first and last names to generate a username

26-12-2024T18:56:52 - [MESSAGE][INFO] - Step 11: Concatenate the first and last names to generate a username

26-12-2024T18:56:52 - [TEST_STEP][PASSED] - username = firstname + "." + lastname: null

26-12-2024T18:56:52 - [TEST_STEP][PASSED] - comment("Step 12: Set the username field with the generated username"): Step 12: Set the username field with the generated username

26-12-2024T18:56:52 - [MESSAGE][INFO] - Step 12: Set the username field with the generated username

26-12-2024T18:56:52 - [TEST_STEP][PASSED] - setText(findTestObject("Object Repository/Employee-Onboarding/Page_OrangeHRM/input_Username_oxd-input oxd-input--focus"), username): Text 'kari.scott' is set on object 'Object Repository/Employee-Onboarding/Page_OrangeHRM/input_Username_oxd-input oxd-input--focus'

26-12-2024T18:56:52 - [MESSAGE][PASSED] - Text 'kari.scott' is set on object 'Object Repository/Employee-Onboarding/Page_OrangeHRM/input_Username_oxd-input oxd-input--focus'

26-12-2024T18:56:52 - [TEST_STEP][PASSED] - comment("Step 13: Enter an encrypted password into the password field"): Step 13: Enter an encrypted password into the password field

26-12-2024T18:56:52 - [MESSAGE][INFO] - Step 13: Enter an encrypted password into the password field

26-12-2024T18:56:52 - [TEST_STEP][PASSED] - setEncryptedText(findTestObject("Object Repository/Employee-Onboarding/Page_OrangeHRM/input_Password_oxd-input oxd-input--active"), EmployeePassword): Text ****** has been set on object 'Object Repository/Employee-Onboarding/Page_OrangeHRM/input_Password_oxd-input oxd-input--active'

26-12-2024T18:56:52 - [MESSAGE][PASSED] - Text ****** has been set on object 'Object Repository/Employee-Onboarding/Page_OrangeHRM/input_Password_oxd-input oxd-input--active'

26-12-2024T18:56:52 - [TEST_STEP][PASSED] - comment("Step 14: Enter an encrypted password into the confirm password field"): Step 14: Enter an encrypted password into the confirm password field

26-12-2024T18:56:52 - [MESSAGE][INFO] - Step 14: Enter an encrypted password into the confirm password field

26-12-2024T18:56:52 - [TEST_STEP][PASSED] - setEncryptedText(findTestObject("Object Repository/Employee-Onboarding/Page_OrangeHRM/input_Confirm Password_oxd-input oxd-input-_a3aecb"), EmployeePassword): Text ****** has been set on object 'Object Repository/Employee-Onboarding/Page_OrangeHRM/input_Confirm Password_oxd-input oxd-input-_a3aecb'

26-12-2024T18:56:53 - [MESSAGE][PASSED] - Text ****** has been set on object 'Object Repository/Employee-Onboarding/Page_OrangeHRM/input_Confirm Password_oxd-input oxd-input-_a3aecb'

26-12-2024T18:56:53 - [TEST_STEP][PASSED] - comment("Step 15: Click the "Save" button to finalize adding the new employee"): Step 15: Click the "Save" button to finalize adding the new employee

26-12-2024T18:56:53 - [MESSAGE][INFO] - Step 15: Click the "Save" button to finalize adding the new employee

26-12-2024T18:56:53 - [TEST_STEP][PASSED] - click(findTestObject("Object Repository/Employee-Onboarding/Page_OrangeHRM/button_Save")): Object: 'Object Repository/Employee-Onboarding/Page_OrangeHRM/button_Save' is clicked on

26-12-2024T18:56:53 - [MESSAGE][PASSED] - Object: 'Object Repository/Employee-Onboarding/Page_OrangeHRM/button_Save' is clicked on

26-12-2024T18:56:53 - [TEST_STEP][PASSED] - delay(2): Delayed 2 second(s)

26-12-2024T18:56:55 - [MESSAGE][PASSED] - Delayed 2 second(s)]]></system-out>
         <system-err><![CDATA[]]></system-err>
      </testcase>
      <testcase name="Test Cases/Employee_Onboarding/TC_Employee_Onboarding" time="11.248" classname="Test Cases/Employee_Onboarding/TC_Employee_Onboarding" status="PASSED">
         <system-out><![CDATA[26-12-2024T18:56:55 - [TEST_CASE][PASSED] - Test Cases/Employee_Onboarding/TC_Employee_Onboarding: Test Cases/Employee_Onboarding/TC_Employee_Onboarding

26-12-2024T18:56:55 - [TEST_STEP][PASSED] - comment("Step 1: Click on the PIM module link"): Step 1: Click on the PIM module link

26-12-2024T18:56:55 - [MESSAGE][INFO] - Step 1: Click on the PIM module link

26-12-2024T18:56:55 - [TEST_STEP][PASSED] - click(findTestObject("Object Repository/Employee-Onboarding/Page_OrangeHRM/a_PIM")): Object: 'Object Repository/Employee-Onboarding/Page_OrangeHRM/a_PIM' is clicked on

26-12-2024T18:56:56 - [MESSAGE][PASSED] - Object: 'Object Repository/Employee-Onboarding/Page_OrangeHRM/a_PIM' is clicked on

26-12-2024T18:56:56 - [TEST_STEP][PASSED] - comment("Step 2: Click the "Add" button to add a new employee"): Step 2: Click the "Add" button to add a new employee

26-12-2024T18:56:56 - [MESSAGE][INFO] - Step 2: Click the "Add" button to add a new employee

26-12-2024T18:56:56 - [TEST_STEP][PASSED] - click(findTestObject("Object Repository/Employee-Onboarding/Page_OrangeHRM/button_Add")): Object: 'Object Repository/Employee-Onboarding/Page_OrangeHRM/button_Add' is clicked on

26-12-2024T18:56:59 - [MESSAGE][PASSED] - Object: 'Object Repository/Employee-Onboarding/Page_OrangeHRM/button_Add' is clicked on

26-12-2024T18:56:59 - [TEST_STEP][PASSED] - comment("Step 3: Focus on the "First Name" input field"): Step 3: Focus on the "First Name" input field

26-12-2024T18:56:59 - [MESSAGE][INFO] - Step 3: Focus on the "First Name" input field

26-12-2024T18:56:59 - [TEST_STEP][PASSED] - click(findTestObject("Object Repository/Employee-Onboarding/Page_OrangeHRM/input_Employee Full Name_firstName")): Object: 'Object Repository/Employee-Onboarding/Page_OrangeHRM/input_Employee Full Name_firstName' is clicked on

26-12-2024T18:57:00 - [MESSAGE][PASSED] - Object: 'Object Repository/Employee-Onboarding/Page_OrangeHRM/input_Employee Full Name_firstName' is clicked on

26-12-2024T18:57:00 - [TEST_STEP][PASSED] - comment("Step 4: Enter the employee's first name"): Step 4: Enter the employee's first name

26-12-2024T18:57:00 - [MESSAGE][INFO] - Step 4: Enter the employee's first name

26-12-2024T18:57:00 - [TEST_STEP][PASSED] - setText(findTestObject("Object Repository/Employee-Onboarding/Page_OrangeHRM/input_Employee Full Name_firstName"), Firstname): Text 'Zachary' is set on object 'Object Repository/Employee-Onboarding/Page_OrangeHRM/input_Employee Full Name_firstName'

26-12-2024T18:57:01 - [MESSAGE][PASSED] - Text 'Zachary' is set on object 'Object Repository/Employee-Onboarding/Page_OrangeHRM/input_Employee Full Name_firstName'

26-12-2024T18:57:01 - [TEST_STEP][PASSED] - comment("Step 5: Enter the employee's last name"): Step 5: Enter the employee's last name

26-12-2024T18:57:01 - [MESSAGE][INFO] - Step 5: Enter the employee's last name

26-12-2024T18:57:01 - [TEST_STEP][PASSED] - setText(findTestObject("Object Repository/Employee-Onboarding/Page_OrangeHRM/input_Employee Full Name_lastName"), Lastname): Text 'Dean' is set on object 'Object Repository/Employee-Onboarding/Page_OrangeHRM/input_Employee Full Name_lastName'

26-12-2024T18:57:01 - [MESSAGE][PASSED] - Text 'Dean' is set on object 'Object Repository/Employee-Onboarding/Page_OrangeHRM/input_Employee Full Name_lastName'

26-12-2024T18:57:01 - [TEST_STEP][PASSED] - comment("Step 6: Clear the default value in the "Employee ID" field"): Step 6: Clear the default value in the "Employee ID" field

26-12-2024T18:57:01 - [MESSAGE][INFO] - Step 6: Clear the default value in the "Employee ID" field

26-12-2024T18:57:01 - [TEST_STEP][PASSED] - clearText(findTestObject("Object Repository/Employee-Onboarding/Page_OrangeHRM/input_Employee Id_oxd-input oxd-input--focus")): Text of object 'Object Repository/Employee-Onboarding/Page_OrangeHRM/input_Employee Id_oxd-input oxd-input--focus' is cleared

26-12-2024T18:57:01 - [MESSAGE][PASSED] - Text of object 'Object Repository/Employee-Onboarding/Page_OrangeHRM/input_Employee Id_oxd-input oxd-input--focus' is cleared

26-12-2024T18:57:01 - [TEST_STEP][PASSED] - comment("Step 7: Set the employee ID field with a new value"): Step 7: Set the employee ID field with a new value

26-12-2024T18:57:01 - [MESSAGE][INFO] - Step 7: Set the employee ID field with a new value

26-12-2024T18:57:01 - [TEST_STEP][PASSED] - setText(findTestObject("Object Repository/Employee-Onboarding/Page_OrangeHRM/input_Employee Id_oxd-input oxd-input--focus"), ""): Text '' is set on object 'Object Repository/Employee-Onboarding/Page_OrangeHRM/input_Employee Id_oxd-input oxd-input--focus'

26-12-2024T18:57:02 - [MESSAGE][PASSED] - Text '' is set on object 'Object Repository/Employee-Onboarding/Page_OrangeHRM/input_Employee Id_oxd-input oxd-input--focus'

26-12-2024T18:57:02 - [TEST_STEP][PASSED] - comment("Step 8: Toggle the switch related to the Employee ID"): Step 8: Toggle the switch related to the Employee ID

26-12-2024T18:57:02 - [MESSAGE][INFO] - Step 8: Toggle the switch related to the Employee ID

26-12-2024T18:57:02 - [TEST_STEP][PASSED] - click(findTestObject("Object Repository/Employee-Onboarding/Page_OrangeHRM/span_Employee Id_oxd-switch-input oxd-switc_efe210")): Object: 'Object Repository/Employee-Onboarding/Page_OrangeHRM/span_Employee Id_oxd-switch-input oxd-switc_efe210' is clicked on

26-12-2024T18:57:02 - [MESSAGE][PASSED] - Object: 'Object Repository/Employee-Onboarding/Page_OrangeHRM/span_Employee Id_oxd-switch-input oxd-switc_efe210' is clicked on

26-12-2024T18:57:02 - [TEST_STEP][PASSED] - comment("Step 9: Retrieve the entered first name and convert it to lowercase"): Step 9: Retrieve the entered first name and convert it to lowercase

26-12-2024T18:57:02 - [MESSAGE][INFO] - Step 9: Retrieve the entered first name and convert it to lowercase

26-12-2024T18:57:02 - [TEST_STEP][PASSED] - firstname = getAttribute(findTestObject("Object Repository/Employee-Onboarding/Page_OrangeHRM/input_Employee Full Name_firstName"), "value").toLowerCase(): Attribute 'value' of object 'Object Repository/Employee-Onboarding/Page_OrangeHRM/input_Employee Full Name_firstName' is: 'Zachary'

26-12-2024T18:57:03 - [MESSAGE][PASSED] - Attribute 'value' of object 'Object Repository/Employee-Onboarding/Page_OrangeHRM/input_Employee Full Name_firstName' is: 'Zachary'

26-12-2024T18:57:03 - [TEST_STEP][PASSED] - comment("Step 10: Retrieve the entered last name and convert it to lowercase"): Step 10: Retrieve the entered last name and convert it to lowercase

26-12-2024T18:57:03 - [MESSAGE][INFO] - Step 10: Retrieve the entered last name and convert it to lowercase

26-12-2024T18:57:03 - [TEST_STEP][PASSED] - lastname = getAttribute(findTestObject("Object Repository/Employee-Onboarding/Page_OrangeHRM/input_Employee Full Name_lastName"), "value").toLowerCase(): Attribute 'value' of object 'Object Repository/Employee-Onboarding/Page_OrangeHRM/input_Employee Full Name_lastName' is: 'Dean'

26-12-2024T18:57:03 - [MESSAGE][PASSED] - Attribute 'value' of object 'Object Repository/Employee-Onboarding/Page_OrangeHRM/input_Employee Full Name_lastName' is: 'Dean'

26-12-2024T18:57:03 - [TEST_STEP][PASSED] - comment("Step 11: Concatenate the first and last names to generate a username"): Step 11: Concatenate the first and last names to generate a username

26-12-2024T18:57:03 - [MESSAGE][INFO] - Step 11: Concatenate the first and last names to generate a username

26-12-2024T18:57:03 - [TEST_STEP][PASSED] - username = firstname + "." + lastname: null

26-12-2024T18:57:03 - [TEST_STEP][PASSED] - comment("Step 12: Set the username field with the generated username"): Step 12: Set the username field with the generated username

26-12-2024T18:57:03 - [MESSAGE][INFO] - Step 12: Set the username field with the generated username

26-12-2024T18:57:03 - [TEST_STEP][PASSED] - setText(findTestObject("Object Repository/Employee-Onboarding/Page_OrangeHRM/input_Username_oxd-input oxd-input--focus"), username): Text 'zachary.dean' is set on object 'Object Repository/Employee-Onboarding/Page_OrangeHRM/input_Username_oxd-input oxd-input--focus'

26-12-2024T18:57:03 - [MESSAGE][PASSED] - Text 'zachary.dean' is set on object 'Object Repository/Employee-Onboarding/Page_OrangeHRM/input_Username_oxd-input oxd-input--focus'

26-12-2024T18:57:03 - [TEST_STEP][PASSED] - comment("Step 13: Enter an encrypted password into the password field"): Step 13: Enter an encrypted password into the password field

26-12-2024T18:57:03 - [MESSAGE][INFO] - Step 13: Enter an encrypted password into the password field

26-12-2024T18:57:03 - [TEST_STEP][PASSED] - setEncryptedText(findTestObject("Object Repository/Employee-Onboarding/Page_OrangeHRM/input_Password_oxd-input oxd-input--active"), EmployeePassword): Text ****** has been set on object 'Object Repository/Employee-Onboarding/Page_OrangeHRM/input_Password_oxd-input oxd-input--active'

26-12-2024T18:57:04 - [MESSAGE][PASSED] - Text ****** has been set on object 'Object Repository/Employee-Onboarding/Page_OrangeHRM/input_Password_oxd-input oxd-input--active'

26-12-2024T18:57:04 - [TEST_STEP][PASSED] - comment("Step 14: Enter an encrypted password into the confirm password field"): Step 14: Enter an encrypted password into the confirm password field

26-12-2024T18:57:04 - [MESSAGE][INFO] - Step 14: Enter an encrypted password into the confirm password field

26-12-2024T18:57:04 - [TEST_STEP][PASSED] - setEncryptedText(findTestObject("Object Repository/Employee-Onboarding/Page_OrangeHRM/input_Confirm Password_oxd-input oxd-input-_a3aecb"), EmployeePassword): Text ****** has been set on object 'Object Repository/Employee-Onboarding/Page_OrangeHRM/input_Confirm Password_oxd-input oxd-input-_a3aecb'

26-12-2024T18:57:04 - [MESSAGE][PASSED] - Text ****** has been set on object 'Object Repository/Employee-Onboarding/Page_OrangeHRM/input_Confirm Password_oxd-input oxd-input-_a3aecb'

26-12-2024T18:57:04 - [TEST_STEP][PASSED] - comment("Step 15: Click the "Save" button to finalize adding the new employee"): Step 15: Click the "Save" button to finalize adding the new employee

26-12-2024T18:57:04 - [MESSAGE][INFO] - Step 15: Click the "Save" button to finalize adding the new employee

26-12-2024T18:57:04 - [TEST_STEP][PASSED] - click(findTestObject("Object Repository/Employee-Onboarding/Page_OrangeHRM/button_Save")): Object: 'Object Repository/Employee-Onboarding/Page_OrangeHRM/button_Save' is clicked on

26-12-2024T18:57:04 - [MESSAGE][PASSED] - Object: 'Object Repository/Employee-Onboarding/Page_OrangeHRM/button_Save' is clicked on

26-12-2024T18:57:04 - [TEST_STEP][PASSED] - delay(2): Delayed 2 second(s)

26-12-2024T18:57:06 - [MESSAGE][PASSED] - Delayed 2 second(s)]]></system-out>
         <system-err><![CDATA[]]></system-err>
      </testcase>
      <testcase name="Test Cases/Employee_Onboarding/TC_Employee_Onboarding" time="11.275" classname="Test Cases/Employee_Onboarding/TC_Employee_Onboarding" status="PASSED">
         <system-out><![CDATA[26-12-2024T18:57:06 - [TEST_CASE][PASSED] - Test Cases/Employee_Onboarding/TC_Employee_Onboarding: Test Cases/Employee_Onboarding/TC_Employee_Onboarding

26-12-2024T18:57:06 - [TEST_STEP][PASSED] - comment("Step 1: Click on the PIM module link"): Step 1: Click on the PIM module link

26-12-2024T18:57:06 - [MESSAGE][INFO] - Step 1: Click on the PIM module link

26-12-2024T18:57:06 - [TEST_STEP][PASSED] - click(findTestObject("Object Repository/Employee-Onboarding/Page_OrangeHRM/a_PIM")): Object: 'Object Repository/Employee-Onboarding/Page_OrangeHRM/a_PIM' is clicked on

26-12-2024T18:57:08 - [MESSAGE][PASSED] - Object: 'Object Repository/Employee-Onboarding/Page_OrangeHRM/a_PIM' is clicked on

26-12-2024T18:57:08 - [TEST_STEP][PASSED] - comment("Step 2: Click the "Add" button to add a new employee"): Step 2: Click the "Add" button to add a new employee

26-12-2024T18:57:08 - [MESSAGE][INFO] - Step 2: Click the "Add" button to add a new employee

26-12-2024T18:57:08 - [TEST_STEP][PASSED] - click(findTestObject("Object Repository/Employee-Onboarding/Page_OrangeHRM/button_Add")): Object: 'Object Repository/Employee-Onboarding/Page_OrangeHRM/button_Add' is clicked on

26-12-2024T18:57:10 - [MESSAGE][PASSED] - Object: 'Object Repository/Employee-Onboarding/Page_OrangeHRM/button_Add' is clicked on

26-12-2024T18:57:10 - [TEST_STEP][PASSED] - comment("Step 3: Focus on the "First Name" input field"): Step 3: Focus on the "First Name" input field

26-12-2024T18:57:10 - [MESSAGE][INFO] - Step 3: Focus on the "First Name" input field

26-12-2024T18:57:10 - [TEST_STEP][PASSED] - click(findTestObject("Object Repository/Employee-Onboarding/Page_OrangeHRM/input_Employee Full Name_firstName")): Object: 'Object Repository/Employee-Onboarding/Page_OrangeHRM/input_Employee Full Name_firstName' is clicked on

26-12-2024T18:57:11 - [MESSAGE][PASSED] - Object: 'Object Repository/Employee-Onboarding/Page_OrangeHRM/input_Employee Full Name_firstName' is clicked on

26-12-2024T18:57:11 - [TEST_STEP][PASSED] - comment("Step 4: Enter the employee's first name"): Step 4: Enter the employee's first name

26-12-2024T18:57:11 - [MESSAGE][INFO] - Step 4: Enter the employee's first name

26-12-2024T18:57:11 - [TEST_STEP][PASSED] - setText(findTestObject("Object Repository/Employee-Onboarding/Page_OrangeHRM/input_Employee Full Name_firstName"), Firstname): Text 'Gary' is set on object 'Object Repository/Employee-Onboarding/Page_OrangeHRM/input_Employee Full Name_firstName'

26-12-2024T18:57:12 - [MESSAGE][PASSED] - Text 'Gary' is set on object 'Object Repository/Employee-Onboarding/Page_OrangeHRM/input_Employee Full Name_firstName'

26-12-2024T18:57:12 - [TEST_STEP][PASSED] - comment("Step 5: Enter the employee's last name"): Step 5: Enter the employee's last name

26-12-2024T18:57:12 - [MESSAGE][INFO] - Step 5: Enter the employee's last name

26-12-2024T18:57:12 - [TEST_STEP][PASSED] - setText(findTestObject("Object Repository/Employee-Onboarding/Page_OrangeHRM/input_Employee Full Name_lastName"), Lastname): Text 'Smith' is set on object 'Object Repository/Employee-Onboarding/Page_OrangeHRM/input_Employee Full Name_lastName'

26-12-2024T18:57:12 - [MESSAGE][PASSED] - Text 'Smith' is set on object 'Object Repository/Employee-Onboarding/Page_OrangeHRM/input_Employee Full Name_lastName'

26-12-2024T18:57:12 - [TEST_STEP][PASSED] - comment("Step 6: Clear the default value in the "Employee ID" field"): Step 6: Clear the default value in the "Employee ID" field

26-12-2024T18:57:12 - [MESSAGE][INFO] - Step 6: Clear the default value in the "Employee ID" field

26-12-2024T18:57:12 - [TEST_STEP][PASSED] - clearText(findTestObject("Object Repository/Employee-Onboarding/Page_OrangeHRM/input_Employee Id_oxd-input oxd-input--focus")): Text of object 'Object Repository/Employee-Onboarding/Page_OrangeHRM/input_Employee Id_oxd-input oxd-input--focus' is cleared

26-12-2024T18:57:13 - [MESSAGE][PASSED] - Text of object 'Object Repository/Employee-Onboarding/Page_OrangeHRM/input_Employee Id_oxd-input oxd-input--focus' is cleared

26-12-2024T18:57:13 - [TEST_STEP][PASSED] - comment("Step 7: Set the employee ID field with a new value"): Step 7: Set the employee ID field with a new value

26-12-2024T18:57:13 - [MESSAGE][INFO] - Step 7: Set the employee ID field with a new value

26-12-2024T18:57:13 - [TEST_STEP][PASSED] - setText(findTestObject("Object Repository/Employee-Onboarding/Page_OrangeHRM/input_Employee Id_oxd-input oxd-input--focus"), ""): Text '' is set on object 'Object Repository/Employee-Onboarding/Page_OrangeHRM/input_Employee Id_oxd-input oxd-input--focus'

26-12-2024T18:57:13 - [MESSAGE][PASSED] - Text '' is set on object 'Object Repository/Employee-Onboarding/Page_OrangeHRM/input_Employee Id_oxd-input oxd-input--focus'

26-12-2024T18:57:13 - [TEST_STEP][PASSED] - comment("Step 8: Toggle the switch related to the Employee ID"): Step 8: Toggle the switch related to the Employee ID

26-12-2024T18:57:13 - [MESSAGE][INFO] - Step 8: Toggle the switch related to the Employee ID

26-12-2024T18:57:13 - [TEST_STEP][PASSED] - click(findTestObject("Object Repository/Employee-Onboarding/Page_OrangeHRM/span_Employee Id_oxd-switch-input oxd-switc_efe210")): Object: 'Object Repository/Employee-Onboarding/Page_OrangeHRM/span_Employee Id_oxd-switch-input oxd-switc_efe210' is clicked on

26-12-2024T18:57:13 - [MESSAGE][PASSED] - Object: 'Object Repository/Employee-Onboarding/Page_OrangeHRM/span_Employee Id_oxd-switch-input oxd-switc_efe210' is clicked on

26-12-2024T18:57:13 - [TEST_STEP][PASSED] - comment("Step 9: Retrieve the entered first name and convert it to lowercase"): Step 9: Retrieve the entered first name and convert it to lowercase

26-12-2024T18:57:13 - [MESSAGE][INFO] - Step 9: Retrieve the entered first name and convert it to lowercase

26-12-2024T18:57:13 - [TEST_STEP][PASSED] - firstname = getAttribute(findTestObject("Object Repository/Employee-Onboarding/Page_OrangeHRM/input_Employee Full Name_firstName"), "value").toLowerCase(): Attribute 'value' of object 'Object Repository/Employee-Onboarding/Page_OrangeHRM/input_Employee Full Name_firstName' is: 'Gary'

26-12-2024T18:57:14 - [MESSAGE][PASSED] - Attribute 'value' of object 'Object Repository/Employee-Onboarding/Page_OrangeHRM/input_Employee Full Name_firstName' is: 'Gary'

26-12-2024T18:57:14 - [TEST_STEP][PASSED] - comment("Step 10: Retrieve the entered last name and convert it to lowercase"): Step 10: Retrieve the entered last name and convert it to lowercase

26-12-2024T18:57:14 - [MESSAGE][INFO] - Step 10: Retrieve the entered last name and convert it to lowercase

26-12-2024T18:57:14 - [TEST_STEP][PASSED] - lastname = getAttribute(findTestObject("Object Repository/Employee-Onboarding/Page_OrangeHRM/input_Employee Full Name_lastName"), "value").toLowerCase(): Attribute 'value' of object 'Object Repository/Employee-Onboarding/Page_OrangeHRM/input_Employee Full Name_lastName' is: 'Smith'

26-12-2024T18:57:14 - [MESSAGE][PASSED] - Attribute 'value' of object 'Object Repository/Employee-Onboarding/Page_OrangeHRM/input_Employee Full Name_lastName' is: 'Smith'

26-12-2024T18:57:14 - [TEST_STEP][PASSED] - comment("Step 11: Concatenate the first and last names to generate a username"): Step 11: Concatenate the first and last names to generate a username

26-12-2024T18:57:14 - [MESSAGE][INFO] - Step 11: Concatenate the first and last names to generate a username

26-12-2024T18:57:14 - [TEST_STEP][PASSED] - username = firstname + "." + lastname: null

26-12-2024T18:57:14 - [TEST_STEP][PASSED] - comment("Step 12: Set the username field with the generated username"): Step 12: Set the username field with the generated username

26-12-2024T18:57:14 - [MESSAGE][INFO] - Step 12: Set the username field with the generated username

26-12-2024T18:57:14 - [TEST_STEP][PASSED] - setText(findTestObject("Object Repository/Employee-Onboarding/Page_OrangeHRM/input_Username_oxd-input oxd-input--focus"), username): Text 'gary.smith' is set on object 'Object Repository/Employee-Onboarding/Page_OrangeHRM/input_Username_oxd-input oxd-input--focus'

26-12-2024T18:57:15 - [MESSAGE][PASSED] - Text 'gary.smith' is set on object 'Object Repository/Employee-Onboarding/Page_OrangeHRM/input_Username_oxd-input oxd-input--focus'

26-12-2024T18:57:15 - [TEST_STEP][PASSED] - comment("Step 13: Enter an encrypted password into the password field"): Step 13: Enter an encrypted password into the password field

26-12-2024T18:57:15 - [MESSAGE][INFO] - Step 13: Enter an encrypted password into the password field

26-12-2024T18:57:15 - [TEST_STEP][PASSED] - setEncryptedText(findTestObject("Object Repository/Employee-Onboarding/Page_OrangeHRM/input_Password_oxd-input oxd-input--active"), EmployeePassword): Text ****** has been set on object 'Object Repository/Employee-Onboarding/Page_OrangeHRM/input_Password_oxd-input oxd-input--active'

26-12-2024T18:57:15 - [MESSAGE][PASSED] - Text ****** has been set on object 'Object Repository/Employee-Onboarding/Page_OrangeHRM/input_Password_oxd-input oxd-input--active'

26-12-2024T18:57:15 - [TEST_STEP][PASSED] - comment("Step 14: Enter an encrypted password into the confirm password field"): Step 14: Enter an encrypted password into the confirm password field

26-12-2024T18:57:15 - [MESSAGE][INFO] - Step 14: Enter an encrypted password into the confirm password field

26-12-2024T18:57:15 - [TEST_STEP][PASSED] - setEncryptedText(findTestObject("Object Repository/Employee-Onboarding/Page_OrangeHRM/input_Confirm Password_oxd-input oxd-input-_a3aecb"), EmployeePassword): Text ****** has been set on object 'Object Repository/Employee-Onboarding/Page_OrangeHRM/input_Confirm Password_oxd-input oxd-input-_a3aecb'

26-12-2024T18:57:15 - [MESSAGE][PASSED] - Text ****** has been set on object 'Object Repository/Employee-Onboarding/Page_OrangeHRM/input_Confirm Password_oxd-input oxd-input-_a3aecb'

26-12-2024T18:57:15 - [TEST_STEP][PASSED] - comment("Step 15: Click the "Save" button to finalize adding the new employee"): Step 15: Click the "Save" button to finalize adding the new employee

26-12-2024T18:57:15 - [MESSAGE][INFO] - Step 15: Click the "Save" button to finalize adding the new employee

26-12-2024T18:57:15 - [TEST_STEP][PASSED] - click(findTestObject("Object Repository/Employee-Onboarding/Page_OrangeHRM/button_Save")): Object: 'Object Repository/Employee-Onboarding/Page_OrangeHRM/button_Save' is clicked on

26-12-2024T18:57:15 - [MESSAGE][PASSED] - Object: 'Object Repository/Employee-Onboarding/Page_OrangeHRM/button_Save' is clicked on

26-12-2024T18:57:15 - [TEST_STEP][PASSED] - delay(2): Delayed 2 second(s)

26-12-2024T18:57:17 - [MESSAGE][PASSED] - Delayed 2 second(s)]]></system-out>
         <system-err><![CDATA[]]></system-err>
      </testcase>
      <testcase name="Test Cases/Employee_Onboarding/TC_Employee_Onboarding" time="11.39" classname="Test Cases/Employee_Onboarding/TC_Employee_Onboarding" status="PASSED">
         <system-out><![CDATA[26-12-2024T18:57:17 - [TEST_CASE][PASSED] - Test Cases/Employee_Onboarding/TC_Employee_Onboarding: Test Cases/Employee_Onboarding/TC_Employee_Onboarding

26-12-2024T18:57:17 - [TEST_STEP][PASSED] - comment("Step 1: Click on the PIM module link"): Step 1: Click on the PIM module link

26-12-2024T18:57:17 - [MESSAGE][INFO] - Step 1: Click on the PIM module link

26-12-2024T18:57:17 - [TEST_STEP][PASSED] - click(findTestObject("Object Repository/Employee-Onboarding/Page_OrangeHRM/a_PIM")): Object: 'Object Repository/Employee-Onboarding/Page_OrangeHRM/a_PIM' is clicked on

26-12-2024T18:57:19 - [MESSAGE][PASSED] - Object: 'Object Repository/Employee-Onboarding/Page_OrangeHRM/a_PIM' is clicked on

26-12-2024T18:57:19 - [TEST_STEP][PASSED] - comment("Step 2: Click the "Add" button to add a new employee"): Step 2: Click the "Add" button to add a new employee

26-12-2024T18:57:19 - [MESSAGE][INFO] - Step 2: Click the "Add" button to add a new employee

26-12-2024T18:57:19 - [TEST_STEP][PASSED] - click(findTestObject("Object Repository/Employee-Onboarding/Page_OrangeHRM/button_Add")): Object: 'Object Repository/Employee-Onboarding/Page_OrangeHRM/button_Add' is clicked on

26-12-2024T18:57:21 - [MESSAGE][PASSED] - Object: 'Object Repository/Employee-Onboarding/Page_OrangeHRM/button_Add' is clicked on

26-12-2024T18:57:21 - [TEST_STEP][PASSED] - comment("Step 3: Focus on the "First Name" input field"): Step 3: Focus on the "First Name" input field

26-12-2024T18:57:21 - [MESSAGE][INFO] - Step 3: Focus on the "First Name" input field

26-12-2024T18:57:21 - [TEST_STEP][PASSED] - click(findTestObject("Object Repository/Employee-Onboarding/Page_OrangeHRM/input_Employee Full Name_firstName")): Object: 'Object Repository/Employee-Onboarding/Page_OrangeHRM/input_Employee Full Name_firstName' is clicked on

26-12-2024T18:57:23 - [MESSAGE][PASSED] - Object: 'Object Repository/Employee-Onboarding/Page_OrangeHRM/input_Employee Full Name_firstName' is clicked on

26-12-2024T18:57:23 - [TEST_STEP][PASSED] - comment("Step 4: Enter the employee's first name"): Step 4: Enter the employee's first name

26-12-2024T18:57:23 - [MESSAGE][INFO] - Step 4: Enter the employee's first name

26-12-2024T18:57:23 - [TEST_STEP][PASSED] - setText(findTestObject("Object Repository/Employee-Onboarding/Page_OrangeHRM/input_Employee Full Name_firstName"), Firstname): Text 'Frank' is set on object 'Object Repository/Employee-Onboarding/Page_OrangeHRM/input_Employee Full Name_firstName'

26-12-2024T18:57:23 - [MESSAGE][PASSED] - Text 'Frank' is set on object 'Object Repository/Employee-Onboarding/Page_OrangeHRM/input_Employee Full Name_firstName'

26-12-2024T18:57:23 - [TEST_STEP][PASSED] - comment("Step 5: Enter the employee's last name"): Step 5: Enter the employee's last name

26-12-2024T18:57:23 - [MESSAGE][INFO] - Step 5: Enter the employee's last name

26-12-2024T18:57:23 - [TEST_STEP][PASSED] - setText(findTestObject("Object Repository/Employee-Onboarding/Page_OrangeHRM/input_Employee Full Name_lastName"), Lastname): Text 'Berg' is set on object 'Object Repository/Employee-Onboarding/Page_OrangeHRM/input_Employee Full Name_lastName'

26-12-2024T18:57:24 - [MESSAGE][PASSED] - Text 'Berg' is set on object 'Object Repository/Employee-Onboarding/Page_OrangeHRM/input_Employee Full Name_lastName'

26-12-2024T18:57:24 - [TEST_STEP][PASSED] - comment("Step 6: Clear the default value in the "Employee ID" field"): Step 6: Clear the default value in the "Employee ID" field

26-12-2024T18:57:24 - [MESSAGE][INFO] - Step 6: Clear the default value in the "Employee ID" field

26-12-2024T18:57:24 - [TEST_STEP][PASSED] - clearText(findTestObject("Object Repository/Employee-Onboarding/Page_OrangeHRM/input_Employee Id_oxd-input oxd-input--focus")): Text of object 'Object Repository/Employee-Onboarding/Page_OrangeHRM/input_Employee Id_oxd-input oxd-input--focus' is cleared

26-12-2024T18:57:24 - [MESSAGE][PASSED] - Text of object 'Object Repository/Employee-Onboarding/Page_OrangeHRM/input_Employee Id_oxd-input oxd-input--focus' is cleared

26-12-2024T18:57:24 - [TEST_STEP][PASSED] - comment("Step 7: Set the employee ID field with a new value"): Step 7: Set the employee ID field with a new value

26-12-2024T18:57:24 - [MESSAGE][INFO] - Step 7: Set the employee ID field with a new value

26-12-2024T18:57:24 - [TEST_STEP][PASSED] - setText(findTestObject("Object Repository/Employee-Onboarding/Page_OrangeHRM/input_Employee Id_oxd-input oxd-input--focus"), ""): Text '' is set on object 'Object Repository/Employee-Onboarding/Page_OrangeHRM/input_Employee Id_oxd-input oxd-input--focus'

26-12-2024T18:57:25 - [MESSAGE][PASSED] - Text '' is set on object 'Object Repository/Employee-Onboarding/Page_OrangeHRM/input_Employee Id_oxd-input oxd-input--focus'

26-12-2024T18:57:25 - [TEST_STEP][PASSED] - comment("Step 8: Toggle the switch related to the Employee ID"): Step 8: Toggle the switch related to the Employee ID

26-12-2024T18:57:25 - [MESSAGE][INFO] - Step 8: Toggle the switch related to the Employee ID

26-12-2024T18:57:25 - [TEST_STEP][PASSED] - click(findTestObject("Object Repository/Employee-Onboarding/Page_OrangeHRM/span_Employee Id_oxd-switch-input oxd-switc_efe210")): Object: 'Object Repository/Employee-Onboarding/Page_OrangeHRM/span_Employee Id_oxd-switch-input oxd-switc_efe210' is clicked on

26-12-2024T18:57:25 - [MESSAGE][PASSED] - Object: 'Object Repository/Employee-Onboarding/Page_OrangeHRM/span_Employee Id_oxd-switch-input oxd-switc_efe210' is clicked on

26-12-2024T18:57:25 - [TEST_STEP][PASSED] - comment("Step 9: Retrieve the entered first name and convert it to lowercase"): Step 9: Retrieve the entered first name and convert it to lowercase

26-12-2024T18:57:25 - [MESSAGE][INFO] - Step 9: Retrieve the entered first name and convert it to lowercase

26-12-2024T18:57:25 - [TEST_STEP][PASSED] - firstname = getAttribute(findTestObject("Object Repository/Employee-Onboarding/Page_OrangeHRM/input_Employee Full Name_firstName"), "value").toLowerCase(): Attribute 'value' of object 'Object Repository/Employee-Onboarding/Page_OrangeHRM/input_Employee Full Name_firstName' is: 'Frank'

26-12-2024T18:57:25 - [MESSAGE][PASSED] - Attribute 'value' of object 'Object Repository/Employee-Onboarding/Page_OrangeHRM/input_Employee Full Name_firstName' is: 'Frank'

26-12-2024T18:57:25 - [TEST_STEP][PASSED] - comment("Step 10: Retrieve the entered last name and convert it to lowercase"): Step 10: Retrieve the entered last name and convert it to lowercase

26-12-2024T18:57:25 - [MESSAGE][INFO] - Step 10: Retrieve the entered last name and convert it to lowercase

26-12-2024T18:57:25 - [TEST_STEP][PASSED] - lastname = getAttribute(findTestObject("Object Repository/Employee-Onboarding/Page_OrangeHRM/input_Employee Full Name_lastName"), "value").toLowerCase(): Attribute 'value' of object 'Object Repository/Employee-Onboarding/Page_OrangeHRM/input_Employee Full Name_lastName' is: 'Berg'

26-12-2024T18:57:26 - [MESSAGE][PASSED] - Attribute 'value' of object 'Object Repository/Employee-Onboarding/Page_OrangeHRM/input_Employee Full Name_lastName' is: 'Berg'

26-12-2024T18:57:26 - [TEST_STEP][PASSED] - comment("Step 11: Concatenate the first and last names to generate a username"): Step 11: Concatenate the first and last names to generate a username

26-12-2024T18:57:26 - [MESSAGE][INFO] - Step 11: Concatenate the first and last names to generate a username

26-12-2024T18:57:26 - [TEST_STEP][PASSED] - username = firstname + "." + lastname: null

26-12-2024T18:57:26 - [TEST_STEP][PASSED] - comment("Step 12: Set the username field with the generated username"): Step 12: Set the username field with the generated username

26-12-2024T18:57:26 - [MESSAGE][INFO] - Step 12: Set the username field with the generated username

26-12-2024T18:57:26 - [TEST_STEP][PASSED] - setText(findTestObject("Object Repository/Employee-Onboarding/Page_OrangeHRM/input_Username_oxd-input oxd-input--focus"), username): Text 'frank.berg' is set on object 'Object Repository/Employee-Onboarding/Page_OrangeHRM/input_Username_oxd-input oxd-input--focus'

26-12-2024T18:57:26 - [MESSAGE][PASSED] - Text 'frank.berg' is set on object 'Object Repository/Employee-Onboarding/Page_OrangeHRM/input_Username_oxd-input oxd-input--focus'

26-12-2024T18:57:26 - [TEST_STEP][PASSED] - comment("Step 13: Enter an encrypted password into the password field"): Step 13: Enter an encrypted password into the password field

26-12-2024T18:57:26 - [MESSAGE][INFO] - Step 13: Enter an encrypted password into the password field

26-12-2024T18:57:26 - [TEST_STEP][PASSED] - setEncryptedText(findTestObject("Object Repository/Employee-Onboarding/Page_OrangeHRM/input_Password_oxd-input oxd-input--active"), EmployeePassword): Text ****** has been set on object 'Object Repository/Employee-Onboarding/Page_OrangeHRM/input_Password_oxd-input oxd-input--active'

26-12-2024T18:57:26 - [MESSAGE][PASSED] - Text ****** has been set on object 'Object Repository/Employee-Onboarding/Page_OrangeHRM/input_Password_oxd-input oxd-input--active'

26-12-2024T18:57:26 - [TEST_STEP][PASSED] - comment("Step 14: Enter an encrypted password into the confirm password field"): Step 14: Enter an encrypted password into the confirm password field

26-12-2024T18:57:26 - [MESSAGE][INFO] - Step 14: Enter an encrypted password into the confirm password field

26-12-2024T18:57:26 - [TEST_STEP][PASSED] - setEncryptedText(findTestObject("Object Repository/Employee-Onboarding/Page_OrangeHRM/input_Confirm Password_oxd-input oxd-input-_a3aecb"), EmployeePassword): Text ****** has been set on object 'Object Repository/Employee-Onboarding/Page_OrangeHRM/input_Confirm Password_oxd-input oxd-input-_a3aecb'

26-12-2024T18:57:27 - [MESSAGE][PASSED] - Text ****** has been set on object 'Object Repository/Employee-Onboarding/Page_OrangeHRM/input_Confirm Password_oxd-input oxd-input-_a3aecb'

26-12-2024T18:57:27 - [TEST_STEP][PASSED] - comment("Step 15: Click the "Save" button to finalize adding the new employee"): Step 15: Click the "Save" button to finalize adding the new employee

26-12-2024T18:57:27 - [MESSAGE][INFO] - Step 15: Click the "Save" button to finalize adding the new employee

26-12-2024T18:57:27 - [TEST_STEP][PASSED] - click(findTestObject("Object Repository/Employee-Onboarding/Page_OrangeHRM/button_Save")): Object: 'Object Repository/Employee-Onboarding/Page_OrangeHRM/button_Save' is clicked on

26-12-2024T18:57:27 - [MESSAGE][PASSED] - Object: 'Object Repository/Employee-Onboarding/Page_OrangeHRM/button_Save' is clicked on

26-12-2024T18:57:27 - [TEST_STEP][PASSED] - delay(2): Delayed 2 second(s)

26-12-2024T18:57:29 - [MESSAGE][PASSED] - Delayed 2 second(s)]]></system-out>
         <system-err><![CDATA[]]></system-err>
      </testcase>
      <testcase name="Test Cases/Employee_Onboarding/TC_Employee_Onboarding" time="11.009" classname="Test Cases/Employee_Onboarding/TC_Employee_Onboarding" status="PASSED">
         <system-out><![CDATA[26-12-2024T18:57:29 - [TEST_CASE][PASSED] - Test Cases/Employee_Onboarding/TC_Employee_Onboarding: Test Cases/Employee_Onboarding/TC_Employee_Onboarding

26-12-2024T18:57:29 - [TEST_STEP][PASSED] - comment("Step 1: Click on the PIM module link"): Step 1: Click on the PIM module link

26-12-2024T18:57:29 - [MESSAGE][INFO] - Step 1: Click on the PIM module link

26-12-2024T18:57:29 - [TEST_STEP][PASSED] - click(findTestObject("Object Repository/Employee-Onboarding/Page_OrangeHRM/a_PIM")): Object: 'Object Repository/Employee-Onboarding/Page_OrangeHRM/a_PIM' is clicked on

26-12-2024T18:57:30 - [MESSAGE][PASSED] - Object: 'Object Repository/Employee-Onboarding/Page_OrangeHRM/a_PIM' is clicked on

26-12-2024T18:57:30 - [TEST_STEP][PASSED] - comment("Step 2: Click the "Add" button to add a new employee"): Step 2: Click the "Add" button to add a new employee

26-12-2024T18:57:30 - [MESSAGE][INFO] - Step 2: Click the "Add" button to add a new employee

26-12-2024T18:57:30 - [TEST_STEP][PASSED] - click(findTestObject("Object Repository/Employee-Onboarding/Page_OrangeHRM/button_Add")): Object: 'Object Repository/Employee-Onboarding/Page_OrangeHRM/button_Add' is clicked on

26-12-2024T18:57:33 - [MESSAGE][PASSED] - Object: 'Object Repository/Employee-Onboarding/Page_OrangeHRM/button_Add' is clicked on

26-12-2024T18:57:33 - [TEST_STEP][PASSED] - comment("Step 3: Focus on the "First Name" input field"): Step 3: Focus on the "First Name" input field

26-12-2024T18:57:33 - [MESSAGE][INFO] - Step 3: Focus on the "First Name" input field

26-12-2024T18:57:33 - [TEST_STEP][PASSED] - click(findTestObject("Object Repository/Employee-Onboarding/Page_OrangeHRM/input_Employee Full Name_firstName")): Object: 'Object Repository/Employee-Onboarding/Page_OrangeHRM/input_Employee Full Name_firstName' is clicked on

26-12-2024T18:57:34 - [MESSAGE][PASSED] - Object: 'Object Repository/Employee-Onboarding/Page_OrangeHRM/input_Employee Full Name_firstName' is clicked on

26-12-2024T18:57:34 - [TEST_STEP][PASSED] - comment("Step 4: Enter the employee's first name"): Step 4: Enter the employee's first name

26-12-2024T18:57:34 - [MESSAGE][INFO] - Step 4: Enter the employee's first name

26-12-2024T18:57:34 - [TEST_STEP][PASSED] - setText(findTestObject("Object Repository/Employee-Onboarding/Page_OrangeHRM/input_Employee Full Name_firstName"), Firstname): Text 'William' is set on object 'Object Repository/Employee-Onboarding/Page_OrangeHRM/input_Employee Full Name_firstName'

26-12-2024T18:57:34 - [MESSAGE][PASSED] - Text 'William' is set on object 'Object Repository/Employee-Onboarding/Page_OrangeHRM/input_Employee Full Name_firstName'

26-12-2024T18:57:34 - [TEST_STEP][PASSED] - comment("Step 5: Enter the employee's last name"): Step 5: Enter the employee's last name

26-12-2024T18:57:34 - [MESSAGE][INFO] - Step 5: Enter the employee's last name

26-12-2024T18:57:34 - [TEST_STEP][PASSED] - setText(findTestObject("Object Repository/Employee-Onboarding/Page_OrangeHRM/input_Employee Full Name_lastName"), Lastname): Text 'Gonzalez' is set on object 'Object Repository/Employee-Onboarding/Page_OrangeHRM/input_Employee Full Name_lastName'

26-12-2024T18:57:35 - [MESSAGE][PASSED] - Text 'Gonzalez' is set on object 'Object Repository/Employee-Onboarding/Page_OrangeHRM/input_Employee Full Name_lastName'

26-12-2024T18:57:35 - [TEST_STEP][PASSED] - comment("Step 6: Clear the default value in the "Employee ID" field"): Step 6: Clear the default value in the "Employee ID" field

26-12-2024T18:57:35 - [MESSAGE][INFO] - Step 6: Clear the default value in the "Employee ID" field

26-12-2024T18:57:35 - [TEST_STEP][PASSED] - clearText(findTestObject("Object Repository/Employee-Onboarding/Page_OrangeHRM/input_Employee Id_oxd-input oxd-input--focus")): Text of object 'Object Repository/Employee-Onboarding/Page_OrangeHRM/input_Employee Id_oxd-input oxd-input--focus' is cleared

26-12-2024T18:57:35 - [MESSAGE][PASSED] - Text of object 'Object Repository/Employee-Onboarding/Page_OrangeHRM/input_Employee Id_oxd-input oxd-input--focus' is cleared

26-12-2024T18:57:35 - [TEST_STEP][PASSED] - comment("Step 7: Set the employee ID field with a new value"): Step 7: Set the employee ID field with a new value

26-12-2024T18:57:35 - [MESSAGE][INFO] - Step 7: Set the employee ID field with a new value

26-12-2024T18:57:35 - [TEST_STEP][PASSED] - setText(findTestObject("Object Repository/Employee-Onboarding/Page_OrangeHRM/input_Employee Id_oxd-input oxd-input--focus"), ""): Text '' is set on object 'Object Repository/Employee-Onboarding/Page_OrangeHRM/input_Employee Id_oxd-input oxd-input--focus'

26-12-2024T18:57:36 - [MESSAGE][PASSED] - Text '' is set on object 'Object Repository/Employee-Onboarding/Page_OrangeHRM/input_Employee Id_oxd-input oxd-input--focus'

26-12-2024T18:57:36 - [TEST_STEP][PASSED] - comment("Step 8: Toggle the switch related to the Employee ID"): Step 8: Toggle the switch related to the Employee ID

26-12-2024T18:57:36 - [MESSAGE][INFO] - Step 8: Toggle the switch related to the Employee ID

26-12-2024T18:57:36 - [TEST_STEP][PASSED] - click(findTestObject("Object Repository/Employee-Onboarding/Page_OrangeHRM/span_Employee Id_oxd-switch-input oxd-switc_efe210")): Object: 'Object Repository/Employee-Onboarding/Page_OrangeHRM/span_Employee Id_oxd-switch-input oxd-switc_efe210' is clicked on

26-12-2024T18:57:36 - [MESSAGE][PASSED] - Object: 'Object Repository/Employee-Onboarding/Page_OrangeHRM/span_Employee Id_oxd-switch-input oxd-switc_efe210' is clicked on

26-12-2024T18:57:36 - [TEST_STEP][PASSED] - comment("Step 9: Retrieve the entered first name and convert it to lowercase"): Step 9: Retrieve the entered first name and convert it to lowercase

26-12-2024T18:57:36 - [MESSAGE][INFO] - Step 9: Retrieve the entered first name and convert it to lowercase

26-12-2024T18:57:36 - [TEST_STEP][PASSED] - firstname = getAttribute(findTestObject("Object Repository/Employee-Onboarding/Page_OrangeHRM/input_Employee Full Name_firstName"), "value").toLowerCase(): Attribute 'value' of object 'Object Repository/Employee-Onboarding/Page_OrangeHRM/input_Employee Full Name_firstName' is: 'William'

26-12-2024T18:57:36 - [MESSAGE][PASSED] - Attribute 'value' of object 'Object Repository/Employee-Onboarding/Page_OrangeHRM/input_Employee Full Name_firstName' is: 'William'

26-12-2024T18:57:36 - [TEST_STEP][PASSED] - comment("Step 10: Retrieve the entered last name and convert it to lowercase"): Step 10: Retrieve the entered last name and convert it to lowercase

26-12-2024T18:57:36 - [MESSAGE][INFO] - Step 10: Retrieve the entered last name and convert it to lowercase

26-12-2024T18:57:36 - [TEST_STEP][PASSED] - lastname = getAttribute(findTestObject("Object Repository/Employee-Onboarding/Page_OrangeHRM/input_Employee Full Name_lastName"), "value").toLowerCase(): Attribute 'value' of object 'Object Repository/Employee-Onboarding/Page_OrangeHRM/input_Employee Full Name_lastName' is: 'Gonzalez'

26-12-2024T18:57:37 - [MESSAGE][PASSED] - Attribute 'value' of object 'Object Repository/Employee-Onboarding/Page_OrangeHRM/input_Employee Full Name_lastName' is: 'Gonzalez'

26-12-2024T18:57:37 - [TEST_STEP][PASSED] - comment("Step 11: Concatenate the first and last names to generate a username"): Step 11: Concatenate the first and last names to generate a username

26-12-2024T18:57:37 - [MESSAGE][INFO] - Step 11: Concatenate the first and last names to generate a username

26-12-2024T18:57:37 - [TEST_STEP][PASSED] - username = firstname + "." + lastname: null

26-12-2024T18:57:37 - [TEST_STEP][PASSED] - comment("Step 12: Set the username field with the generated username"): Step 12: Set the username field with the generated username

26-12-2024T18:57:37 - [MESSAGE][INFO] - Step 12: Set the username field with the generated username

26-12-2024T18:57:37 - [TEST_STEP][PASSED] - setText(findTestObject("Object Repository/Employee-Onboarding/Page_OrangeHRM/input_Username_oxd-input oxd-input--focus"), username): Text 'william.gonzalez' is set on object 'Object Repository/Employee-Onboarding/Page_OrangeHRM/input_Username_oxd-input oxd-input--focus'

26-12-2024T18:57:37 - [MESSAGE][PASSED] - Text 'william.gonzalez' is set on object 'Object Repository/Employee-Onboarding/Page_OrangeHRM/input_Username_oxd-input oxd-input--focus'

26-12-2024T18:57:37 - [TEST_STEP][PASSED] - comment("Step 13: Enter an encrypted password into the password field"): Step 13: Enter an encrypted password into the password field

26-12-2024T18:57:37 - [MESSAGE][INFO] - Step 13: Enter an encrypted password into the password field

26-12-2024T18:57:37 - [TEST_STEP][PASSED] - setEncryptedText(findTestObject("Object Repository/Employee-Onboarding/Page_OrangeHRM/input_Password_oxd-input oxd-input--active"), EmployeePassword): Text ****** has been set on object 'Object Repository/Employee-Onboarding/Page_OrangeHRM/input_Password_oxd-input oxd-input--active'

26-12-2024T18:57:37 - [MESSAGE][PASSED] - Text ****** has been set on object 'Object Repository/Employee-Onboarding/Page_OrangeHRM/input_Password_oxd-input oxd-input--active'

26-12-2024T18:57:37 - [TEST_STEP][PASSED] - comment("Step 14: Enter an encrypted password into the confirm password field"): Step 14: Enter an encrypted password into the confirm password field

26-12-2024T18:57:37 - [MESSAGE][INFO] - Step 14: Enter an encrypted password into the confirm password field

26-12-2024T18:57:37 - [TEST_STEP][PASSED] - setEncryptedText(findTestObject("Object Repository/Employee-Onboarding/Page_OrangeHRM/input_Confirm Password_oxd-input oxd-input-_a3aecb"), EmployeePassword): Text ****** has been set on object 'Object Repository/Employee-Onboarding/Page_OrangeHRM/input_Confirm Password_oxd-input oxd-input-_a3aecb'

26-12-2024T18:57:38 - [MESSAGE][PASSED] - Text ****** has been set on object 'Object Repository/Employee-Onboarding/Page_OrangeHRM/input_Confirm Password_oxd-input oxd-input-_a3aecb'

26-12-2024T18:57:38 - [TEST_STEP][PASSED] - comment("Step 15: Click the "Save" button to finalize adding the new employee"): Step 15: Click the "Save" button to finalize adding the new employee

26-12-2024T18:57:38 - [MESSAGE][INFO] - Step 15: Click the "Save" button to finalize adding the new employee

26-12-2024T18:57:38 - [TEST_STEP][PASSED] - click(findTestObject("Object Repository/Employee-Onboarding/Page_OrangeHRM/button_Save")): Object: 'Object Repository/Employee-Onboarding/Page_OrangeHRM/button_Save' is clicked on

26-12-2024T18:57:38 - [MESSAGE][PASSED] - Object: 'Object Repository/Employee-Onboarding/Page_OrangeHRM/button_Save' is clicked on

26-12-2024T18:57:38 - [TEST_STEP][PASSED] - delay(2): Delayed 2 second(s)

26-12-2024T18:57:40 - [MESSAGE][PASSED] - Delayed 2 second(s)]]></system-out>
         <system-err><![CDATA[]]></system-err>
      </testcase>
      <testcase name="Test Cases/Employee_Onboarding/TC_Employee_Onboarding" time="11.295" classname="Test Cases/Employee_Onboarding/TC_Employee_Onboarding" status="PASSED">
         <system-out><![CDATA[26-12-2024T18:57:40 - [TEST_CASE][PASSED] - Test Cases/Employee_Onboarding/TC_Employee_Onboarding: Test Cases/Employee_Onboarding/TC_Employee_Onboarding

26-12-2024T18:57:40 - [TEST_STEP][PASSED] - comment("Step 1: Click on the PIM module link"): Step 1: Click on the PIM module link

26-12-2024T18:57:40 - [MESSAGE][INFO] - Step 1: Click on the PIM module link

26-12-2024T18:57:40 - [TEST_STEP][PASSED] - click(findTestObject("Object Repository/Employee-Onboarding/Page_OrangeHRM/a_PIM")): Object: 'Object Repository/Employee-Onboarding/Page_OrangeHRM/a_PIM' is clicked on

26-12-2024T18:57:41 - [MESSAGE][PASSED] - Object: 'Object Repository/Employee-Onboarding/Page_OrangeHRM/a_PIM' is clicked on

26-12-2024T18:57:41 - [TEST_STEP][PASSED] - comment("Step 2: Click the "Add" button to add a new employee"): Step 2: Click the "Add" button to add a new employee

26-12-2024T18:57:41 - [MESSAGE][INFO] - Step 2: Click the "Add" button to add a new employee

26-12-2024T18:57:41 - [TEST_STEP][PASSED] - click(findTestObject("Object Repository/Employee-Onboarding/Page_OrangeHRM/button_Add")): Object: 'Object Repository/Employee-Onboarding/Page_OrangeHRM/button_Add' is clicked on

26-12-2024T18:57:44 - [MESSAGE][PASSED] - Object: 'Object Repository/Employee-Onboarding/Page_OrangeHRM/button_Add' is clicked on

26-12-2024T18:57:44 - [TEST_STEP][PASSED] - comment("Step 3: Focus on the "First Name" input field"): Step 3: Focus on the "First Name" input field

26-12-2024T18:57:44 - [MESSAGE][INFO] - Step 3: Focus on the "First Name" input field

26-12-2024T18:57:44 - [TEST_STEP][PASSED] - click(findTestObject("Object Repository/Employee-Onboarding/Page_OrangeHRM/input_Employee Full Name_firstName")): Object: 'Object Repository/Employee-Onboarding/Page_OrangeHRM/input_Employee Full Name_firstName' is clicked on

26-12-2024T18:57:45 - [MESSAGE][PASSED] - Object: 'Object Repository/Employee-Onboarding/Page_OrangeHRM/input_Employee Full Name_firstName' is clicked on

26-12-2024T18:57:45 - [TEST_STEP][PASSED] - comment("Step 4: Enter the employee's first name"): Step 4: Enter the employee's first name

26-12-2024T18:57:45 - [MESSAGE][INFO] - Step 4: Enter the employee's first name

26-12-2024T18:57:45 - [TEST_STEP][PASSED] - setText(findTestObject("Object Repository/Employee-Onboarding/Page_OrangeHRM/input_Employee Full Name_firstName"), Firstname): Text 'Rebekah' is set on object 'Object Repository/Employee-Onboarding/Page_OrangeHRM/input_Employee Full Name_firstName'

26-12-2024T18:57:46 - [MESSAGE][PASSED] - Text 'Rebekah' is set on object 'Object Repository/Employee-Onboarding/Page_OrangeHRM/input_Employee Full Name_firstName'

26-12-2024T18:57:46 - [TEST_STEP][PASSED] - comment("Step 5: Enter the employee's last name"): Step 5: Enter the employee's last name

26-12-2024T18:57:46 - [MESSAGE][INFO] - Step 5: Enter the employee's last name

26-12-2024T18:57:46 - [TEST_STEP][PASSED] - setText(findTestObject("Object Repository/Employee-Onboarding/Page_OrangeHRM/input_Employee Full Name_lastName"), Lastname): Text 'Herrera' is set on object 'Object Repository/Employee-Onboarding/Page_OrangeHRM/input_Employee Full Name_lastName'

26-12-2024T18:57:46 - [MESSAGE][PASSED] - Text 'Herrera' is set on object 'Object Repository/Employee-Onboarding/Page_OrangeHRM/input_Employee Full Name_lastName'

26-12-2024T18:57:46 - [TEST_STEP][PASSED] - comment("Step 6: Clear the default value in the "Employee ID" field"): Step 6: Clear the default value in the "Employee ID" field

26-12-2024T18:57:46 - [MESSAGE][INFO] - Step 6: Clear the default value in the "Employee ID" field

26-12-2024T18:57:46 - [TEST_STEP][PASSED] - clearText(findTestObject("Object Repository/Employee-Onboarding/Page_OrangeHRM/input_Employee Id_oxd-input oxd-input--focus")): Text of object 'Object Repository/Employee-Onboarding/Page_OrangeHRM/input_Employee Id_oxd-input oxd-input--focus' is cleared

26-12-2024T18:57:46 - [MESSAGE][PASSED] - Text of object 'Object Repository/Employee-Onboarding/Page_OrangeHRM/input_Employee Id_oxd-input oxd-input--focus' is cleared

26-12-2024T18:57:46 - [TEST_STEP][PASSED] - comment("Step 7: Set the employee ID field with a new value"): Step 7: Set the employee ID field with a new value

26-12-2024T18:57:46 - [MESSAGE][INFO] - Step 7: Set the employee ID field with a new value

26-12-2024T18:57:46 - [TEST_STEP][PASSED] - setText(findTestObject("Object Repository/Employee-Onboarding/Page_OrangeHRM/input_Employee Id_oxd-input oxd-input--focus"), ""): Text '' is set on object 'Object Repository/Employee-Onboarding/Page_OrangeHRM/input_Employee Id_oxd-input oxd-input--focus'

26-12-2024T18:57:47 - [MESSAGE][PASSED] - Text '' is set on object 'Object Repository/Employee-Onboarding/Page_OrangeHRM/input_Employee Id_oxd-input oxd-input--focus'

26-12-2024T18:57:47 - [TEST_STEP][PASSED] - comment("Step 8: Toggle the switch related to the Employee ID"): Step 8: Toggle the switch related to the Employee ID

26-12-2024T18:57:47 - [MESSAGE][INFO] - Step 8: Toggle the switch related to the Employee ID

26-12-2024T18:57:47 - [TEST_STEP][PASSED] - click(findTestObject("Object Repository/Employee-Onboarding/Page_OrangeHRM/span_Employee Id_oxd-switch-input oxd-switc_efe210")): Object: 'Object Repository/Employee-Onboarding/Page_OrangeHRM/span_Employee Id_oxd-switch-input oxd-switc_efe210' is clicked on

26-12-2024T18:57:47 - [MESSAGE][PASSED] - Object: 'Object Repository/Employee-Onboarding/Page_OrangeHRM/span_Employee Id_oxd-switch-input oxd-switc_efe210' is clicked on

26-12-2024T18:57:47 - [TEST_STEP][PASSED] - comment("Step 9: Retrieve the entered first name and convert it to lowercase"): Step 9: Retrieve the entered first name and convert it to lowercase

26-12-2024T18:57:47 - [MESSAGE][INFO] - Step 9: Retrieve the entered first name and convert it to lowercase

26-12-2024T18:57:47 - [TEST_STEP][PASSED] - firstname = getAttribute(findTestObject("Object Repository/Employee-Onboarding/Page_OrangeHRM/input_Employee Full Name_firstName"), "value").toLowerCase(): Attribute 'value' of object 'Object Repository/Employee-Onboarding/Page_OrangeHRM/input_Employee Full Name_firstName' is: 'Rebekah'

26-12-2024T18:57:48 - [MESSAGE][PASSED] - Attribute 'value' of object 'Object Repository/Employee-Onboarding/Page_OrangeHRM/input_Employee Full Name_firstName' is: 'Rebekah'

26-12-2024T18:57:48 - [TEST_STEP][PASSED] - comment("Step 10: Retrieve the entered last name and convert it to lowercase"): Step 10: Retrieve the entered last name and convert it to lowercase

26-12-2024T18:57:48 - [MESSAGE][INFO] - Step 10: Retrieve the entered last name and convert it to lowercase

26-12-2024T18:57:48 - [TEST_STEP][PASSED] - lastname = getAttribute(findTestObject("Object Repository/Employee-Onboarding/Page_OrangeHRM/input_Employee Full Name_lastName"), "value").toLowerCase(): Attribute 'value' of object 'Object Repository/Employee-Onboarding/Page_OrangeHRM/input_Employee Full Name_lastName' is: 'Herrera'

26-12-2024T18:57:48 - [MESSAGE][PASSED] - Attribute 'value' of object 'Object Repository/Employee-Onboarding/Page_OrangeHRM/input_Employee Full Name_lastName' is: 'Herrera'

26-12-2024T18:57:48 - [TEST_STEP][PASSED] - comment("Step 11: Concatenate the first and last names to generate a username"): Step 11: Concatenate the first and last names to generate a username

26-12-2024T18:57:48 - [MESSAGE][INFO] - Step 11: Concatenate the first and last names to generate a username

26-12-2024T18:57:48 - [TEST_STEP][PASSED] - username = firstname + "." + lastname: null

26-12-2024T18:57:48 - [TEST_STEP][PASSED] - comment("Step 12: Set the username field with the generated username"): Step 12: Set the username field with the generated username

26-12-2024T18:57:48 - [MESSAGE][INFO] - Step 12: Set the username field with the generated username

26-12-2024T18:57:48 - [TEST_STEP][PASSED] - setText(findTestObject("Object Repository/Employee-Onboarding/Page_OrangeHRM/input_Username_oxd-input oxd-input--focus"), username): Text 'rebekah.herrera' is set on object 'Object Repository/Employee-Onboarding/Page_OrangeHRM/input_Username_oxd-input oxd-input--focus'

26-12-2024T18:57:48 - [MESSAGE][PASSED] - Text 'rebekah.herrera' is set on object 'Object Repository/Employee-Onboarding/Page_OrangeHRM/input_Username_oxd-input oxd-input--focus'

26-12-2024T18:57:48 - [TEST_STEP][PASSED] - comment("Step 13: Enter an encrypted password into the password field"): Step 13: Enter an encrypted password into the password field

26-12-2024T18:57:48 - [MESSAGE][INFO] - Step 13: Enter an encrypted password into the password field

26-12-2024T18:57:48 - [TEST_STEP][PASSED] - setEncryptedText(findTestObject("Object Repository/Employee-Onboarding/Page_OrangeHRM/input_Password_oxd-input oxd-input--active"), EmployeePassword): Text ****** has been set on object 'Object Repository/Employee-Onboarding/Page_OrangeHRM/input_Password_oxd-input oxd-input--active'

26-12-2024T18:57:49 - [MESSAGE][PASSED] - Text ****** has been set on object 'Object Repository/Employee-Onboarding/Page_OrangeHRM/input_Password_oxd-input oxd-input--active'

26-12-2024T18:57:49 - [TEST_STEP][PASSED] - comment("Step 14: Enter an encrypted password into the confirm password field"): Step 14: Enter an encrypted password into the confirm password field

26-12-2024T18:57:49 - [MESSAGE][INFO] - Step 14: Enter an encrypted password into the confirm password field

26-12-2024T18:57:49 - [TEST_STEP][PASSED] - setEncryptedText(findTestObject("Object Repository/Employee-Onboarding/Page_OrangeHRM/input_Confirm Password_oxd-input oxd-input-_a3aecb"), EmployeePassword): Text ****** has been set on object 'Object Repository/Employee-Onboarding/Page_OrangeHRM/input_Confirm Password_oxd-input oxd-input-_a3aecb'

26-12-2024T18:57:49 - [MESSAGE][PASSED] - Text ****** has been set on object 'Object Repository/Employee-Onboarding/Page_OrangeHRM/input_Confirm Password_oxd-input oxd-input-_a3aecb'

26-12-2024T18:57:49 - [TEST_STEP][PASSED] - comment("Step 15: Click the "Save" button to finalize adding the new employee"): Step 15: Click the "Save" button to finalize adding the new employee

26-12-2024T18:57:49 - [MESSAGE][INFO] - Step 15: Click the "Save" button to finalize adding the new employee

26-12-2024T18:57:49 - [TEST_STEP][PASSED] - click(findTestObject("Object Repository/Employee-Onboarding/Page_OrangeHRM/button_Save")): Object: 'Object Repository/Employee-Onboarding/Page_OrangeHRM/button_Save' is clicked on

26-12-2024T18:57:49 - [MESSAGE][PASSED] - Object: 'Object Repository/Employee-Onboarding/Page_OrangeHRM/button_Save' is clicked on

26-12-2024T18:57:49 - [TEST_STEP][PASSED] - delay(2): Delayed 2 second(s)

26-12-2024T18:57:51 - [MESSAGE][PASSED] - Delayed 2 second(s)]]></system-out>
         <system-err><![CDATA[]]></system-err>
      </testcase>
      <testcase name="Test Cases/Employee_Onboarding/TC_Employee_Onboarding" time="14.642" classname="Test Cases/Employee_Onboarding/TC_Employee_Onboarding" status="PASSED">
         <system-out><![CDATA[26-12-2024T18:57:51 - [TEST_CASE][PASSED] - Test Cases/Employee_Onboarding/TC_Employee_Onboarding: Test Cases/Employee_Onboarding/TC_Employee_Onboarding

26-12-2024T18:57:51 - [TEST_STEP][PASSED] - comment("Step 1: Click on the PIM module link"): Step 1: Click on the PIM module link

26-12-2024T18:57:51 - [MESSAGE][INFO] - Step 1: Click on the PIM module link

26-12-2024T18:57:51 - [TEST_STEP][PASSED] - click(findTestObject("Object Repository/Employee-Onboarding/Page_OrangeHRM/a_PIM")): Object: 'Object Repository/Employee-Onboarding/Page_OrangeHRM/a_PIM' is clicked on

26-12-2024T18:57:56 - [MESSAGE][PASSED] - Object: 'Object Repository/Employee-Onboarding/Page_OrangeHRM/a_PIM' is clicked on

26-12-2024T18:57:56 - [TEST_STEP][PASSED] - comment("Step 2: Click the "Add" button to add a new employee"): Step 2: Click the "Add" button to add a new employee

26-12-2024T18:57:56 - [MESSAGE][INFO] - Step 2: Click the "Add" button to add a new employee

26-12-2024T18:57:56 - [TEST_STEP][PASSED] - click(findTestObject("Object Repository/Employee-Onboarding/Page_OrangeHRM/button_Add")): Object: 'Object Repository/Employee-Onboarding/Page_OrangeHRM/button_Add' is clicked on

26-12-2024T18:57:58 - [MESSAGE][PASSED] - Object: 'Object Repository/Employee-Onboarding/Page_OrangeHRM/button_Add' is clicked on

26-12-2024T18:57:58 - [TEST_STEP][PASSED] - comment("Step 3: Focus on the "First Name" input field"): Step 3: Focus on the "First Name" input field

26-12-2024T18:57:58 - [MESSAGE][INFO] - Step 3: Focus on the "First Name" input field

26-12-2024T18:57:58 - [TEST_STEP][PASSED] - click(findTestObject("Object Repository/Employee-Onboarding/Page_OrangeHRM/input_Employee Full Name_firstName")): Object: 'Object Repository/Employee-Onboarding/Page_OrangeHRM/input_Employee Full Name_firstName' is clicked on

26-12-2024T18:58:00 - [MESSAGE][PASSED] - Object: 'Object Repository/Employee-Onboarding/Page_OrangeHRM/input_Employee Full Name_firstName' is clicked on

26-12-2024T18:58:00 - [TEST_STEP][PASSED] - comment("Step 4: Enter the employee's first name"): Step 4: Enter the employee's first name

26-12-2024T18:58:00 - [MESSAGE][INFO] - Step 4: Enter the employee's first name

26-12-2024T18:58:00 - [TEST_STEP][PASSED] - setText(findTestObject("Object Repository/Employee-Onboarding/Page_OrangeHRM/input_Employee Full Name_firstName"), Firstname): Text 'Sara' is set on object 'Object Repository/Employee-Onboarding/Page_OrangeHRM/input_Employee Full Name_firstName'

26-12-2024T18:58:00 - [MESSAGE][PASSED] - Text 'Sara' is set on object 'Object Repository/Employee-Onboarding/Page_OrangeHRM/input_Employee Full Name_firstName'

26-12-2024T18:58:00 - [TEST_STEP][PASSED] - comment("Step 5: Enter the employee's last name"): Step 5: Enter the employee's last name

26-12-2024T18:58:00 - [MESSAGE][INFO] - Step 5: Enter the employee's last name

26-12-2024T18:58:00 - [TEST_STEP][PASSED] - setText(findTestObject("Object Repository/Employee-Onboarding/Page_OrangeHRM/input_Employee Full Name_lastName"), Lastname): Text 'Hall' is set on object 'Object Repository/Employee-Onboarding/Page_OrangeHRM/input_Employee Full Name_lastName'

26-12-2024T18:58:01 - [MESSAGE][PASSED] - Text 'Hall' is set on object 'Object Repository/Employee-Onboarding/Page_OrangeHRM/input_Employee Full Name_lastName'

26-12-2024T18:58:01 - [TEST_STEP][PASSED] - comment("Step 6: Clear the default value in the "Employee ID" field"): Step 6: Clear the default value in the "Employee ID" field

26-12-2024T18:58:01 - [MESSAGE][INFO] - Step 6: Clear the default value in the "Employee ID" field

26-12-2024T18:58:01 - [TEST_STEP][PASSED] - clearText(findTestObject("Object Repository/Employee-Onboarding/Page_OrangeHRM/input_Employee Id_oxd-input oxd-input--focus")): Text of object 'Object Repository/Employee-Onboarding/Page_OrangeHRM/input_Employee Id_oxd-input oxd-input--focus' is cleared

26-12-2024T18:58:01 - [MESSAGE][PASSED] - Text of object 'Object Repository/Employee-Onboarding/Page_OrangeHRM/input_Employee Id_oxd-input oxd-input--focus' is cleared

26-12-2024T18:58:01 - [TEST_STEP][PASSED] - comment("Step 7: Set the employee ID field with a new value"): Step 7: Set the employee ID field with a new value

26-12-2024T18:58:01 - [MESSAGE][INFO] - Step 7: Set the employee ID field with a new value

26-12-2024T18:58:01 - [TEST_STEP][PASSED] - setText(findTestObject("Object Repository/Employee-Onboarding/Page_OrangeHRM/input_Employee Id_oxd-input oxd-input--focus"), ""): Text '' is set on object 'Object Repository/Employee-Onboarding/Page_OrangeHRM/input_Employee Id_oxd-input oxd-input--focus'

26-12-2024T18:58:02 - [MESSAGE][PASSED] - Text '' is set on object 'Object Repository/Employee-Onboarding/Page_OrangeHRM/input_Employee Id_oxd-input oxd-input--focus'

26-12-2024T18:58:02 - [TEST_STEP][PASSED] - comment("Step 8: Toggle the switch related to the Employee ID"): Step 8: Toggle the switch related to the Employee ID

26-12-2024T18:58:02 - [MESSAGE][INFO] - Step 8: Toggle the switch related to the Employee ID

26-12-2024T18:58:02 - [TEST_STEP][PASSED] - click(findTestObject("Object Repository/Employee-Onboarding/Page_OrangeHRM/span_Employee Id_oxd-switch-input oxd-switc_efe210")): Object: 'Object Repository/Employee-Onboarding/Page_OrangeHRM/span_Employee Id_oxd-switch-input oxd-switc_efe210' is clicked on

26-12-2024T18:58:02 - [MESSAGE][PASSED] - Object: 'Object Repository/Employee-Onboarding/Page_OrangeHRM/span_Employee Id_oxd-switch-input oxd-switc_efe210' is clicked on

26-12-2024T18:58:02 - [TEST_STEP][PASSED] - comment("Step 9: Retrieve the entered first name and convert it to lowercase"): Step 9: Retrieve the entered first name and convert it to lowercase

26-12-2024T18:58:02 - [MESSAGE][INFO] - Step 9: Retrieve the entered first name and convert it to lowercase

26-12-2024T18:58:02 - [TEST_STEP][PASSED] - firstname = getAttribute(findTestObject("Object Repository/Employee-Onboarding/Page_OrangeHRM/input_Employee Full Name_firstName"), "value").toLowerCase(): Attribute 'value' of object 'Object Repository/Employee-Onboarding/Page_OrangeHRM/input_Employee Full Name_firstName' is: 'Sara'

26-12-2024T18:58:02 - [MESSAGE][PASSED] - Attribute 'value' of object 'Object Repository/Employee-Onboarding/Page_OrangeHRM/input_Employee Full Name_firstName' is: 'Sara'

26-12-2024T18:58:02 - [TEST_STEP][PASSED] - comment("Step 10: Retrieve the entered last name and convert it to lowercase"): Step 10: Retrieve the entered last name and convert it to lowercase

26-12-2024T18:58:02 - [MESSAGE][INFO] - Step 10: Retrieve the entered last name and convert it to lowercase

26-12-2024T18:58:02 - [TEST_STEP][PASSED] - lastname = getAttribute(findTestObject("Object Repository/Employee-Onboarding/Page_OrangeHRM/input_Employee Full Name_lastName"), "value").toLowerCase(): Attribute 'value' of object 'Object Repository/Employee-Onboarding/Page_OrangeHRM/input_Employee Full Name_lastName' is: 'Hall'

26-12-2024T18:58:03 - [MESSAGE][PASSED] - Attribute 'value' of object 'Object Repository/Employee-Onboarding/Page_OrangeHRM/input_Employee Full Name_lastName' is: 'Hall'

26-12-2024T18:58:03 - [TEST_STEP][PASSED] - comment("Step 11: Concatenate the first and last names to generate a username"): Step 11: Concatenate the first and last names to generate a username

26-12-2024T18:58:03 - [MESSAGE][INFO] - Step 11: Concatenate the first and last names to generate a username

26-12-2024T18:58:03 - [TEST_STEP][PASSED] - username = firstname + "." + lastname: null

26-12-2024T18:58:03 - [TEST_STEP][PASSED] - comment("Step 12: Set the username field with the generated username"): Step 12: Set the username field with the generated username

26-12-2024T18:58:03 - [MESSAGE][INFO] - Step 12: Set the username field with the generated username

26-12-2024T18:58:03 - [TEST_STEP][PASSED] - setText(findTestObject("Object Repository/Employee-Onboarding/Page_OrangeHRM/input_Username_oxd-input oxd-input--focus"), username): Text 'sara.hall' is set on object 'Object Repository/Employee-Onboarding/Page_OrangeHRM/input_Username_oxd-input oxd-input--focus'

26-12-2024T18:58:03 - [MESSAGE][PASSED] - Text 'sara.hall' is set on object 'Object Repository/Employee-Onboarding/Page_OrangeHRM/input_Username_oxd-input oxd-input--focus'

26-12-2024T18:58:03 - [TEST_STEP][PASSED] - comment("Step 13: Enter an encrypted password into the password field"): Step 13: Enter an encrypted password into the password field

26-12-2024T18:58:03 - [MESSAGE][INFO] - Step 13: Enter an encrypted password into the password field

26-12-2024T18:58:03 - [TEST_STEP][PASSED] - setEncryptedText(findTestObject("Object Repository/Employee-Onboarding/Page_OrangeHRM/input_Password_oxd-input oxd-input--active"), EmployeePassword): Text ****** has been set on object 'Object Repository/Employee-Onboarding/Page_OrangeHRM/input_Password_oxd-input oxd-input--active'

26-12-2024T18:58:03 - [MESSAGE][PASSED] - Text ****** has been set on object 'Object Repository/Employee-Onboarding/Page_OrangeHRM/input_Password_oxd-input oxd-input--active'

26-12-2024T18:58:03 - [TEST_STEP][PASSED] - comment("Step 14: Enter an encrypted password into the confirm password field"): Step 14: Enter an encrypted password into the confirm password field

26-12-2024T18:58:03 - [MESSAGE][INFO] - Step 14: Enter an encrypted password into the confirm password field

26-12-2024T18:58:03 - [TEST_STEP][PASSED] - setEncryptedText(findTestObject("Object Repository/Employee-Onboarding/Page_OrangeHRM/input_Confirm Password_oxd-input oxd-input-_a3aecb"), EmployeePassword): Text ****** has been set on object 'Object Repository/Employee-Onboarding/Page_OrangeHRM/input_Confirm Password_oxd-input oxd-input-_a3aecb'

26-12-2024T18:58:04 - [MESSAGE][PASSED] - Text ****** has been set on object 'Object Repository/Employee-Onboarding/Page_OrangeHRM/input_Confirm Password_oxd-input oxd-input-_a3aecb'

26-12-2024T18:58:04 - [TEST_STEP][PASSED] - comment("Step 15: Click the "Save" button to finalize adding the new employee"): Step 15: Click the "Save" button to finalize adding the new employee

26-12-2024T18:58:04 - [MESSAGE][INFO] - Step 15: Click the "Save" button to finalize adding the new employee

26-12-2024T18:58:04 - [TEST_STEP][PASSED] - click(findTestObject("Object Repository/Employee-Onboarding/Page_OrangeHRM/button_Save")): Object: 'Object Repository/Employee-Onboarding/Page_OrangeHRM/button_Save' is clicked on

26-12-2024T18:58:04 - [MESSAGE][PASSED] - Object: 'Object Repository/Employee-Onboarding/Page_OrangeHRM/button_Save' is clicked on

26-12-2024T18:58:04 - [TEST_STEP][PASSED] - delay(2): Delayed 2 second(s)

26-12-2024T18:58:06 - [MESSAGE][PASSED] - Delayed 2 second(s)]]></system-out>
         <system-err><![CDATA[]]></system-err>
      </testcase>
      <testcase name="Test Cases/Employee_Onboarding/TC_Employee_Onboarding" time="11.968" classname="Test Cases/Employee_Onboarding/TC_Employee_Onboarding" status="PASSED">
         <system-out><![CDATA[26-12-2024T18:58:06 - [TEST_CASE][PASSED] - Test Cases/Employee_Onboarding/TC_Employee_Onboarding: Test Cases/Employee_Onboarding/TC_Employee_Onboarding

26-12-2024T18:58:06 - [TEST_STEP][PASSED] - comment("Step 1: Click on the PIM module link"): Step 1: Click on the PIM module link

26-12-2024T18:58:06 - [MESSAGE][INFO] - Step 1: Click on the PIM module link

26-12-2024T18:58:06 - [TEST_STEP][PASSED] - click(findTestObject("Object Repository/Employee-Onboarding/Page_OrangeHRM/a_PIM")): Object: 'Object Repository/Employee-Onboarding/Page_OrangeHRM/a_PIM' is clicked on

26-12-2024T18:58:08 - [MESSAGE][PASSED] - Object: 'Object Repository/Employee-Onboarding/Page_OrangeHRM/a_PIM' is clicked on

26-12-2024T18:58:08 - [TEST_STEP][PASSED] - comment("Step 2: Click the "Add" button to add a new employee"): Step 2: Click the "Add" button to add a new employee

26-12-2024T18:58:08 - [MESSAGE][INFO] - Step 2: Click the "Add" button to add a new employee

26-12-2024T18:58:08 - [TEST_STEP][PASSED] - click(findTestObject("Object Repository/Employee-Onboarding/Page_OrangeHRM/button_Add")): Object: 'Object Repository/Employee-Onboarding/Page_OrangeHRM/button_Add' is clicked on

26-12-2024T18:58:10 - [MESSAGE][PASSED] - Object: 'Object Repository/Employee-Onboarding/Page_OrangeHRM/button_Add' is clicked on

26-12-2024T18:58:10 - [TEST_STEP][PASSED] - comment("Step 3: Focus on the "First Name" input field"): Step 3: Focus on the "First Name" input field

26-12-2024T18:58:10 - [MESSAGE][INFO] - Step 3: Focus on the "First Name" input field

26-12-2024T18:58:10 - [TEST_STEP][PASSED] - click(findTestObject("Object Repository/Employee-Onboarding/Page_OrangeHRM/input_Employee Full Name_firstName")): Object: 'Object Repository/Employee-Onboarding/Page_OrangeHRM/input_Employee Full Name_firstName' is clicked on

26-12-2024T18:58:12 - [MESSAGE][PASSED] - Object: 'Object Repository/Employee-Onboarding/Page_OrangeHRM/input_Employee Full Name_firstName' is clicked on

26-12-2024T18:58:12 - [TEST_STEP][PASSED] - comment("Step 4: Enter the employee's first name"): Step 4: Enter the employee's first name

26-12-2024T18:58:12 - [MESSAGE][INFO] - Step 4: Enter the employee's first name

26-12-2024T18:58:12 - [TEST_STEP][PASSED] - setText(findTestObject("Object Repository/Employee-Onboarding/Page_OrangeHRM/input_Employee Full Name_firstName"), Firstname): Text 'Melinda' is set on object 'Object Repository/Employee-Onboarding/Page_OrangeHRM/input_Employee Full Name_firstName'

26-12-2024T18:58:12 - [MESSAGE][PASSED] - Text 'Melinda' is set on object 'Object Repository/Employee-Onboarding/Page_OrangeHRM/input_Employee Full Name_firstName'

26-12-2024T18:58:12 - [TEST_STEP][PASSED] - comment("Step 5: Enter the employee's last name"): Step 5: Enter the employee's last name

26-12-2024T18:58:12 - [MESSAGE][INFO] - Step 5: Enter the employee's last name

26-12-2024T18:58:12 - [TEST_STEP][PASSED] - setText(findTestObject("Object Repository/Employee-Onboarding/Page_OrangeHRM/input_Employee Full Name_lastName"), Lastname): Text 'Duarte' is set on object 'Object Repository/Employee-Onboarding/Page_OrangeHRM/input_Employee Full Name_lastName'

26-12-2024T18:58:13 - [MESSAGE][PASSED] - Text 'Duarte' is set on object 'Object Repository/Employee-Onboarding/Page_OrangeHRM/input_Employee Full Name_lastName'

26-12-2024T18:58:13 - [TEST_STEP][PASSED] - comment("Step 6: Clear the default value in the "Employee ID" field"): Step 6: Clear the default value in the "Employee ID" field

26-12-2024T18:58:13 - [MESSAGE][INFO] - Step 6: Clear the default value in the "Employee ID" field

26-12-2024T18:58:13 - [TEST_STEP][PASSED] - clearText(findTestObject("Object Repository/Employee-Onboarding/Page_OrangeHRM/input_Employee Id_oxd-input oxd-input--focus")): Text of object 'Object Repository/Employee-Onboarding/Page_OrangeHRM/input_Employee Id_oxd-input oxd-input--focus' is cleared

26-12-2024T18:58:13 - [MESSAGE][PASSED] - Text of object 'Object Repository/Employee-Onboarding/Page_OrangeHRM/input_Employee Id_oxd-input oxd-input--focus' is cleared

26-12-2024T18:58:13 - [TEST_STEP][PASSED] - comment("Step 7: Set the employee ID field with a new value"): Step 7: Set the employee ID field with a new value

26-12-2024T18:58:13 - [MESSAGE][INFO] - Step 7: Set the employee ID field with a new value

26-12-2024T18:58:13 - [TEST_STEP][PASSED] - setText(findTestObject("Object Repository/Employee-Onboarding/Page_OrangeHRM/input_Employee Id_oxd-input oxd-input--focus"), ""): Text '' is set on object 'Object Repository/Employee-Onboarding/Page_OrangeHRM/input_Employee Id_oxd-input oxd-input--focus'

26-12-2024T18:58:14 - [MESSAGE][PASSED] - Text '' is set on object 'Object Repository/Employee-Onboarding/Page_OrangeHRM/input_Employee Id_oxd-input oxd-input--focus'

26-12-2024T18:58:14 - [TEST_STEP][PASSED] - comment("Step 8: Toggle the switch related to the Employee ID"): Step 8: Toggle the switch related to the Employee ID

26-12-2024T18:58:14 - [MESSAGE][INFO] - Step 8: Toggle the switch related to the Employee ID

26-12-2024T18:58:14 - [TEST_STEP][PASSED] - click(findTestObject("Object Repository/Employee-Onboarding/Page_OrangeHRM/span_Employee Id_oxd-switch-input oxd-switc_efe210")): Object: 'Object Repository/Employee-Onboarding/Page_OrangeHRM/span_Employee Id_oxd-switch-input oxd-switc_efe210' is clicked on

26-12-2024T18:58:14 - [MESSAGE][PASSED] - Object: 'Object Repository/Employee-Onboarding/Page_OrangeHRM/span_Employee Id_oxd-switch-input oxd-switc_efe210' is clicked on

26-12-2024T18:58:14 - [TEST_STEP][PASSED] - comment("Step 9: Retrieve the entered first name and convert it to lowercase"): Step 9: Retrieve the entered first name and convert it to lowercase

26-12-2024T18:58:14 - [MESSAGE][INFO] - Step 9: Retrieve the entered first name and convert it to lowercase

26-12-2024T18:58:14 - [TEST_STEP][PASSED] - firstname = getAttribute(findTestObject("Object Repository/Employee-Onboarding/Page_OrangeHRM/input_Employee Full Name_firstName"), "value").toLowerCase(): Attribute 'value' of object 'Object Repository/Employee-Onboarding/Page_OrangeHRM/input_Employee Full Name_firstName' is: 'Melinda'

26-12-2024T18:58:14 - [MESSAGE][PASSED] - Attribute 'value' of object 'Object Repository/Employee-Onboarding/Page_OrangeHRM/input_Employee Full Name_firstName' is: 'Melinda'

26-12-2024T18:58:14 - [TEST_STEP][PASSED] - comment("Step 10: Retrieve the entered last name and convert it to lowercase"): Step 10: Retrieve the entered last name and convert it to lowercase

26-12-2024T18:58:14 - [MESSAGE][INFO] - Step 10: Retrieve the entered last name and convert it to lowercase

26-12-2024T18:58:14 - [TEST_STEP][PASSED] - lastname = getAttribute(findTestObject("Object Repository/Employee-Onboarding/Page_OrangeHRM/input_Employee Full Name_lastName"), "value").toLowerCase(): Attribute 'value' of object 'Object Repository/Employee-Onboarding/Page_OrangeHRM/input_Employee Full Name_lastName' is: 'Duarte'

26-12-2024T18:58:14 - [MESSAGE][PASSED] - Attribute 'value' of object 'Object Repository/Employee-Onboarding/Page_OrangeHRM/input_Employee Full Name_lastName' is: 'Duarte'

26-12-2024T18:58:14 - [TEST_STEP][PASSED] - comment("Step 11: Concatenate the first and last names to generate a username"): Step 11: Concatenate the first and last names to generate a username

26-12-2024T18:58:14 - [MESSAGE][INFO] - Step 11: Concatenate the first and last names to generate a username

26-12-2024T18:58:14 - [TEST_STEP][PASSED] - username = firstname + "." + lastname: null

26-12-2024T18:58:14 - [TEST_STEP][PASSED] - comment("Step 12: Set the username field with the generated username"): Step 12: Set the username field with the generated username

26-12-2024T18:58:14 - [MESSAGE][INFO] - Step 12: Set the username field with the generated username

26-12-2024T18:58:14 - [TEST_STEP][PASSED] - setText(findTestObject("Object Repository/Employee-Onboarding/Page_OrangeHRM/input_Username_oxd-input oxd-input--focus"), username): Text 'melinda.duarte' is set on object 'Object Repository/Employee-Onboarding/Page_OrangeHRM/input_Username_oxd-input oxd-input--focus'

26-12-2024T18:58:15 - [MESSAGE][PASSED] - Text 'melinda.duarte' is set on object 'Object Repository/Employee-Onboarding/Page_OrangeHRM/input_Username_oxd-input oxd-input--focus'

26-12-2024T18:58:15 - [TEST_STEP][PASSED] - comment("Step 13: Enter an encrypted password into the password field"): Step 13: Enter an encrypted password into the password field

26-12-2024T18:58:15 - [MESSAGE][INFO] - Step 13: Enter an encrypted password into the password field

26-12-2024T18:58:15 - [TEST_STEP][PASSED] - setEncryptedText(findTestObject("Object Repository/Employee-Onboarding/Page_OrangeHRM/input_Password_oxd-input oxd-input--active"), EmployeePassword): Text ****** has been set on object 'Object Repository/Employee-Onboarding/Page_OrangeHRM/input_Password_oxd-input oxd-input--active'

26-12-2024T18:58:15 - [MESSAGE][PASSED] - Text ****** has been set on object 'Object Repository/Employee-Onboarding/Page_OrangeHRM/input_Password_oxd-input oxd-input--active'

26-12-2024T18:58:15 - [TEST_STEP][PASSED] - comment("Step 14: Enter an encrypted password into the confirm password field"): Step 14: Enter an encrypted password into the confirm password field

26-12-2024T18:58:15 - [MESSAGE][INFO] - Step 14: Enter an encrypted password into the confirm password field

26-12-2024T18:58:15 - [TEST_STEP][PASSED] - setEncryptedText(findTestObject("Object Repository/Employee-Onboarding/Page_OrangeHRM/input_Confirm Password_oxd-input oxd-input-_a3aecb"), EmployeePassword): Text ****** has been set on object 'Object Repository/Employee-Onboarding/Page_OrangeHRM/input_Confirm Password_oxd-input oxd-input-_a3aecb'

26-12-2024T18:58:16 - [MESSAGE][PASSED] - Text ****** has been set on object 'Object Repository/Employee-Onboarding/Page_OrangeHRM/input_Confirm Password_oxd-input oxd-input-_a3aecb'

26-12-2024T18:58:16 - [TEST_STEP][PASSED] - comment("Step 15: Click the "Save" button to finalize adding the new employee"): Step 15: Click the "Save" button to finalize adding the new employee

26-12-2024T18:58:16 - [MESSAGE][INFO] - Step 15: Click the "Save" button to finalize adding the new employee

26-12-2024T18:58:16 - [TEST_STEP][PASSED] - click(findTestObject("Object Repository/Employee-Onboarding/Page_OrangeHRM/button_Save")): Object: 'Object Repository/Employee-Onboarding/Page_OrangeHRM/button_Save' is clicked on

26-12-2024T18:58:16 - [MESSAGE][PASSED] - Object: 'Object Repository/Employee-Onboarding/Page_OrangeHRM/button_Save' is clicked on

26-12-2024T18:58:16 - [TEST_STEP][PASSED] - delay(2): Delayed 2 second(s)

26-12-2024T18:58:18 - [MESSAGE][PASSED] - Delayed 2 second(s)]]></system-out>
         <system-err><![CDATA[]]></system-err>
      </testcase>
      <testcase name="Test Cases/Employee_Onboarding/TC_Employee_Onboarding" time="11.979" classname="Test Cases/Employee_Onboarding/TC_Employee_Onboarding" status="PASSED">
         <system-out><![CDATA[26-12-2024T18:58:18 - [TEST_CASE][PASSED] - Test Cases/Employee_Onboarding/TC_Employee_Onboarding: Test Cases/Employee_Onboarding/TC_Employee_Onboarding

26-12-2024T18:58:18 - [TEST_STEP][PASSED] - comment("Step 1: Click on the PIM module link"): Step 1: Click on the PIM module link

26-12-2024T18:58:18 - [MESSAGE][INFO] - Step 1: Click on the PIM module link

26-12-2024T18:58:18 - [TEST_STEP][PASSED] - click(findTestObject("Object Repository/Employee-Onboarding/Page_OrangeHRM/a_PIM")): Object: 'Object Repository/Employee-Onboarding/Page_OrangeHRM/a_PIM' is clicked on

26-12-2024T18:58:20 - [MESSAGE][PASSED] - Object: 'Object Repository/Employee-Onboarding/Page_OrangeHRM/a_PIM' is clicked on

26-12-2024T18:58:20 - [TEST_STEP][PASSED] - comment("Step 2: Click the "Add" button to add a new employee"): Step 2: Click the "Add" button to add a new employee

26-12-2024T18:58:20 - [MESSAGE][INFO] - Step 2: Click the "Add" button to add a new employee

26-12-2024T18:58:20 - [TEST_STEP][PASSED] - click(findTestObject("Object Repository/Employee-Onboarding/Page_OrangeHRM/button_Add")): Object: 'Object Repository/Employee-Onboarding/Page_OrangeHRM/button_Add' is clicked on

26-12-2024T18:58:22 - [MESSAGE][PASSED] - Object: 'Object Repository/Employee-Onboarding/Page_OrangeHRM/button_Add' is clicked on

26-12-2024T18:58:22 - [TEST_STEP][PASSED] - comment("Step 3: Focus on the "First Name" input field"): Step 3: Focus on the "First Name" input field

26-12-2024T18:58:22 - [MESSAGE][INFO] - Step 3: Focus on the "First Name" input field

26-12-2024T18:58:22 - [TEST_STEP][PASSED] - click(findTestObject("Object Repository/Employee-Onboarding/Page_OrangeHRM/input_Employee Full Name_firstName")): Object: 'Object Repository/Employee-Onboarding/Page_OrangeHRM/input_Employee Full Name_firstName' is clicked on

26-12-2024T18:58:24 - [MESSAGE][PASSED] - Object: 'Object Repository/Employee-Onboarding/Page_OrangeHRM/input_Employee Full Name_firstName' is clicked on

26-12-2024T18:58:24 - [TEST_STEP][PASSED] - comment("Step 4: Enter the employee's first name"): Step 4: Enter the employee's first name

26-12-2024T18:58:24 - [MESSAGE][INFO] - Step 4: Enter the employee's first name

26-12-2024T18:58:24 - [TEST_STEP][PASSED] - setText(findTestObject("Object Repository/Employee-Onboarding/Page_OrangeHRM/input_Employee Full Name_firstName"), Firstname): Text 'Meghan' is set on object 'Object Repository/Employee-Onboarding/Page_OrangeHRM/input_Employee Full Name_firstName'

26-12-2024T18:58:24 - [MESSAGE][PASSED] - Text 'Meghan' is set on object 'Object Repository/Employee-Onboarding/Page_OrangeHRM/input_Employee Full Name_firstName'

26-12-2024T18:58:24 - [TEST_STEP][PASSED] - comment("Step 5: Enter the employee's last name"): Step 5: Enter the employee's last name

26-12-2024T18:58:24 - [MESSAGE][INFO] - Step 5: Enter the employee's last name

26-12-2024T18:58:24 - [TEST_STEP][PASSED] - setText(findTestObject("Object Repository/Employee-Onboarding/Page_OrangeHRM/input_Employee Full Name_lastName"), Lastname): Text 'Cruz' is set on object 'Object Repository/Employee-Onboarding/Page_OrangeHRM/input_Employee Full Name_lastName'

26-12-2024T18:58:25 - [MESSAGE][PASSED] - Text 'Cruz' is set on object 'Object Repository/Employee-Onboarding/Page_OrangeHRM/input_Employee Full Name_lastName'

26-12-2024T18:58:25 - [TEST_STEP][PASSED] - comment("Step 6: Clear the default value in the "Employee ID" field"): Step 6: Clear the default value in the "Employee ID" field

26-12-2024T18:58:25 - [MESSAGE][INFO] - Step 6: Clear the default value in the "Employee ID" field

26-12-2024T18:58:25 - [TEST_STEP][PASSED] - clearText(findTestObject("Object Repository/Employee-Onboarding/Page_OrangeHRM/input_Employee Id_oxd-input oxd-input--focus")): Text of object 'Object Repository/Employee-Onboarding/Page_OrangeHRM/input_Employee Id_oxd-input oxd-input--focus' is cleared

26-12-2024T18:58:25 - [MESSAGE][PASSED] - Text of object 'Object Repository/Employee-Onboarding/Page_OrangeHRM/input_Employee Id_oxd-input oxd-input--focus' is cleared

26-12-2024T18:58:25 - [TEST_STEP][PASSED] - comment("Step 7: Set the employee ID field with a new value"): Step 7: Set the employee ID field with a new value

26-12-2024T18:58:25 - [MESSAGE][INFO] - Step 7: Set the employee ID field with a new value

26-12-2024T18:58:25 - [TEST_STEP][PASSED] - setText(findTestObject("Object Repository/Employee-Onboarding/Page_OrangeHRM/input_Employee Id_oxd-input oxd-input--focus"), ""): Text '' is set on object 'Object Repository/Employee-Onboarding/Page_OrangeHRM/input_Employee Id_oxd-input oxd-input--focus'

26-12-2024T18:58:26 - [MESSAGE][PASSED] - Text '' is set on object 'Object Repository/Employee-Onboarding/Page_OrangeHRM/input_Employee Id_oxd-input oxd-input--focus'

26-12-2024T18:58:26 - [TEST_STEP][PASSED] - comment("Step 8: Toggle the switch related to the Employee ID"): Step 8: Toggle the switch related to the Employee ID

26-12-2024T18:58:26 - [MESSAGE][INFO] - Step 8: Toggle the switch related to the Employee ID

26-12-2024T18:58:26 - [TEST_STEP][PASSED] - click(findTestObject("Object Repository/Employee-Onboarding/Page_OrangeHRM/span_Employee Id_oxd-switch-input oxd-switc_efe210")): Object: 'Object Repository/Employee-Onboarding/Page_OrangeHRM/span_Employee Id_oxd-switch-input oxd-switc_efe210' is clicked on

26-12-2024T18:58:26 - [MESSAGE][PASSED] - Object: 'Object Repository/Employee-Onboarding/Page_OrangeHRM/span_Employee Id_oxd-switch-input oxd-switc_efe210' is clicked on

26-12-2024T18:58:26 - [TEST_STEP][PASSED] - comment("Step 9: Retrieve the entered first name and convert it to lowercase"): Step 9: Retrieve the entered first name and convert it to lowercase

26-12-2024T18:58:26 - [MESSAGE][INFO] - Step 9: Retrieve the entered first name and convert it to lowercase

26-12-2024T18:58:26 - [TEST_STEP][PASSED] - firstname = getAttribute(findTestObject("Object Repository/Employee-Onboarding/Page_OrangeHRM/input_Employee Full Name_firstName"), "value").toLowerCase(): Attribute 'value' of object 'Object Repository/Employee-Onboarding/Page_OrangeHRM/input_Employee Full Name_firstName' is: 'Meghan'

26-12-2024T18:58:26 - [MESSAGE][PASSED] - Attribute 'value' of object 'Object Repository/Employee-Onboarding/Page_OrangeHRM/input_Employee Full Name_firstName' is: 'Meghan'

26-12-2024T18:58:26 - [TEST_STEP][PASSED] - comment("Step 10: Retrieve the entered last name and convert it to lowercase"): Step 10: Retrieve the entered last name and convert it to lowercase

26-12-2024T18:58:26 - [MESSAGE][INFO] - Step 10: Retrieve the entered last name and convert it to lowercase

26-12-2024T18:58:26 - [TEST_STEP][PASSED] - lastname = getAttribute(findTestObject("Object Repository/Employee-Onboarding/Page_OrangeHRM/input_Employee Full Name_lastName"), "value").toLowerCase(): Attribute 'value' of object 'Object Repository/Employee-Onboarding/Page_OrangeHRM/input_Employee Full Name_lastName' is: 'Cruz'

26-12-2024T18:58:26 - [MESSAGE][PASSED] - Attribute 'value' of object 'Object Repository/Employee-Onboarding/Page_OrangeHRM/input_Employee Full Name_lastName' is: 'Cruz'

26-12-2024T18:58:27 - [TEST_STEP][PASSED] - comment("Step 11: Concatenate the first and last names to generate a username"): Step 11: Concatenate the first and last names to generate a username

26-12-2024T18:58:27 - [MESSAGE][INFO] - Step 11: Concatenate the first and last names to generate a username

26-12-2024T18:58:27 - [TEST_STEP][PASSED] - username = firstname + "." + lastname: null

26-12-2024T18:58:27 - [TEST_STEP][PASSED] - comment("Step 12: Set the username field with the generated username"): Step 12: Set the username field with the generated username

26-12-2024T18:58:27 - [MESSAGE][INFO] - Step 12: Set the username field with the generated username

26-12-2024T18:58:27 - [TEST_STEP][PASSED] - setText(findTestObject("Object Repository/Employee-Onboarding/Page_OrangeHRM/input_Username_oxd-input oxd-input--focus"), username): Text 'meghan.cruz' is set on object 'Object Repository/Employee-Onboarding/Page_OrangeHRM/input_Username_oxd-input oxd-input--focus'

26-12-2024T18:58:27 - [MESSAGE][PASSED] - Text 'meghan.cruz' is set on object 'Object Repository/Employee-Onboarding/Page_OrangeHRM/input_Username_oxd-input oxd-input--focus'

26-12-2024T18:58:27 - [TEST_STEP][PASSED] - comment("Step 13: Enter an encrypted password into the password field"): Step 13: Enter an encrypted password into the password field

26-12-2024T18:58:27 - [MESSAGE][INFO] - Step 13: Enter an encrypted password into the password field

26-12-2024T18:58:27 - [TEST_STEP][PASSED] - setEncryptedText(findTestObject("Object Repository/Employee-Onboarding/Page_OrangeHRM/input_Password_oxd-input oxd-input--active"), EmployeePassword): Text ****** has been set on object 'Object Repository/Employee-Onboarding/Page_OrangeHRM/input_Password_oxd-input oxd-input--active'

26-12-2024T18:58:27 - [MESSAGE][PASSED] - Text ****** has been set on object 'Object Repository/Employee-Onboarding/Page_OrangeHRM/input_Password_oxd-input oxd-input--active'

26-12-2024T18:58:27 - [TEST_STEP][PASSED] - comment("Step 14: Enter an encrypted password into the confirm password field"): Step 14: Enter an encrypted password into the confirm password field

26-12-2024T18:58:27 - [MESSAGE][INFO] - Step 14: Enter an encrypted password into the confirm password field

26-12-2024T18:58:27 - [TEST_STEP][PASSED] - setEncryptedText(findTestObject("Object Repository/Employee-Onboarding/Page_OrangeHRM/input_Confirm Password_oxd-input oxd-input-_a3aecb"), EmployeePassword): Text ****** has been set on object 'Object Repository/Employee-Onboarding/Page_OrangeHRM/input_Confirm Password_oxd-input oxd-input-_a3aecb'

26-12-2024T18:58:28 - [MESSAGE][PASSED] - Text ****** has been set on object 'Object Repository/Employee-Onboarding/Page_OrangeHRM/input_Confirm Password_oxd-input oxd-input-_a3aecb'

26-12-2024T18:58:28 - [TEST_STEP][PASSED] - comment("Step 15: Click the "Save" button to finalize adding the new employee"): Step 15: Click the "Save" button to finalize adding the new employee

26-12-2024T18:58:28 - [MESSAGE][INFO] - Step 15: Click the "Save" button to finalize adding the new employee

26-12-2024T18:58:28 - [TEST_STEP][PASSED] - click(findTestObject("Object Repository/Employee-Onboarding/Page_OrangeHRM/button_Save")): Object: 'Object Repository/Employee-Onboarding/Page_OrangeHRM/button_Save' is clicked on

26-12-2024T18:58:28 - [MESSAGE][PASSED] - Object: 'Object Repository/Employee-Onboarding/Page_OrangeHRM/button_Save' is clicked on

26-12-2024T18:58:28 - [TEST_STEP][PASSED] - delay(2): Delayed 2 second(s)

26-12-2024T18:58:30 - [MESSAGE][PASSED] - Delayed 2 second(s)]]></system-out>
         <system-err><![CDATA[]]></system-err>
      </testcase>
      <testcase name="Test Cases/Employee_Onboarding/TC_Employee_Onboarding" time="11.404" classname="Test Cases/Employee_Onboarding/TC_Employee_Onboarding" status="PASSED">
         <system-out><![CDATA[26-12-2024T18:58:30 - [TEST_CASE][PASSED] - Test Cases/Employee_Onboarding/TC_Employee_Onboarding: Test Cases/Employee_Onboarding/TC_Employee_Onboarding

26-12-2024T18:58:30 - [TEST_STEP][PASSED] - comment("Step 1: Click on the PIM module link"): Step 1: Click on the PIM module link

26-12-2024T18:58:30 - [MESSAGE][INFO] - Step 1: Click on the PIM module link

26-12-2024T18:58:30 - [TEST_STEP][PASSED] - click(findTestObject("Object Repository/Employee-Onboarding/Page_OrangeHRM/a_PIM")): Object: 'Object Repository/Employee-Onboarding/Page_OrangeHRM/a_PIM' is clicked on

26-12-2024T18:58:32 - [MESSAGE][PASSED] - Object: 'Object Repository/Employee-Onboarding/Page_OrangeHRM/a_PIM' is clicked on

26-12-2024T18:58:32 - [TEST_STEP][PASSED] - comment("Step 2: Click the "Add" button to add a new employee"): Step 2: Click the "Add" button to add a new employee

26-12-2024T18:58:32 - [MESSAGE][INFO] - Step 2: Click the "Add" button to add a new employee

26-12-2024T18:58:32 - [TEST_STEP][PASSED] - click(findTestObject("Object Repository/Employee-Onboarding/Page_OrangeHRM/button_Add")): Object: 'Object Repository/Employee-Onboarding/Page_OrangeHRM/button_Add' is clicked on

26-12-2024T18:58:34 - [MESSAGE][PASSED] - Object: 'Object Repository/Employee-Onboarding/Page_OrangeHRM/button_Add' is clicked on

26-12-2024T18:58:34 - [TEST_STEP][PASSED] - comment("Step 3: Focus on the "First Name" input field"): Step 3: Focus on the "First Name" input field

26-12-2024T18:58:34 - [MESSAGE][INFO] - Step 3: Focus on the "First Name" input field

26-12-2024T18:58:34 - [TEST_STEP][PASSED] - click(findTestObject("Object Repository/Employee-Onboarding/Page_OrangeHRM/input_Employee Full Name_firstName")): Object: 'Object Repository/Employee-Onboarding/Page_OrangeHRM/input_Employee Full Name_firstName' is clicked on

26-12-2024T18:58:35 - [MESSAGE][PASSED] - Object: 'Object Repository/Employee-Onboarding/Page_OrangeHRM/input_Employee Full Name_firstName' is clicked on

26-12-2024T18:58:35 - [TEST_STEP][PASSED] - comment("Step 4: Enter the employee's first name"): Step 4: Enter the employee's first name

26-12-2024T18:58:35 - [MESSAGE][INFO] - Step 4: Enter the employee's first name

26-12-2024T18:58:35 - [TEST_STEP][PASSED] - setText(findTestObject("Object Repository/Employee-Onboarding/Page_OrangeHRM/input_Employee Full Name_firstName"), Firstname): Text 'Erik' is set on object 'Object Repository/Employee-Onboarding/Page_OrangeHRM/input_Employee Full Name_firstName'

26-12-2024T18:58:36 - [MESSAGE][PASSED] - Text 'Erik' is set on object 'Object Repository/Employee-Onboarding/Page_OrangeHRM/input_Employee Full Name_firstName'

26-12-2024T18:58:36 - [TEST_STEP][PASSED] - comment("Step 5: Enter the employee's last name"): Step 5: Enter the employee's last name

26-12-2024T18:58:36 - [MESSAGE][INFO] - Step 5: Enter the employee's last name

26-12-2024T18:58:36 - [TEST_STEP][PASSED] - setText(findTestObject("Object Repository/Employee-Onboarding/Page_OrangeHRM/input_Employee Full Name_lastName"), Lastname): Text 'Lewis' is set on object 'Object Repository/Employee-Onboarding/Page_OrangeHRM/input_Employee Full Name_lastName'

26-12-2024T18:58:36 - [MESSAGE][PASSED] - Text 'Lewis' is set on object 'Object Repository/Employee-Onboarding/Page_OrangeHRM/input_Employee Full Name_lastName'

26-12-2024T18:58:36 - [TEST_STEP][PASSED] - comment("Step 6: Clear the default value in the "Employee ID" field"): Step 6: Clear the default value in the "Employee ID" field

26-12-2024T18:58:36 - [MESSAGE][INFO] - Step 6: Clear the default value in the "Employee ID" field

26-12-2024T18:58:36 - [TEST_STEP][PASSED] - clearText(findTestObject("Object Repository/Employee-Onboarding/Page_OrangeHRM/input_Employee Id_oxd-input oxd-input--focus")): Text of object 'Object Repository/Employee-Onboarding/Page_OrangeHRM/input_Employee Id_oxd-input oxd-input--focus' is cleared

26-12-2024T18:58:37 - [MESSAGE][PASSED] - Text of object 'Object Repository/Employee-Onboarding/Page_OrangeHRM/input_Employee Id_oxd-input oxd-input--focus' is cleared

26-12-2024T18:58:37 - [TEST_STEP][PASSED] - comment("Step 7: Set the employee ID field with a new value"): Step 7: Set the employee ID field with a new value

26-12-2024T18:58:37 - [MESSAGE][INFO] - Step 7: Set the employee ID field with a new value

26-12-2024T18:58:37 - [TEST_STEP][PASSED] - setText(findTestObject("Object Repository/Employee-Onboarding/Page_OrangeHRM/input_Employee Id_oxd-input oxd-input--focus"), ""): Text '' is set on object 'Object Repository/Employee-Onboarding/Page_OrangeHRM/input_Employee Id_oxd-input oxd-input--focus'

26-12-2024T18:58:37 - [MESSAGE][PASSED] - Text '' is set on object 'Object Repository/Employee-Onboarding/Page_OrangeHRM/input_Employee Id_oxd-input oxd-input--focus'

26-12-2024T18:58:37 - [TEST_STEP][PASSED] - comment("Step 8: Toggle the switch related to the Employee ID"): Step 8: Toggle the switch related to the Employee ID

26-12-2024T18:58:37 - [MESSAGE][INFO] - Step 8: Toggle the switch related to the Employee ID

26-12-2024T18:58:37 - [TEST_STEP][PASSED] - click(findTestObject("Object Repository/Employee-Onboarding/Page_OrangeHRM/span_Employee Id_oxd-switch-input oxd-switc_efe210")): Object: 'Object Repository/Employee-Onboarding/Page_OrangeHRM/span_Employee Id_oxd-switch-input oxd-switc_efe210' is clicked on

26-12-2024T18:58:37 - [MESSAGE][PASSED] - Object: 'Object Repository/Employee-Onboarding/Page_OrangeHRM/span_Employee Id_oxd-switch-input oxd-switc_efe210' is clicked on

26-12-2024T18:58:37 - [TEST_STEP][PASSED] - comment("Step 9: Retrieve the entered first name and convert it to lowercase"): Step 9: Retrieve the entered first name and convert it to lowercase

26-12-2024T18:58:37 - [MESSAGE][INFO] - Step 9: Retrieve the entered first name and convert it to lowercase

26-12-2024T18:58:37 - [TEST_STEP][PASSED] - firstname = getAttribute(findTestObject("Object Repository/Employee-Onboarding/Page_OrangeHRM/input_Employee Full Name_firstName"), "value").toLowerCase(): Attribute 'value' of object 'Object Repository/Employee-Onboarding/Page_OrangeHRM/input_Employee Full Name_firstName' is: 'Erik'

26-12-2024T18:58:38 - [MESSAGE][PASSED] - Attribute 'value' of object 'Object Repository/Employee-Onboarding/Page_OrangeHRM/input_Employee Full Name_firstName' is: 'Erik'

26-12-2024T18:58:38 - [TEST_STEP][PASSED] - comment("Step 10: Retrieve the entered last name and convert it to lowercase"): Step 10: Retrieve the entered last name and convert it to lowercase

26-12-2024T18:58:38 - [MESSAGE][INFO] - Step 10: Retrieve the entered last name and convert it to lowercase

26-12-2024T18:58:38 - [TEST_STEP][PASSED] - lastname = getAttribute(findTestObject("Object Repository/Employee-Onboarding/Page_OrangeHRM/input_Employee Full Name_lastName"), "value").toLowerCase(): Attribute 'value' of object 'Object Repository/Employee-Onboarding/Page_OrangeHRM/input_Employee Full Name_lastName' is: 'Lewis'

26-12-2024T18:58:38 - [MESSAGE][PASSED] - Attribute 'value' of object 'Object Repository/Employee-Onboarding/Page_OrangeHRM/input_Employee Full Name_lastName' is: 'Lewis'

26-12-2024T18:58:38 - [TEST_STEP][PASSED] - comment("Step 11: Concatenate the first and last names to generate a username"): Step 11: Concatenate the first and last names to generate a username

26-12-2024T18:58:38 - [MESSAGE][INFO] - Step 11: Concatenate the first and last names to generate a username

26-12-2024T18:58:38 - [TEST_STEP][PASSED] - username = firstname + "." + lastname: null

26-12-2024T18:58:38 - [TEST_STEP][PASSED] - comment("Step 12: Set the username field with the generated username"): Step 12: Set the username field with the generated username

26-12-2024T18:58:38 - [MESSAGE][INFO] - Step 12: Set the username field with the generated username

26-12-2024T18:58:38 - [TEST_STEP][PASSED] - setText(findTestObject("Object Repository/Employee-Onboarding/Page_OrangeHRM/input_Username_oxd-input oxd-input--focus"), username): Text 'erik.lewis' is set on object 'Object Repository/Employee-Onboarding/Page_OrangeHRM/input_Username_oxd-input oxd-input--focus'

26-12-2024T18:58:38 - [MESSAGE][PASSED] - Text 'erik.lewis' is set on object 'Object Repository/Employee-Onboarding/Page_OrangeHRM/input_Username_oxd-input oxd-input--focus'

26-12-2024T18:58:38 - [TEST_STEP][PASSED] - comment("Step 13: Enter an encrypted password into the password field"): Step 13: Enter an encrypted password into the password field

26-12-2024T18:58:38 - [MESSAGE][INFO] - Step 13: Enter an encrypted password into the password field

26-12-2024T18:58:38 - [TEST_STEP][PASSED] - setEncryptedText(findTestObject("Object Repository/Employee-Onboarding/Page_OrangeHRM/input_Password_oxd-input oxd-input--active"), EmployeePassword): Text ****** has been set on object 'Object Repository/Employee-Onboarding/Page_OrangeHRM/input_Password_oxd-input oxd-input--active'

26-12-2024T18:58:39 - [MESSAGE][PASSED] - Text ****** has been set on object 'Object Repository/Employee-Onboarding/Page_OrangeHRM/input_Password_oxd-input oxd-input--active'

26-12-2024T18:58:39 - [TEST_STEP][PASSED] - comment("Step 14: Enter an encrypted password into the confirm password field"): Step 14: Enter an encrypted password into the confirm password field

26-12-2024T18:58:39 - [MESSAGE][INFO] - Step 14: Enter an encrypted password into the confirm password field

26-12-2024T18:58:39 - [TEST_STEP][PASSED] - setEncryptedText(findTestObject("Object Repository/Employee-Onboarding/Page_OrangeHRM/input_Confirm Password_oxd-input oxd-input-_a3aecb"), EmployeePassword): Text ****** has been set on object 'Object Repository/Employee-Onboarding/Page_OrangeHRM/input_Confirm Password_oxd-input oxd-input-_a3aecb'

26-12-2024T18:58:39 - [MESSAGE][PASSED] - Text ****** has been set on object 'Object Repository/Employee-Onboarding/Page_OrangeHRM/input_Confirm Password_oxd-input oxd-input-_a3aecb'

26-12-2024T18:58:39 - [TEST_STEP][PASSED] - comment("Step 15: Click the "Save" button to finalize adding the new employee"): Step 15: Click the "Save" button to finalize adding the new employee

26-12-2024T18:58:39 - [MESSAGE][INFO] - Step 15: Click the "Save" button to finalize adding the new employee

26-12-2024T18:58:39 - [TEST_STEP][PASSED] - click(findTestObject("Object Repository/Employee-Onboarding/Page_OrangeHRM/button_Save")): Object: 'Object Repository/Employee-Onboarding/Page_OrangeHRM/button_Save' is clicked on

26-12-2024T18:58:39 - [MESSAGE][PASSED] - Object: 'Object Repository/Employee-Onboarding/Page_OrangeHRM/button_Save' is clicked on

26-12-2024T18:58:39 - [TEST_STEP][PASSED] - delay(2): Delayed 2 second(s)

26-12-2024T18:58:41 - [MESSAGE][PASSED] - Delayed 2 second(s)]]></system-out>
         <system-err><![CDATA[]]></system-err>
      </testcase>
      <testcase name="Test Cases/Employee_Onboarding/TC_Employee_Onboarding" time="11.027" classname="Test Cases/Employee_Onboarding/TC_Employee_Onboarding" status="PASSED">
         <system-out><![CDATA[26-12-2024T18:58:41 - [TEST_CASE][PASSED] - Test Cases/Employee_Onboarding/TC_Employee_Onboarding: Test Cases/Employee_Onboarding/TC_Employee_Onboarding

26-12-2024T18:58:41 - [TEST_STEP][PASSED] - comment("Step 1: Click on the PIM module link"): Step 1: Click on the PIM module link

26-12-2024T18:58:41 - [MESSAGE][INFO] - Step 1: Click on the PIM module link

26-12-2024T18:58:41 - [TEST_STEP][PASSED] - click(findTestObject("Object Repository/Employee-Onboarding/Page_OrangeHRM/a_PIM")): Object: 'Object Repository/Employee-Onboarding/Page_OrangeHRM/a_PIM' is clicked on

26-12-2024T18:58:43 - [MESSAGE][PASSED] - Object: 'Object Repository/Employee-Onboarding/Page_OrangeHRM/a_PIM' is clicked on

26-12-2024T18:58:43 - [TEST_STEP][PASSED] - comment("Step 2: Click the "Add" button to add a new employee"): Step 2: Click the "Add" button to add a new employee

26-12-2024T18:58:43 - [MESSAGE][INFO] - Step 2: Click the "Add" button to add a new employee

26-12-2024T18:58:43 - [TEST_STEP][PASSED] - click(findTestObject("Object Repository/Employee-Onboarding/Page_OrangeHRM/button_Add")): Object: 'Object Repository/Employee-Onboarding/Page_OrangeHRM/button_Add' is clicked on

26-12-2024T18:58:45 - [MESSAGE][PASSED] - Object: 'Object Repository/Employee-Onboarding/Page_OrangeHRM/button_Add' is clicked on

26-12-2024T18:58:45 - [TEST_STEP][PASSED] - comment("Step 3: Focus on the "First Name" input field"): Step 3: Focus on the "First Name" input field

26-12-2024T18:58:45 - [MESSAGE][INFO] - Step 3: Focus on the "First Name" input field

26-12-2024T18:58:45 - [TEST_STEP][PASSED] - click(findTestObject("Object Repository/Employee-Onboarding/Page_OrangeHRM/input_Employee Full Name_firstName")): Object: 'Object Repository/Employee-Onboarding/Page_OrangeHRM/input_Employee Full Name_firstName' is clicked on

26-12-2024T18:58:46 - [MESSAGE][PASSED] - Object: 'Object Repository/Employee-Onboarding/Page_OrangeHRM/input_Employee Full Name_firstName' is clicked on

26-12-2024T18:58:46 - [TEST_STEP][PASSED] - comment("Step 4: Enter the employee's first name"): Step 4: Enter the employee's first name

26-12-2024T18:58:46 - [MESSAGE][INFO] - Step 4: Enter the employee's first name

26-12-2024T18:58:46 - [TEST_STEP][PASSED] - setText(findTestObject("Object Repository/Employee-Onboarding/Page_OrangeHRM/input_Employee Full Name_firstName"), Firstname): Text 'Vicki' is set on object 'Object Repository/Employee-Onboarding/Page_OrangeHRM/input_Employee Full Name_firstName'

26-12-2024T18:58:47 - [MESSAGE][PASSED] - Text 'Vicki' is set on object 'Object Repository/Employee-Onboarding/Page_OrangeHRM/input_Employee Full Name_firstName'

26-12-2024T18:58:47 - [TEST_STEP][PASSED] - comment("Step 5: Enter the employee's last name"): Step 5: Enter the employee's last name

26-12-2024T18:58:47 - [MESSAGE][INFO] - Step 5: Enter the employee's last name

26-12-2024T18:58:47 - [TEST_STEP][PASSED] - setText(findTestObject("Object Repository/Employee-Onboarding/Page_OrangeHRM/input_Employee Full Name_lastName"), Lastname): Text 'Michael' is set on object 'Object Repository/Employee-Onboarding/Page_OrangeHRM/input_Employee Full Name_lastName'

26-12-2024T18:58:47 - [MESSAGE][PASSED] - Text 'Michael' is set on object 'Object Repository/Employee-Onboarding/Page_OrangeHRM/input_Employee Full Name_lastName'

26-12-2024T18:58:47 - [TEST_STEP][PASSED] - comment("Step 6: Clear the default value in the "Employee ID" field"): Step 6: Clear the default value in the "Employee ID" field

26-12-2024T18:58:47 - [MESSAGE][INFO] - Step 6: Clear the default value in the "Employee ID" field

26-12-2024T18:58:47 - [TEST_STEP][PASSED] - clearText(findTestObject("Object Repository/Employee-Onboarding/Page_OrangeHRM/input_Employee Id_oxd-input oxd-input--focus")): Text of object 'Object Repository/Employee-Onboarding/Page_OrangeHRM/input_Employee Id_oxd-input oxd-input--focus' is cleared

26-12-2024T18:58:48 - [MESSAGE][PASSED] - Text of object 'Object Repository/Employee-Onboarding/Page_OrangeHRM/input_Employee Id_oxd-input oxd-input--focus' is cleared

26-12-2024T18:58:48 - [TEST_STEP][PASSED] - comment("Step 7: Set the employee ID field with a new value"): Step 7: Set the employee ID field with a new value

26-12-2024T18:58:48 - [MESSAGE][INFO] - Step 7: Set the employee ID field with a new value

26-12-2024T18:58:48 - [TEST_STEP][PASSED] - setText(findTestObject("Object Repository/Employee-Onboarding/Page_OrangeHRM/input_Employee Id_oxd-input oxd-input--focus"), ""): Text '' is set on object 'Object Repository/Employee-Onboarding/Page_OrangeHRM/input_Employee Id_oxd-input oxd-input--focus'

26-12-2024T18:58:48 - [MESSAGE][PASSED] - Text '' is set on object 'Object Repository/Employee-Onboarding/Page_OrangeHRM/input_Employee Id_oxd-input oxd-input--focus'

26-12-2024T18:58:48 - [TEST_STEP][PASSED] - comment("Step 8: Toggle the switch related to the Employee ID"): Step 8: Toggle the switch related to the Employee ID

26-12-2024T18:58:48 - [MESSAGE][INFO] - Step 8: Toggle the switch related to the Employee ID

26-12-2024T18:58:48 - [TEST_STEP][PASSED] - click(findTestObject("Object Repository/Employee-Onboarding/Page_OrangeHRM/span_Employee Id_oxd-switch-input oxd-switc_efe210")): Object: 'Object Repository/Employee-Onboarding/Page_OrangeHRM/span_Employee Id_oxd-switch-input oxd-switc_efe210' is clicked on

26-12-2024T18:58:48 - [MESSAGE][PASSED] - Object: 'Object Repository/Employee-Onboarding/Page_OrangeHRM/span_Employee Id_oxd-switch-input oxd-switc_efe210' is clicked on

26-12-2024T18:58:48 - [TEST_STEP][PASSED] - comment("Step 9: Retrieve the entered first name and convert it to lowercase"): Step 9: Retrieve the entered first name and convert it to lowercase

26-12-2024T18:58:48 - [MESSAGE][INFO] - Step 9: Retrieve the entered first name and convert it to lowercase

26-12-2024T18:58:48 - [TEST_STEP][PASSED] - firstname = getAttribute(findTestObject("Object Repository/Employee-Onboarding/Page_OrangeHRM/input_Employee Full Name_firstName"), "value").toLowerCase(): Attribute 'value' of object 'Object Repository/Employee-Onboarding/Page_OrangeHRM/input_Employee Full Name_firstName' is: 'Vicki'

26-12-2024T18:58:49 - [MESSAGE][PASSED] - Attribute 'value' of object 'Object Repository/Employee-Onboarding/Page_OrangeHRM/input_Employee Full Name_firstName' is: 'Vicki'

26-12-2024T18:58:49 - [TEST_STEP][PASSED] - comment("Step 10: Retrieve the entered last name and convert it to lowercase"): Step 10: Retrieve the entered last name and convert it to lowercase

26-12-2024T18:58:49 - [MESSAGE][INFO] - Step 10: Retrieve the entered last name and convert it to lowercase

26-12-2024T18:58:49 - [TEST_STEP][PASSED] - lastname = getAttribute(findTestObject("Object Repository/Employee-Onboarding/Page_OrangeHRM/input_Employee Full Name_lastName"), "value").toLowerCase(): Attribute 'value' of object 'Object Repository/Employee-Onboarding/Page_OrangeHRM/input_Employee Full Name_lastName' is: 'Michael'

26-12-2024T18:58:49 - [MESSAGE][PASSED] - Attribute 'value' of object 'Object Repository/Employee-Onboarding/Page_OrangeHRM/input_Employee Full Name_lastName' is: 'Michael'

26-12-2024T18:58:49 - [TEST_STEP][PASSED] - comment("Step 11: Concatenate the first and last names to generate a username"): Step 11: Concatenate the first and last names to generate a username

26-12-2024T18:58:49 - [MESSAGE][INFO] - Step 11: Concatenate the first and last names to generate a username

26-12-2024T18:58:49 - [TEST_STEP][PASSED] - username = firstname + "." + lastname: null

26-12-2024T18:58:49 - [TEST_STEP][PASSED] - comment("Step 12: Set the username field with the generated username"): Step 12: Set the username field with the generated username

26-12-2024T18:58:49 - [MESSAGE][INFO] - Step 12: Set the username field with the generated username

26-12-2024T18:58:49 - [TEST_STEP][PASSED] - setText(findTestObject("Object Repository/Employee-Onboarding/Page_OrangeHRM/input_Username_oxd-input oxd-input--focus"), username): Text 'vicki.michael' is set on object 'Object Repository/Employee-Onboarding/Page_OrangeHRM/input_Username_oxd-input oxd-input--focus'

26-12-2024T18:58:49 - [MESSAGE][PASSED] - Text 'vicki.michael' is set on object 'Object Repository/Employee-Onboarding/Page_OrangeHRM/input_Username_oxd-input oxd-input--focus'

26-12-2024T18:58:49 - [TEST_STEP][PASSED] - comment("Step 13: Enter an encrypted password into the password field"): Step 13: Enter an encrypted password into the password field

26-12-2024T18:58:49 - [MESSAGE][INFO] - Step 13: Enter an encrypted password into the password field

26-12-2024T18:58:49 - [TEST_STEP][PASSED] - setEncryptedText(findTestObject("Object Repository/Employee-Onboarding/Page_OrangeHRM/input_Password_oxd-input oxd-input--active"), EmployeePassword): Text ****** has been set on object 'Object Repository/Employee-Onboarding/Page_OrangeHRM/input_Password_oxd-input oxd-input--active'

26-12-2024T18:58:50 - [MESSAGE][PASSED] - Text ****** has been set on object 'Object Repository/Employee-Onboarding/Page_OrangeHRM/input_Password_oxd-input oxd-input--active'

26-12-2024T18:58:50 - [TEST_STEP][PASSED] - comment("Step 14: Enter an encrypted password into the confirm password field"): Step 14: Enter an encrypted password into the confirm password field

26-12-2024T18:58:50 - [MESSAGE][INFO] - Step 14: Enter an encrypted password into the confirm password field

26-12-2024T18:58:50 - [TEST_STEP][PASSED] - setEncryptedText(findTestObject("Object Repository/Employee-Onboarding/Page_OrangeHRM/input_Confirm Password_oxd-input oxd-input-_a3aecb"), EmployeePassword): Text ****** has been set on object 'Object Repository/Employee-Onboarding/Page_OrangeHRM/input_Confirm Password_oxd-input oxd-input-_a3aecb'

26-12-2024T18:58:50 - [MESSAGE][PASSED] - Text ****** has been set on object 'Object Repository/Employee-Onboarding/Page_OrangeHRM/input_Confirm Password_oxd-input oxd-input-_a3aecb'

26-12-2024T18:58:50 - [TEST_STEP][PASSED] - comment("Step 15: Click the "Save" button to finalize adding the new employee"): Step 15: Click the "Save" button to finalize adding the new employee

26-12-2024T18:58:50 - [MESSAGE][INFO] - Step 15: Click the "Save" button to finalize adding the new employee

26-12-2024T18:58:50 - [TEST_STEP][PASSED] - click(findTestObject("Object Repository/Employee-Onboarding/Page_OrangeHRM/button_Save")): Object: 'Object Repository/Employee-Onboarding/Page_OrangeHRM/button_Save' is clicked on

26-12-2024T18:58:50 - [MESSAGE][PASSED] - Object: 'Object Repository/Employee-Onboarding/Page_OrangeHRM/button_Save' is clicked on

26-12-2024T18:58:50 - [TEST_STEP][PASSED] - delay(2): Delayed 2 second(s)

26-12-2024T18:58:52 - [MESSAGE][PASSED] - Delayed 2 second(s)]]></system-out>
         <system-err><![CDATA[]]></system-err>
      </testcase>
      <testcase name="Test Cases/Employee_Onboarding/TC_Employee_Onboarding" time="11.514" classname="Test Cases/Employee_Onboarding/TC_Employee_Onboarding" status="PASSED">
         <system-out><![CDATA[26-12-2024T18:58:52 - [TEST_CASE][PASSED] - Test Cases/Employee_Onboarding/TC_Employee_Onboarding: Test Cases/Employee_Onboarding/TC_Employee_Onboarding

26-12-2024T18:58:52 - [TEST_STEP][PASSED] - comment("Step 1: Click on the PIM module link"): Step 1: Click on the PIM module link

26-12-2024T18:58:52 - [MESSAGE][INFO] - Step 1: Click on the PIM module link

26-12-2024T18:58:52 - [TEST_STEP][PASSED] - click(findTestObject("Object Repository/Employee-Onboarding/Page_OrangeHRM/a_PIM")): Object: 'Object Repository/Employee-Onboarding/Page_OrangeHRM/a_PIM' is clicked on

26-12-2024T18:58:54 - [MESSAGE][PASSED] - Object: 'Object Repository/Employee-Onboarding/Page_OrangeHRM/a_PIM' is clicked on

26-12-2024T18:58:54 - [TEST_STEP][PASSED] - comment("Step 2: Click the "Add" button to add a new employee"): Step 2: Click the "Add" button to add a new employee

26-12-2024T18:58:54 - [MESSAGE][INFO] - Step 2: Click the "Add" button to add a new employee

26-12-2024T18:58:54 - [TEST_STEP][PASSED] - click(findTestObject("Object Repository/Employee-Onboarding/Page_OrangeHRM/button_Add")): Object: 'Object Repository/Employee-Onboarding/Page_OrangeHRM/button_Add' is clicked on

26-12-2024T18:58:56 - [MESSAGE][PASSED] - Object: 'Object Repository/Employee-Onboarding/Page_OrangeHRM/button_Add' is clicked on

26-12-2024T18:58:56 - [TEST_STEP][PASSED] - comment("Step 3: Focus on the "First Name" input field"): Step 3: Focus on the "First Name" input field

26-12-2024T18:58:56 - [MESSAGE][INFO] - Step 3: Focus on the "First Name" input field

26-12-2024T18:58:56 - [TEST_STEP][PASSED] - click(findTestObject("Object Repository/Employee-Onboarding/Page_OrangeHRM/input_Employee Full Name_firstName")): Object: 'Object Repository/Employee-Onboarding/Page_OrangeHRM/input_Employee Full Name_firstName' is clicked on

26-12-2024T18:58:58 - [MESSAGE][PASSED] - Object: 'Object Repository/Employee-Onboarding/Page_OrangeHRM/input_Employee Full Name_firstName' is clicked on

26-12-2024T18:58:58 - [TEST_STEP][PASSED] - comment("Step 4: Enter the employee's first name"): Step 4: Enter the employee's first name

26-12-2024T18:58:58 - [MESSAGE][INFO] - Step 4: Enter the employee's first name

26-12-2024T18:58:58 - [TEST_STEP][PASSED] - setText(findTestObject("Object Repository/Employee-Onboarding/Page_OrangeHRM/input_Employee Full Name_firstName"), Firstname): Text 'Laura' is set on object 'Object Repository/Employee-Onboarding/Page_OrangeHRM/input_Employee Full Name_firstName'

26-12-2024T18:58:58 - [MESSAGE][PASSED] - Text 'Laura' is set on object 'Object Repository/Employee-Onboarding/Page_OrangeHRM/input_Employee Full Name_firstName'

26-12-2024T18:58:58 - [TEST_STEP][PASSED] - comment("Step 5: Enter the employee's last name"): Step 5: Enter the employee's last name

26-12-2024T18:58:58 - [MESSAGE][INFO] - Step 5: Enter the employee's last name

26-12-2024T18:58:58 - [TEST_STEP][PASSED] - setText(findTestObject("Object Repository/Employee-Onboarding/Page_OrangeHRM/input_Employee Full Name_lastName"), Lastname): Text 'Carter' is set on object 'Object Repository/Employee-Onboarding/Page_OrangeHRM/input_Employee Full Name_lastName'

26-12-2024T18:58:59 - [MESSAGE][PASSED] - Text 'Carter' is set on object 'Object Repository/Employee-Onboarding/Page_OrangeHRM/input_Employee Full Name_lastName'

26-12-2024T18:58:59 - [TEST_STEP][PASSED] - comment("Step 6: Clear the default value in the "Employee ID" field"): Step 6: Clear the default value in the "Employee ID" field

26-12-2024T18:58:59 - [MESSAGE][INFO] - Step 6: Clear the default value in the "Employee ID" field

26-12-2024T18:58:59 - [TEST_STEP][PASSED] - clearText(findTestObject("Object Repository/Employee-Onboarding/Page_OrangeHRM/input_Employee Id_oxd-input oxd-input--focus")): Text of object 'Object Repository/Employee-Onboarding/Page_OrangeHRM/input_Employee Id_oxd-input oxd-input--focus' is cleared

26-12-2024T18:58:59 - [MESSAGE][PASSED] - Text of object 'Object Repository/Employee-Onboarding/Page_OrangeHRM/input_Employee Id_oxd-input oxd-input--focus' is cleared

26-12-2024T18:58:59 - [TEST_STEP][PASSED] - comment("Step 7: Set the employee ID field with a new value"): Step 7: Set the employee ID field with a new value

26-12-2024T18:58:59 - [MESSAGE][INFO] - Step 7: Set the employee ID field with a new value

26-12-2024T18:58:59 - [TEST_STEP][PASSED] - setText(findTestObject("Object Repository/Employee-Onboarding/Page_OrangeHRM/input_Employee Id_oxd-input oxd-input--focus"), ""): Text '' is set on object 'Object Repository/Employee-Onboarding/Page_OrangeHRM/input_Employee Id_oxd-input oxd-input--focus'

26-12-2024T18:59:00 - [MESSAGE][PASSED] - Text '' is set on object 'Object Repository/Employee-Onboarding/Page_OrangeHRM/input_Employee Id_oxd-input oxd-input--focus'

26-12-2024T18:59:00 - [TEST_STEP][PASSED] - comment("Step 8: Toggle the switch related to the Employee ID"): Step 8: Toggle the switch related to the Employee ID

26-12-2024T18:59:00 - [MESSAGE][INFO] - Step 8: Toggle the switch related to the Employee ID

26-12-2024T18:59:00 - [TEST_STEP][PASSED] - click(findTestObject("Object Repository/Employee-Onboarding/Page_OrangeHRM/span_Employee Id_oxd-switch-input oxd-switc_efe210")): Object: 'Object Repository/Employee-Onboarding/Page_OrangeHRM/span_Employee Id_oxd-switch-input oxd-switc_efe210' is clicked on

26-12-2024T18:59:00 - [MESSAGE][PASSED] - Object: 'Object Repository/Employee-Onboarding/Page_OrangeHRM/span_Employee Id_oxd-switch-input oxd-switc_efe210' is clicked on

26-12-2024T18:59:00 - [TEST_STEP][PASSED] - comment("Step 9: Retrieve the entered first name and convert it to lowercase"): Step 9: Retrieve the entered first name and convert it to lowercase

26-12-2024T18:59:00 - [MESSAGE][INFO] - Step 9: Retrieve the entered first name and convert it to lowercase

26-12-2024T18:59:00 - [TEST_STEP][PASSED] - firstname = getAttribute(findTestObject("Object Repository/Employee-Onboarding/Page_OrangeHRM/input_Employee Full Name_firstName"), "value").toLowerCase(): Attribute 'value' of object 'Object Repository/Employee-Onboarding/Page_OrangeHRM/input_Employee Full Name_firstName' is: 'Laura'

26-12-2024T18:59:00 - [MESSAGE][PASSED] - Attribute 'value' of object 'Object Repository/Employee-Onboarding/Page_OrangeHRM/input_Employee Full Name_firstName' is: 'Laura'

26-12-2024T18:59:00 - [TEST_STEP][PASSED] - comment("Step 10: Retrieve the entered last name and convert it to lowercase"): Step 10: Retrieve the entered last name and convert it to lowercase

26-12-2024T18:59:00 - [MESSAGE][INFO] - Step 10: Retrieve the entered last name and convert it to lowercase

26-12-2024T18:59:00 - [TEST_STEP][PASSED] - lastname = getAttribute(findTestObject("Object Repository/Employee-Onboarding/Page_OrangeHRM/input_Employee Full Name_lastName"), "value").toLowerCase(): Attribute 'value' of object 'Object Repository/Employee-Onboarding/Page_OrangeHRM/input_Employee Full Name_lastName' is: 'Carter'

26-12-2024T18:59:00 - [MESSAGE][PASSED] - Attribute 'value' of object 'Object Repository/Employee-Onboarding/Page_OrangeHRM/input_Employee Full Name_lastName' is: 'Carter'

26-12-2024T18:59:00 - [TEST_STEP][PASSED] - comment("Step 11: Concatenate the first and last names to generate a username"): Step 11: Concatenate the first and last names to generate a username

26-12-2024T18:59:00 - [MESSAGE][INFO] - Step 11: Concatenate the first and last names to generate a username

26-12-2024T18:59:00 - [TEST_STEP][PASSED] - username = firstname + "." + lastname: null

26-12-2024T18:59:00 - [TEST_STEP][PASSED] - comment("Step 12: Set the username field with the generated username"): Step 12: Set the username field with the generated username

26-12-2024T18:59:00 - [MESSAGE][INFO] - Step 12: Set the username field with the generated username

26-12-2024T18:59:00 - [TEST_STEP][PASSED] - setText(findTestObject("Object Repository/Employee-Onboarding/Page_OrangeHRM/input_Username_oxd-input oxd-input--focus"), username): Text 'laura.carter' is set on object 'Object Repository/Employee-Onboarding/Page_OrangeHRM/input_Username_oxd-input oxd-input--focus'

26-12-2024T18:59:01 - [MESSAGE][PASSED] - Text 'laura.carter' is set on object 'Object Repository/Employee-Onboarding/Page_OrangeHRM/input_Username_oxd-input oxd-input--focus'

26-12-2024T18:59:01 - [TEST_STEP][PASSED] - comment("Step 13: Enter an encrypted password into the password field"): Step 13: Enter an encrypted password into the password field

26-12-2024T18:59:01 - [MESSAGE][INFO] - Step 13: Enter an encrypted password into the password field

26-12-2024T18:59:01 - [TEST_STEP][PASSED] - setEncryptedText(findTestObject("Object Repository/Employee-Onboarding/Page_OrangeHRM/input_Password_oxd-input oxd-input--active"), EmployeePassword): Text ****** has been set on object 'Object Repository/Employee-Onboarding/Page_OrangeHRM/input_Password_oxd-input oxd-input--active'

26-12-2024T18:59:01 - [MESSAGE][PASSED] - Text ****** has been set on object 'Object Repository/Employee-Onboarding/Page_OrangeHRM/input_Password_oxd-input oxd-input--active'

26-12-2024T18:59:01 - [TEST_STEP][PASSED] - comment("Step 14: Enter an encrypted password into the confirm password field"): Step 14: Enter an encrypted password into the confirm password field

26-12-2024T18:59:01 - [MESSAGE][INFO] - Step 14: Enter an encrypted password into the confirm password field

26-12-2024T18:59:01 - [TEST_STEP][PASSED] - setEncryptedText(findTestObject("Object Repository/Employee-Onboarding/Page_OrangeHRM/input_Confirm Password_oxd-input oxd-input-_a3aecb"), EmployeePassword): Text ****** has been set on object 'Object Repository/Employee-Onboarding/Page_OrangeHRM/input_Confirm Password_oxd-input oxd-input-_a3aecb'

26-12-2024T18:59:02 - [MESSAGE][PASSED] - Text ****** has been set on object 'Object Repository/Employee-Onboarding/Page_OrangeHRM/input_Confirm Password_oxd-input oxd-input-_a3aecb'

26-12-2024T18:59:02 - [TEST_STEP][PASSED] - comment("Step 15: Click the "Save" button to finalize adding the new employee"): Step 15: Click the "Save" button to finalize adding the new employee

26-12-2024T18:59:02 - [MESSAGE][INFO] - Step 15: Click the "Save" button to finalize adding the new employee

26-12-2024T18:59:02 - [TEST_STEP][PASSED] - click(findTestObject("Object Repository/Employee-Onboarding/Page_OrangeHRM/button_Save")): Object: 'Object Repository/Employee-Onboarding/Page_OrangeHRM/button_Save' is clicked on

26-12-2024T18:59:02 - [MESSAGE][PASSED] - Object: 'Object Repository/Employee-Onboarding/Page_OrangeHRM/button_Save' is clicked on

26-12-2024T18:59:02 - [TEST_STEP][PASSED] - delay(2): Delayed 2 second(s)

26-12-2024T18:59:04 - [MESSAGE][PASSED] - Delayed 2 second(s)]]></system-out>
         <system-err><![CDATA[]]></system-err>
      </testcase>
      <testcase name="Test Cases/Employee_Onboarding/TC_Employee_Onboarding" time="11.733" classname="Test Cases/Employee_Onboarding/TC_Employee_Onboarding" status="PASSED">
         <system-out><![CDATA[26-12-2024T18:59:04 - [TEST_CASE][PASSED] - Test Cases/Employee_Onboarding/TC_Employee_Onboarding: Test Cases/Employee_Onboarding/TC_Employee_Onboarding

26-12-2024T18:59:04 - [TEST_STEP][PASSED] - comment("Step 1: Click on the PIM module link"): Step 1: Click on the PIM module link

26-12-2024T18:59:04 - [MESSAGE][INFO] - Step 1: Click on the PIM module link

26-12-2024T18:59:04 - [TEST_STEP][PASSED] - click(findTestObject("Object Repository/Employee-Onboarding/Page_OrangeHRM/a_PIM")): Object: 'Object Repository/Employee-Onboarding/Page_OrangeHRM/a_PIM' is clicked on

26-12-2024T18:59:06 - [MESSAGE][PASSED] - Object: 'Object Repository/Employee-Onboarding/Page_OrangeHRM/a_PIM' is clicked on

26-12-2024T18:59:06 - [TEST_STEP][PASSED] - comment("Step 2: Click the "Add" button to add a new employee"): Step 2: Click the "Add" button to add a new employee

26-12-2024T18:59:06 - [MESSAGE][INFO] - Step 2: Click the "Add" button to add a new employee

26-12-2024T18:59:06 - [TEST_STEP][PASSED] - click(findTestObject("Object Repository/Employee-Onboarding/Page_OrangeHRM/button_Add")): Object: 'Object Repository/Employee-Onboarding/Page_OrangeHRM/button_Add' is clicked on

26-12-2024T18:59:08 - [MESSAGE][PASSED] - Object: 'Object Repository/Employee-Onboarding/Page_OrangeHRM/button_Add' is clicked on

26-12-2024T18:59:08 - [TEST_STEP][PASSED] - comment("Step 3: Focus on the "First Name" input field"): Step 3: Focus on the "First Name" input field

26-12-2024T18:59:08 - [MESSAGE][INFO] - Step 3: Focus on the "First Name" input field

26-12-2024T18:59:08 - [TEST_STEP][PASSED] - click(findTestObject("Object Repository/Employee-Onboarding/Page_OrangeHRM/input_Employee Full Name_firstName")): Object: 'Object Repository/Employee-Onboarding/Page_OrangeHRM/input_Employee Full Name_firstName' is clicked on

26-12-2024T18:59:10 - [MESSAGE][PASSED] - Object: 'Object Repository/Employee-Onboarding/Page_OrangeHRM/input_Employee Full Name_firstName' is clicked on

26-12-2024T18:59:10 - [TEST_STEP][PASSED] - comment("Step 4: Enter the employee's first name"): Step 4: Enter the employee's first name

26-12-2024T18:59:10 - [MESSAGE][INFO] - Step 4: Enter the employee's first name

26-12-2024T18:59:10 - [TEST_STEP][PASSED] - setText(findTestObject("Object Repository/Employee-Onboarding/Page_OrangeHRM/input_Employee Full Name_firstName"), Firstname): Text 'Nathaniel' is set on object 'Object Repository/Employee-Onboarding/Page_OrangeHRM/input_Employee Full Name_firstName'

26-12-2024T18:59:10 - [MESSAGE][PASSED] - Text 'Nathaniel' is set on object 'Object Repository/Employee-Onboarding/Page_OrangeHRM/input_Employee Full Name_firstName'

26-12-2024T18:59:10 - [TEST_STEP][PASSED] - comment("Step 5: Enter the employee's last name"): Step 5: Enter the employee's last name

26-12-2024T18:59:10 - [MESSAGE][INFO] - Step 5: Enter the employee's last name

26-12-2024T18:59:10 - [TEST_STEP][PASSED] - setText(findTestObject("Object Repository/Employee-Onboarding/Page_OrangeHRM/input_Employee Full Name_lastName"), Lastname): Text 'Douglas' is set on object 'Object Repository/Employee-Onboarding/Page_OrangeHRM/input_Employee Full Name_lastName'

26-12-2024T18:59:11 - [MESSAGE][PASSED] - Text 'Douglas' is set on object 'Object Repository/Employee-Onboarding/Page_OrangeHRM/input_Employee Full Name_lastName'

26-12-2024T18:59:11 - [TEST_STEP][PASSED] - comment("Step 6: Clear the default value in the "Employee ID" field"): Step 6: Clear the default value in the "Employee ID" field

26-12-2024T18:59:11 - [MESSAGE][INFO] - Step 6: Clear the default value in the "Employee ID" field

26-12-2024T18:59:11 - [TEST_STEP][PASSED] - clearText(findTestObject("Object Repository/Employee-Onboarding/Page_OrangeHRM/input_Employee Id_oxd-input oxd-input--focus")): Text of object 'Object Repository/Employee-Onboarding/Page_OrangeHRM/input_Employee Id_oxd-input oxd-input--focus' is cleared

26-12-2024T18:59:11 - [MESSAGE][PASSED] - Text of object 'Object Repository/Employee-Onboarding/Page_OrangeHRM/input_Employee Id_oxd-input oxd-input--focus' is cleared

26-12-2024T18:59:11 - [TEST_STEP][PASSED] - comment("Step 7: Set the employee ID field with a new value"): Step 7: Set the employee ID field with a new value

26-12-2024T18:59:11 - [MESSAGE][INFO] - Step 7: Set the employee ID field with a new value

26-12-2024T18:59:11 - [TEST_STEP][PASSED] - setText(findTestObject("Object Repository/Employee-Onboarding/Page_OrangeHRM/input_Employee Id_oxd-input oxd-input--focus"), ""): Text '' is set on object 'Object Repository/Employee-Onboarding/Page_OrangeHRM/input_Employee Id_oxd-input oxd-input--focus'

26-12-2024T18:59:11 - [MESSAGE][PASSED] - Text '' is set on object 'Object Repository/Employee-Onboarding/Page_OrangeHRM/input_Employee Id_oxd-input oxd-input--focus'

26-12-2024T18:59:11 - [TEST_STEP][PASSED] - comment("Step 8: Toggle the switch related to the Employee ID"): Step 8: Toggle the switch related to the Employee ID

26-12-2024T18:59:11 - [MESSAGE][INFO] - Step 8: Toggle the switch related to the Employee ID

26-12-2024T18:59:11 - [TEST_STEP][PASSED] - click(findTestObject("Object Repository/Employee-Onboarding/Page_OrangeHRM/span_Employee Id_oxd-switch-input oxd-switc_efe210")): Object: 'Object Repository/Employee-Onboarding/Page_OrangeHRM/span_Employee Id_oxd-switch-input oxd-switc_efe210' is clicked on

26-12-2024T18:59:12 - [MESSAGE][PASSED] - Object: 'Object Repository/Employee-Onboarding/Page_OrangeHRM/span_Employee Id_oxd-switch-input oxd-switc_efe210' is clicked on

26-12-2024T18:59:12 - [TEST_STEP][PASSED] - comment("Step 9: Retrieve the entered first name and convert it to lowercase"): Step 9: Retrieve the entered first name and convert it to lowercase

26-12-2024T18:59:12 - [MESSAGE][INFO] - Step 9: Retrieve the entered first name and convert it to lowercase

26-12-2024T18:59:12 - [TEST_STEP][PASSED] - firstname = getAttribute(findTestObject("Object Repository/Employee-Onboarding/Page_OrangeHRM/input_Employee Full Name_firstName"), "value").toLowerCase(): Attribute 'value' of object 'Object Repository/Employee-Onboarding/Page_OrangeHRM/input_Employee Full Name_firstName' is: 'Nathaniel'

26-12-2024T18:59:12 - [MESSAGE][PASSED] - Attribute 'value' of object 'Object Repository/Employee-Onboarding/Page_OrangeHRM/input_Employee Full Name_firstName' is: 'Nathaniel'

26-12-2024T18:59:12 - [TEST_STEP][PASSED] - comment("Step 10: Retrieve the entered last name and convert it to lowercase"): Step 10: Retrieve the entered last name and convert it to lowercase

26-12-2024T18:59:12 - [MESSAGE][INFO] - Step 10: Retrieve the entered last name and convert it to lowercase

26-12-2024T18:59:12 - [TEST_STEP][PASSED] - lastname = getAttribute(findTestObject("Object Repository/Employee-Onboarding/Page_OrangeHRM/input_Employee Full Name_lastName"), "value").toLowerCase(): Attribute 'value' of object 'Object Repository/Employee-Onboarding/Page_OrangeHRM/input_Employee Full Name_lastName' is: 'Douglas'

26-12-2024T18:59:12 - [MESSAGE][PASSED] - Attribute 'value' of object 'Object Repository/Employee-Onboarding/Page_OrangeHRM/input_Employee Full Name_lastName' is: 'Douglas'

26-12-2024T18:59:12 - [TEST_STEP][PASSED] - comment("Step 11: Concatenate the first and last names to generate a username"): Step 11: Concatenate the first and last names to generate a username

26-12-2024T18:59:12 - [MESSAGE][INFO] - Step 11: Concatenate the first and last names to generate a username

26-12-2024T18:59:12 - [TEST_STEP][PASSED] - username = firstname + "." + lastname: null

26-12-2024T18:59:12 - [TEST_STEP][PASSED] - comment("Step 12: Set the username field with the generated username"): Step 12: Set the username field with the generated username

26-12-2024T18:59:12 - [MESSAGE][INFO] - Step 12: Set the username field with the generated username

26-12-2024T18:59:12 - [TEST_STEP][PASSED] - setText(findTestObject("Object Repository/Employee-Onboarding/Page_OrangeHRM/input_Username_oxd-input oxd-input--focus"), username): Text 'nathaniel.douglas' is set on object 'Object Repository/Employee-Onboarding/Page_OrangeHRM/input_Username_oxd-input oxd-input--focus'

26-12-2024T18:59:13 - [MESSAGE][PASSED] - Text 'nathaniel.douglas' is set on object 'Object Repository/Employee-Onboarding/Page_OrangeHRM/input_Username_oxd-input oxd-input--focus'

26-12-2024T18:59:13 - [TEST_STEP][PASSED] - comment("Step 13: Enter an encrypted password into the password field"): Step 13: Enter an encrypted password into the password field

26-12-2024T18:59:13 - [MESSAGE][INFO] - Step 13: Enter an encrypted password into the password field

26-12-2024T18:59:13 - [TEST_STEP][PASSED] - setEncryptedText(findTestObject("Object Repository/Employee-Onboarding/Page_OrangeHRM/input_Password_oxd-input oxd-input--active"), EmployeePassword): Text ****** has been set on object 'Object Repository/Employee-Onboarding/Page_OrangeHRM/input_Password_oxd-input oxd-input--active'

26-12-2024T18:59:13 - [MESSAGE][PASSED] - Text ****** has been set on object 'Object Repository/Employee-Onboarding/Page_OrangeHRM/input_Password_oxd-input oxd-input--active'

26-12-2024T18:59:13 - [TEST_STEP][PASSED] - comment("Step 14: Enter an encrypted password into the confirm password field"): Step 14: Enter an encrypted password into the confirm password field

26-12-2024T18:59:13 - [MESSAGE][INFO] - Step 14: Enter an encrypted password into the confirm password field

26-12-2024T18:59:13 - [TEST_STEP][PASSED] - setEncryptedText(findTestObject("Object Repository/Employee-Onboarding/Page_OrangeHRM/input_Confirm Password_oxd-input oxd-input-_a3aecb"), EmployeePassword): Text ****** has been set on object 'Object Repository/Employee-Onboarding/Page_OrangeHRM/input_Confirm Password_oxd-input oxd-input-_a3aecb'

26-12-2024T18:59:13 - [MESSAGE][PASSED] - Text ****** has been set on object 'Object Repository/Employee-Onboarding/Page_OrangeHRM/input_Confirm Password_oxd-input oxd-input-_a3aecb'

26-12-2024T18:59:13 - [TEST_STEP][PASSED] - comment("Step 15: Click the "Save" button to finalize adding the new employee"): Step 15: Click the "Save" button to finalize adding the new employee

26-12-2024T18:59:13 - [MESSAGE][INFO] - Step 15: Click the "Save" button to finalize adding the new employee

26-12-2024T18:59:13 - [TEST_STEP][PASSED] - click(findTestObject("Object Repository/Employee-Onboarding/Page_OrangeHRM/button_Save")): Object: 'Object Repository/Employee-Onboarding/Page_OrangeHRM/button_Save' is clicked on

26-12-2024T18:59:14 - [MESSAGE][PASSED] - Object: 'Object Repository/Employee-Onboarding/Page_OrangeHRM/button_Save' is clicked on

26-12-2024T18:59:14 - [TEST_STEP][PASSED] - delay(2): Delayed 2 second(s)

26-12-2024T18:59:16 - [MESSAGE][PASSED] - Delayed 2 second(s)]]></system-out>
         <system-err><![CDATA[]]></system-err>
      </testcase>
      <testcase name="Test Cases/Employee_Onboarding/TC_Employee_Onboarding" time="11.179" classname="Test Cases/Employee_Onboarding/TC_Employee_Onboarding" status="PASSED">
         <system-out><![CDATA[26-12-2024T18:59:16 - [TEST_CASE][PASSED] - Test Cases/Employee_Onboarding/TC_Employee_Onboarding: Test Cases/Employee_Onboarding/TC_Employee_Onboarding

26-12-2024T18:59:16 - [TEST_STEP][PASSED] - comment("Step 1: Click on the PIM module link"): Step 1: Click on the PIM module link

26-12-2024T18:59:16 - [MESSAGE][INFO] - Step 1: Click on the PIM module link

26-12-2024T18:59:16 - [TEST_STEP][PASSED] - click(findTestObject("Object Repository/Employee-Onboarding/Page_OrangeHRM/a_PIM")): Object: 'Object Repository/Employee-Onboarding/Page_OrangeHRM/a_PIM' is clicked on

26-12-2024T18:59:17 - [MESSAGE][PASSED] - Object: 'Object Repository/Employee-Onboarding/Page_OrangeHRM/a_PIM' is clicked on

26-12-2024T18:59:17 - [TEST_STEP][PASSED] - comment("Step 2: Click the "Add" button to add a new employee"): Step 2: Click the "Add" button to add a new employee

26-12-2024T18:59:17 - [MESSAGE][INFO] - Step 2: Click the "Add" button to add a new employee

26-12-2024T18:59:17 - [TEST_STEP][PASSED] - click(findTestObject("Object Repository/Employee-Onboarding/Page_OrangeHRM/button_Add")): Object: 'Object Repository/Employee-Onboarding/Page_OrangeHRM/button_Add' is clicked on

26-12-2024T18:59:19 - [MESSAGE][PASSED] - Object: 'Object Repository/Employee-Onboarding/Page_OrangeHRM/button_Add' is clicked on

26-12-2024T18:59:19 - [TEST_STEP][PASSED] - comment("Step 3: Focus on the "First Name" input field"): Step 3: Focus on the "First Name" input field

26-12-2024T18:59:19 - [MESSAGE][INFO] - Step 3: Focus on the "First Name" input field

26-12-2024T18:59:19 - [TEST_STEP][PASSED] - click(findTestObject("Object Repository/Employee-Onboarding/Page_OrangeHRM/input_Employee Full Name_firstName")): Object: 'Object Repository/Employee-Onboarding/Page_OrangeHRM/input_Employee Full Name_firstName' is clicked on

26-12-2024T18:59:21 - [MESSAGE][PASSED] - Object: 'Object Repository/Employee-Onboarding/Page_OrangeHRM/input_Employee Full Name_firstName' is clicked on

26-12-2024T18:59:21 - [TEST_STEP][PASSED] - comment("Step 4: Enter the employee's first name"): Step 4: Enter the employee's first name

26-12-2024T18:59:21 - [MESSAGE][INFO] - Step 4: Enter the employee's first name

26-12-2024T18:59:21 - [TEST_STEP][PASSED] - setText(findTestObject("Object Repository/Employee-Onboarding/Page_OrangeHRM/input_Employee Full Name_firstName"), Firstname): Text 'Tyler' is set on object 'Object Repository/Employee-Onboarding/Page_OrangeHRM/input_Employee Full Name_firstName'

26-12-2024T18:59:21 - [MESSAGE][PASSED] - Text 'Tyler' is set on object 'Object Repository/Employee-Onboarding/Page_OrangeHRM/input_Employee Full Name_firstName'

26-12-2024T18:59:21 - [TEST_STEP][PASSED] - comment("Step 5: Enter the employee's last name"): Step 5: Enter the employee's last name

26-12-2024T18:59:21 - [MESSAGE][INFO] - Step 5: Enter the employee's last name

26-12-2024T18:59:21 - [TEST_STEP][PASSED] - setText(findTestObject("Object Repository/Employee-Onboarding/Page_OrangeHRM/input_Employee Full Name_lastName"), Lastname): Text 'Bailey' is set on object 'Object Repository/Employee-Onboarding/Page_OrangeHRM/input_Employee Full Name_lastName'

26-12-2024T18:59:22 - [MESSAGE][PASSED] - Text 'Bailey' is set on object 'Object Repository/Employee-Onboarding/Page_OrangeHRM/input_Employee Full Name_lastName'

26-12-2024T18:59:22 - [TEST_STEP][PASSED] - comment("Step 6: Clear the default value in the "Employee ID" field"): Step 6: Clear the default value in the "Employee ID" field

26-12-2024T18:59:22 - [MESSAGE][INFO] - Step 6: Clear the default value in the "Employee ID" field

26-12-2024T18:59:22 - [TEST_STEP][PASSED] - clearText(findTestObject("Object Repository/Employee-Onboarding/Page_OrangeHRM/input_Employee Id_oxd-input oxd-input--focus")): Text of object 'Object Repository/Employee-Onboarding/Page_OrangeHRM/input_Employee Id_oxd-input oxd-input--focus' is cleared

26-12-2024T18:59:22 - [MESSAGE][PASSED] - Text of object 'Object Repository/Employee-Onboarding/Page_OrangeHRM/input_Employee Id_oxd-input oxd-input--focus' is cleared

26-12-2024T18:59:22 - [TEST_STEP][PASSED] - comment("Step 7: Set the employee ID field with a new value"): Step 7: Set the employee ID field with a new value

26-12-2024T18:59:22 - [MESSAGE][INFO] - Step 7: Set the employee ID field with a new value

26-12-2024T18:59:22 - [TEST_STEP][PASSED] - setText(findTestObject("Object Repository/Employee-Onboarding/Page_OrangeHRM/input_Employee Id_oxd-input oxd-input--focus"), ""): Text '' is set on object 'Object Repository/Employee-Onboarding/Page_OrangeHRM/input_Employee Id_oxd-input oxd-input--focus'

26-12-2024T18:59:23 - [MESSAGE][PASSED] - Text '' is set on object 'Object Repository/Employee-Onboarding/Page_OrangeHRM/input_Employee Id_oxd-input oxd-input--focus'

26-12-2024T18:59:23 - [TEST_STEP][PASSED] - comment("Step 8: Toggle the switch related to the Employee ID"): Step 8: Toggle the switch related to the Employee ID

26-12-2024T18:59:23 - [MESSAGE][INFO] - Step 8: Toggle the switch related to the Employee ID

26-12-2024T18:59:23 - [TEST_STEP][PASSED] - click(findTestObject("Object Repository/Employee-Onboarding/Page_OrangeHRM/span_Employee Id_oxd-switch-input oxd-switc_efe210")): Object: 'Object Repository/Employee-Onboarding/Page_OrangeHRM/span_Employee Id_oxd-switch-input oxd-switc_efe210' is clicked on

26-12-2024T18:59:23 - [MESSAGE][PASSED] - Object: 'Object Repository/Employee-Onboarding/Page_OrangeHRM/span_Employee Id_oxd-switch-input oxd-switc_efe210' is clicked on

26-12-2024T18:59:23 - [TEST_STEP][PASSED] - comment("Step 9: Retrieve the entered first name and convert it to lowercase"): Step 9: Retrieve the entered first name and convert it to lowercase

26-12-2024T18:59:23 - [MESSAGE][INFO] - Step 9: Retrieve the entered first name and convert it to lowercase

26-12-2024T18:59:23 - [TEST_STEP][PASSED] - firstname = getAttribute(findTestObject("Object Repository/Employee-Onboarding/Page_OrangeHRM/input_Employee Full Name_firstName"), "value").toLowerCase(): Attribute 'value' of object 'Object Repository/Employee-Onboarding/Page_OrangeHRM/input_Employee Full Name_firstName' is: 'Tyler'

26-12-2024T18:59:23 - [MESSAGE][PASSED] - Attribute 'value' of object 'Object Repository/Employee-Onboarding/Page_OrangeHRM/input_Employee Full Name_firstName' is: 'Tyler'

26-12-2024T18:59:23 - [TEST_STEP][PASSED] - comment("Step 10: Retrieve the entered last name and convert it to lowercase"): Step 10: Retrieve the entered last name and convert it to lowercase

26-12-2024T18:59:23 - [MESSAGE][INFO] - Step 10: Retrieve the entered last name and convert it to lowercase

26-12-2024T18:59:23 - [TEST_STEP][PASSED] - lastname = getAttribute(findTestObject("Object Repository/Employee-Onboarding/Page_OrangeHRM/input_Employee Full Name_lastName"), "value").toLowerCase(): Attribute 'value' of object 'Object Repository/Employee-Onboarding/Page_OrangeHRM/input_Employee Full Name_lastName' is: 'Bailey'

26-12-2024T18:59:23 - [MESSAGE][PASSED] - Attribute 'value' of object 'Object Repository/Employee-Onboarding/Page_OrangeHRM/input_Employee Full Name_lastName' is: 'Bailey'

26-12-2024T18:59:23 - [TEST_STEP][PASSED] - comment("Step 11: Concatenate the first and last names to generate a username"): Step 11: Concatenate the first and last names to generate a username

26-12-2024T18:59:23 - [MESSAGE][INFO] - Step 11: Concatenate the first and last names to generate a username

26-12-2024T18:59:23 - [TEST_STEP][PASSED] - username = firstname + "." + lastname: null

26-12-2024T18:59:23 - [TEST_STEP][PASSED] - comment("Step 12: Set the username field with the generated username"): Step 12: Set the username field with the generated username

26-12-2024T18:59:23 - [MESSAGE][INFO] - Step 12: Set the username field with the generated username

26-12-2024T18:59:23 - [TEST_STEP][PASSED] - setText(findTestObject("Object Repository/Employee-Onboarding/Page_OrangeHRM/input_Username_oxd-input oxd-input--focus"), username): Text 'tyler.bailey' is set on object 'Object Repository/Employee-Onboarding/Page_OrangeHRM/input_Username_oxd-input oxd-input--focus'

26-12-2024T18:59:24 - [MESSAGE][PASSED] - Text 'tyler.bailey' is set on object 'Object Repository/Employee-Onboarding/Page_OrangeHRM/input_Username_oxd-input oxd-input--focus'

26-12-2024T18:59:24 - [TEST_STEP][PASSED] - comment("Step 13: Enter an encrypted password into the password field"): Step 13: Enter an encrypted password into the password field

26-12-2024T18:59:24 - [MESSAGE][INFO] - Step 13: Enter an encrypted password into the password field

26-12-2024T18:59:24 - [TEST_STEP][PASSED] - setEncryptedText(findTestObject("Object Repository/Employee-Onboarding/Page_OrangeHRM/input_Password_oxd-input oxd-input--active"), EmployeePassword): Text ****** has been set on object 'Object Repository/Employee-Onboarding/Page_OrangeHRM/input_Password_oxd-input oxd-input--active'

26-12-2024T18:59:24 - [MESSAGE][PASSED] - Text ****** has been set on object 'Object Repository/Employee-Onboarding/Page_OrangeHRM/input_Password_oxd-input oxd-input--active'

26-12-2024T18:59:24 - [TEST_STEP][PASSED] - comment("Step 14: Enter an encrypted password into the confirm password field"): Step 14: Enter an encrypted password into the confirm password field

26-12-2024T18:59:24 - [MESSAGE][INFO] - Step 14: Enter an encrypted password into the confirm password field

26-12-2024T18:59:24 - [TEST_STEP][PASSED] - setEncryptedText(findTestObject("Object Repository/Employee-Onboarding/Page_OrangeHRM/input_Confirm Password_oxd-input oxd-input-_a3aecb"), EmployeePassword): Text ****** has been set on object 'Object Repository/Employee-Onboarding/Page_OrangeHRM/input_Confirm Password_oxd-input oxd-input-_a3aecb'

26-12-2024T18:59:25 - [MESSAGE][PASSED] - Text ****** has been set on object 'Object Repository/Employee-Onboarding/Page_OrangeHRM/input_Confirm Password_oxd-input oxd-input-_a3aecb'

26-12-2024T18:59:25 - [TEST_STEP][PASSED] - comment("Step 15: Click the "Save" button to finalize adding the new employee"): Step 15: Click the "Save" button to finalize adding the new employee

26-12-2024T18:59:25 - [MESSAGE][INFO] - Step 15: Click the "Save" button to finalize adding the new employee

26-12-2024T18:59:25 - [TEST_STEP][PASSED] - click(findTestObject("Object Repository/Employee-Onboarding/Page_OrangeHRM/button_Save")): Object: 'Object Repository/Employee-Onboarding/Page_OrangeHRM/button_Save' is clicked on

26-12-2024T18:59:25 - [MESSAGE][PASSED] - Object: 'Object Repository/Employee-Onboarding/Page_OrangeHRM/button_Save' is clicked on

26-12-2024T18:59:25 - [TEST_STEP][PASSED] - delay(2): Delayed 2 second(s)

26-12-2024T18:59:27 - [MESSAGE][PASSED] - Delayed 2 second(s)]]></system-out>
         <system-err><![CDATA[]]></system-err>
      </testcase>
      <testcase name="Test Cases/Employee_Onboarding/TC_Employee_Onboarding" time="11.46" classname="Test Cases/Employee_Onboarding/TC_Employee_Onboarding" status="PASSED">
         <system-out><![CDATA[26-12-2024T18:59:27 - [TEST_CASE][PASSED] - Test Cases/Employee_Onboarding/TC_Employee_Onboarding: Test Cases/Employee_Onboarding/TC_Employee_Onboarding

26-12-2024T18:59:27 - [TEST_STEP][PASSED] - comment("Step 1: Click on the PIM module link"): Step 1: Click on the PIM module link

26-12-2024T18:59:27 - [MESSAGE][INFO] - Step 1: Click on the PIM module link

26-12-2024T18:59:27 - [TEST_STEP][PASSED] - click(findTestObject("Object Repository/Employee-Onboarding/Page_OrangeHRM/a_PIM")): Object: 'Object Repository/Employee-Onboarding/Page_OrangeHRM/a_PIM' is clicked on

26-12-2024T18:59:28 - [MESSAGE][PASSED] - Object: 'Object Repository/Employee-Onboarding/Page_OrangeHRM/a_PIM' is clicked on

26-12-2024T18:59:28 - [TEST_STEP][PASSED] - comment("Step 2: Click the "Add" button to add a new employee"): Step 2: Click the "Add" button to add a new employee

26-12-2024T18:59:28 - [MESSAGE][INFO] - Step 2: Click the "Add" button to add a new employee

26-12-2024T18:59:28 - [TEST_STEP][PASSED] - click(findTestObject("Object Repository/Employee-Onboarding/Page_OrangeHRM/button_Add")): Object: 'Object Repository/Employee-Onboarding/Page_OrangeHRM/button_Add' is clicked on

26-12-2024T18:59:31 - [MESSAGE][PASSED] - Object: 'Object Repository/Employee-Onboarding/Page_OrangeHRM/button_Add' is clicked on

26-12-2024T18:59:31 - [TEST_STEP][PASSED] - comment("Step 3: Focus on the "First Name" input field"): Step 3: Focus on the "First Name" input field

26-12-2024T18:59:31 - [MESSAGE][INFO] - Step 3: Focus on the "First Name" input field

26-12-2024T18:59:31 - [TEST_STEP][PASSED] - click(findTestObject("Object Repository/Employee-Onboarding/Page_OrangeHRM/input_Employee Full Name_firstName")): Object: 'Object Repository/Employee-Onboarding/Page_OrangeHRM/input_Employee Full Name_firstName' is clicked on

26-12-2024T18:59:32 - [MESSAGE][PASSED] - Object: 'Object Repository/Employee-Onboarding/Page_OrangeHRM/input_Employee Full Name_firstName' is clicked on

26-12-2024T18:59:32 - [TEST_STEP][PASSED] - comment("Step 4: Enter the employee's first name"): Step 4: Enter the employee's first name

26-12-2024T18:59:32 - [MESSAGE][INFO] - Step 4: Enter the employee's first name

26-12-2024T18:59:32 - [TEST_STEP][PASSED] - setText(findTestObject("Object Repository/Employee-Onboarding/Page_OrangeHRM/input_Employee Full Name_firstName"), Firstname): Text 'Alexis' is set on object 'Object Repository/Employee-Onboarding/Page_OrangeHRM/input_Employee Full Name_firstName'

26-12-2024T18:59:33 - [MESSAGE][PASSED] - Text 'Alexis' is set on object 'Object Repository/Employee-Onboarding/Page_OrangeHRM/input_Employee Full Name_firstName'

26-12-2024T18:59:33 - [TEST_STEP][PASSED] - comment("Step 5: Enter the employee's last name"): Step 5: Enter the employee's last name

26-12-2024T18:59:33 - [MESSAGE][INFO] - Step 5: Enter the employee's last name

26-12-2024T18:59:33 - [TEST_STEP][PASSED] - setText(findTestObject("Object Repository/Employee-Onboarding/Page_OrangeHRM/input_Employee Full Name_lastName"), Lastname): Text 'Collins' is set on object 'Object Repository/Employee-Onboarding/Page_OrangeHRM/input_Employee Full Name_lastName'

26-12-2024T18:59:33 - [MESSAGE][PASSED] - Text 'Collins' is set on object 'Object Repository/Employee-Onboarding/Page_OrangeHRM/input_Employee Full Name_lastName'

26-12-2024T18:59:33 - [TEST_STEP][PASSED] - comment("Step 6: Clear the default value in the "Employee ID" field"): Step 6: Clear the default value in the "Employee ID" field

26-12-2024T18:59:33 - [MESSAGE][INFO] - Step 6: Clear the default value in the "Employee ID" field

26-12-2024T18:59:33 - [TEST_STEP][PASSED] - clearText(findTestObject("Object Repository/Employee-Onboarding/Page_OrangeHRM/input_Employee Id_oxd-input oxd-input--focus")): Text of object 'Object Repository/Employee-Onboarding/Page_OrangeHRM/input_Employee Id_oxd-input oxd-input--focus' is cleared

26-12-2024T18:59:34 - [MESSAGE][PASSED] - Text of object 'Object Repository/Employee-Onboarding/Page_OrangeHRM/input_Employee Id_oxd-input oxd-input--focus' is cleared

26-12-2024T18:59:34 - [TEST_STEP][PASSED] - comment("Step 7: Set the employee ID field with a new value"): Step 7: Set the employee ID field with a new value

26-12-2024T18:59:34 - [MESSAGE][INFO] - Step 7: Set the employee ID field with a new value

26-12-2024T18:59:34 - [TEST_STEP][PASSED] - setText(findTestObject("Object Repository/Employee-Onboarding/Page_OrangeHRM/input_Employee Id_oxd-input oxd-input--focus"), ""): Text '' is set on object 'Object Repository/Employee-Onboarding/Page_OrangeHRM/input_Employee Id_oxd-input oxd-input--focus'

26-12-2024T18:59:34 - [MESSAGE][PASSED] - Text '' is set on object 'Object Repository/Employee-Onboarding/Page_OrangeHRM/input_Employee Id_oxd-input oxd-input--focus'

26-12-2024T18:59:34 - [TEST_STEP][PASSED] - comment("Step 8: Toggle the switch related to the Employee ID"): Step 8: Toggle the switch related to the Employee ID

26-12-2024T18:59:34 - [MESSAGE][INFO] - Step 8: Toggle the switch related to the Employee ID

26-12-2024T18:59:34 - [TEST_STEP][PASSED] - click(findTestObject("Object Repository/Employee-Onboarding/Page_OrangeHRM/span_Employee Id_oxd-switch-input oxd-switc_efe210")): Object: 'Object Repository/Employee-Onboarding/Page_OrangeHRM/span_Employee Id_oxd-switch-input oxd-switc_efe210' is clicked on

26-12-2024T18:59:34 - [MESSAGE][PASSED] - Object: 'Object Repository/Employee-Onboarding/Page_OrangeHRM/span_Employee Id_oxd-switch-input oxd-switc_efe210' is clicked on

26-12-2024T18:59:34 - [TEST_STEP][PASSED] - comment("Step 9: Retrieve the entered first name and convert it to lowercase"): Step 9: Retrieve the entered first name and convert it to lowercase

26-12-2024T18:59:34 - [MESSAGE][INFO] - Step 9: Retrieve the entered first name and convert it to lowercase

26-12-2024T18:59:34 - [TEST_STEP][PASSED] - firstname = getAttribute(findTestObject("Object Repository/Employee-Onboarding/Page_OrangeHRM/input_Employee Full Name_firstName"), "value").toLowerCase(): Attribute 'value' of object 'Object Repository/Employee-Onboarding/Page_OrangeHRM/input_Employee Full Name_firstName' is: 'Alexis'

26-12-2024T18:59:35 - [MESSAGE][PASSED] - Attribute 'value' of object 'Object Repository/Employee-Onboarding/Page_OrangeHRM/input_Employee Full Name_firstName' is: 'Alexis'

26-12-2024T18:59:35 - [TEST_STEP][PASSED] - comment("Step 10: Retrieve the entered last name and convert it to lowercase"): Step 10: Retrieve the entered last name and convert it to lowercase

26-12-2024T18:59:35 - [MESSAGE][INFO] - Step 10: Retrieve the entered last name and convert it to lowercase

26-12-2024T18:59:35 - [TEST_STEP][PASSED] - lastname = getAttribute(findTestObject("Object Repository/Employee-Onboarding/Page_OrangeHRM/input_Employee Full Name_lastName"), "value").toLowerCase(): Attribute 'value' of object 'Object Repository/Employee-Onboarding/Page_OrangeHRM/input_Employee Full Name_lastName' is: 'Collins'

26-12-2024T18:59:35 - [MESSAGE][PASSED] - Attribute 'value' of object 'Object Repository/Employee-Onboarding/Page_OrangeHRM/input_Employee Full Name_lastName' is: 'Collins'

26-12-2024T18:59:35 - [TEST_STEP][PASSED] - comment("Step 11: Concatenate the first and last names to generate a username"): Step 11: Concatenate the first and last names to generate a username

26-12-2024T18:59:35 - [MESSAGE][INFO] - Step 11: Concatenate the first and last names to generate a username

26-12-2024T18:59:35 - [TEST_STEP][PASSED] - username = firstname + "." + lastname: null

26-12-2024T18:59:35 - [TEST_STEP][PASSED] - comment("Step 12: Set the username field with the generated username"): Step 12: Set the username field with the generated username

26-12-2024T18:59:35 - [MESSAGE][INFO] - Step 12: Set the username field with the generated username

26-12-2024T18:59:35 - [TEST_STEP][PASSED] - setText(findTestObject("Object Repository/Employee-Onboarding/Page_OrangeHRM/input_Username_oxd-input oxd-input--focus"), username): Text 'alexis.collins' is set on object 'Object Repository/Employee-Onboarding/Page_OrangeHRM/input_Username_oxd-input oxd-input--focus'

26-12-2024T18:59:35 - [MESSAGE][PASSED] - Text 'alexis.collins' is set on object 'Object Repository/Employee-Onboarding/Page_OrangeHRM/input_Username_oxd-input oxd-input--focus'

26-12-2024T18:59:35 - [TEST_STEP][PASSED] - comment("Step 13: Enter an encrypted password into the password field"): Step 13: Enter an encrypted password into the password field

26-12-2024T18:59:35 - [MESSAGE][INFO] - Step 13: Enter an encrypted password into the password field

26-12-2024T18:59:35 - [TEST_STEP][PASSED] - setEncryptedText(findTestObject("Object Repository/Employee-Onboarding/Page_OrangeHRM/input_Password_oxd-input oxd-input--active"), EmployeePassword): Text ****** has been set on object 'Object Repository/Employee-Onboarding/Page_OrangeHRM/input_Password_oxd-input oxd-input--active'

26-12-2024T18:59:36 - [MESSAGE][PASSED] - Text ****** has been set on object 'Object Repository/Employee-Onboarding/Page_OrangeHRM/input_Password_oxd-input oxd-input--active'

26-12-2024T18:59:36 - [TEST_STEP][PASSED] - comment("Step 14: Enter an encrypted password into the confirm password field"): Step 14: Enter an encrypted password into the confirm password field

26-12-2024T18:59:36 - [MESSAGE][INFO] - Step 14: Enter an encrypted password into the confirm password field

26-12-2024T18:59:36 - [TEST_STEP][PASSED] - setEncryptedText(findTestObject("Object Repository/Employee-Onboarding/Page_OrangeHRM/input_Confirm Password_oxd-input oxd-input-_a3aecb"), EmployeePassword): Text ****** has been set on object 'Object Repository/Employee-Onboarding/Page_OrangeHRM/input_Confirm Password_oxd-input oxd-input-_a3aecb'

26-12-2024T18:59:36 - [MESSAGE][PASSED] - Text ****** has been set on object 'Object Repository/Employee-Onboarding/Page_OrangeHRM/input_Confirm Password_oxd-input oxd-input-_a3aecb'

26-12-2024T18:59:36 - [TEST_STEP][PASSED] - comment("Step 15: Click the "Save" button to finalize adding the new employee"): Step 15: Click the "Save" button to finalize adding the new employee

26-12-2024T18:59:36 - [MESSAGE][INFO] - Step 15: Click the "Save" button to finalize adding the new employee

26-12-2024T18:59:36 - [TEST_STEP][PASSED] - click(findTestObject("Object Repository/Employee-Onboarding/Page_OrangeHRM/button_Save")): Object: 'Object Repository/Employee-Onboarding/Page_OrangeHRM/button_Save' is clicked on

26-12-2024T18:59:36 - [MESSAGE][PASSED] - Object: 'Object Repository/Employee-Onboarding/Page_OrangeHRM/button_Save' is clicked on

26-12-2024T18:59:36 - [TEST_STEP][PASSED] - delay(2): Delayed 2 second(s)

26-12-2024T18:59:38 - [MESSAGE][PASSED] - Delayed 2 second(s)]]></system-out>
         <system-err><![CDATA[]]></system-err>
      </testcase>
      <testcase name="Test Cases/Employee_Onboarding/TC_Employee_Onboarding" time="11.376" classname="Test Cases/Employee_Onboarding/TC_Employee_Onboarding" status="PASSED">
         <system-out><![CDATA[26-12-2024T18:59:38 - [TEST_CASE][PASSED] - Test Cases/Employee_Onboarding/TC_Employee_Onboarding: Test Cases/Employee_Onboarding/TC_Employee_Onboarding

26-12-2024T18:59:38 - [TEST_STEP][PASSED] - comment("Step 1: Click on the PIM module link"): Step 1: Click on the PIM module link

26-12-2024T18:59:38 - [MESSAGE][INFO] - Step 1: Click on the PIM module link

26-12-2024T18:59:38 - [TEST_STEP][PASSED] - click(findTestObject("Object Repository/Employee-Onboarding/Page_OrangeHRM/a_PIM")): Object: 'Object Repository/Employee-Onboarding/Page_OrangeHRM/a_PIM' is clicked on

26-12-2024T18:59:40 - [MESSAGE][PASSED] - Object: 'Object Repository/Employee-Onboarding/Page_OrangeHRM/a_PIM' is clicked on

26-12-2024T18:59:40 - [TEST_STEP][PASSED] - comment("Step 2: Click the "Add" button to add a new employee"): Step 2: Click the "Add" button to add a new employee

26-12-2024T18:59:40 - [MESSAGE][INFO] - Step 2: Click the "Add" button to add a new employee

26-12-2024T18:59:40 - [TEST_STEP][PASSED] - click(findTestObject("Object Repository/Employee-Onboarding/Page_OrangeHRM/button_Add")): Object: 'Object Repository/Employee-Onboarding/Page_OrangeHRM/button_Add' is clicked on

26-12-2024T18:59:42 - [MESSAGE][PASSED] - Object: 'Object Repository/Employee-Onboarding/Page_OrangeHRM/button_Add' is clicked on

26-12-2024T18:59:42 - [TEST_STEP][PASSED] - comment("Step 3: Focus on the "First Name" input field"): Step 3: Focus on the "First Name" input field

26-12-2024T18:59:42 - [MESSAGE][INFO] - Step 3: Focus on the "First Name" input field

26-12-2024T18:59:42 - [TEST_STEP][PASSED] - click(findTestObject("Object Repository/Employee-Onboarding/Page_OrangeHRM/input_Employee Full Name_firstName")): Object: 'Object Repository/Employee-Onboarding/Page_OrangeHRM/input_Employee Full Name_firstName' is clicked on

26-12-2024T18:59:44 - [MESSAGE][PASSED] - Object: 'Object Repository/Employee-Onboarding/Page_OrangeHRM/input_Employee Full Name_firstName' is clicked on

26-12-2024T18:59:44 - [TEST_STEP][PASSED] - comment("Step 4: Enter the employee's first name"): Step 4: Enter the employee's first name

26-12-2024T18:59:44 - [MESSAGE][INFO] - Step 4: Enter the employee's first name

26-12-2024T18:59:44 - [TEST_STEP][PASSED] - setText(findTestObject("Object Repository/Employee-Onboarding/Page_OrangeHRM/input_Employee Full Name_firstName"), Firstname): Text 'Jessica' is set on object 'Object Repository/Employee-Onboarding/Page_OrangeHRM/input_Employee Full Name_firstName'

26-12-2024T18:59:44 - [MESSAGE][PASSED] - Text 'Jessica' is set on object 'Object Repository/Employee-Onboarding/Page_OrangeHRM/input_Employee Full Name_firstName'

26-12-2024T18:59:44 - [TEST_STEP][PASSED] - comment("Step 5: Enter the employee's last name"): Step 5: Enter the employee's last name

26-12-2024T18:59:44 - [MESSAGE][INFO] - Step 5: Enter the employee's last name

26-12-2024T18:59:44 - [TEST_STEP][PASSED] - setText(findTestObject("Object Repository/Employee-Onboarding/Page_OrangeHRM/input_Employee Full Name_lastName"), Lastname): Text 'Malone' is set on object 'Object Repository/Employee-Onboarding/Page_OrangeHRM/input_Employee Full Name_lastName'

26-12-2024T18:59:45 - [MESSAGE][PASSED] - Text 'Malone' is set on object 'Object Repository/Employee-Onboarding/Page_OrangeHRM/input_Employee Full Name_lastName'

26-12-2024T18:59:45 - [TEST_STEP][PASSED] - comment("Step 6: Clear the default value in the "Employee ID" field"): Step 6: Clear the default value in the "Employee ID" field

26-12-2024T18:59:45 - [MESSAGE][INFO] - Step 6: Clear the default value in the "Employee ID" field

26-12-2024T18:59:45 - [TEST_STEP][PASSED] - clearText(findTestObject("Object Repository/Employee-Onboarding/Page_OrangeHRM/input_Employee Id_oxd-input oxd-input--focus")): Text of object 'Object Repository/Employee-Onboarding/Page_OrangeHRM/input_Employee Id_oxd-input oxd-input--focus' is cleared

26-12-2024T18:59:45 - [MESSAGE][PASSED] - Text of object 'Object Repository/Employee-Onboarding/Page_OrangeHRM/input_Employee Id_oxd-input oxd-input--focus' is cleared

26-12-2024T18:59:45 - [TEST_STEP][PASSED] - comment("Step 7: Set the employee ID field with a new value"): Step 7: Set the employee ID field with a new value

26-12-2024T18:59:45 - [MESSAGE][INFO] - Step 7: Set the employee ID field with a new value

26-12-2024T18:59:45 - [TEST_STEP][PASSED] - setText(findTestObject("Object Repository/Employee-Onboarding/Page_OrangeHRM/input_Employee Id_oxd-input oxd-input--focus"), ""): Text '' is set on object 'Object Repository/Employee-Onboarding/Page_OrangeHRM/input_Employee Id_oxd-input oxd-input--focus'

26-12-2024T18:59:45 - [MESSAGE][PASSED] - Text '' is set on object 'Object Repository/Employee-Onboarding/Page_OrangeHRM/input_Employee Id_oxd-input oxd-input--focus'

26-12-2024T18:59:45 - [TEST_STEP][PASSED] - comment("Step 8: Toggle the switch related to the Employee ID"): Step 8: Toggle the switch related to the Employee ID

26-12-2024T18:59:45 - [MESSAGE][INFO] - Step 8: Toggle the switch related to the Employee ID

26-12-2024T18:59:45 - [TEST_STEP][PASSED] - click(findTestObject("Object Repository/Employee-Onboarding/Page_OrangeHRM/span_Employee Id_oxd-switch-input oxd-switc_efe210")): Object: 'Object Repository/Employee-Onboarding/Page_OrangeHRM/span_Employee Id_oxd-switch-input oxd-switc_efe210' is clicked on

26-12-2024T18:59:46 - [MESSAGE][PASSED] - Object: 'Object Repository/Employee-Onboarding/Page_OrangeHRM/span_Employee Id_oxd-switch-input oxd-switc_efe210' is clicked on

26-12-2024T18:59:46 - [TEST_STEP][PASSED] - comment("Step 9: Retrieve the entered first name and convert it to lowercase"): Step 9: Retrieve the entered first name and convert it to lowercase

26-12-2024T18:59:46 - [MESSAGE][INFO] - Step 9: Retrieve the entered first name and convert it to lowercase

26-12-2024T18:59:46 - [TEST_STEP][PASSED] - firstname = getAttribute(findTestObject("Object Repository/Employee-Onboarding/Page_OrangeHRM/input_Employee Full Name_firstName"), "value").toLowerCase(): Attribute 'value' of object 'Object Repository/Employee-Onboarding/Page_OrangeHRM/input_Employee Full Name_firstName' is: 'Jessica'

26-12-2024T18:59:46 - [MESSAGE][PASSED] - Attribute 'value' of object 'Object Repository/Employee-Onboarding/Page_OrangeHRM/input_Employee Full Name_firstName' is: 'Jessica'

26-12-2024T18:59:46 - [TEST_STEP][PASSED] - comment("Step 10: Retrieve the entered last name and convert it to lowercase"): Step 10: Retrieve the entered last name and convert it to lowercase

26-12-2024T18:59:46 - [MESSAGE][INFO] - Step 10: Retrieve the entered last name and convert it to lowercase

26-12-2024T18:59:46 - [TEST_STEP][PASSED] - lastname = getAttribute(findTestObject("Object Repository/Employee-Onboarding/Page_OrangeHRM/input_Employee Full Name_lastName"), "value").toLowerCase(): Attribute 'value' of object 'Object Repository/Employee-Onboarding/Page_OrangeHRM/input_Employee Full Name_lastName' is: 'Malone'

26-12-2024T18:59:46 - [MESSAGE][PASSED] - Attribute 'value' of object 'Object Repository/Employee-Onboarding/Page_OrangeHRM/input_Employee Full Name_lastName' is: 'Malone'

26-12-2024T18:59:46 - [TEST_STEP][PASSED] - comment("Step 11: Concatenate the first and last names to generate a username"): Step 11: Concatenate the first and last names to generate a username

26-12-2024T18:59:46 - [MESSAGE][INFO] - Step 11: Concatenate the first and last names to generate a username

26-12-2024T18:59:46 - [TEST_STEP][PASSED] - username = firstname + "." + lastname: null

26-12-2024T18:59:46 - [TEST_STEP][PASSED] - comment("Step 12: Set the username field with the generated username"): Step 12: Set the username field with the generated username

26-12-2024T18:59:46 - [MESSAGE][INFO] - Step 12: Set the username field with the generated username

26-12-2024T18:59:46 - [TEST_STEP][PASSED] - setText(findTestObject("Object Repository/Employee-Onboarding/Page_OrangeHRM/input_Username_oxd-input oxd-input--focus"), username): Text 'jessica.malone' is set on object 'Object Repository/Employee-Onboarding/Page_OrangeHRM/input_Username_oxd-input oxd-input--focus'

26-12-2024T18:59:47 - [MESSAGE][PASSED] - Text 'jessica.malone' is set on object 'Object Repository/Employee-Onboarding/Page_OrangeHRM/input_Username_oxd-input oxd-input--focus'

26-12-2024T18:59:47 - [TEST_STEP][PASSED] - comment("Step 13: Enter an encrypted password into the password field"): Step 13: Enter an encrypted password into the password field

26-12-2024T18:59:47 - [MESSAGE][INFO] - Step 13: Enter an encrypted password into the password field

26-12-2024T18:59:47 - [TEST_STEP][PASSED] - setEncryptedText(findTestObject("Object Repository/Employee-Onboarding/Page_OrangeHRM/input_Password_oxd-input oxd-input--active"), EmployeePassword): Text ****** has been set on object 'Object Repository/Employee-Onboarding/Page_OrangeHRM/input_Password_oxd-input oxd-input--active'

26-12-2024T18:59:47 - [MESSAGE][PASSED] - Text ****** has been set on object 'Object Repository/Employee-Onboarding/Page_OrangeHRM/input_Password_oxd-input oxd-input--active'

26-12-2024T18:59:47 - [TEST_STEP][PASSED] - comment("Step 14: Enter an encrypted password into the confirm password field"): Step 14: Enter an encrypted password into the confirm password field

26-12-2024T18:59:47 - [MESSAGE][INFO] - Step 14: Enter an encrypted password into the confirm password field

26-12-2024T18:59:47 - [TEST_STEP][PASSED] - setEncryptedText(findTestObject("Object Repository/Employee-Onboarding/Page_OrangeHRM/input_Confirm Password_oxd-input oxd-input-_a3aecb"), EmployeePassword): Text ****** has been set on object 'Object Repository/Employee-Onboarding/Page_OrangeHRM/input_Confirm Password_oxd-input oxd-input-_a3aecb'

26-12-2024T18:59:48 - [MESSAGE][PASSED] - Text ****** has been set on object 'Object Repository/Employee-Onboarding/Page_OrangeHRM/input_Confirm Password_oxd-input oxd-input-_a3aecb'

26-12-2024T18:59:48 - [TEST_STEP][PASSED] - comment("Step 15: Click the "Save" button to finalize adding the new employee"): Step 15: Click the "Save" button to finalize adding the new employee

26-12-2024T18:59:48 - [MESSAGE][INFO] - Step 15: Click the "Save" button to finalize adding the new employee

26-12-2024T18:59:48 - [TEST_STEP][PASSED] - click(findTestObject("Object Repository/Employee-Onboarding/Page_OrangeHRM/button_Save")): Object: 'Object Repository/Employee-Onboarding/Page_OrangeHRM/button_Save' is clicked on

26-12-2024T18:59:48 - [MESSAGE][PASSED] - Object: 'Object Repository/Employee-Onboarding/Page_OrangeHRM/button_Save' is clicked on

26-12-2024T18:59:48 - [TEST_STEP][PASSED] - delay(2): Delayed 2 second(s)

26-12-2024T18:59:50 - [MESSAGE][PASSED] - Delayed 2 second(s)]]></system-out>
         <system-err><![CDATA[]]></system-err>
      </testcase>
      <system-out><![CDATA[26-12-2024T18:40:30 - [TEST_SUITE][PASSED] - TS_Employee_Onboarding: Test Cases/Employee_Onboarding/TC_Employee_Onboarding]]></system-out>
      <system-err><![CDATA[]]></system-err>
   </testsuite>
</testsuites>
